[PRIMO - Primality Certificate]
Version=4.3.3 - LX64
WebSite=https://www.ellipsa.eu/
Format=4
ID=B4977037FE4BD
Created=Mar-28-2026 04:18:33 PM
TestCount=113
Status=Candidate certified prime

[Comments]
Put here any comment...

[Running Times (Wall-Clock)]
1stPhase=44.14s
2ndPhase=5.83s
Total=49.97s

[Running Times (Processes)]
1stPhase=287s
2ndPhase=48.17s
Total=335s

[Candidate]
File=/home/lappie/Primo_Batch_Farm/Titan_Group4_Prime1.in
Expression=(4797791281527982559536)^47-(4797791281527982559536-1)^47
N=$616BE0CA8C88109D7362B6BC3CCCCEF4D1942D3E8C1EFA8104E73EC382F2C32EAF5CFF269E517985C1C548975056351FBC97BACE053CFB36E5765EF940A1A332FB987044A45F2280750E97A58786F622B4CF8A8917AD49D10802C9C153A0A1E95E80A83CFCA88C0B5C9CA5CAD56E4CDEDE13A0F553DFACAE8C7D301205FB62775DFB98E7AE431EFC5FF315901D19D8D62C58FD23298C4AE04017F6BF89F14E88DE5FE62FCB20A7CE3C03C9887CFD5F7C4D3BEEF31F641E92854124C23AD8E6F27101B385D21D4748746180A1E3181F0E0589BE684FD0B1358DA5C4A2F0FD5E0AD91DBB821BDA43C945CD38C2E7F6093B0CA732764B12965A015C750B3D0ECA9CB20A6F2CF5D92976ADDC411888449152F0CE63DF938D82CFAF951721E9CD9D929AB205363D40548C2FD532FC437C0C7131BCAC7D26DDF529C9FBBEDEC27378B9D9DE889C74B7B1DA46E0BCBA87B8C508568F6319A00D6087DA3F1B8AE944136C15ECD4803E35595A0A59E707259003899DD91F077EEA34AD1A4C02C272394FFB426E534AF0D7CDD4F87DBDB3908F498914394314B0CC2E6D45060103DAE931
HexadecimalSize=830
DecimalSize=1000
BinarySize=3319

[1]
S=$A0C2C
W=-$12D8369744E986019D343E97C2608552E0528F14986B43ED90F1ECF4E739C15A385B3A2FB741FF549C5764309C0AF64970B193F1B2DC79838A9D5B4663F4561ECA26F635A7AD959049E8A3F6585CA622D51D990C420F8BBB144D7686177FE89B453D5F2C469A68BCDB135C1357DD15B592565B3662719160C4544440C12DC964C083A0F82CA4A622A7B5BFFD73E19294CD4862186D76438AD5D70A5C91068AAA623DB561CA2E4375497DA9F2C148BBD7C297B29C73FDEA2B4AE02A7BE6EBB075354DDAB588D5C4FFD1ED5C4AEC93D0F2
J=$45A3EE1F699BFA7AD4D591C25FEAE0B2E3156AD1721B6B10C2241E59BFF437E566081A70F0796F0EE2AE7A967D76E314F1D8194F61EF29D3652A0CB4AB388390E8D4D3C8106B3213D66EA71079DBA57223170747D40FE6EA817CE469CCA3C87A83C3211DA38F4A4C018DC9B94371B1A90E7D8F9427C2DB3ADA8E399CB76223E9F668F850927E01036DF6B63EF3305A86665EFADA0CEFBE7AEAE1B8BCE2ADD1CB3EADF5F7D4327BC6B1ED3EB88F0393E7F000FF3AD66364F602DCFD17FB3B2175798A6810C2076702B687D05F434D3D1C64F44F4E01481CB1144269C5E6D23359FC33343E1E329C9A9E2C935D8612D6B3634418711BFB7BCE93819C815D6B7D64F41BE3727C761492A3188F9AE15DFD72FEC7CCB1A381698C4AC86D907720944826A2C9ED05550283D6CC546C95C2982BE74B24B1BB42FA26EF652110EF2767ED25443A2964D7CC7A94D930A5E04A80BDE308F7C6C5F789A269C9486EB63A766433D83328A08E1432E5881A2119CFF12E641916547841297D07A3E5D74A0F33CF3DC5A3173E575D5F8C71540B0907CD5F0389F4D377266C3F859767EDF18C3
T=$3

[2]
S=$37D9CF0
W=-$52C35F846B6881C6349EB15863CA050D92EC8F3CAA4233A327F97260374E306D681A9A3F87AC77A4698E6DDD4B4998F4C987B24318A1EFDCD88D8CC60B3A7553D9BE6BAAAA9820F4A62DC83A46EF312E23EEA1CE340E9F3ED0847EE0E00F18D5E9BF4E6B65D6617CAAA2138E27ABF7CCAEB22E80336D95E1AA370AF53CD2AB5F8C985FC1F155DB7028C873C6683B0867EACC493E3A6C147ED5198B545195804F7AE9810C18C0D1618E9B88389854B4E64CD393F23E11A980F0413152BE3F3153978E62F6E1F0706EC297077A84314
J=-$43E62002BCFF2BFCBD8590D0D122F0671C98693A1C1B071D157C54D33DEF2E37E566BF5FAAE7089B5AEB667C3486E8B2373FF759CA75B7A2CBA6930A0D095F2B99CF0F8B2E88CE1621432270D79D6AAA37D2B7AEBF0021A80D1B1B083900954834FC644F0E5DB594BD2A2A296D7C846971C8EB076688E7930B68BF7430CEBF62097F6873B8EB98565FB4E7F5589F22FE51120D39CDDC1F2263411C2A606DD4D1ED5984C833875CE0796647172BA2822A3F903486EE20F2AA6CD030919C19A1C1D4EE1BF93FC7F6E7C4C4C186B3C5F8F4D1E377B0823D9F5B411F0E25159B0398A6FF4249E28E4E8A5D061859B18721A4BC42D5F03CF0A03610BA48660D74956D4B1F267BCB8D1B57FF00B0999CDCCCA4A388023F301E7278C1CBB1364E0A0CB45CECA1C092A583876CC3EE381C7DAEFE8147C515907F97F494C44BA14FED1E626114F39E57171C133DF94F28410511E676C041DB10C7F752FDF3C8C9B8564324EE75C85E093E4031B992003320871598B6E39D71146E27BE9459FCA60688A5CB4958397EFF6DBA1B258C8320E51C3FAF95248666911678D3664425E4
T=0

[3]
S=$2BEE2433C68CF
W=$174F8430D2815B69A2E0FCEFA2FACA722740C3658956F40B1B1B0C1960BE86263EA6A5F0EAE3D86C207A02CBD0D1E5E1F1DD0F4F20723E3DF0E7F67C9686D727F11DD6E7259CA59723EDC4E61B7C7E4BF0DF2BA566760A614DDDE234B229261A8E02E6A558C1760DCDED42F2A4DAC79A2FCD67911D52782678FD32315BE1E666A7D6A2A389A99DB79EE103412EC185D3EE2E3A85801ED144E23410C5978A4D9682D272F15D5974E88756A5DA1E884C96BFD4AAB3E956B76258B10BF2BA020F9E80508FF9AA6FE81C4EE4CC1B77
J=$6B63C42408679917E545A01C3E45A9059869310002BFE6DBBE9CFC68919BC3B9EAE96590DB4D223C7534122E4F495FBEAA3CC8CAE71D56127F9BC4808B818A7A1B8B2DACD32F32EE5CAF95ECD48255E6E060EFA3C967E5877591D041482BF17BD0A53FFA0A1965B4FDBE63FA3F1C2C6620148F0B5A96FFC023F643E785E1C1F0EBA646B231AB6E7CEA7410BCCB05059B19D5150CE680A49EBB1C87E74DE033795AD11AAFB7B1A3CCAFDA0AD29A8F083124DAEEB02CE5BF26AAB33A92F072ECE78AC0A7E2A7E2D61F7BF7B7DF57305172E4561170077C28A60B872570A67C3A5C3F16968A4B2C71B97054FBCDAA6B1A3DADD9FD21446151E23D3CBF791FF99B8AC736F0E574DEBEE31CEB47E6E5F76783500DE3AD095F02B2A8BF2C6481877ED01137F9F27F1CDF043ED38053061D6ED56207AF39C3BEF96D85CFB2B7F32912F08AD5D87BC1C094629B72B56CE82397C3D5BF6F385C8429FC2BBA3512B02716EE2DF6D09F5A45E0B2F12D318C9355217902929573EB0931A1DE290D615D555CB55C760BCF361C8D9DCD3D4BAD402DBF677919F81120F5F812D2
T=0

[4]
S=$59685B4D24
W=-$1EB4659F6078265CCC2475E36A01021DC6DD3F1AEBB7812E430D0C1829C9D7DE584388EE2230EFF5174DB12BF5C54DB784B8BC4DA0C204CA64041D6329092E7C3DFA8469D2C8490948D6DFDA65D6FA78C30E262307CE46BED19619AA68CB9350A6ECBAE3FF9D1454DC2051824B7AFA7635C4D10BCEBA9D424EE6864F3125A082BF2435C735419CBC5449F54C618AEC332802807FBAEB12BCA3B7F52D3F1F0F327336B29A9808ACCE095AD4DB1F0E69403FDD748661CCDDE35637F4B6FE387074D21822467AD11E3A4698
J=-$66B4CA98465054BCC9D11D1607849FADC9FA8E6D723554AF37B702873D31110833F0701AE52061562B58227AC657F819C50DE75B1BB651096B5195A3DCE8B87D9631995F5FCAAC517C47A31441BBC7923155B25FBE6B7A16F2FCE44D3D6F013B799A71DD8B7228DB771CD8DE2DA9925852798BDC30055D965DBD8C27360C145C6469AE28693CF5212DD4E77B7055AE19E5F54CE1A1A6CBD8289EDD1BC25851101D1D811B1D313CE8F4272E17E9C48CFD837BE82096E52315077E21D0DA4B5365BDA7D731AF824CC40F26955DBA7FA0F61268412C9C09311AF549F7C5183B76ABBAB5B4730184B8D16F6ADE73620D1226E61656D352FB120A762B326D18E889688D983B125008429F94823DC7F7745ED755EDDFC7526974AE39A1AE01E1521D6F4BBD389A4D8692751E8033BFC56714344A163D68CF2F01008CC56B52904A3663E03F8645AE735752CADB98A96BE513E4175354C6BD49B9C84C7D5090865CCC6000EE1D0F18B6E808AD61C8D98947105B1255256CBCAC5420BA12FDAF07CCDB877105597363D369D3B5888E3125633FC0EB8C77
T=0

[5]
S=$49277B4631
W=$36069D66EB7EF47F4BAF3C015689526B9CCAE876E4AC09F21A029A09E1810D9E0EF49DD70B49B9EB978B90C591FAAB4E84C2D577B83528E98CEFCC6A7DDD52BF57765876B2BBA5BB76A2E6153D61179BD3EF524C19BB28838A8E72D6B6F97F0F3F61563907CDF2D5400E83A2B50128B9417BE9071F5373B918E16078A54767F3A9A234158F04E4D304CF13B9FDB8C9B0B39006DA8883AB07553396933D93D83F4F1FC86FC7A38FAC31B6DEB66154BD52145857BD62074188FD9421F3DDB20AA6798C0DD0E28068F
J=$200E55AEC34CC5AA436A0C6EFBEEF4674938232F5A90B5DADAF302060C33817BD9600C352D6F0B5672768A3CD075E53F36F06043361E8C9F22EBD8C11371768F0BE8FAB953C6836514DBC9561AD0AF67DC55EFABD60F7C46686A3F4672C1A89809F7DD41E025EB71A6EEE625162F8D202ABAC895DFE238DB91557820317E90F97B7F25CAE8770252A8EBEAD7AA1F17B0A7AA20DB1A785410ED5AD55E3E3FC8933089EB1C4D32DA53A45FC64007715F067262B586C0976E71544883C934967A6830E1C8DA17714C44F6005A69A9CA335E2B4AA0D40C7426145E06808E3328E569BC3CC9EB39D29AA28864213BB291A3C9F30BEB82FEBFCF0FC1F5E6D0468B9F45A481A619E10013232AFCA23206D31D30A204B19F57747B04DE9EC23AF155E3B079461DDD5320F49AB8306D2F61B57ACAB0ADD0E3A6D732526659ABE8DDD3F917F61EB233A09ADA1EE39FCD4B42E9BE546C427C074405218770DA0AA76FABB2564254AE47AB725BFF2DA00F7F04510AD7F12D9F41F1F28C135FB55E8A18D61EC6A26349C4D8403623D41F40473705
T=0

[6]
S=$89
W=-$5F019AF3CD1680445BEC6C3DF99266A921700B04651BFEC6A2F6A68B86EF3E537F0E42F488F70F7963ED32FC06499E0DFD030F0CC1A3252DD34EBC653CF96BE0D74F1B029AA4CAFB0F7309B50F678C452C1EF6E193A970CB19397474DCCD6872C9932AEE9C2D28CC25D0A6995C3E452837463344848BE3C28ECD94E00551D046D2E79A86C7576283F576D315C0B9CACC1A68CE09A9BB38A84F17E4789555FC0BC7DE2ECFF2CFFD3D87C8DA91EEB0D108371DB139A4E85F41172CACA86D58ABEDB28BECFAC7
J=$50EFC825434EB17B6A16CC0346F15E97DADD9B2D8CC8B6001A078A3B4B3D18DB7005491BE89355925EDCF59AF6811357CD56A8EC6F742CF9A0D8917D57BA784BE16E7E39ED7BF3CAA6CFD9FE6ADEACE10F6F2331E0A308171EBE3DA745ACB9F86175D4EFA227CDDED7CE94863F65021793037CCBE7778A6E8ACBF3FEE34C02A79E46255B044E358452A074D25554B59B4BE663A4291602CF33E49D72E1BABDB035D941A96CFEACC9AC811B0B493ACC3F8330EFDE5A7DFF1A56452C4AF420F200FB43542478B91A75FFC092795212C8B5D5EE2B12D2CDB701C0BD597410F9568B67C9685F9533C6BEE19B9CA07CF341018BCFFF91815BAC103F88B24499F956B5B7B08BA792FACC465D0A1E90C69C02B79DCF02CDD536AD4FA777208F456BA5090B2507CD14C55A1FF55B62837C5B07385E383231A3D0586341DC3F72DEDCD00FF85F6E48E4E71D2B65D02A0B66CFEEBC76A4D6C5A65763AE058DD81F4F6B613D2643FC517EF3ED48AB5964CBF037D8B431EE61DC629DB0B64627AFBB7AD9AF57808CD6EEE6A722FBA31
T=0

[7]
S=$15A0FC7
W=$5FEB4CA541B96152A6503B99ED950E08BAD6A7F08A92C8620709ADA83E89CFBED07DB90AA28B710F1CBE5BA34CDA9122DA0676E5BD30FCBB9470A0C73F1E6C3A2857EAD096883FB05B68D9C59009A76C2D9037DA930007EC36DA2F043DA9AA917D79590034F05238963FF6DAC1D685D2E8679D2B8EF8CA4DA92CC8ECF3E22240C0A1B6555A0DBB07A67C79EBD050D7F58F5029B568E90698573394E3EFBD9BC97A0452BC34364018314AD9FB8D3094A8E62B7E2D0289913E3A92A0AD3C459BCE3DD04817B
J=$87CA8D7844935FEF0F86B65E85B957DA5A68906C288998A8EFFF98737B7775AF84DC1307F44A9BC16D2C1AF97BAA5CB8B9024020B448D9CF30A4455ED9DBFC5866D42AC56835F54E778DBCE88F5BC7E92BC9630342A3DD5A38DD7DF49DD2D89D06E5A564A607FF70697C85F22CD849BEBD785385E586A8BCDD268F3F78CA5A1C777CD8E6CF1E7B1D8C5E41C916D8E8EF57A72B23C869B53764CB632EA9A00B3A65F34289B5A9CC3F020F8244032C72653E67BC53A85C1BB66675FD0C394F722345FE91DEF591C1D3AE0F0592A4884F16064A7FFDBDFED2ABA5B6E4BF80A58DB293B64D03C5459DB9334165DD9149061ECED009388F67EB674CF282683AEF57866E2996FE10CB2C5E0C6E12B61C3A1DFA2C61DE27B72830DC4EE36D1C1991CB50E6B90023EF913FCBB4ECE838F69D7DD0F7F0A519F9A81A9EF0BAF35F2846C7C1D15977D09ED81E29E95F90C5A01241EC0A22BEE512A206025E3CF4845AE8EDE50E3638E8698833C591E6043D609E3139A5A14F1E7D04D7438568364AA5D662B2D668BEE36B5DEA922
T=0

[8]
S=$13195AC1DC
W=$767901CED7FED4EFC6E00128E531DF64E932AB911CF8D2E6465F87F0358C569AFF6236150AD9EC92772BE788AC27BCE8B57B1F133B9139BF3D32ACDF00DFF3EFED469D92E03895DA5CA5BA44AD3B19B95C853FFDCF8A343F627D030ECB8C3B37073623AC6F0E9FFC8FCD38A3D5C21394B073977AF7DA9EEEF98ABAB957635BAED260DE6822F80FB02B132703338EDD222D5A4A113EAE4CA7312AD09E14BA32B77A71A48DA77B4162CA43ADF0E4F265531A4A725B1253F05B3CCE0148F6B431B1DABD18
J=$1BEDFCA645BA3691C77A0159E4768F02820393E12C94EF9CE2842C3328DABE3DE5BB0883A4E960FC2B51DA39F9E6E1BDFFF3DEB787067CDD6BDBF265990E40F0DCC76B08FBF87A06A16068E2DA2F6A02A989DDE9F49F4DB7BCAA055920519E232715B0669A6E88E1F6D86387981D98EB4BE9167B374DD110AC057E71911EB45B8A9A409F65ED00C7B61425C1BDF9FC7F3E940C7F8EC4364520ED7DFE17F0FE52288838D25BB42A1EED78937C7A46B8C5F3BDFE420CF2F706440B616EEF13110C4CA0E56740CD5CB0CA137563E8F98FDE53A332FC1E7CD4CDE8F72F790769BCF39B06A1247FA922E2A5E3216C319BAD08EA47C6F6BA2392FC297411B1F439E28CD923F01D771EA1063BB7D12DEED16B34E41B4FF5C74963CE31AA7A417F8990987433EA3AF194FD996E285C21AFFAE43343371A1B5A1798DF6D1978961516B2EC98FA3752FE273BDCD15B3A90132F4CEC231345993FF9AB6340701AB450BFB504BB397A6FE674A0988A8E68A9265CB16F7739BABC84D626DC8D9B36165BDAADE96A23702DCC3
T=0

[9]
S=$1240AA80F0
W=$1B15CA98389D2EA71839AF3F46F8C7AFEC514A6FC573C9D83A913A6EFB8ADFBE2A34FC566AB7A842E3AE57BB11CDCDE71E80FAE3E7890D139C50952C9FF8269AA0F6BAAD152ED906037CFA8D321DE20EF1060E69A0DE8C190076537B87B95119BA33CA99B7D0C9413488623AB62433C0B8DA11562B10793A3EE414518A5060152A0D5791DE16C6C5EC0779B73D310241DD278D83AF9E058E4BC4F6A57427E29B0C1A8DDB3B5A65BB06F95657BB80167E6F9B5E457B0DB72C39AE7DAED7D8B991E2
J=-$2617B394CF76C62DA27B1DA5F77933E329B0A24391DFC81E93DF7EA734B8DDD76CE63A39FD91E7276F1FBEAC6C988092CE1B55E162F21BC8AEC451435CF858728501FBEA404F0451D74791DE65F4F7EE3ED0D46C5FAEDAFC2EC25FD314BDDA6770DF163BA91F9F45FDCE5252BDD663A2C8CFA22FD2BBA74B8997F54A31720111BA761D48882E72EAE114A0C0D6F7D24624B1B7E61BC2F1F619754DC692C195A6CDCC886B46A0709CFABD0FFC682EFF60D6FC7388C8222D450A192F1AFAFD875C2E9DCDEC3905FF3309673C2F261F1DDA66F95D0173E1AC3C204A6C9A5354392C7901CC18E3C61BBD6F3BFAB643D832B91F302B334550964ED0DC636EDFEF54D0D313227C6CE69CACE5F2D3523F08A7EDAB7140AF405276D761510DB9174643540A7FAF9A93D63594366FDCC9C37DEC53297F1837329F2C131506B841B9EE06577B79231DD45C688800CB83E0D86D12566DD19CC634D884F55B5E4FF2C7A529A20BBC3E46C62E6DE6D9A6751B0301C3CCFB48BE532A1E7A9040B535CACEA25E4B12
T=$2

[10]
S=$AC3BB4840
W=-$54376105072824D518DC7F5D4667953A13E7E7CB2FD7C7B37C71B65DC86F2CA2B72EF95CD193A2EAC35A3FB6964B0EFB4F43B1D8EAD65598E4D0E194E27FA5AF3DD943DB15FEF33E86F14CF8C3986787C4B622D04F02E638AF920B5CCB72E3CD643F1E94FF86CA81E8E12965337774118AF0030D2D5C38DC9B7C8A8F86D9EDB7C7385EC52241AABE88772E404DA78F1E0BD58196C64CDB50C589B157774CFB4D9C7BA5367D545E96CDCADEE3F1C5411031CA50FAC2EFD29F9FAE6E3EEC8C6
J=$312FFCE7B824646F02AE955CF6E2A1BB7DD723D2A70D9EFF2AFED4CDA5C037D992ED09370C74E6D1B3A03F9566292211EF9AD66641E081E14225652C6F61376E33A7B8ABEA3CB3CD8CA7592E9FF4347ACF20370C9574296B0DD71DA52C1B6947E12D077C8B58DE25F1A5E41AE4BDD79F16787624FE8EEBB7C3AA24A6F083A16E5EA2C58C8179A9B9E6A99865F72E490FDD568A91BFC015F864A44DBC771017CDA7B5E1688682899B538CD252B85EC0DC85BA2CF98D73FBC8499F620D2EC8A26766C1DE0D96C60BF11EBAC738C253905052982AECD7CB3A97B867F8EBF94B270814297F088AA9581AA5B0DB89BC2F4799F45E93E728F41410331FC931BDDAF4AC04886FE4559599DE29A3626F1885066BCB7DACB6AA3E52622868042F609E687193C76621F0CB94A2C2A220D1931CAE8C9B34079666B4ED0644DE38A0153E0129F359AE45C359DEF07289A2118C0C93AC93355F9A51503CEAC28EF307A892308B581E278A434CDADD90BEF01BDC53EBE10B83BFCB3E37F9B34C8331A83
T=$7

[11]
S=$266E39A97FBF35
W=$1EC8EAF4AA2D7F82FC609EEE15358E49FBA16E819F7F065C91E28B1895E3224421FDDE63F8D4F237AE51D33E1377766CC3F16908AC33B0D6971AADDAFF940E9B7A843C1DAC8C38EF76E828C8117543040FF354972ECF3B3B5F02169239E8A21B55EBEC43F11B376FC8009A2856A7B2077C330C8EC4694434857189A088CD880CEBCD308D0F9F30D0648C3C3C54AE89A152763BB0AED56B6C5D19223D42F303A4CE47068EF0A0ADAB29B47599475D604559A3E3BD8B5A495CBB4D6117F
J=-$3A8AA713ED57CA40AA751EBAFDD2AA6D20D4F7ECCCAB06A0F37B12F94CC8726600536556FBDA91AB09AAB4D7301905845214679379B6956F657EB1D0F9453B113AA29FAE41CD2E45B53B7A99FB2EEF66ADEB273D88DA3334CC246B8853CE6C0E0AC9FF3959B3BF57F88F366B1F386BF44DF0765977F9DDA8930842039F31382E2C742FBC7B0F970F4BC6E8BF844A6E4874325A5E2213023018329A4E5B0C746E859D953D51543F5E9B19CEA5B03D2334B80023AAF1F8DD5F323047F1BF86DC6493D51E1BB6064BE1535576C0BD08ADFDB35DFC0D1E0074E9D2370A44E522D43829496B27B19E1D3A847BB0A48DF34959520808AA7229F25FF2A3FF09B24A301401875C7D6F07A924EF0039C28580239BF18258DB62368F517231CC5BFDB21EE0342160933218C5E647EF5194DCE1C6A17EB9302C95A3329BEF7A82D338C67D3F4BD737A0A648300A82F0A7DB5177533563C76607261A45F20C34224F52356EB4A8F08E6F886D412CCCD00C379684BCFA13D8D6C3B12BC57A
T=0

[12]
S=$7F
W=$363A12FD4CBDAE3FB191E9B79CF944730BCF7C9ED0BF307D8B6B96CA8A410191446E6E8DCFA0AA6856F4695B9C73F6F41DBBEB66A893568AD2667C5CB9E48EEDAA7E459D3B3A4941D1146B568D6F95A24E94FDC265ED0B6762A0287A630F38FAC787FB4630E7E83C98595CF5741A55860748CC822A1A6234EB48F06E383E373EBF71DB1C21EE121A2502C3CC053313051783E797A587CF1EFDA9D853605B17B622B4F990A174FC62BB4078618D945B127B86914A2905A84855
J=$24F9455D1FED63D102C7F2BF80CA0AACE4663816FF3152919CF9BD3C38786E21341FB9B24378865B5F2701FBB862BEF37BD7F6DBD42CC854B371AE9D99BD74F5AC82E66EF2B73299CF0AA7DAE115C4945A7CA66B0C80FB2F2536EF77FE57F24D5A7D47BE7F16B3B868710D834B5F7672ABE08A9E68F3AF15F0876365B091C5FE356C01D05989E92563BA155C142340664A4E6959721D80BC60A8E461C8A2F254837EAFC3B7F2FD5447ECB4785E6E9F3BF7C7587BDB42AB5AA2BD2B4C5A36BEAE50337E1CBD58D0E2EFF84B5BDA0F9E61DB713EB2ECEEE736C61785E5BC149C502CE2E4C9F9235B9F5FFA847EA23C186F375E52A8BAFF8D9015DAD6D7DCDBA2922411E1EA6CC25164225C1F0AEADD334DB658E1D18224767382076535B0912170545B34F2C8DAABDA82AF8802C36E9529A839134E0BDC3704E82ADD1559FEEF27C2B238584001EC0149C354A69B6F3EFEE9DF710515BB0F7B6AD08F86E8EF2BC8DA0C6F8A91BE47BC4508284FE661D47EE23
T=0

[13]
S=$2CA8EA1A
W=$1482298390F42D61F5C4AB8F786F04C437EB36F08CC1FE00A3281B5A432647958239BEA5819AA5BE7D42241A6A2785C114C86DFBF3C4CD20CCFD7E8A08C942DE76026104F41A9C48913134D8CB94FAC273C4E95533466BBABE887AE775EB70EEAA77F333B4977C4C86E378FF2F3F2372BE11B427B8D6C0689DD289B2958D826B9F21B4075A5A44401F5C1FCB495F522F41FF19891BC3EEE4AD1819D106733CB8E290AB82293CB3B8807FAA87206EDE7F48187D33727B0F8F2
J=-$15D17B12FBBF67FD7979E3CEDEFBDC41AA735F92A62DCBD775C2603DBE7909469CCEB991D50588C05D90AF3C8DA4C09EA96DD620A268F309A3342AF7E0CBDD2ED02F265C154438AAAC47E1288E43697A43917724DDEB8508B073CD589C3A745AC4819E8B6A771AE2506BD400E2B786EA90C8AC54A96A40ED087E52A5CC3527432F1B28D031201E022812450AB0939444FAC84F2DFBE68582CCA0D0CA4B877F562877C684BEE552D12268E91F2E0320B1CB6EFEB4CC009F9F78C267EC2EB426A348308141EFBAB9A1F9096378C1D0C4D6CFE16CDCD07B29D1140A6C5F4CAE1A207DF04E1DCE226935A146B26993EB8877134D4A8AB951011D44089E9D4C658A35B12CA32961464868499903A0F8313D448ED306C04E1604CA6181920C74EE4C0EF50B55CA57E23440CA7F07890C1245ABF6A029D4AA3156A2AB3CE49BB8CEE6726AB4C6307CC45A7A611C3535E91C44FB2807C8B56A1D0D66DBB6142E7E361F21986A32909297556626B9363B0E1AA9C49
T=0

[14]
S=$CADA9E
W=-$FB0B4FC47815355134DA4C1D7298D3F60DD0BBBDBBF444F0CFB56C8E5339160EBC6746E81A0D79822F4BF09C97341418FC98BFB697D338002FD2BDEF513A0B91B06D3A293F395A0696326CE8C171186960C0A5BF6A37C4F45F8C9916D686BC85DFBB087CDB3E6E3F294723EC62C9CAE22EAF66C5BF6A3B947AA2B9A872E2F1F0BA47B5A2E06F5CB2EDFA6F5CD970B8EDF9EE41B7C009A5D91A6249B8FFDF5EE045AEB26FA9ABACA9CF13A12238D55E364893AD080A982
J=-$8E22E77BCE1EA4819D15D588B0FC06A39D55057910CA2B766309B24F6723E03F1B65CC7E8EA39AAE19CE8F7D6FAE76451B72827776C02974445AFBAA490DE346F4E88B12E17E9EBA57EC25EE6DBF91F5BE28FE85BE9E54FBDB42D596AA6F6B80254D1FF900F687E13641B7B2C6A3AC4F4929227B90F662516DDAEF66C607772E926B951DCB7752E59D392645C42F6C673A6736C96A5BD0742D8159A19E69764BE80ECFC2D36BF6A709D9496CFCFE6D130AEF244953BCAF30369DB4AC7A1D9451CE1A30534F9E5B7AEBBAC6F25F09E37743B117201B77B753122A23573492304344E7524B84530C3F23ED971FBFDE5B0EB31E0680C1CAE87C0C4E0DEB5302029258BFA028BA0F9122B1575B7302629BDE0F50B1BCB821242E22935239EEE61FDBCDDAFFFE7922ACC804FD2A363BD11F8B7B19CDB780B7A3A038E8C2C2E71D4D5FD741EFEFD3935A47A990CEF076FC1CFEB09FB8A801D887F7AEAF97CFC13D75DCE9DC18D69AD9B6223EF449759
T=0

[15]
S=$34C0C5
W=$13113CA097444F0C0BFDEB8F3B7D01C9E19518F2F011E27D42C2CAB9C2B0425CF58AE2A0479DA2FC23C42740781C193E9A6292CE8EB9245D3B38261CA7A91DDB746635DE6696A7BAC91D2842231968D4BE32E93FBEDA2EB39716D0FDFDDD50780944FC37920E38F426E29153E1B67E01AF91D3F13DB4A9F9A03BF7F44BCB51365F0262073FEBB7CABDFE95412EB99DE5BFB41B3A4C96045C683871F05945D9FAF2141E53868D7E24B49AA3D6C7D44E03D0DDDBADA33
J=-$26AC0FC7AD709F6C38A85F8AF56966A4B5253C50E4AB1C74531F62F4247B60FD3406B0D5012C9CB7E780D03DA1E6D157B1EB799862F91B8512D3CACCC26D8ACEDE59597A8AB475D70CED299A423DA714CC14B2D870763A259D66B353115787478E0A354D8D03B7DBAC6BE689E721B5757C357618DE626200F66BB64E853CB2E667CED8050ABA42229547B24CB8EF36A8549AE7D6B040B46A2C516C97963B2C2C655A92993E734C6A94C81B51305BC7E244DF174C1558710717848CF2F7E08B82E934019159F5A64A353E2CD9F1CFBC8B77BA9BB04FCDA03D75F144755BC6CD997785C8F944605268AC0508B3CF9A8875250C07B427FD95DC98192DB8073265A1DACF15C427442ACBA1AE245B4240EF47879B4852466211C5F53F3E92D0E65DB3629B397D9DB49BC10AA617E585B4DAC9682D7D4464DEBBE8F6A54BB166721539656E70BC45111F6DA0E7DCFA7490FA86AD8D145112CFA77DBAB142EC0EC321296F6E9EAE780C40E52D2E
T=$1

[16]
S=$AB1818
W=$1F6921528E60BF767D400EE1201403EB9F6B7D74E6DAE4F7593EF02A9065EC145139A7DED98AB022727E621C96F8A4CA38195D8E33E8B568BA744A038EE80B9F08D00E4F9869BD36056EA5F3D1E844ED805EF498193A7E964BFBBDB8E995A27FFB42841E7C198ED2FC9A9FBC9BE39134A8306DE074B5B80E51B0F45AD93B25C41DA7112B150EA1D97124207D82A8BBD6B04C08BB0B2B5A618795271B48E9EA6EA10BFC435B48EC55AC9059BAF7DD9F44586493FE
J=-$543A6440443EE4BAD5321FF9537A94C3152052AA9ECCC5BCB05A7A971AA264629EC9F86BF79AFB9F8EEE7D2C6E8F6A9745E50663CEB433AFF2833FA6C5E1035AA791BAF175F988A348995F226BBBC879635A93123AAA9A09E6838D09EB47D1669F79326BBAEF3A178FB81235EB4B85F8D97BD81A814AF600530C7E027A867331CABE3499693973F7F0F9065EEA8655EC87E7A44769EA665495E300C3EC0A5762CC1F5B091B224975723F7A2C3403B411FA6A849268B293EBF333E8F51C1B818C19D6FE7B66888655C47EE3EF1DB00CED72C81314D949F4DF4676C0C05368722215A7D5B16845075230EE69B30E53CABA2434FB4DA0AAAAAD4139B763152DFEFDBD5D7DCD1161E65E5ACBE64C4899CC1599B890DF747286D9AEF1529D538FF1CC136DAF46DB014C8CEF4C45752E7D5A915992C5858670463297B3F2B3A24393C548F0E57DE329A2B25548000E64E172E03CA9EBCF3A5F774A55FE65C3226C226611AE90502E58B7
T=$A

[17]
S=$4DD1674B8D
W=$308FD8EA3EC918A6A8AD22E7B0968D90C67195A1EFF83D4517EED00D61CDD1C586BA0E0CF319B34D7766ED3C3A97E052B33D0BFDCEB2A08F040B197EB4125426B8EE61C5C9F48C5BE283B8EBFFF58E48AFBE078E88803DCEBD82FC1980ACF856DE6300B03EDF0C8A9E7ED159E1BF11DF2E39EEE4D08B0CB1FDD22A468748705FF70E3789BE87950EE1BDB691E73568CFB2FE12AF71F446FE37F7956F379BB6CB154F3AB58D477D338F10A73C489B9B08E09DD
J=$5FD2A5BD56064290F610E5F9B2D9EE2259226F9E61E8293EAA6FAFC6F88DDB02A58AD76128921543EE9CCEB8A66AB6C7B843A68431D87DBC23F54A8F032B93B9D45AE6927629101160E7660FCE9E20C2FFF2B731829C69118B5F4D0AE5C2C953AE7DD7E3EC92547E40F4A988405150318D94CB76475CE5DE4460A6F8B94E594A08C89ACAA048121357CC241233D85808CB4F3B44CAD4B6E224C7D309C6AFFFF61343B5C392D49C89CDEA3CD516497248C4D0CBAF199A3108462A8517D570C17F49497C2B6897EACFCE200EB6734E76EE16F0FC832D20385FB5E422EAA06ED55D6C16280703D12C73F898E7026DAC779CE18A87AF9460473576B41C4BF78CD224251DFF892F423513C9A016CBAD9EB68806C6BBDC12BB19B488DBAD285EB28EC826EFF99D338E61CC63BC0937E6ED09B7DD6D7D7B866FA9D150298E31C101B12ECB42DBE76A02520937D0D1638FFFDBCED4D2D177B4FB336F3B08F570D40FC46EC460B0ED
T=$4

[18]
S=$6
Q=$3

[19]
S=$54593EBD256
W=-$ED16738D94030399877F1F89942CD7B07B2C94BC295763E1323CD9EEB57738C833E3B9448D1E12C79E4D027F9780DD366578AC2ACA3ACC166C9403A032236E2885292F4632FA8E33C2941878874E907CE07D0AC7DCBF43CC70EFDCEC49F0F332F2ECCDEFD9CFF7DF5CB06E0D2870602DE8CA1F80537806901C3907A1C89F4695C6CAA6283B257E57D91B0035EFC4FF572EB7D81F105C42B433C948A070B9D2BEA388664BDE1FAFE3D9A87F2083A4198
J=$A255936BC5CF1CAB570A07A0F6D31185751A1A09CAF1798E8AD6E68B93C8557A5C3FE3990A6D61A41FAAFF03FF294D25C9767F811C447C705333510F8F44427DAB37BD90E0A14234BFBAD35A39D0B021BFA5FEF822DA90CFB1FF541ED82D6A6567E07ABCD40F00A43887E1A8404D583DFE0EE7723F50479A16A2777399B47F8D6793A53CC4E140D55E7B20B9BBAADA163B7B3D7F23654A3E126282053611B98F240E84D2A24F02F75AC7081AFBC149F43CBAC5515009405A02557931822EE5393331755A7F0097753BA3DB007032F5C11528D031B9ABB4F9188B222A03DB8F53B893D133C54E5BA33B386B32462A221A67B387B40C78EE85C8186D0C84A9EC4344DC90C5290F1427605EE37EE5CEFA691975D092AE40ECD94581A13F1D28BA97B1A76059CC5E61925CD6DB0DE992F76EBEBA4FC3F300B1DDBA6205F162CDD1736C6A0D7A0381F0CC8E1922DA3B58C69CEC2236776C5F08FC4E200FA3594E3
T=$1

[20]
S=$5D6
W=-$A80F93DD92600C895D8706C6D2748E200D02AAA34CEC25B26AE60C32679E3054CB3DE7552A260490FD0DE917C44C75E584BD82A3CB8CB6DABB022E35A610D880E9B831D36D57A8BB48054B71F5C12132FB07A20D6D05FAEE740A576C9397FAA582D6571BF81491C253224EDEC929A118E885464A474B9B871A5439894C26163EBB2D0D35D4D48F977CE6C2E71E9691A48F7F9AD293911B7E918CC80C4173062CBDBBDF499703634F57ED7A4F70
J=-$C16431B94AF8AF145A11D2AA1E17C38B856C8AC1CBDEF960CC64330A6C296557C817BE0EB5A2BCE065C756266DD7EAEDADDD3D9654C84C80874D5FB98435994ECD46BDF37C3E12DCAC5E30F6F3D520B99A83A3A055B573BD6C92163A354D61F6A78213632575CCCFAB3D257FC8029FF4A55D7292395A96839BA01953AB9D5EC828CDFCD16AD749E975EF1DC92B2F51653FB2018DC366C379520E8708160E6ACB768ED5A65F9A66AB7E00D25DE8F676C53182723690641738BE070B02B10EF17434811D75784D25509B79A1C35EF3B34CFA64D32A84F51CDB5C51C0007BEEE75C9E48ED42DE67BCD4E3CB3FC79237A19E627A429E325A4BAAD16707D2E1978D93520CDF4BD62DEEBD4068889C0B0D2AA441F720512DF3F33D71B502E7D8EA70000FB51F6BF4D71CF601C39D73FDD935B7AB21DD917BC6DA00B861E512112EAE646F0FAF9CC6DD8F7D49E980D58B3436BC40449640707879D231B
T=0

[21]
S=$28EB4F524
W=$33ACB627FCD55930FBB9D843F74BBB6D730135769364A85EA1524E2FCDEABD6923FBE230812B6B32C6C69FAF4D75D832B599F1478A4DAF21505B0EE47B3066B0C98F693DEDBD26BB6E81975BCA46701EAA9F29AB21A8448F0096BC45F6DD29C83F34E6ACFB8441176655C6C9E92B61A699D2501CA761FA5724BE541A904CC3F00ABF17BCC5B10A52B6AE52F17CE1BE347F83D22AADE0A84C090B77314DFA1DC6A1163FD93BB01A575D223CFE0
J=-$158733E7D929E68DAD6D2A2E671B4342F32B513EA231C0B4DEE652434ECF1C589FEE6AF58F845AB172CD4A8A1AC620208053C6A1D7B69B9A5A4999C142F80B9708EEE8C79FF7B179EE36CD40A48A7D46AEF3CD36555A07956C93E1631567AFA27E03D703F268849EBF99B83F99E15D6F14CE7819942CDBF5D352C4807E3C751E80D90B131B0F8C4E6AD721CDFDD421BB02C713D9FDDE05F3BD35F6F352110DA1D3B327B754178E09EC8F1A9F929EF57F8CF598D542A19A1841F07C0B249EFC7DD8E28A4AD7BF29E957A36F7C741FE21504E8C5A34E0DC56EB0AF7C2A48070B40D0CDB32963C675531B51326D61769E1DBA419D0A95397A909A3A00D86B17C3879E8E5B120DF229B99539E8F20342577D706E20ADE8CF528484CE5D305E05ED3941DC3A56B0EB86256065ED7223DF3F00833B94727D9ED029F0DDD27E5581E3AC41A75DFF2CC71D4D1D38EEBAC9DDEB717F99769778E3ED371
T=0

[22]
S=$251D90
W=-$252C9D711490FE57A243609F407F1A76477C065CC55B3ADBBE5BC4282BF622ADDF0EC1541E1584BAF778993F9197522CCFA710B0AEDFC09908ED755D66C0DA24FDC87A399696867BB6E6CE3A078E94866C014B112804F280178746A5181BEA5FA6E6F51E4A691301FE071F2E9E5DFDA26DAF0F651E0B3E5FED95CB6C13A1B304C5AC80138826FF0FFFBCEE749E9C64D6AB5D35AF4E2AB63A56BC66722E6FC5594D30A1AA0F825AF3741F6
J=-$4A95E5949266914FB081C8EA07A71BBCFFBD68F8259D7FE88FB9FDB105CD9D522B7597240337724E6DD67FD940732C99A06E041FCFD7C64A00C2A9FA3F0FAA973FD9BC18A4A80FB7B44B63DD21903E2370A2BDD8599E134ED240B8B02DF64190ADD466E46A0BF239BD5FA4696DF3A48E372A45AE387469A47D0127C20FF5EDDF5571F1D78D244B6898FA6AC8C446AF55603376B64348811D8F544DF08C4832EB0B31506E3224ACB8640922F90AA96B1691033DAF34C3114F642521843023EB605BAE5A791D17AC1580E3B6E25B5D342460F71685D2D541D8D1345F46D67770942E5A819B815E8E0E5F4514D753151C6C4A8F22FA6B8D9F022F2DECAF2EF1B5131C6593A8363E995475ED698DCAA0384C5995589B1A987E8CCC5E1B9410666AC0CF034CF9EBC833916BAE07ADBC6D916841BDE78DF7E7DA4A3A8647EBF1D93ED7BB9FD670BA913C2E31F87B5DA19A09950108DAE2
T=0

[23]
S=$C47A39875790
W=-$D18ADE18EFB2A32BDA8380B1FB8C32A7913825E9560FD1C844F024094EF3B0F11455C1E60E3A6D6D52B3BEEC1A410DEF9F0F0460BECD6C970FDA75741AFAEED942667D032BAD703AAFBA6FF3AD722A18F5B01E11A53D134C494EF856F63C520DD6099B4B2644DF7F05B89A697579B8800A476F92FF7168352090AFED9DC1BEA82C2914C5BA26768EF1CFA652DD9E31BFDBD80A7E33CD5240F973331C3AED8CCE0D18F7144419046A6
J=-$CD701B12BDBDA0ED871C9F2F1B46B0BDCD9AC7E22377C098342737ADF01BEF01DC2F77F90CE13B325DB974657A835AF5FD68AE44D97A92FC50AE0C21E6ACCCC7BF8494D56496BEE6B84C15C648DCEF984D7F021685BB940AB228A07817B5DA2D791978A734AAE27E52DBCA6CFF08167EC8301E58989BE3D3487FF2DF5240B81D9DE17A161BCED59FD1AB63EC2EF3C38D9143BF29E670724A896EAAB7BC29CFB09B65695D59593B412BF72B900E92DA3A6600D8C0585B7912BF2A543D7BA511309067C43FDDA8A4D90E6ACE66F41625F9F43CD224543D87DEE50BC5CAFE32FCEA290ADBE3D923433835B795948A96D036D8C49318E814B70A2C5CAA28DCCF97DFF27B1445506098BF5CE74AA34C8481A662BAA4026B2E0861AE7A122B8735DD5549D51B21CAC06F7F03BED892C451A1C8FD812FC8C14ECF37CD09D83E2B25C7E9F0DDD4CB2A655B60C16BCE68C531487A824
T=$1

[24]
S=$B1C47E400
W=-$1667A4567CBB7FB2AB1700A2263DD1B288A5B8B3BCF04D24636309DD9BE15DB98EB6ED5D3D2EFF9902F8F36200DC4169D298F5FB2C233282983DDBD4C154D63C847C4DC608BF32D6ED8F8C7F764557FDAD2CAC1AC408DBBB3DB89F65ABAD42ACFC993A7B51ABD7B2D061DC8B34994B6342F40F184ADBD0BE5FD9761E086BE8269A69D7706FD49FBA2CF04CC866B0ED458FF5577E1F971BC36C7DE4B4C7D4D031457B1EC02CDE
A=-$D70
B=$12F5A
T=0

[25]
S=$103AF10F4
W=-$3C598390844416F5A6B5E71E3B141D0D4B02B90DFA2967E8F940120005FBA9ED3958A3873517C9344CCE0F3DF9B6681E5787A8D48CCC7A06FFAEA6426812BD489E16BF74CE2D068AA1A6987766D33DAB8F969BCD7A09F59254BCCFBBCDD689BF6C575D1D8F2F6FC3B2EBA189AB4F0B32010F2A183466930403DD7B4A15BFE99586D5165917B5B028CF9173BCBC9565916EB05B3C74E19B74593FF8788FD03B5B3D577554
A=-$7328
B=$1DBA42
T=0

[26]
S=$E3B
W=-$3DEC8CBFCBB2176FA561A456F4EC4BA7010FF8CA62A4087451A23CCF54F8FDC72CFFCF9C6CD6A737C43D182CBAE645F42EAC8D5B50DA35BEA9CEC9DC0F5E6D48995AEF5589CE7794916D7F127CE88163ADC641FEF476EA6489D9E3C32BB6EEA57ECDB893C8A96AC5193CB992F0C2F5C3E81ACB86A2062F2AE95A81C1DB0D39C7C6363CCA3AE48E6F658B76C97CC0F630545FB5C609FB3495449C1DB9CB66355B0E63
J=-$1B5294ADE1ED52D9FFA694A024D74F3434180B0653BEC686CCFE23AF254798371648A2267A986DC8AEC89CD685E2084C77AD8A3A738B73D43A99C60C7976D2451EB255CC819EDCFB1E4BFB347D732A176537C953054C749E63A8C3AFD7D9948D74894C7BCF4FE451C07C79BBCDCBEC5C45F25CB1C5514F8FB66709FE124F8AD1DF361386DAF917F5EA93480193A719A57CAC2D6897446C0B218E3671243DC06C41D14DE44046D23FAC1BF3EE779C4E4071982203CA429A224C08C878FD1E486BA883806FF3C2E7C9EDEB300357666D2227D1B732C963A63D2BCE2BA493EF450B92FE3E0E7F5571CB167930220B1454169B13C63ADA9D2866BF779A13F1EE7E79E8788DF6197ADC6B0BA9DAC13C8EEB1B5B2EDA965A1C1DAD3BCE7480E52AF9CE5C548EAE186A677C47FBAB5CB7F73795161637AF9DA083D7D8A86D04537DD4310383036
T=$2

[27]
S=$45328A
W=-$85B21B8744BDB44057F401FD93E02F41E52D35DEC937613C6A725E89364AD452B78EF96C235058BB90C018C883FEF624D7378665DCF2491796AE44EEB308587CB1B793F2D37980F7FC4860DE59BC12476B3EAC681BBFF27AB7A8C99FB7F3F508856D124B6300A04C67D8134563EA53D840067E274A2D7C0BE8F2ABDE4CB6ACE47BD19D178DDA63A3453484965798E6EB196D842E1AB52C7B844FE178377A886674
J=$61AD2359CFB3FE474E07BEDABE725114B9723505C92B0D47943D6842274B640D83C7CC56B89B7A10ADFF733CA9671857DE34FC2F7F6C5D6AEB4F56CA0B5CA2082AD730F9F11A534B5DE687D26D869552E8F40B4542F9BF919E914FDE0A1F43408D52A53EA17248BAAEA920F79759D7AAC554253AA0490F3A52DC378AA327EB273EF75F7D1207DE5B6660B087A36B16C994FF294162B450C9CEDF8582FFD8D7D29073C225DDE407009F2511C1732933D185610F3C982768A584BD39CA259629F8662336A9C40C30DD17B3CBE4CB188152A51B1CDA1571D3154A5856614A4BDA4D6D797180B7B711A6EBDF08C4001577A2896B73D591536D174B27120D459847648413BDC3B9ECDA2F0C273D5FE0EE6C238908BE506CA92F5E6D9240F3A279B5738B537A6179282A1483A3978E40E451424B94C3FC7CA1249E22C493AC25B14634A69
T=0

[28]
S=$2739911
W=-$1327C53237A73C8DD87B7B1C964F243D1D976558085B3242563C01B6A0FC2FBA7C3E4B7F4B60E8067F1D46B29155FC4DB1F3383AADF727BE2EED79D54CCE723785B28D655D568D39B1522EBF7565785B75640E312096545D91F73E705F8B88F52B74314B5DE7751CF1D9EBF74BD1FAB75AD305E500C005C1E9867805B4946D69E2BB762AABA8BA54887340392D28E24A615C3174008598D19B106A45E5D0CA9D
J=-$532AC7FC652097B93B05889F5131C437B7618F74EC1862448832AED7D7399004C166C7D414C5EE6807175132B24E880AB9585541027FF6DC2757547BF1AB462300B336738FB0B231311983CABCA3B1626E6C57BA9B7BDE6DA3DD8BF52C88087F1D4D0316F706DD37414305C71499B94CD0F1FD89080B68BD5F0204081AD85F9A2EDE04DF95A1616F5031D3C7FA778E9BED089594BFAEE05312CFFAA5ACA9C284DAAD91B4BE502E380D76F526501794A988FE8EA799BA827340BE0EF0A34356DB31CEFDD0DB809BC328F36031B000A743BB4E38D3AB8D78CD060D9F3ACBDBD3EA1476715B96954161E59E5AEB538165CF13D6435684F36C1ADABD9BF7A3D72771983633D1CC572308F18886EF139C140E11AF927C08F0BFFB38BECC888E0BB049209F5DB676212F0A1D8E50BB5D17980074CEF81FCAA2374ED2836AD435A780
T=0

[29]
S=$B4C37B01CB
W=$5BD10234CC15FF7E74F1AD9E81E85B80EB2D9058BE5EDF9102A8D0CF31444CE563F31EBCA16069060D95E5B741BB7E884FAF4B6E05A92A3C146FA6ABECDF619D6CA2A578523FE319C1316D07B34394308F2F80B654BF5D6884F7174C2256F3EE69108D41CCD10EDA9216A0703194019C51D67FAB5948A5C342A4B840FA5D3FBACB55ED474DB36E8620D2216651269B0F846CAE30690046D26A35FF0B8EB5
J=-$80F405F96FA2606807618E2848294052E12386989C09F4D6DEB6EABE39B8A9FB1B21F965F2D3FBDC538B82FB029F82DEBA0E43D4FF85E4414C9139022824DD7F28ADE51F2D19F465BEC0B214CF7016D4C3FE3C2D23DA369B76927D6BE72A77D08BC81A036CB8EF705A4D2288C855A5337A181AA2CE0076670BBFC3E44B5C5B51BCDA0AB5E11495C36935ED04BF2B71527B793F85BF35F6EC43E537C75F5C6F7D6ED95637449A996389902408F8EADBDA0FA66C40157DD04F00EB67054C26941A785A0600F822035D4F3FB38F23CCFB532B21EB8A6FFF66BA4B4FE8C66054D490998552489D2282985C841F7DC0352F8051761FABCAB6EEECDA24200324E82362EBE21DDD550767A85B0306242923F128D54388DF7BAD498DBE3699E45A7832C3F8B62499787FABEE3BA5DAEE9492B2679E7D0C72942D07DE983D70F
T=0

[30]
S=$6BE26D
W=$17D060A64CA0781C43962D125D34039135F851851DB15D92A7E0904FB3646438A9EEA253BAF22A94E0C1E0315F5B65E21E4EDDADAEDA39B59358C9787E200B2C760392A4F388A77C8099032EF8180BF216BD97B5C64B1080C75019BBF4C926A75A930C17B503A5F8F23BA258406F7FC3E8796A35912D6A2BB343803F466A13822A37106ED5C126C31940FB81A6ABE1416702C45D964F04AFA4180075
J=-$82942A0BF6DBC4D264734B316002725F1832835D42273291D3D533E7641933DD066C899DAD581C766E1802F1292BCAE3CF3EC9FC12C729F1445B0FFB11AD53972A9F5CBE5091D2409226CB2F6B5C11FE55D2E19484BCC1A6B92D03B045065679BBF4307A5867C58B9182BE91F74D885E197ABB6C09E6357A05F4D998405BE54BB6D8C31A806D82A260F3DA711801E4FEE822FBE1C0D8D7371FB1892E152E739FB7EAB4442EEAF956986C771F886377A2C58702B3A043DE6F6849CBA66F88A8975A42DB4DCEF380BF3327FA8BC81F7CEAA508EECF19841DB08058F4415C61C34B317D1F2A7FB1F3C3436CD58ACFBF957485E8EE4FF92C9E86B454E3CFE433180D8D940EF6CAFD7D779833481646DCCC09EACDA860BB7275F2D4691885AAEAA9523332C12234F4A493E214CC5E430C5E0EEEC35AE5716AA
T=0

[31]
S=$12C6C90
W=$7247393ECB27E143CC3FC8F9344933AC29CE5B76D62901E27B5D28FF2CCDAF30FB76BEED23A3C9DD39A091EB0B4E155F065DB8A04BEB23F2C256095925D6E6DB58071D7E158C1F33C418A1EE97A959C87DF8C13388EB3B7ED4EA1EDDB8C0556E69712601F9D45C497464F5834662F5B8B2330116B43C98E235308DFA949518AB8258384747D7A21F9EB2553A007F375C38793F633CA41537BA3E
J=$4E38B79F1FF4AF236CB92063C3F4876AB0BA627CCFA1C9318A38352143A52BDAD99B3731E6890437F5DB78651DDF16409F1E97D4DEAF297276D0D24483233ADD35047E07C15154FA1686F4584EA5765883594F99C3B87B08E64BBA60DECD0630DAD7301557A7097A05DB7FD70E08C2EE8E0EA158407BD9D14C75D46333A0BEE29DBE62A0A6E40BC2E1AC434AED2ABE0B113B89C57C4B551C4DF28C71B13D517B1D2468B3E601E9E17FA71B69E8C683D497A763835762C5A46DB07AC62CDD0619F9739BD679E2A8B854716DDE3419CDF30F8D80EB98DBA01BBE2F3FC9F10AE9908C1532B63843C7ED76BF0C36FA6224C098A529FC6CA203DC19A1E501DCC74812DA2CAE63FF4947E1A533ECF7F24CEC67DC486391B099A712B1020DCF660C2589E766E74FC5966297D9035DE9AE965A26B023C0BD
T=0

[32]
S=$2
B=$2

[33]
S=$2A4DC076
W=$17CC81E9BF792B6F37D11C8867455109AC4F037023F77339567A402424F19C619E6807AB9AC182C1A6BEA81AB0CECA5FE1EBCCAA219039449DD1D9B024DFB214B5424A9C04476B1DFDCA5CD3276489A90DE57A2DDCB91A5A671CFED964F87D3D39649070345C823C44E49E8DFD60CE8E8B3FD2833140765F7025EC89DB2C8AC496EBEA40ECC00321C08863895BAD83CB0265B1DD9B1FD2B55C
J=-$9A939C05F7356F2115B44C7AAFF7E69ECDF49F29379094FBA29782CCA31BE39B7B4983FDDBA488B5086C4556C3D8FD9C0DA56E52C6AB760600A2FBD6F4649256E06888B3A5A1D15922C981D273AA5F9EEAAF2A121F293E3D05442AE118E4D5E977C7E893557B69813172B6AF8868A0FEC6909E58762BDAB089CE279B56563F72464879224DE720E74EE8F21AE2FB5488F1482819448CDD8CD30445A258509EE9CE0E5371D05DE8A623535D6373CF39CD35CEE6413705260C4C76E0D4E4C70C6222FDF4979D6C4576FDE555BC8E6934A205143F9799A0D1BE4C1F01C1FD06A6F7AF2C542BF1BE891A4649CB5EAE6F4A48774DBA058F5945534B39F268CF98EED74DD327BB35A2AF7C371E99579BF4388F94A659D66050F8F93340BED2A9294F23433D4C3E6D5F66AC16A940476F45F0AEC
T=0

[34]
S=$C78A5AFCA
W=-$1255476139567EDB8F8E8B8D8DFE06A08F11623B9798125686F741D047CFBED9D12EAF67333D3E13E2CA81C75D6B64CFE7345D0B06C57DFED4578D603C5574DCAA421C30C630FB23CC635E19ECD6DD4C1F58EA0C8CD2A4373BC1CDBA4970687987B310060BDE70CDEAD66D297CD7973A1471A87F85BE6B28336DF16867EE254EE87A69070ACCA29FB5714D210B4BFF55A784811231A4E2
J=$1AA5DAFCDE1CFE3B372392A7B68AEF8F91258A2D73F300FAB46355F61A0353DAFE0AB5F40B9245A3E5DFA3DA4C3F7FDF9FC0F00BC975845830074139CE2582D52EC74D8E7F8626202F6DA774372108FA257E303277662186D6653C0903812EE899F0635967BE2051DB6544D8B2CCCBE9D3D35C0DFDD51F5D934E425E5EB47E96590A30242B534B2DACE796F37A350E3826F4D504CECB4A40EF82D3F8000FB89FCFD52C1FBFC08916898E04E69C75F871FCC61CB7CC057D9651F814B5147B9601DB9EB5BA6E260D0ED63F202BB423375098ECD45F2CCEC5C820313F1961FFE4F79CAA658AAF8BE5711520150882DD0501A9AAADD4F476E7532D3A5927B7221426AAB0D66183749E519EA62AF5102B062345659D9E051A2C0DE051D52D51112A0AA66F0BD54B7C22EA002D2D6A6C2
T=0

[35]
S=$64141AA950
W=$A37B157809E5B3FEF5CD298420AFD948BA145AB2ABD9032657D908FCFFB8E5009D26C4F3634D8A9797C6828034DEA630476FE27EA6823673836CA667F335CF7C04BF5FC900389F286F5A919637009C12992FF379750777B6A33036ACEFEF47C3C70BD90039283F7F274B6FB3F5DFBF6FC595AF62F8AA01D76C167D674C6F82212F59050DDFB4867A89BA39FCB80AAF29A836A956
J=-$1B6D864BF244ED2C065458C8D23D5D8CD2F87476D8229B94998EA7B978596A56EB1EB35D44BB700300112777B9EFFAC5E70A778DB44591267337E306FCCFED6EE65DDDAD23207C5F4EA087037AB084B50CBF5918F1B93B5B4225D413C245BC410070101CA85F275131B7F842D7C5B364015E558FD7D5A79ACBE1ED8F1D0965B8FCEC9F9234A7D7FEFE3282BDBF4CE875FB610506A82DA728B5CC94711F99705AB04F4A467118FD5D907311095BBC5B5261FFD7643B9AA2E561CB4F5A6ADC0CF276D7A7C6B76A08664FE83FAB74BA0D9001354D11EA5DF2628FD502564E097DFB8A8653FEFF757D45FC1A809665BB9408341C656F0FFDCCA3DB6BC311ECA9857AA900E74044416111D0707063013D03DB3C7BFCFD3B055204AC2F98720398963D434BA38A3A137E3870
T=0

[36]
S=$13A844E80D005
W=-$16E992EC5FB24791ECEE7331D029A5E8E24351F92601087A9779A73B66614C842B4727F747C8471CDED8551A612FA980976955AE006399F9DAB724B0DDB45B1A552A1DA85A0761616BC96E2AAACF5827EB4B534A3A2770B665A971F2966AA238AE0C415223FF50A3F3645A1ADE0F04A69FCC9FCD5F2456BB1E6E84887857AF9CA8706806E66D350C2E53BBEC777E1EF46ED2D
A=-$98
B=$2D2
T=$4

[37]
S=$3612E31939E
W=$1389C145063409D224805C0C7310CA05AF9B96B6DB1C0481390DD9AE20FD0C4B30E232ECD079B3D28D21DA1C353F54EE5B6851727F4034AB0E31570ED857ED1E0E2DAE91D0B83DBAC81A593C7ADFCED4976E09DF7E61201A026320C9098AD9F08084628B13D526E3FBFB324FDCB0C33808D35F5D483C5984DB5F78635B16584FFA16CAD58F22ECB1F88F2D22CB729CC
J=$8895780373E52DA858E6980581DEBC8BC7213133B0EDF48512623EC5EB90174C3C2340679827CE39F991E9C6A8B787BBC7227F167F6A7081081D29A23464F2227C70623C2CCA27C15B0D7BC6DE9F876822696E5CD8FB21DDE8AD91CA80F5C60389B72EA774B6D4F9BA42F2B9CD0371830D7FE729B7E16BCD9AD78A273B92BEA503014A0AA9282C732EEF596CF0C0F24F36401342E31815D5733F61A300E279B1EB19CF4CCF0D7531A162944208B7272919C0179E9C61D932983A414FEBD02F027168991D8C32C4E5C244BDB2D9311247A2BBFA83639D07C993B07D717B19CAC05C9207C09FEB0E2CE7D17B10C42191A701E227D35C18884BC23D743E82EC999D9159D0B643BA0DACC33B9D71D46B71242CB13E337A6CF9DD425AE0FB1F2
T=$2

[38]
S=$2E2A98502
Q=$2

[39]
S=$1222EAF2D
W=-$2502F16B5DC41B7B16E1A7B31D85E16DFEF711381D207A80C0DD214AE30DD96DD76942CACE11622D6505C77F60C7DDDAD8DD6EE0478AC242FC54F03D621D282D2354645B4AA9B528AAEAC38F66A35D74156BB4E209F7E2211FC2D5CDE44F8D0693ACEB5F16CC0F0A3BF8B4E7138775D0F0743F03FAFBFBAA8BDEA613980D0A9A3E689580D195E48F26361
J=$6E1C3651147AB14A6118D1D1D3013FD8AF9C3BB6B235260E9FF57C9DA8D2A3A6E75FEA49F21C7CBE8198AF1E51537FABBBCD1B16408928A89E1243B204DCEFD25D5E60D3144D3140266F96D2DA1E4D3A06042B92C9A9A8649F398C737514B77C378717AEEF7336D177AEF7D7583DC144D987F99699A175AC467F02BC6B3BFF384D75591E4AABA98DD420DE69DADBC25CAB28005A674D60BE7AAE344457FCBB263DF55A05BCEDF4536A0461DC344A19A069B5C95AD5210CD9BF3B694090EFC89914FD7E1C79459477CD309167C617DE5D58E874B774AF29C75D81AF11F5D34AB09AFC5D2A30A68BFDFBAD6DD7C31FF7F0C29B1D1ED232C9181CE1E46C41E2E72C7F70CCE8BD72014DF277A8D8F760891DBCAD92C26
T=0

[40]
S=$16985E2
W=$738F9DF7EFD2D303A5C9B702C7A3660DA0915B137359BD4ACA2CE21A283F9DB96F8A797ED89616CB54C206094326CFA0033E5E1F169E8B03AFA4531FBA3D098A74BDBE8152B35E616765FAB15D0F694CB07803A61C44B3D49314FEC24EB4D399B21AD7004E04AB6F14EC5425295117419597885F47176B94D73C327B599682D8D3A4A965A97371B64
J=-$4255C6BA76ACF978C358B6E370FF04733389D6EFC1AECAD8DC05DE741B4241A89D8D99DD2511406BD1FBA85401C5B69F8497B0CC5B00951CE80E71559030B5803BA6FBD2D3983B3AA75F547D9C4BEDFE8A7C7ECAAECBA141980C3DAD4A08E374E7CAAA7B7B2247E705107D7E9900DDF90F1C7AFC51898886CFF43F8F1C9E6A3EEBF680450A7407920EE86A059D0846759B77CC8BD24A5A90EB631D059E4C8ECA4D896CAD3261CDDAB01C9888DD15724CCADA8DD2CE994FFE83CE473B3BD1066B67C787FD4F52C35AC8E1A4F53E06C7C96632F1438A8177B2739C24BD79FEA4412FE7A39437BD5D85C87AB055CF6E687226697D11FC6AE005FE994636A726268155F0E1109B44D0403071256C82BEA52F0
T=$1

[41]
S=$147DB7D63
W=-$1E0BBCA22792A7FC60872D4088A394D3129B5B29E4E54694B01A8EF652A13E50103F2F2F265F8CE8F66DA248529B073CD0693CC84CEB8B8389C1FE28DF45F7BE28ECEE46EFED8DB90E0E7B4335DA5323FFF95BEB6F269A9799382062CD741A192F793CD23A04CACE44B82EBF3EBA1493A6D6637401B5DCD03981AD3CF43CD1B1F79A6982151697
J=-$13FFA770612EC06998C99ABDDA10D10570BC005D192F470588B0C8C8CF9B12DEA569E291064DF5DDB999E173B1A99E3A55A3A4EC1BBDFB10127159D0C34F4544565568E0551EBF0719AF33789B28F9B4488D55BA21FDF2DC48D3A4B5A2B8244C9ED32D929860328202C89ED035DE4C336207D8D3975DD3A5FAD8A1A344C40BDA333B71DBFABA2FE0E63B4569EBA1E1EFE6AE38D0D4756DAAA71115083786569701282D3223AE6E9C0B4A8194F13F0F5B267BC9F66A90078F3BAE847A7D85DAF69FAC80B5A7915451DC5A4F25B9F9E68DB612BC65C5458DA44890264AAF88B1835869158184A84038D88FA1450930301A41C5CECB13DB3CD6A6C179E6380230F430BDFD4105D1E76427A7F59130A
T=$1

[42]
S=$5C7BB10
W=-$3FFFF0FA531C063F4F6B88CE0AE0DAE900C4510B3F6EAF2DABDCA2B6F6241CC32E1C011531FD91AF2E0D5FD6CF7387660C18EA1F8E929EBE0898A6681ECEF551E0278EB8A53913AB06045BD9B51BED5A773FA747C5D394D9D39EECD242EBEF027AE50D7073238741FD1671C8CD11B3D7E13288372DF4CCD97BB55BDADE6681231A8A7953DE
J=$1D0C8C6EA3B15981A6D730D1A1CFDDBA474A8D0F70E0B8444466B0A65A2766547F0AF42DE1435004EA2D5F4B85454DBBF7CE4EA19CE7BAAF25EBDBBE1390900B43BE6A4A02C97EC6BC59326A81CE0C73B9C137FB7829D9B8B673402024FDBA142716E6A638D12C45E57A5B4A79C95563EBBFA2019160F0586C5BE62DAB6BED0C07D0A8C71A501B924CE486C483A3B8F212DD1B625AE2CA30C776155CEDC27A2756B81FFC602A2165312FAF1CD68F27492A5BC550B801D49B778438079C7D8C209BD9A80BB7B23084D56392F176B8D1AEF979A7472A75AF8EF3886FAAB3A867B69111D038D1C0D04107C129300395EAA3F477BB9D58B98A51A212BD0D738FDD2F088F8286FE8A4024601
T=$1

[43]
S=$D3B1B
W=$15F1F3AD66BD581FDFE9E020C9E06F1B59AED5993E29F0D8F0E307FAB73F53D4C734DA08E5A8B8727B11791286E97A676BE40C3906CFC5FFD1E6CB2D55849CD808498C925F3CCAD83A91C698F7D16D7634BA6FF94CBD31B7E9BF368C29DA4E5E5C0208BDC711CC3EE43E879829D798FA36E13293D19DE3102448DA9F570A00009CE5185
J=-$990EB22A11C634F4F18F4A29B75BCC723EFB5C0BBAE7A001DE7C4A3849D6F677B03636D273D5A53525ECB698BA46512C219D697A4FB47E9CC57D1EB49F8BE9CEB56CC1B264C51E2B46A43594EA87FEE3E89DD23EA0C1C4F2D857336C9391A50C4E8910471F5C4AEDDD17786FB3E0D6C5969CEB3765807C61728E462FAF21B8D1A676EFB02336C76827FF767F1B893329DEE6543551B1A4B18ECA8A3CB450208F129A1476E613DBB03287B985FEB1CCF6F0C58C04B4D673541F5D8F69FFA4B15049E9C18FB27858631E5E8091D0CDEA1B6210DB9E014F493AF2F91A2FDFFB30A0DEB658C0332B921F2958D7DB9170395358B5E07E708ABCAC314EA7D0C7F48A32FC2148068EF4
T=0

[44]
S=$64CFBCC
W=$7EB93BEF75A77D28A6E5E16E83417BA1CF84347C74E51A273D3C389D651B822B7BCDE35A999EC42DC86D47ABC697B88A003B7E69F877061E3BAAFE3E74C03CBF016E5147E97B9C37EF788B69485D88D4200BA3FE56D206D749EAB328E9C258250BB93E1D7A84E4A8BBD97325BC8B915A27C23E66291CCC62A51318A7B1BA3128F1C
J=-$24C1AFFBA4017FDDC1AA7F01A560921AF3716444461ECA753FF83E107D5C090DEB048301BB50FD6D8EEB3182F9F68CE826F5E78886328C226D04714BB3C36A37EE755B35D4C9E8F6F03593E15233DAD9216C3F6B5C81143D3065BA6FF89025FD5118A23DB7A44AE8EC20EFBA0B8CC7AE1B45C108E322C69D1C8CE6C2C74EBD18E508C241DF1BF1E26D4717ADF1BB87EE60D38FC1E00E7E31723A5442C214A43E9F52C673A3705ECE33C5B1739FA9C9CAA3E66417FC35223EBBAE9D9F074B1FE37FC32D15519865BEC0F9C27D3ABCAFECA6FAAE774AC38C3ECBBA9F7A51F36E2FDCAEA790EBA49E37DA08DB5C6C1796DEEBD571EA91F95A57D907383C7017D7086DD4DBE
T=$1

[45]
S=$A0AF2A
W=-$3A0B1D5304FB13943D132349C6E4466539300E5D583B1267D4299520CBE9A684056AED1B49CB627B291B6F04F71ADC8540112929CCB4413E0C4D8BC45913C73C88D129F40DF51D47614CBDA248F4B3F3B694D6ECD908A227F4123F1DA6EA85867FFFFB1CDEC9EF9A9B190575C71EF4C816BAB6556639FCDF50FBB24BD277CDBBE
J=$375C8541393F630F5F44291B864303B36DCB86113FB0D70326619D9B43492FB568704B237DE973A4D0CD349F4BC968E9F6540A1AA0493BEB9EB25BC9D1DDA4E5B239583AC79FBF9FBD1017116C1BC9C79A69C22A74B04B76ED77086A539961FA562588E30C950EF54E0E12EDE54DAC099B54D2A9543C280E177D6BC337F4667D8DD67A68B2E47E5C3DBA5E0D066A4D5D42C077387A9150923DA9D50629152EC639081F56C1F952ECD1630BE7391CCACC5FD12E056C889097396AAFC90BC5ABCFB12931AC37B626BFF9F1B66D793E0BDBA1ECD4513F467C4C961300B84E226D2ED932885D410F7643CD02CC5BBE81F37AAA0C0F5701547ADAAF75375403812DA5
T=$2

[46]
S=$696F56AB8B8EC
W=$383C6C3FB240C1AB5ED33133ED66ACB8EAB66E0F5716DDEC97A198B97BDB1E9DE7DCE4A23BDF0E5B192A86DD473A21E678CC6E449AA3AC6C5A1E408F44C5A4A76FE123F89E54F6BD9AC9BEC0D22076BBEA8363A52B04322781691A14DF8EFF828BBED5B7182BD9B5302F5FC0B1F3C26F300C5F36C49333DD95B93E786C14D4
J=-$1BEF9ECA674C02BDD31C06BD7E686A8818E0A845945D4B9EA945B2CA596865825391873EA96A67888FF274BF56FA6DB8564D1448B0D11EDF529B2C4A986EB13B47D5993108DA72C914A163154C26F4C8F040FC37BA45AA3D8FD33EAE88E810F63ABCD221E1E33F9C8E161AA4CE7F0C6B388A4D1D7C3F8D9D8238326B1AE8F4732E0F88B27859D7F5FE9875C77C57C37E737184AA5A903353F54961915A82762901268BBC673FA1E3F0B8D154646F09220ED0B3C5F1A316DB4E03A6C2D1257D30D5575EA06692581D1D6F8C4F3E7D2640A1BD4DE3A433A2CB8EC663C91058C45236C3B31331F21E7835BF7E00735BE482D815FBFB2416515554D45599165
T=0

[47]
S=$2FD14F9
W=-$15AADBB409F6330EC2D08348FAEBA6D497CD2F0C98F98257D7F958D7EBE49B36E91B565D69A175230C71B1CC41B21076FDA970038F7D4C89F6B43776DBCF48F5F01469DE6966FCB75036EE1CBFA4DA877BA7CA3C38CD08BAD715CEBEC5FE30B268C7F40B895DC174377E4666FA12B21CD30847F0C63067E88536CCE5
J=$2561A115C63751F9CBFCE039EC6B9353C9C7FA874E1B0FAC48F91E8DB146B2034B4C48F278E5EBC4582E94CDDAE244660CFA14FEC5ED589C143E3C130F3DD535129B87679F1AD354414223D5209A6F05185E3F3AD854F182F23035AB50D56CD954977752F2CE8EEA0B1C0E4FF7FA3AD184690FBBD3C0C4769A494BA15F3AFB5AA48BCC0F086B2B54519EAC32FE82B0EC3C8FDF381F1CBEC49EF9FBAB20CD1FE69490C158FE7077487D30A0EF5218533C74DBCE2C8BDA4BBAEA94E95C4A03B1B822DD7A2234A98CB817C7665295E4E070EC8BAFD8CC3BBBAEEE2E462F2233B407B77D35C787D2753D35917787AB15CAF01BD4F820E6EAE3
T=$3

[48]
S=$2769B17A
W=-$36028A824CCA24C8A1BD5FBD4D379FD3A50994D9A55983D27052686EE3AFB9104E0997676C74E14FDAAF3D84D438B841BCE3FD006E5A1DD0D9353CC0FABFA25EB771F82315FD5B3F35D4E3C8061B39F09B26ECA073ADED4E419E79E45A17A6F99B4F26569A4D6C8877FDE075A2C16D53CCF7E7ED69080088E728
J=$22C2D06B2958A5B2F6F3BD5842806D25D1D7C3003B11A7BDCA0FA49AD79DB8D5EB9C3FE75F00102100ADF2DC1DDA92807C861AD63E9F1DF435F7738B635B677F74F83643B2F5CC758CB6C7371419E0230D28DF41D5E931F2118DAB8EC844D85EAEB2340E4212ABD8EE0407C1839C9D9BD7BD9F39A94303E94F45A7BC21CE89E643F9AD16D47ED3C71D01AFE35F877863344B96E72B9B1A07D39AC90420077DE991486662A8D25B19B7B10B7BE034B244C3EE6FDB492B6EA22EF7B3498DEEE383AB33C2A5E6D221FCD51621ADCAB698D6184C8B02AAB8B9340139D065C3BF298FA2B4AFA5FA70F1A1C1DEBF4591C754A47DC8A592
T=0

[49]
S=$FEB435784C
W=-$163E1D1DFB340EF3116471FC2517A8894E9F9AC0FBFC0F38A864BDDBE6694C0FA99DF5D51F3A16EE6F430A6301753550937F2D0E85CAAE2A013F6EAF74FF2C9E68DFFBBB065BE72103BFCCB1479D37FE01390EDB718B5978F3490F800168DD1BC499FE51FAD6338B6976AACEDCB458C1677A4A155C1E1473C
J=$8E7770D21E56E4F249E3D9D71A01AFEC2CC591034058A541B6E190AE9FDA46CBFE5B1D3380B9A53DE01D9720E4A8462F220C2DA7101ACE8DAAF7F575F29E67F9749EB64E47D67396C7AE9D9D1A35FB48FEBE95A65C22C882F0D09323B50EB1810E01BAA5F0092B047307F59A0D27AED64C0C6817FB637E7FE46C91860A466F581F5CED3A32627D8EC76128633F01198D9C4E49D3D31D65536A96FE277BD516F1DD82310AE0D766E22C183D6369902DD5C81A1F11F4780F6799C885A6D583325249B673ABCAB70AFC59AC0719BC29F0A1362206BC87419BCCB9E3693F88AA654413A2CCEBF85986ECE5D195A8748995E8
T=$2

[50]
S=$A60C
W=$8EE17DC52BA93660AD85A53449B7A68ACF660B114F525B9DC09EFAAAC9BC54EA66B5DFF0BA7C027C5616B750B7FB25E2FA7839ACE95590C9EDC52EF0EE0A89AF8E113F4A6C0D3CDDA327C6CBEFF02F32AE98DEB9958E24D28441ECFC770B808985A1E5E12F026149CEA37463A7DCE3F5248EEC960FA
J=$1D2D431757ED70AB5795BC79764D6C63D12F0DA1134E2AED8C15C3754FFA09540D6DEFFFDDF10CD93D8366131E5142EBD10EB7E0AD28AED51459EBEE58EA804B42FB5395790FA7440083D224D48C26C427B1B0F50EF610EA82E02B2BDB3275C1C9ABF504CA3EB92920A1BF7DCC2FD61F9958D0AAAB15928921C8E343168AA892E6A7330CF8290F60E5BA0E58792B1059D393D57A10DF87D89F520E2F9AD9974F4C83579C36F4F015A5AE768DAA0DF0CBF7B4B1442179F06251B16C737B39B866E005C75345C4D58F4D7FA61E89634A699E3CB4452D7CB59739426D01820AB94CCDD8895B6B17DE21D86DD3
T=0

[51]
S=$311D9D
W=$C4AF028DDFFEEF8F27BEABB85002939E6303DD90139CD8F7368ACA2A87DB2DB80941EF0B829B213FC627724E25F5FD9435C144EEC33CD4E78BC491E61017B5C604130F45B6AA0C466FDE4663D299F862FA62BA6393164668C9DA769BF055E062E6B9E028D8560068616F69579FC5AF50D0096B0EF
A=-$98
B=$2D2
T=0

[52]
S=$25DDA9DA
W=-$17F08D2ABE19048AA4C0197B1671E9188E0ED86C309EEABB05CAF2DADCA5822343E7889A98B953596D557D96609058CF7CA57A0DBEBE2493B1BB059EB8A556ABB6051937EA92813132CBC92299FA5BA5128A19001828CA7A0EFE785DA69193225126A912E8B8A602928BAD732711ADA738F357E
J=$A270F94A0FF51F4CB730746657581221CBCC36649874BE4BFC71428873152CC2BD886E171B8505086B31744999B486E9245AF5C1A83C9D48A637404947A5EB16AA17CC9AA622C8D920F45174DA9E9A65A365EC91E9D899D880188FC30338D53366742BBF93CFD0B65AF2D666876779F75941956D4C97CEB24E865B4DC9F1E0D97378D7A583F9D06B1B7B09DB65167EEBDBE7819FBF228AE22A61A0E0E9492984B800A6263C4F3C4C811B12E8FCF33935BE9982BC75D412487085D92D5E4677BC5EA2EA03C271F497C53E0BA7387C94855D07314DDB85E741C865D379CF5ADC7573B52538AAAB
T=0

[53]
S=$39A184
W=$123B626CC4E6CB5ED94915A2D6DD9608DD9DA50A00562549EFC5014D75E21865B287458D033F2D24013762C2DC9BE6B9414F7B6AE1CF3E4FBBA76E2F16A0473E7B7C7C0F2D86E51D0C5985FE9F4F25958AD781E87CEF66ACAE143159277642818641F6DB19DBDDFAA605FA10D0F73FF64992
J=$2C38B8D0CC2DAF658B971BC604F28DF1BAFF8433D0D83FAA0602A7FF118AD4038577899E43CED2E2E9ED522A56194C21B422EF14A63C32A7064A019FB30902E660BC462C8EBCFD03DF4363DBE52CBCB518BB30DC649230AAE401F30AB9256C90EAD6308472B217A101388C0B91DD9BD136A9FAA2A2D9EBB39B5E9C85824B36801D23F051FF61891A4840A620F5F5EBD2A18102D353DA77F665792125A65EBAB7D876FAEF85014721BC8DA15AB5833FA5489DFA6E6564EBFCCA93261CB8B8ED44191E078FC54542EF3D5417DA9BE92F3C2D3C9C6C97001CB259E8BFC19A8B48AA9BDD35
T=0

[54]
S=$1E5BF4E7D2
W=-$2BC1FC4DA0C2C55020C3EEA2183F1320FC516017A1CB3C91A5E2000CC53E14D0CB09572F75189360ACCB00683920914C9AD34C85366197EE80C2F5AD2E775B16B52C98B70C3729AF6EAE2229D73DC2B3ADA406A548457FA5B79506024BEE45D8D3EB9C7FEB04B0ED6800F6F6F20A27268
J=$A48A6789BA7345E4FB9CD395C5AB4CB39A2E9AB2E9B2AE1DACDB4A9D2B852F6EFC59F3DFB5C493D197C73C767D018628A7392C7920EA7889AA7A5445F4D132A3E8E375C4A7C6062C66F86D1023EC81E6DEF1C19FBB22A5C4587C92100ACC85A6B0DB42646DEC1F458AA543F47580BB687FF96F9BABB137E147955BD3A00D9D0BF30C800B7EF956442452B40CC6890807AFEEA7E57507334DC56BDC5D8A107C34935A3D67FE4C6593978973DF184958F447FA8394EF5A4CEE79C5E7BC75FFC7EF16786FB06D01A627AEDD32381B9A945877E4882A55F67990B92994288FDC1204
T=$6

[55]
S=$235B3A60
W=-$7C3709242F5F3D1B5C2A3F310100314BC5552CAD6DF0EC57AAC680EC783BC98643DC8103125914C609DD3966E2D106082B1CCFD263E7F0DAE1E5EE60311AEB0312FE1E161F29E86E5C7DC4CFB6E5FB85F25C176BE7BD81252A72FB70718AA24B27FD6113CD65765BA87955530F56
J=-$1B5C2EE072E0262201C9172441B5BDD12650B639BE865B10464D9125748C55E897042D27534726C5DD81B529F4EC762EEE01E5E40EEB20576ED8B8662AE2484B8BD5D2EC653CFD283E48B75F0151583F5BAD88ADF395D45AD3B2EE7924D43F3E9576CF34BD92B536D034534508FA1E212E29FB40A9EE79271E8A82257B1A61F91A25E78AA774DCD120BBC4E7874B163D213BA06BADC8B5A6481004C3631AF9436BD4471710668A43D6B264C478781999CEE3A3F3FC836054A5807F188A80ECF71C3C8A7AB1EF0AA18DFB791CD4FE3606724FFB8885C2B0E1C3699FF
T=$4

[56]
S=$1FB57030F
W=-$EAE7372291D554DEE59B19EFBBCC42F4BE92B17DAFC39674FADDB3A97C6F4C2D28FFFC23A8A429A77410E1D564976A034435F95CB1CD136983CA101B6D7C140651ECF29BF5F5A6E1432AF808A5604CAC26914870C8AD2BC150844AECEF14D6A6CF175DCAF5281197A008ED95
J=-$2D8DFD2483FC0980B3BC3789FD7B10C0451069A5C19FEC0ACC7AFB9EDC839F14BD5EC86D326623A1E44BB53A12F3D811601268C2023631E56C7D3BDBCFDD921201AC95E5614814AA7ACAD3A6F316433EB44B2B55B68F62470F6DBE7F9AAC0E232C8FD2D0EC0324E55424E056F93D0FC9ADCD4BE3D41FA845185B5DB505464D0584A2FB4082559E3A0C556895BDA09F4F928F7379D9E5E281195108B66FEFBB012ACBB42368E8E32F89694372F34D1DE955BE66690FF7EF88E577517F871581F4347414EA6D78612BF69D2CBCA3AE378661D867387898A764
T=$1

[57]
S=$38080F
W=-$6A0DF270865A5E15F7AB527BEEEC70F9850084A5ADED91ADDCA9BF7BC83B14F2340419ACBD9C5AC18DF9C19EB328C680CD31F173AAC9BA2DF575881D41E8DFE0E2A8CAA93FB3C7622B324943E54D99397EE7343929C9B45D8F28B801A7CB1560F2EBC54E09B0B75CBAC5
J=$1514E118D3AB4E40574BC4B728E57E4790F71916F80C1F54C70D97594C5BB147D6EC274D9680B9B4F4F7E49CA1546E454B0DB3D140548F8F818813F167ADD90F7ECA0758A4445E7634D245B1EB38C4AB0B13BB675AFE0A4E6A283FE18753AF5D7684E9B08FDAE1F52F5CF5933EBE5EE69F4BE9D8E6A33F7AD1909F085929A6309EEE1C9DFB94D5130B08E3E4949A2F2915BBC01796E3B68F36C1F40FCDCC93CC656EEC0BE7BBF42EB7DD0917172712958ACA62C1649B5F25C80C857252B3CA4B1B390934EEFE47B73F60ED12A3CC480782480249
T=0

[58]
S=$15106FD974
W=-$193A7D2B26E5F3B54F12CA22DA73DA0857081EB411DC0D53C023513DC3829353733C0EA2B95A759344405CB7A6D50449829FE6A32C4C2A57BF61B18F25E44A6C4233BAF33377908D9CB7629B45F601715F8BC96CA22AF53E952B54D680ED7B6D5514474CB80716A720
J=-$830D06F2CC8696B1199E77F7DB084F376F14EF7035A4A191C685FA545CADBA59B26A7185E9B44B54A9DDDF39DBF0BE1FFDD6E12841B05A89C8DC6011626DA866B950F43782264249919E3998CE21028164FCC24F558662BBA96D26DF91508ED678A0865A0BAA7C0C7C0CFF7653A9975B17B08A311B1691382A34B1D70D48AF34F0D7792C3A6121DFF29F8E7B6AA3EE06C9172C2F539653B9BE468057579E19A3AE3B6ACADB96CB3269D148633AB0ECD4282D457D2659B59924FA9ABFABB614E6E8E4BB1697157F1E72DAF51A330AF4AB7E
T=$3

[59]
S=$4B6
W=$CB34F8057ED2748A6D2A0EC8F6DF939B416965BAFDAE4A1F43ECBE4A6A9C0ECDFB95701672ED0691281324FACC68D00E412F897F28E9729A6FC086929840FEF8744AE52B0D9872E761A8E0F4673E9DE8D91AC1D2B3F38F111ACC30FFF2AE55EA5C52198E5982
J=$28D88B31723EC9A3A0B36738F7DDD5C4026C52E36BFC0639C49D0064865CB36CE26A28BE75FAF690259BADE98EA53B092241BCBAE83A3255CC2297A059DB06EEF9C188509F7A2FA940AB11CB4B9E7E89918390BCC10C5D3E618A43BE1E3CD94F7347287203D442DD41B62C5BF9B5CB4DD805E6AC3F29C3E3815F8FCC3BF1C35E6068ABA1BCC93D304FE1BE4613568C3088AEBF9D932A9AB9CA47AC323EF97E4707746C4D16C0DB416251FCE3ACA3DCD23963736BD4890660ED76CE4839DBEAD3B770939E8E02CD73DC2941992
T=0

[60]
S=$1AF7DD17D44
W=-$349CC57624C971A979998E2502E49A1B40CCE5B9BFFDED5B3B6F2804E8785D14F6B9AEC7265EFF8B6A3656E15EE9C7E714B6B1E97E865EC53173D9FB38C3502312783B9F85A661A9DD59DBCE5E1771D54EF3D2D50933B564198F3FB90CC7812BB8E842CD8CA2
J=$C9BDEFF87C47CFB387778356E84122780AEB381205F90AF6FA4E5B6125FE8B60DE6BA9133A7E1120751D4EBF869EF6183AD6AA368EC99B127AED16D7B0076D4CA5808AF379932B733E6EB1B7CF8480D340EDA86ABFC7284122F6EB0189DA6A079FD9E0B6F0CA0E408CC6D5EDA573782BC5C9165822BDEE1C7350AE8D6C0546204754E66083CEB8C2B89ED1BDC99F9D2C96EAF162D41D8E787482BB83B6ADD56D2247D3EEF12680200AB1FB0FDCE0E0208C1026C11DE6EEC070FAC09D1D65EB88C47C6764DF9A774AC54FBD
T=0

[61]
S=$129D826C2A6A
W=$28BDCC0E5488CDCB53E7E8B7B7D28FDC4CB70E962F27B8DF8134075CED3C31A0ADB510CFD03348F29C4F50C8ECF23997CC30D816D333CD2820DED717CE661DFF08F56644FD8751DD043B9D1B120331816428D620553155B8EA0B5F5C61560532A07890A
J=-$4287AB1D703C78D0CD8B8E7FCD7106CF225B57D254FE11948EEA5F6FDD22D763B040289403D6DA71A3456E7F03B58746EFDF93E4210CB5F07C9C64B56E703D7750235559B62943E5A9ADACFD7759818EB811133E1364927DBABEBB48BA5532E72A9740F2247887B54402AA61D7191AD04EB76314A284CA41D55AA4A6E4C55DAA23600A4D5226F679F724EAD99642DBAEC1ABCF49BC1CA1FAD94A461AEA9B9162A12EB709DE7946354C7281E19725E9D86649AF60075E6C7CD36FCF455DDD9E4BADB6B9D55397
T=0

[62]
S=$7DDAA
Q=$A

[63]
S=$47B81900
W=-$33F1CC0C512DC877D61130EBF0905E12107ED9C4BE671C6829DE576B5495F1DAA466C810CE593602FFF6E0F7A211EDAC66EFFF6BC8D7E6FCC9BC4F046CB07ECB41258FCDAE002A81E908C367C984895C4BB5B390B363A68AD1D03C975D1800E
J=$E3B9A3D46893304B33EDBAD1EF51E4EDB8B40AE883D94AACCF98011181E3D3602671BCC2BDCF3752E75A901134466E15EACAB37D3EE52328E605CD3A8F0DB96EAF8FC6DF9096F08351B0B529F5DC1FF584F4446995CB874E92C723C4A89D90F22133D425AE373FFCF1704334E734ECC9D4775DC4ED3492B07DD95B7DDAD33756F84328C2D368D30F02A5437A952D0C5F78A3FB5D7665D8E7301FECB414C294F0C06D2FAE5A19000F765D3E26A323C3885CB8AB278ACA548FDBEB4795A35F
T=0

[64]
S=$10AC8E014
W=$5B7985C1ED85370710090CB1520A12769672B27649BF7009E278B8099CEF8C93559788254161E2B88081EEB1F32D9E0CBD189230D29F5E179D906ABB412BC3B89E24AF9B11BDE50EEFAA81114CE1CF41A36A484EFB39FF3F071B28F7A8A
J=$1485ACEC4EB616DB442C4E1B993B0258A1B1656EC07BCCCE9170BB15EC903552B0593666F2F91FFE6325D45A307343D1F73F0964CC2839BA482C7B3D76C0FCC84EE9E8A4ABA8B6C36287577E3AE4E6F0EF0259948EFE9BE98F9026119DF2B18220B174FB941C2E61C54850F6381C2AA75BD30FB1E1FBD81B0426DDF6EDC4305A7E8A302A9CB77880A97DAE1C06BAFF5AFE4DC647FBD9743E2D0F0EFF259BDD7B7F597B4D71E937BFA63ED2C066432C570A042CEC200BBCF1C46C2
T=$1

[65]
S=$1018EB8DE
W=-$7B74014256556741972A3FB5071DD0E07AFA9770CA0F99D6747291503FCFE4A058B461252FC66757E1D8238707060EFC77B8C3105C23630688A4FAF1C2D26EFA2AE6EE559BC1DD7D2FE523A7DAD14398A041C57C34658D56E32F40
J=$1BDD3F9C68FB1C4338EBC2F0AB794077C0591849BD3B761854E0E5BAAB0CD7C4718A6622145D14C6D3ED25A2BAC84AE14D6EA2650DC02956B7DB2FD1BB09C90FC02BA531FCA9821A50DCE97CF032248AF3E9EA715CF226DEAEB8B7AB06E7788ED82F9207E997F161991275A88AD39A43FE3E003DFBE919389823606DE753A02D2C7226248FB82E34E33CEB816A47A8F73A6C95C224786D14CDD2C82B8E7762C0DA35FB86E6ED0B94AA0D40335A0C2774F2C21A54CD72
T=$1

[66]
S=$38E0AE4
W=-$48737F7CAA448DF9E522251CB1CDA62838FB6D547E3BFA18A2726F7B3191C8D75EE69BA5BE90C5210559857F6B6AB66D15084B59909E37070094E5AAAA270A7A133A7484C82FBD16FD059B424C22F9B6B367BBAFCE9AFF2466A
J=-$2712917E551335A5A9239024CAFDF89EB6E4DFCE9192886C108FCF51BA3220934F17A6CFA0EA6C30ACB6037587E07BC6538ABE5E011C4B5FD1FB29BFB0B11D3C33DA67209E644013A3F6D184D2212EC96111800498D6E03B14802CB3693F48C21A5B0418ABDACA6B0AF3B0E198C62A22B93B09CC9DDC6DFA586F496D0A234700DCF8428AF4678E70D77D83E9D1106B340F76518AE590D95A85B8051DEED4E466471E6AE6DFBB807EC8B41D361D3A44838BF81
T=0

[67]
S=$1CD9827F
W=-$15D583211B6DBB80E670E958C72B0BD765CA9D31E5EB4FEC05E52C2A12A9200152100529D469DF1A0C016671FB84E69B5E4DA3A5BBF309F8C54546FA67EB7B57FA92E0D961F00B6CD62B087C6CE26EB50ECDCC6E13D61235
J=$AC46528C9FEB2559681DD9320837EA9B5B035FF92A9400A1F47BCF271963BF471523D76722C178D6197E7961E521CA8F2B817F0B3A91E43807A566BB8F070DDA95AFAF6030907BD1AE18980B7A33EB3C3D60ED593136E8405E2205BF58398F549F6A2EEBB405D1A22A9B619837BF9628CFCF3557C88569E7C3393F397E16609CCF82D1BE3DF60269356359A7F039700AAFA730940A3E75B3D2192A3C61FE26018779687BD9709D241D312D6419B19C
T=0

[68]
S=$3D8A2149
W=-$6414081F6073E6A2CE8554FE826AD0A725A6A971C4C6C531F893DBB059FE7EE4CFEB06551A79A5284097E4C54BB41F2DE620F387162FBEB3DE2A5AECA924A95B16E50200C1F88028A72884316EE4E41A5319542C9C1
J=$7EA2DA8E3DA173D9AE28A69163F30190FB1357452F3382FC519C693F10019274929F0C3866057D3C525E6D36337728665B42A3796D24A650347A1AA7F665F65DC58292985B066158D8ECB0F20F5B519487BCCE5B99AD2B0CB12B2D77115E4BE3A4727961AA0AE9D511CD21590CF5309A252A1B8BECD902BEE55C2755BC505680A413E8D4DC3F6934D865A80210AF60C32AAE120EC63958B957B0BFC900E1342030635848CACD152C3E09DCD
T=0

[69]
S=$7B044F
W=$139E41C4A349AEFDFB6F2466745BFD9F77D40EFD0D4A264C2F800E503EDD5183C707281B7F271ACA61740C98A9593CDEE6D1CA5A5A576AEC4CD38626F0A9D279DEC3B7ED820AD1C10A19E27BEA3D27F45BD9E8B4B
J=$1C888FDC08577D9F2C49DA5C8D7B191F8539D07D6F1DCEA7B5C1CBB8949544BB280D8A6B5191221A449E49B0F130425ED73DF14E1C45454C57418490CBF56EAACED9DAD3D4BC2B6523EBA06C57ADE7BA4CAD389816C87B61FDF676D61D3CFB1232CF3952A1B0685FA2513048900BE744D99801AD6873927FD3942BC09CAEC198B815A58A1BBEB42050A22BA0F0218B6A468A45D4526FD5777A6A92F35F8BB19843DC0518D43252C8
T=$1

[70]
S=$5F1774
W=$110B2931A96044649946E11479474AAA0833B91EA15B0F2A125DB340F7E4254495910F00C2EE82341F2BE9E1924B008ABBC6029A02050470CA8F3E1623A695B15201917660D26508651EF52BB5BCE2F5A5C0D8
A=0
B=$10
T=$1

[71]
S=$3ECE5DA
W=-$1DC483EC351944ED98A301D5E9612A896D1EBD3A9C5A97049999E9FA193A9CE8776A2FA8F2C85EB85C28C4335BE87D2D4E820504C71B8D233C7E2344DD7F8AD3DC3AF4DC36F7F012D57FF188890DE8E166A
J=$AF54707326A770F93A1CB314FEA7CCB29174CC99D6F993F1B743D256D66A5C8D6648AA17D890C68224125754AF7FF6F09E72B08D33944399DA392BDCA55E155A8FA8A1980279A28C441ACF2DD85E54603D6637D29A23A658E7CADDA8E505ECD4AAA3ABD72DEC9D8A84B59B343AD2977BCFBF2D58883BD43EF490ACF55807C90450A462A7F022CD28E10BA97E37E29D7226C5D02D66CF0B0665DBAE549FA2CC388280
T=0

[72]
S=$54315B6
W=-$1476887791FBC54E1AB8B840ABA04E32CBE246152A9A8D4B619767B6870A8743459B578EB8F12DF06774F28BAEFBED678473BFF6AD9555D33552D522AA875D02310608ED62DBCE8D029D9E5846C70096
A=-$1E
B=$38
T=0

[73]
S=$185860936D2
W=-$3C744897DA205A3C08D6ADC86E4875C18E97A1815D4505E1F3A24D01CE57D9A8FA0ACA535759381317296F26FEAEA986748DEC5AA2AEC569FD44D148E0623D1D4C6A5E8D47369E38B3D404F7A34A
J=$ABD1E62B0EDF2001E25A86166DC8C4294123F3953825EDDAA345410052B8CF8204255902747F9F90CF87BEDD4FB1521E09FC8951C0AAB3E438EE8ED85DA3DC0A306CD60E2CD042B888B27A54DBE5EDDDF06EE0650DDC9DB11E39FC6553C2D3CA1BFF5F9E9297C865429CC5BFD8E3871FCCA1A035ACF382AC7B00D207C4ED2534C593B27970013FBFDFA87B1177852287C4007256335B95941244E19
T=$3

[74]
S=$5E9B6
W=$7B09E4994E6204BB4FEC6E16B97060CF903DF9ED711C4793B9EF1045B574B3FDE4B56E4BF45A40D255140E255993B9F361F7844F62006AE5E44608E4FDD2FF3A251771D9BDC8B84EC5FE67A
J=-$7B2DCE0C88874BD7E351F364454881A0A4C461D0E857C7EA8A34F33DBD8E26780CEA736F10F6967EF687DE296A1CF15E3542F3168D1772C59FE39886DD950FDA3CFA72C5BB74F3CB1C38E3ECD12C299CDCC17E8F4ADAA9DB14DBD8273CA3EEC6FE247194CC337E1E0EF97F30D0847D323543F82048FE0B1919E48693DD7969812F59DF68C6C362E80CAD8CB5D81A24352804B619CB6FA
T=$1

[75]
S=$DA4C
W=-$3597AF94A3900C52D55EEFCD0D7022EF0428524939DC1DFB4846F119EDE47C5B78A219B8B2FB5852EB8937071B3FC1690E823E14F847F803E3058BAA0EFA75AE0F2706BFCE9FE47C4C774
J=$1CB23FE0C9E574C83C3B62F01ABC648FE1078D15DA39A3368E47C970E0B07A01FC4AF4DE8522007253951F538219305978D26795385B6FDE6C1194B0484E896A47926CDD5FFD596CEB54D0842243BDADF567AD358A04443D2E2691C6F4C1D21EEC94E718622C8F3AAF711FB11F7FFE823B404BF0DE43A3656D404C3EEFFEC1B10A2222DC0B63DBEBFC130CF3DBEFFE3EF1A9F097
T=0

[76]
S=$2E3332B0
W=-$29559482DE57EB3A7A15908B53C10BA460E3687FDC94A9FFEFFB9B6229F159A26BB683D35DAB815F3FD26768BF9C4DCE5F54FDA1122A3798ECB3073DB9B7224B371E9E77595B61B0842
A=-$D70
B=$12F5A
T=0

[77]
S=$1503630
W=-$3F583A66217CB9E33BAC56F823FA3BB5FC4AB3E1F21005CC9F3A844D240EE1D5048B9954A5800FB62D891EB85B895DE456E6BC31A87967C48E56D35AB30725E8A09CBB42C65B392
J=-$20EE7AE7E2AD26322D9E63B5D0BD23CA78953BB2604D03A9DE7D47C2986083ECA87C8FF2987D5E66FE105B2572B865C74A64EC394BA2C645AEED180FE04F097CAF57A64F19CF3DA6A9F8E71E86163B81210B6DC9CCAD54090641DD0158DDF6ADC407D39FD44206FF505CFD575B8A22517D86258B94B485820DB61BFEF7E8618498893F4EDF29BFB1CBE797681A543
T=$4

[78]
S=$1E118C
W=-$2995C6D2B532A3EABAE08F392E0078EE2544CB3832CDC360E4CF07D70A1E82A2C49BEBD0729051DFFB3BF386610C66C660D740ED8A0CB99C3293CA4348F8A8CDC223C3AB2A4
J=$4BF146FF8C279B2AD3113ED5DBA7F01C7BC9D29137B9089122BE6D7FEECEEEDF3AA92EC3776B5669AF730155E09CF75673828B2B79808C5E9C16F26B65CE79398B7975B37CD5605A47F9F0BA6118F01F0DC62B66710EDDD0615B3B8F6C059BC96611EEAF1C0BB437DCD60FB393A481EDB0647063552A702A6BCB423817AF03F6D9F8F633188011DCFE501A5
T=$3

[79]
S=$26678
W=$1271482F49B95C855BB9C30352316A334E29C550C85897058709D2863A71DD2503A331D4F7F11169A04E1C593F98D539A6297070984820B6B99116304D81DCAA3A44FCA2C6
J=-$1264691E4D7AE77DF0F3A759E67954A10F23187E31D5AD41FC83C801575FF784E28F0360602476E6CD684CF732333B189592C7857064CD664C2DD98A5D18E4E3DA7ADB1A2A1F633BD6D3BA000B74290C2952EB11213BF8CC63A03CA028E8DC69B38CE94EBDA03F6C3552ACFA26DE91701DCD68AF17B7AF43F5EDDA04042A39137277023B84CE035B30
T=0

[80]
S=$296A82AD77CE2C
W=-$63EA995B0C104068E85F3733BBC484BD7213B503FAB2BB150154F339D90D8262C3D6F6EA65577B7C4EFA4039532808E4F4D4E0E314603565BB2D5901B990679C858732A
J=$62D13A776D1F6AB274E39EF00A51ECF203D61598C5E0A76031956D091D7910F7E415A23A5C30A058F4D99FBB90CFBE2421A56B51DFCB2311CA917D9A07D646C450D61DC4B0896D8519F5D20FA6B3A4F57D0A98F9EFBAAE9F15ABCFC7DC913059AB6B59991D30ECC2267E24D2A3B3CAF2C018A34B6CDE26635FEBBD62D85D18780944CED15A248
T=$1

[81]
S=$43B4A
W=$C652DFDA90E8C0E0A4AB593A99C0C89698EFD95C414CB67E5BDE2C3B07D29DDA4A452888B6437C57E5BC6229B71CCCC79A4C052635A3C084B6D41E2DD9B695AE
J=$7EFFA7E089CF5BEF136600AB130D2574175E65639EC3E9E6CE359DAEC66F8E29DB79FD26B37463BE924A66C98E0315998243474E2C618A59202976C56E0FDF4987A96CC697AEC6E69968CE913EBF775F6BB0F48197665791EBF5F133E82621C29B29F317B987D0BD1930515777195F6F0BCCEE30B90617D0ED1B47DD3B570A6
T=0

[82]
S=$697E0
W=-$11918534621EF0C7AA5E6AF1F20CC2BCC0A1156D578C31C4C0321B7BA795880E0E3C4D013EAE0E06BE5F2232E0E26F52C5719E01DEBCAB3E3BE2F8AF79A88D6
J=-$E6CDE60F6DD5512B3D1B220157B20574FA3118B7CB44808FB9474598E2A3ADF602E5D714E2470C1F7CC3C72CD13CF2CB8F0860AEFDC4A5B27792406154F298902AB45F0F4B14ED28051D4DC56BDB6860119A278994B74049A11E8AAE0133379BA80DD0D485632C40C3EC07599B53924F867A25F3E2FB5B4168440DD1F03
T=0

[83]
S=$16B0BB0F1845F6
W=$43130E757D58CE8E625C5D3F1B3601DB73707D8EBA37223022C66AF3F569ACA49653C9ACCE6AE413C9AB86878ECCDFA96D3E343FD57A18F9D8328EC4375E
J=-$29BA9B0AF15D1B8868DFCCB85A59E64C33AADEA8E3B3D2273F57A8354EAB991ED93DCAE6C3EADD4E83AA6B4335B79213F8DA068263A1661FF264A13262E53F82945234F4ACD3F028BFDDE1310CC69B3B0229B078C8E8FC3BD8A47A390A8B63DCD6B5D4BA26B70C71A03F7A262D74BB7BC8348319FEF436EFF1E6E14
T=0

[84]
S=$46938CFA676
W=-$140B65A7ABA910B1C51728E17F1FBB2A849EEFA1282611545B98652937A0A3F36B60355FEE9205EBB713E6C109D967DBBF859D50CDBE92C9656714
J=$1EDD80A594B0DCBA7E854848724A5103D3757445A86D6A7712DF174BE8577318F6F93EE462025E683DE3B6CBB05993C6BD03631ACCEEB88A69879BAD22E75AAD2213CD920993C32D04B72D12F11389F6EDFD2352C588D4406305B282DB09A92F540CD77DD74FDDC1ADE073E42AFBC9AC6D153CF276
T=$1

[85]
S=$475A02
W=-$A0E2614F119CB1DC31362CBF2ED7929622E698E3F5B5BF47DBBE257995AEE19B42C7343A0D04F06F21AA6E25D46146062CB613ACC8A2CBAE
J=$1DE3507FCF52AB521484D95D13D4FE64F2DCC07F1F9BD764D0B9EBA4BC6D12AFF4DFC69A92505B4A1B0724A86AAE02461D94BA06774A519DAB84B9933B342F951D8B8008D458033722B9A02AB1F5FB2D2CEF3DACAEDE798354D40FAEE8D92501A815093911F4994276A163F6FDE0356
T=0

[86]
S=$30EFDBDC
W=-$141E903DE4D6ED9EB18381DADE7D2B32D6EDCC0D28FC58BFFA7C4A552CD36CCCA0C2D9A1D466A2B64068418A502D9FF3A4AE3C2AAE17F8
A=-$108
B=$69E
T=$1

[87]
S=$BEF72384
W=-$2F50D0714E8A1071D1D3C45F2BB570F36F4711C1FB3BB8763F7552E85C2BFA316D676B886DDEEF4E7B1D8F0499DADEF59DAC6ABECA
J=-$B1D98611CFC56C5554892BA5DAE53B9351B27980A03E85D697D7787CDBF2FEF28000D8A886B4D9A11FD7FF9561EA924218F4EB5BF3FF585F6E9FE4B10AC86991AA94F3B9BB0674C3460F979AFCECAC0B04C8C77E9326B7A5F59A9148E140D08E942D8E74FBE53030B8
T=$1

[88]
S=$100669E88
W=-$37408360ABCFEB4C157F7B07D0028988034F62C9F91AEB1197E271355F3288686CD8C1FE8168A2539286FA2225BFDDB30514BA
J=$31B53FE531B0371B3EEBED46D45ED525C85D431D9CA169EC1D091D122FD05C27358444E9EC8DDC0A6DA19C833A99B794F85208F6093CC675CD4C19F44FB7A4BB0980393E016A4DA030140B690AFD3186C8DAD0D7A0BC8C9D89B44FE97814CFA1CAF4F08A7F
T=0

[89]
S=$BDECCB83C07
W=$35072244D3BE52061EB270B7EC05CA5B20AFD1CD2F259C5763634DC8F3BAC7BF9EA760AF4A07D7E5D4FFFB76C86E0FC803
J=-$9059F3247D46A2A10D26253472AAF263413D9E487B213C5E7AB67189F60422181F38ED74A2C847CCE69B38EC5B7F4A17D573CD141104B38B7B33C06A773CA7FC600A43CE2D2D3B169548501F491EE87CD4DC83CFAA266861BD537BFFF76C10DAC9
T=$2

[90]
S=$1DFCDB
W=-$10AA168F6545092569BDDB70EFDE0A0E5476E5C5DFB66EA3633E86CF804D6B5E8515EAE5207E0AF6D1E9CB5D72D1
J=-$633213BE8F87EDCBB3C8C16677E992E456ADFA7066BF81952ADB8954B8FA19B59E19440F88887F423CACBDFA76464332EA0839F4F7E7D93572D5AFAA36587BEB3EC46E7CC06CD5AF53370A6AD9E337455EC3E7B1FB45E296AB64320
T=$2

[91]
S=$122CF8A8
W=-$72FCBA4EC5CAB9FC9681EAD6F7156FB9B5EC8B23BFA74A7ACF846FDA8CCB53C6A827D837FB79BFA01EA6820B2
J=$D30D66CF2E89836B3ACBA7CA23E45EF5C95896BABCBA8649A2DC64C0E983594ADCD05DD200BBD9E62EF8C49657426315D2FA38CC2ED4A757998C59BCD0D41073E5B0009F32CE29AE4428550EAF22130499BEC0555BCD83C17B
T=0

[92]
S=$C50FC54
W=$698523CECE9E41120EC6492CFF57367F4DED1112ED01A97A323B46DC4B7F90AE9F836D75EF8793A0541BC
J=$9DDE2632D76508AF6D066864B3BAC3E2CD4AF6D34A6F4A8CB0717F9565FE5AF6E70D54EBBB4F805030E4F062037BAA0793B306703785EF5C4E8E20CD8DBB76F12773708F6231C5D90BBFC2B4C0D098AB3F594BDCA2
T=$3

[93]
S=$368A
Q=$3

[94]
S=$9810B8C
W=-$3009BF05DBE1E24F1DBE91C7A58756E00115D993C857DFDA49A258C8C4712FBE7D871EB7261E86E30
A=-$7328
B=$1DBA42
T=0

[95]
S=$1EEDC5DA9AF0
W=-$1E72D935D0A6BCF3F539AC1D7B74DD17DB6B158BCAB35C01E0B512EA1377EAB13B92EB5E16DE16
J=-$5B59246A2ED0F67291A72EAA7C67171D061E3C018F987760B63891DE8BD7162CE7C3B9177786507BD19D45920C84BAE6B27FEC1B0887253EAE6AEF530958C3C9A88FB2EAC85794EE04ADC0D9CF
T=$3

[96]
S=$92C6E0
W=$4FC4E3FDFFA4A1E738A6B788CA917BF05452FB9A048D7F25DDC83E7735B28A999DF3CA30
J=$3F8C79BD0F0AE58BD4A89AACCFA2C20B7EBC28F007B27FFAC14B5F1D4D727E1C9A1E10439B1EB4DC93AB3BABE8B6183CAA0DB9319E04E556E978DC72A744A6CCE045CCF5BE7648E
T=0

[97]
S=$35C53531ACF2B9
W=$1448603240CBBB39FDEC291C0643BBCCD32FB5632B2B43BA009BE27E5D85DF67E0A57
A=0
B=$10
T=$2

[98]
S=$2D91919EDD1E4
W=-$3F7E8AB8B96EEB8CB417A0C1BAB62F81CF5DBBC93EB88B19F27448AA3113F0
J=-$1B10023F0DFD8A6F2E67388772085B2C464F61D825F681B29A74B1499C61F44E845FD3ACE186D0047C70E1B458613DD3F754C3A67D95F739219C8DA40A23
T=0

[99]
S=$A6611C52A1C0F6
W=$6370C448846B018FDF964F53BBA5FDBDB127A9D8348F53AA84EF6178
J=-$6768949D3BB1C65460CFF143CB5E0BEA9952BF969F175B3D56052DFBEA5011420A675954560A9DC87E2A77AC2C1AE908AE048BA98ABFB1A
T=0

[100]
S=$297CD9AE
W=-$B44D4ACB8668818ABECB1A3A23DF506A2B4887AB76968E7E2
J=-$5A04D6C0AB55E0B91FD061CD750FEF8FC1B416A07F7787190C39165B6A80A536F87854CDA60476DF44B8D7558C672361D
T=0

[101]
S=$482F20
W=-$19536BBEC2C0FFE2AB5F654E1B635B0AD70FD196D35BE
J=$5DDA2DAEF5D22550407CCFFBAC4145CA98FA0A39D97F06CA08A0A9D983B7BABFAD70929184C5D53663E303A9E8
T=0

[102]
S=$24761A9291EE
W=$2EBF5F24183D697818E90719A942987709686CBF0FC
J=-$FF1F943D6BD00C65897629CD3AABA0550CDC66259912DAEEA80DB2BFC3EBC2AA5E66E6F8E08460E94761
T=0

[103]
S=$6
Q=$3

[104]
S=$7E994ABC
W=$368ABA582399573275F2E204EA708B570097E
J=-$BB55E5651B0AC5B3A341B0A92421E13812ACF20B98FFE97518DF3D709888D7DC0D4242C6
T=$1

[105]
S=$2034DE0F
W=$58B4BF1ECE964569DC6F44A1A4DB5FBBB
J=-$45BAED2BD05BA5695FB094C44863A32CEF7C54C09CEF4CAA1F06EF1CBDF67DE6A
T=0

[106]
S=$3B1D09
W=-$F0F49AEA26526AA682743941E18DB
J=-$145FEE2714ED7A60C5DA7A9EB70D2D042A6D81E7DC53A0C6F18F3609BD
T=$1

[107]
S=$22
B=$2

[108]
S=$E59174
Q=$7

[109]
S=$3D9FF426FCE8
W=$6245EE32CD0C05F6E8DC0EE
A=-$1
B=0
T=$2

[110]
S=$186
Q=$3

[111]
S=$26684B9B0C
B=$2

[112]
S=$2C3A0
B=$2

[113]
S=$184BB6
Q=$26

[Signature]
1=$9B15192DDA7665BA8547E8BE992510129F3BBEF941001335
2=$D1C4389477E78E2D40831636A69EE66DB8C362B397F270A2

