[PRIMO - Primality Certificate]
Version=4.3.3 - LX64
WebSite=https://www.ellipsa.eu/
Format=4
ID=B497703821324
Created=Mar-28-2026 04:25:48 PM
TestCount=111
Status=Candidate certified prime

[Comments]
Put here any comment...

[Running Times (Wall-Clock)]
1stPhase=34.78s
2ndPhase=5.22s
Total=40.00s

[Running Times (Processes)]
1stPhase=195s
2ndPhase=41.44s
Total=237s

[Candidate]
File=/home/lappie/Primo_Batch_Farm/Titan_Group3_Prime1.in
Expression=(4797791281524132682077)^47-(4797791281524132682077-1)^47
N=$616BE0CA7D163D1BE25B6A35E7FF7C26B51F336B5535D76DFEED6E4AA12B9C2888CA1E815A022A67E4B027C6E51973643637ED7C8526E789A93EB00358997D29E9BE97A598AF4D6E642903B98FB4EDF97CEE75A8A77C3101BEACC2C8DF13A60778A893605359D08D9BB28DC7A9F49E3B6F1DBB3B8E70484A83BAB3DF2E90B8D7A598171D756DD6E2AEDF3A308B459DAEBEC7A0C89FD4446E5C156C39362D9B8B25DA2721FBB24723DB6256E3B45A28D64DBDF015702B68C16560F565D82B96E1B0AD7CCB333A20D1C57EF456A184A2C25A0927D9940DC98D77FA9AEECE4D9659FF3F2EFE8DC4DB82FD23177A7111F650A72C1AFB4ED65DCC04F9821A07408E734305E4193C556201A2C7C7E2FBD1EF9C5D2D6DE0CC334D6623E4286540A8F8BAA8F151E0B07E6BB3B93CB24F0A2354A560B0D9C927A512E7C5E5ECCE73155E6DB1F9FE00F82FE6570EF3825268C53BFDC95DF63BEDDE0C8B886BC7FEAE6DE4A47B9FA04A7410F4777325F89DD3639BCFEF3453F10A3B826C6E3FFBC591F976ABBC1D53F599284DBC214BBFF3AF2E113CF84878CAA1C30495CF4CDDB47905B5
HexadecimalSize=830
DecimalSize=1000
BinarySize=3319

[1]
S=$F5D0
W=$103F6888C2193A65A9005430009BD71CB48AD1D53723AC46559CB3B7E4AEC8ACAE66181AA17D939E1BEC3BB210DD49D7413B000633C8F91FA001DCA173F79CA4B37DAA8B55ABFF16C86FFB75C1CAEA70D9C888DFA7E126D8811E92E5CA69DBD698C94B186E0613443968ADFB499A89E41824177228F782BB00F1E1F6C5C00FE188B5155B79F172B5CC4E6D2E9E1FC505C4F92F8B0B2E8DF130E0D08E32D0A0A5ECF8B9832742031978D8423F1B0D8D644032747AD0183F0A5972BA2DDD7FC1CC00353CC16D93E90565591DAFC93B13E6
A=-$7328
B=$1DBA42
T=$2

[2]
S=$D723998CC0
B=$2

[3]
S=$18B6C8
W=$14EB9902FEA46D9C5D23EFD55E7CE554465F8C05477004748719F2E92F22782B0A09871D4AE42AB9B9DB516C2A1216FAA6F8F59B736DCD02FBA5E5FD9AEA0272068916AAD52085BD310AFAC4E5F47D8A228D604607658E5367A897DFB670E6EC17EEBD68B3F561E2C100CFEDCECA8305A4EEB2A2E898294FC54BBDF1BB2ABCA3DC6E4CECFA69678533B97165FB70E2EFAB1B2FFFD298C6D6DFDEC153303A2EB205716C8267759BDAD86960925E2200B14AB34A819A4A37BC5D6E1D2EBCADE1824255D802968E08DA1480DCF02
J=-$27C9C11BCF215F7F3071A340733B4B3A5A0C339498D4AAF0D05DD397A2250392BE4E37D388A9DE94B5F26162A98A77DA2176A2BF8DD56FABFEE1A208B603EEC48C7268785854C5EFC93D57DB50D9603A7F8548C0D56C36A23277ECD82A7997D1E8C93A4B798421424267977ED435DC3DCD7A45E755D02DE5F10DFE5E7A0082C3D6018A5BD56394E558A3FAE691F4CA4D8A0D5837620306792F4DAEBEA3E990C11E7904E2AF578A58C612F24BF09778591597DF9658AF8963D00B868E2342C74AC57E0B50E1F77F48D28DEA80ED8BC804A081E43F1A468625F76F96E87DA0283FA4D0A21F41C94DCDC03D97F3B3FCD826677E250ACBD31A228531F0DD63FB80A09DB0A67B7ACB609FC7AFDC8D30BB55EB275EF6369C61B7E550860425945EEDFCC41CBE42735D0E0A62E576E373BB132B7032F81CF9906008F85B783C63262496D0E4671E695BC7B9569A06AD75C8F148C2755D0B21D61445E9018D3A6AC73A8D52977B9B51F13FEF71BD2941A368AFAD94DDC2E315B35F0EB9F687705AFE8C40F7AB7019035B4102967B4DAC0208BFF88E503E6AABE10C0B
T=$8

[4]
S=$350EE830A
W=-$43D14B957F96A1146DD25E296B63521B112FC453C84C2BA043D3770EBEE2289CF0B80F88FC6FA344366A052C50B3FA1634B04941504D92B1907293B151545B2A274FABFE97494A5DFA90714B5E1ED757634291B43279089AE98AE4B09FDF2BEB77B7A08837B32BAD249872071352C4788345F40E692989BF2AD4E3A74C1408D107774F84B7E72F945743A3C5E18B94FCFDD4963CF2466EB9D951B1DBA4E0C7F610E01619A4F3E3A16EDEE2C833CD075A4B8A055029983D37736759CE50977396BE11ECDF98E31948DFDE24
J=-$1577C3532319C844DFF983DC44614B5D327057257F83A219C508DD069266FA020E89EA2B9902D7B3937118C6F881ABB6571AE444EA11A226E1E21AC027C4D8ABBF9BCBC9C9DF2AFB0FCB1033C5CCC8ECE1EA6BC89C0616E9349AEE014EA7180BFD5587E9B33416361EFC661A54F969C8988F68623A6213E9C5A70863EBC13D4C2435F3915E940D7EBE1A3A42CAD54CA769DB176BE706FF4054A14EF8ECFB31A4783D8A867A53E52528F546972322C7B0630E1D8C166346723A06E82066CA74FECBC0F1AE488E81DA30AB8DF5CD8F1137A7AEEB77F94C5B7A37F6962F771F0880A7FF9A378613135D351EBAC018396717E299753135B8AFD9AD8D9B8D3E7E036916125C037628D0135E431AA06D9EDA1029BD84283B78833F00A289FCD1038840D992EEF3A846F7631269F2B92507C5A0668B4F890BDE761D87627B29762FFD1721BBE5FD2F973F1EEDFF50A58705533DE1C7A76A8221878A796D2BE8374A6C11C48DF93B42B5E52FEDC7E2F8772A8A290BF978B0744600F8D1073F00F3EFE15E55F38987919DCF7A66ED62F78011A240A840D4ADC91
T=$2

[5]
S=$77E6B609E8
W=-$2622DF600CAB321831BC3C891C7668223C5DF74F0D41C3E1F29CDB35DEF06691161D2B89C5D2FB7CEC2889CC2324563415AEB9F488FAD5E45B8D0F8D195ADF9034D49F8B20696CD22E66425A79E733F54FA85636F3A68504695092AF8042303F16A83688953E8E7426BA564FFB648EA4A8B3D0781A87F1443F33F1B92BD7B9AB76CEC1E0F6E5B670C2F27E1DBF5A8DB00E2A3F6015CFEA38D88E96FC620F60FCF36C4DFD9C45D7940B73FCD77C11B7C937E272EA09090E721FED30C654979467B066BA924B40D369F4
J=-$A68DF293CCA61CF0D54BE3E15754AB84FF93882A1BDCCB707DB6C70730E0C54781D0FE1CB63EBF9CE4B5BF39C3D9246ECAB8406E41950173570B5F65F0FE5D77402C6C8AAD6012B22A875EAA1E58C8F1521D0C1EB3BF52BDB31256689B10BA0871C3D3029506A08CEEB0249DD3A4BAFB622A83CD11F96523AB2ED031633FBB5AC61C00598E97896B58B925764131060AEACDFCE54D490BC97F6281B187E73BCACC95C621E9C0746858E50F1DEC0532549FA1770DCCA029B2917EEF99D16AA0AC0DFA2EAB8065D135F2FEAEB30EE64E21CCD9631F640FDC1EB4AA9496EAB0F72D1AE10944F00A610307A9893DE4847E5A6A4ED76EBD77844C2ACDF4CFD1400A06169553BD4254E8FC694167A9A28B31A5F84D2720C0D5C384059C807334984AAC0E7FBF0087949C5D8E0EA6DCB692C80EBB697550841D1511E73F79165B1E81CE1173C6B7637C502ABCAC69FB29A18EE9D9DC5881F2715A386DABE3CA93A9E485715C719E1749300EE98D9BE962735375689C88F197F617DEE6BB79C866E7E14AE8F6323F88E19B47B5B7357A564DECDA7
T=0

[6]
S=$2C40431B8642B78
W=-$3847E986E5E9D4346E722D936232367F691D72FA36EAED8EA8B936C1DBE8F569E5BC6262D128D8B09893A59557A0B3203A34AC38CFFC05A7518240B7A263F362AB68348ADE5821D1446A501E03F973CB394A16742270F97EDAB94C6B195E7264D3CAE28B164BB3CE53C385B06970846254BFB492F1DA3B2CDAFD81D89B0D459E707E01C8D5EA63865461CD1FB5535B4E720507A8638CD5D84E0737F3B588F6C31FC40A860B87C77C006990EBAB2C157782468B464B42B152FFB2D54DB48CAF26BB6576DE5ECFE
J=$1634883C8D3C41A3174E8D5C93570F5543560F5CC3B1F449E07D782750CFCA4BEA92AB63D037531DE81C61201BA8DC399F7C43FA8A21761D84AE4492BEB40EE89834F8C6EEF31D9214DDDC313AB51564E8F8AED10E32B1F68F85E36EF5F9543E53F359CDC1AE65B07CD78F915EA7344BA240754DC34FDA661B8F67AAB062B7CDFEF6A4FF382D593103BDD8633284E4902333CA021CB2EF46ABA97C100A6FDB0F60AD9B90ED8002E247FEA1387F0F8B45B60B4570DDCA11BAA894613DF103F4E440F7EFA6D4086E5B1B4321E9F9132265B7A683DFD40B806264B7A12AF432FC2F09393E27A494E7C3F55CC9BA196FB2AAF8915DA954CC50D9116CEADDC48E19E2224E6B8E45B4206153D6DDEF969B3B1FE01D8BEED55AE582ADDB324EBF274EE85D01BD19FFFBCB46524492D8041972C2E1AB74D4163FF2F00BC5E59BAF85450C707587876BCF8144261957C516E953CC42E5753221D823359D370F3AA73B3688910077AA4F0221131C39B204CD49113645B189ECC324BB27C1B655DB929F9C4F8761523BFA9FA50EAE98C1D83
T=0

[7]
S=$AC440E
W=$1C18FFE560B1C8E835C2E4783A17AE55931B5EAB6A072B6662F70E31DEDD41351EB7F38BCE49561075B3C3C273DBC2C4ECE468D1458A4511DF5B4BC5DF93E331EA276967455712BEACD7CF0EA16C01F85B44EBC40688D3A688C1E9F9C57F31708161D31706160AA6B941C8FBC057C4CBFA341089107088B11DD703DAE4FAD39C3C732291D4DF44864427CF3CA91F45349AF2B41133723A8B50445768F8A2A86F32F02BA16F48929A4615B9DF83A8B5E8C066B87A31C2831ED3E2D7F491DF8B4C0540E2
J=$3F9A8C2D92DBDD80F52FF60C41AB9E2F41AA393E8E22290DCE959066643E377D840D74D0C3E037BEFA95B025CEC604C6BA10296145CB731FF3FE728EAAF19D0E71D89E8C3A9902D5357400C84423010DD8755216B445DC94F998C3F80E76B3DBB64C079B137A1DEB145EFF7877D7AD2E4C383EB8D971C7105501D86DE40EF99D704EAA0D217BEBB95B3F80B8F26EFCA633B615C9C13172F25B8BBF126C488B3B8220CEE47DA02CDB428DDC4F21D75AC51285CE4C46871008C3AE0B244462E73FB11C7111DC3E514F1A33DA072B4150AA3D92E207268718E9F6C508736CD95438EBD42DCC9D4C7E11D0557E98B308CC2D96DE0C149333D19892DCE2C6B29FCCAC84F3BA28604D4E19EB178A09148ACA7F79D39CC5A5D01F695F1D38DCD9542C16278BC11E445D3B21CE57710C32D1DB4D90D758156212727338F18B92BCB96D085A5AD0EB0AEBD2E01E9E24D77092CC5566EF8B90E44B5B6CA327604F1F8978925A709AC36AEAC17EAAC94C955BE19914B9C30B91F2956C428560BBB1AC57F811F3BCD7429A
T=$3

[8]
S=$4CEF1F9C8
W=$23B29173DA59DAF156EF654E47B494035AC193CAC7FA444A30FB3FA591BA604F7825C2D6FD7FFEF4E1AD3635F8F6846EB530C685AF491747AA852E76945F08129DDA8C96684A5A3C2972C91EA6DB9B9DE312C3A6E0B85329F54B7E76B75A3C91FD049574EFA0D8D2252C70DBCF87FD370D11477D191E78510BF6C171615F07D2F17DB8E6CC652BE4919CE883D34ACB7B2DBE53BE3070FB9202F5BBABC5F585DB2301CBE56621C59A481FC465117326911D5E256946DEFFAF94B42E5A7E741F389DE
J=$4E3A3042A3280A5622805D4694280A8AE160C3A1745E34AFC5040E6BE0B394E26929A0C80B604165E73EEA4898E5EA51E674C2A433AC5BB28F20FF4E12526EE381588461CD8ECE4C1E762D9D9452A195180BD176CE9AE4D4AA74DCA2C78E5843B443981D314EA46134B93B3FAF10E9E77914546A7A27C1236C066FE5CB3D29BE24C219EB677B4B5D5678FD7926CDEB5B6483295BC1E9934FD7E044389C85AD789FB1DAB1BC419B1D3D7BCD40579D176090A5F59454BE3563DA0FFDF98FBD9EE2B3C4919135766AC9ED71CB4DB7A21AF8A13F18765C0B8A84F52B3B07BA66A58E9353C10152C1003E7591DF434FDE9B85E6AC30B59525E2D8B6D36A2DBD252FC956B7B9E282A098F0E0578334717CB44FB7DF724FC54B477E22F802EEE6579577EADF2CD73FEBC7B3AE750806AADBE5FB3EAF7EA69E8B35D95DE83A716218947070661D3027AAA88E61C637DA08A29B367214B19ECA6F3680F8ECAEC5890FC363FCF0B3846BE80A5CC1E661D7856953D434675F8BE9C4B70977A63DB089EBE389CAD0
T=0

[9]
S=$4E
B=$2

[10]
S=$41DAA7D
W=-$20506DE9485F659B9D6AD4BA27BA7545C0AE0AB66582720E3F781F4E2F99A7BA8699770516D8BC63C1D155977A28A488F6BD36E8B2D5637E330C85F683F06DC6E1A216E14C95479AA5B519CFD25E4EA0CC454C2089E011E1552C8C220C18B90DD838954041A7DF2CBB283D3CD32701EF5F3065A1D270F454DA791B4037C9077A20D6818F93AB0393FAD1F03B42C6BFC9478EB36E8FC05068DE040A96C6E2C60434180EEBD0459435C9FB64BACA820A05D391EC5481570C76715D6D9143C8E3
J=-$369E2ED7E428A1D70647A48E631C92AE578834034C7BDD66B17CD48991E35A5318157E7B9A70D517B54A9024FC0FCB245F7729152DB2CADB505A4BB5797973ED64C78CA711E141B4B487E45DD712309A002F1957E25928380426E0DBDF86B68D9E21A1DA2AFCD9B58B397071D7A5C04A1478A33894A4CF3D25E9B5993208875D8FE8AA8BA52D74F86719FA0C77BCDB3030D365CE06B9F7C86986B920AAE64A492A4C77ABEB68049EF8D8F0F03D5B26D53C229C6B19D97906B8D441ECA7AC8370DD076291E39DB28F20B715B14CE68C6348D8D4D1627CFCF1849A8D52612DE8AE8A783717051A9B5B1510288F6C29578252F724A59B590568AE8A33C963482BBB1F7887FE9DBC36FE30A8A773687E603C48ED69C47ABE25257D13D5F8194D902FF5C46667057F2EDE50D446FC86D7A49DE91B710F5E8AD7CBF5055AE95040D56AFCDD1324B0604D9E2DC597253DF3C1D4106B16050929FB6CDD1AE9844C93C463D1BE97919D61841BE3A201E9213833290DC384952E8C25833118498A5
T=0

[11]
S=$42EBB5100
W=$10F0AE34FB2FED7DC9AA1BEFC361150C49CAFDB92DC11E574F016F98FCD76AFEFC7809978DDF1376D2F8C577FAD1454B88A65EF0A4B05058A99DF3C1A006C0424E311612152FEE5FC2B46AA6D878C234C3031D36458945F858142FE93A780C27CE431C8EDC7370BCD412EF0E5C8B4FB3BF5773554A3F5B701442AAF3D85806490B637F603DCFCA50D8D2B97EC72CC560F920B5483BAF34057A14FCB35C30CEE45285B74347AEEA7C5ECF182963E31766127CD00BF52AFC0E0EAC45A5F12
J=-$200D0E6937C5CF2273EDD9CB9B00F74DC9ADF21625AC087686C1D2689F0F26787F19738EED5D021E815C58CA757297ABCDEEB742CC087A150E3FB09201E9A7AA15E23763DA6B21EEB8305908097B47C30485FB817A3F3432A973C4A02093C1421005474F6092D0CE1FFBFB6DD555967B948C190DD4354C05A255881A2019FA5A2F3DCD617ACC23E48BC6BEB807F3DC27229F7C77ACEF6DD81D54A1EAF09338575851F1144320FDDA77E6EB25D4477BA3F94DE902338800F1F1E20794DF99B3EC506675B14A3577F4D35BAD4E2D7684CD6B7449A00408435CE88A576281DED486ABD4BD8E77CEE642CCD9A302E1BA3BAD61799F651A9BC406E93407A891D1587F7CE1ED0173FF5E14D3F13CA7F0C2E2ADE76013D14EAB1CE42F4C9F7A9177D2BF0A384271ACB48479B60C8757F59407793AAB89494387DC2BCD655A2A50D50BFA3FADFBB5F3A8635C4363C302198EE2550AE6482F9845840571D35F4A7167B78A347B2344D6E1C2E508C68064F38E133A208EAC2A7CB049FDDB31
T=0

[12]
S=$6C5B4CD69C
W=-$A7CC634D68AE7AAF20A57DC0BBF4E4AB75EAB34F68947AF47142C3FEA89941EC6EB1890004C4040699B5211ED0966467D4D852585C4CCA85A73726F612E14BEA660B1967D33B1C7C05A7348FDEF7C3580C3978D3CFF734BD0735303190C197A82499A2822C6D7BCD796FD9A73AD1114BE0C2232626242CBAA195331D40EC9CDD960B1538F835CB715CE6F33F8BC2C1A5A5935D20A45E8E63F47FBBE67D9988503FDC288D2FD8140FAD85EF3FB2C2F226CD795AD6A6830BE141D00
J=-$D5E32A8C6719621647F509A6DC4387FFE5C6EE6C94E38B03BFF2C75490BB1D897C62C5F801FDA4EC94802523E44ECF8DE084E989BAD5004E2DB6BC5B5710CDF922EC12CDD87F1C763A5E9BB8CA38801F0E07C5D417A1D3D76FD461FCD26588698E1FBC2CA4D189BA3F47D83668D70A5F3C6FECC9F37B0365218F7344756DEE8861506A5C1AC3A529ED85E52CE48D111A0B474C2802A85CA29E210F8ABA4D8C6113050657BF532153B18530A0B95130775F3F28BC01589F17339078B4B56E472A1208F148FC39DF9A8FE0D700AF63014ED7458B30F056208EE5676566AAC00C9BA5D7E7E92CDC96CA4A923F9735A5A8A6C46775AA5E9A1D767085603F1F7400B3F7893E64D94ED78C850B1AC4ABB2ECB5CE3BD9EA1E3EDEC012A2567286068C40328894DF899C0E51FD2C2333C2D5F7A38311E67718F84FCAC86C117C4930E5291B1DE880497D42E3CBC59696235267483F3582EA2197AD190D0034FB18AB96351058DBF7DC08A5555FBDF4D2C222E811B8EB8DB379
T=0

[13]
S=$1007C3F7B
W=$AD722ADED0C0B93D902D4D62A4AA924837D344C7E30286CFC5C650506D30C3A890DB3B31F2F7F1B5327D762BB69F02324EED286C5C41C2AF2656ACC29CC72983EDC787101B432C0F8E1FF19959EBCD05B277C7D084AA698C993284246F0864D76443C8A747FC0244D13FE40F1EA72AA7D4A4F9F2E821DABF95676B002CC390E95A4CBF96C0D8BCD9E86D8697C3FB24A3493B5BED1B1EC0E8579D704B176A056288E57F633D38DEC7C6CF72C8BF6405B35024DB094EF61BA13
J=-$91D6F02ED3976B97AF8DA826A54BD73A829F465D2035FDB42A167220E5100E01D9DAA93078E851334FB781D741E19BD306E7DA5C41F39FEED651B5DC646253A3D3DA76F02CE956CE08BDFB88A1DDCEF2E6152144644BA835B04EE122A20E3B494ECC2F0D85223A8B52DE467657A644F811D4B97E4DE52350D3CB9B4A2988FE91AB50201A39ED6628BD053CC58E1713F1681495A5B7E332F3A9E6B2FB190126E128817B195A460AB2C10504923831B1BFFF033F86209C11ADEB5A8344D08C94AA256290FD27301320707580C09835A6FE2D6FDF40E3031FDAA387AAD5D5E5F6D8D95215140A872EBD07B919A6991EE46F6EFED2D1552ED1DB2FDEC01A15E3A2A106BB0CF6B6D761A0A6630549E4FCEFF7928336E4B59B6094EDA061B4D0B8EED094BB559E28609A037CEEA73D1A986EF02DF78BBE5F1179400DCA300E33158B4A23DD61552537F51D23DA2F4D516E4609D00D86292C82DADF51C64CBDC258680533EDDA13ED326ADD8420BFA2F6776253F
T=0

[14]
S=$9FBCB8FB1EFD2CD
W=$CB15AAE3EA3438632FF340005A7D7BFE5355B8E0AAB34EC747BFC533F572F140BDBCEC04659B75E2ADF64C79DFE72527ECCDD0C6FC122D002C8DF5D22585A612B6D0D61DC8F01D831FA1F43ED1DB552D836D7A2AB8E1903721D24AB73676F7A728CF3652750E294315157E70601531CC2A7738897822B866447595C8346C5C04509DFE8F1C4F5091AFB029C8FAA176AD1F36E0AF2FDF0ADCDF49CBA974B5351165E3ED4F492E3714E09D9584E5DEA4FBBC26108250ACF
J=-$2DB5560103D3DCE1B103FDB61382D058F8AE06FB4F662864FC70EBE47789153170542D7A240AE831AFEEF82895B7B95893585E6D96281FA0D4936396A6C2CC9D85B84C7665969E9AECC698289731CA0A1E806804AC63295D4CA0E9367DFA72FD87C153DE138F61D2FB65FA57F8943C9AFCCBE3BD11015B6694A4DB4D90C408DB75A4B75B0A5D585E57C8F2CA7EC5AF5F5842E15E80FBE8E70DFD884E791A5192DD841117DDCA80E5BDB3C69DDDC8C6798DB150E57046605B957ACB5A033F3A6A08B8C8BE61FEF448766BBAF484C9DB77AC4AC7E9F812724DED1A1F37125F73336981DF9B7323164F62F30222B29AD6712A84A7C190A875CF887A272BB96C15A99D67DE342D27CC3747D4B6513151D6FB854E8D661F01D1AE154176EF50AF898CEB68E075FFE80D07D5E85204AD3688678F54D70AE102190AF5BB6EA287BC36109C889325874DFB1F4471CD4FC4EA21A1A848BE611FC8BC72081F3899E469F32B782C8694DF950BAFAA8E44EF9
T=$5

[15]
S=$9E292C
W=$1069D2786C95C7D65C1DB02C75F1C4AAC3ACF3179A0596E889583A96A8EB9465CCA1B957BAABC81737488CAE3FBDA355B4C345D30BBD2DE99F1E198E3EC3F388702B57D9F6491280A1AD0E3059599CB65B69319009EE064E7742561DF5BA317E733EB1CD7E1B56363367B92AD09B33D39E036F73A7F1C666B980C0B396BD7E03F6C382B83FE3A96B90FEF6D9152383BAFF83C9FA5BB505CB3110580EC6CA641EE3FDC8E9A31BA72B2F7A93772FFCB674D9DB1E
A=-$84B750
B=$24C7B73A2
T=0

[16]
S=$FAFDF885EC6BA1C
W=$48CE3FF8C29FEEB6B4678106713FB43AC9A1E883282422F8D7DF4BD3D4C2790D97F1A8A98E3F625EE64CC3AFC2015BD89C68C89DE8C7D562FEC71DD6CC99A94A63E56267079CB89A3433836DF72CDCEEF92A56D5EB2C81F00976B8C50EEFBD46697331D660939DF03D6B4CFB260D76458A888F142CD5BF306A4E70732FE43082A6B7BE4B5FFEB097DF5D079D25D7F1608F0FB0049B4335F2C23241FD5845148C6FCA0FE983110FBC70C7544EAAD367F7370
J=-$57D0D4A4FC7674740E30BDBAA73DA213567C41D0204EEE272FC52DACEBF99F6F1AD317D999D06125B416787F238E1F03C0DC8396D0398B991F763AB7EF53B895F176B1FC256E189AAF98268E1B4F0B86FA7214876F22E2CD700F53FCC62EC4D1F64679E4909B7A2D784220B543AA30D2F52DCC08D527BA8383B3EF6BCD23873201A36ED775378EFDB7B06A91FE7C10C026EEA6D23E4BA3EBD15FD23B6174570046C77BB0CB3190519691D56F33D339728889598DA9A63AD9C9D1BD3B07D7FE79158F00976641FD06600FDB2F11763F845059FA72D0F235014B6A1E61380F91285972331CC51273974D7B0EF72515484D86A4BFEBFEECAB84B38BF604C1557433AD13A64CDFE5B1964D173FA71C85DB4D933FCE657B1A6052F36AD24E47E8C37B2275125640E7FF05557F82F7FC7ED4FB459702C93AEB29F57741AA82A18837FA1F54D50C4BAEF601F7238D6078730BA08461C9C4E1ABBC07D06386967DC270310038
T=0

[17]
S=$BDF6854
W=$14861926E7B9977A959547B753E6DAEF3F55B7D6239ADF1C5C59E720360FDD57B695DC6139FEF1FF8DAC4C9F7EB975ECECA90AAEB22FCB1B9C09421345C46AA340EC4150D263DBF67D6268A8F5FDF9987ECED1D6B7C40740C5843EC733C33782B7455A7D60EF3E393351C6DDEB318167B794AFAC82D630668B41DE7EB4FA1E88475C323002F5E085F76866043B25FA838373B395776024E7BD5937ABFFBD02D01BB0F2EA30A0E392E52173E5BA14
J=$12ACDF543C643862525BBA89264A974ECA067064BD1DB79764740C303128213BB6258757D33A82BCB3CA0A2410EBDC4D93F4E93A0DF4A45F7E1BA53944428E1ECF69E6EFCC80467289F16F3F5C9C0597EB2FE14FC4B79A2719D381ED08C9C5494690F347F074559A732C2049D905214CD7DB9BB3FD30F00389D20D9F3E7ADC5A06B89CE27EBB070A51C473E2313AEFC11A3C42668E925115C4F000BFC27907920B18EBA1154AE4D30D34F75837363022085F5B24602871899C9FBF3F6DB2243F8FEB78DC7A995E932F8ADFF71096C8959CB82A39722F8BCD6B6BDE46F9B7D7DC0148DB21CF4E11D2B3119930F4EAAB1C508972824E62C66F45FEAB9F9EC447F9EF6963E99669276617103D7680E872E45778242A2CD84B9FBABF33D7532259CC2432EB0F394E2EB4620F20E605765FC29C2A85CD9EF2A46A85F9E5285DE0C4B971296E87387FA7B76235775870F500A4557B2FEA10CF90E36E9C31
T=$1

[18]
S=$568ED0768CDFA25
W=$2C87139BA6DD4C6CE56BE46AF5A24DD55AE19AE08B614834223A099209A5DE55C499F5562FE764C27BF7E3CB8D38B36C8F4ED264B69C5D9C5874FE21AF65F6474F3AF2F766778ECD582897FDEA23C718C370BAEC26D095D0E35E6762C6B4ADD41B8EA6C66886DFC94D7C2CABF44C568CE64F453A833800144948DC5E817B85A661F9C65AB144A54DC3AAF7CD02AA597CC57DC69C92AE27134A5E6325E8F9E26C3E0B055B88A05C876002595F
J=-$15EF9B614EC428429EF07722B45D98D37B6A1745D21E9F76E7E0F4DBECCFED95D824B91C35566BD43AB53F8383C63C2C30D5C90E025C028088E9617393EF36B7B144E6EDD5D73FA05B8C6A3BE15C88A5DCEBD9B8B30F484704CEF6D21A78384A9F7CDCB655B075809A790E6C17C2C6A645EFBE0A93562EAC65510F896B8383E36EBD02AF5F4F56F60602A956E142CC1B4DBDB066E4E532FB23DA082D3F370DFECD3C57D0633C603C249D75E1471A2DB6B32088F81CD5259525B76D6DA80901A82B4BE541B674B831B568D4ABCC9073FF3B00A3C3A9ECB39CBB28F50ED1FF44FA63B62F435E3C88C2B295E6631FC8B4714C2E74A2558B199F366851F25D1CC524D8D2BCE6102BB4191827652E3BAC7BE782A0A4EEF974CDCF0AEBAD35C38BAFDDB05B894FE9FE1B914E8EADAAEA65645B30E6AD3CAB9BD8CC60879C88C05635DA5444E88872DAB093D21639FAF500E28B095ACF780BAEB8B
T=$1

[19]
S=$850A68
W=-$12665A7E2E42251045EC70D15258576258FF7D3802CDF10FE508926EF1D4EE0FF289F0E41AE8A9ADB3F424594326736AEFA45DC7BBF9813867A264FC3A0F124D914084BD2CD9A2D052F797A510D08F4EF28ABEF9F9DE5505AEAC82316295BA456E1B9DF3D898ED50AA62A13AFC8E4DDAB063CC48317F64F9B8325389A3FDF955E9F6530C4ED0B36AD67275BCF5E634F65866BC63C17497199D81159835A8184DFAEFF50771B7316FC
A=-$23
B=$62
T=$1

[20]
S=$82EDCEF4C4
W=-$86ED94D14C7740643EA2D36C5C1FA722DFA97683DF86C7424A4E73925213E4C4533AB83220F4F59615F19F6D975180407A3435FFF4475CBBE2E37459C8A7E90055E1D6356725FDFC2C4CCEBFADA83BBA3D325C755E0B970A1DF86E83CA8DB441E5E17D8607C788F07096B76539C2D22271A022C3DF168E60EBACF9B8E922F0B6F4672504486B84F075F152534678578B5F312969229779C81215B1EC50F016E8EBA20E1746C96
J=-$15BD958F7D7124412BD09EC120B40FD19326E7084B40DB5E05CAA0E559BC1779334217B6B9E347E56FF8184A6B2E63E9B9042A396F2B7B11414E294166C268CFEA711EFBD66B23828421C77F0062F60E06DAE868ACA32EF9584B1628C722F33755AF49AB33E6EDA149BAEC63425222B06F81B17BFB1F4D6E992D937D8C31F06E097ABC4538CBD99B7BD8A7A7BB04338463038650515C83E6A77B26F674AE20C320131335F55170BF235A89C7C831946B50293220795871A17B9E8595C94A502A426B87F3863433807DB88D9F1A19C586ED158921C71C6A636E8A87EC7B874364C61D494370FD84606163169322F9B430C582EB800672B4F295AAF4D35B6C95091849059B36068B7C1475A2EA3F85751B22023A923327C2E8A84C8C29B7DD362EEFC2E1CC5E46F21269856687C3FAEE435EAC89C7591ADD9F64BD0FF632B80EF24F6A6D8963877EC65F7A0C153E6
T=0

[21]
S=$1B0400
Q=$3

[22]
S=$11B6
W=$B8B1C26913D18C7A98748C4F7BA5C89A6DC17A2E4B8BD257CD0F22294C1D051C8C704839805FEE7287F4ECC520AFC6E485F3997077098F5645414D4019594B4196131754CB3024AD4414460C0E246DE0D37629264B1F3C761DD07102FA66440381EAAD1A192609554CE814F98235F9518BFCFDB11E6CCC04CB18AE89C10721289D70DA697883AB770814D71955C488435694CE9C986E3A34A48048420861492CE870C6
J=$12016C515F77F3036F2D7C70FC9DCC5376CFBCE3D6FA5EB573D9AB5FB57E5C02080B148E1B96D7617114F87AB9A16D15F96E38AE5C1E547AAD0F5F9EF8404E4C8E6DE6EF3E8C5FE8EC5B21BE1B17BF7C43A3646BCA4F0879FDD5EB38895706046F17032EA6200FEA3705B1B793088F57712BD2DE2567B7908471B24AE7F83CF5A6A12F240BBA69D0C336D77D4E1DE97DB052BBD9D10584EF264A261502392DFDCFEE635CAB0332D37238269BA58C3EB275A5635438627EAEE5E97784032F99CE136558EED573648B06F3E73E4891E26D5A78E4350726F4B4C01CE3B8C825C392233F1A18AC5D32AB6A6983774293026DB2E90EF6D30709476A20A129D8497D2F1DA19E32289EDD4F959460BA6271710387DBAD25FF3E21CB9B24A861CC9E608BF82DC44F11F1851E8398953CF9481D932BF29A44A2484E2F729EDCEB507DE151A322F097F664
T=$1

[23]
S=$BC9340
W=$2A7ADDFDA7E80E9F34CA626F44E4A52B4E1EFF9720AE3D04F807FB10648DB57003843F1F510086FA39B0BC559C245EDA5F4686805C66BFC7D65BA742C40B4A21393BA2DEB216EAC158471CA9B8EA3D7E9910018AC3B83BC19F8D107BFCD6E420E40438DAA8559DD3F6178739745A3712F1DEC08068089AD5A6437652CDCEAF1FFB12F9B32561005A9E3D2C75D1ABEB8179D2D3251766AB56B926FF94FC942352C20F2
J=$1A8F3B8331D681950D8D6713C4C411FAF3F6FA4ADEA6D4926BD53B1A6E27ABAC5C9C1185F1F33141627859E230AEEC1D7338F381B1C43474701E12EF5567F6EB9AA96338D3908984AB5B784DCFDC9FE690EF22406C807AE51BD0D1E258688844F4A555E3E1C8FB9F32E6F615E8678B691978092CFB323D21CDBDF9E5AD3497F822FCA26DFF19686E077CB91C0B855FFD018A5E9907A418E822D56CB63A8A5DD1ADE001E454993B6A24990A586C5425EBF2CC74F6EFC1BF36E79A6C58057B96A467C5217BFEEA7BF291E84676A9A78EB173ADBDA928E215F83D25CDF4681F2A535475B7DC9B34E0178CDB0296982A4598CE7C55402EAC551BFE9B9A07F170A592F9AF557C798474011132150729602A38A4C6A61BCB7B0166208E5140AB3BD09029798D33CA154F33DDD5A44CD25DE72A328E50820604CEDA67CB7EE4E853E0A49CC99F23
T=$5

[24]
S=$17668D6B189C6
W=$351B3BCD9B6E8797491E22D10C2508C6E9D53C475E60A987BC735F56B3C73B6F368CEDEF57443805023F40C7DD497B2E470BEC19183A8159E12ED92A97016F687511ABE3DBA6E4A3F4B23108E0906A07DD6EA3A2A8AF9D8FDCC60C8C1752C945A0DA9B5FCA8EABDFF5231DC7B8DA34C5C23388F12F77215B883E43EA303538B9B9A47C0645E12BF797B2E94D9F2113993597571A938488459672953BF936BEFB04
J=$FA81369A08E2CFD297A15FB438D3E3577BCD6C2FA45007E3B2E6E652EA944468C447944B7DE47CC85FB7046173EFFA2B4E85385113E4980AAC876835379E26744DFD9305FB0A57495D511A2766C64DD675B6F11B62DB4438912D13D61E8B58101FD08F04C85A96C3FFA4E6F578A80AF204BE2BE21006E49C6C3B7BBA92D8B02BFE8BC2BAA92F46206E6C31085C935A5A145838F0796AED7F5CB1E526EC10FEF112BA916E93B3531FB0C58364A5F77123BF5F1F0A21CDFCE0088D82222A397F54EF062C9696FB39C6F00B5067284870963165F37F82898839F00371DD10179A79CDC05BFE909630FCE5852D72BD13AE4676CB77484CA6911778885B41A68E0A2BA4B4EA6E881CC5C6BFE4C8F8E3929A9D8D6CEBC8D933DC518ACAA19A23A61FD310A9E210083B23F350BB45CB10CE522DC2F1051D6630B2DC4B12864A86C65BC587
T=0

[25]
S=$173400E2A31764
W=$372E9CE24EAEA337B0AF282D666D88DC9CCFC989404D4DDAD7B3D0440A2DE06B40DC15B3966D84B9F237B3665FE48342B9E13BB0723C176C0274E37826612EBC8B1EA85B7BCA9F6562078F37FE4B3CDC522739D4D6CAFAEE953D69CF07FA64E4701A22097195A259CEA485035317BF48507B19A4270098DBDEB812C72B3DDADEB85CF517940A79A1219AEF28218405D525F0059897CD1966B57233810478
A=-$84B750
B=$24C7B73A2
T=0

[26]
S=$1318D0A93E3AA4
W=-$B8F129BDBF3393D79EDBCB66026AC548060FBBF2FD2D9FD5259EEC1219948A47CA80F74BE029DD5057C4D5E44EB8B04222C34AEFF2FB55DAC62BE5302E4C0303F7D56BC9B95CCB275600A51052E73B30E4AE113EA0D0C3593B0BFAB5523E8C727C0D823B23DFA5DC4457FF64801B5ED736E67F259380FA308364EA5F968FB8E2CCCA7C2C875E89FB4818BC5936CF052CA29D403A4014C81ADF66C
J=$62FF3BF767709F8033407A54DA9940B0434F76CA4D660CBA04AFAD208FAED459402DF7071F3C954EED90E10FBF19C3DAE26A26DF8DAA2E300C1AA7B2C1D0F1E51965B20FE1A163F7A035615FC91CD3EE3C6D0E7F117B708DCF29867F21DD2557759A1D42BD66785E4C8CEEF350D8274F0B7FD74B7E1AE93D53C1E83B08FD2558C35EF11D55003CFC1E6C3D7B4DCF92FF4D346EACF1859657A49106C3084BC2FAFA7EB52C64B26CB11FED562F7F93E40F66458092281D283FC1CD76E6175DBC36EDFB2604FF285857B2F1DB6D8094FFC3FFFF035F30F05D2A01AC0CE8DC8C4724502A8CD582388C1A5CE48DCB8E834A458FFF0973BC240CB077E85196DB44B5B45D099240EF633084AAA7BB3E788984BBE2D5746531E45678F1015AEC5E65E8D4D40D9B7590BB9599693D7AA7F183BC9269E27B8DB
T=$1

[27]
S=$489804721
W=-$28F19E26EE519F8FFC590E50D097B199C204FF6BFB2BBBC4851598740B03671421DBE7109F9F4695B292FB46B00DE144A4AF1E775C625E0B661B4F1D84405A23E2B75A5022F621D187D490B675026F07E148435C7950FDC633AD0457DA323CB0C5FC501B233B329083AF1F77DFF1CB76F765B3A872A23DE61629C1D94C6CB0D0813858FAFF1CF2DCC348183F6E20939B5380666053D5C49
J=-$59365C2E5A647E4DA011E40EE71A0948E2B758977EEDC129FA4727B2DD0760D19D0DF55285AA8E42F9E8B03C0E8E3AD7128950A0EE88C4D5F8E46151E8265265D6EFCF3F821B6134931FD1D5ED2F99D996CE1A46384BF1FA20B07C1D6DE10DD789045E54CE4E3C8014616B04CB2A741B6BA1083C000F96BA562B6E8D83FF2DBE462271813421269976DC3AFA4FAFB97D195EFA4B62220118119D3A3B9E8E3C435494FE8FE8ACB2729ED18E557D74CAB161B9F0B8768932FA58A25BC3A89E9BEEE473A867B17B4AE0F978FC7E64A975F3CFB14BC72CC7B01F7114F86ED91385EDD8A57C0E3863DE173717796B281E0B52DB60FF3F6B895D8BEF0973A648F19D292113D258ECAB772566957A40DCDB080019A20DA686EDD92197630C0F328668106793ACE824CAFE71C50A2373058D
T=$1

[28]
S=$20850435
W=$C38A31DBBCBB644EBA29749FB95F71E9ACC816A8EFCB3F44F9DB280986022DA6203AB704C37F115DDA7A4DCEBC943724A8EF26781AEC87737F8F1DAE0646E2A78A7D4F6B3030013B1F6C3336AA484C820F13072B5BE4EB275C1930B3E9C05866A60D59FECE3B6544356BE9A0FCEED4F545B15C04270CC3B4EF4A9B6B640C7E644C4A19E56E854F672F6C5F9BB26D95D7758D32687F
J=-$A39FED5C8F98C19441E0C9C023A21ACD43344AAFBDC53E4B8CDA0B853DBD19F9FA9DF540096EBF9D22D54BD2ACC7FD7EAD737CB977027CB62E0F0CB6CAF117E2A6A2188064104DB612E4F3F40BB7727446834ACDB9D58D465F1BE1F8ECFB5CAC4A7B55B03A8FAF84D8B9FD4CF98034328D6574014616EB906A31E001FE4B714BACAACFCE760E3A2ACF89669280FEB25AB935D3888E855130A61D751CA45C7FA36DDD605D0B7E707BE655811851926987EDC61359BDAAF000F89F3ED1AD52FAD34004F7367174DD72CD3192BCA4A97C09C5F506F043DAA7365CD8EEC378BFAEEB4A6F05DDE6C8AB555B28947F8CEAFEE5C2BA2056A76BCE0568C7B8D594525841FA70623364FFCEE1387B4E7CA918B78D327BB83C47A45E49467026AEAE424A9F9476CB8197CA2D40604
T=$2

[29]
S=$37FAB58
W=-$343817E4AF5FE57B696BD57BE37CF9D532DFC4011CDEBF8ED99CF49F6736B620485E0A9E49C121A1ED921688D4604742E4E013C8EB4EF7FC6506D38BAAEBD7E2045342B73627ACF473CDAA6A53F7F6CB4ECD0901A93920CAAF71879DAC791BF02B8AFF1D69A2984CE7828CC285BC3BF3433A8437B3B836854606274FAE2763CC566CCD31A2465566574F5AA1360723BAD9E10D2
J=$136886E08BE480C931CDCF33A38AA067AA120AFBD0F9607656664045900FC28C5278D1683D214DE69185DA2F8A416D86F5F8E4EA07C517B8E3686B2FBD096581C8B85D585154489566F4EF555CC940309BD541E8EA9E63BF604E9A6D6EF9DFB8603E75D81BDB5D9300B18FAA1093F2AC92513140DFEC3C5CBBBF5F86B58ECA65684B5F2C9A07E2122A0A2D611EA64C12C6524F5CDCF216765411E6123CE0872F1558ACBE404DA961325D35DD0365A344A8B9D25BA23FC51B77B968A39C510267F613172BC3956752B90C789A81C6031BADA3A200C1EEE4DD36F679BB7AC9D1933361715FB186B4CF7C6F76987619A7E52A64F8197E3C76D95280F1D680C3EBBEF8B36CFF3DA4FA9CC674C7140E57FC7DE8E99159DDE03E5FF4811A06077623C2DA53942E7B1C4
T=$7

[30]
S=$1B17904FE0
W=$1DC9B9444414EA93935A912264C7198815442AF5B0010785AD74CBEE3CD83E0F0AD1B002883E6B3458194E0036A2F50434C3A22674A7FD08FF82C2F391CE5232533F2895D7954E1BD78DDF2F2D01B9AB19E143FE439598FBF10FF70EE3495C116C1D04CC318CAD5716A13C484AD26A9C09F55689479DE4C49C4C7645C9BAE53C0D8A056F21A16FF4075D06387DEF0A0D3D46
A=-$23
B=$62
T=$1

[31]
S=$4FECBDC310
W=-$1D2CBBCE4071FCBBB052590A5A999A69F87632057F8952E871DC41A38B28AA7493F2981FA919B53B403D32970BCADA1DF0F4503597C18D1AFFC6FA40DE3E21CD9564B21020460071ABBB9571D99033AA0E3700DFF3C5877B64F83C8A880D47CE7894B76669443BE695AE5DBFDE3FFA428465C420D8B8B2D7F848C24FED0B70E7FB72F098D4E09096AE7E2D74B5FA146
A=-$23
B=$62
T=$5

[32]
S=$7E8B2CF750A48
W=-$9F6BFD7850779579780D1EB2723127327F17EE9A93F33AF486D071BF98206AC3990E8FC79B112F0166D601622C288B7E737F0E104A4AD5F36089DFC421BF59A65374AC84DEE9CBC803F92020B28CB3D7D441298F861369BA75D87D926081A26902BF110AF7E0678D0402A67AA985825691A851952F6726679074B8BC1DDAE4C1E634B4137C7738C89DB71490C6
J=$87E1D8B5F48B2D3BD4585D9647E8BF7D2ADDACFA6408E323C1579DBA57AC26853E9D8DCA45F31B91937C6A550C9BE697DE3436BEE792AC42D18D4FF52C8D5CF9ED84FCA8510C0C918C06591E78766554B9B8DFE3F96DAB5F515F528474F95E1B3DDEF80F1199A12AB2DEF9D540C9BB88B17B8F0E92A1E951FD401C90DA91E5EAA11BBFE0767ACC39E7BEE1E46FC3673594A32B734157B69459E5890BCBF1B3F0B61BB8CA6D17B9A3625C00E828F4093FE075D2EE8CD1E212E11EEA6787ACBF614C5A86B7986E775FBFA364ABE069319403AA2865BD832F6CF712388DF1FB629A9FC016D5C544F9F141D27B1F310ADDBCBE829FE7CEC25DF44A151A5A74B867AB6C1DEA1D53F7BCBE0CECFCFA83F7F797FE9DC1A712400922FA2
T=$1

[33]
S=$117B598D
W=-$3B15C28F5D228B6F3F611F10099EACD43615FB9B64DEB33A916DB3C52E18B49B25CDDBACDF39EC0276D83A0A43131BD968E323BE381B6D3C3D23BDD239ABA003559570E72C61E32EE4B30C81B0841F71FC60E264E0D26E29FEEE535237AB9694E692D13B070FFF2AD864175379BFF09236C4F5B7A56CB73665046463BBEA9205EC0C307CBA64A094A587
J=-$93CAA1ABC4A6E274BBDD54E6B013B91F7499EE6541D38CEC6D984E8394018D5E9AF60CEFCA368219109910BDFBA64E5877AB9DA87FE38A9214419593FDF6CBCE5506B70484AD06CA4B6B859A7E6FCBFCCED166E89A69EEBE78F3B91CDC06AD3DCEFAE244DDD42C876BE6D5099758D66444CCC24249855520D05C50132440EF58DE1314E6825C2B7DB84F23D631B62E1DA23925DB7A170199C7D60AD0139A1E704FAB5C897880798E8ED5284F8C8A311380EA2CB2383D3D1F0C8AE87B6194601A2A40022746F70140DB2095A7070ACC58E7F6D55AE96D2AF3E94ABF3C6E4F957BA38FBE3DB8F28E9BB3E27EB1AB015B5FC4C9149A52ECE8899A8CB87CCB0E05BFCC224481B02E9476D156EE5147E2E6B5016D3C
T=0

[34]
S=$D184E
W=$DF0826EC68860A7B92E407135DD2E757416155D2683F80AE9AA3C41ABC0EAF23519E1BC624E6EBF2DB76BED794DE2BA427250B1EBBCFBE9E12FF47E53D084A41D702BC1F85F5A9535CA63ED7CC12132E1A20A6F6C1D41941D2A27A6DCA35E067AACBD3648DC4137C578F4F1D606866B810879A2B0950BE6CB2FB050E3AC4AB7D912D621ADEE17286
J=-$A848C2EFF750953073E001C36744A03595C9D0FF51A9193E85B73BB9514FC4E0F6ED8BD14282B07BECB7C08D1070344FB7B7D0E07B87A17320C01A3AC566AFEAAD068ED920E463D4A01382A52EDDFB0A8DF046598D18F40BEAFB18EE2D6C93CEE18D1B40B11D9CA2950E38080FF40502DA6422DEEB7DBD6D3C89C7D2CF25797059F208C70BB654E54FC772C29C37B854A1AF61E2A8FCAABAC15141200D5A4A43C694522F4D441C5501819494B789A67C6852939DD405E2EB519B26272BCE5FA59CC024A1F76CB83A59EB88A4625468C1D4E7A19C271A348C17FC493441AF2A40A3AC6C2D47C6C0287C91B7629EB6264BBC3EF8131B3D03DE7DE872F5C866A3C537D5101AA7F1798BF969B05399B99D0
T=$2

[35]
S=$C8D50D2
W=-$2FBF4D7B2F6EA5C9DF0ABB174D4FF88F28D1C5BD764828A03F256B9FCEADCF1771C10478AF622008FF73433710BBFC19C19D9BF0D0E40CE0C370D783E4E52157FCBFC67E8F38AC195067D3744D6C0BDB23BD96A30659A64D58B96A0A4C18B4998EDD4D74652C54C845B8BAF462A24086E1640B6AD6BFD23C5EF0C1CE336F52D0ED1F172969CAEA
J=$AB5BD64A70677044D078271E5675782FB09A81D9189D3B41AF340762D15439823808D406476058F5AF341FCBCE3CD8026665E7C15E0790CCDC187C41E27C70C21C86BC399BE5B260B90CBE67FE2032C654F66E6ECA1F72CFA840DE7BBDF26FB6C7482CC060BCD4856EE4D6E4CA0AC2731CC176C9D901358BD1AC98358B15E784CD69922E672D133C7EB58EABAB6A9A416608B61753EB6B8508ACE6ED6FC6DF2D0CCF2B036B6ABE626CB7F95A7700D58F5E4C06C39319E174F45E1B32A207860BAB24D8DBF0E4EF017685F2EAE4A125A426178E3332ABC043F3934D1B6AB594E60D1B870BEAB46B1C7D37F77C66674092D256A7047547415C3E6D5D6C5E1452DEE6978D2A79433C7A13E58A913
T=0

[36]
S=$471641
W=-$B85755B71598FD8F2C27C1CFD21AD50EE047ECE1122896758326E26238551BEF486952ACE2EEB1CD7AC35E1CE6E64283C1C0767B0AF6F72190EED77451BD1A4899A1F661F2A6CBA2D0CFB82F05B7540CC0090244178459946783D35348A076F29E2C5A3991BC4325FA93B2B36186A955BEFA9D34344CBC07CDB8785459B2FF63D9FD88A23D
J=-$57BE0E216DBE7F78D32F99DC77FC568DF7C67933620555B55D204247812B9DF91B2A6511B54C252251588D996D75DB6606B1D2BCCA3AA5DFF4AAF58B671908635B279CD2C9CC3DB7859DC7A59AC1E173CA5DE148CFEA90D68D50DFDB721F687B43C17D28EE7173880D22E6D39F3C6C7C8D0E90E553C918C562ED31DDE935B2519A28735607E0CE56BCDBA669D7259C9BD044CAA58B4D41B437C28CECA6069E4EF580954B54C237C49B6C78EBC4DE295A3D4D7C037BC9DE30A01C75ED97078926A40589679BDD3642DFCB8BF5E91E23833BB52DEF530D289305022BE30B1BEA3E61B48E7BFA12C5710ED63AE955A10C26E1A433CC9AE0C52D20F668C53AFD08DDF71A54F0FC3026CF042
T=0

[37]
S=$1CAFFB
W=$6811F80D6F2337D0631D7DEB27A6216A74D36967131E63516E141CB60054488998B2F2DFE329035CAE85EB53CF7F225A5B37E199945F6F0F25E1221783C3A77004A0FB1AF71D40E1B085AE3C9B5A2B742969E89ECFBF1867F1E77E1DBDC834ACB2864372298A3F16CB254D4BDED8505AAA29F1CE2F05D35B314969476FF47CC03A712D5
A=-$D70
B=$12F5A
T=$1

[38]
S=$DC09F2F6
W=$398C32288D32C55BE01A86805589421DCCD38D47B748BDE8FB9CE6895CC6710255C6E4009BE18E0A3F5CD582C2870348C2398EC70EE0B6626B6ABD361440A22FFF2FB2349FC114249BCD727BAB183BDDCEBC9AF95C0D31EDED9232F8C8EDA5DF807CAAC9D6C702BEDF0E7A19FB1FA450D793649E5528D463C9944F9AB6931169B0FE6
J=$96C202164E44ECD8ECE77287B860CF642405E49ADA06C5432AC1716D3727C41725FF37F065C68842DE2BA31375D82AFF92146EA757275D3D86620CEC759924B1FD43BCE33DD8194A43C54C2D1B48FECC3B20ECA64DC9839D7F4B1DC141E712F655D4B82640C86B80D09916F27AABD137C6A5A3B06B631F7CAFD745B7AA06B3CDB79E441EB9C5926908CE3FE0F998709F8A59C7FF019D5230859AD025198D4437D46C6B5E34262B47187736893E625B98F830EE8D1F0AA04946AF6EEE7DC4B4678DC1CF5D1C1B0E23D6744B113571763A59CC7E741DA3BB56B8B87A40AEA0B0245DFB97FA791CD7700B8292B640BF304162703EA78B8B11A3231583BB3F6867AC898537FF
T=0

[39]
S=$4
W=-$50DD8C99D6E72FE0F9C2CA6DC1A70DC3204B2D95C8EEA14F07824DA8615BC1D0867FD246BD9CF30E0D2C155217695D3A11BB2915B4663925785B83C2B248A5AEE3E9764E41601B0C806966CF3D89766AB9D7611608715A5DC03C90B068B238B26824A12EAC5C864D201C179898DCD2C54854597732C656DEDEB6E85749117D29C
J=$20288A4426903A06BADA6D9E4EF6B22ABDFF9454B913AE6A73A0F0F4C45D6AD91E85D32024D8E2E5BD86A387B0EDB4A84CDFB66DB6CDA76BC3C03CE71A9B91FD3DBAFF6D7E2B9CA4694A17A453E0950C0DA01C1E7F78271C8993FF442802F789B8216364CA17E3F79C5CD4FD73B28FA42C5CC51278EA3513A89092067B3EB9C031B3FDFA7B058C26B5BEF3604FC5B13D3E7534EA216AE61190269F6743F6B51CDABC81D2ABDF7EA0756CE1425E634AFBB6F934623207BB081B105B881B3768A1DEB400410BB8DAC377E5085AFE63D34E235F4E7D0D94E4314D3A6D361A53FC415FED10CAD4442E6A47D93ADF761DB824A152B9C7757608563CD7C9887295CB665
T=0

[40]
S=$33D746222
B=$2

[41]
S=$2230F93D7F
W=$1AFD331A32E4222A7251ACAE1D8028CFAEB550FFA3FC5C7EB1D3B3A0E40102A7B2835916A11847ADD8FA0F5E1EF7659D8A5BAD9FE81E7FE866BD2F062EF4523D37A101CD6C764407E952F4D96B8B1602EABE4B55C98FD708C41879D24F4F8F34733AC8B4423EC9C301BD5BFF8BEAD2A375DA4AD9D5B4658A95861FF70582B
J=-$3FE3C916B263CFB590F9779E59B977C4DB60406A9C74E21A3ADD38543AD3CCA0CA82614E7D3D7FDA61DF6256FB10B022C1C80B6A86A33948485DEE661E99D9D1AA1FAC73A8BB9E3CC902334CE0095AFB192088DE46B808DA6FCAED984F5C38CDDA673C0184F735766927F46B88CF0802CF307BFBDB7FBF466DC98D264E6B484BFEEC124482AE9665B815062CA982BF262DE3833B1B456F81F7470632AB048C790795F62CD08AAA6E6F244E5D382D4B87009BF2CB469715BC9A3D44B6CE7B5E6BE4C64707405C92A26268A63A88E35E7F793CF6DE7348E8901B2ADDF355FF8AE069F47AF2D7BF50A8DC41CC6D5ACB9EF2022CFEBC21D97F3477CB34BF
T=0

[42]
S=$9DF08188C
W=-$1E6A006E04594800511F2C8A7D697BD0599A63BD79873AD4489716A6B2C8AAFC16CAAAEA8F35F13BCF521AD1E2262B5ADA9FE16E3E4F4FA0AA179206067EDA1BE4EDA2278DC9FC181750EEC227C6A21D13AD735EA1A305B3BA60F5F0C9EDF1955238DEE8426D5E6B3B6F2CD145360615120C6C0F4470A4207ADFEEC
J=-$26DDAE05B9D9EBD6A1C9B975C66FEDB7229A8611638BF11E2ED47F03A072859ABC43C652BE66F765410A1C2A05FE506EAF6C822A82450432D2F779C244008D35E8078FBBECBCFAF61FA114F98F86AC46332300576D00B43F454FD4AAB9838582AAD64D4955F08B8E3373210C9E1E49AA28C20BD030C5495100C9CCBA05D94D01B93BB3CD879E2E0D3144CBC322F1BE9DA28A5D1C9BBAD470C098835BEF45B89A1B6E80F4483C321DF592441C9D90BE769D79FB11CC6BEC8A4D8F3AAECE7565A900EAE8686BE02CE6C39C72B1C5AF6575F1EC730102B8FE3B99194B9FD810CB8936EEE4327EF74D278004B54BFEF4B0F11B1F147E3F92F75
T=$2

[43]
S=$7CB2A
Q=$2

[44]
S=$3954E407E
W=-$8A8773D75C12A4A31BB444AB65837524E5A786D56A549076CA0821696E75AE14DEA26BABBB0871B0C8BDDE5E21F75CC399E2B1C5001E7B21A9B31740ADF715DEC06D3FDE3B6C6C29760A847783D5762AEB0174AA5957F6F571405FFACA5D697CA0506AB24C601ACF40331F81BDC831F0DA576A750F22D9BBE
J=$BA3BC9AEAFB759B91DD94B9F8D7A47A4ED6BB9CE292AC7C43236498AE29EDB134C1DD084CEE23E1CE89E39858EF7218869DA9EAB2D0E73A4B13BFC382A40AA1CE993DC7BFBB246197DD8B5F372A0C286BD6E6BAB13BE53725F408C7A3C988B22784589223139A75C47987BB222B666D84437529B48AA8B4B045860D7E9285690C0537AC910A6D05DA35FB2CB0465546D3A935F3D6198200CF8FF02CDFF2AB9326917BDE1D343944C1C9F5281BBB72DE9258900FC079108AD3580F6B0E0D1E71CBBE561E6F14C3CAC5F9A7BF44914DA5354931D743676D4BFDC35E44C84733A1D248546D8FAA4A71BEC6C5F143191D57
T=0

[45]
S=$436C9
W=$3CB4A0D27C3745F5596DC5AEC70355270093059F5BBECFD1D630475B5D5BC305D34E03229D14D8AE2BE873F7C5DCB3E8007C15FEBDD42057A3499929503C4432F7BAA970FF3C9D7FBF1B61ED8DC0B26792D07244261D4C772BC92C9445239DDA0DC9BF3D52F108CEB1048CB2E8B54C9A59878A07B1CD5
J=-$893D6863A8A1AE7EDD54C8EF75D844223130F7887DFD024F1B109210CC0335503B30D42F7BF5F427A0B5652CB76AED1A35530450A40A35BA8C94A2FEA2B2EC110154BE71D291D0F2DCD9EBF9DA2D98ABC405B6247F03649BA62B139C116F467FFC2237722C9D90AFDCAC6A9C29CE87C3D8C8963A6D68CEF0703A644459802256E9DF3026AF372C88205F1AD788238DA3FEE812CD875B32CB2B31DCC769A433BFEE28F083D92EADC3CBDE7D7C1491AD5E29E5C3875B262BA162358E0B28E03C055A8367814173AB4E7B5C4D7465FC7FF41DAFAABCE4D2FACCDB9F94D9FACAA1592A0F99F458B0FE030FE2AA3F
T=0

[46]
S=$E94C82
W=$18042666E5A39A24FB9567C7FB878781A8FFC8F8A11B1867F4E267BE248B2C40A1CB3B8C17D85A0BB78DAD4D95CB4A6DFE104EE8B2ACB040F244A995A4380A5C9922E0D46CA9CC1200B6766BE068E0BF24B6D36A477CD30283BFA2E3A656A087BA22790AE67934F0E85639435B23EDF2237FE2081CE
J=-$37D7EEEA9A527C2896F3C0FF8230FA9B02E5AD63D61407761475F06609DF0650A54F3B8B3D89B3E6387ED50B657E92992815B9F4FB8F0634FD4282F762D0980D07F7851520B890201FCD531D85DF7FC817AA40A3EDDD1E09BFBC804CE44EBFB48ED780E6EE5F29E5EBD722A9315F13B885FBB59C9CB4F406BF71F98F30803D2AF5AD1ADB7C5BBE6F91D04C1C84DA4EA104E1E449A83177BBEFEF381971D19CD94336A08776C1CD6873E6AEF8CD46D2FDF8B7E552081BF3C87ED69D70E2F935CD1A176D3881C6DD163E66B9D1F5284C4D5FF9B895F6846DCB2F9F1B1CBB128E72A3FC9965DAF19A5530BD
T=$8

[47]
S=$889ABBE
W=-$184F2D87FC9116B635F39ADDF869E2E7330DDED5FDBC80DCDBCE2AE5304ED05CD5BBE21C705E9BC6CCD7D27B536FB1BDB97A5D79A9EFB8CC0A1B768A11A28C6B4515BBE246161A1C0ADE9517A8F4EE381814E4A6AEB3281A04A846EBB42F1636E50D7D994CCEC235AADF41FE07F2FCBE5DE8AE8A
J=$788501873578BD9BC8D6AD786012CBE39F7A2B565E416C41F7F93EABAD362E8409BA870884CAE45319074AAA6230D82DC95ED7A26115F2859610EA1E20282F3733CD378EF3BB16176AB4B4568AC84901088E118711DF46F1BEA5BE0F37081C99986C4553A0A9AD7026A524443F8B578E0264A273F4D238540A203BFC7A2DD7F6DCE489C1A9B3D0C9D8E6205B3D839AD1C0091199EA1A38E7A274445E317ECE9FB527ABAB929BCECFFC189BEA889EDA2CDB158AFE419AA68F0A3373CA8713BFD1F98CFC56087525BD509B3166E96BD2326C6A9C50CA37E95AADF9822916E8645C8ABD641C072B0D
T=$5

[48]
S=$2618D581
W=$4CB4858F6D7ED8679F0DA1A1254CD4D81849194A69D8CB9658C892E44FF6BA4B1663092D0DD0DC91CA988F27077874B262EA7836D18B3DEA65B879086B28E43A898E04F93AD63882600AF82DBF870661B39962D618F382C07DB3506E4EAAAA52CF7B14E0BCD2D2CDB28A796EB89CE6D00C6F
J=-$4133A11802508F6BA4C6F24A862EA44771CAE1A7361529435305C1C24249B1529E568DF1F551B34EBD6DAE5819F1330BE82648A88EFCF10F9E72371B915119F7B8452170543B058A0EE2E945620BEE0E59DF40CCEE3FA6D36ACF66526C331F7762A513FDDB17D4202C81B9F4F27AA7A98DDC9468B0906D6749B371EF9278F6770263B0A6ADCD3B98FE81EE57E9C9E09B1D942608698BE15384785C0B2D4D26D319672679AEEADE0C632BB1690263A7ECBE0D73E7D5930367674802E36FFB15DC17E8C9A04BC58ACFCD12A6E5446814C7022828DF1983A60BFA0300C0B0CB661F8D61725
T=$1

[49]
S=$1C3C6E58
W=-$1F8325B20A4F2C76F6F9F03A72E5520A8D77E86C84FBBD3972FBB047A018D56E451E2DEEFE66E15288517DDE2777BC134CF3768064AB20DCA2C777095DB72596C93E73C29A5F426A501936B175F8292BFED665898BAC386974AAE0D30B8A9E9671A0B6A5E5386947E41A6DC14DDB39190
J=$620DC0C425454A162A49058CC1E2EDCBDA7B64F623D9700AAE95A8E58CA0E1DA3E2B995B9315DBD13662D4367B6244EAB6ECC47CA7473881955993DB7AE4CD030A18F1DF08C9AC33B3467827B31862788A13F4CA6B3C6F082EEE20F4030D913C094967146AFE8EE629E6F4D91C9E688D871DDD413ADEF0B293297B943092A99849F4AEBB2A2E01DAA202CCCCEEB4717E330BD4F6C18DF7C01F770816A4E4BEF1E33D2364AE6055A70CFEF83439ECCB4E74562B6746BBDF34180464468F997A1D23A66F6900B96F20366323FA4A65B44B26E102EACF38EE98FD7DD5A3840D97E4
T=$1

[50]
S=$3C9D9C
W=-$3D5148F1FD55F71E603054680E2A53C83A12E45D3EBA8B2BD131546DD8C48712AD0F9F715E281C2C8F466BC769CBF6F64F85FEEC05168D324DBF68D4DE8CAC4588C0674BA2A0571AAB77A74393D12203E026D16E958F8186448B266D8CD5A38096AED0B098CD1EAE76E51F7CCB358
J=$200F8C74BEC761D31BC613EE97FCA1A66421E0A6FE932BAB530F0607773410E7E4594301C7292B05E51A35C02112083261661F37A3051BA21F93D7CB6206D803A26DBED4DDADF75D9DE7CA9F922FF98D1A5A08E40F79E825A0A71B7ABE4EDF5A55EA5554DFF13CDCA19FEFE73E3A68F3320DCB78881465D5CAC799EDB7E7CEB4BE65BFBDA3582F90F4CFD3B70DDF805C492D371CE3BE9E9AE8337F19EB33D1DD02502EA7C93A1CE1D1CC5A46587E695A90C1F17063FDB03094362DFED7A6372A3190346F589687D933811F9DD48474538AB489721ED4F305416829D0B
T=0

[51]
S=$69647
W=-$697AF094C24294B89A77E91BDF2D4789ECF7CE3031DD39FC389DC273F18AF426700103DF99E80BCF64E452F47D3F9400EA498D684FA9454F3AF9600DE3153A367180FBA94AB391B1D36A15234878C567559169D61545AC5DB7D5AD73A172A4961821595D6492DD8113CDDB1A0D
J=$1176C396FC93ACBBEE71EA8B05B15BAA95FB094EFE64788DD8E426E53F9DDA3C78A93F8C0ADAD0BDB1AD51E0EA367AFD00EAE5ECAC34051A5E13185E0883E5135931BBFBC776BB3407E6BC6EB33B6EAA16F6AEB61D164A140E4E5EE0AA3F445F4BF44E28B0F6535875CB84056FD9F39DAC3A1EE27A1936609343FFFD18625CC0143F145A28BCEE09D0131D5DA8E470646F9C958A3F7A65D4D3B9639A2472D6C829A88C876237C16FBE305707C4C3416981A1E9D1CB4B906A3EF40688C5DD7321C9BEDD28706509CB40230ADFCF75506100B38748B78FCE7931C2
T=$2

[52]
S=$1BD03A
W=$2D561EDA0AA15163658C75C0C15F8ABB3E5ACE49E26EDA2E5CF3D78E712F1D12B963F69A06FCA3126DA3DBDE46E15C4B8FA5AD4F2031B94B1E3253C7B57B8FFE945F9987931F4CFFC5698871F7B2EF5C3645EA51409095DB5C4C050C2837C527EFE3059BF483A4E95C7DCAB6
J=-$3457D8F7AE4F7640800347024FF69E94360D845D9C948ADFDE6B31D9A8DF621F5FFAE286105CB67FC2A1AE2E689E854E9828466E4079BBF03BDC56568F446468F4A7234A327A854E60C13B2A35F7DB869710DEBBA547B9BDB993274AB5E5047D077B9962CC49521B9D5BA2EE1C5B2662F4F7C56EFDE81AD3CFBAB7D7C21E7B9A2F8E31E55DC2416861E29E2AF4959FC69E2CFF856A29ACA9FF54D06C1C3BAAD0D4626635FA5A57030AB9BB8E35C3C2FFFDDF2C12154E041CAEA1FC60743F421DE81E552DADC199CAF2647EC51A1583CC9AC35EF5174B0EB
T=$1

[53]
S=$AA4
W=-$694CA269E276CEAD25E638DD120A4923EE5CDBB32439BF1C4E21AC8141C95D7F1BCE5B658F4FB7DBA7BAD9B0CCFFF9BF3BEB200D1FCAF1279F5535F87536ACD2043CEB2C86147DE1BFC08D72BFC51F65FA9A9889F254F8DF48DF723D3B371FE5B98C5E89EB8F10D553C40
J=-$14FCC96EB907EB8AE1ED305D8C8B6E30B65ED0B7C7F46B9F9590B6CBE24A4ABBD9FA268CDA9CDD6E79EB7DC3A17E4030F250ADD987341CD5EF9B9A3B6F213775F84AD3328D155641BE9C33E858C7FDB39A8D40BDB3EED5B8C4EB9792E38862346407238C7D367837932C9BACE0BE1D205D870317569E9AAB0889E787A3A006549BE9C1D05FD960F89BD0B08DDF1DC6CB6F0519DD43D01DD5498F380E147F1F9C269955D232F458678FAC2E37A0D69E34DD72D2670AB126778881154D15EEFC1FB6EB471A89087BF406FCA6BEB54CBE5F70DAE43644
T=0

[54]
S=$4886107
W=$194D24DD837FDDFA10C49AFD403214E3DA701303994380AA6EC05124494F621F1F4D557B0E784B77B5DB7E613CAED34ACDB6CE1BD725E68E219C2B2924B00AA67D518D637ED68BE30763C6C9FD1EDA92B14F40C830E015E2DF46E9BC7A080E437734E8B52C18F9B78FA7
J=-$30B9E3E64B863E5520D0350DD6EA210BA75537010BE6EF902CB0BC4976A30290F4598CFD3C05A62264C467B0D77EF6AC211B0034E6F037BCD710F023838A615FA646F5C992AF4E273258051AF4414C6B633C0AD72F3C9FC14D231C5466B2F56D75D286782570C858D584FBF6079FD9202F6457F116A04D29D0AD9A18F7C647CB82DD8D6B2813382C4CA0B3AAF4588952BDB0FE69508A6CCB968BBE7CE801772C998FCA781FE45013B98D8F6B03113946520618283702226BE3CE74EC3BAFF7A3F064E96CBEB66B41C527EA7E050E8EAC7BB1ED3
T=$1

[55]
S=$FD672
W=$1C224D06E0985D25803B1C6BB0CABDB4E1D3F5CF340DC4069F5266EE8C70DE0E722FB616C4C4300C4FD3888A1BB262945F7DB0B5E4C434E947CBABF16A2159C76C01CEB84B0472996F7525066986E7FC10723559CAAE36BD97B110FB10E5FF6E7E249556E6B6D6A2C
J=$58F85A8160AFB5C828526087BF6BB60519CD978175D211B5FED5F2C30F1BF188BF2E5E51870F95076BB2DC6C090F2F59A66836B3079919D74849CFF0F01502B76649A0D059101AE15B8C1FB7BC8784B32B95DF66D48CFDFC12E8ECBC7B037AFE567EF0B574D3505185153E648EBD10C82D47821B62FB786237018C720A69A4CF946120904A27B14907281B716D48B542353E2873AAC2CE81257B64BFC9E1D9BC6917B77198D96D89CC945808CD8AD213A4C55A048004007B6578B491A42C40BCA68C18F9DDA09DB89CCD0C4310216C98
T=0

[56]
S=$2B2BE911D2AA70
W=$8A7C29291208E80DF88E56E67F80B948BAF72A77B6E8DC889B96BC05FD75800EB33980CE06D9758FD85B4CD8FD959B65C645A240CED9E995CDD69DF7C94346BD0F5C0B4596A96F6600DF0571A93704609BE1BC0AEBBEB29325D8F456CDD54709AC6453A1BB5CA6
J=$47BD3627CF7F7CF3E0A57637ACF4FA279EFF1AF2708FF2B6CF50E7C7CAAE76401AA8BDDC98A44FE967047BEEE96A562118145E0CCF34B5CCEA6704C3621ECF4E0E04EE3B19D8725758FA3DFCF21506B16572CF4317856BC3E2794024CFD1A496D51C56869995EB01D58B2AB34B2D6B20E6C1728CD3852B41D961E0FD126AD5E7A36D7CD18AF7684C6E2B4903C6162856881071972E23F1458571B117F0360242EDB6D40EB6CDBC85E716650B6E2641B865F3F5B9CF1549B2D1BDB7B73AF225BB3A232463FAEAEC7B07BEDCB969B
T=0

[57]
S=$503C46
B=$2

[58]
S=$1FD567D378A4
W=$8297E1EBE18CFFD6D7807B6CD2D53651AE01D3DA365968D956CC0FC6330283ADB2A55E2A77DDC3E3FCBBFF5AA6CFD9F29E6FADD40BE254505D116642D62738679B64773A45342ED7F0BB956E0FC0B2E611928A02429B42CCAD427D1D524BF634B03E
A=-$84B750
B=$24C7B73A2
T=$9

[59]
S=$6F0E0ED8
W=$639A1E74C8F31A7A94585798C4B6EF99BC54EABCA00DCD780FEE28B454413AFF972F16981D18BB376F28E34987009F5EEC602B196B1E6BB931A390CE4D54DEE238029B343FF88950DA988CB66D17196E74971DF9FE5497F6C736ED833527ADE
J=$39A5BCC9BF1D32555C633C854EC8E9D0436080DDE16C6AC76C72EB9EE22B4B684621358B556F85B3181999575B72A9E1884C74189219B349E7DDD58DDFF8B1AB6E07FABB67FA431FC53F0767B76E270E9A133F68D0548377B6C40E54E823CCD2B06853BBC7A8C20FC6F4A913D8B21C869DA8417841B8ABBCD4DCB3727FDC35D0428BA84164D3D4F1193D19A7BF17456C2BA89F6F5E8F4ABB34F79E0152CAEE8788734C5280B711FF3D12E55CF7C1118D42807DE57F8B57A3EAB96EF5AB085
T=$2

[60]
S=$14899E66259
W=$9AFDBCB54F9741597692D4C9A7DF456E92283F1F067942FE666204692559F693D998FEFF8A033CC31F8869C744129E0AE808F22FF452C539FDD07552481F4934696A166C267DF0BA0FCF93AAA79D65CA100038F7F3A1B3DD66BEC392475
J=$4C666C14FA1AE76C67435BE2C683D4DC98158FA2E93D981D4E48C8ACE3FDF2111E24D2AC9D9CD94588EBADD878A9DA39EAE7A868477E7C2272B0A8A0FAB06AB93C1F553E81554BD803F9CEA978B2F42CDA2F1F0F5332A5CA9CC8197CB55CDFB5C02DA7BE3ED1E077C44C189E9DDEE53A00A8C221D95DF4048B36B335CF6D62AF981A53CED0A99471A0EFDC6214ECF5F692AC7FEF7892F8D481FB2BE63D4BBBC78F270CCF49EE2DE2E8A8AAC2AB21CEEB004CA3FA93CD01A639970
T=$1

[61]
S=$7504104
W=-$1F3E388CF9F2F84FDBAE23E74273BC4A3C93F46800F519568619206155B6D8AF3E1A85814718D365DE547DD0987F5F9B5C868006670CD404967E516AADEB2829C3DC45BB93D67C565DAA1D72FE6BC3260AFA315478D157FE786990
J=-$9620BB77AA2042F132C28310C669BF6BEDDD1BBB382B208EB15204F4C13703D42EB769819DAA2663900DB24F4070C1B8E6DD9F5BAA9C9C8C9EEC712F0074B2E4AF9EE59C964317E7EE0667DA3FA5069780FCF2F0588A545B97F730D0D93F585BC83A02CB62B3E56E708DDB5F8268C518F00C1ECE977D8297426D985FBE171251D831EBBD2E0486E91544520F1E4F240E5A1B3904E8CD1B31D5BC430887B0BA4CD81E67F9245118E22E7735CD78058E220C1B3BC6388
T=0

[62]
S=$308F62C
W=-$395D2FAFC8CFED61BB1FA9EAFEEE08EE02AEBC831FA740BFB517855C79A62ECEB468CADD08B30B689A68BB1A9723EB9F364D431EB127AFE4ED04C8FE910AF70901F043E826F28BACB0EC646100CB60BAE10F1DC07156EC19674
J=$101D69FE419517F1989A51BAEBC18BA935464D30F4E2DBBAACDAA356F3AFAB3412DA849305A421676B48CDC6935EF095F82B98866E00DADED27ABC5912F1726A09C3DD8779F480870A429B837D0926A707CBB8B00D0FAFB12FBDACB0C175243775648237AC88500BF4E91D5FD4B2A8488A19D2F966C3D86BCC5F6481126D6E262316C5C63CA815A9EDFECC460DB6862AB15ADBC91F0399D0C93D98B764EB6EA4629E2CE98B687A423916E2F2E0AC5B7BCA2B5
T=$3

[63]
S=$2D0886
W=$20CD59620BAE3DDF8DE5825F1DA439500F3B5066D5631F46002254FD52883925105A538844A32306125168EFDE35B26D7CA57A5411C9A2678395CA29F64DCF4301F2B0715106FCA82F39A6D7B9E7FAA68FF6F6CE58F79F16
J=$815EFF96BA1B04E5325B852D7A1680689BB684C5198945158EA9D95DCE6FD8DB8218B530393B0C0042FFA4F633C43B0F21B9B0FDC88851FFA7098B8C88CE0414359772F40C89F4519499BB8E28A76B9391CEB4FDC5D0A042124F61EA41633E18FEC8D3793718DCDDEF78E0E69B0422052A5494E027550BA45B777A589E85402754DC4D96A2D408A283AF1CD256C379E7ACCB3B6A73EB9E8A8A9BD16AE239E7CCA5E7C686A319693E0EFE7D55A03B4C
T=$1

[64]
S=$3E0B9E4
W=-$E8FA187B71DFD9B3D938A932918036DC0C36A6D48CED6F4770B7E87BECBDAC7B1ACFD8E8CFE0BAD72CF01264D4D73F50DBCC0D05034CFF1F0B20040CDDC88263E55EBB9605C16E8F937B50940653302C44C4B08E5402
A=-$108
B=$69E
T=0

[65]
S=$35CF224
W=$1FB852EB1350E13F254C805E0D67F9E48725EC2D8027322EC0D69A352F8238F43693AB053676CC8B95FB212832CCA88C5D921F7C7D5D99BEA4ED70C4B42C44CCDFE6AC27B00187017CFC410EB5FC0C23B09DFDB312
J=-$2FB3CC93AA7E012D9747EDBB9079B76F94649D1B2D4D70C4E6D8D3D9C8C147FEB386266CD181F1359B8AE5D2105E89056FE87162E7DAFBF47A47BE6177FCCA8AE30620086B618D37A1760894CB3F9DF4D86F0D6369658891B458AAC63345B71463744673E5148DAB288C68175771635F3FB38303A46427C3A03FD7757BECDE9D55A124DC3358C5E86A59A12A3F14439D42DD97F2EDE0265AAC7BD2A0A0A80638CB1DF7921609FE4D2
T=$5

[66]
S=$98005
W=$14E01810EDD3FE3BD202D25270E630D69F4B30D424A8A2C9DFCE89908648E3DEE445C9E62F9AB5A410E6361BC81587CC877864EF678BADA3CB7FF3F0EBF43E32ABCF5957F8CD4C9C3467AE77F45789CE9D0057B
J=-$297630CF97B0CC15B4B8F129A698B5B736E1E1F3EC9A9F307585D213A6D8F8BEBF429BC2526C9DD0C30829B0013E805558915EBD0C282EA2904409550F390DA288705BD6626EFD872B60C5E3F956A39606DCF0A27277FDDFBCC1699B3017AE97D0726DE6DF17C3786AD12041C2CF7CC16CAC36FAF763F11C5F87E0B0F8C9E518F6F0BA0C8CC3DE0841CA9339476903022EFD40279A68338B3CB7F06C887D6D246586707CD5F7
T=$2

[67]
S=$149D03
W=$554452E0D88AE6BBCA8912AF03FA02E0727C0D9B2A5C8277A37767DC5D20D30821EF8C81739413E0E0791C09B7189D2227EC660E42358F597146390AA8D999EEBDC7E5657EFF67F1116754CABD2223BB105D
J=-$AAB61D8999416124D2A0849A78F07CE9B6004B2FCDCA55B6E0711EAA03E22E0A74C2E4D7B16501002A1793223D828DB63C383DA905199106562C0D420FA036FE5183A408F96FC2DDD15A1FE8F89226E61762F736BFB8DF4A06FF8D2FDD7E3BD55877126F6853B7E1DA8F5BCCF82F159C68FF18CE550D8171CEF6A6F8F76359E8EBCC489373A644953E1A1A4DC0CC5EF36534696D1957A3E6F00D0278589A11AB57BBBC
T=0

[68]
S=$41D4
W=-$190FA301BA6EFC2EF57E49025A72C181C1943B685EBB82540DB360FE1A64ACF6E77E12323A7B13BDDDB40A05CBE255508F1B6E67529AC975140EDCABB041DCB9C911F79B5C13FDBEC5475D8AAC117B68AE
J=-$D7739618A981B272557271B7573752FB9D667AAF251B0459595B6A41525659684543DD5761CF0BB066415D6D812D19DC66A5213D0E53C1E158C1D5FFD9CFB2F24D24FD0CA815B5586886F8FBB7182582ED21DA26E55190BF389E4761D5276BA79F3AC4B98807702F6F51913DC436429BC29FE1BF3608F843F719DBB6A6455AA186B357BA165ED75ECEB888A055188DCCDAA80A62AA3AB96CB4F4A5BA1C83F3C12
T=0

[69]
S=$62528DD5F4CD83F6
W=$28FDF1943FC7E934D2A2713EE9B1276AE383BB2CE1A5062C4860DA38C8315AF49977F6237659A01EDA5CE91F27FEB563C735D7C50618A912A5B062190019B5593F1FF2154E033212D851C879068AD9B2
J=$49D81EDA4928510D6BEA70D134AF57DE3CA932764B8AED79D718BEF6922738394ACC01C52D787A2BF05704599105E063AD462B47D78FCF485A4EE008008326A56FFEAB68894057A5A60F90709E45CCFA9E8764A19FDFA8131E7791216228068400E6883590AE9D065D60E299328CFFBA28E456748A131A65B4B9144090B4A8543C416E2432D682196CF0F66012400D4F15DCBA385019DB9EAA0399F8DC43A4
T=0

[70]
S=$157A8B5A93
W=-$D795DA735B430BED31AF38D09C6D4CD7F6D6D4982EF9D373F3EFC922C3E5A46B9793F54EEDDB720558059D432E0CB7C986E9312DB058D2ECAAAAE8D03CF3FA2961F5E23E0992BA2104EF605
J=$27E3901822F63EA6B4A4B968A70D77818D3CDD08F2F486DF2F146A9DE786C8101F8B1159446468D2E1D2C37D5F28825A1852F93EC6621B8F95EB4C167BF18E9778B008D88ADF4FE7E102DC14F05C75B1C9E923501E6399937A673A4CEC5709ACB7C81CFDB8E2145967DA6B037E9CBA5286E6C88EBF5ABD79568FD23E8F50D55F007DFD6BA02541E11EF78A955FFD93D0DF0F7F764D0A276
T=$1

[71]
S=$195AD460
W=-$101E43B786F6344927C78BFA7688CAF116E757CE6C61D575854C3982953A5653FBDAD57BFE8FE3B35F31B92AD3853F769966AF9653FCF9CD468567841D606D2A56FD61A39EEB5CA5081E
A=-$1E
B=$38
T=$1

[72]
S=$1343B2B9
W=$34ED6714FF7C091B88559380E9B5513F53BBD507F14BE6BA18EB0B38FEDA892D8AD01FB084878E33C57795FCAF44A07E03856C5099F0EFC5FD1FA5191CADCA5D7C1B8E17A68441C7
J=$CE1DCC5493B557A876C2A3B7C5AF14046C27A9852F02796FFC83353234C8E590DFA02E056D9C211A0DBE0AEE42C70D21CBC47D78766FFEA9C81C16DD012191559993AAF8A857568046E62D2B90122E98BC426DAA00B81821B23F69A0ED74DFF09D2EACF3F48431E334C9C3174B9CEEE3A894B4689EFF74FF27CFB0A6F8E3414540D2C01BBDDE1902710349614D7054
T=$2

[73]
S=$14C4E2B1
W=-$7709885042A43584222A3945CC2FDA2A888FA89B469ACFA64723B341BC8D27387FC7CC3EA7E6F2B10DB24000E30AA0764AC873EE448E57C517C0DE139A7333CE3C1F36A210BD
J=-$F22CE88FBD56E69D0DD0FBB02A792C51A02AA895CE9A3A731343EC6E2ED33FEAAF8A2618DFB44098E4F5139BCFD5AA17E7B9219F019840DC2AAE38D86F32508796A6549DC6D6C37D166679E0B25DE11C6E8D022C7974A4644336256A2CCEE6458AFAE04FAD8EFF4675A1CB17361BAA71136247F590E23912CB2F109E634A9D4C0041FEBA6C716A307AA9305
T=0

[74]
S=$16945A8
W=-$1C0A68151D7BD9C79261ADF2D72233F63A628C36CAE0D7DA9FD4E152307FFC8ED8527DC9B2A6D58B6468C4F46F1F8C1D818D58C69BCDADE47472B6B5C37DFFF266F447FDC
J=-$DAA3ACF4CE53E7AE08C8B796B66730BB21781C223DCE1D9240B64EFAC78633115C82CE7D60EA4F8E91EE5A7CCEDE3029F88BA074AA704C93FB25EA812FA4484AF9D93D0853C47D03C4081327C2CEBB3BD0FAB5EEF02062DF64DFABFC41BE5F2CE48FFB0B5779AA239EDF661F7277EFCD2F3D089D0DEC67D74EC20F0584456EE3AC32DD36FAD504A9
T=$1

[75]
S=$D51D12E2F56
W=$1431302F3DAA7A5ED2D7055791200315BAA4A900B6B0EB484C97DD3AD8CCDD1A3A3437057E808794EB791CBD32CBEE93516AB3C129DD6EEA4EAA5EA049AFC7CB28AEEC
J=-$5EF6F111A0F800CE7B4F5F637D2CA6E3F4149983F7C275A176EB3033DE3DDE26A25FD404EDDBE972E37D003E76692DD30E002BB1B7060344B8CBAC26978AF591DDDF9B2896946E83B8374119C4412DB13A55DF6FAA25F9974060E3BD0B5D4D49CA7AEDF005393424BC0F976393EACE8001E4B447EADA541E6026605C40034A4F3FA1509544
T=0

[76]
S=$547C60
W=-$11BC5C0455CFA5799B7359E688151BA5B2741B466549324F5A7D6AEBA17DA6EDC519C6897AE4AFF211A03F56939CC1B83860AF6ECA753BDCEE8255ACCA339CBE
J=-$BA5F4B138891F76D1DD2DE31282275DC27028FE1998EBC493EE06B9A6DB7FEC633965622CB559CAD9C725AF285922BE5F205AE64D5D1D6F1A56F0D8FF2FAD1E9DFBD994B3B8D47FA3AA0DF6163DDABAEAA8C8F9535E5EA429E0A1FDF0706ABD55BE9885D053E6DE72A9E6C4A007A3313B26EB28E2550ADC6F4518BACB2C0CFF
T=$3

[77]
S=$56E9BBE
W=-$FD04740DE474E5FB1F9B65CF14EE99C3B0C01933AFE82E2C16F1DDE8924645CB4D4972A4B53CB2F201CC584472C64D246BDB32360D3AB458B77DB2166271A
J=-$10FB86E066A6BF2CFE24E1652675790F652107B19A228FF13722FF4BB904AE864B18F03A108219A604EC1F1F6D7F86C44457D3AAC761B45702416C60BE96EF5913403D3221A13E321D22D25E66FF93F95C17F9709A7812474717370E7805C88F6F120F5CDC567C07549B0DAE1449AA8930EA0F12DF9DD556434F469661
T=$2

[78]
S=$F8418546
W=$5C00F0C2ADF8EA13E565657151A7926CCB6FA399F39FE277A8E6A686629138580F6C1AE3B895526E971790CBE9A946A3DF998B3073DCD81481A5C10FEE
J=$4EC271B89510A126303DDF25FF21B6F7EDC6AAA17B9A153335069646288AC02588437655CAECAED1D8D4447754B438B2103CD3878D1912256A488B0F4F96CD5FC756541D26ED3C537168E68900505F1C175E3CBB0A2CE6A1577800D8A3FACBE97C503B6903E7A14B4C110146A13BABC19F83218D80640CD969A
T=0

[79]
S=$2EB31C
W=$774C490F08A27DC1CB4FAA108AD1111ED036967887D1C489B6E90DDEB525FE3F789F5F3E37C1121D3F3B27EF7AC94C19C1F09A657692F80B8EA6A4
J=-$4319CDDA1916411625F6C29CCA41A49EA28637949CB147121CC2D028AC5E52CD2D7C828F7E985CFCCAE16CCBC7E08D6112119F0D3D7C0FBEB7C677755E23D990AF6AB3239F4501FD6ADFF8B685A617E511AC16FD8A08B963488824BC54DD433BC1AFD33DC5C97E8D40B9858C105B199216243CFDD07
T=$2

[80]
S=$AC14CBD63
W=$A353312A127CB3E9E7E6146807E46D6DB02DF3D471441547F0D8C45FE372D3C7E0F72BEAC5CD809AE82260CA219BDF19E37E3B8BD945ED25D5F
A=-$7328
B=$1DBA42
T=0

[81]
S=$179C
Q=$2

[82]
S=$762004
W=$F467072F0CAED9B434A27CB3C3E52651F549498B92915FA6753C26A2C03C2DB72CAB44028B42B01642DA298CA805E32C64E3D8830CE14
J=$20EA6EAA24CE55BA4F3948333F67FF3754882489C6B440823167730E633D004F16042F4F555368EE25C465F033957338E826D3CCE9CE4B4AB3F563F0EA9F3B51C3126F03A2A482CB80F02C887648A4EEB796F1D8D89DB90D31459C20102137FD47E8904AF1D55AEB06EFDE74D8
T=0

[83]
S=$1CC9E12B3F848
B=$2

[84]
S=$2FBA65DE
W=-$138C89560264AAA786EC6AD602D94F9CBD151D019A1BA0141B60FBC5CF0C2F94091861CB8A4E80A237590E9E61098E79DD37C
J=$D2F4062F09D490966F73807984A9BF3727B1DBF4E0F6D77B40B1F21C518E87908D31EFA40417F3CFE43B15A12FEFBD911B21970D813AE1B519EF5BAC1F97C4E73DE53C1F19AFC442FE1BA9DBFCF34BC1FE8FA6F419E260E69EF65AEC5D65C0D9D30863A
T=$1

[85]
S=$2F3936D3
W=-$2988D86F06E90EBEDD51113FFC67BE35290B7191035D617C9D77F116C320CB3C6B4A223FA81C8CB65F2F09DE069C42BB3
J=$5C5ADB3C96B2C9245B0282A0A907D9B270F2F7138A044DE6647C673AC5AB20E00AE0F4F5A0065D63AC1575E268241F9A2399382C86FD6AED7C190B3F6299954FCC8361ACA3E5F2BB9A3462E9DBC81278D7E43CFA4E69913841B26703A14A9B6
T=$1

[86]
S=$40B74
W=$4CC82A41D01B7627186D20184EB12B0C63CD349D5B4B39B3235F74361CCE96D84DC7CEEBF274317F35204F7754746
J=-$147712D33C27B33647D23E0BDBF7DD58046ADD3F2F68EF700055FF9AF08B8EAA567464060F40FE71C4D2499E3874E54D34909A2ED65956FE60CBFDDD19A6D32A15A6B0EDA460D9C6270E3C9D7C94C8F2377AB81416BF95AFF356FAEC
T=0

[87]
S=$2931BD34545
W=-$32745B11E4CE1A1E4CCD4CC2167C3AAEEFC9D509B87A20C3364FE7C29CE5E4EBF26A401E5490396BC3C0FFFE88B
J=-$E7CD16868ED98DD8738C8768321F4F990DAF52AFC509762DBC675E0F3A516F238DAD4F2C11AD486A80025BB52BA7C05B46C7348829516F6C4D5A0538441D077994B44787BFF7B139225BBEB1EFC7176B4A8AAE9DBD184ADBD545
T=$4

[88]
S=$FA4C628
W=$7FCCF9A6D8E957C924908E96289A7CF65C80EEFC1AD6D6C5AE252D46B15B95D846F8E59EDC8A070F9582C
J=$1947EE555338B44124A6B47399DA57919A0B927D016BEE4273C265E5BBD4FFBE4757ED18A5CCEA8EB3F3A3C47208C0D776BBDBF628CE8B3D0F0D64F75BF0C722AAE9EC32047EEA473A816E0815045F071E50A1F933
T=$3

[89]
S=$2D0207974
W=-$4D7C7ECDEFEB7F596A751AAAFB7CEB1589BAD0D7DEBCB4B81C6D03D73BCBB948B85EC2A60EF72A8296
J=$4DAF96E6BA3788348CD02922F9B657A3C87F363DD9549C0FAE6FA9259D828DEA89DC0CF1E66CF69C08F5DFFBC72776E82D51DE243DBA42E87F0401FDF1651A7B417BBA5731B7C40818156D56C1192B55FCA
T=0

[90]
S=$66E98BF88
B=$2

[91]
S=$2284B2
W=-$C5E9CEDD1845A4C181B10F86F4D8FE01561076A19045874DB7540E5F71C8296745E32E1BE
J=$76636823E73637E39D81C9B88754A579ED3E55FD1DF433FFF0DA98F6C9069E6313FE16FF3DE162AAD49B39AAB9BD2D6B26483264FB0B47D06FC49616A8459D542E6F4A9BCF63208374
T=0

[92]
S=$D5CB1B93CA6
W=$1698736F4A5F102E30B692F18C4CE7D9E8DC58D6A5FA39FE0F8312725470343C06C7902
A=-$1E
B=$38
T=0

[93]
S=$4
Q=$2

[94]
S=$60CFB
W=$72AB982236A2FEFBED3619A0BBD13B597EF091C15E9490D40775A4DF61599E27
A=-$D70
B=$12F5A
T=0

[95]
S=$94A57014
W=-$4A05E4F0806AAF7A12AE3A54BC50C50B35D1C68A561E5F154640C0D47EBF212
A=$2
B=0
T=$1

[96]
S=$A2791B562C
W=-$3B844F492198C17801E76C5937C4A494DD1381DA68F72B89CD5C2D41B02
J=-$306120529308AE31D053EC009AC9185127DB0AEE1C30BB1238B91AFCA791F1680FEDF124BE726DFDDEC5C6E0E68F4C772831D4BEF3D101D2DCEE1
T=0

[97]
S=$5864F0
W=$3FD2BC480ED1D503E85F302AAF034860B5A3AAD21C382558ADCAC6
J=$958931F32E106B12282814132A541D1EE7C48B70B574465F941BEA3A4371E9076A83CE7F497E5CD8F0AA5E0F8B0DECA8D8F19BDD90
T=0

[98]
S=$82DAC
W=$D3DC71A5989365716BE4DB8A7546563E24A11C066BDAF0CF1F4
J=-$133ABC7525F7A658BE21D90B4512EA83A464BA31CD555F075D69189C0285BD0471424679B48DD3C0CF301290DA83BC5773CE34
T=$1

[99]
S=$5A7E8371D68B13C
W=$4A727DAF9245E2582E5ECC681036221050652DF6DDFC8FB60
J=-$141E02232AAF0D11B02A44A766EDE788B4428051E0B006BABD244921A4883427AED8F28AD09613559D2532CF935CB80EF
T=0

[100]
S=$9060
B=$2

[101]
S=$BA9D4D
W=-$1E6B8CF011DF34415AD61D8672A740F9675DD96D
J=$46D1FC8DF5F70D2349B9DE8B810AB958E6CEC5E50DBAAFB160963D68E7A731184C015EC0030FCE
T=0

[102]
S=$CCF6615
W=-$2B1758DCBD14203B30A4CF6F58AB6621FA391
J=-$C82700C3C79BFEF7281E430082A7D232B5A0A718320398AD1B2811E30F3A55B474F3DCAD
T=0

[103]
S=$1022D
W=$41A1C83F3D7E87773AECB60477916E015
J=$352A87E67D21FE7A735355C9D82D881A3C2C659422AFE63222FA574EE8ED1C42F
T=0

[104]
S=$5D29E594
W=-$D3D55D6EBFF1AFAB75A09168927943E
A=0
B=$7
T=$2

[105]
S=$21E61EEB90
W=$110A473015049C37FFE90CDFD1E0
A=-$23
B=$62
T=0

[106]
S=$4
B=$2

[107]
S=$71C
Q=$2

[108]
S=$BE
Q=$13

[109]
S=$50
B=$2

[110]
S=$33C1381BCFDCA3EC14
W=$F9BDCA693FB031A5E84
J=-$282FC0851B7EA9AEEB745C08127B8661837B9D
T=$1

[111]
S=$B36454
Q=$2

[Signature]
1=$B4AECA41B58D49C23B6052EE6273AD2A22CB59D9C659053D
2=$162BF1655C6A8E74EB7A778694DB918139C6A400D76FFC37

