[PRIMO - Primality Certificate]
Version=4.3.3 - LX64
WebSite=https://www.ellipsa.eu/
Format=4
ID=B497703821324
Created=Mar-28-2026 04:36:59 PM
TestCount=119
Status=Candidate certified prime

[Comments]
Put here any comment...

[Running Times (Wall-Clock)]
1stPhase=43.04s
2ndPhase=9.35s
Total=52.39s

[Running Times (Processes)]
1stPhase=254s
2ndPhase=69s
Total=322s

[Candidate]
File=/home/lappie/Primo_Batch_Farm/Titan_Group6_Prime4.in
Expression=(4797791281531362817970)^47-(4797791281531362817970-1)^47
N=$616BE0CA9A1797948929D75D8169F880BFC3DD7C965E9CA6F05519D93C696DF32E16413CA347347DAA1B45421600133F871A2EB9A3565045B00F0C703CF2726AFB31386DEE13DA2FA903A249EC81F3EF5F3C130F1580B7E04C8E3569AE95096EC1AE720EC8926162C3F5DC193E77462E19BA51F301804AA2015BFC448F3BCF6B8100F46A2658966F5822FE48120E2D3F64340F61F11227FED2E9FEB614F51486393F1217AF0C6AFD57BA442B76EAB5FF791C6A523BFDD487190863567798671893E88EAAC27EC2F70868EF586DC99A9E62DEBA481FA53A40C20A5CC1363595AE978C3EF2C992F94D2D0677F0A11847F995989FD214E12A9B7F6FCC781C04282C9AAB0A0212AE7065C73BD5D115C699DF30D2EB69744045C52F59729D631E4535355AA4DD6CE0D18665779975F9DE883622386E2B101D0766F8118C5317E5FA007264DA374C47B791BAC90CC29B14945E68A023FE5277257D30973F182378BF6E08421A263358AE0E12899C097B304F4F96F697F2401044BB9FC028C8BD1F9E3C460C07FC6DF2AB0398E940836819D53D189049B202FBFFE278DE024212E5AF
HexadecimalSize=830
DecimalSize=1000
BinarySize=3319

[1]
S=$FE03B2C
W=-$E5205CF4D515FD8076DE7DFBF4F5A547A33B9319CF7448636DDC3DA55161CD9A27A99D8D7AB4C16014ACFA706640B674EBC0251FC565C135F6BD753905864038D08DA9E13AD2CB4CD5D049921E8687543CD02756F7F2623758028E0FFD55895834D8F9E8114E295EEF923E5108DEE10E61031C1213DACB20EB3F3A77233B470CDEB4B40B7C2064B058EF3838D42DF9B14B1A38265950A4B5CEB9883794EE5F6F59E59CFD00165C8B24221E8F4160BA51BF23A5DD7742FF0EACF7BB6584250F00EEAC00181C39BE1B28742F3F48601CC
J=$212362E2A31AB986F4BCABC8C4E297C2FC23B59809A9B436751AE2F45585C493462D753D5F7C69CB2279DCFB2621EBB201521159550157E3F0F4D7FE5848F13B3598BCEE71D07A83D2E82A39625E9B0981FD198DA54F78A9BA1FFA787B95F6CE5AE21BAEFF0B550FF874F09DF474FC9A8878D1B887DC10CA474148DA89C739BA18DED56FEE4265745A281DD4A2562F3F284E499FE5B2EC5075C0D23197D212734E1CA743106AC722C65DD252AD0C192ED33AC3C644CF204F4225450D10A1D4DE04D930F53439833825693964C4F175AB780860D49ABF4CF8016FD35807CDC5A22001D594652D3F0E107E4BC126F5E4706903FDE8970692B48AA466CAFFC50C183AC0C737E2D1D9F720DE39077C633818F5AA2FB97F05C3F2A92BCA6C4CE6C94CBDC55841350F1B37ED014B59949C4CE6EE3C36824C86C4BE26CF130C8C2C4091AB4795FCA6685A06F6A9418E9097ED9F68DF0346BBE6FA1618DA613AA38276FC018E3B5BE0CA19819C298366FB3EB57AD3375A54835C7ED89730B7070C3B675B4C1562DE497B392E0AA9BF44E25AB821BD6A8BB26032BE17AB8CEC79126C3B
T=$5

[2]
S=$16339D4
W=-$356B06A24265141AA8521A07CC0FF3FB9A7D207DE2BB1834B7DA4AD5DAAFFA7EF37FE72216B3CF35AD3A1D536E2211E71CC604CF7BA7CA08F0D0054EA34951DE7625A937D2E1B13D72097F1F681ADFB29475B236BAD1D153898B5D3E12FACC97C0FDF1FC89EE194D4EE54D11E5806195D7698ED2E6138965D26B364A2BD516546203A3379C6737ADE32ECAEA339C6184149C6CB1646C9D5E17B2E79D0A2CBE0B75DBDD63B249D5624602115A9C7027CC90BAAD69509E0C9347C5B4B37BE89405C3F8B90CA285210023787E65559E
J=-$1B9E9CA0FB212CEFE27426D6C0D44988E6D4E7F8B8DAF0AB583C449210E57D8E2C4F2576D887F6FC0B92149BF186BE32E63769C77A1FB9C8475F84AC5D802E8D6A165BAE8CD2B6842DD88BEB41EBD8FCCD699CDA76ACE1BB36896C246DA6F76AAF7F2216992EC3529F5DC013D77168A61198B952CBE35A1F736DC08BFE4391D38714FEA94ADA8BD684E19A5C508148FBE2839144EC6EDBF363AD54C277E40621CE6968E7EF4387CBA1E8F3B4331FD81D37895E508B236D9E9C702D103D56691DA0612728EED1E92BF05AA7F283B0752032BCB16AD8F23567B4CB2B854FD9C4242C9168F29E1794D59AE4E69B4C2FEA347E27F7034A4CD782BD651D4B697E29E5E93E7C75130E9F1C4474EB5C1783F876011CAE4FC737153650DF40FAE067F230A089D9E79469C6C49C66D954E5CAA8F46B359FC36FF3D5EA74265B37F08228314A0F2C32A3683AE9014020B581642E33E0673E682C18E75FA0A1C7640602B1510B57B15B353DD9243CD48C1805AD20CF0E50431EADAAA70285DD2B91C8DFB22B070557610D58A131B2201FAB4AAE85DC1CE84B7FF371A2E1CF956E1
T=$1

[3]
S=$3E823B8AE
W=$366B66F1A71292E091EE8854F626564C3E282CD124CA4F95222CDB025FEF2EBA1B42E0F7D877182CA0F9F1AD382EB46F20B5EA1E1436362B352347D70C8E6D61C2B85BAAD35F8E8E478B6128FE117C4348D59629FE3EE3D429DE06086DD19596ABC405ABE4C894EE8CAF329C107D78E1AB2CAEA2421E127075CDB44DE703BA440053D8E07E4605FE18940E6D1A5A8BC85289E6689F5987DD39922B4D835E287AFFBAE8B4DB216EF78950E1A77A47241538CBC2916462A0B8C00B51B758BEB2B1C3D4B0EE7EBDD04874A85AA3A
J=-$2330EFCAC90894BFD40B783C592C7EA0DA62DE45AA71159FB6F7F9CAB106D34D9A288CA5A700BB80BBBC5F3A7A180877CF66A1B7CC3672E302317B3C2887F1574ECD516E14F72680051FEAFA5656965716A2DECD7EAB6A6DE0A2A9F7F8BEB62070B974D182918A8A7C6D480C7BB469A4FE1FADE735727DE0F0588CA2419C20EC9B1E3BCDAFE6D4F3383D355E673CB04F0B6E75B239305C01827A6935A4F147DB15F73EC8DB4B58909EC2ED58316A5A4DAF20E973B2E2E1C4E71E19BED15856861C447BD894C89ACAC9988C6EE40F25984C598391E4A4E0735C212AAE1CEA640B29242FE2EDB73DFAA84B65752482966E398AC631ACE9EDFD020C5CB8A0189B570E6EF29C735FBB8A695D487FA2212F8743FD7AF9B1F1977823525D69364DF8F3EFAC13EF1D7B183C674909E6735B3411C806E290EE46F1575F0F2D696B3D1E530F5F7AF35DFEB7754F018227B2F595C9EACE2CBF692815ABF2565A5DA6A7365C21EC1B2C063275FCD7658A628AD6586BD5B4243759821416D97AC60DDD8D26A33C6EAAE782ADAA236DE641906DD7C0240E4F4076F44C5F02D
T=0

[4]
S=$E809FA6E3
W=$1E64EC6E8A2DE0661709EB48B65D8CB253898973FDCCC7D77DF005CCA6E2F296D367802F90E942FEB746FDE00E23CBA3C088D032651C534B6EB78320688377E41A66BD52ECE0971EB0DE5226B2EB1D4981A8E31B697D47C328D98AC059F511BC4FC2256A138D77BE3F8C18D074F85061D2F404F4F829504F12E6EC21E6E5B71D125A996A9FED6B8A65ABB86CA5CEAA7A2E125FD2246BA61FB625C1E65BE8BC39BE6057B76572CDD2C2631CCB5E5B0D95F8F98A1F19B52D6442B61613A22E70C4558797FBC1B61C5C725DB
J=-$66B2696F629647CC9894EC876725F6056FB64AD6E411A7D25839D050E165020BBAA3975E169BA6214312CD2CC103F4D38695548E280C600E61413954DDED3954C296B8B82BC1FA20388A995F1E1BC3160B16A173C8094F5CC0E355AD8F9B56D598C3E8158E92D34F4D9B78C77CF2D332CD505F44A826A5A13A13965E2A5AFCF793ED3551E593C882C812EE4C690E1C9A29723B74F010FF219FE1AA3DABD7E525E4159A28F2F1CF8075A4A2209791366570212C0B7F82DBE3DEFF3A0EC44D0B7459B3101098A76096DFD8160D5CDC58BC594F3ED92E7C3EF7AC3D5F1AEC2FB22577832D887768067A0426AEA8EF876164BDD91C97E92543A813B9330B3EC94E95B683B30D17D6B409D65BDC97C9F653624124EB0A26C3308242D1365D1DC061C828667D2AD545C820B925081A40D49427F55391BAD3DFD5A4798F60A7DCE72F9254220D36BE1AE42BA8F33B06D01364638904DAAC826A79004A857C0250DED26D66AE420F53E58C2F541A0006E0BCAC6E668D698DADB40D48B4511A07C63349D8C1135CCBFA1AF81BFEE5259D059BD6EB3B49A0FF
T=$5

[5]
S=$28A8E0DAEACB5581
W=$85F95D4A7FAEF99518BFC02044EB4DA9D67A7B41AC664720B37BBDBAAF2F6D408709B1F2030AF77C61B56D94035BF4E8ECF9C2387AF3D236F01E2BE11A600AA424B68275F81438438FCC8634F732365F20F51D94C87DDFAAC441564015096024500D8A77A12184DD4B1651A34AF9E5BDE32422E81F12B23F756A3B4AD96C0CBD21905C7B7D70556DA53425517D530DA0D40A37C9792CED7677B4EB97F0C08ECFBA2436D53F18CCE19EF6A56555317F36E3B39494419AD5E6D08DB949FF85FD47692D8B066F8BE7BB
J=$70A149AB848A158C8A9ACB7F1AA06535DE46C877FF9E63A46D27D41A67F0476110BCFC2143B6BB8C742C0AEC399D8E9C1E1BF3C95731F24D889A01579F7773144EE55B88FA58FCAFBE91CF3D923FC01B694E7BB98EE2E8E65B01FA6B8BEA22F816C02506039E44125E728257E0371D10370155C2EE760C99B32024CB15E52B1B9A8D0F229E3DAE9E4471F11BC8690670AE82814A004F4AA5071596FE6C28E0A98F90FA63E656378847AE96FD6C1311013558F849EE006EF3069C93D0E48C7290A36064A22AAB8651EAF7A8C4688AB3A0C2174AD0F84EFCD8BD034A22A8DFBCF1F99567457034FEDF6FE0755C21E9B9E48B6764553E8DEDC97D13F3EF4CF5ED0EAD277FEE36D1CED0A7DD9BC21338BD0AB1AE1400F760E2DAD94F7CDF173A85C627C01FE6869C8A9148165B666D535EB3392CD853D3B1F50494369FCD52A30B946CF8A764776D57DF5051E6C3892423B20557582CEC57356055CB06F96686CBCB67D19A75BFD935E702B0ABC32FBD38B3615BE2A9159838A3D062F58C0B8C3EC538449DEBCEB58CD9AD34BE7AB190691
T=$1

[6]
S=$2AF33CF
W=-$160936A1CB6A9B1DFE01F63E03EBD27332FE5AD5435F931527376EEE2DD988D6799B42FF365CF38024E8B2A4EEAC29FB87287CA4947C7DAA7BA12F369788D509EDE16727EAA56B9CCE03B3841B8D2CE714511B99AEA1AAA9D880A12672733AC76FD34BB69AC548A5FA3C4295F8FD18BCAD58CD78CA968E91C7BA47A3E53041939278DF1A566EE11707CF949C229011208A4A2B12A5D42F581C6E3E1FF49D4F1A5A5D7D43735A64F937FA2589EEE23A559E35C034222A55BCD74680E15238F365ECB6F4459
J=$19506A3319C3D2553CEA8CA8A56414620F655073D1B7A7958386B6E7F96841195B0DE887286ABB1C83FEA2E2A04F3C2D19E79FA6DAE6BBEEC404837A7957E77D4522E6E025931EECFF2DEB1FB829C43C3EE38CA583E32AC67F031A7AEB7C5E09E1646E0A48C393CBA30CEFDD2D5A70049A7A0EA026FAE341BF504158B824AA3D1ADD61056ADE70D59FB8D5357462D5304512B418BE205F7FA3C4588B3C6D2ED6423F7B9D4ABDFE3A6FBCAC189B71E6E6AA859D160CD93E55225FBF54802E388D06B61376D69A5735241DFB13960EB08EDDA7F5F35AC8C4BB7453BB43FDD25578C99B5736D00A87F87CB02E5151B171D6400FE3AB191AFAC2D20AD608CE712169FA197732C67E91DF80FEDFD328DA46FBEB70736995A8598D3673FC4393705A65750C4F2BD7DFB35884A1BF1BD18277D3248FC6E6BB1B8100F5D9A0F68A7CD250C288A25926881E01E6B49FB8BB727EDCEAE78139630D1232710FD555FC7F3892B27889E4C6E64446C0E22EB0B5315086D2CBDB1C3B48E4133C3E6889C279C364E231B537600776B8
T=0

[7]
S=$EB0
W=-$C517E8787002C7D881AA1649A305B79077B9361D1475D763C3DC9AB83596532ECC0CFBA8207780A93B3C875E929B8143CE6BC7416EA9F322FC7B0F80B0236607DAA471117035CCB4D9AA41DF2E9DF71BCC26FE2CCB92926D1E41BD87DA646DFF9A486E943D0DB5FBAEC5E617E7A109BA0BA04773057A008F7E3FA0BAE8962D697DDFB45958ABCEBE58668EC259BD410527B0CF231A220498A4145EB562FF1836A5401D7F705BEB4A78763D9847454499C0AAE9A340C68F176A2B5E3D1B3FA12CAA5DE
J=$125142E92A0B735F88488EA4D074A382B99698BEE0C20F8E5B5C49777D371C9FD66AFEDDED4B1CA2B6E2FE56455048547BD2EAA795B18AEECD2BC8C5139C57454CE4D73730F4A487B305F9FE6D6C7415DDF4AAF38C099CED5763E88338CD6E2632D4711560BA564FF680022C651CB11F75CB7681D92CE594FD3821BF361CE12DEBA6CBD809DD24B1B7A7CF95D0E787F6A438AAD88B1114656E0BA60C44050802F0C24D265A5987F41368C523229CC4ECBF42BF60956C40365A05D49A80A0B28014BC76E6298CE5562AF1DF3852E1B8D7F2AAB96BDA982FD137E368C771FC3378D7813113025FCEAC91E9421A4B7E2382B0B408B36EAB86E2C3F337D5B79664E44E5132BD555306A4DD7C2694203FB870B9D42C306E062083447A551AF5F9A3B835543E94D18E12EF977572BF88E261E5BE505BFF8DBC4F835E090E4BB9C70BA6EFA37599C68362516ED3CEBC633402E28F559B058A41F15FFB2AAA18E52ABAF7CE892BA88D078F102CB4D0FA5CDD573EBD577075C24D0D2C6C07B134E4E85775649BD53A4
T=0

[8]
S=$3D3419CA
W=-$19C8DAF5B0B35F1F47B5C0559A64F5DB9BBBD26AD4B082D5941FD0DB2C8595F3368EEAAC5B5E7578861DFAAF207D541DCADF1CB8C71D770CEE209BD2B1006597E51EE0AEA2D919023AA9A37EFFC19BB9CE4D8D6B52ED7D444FEB5C423E0BF08155DF689117E2B9909E4D3B9E5F762A89BC4177CB426628651D6237922FD948080A3E01FA7484E922AD7D3DDFB621048519EB756783C89DEA3868423488F2772E448C6AB470F269CC88C4C1F8B377BE1ACDB4DA78209CB67A3AE8B6A0EC5F797C0818
J=$712B9EC2BCF9AE5D9EF24AEB3A460DC9D9D3956225E367BB7BBCAB5B982EEA7EE797CCC3075F6B3EFB70E334667F13953B385D4205A81F7D186B8D2F46ED79B0FC7E3486A126FE569D17CEE8282D6F336CABDBD50E8F035EC9F48D6AFEAAA18BE266FB64A45BFC3778537D73FDFF29C855C15CE8D2D253F102A6F512AF20B623B94FDA478EB58BD1A4D108A69414BEFA401B80E48FAD7731563561479AF57CDCEFB534142F633E558D5B5517E1EDBAB707925415DB94C9D46689F5F65F00545305DAF8BE6C31A289D1A8C7A347100380D00B0E41DDCB17031451CEDA30FFC405D9FBEBEF68D1322C3BB7641DFA3A32288F878440F96BC1FE83B4F603F6CBCE76E87835427D11D84B9D1C1970E5F307702E6767C5257D62C291DAE228A034709F66F7C982CBE647F60A5DF4B7A35334B4BEC877C6499495239E76A8DE43A6411E3F538BC26ED24D1C79A16B406F9C5BB126145FEC2E2AE82FB5264C58C7A7B5E7E0AF61900A69256FBC78F57379A11F6BA96140E2B4C6E3F9603A4A3EE76FB02A75D5AD
T=0

[9]
S=$84451CD0
W=$B59870268AB813CCEE95C04E514CF902422D2C6E781DB8E8A0DC5B00DE6820635494C574F983EEEE569C4ABBFCD1876EABA4E80BF8DB9D2EF71BEC7A8F9D964D628810CDE8D3A4DA4ADE14AA4A35DDB91933E68819C4CE99A473C08D714BE1EA9E66F957FBA65C8173D5B0C46D9BD3D6B34B9A9C5773D6D89BAAFD34E1D7288883AC330C89B4FDBE5E99FE7F83E50F87718B08C3F09D18755EACEB5011651CA5E0B8C79CB364FE9268392DE459BF404E29D6E4ACFFFAB4E7169333C5C744B5A
J=$5E4D22B7591C3689CDD86BF25EE11ECCFAC5BE7AA51CA4669F0C08CC5E224E37740228F92270AACA4E0EA3E9B34338FAA10DB96B3FBE16EFB1BAC91F2E865A01FBAED25389DB6724FAF2BD7F6ABD54745E204707AA25D38B23A03F39245E9E03EEC6BE1CF1C2362ECB2AC672BFEDE3797D8930D8E46AD6BB18299FBD1C8DE667CF44860D58B8DA8ED3E2847DC739426A719423E997F74F473DE56268F0112081D309783249202D3D171D640799AB0895CF52C5943CCF2A693193D7257C813BB7C80ED76DAC7191D4580D5992D535EECEADC56A688BC6056FFEDB9DDBB327CC9C637C2E80BDE9C0FC0EAE57760224BD7CD3A80A692BE33F12D2DA56467DA3BF9CD0A61D1D67DD54649626139E31A7798CFEA681792EAD8C9C32019C4F93E1A3E0BCD2C07E8B23460727F553008BF61535F4FF8D5A990F9987CEF3D39345915C7B11DD649A775B6BB0085D1B5FD3B5BE2CC11A53107FBF77BE012D0B81C500400AB6FA41DA26C52B85DBC0F3085803C5B67E5854E8C7A9BF3CD46D002E7BA064F
T=0

[10]
S=$BFAD0F2B
W=$1F586869F1030CEEDDAA3F2085050D86159D94ACE533621D7F2CA02928C6BFA1F08579C7F0A1AE57C08EDCE24E8DDC50B493432B024C13DC9D7C1D4CEC5D804DA6D0FA55BB80FE5C2386CC73A92DBBB196081E2D3E1171AE7E0A2A6C24AE2C6414FD13B595E2E5012026CAA958A6E150C8387EAAFFCBFB820672033AB6A9D182BDF3CAE1C1AFFEB62461909165370278BD219A0592343CF5A7C89347E8A5306FD1A713D61A05BCF2E3EF050B8BF5DA8C57A29BDCE3F12E64E8614CF16853
J=-$37882B7ED1A7F0EF7FD43611000FF7C5432708B0DEBE303ACCDBC869486880008AE13B2EE6942C3E89EC0790553014CFE7AC750108186AFF20D01F0CF36A8A6C552AFD627286A673E2BA6420F695D9D66450E1C36EECB27A85A5F263BA7CE15A1C23F8FF628AB6BD2681D4C1BFA4FAAE36C932AEE74A97CF384621F3DCE0E083C0B9E87302A78A0137054F14C848F98A8EC1DADB059162286427DA823625E574A1B8EEE006C394BE8506948F4C62D9B32D86B4194F13556EF40F6C50CE211A2D46D8B677479F9BF3D6D47A4FACA8915469A92A936A4743BE7EE2451A57351A7492A13BF32CA7174AE3DB43378A7F1F535F766733EFDB1B376608096DEF8677549E03AD067619CC2138B4DF85AECAF683BEEA35FA87045B6DAAF211335D8A093C31B8EAE8DD12693C6B8B34BE7652F172A759104D2F26F189635A3BAE942B550C32ADE1DF304EAABFC7AE7C4E2E7FD0D146F7BB237215E3CF10770959F25CE852AB2020A9D6EFFBE7ABEE644C8EF651909833F3AB85EE525EE7A90AF
T=0

[11]
S=$1B54B98
W=$8EEFD67B00CE7B4EACFCFF5E02121F23BF7673557958916137AEE02278A011E4C3F4127E5D6C1FEECA1D00CB7EBAD5DE3B9BF6BB0A004E55BB013F48C9D7DF22874CDFDAE3DCD64CC2D23346AF6DF4F1610EDBCF2B3F01CF2A22985FECF546AA2D989868ED8DEAFDFB233AECFD7C18E43D961EDAC08A1E1E506E10234A0D390F279F7FDCC902263331FCF96725886DABC61BA4507E4F8CF7800BDFCE5835479DD979C83D66A9BED76CA2014884B28F1A0467A699BE8F0D52B6685E46
J=$F47FA07933ABCCE2B89779322F32DDB3D4ED585C829B795206CFB3D939494FC06D7AB2E71C48CA1F002CDFE3A3BADB43FBE0890C2B2D151DD0516F889BC55B9C4F0CAFA159B87B6BB5C04A4B3076AB6B219FB3CA58DE3C7A74382C3539BF4C1435B2411A49D7EBD631F69C194156C10F9223FC0E3B0F0B2E629E163F59EB19093C57D945992DB09AC82EDF71AC0582579A7BF6696E5E972D6FD82D9F3ED37E8FB3E52549E42E94961D0AEC5B17B218F424A3F6FEEA659AB54C0DACF83E477B16E3997F3B8B7177FCD9333D0F89668B5A229FC83F40830F1614D48CE898CB19C50DA51B4DAE5D49A1FC268CB20EE352448539A0C4A1D76A55D0404E781D3D8F45E81D5A90FABD9182150B0DB5D0AEF25E762302A9C586FC2C31193B7FC7E47A6C525CA5A223631975D33389F5FAF8C84E99A0C4E78F079FF2DB4CEAE30F33D2D9EA67591A2369E96CE29ADFE320732594CAFB079E7C0137B6C9A429CE0D9554BD9344610AF693CD5F6B9041B4E610247E4E8A194377262D6
T=$4

[12]
S=$126E60D26
W=$8E5C6381EC96BA7A2F4C4EE2CC0580BB57B9A883E2963E802175765C714219388CB147A73CDA8E2E72A4E99799651720D1594DA69BC35F6AB486C6786A4B6CC68642374A5FB104508C1011D634CDEE144909C8DBBCB148D1DAA93D71D196F41F3E9EB9F326A8EAD1047F7AD0369EE556355E889C8C682F5FA7A864664F90A248E15F31DE6DB658034CCBAC86139FFB83A1827664948848829A6C878A096BE5669DF28AD59CE239A87118AC4F9B9E9F39B4C46E7D8979D8E8C48E0
J=-$AD6F1955551D1051CAF1BF58812DB68B92DC0678B86DA1F0049D579030398A2C62BEA23E158576DA43F8848E1409902AB9BC9D299E94E88EA427538FA2F6FE39DE10D08EDA98EEFD3DD805D9FE47C8A6EDDC4A717992636E396F7601773AD7EBA2629A773DA5F346F0735D4A13C5A3647F57F9EAC8CD20839D707B8C1E91B9A63CB0F039A7B2E72851A429387CCD06A12BB895486AE31D297018A7E255E76B67C3C3AC4FDBB8F744FF4826172AE5A4188E358B3D42A7F4F35DA42D9A73FF80B2D810F64F8C1D7C7A5E6A7DBC771CD25BDBC67B1D13D72AE2223B47F0BAACF04D1E0747FD05FF520A8EA6498E45289B62F6AD6A218DBCDC31DA33E1B5991B1C8F79B7BCC9712ACBE2322C0E10972345FEAC45590B31661B503D7F1C0D43CE501B806BDE20E3D7EE0F9ADAF78A45B65FAC6B3DD063CAFE10CEFB4127BC8B326A55E7898EE8D36F6CC47E6389337DD463FE9255D9BE7F2D0DACBE4390D91355F4801B80D1190ED15B2BCC429817D16ADEA532FBC703
T=0

[13]
S=$2F374312A
W=$85709FE06D411E4BC5B27BD8CE3402D8258E2B40585E4B5A56EBB2926EC92F64483A945F2A3D08600588ABD39AA092262B13A8841F6D132E9F9594F6BAD277AAB23D476961D2FF6D94663782CBD63B7FAAD4D9F9D3AED104D3B53FA5677B88C4BD3D18BB8546D351E2CE0CE5593E40A3CDBE59DF858336BABF682F899F527767D4831FD5F72E85B006564365A78815096FDAA763FD9E284E9EFC2F1E78FEBE58A335A69F259E413A8D7FF66C93F38E87A9DA537891929B284
J=-$6D07B18D5C11491A3B2F73F8AA4B0E387DEA476E041875437DBACFA40436EC60BB51C622E3DC89488E438C2E2F59F5566FFDDC85FBF6D55F3F6938CF1F7549B685039268F2EE4640E292FD25690536B9A27B2102E2AEF60A57B6FFE5A6D0680DA517825D81532FB0DCA729AE6FD4F99BFFAFAA114E193F2744F4CA3178905F17B6A433944A5CB9E8F34F86DA78B5F720E43E1696515C07786D8CB7F9588E84B5732CD4901D2B5A2093161A60504880E393BEE349AA430AE29633DC29F6521100D77070F0567116D978884238A5355F7530836924EBE7130A3F6214C113707C88FDBA7FAFA89540AF8A2B5C1B750DCD457C7151B05C12CEC0A1DF7201ABC361D231250CC52E034C0AC6B264DD33B428F2C8C001B99DE7DF825AF9D67AC91EE923C3060B6AAA9C73FCD2146FB4DEB6754F52F15516AA731491F5FE61B151309C15CC62E4B62637AB0DFDEEFE117AF7FD5F265262679F6DD8BBDC2876C9F205D74E196FA034D90E3F51D8E089239FBDB65F8
T=0

[14]
S=$3329110
W=$D44DAFAB4D65830C73C3C126F3C0CD503287CF97119390C2FDD18E81BFC95F79982E35DE71C16ABFA132F96D989B8D2445FA73015508CAA0B4B94D720DD1FB50CF01855AF80DB7FAE7A62C961593508E81ABDC1FF51DD9097D8F480DC879F4AD19FC334F32988A3A36059065AFF6544816AF2D6C66743C2478100BA719F980B7F63563432C75C5F087FA7E67DEEF74597CF6BA9FD0EF6A4C4DEF0D40125F77CE3CD160827CE4D3FF3704986E4CCCED8B1141C6070D62
J=$125315A4AB754D9A24900AE7CE0F420B099BDD4B88C9AD4DDE4474B1CF89F67FB3C228D6D4D5F61126EADB91A9C7EA2D33D4BA78B266E5CE86EC801B3761A289D31BD6197D9172236514CF8135F8AB0671C766B1E33C930E9F3C2C66AD33352BD5D1AEBDBE0E05DF370B2E4691652C91387AEE39618F974971CB85BD78E98C98B83681731C2E9E2C605FB7239A1067BDB162B415E7FEABE882344B08828D491BBC05B20076FC93588783EA493C04E8ED4CCFA0D2A51B821DAD5BB4807040751F30AAC7CA181E5AB3A8873645659430B7B4E6D7C2935E4034F00D77D1ACB595C4CFCF132C0633EC7188BBE283A8C2F00FF029AA5DAEE17AA01F23EED1092DB077E50BA54014A41BB1AA2739B4A882E4EAE58EFD1803B703DBE3AD36382929AF0776999FFEE15215B2F9633B9729008B358130033B657ECE82FEC6811456A2B1E5206F2599B42B36E6D63704B32C068FFE25BC6E0DFC8DB883E06B939F63CC2D6BDC3BF5AED0335BA3EB2DD6181
T=$1

[15]
S=$8A0F5C
W=$1E305D47D215C29C2614C245A8A8D5A0F6DF21DDA3FB2278901160E9C20F0B16125439CBD98F106F08341CBBF7DEAB22F1A97F49B9C59F0FCF6BA9C9BE107A9A659A903C949941DF2D8C6F78890C2EAE4FD3FCDBD61A34FC1D75EA32AAF45C8C0B93F6AA2B39D80295A68B157494F5DE8EFB63FD7285AC419F9DA1346F12281DD073A8F9CF0951EA1D092BA68FC39B1E19D04D2BCEB862E1EA36DB70FA13381DFD789F02AF318A338ACA4CE3E3435688B8AD3BB670
J=$16FDC8B7131420524DC4279B03EFA1D0D9A1BC826937971BC371C0F5AFF652881A45536A112F0110CFB014D0E6DDB7AC051B7897AED5165B1CFDCE3ED8E4F536982472AB28237D4091E5D0863F9E3C50751A880570F441AD891E5FB1C36DF22680BC4892D3DC06A90AD4960480DF122ADFB21DD7F4E8638E390D822959FF34C0521991F5F82E20D83990E62CBCA7897B7525F9AD1D87EF764469971DE78B0CDBDE822D091BCDAB0F2EF9C5C636DD8AD77AA3306DC92B88246EFE9723A1D75F4D09A7931B1DB341D40E7A6E5650011F033C89880A74FF4611D620969B35DFE47275948AB8567E8B65D25F1A7F25BFB29C49F6F1A7C4630BAAAC870454119518F2D53F8015EA97BC5B989162631D56C4E726C2A63D92EAA7FC35934042D531F9F37144D88DD9EDF2D76D333656B7520C0AB0CEB034659575DE0D8EC38BB8D85F06793962CA548C5F26E0732EC3F07A868261D7760030797A355BBC64EB4D200C99FAC2AF9672CD21383
T=$1

[16]
S=$FA1917
W=-$2E848185F2C1E60BEB2B9BBD4028B68CC570BED71490344A56097AE292AF3C1B410CF1635F2DC0982445F8C2F4ABE3BBE1497C05EA8285D75359E8268D076C32C258FCDCA57ACBA03966FA12031CC0550A314A2784F930081C5A10757265AF97D6ADDB417C0AA9AA5B95DF1D35817F9C6AB011F6AB931E659BF2E9E5D2357905B6CBFA1C9887620F1621F1833D830270802A5362A5E67E89FA6DD6326E92A2A421B01CFFF23E97763CB2A6C2AE6EFD0E495B3CB
J=$12770F2D995C481DF363D21FD7623C6F83741FDEDF39BDB4FBE20E4D31BF8E62F90C1F7CA10F1B0DA24E1EB8E6604BACA9C6FC425617EE08ACE984AD51BEA55CC6FAE5581C646731D6FB73741CB280EF009BB09771A1A659D9C7537FB1044200AC48D8CBF7D3B6047E805079476D95C6C9D4DC909BA2C3CD0F4ACBC74450404896D007BA3B3B1FA5F2695C25BEDA05E4411CDE074150BDBD3D448142A63AD60FD8506115FC681C0D3C14EDB4F505422598A276FAB7C9B1EC9527773ABCE1FF4C9250DF326EC0E223E06409C57DB57CBBDF13BC7B239682E6F0FB564216637830A54E9609C997BC5355CD031D0BD3AD2322875B6BBCDE595F2AEF8FF37B7CF0B7B09156E67A4B57029331F552E144EC287C8F119ECCF6F463A340513A821B79A70677B6C4DA59347C95BDDBD481015E33E0828340654E772C3934BC4AC0C025B05C9B7812CA4593739EB39B28FCDE32FAD52DF7B4CE11F4863DB125BBEFE7B117EF86B11ECA73
T=$1

[17]
S=$21AE2B23
W=-$148CADA0DAF682AC9FF2FD4A6994AA4CD0AE2AE6F9F7F1044B2796BFF56895A3690D72F1B903C9347D4F5766C0854DEC50F08E02F1586544353BCCC63622FACE66D0908FAE993DE2B6D625F61BA185A38448830D4A5EEB4387FD32016B5522630463575BB5122C4123301717C1B0A398206F7282CB34B17EAE3E6CDB56B9E1D7712804E2E40BEF1F4D0D2980A5CBA254CAA44B992A5218E8D26BCFD1BF7C375CD54A614CC17C53351782CD60274D57FF892D
J=-$12B1626998E86F65BA4D6219A3D5E968AF86A871D5935E15E862923F436F66D60857729AF75328839E6EB37946A83D92BB806C7AEAA7073ADF2366E099D02FAB7385C8165C489F340893DDF5BB5B4D3870369783B1BE29BA4708BEF5ABE9E6C657522645B5546FECDC077E1E1153CB8E67D41E1ED31DC23737D7AF69BC903020B17F2208F4FFED2B674B95F736929FDB14F5A4B9DC9343E7F5072F8CFDE62F6CBEE11B7746E8D01926C324CCFD51ACCCEE61639F8167157F55AB84F68FC3ADDD1F4A7B75EC7244EE097E456900A6AFBDD13DE42D8BE784F91F26740F7760AEE60A671F6563DF3624C6A5A54DFA38D57B47A2A462EBA8B7FF389F5C7DB22658AE9B6D28E41BE455D62218B7A89140B519045A847BB3FD535AC9210A7C9CAA56CB888E2A45C4BAD251FB1CBB67B38770ED4F02036F4E72A2B5AF46D657B5681E22B9296D08A961DE8023FDEE7320EBB6550AFEDEF523A5ACB87716B8E4E1929EE02E9FAD4
T=0

[18]
S=$59E17A1F0
B=$2

[19]
S=$4249FDAFA
W=-$33FCB3E4876841667B1510B01218CADF90014A277F12F41FD5026C5564AF72F381AA57110FBB66981104E737BFCCF6A666DDA5A0BF9BCF0C2B67858D2978A69DB1C0BF0A4A798021597F0AF510EF84F37869103E3BA819C8274C5B314D221FECE8C9D99FB87B5416C8D375F15D7452F45671A2744663AF4DE396791A8760F09FDD4956BC800E85A8B993B2680477C467266380AF6987DD23A4BE58FFB37787ACF68653528FB6BB8E3E2772071220
J=-$11D81F1C54D1DAF0BA70BFA67A95B70F7213B5DFC6CBE4631748CDBC00B577C6DCAAB8F3236179029D0DC7B36C540CA73B1342F4BEA89C47EC4F52D00473EDDBC9D2C0D9308F9A4C16506288F59ED9534DCA27FEE4B93C8ACC8727670AD3F5995674E0D63F69776D11796E845CA0D09F2D6660F08AEA1CC7B7891BBA95F47F25329DAE44DFBB8A72A8B9288E8B2E1925EC3A8E7D0FDEDE71C116C224C9726E32C2AC33A3F03AB9D4EF6F2A27807A62A93CE04A58A7F8223DF837414A9B49ED5034789D3AFD75B5CB6E6AFD6FD0B3A8ADC5503776A5A10811FD806A0AE6DDF28450D88BD297AD292EBE39760DD940CE4F12037D968BC24C85C320621772D16B2228A8E66F5C84C5B56A99B02394401C9A94F1922174F7FE1C3C4BF8A3E9B7FB7846190A353595C37ED4D2381AE2302830C4F3BA2528AB112ED2B4AACEE3898C094745B3E1F864A697357D8E21C41979A99E173FBB1AE97B1ABD83CA1
T=0

[20]
S=$13AD2706104AD
W=$13665B9642202F916AB11C47457A5C7A6C7D71599F9BEBE0EC58B1772FA02AAA78CAF58B805D07889C2C0694C3B23748D3EE58BFF57D712AFE58BE9E4A8B8F802348DD1EFD840730C85370C6CF58840930E32E9A401830192E375E052D1C1D3C3EC098A531242CD49B7C93BE998A6CD4598EBF5FD06FBF958224B5DF5546319B632A701CE3412107C57FA85610ACB9C96A5CEED69EB69FA9AF41303D8D370CFA4610907339603A3F0234B509
J=$8081DBAD47B5BA0B82400911A627753A9B34D745151D38B15A574F7BED6494F4DEF723587D66957761A92B97A0DAA81C35E32720F11844535996193AB540DBA210286023A6B4DE91367F9F2EBE324B5E5891F9A78269547AD4CF54F312A01C12B162B24BABEDA1C265DEDC6261E890EA71280694976EA5A29A99BDDCDAFDAF1E1B8B40E0C6FAB5381E6A75C67E9D7342C3B8EBB8AB706CAB42912611802C0FE5B57A1086182E70565CD1578EF9CFF216AC2CE5D327ADFB4BCF3A8B1D67BFBBC981D7D98E553C1A22A779E8D79CBB560B83CE1843EB1A875DCA92FC912310A5A1DDDC7989BFBA18AB69BDE9D16E6A96D8BFF27696F034F335D83990878D8DA770C4679D1D0DE81FF2AFD8C02CB7A6E441349B02B00753CBF155DCE39E0D713891544A0D24F15459438D5F8F12D5B433DA2959153714A3A38EEBC19B46F2F5FAAE1740FA0872BC90B8FB0649E31D7BE2E4655AD71CD9513C
T=$1

[21]
S=$641A1FE4C
W=-$C4F69F5D7A6CAB6221FE6B896F484DA806CC6DE98AA86593A0A8C2E34F0441A50D19A0BD8C497B1FAE1B1EAAD523354F1A2EC008D5682AE4502818F4E1C9552DAA06E9224A7F76D6466BA14B9FFB6A3B7D1BFB28EAA573DEA2EDA0AAF355B8685856461BA65982F77CF2F1A174C25F6BC092B3BC90B6E939270775BBC85B753EAE6B03B3879C424CADEC2E8886AA1CFF4FC5E1D22D29A5D8E193E1908F62AB641BA8B4A748CB8AE8A
J=$2E8EE065FF72A6E3D27DF4BD1C658E820E6F626F7B072995720C03B6B83FA239CCB4473C75F005BDE31791119610F628CBC9270E5D83220B13AB9463177007823602EEB2B1687EAD70C74D7746BABA4CBF64F955A6F6956879AE91E681F40E587A035E0A59A4C4EF13CF5200654D7812C7E33A7AE5A51709C3D7AC5372769B38B7C2142D733AC852554A2EAF637B30F11A8E92083964E4AA23ADD62A61535E13C765AB975F637D1E324ED9238CEAD8AEEB5FF0ADB8D83ACF05ACE50484478C3F591B8CD04A828F88C3145AEC719F58767B96B4D3155D96D4EF98B204F004B32CF32E1661066632EDB309C1C404B242E1E8A2862EFD6B0ADE6DAC901D328C81DCCB31D7D72FE9D5D8A4BD8D7649B1007C3B4F73595C6337E86B0EFB5B944CADE8AA70AAF87D8B1185F53B9531E28BFD814A549B2902FD01E1182FF75295C8DCA58879C4824B9A31800C9B4472365F428AF8
T=$2

[22]
S=$6989B7905B4
W=-$2B794E0C5D030E2676BF01DC0424DF804090E2C7BF3AB61788A560EDFE54E96CC5445436A50EFFDB91B3FAEF5DB1071CCD6F4C0FC4321E360082C13FBD1747CFAAAC83F0B462E691C59E1B5620934953690398EA12D746FD5E4DB2E669BF96EB2FC7492E5CA7912977EE842C794647DC687E3B38739F71F915E04E4DC41FE1DD54BBE606CA72EF7D0E24877C4D508583D109352573CBDC97D787DB5B0533D4A1D43F3828EC260
J=$88378F8AF9944AB74C5DF249EE57BFB3EB94ED597D07F508FE1A20E351ED012B03FFE92BABEA56CEACC6ECB79914339D1964B11E8FE2998F8605410AE4AD3C1475A844CAF3103B3E5D83654C1483E9D14D9EC3B04597391B9EFA93988ECC3A399CC104FD3424E9F5730E6204EC57EB9D25BDFFEB577D3C4262D48302083C72F942E47B16662136F147E62354F5719BBA71CC6E65EFCFC555E1EE87F7CF75B35414A4FFF2D0B1D77D9BAEE21F09C6FC57F69DAE18433883B62BD277E9C5E08160A9BB55C67D8032B309A4BE3FF2F38752806ECFC10CB5829CF90951FBCD680066B5BEF66987604E61CA306013D4EAACF29155AE9F252C9DA60BD6F5E447CF31EDD59697CA136E4B6C2877DDC4909AD169CD08EBF92B969C5AD208EC77386DD6E5DAFB85B49EF08096228F1B6A976BDC9B335D98C1855104F084B3C7C3DE5AA86F8F1AEE733BCEC8907B4226B14
T=0

[23]
S=$122CD9C
W=-$1C3695CC89F3AD72083E656B6265F830A28D79CC3046DF83B9AA7670CB416C531DD92415A9613CABD8F2705357E071C7AF9B74FAEBA3A694314983153336739ADCDF783356D78E4B8CD8E8DFA8F986FA2EA099D7FC6A4239909175BCC773B00BB21A14D03E4B4F18207D562BE32F020E20A90BEEFFD4849726002960FB798205F7392D6E3A7D81EF42FA78DB4564A7123D8B13EB206E5A079A772D808088E2968E0C852A
J=-$1DBA7EFD6BAF5EC9E6510A82DE6331064572FE27097C93B4AB54EC6FB06AD630FB09A1A94840879A689CE753A98449E81D62AD1DC47A7FD8680BC159AD74467CBBF9913B7C44749DE708AF2A55A8982164411E98B2CBD77008D7E195410BAB9098EE08B5887435C4425148E0F6859DD49BA181CF345DA9E854C04915E16233DDD6B9B2C3981E3F0A1CE7D8FE3BEE57C4049D39B3E5CC70342535B54989E411963F48B5909AF9D8FF983763F0E3405CEACA3DB45F87E79D9511B5D7E0C84C23AF045C657D74E9B390E5C44524CA28910D544506E9D797F2B922C51C8FB30BDBEE401B112CF1692F3CA7771EA1003A3309E3E667EF3DE00C775D2D9FF45CFD1186DA8BE7602D42B606166230336D87B9674E4EB8CC09467A58751B294326DD881865632BFA3E47EAEF3C5CF06C05A0FDEE2EEB78F9F13407AE542E904B98BDB621198550D2E49E8D1
T=0

[24]
S=$9992B58
W=$9A182A8D8B88CC063557234AEF3BF28534DC4D093093A358957B5E0A286C38A53A59CEF6E4F1599D0283A1E14F19B2A4233CF01EA923F5C58E5C63D1DEE09FE8B574FE43419E38F23F491C6975C92F3C2425870C8690776BDB6C35D12A52A2352CA97BF179A5C3B9888386FB4A79DC58B5375B593D8215E4462BD3545EEE35D6776D008A5DB20400CBE508AACE80374D67546277386330DD9C0EDCC22B69C125FE4A
J=-$110C59200E2C1C23C60E7E28B7B0A79D94C8818D7080A5BF73D02AF4492980D2E1666566485A4DB3C7B65949042C6C91F11914FAEDB5FA316D760434F37F167BCC7847B836DE076DE4A128B8D1E2EB130EE184B05DCD3966F22FB6860EF12A41B7D3D224815469484209DCB310E34FCCD7BC8CCC159D714F42DEC5A88618E85CEC8801EC6CDBE26776FEDDC9A7187E061028CF49E99603888629F8A2F9C15756D72FA8BFFFDCA556A8A674BB710DBDC660DD5D0EF5D865F469E38744596E47676D952966F91BAAD834030E3915F93F10EB69C1D0DAECB4F2C6AB9BA81F5D2C2E2881B2626CBB71FC60E4D55435A735D5BD214FD85FFF6C763278277D06B07E91501828D07F1CF324703027EB4E3FA20A743EA1EE874FB86D7358B70AF4C18370289D63161BCF5182C568281F60E8EC297CB33607DD4B0849E7617C9264ABE50A0274D89CE
T=0

[25]
S=$2E038F
W=-$16D7DC85BDB564F8E94803CA8375480C3A6EBB962BD875419F104E52E1F99E387AB0E5BE75C6631E942B43686B2BA97D644B9D4E20EE17DE3CEB32B802206FCAE1D099769BBF3C58213124CD698AF655D3079CBC7DDCBBA85A67688D1498D8FFD97B4D3D3050191EE17C77B094396EE23F1AA84AAE94E5089117A2037B8842646D06B38FDE639D56FD240EFF20A0995DCE45A4FF2B93089F51BA3F7C380CA7D9B5
J=-$1AA784C383964A57F54D566791967919EBB8B067F49D7213C811AFD2842381BC433B47F5FCB557CF747B408EAB4DCA38FC7425C11958B9EE366F5102C1F2A671B92C1F872C1B7BA02029E36ACB97576751ACF94376176103012DAA719A1C67997EADB64D64700213E81E6320930EFF648922BF49007DB7C2D1C1ADD152ABFE05A5159F80C3DEBF4E797066A5FF1560CF6DCEEC37D218B1DEFEB998EDC68CE0A91C1A2609EDA6990DED1D867B020AE861A46E902C15C8CD4AE98CC728B90C6785E657F5992EB1A66864630F61827C62536E65F6520AFCA94BB0EA81279A25076A75A72B6118EEEE929129506A348ECABA007C302C8304145ACF8250CAB538BF0308941C0104D6688A67B8DE9D7387E4ED128E619B2F9F0D1A0218469204EA17E968618720A1F4534C43C0AEA7C3D4BBF1050FFE8CDEA210A21BA7CC0E1A5EA578A1
T=0

[26]
S=$6207B
W=-$24185F31E6894960FC24C6BAA0026E0035979CADCFD3B8E557BB17617FAA215C981EE2EC58F3B9AF1170AA93EDA8795781ADE7C6CFD71C710204BD44736D8DF20D8E25C00933BAD7584FDD33C59DC53D29E18EE456EA792D659C061007D2E71F18330961E4AD97714FFA6A3BE8266D7C1C7A126DB0546D4663F250F979729E394202BEFFDD3EC761BA548EE806A0427CFD66571BBDF95CD994C7D577C9CD0E1
J=$12B6C976DF948EB0D13F0E31228065EB44DC5BF30B9B3B006D8ED9846514CDF3B6ACDB07FBB6D72B9D24F726F69B8C53389322E3BAC241892D7C69031ABC52535FF8304C24CF0F5C8718F68DC5711240F47F733A44383FDB2DBEF74E2BA3BE23C1F40BB02EB350C4A7073AD241142036AED3F39B6AE8DA5B5C2EC55F16E2BA87E9B3BC483A1D1F297FD9713FC547DA400EE8B663C61FEEA39AC4AF6712A6E688A95F197FDDF2A499F4A79D93FCC6407250CA8A17777E35413C6BD9EED8658D77322FD8D390BA73A28168EFF451A0A3EE4225EDD33A050F3089088E68DEA5F03BB62407F9262E5200F1C1BB327EE423C40120E884A93D09E4FCA8C6EB1AE8F21344CA96C47EC8290972C520AEB02E6BEB04BBDEED1265B13C62D26CD3CD6673E518C141CECEF93FE11A134F34E58999E91D2A99348666326884432BA9D33F9
T=0

[27]
S=$16B9F14
W=$3014C50E814838297342871DA0C19DED03D7592D98972C7066D2C411EB8B5BCCFEAFF7293DE3AFB80CE4E3523D24F6521E9457710C1A38E2612FA2A7E1059FDD26BF11C70703284A6713667130546C08DF70073B45C262D247A3FFD292F82689621654BF2CCEDEC12615DC21EC8D11202EF93C2273B45C026BCEB5CBC82FBAFA43129737B8B8B892C392B156FC3DDA63B8F3D934F48CAA9F3F9B54D669B4
J=$37DBA07B50C62271C805A2E8D6AD81B00D0B1C5C7B8A4E56623AA39FE3FFF6D08134D16185A4CEB8F686F454D2BE4D7B904E99E8F28CA9572F9CA95971CF8CEFB4C3B006E98C6E21EE7830AB5D334FA0AC0D5FB5366FFF4C25925527585C4FFD2BA4C3C00D9A59381676A2DA3EE4AB944CB203E33F6BC00A5491D6AD4A566AD51EE024B73BC4423E825DB4BC0BFA9806B68420106F453926C6382D878C3DA709365EE396E1172BF7A9291DC693BDE642E5D941D04A7F96AC6CE2187F71FD6B8E05C21DA77A7AA68E9803567E9F3C6F114F4BAAA73A944205ED67B032317DAD2BFC46AF5BD8E3365ECD910E4BECE79D8F7DE36ADA9CE8240D9A7800296FC4DEBCDEE1A18BE322BB2B9D728400CEB5810A97D94B5F673D43C3A317E5829BBE65BC0AD470E35DCBDA6F9B9E0BDE55415F497DECA4B632D1ED4CAC3D40F3
T=$1

[28]
S=$54
W=-$128F06D5D733F67FB090611FF84F854A6FF9D3E2936B2F20497FFEA09A8EA1078E9BAE4EC2B337F30035F3704806610C15CF1F3B24DF9ABD59A1113CF5DA55C72BF66CC45F41EBECCE7BEA2B1F1A7C50C9D1D51DCA9F252AED2BD1F5710533B8D7EABCE96E0E0E70BDB737C557ECE4237B122DF306F4C9FDCC27A9192074F8249F2E3CE190A854658AB0379D26589D1E28EF149911DDA86017F77C42F0
J=$16DC7010F15157070806F2BF678FB1CAB31C9D88BD0580A9EB71BA56C7E15603F7455C8767D8D35AEE4155DA20F1B06DF6D72B52A6B73AC948A789845E3CDE05C54CCEED58D1BDE380D961F167F399BFB555BCE0E179C5057AB6FCFE2AC4EDBC9B628F9BB446F5451FC16BDDCCD5207B3AE2D15D216EF75A6799B4A535A0D39FE83D3BBA91AF91A46EE5E0979D5861BB43A3041050A41E3EE643FF48F6FC7C02FE923BE25CF3ED56AF21FEE6ED98E2F9D1A30C582DB96FFE6341B92B960E7A156CED96F3CD7C8F1513F35F10C904C44E9824478DA64C33ADBD662D288900C6861E3D24B0128B3FBAF8F09E55988F74299CB93EBCC4AEBE7E22E7E82BE3D351829CB6124E3C4A43037821A398CC0E21F769FBF92B1B092E2A648CE9A4D26283A088A0F0AC52C645CCE912BA650790D2D1BE084F457192740931
T=$1

[29]
S=$C6788B1
W=$206514E6E7A90E94B26345ACE72493744274437BFBE55FC94C680C9420BF34E1184E54F4E5CE973DE510B43375BD6CD7E7C79B5B7E5DB9E9BB04F598C7A494B8968D262B15E6055DF8C6F3B2DBFD0C8C894E3E583910DA3491AD266F6A3EF8C1DCB9C2BB44B590D9D1286DE502FD0CFE804A6D55DEB8623B1000D1CF7614F0D1CD6D8B69F2B01FB558C907CE3A02AE43B0D517219A3095237683A4915
A=-$98
B=$2D2
T=0

[30]
S=$18782CA
W=-$91B2B5A0CDD677EE170F846C7611AC9DB4CBAEF9F9E83CFC4BBC958F9EA0FB360DA23C333AD4DC02E6D89BAD8781F49D601C32105BC1D47A325B6F5B0A1AC3A3CC086EAECA196D4BFB1E11B41EBBE23932FBB06CBF4713538D9B42DAD2DFD966EB76CE9197303DE1D8721025EC51478F01235E2B2880702E161C28943CEA6D1C46EB93085BBF4DF07CEACC5CC1429C35489BFB119C356B7558FE6
J=-$633D13311CC591E36CC4235AFA00039824A8B29D152B2492E3AD983CDA0C885EF3E92760BF6D635F6AC3B392C4BA16048C3313754D94914C4BCDD9856E82DE9476D52C2B06130AA7C83516CBCDEFE28B254D20623B255615A21DED0BA1634A823959E49405EBED20476FC9C83EC70EDEA116765EA3797A90A1860418B58A716F74818741500DDFDFD095160B2E014E46C548C8287F08F140D2626F49E7D773C1BD1A32742D002B859C5AC8DBFA3AB3261B459E18CD124778A5C16889F891521444C2FD6018DF7BE38C5765C87FE902E18864EDCC6FB0F00E129981B752E56AEDCA3DA7371AC1B8D46727CD3AD1C6AF7662AE9BE51B0DA5F90DCCC7C701D5EA8B7635F6502B15D808A10F53D5E724374E27E7F4BA87CA2E480D35FE7B3BF85F9D3870687CAFE8C67F3FEB4BB09663D8C34E7C841D4
T=$1

[31]
S=$167634CE
W=-$77C50ACCE7849A9792313AFFFC405E640DBF4096DFC6E84A052BED08475B59C62308A19CE8DA8EEA2A6A9A7F0766EF1EB9884E281B60D6450A714838FC8A78BAC08B1051F92CAB2E760B032D68DFB3CC6235342BD9A6DE3555534DE94AB8AD727D0E4BD2AA488D10779A6762E139368560D93C46C376B753CB9E21FB1CFCACEE8BE3BDB0264D7C82DC5D7B5387CA164D19E033F9227D5E733E
J=$4714CCCDB2AAF69D565CCD682582AA89352AF9A7C69C1E6E4EE0C6D23CD2FCE6E84637EE3DA7748DABD38ED9CFCCE9EEC18A56ADBD77E44715F42A02FD9B428175A4A5B3882143985CE80BD753312758821279BF80DE3A8AB25FFB9BDA91680A709B35C0F54116DEB8777913041D4C42694B33ACE2409F4354154CC687521AFE5EDC27AF1DC069444DD075D6B4D1E4EE4FD735B6F68DE7564DD61B2612D7D4B11E1DCFE061A6AE7361253202822C517C1D051E4EA37945DB16F231470E6AC63FDFADAE93152ACC538995AA688BC8125DC38CA1D790EBA2C2DB36A2C7AA7C7E08D06EBF2F8208BD7E569E48E494EB2B33BC942DAF712077C7D269AAA49196E8FB89744BB9A2B662808DFB3E24BCCF8F01AC2FACA095026FF28328BC45E529238733F73D10C91996CCB27BBE9AB8188EDD98D
T=$1

[32]
S=$53BDA574B
W=-$11333ACBBDE9BD272D1A5F7F611B99681166BB9084C99BCBE9F82CC6E36165F719EB3967478E08857336029D333B92E6321265644815916CABB1F5776ED517CC3BC5E3BD3A735A2B71871908700830E71A2F4B75D85C1485FF02219D28E62FCDF35E594F5A74E07F961F6B08B35755457DE21C426C5C77BE492E9E9D3925B095B3DC8A7232B8DE5CC7B0EC1658FAF9B4EF105D285AD8E15
A=0
B=$A
T=$1

[33]
S=$405F827
W=$25AD9E772DBE759204A6EFBAC7E881E3BBD210A00A270716006F3905D5B389B23481A4AE8265226FE271011DD3E07108714598042B6A0D4E2954504A28D95752F1E77B0CBBED858F1D0CFEC01EC7BD17370A50BACC3B28533F8A35EB4207F377C8585BE336DCC4A28928C76E83DA362C248E967504714BA880DA34980F2D98842D23BCE198717A096E4C15758BDB78D24A80050BB1
J=$BE640259D076CAE7EF9AD4A7CF25F92CC35DDD07591348AC138320B4B1302205C47915205702C81E5FDDD0EC4EBF698E8936B4131C625F907463BF486AF1674FAB058E7AF2F59133976B5995A927BCCBD836E6B7D159596382171DE1AE539304BF5E1750EAE0FBA5B1B86DF9581596A27BD4BAA22E61EC3D28DF82C5F7C299EC41FDD99A05DF587227AC1C50E69211226820CBB2EDC75F6F0F2808C4F0242B3AC2E34036FD4D2FFD6961583386E0FABB09F5514F83B4560B9D472CD06EE551489B7B1050200FA4AD264115CE0C832052F773068CF017328C0C2AD95554EF62891EDBD7DE5A2D6914F7DCEEA2E704AD878987F5E823E1E21CD169280E2FE4ECE870BEA02188B20A390E10A2425E516FAEBF2253D17B7340AB7A4D06A461A5021DE2A856A3FEBE5E1C229
T=$1

[34]
S=$15AF72B3C2
W=-$1CCE324BBA7121DFC38BABF7EF65F308B7BA60E8DBD3C6A92F0F5BF8B1F786CB7CBEB4839E784D2BA7614FA8ABF9B12E07247B6A68B2FF84A72F54624A656323C838C14AAE07B4A0533DEF822022DAA63EDC74BAA3AB918453BF3E29E854F27DC3CC05886BE641F81562D71950CCB7CDED92C12BFAFB516E76D7E01F515D2B71945D2D17E2F4F46B2C5080197EF74779A27AB36
J=-$36B4967656DB4415063929A3A5AE808007C9BBF8412BA054285555D5233EDBAF486AE5E3F0D39C91CE4CF33AD6CCFE1A3FF1B2723140873DE054200226C640D453419148AA21BE3932E0D2EAD5646CA79ED7DE1C659A86B871628F5ACD740D49D02E35BF50E5C2A94ABD06D3B1DC20DBDA51629932C35052592D1156FB89970C186A94793C1CF114A130C80DC4A242499C18D4AC2541E3773A7FF7A819197C02950E6DDF3BE4B731D138E8F90664BF16ABFCE37B6FBC5B3F4365A73DB033123821AA311391FD1F4C121BAF0C63AC11361E9D89FC8C0084653D1D0BA53A77B790C5E231CBD1E0D8360E1B5EE560B7215D312067D5BB97E74A04E6509EDE5A85E5528983131C4F94ED13F9543AB3851EF7FF8B805403451B2E07D52486304D06C8C10539CCB384E
T=$1

[35]
S=$70334
W=$DA887552F71DF5CE6B54BD3C8031743FF2BA0C413561C3C418E96FDFFF588C9C9D2CE87EEFFF9CE61FFA4088E496229A8E28D74B29F5639AF9A7EDC2FFD6E7572171CA7FF848DC0551DA46A77352DEAD927841F1064E6AFD307A628498A99A96F26A3AE9823DC3735BDB953047A5A7AE8CC75FBDA3B340EFD06A5898B2F777931931AA45D35B3E8117D4D1F8DD4639EB48
J=-$1E1E75BE0E8442B8FF1ACE1D487BAC08723498A324B2BA19666E65990FFEC7D75FAE68D0E337AA1B436A08817C2FCC23545767472901B507733B05DFBC11647309C06A8E2B46BAB5891D63349AC8FD74B796C3B1C8ADEADE964DEA069124536CAF22EAE175CF073C29F40B93262F2F6CC93F12C0B4275150167F96C83A394B5B89135D4BE519ED8F39773B91B7D706CBB4A721534F7D55796AF38C3AB8689AADCF44BA4EF45FF6E83B85208A65317095D03934F95F9988C687C36DB73FCDBA12D43F037523051A3C64429C032B7D81CB5F7903FD11B6DB1F059C2751F99374197A5662A42754118EED47D763C4F936512B651130801BFA097B705700032EFF0E7749495235C239D3F8E2B6F207BCFFDD48EB0930C8EC7A01003F5F11E1DEEB22D7AA
T=0

[36]
S=$1707542C3
W=$CC9F75ABF9C62584698CA078DD1C9EE3A3C900FA1DD368B18A3D8B9578FE392FC7F2372967009E7E6C0C9212E3FB84B49FD1720465B8D686220E20593210A3DD50AC7D4BF2A084A6600DCE0AE3B8EFCF5536F4B5CEE78DB0026AB9B3B31723EA34D93DE51F4D0C8D2248780EA25A434AC89DF82486AEEBD0431013D2F6C516BE10F7209E72FB80CA7DA69A6AEDA0563
J=$5CEBCE42466D11A3B55E465483751B9C76DB8412EF7E8A0E046375EF1CD7160272A9F6DE209DEA20F8198FBD526D67CE9DEAF339BB68916411BE1F0D65EB9CC01F8786B1379B1874C521B22AF9A12305128BE86C7DE98459C67EF12BAF84BFFD43DABCB06FC1D4AD31FBFE0E63A8487D13CFDB3098C397E7EE5E8E638FE15F664DAE870654B0893BF9D39680E7A163712DF9B90C77F13B9A78622F180592E0CCD89E2F1FCF8C436A476B8DB4447A39D3090488BEF621610E1F9B60719CCD29ABC1CE5EEF61D7DC05C4436F883F72525A725C0984797931A289EF5144AD070AAE0322CEEE5160BE740819F4CE0830B2D2AD044F178516CBA382DC58A803E20734D2BE2211A4325C0828B0C738B5C952548997BF9367ED1AB7D7DA6608742A2BA
T=$2

[37]
S=$8FD938
W=-$23D8329C555705443380A89F3F472978AC3F62ABC79A13B6E3CF2A7451B1985E1B95547308807101F222D8C6FB491FBE8087AE2E9F76298F37AC86770E286717CDFD9284AAA41B348517F2467BADE3D3A289C66BBE8A8DB8B2A538C5178A9FF22F24BC2424A3DC145F5C9287BC91FF7B909B71CE2707B0ED1D3E597FA48F1A2F13FB58A83EEA3B8654FA27AD8868
J=-$40969225087E6F8C890AECE14BE1416F34595A0BD8BF31FEA21B615C0BB575110A508C5D58FE76C7DC5A89F780234A2C65DCBDA76F8E1D2045CD08967433D489543B1AE88AB824D371B5944DC32ABB86CDC11329F28B9894F6EF045523192898B9556F2FC8C00EC418C6EFADF4F3644050E2DD4970379E1CA978399B1F011A985B768CBCCF01ABC97F70833127258C190E8F33CF9EDAB9FEC6E9F7A0B8D441D20971F1D1F96B5DFE11F513179B14857650E3DE32468378CA433E0D5587A5B4E68B4DE5394518646226A02FD29981FB58166FD315EDA9C2A89905335E0CE9D7B5F6954B90BCD134685E3958FF272B109666884A47DA1A27E3657DCEC8BB17974783DF6C71FBF92117507ADAC58011526734DFBB765518F3F8A26E6ED
T=$2

[38]
S=$2
W=$45D0CE2EC8168F74657981398BF770F60942F8BCF78161B75110A2266C8D343352A4C80E1B1E25BFE2E3EA550562C5089FD36C5ACF189A38353D53543FC1E8DD1BA8F5B4504E8D00C27E4A75A09557185DF134400F00EFB0ED6C0E42D989343725D62D5B5B783B7A790EAE78A8FA898FF5DCB41EB33B0616DC215D22F9C3D09DCB31A4C9D1E0686DE0BD9E8A2
J=$1B186967D60F31450ED23CA2DD9BD8815B359F49CAE179CD4DF2C7D46266C3D2CD09D7F6C6409960216B1F53B557920C6E58F6EB167E6889D8831848F10EA47A86EDAC2990092A9D5F0D2902D397162BCA06A4DB962820A25EB233ABADCB23D075C0210439BDAC87E6C2352BEA612ECA760ECB7D74F82ADEAF2905A80B11CE88D99D595A06BF90AD3A055E4BB9661F4CB49F176B287B6159B5273BDA6D5F12E6497527065CDF68782B283673C27DD375F2A019302B98757D19EA1C1531FE4A4F1227DA0F32A7C445D4F314CAC90DBEB2DF62DC8D63CF89604EE0A31AA4E92C3519D1E1ECB68442B3C5E1F957999E61C9C67A81F0D1DE633D9EDB4ADC2B43FEFA7B1A4E2F3C3C89DFDCFE6F472D68EE77BD2675A35F153A12
T=0

[39]
S=$16F51986C
W=$458F4BA196821696F36003A70D1B0671245E4C765EBB38E9A9E0AA397BDD6F83FA9E0AF308B687F5FD6687244719E067A36C6137632AE363B2C00DD76E5BCDB56826D96686927EEF31E81F4CF2C26A0C3959C152BB4F9A6CAA0F11623D41423F3DFE8B283140B94DCD3F5B86B3C38EF0E3EB187218627D3160C13B6CA6D1D2561E97FD41AD4A478BA12DCC132
J=-$275C7D7DD2228ECC033B72F53BD4C5A2360DE52F454945610E9971E533D18797953D088B7168F65049941ACCC97B8349CF8B6E8512B5062C90D8CECF81EE5F7CE62677D35DF315553960B20AF41F667DC0A8E9105D0BCAACC15C098BD7D92098ED0DA829815D3BB47AFE964681CD36A19FDB833479A4C40F0AEC5DA15BB4238A8E0BF23319C07064EC38583AABE3999D63B5AB1DDCF85FE76DEE3C7E3FE4625650A653FED6242C883CB372C66871B519385B7F9A2FC7E7A4B301FFB53EC89DD472ACA026B442E4A58D0EC82A3EA9E30447900105B93DCBB3B85BE1D3827EFBA85B7ABDCD9101E377DEB9AE7CD4E19F4B3E2A188439AD31DDC36F6BFA8A91CCDFAAEB1458A1655C87407E8CE8CD042AEC9E1AB3FED19468313
T=0

[40]
S=$D53EDD911E
W=-$3FB0DB06F5151531BB2241897F9CC5C3C39FFC6C8515368196864B2F2FB359EA4F3A6CC971178A633CA765290AF3CF0D55675D64E6274CDA2B84BDFADFE34361BDEF62E9C740F7CAD5119E01DBC5AE721CC01CAC24000FDA2BAFDD27F490829FE92B0D43B9EF0467ACA7E5D0F349D4E2B3C06D3194E49CFD7202EF212B5F49FA9DD61B2A97D21BC95ACA4
J=-$1FAC629EE5136E6680D663E77EEB790216CAE3EEEA67CFF18F6CEA0C385BF2117B862BF4F6F126C7E500E79EB987B28A0BB0A564A6F101B627158D8A3E64FF375E5DBD273BA6E3D1AD1DD1C6861192FBA52B1051566F9102BB4057EAA59561D44C67E2268F4DAE6DDAC06014F9056BC18EBD379E71D654BFACFD75EB4A11D298B5331927362DC76096B26EF5D8A8F661B7959F6245C3C2BFE0306157ACE453527B1D5E0AC097325711284DA03205DB347D86E3F01EB8A2B03E3DACD68B93D4E3E27A7C3DB880DC86A4FF92829F41C6C7143F4623E45B567CD070377665767E129DC14590F0CB7030FC40FE94CC77A06C82E5EC2B47663CEF207D1079E5B0EC1495ECD658CE76541CE419C732A7FC9CCA62995B667
T=$1

[41]
S=$B23924
W=$C473A46B2CD18C0371B00AD8E07BE58037CA219898030D039A9C41742F6838FF6364126A26A9C53D3E76EB0E3EB584598EB5327570CCB913DE40EC2318B56EC313EECBCA89034BA060AA78874F4DABC5D1E53C80BD7D79F6416D29101BF16389C8F33FB6FD9780AB6C6304167794216387F3E9F9D7955C2E1D625B5D4CB23D00D9B63025A0CA00E
J=$E56B5E09C834DE793C28BA841CFC2D4A8F60084C51242000D8E85D7DA7737FF493F1C745A0C0D32609D69606C45E6F5D246D77087872251365491E23289B5AF48DA8EECCCD03CAC4F2E18D9B7631BEB79A63FD9BECBAC7B856555C4328D4C764BBD4A2FD47918CE922E48CAE71678483341FE902D76A495E355C8A6600E072E940E51FC6F23C4BE90CC4891B371E08A56F745759464A12A9E5A1787884BAD8C432D3D5E48F0AAE6721DE1DA7B5EA6B33F4C766127DF9AB425EAD682BFFDEFCE2B822057BD544BC382C1401A8E6B9D088CD5D5E9BA0D63B15C7E0D7379EDA0D22F84C8C17172D40D2FD5EA9C10C66E40133E12FF2BC45FCE29456D1E34E79EFBA607CB2FE419EBC8E437539BF60BDD8
T=0

[42]
S=$3379E4AB7
W=-$60398B88E979F483B2DCECAEE32F92D5619640D776BDB639389B38D9FEE37788ABD1CDD2F5060CE9B202D479FFACB7B9A2B6A8F1DDF36A5CD65CA57AE92BF94C363BF18955066BB7DD5947145E4716F3B81D930446A66666E9C9F72E800EB47D2FEF5868B6F4FA905683C8F2354DA8435FB947F195356F0BCE01E3AD002FD1BD16F7637E71839
J=-$37D213A1E8F5417E00B62DE52C10578740C1F7AD2414AB88548E32A5C6C133C41343D39B3F16FD7DD437A65B95F2C073B7902A8337DB1EB90362CE82743CB8B29D0830B888FB7A44D5550CF9AC945F88A457E966B54504E2E284DDC3789B41C58F78C1B2C8FFB84604A233781561D8EDC2411CBED8C4E883B2566F84F2E31C648576F78AF01A405D3303970829BADE7FE95DDDDA754C25B0988A648C90E15A07008A3090001884E7CB3559E2D2CC457C0CDD25FFF5129FC24B4F96380E61D3EC50A55938B5067707BB741D8B9D5786D91B6C86B779E443187F210D5834F74521A4FCFB7CAC149D4308B0A8F260298F5426B1CCDDA8EC9E37C288A7D031E40DA044706D39ECB6A99C22827334D
T=0

[43]
S=$BD6BB670
W=$2E58A9611E59B4FB8ECA934C22700B21CEA97A9E100420D49153254828238EBD4C37B6B12DF596F992B277306C81D6AE2FFB1021D9EF12555FBF008877F500A257954D855B9AF11504574E5EBB4D7F0CFDBCE65D38FD8A899BD0ABB47A4AB99A64FD1B3737882CF06295ED0A19ECC46A5FB8D493F2D55A394E0487B005C12EA0EFFF09F2
J=$11E0D7C4672AA9AF4D373F76AD9AE6958291A2193525C8AF8674FEFC7E01B88CC8F717EF79F019E437915BC126C4E49EA1A6B58DF76A21698B1AEA5D3FFFEA6B39E21121AD8EA683CF70901AE7A75B67638C7A83C8C6C727556B48B08DCBD0870DD7E5A54F54BCBE96E1CB2A3D79D0DE0A59FB8FCCE23783203B179DAF1F555BB88294653C13A6761A417A1502BA1E1DA35AECA04CA75ECADE4E9E76FC357D9F20531BA614E939F5113FB38A8DBC1DFDD64B364C3BE0AD84213E0CE62ADF5F8B92966BC2F9BF199595D25C7DAB8D4784164788E44ADE2DD2C5DD97468D8017C4B528CD228D9A409DCA069FD441AD29AE36B639C9C0889AB1155B90B15E63AE05AE867B61316DC04E5
T=$1

[44]
S=$DC8
W=-$337A5B5181989E057C67FA9D7D33D2C200742F030118A3218C5515F47AEF7DEB1E19D8D4DD66EF7C4195A534DA67D2216D0653B6836ADC294A969E1847D8DEE8F0F7B94BB793CE9D87F19AF89D122880FF928CAD15D8FB0DD9B4BA5C6B5915EE0425D3CE8F178809191A4B6B076FBB8ABEA649100A8570996B6966BD1E1327828ED00
J=$1CD8D19FF7670344E9559DAF1ECE929A692E70D455E681F7DF4A23B0258B895B0E8A6EBFE5AE6EE4F213A3A935833798D5B251AAF6948F4349891BEF104AA82374782DEF0305F9432556EC86A307CAD0255FDFDAEC0ABE1021D0615EE319C39BADC3AA6441018223D28D6E7D169E38A7DB14EB417D644696C86470A335736B58D4C6916A120CBA08BF627A70243B01A364B5B833E57AEC626F1337B8E43A8A06A03AE071BF88FCB9F23DE13C300E3AEE463F6E34A19905FD8C2CD03BE3337D85773D0F7C3340F80D25753D12DBB8F71D37C9CA613549D7C2273614616E5D61B8FB748C4AA0B5C3DC0DC125552901BA79A275DBDA1ED397F2CD4A276336F4ABBC52BC5766C
T=0

[45]
S=$F98B35C
W=-$D01CC9032DF73F1BA6E236C3ED6676BA785040186898B368538A79AF6DF297BABE7AFF81C2838334EDDB1672786A3687F9A580CBDD006DE1D918F76B4E61CE314879C33AA8A108050BBE7250F7FEB1D32D850D53DA85E429CD8A7CB3C263808B3FDCEB7892EC9A58383A71B3291C2A4650545CE37681E68F2252FCB24B67C34CA
J=$11A6759143182C4DA7B5D725F09CFF32E1A2C377BCA12EA9A6CD7DCE3E7FB9F0DAB2AD9B9E98A06C2FAF0759A50B8BA945A5525E24E2B580EC3D34DC7779DB2BEFDFB415DC95C96AEC8C39FCCA049586ED8B0E849B8A3E7C0EF52214D127A649231EA490AF244CFFEDEA32541E596B4453E9A6D8A8B9B680052656F654AAF1AA84EECB59778E471E9370D7AE748215542F0CB3A9BA2184EEF5F349C9E58AD4E982A58CDEA8FE10DF681733F9ED783511B3A3061650B3A05725BCDE935CBA3F28ABE9E13EE6972F2A955B399EED8C59384E676158EEF6DF27C1FBAB64ECF801FE33F0AE7A94000629519B09232F64BEB48BC96A21183F856D3827CFC73912C8D79BB61C
T=0

[46]
S=$15C2C0077A
W=$431D4B2E271D78D483309852FBB282EF81A26267ED50F65D9FAD520D07C8D693CA6479B25ADDF8571BF4B5510BA525D1E334A6125CF704FC6AC5EBBC7F3DE3430814DD4F66224161FA9C7952F5EC551D4F5DC243BAC804D5B43B44016A28F377A48DE31F79887A59EBB035018D1CA8134BC0C12613792529833C765F97A2134A
J=$125D382D65A8DE6F5B78FC196B0C8BD33244F61D47A9E1C39E924DF5BCFFEE1CE8984AF0DFD1EECF55C857A2B6A988D9907B053373B2D719FF68871956CF8D22331662EC2C1C0A666CC37051809A443B786D74EEEF48AA74E683F8923F3E8261C4126752AD50741B8CA1B5FF3BF894A8E7D8D32439D8538681B3526DBE471D395DB882A7774069507386DC52ED0ED16918A96ADF5AF6A3785AFF9F6049DF9D4A79D31F5280B94B5C820075527B9D1F10C9110650D5905420C47251B7BF31CC1297F195F5B64F4557C2F21BF852C65A0726DECA72C7F2D9E9C6416C1427FA63E0AD6F0D2E65793DC35CA376C103AA5AE9C8E840CE30D4E5B13863003B0870F49
T=$5

[47]
S=$2FC6F1C
W=-$76A333F51142A0410890F9DF9C919D08929094B65F790505EDB796C7EEFD8E30925A0720E9C054011F15D433F65E84B838AAB47D8E47A3C77F23B81021F19561FE3A2FAFE54377AF0DC75D9553CF7583FCD629143233D3FFC29237901F554E95D63DFD925FB15F8E96E5EE4FD4C91A3A42AA2189F93F14B1620D4057AFC
J=$19A0C7874831C9BD9E4C8C6959B454B521ADE189B484EA6A3EA4A269E4BB034DA35292FD2EBB13C4A0D3E0AD3D762E190BD73DC720CC332595F0665D759B23DC6B8C034F518671EE3EADFA07C4282A1EEA5A73F5B60549D281E7016DE88B804B9BE15753CD5FE7857FA0DB1C6F0E3F220453160939D271A5D7A435FB8163EA6CC287A6F957B0B321F163DEF7F27F11C2E31132C20276CEB644375DD62695F8F2AB12B7A78989902FBA5475E714475E891EEA22526C39D97A8B1470BFF6893396313AA737EE0365B3F47F08E1BF195509E8887C16B039F313B2744537D4F11A04DC9EF12B8E511AE4BCBEE13F40085A44F7BFF7CCEFF73FA6EF6E99
T=0

[48]
S=$1FA9224
W=$2F32AB3F2CD75B9823785BB2E8C2E61140665A546CBA86C29B746483155CEC5F75D56C23766649DB36E797F087E702DDFBF0F49368FE32D5A459D2370F23AD0BEF03892630EF6F1ECE025B562255BF9CAA8A369F9ABEA8DFF3C518F599EFA9C03B7245632EB863DAEDBAEF20A671DEAA3CA3FD26A939FCDB4E5E4B68
J=$83AF0023028761F50EA2A502DA485EB42D7AA84BF6D787196D62AC99EBFFBF46244B821F09A71A0C384F6AD61B4B870AC2544FF088B78FF78515966B28B3DBE93D8E3D0D67B842F6A2540F3A38BE8D9D19E5A33053DDA19F6937587E082C5BC1CD64CF5E10FB83CD17B71BB2DE6E2F5F7ABFE32C49D92222A90A98E0FFA80F94564FB243F78152D5F6315B7986269EA34F76F6F621893CD0C5DF62149CBEA97D510EA4454FBEFFD4C121FD8BBA3A0066B438D1FEC8706E742F94E6F736E585DA28AB546D70134BF72C39ABA4123B37AC701F61A267FC8B5C23EA2AEAE4848D5365FC394BDDE9869E58D742E35DBC9E348B8B2CAAFE5AB5B
T=$1

[49]
S=$1D4B03710
W=-$500823479A78957FD68902E15CF7571D2D90726A6FEAB5FD2E54AE2788982195DF4AB48A8C3D32E543AE4468E23F8FD655EBFD874EE5FAB134EEE4ED248B0338FCADC7FB6F63B1DFF4F167CEFE05EC304E0A93C63F2A9568E38D513B8D9DC0624DA170BDED3D5F05FDF03BAD7AF8DF65CB683FF371C1001B77656
J=$3259C13B9AD7D257E3C2952DFFE05ED8DB6398F658D23E0536213F4896F607DE119A914C85DECC326992556A17C407B81F19C1BD2586490C740425F7BC025CACDD301928FAD23042F891F21CE4EAA4F61C68899CBFE223D3E3809AD05D94A056F9854B4C6AB10FCEB094915B0C45BEE44398D083ABD7767D0966B6E9C572A0D139984B74A6CB4D59B43297E8E5D2D2EBEF837CD36D6625EAA7A4E527A520E8DAFE20DF0249E605007F08F6F66BC6B4EC5C9D1755E5F5C98FD249D523E7D7170070DA0749188A15B09F67D3176BEE5BBBF4E2711D539E8FFC3A18BB30D949BD490118C9B810589F00A97B891B3CF5DC73841AC9C2F
T=0

[50]
S=$4293C00
W=$1086E258B142715EA11BB7764C7E1BC37C123C9A550E2FAC7C1559533F117D141EDF36754C44685A23E1118C51F9F45D0D5CFBBB39D32B991C05332651504FB5640F5D5B4D427E2FB29066D44DFBC8478B158DBCF8D7D851BE9055A9095C84B4E61677D898978286E607B95C6EF6C428D6230B1115E01D9FE
J=-$12F5C3F2EB511FA6935226147E5D9AB80A8DD6D2348B4839C6395E1ABB4A82CC33CF1625A53F3EE0E2B67FEC9F1A6BB3C5D1175AC08F914C1CDC0B7091881C00F0EF1D12601B3894A51B33D41A211E86CCC1A200A6ED321CDC7BACA2F565F44330E1C9E4ECEF19B78D1D460C3980439C2C79999D7F3EFD25546B9CEBA9A0C550DA7A69D6F1F2972C6BE8298B5A4A2DB9C4522CC0DA6E50BBA08DEF30D0BB827D0DBC38B8E9D2B21F0331B30A5454B7964886F142D7DAB9CAB3C35E0D2B4ECDC7D34BEE12FB876E98752B5F8535DF3EC3ED1C6F13D43BD71BC72501CDD14389FF3930D096C04D2A6C3787642E884C0FF40
T=0

[51]
S=$28E0684
W=-$23A1D5F111B18898F811FE88705D7C87F1C71FF828B91F430684B038FD0D88315F074E16B60E843F0CAB253AC78A8E8E6FC171EFB2E644F1F7FA1AB16E4B9216A3F9FB9E514CC0B0E0D9FC497A4658F3478A135532A9AE3F648A8A30030334AAD9B15DCD429A45CEBF4F0DEA460C937FF1745A41469A48
J=-$852C9F8C519185B6AF5113AD12B987766CA9EE9336D6A0A8A6E5343DDC5978BA1DB132DF5AF750FC2C2BC0229D1108E07382176B559B4B072350D005E17B2C7F2EE107B3DC6907206C3F2388AFCBD8833DA582D654E260FD04141DDEF3BDFEAE4017AAD6D45D2B1F56ACE35DE7332FF338C4764A6D8C721D0C7ED10817826A71137D3E7D4A9BEBACDAA16849DFAF7AB34F777A894BE0571667DB5108833D52D3C0951B3992F83B8B70C02A5CA5F479A9C27D79E99CEB78A00BE168A3039F422489C91295EB36562B4CD1DC63DE3DB5502874FAE8A5A7B104B1E6C7D8BB066DEFE9F626C3FFAE01146F36DDDCC5
T=$2

[52]
S=$2ED74BD25
W=-$15C0F54466A209DCBD7D197355A4CD3D881A34805E8865F99EB0D30AAA96275897BD49B9FE425B267581B7042F86A769462E7F0C256D0ABF1BDAD981CB0CF665AB88EA8E16F6F6AE4AED771F7DEE6FEB508CDA2DC08E28CB7790E608C6B74DFEF9D8A8AACB2B720C7F24DA1597EED0D824A44111C05
J=$B4F6D49769344E252145A4992DCA604102E66D714BE0FA8133A5410456DED6AF46E76273F0DDD213C80A1E062FEEF600AFF5BCE00EAE60141846DCF9DDDACB5243D3C32465BDA1B145FEA8CE55B13F5DE16ECAF14D0B3F21E08698C83B8D371CE2ADEF30CDEEEFD32418D5D8E66C720E71AEC21DC0D69A59BC0123F74DB93CCA99394AA5AA70F205FB3FC43B3AD5F36D471FE043D446078B87E47CE734661DBC5C1137B8958C893731540BD294EAEC018547AD7EF7DFC9F928A15B7260A1246CD824ECAD38B5EBB3330A337350B8AE06B7AC6E06AB85DD528F5A31C18D6C9856413EABE13E9F21851C5
T=0

[53]
S=$242E00
W=$CEFF55F1F269EAD8B0759681FB24D4B531DC541CC7DE477C3C1DE65F90FDDB873C8304AA1288DB1C0E352AA5C40CB6A60C042142E5771461300DD825F624B4B5057FEDBE0593ACA843823640F713B3C57F70568208B7B4A721F945967358ABB44F7344B8099E104E004CF9010CB56C71B818F2
A=-$23
B=$62
T=0

[54]
S=$10171C78
W=-$21F07124E9D679BF85E67C7EC909E3C78FDD3620212EAD69EB8A0693A7FDC7E6883906F4AF0BD00F90DA883C9EB1945CA497760E4C15EFF0334B03888C7ADB3754623E4E331869C3D3210FF40F2EFCF0E49ED93B102EA8B65D68347170191F12E5350814B8E9E33A7E7DCFE51A47483E19EA
J=-$357513DE3A0DA675C3F047478EE270B4D0BEA6AB0362CF3EB0B37243AE7036BBCDF63ED6F86B462C46B5CFC68F96F9E771EE2E53191D88ACF890A9BD1C3CCB8F5B9AA93581BBEE97645E1BF9F429120265BCFCFD11AE2EA8B7D0FB23564CAC676D9BDBFADE811B28087126EB8C14F0548DD99A9E2331021F9B3C4C85490F2CFE8E6E710EF4511F225A9F26C3AA8190E30BB60C5077AE46BADCE11FC98FEE655A2DC0F6A3CD33E0032E2AEF0205AEF401E63C57B520798DDF7F03BE683D42D4878BF3B9ECB9EBED6BCF6E9F03FD83BEB084C9633D78E334F9D1D8D619F3BC232A5F4358
T=$1

[55]
S=$F552B4
W=$88BF5975521829A623D123C20F2ADD7BB39CD691094E930D07AF8C37B6DE5F0CFB5A3182937C688FFE1F9533E4632E62A9EA5319391596BD24465017950FDDA65BC92C541CD1B8697BA7720095D83D62DE41BA378657F636CE71F86F0802C811793769D20DE0AE23A9642532B89188B8
J=-$1AD0C0F8C5F03B623D6F20CFF08E4495340062FF6E69DE2FB3B97881FD3D6FD0B4804747FE82BF93CDFD9275D27F33F2865A287AE6BEE3832EB858BBFCB31A7965C4BEE99BEEB7334ED95D54C2076289C52A006A22B5E0EA5961D175F3A490203DB96452F1FC54228A790827F0DD6DD5B1D9EF5A7562AC50979B44C269085037924B5F9B7F2CF3C90AC1EF728ACD077EC5B8BA67F63349B7BAB36ED5576E27EC374642CBE64FD7478EE07918059DF3310979A044F916E2D96CF7FCE7F4A8199D4C5A68310C6490463D6F45187483CA390C48FC3C82889232662002B170804B5
T=0

[56]
S=$1D5DF78
W=$857B6A59D927AD4CCE53B0DF2239720A5217BBD5E957E3ACB6B6A258DC21EA197484C0451C422A887175251DF50DBA6E57A20BEFC7A71C44048F9CE1DCD4B195EF18E04649C3F6D8390D3FEFBE437C59B8776543AC76EE7073A81D0E23AFBED7279BC47F7F16AFB57F220A39BF9EE
J=-$44EA87C48DEA01796E7CB7F68BF1C2D531687A174A7521EC16A95E8DBD209C7F7AC5F13497FD4AF6B0AE02BABF112C5168E25DF508D89CCCCB56466B89353274C3C81002DCDF561BB9F95486ADB00D0FB49A9EA5F8F544E0A80ADFC09816F332CA3CED00D0EE02358E55C03888066A55C560F2391886508799F0BE1BD225E7CB82BC681966B328C0A19B101E1B5BA08C3EFB750B9D1A723D51B72FB654DDB772CD409AA2279FE6C4ADEA6E3FE9C1CD69A614EF20B236CF010F810CCA500D41C3F1ED3378E7C9156ADA4BA9D7151502F987B148BD43FF2B23B8C240F17
T=0

[57]
S=$4BE77457B6D
W=-$5C2FC2227FC923811E998F647AF52AB8B500FEC258A550984BC2127D28D093B28851143AFB0870174D8433B858EAC0D342D40C15866FF437306C2DEC338DA0686587E2FD1914D1E3E6D6CB5F8AA774B63653E1432EF34C27B52FEF5FC33947B4D29358F58240E7D39D14EF73BB
J=$2D5DEA28157951736C12294A85C80DDE3F52D3D0B64E82BBD274BAF0EE81CC26AAE7485BE15363C3F9083953E458057D77CC200585948942958FF2A2411D94F0D67B9D5C76F6EEC5C71DB2F70561E7365E32BA58B5F5FFC97746172306DF79D7E0C79DF7EBE733642D4F9129B4486ACB36000D0F2DE70F96B5E0D081D93069048AC018BF449305882B6159ECEB01863B4074E5C48114014C5A7F554C0B9BA438F8C72E438982B450396752416BE4070DB28934DCFC23399FBD00DE4A20D1FE9CF633DA311508C74FA5EF16FCA32086933EADD27D3D10270B021
T=$2

[58]
S=$120118FE9
W=$2FD0293A73423CDD9523EC674B3FF5079284DF28872EF22CF39D178E00846E647C5F510BAB38E0DCD1D8BB53D0EF3AF722C24E8206ED2F12C2F74DFD8E249C6A1D86BED091E005C4F6D5F601AAC218787A338ABD97D27AFB7E0C16CD73CD965901B3A379CC4495F88FF89
J=-$B36D90268DF02E58FD6204DD7AC9B3CBA14D7823CF0ADB90ADFF596EFF8CD588AEBBFE660D8EECEDD2296927330D4C1DA247DA14212DD8F07CA79634A4BC5436C871C0EECEA3231F4361657CBEEBA8D700AD61D92C7DBAB3EE910CE5689F55B5E41A8BF1524181397B7B7F7D3362D42D36CE403553EB8B2B72FA67EC760B7ED825D852AF57B89FC587D006FBC4809DEDAE7CA58307CDAA15C457DB3AA06CE273D4EB4A90CB45A0D5C8A5E2B1EBC1C4D75C438841D6D2753FAEC9991E4213F0A3EB16DEC4C467529B82F2C501C7BD8B26930BB7A5
T=$2

[59]
S=$35F1FB0D4
W=-$196DFA50049CCDBF4B5063B04663B0C7CB395B950CA53C88B9A3AA31AD2F75646B8D0B2B2565D1359FD1380EFC92878A2BC23D60389F7A768DEF8F55F202C3CCBE0EAC5164E1CF9F3E398B4CE9AE13896B314FD142D52F7AFFDDEE423EAFFF783DC79A482E41EF890
J=$EB748E691D0018A9EFEB98DEF7286E215618210023B8E220A722905024BD64E5B021361CF3F2F1FCCBE226945C5CD5F604912FB1E0421D760A650A31EADED21112376EE7D66A326D51A704F20C84B8AD2219BBCFD339261AE97104CF6B85D689B3AA0BD8D1E339820E9556E81D07AD07DA8F39F0632F2AB378ECE41E1CE9D1C52D9362EB2B75D0C12E5BDD09217F7AC0D8F3F6399C4A00721C7D2F4159459BC6452DF539DFB5E51A4470BB7269EFDBF8CBDBCDA54F1855F307C273DA405E8A4DC424012AF85BC99B5A183189B00A7943
T=$1

[60]
S=$2F9C73E0
W=$16EE4362DB06055FE70A74ED032F0479AB07479D7CE3FBA87B2845AC7D1A9CF11AA6F786756981A94A1587E2686E164D61286480A0C5796C179C20A1B1DFFA49EDC403F4347135EF3DF158001BAE9E71D68F0CA11077CE781A614E713429A420E53F91ACB583A
J=-$23643FBBBB3BC907344E73B50B28508C2CBFA0AD2283C5AC1751A69B88F6486142D303B1BE073B3C0DA882E97CC10CDF845201633842DB4CBEF6A4274E3EFF483E516674ADB56078C1617704AA73CCC4E5C10033B202FE8C7348809304512786178FF7F0DDB56ED09B17138DC50FDEA087C9BE5593A0AC58D4694D50BB1BD67F11D96C9F7D106E701DB6F9BA4106C1CD39EE1EC01DC8FF1D6F40C64D46E40D90CB1905A7A3A683B0D154B4195C46650481E0E3F9EDF5366D35A900572F4E592CB45295D9ADE5C191495AF8F6
T=0

[61]
S=$15853C
W=$37EB9EA339E01F22E631764205DAE5E22EE69CA754702B4DF54596DC6D9B39F6FAF7B8AB4FE9A13144190D28C4B81DE7D7786090B0CEDE5ACB021897D02CFD5287C8671066B0DAA8411D64439BF485615D1DDC0588EC03C5FC8A73D1C0663748AD6C30B4
J=-$123EE2A4189CEC44F7A72FC162F22EF874AA8638DD89EF5C46BDB1C8013325E2BE744BCF7B89C03002598FB3FB7073FFDCC158DF100C72622F598F93634CA39CA9C5971D8A809FFE553941037EBBBE1D9E115B5A2577D3016E0D5E41A15A14E9E8AC4BDCF72842951B6E8F60587A2ED3E4D22727184BF61FE150F8E76DA50D59292104B0E80E3C9B4D4254748A3C1E9381F02B36E68574A9A3B6B1C9FF9C7C115EAD0D1A9AB55D5957FF4B4C8451255AD1EC823022E44FC460D25EE6607D0869103D9BDDAADDB91CA
T=$1

[62]
S=$1E0B83F89E
W=-$C40140A5335496A318585A56B9510A2D90446ED0D8365EF97516B7411A7DBEAF383A31FF960C7A9491B9B9664694929CF6EA838B7096CE7DC29808995D3386541DAFCA77392428C53D467B92F9AA9C1EA8E30F0E848BD5C110299D72F7F9579CB8A070
J=$BD568F3F059706CCE64070F278C4F4C0C17343B8D74601BF22BA9E0391925CD5F6DA506F4E3416AA0EEFB877F7646FC5E36AD8B6BFE185FFD26E76D9534AA8944489C8979598362DDCEEE848781AAAE194D48C8B6A3FC4B402A117FC5D4F24D4A5FC42656AB22F679285F3135544B68D1F526256AB2C7DFF94E57CDFD0C59D391A60031E80B86C2D2B4FA6AA47F87E652553FCFB96B9AB541681BDF39CAF16098C4FDC15FB8AFC1C82C6D9B5CB8C85BDB4713892F11AD19DDBA518BA579762D21365AF760F6
T=$2

[63]
S=$50CC3
W=$1FE1A229E420FABA979D78DD7C5AD9EF0A358D35A96CF2220330B068D0C544B6DD65294300712468B234B9193EB2EEB5E5561332DFE0811DCFD9AB234672D24A1836EAD472FC28B175FC72F48901289A29484723DC1B5A1B96D22F1F0D332437D3
J=$571AF269F6AE7A7989711E707DEF1C20EBE001DBB62C3ACBB9D784282C1E6B584A9AD685C79AF7C93E3221FF0CA165B7358C3B9C6A6434937BC75B731F509DC2018D3340C8E6297A3622224D7950A5D26B7370E0C266B83D8E6258D6B6357207DB56E8F6867ACBBA5CC6291BB46495E74D7AB5F7BC223F306C708313F674D3C24AA2473A334A7788ED1E97494DF578AD0BC5D0EE0E0D802091DC21B748D9F899CB845E3E94790F09FBFE6C8CE054F96BF2572BC830C6444D7F2F9131BC9420E961
T=$1

[64]
S=$2BA54E1F
W=-$60A62BF0DC093F106E952B87956C66D0A0B4A0D8E7BBE0EAD54DD9BF4221DF4E884E7DC9FAE1B0D6B4AE23225CA270D3F8ACC797840366758C17951136C44AB9DCF2AB441A50CA26F97D331F7F3E3C4D1E5567AEBFABAFAD3E5B99F1B0C9FD3
A=-$84B750
B=$24C7B73A2
T=0

[65]
S=$20EE50C
W=$264341366025D4BDCD69EA4EE4F346444E2A2D71284456610CED7F8D19FE24C0415192FAB1CCDBF29D0705A470AC916B81EE2D778890A456FBD6290C92FF7EF2DB5EC88CE1AC1527ED266076341B39DB7B6EE3C67D6849A8081423A474F6
A=-$1E
B=$38
T=$1

[66]
S=$8B7F3C1
W=$1A50CC43B1CA8A82FC3231F8DF886FB388CB2D2D53A07C40F4623B2D3CF2B8C1134B48E1A52F15922695750BFA1A9CAB18EC3D80E1232AFDBEB37A9E16741A978B0A23BF02E0D507F2F48BB52EE26941F59D872FC9AD8003ED72E2133
J=$5A8D81AF0AAE05BF60C99974945CB61E1AD1B768BA3A51583E386C59D3C2812653E33D14453D133488747E4FF610B1628FD8011517FF2F4271A517EA8DAAB0DB0D5B5A96EAC7B3CDD1C0321613E5D8A126B7AD88302EA61C0700525C1B8387D25DD689DD23D3EB33D7831711E3E2FF1ACBDFC500083912EECFAAB3458FC4A071615E544A769BD3A8EBDB659D09D148DE94F85DE6AA21F0382B7979B0A7D722FB79D218AB350ABBF412EEC9B47C58D94A36F4BD0FF0CB2195
T=0

[67]
S=$3F9EB34
W=$711F1120560B153B98BA5526A8D954E171402FE75645F204DF11625B02DEBFA640D97CBF61E2C771DB494E1BCDC7C8275A7BBD02BCB91F5A6C9174CF08963D22718B50266E96D6D41A80AB1435DA576E7542632C9E80556929F26
J=-$21B7AC53D1C6FEC672484D341AEA74A893FB73BBE9E640E633226C9B48649CFBB4498ECEA67E057B04960CC0620E195925478D84D977CD83AB4803A702BC1C602A9E131FEA736AC36E3F88E92041D9C04C4C1E16670B089E9CA8210E317098C68F6B367DFB50E06EADE466FE3638B9DEFE56B80091124B5A9FA1A6F4BFCFA8F4EA5EE0D35B8793AB06A0910174E862569609A1C0C1687628921F06474EE7A026519D38D5C073DEED01B2478CA4B16322B66521F39
T=$1

[68]
S=$ECDDE
W=-$35D4AC8F93264A964CDE244EEA8908F94211DBE704E5B478996AD2957C40CA3BC67AC55FEC05AC16199135982D7DBB520EEB3B20D2A62FA0BD5E55B48EFB674F7F0F9C8AEE313504CB4572E27C87444CB9ADE994512B1EFF40
J=$17A1D3C254126C1437AADF8F463B87C584F5EDD0EAF39EAD59967DAFB26E90DB12639A6B9B04EB078989E7843A1616BE294780B561CC124626F3DC4122A87D68E48B2DD0B1A9C6B0E82BD1544483E4FFAECB08910755ED3496273DC283B890C6C3C50846CBE2DD1F271C7E30B58BCE1C2094A1899183441C883EF6D8ED68DAFDB6EA87F23F64CAB0D0FA3FFC8D7448FA76AB74C4F3A34BF3DC072683DB1229FCEF1963BF1A5CD9FAA98481EC2F83CCBFF3A
T=$1

[69]
S=$322D61F
W=$9EF7DFF81992E6DA6B8CB4CDA62D1E19784985995A18BA0DBEF2622D1CA69C8C2D6761A7A0873330E3C5570F3EC4DE9A065AAC54CADF8A893D6D7939FF6E7FF528BC5A5CA7EB74CE968D895AA0C3E3B2E8B6F32F6AB3B3F
J=-$160337341F8C83C3F21BF47D5F388674770AFBBF2C50AE7AA4EB2163F480E07284FBEC89676011365CCA0853507D6203D3315AFAC98973C756481AF987E9344AEFE1C35EE3670C15CE424BB3C50803C7EA9C3D6631D412AC664C9C72594B9E4F0CDDDCBCA8C5588F3BFEA6D4C0FE834C546FB6ED47B0AE40CF50A626DBAA9D405137193AC4C83A9B78AC6C1A2B0E52E5CFE3E2CD6319F0C288C0B353DCAC5CA67AB6CF946A82B26F9F1C8B349599E0
T=0

[70]
S=$444CBD
W=-$7B156D353B39904723EAB4862EC5B999C5B6A82EEB065C43CE7F39E0AEA6FD2BB6DBC89A84CFC8847EE93D872D2119C399FCA4F56A94C93A92139F34E5B2DA1CFD2810BD8511F75791B4B04E87867097489742D95D9B
J=-$6F38FEDF610AD0B5CB421A39FD35B931874FCC19EE29FB5D77D5BDEA3F939C2084046F7702885CD75E3C1D5F10557318DAC6BB792904146A435955E4A6562885F2FAC247706BB3E50155C42D98802F25E64589363D33E840A0B4C7DE2D8375780FA56453DFC2ADED3E18B574DC9AA0E76B5672B5AA48134B2197D44F1DE041AC6CFEB9E0AD086FDFF02D7F57D41E795F1B108A42E638AD964BE25AC19D78A8455E6F2E498BDF08BD164F9E6
T=$1

[71]
S=$134C77429213
W=-$145466CF0677E44B0EBE12E151DFB57941F9D217B096058258557F3E6B65A70D8301BE0EF1D9AB1C976B8CA5135829EB9D19BE797F7A814C4803A15FCCAD4A2090A2CB5AA004DB18AAD35C1E10FFB37A680672F58B
J=-$2B985B829B4AE57FCD653C4EF998CAE53698A1FD2CB9D52F5EA35E905246AA1F2629480E509B8405FAED4F94856225CE915D4FA57696E2E775EAF528C067439CE3259F9F5D490F3040C5ADD283782C4415A9B1C2BB0E13E44F8CCA47685D87A4B7699BEBCC35967A1EEEB0E95C5ED63213B6BE3AA3E5B9E23E63EBD29241E4DB24D7A5F6BB7CEB58259BC3F87375076CF4DBE35B3369AD8AA007DE3F38F22382EDB0828D62AAD0D9DB
T=0

[72]
S=$3931BBB
W=$228CDE3AB11F7A6892C258C0B16929E1D85ECFF8917090CC82D76630EA3769F4116D9CC380AED9E28735C799F084877483C688713BE38256F216DFE65C8E046E16133CFAA5DDA37601DB74D6B7CCE10BADDB
J=$A088B6F1BAE635A812E72AD90643D8C824106EDBE42CA7B2F57D2E92E10120461C4480EE537A5DCDCAB8024D24CF810CD58DAA1CD79910AC8D37F22D4EF1C2B5673A6B64A5BBF530949C5F8D545F678CAF765A3404F1D2BA96EA6E3CC0D5A447FBF5032640ABA6095F37CE05CB33FC27C3D6144AB30132A4BC8F7E38B8CB99E5B0BCAC95D6FE26D141208DF0CD524C97E60491EA01AC80707C8953C3177FAD9DD5837E
T=0

[73]
S=$CB9B8
W=-$22151E7F1C054F20260224FB8B34EE24033A7572610E41376490E16083053686AA266000F7A6D89B7A77B06CAF44B2CED41C205288B46676F5D1B3EECFB3A151B7B492E7E8E1D1431742AB28C427E9F60
J=$9160D750601554B941D44D9B8CAB94A44046E65A4F10DD2525293D651A177975CA478C83A4B968E53CA6F5BBD94D5AB023249D0094F47C7C26DA40E23BE2929C9176D7954C98B00072C4C13B0A3AD1A1B2DC5B23A33CF56469E40A107219ED11970ED3A7C325EC42B82ACFAD2BC3E3DBAB0C5AAB400E06C0205C77931E85262A8C8FC6E0D6861A0AAA15CE951F43A847C15270E37E9F0CF0D284381ACDEF32E9
T=0

[74]
S=$A9D0DF
W=$9D5EF4993A714B514F368D41BDABD143F09D004CDB3E04FBA8A4292CDEAFD97C11EA0B348EAC5D0F55F999733E366FF7C05EED74AB2A3A79D05466028250DC7E8A69E01AE7CFE34CBF9A0B11AEA25D
J=$5C28AA6E8A001FC0FBA6271F25A31AB38EA792B2D989061C05B8E0D3366B83B66EFEB8167833DA3FE9364E065CF6A7393A235194F358649F7F2B21994CFD7616E40144379AD02F784A74CCC3248EDB7F822280468C9123165B51A06DD7D9D64BC7820CD497D2ABFA78F9C3E847450A9C7772743B0A5BB57EA52719D4A5C10855AF988DB7151926B69481F79012E2D324EDF91D6A028EC9D35987FEC0F06
T=0

[75]
S=$71097AC4F
W=$A0288C5F12D1A13976998CBE2E2A921B51D8872BD0DF845B13E6FCB60438AB358D27C93DCCEEC4F7E61761ACCE9FAD327A55BAD1B4045692C359AC1E7F468CF56ADA728F40DA7733A6AABF4AD6D
J=-$16AC636F3C42E18C142B590A06BCFCAE57384F7B34FA95834839D151CD21B58C099951B15F506A674C7D4F668B7F77085A834CFABB7427AEB6F7A8165DCD81DFEADB02E2AD49054E991FDB80C38C9CC98CBE877F320077025FB75106B34B5D9A6CDFC71E779B3D798F77801AE2C679BF3EE3B3333C5E40E660E98BB7CE8CA8E5196E4B984867B2EE71676401F884D66E47B05B24BD95FF7FA5ED94
T=0

[76]
S=$211A06
W=$38A9676CD459A9B3F620DB3703600030B8E61683E88AAA99DE626246BBB77523F326EA8B0B7CE21863CF4C4F7AFE41DA22E8CD68D3B85B6CAC70E01C9FFA3145340296711EA3EB3836A77A0
J=$20BDAAC28A8C347ADC3498651F919848D12B08779940769502F557DECF4B35CC041FFF90493FCFEB92CFB3BDF766BEB458B0ABF50D2BD13DB3681CF72BB04FF6AEE4E14666FFD402052A54072BB8AC0318F815E26FFBBB230304EE4E602E16C747B0C821F58B3283F8507E3FE6A0F486D9FF18BE54CDF97501CCF9BC424D3631E5B076B3F8EE29D76726F8ADE4FACC231E03FF3E11FE
T=$9

[77]
S=$184AE4
W=-$B3FD70891E81CA25BFD326313605D80C13C4BF5676BBF4544893244A58982CE0F051A254C15583D26C66BFF821DABB54A71CFEFAC585BF9AF245003E6435E3521F8BE0233368A5AB2148
J=$215E504B8965093E734B950E0736E035A3ADBE48A0FF708E1AA1DBD19DD1DFF3F61FC6274CAC876AE8A2E898EF3587CEBCC276305C3458C2091F28CBEAE13E8E595BEB2858B0A5B71066CC75B8B62FD1ED2064AA36F4E2525228482D4F079681B98E93B1EFD126E32FCFBCD75CF24DDA4C7084183057D444533B866AE7F2C215BB5A372BE5398C9AE8095571704A9F4D2CFB0E
T=$1

[78]
S=$F1506BDA
W=$2F96F5C2F2572DDDB90C58104BE1B2B8660D5DB22A6D0FC689C4AA1007A602050825B630AEB508105EA1D819E494033ED28598717D614CB54F4881230F95FF43FCD0BC8DE740989B8
J=-$27DBA6B0B872825F916F78E420BB95D76070F877DD70CFECAA70CA638FB3FAA69D62C082A303732B4F0A326E9EB94650E4DBA4B776C3F2A29E5BEE4CACB28B701435A4C63EF04AFB80F91B5262A991382F7A9A06627604524DBB74B41DB335FE680D2C2C519B6347DDB5457A8C2EDC4BDBFCAF1639042012C51F44DA13A4FC94A4A4407E14E9DFE3B6F82EBBAAB6B4CF6C
T=$2

[79]
S=$AB89B6494048
W=-$30303E6633CA24548BE658D361F2AD3E577109FB99618F5E41AD2E7F9912749FB0F40422AAEB168D76C509DCDEF7B09398ECC63F2D6E6F26D6B846F5D502682F8C5FF1CCB6E3F4
J=-$9FD7D88D7A10422F8F04203CE8BC3A2593B1FFADBE4D1BF348EB6741296AAEB2D05DA1C66C5D0FD78ECF2E5D1BBDDB15EC0392122384A9D593E478F33A23622D29E4CAAF44235D1833CA3C75D5B2FF2C1FCB5C9202DAFB7E89A6EFE7B3CFCA19C806F7FA95799D5408EE316DB399FB76767529C47C5250610ABDA99860F13BE16D5C5066272F4FAA9C38E9C917
T=0

[80]
S=$13494F4
W=$1697AD24E33AF43465AD633FA270DC950404AF82135C6DA86F22B1D41AB9E43BBA2BDAB07C3BB9F58893D9220EE26770AEE4592114CE6E39125386BE0965A533EFCE7DB8
J=$62C5204A0E9B7BF7AB48516802CC44B9240CF3B7447953DEE96FBE2C6AA7537295768CA7927598449DEC4B86CF210C20EAC641EA81AAD8D9E2CB9DAE73F611D605D4295EABA7A690780C20FFD1FE0A88025EC6959BE62EDC9912E29573E02C462FE458E38BD2EC595DBF9AEC69D5F26DA5739996CAFF4C221E728AD9E6C995C69E9B7B6241FCBE
T=0

[81]
S=$179FC0
W=-$1B67F9035EC58B8352F5DB5E4B5973EA0ED66119293CEDD4EEA5C7A698EF246C702BAA928DD83FB32F2A1F5D9CC22CE1E4A5FB49D4692B2C3C34C4554225360C8B3EE
J=$DD3B90C4765AAA27712A71DCB8193E543DF31FEF8FB02B2869DBE0C53CE7BD521CA01CD548908A655CB8486C3380EDB376D08AC1320DF2CAA0308F0B34DD55AB102F15E98E25113DA907335B7F1A68694C1604913CDF42B94F9CB299078CA5582518649F93104D84F2A4784087B9E37ED5E253C9A8B92B3A9B2EE34FD831C22396F46EAC
T=$1

[82]
S=$245B8EFBCA
W=$AF556E2B3C8FB53FFC7D19216ABCC2AC8C8E9D22FBD18935CDA7395919513F4634C2DF2DE87FD9B50AC61B03ECA941F3A722B2D7F4B7C0AC08A204CE505CFE428E
J=$B3CE17A6AF2667018FCF6AB3A1CBBEE24E3F87539495DAFCBB71D2BD37D9DCE63F20F8C8D9A5009B0714334321BD403F4ED931836C089A5423F128668F018F98C1223A2295E4A421E81ADD4232149BEBD86D6E14FD66572C2D7538A621D88684FF2036C2FB96103A59C5FC7E6990182139EE8F77AC315365BF23278098B62123AE1
T=0

[83]
S=$13CF0A37021
W=-$60A20C6B30B3393E370DA4FD28DA918D7AD0BF44A677B6591DE4B8676971D466AB13E7068B4BA23A9511FE8C826F620A1262856A6B0B29404174758FF9E1
J=$518B38AAD8E52FDE0CEE88475916B24036171F3044D00AC5F699A8CE8F7A6C86D41175B978B19658AAF79CB1EBA737DB79D33E6DFF0CB3D2B9785310E80229A92B1929DA0705605EB9D475398BB388AA3724A754C469416F94AA20EA20BABE20DB70DD4FD7C8F51A1C2BF55586506E9E1206116248E760CE7E799B57E5
T=$2

[84]
S=$507B1CC
W=-$192A3FD6D53FCFDB5281AB68A74D5C86639C27F547C2A38A07CE67D29232CDE431B5F0121DB67BD84D4082917653A6C161DD794089DF3BDCA84B6A52C
J=-$4BC4DFDA629DB549A3E5900B89605A8A9CFC2DBE53674710B5CE065F7D01C2076B7946DD774DABB5827EF48D1B35C919C235AB90CB2181E8E4A17D1F4E841C3AC8205C7B3BE08541A2946E3FEF1E536583A0E68DC0E7C63CA9539FAF9E44455C6CCC8DFA6135AFD854CC8BF5A2DB8F447B740E225C4BF5B7
T=$1

[85]
S=$53404
W=$B485F3B81BE837C158E7352D8B0C8E5D461C8C0C85A8510B4CB49FC4CC6118956AB2EC22235D2F5369F85DB5BEDA7C9BC91189E7BE25144D91324
J=-$EA014FC4EA7F7A9D1BE6A0457A1BBF1595CDFFE76366338F6D9C84E399DECBA4C092FAD3CAD6588B6F002F19AF401ABAFE00F6BB10FC5C8FD618592C52C00808B7BC71BE955F70D2D9EE1E4A2F1F15759F1383D24E2FB2A35E120AB55F386795E35A2AE1068D62B89C972A9818B2D4D94246FD42B
T=0

[86]
S=$D5095EC2E
W=-$7CFDAFA5A6DAE24B4CD1B4625B742786D15D8B783F1DA4A7DEA4453EE6887E7EE1638C001E588AE044981B8E7000A423F2821D1A2F32DC48B6
J=-$32CB96F0BBDCF3D95E724AA25749AD374235C1F7B4054DAA78013860013C6CB6DEF31AA98F73E10FBDCB7E8D3AA8B462F2D6F13E017DC30E628AE0EFB344BC69B8DDAAC42D4F3F464B9BF39D5FC10B43C51660CE05C9798B9AC3D251295AF1AD8FE01E81DF7CFA08ECE0146A37A6EBB4CF01D
T=0

[87]
S=$965836906
W=$168EDB2005511A82A9AE9942D8D35BD5AE05FE5C1E0777210DE51D0AE2EBD6C8D492415E6DD23CCF72F2DF6F71E35AF714533DC360C78DE
J=$234B36DFE5215FA1CBE15FF38465889C6F25438FD81CD126C165B9AA1117DA2B8B3D70ABA344677A2DB7A16B2F886DE4E328AFA8F282CC48C9952B2FCC980A31F48C65A144FC15AAEB713BAC75423695BD64C5D701FE4F44B1A10B5D64E6388E6FA93D02692FA83B84CC7F8E8E04
T=$1

[88]
S=$372B8
W=$63BD9C78B524E9F77E99E07AA1CA506E32EAE17DF5623377F24C7762FC2B676A5D7AD9B9C8CDBA424F64FAA7C4AD4239EBB06558EE
J=-$428D5EC8BE6223DFCC97847EDB884706F974D173F0203079FF705329D17851345E87A123E4B9E4E3638A918D0A8B2319B12F69AB77F8B59716F2D4ED1E4382D975317EF657A3BF617EE3B7B6C3433283D9B394DC54063357FC63F8A646AADC98F4C8B6614B72FFA898D
T=0

[89]
S=$517085
W=$3B74F85194763C93FD9DE991BF0CBB4E0F5FC29B89452735882E4706F6C900F8EEF503EAC27B42EFD54AC4888344B26011D9763D
J=-$1ECDAF60D141B027B7251303C2B1E402350FF7E62C215D8D983261FB1C472560C3D8FF01BF30AABE3CBFCF79B6041A9AF061934A9C95FFFB4B3EDEAA483B26C9207BED2D1C3495FF5D8D6A1340E934812A0903F4BEF8FE38C39CFC9728DB20FA641B09402D0D596
T=0

[90]
S=$25430
W=$6DD5D85B1D8A210E6001890BC0E79C5FCB94C3FA3B32FC2562BBA5FE27F89DD7761950BE338C117FC47F50564E61441FF5BC6
J=-$548AD85DE3727BBB81296225AC908CD692172596183B450A5D232455FB022318D0D4DC515916256312DB7123480981A3343DA2A37E129C06BE5EE06F5C76FC8C7860E5EF25A3B5045A6B7E4C141EABF5E966F9ACF453FBE8BBA80D2FA89EAD860790792C8
T=$4

[91]
S=$3A2F3BFF0D
W=-$3A179089678CA089B76FCD7DF368F36295BA6505966314D6071DDCC748EE2C459A489DDE23233B5F539A8E901F53169BE3F
J=-$ECAAE957E9A68BCB97323E38BEF8D8B9F2B88C84C6AAE0BD8AC3A85E862436D4AD0C074EBF1C04766DAE253E2F156CD9C942648063AAE33BBBDA77D39FCC404CBD38C723A04227D985147A3B92E39BF82873A93963C1C0A3E8A1A72D38457C42F525
T=0

[92]
S=$46AEE
W=$8959969B17528E9C4FEAEFAEFB99F60F0AA4AD31957093234C6BC600271A9FD8000264EAE0F118CE1689733D0F5E7E
J=$948954ADC3EEAB45BAC6FF5823B20A78EB454F940CD3466ABB7EEE9F557BBAAD267349107033B0E7B1531004EE87E782D2CD7A5EAFC8E0621E788637ACA6F027F8C9C649E87A14D75315BF8597E03BAAF1DDC6721FA76A50DB704D93227
T=$1

[93]
S=$451AA
W=-$47CA2B1C7748DBCB263B6069BC4A6838B9A2822D12D97B5A8A64BA5AA69CB82F43E853FC6AEB56A31E6BBD0D5CC2
J=-$207D50158804FEA8E99EE10A402FBD0B7CC1D95C8AE9424D16034FB64CDD568A407AD5BF5737C5FCFBE6415FEBB63703F58E209D898A63076477AD0C5E6AF72F632FA0AE1B8448C187484994624FAFAABAFD211EAA6BB2E741734EF
T=0

[94]
S=$1F3F52A4
W=$40FC7A4BF2ABDCA7367435EBF77F0C9706311F36B44BBEBF76244B513B87488813FD536A0834CD8E1AC5EB638
J=-$1B6CC9887421C2E362196BF7FFB826B419B201D6707518090C812CC3DA607B5FE95A82A40A2AA050D996EE09F26D9C932D49AECE6DA3C124129A1A041CFD159F8A0BB36FBCE38DB4BA1AE96F85CB8E1BD614C54FA505DC70D0
T=$1

[95]
S=$28B07
W=$371C4E0C793AB681721691DD152760E731417E45277CB15C2F75577CAE9C865CD0422A2963C0F3B8AAA05F
J=-$45A2EFFCFC668093F4C14E1687FDEC182BC0382F18F053CB9CD57BDBD812F14950DF93F953F3E16245B288ED1E772971FE449D74C592E9859BF78BCC022EC7710929F60CDB551F375A78ED9FCBAE526F02BC84F2673
T=$1

[96]
S=$4C0A682
W=-$3F2F676DF48C843245139498BB70E65C288527413BE37A0FE851CF758CF5239695D50727D930843A9E5A
J=$8F36AB82C36346AEB3E21B298D806E0EAC9BDB03FFD651D9871426A290809A77F276C586B68BA828A7C66EAB9A7AB824F7BA57B63C493FA77A566C3307D373AEB4A10815BF9C6D8DF886FBF2351773A45E968A
T=0

[97]
S=$7DB3D2
W=-$109343F8D8AAC9B3F5F41EC4BD9547C6C3D79995B1B1F48E7BE8A2A158AF31FEF254C62570E0A9BC8
J=$4E6E7E236DE13C7B35D185C07E14B83AB0C7EF2B58F297A0EF09DFC24AA81F39CB821E49E136856A4FB1EBD302E8D8E88A425543275E9F81E127B35D251B63E2FC0AE38E135EC70932240E6D24DA3704
T=$1

[98]
S=$8B0FDC
W=-$256390B0524CCC37E1B96BF1B89ACA47A36ABD9782A19CCCFFCD241CC3303D2B216B29908E1DAA
J=-$90E3C55D7742133079F7013FE7A3E79ADA41240E87BDCE4F875300E4AE1AFDE5C4B7BAA9BC09434904733F56E190C21A8EEC7FD38F8B2E4D0191845D67888900FF8C416F1DA7DF627BCB402EB8
T=$1

[99]
S=$F1756AB8D
W=$5DE3A1762886F1FC4F048F4D8D6F48F48E8FDA36CB46A18A4261577E6953FE385922DEBED1
J=$85C440EB96C1AE0F952BD4E46384E9FED215C7459938434FB2C9B04038044B3F0A220F9BB7A9E72D354C7B7B50DFBA1797BF7ED31EB4CBAF2A08287A30D6316B54821351A2B5A7113A1E
T=0

[100]
S=$A914C4
W=$BC8DE45B7FDC7C4CEE391DB78669D27B43476CB818B95FBBD84DB905E7AD83DA529460
J=$6B110FAC182B8DECC276A7771991B2D53C43847D96E5CE701B8AE6E641593AAC8ADB33BD848AC955C5BC0ADEE9AEB369DF64FC6837E1C5931E5237B551EB5CFA0BA5172767F
T=$1

[101]
S=$30E4A
W=$11C993BF370B194ADC524EC4A82DFBE5E28167C8548CC51326B8EDFECE876A34B7A2
J=$42A1DC5A9F4D11A5AEC3B90C29586217A6327C7E2873964B207A9CF36E84DF1B47EEF671E5850CB2914AC106E5FD1A06CB981C22FFD0B841F7662FEDD00F16BD8025D
T=$2

[102]
S=$E2A4E
W=-$A08D0E1D92D3EA4315EE0D069CCD71C924B77C9BFDCE919065FDC60878D201ACA
J=$4FDC4746F503DA9F015D67DC21E051CF9C03CAEE3B7F3068D10C4E83549E18F299D0599C2130F5451956F839D4A159C2A1A5EE27BCC1A096F7DFE3DD7F688D015
T=$1

[103]
S=$8C8A0EF1
W=-$1F712B6E67250881584C6E150E6F8DD490E3F643402D102337190B89EED0E47
J=-$18393C8BC5ED32F5CA8AA34A88B7656084CFCE3FFA1EA1952B71D01EBD72F5F448EA90DF46AA80491A4D876BDD8F8A404C07AF4AC8921629D93436C9D105
T=0

[104]
S=$16F943
W=$25F3ED9F000B508BA031577FAA2ACB5EAA38507C3EA1DA0BB0A864B8E7D
J=-$84D9BD6DE94B09BCF9DA2860542B0ADB795A6631BF15ECE312FC9976DF8D0F09B1E315E3991E4F4DA12D060DAD1547755898AFDDA4476A028E0C
T=$1

[105]
S=$12E24
W=$C0C150ADB828455C2647B30DEE70680B32BF21596E535A7ED785352A
A=$1
B=0
T=$4

[106]
S=$63E768FD5
W=$B3EE5DF9655AC8D00553D32EC9DCBC927A28D18B7A9F07DE22C327
J=$6E1AF199C8D3998F9A449D633FADDBE322FEC5D5E5068AEBA9F6CC6372D677114ECA8A7E374A359200D1E0EA2E5190686243C0BDACC
T=$1

[107]
S=$183C
Q=$2

[108]
S=$145457
W=$1146C15148DD77485BBA0A22BD72B68679EDDAC4BE9622E3
J=-$1ECD71116006E6FD96CD65FEDBE0817A2D66C1A5D91CB69922EC819526C5BB8C9B0B08BE27377EFE60D9401220A85D9
T=$3

[109]
S=$8763AD6
W=-$98F0EF4F5ACC269207165C0CC7D1B3492E94350C1D69A
J=$E616FB97E18DA929F1BDBC326A5FED3FB3D9E24D72B0E8D48CF4DA6757C0926AF6B7B29FF046DB955DF64A9B98
T=0

[110]
S=$60C54C
W=-$708E1151F02F2CA86B8849FB4E4EAA856A0C799150
J=-$1D181A27F22E8D21DFA7A829B5A41E060B625D734AC5B54DD0CAE7AB3E3B35F842455F54AE99A7A66A0F
T=0

[111]
S=$94516D877
W=$14CA651D323F131DA3821D00CE07638307ED5749
J=-$2578CCECC63C98D53B9B13519D6BFD139F0FDD42B6ED5F4E292BFED722F670AF5A4736609FA209
T=0

[112]
S=$3F51374B40
W=-$52F5A66113EFD073D17D7C8B04FEFE4A67A
A=-$23
B=$62
T=$1

[113]
S=$307DD2A40
W=-$129459E6EF4E26FFE1C45BAA1BD9B48
A=-$23
B=$62
T=$3

[114]
S=$29DF1B47B1B
W=$884984CB816326D3F5AE8DB9FB
J=$7D26E8E66450E942129DBE34C3CD4A9E18B71FDFA3E05AF89AA
T=$2

[115]
S=$588FB0
W=-$399D1E6B0C0DCA914B686
J=$35797D5C778BF6AC467797E0B4EA4744A9CBBD864
T=0

[116]
S=$19511
W=-$833D23E4FDC4EE0A79
J=$BB141F1EA5E9DBEE4F0A64D0175D3586701
T=$2

[117]
S=$77149C
B=$2

[118]
S=$56002F3
W=-$D7FE1CE089A55
A=0
B=$B693A28346ED9BF6D19817623
T=$1

[119]
S=$8DD5
W=-$5D3FEB3A59
A=0
B=$9
T=$1

[Signature]
1=$3A7FA3B8265CF56735DDE971FBC336F7263A7A3D61909145
2=$5472E5045D1F3AD3B8C531BCC4E443AF3DD969D64EA4957C

