[PRIMO - Primality Certificate]
Version=4.3.3 - LX64
WebSite=https://www.ellipsa.eu/
Format=4
ID=B497703821324
Created=Mar-28-2026 04:23:43 PM
TestCount=112
Status=Candidate certified prime

[Comments]
Put here any comment...

[Running Times (Wall-Clock)]
1stPhase=38.63s
2ndPhase=6.57s
Total=45.20s

[Running Times (Processes)]
1stPhase=233s
2ndPhase=46.24s
Total=279s

[Candidate]
File=/home/lappie/Primo_Batch_Farm/Titan_Group2_Prime2.in
Expression=(4797791281522654273516)^47-(4797791281522654273516-1)^47
N=$616BE0CA7727E98E676D1A4196B8511738B8450E0BC285BC15A527920EED999E37785B673D43050757A4D7D411AF8D1AE8FBE908C82EB69598F942DA2F12815A45BA1CA2445616F49CE52DF7D8355BD78394FB595D3968D3164E6DE7F460B606985461E55FC2E30B012D6525A03614E53FAEE9E5742FE52D321D99D61F1269FD1ABD173052D29545E0BBFF7E9C8FCC2C9E94C4F0F3B8670931EE90996B34CCFB0822D2E50397A661F1C2A4BAB2E2B4462961E79887E40BE51640BFC2E4E75C9526BA2920948393FE1782AC4E21780F6D02AFF413661C99A5E92A5E459B1B09403E160A35600F0D1F175162E5C6F5978863833C3183B3CA0DF474857563266B190FA7CD904ABFDC1525115287B79BBFE8B5E4247992D37E808738926B84EE47E979F01CE8F407AE96B2FD6D4D346C1469B42E1B3F2731BDDF6E40DFB36975F125D9F930F782EA57DDA81C213985E552D783CAA2EBD425038617FA1765B51D735555B80AB5F9BB3E26FC0F306E282D8169B72C11979D53D1F890E3B60E32747D27A9E3B9629423DFC646C3C1F79F6ED92B368048CEF711E74406F70E6B40947D
HexadecimalSize=830
DecimalSize=1000
BinarySize=3319

[1]
S=$2
W=$3705831F41CE2F15D9642138C9F20F98EA7053A2CBAC3460579D926186130F9C1D4ECD9EA818BB7AA4A1DC94043CF90BC1841E6AEC8FEC080B4D42C1C5488093ED650FDD0C21ABF5107476445E268D20C448AC27FEB0D16653834CEF476D0C110F27F053E0CE2E73837D0D99C5C71E7CB0C8A1E5347B78D0F65C02325764FAE2AFB47B7184E9DC33A85ECA07EF169E0007444EE01F75C946B5F8592D89779FF58469EE4FC8F1097843AB65D5EFAC7174A9A90A269DA16C21DE27C06A012EBAAF2AF6C68585C3F9AA35E6192B4DD5AF0
J=-$2F2B0D456DBC291A2AD735718E238D32449FF6136FF5B05795A60B274D92576389AD0F7335288CFD8D185DAAADC1AAAC5FBA133281EC7287DB3C4675BA300C4946376AEAC6BA77306D9049E14A29FCEF1F9C305F819349A14ACDE050DA32AEC9A007647DDF24616538C58BB063FA81896AA7A1FC38DFB5FFC38A7718D36EAD3D7E078594E0D653901E11A50D72A43606A7FC7CB6EF9C1B3EDB7C539BC4ACAF406B19017D76BEFBDA6D8F9FBE3901D7FCA075ADD765E7F0D2E64EA0252046B7E09B92E0E19162EFED99EB43931545BDED6979FDB50D0BF811B9DE28EC4347FFD21E88276B396DE5E10A38566B520739218618835152FCB011923D5D7068F2D82FF57B5E9F0895ED9D8B32EA979E8EDC213E534C902F1248B27E8C4674C237CD4761DFB590AD739C44ABFAE90EA0E3CC9DF34FD4A4484DAA39916781DAA44C2768431AB8B3CD3D014DDA464653BCBD6A27AAAA2710DEE1D5B7CE752FECB13C490A8EE6B0C7702FB3C5930CA1E93997032A0FC8DD5A455EE57BE21FDEE34F64E967FCD43E6878D58CD45DFCED5DC2824A209297C84BE24B8D2786ADC3239BD94D
T=0

[2]
S=$3268B4
W=$40FA3FA3569B02E8A47CE28BE645CA055A71A7925DBE1A2D7CABC43438639FDCF7ECD9897553AC5FC71D4DCB9C998E8976C6F32137DB13593949952334D6714F9E16254756C20DDB0829BA6DFDD1B07F72D9BF4539C18D5B21854DA21CFAD8C1D0F796D2E5723ED02CCDE80733ED004A1BAA22FF7188A216E6D0CD4B6CD0EF3B1C34E2F8492A0C2A0B890E7E8EE08AED7CE1F5C9DD5CC4B8F63E27016D3DAFACE4F0FAF2217FF9DB1C2DF6AEFE613D8C5206859D51D56C9CEA33AC16B0D9E9380693B1F5F65CB39CB3E0CECD0E231C
J=-$115C563DC25FE107F61D4DDD15D83CFF2DA8C5B771989646D926BB58EDD6732FB21698AD33C74D9FCA1D0627473D383B8F1659ADCA8CD1AD0972DCAEFA4FDA31223E24E2A60E5AE41F2E7055E06F0E87E8D0AC294F0BF2D5A7E5649B0E9AEA524B47D0C91937E90F1DBD89DD3E5BE721223F638C36BBC79F59D971F6DBB6F9C10C349EEB119BB195A6962278B39E17520B6479F27CB4D2F2D2DD20D20D0D43C572D4E42298C3DD469A24CD0881D5A054B8EC150B23DFE5C96BB8EAB0D0BA8C2AA934B9445EC55CB63B12E7A2862C2039E5D633D3EA54FA1F387B1AED990C9DABE4325686915EC1DF0522A82AEA6792D3F714D0F02606102362C1D1DD9E00E8DF1D5749B9791BFA6F6CE99AAC868A3897876468E7E922B5D6B76116777517A7410A26A68F9742A7B1A6DEB7B88211D0B4CE6DEC58B7751FFED8C35C6C3B1EF4C73D9DBABC63C3D43F3BF81B20E50BF7CA36A527004DC905215899AA3D6855BA212C6E64F6E224DD1798338F93B883DDBB464AFDC15188C30ECCD373A5F7A03F82D351CA5ADBFFB0544E6C703D3D9B223F2751B2F9397EE47AF99F14E0AC0F94
T=$1

[3]
S=$875994
W=$ACE3A819861373DA0909DB07F17CE3011AB4C79C5AAFF153049AC20EF14C2940E44C1605C82F8E14E491BB56B3E150696548068BB3F088F7E7552635B9FA8BB19203AE55D28CCF9630F911BF4D648557A4E86CF66E841F0539542611D6DF9E44E9FD92C2F0F24A5351F1C8E0CA3EA35076B62017FBBCA5111DA8DE82D07BE1673C188B3139E731E50F261E77EA24877F46B5F2B5F4C5BE5A14CE083EFE9BF5C1C3B57E9D91AEF7BDD7312D8EB83A14F899416E6A0DD312FAB78F698E511CC3261C6D72B025F25BE8C7F17440E804
J=-$5688D7F364E5B72B2D9013EC25F1E93EB9D07555AD6EE71123E073A65634B7FB77366F547076B1E0B59F502A33284B5881ABA475D472E21918820B8C36DF46FBF0D2633BE4F159352E43592D7DD5E8D400986BA9E007B8BF33ADDF3B7A3EB376BD7D5CBBEF107573E40FB0DAAA08A1987E1EAE07EDC559525D51D990312D7E3BE823916A4FFC2EC6BD34632601B5C04C0A2FB777E6211F5D84C93DBBC68480A7786128A14067977F9A5E133CB38D2A98621432C8A113DCFCC65C4A298DFD9F43426358D1826082548B9249673436B75D393321AA2BF7FD2C11C0F2C91903F21005061D0905A5F1E031DC5C4F9B1C05D36FCB02C525B972EE43277B01D15A9275164364B2176FC5C6D6ED9C44C476AE12BBFDEC492E298361DD66D36901D99DBC3BF80F60E995EA23AEA852D0FE659BA42119B035616D2A7D4F36D5509D66493B142A9965FD847DA5C03BAC1DF1E9DE2CD4A9892858D4FE45DA3D68F94EF91782ED0600FF85B5B249C6B8A19B0940EAA42B016D490917D3571281A61D6FADA9CEA9540FFFD701F2C41CCA50D5DAE13AC18C11C95ECCEA824CE8E26B04
T=0

[4]
S=$D40E13
W=$26C7B366CF52D6EBBD20D437D8C516AD2B0180E43B1A5F2EA9555042A72205A6B37691B7312013AB8C9EEB3801B62FAB9707E6EB0459D349C9F7DB43D3C09EE81DD3EC1D6A6237935368180822F03C73A0EEB6BDE2EF0FD1119AF19C418DA1F8DEE08F342B7C19601F7CE28D48B06D894835969FF950D14C561FA7B96737E4BC1DD33CC7240B897C7E4524CC8C00A5BB5A1E6119D2EB7B11EA4469874DE4123A03B85AD29C7CBFA6A95B2CB37BE7A7FD560F4AEC2BC4E8AE18CA3D266BDC4DF32E9E5511131759CC21E1B04C77
J=-$3F229CA4A05F4583CC91A4351C654405D26CB34D57505C9693B2522D5F84D18CD8011EA2B45148B20BA190A5E5ECE69F637F5E703ED12967FCF9E6E1286431E2FD653C058C7D60282FECBBF4FFE1AABBEBC4C4B744D44FDA5153EFE23A0412427EBAA001F868854C2D0BC323FACF55E8EB15218D3DEAF069ED6689714B316047917F19A329D3917B278C7274344BD6752D1FF8AB7E640A3360CEF89628399ED54FC4F8BCBCB2E70D9D48997B1A8C21567BCBCBD12DFBDD5692527A7653672FA0D7CA87699DCDE25010E5077B0B9BB5FDE8B81053B2C68A08552E80A65A3ABC81F45F625C21C59D2161193EA0667A04332A438BEAEF3BF2813C4E9103BB69D1EC957F1D294946D7B9DA93FB6AE8AC40A932B39BBBBB5CD40914E1A97E920F362BAB27B573BF2C13821C95DCB0C9C1725C33A4FEED6E32A200121F8B8AAA6820D2A5C1AE983DC05CC1B4D8A399B806FF27A4F8B439D880CEFA9A786CB926A4E11897BC17AF0D03D3105E7CCCC8DF9EA80EA920945184A121CE75BB10F78DFB1E065944EE07497C2EEAB7D67103EE8406841DF842688F51A6FB79
T=0

[5]
S=$104D2D4
W=-$2CB07E45B310108B349C1FD0F299823D35BC1E780D145AFDB707BCA83AE2419367E8684856FC715BD5FE30E377AC1D42B940269C9E15F452E905F0F97320464370947F01A2599C697D0A86AA553A53C14233791DAE2BBD20753708C7D35A642C7BD7A97EF6B3A359BED836E984BD6ABE08577FF6E1E4793AD46CB781D608D4CD6516F4A3A26FD639B301BCC2AD969EB489DBFE9A07BB94F45C81B62017382FC3281E7364365162C3171C1DD551407AC039EFE2F09A1039FB7176ED3646F66B274A8F684182C793C88EAA472
J=$E785A04AECDE1EEB6F5C23D70F49273D253171009A40E81D1D5A4E78594DD8385B7FDC5C34A1522EA1F68ED8C8DEBE28BB2F24EC808B9667755892F1ED48DEB3529C23CF0770A4D2E0A5219D85C5C9A3783A83527CB2CFA391DED2B6CAEBE8C3EE0E3C3CE3532CEE58B8481957D6F934D62741489553B76BFFE5DD0DB8D30EF4BB1DDC6A0D553D322F786436333D2B2A2086CE8C9158D0CA8BD7846EA5A243AB48E8619324F2B734C19B0F8C79E4C2F537F30FE5B543FE2C92E751094C5DC7DC3C9127F5D597E2723FFB465DF34C77C189166AC114B1178DFB28870DEF8F96D811885C6B497D128CFCEF8E0A2F40D244C8230FBD6E37CB5F8C7BEACD3E4B84E8B1B3049E6872B27431699B3B4156567FB16B311FA5F0CB6CC219046ADCE5188F3DF4C57B856460D44FF12492F117A0EC78C234C3334A5A8C79283DC0633B816617A298D1A41A2E950A394CA4C7BB4C66E586583361011B74720C110AFB1E2E4CA3AD42098E5380728E2E43EF84FFA21FF22A2B77EA6F4C5EAC050CC525C43952F675BF23972B22EA0E86709B5111885A55D3DB0034C4
T=0

[6]
S=$2E57D7BA84
B=$2

[7]
S=$9D0C355
W=-$3353EBEC4A9004B8267B8E735AC388712311480371AD1EAA4D59E6CA1B4986215C2D6F83634A7B110AE46889B2E5A7C17E7FA62AEA1532905A29C348C3103AF973E4D54BDC96772341100DC1FC38EF0BFE8E44DC4BB3C09F2E852553B6C8196F24B5583E8C6F5572F10C2F88451F9ACDA562B4262F7322BCDF4FEE4A1C84BD46C9BCE2D5118C6DB1998FF8B4784E12AD55D1F90B5F4BA34496D1F518EDD9680F77D832D75AFCEE3A29D38314943DD578D918E294318B66B5E98E387E921C799AFF76C096A3CDC65
J=$52E543FC180780AE6FE6FF22CC935C1D8ABB10554095323A0300C6E6CF4F432CFC8D86C1B2469FF9905AFCC1F6878CCB2F81F8B4E96DD9E8C01878E29A5AD04BF1F932923A7DF717193F1BADC34068EF7B4D2C2EC25FCB1E353567398CCD125F247DD991FF10937E11FD3D46056D7D5C509C4E029F92A100BC4FB88B69D4E9B6FB86BD1AF300FAEB51EF89933E330AD61A85C9C1B68BA3A07C963538B362D3C7C64D8BBBD0CB8B1C1D455BEDC481D349023DEA28EED1233517973EDFED6352B37A4684BEC88395E72878BC5DFBF266AF38CE9963357CE761F7920F28F491E8D13000BA61E62A54609CC1D43211A5FD90E26F9769853E6F336189C09F79809102B3DB798D18B366D2431B568B2EEAA57041A2CF6485A4C20A0D6909A1DC46A6CA749CC1704AA360C0AABB0D27496A3B1B355ED6235BE6A1C1DC0B87EEAF0597C9C17480BE491B565B83E58FA323C135C12B945AA56B0C105E49E4E3B991F5BADD9252286C59C5776D0C7B084A80065AE6D177898216BB2D1A1CAC2034D55F1C7159E77A2218D680E998121DBBE8B1F
T=0

[8]
S=$3A8A82A2C170
W=-$175A2E1FC21E22E81353772037B3E651E2FD67C8D2509EEA409894017DF719DFCE30BB40321524BC430E64A668148A06203FF436A9F010C02695CD3D190001DCA98ADBF44B949EB51333F2BB35B08F9128AFACF1D7EAB52A9853B6667E608E0FFD8503FB7F374A17DD0889F75C7AC1827D8E16EA67C4B221D5851D2F78658131961F1B990E878231EF1DC035DF6AA50632CFBC989FEE13619BE731F0C120591A9216F3DB30E06E945FABB3803AA27242C9BD41184A7D29D4EEAA0A833D87CF812B662C4AE056
J=$DC478700F31AD118650548D9DCEFDCBB7BD9197400385BC7C25341AE8333E6C6DBA237AC7B0F71D1EAE1C48962F96B6EACA46524118B5B25B972063697F84071518AC8F47BCE6583BEDE816B42DC596CE52F078C67BF12E7D4C4DA0F111B48C0C36265F79464C1792339622C6D074240D8D58DE0F9F102C8919C8FC7C4081BAE0B25A73733B5EBC94E4FC0CBE37BE1948C3425364300E55AEAC7EBF0A3A3BD95045D5DD53FB5E6AFC3B4B3BACEE25053AFE4CD2F3F01BAF6ECB3C02B60AEBFE53A685D7B067DDDEBACEC4E95AEACEFA0B0EE431166958557F84C7EBB7EF6EF6D3122CEEDCA026396CC3B5655AB2EF643B00DE331009B536CCEEBF386F8169BF620639A7C04C8A71D23DF37C2E5B8829E096CF49C8D85A1D90B4922EAD0A58933264BA5D8F3D2336E884024C5E85E0C9DF5AE9F4320D3F81912987FE4FDA3970879088B5E08913BD319C6DDE28372F7191AEBB55EB34C991499E0CBDE95C76545F4E522CF6B6D3CB30EAA932AD241AB985C0152A4C695322CEE8ADD4553C093348E4458F1344923BCA586C
T=$2

[9]
S=$764FA4
W=-$1F7A6DD0D605DFB04D855B3866B0CD8486EDABC9BD3D55A14787FA3133833D13F4906503CAB9DD638792A1AB2BAF4D86F0ABFA807B89204935802DF92DFCA022AC7A3A521EA5828B9A75BE9964AB1ACB20E4F2F9840D0C2BB9620852FB87E39AFA349752588276C6C252962720E8C66E92F936ADEEF9309D6A84838DB88561345741971135562C7794B9C39B419B4671FDD5A62815DCBEA2F78CD8E9F4DB4D80432A98DBC532CB4CE0A9C5BB3C7F452EE6AB59EBA752EF1577D192FF883201418A6834
J=$C7E08B1381847AC4024960A367DF2DB3065062EAFCF531EC455DAE08DEE25D6AD211E64BDDDF764B5E36FF6766A11807A767E53474E9FAD2E81992AE0CD973D4072C9936D3CAD36F75CC3D40AAFCA6C1146BFC5FDF1C1AA3C40A4FDDD527DA29F770F4F6FE288406EE7BC474384F24536C839D8AD353968FFF2C2E2193C342DA668EA2E8940E902AA731EECE51E87F988B0B6A2786752B0689738BC9A5799AD976F096D88C32C4AC47D61A3748B18FDACA43DBE89BD11923D82003CFDDDE850F1B0C0A8EFF9A4D71BB19A34BC5804E1CD98D1FF8E101F8696F904BD676029963BC11CA5634643EC3131E890433E88B47049F08F761B49782F9A2368A7248793A2AE1D6CAD03747D9B21CE3F50D5F029EDDB2BD75F840014BCCE7516A0534DFA8BEFD40BFEB2D571A9BB739ED0B1421F3A4CAB7E4C18B74AD3476138487433EE780BC764F20BAE1A9FBB1530D7C6D69F483DCFD0346D3F1E1511AF400E8CEF6F590F25377D074A1F9D499401362084165E605EEBEC51190303A56B33EEC6EDD879019244205
T=$3

[10]
S=$ACEFCEB0DB8E8C200
W=$3A5CBE9F6AB38D98E25694A5D5C07A7DA91300B7D812484517A21CB0EC8EC9DF01A0C8F163513701C356CDFAE384CC5D509E4B5AFABB22D42D77842020558A75EF480E442FFDA9B0E2A73095EC394DB99F2EB7EA5397467F25F15A9AF993F4C1D1B5BEF1E1C2EE5E0F467AA6D42FED4F155A183F8AEC7E406D22E5432C54E1A93C741364E7FB9F7996779CEF8F5A24B3E6AE959300BAF9B577DD0155B7868549B31721EA31DCF238F9C5D766ED48E28C7A6C8777BBDC8F52E273ABCF933659EA42
J=-$47749DB93A91D1855F65F550CE819A43DB6AC1831263E93AE9E1F161608A9620A5DFE116158BF5C13B9779FCFA99809C7CEAE35B57807C395F02F004CDF1B744B70E95E841F988C09817BA972B1A1BA15C780D36E22626E54D60D341A2FC6F06E23A9B4C40966C26822DCCE0C10D8A9618AC63F0773C9D762811355652AAEDDE2FFCE7264CBC41508694B5CAD78FFEC27D47AC3F516AFBC6C54839B5E1BC5998CD2B3826124FC5F9790311880AAF57D9675FCD00834E97DB411D6BAA1B1C13EEB2AC3D659C47964E4E2DB0E3A3B31B3FCA93D51F4D7007421AB35DFA002974758EF0BDBEA5CF0E8F51B7E5C89A28F580D96E175D6FBD3158BB2CC90CCA80E68C7FEE8B23ECEE3E639FDA50AD6126EBC3B2D61901404835CA04DAF05D09701EC9991E46FC30AAFDAF389DB23EB74831B58F8D7630AA0FD8643C34F8775AEE0231C806E551DD2D6D6CEFD4E0B9351E428DFD2A77633512065A9A411FD795B26A96B98FF002428DDDD99E46FC17936601E9F18EF0B6AA07145458578B58BB3162A2BD5E1
T=$1

[11]
S=$DFA947EACDF4
Q=$2

[12]
S=$2378905E
W=$17CF297FCC4DEFBA12587DC09DDCFAE06AE913E8147422BFDA142220EF21124A1FB916F3CBEE3A15D1DF21870F3A8438E34954CBFB4C0F5DEFCF805AE4C4FEF256C3814154F08C531B32AEB54DFF6CC3BDB7228E5691D2C51C6C0F77958008EB07F7A8E3A2CD31008DD9378C45065ECE7CF3D84240A1A006D0025FA5E300BBB4690179A90D6FB8FEB3090CA5629E201EE252E6B36A072A8D854E626ECF794AE97F3F6E61AF3F3A5CA7CCEA0401BA43BDB3B1B16004A6CD2571760
J=$78700D3A39111CD06F998D1EC0B309E1ECF801FF516E9D39645641CF3CA9E988C33F5244D8648DD09B0F1B5970D3B23831957BA0432C4380BE8FD62103F4E79A457315D47282BC0C25A8FC6C8D1844D44B7AF9F0E2082BE5000563EA768FB10A394A41F897AF9180F39156327A1D86FEAF826C6B13C46BA182C753BC701927F4566EB26513E221CDBB97DD3AE7C55D178B889253AC7EB1C957F079F38728B687393058537A366E6761B60536783F18621C3877EF5C375C199B9E3000D2A8D0B19E7C0DDEDE024ECAEC1F7C58A9D37FB409AE7E95938FE9A148803F1ADAB01C23254D3C8BDD2DDC378501376BFA494D3D8F8B2289AE3715655393520E2757DFA2B6DB7173E94C8F011175F04CD6BCE9271B9A46366AC4410F281C248B96064C620AF19C30BE3F703CE7B9570820543EEBEF4A6A1338AD774763A62F739D433B57386EE0EC4AA2BF5B752D1DE582A88C6E98FBFAC3CA427D2CA74307D4D6867DAE3AB482DCBB28E5FBAED2676F0DCBC1F374344ABF
T=$1

[13]
S=$4E9A8FC8
W=-$3ECE251FEA3A99A31E7988D374AD7B7419CABBFAC7FC8C6F926096A181C7F163D01D2D3F145D89BC84896BB1C2C93D209F8AEC710576BF61166312FF36FEE45E48967FD573B7A8B8752A08753EF04DB9E9DE6846BCD7454D98082C71276D77C50D2A77C44F7E9C894D9915B06B529DAC6E6B3022EA0A2C2671BA3B410CA51D1DA822FD516E2CB5751236F026A6A12CE7E35257335CB81B080404803F733D9C43AABCB538A3AE00022057FE3C2FFE0C8F0859A00426BD9EA22
J=-$DFBAB4F19567511BE949D1FD62E2CF030C5D551A002F75F1AA62FC9BEC5A38BF940F88F3F86BF054F330203AC69CD5C1688490EFF877CF8460978FEA944D496E4A69DFC2FEA6E288D63DA2EA3E9C405E613FDE7B496117221A41EBC4C7AC6AA1D7DA8D3D921679F05ACE0770DCB7CA737105FDD2DC6FC8E840E2C9634BFAA0BAFC86F91EB90FDFE3EC216BB28EE601B9DF1AD4B2849984B0919453AC6893623CC59396C76550D2D65ABF75116704E9BEA179DA1764746B7B95CE43A11B2EB4F32DF99C42A5E426A3C2387C8AD158AABB187B1FDD29BEF43A9A7A6F89F0B44F6BC1F837F62DFC75003AFB069DD1C4C3D645F6814F6CECCC268CE34D93DFB77BA83D1CD93056230EED4F5C7C895FA74E6058110A32855A8B73F25661B00CE475BBAC45716139E59D869ED20F26479FD63939BFD23EBC1058BA9FAAC970873785E712760205D547AC6077419E1C9D6DDED8E7C8D61723FB9414EF7FE3367E20C6F60C7ADF0148F4C6841890C590F78578BC
T=$1

[14]
S=$CDED
W=-$875B80BF91B6823D751B6D3C906174FF4FAC184F0B19CF040A64D37FD9B525DDB79A37E024E0A2C2E1434C323FB4C6FF95B682566BDF3647BDA01FA89B725043BA44073C5C6F4E82C79BE1209F38554D2D0F6054C80C0C51CC98C5309E46FF4542901920C9A830A30B2AB1FE550EAF84FED31B231B5B4754BE9EE1DA61803BCD8B1A8360FFA962C4411677C7E913A75C2AB69977B35AF3B5146D0A4EDAD73394000D4C7CD8A4EC0EA5F3068A4C8DFE50C0433CC8829D5
J=$2A8610C5A2E5DDCE96E9DAF29D418E294C8EA9A8D667CE0EEF937C5F7E600E4DC69715A6EEA48CC54ACF1339B21FA6A3B98B40160E84470422BC1763296A594B06BD924A41221507A96E39F91F116FCF49EAB6383C0901A84D6B9FD3B2659F44D98FCF4BA89A0EB549D5DF25FE071C41765C032FD488C89FA8808FAEC65FC4155BDFEA89A298AFD1033131024C9603AECDCCA0A3FC6257C1506B87597AE69FC6CA58E75A877C53A5EBBB060A3BAB71ADB6ECECC3E96724E727FC79C8506B0BE103CE83944CD661A7E91EE7AEA4AF7CC6E619872BD4CF48F3EFC37DE14D92FB92EFAE312AE68FEF99BF1D149087D039EE7A431D43C9C4B469510092ADA6FED933C798CEC4B3875099BED9D75CB3D89214D1F3AC4E0E9B5F970B07A4705AFA9CBF5A9C07BDAB7A6D7CBFADF2F2DDDA3B75E2C57D6AACB5651097E30F2ED7E6A2610356F20348D9DBDB1AFE3A1AE1B1350CDA0F0A5153329E92E3714A73C60697BF89A14E9068AEC82D9C5032E4E
T=$1

[15]
S=$29E55
W=-$AFB30CFD10F8B3F6032683E662E74FCA6D64968C030E4D948C18B3A4BBB492A1EE6323296E2878684AD598F2112984FA878B8A3823DCA4276FF4281E1B5FD2DE8713727F3C9CFC38BCABD68489F39C0A2E961CFE399D5D5C6CF1E46541EAE7639A98AB747AA8A21713D821B337460EDDE34D646FB75E29A0CBAC8D10A4881CC4F854858816775E2929952FDC9AD19C6F9B0C51A8C799AA00CA381CA4B37A987B6B1439B420F5FC0F2CAB7F03E6D62C77B488DD94A51
A=-$98
B=$2D2
T=$1

[16]
S=$392BA9FC754EFB2
W=$F1B357CD9B91D255658CCB3425B702D203E9663A12E1343975AA04F99B2A71745F761DE34A8E2E8E9046A0CA7B42941EC0AC77A82B1E34CABD6F4FB8A8432062207BBD887DA1B4372D1A7E74DAF1D673BD985B17F8F112F3C4B7094F2542084428A4E942631441753C655564799F1EAD0422F654BFFC47A4B8E1B3DBA3903056F965164FC7D03DAFA821DFEC2865B8B13146C8A0B52F0CC322743166917248B430526C112E3E18D89F2D2C9C4A5C6A14ECEE62D0
J=$47C195F5DAA282E3170EF26E7E689E273A7DD588C8BBC8278DF5F0E98DC0B179B78FBC46BBF536F539A8B0A4621422256830B27FBB92FBD9155C9259F641F79F771DDF050EFF7039D43C43778F6912A1CE033D2F7DCB9BBF14BF59F4C05E60634D0583892F946A10E4B1D93D3BFE4BA77BE90DA18AC53323A7ED7FCF11A85D0026AB17F3D51ACA41711E8347EED87332C258BECA3F19E760D1500902A41AF5F19DA3F3C2ACE5101EDF83D27AFA96963F285FC4FA104DC6D0C5CDB66404D3768EDAD0D85BA5BE0DC7CB8720D02630BAC8678A1FF324D131C05EFDA34EA24CFD71F16F938DC84C5C7A13CA3634FDF2BF9886D7C9F768C72724B259E419C056CFAE1E3F8BE939AAEDB60EE8FC49A71E6A351DCC6DB33936D34A9922F747443C4BBA07A36AAFD305C3E61719D47C23903B46F1680C60D3FADA6D22772F1DC03F489EC4DEBADC37774F2E3370B9380C1F37FDB614E026B002753B4D86FD56AB03E82633B6BBDF45F7F8D1D
T=$5

[17]
S=$17B8086C
W=-$3E5B591C12F9C969B23A2531AB05A408F4A19A14E2277692B09B9909946782D731FF6BDAE05C78EBA86AAAECD955E0428AF9A19337321D2927C3FDECDB6AA1F843CEDDD3DC77DDE9903C0C3FF176944261A2FAF473C8BD0D87B779E39A596AB61B1D02B92F7865B515A361D10EF2B8BF54881917C28C33F8B0961F41262E53E4050303C0D5D7793D938F93B6AE3F7A3D1ED8C3BB8E9F0345D54FCB7C572A15570D26915A58467BA2E256B4CFF8E408D3F4
J=$13066B1EBFC5FC12E7210E50E48749E438119A538402814974A17C871FCB05AE242A52F1545DFAD268DD1A56F5CCB4FC3F7E20D904B380806309D7A701CE4AE85B06CA71ECD141683E260A51CF353230E772980CADA3753C15B0D639E379AD546A1F7D75660C9946EBE6BD57C4A926EDD1376387CD4A2DD4042E4CEA77B42A1D2CB691BF946F5F69C224BA59654C7D0643E6D0BF35D5C918BE4191ECFF5D8FC79BEC88DA2BC0B3D3686DE075349558AB7BFDF3DCD2E18EC7A8756D1FA41064999229DD42B8A03D57FAE6A356BF47419075C44F4A8FEF9F8E21A4A4126BB12BCDAB3656221904F724736884758609F9D4D843ABBFAA86E023CB322758359E8A55B7232D605BC37F5A9EEB9738C388713638E3DB07B87BB4CA3BFEF86552F985C119CCDBB3BFF9E2677251D52A684396312EAC6DE21224CBBF3FC8B3B7E78B5AE653C2125F213C26A789BAD71D15FD25D3C0BF2EF92B65FA54871ADA5FA079C113F11
T=0

[18]
S=$8789536A7
W=$A7FAF84D3DBAC02B5C1686EFA66796FDC9A3D534FA3EA41CC33223BFE7657CE72E50F4B3C4A6C48EA7820F170953756A61EF053D139D51D8D6EDFBB7B82ED80E018F494CE189B6A35F4D5AFCCBDD14C49197630C87813807C8C2E52A02A7C13468C80BFE20FB525E1B67D9679CFD55A17847B6B2E2A023D7998A79D63C396800BD1970C531A89BDF5A68A144A160236B89079136411004FC75B548951F6978487E7F76D34ADE5DBC7DA6ECD24D067
J=-$FE6A207E2EB0F457199A7F691710D7ADAEA608259A90F694C2FC6F863125BF24BFE7D1C6EF1FC52E5332D431152C2AE12A0057D119DC021DC0D7CB1EFBD38DAAFBEB896554D85A2DA643943A62BEAF8C04D694A9AACB38B2103D4B08D6241E6D59712667E6EA088B1710B2DDCDBBF648E752F1CBBF81B484AECF2303256C58523E36019E060DD0BE98C36CF784469F05150FC48EB6A384599D1BA646C0D724220AE08C4E530B1C41B50F656B70164D73F2BD242D95A2BC5937A784F9C4A0353BB3DD6A4C95730C7269064CDC2B57526E744302852CC6825BD7D2B7DE21A6AA109519AF49A84AFCB858C1A072563734B0CA8C1B756D0758FABF30366E00E3290EE3B0E0E6EDDBD92524EF739A8517CA5B2439DA2296E75B91B1BB87E5F9AD12FB90B218D73D0A5D329AB9E0F16DA7B1F6E07C9119672CED1035111AEA672B786EAD9D37FF541FA887354527852FF58EAF300CE021DE57C897E43E32B0B2C
T=$1

[19]
S=$59A6F488
W=$146CC1F2AE182AB6D57E73BDA79B365A2BC5B4858940BC679E297C045F95E364F4DFDDB3B3BFEDC1EF6ED7137F7DDFAD97DFD54B02B3F011ED44EB9154EBEC4827F2CF07E5A2D9DE0E8563443839C35E1AEBF45AD4EF96AFED2CC8784AEFA3A7855D7B825C2EB7F3951334717A81134B88A0887BC4BEDA09AB3EDEA4FD60A99DA1D3BDB23734087B98C923C8D83F2406DB8A16EA91C2CA3FDE94DF986A0A2B7C1EEAD339A1910F8A218329419A
J=$165D8262D4462BCEE1C3A81ACCBAD3139D5C8D3255BC42D8B0146E2898F534CAF473686F9B66FD279FDC8AE265E4BABDF3B6EE35B035CBF2F10CC3BE784A67BCE1F7AB91E98ED15E976FCE255B40AE7A7F4FCEB615E2332E15C470A561307B621CE1AF13DA915D0DA430F3F4CB18D8CB7C9D45E756D9B7C6CBBF31D337395BC496170982DFD7DDC474309884368EEF13E57EF368BE7CF2ACEA79A12DB55BD7545426DC68A70A1690CEC57E2C5EBC7B3750D94C27F14BE1EDEDF24CA8FEDB9500E7AFB809F989166043391B7094C32688918EB3540CAD598197C15F02B704FE446D0D7D6D00A751208E647EE22CF4A250F8E9ED27C34C2BBD4CD2D8DC51224FBDC9E46D4B1FF551E41D8AB3CD5A140452B7596FC93E670D7E2306CE670B64F610BC79D673A549891D7AB17C8E1DCBAF472502D4AAB7929609D5C91E15A7AF4D8B738B9E016F0855FB1F8B119B7D201442FE1FA8ADACE21DA79BC
T=0

[20]
S=$C0B7D3944
W=$8FB93B0F3B51BABEDFE49F0EEF813EA98715DFC2584E5DBBB755C9B3EAF1470FB2D2231B7FD700F158BB8519CC26144C46138214CF4AA427D64D17671334461795B86DD49E6B7607EC9375FE7F69184FDDEA9D5149E5A9254580C6CE6905D04BA0632A50C12E8886912C3B00F60DA71EBB41BD89F6EB0BDF8881827409CD4274E425836F26D1B404DFF8572928BFEB07A4F6EA555A33C7B779B27FD4EBF215D1E61E06B3B552DAB4E8F6E
J=-$3654C08E8B38D3C0EE2B12260E333075D79A72A0466AF1C4E4D5758D6F97CE00FFF3EF066FCC187045E86E7D58A482DAECD527F08EBAF0702137D62F1749F4152635FB53F00A9AA0B091CE5B123BECDCD8249453ACCC4332EDE9396CCA616EC92884BA5EFBE01B4954C7B96DDECF8307EE4335DCF86456D47C2F349BE9CFE27FCA8454507A2D73D436522E8CE24EF40DAEA0CB0947FA75B52453A14BA7EC77572AE382DA5A8C6969C9513847B4A7A1C432D890AC42AF0E451F2AA74078D83C8C3AB014E937EDF09E7B3C3BD51AA8C7776F43A4699FBBC65FAF6308E2DFFCE29E0C9E771D5A15CFE46D71FB776F61DAF8AF9EB69FF85C5911F00A2CBD0C806DD68559DEEFFCCC26E70126FFD2E7E49347C211E772386466AAAA703F156A53D8C48580F1B557AA29FEBA064F3428E75DB7BE22731F66D913B0DFE928F4D3DEF295D3CCE2E8C057ACC9B03C0F8837016ACD164F196345A
T=0

[21]
S=$62EF4FAE
W=-$222BE7F7D54D752FA0B5E9C229FCFB38A5F4F004CE6E2D3E9196EDD26A034CDF488CA8EFA2F8DAB252407CEBE39894CD0D9EACDEB3935223982A10E87C98E5F27BD2CFB2A620E0E91CBE82F54A87D931D29723AFECFCA440BF73905E03666A901B36B4F86EB74EE8A5CE01B5A2ABBFB5576A3260A82997EAC9BA5D98AFF0C6F718398331F9DC22AEDBD0FFDA18AC46F18CF5CA6E4F2A81ECF862AAC206F9EB0E13C8F516CC508EDCCC
J=$8A46218400CECDEB0861A08FED3A143C5C307FE82EB3F3BAFEFD41BEAA28CC2E27E0611A51C07CA505A1F7EFC866F9DB1639196ECC83F30D352E955C1159A396B9C230B4070365ECA939B953A663EF23064B87B2AB054D1BB7723E8804FEAAD92BCFC1DEC802E18DA3FE1A32EA405EC3E2850EF4D9B758EBD6F76BF335B277CE32316C3229BFAD4161AABA558D992C6603F2B10514375D442B1E2C2B52C163D8A2E4D16BDFE9B687FFDA534102BA446351633BBFA3264A679A9F6CA0B8DDB3D9CD5D4C8C0F72DFC3B40C58368C3163A1191F04804D73670D5C1A19499D4B626BACCA486E3B6048CDCBDADFCD759E7C05B1338DBBAFBD92A06C2F5F641A5B083321724A3256E7EBC88B5018E41D4287C2E044B8BB5A9E9C71395F14F47294F8C712EB40F5ED4A880A6587C4DB55A181296F8A4865E9B1EC53CF626C3F4B8D99B31CCD85FE2B9BC0FDAFCF3B3E6C2CEFE0F1
T=0

[22]
S=$6BBFAA
W=$1242464DA47766F08581ECCAAC3CBF3877C1462D0A4A1DF3D0C61A28227C80750EADA146EE0FD1CA9A67AFFEEA7F12BF52D673B63B567878A08AEB8137DE7CCC7524E763CDF23F2F798499A0AC9623A131338DB0EC00AE589F47BE83F8FE2BF143D4F688D0EA3C12BCD56A0887878C2E649F4EE014B9F43DE703924EA7981DD20C8EE0B69BC320F99F62D21F2EC3FEF19E2ECAF0A4F92BB632E75A7C1DA1B51B6A655C5A6B5766
J=$D4795B00575F7FF5C247923A0BFA84B64319DB38F6D4E397F6C62E6C7CBF2790F4DFA27B64F59E046C8C462758F516787CE7B4172DF88B8469D2F326DC77C8495FC9FBE03591A31A89FA6A0C4A449CC144D222A3DF1100674C03342E64BCE3D8DB87BBF3C3C7E5D1C23FEC87D8C64E178BB5472D8F8D277E43131A5184953068BA892A8B46402E8E26E780A92357328665AE405C0EE5B9DD3A9FE95A57BF5DDFAE92C3DCAC7B3E644C655298F33D0B29EABB30B31C80F1EA2844A081161555FA079418A95FB1B12048F1D5985F6BD105404D19EF551D9A98F3555F1E2906CC3861A997B7A6FFBB8493D0550B45D30DF58FDBFF3572EA0FC118F5787C6D8BB51B17BCAA52DBC29BFC7D99C8550A3E24E23EE154545E974B8C7D914C2DA0C7D1A46445A6EB7E87C006ADD9F2E7273A696767FBB4EF8DE245E1A8719063C65CE738BE4325FC47AE09BD21538617F2
T=$3

[23]
S=$120A36CE92
W=-$54DD9C5D66C075D3297372E7D96EF221DDD24E4DBFCCF670810F7E8D9E6F6F6991E593D6AB7E2C633411AB826BEA8F3365BADC57E1C52FC3C073FB62BF923B38699D9DED6C15EC664BAFFCE697A72D5B699A98AD465C3AAA5F16C11570B04B68E7B38B05408F6A88D18E9CCFC5285EFB57A9159AA1253375432500E50B544A167D77FE07FFAE402F5FC4D5F2C235197508D91B1C83F2AD4640F32BD4F127C76F59608EBD944
J=$37D4160BA0A333975E73D56AA201F93F1A015BA37F856D51510B4088815FB8A43FB21579750647DE66FD8B6D3C3D01AD9B321C2FFCDA0F83EF22EC2BD638B2198B386F8DAC4BF2ABA3DF99EED0162B2363196000322099274B8A4F34C58422130A8CC17A956BB439A227E3BD61B262DDA0B7499938B1282C3580D87E2471977A026B0A6AC5B82FE87F2D3FF8E9D6B3007B8909CE90C5B0C73BB482AED72B8ADBB713FBEE5F74D29ABCD97D515B9FBAB3F88730A281877200221ABF710D78AFB933D9831B8EB55468E2BFF9F565453CF9B0B93981A4B961A80519070B8974880E8CA5CE16F5AC9AD471C8CB62618AE047AA601C67AB12592B2FC9DA0C316A153A1CD851E0581F225514A25A826797BB4899C20B817DBD837D5F12890F08670CEC1FF9F5B23A67BF08F5C16787EB7B2D10EC4AD93D295C7B5B0594F52789F791DBA45F33731844F0EB54D73
T=0

[24]
S=$561D7225DA0
W=$F825CC4F2836F075B3FF5870CB6FAF39EC904444C7454D9A105F5E3BC657D7429A3457AD8BB555F2FB268E9628EC361D6E2019E759BF7783318FCD89499AC904DDD79A4E909459BC995719B2F9D3CC733ECD375E579BB2AAA8EAF6FBE970128B01DED09E8D52BB4D18FC52D150346C8C8476F745953398C008B39D796D3D11E8337A26A75CC6DE3FB1FE37CA276CA6DEF277ED015AC0F3CF17970FFD619FEB3BE0F5FE
J=$2284FACB1614626150A25EF5E04B3E73D695877D8E427934066E533B7340E5DE68807AF63C591754248DA859513989FE1614D67FC74262F4BAD5C4CCA45417C9123B5074709931CDDAFCA5187AD5F6EF1C7D833F73BDE7B25F5E6701BD75033484D84194B89D32245973065F98549AAAE0859E039C3C9077CE76F103CEBA14A95D84763607CEA8D573A0F852ECE69E2540D4B74A0A3F46FCD9D164B88191CFE2473E334D23D6D7BAC9808C80BA752C5CD6990DBA5FCB29334F86F10F8973CBCC80C7B0C36C30B23F7F6D7DB3577ACAE9B232A608638775CEE55C8A1DFBB7C4219DA590D656570024339B5460117AD833F48657C69D389698F4F853C88CBD5FA5AF171E2D8635FF13ED8998B780186130A80C039AEE39ECDDE725E9F494600B60EE882C056F42103A8EBC38E181E4D6830A63C9F0D06F0A03A97149809ECDC2971C15F6A65FAD
T=$1

[25]
S=$2E8ECDC30D
W=-$83DBDE6DCDE53C2D0558D6A46CAB58B658C6515DC443DF1C99272D04650D2937BBAA799E33D36A5D0C7CCD06FB279ACD295CA4764D570235F012828177F6BD8C5E30FD0267B9623C24735E00925758C1EAE92AB0D4B1B10950A661E28A2140894D8D29DC95BF517E5BA77BFEF598A01AF3AA7153F72C805FF66314968978FA582EAA5C8C84F033F7235D8A8BE66AC54E9F397D5FCC7A505987F95B9B71DD547C9
J=$5C893ECB63E9CA031B0214597553B14D0981F9EE95A1583BF2D1B07C701C8145CBB8DF5140B2A79280EDCE0D605A92FFB604EA89D505C60017941BEEF669F1B8FE2AE56F78C03B13A47A98162ECBFA69D1FEDA393228F966EDF2F0F86B86BE7CAFCCA264BE8B27D7C246F48FFFA780B9DAF7EE8626408837CD4A2CD32DB89601FBC5A6ABC20CC43C71C5B6FA1F65518D77646178D32851801665D94BCB4A1B8237BA8D52F3B5BAA2E9B95346A7D90B7E22024B6F14733DC22EBE6663EFC3DA53ECA35E977974C9028AAA96DAB80351024D582456A3613344ED5151073AD0E26EB241BCBD5A8EF14B9534AEAC5F4B03F030FF70F01B112D2AE45E24F3D348F2A7E8AEA1227F3F4152ADD65077BD5A5EDBC24D5DD22A6DD028D01E3507094600D6A8307BAA23F13AAC69F0F84EDF89AFF9C5003F59A8DF9E704DC81D49D73AA43A0
T=$3

[26]
S=$3372DC913
W=-$DD23BF4557C80C0B29EAF7B05F7A02573F2C5EC36D3A947CF1A1F0E159FCEBCEC345682CD79105D2E2206162EB64EF1852A615C541FCC5CD86E9BDB84D4E04B5E0140F278583BC54D198248D247DD8F0277A08C7B2844725141D65F467EB4753121F43B6169D07DF04C27DDB6E2F23A0F332480C5E59ED1411F1943F6E496EFACDF3E038F520A4E5104A1E8F5E9BFA12CD4C76E4D4FAF03C8E0F1DFFC259
J=$32E76FFCE4D30D12BD1E3E1290E8FB2C15C4C7170A99FF04745B6CA41AECAD6D0D37388952387EED66F0815C1712F0BD7917765AD1465B0D9006607C2FD4668878095724DF4FE8E3306CFD03D3CA3E5FC200471F98FFDA3C5B1353E682DC03C1D073FA2E9224D9151B0B4807AE1399FA3AAE7496E5B2526CE809BE1E2DF25DC2C7FF9545228EAFAF43E3B6FD4AF7A9CFF9EE703BEDF3DE1DBA07012BBA62239CF966ED2AFB66ED828F16A1638C94CF96D3A61E412B63CF18DE60B3B20E2FEF424E85EA57D6845A87679F548B659904227A6B1BFA8FA20BF7F1DD885D247CDCF06BF09036DC42CE3B665B036FC091543A9F4BC1011992886DDA9CAF8AAEB22D15C001AAAA3EACA6D17EC2651DDF8CE45D93BE269B7714F8D54DCA32E16E0D103F6F4C980BE12817D0454C485E8BCB6CF427142CD53BD58213F707FE40
T=$3

[27]
S=$1C
B=$2

[28]
S=$E18F1E
W=-$1378D92E6A6668F6E1C3A2B29145FF574B920A98ACA0978D94734ECDBAA2C6C11963E41C3262FD421BA8C18615CA2DD25863D65D2DD31601A7E5F6058A04C85A534D709D3AAB82A066EBA8D13A220848052AAAE0CD61A6BE9C21DC25E58612CF3ABC43D724650F9A783B4E607E31736B5CD5C7E3D6D82D3A7CE6AC2581798803E20001505FAC3B5C350B6600367063A72F2EFAE442FA01702E3E922A
J=-$671243F806AF38D59F947DD5CB6BD5A596A6F15DA8D7793479F85C530271C5926DAD3E30D340ACD91EF37FF3D372695441F5295B5532A6002A0A5635BA919754D4950E6239CED28157D4FA153094844F77B817F424493D9FDB9334BCEAA53A4C7F59F3F0985046DA77C9D9DACADFC345C6880361CDC8ED1FC0687F52EA8B329AD55AB1B96DC3E186B39A3D6CE8F908BBC4277F87237EAB132979837120150834EBF4AC7B4CFE460023F009989A75BD7BCEA77D4013F0E24DD2AA665C17DBC55F72FCD911BB5246E97D1F306AC6D5E0034AD7F8ADB383A8CA91D757166DC5BB8528A00368C7E66146E7FA0F47C80303154C2EAC1B134911D153F6778E9CBE301A49F4BCFBAFBAB51594DBAE4DB85D5F40109140AEFFB3149D0D1358F12D09A7419436F9546A2CACF08CFCBA3F1882ECC4FFAC2D90BE741F
T=$1

[29]
S=$C629AD378CD926
W=-$1498B898EC36D783759A238C8E621E5C3999D52B76C306C23F89905E26214E84FD13B4E635BD6CE0A043C2669978B5EB742817DC6E555837B0EEC777F608B18510BEF5F412B76A6A902CD808FDAC70550881153B3D94D60D1B1EE97646197AB47C37490E98C091042C05AEBF6B462F54886D376105132A1A11E8B9FFFE5029A19D4050B6BB8936E574D8C138787A5C08B05C977178E372972669E
J=-$45F708796F61A0EB16DFDB68231DF5103831AAF64651F19433828AC6E2330663382C5B0B5E2EC26793B3C395DB43C79D663BDD3D3F5D204B10D92E2A26A5EE4F234373794307CA1F8C2E900B8480149884FA2FD6B85203D86354833F0EDE08D7E8B74D6990E73FE2C4FC1E3F2E355D417B8ACF5A20F04D16CFCF9465A209C2CA0A8932CF768D2AF5B2F691F1854122FEADE3E0E4BC710EA90551ECB110C72CFC53623901475A667983FFF291FEF94D7339DE2F37A2F4B317742D05E335C1B6345ABEBED63AE1E1BDFF7F7296053F1F3ADB676B284D84E6EA59FE63B922817F967256AC06E18AE749279C6186575B8121587702F4A26A189BFBB5A3A61DBB21C2C48C79FE7FCCA98C35DC6EE88687B29054CF95CB078AA32BC79D76F4FFDA8981D8E279FBD4567D381B496C056919DB4C0AC8A4D3
T=0

[30]
S=$4FB
W=$27D395FA4FB661E9CD6DB3D97F8BEBBB8F5B7731BF011B9D34BBC4B79FFD550B03668F5B656BB273E1ADF6BD338125346E220BFB388B6CD54B3750913295B4D7390C24D659291C52CA44E8FBC1A964B8F403727EAB0FC5FD16EAE176D161514AB5A19FE602A32598469A828A1D2518D37D20AF35184028B96889B4083F76A54EEFC503945B6C62B311618B923EC7A2272B9F6F492A712D
J=$C4A77692585BEA5C7EF7FA8513CF3B79D61537DFA7FFA49A4F7F2385470D818EE430B4EB8228B0D1B1636DB9E487A374453FEF92807870397C7952C204A3BE9969F570A32731D39DE4ECFEA97CB82D735ADE3156411BA23F540AE5574F8F7DD6B22E7030BD1428F340DC05EA59168AC91888088247FA48AF981DA95C1A16E6150302FC8EF2B91CFF8BFD66EFC2EB3A915749923743D63C8FA13B67BAE88FBFC371653575364C7AB0F5C3B80C2193493261435E4DA06664B31320649983EDC9E5EC2398DA0BC16C7FF0DCE0943CB879203C91100C757B07412805942BC0B03765990AD00B5E35E05536EDBCC22E956A7A6A0F92634E796452970BAA385D09EFE6CF61F80D3C4CB50C29306DF1CDE3D9373D11EE96E3B8DA1B862C277A11A5D3BBC780C1C51F6A70CF4252B823C0
T=$1

[31]
S=$D53BBB3D6C0
W=$F1CF22F3B760BD43EF339E1A276EA351B2AF6E0F8A50AFB43611305A4651EFC66F0DC8BBBF48F097D4CA74953054ABBA196F2C7AE8A01FBD9E43B8C73F8F71FFD9097E32EB61ADED2E1F43AA1FD2DF3A71D0CFC266E2F7AF54AC05E8A976B45E03C5FE611F4205776B880D00FD47C79373DC439B78FD54424D57B9F4D446198848FE608AE48A1D2F5B8A0EABE2D2000485A9F7EAAD0A
J=-$15A64F046AE9D2727F052C31D8FD0EF75F4FC8190501A0BF40D10A32B05E5945DA0273995FD3D2FECDDC0F10DA0AA6A0EDCE87FECE6AF405A3AE05D497AF2A0DF202E7986624E739A176C989B3DD8310FF9174BA83AB7AFF22261144B3EAD65BEDDF40389EDCAC9EAF8BA9F57E3B0520AAEB3C41D656BAEA54F3DE6E41D45D0304ECE65F5509076B92AB35573502C76965D4368BE48960B5FCEBBD8E2A428BEDDB0F7F835347D89AC3C39156C0E5635A407B4EDE3A10BC7CEEA4EECDF9ACAB9362C57DFCD3238EB356449392621E6C75914343CCFBDB970D3FF274978EF86E29C4E48C66D79228ADCF7B4162A3839F86338F770BA6D474CB4EBC260A19CF73F4B2E64D7109EAAD6AE4EDE9778BE3621B2DE7116AC3AF5D12270A20275B801C8EAB3B6CD233F86DA2FD5EDB3C
T=0

[32]
S=$2E2FEEC
W=$4A802DA1B39CF0CD7313B7A633C44CABB511451BAD8475DF263211161978A7DD6FB7E359EEE07468919E61F9C021A8FF64EC6274561D5A23961738A38276C95CF8C3F7A90C14ED7E73AD7EB7E452689AEA2973ACC37C5BA719D074731FECA68467EB2941DBE0D32CB3D37BD998739BDF756A20E208003766D3DF077B600CDC159FC4877B46622E0F926D2F9F66C04EAE37B8798
J=-$140CAD906B8D21BE2A365191F8D5DD04FCE98F8528F3363D19EA86605C16EB24DE8A95FA692682A60E8798576A9213E4C8DEE06669C5BD8DCDEF5CDE1C3E50CDB771E5E1ABA276EB88A6B2F938A375E1E8514EA9A69E3F83F2CA8204DC4321C338DAED73C3C8FAEF4CC4B0A7DC26029646C88A50737779D24D20431AB7259C8194320F11D3A40BB71868706DFA2168BE98E891ADF181EFAA780CBCA63645AC05BF31CDFFA1947E0E48DC2D3FD1C192AE270A3B36FAED8927795E2895E9694DC0349E44CA0963942EDDB97DFD85A8108CDF18CF910F0D9A6A52A2CDAF2A539A7DABA7842B73B940FDEA458762F54D80227DF34DC2CA47508CA035EC5F5009FEFA74B08144760890C426770CCDE44FA85D06780CA4CB04483226A39918402BA45638C7775A71F63
T=0

[33]
S=$F23B33B8DA0
W=-$2CF24823E60579A55ED0546FB24F771916A2C376B3F053E99F4E120AF1BA545791855FCFD61A50B4A59720DEF890DE1777F12D641CA0F2FACC288B1AB8BA072F50AE695E29E6D0BF0FAAF116560E3DE7966002D993AC354EDE5455129A6ADEDE52CBAE6CC8876217EF804A47C1086E5CF8A21AD0B222FF8782426F3866576D496B3FCC791995B7D5EE5A140FFDA80D498FDC
J=-$BF1F6FF6AB84CAE690C94BB313CFAACF4B1A42A80ADDA081B4E10BF60F81A705A553748B888003C337F1DE4BC51AEA07233DDA11AA422A6792F57EBDC4CC654BD63F51AE1D8FF571AB6F2786F1BA7890265E3A20449D8BF8CE89AC9B45632D31FB434E1F4CC436EBD200A46BFAE0120691AE16A0978F8492F4A395226E9E9BC057F50C7FB3448F9C4287A8B481B5994F5558526F9BEF262F9A1FC606124E37E7BA4239BE2D171E10B8238F291E9A421F599EAD42DE69347AAA909B1E42D4C4C79D745B054AB669C137724EC1F682122003D5A327D5A020DD30FDC81173C6F739F848140004C408A8AFA245C2FA901B7E2B3304B2EFD46207ABA63B7F58B2E1180C1E9489D7222A18F2897160BF626C348F1A887B84ACF81B651396F6181453F9BE2C00
T=$1

[34]
S=$2C91310
W=-$7E6C769D1101013238DE94663788A227FC38AABD23787844634FCB20DE182609DF0FA57E650289DA0F46D1ECBA56370B268488DBABF34926D622D6A3DD3F7A5158F766434560DBABB3D8AFC86C34BE3ED9748CF3CE62908BB260988D8FB1732C94A1FC9F97C04F4F20F2EA133E7550B5C2BA27A8CE7D7E66F564E4A2176229E80628773B4C0C1887AB8ACC9ADC269A
J=$CA6FD6DC26C3D00C50C8278CB572FE028177180996ED17DFEC3E17489C064543C15E7591254B3F269E11EF1E14954C7466D02AEBE121486AE4C2E2EF421C2C18162E8E7511DBD92BE6B7FC7577123119842B072E02C832FEADE1AE093AA12BDCE1033A976649F7423F0D269A96151200E889EE61A289179AA112703621D3CED7788B56B57C851716C56B54D451F24818D40D19DCA2112B977F6FC1DF42ACA82A859654803026D01D38118B0ABF9451C7EDE85FFFFD9905409854D85A92F1AA83DEE5EA82BD712DDA44CD4138F2CDDCBC0E6E4E1A3CBD2EC68EF34F4AEF2739300D91C8115C11CF500799DB2AB121AC05247895BFC2958AC31D538337B8A05A9A68700DE50AFCD3D85EFADFB689AA172814560D4763E1F6EB63B3169301D
T=0

[35]
S=$942ED1B5D9
W=-$6BDA2E28A93AB04E604D7990E9B8DDF9D156D64F8A906B1AE1570A8E1E078D320A67FD606B1DADEC7AAB5BC7911D5DA43D91884C89DA1B0A16C7312D12ED248B83C443EB4A46EE58FADBB473818C0FBCD9A2275CAB76F9BA48FD5BD68D12A1F0BC9D8B2B1C13BBD493F50999A9DDECDDD4F02B4D952181EB341BA9585B19E66CD7694555DA1BE0BBE20C5B9B7C7
J=-$4E32A380F2A094543C0A701AD117A8613B09466BB52480BD7C59B70ABBF8EAA6201468238C81469C549BDD1A37FCCAD56BF61D98D0347ADF3479460F11A5D66933F2F7361F947BDA00AE452D8A6325DFF0ECD6BFC378905C1C7F5A7A1B3AE51A3B52398BB738BBE2F644380D7E37E8CA27CFCC4525B89352059A1CD21BA04796BC3338D69D8EF62724F6ECEE7FD1A833EB7D3B00ECA58704726495903FC4B3485AD29306191CDDE02E16B0FFD7BE4A11A6085466F20C245222028E45686D2F428D4C28597B06F2733DF352586F4E025E7B6A54095ECFA590378FB80B61EFEFB12F13E8E9527E8DDE51D05D4E91EB0A22F5A4CCFE6745BAAEDBEA3D72BC4F6D679E4E9557C76F3E1CD32611AE4767C6E47AD762F6D7A122969A91C
T=$1

[36]
S=$5DFE03A65D8A191
W=-$2128D1A553E45976E8B7C43BBC07C6991B4E7BF84B23B37ED274BA0BBBE51147288A5FFD75AC74F4E742AFE3B1DF29CB01948637B3124FE72F6BA323381140C715C763214611E9A55A2990A728A1B85E26FB308348019A752784153FAC02A7C2F5AC3C9C8D267B6256E8C590A3484A6479AA57D052AE7F0ED3C4612A9397BA18F4A77A04EE70DD83793F5D
J=-$471FB7AA4131FBA59DBE6B00C136DE1AAFE3E3F0178C1C2C60B63175AF09354B20941C04E498684384859C293276CF9B5678A76F19546456A465951DBD3D1455EA5705DB82148F0AC1DCBB653A526B2DD05B50A050C3FBAFAE60EABD16EEE87A3DFC9DA1949BE40D1AA01AF569FD3067B7A749A12355A5D64923889674FAA71608DCBAF2EE344788DBFA0B1DEF4CA65EAB4D96F8DFAFC8A61B0A18A18B00FCB9EBA9F61DB34F4C3659D503BC6A2306A7E30414DC58D224A47AB1FA95CC4ACA03300A67BAB7F32E4686E8F3CDE14627126B7A74661214AE6097667AAEF39671791808635EE1A428431AFFDB10770CEDDDD3E8B81B765B1BB6CF6139E7F9F2613CD2204B789698CB35330E58DDAE79901A59155221D35
T=$2

[37]
S=$39652158C
W=-$34B882A935AF419CD34E5E5FF5CE017728228A57DE28A75A294BF9B2D119ACDB2BFDA9A9D89E7511D338D25B5A865D34734FB670640DE8C953B3B9E9AF9177DAD601832B40D6AF0D4866DBA975A3361A2E3F6D4E031C7E888B5A929F2D986C9621182193D3119AF5AA026314B0C10CD194B2873BD21660950D8C9E3F89EE8F2907C0BCD32C072E
J=-$1EC10DE7C8D22A7545AAFAD34D7B6875D1B9EB6CA40F09E10DB4A452EDC06064749554874F0CF93E1D144E590E5FA8C05690D5F29034E29FE0B00A6699C7E21401C71FCF131EEC35C681BEE79F3193AD60C772CFB90B6C38A91FB8FD9142F3E587D5E04D44D7423ED3CAF7A70B8BC2B9E2E1571273B879BF8562CA8480AD792EBB0658DE5BA0F2BB7D6577A9CB174151C3DB83E11C97F48A049D25C576641130CD669525FFDD4358D5A8B75858D63B6994CB5F55FF0E1C33411B3A4096D2E3ADAE6EABBC95A46AEBAFFFB57E267D368F99341B5BB5E320338FADDE8D5EE49381FAAC7D2067E15082A2D31603F0A3BEA0E1846E7533D2E541CD41A9521E8E09C6E5EFF549E0202A54EFC2B662B0FCA
T=0

[38]
S=$800DA7826
W=-$81E7E005ED27D563987941457CF82D43DDC52D04C88D597EF874698FF8A692D53C846F195071810FF61FF50EA0C2ECB771162FB5EF1FF3B470D314058E1FCC278F8FE384EBFB29CC51989AF85A0A71F2C6B6CEB055BC2C5A6E43938D287D7DDEEBCBE6284C72465794A57639FDE6A9C6827F5D9A186C94247D8DF9A8CC3941F4C20AAAE8DC
J=-$636C661179BF01A4CE402EA06FBDFE2236BDC9B0FEA7BFCB66625F25A7428650C7AA0BB1965EB7D500A1353FA2E714B9083CAE7B61A5DF35323F2548E07A688D82B568196C9288B5BAF1EB45F9A52F01467784DBC45774D2DE4482B3DB50E4BB6CB2510BE3AD8B5CDD6BCAD44FC7DF79F2DCE5405B1EBA5E5B934676D0889D5CDC4DBA27262F5B236D79DC8C069E709589DA41A1A95EDC336E623AEA96D143F9AD584E9F173C2778D066F1881D51B258B908A51D34C412D3690466EF2D0CC2249D6487CB231484A4C6C37A0129E8E6AF3562ECC1B7C0C88575BD89EB32D6DB6B1AA0B4D57D024A3A1EC7881FEC25E90AD9FBDE7B568729D3A2A9128A7DD3D33EDA63967D050ADBCB7184
T=0

[39]
S=$74810735B5
W=-$202AA6BEAFE3BA1C04FA64968EE575FF81C691F9CD207AD44A1107E034FD147C578F8BB669C26C6EB1DFABF122533584BA00E77DA785E3FC34B330CE5514D3610D6E6E3990E74F84D033B842E22EB81424FBE7DA5B79E4CC1C9F4C36881DF8F42136A2B2B96C6803415872BB5D591F0F7AC527A8491F2170CD3FC8EB8E0F2DCB28A1A1
J=-$B1204D6C09ED957257D48DABA9734F13D0A95E3AA2FE09A379D53BE4C91F1EAA935854DED6495944631134FCAD209C622D9903B3B1523F5310F5D2EEEF94751CF5E3843A8E5C4F2992233C32C9FEAC3C311EC67A4AA10334DC3FCF831BE33B0A2A8602B73833F07AC7968C2927A2D895143421D4F860AB6B7AAA4DD38189548D6DBD78131AE198D8591CFC854E1A262DFE55A661AAEC93460BBF9F58D90E61405EB903D9A8CC89EFC6235AF614220CFA677A269C3D762BC489806B6BE1C0E4A8FB79B9B5C2A086DB8D2E67409515B0B3DAF606B55E0BDCF628B1FE6E2778DE5C27A10EE8E92229A0459169A2D3D7EDDC22B1412CEE6486D8B8D90D26F613045AB426DCC3220
T=$2

[40]
S=$3F2A4FF17ED0
W=$F6A761FB3C4FBCE6EE0F4E23B9B61160D9210F798BA72BAB5198218A7B1754483051AA4E6C4082C005C632B033967D43B01202C2177277B50050C7374EA9A7D162F6039307499D2B9148E75D05D5A62F64CBEDCCBBB7C24CBC6514B67B112901E2376DF002B1CA5860BBCF2A3DA2DB0E62A813CB287D828295C61E5C0A038D4A6
J=$C04C4AC7E0BD193E0CF749357A2EE4A4BFA4227EDBDC30C6A239C611AEDE2579D1687C99F1BF3AD5C43510EABFD97F1C742EE32A45149E9D1A8F3B450E114B4AF1C2D400396E64008EF0A52AFD7237342BBABC70B983131416FCE5B6A3128B31B1B2819495E877E4953741DEC7AEDB6B396275B68AEE856028905FC2741ED99BF8A12E541C275FFBBF4C2D29C2D3AA63784D3E3E1FB705ADB8A09CC46C7651E2D84121A4A5BDF6B77FA5BE2ADFC61C0D5A9249CC39668910C8E97E3A62652841AC352D9BFBB4F61D0D636D7533A2A393D285123227AD37CC4381E5A8482A926F9BB24863106343DE1A153BC6047602F683257B21C88C4AB9137A3C9621233544A
T=0

[41]
S=$274B58
W=-$1A50E084E241EC74080BF3DA5F362C5D9E4FE00D6337236F11E9980BAC97CB2C5043365068522239995D8983715036474022BE4E3B5BD3A63BD4388968EF36C365442C4F5F131576F76E6CA723E247A24CC02335AEAFD82B03F57E24894C353B0C9E83D715326F3F7D06652099655786443E47C2BF0E44C7B41198AC5262
J=$34E0CD60316006302E74F9A52386E4FCFCBAC9C9B5D9A2F2A3408A3010C2A1FF23DF07D203D545A4C7583F4902FB02CD035B1D19941F725E2508504E71BE2EEA426DD9BFB5F32CCC72CA7A2CEFBD1A28FF45BA2F5A5858F0286B7DCF70FB1C19763928DBF305DD3588CF002139A7A860EC723BDEE5A773EB9FEFA03C014FFBBFE4AF8CCD4D0E842A6DEA5C072DC374F2C21C6974CAE873A816D5439B68347734D13A31C49B9FE94FD9CB6F1287355083A56C25AE91FC6B8B0887782713B8057463520F386F8497FBAC517E3D3E1BAB44BE401C399F705DDBCBE949BE227FDF961E108546A45D8FDA44619AC81E8024FBFB14110CA2D8CDF81CAFFC
T=0

[42]
S=$36602675742
W=-$AED5C326D73E8A6DC6793C943B9B9BAC8D59D73BC8828B6B93E8693E6099B9CD0E58E4402CEB7FDEDE341105F30EB6421E78E8FB635A5B523AF1A2C1815C761EC03EBC1844AD2D6F7A0713AEADDAB0E26CC96CA332DAEABFB2C2EB2D518E0426B32B0F25E2F3D9D0D3779A4D150744926C000CAE1CCA9C77BD20BF38
J=-$2963F60D7D3EE0FA0E35A98F38BE9F43B14519B3F893D3C0D43F7BD4E99148FDC0B4C6EC5D2EEE2466F763730BD24DD2D4421B5A9AA71FBB25C8952AC053AC30E46E2A6BA4C3E79F3053527A8039E91CC22025F9C4E78029E615233A63E92EE96494AF7C37743E888B8B11643BC172E0CBC1698E99B4F534552F4DFC89CDE3555DD3BB2361E9B026ADF7A601853E6968AFCDA1B0B5B8E06E54F61FFD78E0AEE219FA1C2B6DE476E5C53320A47836870981C96B459780FE1D6716FAE65AEC6553778AD48152367ED136718C77ABF614FAD580D39F565F9B70DF54E418507EAB2B086B3416235CD390965098861BB552E435F8253CEA8D3539C
T=$2

[43]
S=$3E01276D828
W=$F96204A35C856C51120A698A83D271D7F2D6453F05A7549C99267E300393E719392060FE03E1AD236673BEC423BB6BAB7A34AB4EF5957FDBD0B7EBE54E7BC190715B191BE90D9A4AB686A02E3BEFB96AA23075D1A7B37F0B5ADB62F4F2F91140A1CD35D4A63C33FFFBFFC1E6ED1ABA4D942CC651CE001D67CA
J=$11657983FA3ECB460313E9014222F9F86385537264A79F230E05ECD6DC63F1BC4ACC5443967B62B6471707255A22B96AFDF6B7B765935826A0DC20A45DC7560971D8F69588AD5952439A579373E714DD5C8B22DD8A05BE1EFE53BEB0DE734CE830E83E7B652A29EAEA6EC006D93FA2F706C81D208CACB34F2D6D2BE753CDFA4A10E8C7457E04084C4EE706DFD4162D3F82D293AF9748AEAD0726F479A13FF97A5D3AE01959AC1F14FD8CE22F7A2D426179EAA12565CD7F781A944AB6C201DDAA081035C5F72C21669A81AF1B5CEC8CF2BF014D09A5DB4ACA2B7C2493D181D31ACA594A432D8011FD34D552760C2008A3DBB1DBC
T=$1

[44]
S=$14E843C
W=-$16390F1C8DB7408D4C2990B4DB23367F89DD83B6D0A7BABFBB3DC6D8FD5021133AF58031A328DAF7B76886A61BA87B0535436C26394A5622F1AD38EEFB0427A8F5B20895A443568468C501E02E186EA520CC0BB92AB7BD831C973F964850D5FD805F29031530C23B8B274974C8D16B0B7235693AC93D59C
J=$3CAD9CFA03D21EAD97B043110ABCC83DD0D9B9E16B4F6DD59AD7F96C224518271F445C7986FA7FFC61573E65638B9B79333A9550926E527258DC7858105F7403D26BF9C6661A81B91F78EB4DD3414AED547166EB3C8E44ADF1A8FCB257B43D26EDA5324FD527071A7718DFCEC8A263C1199D502FECD4B0E6CCAD6C471AD45928F77CF9AD927E10DBFAC98C81971BAE389C3BEB90F0A92EF79E5C22C514C7E54324A58D188C673BE26F8CA07BF9FF33D574DCC115ADC450A09C87690664A07A060493CCBC44397DBE0C1BB3FEF4A8454307EEDBE363FBDCBA09F77F350502348E038C2F2B14D728C675E6882D46B3
T=$2

[45]
S=$5C0
W=-$145A04EF3E41B19AB98AA8AD3BA49714B9DCCEF10249BA31422D516877B245C3272D8CED039CC01BA005A475952B482D90E4B926F6AB6AB659AB736D15913C8EF4CFC6AF79A9558F0422BD30EBA057C99B636B8D0EE581D7AD1F7B28510FF575BC734341B14FEB6344B28140265F78AB05C33A9443AE
J=-$1490A129835BB069522F14C4A0CCD30D43457E1ECE80182E5D5F3FB96EBA61C77C0E696C29BD44E2A7307D76B1A651AA9FB9F287899F16492E70507C9F426DC52908BD9512E563013FC9F3F81C6B53109A746075FBA565699A0BABDA6B73816F6EC32601F5DF58BAD0F925546416AE8046ED9A45ED8B627A7023D96976F4184D7FBD6ED2C00747AB95CD93D050F71CBF758121EF4DDC4A02AA9C754990F8B568E18C9C54C6A05DB9C69B689F7F726218DF3E9A177A7DDDC7CBAEEA1023ED4D017DD5628C4D79708FCED96498E6461112ADC7A219BAFD52A75E148F19AACA7ADFCF2783B59B7120BB504FB8
T=$4

[46]
S=$77AAE89B5CE887
W=-$3FB8763F2661B58B10B1C7256408178A56DDC204CE01B04AD904ACE94323432E6248DBA505903050A859EA4D1914BB71F90E2C8E500F8A77397F4C54F0B6005E68BFF77F71B4F4E5D8B3DD9B2A1DAD0142A1AC733D1B95AF4F9403C708BBE8763770AE86EC02D94CF262DFDF6BA77E3F6E5C1BF9
J=$2673FA18C7FA4D8CE064C7642C2E75EFB3BD5759D12403E82F84FEC29F8D16D6B8B0DA721CDA0A07C94D39AAD393D3DADEC5618AEF5DD2668239BA7E9F0E414CCE9EC5A6EB3F9241FA60E504EA70505DA00DAB7F0EBE2267002C4C9A592E7452B5336FDA279682F6B73717C56E152B6D6B8D6F1CA361481B1F05A10353D1DD78A82D81A940083B1E941BD06A052E2960325EDC408CE5E57599B7B90FE437F5671DAC96ECCC7BECB5FF0656D18F749A40D708725A274E9EC9E70EAC31877C272A721F94AE3AABBEC584765EC3D304F4E59B09D81AA4BB2C4038769FC6760D5365EBC492064809F05E8FB
T=0

[47]
S=$51664D
W=$C970EBB2A13255EB3BCA53A85C324BCC62A76B50DB32BDD88C9AAA114FF1DE4BE0C0D5AA76FFCD2F914512E676471483C0E01D67B2FE2A46BF5F8445108FAA9CAF77E0D633ED31580DEEE078935F1DB32BE419B7E97D7A7F3BB4CCF781DFD553A0446D45604CEE5737F5EF7CCC18AEA33F5
J=-$B059C769A1B94AACBA1C909AE94320E3243EB4867CE56DEC3467ABBB427205E4629BFB8D839AB73E6223180209BD05FA008C8D08280F3616AB3571E9407966F5D09DD005BFEAF3B21378540E7B2623DC70BCCCDCCAA0C9FDB7669321A3DF88C04C15789A6A7F083FC9AF354BAA4974C2719F91D7D9A1CFCD4659B017D27A29C2FC14D9F330888A071ECF1684FAF68C243D0F0685BC9F2B1864753D95B5E4FAA9C2D565C5A319EF641AA6D62BA129DC5364BEDB990A404598BE63D0CA0C3A8635154500CAE69804EF91A00F0AA27274D415C1E10E3405187AAD4B02FBFC69435A80809
T=0

[48]
S=$4B2394
W=-$148BF9DF63D0A0875AF9D5A943A9F6FE3F3B76728522D9CF4F7155D017D0466D2FC7E212B7E65DE865B519A6227E3FFDF5568E0B95595D96B7B1383AA639911D80414EFEFF8A9A798E6EC43CA405CDCE17156F9440C1F64970D795C7168E38D58BC902711740D6197920249382C1C1CC4
A=-$108
B=$69E
T=$4

[49]
S=$D826C
W=-$1C9B015E2D1B73196722486B34672582590B11F92E116ECC817400A7A3F76B016AB220569F6994F6953D64C8657E2FFD1CE737D15B5B41549C0E35923B96C74088A14EE0A52B5157263BCC1DDD32D0DB0F2CDFABBC015CD3B731B4837C7FCA2D5DF4D073E3C4B2F26DA7D1808BB528
J=$714DD548DC009C3BE65A42FA78705F0E788343D4F164329F5FDAE4E5CB6BFFACE2D3E5927239FB51598E0814545502713003DEF26F773A6FED6BEC8F347E072D57C9943D1E5DBFAFF7A27453428AA1EE2FE16B70A1C84298D080CDFBC2A70C25633F1A9A705E2893F66F9F6C9986C3EC53223AAA0B0B1F79684D5AC6DB189487D3EE1A013C0E4700623B88380057B3722299D6D7BD0C73CBDBEB00C829518124A1139A85047319C82EB80AD091EECC9763DEFFD7F654AFC0F37BE234664CE1F95F03C4CE3B17FEE6C310519CC9938CA04A503BA2381D5D4770ED96D4D4
T=$1

[50]
S=$29B28B3
W=$ACA47CCCF4CDB6CCD85BB8B699107C5693D002500A36727E5A9A82DD0B75490E5A66A6FE947A15BADE93F5E654FA7146D6216BE2DD3BC46EE44585C7C229750D0D36F1D5729EC93C9BEABD6EC2A057D0ACECCC04B985C572E4A4194B8D063EE65AA02FCAC2AEB1672614414FBB9
J=-$10CB7CEA1ECB62D682257F222ADC2CCD3344917AA266621CA46E2F57FB07C1DAA54BA674BBD298CA2FB5359CC99B301D182562CF911AF50273DEE90F4FD1ADE587B654DBD440C962198191EBED39B46024197A2DB0649A90CEE19DDAEDCF65EC4C2EB9BDB80642F7D6F89A6DA8C3A9F11EEC4CCBF306E00186A0CEEC273EC45C1402F3BD8BA57825EBEECA7DC5302635B7CA614E83C2D2BAE7BFBA59B8810881D31225A917B94CBA9687D8BC732D74CD2408867DB662028CAF30306320166DBA8BDC23487366E275F7C4AF41692342BED6B682CE74DD53AB0CE172
T=$1

[51]
S=$3D9FA6
W=$5B827749F40C3E4FDA81B75D815BEA593BAD596DB143D7B1BE11AF59605E16204EA54798115A33F809D28DD6E4031BD0AC605205A555406E634A4C1AC3DEF3937C551EA241FCF9BCDF78A38A3D3E0AD977AD596AECE8284C573219B637375BB6F360ABBB9879B78B666538DA
J=$3BE125F5AE065464F5EE87EE85DF44139BE3A74E86A61DDFFD2DC315909B3E6093E8EC09CCA61D3E8CA044ADCB165C34506C8ED30DCBAB6059B6355478BC2EBC513F7B3775C6BD7FFFC1D2E8E9B8CBB88F7A3B2B7A31E9F9161ABA076638F653AA0AE230AFDF7FFE26932043FB790A7DA530D7CC1027017A00F36C3AE4881A1E349258C8491B8475D6A3981C87BD4C7D11B93A959AAC0E1555E0E41AFF70C15504EF8BE626A716857699926BB5490D2B8E3041AB5CDEE473341A5D869E4F30545998730C205C0ADB3C8D90BFA5488BB52FBE2B64229A166
T=$1

[52]
S=$AA7D72219
W=$E4621640318A2D641A395980EF5ACB1A36BA03B36EBC2FF01793ECDD6BE862A099FF567F37C61313F7DE62FE9B1262D69A813BC12F5E39C100A2251117FB8C28DE226D2FFD75E3FB47CD712477E90DBAA42948B8A4FA6DBD54256C8A17D113791B71787A0429E7FE7579B
J=-$E5E6B3B4F062413CB02B6F08C74EAEC1878B57D87C43C835246FB687D5F3044354D8C068CEA4E22CD340C105A363BB3AE6176D7E8BECABF8F1E06ED95D4FEDDFACEB1393D0744DDC1DDFBA5FCE08759B0EC884506D341B6AE93A0D553FE9A720DB2D01686A7AD53E358431E9FBDDBC8A58A81456648CDCDCDA5794C1483094A1C96A84861257437321D821ECA7551DCFF12311749AFFB7E56C09CC9F614AA228FC09DF98C625AAA6553C78506857B41E3588F4477079A34512E746FF0FCBB9A675109A1AEFB9D453DC819E47DDBE9568543BBF585
T=0

[53]
S=$9914C
W=$1FD8EE1B87871B4AB715567D1F078F55B712364D66CEE8B056129AAC0B2B1EF763C2DD46FDB5F86E4B53AEE7C976FA1F7C3E8DAE73D8EB88784BFED362358173E00F98EEA18B2B935184D3FA69529698703010D691A8218A3EE45E175AA3F3CA1686DB7B6F7D73532
J=$15AA74F84FC306204F7073D31576DC9EE82893D7FB739B4B6D63F260D942A2B938E3B16A6D764A51240F00FED1B8884C8D5958442726D64FC6F9A1DCBAED67F7F9562DA5E86C1D1AA0F6005FEAF05730384BD01FC708E510983BAAE3DDBECE707821303F0248559FFBC9E66E35DFDF1B7CC2D761614A676C7CDA43B2F5D134C4C83AF0FCEE55022B56F026F741B57AC1A0005F30955D970298A2CDE9444C1D8FFD73B06B9C9EAA7633C23C3BB55B8B6D570D57927D0C0C5139F49B1B9F7E4532BA9281ECC0A03C3365B775E61983DD40B
T=$1

[54]
S=$A2F500
W=-$15F644878E1DACCE56AB180A98BCF045173EA91141935F26108A43A58476D7055208BD6527B5668C8794C4B42939AFA0EE043BBF45B277FCB4BFEB7962CAE7C2BEBE6DF607B1DF1638A05D00BCFE8CF276451A92445D77CD80238AED2C1D7E6A07ACBC55500D69E
J=-$24538DF031FB72F5A31EB5BC3CECAB856E4ED7350FE754CC7A321A6912BF82584D94E902E95EC840701614E3C296976AC9645089265285D7DD1862CDA441357C4ECA900B409A069B9A2A82101F40E1BFC5BC9ECE4232F5E2F21514AC2DA12FE85A4433C38A7F6F2597C952CAD067799B55D09E49625581A9EDDEEE21854101C38C492F8A64AC60E3D35F0BF419B784C112E5FA7104F8549D0A84077DDEBB1D0144339F7130A49CAC22822826B1C32106B031EB439797F70B9E0EF8044B711C92B61FC75F4FF1332968B4759A9795
T=0

[55]
S=$1EE40C
W=$1C448A09E6153813598F76AFC1CDC2DA33A80E4EADF0EFFB41F56F46C62649CD5E9013AE2BDCAABF18675B3A1D2EE16AF253D00CD29428BADB8A1B78228432C9341503310711FE716F28FB0FE72BC8CC7F8C9B8312FADDF4A44ED259058E36A2573A9D047D32
J=-$526D27ABF539C17A1801A90AEB573493FA6270CAE858B6C3175F93BB99A5A18DD4031DBE2C73C1434C06A35DAF6B471DA1BAA1F6005E11E5DC44DE80B49D84EE2CBC31ADF45F346593A80E79FAF15654F9F56C69BB5FEDC60A231E1007E2B4962D6FEC33A6060D7B12B39BDE364398093ADC7C6F03987AD4364B940997A634AA331225218B8FF552B2E53D15EE78D5259C0C7986AC0F2E288D266B47AA2C18D46C9CA1A05ED59F517BDF2A08ECDF4821D39423732B88236B7DA0743EB342CA0FA255D838DDAA0A51C6ED62
T=0

[56]
S=$1BA73408
W=$B72D13CF30509223BB9C8FC4E3C421E55A011FB5497030BE716DED042F535A10C3BFB2E488204AE4FE869C757AFC46046AB7178BBA7FBFDD94804FDC1D2D50DCB1442B8942CE3ACA3AE456FAC2F2009621579C104C8B30AE6F850256B53362F54540DAD4
J=$35D130E6ED5EAFA3A0A0608DB10CDAD67BAD2C9A987231DFB2DC2144348A3D65D58E2CC307AEF645349C2285DC3AA6E8BB073ABE866986895954637C51B57763B1217FF20FDC4F3FC43AA83E4ADF9A505D9FF5BA27137BFDBEDB7AE9BD6703BC631AF8A3B85BA895DB72B84EB37B6BBE085CA7EBBBBE50935BA161B8650D92513EE3EBE9D871ADBA52357F7B8107BF633F7F31AD7BEDAF69883447390D4EE8FDE04F768600A85A320E82B6B82E7106FCB655486ED59381543F09FBE2C03DEC4C03D36535960C5DE2
T=$2

[57]
S=$14C8D6AC
W=$2ED13BB3264B194D075714C83E390F56EDCC529CC3E1D2153C5B13B64F6B5BD918273BAD50F3AB9D1526570F986FAC35A2B88CF395EC5E2E4B2BA98972DDF236D403B6F768837C061642913E15757F435453B97B5EC86899DEE94560A5DDF94DB0E26
J=$5ED3EB93018D3C9BEC9252B6F89B27B1BB4C672BD662BD9E3B5A172B09AF152E1E855FC5363F3F08FF88F0426CF0D2AEC553D554E438E44352C1ECEC95F01032E70B597CEB7B9539701AF957D3FA1BBE8BBE6679958E0E4C1CFD80D9BD1DE41351D2D08DF8B7B406D39FF6470BFE6AA036C37DDD2228A5C578C3B5CF33FD568707DB22E7889B65E52428046578CF9B803705B32282CCF135D105ED4FCEB126F56448BAC44A4DF3C895E2B6076AA370BA2B94F3F1763A307C7B219837CA8036179B43BA5E8
T=0

[58]
S=$25FEDF9
W=-$224E807EF47517419D89E81867D2E7CB36248DCB1122F108D7A395E20A7EB071B631A61E38C1E762D5D838C9E710F35CB3E77AE49AD0A3CF8BBBEA1C078B738C0DA320473FD06602459B9CDF73E8D3D016BCB30098B574E357BC309CA123563D3D
J=-$15B34DC407182B9F48140E196F0C21C9F15BA8230DDCD948AAFC3483BCD186CCA7C7A3FC418831DE3280C39BAB5FD88072FDCC5A8BDC512834DFA917D5A04A22D026D84B430C4686548DC5F867BACE3FFDEDF132D3FCAFE3DCAE2FE23B999A31D941D7857615789E592EBC30FA1CEE0F8C0A60DE8850A07CE575887A462722CE86995605AC1D7E3E7B20C8D7D3EAEC38251AB31293EA814F0848EA26C2C82210DF64A884E39C540E437B1CF0E229F2DAB05113155100A6A18BEE44153061DF2E8F2
T=$1

[59]
S=$72467E6CF8A
W=$1C326135911171CE6F47FE1DEF35F2A90C1EB847716BDEB8B9D17CEF76037072F719F28661DDED7088887B69E826A49FC5801595DDB3EEF21BB7D15F725E743D9EF87D1896042F666B7295D51A37E3CFAC8B7A762DA96E6B8EE2CF48BA6E1C8
J=-$D3E9B9B16AC6ED908861BB74704521EBE8BE3A6DEA7DEDDCFFAD5FB677C3239A81D6FD8DD6D124C38E54EF3F8A04E2DF919531F77DF669C2D70E735377F3F81749E2F525968F17B513103DC3FCF142E60E96715EF37BCD77D1509DA2C634250A29133D7C0E24471737FC6195CB9A60B8934990AD4C6105AEF8587EA7E3F4EAF17F20754DF438932F79DE860931367829B2AB609AE11367573D7ADE642061ECE54235E2656AA3178F7CEF581F74C815940E5AB298C5D74F77F6197367565
T=$2

[60]
S=$5EC2AB0E67030
W=-$8F90F33AA74B3F560218F44397DC4E9E6D101E32CDC1AE4B80A206A1B6848C39061FB68E21A7DD276B67D29D71A063DCF282FB0B9A2653350AD6AE49D42FD7CADF3A3F0257E4FC80EA68652E9EA125998BCAEAF2FD01B8933E73A3D72
A=0
B=$E
T=$1

[61]
S=$2EEEED9100CF1DD
W=-$419BDB330ADD01F681DB408D4B32892D9412DFA2B42B00387D72CCDFC175F7EE72E604E34B11AB577296AD2C945A0484422C696FA35301728EA3DFF1C8BB32CBD5138B9C72998A044105F66FE95CB7411F485AD244738DCE14D
J=-$264F35BADB1ABFD1CA9CBD05AFDD5AA16FC57F267E9142F49AFC1A2261C0918B9D7688036C209F3A83CD9E9A3E51AA60FA5C5E9243B382AFECCAA5DD9D795D26F359DD8744D90B39C11AA4A7CFBFB9C69E9959ED281033BFB28D875AC58B0BE244C965709FF13276A03C5E81218078E95251FFE58CEE05653FBEAB56A86EDC87316F8027FDFB0955D67C235C8D8234C9AA6922DFD1CB6623D1112C60C1E171BDE42B0D6A41774B6F48BC3A116A5F64D34F837
T=$2

[62]
S=$87678
W=-$3149048BA0431A6095466D1474E14E337B8DC0BB56188B30890CAD0F0099AD044FEF0909934D17EB7B0D0D91B429AC2E7DD9C2FD2BFBD5663A829FF7AB1E4ACF2B496092B025494E43079D603FAFE1B88894AF1BB6AA
J=$7AD8B233E29D4BD2D254913FAC20175BD5137DBE7107C6D9E69D3AB47FC336DED51E0CFDD87A3338ECDDD87E530AE83EA94AD45CD0B199F34428F9D4BB62D7E8F5D265EF8972ED78ED5A37BEF165AF880C1944414808BC8955998DE3A56BB93258372947858F0FF0635F35CF1D2674ED501C8AE000D7DFA66151F1BBBA225023E950CDA38F4F9C8ABE78660C19680B37EABC579F2DF3A44F3BCD9D73FA4E6C505339DDB677B7F0512A8C8D
T=$4

[63]
S=$907CE0F02
W=-$125D33409F81AEE6A7C542DE1A3CECC6A329E1016598FE9C66FE3A1D3E9B0E0362D6A302C631BF30B5EE31CF1E4733640DDB10A7A16A636695375175EAB64686582B9DDDB99BDCE6B2871F1A3260A6421DC87F00A2
J=$26773C3C9E74AEE2031237C5FA88FFE3892704D2428147CAE7DEC618EF7D054AE425D14A4DD7E4BC3E6D86FF582D408DE43693EF2E2F80CF80FCEB3EC31A802F49846BE0211AA2D38BFA40F90B9297BE2804EF0B17102CAE56EF80FD516768508FB6A4885F476FBAA7C1FB4FCA89ECFED8427A0607CD7F0573A64AE25D7EC79AE8808AA0D1DE3DA448BACC77F733AA46A2F4382F3D7B8F4879050FBBB8A4A8A4AFC6A65F0D75D2DE99
T=$1

[64]
S=$1A35F767D51B9
W=$7CFA2BF3A25398DE0B634629E96ABDA354E277512A2150DDC2B9577AA6D33ACF35D063DA949742614764E94B1796929F0D396A6DD4776FC329A3C1913DA107EC5F7D64B84792D1AB1E10EE66608FD5FE5E5D
J=-$113488BF36A9CB43298FAC9DBD951880551E33BB58176C17273557FA43651EAEBFBFEB05B61FB1874B9F85D26F2BFE40F4A8656EB55E5D9B5DACEEA9155D8515C0071CE5FF0EB8D652179F3A349843EEC2253C2053260C1A9AAD5AEA1D099FCA8AAD0F3FE00A4791D5BDF966414B32A189AAF726BB2BB0797322F3E427B924176ADFA91189684386EFD676FC9A11B47E7C3929471724D89A8EBC1EEC732A16CC2A4A625DC
T=$1

[65]
S=$121A1F
W=$238A06BB3E37B37397333EB0B24B61D8E2ED8DE40CD2824627274114CCBE5D198B183A91B926427AC3A82EACE2143303801FB840E2C33F9CE20CE4BA9D7DAF70A15D7279F91581F768A952FABE685F7
J=$D6ABB4964FE26BE24365160BCC6BA74D4F7E17A5D67CD379B3A6D45DF704DA0CB9B5F46EEC6B450862242AFEB549C77E84BA5F263FFB9048EDB5ADC1315FE35A552F5F1AC4D210701674C8BD802D4B156C30D8FBB72EF62E608A163F3A36118A6E11F2E2A66AD723B7C39ECC6BBE5EA4747ACA292D5B98A2E9124C7C6A9E73BCEB0B52E11217B413FA06F17DB212754C4879D1A3122C0B2A99000B0DA830
T=$1

[66]
S=$924C114
W=$AB4BBBED44D83788ECEE5B011562D4C1FCCC48585EFB4F4EE83A08E0D556F569D745097C047A639A9E61F2080C319588AF4099D7E75A7AFB1A5A9A4046D45F3964ED2C724BF5D1128573E7D2D83C
J=$21CBD9A1E91D25D9992725B1CFDE17F7B71D8DB2E98CAFF805AAB240142DE70C5C190A31A7C04FA6945B71EF0307BA7F5A2631088D43DBC7EEAD216C40D16CCD0E8CB21A786A7D96812AEFA6729F411334421BDC6868D305829EF652DA9E898626A8D457378B050A531420F731BCDC2DC64DF6B306B3A1A5456186074CDE27DEA3B105C8C55ACF7AC50E3DC741FF4EB733F6023344AFE460632A023D
T=0

[67]
S=$B0E
Q=$E

[68]
S=$1B71779542C
W=$1B5D708055C87676D2EB70F4AEA32EB6B1F27AA2058EF7133227174B01A151AF9134B7CC4DFD722E40538788F3C3563BFB28A43FF3F5552B23698C17994B4FAD033978B6978DA56CDD586A04
J=$2DA47681E2F166706EFC76F69F07BFFAFBD2642970AD040D5EFB55E48B38C25935FC4FFC06D1DC5BEE2BA1719D74297886A4B3832FBB2306AC3572862219357EA83F17485A4B0EE0C32F0D09A38EFE9881D66775E7D208797CE9476833A6EE5EC9D3101E6C02434F431FBEFE810159BA6C9623C6892B9750ABB5911F56F8376E8A1B6CE1F227C690FE19A24F6289D0DD8A4CC34F8DD6E1
T=0

[69]
S=$71AAC65
W=$157B321770457AD690A66D89CDF0DE898E5162C39EF7388FD7E27D8A075EFF19FBD636B387ACFCD472CBE089357A068B0F07C5552D47316FD09D203584E0430F3B66A2F476DAAF778D9
J=-$13DA81F04FB2EA5441DEE227B13D0C9A62974FAEDE070419B7B184F1F01319B7230F79D62CF3382D4B45A757B04374A0DE858CC2A6A5AC05485C094337960354AAB0D82F46FDE84605486B08CDE1D6C66FCBAA6D038783F4431CC422020930C84D8BF768511B97ACADA2791A28BFC9CB761C89D960507DA10355EE4278B800E37EEF24319B5A5B1DB98C5CAE114684B3DC9B
T=0

[70]
S=$4E4A515
W=-$82D456B44C98DA64CBF12CE9F5D61338F99DB2D08973DF16E9895B3B812FFC3E8F406BD5444B80C4EAA0910AB9D7D6BF416386765EF41891E7191A204E9DDB66B490F4C184AC7FF
J=$374010E564BC80D0E03620A761AFAE92CAF880518AEBAF7D90848B62A61AE3F964859862D20D3CA43C9DE50BA17CC2EA5994463D0F91B68F2A59C3EF1C4B5C8AB3D6C1C1F848FF2D336A7799AE8FEA4EF2123D41C49097704A09A7CC77A07801ED0D3DE086BEF7D42C6770E028FB3E474135D20BF7A461B07808167F8F67B3CF117AAD35332FCF63748520B5D4AC8
T=0

[71]
S=$A3B3DFEB
W=-$3A72EEB9724F240A66ED0BBC27D344345A4A9070E294E1A4B83AE6C1F7519210F1F6030A231BD4009926CACE4F1F554411C41C377700E164D8E2FC0A14103FD5D835AC287327
J=-$C5DBEEB2529496DAF13591D804F6A6CDD9130110AD8F8F7B4B886FAAD9FACC5FCFEB2D42E56A1267028E7A7291529E68B9C7E286C2008D2198D6B81D8FEA26D7BF0D0BB78E9BBDD436BCA00F3400D18D630D35B2D2DE656F0C99C0C0EC75EC00393DBA76E4105FE78C4F975AD8AE697775DF0DB3262C20C29CAE5F66787D16B8384E8C942BBEA63199828D
T=$1

[72]
S=$BAE418DEBC
W=-$48B68B489940F5007C3EC69E05B9A649D45B3E848C5DAA609B17182CB323F8DA8549801331ADA7A330DBA6D01E94FD4567920F6EF82E3EC03E5602F44B4EF1D71995F7BE
J=-$2A1EECD938B53D4C9F4137A7F5644F53C8EAC562C5578B9A374D479E70CDCB88383EE895DF3E399CD4274431675E706EC13E2FF4A0306E435F1DBB3F8EE8F86B944ED202048942423BE6A21740BF163F61E73634B11D7EE5569AD11BBF189C8E3EB2DE3112060BECC70C66DB018C1ADBAB0E74D8F68E482DE66371C4401FE87C68CDD3F01FFDE85
T=0

[73]
S=$445E9
W=$3783D2D2A6809834BDB7D364F244B66417E280EDDC5AD433577CA0BFA9E62A41A0A98C88668DE88DB7603E5075DBFF3E8343D544B896F970D6ECC9D1ECD8BF70409
J=$36376422D4987FDDDAF30988459411ACA893C02EEA06339DACC3746C0962FF20ECD309F3B9348B2D18223C9F69FCF1BEA048D23B2F5B2D2DD3385229BF1CC3FBFD3189FC11D0B625DC18EB680E17104DB67D7189DF2AD5F5357D6C7D5C335FA708DC38090263EE63C0A58DB5863B0CF19A505F45135C6FF38D4A4B3FCD981C0F957AD
T=$1

[74]
S=$3902AE
W=$12529F992BB8C4837C43537AD50D2C5D3881D7CA0FC4C4C896998D3639083C388D07B2775D7475743B411E946FA830AC872C9301ED723BE168A06C285C0679D66
J=$237B43CF4CA5D0D1ADBAD18B6C537A61689751EDF0DF99781E8BF51D2EB29FB8557D5DDF6F41ECBA9E218AA35EECDBF7CF7F951602ABCBB5018009EEABE1EAA9FF7F1C2CC3134DD78DE8AF35848628E799AB25BDF940D6B727D9D9762E7B24651587894DFB72FB37749D47937C8000FF67FEDA03CD6419541874B9B380D810FC
T=0

[75]
S=$4F25D23
W=-$35BED97A307B8208768F61B16E37285048720DEA6DA37642F8215E8C99D10743B75D7D3D99DF8B24B026AC9CCC67AECC726DBBCBDFCCBC1C9CD3E01B7089E3
J=-$4CCEDC5F757D556DF3B4F20E51EADD07AB587DBF1203AE760EF51A1DFDC649101F8EBB15EA44F945AB6434E71DE8A6A9191475F77349D19A570AEF6EF0237187F49D7802A963B416F31F9AD895AD34C6FEA105E946794E89118555A839EA07CF8574D2255FB8086295582ABC693097DC22BE6CFF006AD84F25DEEF8DCB
T=$1

[76]
S=$9EC8E031
W=-$27B47B4DF88A5CF4E1878E53C1AC2A3F118495E3DF9663D9E6E1D274F7665B1C97DDB1F4271AF0FA7CBAA9C2CC383E3156823BEA797EA37067D13770F87
J=$839B43C066CCA47C45A85104B2D7400CE4FA6D7600275E76A72C92FF34F10A27EAD819FF1B2746A0E5D301044FC28649269BB0B5ED3047FD53FA6D1A76120134B3C4A0BD813019517B57F5E1E6E4525DCD04D74AF0F7709344D2CCE8BEE1D36954D7C19C279318A9DE7E8ED8FF5D8679517CF4148B7E5A6BDE89
T=0

[77]
S=$2BCBF280D
W=-$13F40C6209BC45EDF438EE45371E2BA9C5E060E5A9356A0A353940C8528A43083FDAD3CEC7A739EEE205BA2C912F359A9494CEFF8C0818326984E2B
A=-$7328
B=$1DBA42
T=$2

[78]
S=$AEC82240
W=-$861C0E1682699E8B0C9E294B46D77CCF18FA8A35A1D3868052F9BB3F7BB6FBDD0C7D19BD1D9D812DA8F169463E95247DD69DDAC6CAF69799BE
A=$1
B=0
T=$2

[79]
S=$810297A4
W=$20E4AC2F719C1477375064CCF8D43FFE8F70408DC03F8188F47BF5A517EECF11DA2612E1459A4E26899E634D4666946C257FCD07E4AA676
A=$9
B=0
T=$1

[80]
S=$7A240
W=-$2D92EF6E0310943DBA239B1E6E4E90679592643E16D564F33A33BC2E56F0C5D24BF220E3479E036E6AB613D55C5D792306EF64DC5CE
J=$AF79C3241E4F1F69D999047F5193B6463F3ECE67D262BE4C3D46432E3A8CA5FC1B522240409C53B6107A4A3AB94930BCBFE5C4DBD7C5F4BCD7EC7395E780E5DD44E87894AB546806488BE713D48CD2C93C13FB7BAF83F2AB0DC21A562A27BCA308D1D1B24A1EA56D9EB4
T=$2

[81]
S=$E2EFB8
W=$107C4453B6F7895EFF6EBD6B5A52E3D30F6EF54CE0AD4A65B775FD2053E4136BBC803EE337114BF6691534EA3EDB5D4B0F7012F3E
J=$623FA2807103DDA6A7C9D00FB4256B176601922FFEDD8C122927994CCB4FDF9E186AD2D143D9D7AC8CBC5E085D1CA3E040456AFA0BA304C589819BD6EE56C9A92DC9988D18AE482674DD330AF9D15D8839015DBCEC9C90BDC921EA5628C72E1D8C0AFA22FA98E27
T=$2

[82]
S=$4106E
W=-$136398D089935D5518175ACD4D5875DB69B3764DA6396A03C7F79B68C27CD9BFC51604377350F01517A7DC24094AB50697D342
J=-$234F73A43F31CAD47A9E0A338A8DB8ADE559B8265DCE6A05DCCE21CE65B5E76FAB8AE38D5C17747D1083B666C03081B0AD367E71E421BBE0C98B7144FD46B27D808066CB8097253CA07342F54F5BBBEE93654C4E3067B236C49968C9ACE1770D6E6B2903E4
T=0

[83]
S=$4E5B9F
W=-$41D4D68E46375B8D2D88AB608FCA3CA955B3F29588208B87CAB68C49330675DAD3D1D95AC7119D3BA93E9FD1482CA97673F
A=0
B=-$634CC4EA7A2AA2737921E0FC0BFF8398AB49C54441D2A56406C1891CCC8C35FA9CD656C662C84824B4A5FBB932D0E4FD978AA539E4EFEC73838210B6C1D32A1B2DA77BACACF806F5F6AC034628BE3E34D7594E9A18BC4A980C9CDCA178747E77D255A
T=$3

[84]
S=$121BE4604
W=$F66CD77C747F0CBA4EDA050BBC57E0814D797D3479D0E2790D83EFAA05745C0E84EDF7982FC8854C1144D18B0E267196
A=$3
B=0
T=$1

[85]
S=$2E62A90
W=$6E06FCB18D878843CA106DE23577B407908D56E09A4D4DAD82C9CF1E30A81CD089E901C6BA1D3562D8AFA3FD028A
J=$23A9AC22AECD1B143B8230300C2C1E5EC94266023DCDB43ED6A252A14FCC9F7912D72B4C1DECF8D4D3FE7B1CC788E142F276DBBA98BA916F0ED328513CBE1C0516F3F8F7FFF9CCD3B58839A905D154239ED743761EF2E66848045ADE
T=0

[86]
S=$CD400
W=-$3ED7B1EA6CD3DA633F7333842E98EBB3A811F50E9971664A852AB23F9D4FAC60592D2D3219F774BF1EB9DEEA6
J=$7709DA226EF4B0E2A07E48EB076F3690685AAC7F54D17AA5BA66ACB6B889E012710EABDA7DB0A7B92ADFDB458DB1CA978E4DD9FC1808A234628652EE6125A3CE9F1048707218FBC3A8FB077F577901E11D3AF23703E696C2C
T=$1

[87]
S=$1760AE54
W=-$2C5CBED529800E1F43D054BC05E5D7C4FDD3046C5B7F414144D0BB932809CE7D283D0E4ECEC512E103EA840
J=$2823BDB9BFC9BE9DD8C70262CFDADAC324FB8586496FBC7C7429B752404188792DA6F81B568908CF91C3844B8EB35ADB23C82551ACBB462418648A56EB754B6C41602730623FAE92D54D60ABBCED3ACC03825F75DE56
T=$1

[88]
S=$1FE5D
W=-$212D81ED248AFECE619A5909F3A7C5B7EA20D5DBBF54E82004398FA6A326FD02F3C47304E131A4FE21F
J=-$6F0D9CAB7C24C03E65FF265162CADBD6A791872F415CBA4164F2FB89C732DF6A9E32C54FA05763F77419195DC8245A6E4070FECFAAB3B5F4434D15EBF6F9E1F4DA70C71D6CBFA17545CEC7935AE77DE9E655B
T=0

[89]
S=$169A19EB115A08
W=-$664F15A095F69DF2DC31B5D229C08EAE8A05586E91E10558B3D3D0A9661DC336C7A44B5924BD4A62E
J=$4503513FCC5BD8EDBA3502CE5AE60BE3277F73B1B1AA1943083370D7998461F2BB7EA1410344AA94924CF0DC48CC49F77460B4A7A2CB67A4CCE082E5B9D5EEC5D953D6FD8AE20D04647512543F6FC3F08
T=$1

[90]
S=$109146A
W=-$104B41705CD47E7F605EB0928B619977A426255B1DB0253B5187E2721C38282EC123F3A5990
J=-$356830FE4EEE036DC7D9D0A728C72AFC0C70C4D00B91255719C4E3F2231A2D5B3842AE6A4BC0DE56D6270EEAD2687D36351381C490FEB5DFD1C50AD6DD71034BAD7FF9E41F9EA142B40B
T=0

[91]
S=$21CAB
W=$1584EBB7861B20FCF8BC3B34E41E53BD6A3A5FE4B0A4E6507F1099EB1AA0E04036320019
A=0
B=$10
T=$1

[92]
S=$6ABAC3D719
W=$DBB67C30433D7E05FE108F4BCA7422E9A477B8D8E5027DB42BA37E378A1E443D412CD
J=-$104AA05607B31A5571A8631AEE6F4A5767AE82D2332FC9D748217FDAF4FB704CFE33B0635A5F216337C67E09FA66FC5C861D5823236DF10282AEE87FF9808FA1F6C0C15E58
T=0

[93]
S=$2
B=$2

[94]
S=$14A1C
W=-$1010FA1AE7D38A224FE6599FBBCDA18EB828D81EB3A670B5AE7A1E57EA67A5FDA
A=-$23
B=$62
T=0

[95]
S=$F69552
W=$DFB6BB034FC7E10FF39CE74E9AF67A857FAF9E71989B72F271CB0E38DEA33E
J=$5E5DCFD15156875BA92B8236283E9C5E4DFE2D236EFC82C254929487E67D50603D19244920D44A0B1399C555F2389279C2D21D2939312159606D3E9B96F
T=$5

[96]
S=$54DC03
W=$323352E5D752918AF0C01D66F9BA863BB98262E19B21D8D00C61FA2B8F9
A=-$98
B=$2D2
T=0

[97]
S=$816A4
W=$18FDDB36206E63DA7EE029EE9002C89E874B824F31E02F2871A1BFEBA
A=$1
B=0
T=$2

[98]
S=$21FFC
W=-$541FAAA71F891F4298FBA4D2CFA88641A46EB2E327320A784A5976
J=-$30196996727A94B67D6827A420C981EF11491ED2B888EB283061BF869756DC45ABDA4DE8EB0E3BD709B2494137E0A83AC99F14A504B
T=$1

[99]
S=$12594BC
W=$220D63C6475DE4C1435DA24217E9CF5C67C6B5BAF21F391DDD3A
J=$256B620EC9DB6AFCD98CD0D6336736C31F98C6F1EA94A30192C85ADA526191B8893CAB6582064D5419504EA3AF9451387B1CBE3
T=0

[100]
S=$29CD00
W=-$FD129458D8175DD9CF249AA7200B619368D80FBBF398CC08
J=$29B9D04B14080E03AB2502D9A8608097DDF043F9C9822DDAFCFE55A0B5CFCB81D0156E9947452419ED4593BF2550DFB4
T=$2

[101]
S=$12D58C61442
W=$BA946E60EBB1C0445A9E24FCE49C9457A25AB7AAA2B462
J=-$17D11D3BD035B57BF89BE19F8F934136B677B66B08E427E41CAB4A0761075164B236851C222526A05FC4A463934
T=0

[102]
S=$B32CFA0
W=-$2B7A1BAB1B2CA6082E8F297F4D7397C0EB237EE56
A=$1
B=0
T=$2

[103]
S=$66D802
W=$3E148044C6439805E1ECC2BC719EE4CC76DAEC
A=-$1E1BF19BBE09A872FBA304EF649B806567D67F7DF81AC9281DD486E94D461ECDC8DFA381202
B=0
T=$1

[104]
S=$1B906D0
W=-$5C07F53FB611B6295B5CC5CF9025D7CD802
A=-$108
B=$69E
T=0

[105]
S=$268A4
W=-$1512F8987228BC75C2D981BB87851F06
A=$1
B=0
T=$4

[106]
S=$4A576090
W=-$1B8761701E204233DBBC3D18D46F72
J=-$109A74E74D026218B449C5BCCC9D04DF00D5B82D1698AC49B523B2DBAA0
T=0

[107]
S=$45E942129D
W=-$8A09ADF7169026B0A259268CB
A=0
B=$D
T=$1

[108]
S=$24CB8DD2
Q=$6

[109]
S=$4881A8
W=$1060F885C7E1D1CE8C
A=-$23
B=$62
T=0

[110]
S=$562
Q=$6

[111]
S=$A92A8
Q=$5

[112]
S=$573622
B=$2

[Signature]
1=$16D4870B94CE60C215D8FAB803E5C16C8A2DC3B35B31D6A7
2=$320F4C0F3E32DD2EB117ADD8B53D54589AEA671EBB78FAC3

