[PRIMO - Primality Certificate]
Version=4.3.3 - LX64
WebSite=https://www.ellipsa.eu/
Format=4
ID=B497703821324
Created=Mar-28-2026 04:25:07 PM
TestCount=108
Status=Candidate certified prime

[Comments]
Put here any comment...

[Running Times (Wall-Clock)]
1stPhase=38.77s
2ndPhase=5.79s
Total=44.56s

[Running Times (Processes)]
1stPhase=233s
2ndPhase=53.37s
Total=286s

[Candidate]
File=/home/lappie/Primo_Batch_Farm/Titan_Group2_Prime4.in
Expression=(4797791281522654273518)^47-(4797791281522654273518-1)^47
N=$616BE0CA7727E98E89E2F84ED2400339900DDD89F05AB8EB2D9503AF6D8DB30C4CA54027EA985BC36FC82DA4009480B010677FB4800B3ADE58559794329EC14E05275EC0F0B88ADC4868A95CF62C52FB7B7329A4E2AF501BC3AD17B0CAD95BAA2BA2683EC689F23EA6836EDC5B9163E73ED47C11C845C09B9B40DE52A5B00F5F1C7EB5426F5D53C6697FE2D6A2AD6AAF0E1D8BA8C26A0F026CE51AD8B5D4A9B6DBFF5C7B784E8C9A9B2B8917E489825B821708899D8AC44BA94E80C74A1F231E70A001C50B56EB1021597FAA8FFCE18C13DCF033F42FF98798E36676AFBAB522C4134927621F601E673C0707C6A8F43AC6B1F97B59D08F952F076BF38C912F41219CED04320C337B126F21B9813A54FF673F782D155EF0FEC3D400728942AD93761B4E93EEC0E70990314F25D6302A94BD6DED1DA84AE8884629D41E1AC761BBEF431FF2F4E295E1B554AFF5C1B2467D8D804916B7BFC8573F21A163C9AD29CE5A81E8835D173A84FA809C322FDD468E5E54EF25FDF9127270E01260CE461B7C7BAF1868F1F6C98A29D89741615AE231A5A6588A6944235DB0EEE5693EE85B
HexadecimalSize=830
DecimalSize=1000
BinarySize=3319

[1]
S=$421F2FE
W=-$854C40E85C0F871958F42C765BDE8E06207F75AADCDDCE3C0C8E3624F689FF32E84B8178824B1E303DDDB78601B5827EC28B0C3F7061B3468F3620328622E755DA4F7E64802741226747CBE69D3D6C1A3380C82D8FCBCA7392110C11A01AF820A857CED3E8691D5AEBC45DCD3D7BC5F4B3E0565447B09231CBAC14E7C46A0B7805129766F383D967F63DCC39FCD8EF13F99E8110E996156B9B14B1E2455490E2BF419992A2D93DCEC9F23AE3880F5E1B3C76FC3BBDE707619BD8236FDA33ABC318625DA162C4508C489C3952ABBF19E
J=-$2833575B0FC8AD4CC3DE3477EB30D800FB1F0D2F1C3ACE3A202DB3E9C7EFEB5ADFE53617914FD7F7EA9333AA57C11CF24C8518647E98736ABB106FEA8B45D9A034F03B15ACE56DB7EF8C6E18B8984FE1E7E919AE9DEF725E37DEF630204C4A286B76AE56C30EEF9DEBD8E656AB80DF62170CF103C4E1A8409C5BAE0C6D201375DACF940D1EECB287A5D5EA84649D6EA1E9B6EE0E270A308C190859362B8F42F421B884DB4E3EA7A55D9D29B3E3387315F141FEF54E14330B1DA98E9B5FE539D1CE29CDCAF945F2D99BCB335C64BB2332E5721710E54A559A6617054991AA0E12275072976AA4FDBA78FAB3B6373ABB6A2D74F52C2DCA9ADBB0D79125AD76A8719EED76FA60A127CD728BCD5545A3805F7CC81A909E26CC6D1F377EC1DBCE450FB5FDDBB1051ADCA33119CF526F17EC6B6BECCBA04B7156242126A3D357F05A8862141219366F6FECB59BA2DF16ACED530F3996E3D54279223D66D2E57E035079215D9DAC576B466D22252456D87EF5EA84AE5D400035FEDDE38A3B91385EECD932A75C4E5F9FE2EDCB19428234EA8BAF7B9415E0CBFD16E5E0C18F1666ADC3
T=0

[2]
S=$1CABA4CF3CDC
W=$9A6ED1E51F39EC63C82BF41608C064A9ABFB0C3E7AFE2255E4FF71805386CFBD6257CC4EE1ACD9C4B64AF96745FB7E2FC10B3204687BFF3D15E895FD88938B2C575EE2CBA7CB53716BE63E86863AC7942443F368CD6A2B30845DC414E69B4C1BC98A75A651DCDCA8EBBA89F977A3B92E450A54167E930B800320533A947DAF38F013810FFAA22DC58AFE3DF845CAA09B27AAF77C244AA00E4AC7164EF1F99179A4D050753F8169BD4AD6DA8065F685082404E265D75336BB5C55A3E02FB28E1C45633BCCC255D86650A03891B1E0
J=$9091812B90A8596138DBB175BD5DBFF442752014D5C89B4CB78EE653902F56C6D59C74A980117ACEF90634D2DF4115336649270A4549ADBF66EC4EDB1FF388F38A233664ABB3304AEDE37CC30B31CA322C48B998B23B00A64307E6C1B4422748A00AAD2F1A58893F09A86857CA6F044C58E0EAC70488C6A2F7CC5AAE040D0C960DD0E79B16DBEBAA67C0F1F84FBDD7A04F7E3AAAD43A6202F806714D2C60089FFE01BE53AF34BE68ADD934BD0032018D8A67BD2D053020F799A2641827FF438B63A9AF0BC39CA0FCDF9E42DE95F7ECD87E9FFC54D4851335E43836924CB4A5E5FF688296A964442E22625D0C1CCA5123AD3024CE3778A42ACDC3BFFF28BB7FA6EE49166F9DD0378DBAD5EAB37E68F6F8E63F38C4C4F1275D802320B4DF3E674D463CE455B2B03E645B52740777F05B1811C111ED0335684313ABD952AD3832CCADCCFE5421BF4C731D3496286E21963624B3B9E6B127754B2B0BC8570E5470889812D3DB86C8360AB9F12A9F157B1DD2E2FF87CD157434995F3347D3E2AE8CC13127E81839DA451702FAF3A5660D2B40BA6DA25426BE061EF2AF031
T=$1

[3]
S=$A38002
W=$1CCFE9DC80A4378DF3E5C5D52DBC7BB225DC26543D380BB3149778337A3763CB185ED6062936E02E12CAEE70B95C24B6B3C3F532C263AF91F5CA191BC34E8298B2EB49A1391B579695D52E83B4C102FAD81C21A9C608604FB568F11FCDCAB2B6A44D93BADBAA7E62BF1637F1BE1E1E19907E6AC6607D53DFFA5BBF577E48615F46447406934C2D11E64B588EE6F3156AF5E2EC6928AA024A01870DBD5AAF80C5AF4328B6C8F575D429924D35A9644637FF57279EA9B6EBD8EF0321D1E12BB3D9699AA8043489804ECE7DA06
J=$1C3BC71DC364898060CA68D49BD53293A53466A05941A5375D06463C75A10BF0DE478A6AFEFB7A33E067B28F4B201190395ECC4FAD19112A4DB6EC15F032B01746F69C517AC80F10A322C83AD49787A0230079A33328B5D865FEB39FBFA7B506B55FACFBB5A46F2A2DFBF8955CCEE84122B9ADF443590FED2DC6B619089F4751D0A830ADEC75D5ABA2BC6EC6A504EC36E582CF9AE709602FE2DD6A1EC23A5A81FC3E014052037816B3E8B5D331AF3C32697C2054373D59715136637207D3C41DF31EA8C704D9DF57E177B55685E53DE75C1739DF8A0956A3AA14AB411BC0091C6F2941C3B2B251EBE1D4A2ED00A98DE6F252A3C7B1A6436CC6159E17652B9EA003A4D606620D36456ED8E650E88F89D0E5F42532A44684456517C8534F07E2750E37768506FE2E41EBCD03C7F6D9FA8EE479FDA8CFAC1441A8210CB13A932CF61A425B95319E995F89BA5B40301E3762504AB05BF9B2D000DE21AEC77C8269B6E57C23D303AD02AEF9A513579C2944551FFEB5404A45DB10535060B56FF9EBFFC8F30E5ADA8FC2077DE1F38C95CD0F10922673C0BF45
T=$2

[4]
S=$22360F2
W=$1A88F3C09F92B0F0DD48AC57BAB3A1307224A687E6F173C0C7D0E1734D24B0204FD4177BCBA58829215CF43A218AE020590D86484F702FD76D0D71182BAC7E27F016599A54E5420A1F1ACB5C82EFD33147B599575FD6527DB0E3B0E29CCDF8433097A151BA5B46ECA251F1CE0B48EF9A1AE0D69F8117FBEDE93249C04771EDBF586FB8CB0A536C43B75A6D3702462CCFF57D349C20F828ECEC6482BED3442BE563B84ED105F565811B7DAC48C298D1D52C056A14D7F03DC4C701A203504821E74937C57C3F34BBB5AB28
J=-$444ECFACC423021A33FF568F29EB0703A64064F01EE33F8C3ED09BDFFC390B654AFB8906EFC9C7723F33C6E0F85FE7C5D530D3681E3778D346E159F6B0DD5D66AA932F32C42CD2C480F9DEDACC3474E3EE93A2AAA7193F34CC3E42E01CC85FF78CD8908A326A2B877E0DD1C0F130752772D6F99772CCCF60CEE6AD1C07D1A661B4D4C5CD67E393885D57912A17B99EF1CEB14914C684EFA7277DD797B48826F2B4F07BC10B19070D549343CED80C468973DF323037EFEA250EDADD71A7C0AB2449965F53772D85E20F3BF28F19276694877C8A365D5FBA71F96F8EE990977B276271A39FFA55A5E34D16A29B0891035C0682A209AA55A487E22F41836F3AB36C79A89CFC422EB40619FC371EF12B7C28BE330AF48B5CFD4E7FDB1B4A13D798BA6CC5F6B0ED6825281B254B18379D1AC93BBB339436CD64BE7197F14D9997EFB83FC5D9A2E6973CDB7ADC521DF6383DA7071CD246AA006A58DF6E0A1A158C46D61CDA5F7C59B9FB41867F88718DADEE3E688EBB5C594927CD240EAFDB5CEE693073396A5B29B7FA0FE1624825442536EED09C01
T=$6

[5]
S=$25B20
W=$ACE0E8F3C5723697D9897228B06F6479743E754349501958A525F1AB4565C84653972491823E0B5C9DC90C3CAAC4CB53ECA67A37ADBE2C10AD16B8AB59C90706A0EB13C0ED19EEF6264C4EC10D94B646E6215998C6B8A08858E80E195823AFB558628D2B4BE48ED94FFDBB6B11EF2D0E3B93C6DBD3D88B76DBC3177CCBC6E34F6E307089BC6E1C82FE8CD8E30CAA20CE66221B1B14F4AC01471F6D08E59B9BBB1458B29C8A7994ECA2B41D7A30648653684E7DB2C808514C470FC7D07AD313CE702DFD0CC93D163C
J=$448FB69E131E87790857513BFE5029D421B1DEDE41FB9D0DA2EB1CB3536D905308AA56F1DD56E581515F0EF3AF6529D9E50DB4198DA28FBB0F0B4493DEF431B3DCE7A9118857D05ADABD9A183A1D6B5FE3DB79DD564C7D4D0C1C94C50B199F733AFCB66482D9F801A9C6DCC563D9EDBAF52F4059E358EB9938C1E3B6C0BCCCDFBA40C87E523BC6BEF71095E181AFFC1881878A84FD16FD4A3C03F09C456AE48787E589612E7CAB55D155EAA5E5D49BBC2156D296EC061F76944DB28A19A9D7CFCA500A4483668BC16BB11FB853CC8F5A4A14988471E5D907BF48BB662590470857B41DC3ED4E5B2D69ADEFCDE5C283A76BB0DE9364CD5147E4F6C8FA4BC43A24BF8C5AE36601BDC812A5DACF48D09BCA02B3257F23A1D7F1453441ADC8963BDD5114A8B765AE872FCA899A6034717FE5909013286CAC4B648E990D7CB2601D3D57C84F463F66EAB18ECD47E64349DF8806DD1D92ADE1BEB53CD05FC34CD8C0D9BE848C1E4EEE587783DF311417F01811863536A6D922D9EE8EF846CE33BBED789A9DE9E8301D97E52C8250878575D887
T=0

[6]
S=$1345A88F056094
W=-$9E14797B8470F66AD20C2D919EAC5D2C65A0B61DC2BBDC74B0484AD2A194F3EB6D6D8448162A23A0F74AFF6072CB1E08C9B0936B8A69BCA666A981B86FA15EF53966E701F6AD12AC1A2EB78251367164992826F7B8F784485457F7E532FE5FACCAFDB324EA2B7196A3946EF7D8A7FC3637488FD426EC7D7D98452DA1D2F521A6949D08CF9A1C112150714489F954EE15116968E6947DB5D9A9A5E17AA2804D69A8B9118ADC8059BAA4860032D6473E289CDECB0E2D8D7D09F191EE7B9200DDC42AD38A421FFFFE
J=-$18F52A60E91A87A041D08A6BA14E0EB55C1937ED0A0E317CF1BCA5D52E4A74A9F6209BD7BCF2007E31F3103D697FEC22A4C25EB0896672B2EFE7DB8C7D483FABDDFB8AABB55E8DB665095234372CCC2F4F86C278000A3EEB29E3A115C2B587F2591CFA08804F6F2ED1EA767FC289DEAD10159F78859F95683BDF9A583BB858EC9EA46739DCE8D6F55E825E420B01BA8C6203E64BA44B321AAA69E06121BA9ECBD176043BC0BADE2FC3036F6E6D3BA1999C5821420426CD66D640F7506089F4FE6F4CC30E02725F8EDD5FF33E7A02C4802026D0CF5848AB06C29BE987264694B54E26AFE40541B9D618D06E6CE32BEFD7E137D2CFD89E8230F3D628D1A5D428D90F127238C8DF0DA38E499557B83E365022C2A7C7373ACBCF24EE932A5D28DC8E3A9C5615B9E361DC49C47B813A0679D9D03C6FB28FA5621D4C682C18C4BD9D98048E1C0B2D467D4064B0CDBC8D3507BA5E76D5570E85134E8BA660396E03CC308001A8100BBC2665759335BEF5AFAC4528979AF16380DBA47C43907AEF93ED233A66E93EE37B443A86B08BBECA07
T=$1

[7]
S=$201C77493E
W=-$3A122EB2BDE7FEC9E2340DCEF524A0DCB6BC47A213656B7FEAC0CEB2FA40F487AD0F1AA18B4E8CFAACD277B7A2581D08EA410C8FD146D3498AFC30F5EA9830482398E894812978812AEB6C1CA9427051509A07BA454E7FEF2C337D0E1F64F2CEED8646B542655A3A988E63AD36359D8B9A22695DFA8DE6ED2FB84BA5B7649E3A516A77EC95ACB06A95BB3242C0E8E0EAE4E66E65A64F18E70676523AE55A32D32562E9A55F00F309A0B7439D05F069A420D96893DDD4279ED9A51BEA9C752BC4EE0E693C
J=$1A7B05F17CF5D0C4E92D6FA923FEEBFD8931218AFAF9C567C3ACF5A1CAAC6EC538882A51B838FF58A1F470FED1815D69C3493E883618DF7572A5A427467AED3BC36E0EF8C3FABEBBAAF106B70BFE612410BC7EE4869A9470525D559643F8B92C3C1D87F265268A4CE06371AD5A01C4838CF877BE486F84B201BE2D0D7A509BBD5D0FA0A2B9CFB57BAE1E519AA070F589771D7A6B87181A8A8AE214FA0B3D01C327861843171E7F639BB2F56EE9D8A18239D6BDA5109B11536000D55170DCA27F42C5FE6237D421B018EEED1637591963D3C9BC01CBA1CAE6FA2827C592C589F63E9514F9EE08438BA1A3BD0852D4A929D4C18F5B61E1E2C02292DFD3B7A5F78351BFA71E9AA351913C51E9D9CEA293B5AEBAEE5A1EC01A51764FBB5A24567EDAA3B438B8E4C770CE422E875F644B1413CC760C9C73CCDD16A238DAEA86C60D3242406D07249A8755EB90B20429949A5F5F722426F2F26F956308639C47F390C3A80F21FD8E3FD28C6CFE841965C312A12CBE38D39E8ACEC932B64B5D95277BEF696256F6DB74E16
T=$1

[8]
S=$16A4
W=$A679777FFE2BD1C8626E917A85BD318FF6CCBB7FBBC6878DD59481064989DE8BE244D3B6E273359954010641E6934A5E4306BE4248854C928B267333C9ADDB27BB3636081CC4ABB915E8A0B8AB43D1327C203C18442CF0CC8D7CF2B8C47BD5654CD4DB5AD70BA25832124DF636F04DC5D60B978F76049286919731089D19647E3DB15E4B0480F5200858C692CF8D0AADE562F1E7A6D0E69B5D0E3EDA087BC1416469838DFE5C04C37E2031692BF48CD4A82B14D547493849F55A6A8AAB74DD6823C
J=$BCE30E9AF937AFD9A2CECF0FDB931E97D62D369451DC8A33AC87826AF6A33102B51A54148194D748C528621FA9E6E83BF1ED1E810F2A49A2CADC5A7D20C8B720B1BEB10B77D8510265A66F8ECCAB78942C878EA9877156D39E374BC3FE820B871301A7C95C2E6D7790F4F089B429391064571CA44936E0B8B703456BFA16DFDAF06CC4112EB9C10FDFAFA453A8954B397C2EDF0CEC9335B56823901CB83C876DAE66EB6BBAA1DFA144390B5FDC8FD468B718EE5E344F9A31FD080AED2ACB52405D3E28D984C402AF938E4932A83D2678E1C3738C16A629CE8610F5A51DE5324C0F6F05D0B6A1C6CB0A74856945ED756553DF32DBE567D259B55F34EC6CD94F009D633CDA27CCC0CFEEBE2038F7B4F91B9D816B1DB50EB8A64E5B308CFEFDB1054BDD9AEC8B000696F150C4CCB5C2ABBBB02687F6B301492BBCEDDF2CD5C4197F0E5F62B9C0C709AFF2B3147CE2C64417DBE1657FF506ECFD951808B32AE4314D4A29A4DDE45BED62B6367C1B4389FA0A1DAD3B75CB7C2AEFA67DA3F15D8CB01340AD2
T=$1

[9]
S=$1442A05A0
W=$5741046A62F805236202CAB6262CB7CAE2B18FDA20F52A6601AAA3E52A7D10E68FDE96F974883CEF279B0BBEC8F51DE1034FFE1D680E06FD1392853A110AAA00E99FCCFC85E164380310870A70BCDEB02575830C92DC9873578A6936AAC74FFF19ED3B0CF57299F8D0D8D52F660F683C3E14159C25CB152066807C076C451A23F2E94BB8C8C490A88F98E38EB9505620A2700BC928B20062622EB87A268BB02C20F96377A347987DBEB91A4F0CC45559C572D48D5BA0F78486080DF86218D4696
J=$2325B4623EBCC777C47F6B8BF1E5272DA5FEA429FFC9805CC1337F0FA7A9D96A873F0FDF26937E2D4F95D7096528112AD71A288EB2A4DC752D4BD12CFFD3C088A696BEFDF43104B6ACAD0A8EC3F7A6001C9E8E87C5C1422531F6A1673E5132758D2EE25592BA698552BE8041D138CF233E2D4D552A186D2D34CE8D762E654904BFA599C9BEC0D19A07299F0E4D9CF99148D5D975FBDDAA8997CFF8F6D65A41749331093406C603ADD0EDD59C8D210507B3D031949334CE772BC7C97FB809BA0D19B50E0F3B0AE9C87DB67BB7262A74D1AE0B02C1E54A341E053903AF310C0CEDBA3CB02EE62FC666472C6DEA79BD80A177438B87669EC2A3021A1CB849124A8E0D3B2F2BD0E0AB88970EFCCF57C85FCCDE27258AC91B660A6374F1D5828A6DEEFAD78B7ABF9BC4E2CAED45E75490CF83A1A02E288380AD1A21149457B9591E6534DFDD34AB7776434F1B03A786CD0DB1BA5EA11ACD2C25CCF5CAB0FB42E46A6BCF7EF20D407E7F61B7264D8FAC89DD1722DCB426B2371CEED51AE4DF4A1AA58F8D
T=$3

[10]
S=$598D116C0
W=-$8C5CC65AD9406F78FEB34FF570A7DCD33180D4F37C6E4891FD5DB46DD3D9D4D83AF10B749A5DBCE7003DF1E97FD987EF7EEA73705DE13E1D6C83700DE3BF4C7694D201CE1A6083EB973D95F2C03DCD5627502D95585DBC54E47C5C942D02EA99577B44BEA93E5EDA7CD27435952F62C684E441F431595D13B477EB335804D21F735FDEC2D7F05702D5665D0D7F43CE2819A9C44FED3C947CEF2BA9DFDA47302C0536DA273898C6038D5D22494CE328D902EF5B63062812FBF4672027D75DE
J=$1D68746E7D562A307BE7FD568DF262EA9F4DC53FB42EFF4A83C0ACCFE6618A811990028808D4F06A66EF094EAE3C923F3DEB45EE3058507EE4703EAD3B4D7967F703E4181DE1F1F03131D654C51D9DFC7C78F6F987929761CE1133EE62D3EE7DE51432B1CA91FED9C17049B9C7760F6CB24818332DE05D7D91418BC204D90CACBA1F1FA23B11C8094720B6B7F79D6B84896A714605A291EC6711F5D5FD9AB3799C640018D1D12F07DC21D6FCE11B12E027E962A85E7FED425D00C450DB669F4B659719771077E9438444528289F99B02BD74EEF31B2A3280681EA6398E63626C304A036A8C6B5F7C4EDE5A734657B40227DE4E681CAA2681C40AE495FFDCBD53839CC262A08A34C9EF63489620B69D60226E374AEA96D7E200AC4BDA98766D0B7ACEDE7669C46326EFFD7607824E04AF0824445A5CB3909D38A1F045D541DC7CD7D394B72B90B26A17AB4354CD724883B6A67CD88CB1F434318AA534676FBF1CEB124D3C90C9AE429C4C35D73421D2A25A17DB05A8A85C3DF48E47F66C
T=0

[11]
S=$11DA1DB2
W=-$C5CA91EE701B23493FBA96EA87692EF04A69CC1FC8FE0DFCBD6F856B0C87F4CAAC6CBCF20F104ACFB7A31C5C8666C53EF5AB82C731C9314F317A765E97635D7CD81EE810302536612FAD4029298C0B41BC21A618D418B126E761A23ABD4127C4E2CA7B29C9B1FB1035A440DBC0FCC7B0EB95AA63931421BFB4062BA2D9AC7AAF4171DAF648DFDF2AA3C333F87E2117C52F666A8E672E6E2FF7C28D140F8B8C5F518ED44A818DE988ABE7F51C0EF99241605A653FFBD49949563C9DA20
J=-$9978DCFA0361E0C52873F2D11DAA754515BD8727C5E822DC4F2C79EF965225D92FD04AA4A607CF8AA0D30A73E51F145F7C6F3F310384950FF7D7F55FC6F9E0AF14C4961A41E23FE485C886CF852CD27DF23E62FC74EB552843E04CB89BCD9ACEACA54B10BEB1AA0ADEAE4E2293C2F374BEA2FBAA3A8042F3D2D477F1919190C1FE0E667AAECA0B120BD03BE268995291A51598A8A55D13B26FC816764130E2A08DA36F308E1419F403155AD13F1CADB1D4385E7C0C8A02825A120F5E6060183A9E8B2E4ADE7026629B6130B021CF0BA07916F65969105006773FF416BCC2E4422A41C2DB7AB7AB8C471D01A08A6D6D220291D557A418BE5229C9856AF81EDA1534F5D8CEC576AEF9A5CA447ADD41B7D418134CBB8D06F124A74C5FA6298964B3F04A56090F6A6AE55D689C26790EE558AABBDB74D3BBFD4D8BF32BF2AB15B971C022681B72B0C08342A2FA36BF9A78117E8D9335D64DD35DD77AE1F240554E94306A41C1E3230678585F7BD92E2F50492EB26A47B307443B1
T=$1

[12]
S=$408EC7
W=-$62EC10EBE495812F12A09AEF647B10DDD4933709A249BB975048207AA7327CAB23FB3CBD9AF241D114F9118E964D17FE6B94963C4706251FA3D56E750FD252B77469C562C3CBA6DD2CE66C04A615D29B0A7224BE10A00F0C22FC99695D3D3D9FEA9F8BB53E34E5CE4BA8FA9F8F9ADA50BCBF54017A786C35B77BEA6F9FADAD8E1596D30C55C4D0FEBEED3CB837771C111F31421FDDEBCBE9002EF5E65CE63FC24C9FF74527A60609A18F847509A3418FDC922DD82CA963793399F
A=-$98
B=$2D2
T=$1

[13]
S=$747C7C9AF80C40
W=$21C1C239575DCEB65557689391257FABB49288080EF0258C9C9750EAC47A37B414CB677353E0FD48D24E356D1B78D53F6B4CCD469BCC06326B4DC0FCA3ABD3DA6BAC296E6A93B22E68A4DDA7184A496689DAB1F9D16E404157479D0375ECF30AE0DDD17A1AB37DE19A61FC94C4262896C2B88829ADFAE4C56F71E7C2A99E8EFA191B650AC271691FD3622B551B4849194FBE18ECDEAFC189922D0D2E53AEA64BD0380127E877FEDC6BE7FCF7D3B9E34CCC2BF984F432AF8AFB2
J=-$301A8917D6FF4D02C4CE155B355A29F1145EC8E65D0397320F084184D2DD89F0FE6182819329B4C43892FC2B6C081E7EA19E9AAE2564BF8AEA2F00217F42BB857B1369D83F483C4858FA53E0BBC873BDB9EBF27524CBD14E236B81D0F420EBE4E178019CD25C3DC2220310C436AD8A04E36E4875C3D925D5CF30B51E5358A8ED2672FD9DCB34FDDDBB843091D85B4579F95D6112C08FBCAA43D454A1EF2E6B76326DA5AFD8E75C827AC0DB0476B64A220EB307D36FEFB30B921CD492873EB5E97DE450EE94713599A14782AC433D815507FAC1DCB47E4B6762D131F08DA4B4F731D613A0FD8503045F4B5760DA1B319A46EE8A4CF2298022E3E5DD79F560027BB5AB70E2F1F6B9E94585D3FA8C0479CD33CF91F8445E9750416EE164B3C1E06A822AA1A6C967C32FF67D43B5256A8A9B34D1E46C4AF1CBA9C72B6AEFE361E4B32912FDEBEFB856AD7955FA3ECD0B542B65AD1290C3E1713E47FCFA7736C2964C9052AEB8BCBCAD5714FED1FBB22D01F5BC73
T=$1

[14]
S=$1146D0448649C8
W=-$65587681686C3851954179C982C302F9E0C9347B7A70D3B7DDDB709B4CE93899F745A68956C43911EC98221A4F67193E349178AAD151F629DCE1084387A0B1DFA6BB8E7D3D4B2EAA070FB2590532F419D6F2171E2AF363671172B12A0D861B86D94CF5B27BA658AF3BD30E7F0BB2E696921E34DB8F987DED69CEA50D53A45611DCA91AA593D6A1B14658F3E3B8FCB91B16F8AFBC6DE2772E2E66AA3E9263EFC6CC986C980E3B2B6C9B7D4A1754CD4146B7C70A531BDA
J=-$1000CF2E083E1E8EE912B4A203D33D3562C55E082E15507B20B99F2D91B5E4077423A03A3AF9DD2CD91CDA0536DCFE59EA39DD68E2EFF4F85DE1375F2A3548838FCDB512434B5E890EF700B649B2A35C77C12C498C4156B87BA3F6AD1416331B85AE6F798F84DE59A3E224D98C8474C36B3728156FADBB45F77C27C4811CEDFE4B6FE628336DEA344485ADE7D3DB1213446098AC324798EB13AE998E5150DBABDAC266BCA2735064B433187F1DB0C6962B8508219FA84B200E44170313A136CA7D3596C57559E81E376F31C8E9C11F0A0391FC3351259471FE3C7991FA2F690CF98F6BC5F0AE5B61996A4D53DAA9F197B7CC5EB9751A508588ED2629F4D1849AF87B5EFC98A81C9106B3A76EA296659DD09229865D609CBE6C8EAEBEFF7F8396FCCB80C32910A03C3B88CF6EA0BBB5BF4407BDF0A6B481F66865281257F596665474C1463A0D4871250B82BC700D5C2530D1D51758E667D7F112E3FD03202B731387D6E42DB422839196D31
T=0

[15]
S=$15627EA1045524
W=$1D23BF370107A66356F17C8E59E088BB2ADF0135E9D9A3CD97E18ED6BE570DB4D41C7E5078B3AD970F5D18B9422A452DC7B6C033A481A28582A47C6DF02FAF12ED449A831E61884FA2CB7C9ACFC1584D4FAD47993D97B593968925050023AFE8816ACABDE7460989C3B9DEB6DC35E15D32122100C6A3182E5E314D3480F66394D3994BFE8E7D2A16E3BD3CED884E4FE8E24C3073A8BE1E9B55636F3B54C8D585DEA3329E78001C17D8BCE9600BF2219723211E
J=-$2A7FED099A8226842CCBC7553F63A578D9A4A0C6396C036430ED6AAD35089666616C6F09A87278351486733322B762AACA1C0F686F46E2A7BD6BF220FB8EDF7239D9EDBC01D9AC97096E7D77AEBA36BC81399B313F7E1EC33576E63D0CB5EED56E0F8C1481A942D6DB2DDE2553951286E607DB8A338AED8D04170B85799C811FA15DA511CAA296D66EE8F66AD5B480F5C3F8412104D9B41AA3EBC9D07E7354AD623182508876DD37063D58C8D948AAE9FA52795202E5FE794A8022169602A9560E1FA7BA24AE16836FB01C0FFA3DABECF93ED2F162E782537DE62049C9A56FB8991377FED3ABD878F7C1BC9E6D073C3E960A50CB2AC076128E81442665FB307B62DBA1BA81923A06F2ED8AF18C9247A405816123669E3D2D9DC0B063584B7E71FCE41FCDCB0B85FA79AC5744B13BD93AD0ADC59CBD337BF7594C4D0309A8ED209E6E0C7FD3DF929D6DE6A124C337792A994454BD45667B1DB20E4E774D66B66648D944ABBA
T=0

[16]
S=$A814DF458
W=$2FA62CEB8464880CAC87FDEF80ADA3FC1055D09ECD97F36841ED81ADBE744487E36ACDF14DD487A4AFCDF38A717C7F7C458B3E7EE89E0DF07F6B8E81E9752555065AC2DF8FC4C66F85AC66559AB18224424B90A2B4DD7D564FD5AAC50DE1A68F458633441F86820331D1E17F21EA6DF7895CFFDD466506F844B5105329A69C987D95EC14B1DAE5E452041A13A4D785ED04A5B84D356ABACD741F1D3B410A8C371A6C5E03EF21FBFC109A555A6A69908
J=-$39520D69FC7E34DCA34DDA844CCBC5EF7479DF1AFB70D026B0F8491B28CEAD9BDD61A884AD51D0F98B2C142D646DE0AF2C3456CEC264A2FA0CE2B758A3CC221811BDC1A9230117108A77D9237490853A4BEF9E76437B1C537D208E64B2FFE9975564973D105CAAF98C701FA341840F45488068A5C79988AEA4441A77F625F2FAA8DB1BB1C82BBDD6980AA277C3EDDE61CA31483329D2649622E8AA539A902387B4499228513722CB44A4486C2296DC036AA4B2D842FB475D87F210EAA28D5824323C98EAF5B07855BE9D7B8C17EC5C204F185EB3AFCF92F035B18711CBCB1432910787EF5C3347D34A350D09049C74143BAA80A759683ABD3A0808F88812D8CE758E414775BEDD6003A89A7F96EE449E1A84C2370C81DD8CAC27D92F7E12E5B2904A1EB64ACF84A969211247931E6C6CECE619FB13CC71AD07B4C850C5B648EDE27C5CF4A37218352FEF0F285512CBE49058D1B3141B17EA8C3DDE9F5E989
T=0

[17]
S=$2B00C73B
W=-$20A1E415C14EC62E6B8E1A5C020DD0F04CDF142B87686BD034D4AE3B3CAB7A20570058807AD8FC17746B89C5DA305880B15E247E0D7CA0EC31C1FEF7895EAB7BA54FF8A926FD51324390ACCEA118DB3C2769BEE81E2381932EF44B42BFA103EBF601F895BBCAA7B860FD37F723F6942FA4DA70BD82740EC34F73D5E562872983B0F77CD3337D542B2C69681277CEB6CAA0226E980BC81624427A5F51BDB342FCB738696DC13119233A78C670467
J=$380D3FAB648174E65FA0EBBA37FB7696893A0B2A7B21164A1A368E49A5C09EBE50E656722394C049FD365E601EE8E21E815D416173CF5F46C480EFAD06F55CF93FE4D79E2E2DE994E4DB4E7F366AA8987A7BF4A31006B727DEDB429ED2B8FC1177EAA6F35727815276CC98D7096AE0CD2EA153CBE08575628728A6CFE523E782E182F60DA934C638872E40E855A098EDF5CC560C949D5226AB45BCC455FFB1CE092256421243C1EF30252ADAEC2E54036A2A3550A7C980179597C6737D4E9704FD0364BC836B9F55A6D1B3CC5B37ED7E855C8B743390A441C9CFDD1217473A43B185AEFEF91A98164D593389D00E4255C5AEE4C8949E2482642E1B5503658F8274991BC1DFC21853808D50DFE9BC17673605BEB14D8EA01C94E509B647EE94079469BA960A499D9A689D4E870A487323CBC93485BF603A0D0CAF046E3982752A577B91A839D5F1C421FACAD7CD682B537233AA64987C60BC7A3E
T=$1

[18]
S=$3F594AADEC6
W=$35A14CD3A1AAE7EDFAF58468D6A79D68B2025394356D4E49DCE5E5CB5C79E4909AF9A81A4761F299C2E0473742ABFCFF9C457D39B9C16D6247F95FABA8914530DC487125DF50EB34E10D0C6C7F5B55DC9063C5E1E12929F1652954496267AC236222C9C6051945639B6D03F40DEA15E3D18B4A9179F5748431E99BB2CAE9BE3227A6847D0B5DA354C96AB58596673A1662343D660F52C0CBFBB9DAF3236CEB3BAD31394DDB7CD025E3C55DA
J=-$1B542C9C4324B18C1249993C903400A57AD7B1F53DDCEECA736AE0869207D3052C8EB6907B6C6962A1CD94EDD9E4410C400AD1C0A304990A1AA2BE24A00488FEBF61D239FDD4207AA45EE36B8CF97D280696D2A2E4F0A6A1E3778CEAE5229EE47F1A57AD1AC6388B9AF5BD42EB8F15B6A534887CA9C750B4E294EF197AC9A5FFB48CCAACA26977118051CA40D01C40394D126A76AE0DD10146B403E13596FF0927CF709CDC096423FE8FFE78402499681E70D79D279CB2CBBEEB666255B01FC22590299D3F4D618690B7BA3EFFAC59A5EC47E4252238A2971251DAE184335DBC11967F129BC5E750062427DE1B53964558FFA999712CE80B7AA59011AD9AB9E5CF06308B087E98078E423743A48B22923D98BDFA954CDFAD040B79864C1920DDD4E09358D75775D93FD3F01A9A65DA8AFC7A57E61462597D7CA98886BA47C69AAE1A723E1E8E956033F35AAF77D6075632614B6639BF5
T=$1

[19]
S=$4B986B093E0E8
W=-$29D2CA0A64FE1F54FCA0AF555590A38150D1B41276D1AC888E1EBB11DD51963023090C223E5CBA6F8F6CE086F3BF3F4DE8549940041F7977BF80CD2D93B4F410E73FD499C89430FA389543F937DE5916F89B9C27E67F7D36CD6B1CE17E404E7776DB760CF538DDDA32EB9CC248748DEE28F16F5457FDE6E1BF96D2FAF495CE69A65BB158B6DACEA19C60149B3233A7459A235CDA431FEB90EA029F6C6F3BD9C68D8543EF838ABDA236
J=$83DB366B36B33FC4DABA300722835D6E05BFAE060EFAD3D5E06C3A2005CCF8D6228491D205E56A05B192ED2AF1F3380025E3B0900B8F10C503ED33C35577D105C3AA743BD161E4E8E9363AE12862FC6514C5715783AEA6C773FAF923E37D617B81C378F6A5D5AF4E36BABCFAE7D3F6C0EFB0FF4EC87DE1DB68AE2DE2834EDFC2DAA8563226FF699B21B0DBAB9B1E81A45F056861CA8AA1EADFD569145BD2A0BA6A9A4FAB48EDDFAF7977BAC40E17E14093D12BE565E34EC8BC447022BFAF996655A6A2C23370943E141F7DDD72F4BF03EBA463ACE9CC1F83C0C14D487F681CBAC533F2AFF8120CB5A11FB7FC02883E1209948B2A7ACCDE711C4AE96794B3E1865A0C153CE8733E534396BEE573FACDFE1A173CBDA2A68AD553AE2DD031C98511C502A65F76B00815E02B62B4814C3D7587C7FFDDCB0DB4C39627029554988DEF6F063218E0E060B10A573DDF5600F6B220
T=$1

[20]
S=$5A239F24
W=$8647456260031703AB760FCF9ADE53B8EB7C501F78C9E05927BE91DB70840B2E0252131E08C60804D1E0DCE14ADE02F4D5B1ECD8A85E2D08C8FDF9AD298CA803B43614F8C600CF7E1B1B83FA451C68265DEC94664A33F2E41E0D0D75BF1D9BF6421D104F19860E8967814F4B12E8F9313F65BEB6BD9EC189A5DA52992D64050FD5AC25DD95BA6915F05D55E196E8AD5FC7F5FF678D11144359E7957E1B2AB41389872A1F9EA
A=$1
B=0
T=$2

[21]
S=$144F0D9AFEDA
W=-$16E10108E6359F99F5E60F858F9F3526B0B8CBAE4F326A2F3C9C01F4EAF831FDC3114F57064021F549B4065EF29822F01BFC5ED739026CC4D535C926DCCCB51B87CD16AFDAA0585EE467864E23580D36B88D1549D87E7E7FE25268BDC2EEB34887FA050A62D30D2C715323225EBA6E57D85802CA710947D046DF470E804C242A61BE91CFD19E763F86A037BFC8EE3FA6A9AD326FCBF69C28F902A8EFBC527CA63D94E8BC
J=$5FBE01DEE4294AE1EA61247FBE9EF91ADCE2F2AB3D964AE4ACF921819D348EC27E85F35AF124832F52B7861B63E3E878DE774411BAEDC940475BE2D2F098C6E7C1708408D6CBD7E8B5A40155B65180FCA81B7543973551177B321AB92DF27A9712A82BDD2B406B623693064CB798D44DFA0543A2A677746B6B617180404E58FA7A09DCC4EA4A6015672162B0214E87F156D7C6D2CC83FE4D436DE065FB5FCA6F4006DB3839A460BA12539F1043C443153963D442E96A1FB202B416E0FC178D4CA0B4A8C58659A18C1C9BC7619C42DFE38D299684747EEA8EF7ED73A66DDFFE88F5B780F3DDEA0C49444F410F5556E13FF18FA28E4DEF1B2F8F7DC3079B6E0AD5838B11F562EE50C8E7F89F8178065FC61D84BA8218528FD644CA7F87AB4ABBA836EDFE372268279E0731C2E40A7E5F2560199132DFA1B8A073E671075ECDC1181A8272DC792D34
T=$5

[22]
S=$751CDB0DB4
W=-$3D2675C24AAD1EFB28318CBFD0AB16A3215A49F96D292DDCE42BEC9A74E5E1D7AC3F454329021EF83905EFCD40A3431A29275969D636763E3EE4C909A80991957BA0F8913654C5A756D51CB8A2D3647979EE043742B43A41153B665C719299AA08B7872310BFB0DA4F760E85142A7375E7A6B3A07F97CEC2DFF08702A672137EDD2AA5C5AD8E0B6E858D0AE8FBD6CFDC0A4E0B9F24A55E6A11D73A28F1223C4FA6
J=$54EED7A173AB02526EC741CFDE05ED8A0E1E718FEBCB235446A7A658AC16CE3E94481F98FA96AF4CCE9456F1FE37EF304A378C27FF55272D0721AD6239BCECCCB11DB08136EABA91A4E9A8CDDEDFA29A5D13C8B2A853E447CFCE8FC3EE1976A1303D82D462565A97E4342AFD47747F4F9FCEBDB6B14F44CC735C19ACCAC6C0A00013EA77476690145E53B6200D8932825125C0E6545F2BD52B99EDE7E9AEF40A559250FAFC56C712A12369A861B85F11F0E45676395DB72E13AFC386F5A8188EB6C34D21345B79AB03D7C1EDCC6F6366EA80E426499401D51C041096112C3DCE6BFBADE763DA0C25A9ABB008AC5E939865BFF427CBB6CC05B9A0A5A3007FA38C474388FC7E4AE2DA3739E62459BF0E362CB735A7D683C665E4A47515B1C513E4CA08E8C5F49455E299143435A259D4D69E8E11C5E2C5C96AF3AEFC27074C5F13E69
T=0

[23]
S=$846290E9859
W=-$BBAF0D7CBE8FCCC6A0E1EDDAFF288500DBC8508EDDCF14125D92BC0672403D7E84868E67D1B8B148967CDE15D5724FF7C7E409D7131C8A1E15AC9D21F935A661A183178E1CF326A9EA310F12AE5D4FC90E53B82190E370A2D4C9681A0578CA9D098A866CF810BA11FC25C4FD9626FE7B2E01A1F70E579609DC24F01BF15219AACFB5E5F04FAA403732BE7E404CEC856AF5977AB963E4D99D7F60DA92C4B79
J=-$CA48246307DB3B82A61C1BC44AE8359AA8422BE543E4CA1FF3F6953AC25B75330FC7CF88F421E2310B9E18CB4C797A74DCD9C6C91781FAADFE4951D94E7766C860BF4F8CA40A9669165171E062354A8C7154BF98D6990B37F3E23E21DFCCC2F4F5884B9D17F65FD934636EDBFE70F273203B458AD81288A0C04A3586144B87010425C8265FEA0C6FBC06BE6BBD7170C411E50F5AE5A7147667F15D25804C845C82B4B83640B7F2F2F5B20B775632CE4205AE5D4B4411C003C961470A693D7296893D2C6560772A44DC551583D43117A5625A37986BB0A4664293B14A279D81529EEF45FFC0425D345A96E1318E7E19A23E9FA69283220D045E4CAB93AF5E3677C9EBA280BBD3E007DD3AF927AA2BD0F2D2AC1E1E7C908603DC287DCFD70FDDDB9ADC7F39BC85326F87FDF0ED2853B59C712538911A807AA9333333674
T=0

[24]
S=$41A0A61B92
W=-$2048900C1FB0B9E325D31F09A9CCB500A71184CF92234B8D31F796B34C5685B0AFCE18CA5BFAD3228DE55BA79B09BEFC2621BE514F4661DCB8180171D7470668E3CE90E87C2CAA2CE7B5527158DA381CD5F8A4C0DB3CA11C5AEB501BE83E92AA33065484B71E3B418B73FE894320CB992E4BCC441160C7B0F9010438A6D0B78601868593837855A868D796FF19FFFA673D0847B7073B7099BD79A2FE
J=-$1F64C4B62C6BCF077D338EC9536B64FDEAF1438982D8B2D87CE9BF68EF72D21213545845ADAE53C99E3ACDD502D7625676C2CA9701444D41C9D1A49F3F3F524072F0311026B9B7BA30B1D34DE9AD42F3F548A6CA6A3783F3728029ECF50395AEAF594BA7B1FC386FDAEFEAD284C15F375448BB604A68391E68F2B0DC0ADB8315BAA2BA31B306099A7B699E798DEB9BDFDCE8ABC701E74756E1AA08E9CB3AB167475376142AA25526BB8D2D525C4B1DFF3454CC7F83FC13C3FEDD06BABD4745D1D9320A2EA368FBFCB5B7D22541DE61D8207A6F316C1A49E24DC51AF683F8BE3B977A9D876686DC1B712DE3538E079143CB8F6D99242B66AD578674A3E2E4DA18D62618815DED5955350CC595BC1B6C4D9541E5127B783A1B2D426170D55DD575F321071A1FDFEE4C8BC51BC9E4981852A830EAC5ED7ABD5
T=0

[25]
S=$247940
W=$79086376E581AD49ED020ADAAE92DF51D74BE05DD6882A8609CE8166649F0C5BE27E894E8251AA3B7C6B60CDC102BCEF96583DB8A8814ED2D0E335393DDE7F7E2867B5E872C7A3C5BC0BE8F89C519B61EF9DDE64CC2C127C93A7778BA29F7E759E15D7BD1C372EBE8F45C527DC6212FCCB53203D252C12E3926EC00F7E0A2A9E029B8D28B071FB6BF237B068E1C6CB8DE26D536C6575DEB1E42
J=-$4AA954CAF2AB6803607F5657F6C8B01456B72E824F2D68305D4EF65E55016A52C93019A7BF03A19A5390021E143E2E5C204FB62A5BFDECF9C5FC185882548BF109498A8711F539B972DF436738255A3166000AFA70A0C12B37F101B7190481B53A6372731EFAF1196367F89664DA17B70FC09B33E49715282A42E4B33C7CAD1FD0A50C8B3CDC8B668D580D23D3B8AB8EE75C834129D44407430CF6F460E166367523658CE5F27EA976D01BA4E89A4568C3BCACE58D0DCC7A7906A076E41FBC50FD12A672D7B46F43B31092AA025089E75050C376C8FD92068C7EA25CC73DDCEFF980FBAFE4144D6B623C8C72AC990BFB1A9327DFAFBB5B52F7070FFCC1ADD02E0AC79616BF96D57C6B02F53DB0547F2235211E44C037453FBCF816BB0067AC0EF17F4B544E8143C878778CF6A956B7FDA2728
T=$2

[26]
S=$57F399BCABA72
W=$B1E38F1933BAE8156F2E13ED0A00EB69AAAD690A9DE0B36AB753329BAAA38F1A6A7CB5E9AF57C262C67A2AE426E9ECEA9AFB32635F86CBCB5BBDA9080A8B0B8FC6BA1D74FA3A93771E7C4BEAF892BB6FD075AB48FED8AE87750FA707D8B5F5E6B730987C8C3EB1872E71206714798AF1B1895AF5865C21C60C6EFACE4328FAC797C7B3056DCF258BE4E9FDA85E2EB6FB2D65A4EBD8010AF8
J=-$1E5E098CFA7575CBEC3DD917C4ECC47773F264A93112550ECD244A7F4FE19079E26FEB21CD13C4FA97C4C78CEA1FEB712823FFCAA3209782D8A012531FC0ABA7CD10214A7749EBA591ADD0FA4F074A634A158696B7BA54BA7CC7D3AFC71B7654BC799EE47535F087EBCB1DBE384725F87047A583462D022344CB990880CF33443F3FD9DFAB89638D07C8F2309EBFE4000561CEFE1D2CCA718191164E5468FDF47AC4F2BDA1938EFF9A8AF1491D56CFCA67A33C96F70F5774D3BC0E9AA7BD736D08871D70BBB8C86C4113B43D24F10FC832A0EA741B5CA599969EE392B87146BCB0FFA60405B5218D2AEDE0155D88775C120410E8EB258A91AB18FB71094F80330AEC1A85F627647862797DB67DB7FF42C7D5C0A9D6DC5C780130E4AE831A15838E3A6970751A2E4045F3B432B8F0BB7E
T=0

[27]
S=$857E34E4
W=-$DAA2BB8E077B8EEF9301C448CF58C3474EF2D3EC2F4B816BE07D86ACE7F64629F1A75564AA120E7F7DF2C27C719D21E6CAB3A0A22A5F4BF4FC1526719E7431D884E99A52C32E7806B0060C73E2452CB054396BC66DF533A6C43622051F4CB52C69BF89A89FBDEBE9C4ABBF9F4BCA22E4A1A8580AD4D1E9F7B41E36D3C31BC6AD98463DAEFAECB97B5284F3C892D96B765DE496A0
J=-$5704BE4595468BEC549C368F4CC06045D916320B273D7A990FA310AA1ACB441894BDF5F8500E78F5984E644CFF42D3EB71BDD43BA85F33A68F133950DE213EB9585AD33F4F0924B33CCD3EFAE2AEAFB98611312179028673C130E0E2513861FDE1B1650337D7778093C20D116DF1FD24461BEA8657B59810228D921BDCFF5C73D82AA68926DF7A631C182AA62BAEF05122FE15DB12B8438493B5A9D9F52B04D1758B6641436F674959A44338A90D949B350F2D2AF05025005B2C42B9B687AF4F2F8C8D50905DABF131DB18AC93DB56FAEDC79CEC4FD6AB71FB09AC22C2E721F42180B089D962FD0FF64DF339C72C09E3643FBF8D09EF6842FCD337F238C3BF347A45D242AA3D7A4CB09C1F0830D5323C9B2C2C3F3529EFC8FAF0EA4C87F72BFFD006315B7978C092686
T=$2

[28]
S=$DAF1F9
W=$BA5548A49B9E361D14DB0330DB8E9506DEAC97037E9D1CDA1230C4CE500E4B8D329534AEA7D92D65D820EB6E96EA2D5DEEBC86E29AA498ACE726D01A5425B8E36AD9ABA5F25C6A1FBAB3CC6EB748C7F6EE4A682489253F86945317C34F6C98C28C12336BFB903CA8D8FA1060B2DAA757AD25C8BA337652D1A45D3E42122E4BD67F0083862FD94B709FA0FFE6EBE3D61918E76B
J=$BABF075DBD9E2620B831345B6FCB363769F07969A71542F9B0D9045603F91AD42B5850F3CDAB8224EE315956F4098DEAD5249B1F2425686DC5DB9DDC91654D9DF71B3B54C2B8AC36C7B242296DCAC87D21E4A44F79F2C08C8F102D35F73480B1BD13B9F7D5FA1A2AA10DAB04E84AFD2F06F7F75C74885CFCD7A2A7B3A252870CEF033984D52713BF697A4160322210086274934311E333DEAEDEBC1D1C01866A026A453D2D608CE8A3F0A03970F011D8CFDB742BFE8C033FD88983437644BFDFFCF07D02523FD6B37122DA3A6B1ED335A208D8D5FA7A1C558045351745F7956895A54A15BCE55A0EE66BF280790AE3FA09DC085C0F49A7461427B4D9907D621902FEB88497310939BAD7BCFE2BAE7C173891E839173EBBC6011D62ACEF39D02CC39E027AB43
T=$1

[29]
S=$5CFE9CACCB28E3A
W=-$D05616E9979431E0D3B723D615B8DFC7705A9B627020BF116B445DFDE796A4064702CE1AC8A4A63788957C0B9E3AAA40FDD3A56C7EF24D1648BA8B0FED1C8D25ECE7EF7ED51B2C1578F687826D150A858225F0990FDD475C64C647A486F868248B0908572CCC10FA937037F46008A30DAA311AE096184AC7B866FFF1398760CB695A94B4915D13B20B430E8551E7DD533F8
J=$115BB1E134E7194274E71C75C1EABCD207D11D9E05BC86C7FB1F0825617B4FE8EE0A56362D1E41E26A2A46711A9A65571F6F77070FA91D1CDC559EBF9DB98C4F4C72CB2F6CF22FA582FB4BC5EEA29A8391B226A0190BD7528E596E092E0E09D375714596E53E0BE238DFBD71CE287A1CB3F7C7DD2439602DB50B7EA857DF5AC02F3EFCB071CA6429494A9C8655FBE9931072384CDD7502E30AD5ADC3B32473E69DBD449CCE1C6BE3541A10C76C48C0772FFE55AE9A5B90D798016F3FE65EC6CA1657D0565F754F7A6D9607B7AB3C86B7AE2CA16B4FAE2A7EDEC19545D67204F6CE941826D8D36977DD2542F850C6D1EE667685727670BF5807D26BD0E23F28D751A8BEB0C6975A2D7DF77CB11CE665DDF5328CF178236EA96D24C3577E52C33B870841
T=$4

[30]
S=$3A82052B18
W=$12B23CC8D1A77FE3FBDEE99F2C109AE76A80444BC6AC0AF7BE2438A2B45E4F7B79E905476ED3A75C6B1933E2325BC6429AC2B10E2DF38803BC7EC1FAE9FF57C6489D7D3573127CD8FF6FEB2FB93DC2265E9655709E9C3B6B78E395D4A08FA3540687A5D9960F8C8D0D4ECD7C23BA88B074BE2FBC9A398D17BBD6FA5F6CC0523992417EED42A7E2F23F00C6376B66
J=-$18D3D219E9A46AE55CBD7F7C5E132B1107BD7CE9E48FF31CBF6733181A0F7F2C0A5C8D326AA72950DEEDE27052F2FD3A09585F32286B69AF50A1E234631DDF2A0697C2B1D99B577B2F004FF2317872305FAC907EA45694962DBAEAEB28EB8E432A8F264DCB8B27B60191C5BE624B2BCF317A0B0FD1F2D34FA1805621F444567A2F23EED5AEE43B7191F4939345673C9CD4D9E4DC2B6DFD83A36484C653E1BD33CFBB60A667E1C273176485410912970E642F184779275C779D2A03B402E86AF6881540BDA431BFB976CC231D888AB76A3C5436867CB854B08E5A3770B24606133A7C41E81AD5BBF9B35C4F6CFA0844A40AF0E537A20F49E3065EA96D678931288D73CC2F3DFE9869FFB5CE6DD8731BE143349A4C8EB8171EB62005F
T=0

[31]
S=$23FE
W=$9B829E138A0EB5C76626C7C9E2A34E362BBC9BE2C6CEA6C6FEB715D63C5FB2652A7A979DF236ACEB753E8CDFF33C403C20A78A34B3A7A24F1E96AE092DFB40616A2E4C7E713FABBCCFE42C475C3D4547E07ADD1C453CE16AB79679F165B26C4E4FFF03D21D21B4CC6035F34DA458260123616CA106C1E72277DFA6E4F8322CB976222A5D0D6F294DA8E7A80
J=$788DE7B8EAA1E805CB185ADED062D59CCFC8000EF7ACFC17DC6C4B36B2109B0A7D31C4349FD7906A0899A2D388C8EBB026DEBFE99D296D4FEE057EADA43091067DA7DDB14A5C5924C016A3EDB2C01AF81E2A73DC02404B707B650EEC98132030D6A4FF7F371DBA278B253076590C1B42A47B222B4F220DB8098C92DBDCC9D5AEFDE813BB08ABA0CE1906680CDD7B7D0B03E378442D1003784E9C9161466B1DB6C48A6EE66F8ED1F0CC7D753B33A105CB367BFD73053CABD7001DB12FEB57DDB5E3E8E42C68D237A2B1B034522E468E54CED3E9E4DED5866BA1BD29ADBD0781C0FE3E3C25859D27A1ED3D2F9A1BE6D2675233E7D0CA62AC779E83E9EB2D738B459DC28D4BA17AFEC2AF56342AE087D8A3AE526B1031B8B
T=$1

[32]
S=$3E59EB
W=$1F5B492E7E96999E27244E269F6FF029DAFDD030C630EEF24D7A91C594E70B87986A05DCA3D3A58AB8B7FE48323ECC2473A5D374EE4D9A507D6443933191A8B02DD04D543F46241339D6425E552F7F6FCF580E7698523FDE960E17E997D45BDAC29C75B2758A46DA3BF8F4BF93044BF71E99478A362107FE55334E7F0034C526D9C849FAA8D9BD3E6CF245
J=$471BC05084113BCF966FF7F59FC19645348A3860A21FAA708C8A283B24E659CE59A9A5FCFFC90254010B54C597B4D8891A28B327297B7A600EBDF3F22882B1FC37AD0C47BE96E619C1D24B566A7CCAE3078A372A3A69650A958532408FDBEFCB673B22058D662D9BF5BAA06DC7E511E64A0F38BA037B665E38C9E2270407B0F84349C65B0D64A35EAAC82B9AF5057AB1378FD241A5F2694B4547F5A1FCACC033FCDE1D05276182E4A681134CE2CC7A4BF245B08B2EB6A861F43D9E4F7CE414019FB42534F29007F03472695595DBE6A1D1F989289003A047522B31455F5813F5F51FEE48F31539A91967876C279C5972AA5F853FFD945D4DC4DE71CD022F7B9E99E8AF0782C813F857BE3B0C06A0164543D6FD6A77
T=$1

[33]
S=$103BBF5F
W=-$364B1CF1416DBA2E02ABF30075168364BCC0E28C41F0593D22C426E41440F11DD95D3472F39C83467B6FEDA1A0A95E2CE4C6723B8C19A2F14D7334AA020BD971C1DC275883FFBF4E3ADFD1450FDAAD2C48F4226FEA11A76D988DBB3FE782707CED68B50671EA6EFE4AB0ADEF9EC04EB16E47DCF1656DEF91E3A8432B429803D5A434A9102F4238904B9
J=-$14E33193534A3670DF47DD9245AFFF2856F938E42768AE586AC7E4D7E1A5D8BC76D9E29F62F683AD9AA66BB1FF9318006186D3393AC819C47CE6567FC130314A2B22D05EE5F58E287706E6BD1DF5C6D2E8BA733DFAFCA82A91F989CB20213D24F6E447DF30B2BCBF1204E7B0A7781E65568016DC4B2875F5EFCC5C2D5607637C85490320EDE623EEB88F7030F6C0F830DF8AC2336E940285DC4857E0579ADDDA79B0B3B1E91875B6DAAD82D1BA7B0DE698B44A5BBB136D4A67D8934B220AD8122F5A17D54EC79BA0181B2F5548AD09D227175BD56D232F415CE61F149BCD3BB99244C064774DE8E728972BB30BF8342879A78C1F694999A1EEE8D18778D72C46CBBA6366E6C7277B787FB66072E9E78108930
T=$1

[34]
S=$143440EA2C
W=$1A8C1C2154DBDBAAA316504565498A3FC44F97064413AC34A110A3182D665CC985579C660CB04BA573A452FC7873F5363A4220B69D48BE5697DADE1454C5D6873867F2F6A750EDF034814572B489FB6A5D3896A2117E6DBAA42C87DCA0D72B4920E17937846054BB4B1247E80C40330FB761657C97A45805054CEBD96F20BE68B19B1DE10C2D5E6
J=-$90AF049E72A06625D158EF11FEC263D0306A01EBF6D2922CFB6A7C143A50A82A1858E851EEE8663A2164110976B6EFF3A084E7D4818EC2EF74361D6DC05F57AC63ECD5055584A88AED31FBA25D1107C97C5A7240931B9D90E4C52342ADF52034CF53D1BD16FDEF23BF04580C1982B443B34C4BE31A7C6A99B4BC5279BC3E1FBCF12D2B301AA3F7CEE72D16E1915AF50DB1E8EDEDFA668ACCB83ED3FD03C7E946042588876448C2548B44FF22D93C959AB64246D003A3AF3FE465BB8398F12AC14EDCD926F81819A273E7A8820262ABA032060D7068D3E8F6B563CD83AC394E05AFC08B10B56D68BE80C3B3CA5E3F685C0F4D75952F346970CC1B118AF372A8AC9F40D21E9119669692A303E1E60E1
T=$1

[35]
S=$1CD2E4
W=-$2C24091B67078034B79B9ADD86B0C3E77BB9862481C245FBDFD7881F77C173433C9517BFBCA5F96A2DB948BA8198509D6B946C92FD524E2B1AC6A05C9D31B39D4FC9CA0D1BEBC8236A4189938727468393BB510BE593034E9EC87EDB87310471564C515BC24033D973ADBD05CEEE742A683B08EE4F8BCEDABE405BA0F9998C9D585375342EA
J=-$B8B045949C405147CB1CE4312C2796A4972623320534C38437C9E24B7FC4ADABFA191335804061A562838474C17FE0C4FD4C947D222A8F8BF9BBCD378B6C9048C260CC4869447DB3D30EC2330CCBE83D9B9ECE7625DEE53E03D087B15C73758F1E1C9F3761EE6B729AEFA3D824A1DEFF68CF8754698DFABFB3ADDF2C94403520AEABDD9A572C8B83DB5934CAC5C4C74216557774A901EB0E5234794E8D41364C97818EDD12D963F97776F2B15E7FA19372E29AE17EAFC5AB8ADD5868BB2D7C84DBEA640C155BF4AA56EF881566D3CF73D9A6FC9818DA629AE88B8B979F079167019178FF3771849FAE957892A0BCF2ECC150E563377E6FFCD16DAA4809B39DE4F61E84E74B0237899D22
T=0

[36]
S=$3D72FF09CB2A66
W=$9766512CCC37DA0875A0302D11275D32BBB536BCED44CBA4138A328CB817E828ADF29451636A683045CA0C368281BCEB640A77F7B4E3B79404A889A8E45EAD03FE92D15281E9BD7890F1616B460D644F19D4843C5EB61BB94C682BF52C83FCB4BA5DF1E04CD1F1FD95295D2053DB66E9C3ECBB4BF2F5BD4E04C35720E9E46AE4F037DB58
J=-$5B43714820464F93DA4EB490F8336B5A4F867BFCA2DC21A0A4EBDB6B9A10DEDB0288DBED4A8FB611C5C016CED3CFB35EB748AC4A0830263C1D080B0F9004DE3311E2EC3904EF13EA6ED6ECC5E97364CB0120144515F71B36327616244AA8AB634CB6F3501E4148A8B41A0142E08A62816F7AD6F2350688930D6C7F4D7931487AA1C06846D2402FDE640B0C244DF8CCACBA1761E72E706E14DD1D525389628058E52A9E7187FBA228FEF657AA8F297920C06200B84DD1FF6E9E1465180C1A1F50BBCDCD784C79C59EA5DDEF0BD2A3B1F09184B6689C0FB2067295341041B52DC132C76358E0A4383D2771FEEC4746C0EB866D45E37667A9F642F2BC39329A39D75A63E56B3A4A179
T=$1

[37]
S=$278E7192CB
W=$5EC0D31FDE52C7634D4C7A00B4D174A55E8D656B9EB12D1240439FB7E850A62616112530D844B5E52FE26D1255510B46EC9088B08B153FF5B0EC342D66B2B08F37CDB8641F5B5FA364FBE8C1490CF161FF4753A7E5BBDC442FD01C3BAD41E6FB74A9CD46A7092ECE0EE98CC9B0DF4EBF4C58F465D06F2F4D0EEE6150219A9ED47
J=$2C8D5DE51A527825E94D8AD7AB0D88010AE007EE082AB2494A7C9B592E02C2E0437A7AF7EFD8CAC1D280282CFF0B70B20E484E226CB4A412A59564A8AD55F2F123A4FD01EA7A2C35F79600BFCEACC989D12C62D6EB25A421DF704EAB5A85B5BB75816FF6E5F553230B427D6D8683E9A101AEC6DE99C95508D91DB154B94AF161C1391499BEA37B3A0890E63636D74B3BB797D1F496ECC742FC86A5F26ADE1680BF58C93FD846F2EA83C595E6BEC305AB3B3BD4B0570E391763C685381BB552CAFD06D84CFDB3E067CE0EE8FDBF0A5D13C35A46744BE4442D4FCADFB17650D5DC3E929C506AA9E9447FF4D60FF561B6C7A8A359B5C1E68BC28566A6437C91D337A5
T=0

[38]
S=$104B07FC
W=-$32F100A4BE33EE451757B44E9DC614EFDE3DB684563DD1E2C7D3E2EDE35BA9202174918B88E4702567879712C20CFAC31EB07EF9834A5FE8FABE6175AD2B0C709CC6135C0E9419CDC86A50B062395DDC35A7F9C52D58BB8131469D859C8AAF45DA7CAB4248BCCFB7E00106876631F3E54B6D7C2766DBB7F54AA38ACADB70A
J=-$22863CA3C1C1C50EDC7C6108F612854FC8E4AF2FD40F4286D08B80AD19A775565F49BE2DA7C21C962F2B1B6F28241CAE4F1DB366EEAD81A0D6541B59475776634BBA99C74CCC8A727CF594932172D0EF5B5D7E98E1355DF714FF08CF1D70B53FCCDCE3A85D2562D329AD73380AFFE3847D13DA54993695F2005931092632BB740513C34E85BB8EED79A9371C411A52808888BEC10573333A14B2E96C23DB74EEDB73792F12633B7F6ABA8B138A29C40285EF72EB8C9753A9CA27D19C10D7A6A402856038599D3E8AB5EB8F1F685CC0229EC3C3B7E1CD0F2C0C13CAE06FCB645A39B331484D8D2174F2345F6CE49889AD81AA13CCE6AA0EA2B907CEB8
T=0

[39]
S=$A4083DC2
W=-$CFCF9D2FBD29A21432DBA2906C9C4C8B4FD51ED085E65D140944A8A973805FCBADD4799DE796563B7194034EC72834F1218B3F3EB2464B12BD69E6D8ACD2DBCFCA79FDF5641E02B9EA5E5D8AB6254F43ACC21C9F4E68074D4637156BBECF7A9EB8607CD4EEB8FC80148E36718E1E073561FDE18120C63E4F5CF845182
J=-$1596CB90AAA818DFF7A350D645EE287BDE74C3C05F6B471339D8279D1E5641967A291742F5C95D96393042C419EA2132C02545824F7F52E2FA2AAD3E9E0D9D0E236A49CDC65A13752A044139F3AC54B36F8BFE6B961CA3B6AE4A513A67B05B6F2F962AC008A3853A98FAB12FB45875D6DAE511BFDFEFF2E96E840326E58CFFE525914ED96FCB1BFE0F32215802A7CE274ED9329F8C18917A57D34F21B41AF550A4873E8995A07A93FFF9F57CD91139BF86AB9604D1F8BC07BC0C933CD0DAF767EA5E1C405A5D0003CD9A9AF27E1E72DDAD7A882529ACAB9CE6A91CFB784A771B945C4B9EDD626847A5A3B997A2D15E76807AC7DCDAA7AF9426
T=$1

[40]
S=$23A2C1CC
W=$C67E7BD716711A0A2A930E4FF1BCA4D0FC2B99A66F705DE5E622468B6059BAB419B5A1A3B11630496D60B0778FBD6AE545EE2C7C9A45286832BDBF88542CF517EEE54472A91CD464DCEEC2314244B6D3D2884503099222246BAC00FE980AB97DFBA6F8DEC24A4BADD394B6208CB70F3692AF928545E4455FC84D6
A=-$1E
B=$38
T=$2

[41]
S=$2408420
W=$2B7F1CBE2CEB86D1BA5B788E4444583F464ADF63360812742FC17504A016F71B99CEA8E0F28DB7A64C0D7431F65C27C2D7C9FED0D3300298703EF235998C94FC096C7BD70C4A3399043966D6632F90DD0CE9EF380C27ED4246B863C65662B29081AAC719DAD2A5C36AE17C8963664014801BC7B0CBCFE39F3A
J=$FBFE5310F895E458CDB648FEC1AA334A63C0E52755C10CA0DF52EC2876DA888428E682FB48F0D71BB9A8EDDA1C151B4C1CFF92355CEF577A0F23633F86F747C44B38BDD36FDC20C29A8F668A0F45CD2DA642561F8EA4141FDE9333C9C197DEC79BFA648209BA215A58259C74B32D212B7070D8D38816FD908E3874FF934F9D0DF02E20773847EF59010460ADA5B43B0D7D1532176790D6D03E0E2D55E971343444AC0E224B3733802CA6A5B4137A79139F51436D4B10149BEB7F1CD2BAA40C4336AE10571AF9383C2E96789B636EB0B496A64A37625DE79907AD2259EC41D78A46A773F2C231C49354932200756916632
T=$1

[42]
S=$23ABCD8
W=-$1004FDE4DBB4ACF5107BDB1634C3A6EE3360CBB5A8AD52798B0D03DA8A20390D6292430E84DDCC381AC322DF804024FD86406143682E961B902CBE1E8E94F86426C58F4DA01B764A0AB08BDF390EB614226C46926433F27CC6458739C48C4671BF82153EAEFDD32DC08CD59FB49141BBE90695E1E274BF0
J=-$426292DBE78F2F8A715DD51169693D624FBC3C5982FEC4BDE8AD37F0F487E14AC5786AD9AB9891F5F68ECBCBCEFE5BF17290B186FAC45775599D8D55E2C5BAD54283F9270485FDC698A77EE4F4A5E3C0E4ED16BAA7E0235146EA3E20D6CCD2349922E0C1EDF69F9136C323E5CE7D8548A5A4DC8C0E927BCD2C68B8AAFAF33C50605441D0AD4AF787D5C7EB7813955206F9B44B9CACFC90D2DADB5EA1A4B4F4AF9E78F895391F5FB808262BD30C0C140564846D683F7F0599B50EE937B2E4EA52CA9323CD48D7198156F408D248197637BC9722C5733B43F3933D2DC89F7203D12629213B60D18701D7C3A1540BF8
T=0

[43]
S=$B2809EAB
W=-$300F7190CC09297602ECE4EC75A8E396B43EFC5EE3E465E91071858F10637CA8AA698A4C523CCF03F0C1CF30181767288576C9F8F96A47BB4A371DFA28C093E0B3DE5B4E767D64FA85D0F1DBB9C8E9CB97D0B386C909A83F5AA97BDDCA727B5814DB9DEB2F788593007E47381B7975F2D0B9C473AAF
J=$19EF2D0B4C97111EFFA3B8F785A35F54923E6E87C40BBC5524224BB47E5A8B782335F2D6F3B94D1404EDD2218FD41880F0ABAA90148F2E84ADA9AA3558510CA7BA0D1CB39D40DEDF00BC432FE430CC46C439AD3185C82A3E8B1B5673023E09472466D37ED4AF092D52EE17F5B08FB0C887EAC3BC14DA0F411F27789236D5176295DDE667A90BDBD18A2B70809547185CE699E8A1DF02FC7680D5B163464385A3AC084F265992879B336D61BB86FBF8F4376A7A17CEC2AB497AB1276C9BEC728170645F31FA51F98636F97537937629C21DD66DBF982303E61B5BFB602B68F988FB6AFD532A01B42D39B732
T=$1

[44]
S=$1AF6CCF5
W=$41069127332CF798DCD4BEFCA69E9EE4857041934125E46BE140B206EE8946C1954174473F8E226A365902B312636993702214522E29FDBC78970C9478D3FEA0589E6F99C2BB25A4CAC2C6B2C8318298913241B435F334F4BB867164EBE6AD1FC466AE0EB9B0B38D0AA027E2496B022740F17AF
J=-$538BAC0AF86592F2F76645A8743C23420852777F1D85F1F497DE8F62B1E25A41590D67D6130E95C928C85218E101152985B7DD3D6BB9169DB029991CCB72CDB1100F4D8F0F27B7E38FFB163A39CD3FD61961B187E4326872F4A180E3281DABED9FFD06B7803DF6FB7D026F98D1D0507B451C29D6030DE86E96D7F84E296F45B29B5F0B808BA2F7ABF9B4313EC81F299B8B728B750F1E62F247F7CF7DAEC6B9B943EDCE58B9A60820A56E6FE46A71766DDF446A45863496CBD7B06E752D51BCDC48AE959628373ECEF475849A6133954002E48ED0F7CB21E02C6857FBC707F2CB580D28188B3C7
T=0

[45]
S=$144861CEAE
W=-$150EC96662DCF05477B15EC816FF03EE8EDFDED007E0603CC15284BC235DF78042BD51C95BD81602280C3E2F5004902A0C5E4CBD818F1CEE99D0949AF95433C230D3B205C5B56061C9EF1694B72AABC9C23353D930CC4FEAE9FB3CBE45EB65896F3CF0DFA6593351F00DD2132D49C29FE366
J=-$2B05B7F2A263684F2CF0DE9B3DA72E14007C84B275317F70CC6A6368AD6E77FDF748FE53D08C409ACC392FE3453B85C65AA08D682FA0A13A9E56867F473670BE72B33226EBB2E7F65AA86580A9227F4BE23A9D3171F00251E9844EA49826529FDC9DAB5C0B61F40E991CFBE8A8D11D77E0537958BFD47B3C646C53F9103C33BB0CC46B6EB1B200AA28A74AC87D313FF3614B3AEAB7313836BBFEE3AC14703F6EA4EE223EA9FEC486976D1F5B54DAAFCA89D2880191A017E10D05AC820A79A0CFC1080BDB7DC1480665C39D59F58452CBD00E3BCB55A4184C51146C97599665000D3550C
T=0

[46]
S=$13EFE354
W=-$1097D05C88EE26A113FAD2E128A23C9A68B9562FBD43D9DFB4189A5F4D5008448E06EE49059F320E9DF03475DEE8EF2780D15FE380EE17B8A2F12AD4C55321DDFFCA6927079F9495334C1DEE33782C06B0C0C02F6492041CA911D40948AAD3E8E8888EBE13CDC3E9E9DB0F118CAA2AFC
J=-$1496E35BF59990CF12D8E8FED1D88216D2C35F45E2817A140FD46E1190CB307F0F0AB922C8AB52D8BBC53481CE39458C7F154C955FC512BBF91A4944E9CAE32A2208FF189E29C7AB742F512D18EEE9068ABBF085827665D4D0CB781E8AA99A6FE88CF7D379FE4B0FBE8783A8BF315C80A8AE0734AF59914BC5F2F8F383B9DABF096017D0FBB114D5508FC968EB74B8B1A8D75E18FF06BB3CCC814B0A97CFF0C5C944CEFCE1ADC309B7A0D20C1B18A5FE0932DF5C63A0CB8EF374AD11F222B48BD36A4E1E66DE97BCDAEADB1A7EE23BDA26077251F2A27AADCF300D04066D5E
T=0

[47]
S=$1FDC21BE
W=-$2B934D89B2E4D8787E365A809B937F681F95034D2A55649D7E5848C9E16951B16EB368695072E48DE4FD6FEA56123B467EC8D4F3110C70CF780274B5143693EAA3B89BC207224A3FC6A4868DAC6971D2E1D974A0B44CE1444512FB92F840F062562458F1C9B6AA9819B237790438
J=$1285841FEB65BC3591B836CDDE8942B179EF17E0B2C7765A24E1040B1370711F8309BFF3C248C9D6C250D647D3FC53811A3A5A7DC7BCB7A987B3B99963347920BC30E370BB9A152B0AF714E2869EA4DF55EAC84E6E70D30D3D3010BCC15ECB6F2F53DC8466631CE29B96F129CB3CE3389554D10C7A5A84477B7411F38E280E5F4CD41012FF88969F76D5751CFCF13B8648F4E46EE84512E9E0982B495CD6EC58495085724027CB892AA7C0D284ED7790943E5B86F70638D6A45B3CAC3114E15633350168918572194601079C2BAC696904476EF506B3605612795B6
T=0

[48]
S=$22082923BF88
W=$84B80F3101E1EAA5AADE92CD7F75DD3D586DC8909305B333CA098AA2FEB7E03C87BF2CF6BE0F78F0EBB864A58C66254B7381DF8CB653C25041FFE5520210763205E61ABE81B9076E24168CB7EC53734E91D1889EB324C256C09F07F5578422C819BD1B114FCAE0DF7FEEB28A
J=-$3D3EE72A7D7AE4EAE9B974005DDAD05AB133B6C4477E8AFC3507496D5581F74046B0A0A3EDA7F08E3B6E928C26EFBBF1546F1C0B0E6767E6B86CC0F4DF1D41CAE656E8B1C5AD1400C4B2FB767C209BEAF5BA88CAE3A01AAFBE6CA9499B0C364E9E65356AB7EC6DB679E6652EA22DA631CD47791FB85DE0AD7AB8322B8541C447C52E636E410BACFCCB519FAA0432DDD098DC2B08F5F107AE31F7D08DCC7E1EB2700B3C1A8E6A9F02A8823A8AFB607B01E8F669A2B1492EF870F2E44A72BCAC6052106998D901D2FA10A5CC88ABF627C424BCEC39A4C8A55
T=$1

[49]
S=$2F3AF6
B=$2

[50]
S=$1573EA85
W=-$1763FFA4CE6A1448449D3C382DB7597F9FE8E23C85178E80AAECD0CD90A25456B5AAAC0DEEC89228CB49E87B515FDA3169DEF9F0330AA180938D0D97997B548C1BA447877B2EFE4E3AF0F86B8D50DD4D4C68695EDC150228F220607F83AF03DA12C087BA13143111
J=-$1C122CB0CBA1407BB8A2EAA21DF78890D5245E523F6E78F645F64986496AC65CD6D149F559826FDBA75ED7DBF66A94B0173ABCA18A6E14C4C27AD0D354A96ECA9E68A03F03C9EE23BB6025CE27F964AA7D8B7CE76DA0919B3C33C2ED0B2BED663E425974B16257F85DDCD13DD050BF393EDCDF1F724295C89C6F70A89AEC452EE0FCE74CC0F63865A5DC1AA7572B5993BC476A4ADB7A6BDE8E92483F129FBAB2AAA9903C3634EC839E35FD5A7B9F055AA492705127E4CEC8D820A0DF65176C51D4BE26BD90B8C59FCCBAEFAF6D87B52
T=0

[51]
S=$BDAC
W=-$CF47EEBC0D3B5F5D3E4B291BA2B9A0E105B28E94E529147DEEBCA847E9D93567BA6B506591FFF53119179E0CD4A1ADE403BACE5702BAD145810D091BB46E115B4DD973C8F506A7B3B912F924356188715632030C136EDCB037E997B02E608DDF207C3542F218
J=$401C0D26E8C98355BEB6A3B9702F36FCBA3470B854C45F694F5E01F8B2199E9DF83040CD0C04607E21D094F052EEB620900F52AA0F354204D3F2E2957C08E43F9C226050FA17543C1AB442322AB6C4EB347EE0440FBE3722380C1A90F91046AD33B663AD2576BBF862D796E335CBA7E54728285748FC4A7BF011C8E2471A7FA88A1C2CC65698B499B5172BAE9AC1DE8AF796E8CFD3ED28BC01D94B3B5A9DFC52185B60F4772446019A1AA8E5C7062C8624790FEE88B4AE271C49C18A522256ED23419E5C00D5BA82DCC8708
T=$1

[52]
S=$4CC0BC7CD8
W=-$C5CD039967624F901FC8A68FE8C6F0DFCA1D8B16747398C9C66EF9D6CB4EAC3F1CBFA675506EC82814EEAA63E610A3BE210B82D659EE962F6DA4D55EA6AA88417F6A542C989E44D67B74AE26E1D8C6EEFD5DC416204402CCB25A038D72424E070F32C73204
J=$A5CA7F86736E55569D5D459C17209004CF1DCAAA8BF9073B565588734FC083F971D7976F396ADE4C6192F78F2DBB5D27B9F216665AAD728DEA5815F2284F52FDD1BB0CB8B301D05357FFBB5B059E0C52328788C928B5B2B8A3347E97E31D6BA65D416F486ADFC5BB8036ED630D2D8F3F71B7CE21E16E96441B299BC3CABB93B5E1689728C6800DF48B48CF42F44D07E11469BE9CD6EA230EBD4C258232F2E52E0C1EC835DF0F11C3C193B75B88D0E26B8839D044BEC11970D354A3CC7D6B6A56E195AC22FCD4EAA3876
T=0

[53]
S=$AB9EFC5B6
W=$DA309329D67C5A90C6ACDC3E8C1D42AB8AE6C65BAFDA98B9733B216756D26D916AA021E059F6A3181703F2524BF967E721985530A6F9E22F1FD8DC851B79E445AE65581E7D7EED87EA761C31CCC52B2EEF1C978D047ABC807F34486B67B364F373E62
J=-$3908DFDC4BD2AAF28E838655E55C7C980AC182E81E325EA6D91905D4780093A9BB6D69BD7EC741261E59724A484DB6A44938DBFF33CD16F362D312A203E668F28E5E94445D60FD7B4C9675D946B486A96AEB6EF5A4F2495FF62DDD35A304A97940E58942B4CA81C30939E040D3A954A768E1868081D7E077B06DA911E54923D325CAA0F90C411A247A68FF8579ADA6A2FB5F1BD7E1D5598E013E0DDD6973277A55C40A413CD43B89A1200B4A8460F9071951605D9A8CC61D88DAE2650724FE88CF1BB3E54B
T=0

[54]
S=$305670F0
W=-$A070FF5F6A96ED3773AD278BA1B2D552064BFB7E68E6DD27344604B1E5353018A4B9F01094D8FE111743AFCE4DFBA99501B9AA37244118C2F4860432BCAE24AE84E7CB583C997E3298A3803EA8AAAF50ACC076E6706A1B9047A72C83D3C9FF08
J=$6C32A2BEC16C20C7C2469D3BE6CC567B65EECA7C473A73D7BB44AD18B3E390A5E85B0F473180C8776F02C1BA1C016BE54ADD7EC996D64EF0052965E6A7BB358938AE63259D8BA80876801AE6806229F5BF11215773A348EF8267259DB732FE293FB845E56849D908F3CC8ABD86C18425778AB46762BC7A82B5E5D49BD828E88C0392A998B062FB45BADFF163B94B8A244AA05F98EFC3B12D5D6D6E4BD404153B64D84C8DF02D0E65D77374440BB8577D211EEDA5ABE77E8BA78C0EE7B8E2447EF
T=$5

[55]
S=$319CA8
W=-$156756221A7F0FE3D6A34E16D9B8A7F289E24770BB230FAD62823C5B8F8C26BF365AC720BD6FFAC5EBAE5C7ED74210C44046164DFCADA646C8F7813968E8E6515303FF6BC04D3BAB7943DA7CE033B98659B9BE5D82E22B36A3A7CF1C33BD14
A=-$23
B=$62
T=$1

[56]
S=$FD909107C
W=-$2E1D81A123A6D154976142EC9F9E8DCA6A27971EE198C6B691418BA792CA05CF7CC4B5ABFDE3B007D6A0F8C062DCDE22FD6AD5020E8A619D9F6FBC22B77933D3433E4EDAD4CA5A8D7A25BC51DC8F51E9DEAFF6E79A3C8E5B0C631823AB2
J=-$C99955310CB5DAED89908522805FCEC015C692BC0FADCB285615598A77D6B6A297A384E11B9A6BFE6BA379927B3BB47EA654456D989228E25671820B86CE2CE76D20AB0CC4F85CA1791BAE4CAE463CFFFCF6B9D384484611FDEFEA7BE64D2E8D153CD7CB3CBB88F0DAE6F64304AC4A220B650ADF5A22846EFDDC19CF1BFD05A0F11A09500D7AE4455F1D9EA75ED4B5F1C4974A92A389608C64F30466ADE550CCB565072F403694D90756311D78BD8398A568DBFB12D7D1D94CFF
T=0

[57]
S=$146A40
W=-$94145F0ACF102AFA04F4A8C744506C4A41EAB53F0230C162BF3D4CDBC6D50C3E5EA41D7CF659C96520687CD03C4E0F27E33B7026ED54D6DD11B4E7C8F460A2ECBF6CBD4172A0A9C6D3A3239742B7E40CD01473DE74D75120DFE4AE
J=$4FAC84346F9886F941026BF43226337D2A6CE9D9C7A1CF20384626C37A910D96827B5EDDFF04436F0A30285BEC6F9358FE15477AD5A1D6CB3E178F09DF60223CE0697855E4785B7721E439BFDA9A59F896EB90A848F95716F38725188D86C9C731EBA0E635A38C0C6F53EEC7D78A3A6F01F6AFEB8D56D5F1D4A5FB9D5F2C3DB003D7FF198A5E4766CFC95EF97D9F18D777E64059803E8F4AE0EA9729CC8230EBD0B71E1FF0FA98EBECF1233ADEB4757185C492239EA
T=$1

[58]
S=$204C0C30
W=$2BCE50ABA80B881948C1A38959996227D0DAA0E49C00860CF28441B96F7110533EA0632FF7E462EA638684743A902641DD020160E4CB1948B217BA60DA68C62F7181B734F0E7021479FFF1564779B98BAA721ECBDA66AB4193C2
A=0
B=$5
T=$1

[59]
S=$8EDCF7E00
W=$75BC3B2D97967CD824B21E65FE488A646A3747D6E71FE6B3AB2A664E575ED6B6B6A0D600C48AA16736E55F9166D6492F543E92F06D01F22DE92D9219F053D4C60AE1BDE1A16D7309AB71346B408B2908366F9862079DB32
J=$693F722664699C49A7715A116B59093AB0C1ABC5292F2D464861AE76ED834DEAD9B8510CC269765A692036C1A3E850124538C9758ADACBC4925774B3B9CF82F5D10B73F6EE8FC1B04E9F415C71300BFEB9C403F54B8F8A4272101E09ACE2128A2F1DE38AC8FEFA42BA9AAA4DEE94778FA319FB96EEA4D9FAA4A5E3C66B16FF2D6169BC92D61BC6951826026C5AE7C77FA564F22AFBA7154810D4D97F60ECCB604CB2197D28BFAC5529B6423DE4ADEB6
T=0

[60]
S=$30A6EAFC
W=-$1FAFEDCF2FE743BCA486BF965847A8F4F41065E2A3A11566277AD2362886A35CBA1B2DDC0FFE4AACC14329886269703D74055D30A8C40E4AAFB913D5FE4AFF9AD71161DEA2B22F4BC234BCE6B8483C34C61610DB676C
J=-$88D9A92FD9CD530F73C4B237E68EB951283F61FA448AFB20C8CBEF79FF554C97615E7B87A884FA35864F2DFA1B023EF116047971467A4B7C4945EC6A4005E11F02214352D19F687DAD90C118D472796DB6C61C6D62F579F2402BCFCB0155BB25D1273A26D9F1FDACDCA6A59459FD342A40CD2721B1A610EDB38545FDFAC7E2794D0051C6F0DC9E3C11804A17A576B07B2965BDB0F6E43C5189BCE5359E796C7F9897E166C407FBB03C4C04
T=$4

[61]
S=$622C
W=$3B49B2F37A3E5FBDD0F749A8364AAF91C460F872A11F22129700723DD4A4A32EA07C81243DBFCFEDB8FD68F5047113E0A5D12126ADB7710A24258EA5D10C2F3BAF3D7F2AAED8654183CB75F437654CEE5385A38
J=-$27DE71150B5CA1795A45D13CB9A783C40A6BA4F49E73F336FC8BB62E63C06981CC26C049D3E7B8C5DE0F62E389BCA3ED6CDB50A13DAD0FA093DD578E5605FFA7151CDED1BE3E2FC092F9C9A576767E5DF5B6144C783978EBED4F250E69C322204360FE1B419A38CA829F26EDE792B264EC67D3A83EAAFAE532D4D080A6F723E7B7E9BDC7379A979E4973882F981FE599FAF922D35526E78A6ADEE206F6ED0584D4DC17453468C10
T=0

[62]
S=$237AAF01
W=$8C225B626064DABD7C2A14704C2C484AE76CE9034DE3224522F851D6B1B30CC037456F8ED3AF115DB29DA6BB21D6972B1129DBB6D254AC72D611FDAE32B502334ED3626AA1F5FEB30403B460C09FF9A012C74D
J=$4A828D01AE97B2C32CE73608F5A83EF1B3CE2E2C9559C03D9BEC82775DE944BD7B47D40883D59127D00C18B6E1401A1E4BE8D2B912336555A78B4AB81506C2001565E6091330EA1B2F0B088742B4232877FE010B81B6BB6F95CDAA689C2A24B3EA5BAA131EB76357AACFAF7B458A4B165623EAFFB42A15F3C48975453FA174809EB0995380CD97FB386C64FC31B51444AAE0044D8450D5F470402239B5BE2CE58022A939941
T=$2

[63]
S=$56A5400
W=$11726CB885CAC462AE4978C27102BB845BD18BD71A01A61F5EF5B66782EE6C823EEA33BC24413D3A2C9A04984B380CCE2424B917D390BE7DDB26681C8642E6E1E0DB29C1A9D08ECAC9CD3F98FE03E443FE2
J=$51E29B72BD23967B68FE40AB1A11395969B37DF5ED8D47617EC9A6C653FAC5E751717459730F2A3EE4CE5828AB07922C333A27770900BEEB31ED1838C36407BB44D16B9B09719553FA88D4A359B9B5BC0DB8928F711ABC8C28FE3EC1CD56F9C53A7C7D65225AB8045ACCCF148C1934B0FEC3970F8C43B569175CC2ACA1E8D3C305C61411FEE5111120EA09A7E6907A0046ED5F5CA7EC1FFBB9BB502944BC7F48D519
T=$1

[64]
S=$3FB7FF1002
W=-$952C990821905CEC924D149F119F7C99D3217BDEBB3550553FD1A80D4601FB603D9966BEF2284974DDF4849AB5B77F90B073E2C422EBFAF64BD63BA221CA914185299855AB92BC26A22895DBDDAC03A
A=-$1E
B=$38
T=0

[65]
S=$258E15EC
W=$B1F806F63889A9E9CCD135A80049182E66D7381EEF5A45F6FD90AD66CD52D749716DD450F03ECEC579DCC309A4A5049AC36D13AD54D4A91BF30CA3267F51F495CF92629E3CCF950DAD718DECF0
J=-$171A88ADFB7A2CBB839CFE9D624737D3997EA7CE4E5899BAFEEDB6E5453DB842BC520A7BD0EEF1B7C4AA4BB003A3D0A29C969D70D7BB0EE6BC2B5C029F9C84348D96E81D8A0B0A8DDFF35FFF26910B36A4B9F5C8AEACFD8D2AD5DCB9FB75F638B14DFCCEEDA7C3512F4BB2AEEB0A9884CB398860066C27991ED92BEDA56D0C57D5F933287324056751C93539F1CCD968D836F14876796D131FB5
T=0

[66]
S=$6E378883073E1E
W=$27FD3B49CC8951753F51ADBC28A9913110B1300C847D03B7FC438D09EB23DBDA5508ACA9792586C0FFFC890A4B94002B5CE94155ABC3C03DF0697CCC6AF89C50DDCB61CA0E3B15A3B3B9818
J=$17E8C9D59229E58F7455C37B0B4A28116BF639DFBE87A81FA0BE95D99DB92DA88E70C9911F12C706E8824986A4F25E799C4CE3A54C244DBDD8A0E51C97A60AC0B61393C20BF568E82CB20A063E920AEBAAAA183299CA20F3DABD556A929AEF45B3D519D2F57CF353534422B2FBF70FCC6E1EC760863185A5FFC08ACF12C926C0745C7CE95D3D2CFFC5C590B7EE82E833BE935AB8F8785
T=$4

[67]
S=$DB8AC1E7
W=$1DF2C270A635F5B81F70DE38885DE3606355822F50C5818C2271BD76B90447025CFA3889F803A0931236D38363173B98DB5D57324AB9955AA0C4DB0D55CD4517599A2CA542D0D045
J=$F812937EB81EAC88EF6D2AE91796918607B2BCC7CB345768DE3D5558CDD63C1682F9DA5F1D749203F1B663473F6181C62861156779CD942C07DE3313F249F2002D6012BFFD5D5CBCB611D5489C0642541B07BFBDCF86AF1BEC90A9252692406C01B4EF7558ADB5719369355A84CDA5B00A6C0C6AB0CC142651C8EEA7231935C51834D0D1AB9020DA54C78E9EED7508
T=$3

[68]
S=$11E983ED95B40
W=-$1B2F9AB35B7797C15D9D6C16BA92D362D6674FC0D1BD4384C898030FBC3BEE29D8A32D3FCA6FDFF407ABDD0BA2D6846E772EE900E885A2E81953D03B449CFC6281C6AC1E772A
J=$32CF1C508A9E7025CDDCB332D8408A75F4B7E3F13634D51D18B1163ABFA7FF5D199D6175B44E339C6B458878F961C996E191C2A556731FD7E341E042713AE97F24CBE9F82936C8AA5C6D4EB65E2420BDF75D6A10B246D5FAB671CEC1FC893CF354E8B8659B26A84A77A1E3B318D3D7F2CDC9654D5254B8C01509A4D2E5CEEB65FDE334B1F11B1D46E3B9B58
T=0

[69]
S=$18E95C3
W=$2C26BAFC63430B9A8841C43D92D8766D4C84418BAE6C7859F7B84B15ECFE7671A31EFE46C680D5B8AFF22361F142F3B700DA85D9531DD5B24FDEEE6DF86A8F531118FF
J=$8A118EEF8A9FB4A6639C1FA511756432B2F6D1BEEF0C6DBE95A681AD285CC1505027A6F07FFBE0C705BB8E255B9C89ED5F87C1857652A811E9959F62CDE39FEBBAFAD9B4AFEE9FC00E13850EBF562C355486EC0222068BC02CDE36254D7232C6ADF3D0B4FA3D2B7DC5CBCDD89125365653B88C577CD96F059F868DF39EC39C034A1B4FC18B
T=$1

[70]
S=$B3EF1
W=-$189012B01D72AD2865F12A700A5F061A5BD2B458D435E7594E60BE4108DC0DFB0C84A142D839C7DB74314242BC4C7BEA1347458B285A8DA727D22B1807249F5563D
J=-$A03BF04AE78465DAF4BC6E25DBF1BA0DAE7B9396B5C15C560032B538CA468CE3FFEE0DEAA9B87922EA708CDAEAD236640CC3BDEB86A9E686DB8EC2163DF527F8BF73FD7247828A68164135EC45519D84A7825367942142663AFE1CFF0F038DDAA13AE2B2DED164505692D0EC6BE5D052EBE2C97C9912E14D60CA8414318F96F2F2C0
T=$2

[71]
S=$A144FEA30C
W=$13C3F4D30A97308370B7D78A9336F16194C3D1A56C36B660D47C6F70EB602C3BCD652948F8A1ECB81BDB14F96862A5D5A766E9CEB6ABB81DC318DFD47601E675A
J=$353E46F9BE588020543CD1797B6532C2196EA682B96DE80D45F3E01D8D8CAA83F7A0E2F5E480F0F35125DF4D79EAC6970801B0818145BA2C3BF829CF10B321C2741E16F240694DA21263127BE1B7DFC88E66D12F85C01018254DE8D2F81194C48B98BD12530513CF4A028E49AC1C2143E35154C79E639842B3536809415D6ABB
T=0

[72]
S=$8
W=$1ACBF33BF3473465835D045DD89854ACEAC558F99CF348D09B558662F6C4C09CA8BA48B187885EC3DB9FB906A3076D3F9CB6A8631390489D4983C9BD4290
J=-$3795B4FEBB8A30D862B59C965A713222CDF852893F37FDA64523E9C9D162FE25B7ED78840BDF4221A2F7756EDB6D4D865811002A1CCCB020E6A5CAD8FE5589CD0338F5F1E32931475E85CA281739CA605B8580C3A2627811DECAF238116352F7DB053A9E409159E9C21228BF80EECC6EA12C85337C2EFDE9258EF1
T=0

[73]
S=$6C4D4
W=$9240C79F3DF0E6493AB00D945E911D665315086CDFE3D6B5D609E103BB4CC5D22D84847F28EEF6283AE6CA208950537BE3D96795C996C87CFB594B27FF8
J=$45608CF07677051E2394C5C66DD11A25FD12A42C484ED3A0CE6E26628AB37686852835B92C2CF100A711F34D3CBC7AA13EA6E64864E1EF0C98F5D9222C02D08E76481D6775F4CEF5629946C52C982E73FF3355885C2716C4A301703B7EA910FA16AE2D9721CFDAB4E7A44F78B9F76CBD86816F718CF629E6A4A26
T=$1

[74]
S=$4DE71EBCFBE20
W=-$3A0E8B4A5E6EBC7F7B48E8A2EB3722D879227B947F9177DB2A9B563B70BC66E6E1A63235D2ECE160CD5F193DD46410397945E681D4A3AFDA5F2FEFFB6
A=$1
B=0
T=$2

[75]
S=$1B8A6C60
W=$3F22472FC83C37A80C72E1F209E23766DCA5B92973AF0EC86B87CDE188FE5D0931FE2E17C7FD149CC5A50758F5A7353D10458E242ED7BF2FEA
J=-$38DCFD18A94ECA53B26E251B63D46B5DF507136B59FB42D7B4D51D5B0EB9DC6B1995F3212C24BF1F42CDA8C50BBB67E14C39B74019A35BF794CF5C41E560D9E899D95DD3A062B32DBFA233214DD507DAD5F83D322C3459E2470AF01A616292173D8126ED4B91B694D10D67DAC7391F9C0857
T=$1

[76]
S=$3098510
W=$4A14C11916AA0857C775FC3FAC0D81A627562CCD047AF78EEB5ADC617D6B1A80A48848B350A110AC2ED1A8535CBD30623A4BC4124415A3A
J=-$14CED4AF466A86DA9413EF7C3706174C640C09A234DC2B38C2542C261F7BC19FEB6E94E29CC848E516E9F89DF6579A9CDA6A58A4A5A615CEA958AF6DCC07091CC3E288D383802599541CD74EEDBFFD722DDE3566836469AC96BF1E1C44D0C38311D97492440B2DFA9CEE1BA60242
T=$2

[77]
S=$15B9BAD0
W=-$137A8CE3E981DAFBB22CB22BAEC25761896D56C1D73E0DC75AF4A898E4F3946846071F8EA5B1683515A6504DCA89BC93A4079C662256
J=-$A21193F82970B19A6F98B52409FCF396748E11E95DA93A8B8E27579E184FD144458F503F9061A1E01DA7BF6CCEFA54E908BFCC71EF040B2901BD05DE9931069004DFC6A7444A76EE8EAA5A87C7E99DF5D166BAB48F7DD5B51CC6BC41C240F3CFB1E8B96B604AD7CA1BD20E
T=0

[78]
S=$24B0C
W=-$705378FD8D16A55DC653BB34FD7024E67B1665889F0B3ADE54349CF1C9166F1DDD3CD773D4A245EC1BBE4C27589318E64BE051EA
J=-$4A960168CEB51BC3722F40DC03148832430B7CA0D8D795D0265BF90CA43F76946CFCF48D7AF445B079C611ED3A8CE4A4481F958AFB21055D36F5373E3EFAA562930DA65EADE04C781824F6ABE8167AC4CE7EA313F8B9FEEDAC6F06BFE9D8D9A0E41B28770B6B2D6
T=0

[79]
S=$30DF645C93
W=$636D5DA5444E803EFF86A216F53F62ACBA25661D4F5294DD8842AC03F313684D1E4A910838A7156D7827458DC323874988F329
J=$41A859124B7646826C0504BF5C8B3DE041FD4FBFB6861457AE4D3DFB9BE11158A937EBF174AD3FFCFCC09CE251BA5BCD3E4D2DC82AF19E9A26EB296EB901882AF77E9E7665E24B4759A7863CF216AF4C532AC86579EA32A23FBB6F49CD9FD0F1363305126A3
T=$2

[80]
S=$E9A1C
W=$AEDFD4BE4914F491D81490FD4856C49AB05229C4D4727702ADA654B80D0A43D797B76DED107FB7FDADA453547B354F316
J=$B1BEB4CEF3B78E95B84E3B281A376ECA545E26405D2C0B5F49324F28025BEF3C1C0DD4376F149FEBF8BFC5CB8BEF5EB4E138072F82F4E4EED21D0E90DB750B68A0C00DD6B8515450DD4329F6CDE2A7EDEE3903E84BCD437CCF0550BFFB8098CF5
T=0

[81]
S=$801EEC
W=$3E1BF34DFDD3E55477C7B24E1B95902A7F4659EE8583F9D87AA7D4D4B8C0A7C617D410DB8142C868467604797455AF4
J=$1D491231D7D1D7303D4AA1B49A4F0AC5FF52973D63ADD06F5A5468C4F66454E7484E76D358BCB028385E5772EB379788A1BA0092F4BA9F21C2121C1E5CAFE5D32CA8C1611E873A912344902C706B72C27F942C2436818A4960359E8309EA
T=0

[82]
S=$D46F690
W=-$595F147F826CA8C19B88A8E120BFFADBBE28B0EBD37F97389857A38234242ED742F372172EBB8732263FE16FD2D4
A=-$23
B=$62
T=0

[83]
S=$17A6922B
W=-$188A1AC3559BCF2C076B5258E626A2AE75E070FA27492C925BDF437A183E9477E7631C5359966716280032C43
J=$8DE97851DC9480CDBC14989F6BB4412A334128B7808E154635F5471265FFB3E402BDA2235F0DB7C12FA8CD4311B6B4FF469D029CBF78365642DE8A8D865D070A158D0493E11DEB7E0DBFC293F8DC69161DD9B78AA8AC5F9
T=0

[84]
S=$B8D71
W=$44D101E074ADA5B1509DDAB0A509153B5BE574D98A29563F9DA6D613B3F3E8D8C0E80DCE7FBA9F7AB410B
J=$64987C5790EFF8C2683E2E8469C2141D911FCAC6DF9C245DED3D6F40DAC4B832235A3421DB4E2A8ED423D33A144B370EAFB0E9A5A779AAB7AEA2D77B7E21D2F0683307F6674D7274043D874D11CA01CA5447A34D
T=$3

[85]
S=$1B
W=-$1D60B2832153B9BC16EAD462FAB86E65457A2A89BDC5B4ECDF0B2F8F7873F34D0FD33758961C35A437
J=$110E57414EA9FDA912AA9DF05052954FF7FEBDC7E4A836F5C5F38E1FCEBB63357E9DBAFB5D07743629FA3234CE71C0E7257CCC8942EA60F002A853132891B7C09D77020901513EF2BCC784F5032737AEDAF7
T=0

[86]
S=$4FB621722
W=-$264BC96C44FE152A732168E3B80458D17B598F173E84819CFAB735FC4EF8D3A692416208D1C97A5640
A=$3
B=0
T=$1

[87]
S=$4AE7A4790
W=$79AC37B94D951A627D6614D0A73DDB17EDF8E302E1AE6D07D39A4C1DB9F9847D328A41F92AB0A
J=-$5CFC1C1F31FDB41E0F44B0D56D70C92986AC10CD73E5003DFE94892E56F053390D3E16EE2C109725B39DC204922F0BB726E19E84BB05490195143ADB18E5907154A4645C1108439638C020CBDF
T=$1

[88]
S=$9CCF806C4
W=-$E81FB5E2C77C9CBCD6F437DD77DE692060CC5F265E31F3C4131EF8F4FB55A99C14F54C3AA
A=-$1E
B=$38
T=0

[89]
S=$AFDBC
W=$1AA110239A90AD9A531F0D4858BC92BF04100C197EFA67D4B316DBC97EE304353D11E
J=-$182B4F675813E3FF6FAC5A2F9D69A3691A9E36D7E409524D36917E5BEAA4FCAD0E05CDBB194727CEE287B3BF28A4F69C7ABF80F8D996251D59D42B66C4520E9373F55CA03
T=$2

[90]
S=$70CCCBEC
W=$1759D6E4A6A3218D7A95764224C4AEB124CE966DBD52FDF1A6C04E07ADF107A4B2A
J=$39C87089593E1672E078E5AAD852C7A2910572CADC56A1EFB131E86B35DC31E1B175CCEE542F49CA4A7EE683097A20DED8B76ED9B45C4341E983DD4F698BF3A7090B
T=$5

[91]
S=$502DC4
W=$1FEB899FC11833B3F0063D8D457D77E47D14EFA41051D7F5D53FF58FE2F904E
A=-$1E
B=$38
T=0

[92]
S=$137BAAE1F
W=$7876799A52BD8AD5E9932245DEC1CF1ABF6FC9566E416E0780618DE0E55
J=$4A548E5B905263D8E0EAF1C36CA1163B39DAB9234F6260884708645588E47AF8DE026EEFA22321AD7BFF1ED4F5E539C5C69C128C3F135B968FEBFA
T=0

[93]
S=$25C8E3
W=$351A0B7CEC07DA2916045EE0D051B64A96F3206D1AA7AACD843AA88B
J=-$243F656C0F09FF60C9BFEFAF8D6623AC6780F432181F83367743C48C54872B9F43C818CE39FBD45E807FE7106DA3F99CFFD119695D6478
T=$5

[94]
S=$78E6ED5D
W=$56B76B452020A98C2553187B2FED7FBEE03130EA5229608D46939
J=$3ABABE7ABBBDE39E872D7E7B30996186EA1EC4880BF711F1E46D29469D7FD54D429933813EC8441AB39E7D1C10EFFBD76F7FD1AA
T=0

[95]
S=$4FF357E03A
W=-$CA732B7F8100AB806299ED4AD8771D06AD1E04C43F68CBCBE
J=$2DA42F9F0D7087B32E3C979D03A0507712A6D8B759C6560BA25E10B6633C255CEBE97D50122081AB2D5EAF6695445973E
T=$2

[96]
S=$26826CBDC66
W=-$F17915289F24AB6DAE5C2CBE78DC1CC3071E45B2ADC6
A=-$1E
B=$38
T=0

[97]
S=$40AC
Q=$2

[98]
S=$1D8CCF9444
Q=$2

[99]
S=$3B898B15C7
W=$8245F6D92108B2004CD5122426E44711
A=-$108
B=$69E
T=$1

[100]
S=$31DE2197
W=$ADE55907597DF03D4553BEA9951D
J=$E1E1F45D489312430195073514E34F9539866718B08F4E89CA2A4C0
T=$1

[101]
S=$7DB5C4
W=-$1A7FCB266BDDBAF67B11BC446
J=-$47FFAEAA224E903CB23CDFE48B002F2B03D1B0BF7A508949
T=$1

[102]
S=$AE6FF7
W=-$2275A4E98E2F7128A3A373
A=0
B=$5
T=$1

[103]
S=$42
B=$2

[104]
S=$17BA58
W=-$5AA263F375A8A251AE
A=-$1E
B=$38
T=$2

[105]
S=$14
Q=$7

[106]
S=$E90C
Q=$7

[107]
S=$411E65
W=$3CABFC4F685F5
A=0
B=-$13324620F50F82575F75343CB
T=$5

[108]
S=$1662082
W=-$7494E785E0
A=$5
B=0
T=$1

[Signature]
1=$532EC213621AD7A7746AC3E01ED41D25DBE787BD472523D3
2=$A61443045986ADE4557B3D6B2E447F45DD8AF2D832A257BE

