[PRIMO - Primality Certificate]
Version=4.3.3 - LX64
WebSite=https://www.ellipsa.eu/
Format=4
ID=B497703821324
Created=Mar-28-2026 04:39:34 PM
TestCount=113
Status=Candidate certified prime

[Comments]
Put here any comment...

[Running Times (Wall-Clock)]
1stPhase=34.89s
2ndPhase=7.02s
Total=41.91s

[Running Times (Processes)]
1stPhase=204s
2ndPhase=49.32s
Total=253s

[Candidate]
File=/home/lappie/Primo_Batch_Farm/Titan_Group7_Prime4.in
Expression=(4797791281532851794740)^47-(4797791281532851794740-1)^47
N=$616BE0CAA010C5A4AFE40EBFB7A786ABF81DED67E851750586F619565593B14B1DA29F5320904EE79DDE28C6409A749939A0B48625FA3FD5DAF97650DE5A7E36E400DEC3E80EDBA2A56C866249A43EBF1F810FA097C015D49EF403B7EE29C399AC0FE491BD00529C70410C65FCAA48291B1C7BC3D3E29E745C2A70AC1BF2AC766931E8B3CF79F7A904A05CDB399EEF50F21BB3BF4DCBEF270242DAAF42453077612B49AFB16DB97934F49C2CC64B1D356D8C6C3F84E9B630412298731125F1C058F6D8D91557540A1A7703A012F39657DEFDDEE06E2C690E6557E866E1582631DC30451E6883E8251045D9C0C01D54C878179154F9DDB0C68BB0D7782A4F6D76862D1B7F20B32C14C1DA545A5B974971CF03B92F339A66AAFA2F296EDFE9F86B108B7EEAC6CBC9590D1898840A14A2C1A0D7BFE7B2DCA21CE564E5DC699B7440311106239E1B8D219E4ACEDBACBEB98EDC58D97C1BAC2B17F3E6EA99402A592879D17F007C38627C88BE33A76CA3A97347A2F1754D977A85C030945AAE1FC4BB7C3186526145D0F89D2B88B83B2D5A0FEF242A7516DC891E6D7AC84B0B53C5
HexadecimalSize=830
DecimalSize=1000
BinarySize=3319

[1]
S=$234BF
W=-$39FA57CAA564C64FFB95A5FCA9E459F3D5841EEC06E63F017FAFEE27026FD68ABEDE7D30A7F95A7DDD0E408A3F9B23527ED66B5DC74AAAB1BA492C10F78B43CB201D62E7470ECB5376C2EADC3215CB8AB68E400DA32CB19B97282D9317AD657C553C03983A983185DEE371007C9DFDE3D6CCA47A6EFAA792048512E6B94B427AF1E283EE3F53C04C5731661628A1B1746CEDA37DCB34E188923C590C18816EA3F20406EFFAB3EEB40E30537DB8ADCC50CAB622DF580FCE15F4760AF56E3BC0FAAF1647BD794EC19AE699FC89DEB410B
J=-$197F71F1EA04A3ECEA56A7C4E1E3582FA488A0C86FF0945BA318D72C501A516F7F308D3778EBDA9A7FC9504CF190F8D1C054BC78E4556479AEB62046B56A103B68294A7858A930306B28F09D54BE3AE76BE907E338BCA94809743E9D6492AA9171FDB279BC08EE33816194B500C6896585AE4CE94AC3088875BB0A20C8E2E8277FD365E3C5D783A459AC6AF7F4E8399957EE8B8B194BF45B60B2EE5001B787C3B4654E7BE53D58B4C6873BEECE1F43BE2D1F78441DE1CC4E6F325F54ECA4915C7641A292D850EBF93613D5B250072DDEB062235238FC171B04D6E81A42C96CA840F8148855F7B29C257811447748D58454A78A2C7296F0832AD5AADC6F75162D2629E858425986E542912C62FDF30B39BD7CA359554397EBAC982EF280DBB346200FE10E2EC795E1F7F3B18F59C0248EEA0FA7F50BAF5BAF65F5B6562A6A5944112382CDF62F92016DD75B36FF1CCA955FDA5F61F3552DA007F82778B8B5417AE4956EA39C536996324A22EBF2F0B7222BCE3A4CD16D282D6F5533013983FACEBD745D009D232260CA099A6D2E6372C0B3EADE52182C2CFEB4E27A37530499
T=0

[2]
S=$1B733643F2
W=$C72A3406A89BEABB7AFE45E0370D2EE6E9C1C74BA191B1188F1DAD2CB491FD1EFEC6023D0B12BCEAE413A92F49CB2E311E3F59446EC47080D1AB1EA1F29A675C0CE97C78658A009E8E2FAAC82E6ED1CA7EF735DBD5B3BC01E6DB4E3C6AB4A36196BAE02D7E96E2DDEFD01F704CC760AA935E2E9CF647C1EA02E29B1F3F785D7520107B3A9B6C38C573486F508D6B5AB28FF898EA6A67B86C34E095FDA52C88BF7BC86D176A736F226ABDCEB1DC144E48654CA26A0B07CE7251A47373F39E32910914B3E21019E4D85DB49239F2C5E
J=-$9567DF008510EA22D790ED5BA65736B55DB4A1812149C36E94203DBC311477B91F20E73C683FCEF856A5741756FC522077530043C248BB89DD656761511458A8890AAFB84871D607DF9E1920B3321D11E3B02A0E9121592ADC572D575CAC5827474A78DFF8FA2410EC96BA84AFB5F26F38755477C38984803ACA2C08F1EAFB8B2908759322F2FF7ED67C6D297214E235D0AE05F6650DAAFF04A6459C3609839B3A3582E1FFAEC1A78EC74A908B1EFEF47405A0AACBCFF231B995C0A5A35C97F323DE9EC2B60FA01897BC791EBD2837FC9021BA4338A70853F129731FD77E14FDB002EA95D0A45C4921FE946BFF0C79863BBE071F19AC8EC8D5310E0B28747261F62694A4E8495854BE739C9BA8CEB10D7A925798A52ACCA3FE46753675F8F72099A08834AD7EA67B25FA0188B8EF5036FE5ADEFA4975222BA8D0C5DFE8CAF98DBB79AEA6032380C64B54D6604F55DDEAC15EAFACA7DBAA1819019A68733B90E803E7A998AF5FA06B928414B9FA1FE5A0A5FC58D45CF1D69C6B7044A5B2791D124B427B1FCA211F069CE48C112FD12BF98CF871BFB2EB371B7AE1B0962
T=$1

[3]
S=$2816F276EE
W=$28554F24047B82FC89A2BEF75BA4D92CB3417B81552AE1028BD3D36835A95387F8D2E0607B867B73314B63037365E32CCC7A0A307E5DB33DB93012C373A38EF57453EFA9C13865E2FB6AECDC92B6AB79DC5B12ED4ACE1D4A4CCAE97FFAEF78259C97E2B3CA7549FF534970CE3D3D990D81850DF26C1BCB83518E78545335010B217A3B2DAF4B240A1A4B46E0FFB6BB92A5AD76689B98D79383B3B2D53E080B06343B36467CE56FB5E91781F88BA95FF217BC564C02802F3BB83CD4DA4D2E1D6143106D8A4C63C4530AFFAE38C
J=$897C9A80949C48D94309F92D91E27FB9AAF33EB0FC924B34E281547BF4BC40E7A4BE9D6FFE318A79E9BBC35D9A6BAEAB8D4535361C057632C37695CE93F627CA3F04E61A07BC5CC3839A6A727834DDB665B118D10E7C560CCEC33222FB2E940E11F73C7453A53B998847ED9D927D10757A87ED2D1516959247E8E4227955DD7BCCE0E4FFE05AA27EEB3431C0918A8B9D494D4B06ABA88931A25C14D59345DA4BC631F3594986A950D03F044B486EFC815746E89FFCF92C176084CD4A4E649A9374A4054E24396277F88BD5569EFEADBAF4A3C28F162E08BD494B5A8AC364E64773135E2ADD000462194BFB77B715DA40B985E278AFD9B02B0C8851DF26FD38A3CBBB46FFB574B4535E07C8873888B6983F140FFC969D4F39A03C3A0C1652D522C3038EED18418F33E83388644C7434B0E1D5487E069B968F0F9A1056B0DE38DA030E38A65DFC27C9984E9D4F6FDFE4619DB65B037DF78F78A6628F36041515437474522000837DC0E168EEDF607FF562A2D4BEB228BA95DA04E6360CB31E5A79E2311FE7F89C143C457FEA8213D1B83D4C6132CBD54AB2C9
T=$1

[4]
S=$4A590470
W=$44C883F0CB9EDC88FF3F462A997C881A55C02F7990871C05C5113A9AF094555BF6189412FBFD483EC59671FD41DAF861D38A9C4DA33B9D0E4C282B361EE0C68E9484D5E695F39E5888074827F170808B0CFE6893F01A419A2D3B0A2EE0E010FCDF46938CE8B96F1CB4B9CA14987ACA45B7A4B5019378B76660193CA50C357D5DEBAA1A9A7BABA89440536F7BE9845BA55F03539E20F88E9551E713402F8F91E3E87A4572BEAB56FF1724BC9C08B2A1281FC8827C3D0216EC2927D2A8CCE5EF69141672A9A078A7A9F026
J=$4BD7723B58C8C9449E1A2A5CA5D1A425CB343F90C4BEDF8F8AF6CB851F6CB856264AFF3DFFCAA5989DCFF648C789B75F3C3DB05603701238C2E4355E2535E0D82A5431561E6124F0985878204D02DE3DB9D185F874D790A9B71B11FCF144F1A62B883B9BE6AE219190725263AB9F2AC3B7F74119F1155CDA78B5F61F5E9215351BF6F63F12D5CD978867C4C5DED669AEAB1FAA95ABFBBA1E384650716DDBA3F2D87B1CBC4AC7B1F870A64D07D4B4D799F310268089D3669B57D6C841F642DB7DA754EE64FC5AC5F8C1529A5256F4002EAAA87BC15970ED66AA00F0F3959C4065E05FB84F31C89DC0F4B3055D5D910109D99E8C20280525CDFFC490F544188B36433E90974A5D1FB5C02BB804B205931501A1D64EEE8118D2E5A4143B8D0EE172B743ABA5909C50F98B073B4307F6F78B047FEF431924A713996F2E9168603111D21FE17002954FAF80141624EBE276FE10B08ECE97883FD7F6A25D25A5F685289037346210CF41E853BB39CC43760D162E718C57FBC59E28101009DC16D26DF683EF1547FF925875C4568028B99F15304C4273C
T=0

[5]
S=$619AAD2F3C9C57D618
W=-$30CCEC39DB48532E10F6EE1022E8FD8DD9AB9590E08ED1AD4B8EFD55A096C4603DA3E7D7D18A2B48FF9BCB0FBBFF3623E49DFC5E975704E08233A4080DF109E4D4DA982B047D1AD1453C62165528CB9B9F6B3B98BB7E80AEB1FABDB3444996A8B909237DA9710D217C819D7D7C2002C5F19B7CC895E612EE10636E6B2CB91AE5E4662D7AD64E26752D59B3E9B4F593541595C27FE2EDDB63BAF5C099072F68E57126F0C04FF21BE4187A5CC35C6928BBCED3CBF138BD161AB77E859AE23F1898DF3854B06345AD1A
J=-$FC5AF5F615778902E0E638D7A063DE506620330A7E649BA4E9748F088763B2ECA2D4CA206D37D39F45A01C8C1F3B032142DD4AA049B051EEFC324A153335EB2A675FAC8F9982E40AEEBF72EAA2C40A8CFF91978751E690473745331A4D52B02C8FABCACEF32EC7CC195175F0F8E34D038BE42A015C3D37119B1C8F3B68A9B0798345E4A6E5F34967061B3F86D76CFCB125CBC0B6CD444608260D23F9164D42CA3B0AA9D4553FB35159445765124EDD0A0FC2A7A2F23337A1C0444825C492633DC1B65E8ED516F902EBD0CDDCA906442694DD9F5DE4CDC32B8446A1D8FE79B671C211AEC3265D56108C285B088E568F37737DA09E7B5F0748477152D85EC1D3CFDE3B51CA0838E36A9466DB5475FD87DD17E2799E6DE9DB3EA89B368B28EEC9EEA007117E394D7FC79C082E5CA6E276DEB7A08D892B7594AAC29A8AC88F2F2A7FDD6568EA266006011986943ABF9487CCF8DC9BE017D58309B58D5C76DDF3E967644695033BE055D3DAB64BC32724CC3B294BAD74EF05CBDAB8AA9E9D0811FEA6326C528B0F1AF29F3DEF62097A80213
T=0

[6]
S=$5E229A
W=$3B52D18BA85C5615612EC7F2031E895678662DF36C2D3152203CC3F40F0704318083C5F801E7918C7B593A4E3C3837BCD2B1AD63AA07B9A202A3A6EC157741C6A497E4F73B8FAC8ED8DC25369A6623A3CBEEB4947CE8A044DF950C5E3904B9BB341AF717292F13B2FCDFE06B180865FEEA5FE1026D5B4A083C5BD318F405CD81BE0C193A96FE00554013B6A128D22E176159F9241F33CAFB28B7B0105DAC1E878372AF0E4ED5D3FC1CA2ECE1A6C81B3EBE974B7681AC1484EA63905F3F89570F3CC2CD6
J=$284AAA81E6437F07D697BF93815D46625C6313CCAB7B5773B4614D2DAC800DFBB83ED8089C07AFB6FA9190BF2946191B396DFA5C306A444A6711ED7A2D846592822E37E61E8846C68016BDA1F4081D465814347D9A25D8BBDF3D60D7030AE995560033916BF837505B4E8CBD6712444401C420CEF01A88438B2FA4167129A8E4ADCB53AADDD5808EBF566F799D6BF715E1765D4560791F217D4B217BB56CBB4AD2F9B8FE9723180EEE613DDF8EAEF2A725132936C883EC8E4E006F5D1ECB217F6E6BA61A3A3A828BB05934E399CC554239E4C342D196275F27C3EC62AA60A538628288147175684EFA4CA058AAF90D834EC21631F6F40F17C764CBA051393C92C56A74A9A210AC6B83183E91F14E0DB49D686BF37209FED4674AC63BAF3FF68BF30793ADAA65DC468A1CDE617A70447DF2A2E477A89B1F84A2562C0228BF0BF9588349F09B46793E71A5CBF905BD9C1F5E286BBEF6AE8CDE444E34FF6D80386A4FDA2B23F8B787F93F188165ED240A77C1AEB21C00EE2691968C82A2E001B017D94FA99571A829
T=0

[7]
S=$215719F
W=$178FCAE4F3D1C36937B048A0091C1C112B4981382362DE64FBE9DC5AC3107B33788D99AD06FFB005845B608AA8C07ED411A7AC07501D1B90B44A32F2C74D0E7CDCBB8D1A51BB82A8B2CED5BE6324F5531B998C569FFF2151A8D970056E708FB85858B7EF1377A586C6061AC2DE03F0E75E9FA728D393CF7549A9F66AD3706E72EC1F4569981C8ED16938B83F58EE8E5A0E5B963298E2BD2E530077DB6E2137B36CAC3FE4CCFAB0BF7F0EEE4CC7B56BF1FD93A58532D3EEEC29692052C3D62F937B303
J=-$513D67F4B1B150C0FF8EF972F5285DC777C579B2A47532F77E575D70469DE648FD9CD7E20D9AB9C3951B0BD79D636DC34B12A759EC15BAE92E675128172235F4A54245F6598C59E3596FF5C86A2765DCE3AAD06EA48ACFCD002865915D981A3F844F068E41E47C7AD41CA857CCB51110B87D480B4B0EB8BD2696DD513911DE6F22CBC21AA4E97775B427ABF04C516B64D3BF736DF4AEE1FE3ABAA33F54B359E582916361DF002EBFDDF2182D2D908D5E839BA2663DDB454B419B10C264769B8061E5DE48A5533D72721C305CD6F44672D37568E146E556E8E16A706D51954669A7D21D938877C152027C92D511C26AEE11989DF3581EE3318A2C6DD86A64B228A730FCA947CBEAFA6BEDB5733335841957367D8621BFB2BA70817964DA89EACBB0763C04F6EA6E1BAAFCEC3D423F931A555A6D9F9571F3FF6AC6BAD31BC3BEB0C227CCFD24A684F8B6B31080241267CF4BA2BD717D73C51AFBAA06A4AB34E614C54053F321AAF173E72192AEA62802C191A50AEC880562E10BE616E28DEC9DE23CF0FBAA
T=0

[8]
S=$ADCA5CE3
W=$135CFB34184623B57EB400F5A7CF79580087E4DD89F5227797BC3AD5FCACFD3D8ECEB4A0661EF0DB47DAF35482F2B6020725294F9941DD528F4756C71013FD9E332E238F9E6BD7BFF6A4178F33DAE1BA7609DF94CA9E625B8E316F6C1E984B933955C130D3692CB819BFEC790308495896B0EBF8F30D5E85B3F8A0EA4DB65E5DCC195D71A62FC7AF4C2C767F5FCEB4FCD6DDDA9B495772EB3239C5DD24D2BEBCD1E8F00B1D4796379EF17636502C45E8971704A3737B5E017854B7E71917D6F3B9
J=$195C28878D97338B3F89F44F678F774A90D9A42A7B7106257E1374C054BE854875FB6DF0221F663DDCCCD8B41F3F09DFE8D53CC578FCC24B1662099A6546D23257EE5007FEA53235F128654CA455F279915956CFCD6E3211E1FB87F6C38E8253A5F0D4ADADD1DD7CED2520DDA8D7B04520F4617A17742CF8480EBE7DBACCD4F221B17F9BCCB3009683FE04BFBBA0B1F29B520556D57026AFDA629D0FEE4E976023B5E501E6BF3500758659F9F6DFBA38173DAB322F822CFDC1F8B89BC69EB396ACAE2C16B678D9A8F76FC23DE879270F86B3ECC09DF636E5D2A56F18D36442F55BA689692A647D9B7625DAA3D6D1287B6419940D3590B99F9AC92F9D1B65E3F1420D59705E9E5B307E9F682B35A67D2F93D273919B297A40E2A6B599397E612018206E9ED399629F4767EBB949AA5FB6F23CF9E38FD87748270155FD28789CD23C4C56417ED27376A322F004223D3317AF740BC2C87BE3D546B2A03A93FB78CB3F81D1F55B80707A0AD4219765D2DE73A4BCC866C3E39F4464C726A17A3A119039
T=$2

[9]
S=$228DA8239
W=$17B8EEA8208545B26635393BA6C632C313346ABADE16EF6D1962EFF94709FB002D2EBA0A07DF97B31A42D7F3EA06E1484393366B661A03E6072B1E90C1C60A1DEEF484E26A24D734A67303A1FC4590B509A7521CD5EA6E168C1481B65817AFA3D68134FB912E15627E48829C1EFDEF97EE983384D8E52F3174830A1E4087AFBAF51294B2DAECCB13C3C721FF1FCBEFB77E4043D65151F442C9A0A4758E11E07CE9E743F88EFCEDA02B894D16DEAA88F72B775B0E15771BCE9F247AB47A29E5
A=-$84B750
B=$24C7B73A2
T=0

[10]
S=$701386A081F
W=-$55F846CBE4D2BF8279E084FC90BDB0F50110BD0C14BB530BBAAB0B3518DE0E34EE8958BACFFCA2331A355905B7B2938ED33488F9BE590EB2F54E79AE8C9FDB27F737764CC94CA34E3581A2154C37449C36D567AA11A0A5C5A73BD9520400774BE730A370FA3409660778DF5AE0972079ED6A89038462FBED720794269B8C456BD3529768FFC401DDC9A0C7DAAA396237D72CF6C331880D88C5509A86E69F8779BC3C42C32C81328165F278527AC2AF6B34EFD7ACD754DF8F2A0425237
J=$16D0C54079D145719E74ACB1B59DAB829D5F48C3883B572D9EB1DF65D55F56F5F2BC6232724CAB04A8DBB7405E3ED4A155F22FDC0188BDC698FD9FE96364DBF957664BEE63A3DE98923811B686138D0086125E523D95BC547B2D8115E5DC2A09363408024AF7A70AC69181A62F0AF32F52C0B9427EB68C53FFD992F345F5F6A2D4771CF37EDFB2D30E8FB2DBE52E0FC0CC68C658CE914B0652F931A64A5D35A3F7453FF6726FFAF36CF81A7049FFD151DE04AA1E75C346C61B80DDB1341D2BDDFCC45875639C95D4E8BE7E7459CF4593A9320B57AEF6038D3E4A7296091818B30363B9F60245CF8D9B5CC9185FB7033B89F0B878BBF2E8CBB5071A63D868654A72C689230273AC97BA50297D10811C7DF8546E46023F5B58578E68C8E82993A63C56EA727B35E1940D2E18D042FF591F86D2144C843A49B22A7607F8C079381F000DE79B7A16025459C8319111FB0D97410B3611D0ADDE464CA86B13F90F8E1AFE59A12AD10C1E9373FAE90C551BEB6EAF34060A367BC60AD6
T=0

[11]
S=$26A6
W=$31C7364C9AD2DE0E18C8A99DEBE910997302E4BC42DC5C203E256BBABFEDA272F060BEE17A3390BA4250D3BF1FB7125EA6BD2DCAB041110D092B71EEE65EDE0B489197C165A218B44D9628EE6F5C137620F37B8346B5877A3B8A11B8DD9D27A2D0E5DE505070C4F9B09D4004CF93C16A274228F471560C8478FE08ED324FC138BFB66F8336078DA2EC7CBF2E3ED240034FC72D4747543283CACEC963375782D00ABC7F352FBB4A8FC87E49C2383454D5EDD433A71E43BC57E7E2
J=$1D897D9EBCEC5D5CD1BEF5D906BCEBCAEF2D8FB8BF9624147BC98E282C688EE5B8937E022F26288D17B436AAF41735148286C326A79158EE25BB8DBE3935ED02624A57DCACF6210DE77E7EEC5D86F1F825F09635D20E438F9232E2C1C5199DF2B3746EA087F77C0031F38BBF9F69CDD4BFEFCA38E6D99EB4717BD2D6318B703B519F11A67CCA7B93F15161B0271CB98AA7D94E19F1A9C15FBF5B5755C78EF7A452882DE02504940E9325EB8E374F1E38E45A1DA5B3084E16A71E05EA16047E03D3B7DCA2317E3085829D8CB5140843F2C6B8C7388CD36056E5A447470225A7464F82268D339005938E33F785A5BA4C870BC05EC89E92328FA3681BCFFE1AF2D74AB48DA86605F81879A90B4D5C35BC3C783C66B2B3084BC98F869109E3881B123B4F603D0DE8D1F42E79D86F6081BCC1073663568B7810FE3FE9B6191F1350A357F3A7592E87EC491AEC3B0058B1861D2FD4780541793A699582781CA7459D7FF2C3AF9CB66BC91568F453CCDC9A3FDA6122B7C
T=$2

[12]
S=$1D2C45B0
W=-$10C24A035D83A51F6FA719D13AD6ABECB99D330A6AED4D1EFA0938F0FB44267598CD88ECA6653F61D1470E051A32ED0B7947C503035636945B0C1AFE392967F3079D5905EF65599DC87AA70136CC273F5FDC505FDD912FB445335AFD4F90F5080DB209F804D4C6070AC82057DB4DE816D86CE6248925A30AF26DB8ADAA4EE8E79C99CAAEBB013C33FE93B4ACC42DC54C604DF7EBA490D446E6086564DEBCE1992F97034E0FDD6805EBD67B6AFAF180436A00BF73FF3140D762E
J=-$235998C07E88FF7B2248C76811CE0B817F39EDC76339BCB777E0F9B08F5E3BDAF70ECCBA423EBC0E42BF4ACE4358FEA273CBCE1DBE84A3BDFE26D56F040C59D8510F2C71C275C3ED3E10B116F36DF1F52DD1ED26320F157676006EBBACCCC43DF53AA1852BD8CD73D3D6281B69FF590F68D2C98C797D0B141FC1F7770B0D9330E603DD46DFC124F0E83DF3957F47D871AB0EA6D10F5EF68F7D680312B7FE5122DD8E0C407506C81803489CD34CE7218758C5CCF620EAEDD8949AAFD0FD52A7450CF8A45227E4DD4F7549F6B6AC5646ACD40AB517E8D160A825F0AFE92FBFA7D857D71B1B90AC64D559786EDA344F340E1A1CE1DB3355CA1FFEC9483F2252A559A0D9D9F675A1BC69D0A39A3D7026E092CABCB22EA95D912B3DC4E681EBAEFCD01949801208A33B05B107F70279AEBB597EAEA7AD84B325BFAB9EA54B4319E7FAB131E5D7D21FD0B1CE84161021B63D7D530DB492C50078F7BEF1F4EE0D8CC35ADA36DC8E0C9883517C78A2E178264043646
T=$2

[13]
S=$2B4EEE
W=$3316EEB9270DDA62A3D100F9E8E3DFA2BB38E43433A6257E6B6474769A51ADA064D729C2871626AD0B65AD257D4C2970430421C030ED2036A912429DA25EB5DFB9DFDEBB9C498CC3E2989D0C2EADE3064800A0FACC5B1DD2016D0D38958BBA14758E3EE6A4AE94D17EF2E3CD00678CEB21A44639DDBDF769D3BD5DC21FC3844AF48C94039A84C07025B42D08D212D22274394D05B73D1983D01CFC788033ECFB7F0ADAC593D793DA365AA8C2C96BF5DC55109588A393FFA
J=$1318C5B4413FFDC5B39066FCFCB24E22FA023648A46BB76B9A52D3E02DED1F485C52D5F88EB1937AAFC1017AFBC297D594DD5C5FA69687A7FF93DDB9F9CBC8BDAF2F2483663545527E63413F76663257BCC5D499CFBCABE6413B4113A6D301E4CCF6A0EBC03DAC6C103DE6DF85FFDB75269426DE9F8702EEA8CDD32F71094E9940D79228F41853F3ADCC3B9B7B8D1567F9A0F193FB6F8B087DAAD38AF42C91FAAC4C835FA712B90DD7DBFDD2E9F63931C611A12B9BFBAE32DE14A53066FE5D4A22B2A3F9A5A3AFA1AC6FFF1B777810C2A51B6EA0A332FBCF096167127B651D01809396689007301AA7BFE4CAFEFCB801457DBE15173EED0E7EAEE8C7C144D4691749622FE5B47F64F729137CD6A77313F57D88BAFD2D3C127C6E153FE6247F403CA87D4561EA28098A17699CE21FEDE373A38061BBBB05BC014470B1D41D8D7C35B790FA365C818203EACACF376EA0F15790BD97C4A86AF0E7354A500DB2604233145A95ACC7AD4D709AF9C29B678
T=0

[14]
S=$A061B69
W=$623AB51F6F636BF3C68809F31FC7E9CE5CA7BD4B16902728CA0BE7D8622F7C866AE73639D71AF7A85BEA1FA971DE38DF8F53C249D4104F839B20E06BB07FA86FC5B473A8531D6DBD73750F98CF4A3EE70E507FC90B1B5217152617B016F7AE5B3010A078D122309427303689DAEE3D4A3C4C9C1E21707A1758D0CB67DED4DD20D477452EF19CEC8FEFE9A02BF19E85F3B2E63C36D947869022D2E29B0881ADF2CDBF49F42F91358C10361DB8C1BE3D0796C3D9B574E1
J=$6016BE253F8B5D9E5FFC3E654E4B01C1FBDEE9D0CF99A2E95EFAB81CC6927385B54986541CBA6D33115101383493120266280944C98D6B9B64D95357B5E0B7FC1C3B8AF67179C3C79D486AE013AD8F6B0C8F6198B61FC254CF86DBBC834179D5CC5467EBAC597CB27B51C61B24521FF945639E3F9F393FD5AC83323CC8124FFA8B9383181F8E1BE6DFCC535349D27F0BA142B6DBD556EAEB0F9AB36303A3EEA7BD189FC71BFE733C5E0E2B549D25006689B780BD0A92DBE1F02E166557F47BA8BB416E77D9E6B2C97F1E88A7340DDE511075A953B2D2211646A882DDB999AF282AD8A73AFB49F51E6C5ECB9BFFAB66B43DA4A9F774699F67467B3CC383CDE114AD74C8B13B9162540BEDE9AD0AF3D57313D3B09C44D737DAC0AE65277848B9EC07F49EDE61E96C482A86C6F757ECFA816887FB030D4F9E1DBEC64E013C02A8D60D5271CFD1149E085EB90D6E2BE3E70DCBCAE0A33AA9AF360EB757A7F341F0D6F6318616674196F873D0108
T=$1

[15]
S=$15D9D0BAF74
W=-$21ADE602AFE6E4E252D958B4EA2B1B9C585CC4DA5C26E31D28A0FD87FD0FFFADA51BD3A62510A57D744C73284FC59C3EEC10ACF6447CE4AE7034771645E896AF7ACE8AFD0D69164E7E05CC4F10A46D04903617A9FA9EA2178617FD5BDAF49C45102BB417D63D2693535A445966AA2F404E597882713A705673CC9CBEF8767E9407B21BBA60FDD9618ED082E60F9A9BE6570F2E6E54ADF5456DFA909426AEA07C9DB6A52ED1CCE743459BEFF2CB88B53DC6CE2FB76
J=-$833A64A7D4A9DDB79B31718D9FA65045CEF7193F64607355EB60171976709E6FDA228AE398C8CED773C148E74F93B0C9CB2769D22600E8CBCB5472FE4493280CB687F56097E276EFAA98836F007EDBC7917626F7D3CE1BB2941971B0CE2BAC78053C01F682CDD475D23C361D3E704ECF071158A8C4B7F3CDD2A222A2B2E027A3280F181DE28B51CC34255452A51E1B54FF47CCDD9447A1A36CC0C06371064D0B0311F8A6175F9EF94C73E3C82E50A239C11E603224E6AEC5089FC6664C1CD9A74A9B200A2E876CCD2F7E8370F2AAC125A0F2B0BBB0DDEE81E37762D7CC049527CA4E20E8DA4F748C8DA2881EDD2612FAE31703D1E8C148107AFEBA678B26E02AE9E1C1FF0F0BA6D3FE950079878FF941DC95A3DCB05B520B1BE1ADD37106C9C40C91544ED574ADCB271BB986245A58D6EDD32D0EC18054BC1F870BB207049960D8F8776DB65F00BDEC52305E3F7078F02D5B3DE78FDE873A79D5902F5CC129038C8F1C184E605EE2
T=$3

[16]
S=$5F9A2
Q=$2

[17]
S=$1B745400
W=-$5D38850EC00FA90E03C48FA3017374D7E3110C0184C96CC8761013381DBB7A13A9341F70D21AC46F727197297D88486A6995958DD56DF9D91CB0DB1FF27CFC5381C264CA6A71CB4C82D92B065EA34BEAE3E27AA90D0A193E66E2969283DF7443E974E51B0F3D49C05F8000DDA9D45C0B4A4EE782C22A02ED199434F3EC51F57B6A5A289969FC4478B8A9612235B54B98CBB071A567E35692497895CC9F632A3826C67FCB4E9307A6FED93FA5E92DE09B8
J=-$F3ED671AED113830792A505FBC76CDCFC0EB9898DD85B3D00E0471B463A26B336C4DEBA5897367BFBFC27671109EE67E0876FC154D9B77F87504E1B33A696E80CA801E8FC60B897908C073469D99E64851F9C1EE94F3FB46058BD63EBCB6A461803F5229C2471E3D7735415CDEBA4D86E5CFEBDD50AD24AA0B211E0E362AFDCBE528C7099E0BE4CC2DE1DB590D58611A1376B8F651A4B52CFC50661A2295774BCC4E4337D43B364127CACE6F5EA994C10CBB86217D0E8F3AB150FE4E3C1E01603E25255BFC6E395AC0C4758CFC5924F7572B254331638471C2431EA87FEF5B84E2FC818DD60EC723E5F10896C8CBA3EF84777A71478EE541E54A7E583A6ECE29269C570ECC1A2B48A2A632062CFFD750AD926C4B7CA5C4C8A3B959EE19EE5996D1779114D6E78F1FE5302DEBB49D0B34925686FDCECD8E66ADC478FDD733DE665373A56E4EB6A00A2CDA4C5765C033B83ABF4EAC4FF017056ECFEBB9A8178E8C6
T=$1

[18]
S=$41E0C204D6
W=-$28125890B462231DCA2D88C05E3A74603A88477DB8265B0605F3519BFF445F76A64EC4B3EA6280B6B507F06E38B8FC59E8C6E909D1AFD2D986253836D843E9741F80ADA243915ED2CABB164692C19F1EAE1F7E378CBDD97723F1B755D3DE66046A0C2A4C8850492101B77EFDCE7184D571973033D5CA95036B245D1395ACEBBAD4B6871FA9C5C39C5217BEFBB67DC2A9146E3D7C2400612704CB41279A95905E34B47392FF99B2AE79C4313904A306
J=$98312DDE07EA2ED8E185CF28ACB696587F58040C751C17DE660C3ECB60EB9C9891968E3F574EB2367661E95532C9662DC9DF186F9F6397C61257DB39DF8195A0791096A0B7A3325A52848801FAF4DF3927CD9D2808A4E27CF616498629CDF48FC20DE69712670CEAC7C7472D566DFB8960AAF03E2547D8523A99A75A9545B91DD6D261AD35CE3D0A7E6EA12AA8AB113C6132CEC3B2EA128355D949630A346C73C4527362E0D872B6136FA87BCE498CAE740D21BE1B90AF7A1A6DF4631F1BB51ECA25E467DEE9D8F14F24D8C59177BAD2E8EB569F81C017018D7DBA4B5F198055C40B80706BD730B4231692F1870170389AB7C2F3205330078034E71BC09F542BFE48DB50A741990919DD2A959A8F2F3207DC54C2A4F8A21F0E2281616F9E3977C1BB353CDEC8E4CA30B3BBDC487CBD0D21F48420AB5EF4ACC798CD2270DDE096DF2595FC98F9CE0442D57FEDB65CC5FB9CB8A6A997C727BDB5E212548
T=0

[19]
S=$1B269FD05EA3
W=$1295FC41B04FF52152B8DABD137ECED09E54956E72554DD4F10FE7A3CA2D8243841DB690F099302567A6AA87A01B3A0961E35C788D14B4A13FB1CEBA6AC303753AAE02ED48B562CE4974D5FE6E473A01533061F687F84FFF46AEEA9DC26B7ACAFD431FD04CB0E1B4889F869A025EC7B7A05B80BA25202D7FEFAD87F5AA977733F668EAF8CFD2D3154AFD9248E2A29EA466123E0FBFD6FE121448AFE38C8C64EDE50E77A41E31E6F099968E1A3
J=-$18A27778E89591A1E9F161EF9382A4393EF830032041236049E1F63D1F94098754897388E83B0AB362859C99B89708D74F230FEEB87278E40F66176AEB6E8564CB6861A22E2B957BCE304D01BC20EFE466EDE5D63F3F2257BF6CC72021DF74055FE6D7F6D4F4669A9BCBD4AD7CE6D005EDE5573E54F02BBC0974476885920BDD732171138D0728ACBDA9DD2A5F185268C35EB9CF1CF4904394DD8FF32A6A10575C99D67C9D83FD654F34FE2C0DD0E5EA87289EA14B3D2AA1FE72EFE1A5C0868E7DB418393C83B297FBADEE4CBA67890E948B777845A8EA23091415F0C5766FBFA1EE2F6E1859920A7270FF790CF6FE1DCA195EAC6E470A1C76EB2E7E91D55AAFE9DCF8E6D517683230A6F5BAD6ACF29086DDD41AFEBBCDB4C05EC870E15A611B93138A380B7A121C388BEF51DCB56F471877E35A30FAACEE51306F6B9C50C96AF68CD2EC62DA9E28D33CA8CBCB9DD99E7C810E1069FDA72AC
T=$1

[20]
S=$549E038
W=$CFA3F4C7C004355E65F1E2606A735AB528E59E6C3293AB83BC9183589D7664BDCC8C28C6BAC595B612624044F07EFCF7EDD36B77CB89090E1889BE1AD4C89AF364AA068D7E41CFCF3D0A0C0B7273E1DCBD75FCCC8A384A4D320C361BAE98C6C3826DFFE5F9D177BD5A53377E7BB64E6BB1BF92F20D6FEE8D01E807826C3C6F785B9F2F120BFEFF85EF778FA8766BE928408DD73FCC5EF952006E0BB918D1EA02482596A7CB91491A75E
J=$7B2B4B0A4E27B0ADE7143E23C2A86EE90162EF9690C0C63DF294ABADEB59151E97C3EE6371155DEABFC11F8FDEBBC8D13E0B084C56AE873ABE6D83D4CCB23E14F6160662F949EEFC59AB452F5D2018B1EE4EB987773F811E5ABC4ADA03885598EE14E91104970A39E50FF620A70F82B917149F9D476F9D809805FB4CFD17E30E9BD93E0FCB2B92BA5BF74B945F834CC1B969D0BDA3D8372CEA62F77B4D9F739E7DC2C3610FE7233606CF397A78B38CB24828B59968632573B637CDBC4563A31F9044C1BDD0AB3CB83FCCC085D8EFA91DF891F502B2E8410FB0CD07196AAF390C34C9E1EB821AD2AD47FA030FB0ACD48B4DC51E1323F3071A1318D22B179CC6120611489311E16A204116CA0BFB247590064F70ABA0FDCDCB95B6B987DBF752204B155FFF754FADE1CFA874A760973518C313812452F3D6D978403108F7BA754B1A452BE8EA99EFD90D46B1A6541D4AC087F76
T=$2

[21]
S=$17FBEBE125E
W=$3C3658DB1AD0AEAD9A1D11C500A4BB7BD572EDD263F17C9F099E545F77BE231472C9588E580B0C375E797A1314606746CC9298D7ACF59B033791AC032147D97D98494566E585D3D17318D14B1686635B274A98740F676B6FE9E1DB5EE34ECF3D108A4A721B9F968499435E26BEB93EE34DCEF3E467DE9A6A46781FE2B668A96D5C013674785F6D57E106800E92837DAB9253FF9FB82A6AFF00813A5CE8074FB5049EE102107A14C2
J=-$75CBD2C7F73D02F8633F11D53154BFCF9AC38A385323F4D99ED6F979575277A7E492B3C50656C5F4D89BC1A1042B2D0B1B6E75584CCDAD404B24F1C7455F96A2DF6DA062E308EA47227D236C2D4DE7891EFAB11FB70382D31B689F7A8C2416AB8114FFFABCEA2C10F88E2A35C61B04C2C0955AF2E2CF2AB1D933FDF422091D3EDFF5A57F79A44A54C8EECE1E9645AF100CE38FF153A2C7E279CFCEEBFAF8ED3F330F60AE1729EF3D08644CF982128D3A751410A58572A59F1F9BFAC45FD153E3E5C6244CA603D73D8BFB67700144BB8E3795E3A1997B4F728F6901FDB957957F8C2583D19003FAFE0ECA3847BD556149BCC54DF2F8C5C9C0B349C0BCE2F61BE14A09A3DD18B9E913612559092C899B3CA8D369112A3DCEF8BD6F90D30E87D88384EAFFF7729D0F30533BB691B558087C750A255E4B7DB6DCECE52DD7F5EF779C80B34412CA149B6DA86FA13976C077
T=0

[22]
S=$FC2ABFDEB4
W=$4E69D54B9889EEE12348C4EE863DCBE1C82871792BF975D386667F84B16E04020B4B92856608BF1C0A9654BB6DE69B15FBAE3BFEE1E068F56743445974B7894CF572EAD71ACD760CA034210FF2937BDA0C57C3484F79D98DF6A0F15E70939521B8DEA2A811523FE6DADEC1A0425E55900BA2C03B0C562140B7855474505E34D892D7F5C66EA5344BBE37183F350B2B3172BD65F9D3F9438EA73573C0D257566ED848AD32154
J=$B2ABB3B93ED590CC3B21F46D4EACE7E7AFBECC09F3049484A4F834CB0CD79870A95C966528BFC81D33CAFC14A2AB8DA345FB0B8715B811C47C2F602B92FB0F57110850F6DB51A1D3409F591F143805F2FEF413DE5D29647055080B527C059E60C46C937D19C20842EF0DDD645CF1AACE89CDA8ACBE71ECA9B76A0F23AF83E15EB918357E36D3AD10C61D949DB7BCF0A643392F30B263A8423B331F670667D606F14ADD050D34F9BE59703CBFF7802C45CBF4D85C5D78E45AC5D9FE8C0A12ED270D8FE6818EC20E4CEFA53BE30F97414B08983592DBAD9998E3FC90CC910411924E419F3599E47F880C10677FC6448759DE6BC9A55978214EA33D5517DC722E6589CAE830A56F6F82F77499A4F295E9F469615AC8AB2D0DDD89C526636BF7A604CFD2C06DF830DEFD1436DE2A4F5A9FEEB3B148DF9FDE23C87BA3030176228572B6D906C86FC64406583C
T=0

[23]
S=$661ECA293351C
W=-$42833E76C448A9035DBA497836D4A1AFD1A2CC240B689E2EFCB81F638B964871DE1F7CA37B48E1636ACE748282F544C0E3FFCB792DC0EAB5D51C26B502546550210B9807AF0B9760A77BB58FEC47B0FB16CFAE3FD7A3396156A3BDBECE619287A61425C759DB42E003B14BA08FE64908C8000FB9C44DD928272666D5F412968B10D91C1B75141CC470393262659C9E3CFB1183BFEBA6A8EFB1DBE65FF2B2CF240FBF98
J=-$147AE2BF0B3C9F3D631C1B206F7DD6BA500ACFAD43853EF5AE0747D851F24645320BF4E404DF6E80B89A864700A61B89B6AE0B07CACB32B3FD89836106921888A11BDD64E56641CA01FBA5E40904760B69D6A06048FCFD89CA398252768C4C0B293EF6B4759082C81698E0E7C2E24D7C61F474202D4E1F3A559D2B2211F1E04415A66721C9622792BF46A0B3DCF9AFDAB140BD94DDB70D2731391CBB9EF67F27EDF7ED1957F15C3D040589A0E817C3400F3F24AFEB1E3068F430B82787CB33323D76F8A07D05DD27D9742BB2832CB281686D776000F6AE994E87A76A0FC8E4B252B06DFDA4F902256DA44F069BED8FC3DB777B0680219AF968D35221B31E8E8880EAE7B22F447F88D866869D6E6B11B823B04C3038FB26B1C42C7D993227B8F4302ED2E15AE2C4FC2E55AFB8EE7316B434C51682938E6FD74CD5A3FC7A9F8DF4BBDFEF14E99
T=$1

[24]
S=$2F55BA3D
W=-$894F617750D567A3CFF048E8507F9A08053F1157A892A2A823A3B0FF59CE9E498912F9753D9A77D8512595FBC02C9485F2F0FCC0A52AAECB5A59E172D82103277B780BCC3AE5172A26CF6137F9F600B6E0B91471CAA22BAC7B63D2C9B4546D2C9B48C31AA0605AC16E7A716EBDD899DFA311F9E421E7E01CCBABFAA0AE6187EDEE11DCB1A424F79932B1D8B412AA456F6DD2EF04005577B14C858B6E1DD911D
J=$925704AD9880BE3E10C98DD373A90D8AAFF0A57BCDD334FAEDA72F896E4B90543418EE150909B228BAE074B9A6F8D85BB653884F3DB4DB1F2417B0BA8E06BC3865715F8FAF704430E586C035F0AC409F38AFE707FB4F93D7AE9F9552FFA8E00A7DB18E2F89565844B090175FFF56A82C1D8B059C7FDD22DB1BAEF11AFEC77ECE96C45215409443A6C82DCBC32E2D795B9D2D2A7289371BEB15954FB07AFBB0F329F857B54A0417E936B7527C7AF417BDE5F6D0769C586A01BE255F77C0757AA7B9424194E78104CEA4FB6576E5044D893BD8106E180CEEBD9510940543F0BFD771FF281592BCF69477F36A67FBE033B7C4676A38DF5F99780A966A88E322A9783DF11C66C7F24072ED43F1B2B3D2998FE386D41C55E955832F63C25384AEDF35062D44950D864A77FBD355EBB1AAF4CECFB0E4782B7FFCA3E98AA123D95D6D
T=0

[25]
S=$4F4F074
W=$45DF168E4C11D62B8663B9EA6FB861D4D7EAD09F01D1F120895A668B734EAE4E5C5C79A6A26BCF8D13B897A57A7350BAEAF5FDEE4203A767440BC6953B5F7CB580E1E144E7A8D2AE5372CEC5299CC651A5159E74C791C48CB894BD9FF3CC7C2865DBB194A03D444C1C7F5FBEE9182CFE7DE873F36097DD78D557298FC2E74CB49783D7B631BFB4121E8D24B943E2F33B49649F0D2AAD7B2D4D7DB675A65E
J=-$30317C9056F6569A434F700CC8B9D56B24F6291EFB703FF339452E777E47F5F054343124C963275A57E2B6B6C9BA3E445622EA530A15F6597E4F93C817B6DCBA981511ED8B98ED3E4D5FB483CD2AB7967383E72854641E5570C9DDE3EA3ED6DF1D3544756E0A59B5786BD05A9AF84DFCB71DBFFA06B669A71019098664301609386BCBC6CF6D105F8EA1D72FDBA87E75275C6B99FC2C455B6E811275F3E85ABDB64B32D47F36FADBBE631AE133711362DFD717C1917E6CFE4BA0DC1961C2619B160EEC30EDD4F7239F635597462E35299E4E8EFA63DCCB95F1C94F260A6C1D5C82600BB2E5472436CD6E3BE0B4A18CFFF7DE835FB8D15C7D74F1131609A3CA88CA0B7461DB21F5B4E15A2D9D996CB3E872113D8CF9DDCB189718974AF73FA768BFD7CEA6181CC33BD86AF1AFD5B8973896ABA0AB4483382F2E22D5D
T=0

[26]
S=$92BBE0E65B528
W=-$25B89A8C89432182D46C73BC0CD24D1F942924CC9F43BE12BC7F476DF174EFCF99292043EB21DAC8BCF592CB8AB0AED485E35DF4A434A80FA6CF48BBA450B07BA2ADFFF6CB09F0469F182BFDC04D8D8E13F3983397997C8CA28B28852803A140EC159421F74C83A4B082A5359A88C0606E718DD2948F5BF0938ABF7C5E60FA3F5CE355DCF726CD41A9879E76188F863796528335C7E754604670E1CD2
J=-$8A0622163327D9C9679A499A3FAC58E44EE327EE795B6A6D69E50BAFBC06B16C3DE40158D135CA7B6F8AF83A58B7BE2DC11AE575D9C901BF355141415F2E2595D9A1644900376885EDBF352A5A4C755FF069A21B8B1A13CA7090C7C8D77CAD6515C9D730CD602D1DFFC206D829144DD7933B6EA4E423581900D4110B8EE150449383AF354DE37C5268A83BA6CC54A2322B5AE86986C10CE7CAF47803A8385C7BFFBC55ABADA9AC2D05C8A67EF004DFAC82E150F1D6C0AAA553FF1EA35A2369088AFF9B2EB114161808E10E50E3B81183D558D47ABAA408F70A5218222ACD700FB49047996C9B5BF66BD7E3BD7A62A99D5F16B4E1DC419202CA3260C72BFAFE585640915130036327A1DF72DC7CE43F4BA61686071FB8A856C00482806E7E006ABB2AB86D80F214614F55659A84B6FE92765E6CBBF2799FE9
T=$2

[27]
S=$3155DB2
W=-$C822322A8F4E228AD5E6D512B637E5F88B5E314A496187F70B9F9B700E25282EC34A2367EBB70DB2AF370CFEF901E997496031B2AD0FF27349C37A0F063581A874E3DFDD849853322D2CB28ADA8EBAEA4BCE62EA0ECB5F7969B2958F2AC3D0D0DC54DF568F6520CB69CE8BB564F17A1D1515A021E7CE5477B979789B456B99F134598213D7145904960AF0A8E2C5CDB9080B26C7E2102CB66
J=$2B59751507C57DDF448EE26E72EFC6085C1C341BD07AD97321A95A1F84ACDAF03A325F58D520EB748FD63C7057E32D41918C0A4D371110F6B2D3C6810B40CD96119CD22C4E8AAD86E1D523E70CF5CDE286D7CE963BD06085A1FC7D51170CA6B22D38EB51170A04B76C25D6E1BEEB6BD0B9B4167C74371CC5DF408A8E985DA37C97AE17A2AE9C0706D5F981EE14CEBA159AA05A92429B492D707CAEFCBADF87E7D18CC9992E7366ADC7DB310A60E7B830889431CF88D86C7EFE704BD8502BA0E64FB4EAF9E60448293EB4FB0AE652417E8F3E4CB58E8E065C1E7B5B1670F285A0080BDD6042FA7E4B74698289C98407F7ED6554E30EE7593998E38C96AF958A5A6C438DC59B648B084978035C126BF438489F712C04E3E37630B7CB72AF97C866B379E1640FD1DA0107DD3452855F8C18B95
T=0

[28]
S=$5D049DC2
W=$73124801F4EC501A0B6D9161A473E64033C6BFB4B3673B0C5F2099C25931F2D3E975ACED83F0F317F27C09CFF739CD14BBBC526409BF15570755827851A0CD5D65C74F196BABA0B563187923DE259AC2179D00984BE824724DB10A0CD1EFE59B40284474B8ACEA2A81C66A76EA4361514E75194057374FDAECFA1DA88BE3E2A1EEDC5A88879AACC16E8FD7ACD2307842A9F838B02932382
J=-$1D7B717E5D70837579F9989FCF0329055AC836DD8D20D69C95FBA47E326806974C2809AB9A4664B40FA971C16B50792CA1DDF7B079AB746FB2515AA84B1B78E39EB876EDE7E45E2CF0AB60532C7A3451D13B3D142274CEFCB679CC6AD2E0145B0F9D8230F8686363A0C548A79DFE8FD658F810883817068500070075C356B49AD1021329937830BAE54E5AE203ECFA7CF73CF007BDEB5772544C97F410730277DB49AAE4AF73A9EF3DCAA27B528B6BCEB29EF54D32CF3BCAF63C506B1EA803D4705782560EC1754415C4CEDDF84DAF17A833853FD6998E3E4E919858DC96DD8067A6BC720A3491ADB55FBD957E4604001ABFF50A3A0B0F51FDECB4882824B152D78B260FB3234AB1C96E3371EEC5FAAF26B185021D9EC8B2188E6553CB62FB167118B3662C10C41BBD98396FEFA10
T=0

[29]
S=$40A2F8
W=$2E57A6B43A72240BEBFA2D82DFA8369BACD6C30707566903FEFF63262F958523BC891944FB44E48467ABCA47EA5595ABC878237591B6AD3F250F3561A4256602D8BAD87DFB41312A8628D4A50C1533684A031656178CA58767E302C2B9E2F28ECA3F5FBA936CEA07803B4538916736192CD9B2406EB9AC548BD3409D4C442A9F6E527FCEADB5B3A96F0A9344861CD95DF9CDFB122A
J=$FA025A743C712DF74BC030D2173481BCD70EC38C391E8B097575E06B4ED2A4A15BE55EC3CE01C8A7E304142336E8B62F994DE0116213A1FB2CB9FFE2AD486E3B11868FE916F48F7A72B62C75CBBD5C55B822F9014D41FAD47303215CAAC6B4BB5F9B3B2B7BDE4F9A1DB67B0C9194FA9A9F0A7B0C4224F4DAEAEDA2906E03FF96E78478A7A18F59138EF0FA7CFDDA03C8D654AD84F720780EFE32595ECB244EB8404EC38541FBF27B5F8F83F093CEC3B1CC468C61CFF49537DD10CF2EFF8119FACD191D5BE6D2865C82A8C9037A86CE89938FD078856ABC3E48B9220EBFAFF97784B42EE0A262A67B3A4D3976D315B0D9B58CDCEA3F1AEAA9D526C00E941AE78FF5899BFC775672996F917EF6F60581C63BA900DA2BD5C5ACFFEF49F0FE5A5DE85829E1F2FF5199D973BB
T=0

[30]
S=$1CE7343
W=$175E7CA95AE484D48B5971F7E3C9F78BC5661BAFB38C2E65C982D8D37DF86A8EA0F24201A00B27706E4AB87F0111B1F327FFD3171D2FD3E5A88345DD7FCC458EC21AB35E3CE47EFF11B088D47D1CB7DB08ACF5486C2396B52D3C066E70B0E4AD01DFCDC5C183EB416427EE8C8768AF04E9144E9118F4AF2995B562D4C3CA4252CD7C72FA31675B67F3FE5C0DA3D7BCAC320559303
J=$36545361E9991084B85C2E6AAC33C5C7A7D088875426EEC96C87BFFC83EF8966B5FE8D458782846A0FFBE6188D70C0D2359B772E2975896FCFFB0B098F3B19329FA981A6D5F6F9B63BC1C2D601105723462F0F0DFECEB8037743ED7E54F4CA7518A48B0E332485FC5B7D71AC4547DC3A9D805E81154957322A354CD4EA22F658C53DE9D95664B8FB0939471536CD085ECF1B026AD4877482D6304407011A503BC27BE3FB36CD7AEC6E5C38BA9CAF8EABE6AD408D13440EDBC09DA94FF28F0610B1511C56D620804F1FC9FAC15E641C0256A3CC88407E02B74923D88B103842C70DDC93067B02BA91820742D3937C6F5643AD0264FC847CE372A3C684030C4CA513AD408FF5E04BD7E21098C4FD0B716E772B4DB61C3FDC3594F4C1178BD96F0E667B52B236697C09
T=0

[31]
S=$59D8984
W=$3C2F9B6856BC5E842EB07AACAC2E5ACE9136BB337FB95302C34B432A45DD04A98FE22D38EC4B6FD89D91DD0A6D8A7BBC85A710C31C34151E42F36C953DADCF2BA659A24343571C934D2E73CD700079605B949AB844060BB3AAFA4771C211410397334278ECF406CF567A5C58273102C112F187F2E1687B7E352DD582433037AFA2869D7804DCC36B684A3E4B72CEDDBF8C2B8
J=$272A3CEAAD3F8AE587982A91204DB4F1210BDF1C9BAE7D24D61118A0D8CD7BD46D5EB8F13B1DA38F4E1F839489BD09F04F74BB7DC7CD88899E19E45F8061FE56F30DFFFD636E202DFA3FB20224D247839DE9C82D3E3E076F78AC4EC1DC1FD5F936AFB82E901FB723C62DA76C61D68C6CF5F2CDFE1DF9ECB8629072CF1EE668AAD8E15F0F12F1630CD05203A55554E38CD6253DD13F21A79D89AF810D6FFD11C16731004632860DA2224F3CAA8EBE53AC497942DC2B348D80C81FD78C7F7D49788415E2C62BB25F5BF1F081C3407D70696F1DCD30A41D4CAE4EE160BB6FF228753D144D58BA1F2C7FFBAB949AF2B61002F4DF81902C1B2A1F206CA118DBE946CD397874848E79860C92BDD48AD1565D9854D1744205CC7F439DC8C45C0C7F296784CA8E06D3
T=$2

[32]
S=$1C2225D43C
W=$76E41B407FDEF8554EDE6550E6BA1B42A7E112AB83531F0E8F29D4DFFF2525942BCF39D02DFC970838CBE4A3C679A15642FF51D7FA9BCEA224604D5394FBD2B6697A692F34D64968BD6F8F14C1258CF00E945B5F7CFE8B5029FB2BD028FF1AF93CA4D90CDFDBB1637D8D4B9CAA13EF48A13E48EAAB76E72F789FDE8AB6CD53A014B5C1E205902C760B66011D03B244094E
J=-$1FFCABA6A58186C6F62EEBA08E22475A1A44CFF313F53FB3E1A9115FF9BECE3BF50FD00667821C552BBAE1BE17F1F7833D6280D2491982D331815A4034F70D034E970BC6BC333D2311FAB30F4DB71C754DFDF98541081FAF2638FD34DE7F6A5DEA40AD6003D9D0ED483EAF62E22640DA1C96A41605D72F6AFB0F7330F8A186F40FE4C573BB1F322AEEFEF99FDA9ABF098ECA5BDA41689FE92561D4D9515C1CA87B4894C95A80788B2F7E127B3BCCA67EA7AA1A789FE73D46412E95B7CD1F6DD012162F7D053CE44634D348D11E97AF4301B0F2AA254748095821E5A892D2D16B6216B50E917CCF78730B74E0ED7C30FFA15A9439BB11615491204E33187E00F4AFFFC413DE0B5E62D688DACCD0D24004AC810EC7AC8635FE21D9567FFD808D12D0D
T=0

[33]
S=$20D4900
W=-$C3FD36551909EE58228C1FB26F43233F2F8F2D856022821C47305614F1E4E36D8C4CE5DF31B603786DAFA94E77CE3DDEA55B1B927EED293320A56053B4E492C3693C5648A7D398B635969FDA8C9038503E6E7322D8736C3572A0C897836D2DB8C26A092EF451F868820305B65D6832C58917BEBC35F3DEAB7DC75937B8B590C72FEC17A331B6A83FBC02DBB841CEE
J=$94281980CDB51592F9DB1868F3653AC59EDB63D6F6DA546C17D1662EC1B77DE27F5CD5E659980C027F5F557A6A4165779E8B3B169EF8490C3A85B621AF712BC60C425E4BD84B1B35B4ED6C1361D9533F02BAC08E878552E1720DD4D8DE4C5DD957BA777CE2AE29B2CD1AFEC4D87ECBFDFBF0EF6297C1907DA5B3208496B7B9251CC6D88E352CF17A899454810FCA98780764C2D5D534D48630B9B19B57DBD4D0FB6ECD4CCD97DCD637C3975E71570A8AA505C33717D67FE9B64442AE8A8EEF20B7258B5C4BC0F5E9D6318BB84EDA0CA8C7B71EA8ED59BEFDFEDF510966293C63D23EBD88359BA8AC950FDAE05E9C823895A261FD365279089A32634544753121C06A4886C68ABCBEE3BA025BA5C6B9880B02AF0167ACB93AD50BBE048
T=$4

[34]
S=$1011EF95F2DF
W=$96BA9FD554CD304FBC128AF118A3B779A619B0845E17294A22EC7F35B5DA6C299B20CECF0C4D8FF3F7555B122565FAE11969615F7D6F1DB5192DACA852C7D24F763746E1F84FF9F26409D937E38AA38532D6483F38A0C4D5A73078E1BF28DA09DA7FF4D22605469E5776C5CD6322A136069815BD72BC4E73A0B8D05824DF75370398D0DF3CECB714D6ED03052F
J=$61A494E47C0A866ABDABAF35D507E8A13B0C682B4C7066A9581BF4065F0FE01E66B2166DF5E7684E543DE285171858C3028605751E3A1D3F8C925DBB6509EF9CF659E0AB8FEF49A8223836591618BA596E0BE98103178A70132094046694D44B280CDD31508F38F76ACFBFC4ED3268634089118B740D62BC5AC24882535AB67B3B664C75C7D4C6A3165849150701A8FFCA618F59E138B876D1CA37BB9564AF89FF2F6336CDFA820332BDD519513BFD510207FED9178D7F5C6E4C8DB85431E8493B3DB85D068D12D1DC4938B7B2BE377A773083782AA9B328236CAE6BA5D5F155C59FE0D3E721442C1EF36E011957A798E86E902BFEBBBE4E20DF6C88C68F49C88C59688DE7FEAD9156A6774A7A8B051DE46953D0288E049B3CB
T=0

[35]
S=$EC464A5F
W=-$7F57BDFCBB4C22D82A18F74E3C785E72BE4C1DD4AEFE2D2A83B8A9026A33B9C4F9518C04EE7B3499717F7A56CA5586CE56842B0B723687CA28FD2AA5B5A6A512998B350290A309C1540B6559F21AA806C6902F226AA5DCDF2322708FE3C76B527CDD1930F20895BEA00F6B3E447A3C282300E484B57EA2EA64EF14543AA598F4B44D73E35EAD4E0D45DB
J=-$10CC6E0D61BB3D96DA92D0CA34F8418735B6BE8CD42D881F0B5D811B5E1580C602677F2E5D9B83A16B95A80601991B6B0DA06DDEDF7B5DEBAC4CF0459BB729EE7A5367CC802629AE4BD9AD0BBDB4EE6A855C234EB7446338FA612A452C9936A3C19ACFE2B9F749B1FC55C9697FCF9ABF5B290883A661A9FCDD145A8CA474A121FDC9D6503CFFC8762BBDBC42C789F5BFB14A96C799C50B08545E43829807573FAB8164CB11E773928C08C5A5D5E3A62788FC8BE30B57432FF0F2D7538632F23C56E63D5AB5DC362F25C7F6BBE124F06D2FDE99DDD8C2A3D33A076D163A0E98A1F7F55BD805313AD73DCD2A5831A3A17B97B36EEE773FF78896FF7D60F07BECA598D866B672C31362B7A35495076B86D9A22E313AE
T=0

[36]
S=$FCF61D4
W=$416C2DC9525BF40C41C028903B5C184F1E45C87E7A362E368D0E36683F46B4B1FAC41887DC04055E6100C9A6CEE4CD95BFE73F963F9C068F2589E8572C8E2B03B653C8ABA549E4EEB0A957B85431A11DBD978AE19026A1BC51ED3327EA3F8951E20B83707E25A8CCD3BC3E5ABC5325BBD7E2CF65CA27A519F280A4CEAA31EFB12BC7A662B592D557E
J=$17CB5CF5E3C2620314C78ED151238A75665EE80EF270966291E78752C6FEE3906058EE6F71CF43FFED8621164A8D8308F3FB5650AFB1D9190CF7DFDE65DFE608E0A931537E312F53AB6593C792126D3FD92CD56F7557F3E7687DAE802A7486E0339746463679DC5B22B081C91FD650F239288E08C65E5ADC42A4585D18746804119332E09B940AF29D48D481F42238BF2A5FDB02729F4E536BB9FB4941DE3EFCD3FD553D321E4DAD80568DD3D1EA71C48212CBBC1E296D1111DE0A35051903F360A37969617280732C91F0271A55F78FC56245E6F8644DA12BDFE1736E1C2335EB1A3E1A892D3864D996A13AB17EAEEA9367B1F02CA03B7B24EFC77CC112A0EF40B6D66FD7EE88B36F7CA7A8196072C01
T=0

[37]
S=$9FCAD
W=$C6AA3C776F20A45C72108038DB3FF66DD886D8E8F95E352CE4CE890B4D1E3F9AF68A507860D6C01CAEBFCD33DD03EF21BA73EEBE14B245AA3773048E65CD6646349996C6DAF6F3A8A9C1692951E9192F32FD797BFB6D8D005EF3BCC6B3DB3D74F45107E129CBA2591C3196BFB8B4E517071B1349013644B17218FE69B01D12017DB62582C9023
J=$5BCCF757C7102E43DE42520978087D2114EC8D9053C028CE02E85E9A5D5195C7D9EFDDDBFB882639C9BCCB41495D8A022F3FF855DAAAD57682160984D073CFD1907A733D855A7EE33D54B79104FC0D78DD46435D765125EEA30835221157F97226AF2060B929DD1C1D7E097D9A276DC39D23FF2B9E648BE492C01596172DF64A60FF5A50D5E66CD818FE83909919DC3E68CB150E7F581588EF3511DAC5AFD94AA831C6F47B15B181BC32734ED6CA1F180BD3B1E7280796EF3A10B0E9BBE7F935BABD1A4A8A8A4D4395FB8353D8BF77400413776FC986D23306430602A718F44AD8A7D8863E0758141A903C0F122761C8CBED42D1390DBC126FE2B3FC166FAD5AFEA5920CDDD5243C752E263A7
T=$1

[38]
S=$49E9BB72
W=$4E4D5A696A8127F76A640E59272FEEDC24094CF5322C006BCD1455C84559797A949D397E7479F774B81A452B62766DF2295D03A8CBBD30DCDDC99C5BEFFE093A11530E248B90895B5AFD302214F3CEAF0D855AAD78ACE6191F1458C15BE7AFD52887BC0C541270B17B52DEDB2C13E9C01202B9E28857A5161A285C914D59B01A034F1FF46B6
J=-$1EAE21BC47F729738267C4000A0888CD11C7F680831237C8EDD80C070DDB9D611115358120F005B4DDCD5A3DF6A278D0E3CA0A736AF46C960CDC223E2CA175CFFDB2347F93EA018988D9597F40B2B26BFF6A89F0E9E7CAB496CBCF6A1B61A83526B40A50886A8AB43E146B1A08689ECE257E768A61F82DC1F1F9FDE43F5030B3D4A77BCF50D0D83EB8BDC97D15A9E4F3517052304429461C4EFE8BD470AE7CFD7F2F68A3E6025CA5C31ACCB8B5A7634C6D126B9E41895C01626095E047DBFBA4464E3B8F3C36EB96ADA7EA8DDD24657B7818936E5BD524DF64671CDCDC55E2C3ACA50CD943C5961E0807FA99FBBE32860EBB04C26FB884E1A95A924E96C503D46F29576DFE30109C85CEB
T=0

[39]
S=$419757D5
W=$7CB3F58B9CF6101AD7DEACA7EBB3B491FDD106D9893FD2BF4E3CDE4FA7F11583FFF62636E4DDEEB156CD9FF049013F80904BFB7587515C0CA39658B3B09985D96DE55C3DA55D6490AC3A01B9576B579585922021ED680C25260C9AFBF2130877482238EFDD976B20C173E36D60DAB38B1BFA2B6E3E5BBD0CC84FCA2A577D2964DBB5275
J=-$B7A658240893E0E5BD7158D8E6B4873D720C540D21B7CACAB4614386B6B5E2D99ACD59163F4C84852A6F729EFFC10A65D6B7205CD888B0557C7DB5FF57EFA07C5444B15226AA8E851C1397C7C275347899BEA9E235079073DA125AB28B15743D2396F4CB3DDC986926C14CE9E9E7A55D59DB4F8CC02208D35EB763338896FF29550D9A1CB6E52FC694B86327F62A0E59D9F0AFFFF4DAAF6869C2CD1F6A8DF9D2E00A76B57F90C042269E170275BDE1FA2A158B69340A06AA86744AE798F2C51368B503FEC41031864E1B2D88154806DC7CCA9B03917D47E4671963D4BC7963A081BFB795B902CCC7086E1C83D255C7266CF37B2F356429263A34623C8773BDB66B7E051A7E339
T=0

[40]
S=$13406C0E186F
W=-$12CFA9861E6CA528FFF73D54E558564F4F2F240B1DEA7FCB8208DD3BF539486E13AEA0BA3B5932BC9DDC8FF2527679673C3542676F25F195DEDAFD332902A730B389DBE2B6ACD94817DACA3F3CF43666ACA4F9D1965A8AE9F373546194607EBF86068381CECD20B9C4D50446E2FFA46EC7925E2EE95822005AEAEC7A852CAE4D344F
J=-$6B026E60D6397CC3A3D03E7239CBFB67668A3A06118B30D9CCF0158668BE234010E612F65746D83FDF51F6FCF5E09E8C71D76B79246813F5BFEF9A1EB9C706E0CBA3958ACD98CCC1759609837AE1AB7264696EF0F9FD0E45EFBC60C6444C8F9FCF3A3CFAA5C37B2F0C6A85700440DAD06546AB06E3ADD96B6E894C67F9EA67B0EF4615F23B9E1F75576A07B676D944B23221D36BD097A8D916C3F4299A5154A7ED8FFFBC171AE1C922D772091BBBB3C62A2820CD23494AFE4CC4B6FF15A0643885701AB2A5FC24E27D89127769CE4838E6A2C8CAC918FEFDF59B7340C64D24414478DC50A3B01723382DB4FEB05B20C15711D7612A0485721F027E2F39D2B6C110023
T=0

[41]
S=$1164D9
W=$4434D256E5DB9555B220C4825911A0C1BEEF20112B70EC93842572A9692649318CCDBDB6877432E07BBC485DC1BA27BA7BAC51F6C836A76B166812B711C6EDA656F213E6C3763E7BBC4AB9B494B0B0A70431BDA9DF13596CF204A6305DEA00B6BBD0F49873525A67051AF6B7D5268FE8C5B94BD61CE031F58F069AE5C0BE61
J=$24CC010E868695472A369820658629663908C1008297DB27A6474C282B9DD65049825D1917E9D1DC6784372C89C6A408B01C141F5FF33D331B4FAA0EB694F1ED2B41B6634B8A20F1B502C860654839D80897E1D116D5683FB917A3277766BF6DE868299B743F9444E4F0F514DF3D0E00E4330157A50CBF30C2E568E65F96D491F2295D019EE0D49C4744BEB94D6436A0F3E4A3F43207B4191B54182E1BDA245D56867CFA039799D43583F62D775CF654DEAC42FE197ACC5A934733A1FC2D25D9AE18D8C9E2F0AF517D6155809959F6839D8B71A53DC26D07FE43B147C075CA8989B0F7D763C600D762A5AA1F77262E3B57194B84223BE3F55B04F4FCAC9
T=0

[42]
S=$4C75AE1AB7644
W=$6135FE221F9E499D99453CFB6BBA282BBFDF3450BC6DDFFA87E73A32F93C744DE34B28DB1AE89D8D63C3524051164A0B29D93C7CE021B67D210F3CCE30DA1081C02C5D427A7B94FB2128580D27EE4C90EE63484AA6A4D125A01D3ABB4D33C05EAFA709A1E4CD180ED2C2D0623C9D1573EBB9E877431914015F28064FDCC
J=-$970D687FCE5ED3D81DE277AA63F36DEED964384FD7256D69433DF65041801B0D401AC981739223F5C255BDD7D84DE52E552063B2AF2F2BB79145C0BAF7FF37FB1B99A739863185E292159435BBC42727C3442B727B845A9A44448DD5F6D30FABA86CE95F821A3A0B215F614CA7307ECA757E9734EE00168B0A4997BFED59608C96AD879C65255DFA81D167C03B19920BDBD8A34EDAE9416D629F727494A0BDF5BCE111436A4D07081FF1AF16C1F9D93644B68CAC00F936A181A6A7A8ADD190E65C51A4EA07E300474F91BCAE05A0649E0B910F2069E038A81F0490C6ADE3656BC97C2B7764CD215ABA1D96AF201A9FF13EC72A5950B419913644E
T=0

[43]
S=$665A0E19AFC
W=$75CFCC18AFB597E1B7394857371D50837213143591E13F662B6EF2689FE56D867CCC49DF18CD97590EBAFA1C62B658B1CD86680D1E7F7411A1FB645E8CB2C3E8259A2FC39D3F413FAD925587E15818CEA6E8B589E350F2D5FDE88DC78E7A06C9958FFEB114BCB8F3919EFAC069AD0EF02F0388CD28A761A144AE
J=$64D6F701319FE54F6C4281323324ECF50CD743C7F2C77B4E0575D9A36EF751B03856CE64684C5F3AF2367C0C215C71C677F688D88219F19EA7043BB8748E05EDF85A44F943E81EA4BF9F1EEA781552C13CEE060DACCA93E994F348E6A98823EF0263320666BE1786CEC67D2FE9E7146D7452563D99935722C486E2E6BDDC2A1251015D2C9BA5C659B1366F0BC489943EE64046000CD9BB1737675142EAE163B977ED0137268AAF27CCB5D59AA2BE0409CCB8EED534C632AD03518AD622EB7A39A97CC634724E27B68AC92F8F4F0FC13C88A1FB83D7B57E1D6D023EF2213C04804761549B75D4261E334594144FC7621120CAAC8
T=$6

[44]
S=$9318D4
B=$2

[45]
S=$32A3C2302316089
W=$3ED36B40A4FC970B1054DB25A8AC0DD91C776EBC8542BB1C31FA87C6C76947F306F09B721E724B2987DC2CCC7B2EB893FBF7CEAC94B3346AE6B60F7CEB7CC84978CF7ECC1372281DD168A5125A8EBC3F0FAB4F63FB98D83DE5DECF18DC940AAF30621D765DB4ADD064ACD3FB3D2877A6F8C8AFB389C23
J=$15265CB5E8F844C0CBA03360F2C2D108CE827BC68491D3922681F026E6EF3F175F7B722C59E87E1FC9A6A63258C3A73C9E8B6BD1981ABEF375D288C81B9138EF852F38C3EE65CA7ED9A644E123547D417C23EC8D9D3F876C99D3B68A785AE7D86332532DD074A261015329AAFC90F63A6D82FA8C60F18863A8F271A37F5E9104E0164384C80DD9A33D2DA7FFDD0525359A270F435DA79DFFC9A6C3569280C2E4EAA5A99A8B123AF39FDD8B774BF5E1675B87ABFD54F379603D56FDB041FC4AE668C8952AC3412669AEA0B77858F5317651582074DDB396BCFCC85AD46A1ED58F4EE9138FDA1AD11A45758252E
T=0

[46]
S=$54DEDD0B
W=$C40B68154D544B425FF4A3B53D082A3F2E27DC38EBCDE669311A0DC774B89199BDFB84DBB0BA521E54A8C9164CFB1A243FAF6576D983AC8642463CF747A4DAE4C7AA813EDF4E269FC9902A93EE91F944D5A672EA638F8BC6FEB9A4631502CCBFA38CF1DD1DCD3F326C54228C982DFBDFE2665
J=-$4C2899297D78B755173258210200F02E47CE36A95BDDC7EEC6B5A6B0634E838202443CFD153F01E1A190D4D56345119BF9F23048407AA27878D7D82A428189B04F033492EFFC77471D1772C07317CFADEEC91AE1C34ABB87455751C7DDAC3D8B065067B6277A10FB1E147EF78FE2B7E90B4E6EEC3C073D06EE43EFD8F5F6AF9A9D1D695E3F06AB4CE62D20A0D4A3D980308EF18C3B5A8189ACF4828FE02388364DF9E3B82AC3D257136B9695CB5666F0C7C16FCEDDCF0C480121A6DA6BA2057BD0D391B5D0DF269F81083E2139BAD87FE1E0DB99EF8073126441B2EAD75006B02E748A6E2D
T=0

[47]
S=$2AD40
W=$2D9BB84D1474D6E8410BD4D2C2814ADF1639A8C9C515CC3A86478AC7C147AE00AB1AF3083651CFC38E32D8F49EA1D8F40F00545F443930BD13B45F6CF9624EF249CCD6343208079B3C0D1379C9DB553160794E8EE505B5FC2444A08BBCE6986B8AA7CDDFDFB69F0CAB2869922CAAA3E122
J=$C1ABB7981ACE71013B028FBA1C4A4C70F4994E61A9F3511FFA78AC77B63975C03C32AC1A51CAB4CAF4506C86CA3CE78B02CC28A953266B3D259DF1A6E66386028818FFD2799F66DF9CF4AC438D487928A043EA75B0B5014961E78E0ED995A772A1D18B83A291A3F094E9C66FBA117370BA235E7803032BB7EB5DD985B6C5AD18750C65D694A157569829A36512BFBAB7EF3684124532C278C5F232819C39AAC08768975F3B5E09845659BB5D8DE84F94F29D84500D8194C16FF975F76DD1A15DAFFD46B0D15109316D7AAF671EF18027CF319BB31DD3780CD51AF517CE2BABFB99
T=0

[48]
S=$2810B43
W=$25D25B88CD065DDAE84AD24D50743A2781438114587F70B05282E1B0D204DDEA6C3227E6325C2F0E12F64B20CD252B0230D536C260960D2E6E505AD80C3C9D04303AB7A181F30A454BAB37537635B6A6B3070FFF4F3B1C85A7A02C404A88719FB95334AD6598D6994E9672614AFABB1
J=-$88476ABBC0FAF164E7F2C1C4AD4E8AAB5D47D20C27E440779E8317B5580C0517A9F6E1DC9B9427A81750635157400559D1AE2F96F66B938A61492DA791136DC082AEFE7A0BE554AFAEF75DB46E62A5194E05FC1C11CAE1A524A853427F2425CA02FF412EF8D81C4EDB5D03E924F604D5017D07A4D6053E676C722D575AADCA00B2CE1A4D7D90523D4F7E52F8739A2C61635D132EA3B54FE943843F2737821A4013AFB2109208B3B42AB89C055266C4D12450D3C427C931452ADD01A45ACC72C00501EB2D8AC1AD6061A643350FC4541841E68E2C737DDB0610616A5FBBADC1
T=$1

[49]
S=$6C564560
W=-$113550EB15D13E9B3CF7F3AFE62A8CEF43DD52AB6BBA8A4BEAC3EB6AB4AC7BF9E8126EA1386E563375769D8D6BD1C2BC7EFB5FCDB3C807A93B1638EE906598BA75E72F4DCAAD42F982EBD0D99F980E1ABB780CE3E056C5FCC97798C68B83BF817D79C49986CAFD6B515352360076A
A=-$23
B=$62
T=$1

[50]
S=$4D0FD6C
W=-$FE7D8E931F8DA089A5DEA7AA448B12E817BC0F3F7FE696BCFEA9D9B14ED4693047B5F3F8F0D977ECB55B1D08BD41182618F51B20F0A0BDC773ED62E32D9B90FA4AB17B7F7F2E9D773691916CCA6B76887A4142085EDF66A35AE0CD0478CFF9B58A8817D153013D0F888E4938
J=-$9C55852B1BB28F979C34C76E68A864D32FA0F42FD42F1FC5609DDEB150B6B1F95838E2D95F8750529963952D071EE638CE6D0A1FCE77E5822A9120837B9F1BB205BF68C8633AC9617526F4DE2DB09408AFA6932FC2FE2B66AF6A4738011804703B1EB6E868EDB0D8AB294894669B99A3D6D134C8763004284C5D235E0B1AAC7765E8F094DB2FE2222F07B1572EF03A9864F04B623C4BBFD733FA70D7090EEFC0C50A797A2EDEFF0EACD2DCCB6948C2A0D06DCA28D86CB1610D3C38F8599569B3098F6CFAD99532102B318A045B6414F70EDEDD8CADB71426
T=$4

[51]
S=$3D47E4
W=$68B1E1C9DFEFAC570ED2E76C136BE63C2F2782B680A18335C7F7219F042C67D192AA6FD9C18ABA2CE79ED2D70760C8556B1515055381B33040835A5DD96951FB921325B21B014FF1EA1CBBE57F605DD398E1A9D3B28A957C71C15082EB017FE85133E27FD5127ADD0FCE4
J=$15B9DA9EBEC69BA99F4FF7C544644C0691F617FE8E8DAFE04CEDBED3263F2832435C8FCD7A36C8E44CC0C09C64A9DD0D6518004826E6B13C5483F5FFC3704A31CCEC6C97D45C2E73BFA7D3BE0F8CE3D36677EDDEA038082B071974500E3586AAF8188213FAAC738DDC6209A56D041158C3909AF336D811A32923E879017A14C8F0D0716BFE8AB3CFB80D1922FBB614FB1A221E1DF3E9B2FC455C27B2E4DE87B215B5A0AF3A027B73646477D1D3A4AC5C0FBB714C451CC92CE2B7EAAC6C99D5FC3EE1F066E52B4E114BA4762682EA81BC6C6B1047B9
T=$2

[52]
S=$2FDD6B221E
W=-$7EAAD83153269CEFDB2CDFBDDAFC623AB2E1E5741A3E5779AA9E33D0E11652524211DCCE52DFA1FB58B3EB6FBD3ABCF374C7819D020ABFF015F38EFC40E22F31D6AA9EC07312968846250EC7014019F948FEBB72883450A4527EA84B875103FF0DBC336FB95B80DFE0
J=$765DFE6D11178B152254A59E91F5F43EEF456B63F89F1AADDBDE45020FF200160A19BBB22C333BE30428A27990B37BE825AAA6E9A2C531F9E3CD2A9CAABFF26DE4D9EA19B0D3F6A388EAF0FDC3D56DFC8D5D151806A28E5AF931A5FEE3F154F9AF3A53B2204D987E0352B0FF73D19258DE9A7C2E6A0F92D21B9D3E4EF9B96E2A632C4CF1E63DE817A1BC4F8EC387555AF3EFF5C7670BB3A90135A1A0555FA3FB31B074DC79EF740682556C5AA315DE5883051F89826D116A1F1E4A86B7F6A1FBC9D0AD28A9308A97F07DFB9239710088ED2F
T=$1

[53]
S=$1D25FC
W=-$4FD5DC7468BFBE162566CC69922305DB7928E64EF4A0B75D4004EC5E072060CEE39B0AEB1C76546B8CE15AF9DCC52DC228D290A243C11F74C6FB1BF3E026B17753A236A7FF513C5F34CA3F17FA1418A25DD4B1F2DCC4C26391FF2B87AB9FE1F66A690D00ADBB0E
J=-$20C29864EA5897C256D18EBB4337A314748DE22EAEB84B023444E5491B400BC5A65D0DCBEA66A47FB1695A2DA0CCCE9FEEBBF1E63A8EFC47FDDBB7518A50056831B7086EE093DD5643ABA0395E6FBD9A8EF8B87414D90AFC97A5CFD7CD48572CB155DAB58673E61187DD0CC9A9A3061E3536B35744616A96F28D73E2B143E49CECA2B6D47B9AC19AAB5AEA9961E70F0754530C25E042A57FEEA4D20E9F919DC1E7532663933D6788C6D1158E3A7FFF1B580BA7D3C85579756DAF52F95291AE1A0F28BD5C8F8DB816A718A560E69
T=$2

[54]
S=$D8692
W=-$49CCE06F489D194731822678554C8B27FFF3B977237EEDEC35CE03BE142250E5039E70638B775B55E26177EC859476BF5FCB719127DAF639AF90A9BB67D6A84BB7F3648F857E34901863F3F1568EA1D9DD9122A571FF5760C6392D72990CD2BA4E414D6F31A
J=$F30877519A4A304E0CB1C323171EBB5506FE412B7387DD078B7B13D84B0F855A4BB8CAAACA0C34B30E98112C0448F058F2B96AD065FC06884933D873E2D8CD34FC785B664AD13C86651C1594995DC45954C4DB43E66B9C408D1756FC07D59231FB4001E76CA0B9AAE5BE92E9D481F32061F66002CBAC6DA65EE85B9FB8D9EBA688DB7D4C35EB9F39DF9B08203909117C0D61E588C1125AD586AA5580A970938C7295318A3E81E5EB84DA21DB97BE3CE596670E32E6C1A0E38197EC9738415CD4AF3AF4355AA01E221A698
T=0

[55]
S=$717561B3
W=-$32C6A5755CB559CB0725C91BA238D808777AC5CCEBB63A801A92933878BEF57557BCA49FB00A979D741ECF3F0601E3F48192082134608A45A37CCC6CD5181B288E2E4F340BE595ACDA75EE7096247F409C0FC021B14CE755AD1071F9328EFDF41BFDF7819
J=$55C239726C46B75ECEE30694DFCB8F5EAAC288AD75848A1E4DFA26983BBD03A6C077962A02B2DED108B273945FE486112EEF0833DB3EFC354476802434DD9CE2CD124B4F0F3FC742D3DBF66C3B7464F46D8E96E4981FB994B379BDF9A16BD6B67F9F99C6C59E999ED6E568ABAAE9B29376077804FF5EDEDA1AC9354A7D4ED9AF6D1D8F4CAC5B92E1D45AFA4211EBAF23DF7318561D20F5584D66B750C8EA07528BE787844F74234CA2029B3C686714CD53AAB88D4AE45A8CE3D3A2255AE65234E0094D0FA06AC27E
T=0

[56]
S=$546E892
W=-$5E0729F65AAAB12185DD8CB5FF9FA287ACE5BA99A4567221FD37D4D488A5B9D2B41A6704F6F9FF53BB02727A0B4B8E30E8CA4861AF1D0C525E321194FF04E9476142951A8C66E0AADA9586436393390E7083CB9CA5B091E91920C6632738F55EF724A
J=$141B883754CBE64D1B31BE6219937C0AAD6A5EE7FEEC2E9771401A0A313C794B7FF239B592A6EC99AFB96BB5197EE7EAC109724375F032CEBD274522B0665E96AF78B0F3ECC04002AF9A797755CA8004E7A98255297CED7C8FAEFA345F88534FD1164AC8324F5457A77174672162979FB6C2C414409CA20DA27EB6FED6F0D6CB4800F9B52FECA4BCCD21D9B36BE1156A7689E0590837E471DE3D855B90E69D10EA8C7512C97CFE6F9943A244D48CB89EFF1193AE03E2587DD99BB44E62C0D8E57FE46A228
T=$4

[57]
S=$3EFC9B07892429
W=$26D20B760804EBBE20120EB533582AC400067A8608156343D599C859E01FFF27C998D454E59B76F06AB9EC38D4CF07A09771FB17B57690224CAC132177F8B4F05D5291AB7D75C0F6F2B6D49BFF0C2EC1E1E0EA1F58E7B749F936F4BBB33C406F73
J=$AAFA4E0F1F6D792CB2F1373A054F249FAFAAFC6981792DE135ED9FC2EFF8804F0AB9BDB79CABEC4A7A9408170ADA69FE836427B6DCC0441081178DA306345C4BC3666BE696F4796F6DBCF76A65F11DB1DF85DF140EFB197AD63898A28E643B4308D1C6DB4FCA76C628DAABB7231CAA783FC38EB61E9A87562FBBC978B5A68A14ED2464127AC0AA74442F85051A11E84DAEA173938F7FBD0243953BB9D78EBC847867772C0A84DCFFE57F9AA5270B21519233FEE6718E6C28409E2FAC8468EE403D
T=$1

[58]
S=$A490F1
W=-$1E7E2A5DD9A217CB0487D32F2B73F0E4FBBDF4221E043AA0DDA32DF1E0095429D12B89258F31B706BC0537209F8AB2587027619400A222B65BC47F76D25EB79EA85699FABC79284522F39D0F52B0BDF9F0C6F311FFF99EED38ACE24D7C7
J=$2278B39CC8A25CC97004D19A4A40547D1DED7D0A0AB10D69B425CD126FBEFC080F21A94F3797056A274FE97E687D0B6AAFE5CDE7850F2F38240DED8B93986BCD264C7A7675331F82A18A38E880F8F2469A9F5EA08E6D75AE3FCE190D0300D7C5E4E15DEA8DF1846F85011DA0736BF4DCB4850074A08632333A670ACFBCDCB573469809DBDD5A9A5A1256DDB20E719234EA44A8DC65B4AB42F2FEFCC6E3A9C9FD5BADC70C8E024EB345F61388BB8F5F14A47FC5AC14560C1D54172
T=0

[59]
S=$4BBC6A63
W=-$3A2A1A0E2C56CC792E1CD726B8D198F63C4EBF41C2D408AEFA759207A3441004C43337E4730F4400526C6A1B86B992F546670CB9544711357D5BDDE8FDD6DF61BDE21AA377C5BA2447A18E6700AFA25468C8ECF82F1485F443996FAF
J=$160C1C51461F990B3604E6645D30EA1B50C073EC17EB1B3DABE525C5B33F767A2684A00F1249E7A3F7DCB033C015C7BCF2E769A264EDACF5F0FCF675C0BAC02E094D10A1DDDD1F37245062FBBAE75A79BDD9BEC74832338E16B11F50795C5632DB02E5D619D9EF8F60F6CCF4D14F63E8E51B11FFD88AE75B885FBACC1C10FC18B4EF8335BDE1AA5ED3FB2B490FC6DDC9172DDF029F580EAD42B5DCCA6B3D3CAE6855CF97ABBBFC892497CC3DF514196EF4D41EE50D8F14F
T=0

[60]
S=$136408CD00
W=-$9C09982CC26C90B30133920F40CBC9193DC580B5F3E9A95A3DBA524229683A2768B700BD50159E7E0FCEDBFE36848AC48DD2DCAE24C2C69A84BC9B92EE041A21D69CC2EF806357DF1699110418C6BB77D526F890371627B46DDE
J=-$5C77974BBB7EEF16A790E607F67FC66AAFEEAA5C821F3B4872C05A12B0F88F4B870FF269EA2854F661B09690427789539AAAF1B27ACE85DFFFC3BF48BC0EF7B37AA0CE2FF97F5036D5150ADDCA62CD22374081C466C82A4A5353C68ADAF8A6D728BBB73CFB44D3B43CBC2D8D27A95EE7B78E37785543CC4615C8CF2053A756FC9D5EAC220A61BF219D0D26F7AE4A26CC0F547AA6D6D54FF48A3F564189A6A1091386EF7A8CE55CE6D35AF39F87B63AA1B69C51E
T=$1

[61]
S=$2EE511B1E34
W=$2BBA5DB269F132FE13211B4DC4F0906903A71E939802A2F111832D155E2B4F70844C8904CE93DD8BE6453121BC6C249943A859187504E72CE2EB5EABE907F42A6960397AFD515BE27CDBFC075CAAA891307680697A26CA86
A=$2
B=0
T=$1

[62]
S=$635F38
W=-$1349898EE54BAC619835E81212CF74283BDEECA2D11B5BA38787C661FF3C1E44731CDEBCA2E518FE6F7E934BD60AB95797467EC8AA16CF7107C619AEB915AF943F1F6A43AED8881897FA3834A95CC490A85EDDF288E
J=$41A4FB301C71C2BA0EB66E9C751901ACA7C7FB24F92392714B0C428E8E2BDF95B1044AC11B7F65D8F308ADA7D19A2E1B6D56D6A775CD8C1E8257D8F3DE3DF76134969A3146F4A2C2899786FD5D0565F43A48ED2CF2211A27AE99E8B9EF49B58B3C06E1BF85360A2812E43DC6171A627EA6AAA50617F4C99B68DDB78F17630CDA91973ADD2548A6B0356172CF11B3CC92B38EA4AADCAB9BF676DB51EE51FE8E8B98328267FB4D9614AAC8
T=0

[63]
S=$33C33BE
W=-$25BDB363A974A4DD1E8682437A9DA8C1CD215DA37290EB6FE67D8D4C3B86889C16613AC7D7C139D63A18BA943311B012CD078FB78EB650C84E8B5272863A3871DE239F07C9902777FC10D2B087457109368B8232
J=$105D152402FA9C4D3915A839E59693289D537CFD8639362B171993EB1BB3FF33B394F86ED9CB75AFC867994215818D285ABA93F540EE91A01C06FB5598F0327ECA2FB15F1EDCBBA8F02E7F1D51194E90C96E80F33F0CD58F01C5C25D878AA505ADF6F69F14C897F66907F35A57BAB3C30C8A74DB6EADD9CAE9D3DBA03DC791F5643BEE16F3556AD308FD6236C661B01F9428B2522B2018A624FD1DF921D1B6BAB64463C3C6E6A6
T=$3

[64]
S=$8F9331F1C
W=-$83B2CBB514C124093608CE5E36929E8AB25E35AD4E787E9BC4B5F5D5543A4AB46B0214F9B4222413FB94B45F23A2DEA6314B080425FDD72A47F18D30EB55B74E218DE34B7FC80B203BD7A8E78023F42F62AA
J=-$41E5237034782D86D6F9E948E4647F65503BEEB048A7FDF4869B83364A28E9A9CF32241EACE5060EE4AFA8FE25FCA7AB0DF0A1FE3070E2CD6100431AB86AFFCE5212CBC6F08E21AE226DD18A16F662169916F15A95245367D35244BFEA9808544D056615E36232F487C8E12C980CB74045BFBFC72A3C609514EE37EAF2C7B8395749A5A28212176ABCCBBB70C0B05284901038A457FBDBE7C926ECB970A9F80E88B52F1
T=$1

[65]
S=$31B9CF32
W=$7874B1F2CDD4826E6EDA22D3E3623A1E95920F2A988B3592B64514FD94ABAF5BB12E2A683C5C9909F41C09A7F4E578BB08B0D99DB135CC288C39B5E142B40BCD782E08BAE7D9051AB17DBD1A8FBE8DF6
J=-$273C5090C66F2A0D050F4ADDA0B41E2BA563290E7E197578E23659835D78E991FE0EA245694919DB89941CE6A67128790C2C7F69C7C5617934EBE9D89A0A8726002ECAC921AEE97CD7550AC7BBB238C9D6BC0ECF8F53D2759CFFEF7E32CA4B39AFF91C1F5FF89CB86FB012DC9A72516AF32367EED295C89D0FF925BBAAB56A6188C985E9DDCF7EA388EE7F8221DA359934A9C72E576BB1429EE5F85E067F33D
T=0

[66]
S=$1F05C16F46D
W=-$A8943252A8892E8BA54A4142EAC81ED46A87B18F27D17AAB6D2B20C0E3D3394897E2364BC3C4BAF8AB901E65C5FC63AE4C844B65E51E48BACA866AAF159A511343E91C9DB90BD43813C2ED060591
J=$1BF11D8C1EC40ECFAD7B9CBD785DC75F44C81B57E9047E5693A798956682BCFEEAD246890EA37E901F48EB063DA6CD0190C91C17721544491D2F2C187043292A5D9905CDF8F780D2DE9868E94CF960297321D1BA7FB087AEEC697C2503E350C24AD1394968206635BC706B3733E0D58010FC375D97B468BF2115460E9E7D5D169510AF1BDC42A0C5C556BE05DABA48A69533D2196AF960E9CB1775D6
T=0

[67]
S=$8FFA5B4
W=$10510B273B1AA79A46E7F31B82A89875A4EEE32DF32B2BB72C585AB1F8B65F07FD11A0393D51A54766ECA7D8F159C11D4300892D85128CADDBFE40F6EB619BF7669019EC286DD79EE6E8FE0
J=-$6424C65959446ACB5C714299CA7B518CB4BFF42E2E12367E21738534E7AA3C34CC6FC368E0F230AD3D5E3202DF453BD4421E9BAF0052B77B7EF6B7679A0980FFFF44CDAB78002C79585CCBB9668D0413E57F2AD7475FEBEE7CBA525A29B7140079731BD529488BA7A3DF4E9206DEE785EC7016B793D5C0C214720B16EEA0A02A6D12D87F94778D527258E7A57544C3AD07C4718B6AD25
T=0

[68]
S=$9518F56
W=$2E148436A6A3D58673D17E0F8D6D3317250F67C63BD3465EF6AA7BD422246515DC03D9E4F7D4EE24F3596880F80A377AD3CAA061257ABAFD4E64ACD46751EA821FF85375F3A140EA45DE
J=$208645A12832A57B233A6919CAD55C2918F24FEB2E7FCE4FBC055FF2CC6EE58B3DF0CED4DBD6DE5F31EBD22C5D66887A84C9D81DDFDD38FE912B39292DC4F17C4E0816523484D9FC6D2502DEC36C07235C838F5A8C63B746362450BC0E9D68C6160F6297AAC800F68FC243E08D89F5857A2611ED3FAC462AF46C944DF6978E293A23060541D9956A3C4196ACAE2B0C949C34D72
T=0

[69]
S=$8F6261FB16C
W=$14BBA47CE932D07527A5DE3E260F1C32BCBF2ADF9DF6885DA704D9DB5F119C55B19EFCEE1D09D00C69615861E200C2931B34C0A1160C7D6FC6252BB5C6578C33E378F340DF7839B34
J=-$5905B97A5DF09D81841ABAD9580B68E9599E13922F00D03A8EB943AFC86F7959DE4F1EA23D41CF109D45339D2E67033FF7AC71140E894ECE739D66CFF531151F3C51F2DDFDE2D28CCC14BB1042D6997CB56A7D8E50BC4B06CFE8F371609A5A649915FBF54173268EF9115724D3A8B851526843A8F37B8FD3807DC48F523278FBEDADDF5470454459E67EDB0E7B751F3
T=$1

[70]
S=$6FDD2
W=-$171A4BB807739B7CC93AC769A72CC6B7EF4E5B9BAA66D43A08626DD8BD7F00DC85755CD870CF22B82D63DBF7B4893CB5F0B502C8F4A6C4E88D92C7B1BC61ADF5B1EE6828ADC
J=$59B811EFC595D54894CB6C0A86C3CB92A0F2FB183C5A280B7B45433E60F6ED24149E5641B529700AC670A8277BDAEB03B5F733A4DC3A95ECC30CD41243E98BB45E0368E73D005CF29528807C8CA94B82F60D4E4E884312E4A9BC55F21298AA3596DFA1C8252298588AED495DB089EBABCB509D056B86785D9167844E4FC8864CB68F9E3D58A6866284995
T=0

[71]
S=$297865
W=$25DA03C37CC312C931EF28348D359ED986ECF127225127BAAB07D03E75BEAF7C9E4608002F5D5F44E52C9830EFEFBFCF154EE184F5A2599A543C02FEA2FE189BBC72F4C1B
J=$C347723450CDFD1302A707ECC570EE4D62B1C23D43495E64AFD9EA7C5E0218ECBB05B9885688BCAA03925762790B50B0BDD86438367A8C6C0EDE9FDB002A2D1C861F10B297567DA372172243AFE92A964CCF28D34554360855B13F6C81C70A752A6996FAB5225CC7FCD610AB997186DB2333058A0B8C086F161C1642FEA0AE8C27A95A76A541525C
T=0

[72]
S=$132C7757
W=-$6DDFA76079847389E4A6FCDE947447452BC4D756F8D848849362B377C9253E5FE2252851E1F8D30A4406BC83A55607125B1F224D86734D39CE43556E821589177DC1AD
J=$30A0CBB44DE39DDE63E9DECDE5F52927ACA1609212E301965D64477469FA222A9FCB038C24D254AD53AFC8B4BF5B0AF3BADDADA973CD7D88D013BBC7B46C863B87A8CC55000B6C94F4EAEAD1788AE337301F8F14BC54F50E41D73211D22EF422FA8A3656F19CAC7508ABFB8964B419D040976F7FFAF032EDB6677F9EEA0325106BBFCF08850
T=$3

[73]
S=$180939
W=$1817AE4E3F30D021784117AC0AFA3B5EC72BD89ED09DF73BFFADE256463AE3A343FA88D35394FFE1C8C3084CFEDA0CED224249DF91070B791860FBA012D4A799A25
A=-$84B750
B=$24C7B73A2
T=$2

[74]
S=$9E3DEFCCAD7D
W=$459EF64279C0ADCB082825C64284A4B044295D6442A8BEDE21F2C12A9DE78F8AC34D705DD4B45651F1B8C4220136923D100747D337FCAAF1735D2D52FBCE7BD7
J=$1E13EBFC8EBD706BDF0BDCD00C19C18460E91A34BD2BF8CFFB6BB30B8FCEBD03DBA5A68B75DF7412C8FCB061954BA730E74056954C12602511336763CF36336A55334935FCF0812F31A295465C621F669BD45BD8E65857211E7363E95B8A156ADD43385E01AD5CCBC9B14FA67CBB48AD49687DF234FE1F29C4A0A3F37540A2D
T=$1

[75]
S=$A0B3C3E8
W=-$38B37CAB8A72A71C4833D22C450DC41A4AE51EB09DA4B88B68AAD29AC426482C6A55F832F22FA9F9E75D7F2FC5102AC7294D9E54CF9A7DF0FD53377CBA
J=$3C9AE7C0FD64AAD59351A829E3C0DD5E740B26F2E2D374629F7C3840A90F2E2A5DBAD2251E3030265B760BA2A090590925DD9A3AF7C97A29D7DF11493CBFD99572E8CA73579B9F00872C4C9424C1E69BD4CA4BE078430F41F151B1D1492F714D18622E90AAF6F50DE53FF62618EEE228FC0A0491F8F2CD6F607
T=$1

[76]
S=$1A5A2464320
W=$819FA0E3B4C393275932DE95AC931742D298CA335CACBF72852C10417EE9A7372CAE0D3CFEA4388A05D996B10FAA47FBD7E326BC9E7610FF2EC852
J=-$50C1220914EEB631084828F46B2B69AD8E9DE770E4665D3322A41633BAA0E9AB9E3D0CA294AB8937551C70FBFAF9B66648D64F9BE613ED2249F50693754DB932F2DD8357E732F9D289D236A7438B38593EBDCEC7402187E88E69CF160401CB5EF81D4DA2E5A76D0FE8DE7C141A07168FCD98CA8093E
T=0

[77]
S=$FD5AB4
W=$4F6E86A2BD603ABF76F69661A788C6CEC96AA34681410A5CFE60193A2844D1BE4E3616FAC65056FF96185DF1BD65815849BF1356253594EF4
J=$4185BA3BFD539E0B470C424318D64800D6D2689EBD4825C0E61889C0EC0D72C691C0EEEC6678400189DE99E52FE210FAF65F6B42F5E5E83E135DAD2B9C4748F76918C1A5F977E7F98A239FAC1BC577D1B589FAFBE1B34507CEDDD4D033B4F3816C793BD5BCF4828CFFC8A7C5D48EFF891
T=0

[78]
S=$E689534A
W=$66D964CEB73C454497C959B6EC2B25FA52526FB71A08F463861539A61B6FE2B2C1F9EB0D5ED3D94BCE18CF11C04956F97520B43A292576
J=$20C28DE2146A8976D3F33BC27CDB775984D2083DD37B700BF0F1F004E3E17E801023DFBB15DFD83CAEA17364A7608E59CFF6BC1C9F860DEE208EDFB4EB262ADDA7C514668B108C2C24E9FB16F101DBC669B2C1EF556E3839B4BC0CA7A9597C0A7B4206B98E7F789FCB61CF764B3
T=$3

[79]
S=$4D60B
W=-$28BD270FB77840A615D5E0764A5889CC1B6608BFD438A1B3908EDA35F26BB83BEC1B21EEA0A80AC259537D821A3BD8D810C577CF49
A=0
B=$3
T=$1

[80]
S=$2944E
W=$27DD8159BDF201809F10C0608E5FA3E88F24AD6BE4503EA5DC106C3DFBF8FC0992E1A0B4895DB8A677521DB691F07972E7251E46
J=$64EEDE929F6DB3E17E10701AFB7F76A7364867E79FEFC55D41B18A46D13E98B888C07D21083EA756D67360AF4A52F27B88ED98711979D1433B2CA475657712E0CE3A5FA4A1689F431AAC68681025C3B2B946DF64F4F65BB6B18330CB1D119574A821ABA929CA32
T=0

[81]
S=$55E
W=$17705AE8B3D3BF1D061B6C9BEBBE5B39F6B80024A250D6F5239011FC472E81B1983510F4E1ABBED6A08DBB05BE81A32E43632A
J=$114A49D5742FD298997788F922B5F5A2A70B9689D4EE22CA33893030BC00CDD98AF125146947990CF3F3DDC7DF7FF67D0E448EA0CD6A47B7CCEE2B2233454D89B7B18B74BD7F41788F32970BA3BF680C7A2719662C4B0CD2FF03A54F6B6A75CE9A5B118917
T=$3

[82]
S=$366042B5B144
W=-$817ED5A7D1F93CF44DC840339BE7B8974D53EC73465A7AF2D67465B2E28526DBBFEE1143C07F589C0C5D2CC27B07FAB21E82
J=$4FE35294C48E55EF1931D7D7659A07E188BBCE2658584141A3C61A26C7BC28F50F3601E596F6F5F18753D2AE0086CF248D083F33A94BE5694EA59BC9AE466A5F55114CC2CE948DF423162B820A8CD448560937460D8F2C87619C7DD6096C4FB2E083EB6
T=$1

[83]
S=$65C1BF2DD7D4
W=-$15B92D46C8106AF33B97C69A810B931696FCE9634D6B8DE99911E812FF9C3AB951A112004793762CF40C7FB8363CFC8
J=-$4BFFD98DF8ED217AFA6F21E11372474EAE7DFCAAADA7A6D3E18A443FE8341E237F775E89CAD6790CAAB5B12798FC3B89FDAC45D3478A1F4E609C71097C02C63B948CB052BC2349C9420637DD02D70A15D70A34E41BEA116BDE60CA854C83
T=0

[84]
S=$3724
W=-$126E9B0C7DC8C98503C64885BDD1C272A1498910E0F2F2E98558811578A5DA205AF2816EEEF5D93B0E489DB04
J=-$BA9B79351EC2C5655CEC7065F9BC7863EAFEBFCDDBA06607EBC42C9EB45857BF1B6100594C5AF88F25F9675B4D60015B82F55225495924AE90B308664DAE8D24D706A0875CF299C7B59FB7F99FEC917BAA701DCE564F884B
T=0

[85]
S=$53324
W=-$4A7FA261079CF760C5024DD6661E31C832186A2C6CFC6B4D4DCAED872D7FC68C4AE915329B4DD19E824E244
A=-$D70
B=$12F5A
T=0

[86]
S=$3F72C
W=-$1C03CD0BF6CE299E636484652DB1BBDB62B9FED2B31E1876200BA2F5C3A249107C2135FD9C43FF2053BA
A=0
B=$10
T=$2

[87]
S=$3706E741
W=-$1E702029EBFEB87C92B248B80BF378389C928167B40B3FD53F151908E5F41485688E198A8DD151374D
J=$1FFAE07F477871EA346E008E7197F8482B9644B94936A89A31ADA1C2798047C4131C1857FD8AE3491FBF614A38E02DB3086AB7FB53520F3043A9D15EEC752EF97C48DC19F7801776F08679B8FBA0DFAC401A
T=0

[88]
S=$2
Q=$1A

[89]
S=$3A890
W=-$210489E05866F9043BB5FB410DC5E2F4BB3ECFA033D2F03ACA7F9F308D04E2FC352F607805F7086
J=-$75743961272CCF107D5F98A5DB506E16FBA7A8FF566B204CEE193F22C224E551A51C394C7F323F3B4C0B71C52786F0CAF79CBF8752B977C0CBE34B7563C942534DB6792280CA013BE31086BF4ACD
T=0

[90]
S=$1368F02D906A
W=-$55D21A8738E814972659C6BCA9530AD0AC97932A4BB5F949DBE5751A4888906055CEFFB86108
J=-$68C9DAE650173E0F7D4EEEAAFFA1A0C4491A5D4F2A05841DD80635CE0CFC13E9613FAB85A5BE1A524ED5FD721C511F1BEF9CC668D616C4BFEEE1CC721BE69E310C3ECC766D4E7AA21253E4D
T=$3

[91]
S=$51D86
W=-$3E53D3B7CE7CE4153C39EBD6E392BE32872F1BFEF55BADA2DA432EBA2EBECC42DBFB88E
J=-$9E279A7745F50C7E3ABC38ACD89B072F8C42B7E3BA3BEB0E144DBA91D9848864A96FA7B11E4317A146CC805972D6F657D020D38D070BB7C11998E64689B4C236483F3616EA15
T=$2

[92]
S=$485EE3
W=-$2614EFBB0D0E62DA66CE98E730259D813CDFC5E004E6E475AC9DCAF05B0BE328843
J=-$1DA09FB6BBEFE4ED8C822CD539E5AF807F4A0D631FAF5825F972BCA9811396B3D78C39C6AEA205066B1011BF3EDA28A785D69AF2D74D2E7BEC5721A1AF6FFDDCB8CBB1D6
T=0

[93]
S=$1938F
W=$2C12CB59A8729BE11F28C2E4A2B1E2408B8A0ADC9834DC80348D220123B575C843
A=-$D70
B=$12F5A
T=0

[94]
S=$D5537B
W=-$1E35C504DA5AA95B6AF4E4E9E3539D124991E3224CF609D92154ECAE21F2A3F9
J=-$39AC1A6C0D6E0012C8B866BBB19DC4B2B39730099BAE8385B103FBC2E5D33A53AEC6664A059F19BE73CB27B12C6BB787F1D8CD422B3C0B1426EE885E0B7AE6
T=0

[95]
S=$B43304
W=$2AF406AFB6744719DB04F5BE1AA8F4672A4DDE555E437E4AD234A90988C34
J=-$95EFA8F96D0598A08485E65EE6547CE08300B130076290C82027C51599D99C048D218E5AB5AE20B9F6DC554BDE817C5B1E4B3D3063016D8A7805EFB1
T=0

[96]
S=$1D951250
W=$34E63E43F4B3586FA225AA30426748872100DB265FDC18AA5EF0F57CA6
A=0
B=$10
T=$1

[97]
S=$9B7AE08F4
B=$2

[98]
S=$5F246D
W=$2AC1F0039A01F53E3B27F6F18C397D159D57D53F01047858B3
A=-$108
B=$69E
T=0

[99]
S=$1CE6A
W=$4D95E22C7994C789D091E69379EB13F0EE57A19BE60BCE4
A=$2
B=0
T=$6

[100]
S=$DA26019230
W=-$3E9E1ACE7DFB52AF1EE1B683683781CBDF633B1F42386
J=-$12D4EB77D7EEDDDA499B2AAF8B24BA44F14E61792C427EED845CE5BF4A16CC00730CEB665EDA78780B80DC4C0
T=0

[101]
S=$28F8CDEB
W=-$3B923F8B656FDE12A436C2B7510940902A669157
J=$F3D5058559A9278989BCA4ECEBFE09EB55DD8112C7CFE0F7C93AE2569FD128C88131D669510628
T=0

[102]
S=$73A19
W=-$A2A692DA3FA40FCB8C66FD1E32A6753C8E8F
A=-$108
B=$69E
T=$1

[103]
S=$90
B=$2

[104]
S=$389A
Q=$6

[105]
S=$284C5F0
W=-$488C6967018D79D43E46D6F03BC7082
A=-$D70
B=$12F5A
T=$2

[106]
S=$3963E778
Q=$5

[107]
S=$1034DBFE
W=-$9618E208B33DA87E0302ACA4
J=$493EDC95348294F196C13C2280376F76390EB5EB8499C24
T=0

[108]
S=$6
Q=$6

[109]
S=$1B165066
W=$946E4BE0E5ADC9E00D82
A=-$1E
B=$38
T=$7

[110]
S=$464BBA
W=$1DC2F8851C978DCD6
J=$1587F1CF8564D245E5C834F1B9ED14FCF
T=$2

[111]
S=$11674
W=$8D059168656B74
J=-$3CFEFE3261F601D9367032B8353
T=$2

[112]
S=$152A31
W=-$86FA77458E41
A=0
B=$53
T=$1

[113]
S=$4E216
B=$2

[Signature]
1=$7FD8C0FDB5E7D2DAA8D55E1D99B19BB906C264EE0B833320
2=$D1C3E8A90E4788898F2B0F92A7F551C279788C94DC2D8561

