[PRIMO - Primality Certificate]
Version=4.3.3 - LX64
WebSite=https://www.ellipsa.eu/
Format=4
ID=B497703821324
Created=Mar-28-2026 04:22:25 PM
TestCount=115
Status=Candidate certified prime

[Comments]
Put here any comment...

[Running Times (Wall-Clock)]
1stPhase=38.78s
2ndPhase=5.84s
Total=44.62s

[Running Times (Processes)]
1stPhase=230s
2ndPhase=44.36s
Total=274s

[Candidate]
File=/home/lappie/Primo_Batch_Farm/Titan_Group1_Prime4.in
Expression=(4797791281515731837964)^47-(4797791281515731837964-1)^47
N=$616BE0CA5B62913D30770490A22FAEA14B6FFABB2344CE4DD21F3FE0F26A5C6E85619D70EB90BF7A37050CCBE8EB914E3AFBDDFD4BBB85F8CB9EECCBCD4D5FF1DD1BE7CBBF0D0F5FCBDA604D8CC20C22ABDAFD360BDFAC49F737272E25C17FED053B6F6315C3953A8D940CC1CADE4723B263512A251F12546E78FA5DB86702A5E4E161AD98DB1CDD7FE55A0B1B6D7CDAFDA24CB33815DAF948888B6CEE82C07DFB2D69CFBA0C8B2A1BE76C60949EE8B5BD1E3D89C9F235788F139BFDFE8AC7AE74F04CE03765EB6EF5BE10FBC919EA796E96602EA7612BF699F21AEC5866EC8B1743911F1AB9452D636236DC06F80A4D3EB4F19C94033A308369B0A868ED8A3F23278852D09165A5F65FA038A7049DD0C92684CE8E96C9DAF7E656252E76126BED6A8800CC2307D25AC0DEB4922CE69F5DE7C4F0C0FBC6FE6486B9558BCD6FD92854625AEE9F4F50F807A7A26273038E9FCF29931DD07162DFBE185B583E3689E0A8473182F1F3C97E20D9ADE210FEF72543790E658033317B04A7F254D9441AF1B6B35E4C8C240364BB6DB23B821EB85E6B0DFC553BA5E752B6ADD1FC4F9D
HexadecimalSize=830
DecimalSize=1000
BinarySize=3319

[1]
S=$22C01AFDD1
W=$1ADF011F4241F5F3071AC382C3DF55B6399C71D67D270D53E5CAAE8D46A52418DC09B48C1EE8DB82C06C757DCD6D657CBD4C138B9D6240151D9FFCBDD4AADF4871610A104F2E20746B4208954574898DE18ECE2193FAA9038D5B909AD8724CD17BFD06C3B39D7F1D0048148CEA3571275246399F6F1437E5A02B75D1230001D1F22205BFF7280D1169BDC0D749B02B9445C7577B7712355F899F38346B7698185767AEFAF29E7898A13DA42AD0D732EE78F6100BF9D5B3D8CE1C01EE927724F631D7E073770719D5085A4C2D3979D67
J=$243B115A6AAE0AB073901CF961E6B0F7968B82EB9D8434F37C826A82DB61E78D1CDA4552797A60B78B09241FF5C19886DEB7F9340B54ECE86C0577F79DE7EA23B0AD3456F23CC2A03CA7CDFD27E2E47AE24130E2D185B60DDD2E65C48FF14AE2CBA16AA1A713D292A75FC0598ED4CA848B8DD15FE3D9A026C113518878C7FBFB2B45F25CDCE38C1BC9D4CC31A95AE4616FF38F990A252D5870630444346D15168C56166FEE5DFFF6EE149940B1C4CD2912F73959788BAE4CE6DE43DD308956A289C8A44805F883C249927FDEFF8886B152CC204BC2BFF7C91D0679432E69CB7EBAE130313AF9F4B9F11B1917B9DE75E8167649390F9043B1BAD6C911C83253C7CF9F72E223C6449C6CE412BAA1EFD973969762ABD50CD2946DFF5ED73C5EAA70B89271AC98E07489C1BF344645367F2A44073C22A4E80B29180B37744A9B92B2019E5D1E9369BB96346DE94E8B400D962999C9DBC3768CEBFF9598058EA1862535DBCB6BC157487B38AD02A400464F810952B916D1A43A5310ED36219D7C3B8C1C0C58D1E2C672C44BA9EBD345974D0F8D8D6BB62397FDA49FF5139F39801C
T=0

[2]
S=$2BF9697D
W=-$314F24A3401897D2C22A7FD33139799817ECBB13862380C746456CFC2C1860EC165DAFC1EE64B80CB325C312BAF5A5AAEBB7831F5A6DABA313B6060DC0B1D0B1DB4FF97952BE88EDF2B1EDCFC1D49BD3091195FDA7158A365C14773D7D228DD8659AECB67CE59E9B60AC131C6AB533BB516F19DA153AAFB2F78DDF3C49E0A3741C0998B0B7CEFAC2845087649C04C064D9A4C48E53560CA3FAFDC3ACB100B43D747B498B8E9692F7C36827311765AD430CD43F677675E71413BD75F85D4E565BB8FCACCB054320C1F97625A771F
J=-$13C429C63553D4C9636B053B5E072027B6B393C6A45E0FF4166E8C1E2E46E2C330E55B4166673287C03A9A223A5CF3CBCADB8D1A436790953AB74F0B253F1E050798561F9E85F1DFBD3197E09B45B2217950CFA5357F2647F815F2D5EC0CF0EBAA72FD4124D66D9D640653CB92272F753B8422036747D082E7D2E93EED5E7857ABFECF34704F39FDEF99823A5F95A9F67CC1243AE3593384538B24BA9A400EF270774A96F94EBA269366C74974D3F448BCC49A1C4C0ACA8A70BD446CA93D4F6D8033039338BC53354A709B1CA2D2536F7FE69FDC7B57C3F937794C95C05B3990411844D9BB020B516914D8767C576CA3C12C832572AEA4D891C1A510E74B8282039077AE1D1EA85AABB95A91A8F379CD6EE264E7069F0655EFE0DDA2D92C61B9DE913F69F158D6097B5B408BBAA0AD91BDFC8DAF3D10B472DDE6AE055BECA7C036A951B61A9F1890E9BE529DCD86335129C0E983D41BBFDBD501E93BEBD24ECF9847FC58DB2F73BDB6D0BB5DD3B6E5E768952FD3F1C06ECD617AAAA6C51CF3F2EFBBAE8624E41B56E0EB98B78FDE2F2CAA8A0EF40B9025CF8FEA7
T=$3

[3]
S=$1859D1834
W=-$1EF46805780DECF36ED4BFB047B7EB7A7A8F658F29ABBA9A8D59B531E54BADE223289D1D6EAB3BAD978D7FB0C5A0E1BD6FBDC6D461E2AB6075F82E4AF7120B1F1AD7C9E43040A522426E1761124E3E3F5A26188975DEC6EA91543E3438139AD6E6841CBEA7CC6537BCF00165C2CB5D647BF545F422F880B022B92D30B4335063DC417F8118126E962C9F6AF7EF607DEC50773168C1C1558B0D641E373189C699EDE965B8C647CD681F9DB5E15FE36018715877230ABEFC997706C9546CD18FBA1C67EAF57EE147BE7FD8BE8
J=$39C0B7B55CC7245F6479A4AF1E2694D20E9D70EE16CCFEDF7A5AFF0DDC0F1BA1C5D7EC0AAA5C699E6321B91B0196F17E55F7478DD5638ECBFA264F2C0498603079CC1124252248DA50A8E89613F0083D0C0B114C34F726CDFCCBB6AC139C821455DA9E4D0A5EE68DDFE33AFB9DE9844B30668ACEEDB80A4C8317D975B69F158DB3365BDA73F56C12989143AAE15D02E74F4BC782C0422A11DDC1B740CA653B0FF5AB62DF3FE956F2D4167E1A99DD10B8A0AE944194DA69B46C1EC75299BBB5E03D8EF49CFF5CF04B40D3325609F5357D72C01F76315742B68FEA0F82975297D57D4064B8CABECA8DCC696C9CB1A0141964EABAD8E9645F0D75E160417E019C9E218EC9CDC60233701EA95715E86D7A9094A1B79385D6050FE1958125774E922FC63F2F162E12E07900A70C77C8D6BFF2C2A17E917CB65BB750CFC1802E85AC5294C159CBD77445F77F3159415464047E1ACC07D94CD85CC7B9C8A8A898F7B70CD491248F51A12875D0159333538B9388B241572DD1CE1D7C8015E19FE343D6EF49A1678F71AB3E5E056E925278202071DFBE9ED0D12A7
T=0

[4]
S=$ABD084
W=-$C3617CFED4423962A3DD544E5339CB131C8D97628EAB1728A02EE964535A6EA7A497A5D8DF70BF4F725F16159EC9E938DBE93B208243D3C4B93781D32DCA5B5F81D8568E06B4AA2599DAD19A440E9BB932551CF936C2AB9CB064CF7EF50704D330D33DB37422473779A8B6627D39BE6396C01E9D466077E39BB9D336AAF6A9E0594BB936273E3C7CA1FEE3DD7EC54C4CE2FAB58A04DAB08EACC5DDE433E8196F30A6BD5EF4663FDE921649AAA38B9FBB32BF77DED90DCCD8FE2B225FBB54C9D83145881061BA1F6EC0
A=0
B=-$2AE4FDA851764D8D624388C5989F8A6472B9430B574E98C24B3F5C0AE41195B598B590E458B80B5DEE480D4276178308BDC0CB270B6F7A19C84EE29019DA745BC22F439E36E89A8B2EE4181FF719670F4AE1CB9FBC3F06380CD5946A9A48D1F3EC9D291146D63852E0A1696D81463C108CF0B79FA0CA3D78F6E48BAA51B1DDB72EB232008BF018A53CE8505D30D7BEC19F9E8B6BD51781BF6BD2D7626534FC54E7CB192CA87B705D27B6D7C7A1045A7E69DF44889877024E4092E2720129BEEDF5EEB8F58026A8020D9D6BEEDEE8581106AC584A609F92C1A8BF2194FAE4C1462B5E627162DE87DDC9C4A4D71AAA56AB44EE026650BDD381310E7F635CE68B45AE2A6F57DC0923184C99CD1AA894273A01BE0D9F9AD29F09E1355925A3280B68F612AAB3D0A77C956C05FFFFC621A99C7232D72D4D346FE34020BE19E223E66D7C621D596E395762157EEC53AE0089A71BD3B9B848D4891E917B4D9FDE873A78F4E20B955F43F84033703528ACBFCD546AC897EAFFBC4CE4FA1AAC071942D6849818C108A4E8661CE1903940118DAB39D47C5
T=$2

[5]
S=$39503BEF22
W=-$278555A594173A6EBA546A386D287AD93825D81E458887945BB8692D149B1FC066A02A42BA71E7BDAD101B53FA8DDA183ADE1C23F51F29939CAFA68A3EA043689863A3ED4E7234D3178D7E58DD4CC949945FA9E269618C18B5988BC1D2691DE12C3E4788C4D16FD3681FB9741CB1D3F43EB764FCCAEB9DEDEBBAB6563D0F83B6FC847AFE684D5D7572BF82DB675F7531219582CA4638646090B3A5E1125634D7A7B9AA56B0BE490FEFC82FCE48B511E7954B2FE801E52C4945A02A5C32AEC3214AE85127B4697CE4
J=$3C6A071A632E2DA53D200C1E3BE6AC6AAAB54B50B2E5F0A20F4AC364CE84FC86870CBE2EC1C31C5EFA579A4A846656368FCD40691E21932D1BAE6BD204D47FB77333F434818850FDB86C1ACC692B15B540C58AF841DFC8127CEEF756E5B208C11A2A5FC65A320ABE143612324F11AD27ED8305421F29BEDEDFDE227C7F8E2613A4C8B004DF21B93C7E48308C41F36FA14E1243272F79E9C7F9732E7541292A2D252579B325EEE6A101DA0AA13E3B202DABF6CCB7093AEBC451B5D5CD7FDFE09641BE1EB2FF5277903E64411FA04C9A5DBE6642FCB6FBC70720CDFE5D7C0D07CE55A638194A80DE167A390F6F814281783677CE9D64FDCAD175A595739C89660D05F0DD25D97E497E3F944A1AD4DC26EFC81440D6E0F455741E06A9B222D3D5875A286E22DDAAC0DAC09EC0CD9AB0E59F85C222F5395505D770760EABC644244474DA4D7ED2924CA1EB9E891572F2E5216C60C70BA7FF6CFABFE6AC469E60BBFBBB4216E3C07C0DB48E4CCA094C5438F40DE3C49DC8283616E6F2B3A74CB29D8CBD7AAD87DC5B2D48DF11CA5D87D18C5
T=$1

[6]
S=$3D40D4074
W=-$1030143CF67866DD401507F3375C0C99A405862844D10BA859DCEC9322FEB305059452267C8993DB5749170D7F5125ADE657C60230BCD6091F8D717B8F5717A7B1F58FAB39A43D192B9F1F70C7CEE1CE1F7F6E772E85A233BB749A56B83CB64D9E52F1452A308843728C162DE1AC6E696EEEA71AB8749D6F3FE1CF45594C2B30907D12DF97F0C91F8B50495007C3B9786A200B96BDEE09072180FFB10954D53D60CA9CD7C7D5C9E6EEC96C07CEB2BCF71ABFCB83008C62C0F37EE583849EB3741C792C8F961E
J=-$431149B1AF3CC7999A3D00E532C6F403A8C80BF4A6FA204E94268F639F3CDFDEB61EC1B58432D668C718CAEE64DE1E678B69A1B038BA9B1FD4B67CA762E5BE93DEB971742A9A962F93CDE85793F5A05B82C70D4D057764CC5FDAF60DA3B572D02591AB6A223FFD9002F8E665813BFF2F311A08D456F61731E08C560FFA5F6C2D0BBB3E36E8D9ECAFA11942BFED75D5827C87F7AC6D992694B33E85A8D8190297A241574997903D556486F4111E616B94353C45FFCEE7ADEE5916114E0F6A5E50307711B45CBAD8CCAC9DF5516AE8ACB9C16E35FA840AD90DD48CF8A272EDE0E7FF5A9305D740B9611865C8F8F0C94E7C326B8530DA6119D58F3169E9F88104F471551A0F2FAC3484590E00086CACCDA7E4FA33214ECBCFDB3CEEAA9A0818FC82BB9801D31D4811837E73FE67ECEA0BCD007301EA454BF14771DE5F5FCE20071E4FB0D731B5640F5FBD939805185A53388D6D757C8F990856DFCA6B28A9CE281D3C3947DDFCDBC80DC6B4133400A87260E108D26787CD7999A90E98C4DA34D722546236B84E26599C22D5B
T=$5

[7]
S=$685D89E4
W=-$530553F4D7B4A7BDFF03496EC32B46E40403BC8200186333D5587929ADC58F770ED228864D91D83490234FFCE57010D1FDACF677D0D3AA918C3B05F61EFC92E9C4EF21D03BA2613D44E13C276DBDE5E91005FC2122ACED11D2D5BFCE2AA27CA0AF33DCA44662522F5052F7A35A17417038F1ABCD71F06C66856A1BA1CC3B2E05F75FC12C6B92AEE13240954B5D8F28FC672AE5DD8D71FDB39F6EF02772373C67D3612873CC6FDE2B117C655D4AFC74FEB347676E0C9AA184948CD9C6744E91A45BE10A4
J=-$2099428E2B8F10B5EB7AF6914F4CEB5B8D59FDF7F163B28F54E269F66DA98DFF3CED96C84B2B1296C12A6137E3B3A9FE2B1847B2F88BEB12CA43D385E23011B4A395A7EB2F2240C0D537B1F6E317AE0463FF74FCE230836533B4E88DAF5DA10B97DB4E7B77E4D77B18280353767BD91C7C858080D80BFA634DD255F36BFD8D4104AE82F07373CD26AF1164C182C3001B461FDF134B599F036C8AE9A8F9B2A450EAD27EECC665FBF09E9FF1D52633C43119C8CBFE0F68A1D06F12E1180FE928DD6760129A4C150FECE7FAAED968E5074F494849FD978A69B9FB1B70F64E6213ED4071846BD5B0A61B77B18866CF63C66AB8C7516515069BE923A7DE10114E9FFD4C873AF4C626D929EBBA7687951A9C3BE0BC576F8A08842FB644AF1D96E4572B547DAF4CFB0B2827634DC0C33447D269538A913688076F65A1D6690AF24AD8CE558ABF557AC46F9AA86A2C971B21C7F53C220995EDE981B009394FA64E21702B95451E6ED22750FF73036AADF712D60B751C8369F02F3BAC353E663920F3629196C5645D44463
T=0

[8]
S=$CAA51A4D
W=$1AB9E56463E4D06C241C650124E587CC09691D428239780C78F8824F5D7A4B1791DEBB6AD395F96DE5C8D259B5FA186FCF7721E6FD2C076E4FF496C1D5BEBD7FA980FC5B7B8D6C8AD012627747DDC014669F3FB9A7990497C3AA48BA6A970BFE83967F03379741359FBFADD7ED5FB2B450401FE0038BF1D8EB945D821B8B66F1E3E26B7F5A2E2E4542398CC58ECD8FA1B9CFBC12B0F5CC2FA46881352B0036CEC9A610BA7A52E0B76E56FCEADE74BC8213CBE2ACCA9F6E1E1719E8244A567C58DED
J=-$8795DB6BF71EC4072984F8CFC90C7B8D3380975EE09201255B1FB19F7681617B98BE8DE7110E3F09B83427BF25C65683FB2CFF28337576752D92794616D605D364A375BB3BC26354B40939F5B12E613D9ED6EC0535D529553CFB1E16F06D913E61A7FC41A6F6F22F42CD47E2E5CAECCE9314B244235DBD3389BE4C68B4A9E8DE79155DF7028F9A03CCBFF3F091C01C3CF3A5FE3D2802DB4BFBCE3DBEA7DB41141AF84DF6E7993A19D8CE3E0E0B46427CC7B9A7DEFB80B4B1515D04AF1243E4610F083DFFBA0BBD5869464CD83AD1ACB8CF27EC2B456AAEFED13125CD07AA7C0F2D59F2856F6CEBA636847876CE3BBC97A3AB7245F09683E54C5E22F5E12A19A115455E9991D68850A7A0AFC6A03E0D1A669940579B119819873640980F2C240612B8EF0791D44E3A23C1F8E36BCE9B678D3F03D450FC40794862AD2619FC5A296DE0C002713DFE5EEAB1DF9A081B35389296F5CC3E20809D14FDDF9814569450ABA96B9AF4A60284FF4AD063AA504FAE6EA69EF9CD5D3BFDF1DC8D95F8998C0195C68
T=$2

[9]
S=$52B1BABFF09EC
W=-$162C9A1F3B1E1CD81C8D32EEEC8B7DA49659CA24C4CB7A27BFA0FAB8BE804FE36E068B01F30D374CE6915D29EE81B9BD720E4956238ABC462BCEFA12BDD6854E106AF76B95A64A660EB062346A59898F54C1E0D97CAD8346BB6385D71B4014E43035D92913C5D8A190DC2897CECEB2909F12D872CAADE4BFCC30CD5A1C9E47E1405BD2AD71CDFABE41210A65003734DF8B7585F060C6034453B0127C2E6EBF9C66C2379C21F6BB8525F68F48979DBF4FED3264480B7E055E6AB666D39D6FD0
J=$1377A6DAB8CF1D5DA2F8E8F04C93C607E79BCEB2C494E16BD6D34BAB86D7176DE7898BCDF99257E92B86F16EB27B26A0467019BE2C116FCE9CF05E3E137ECC7A9121835D08BD9F36762BF0D5F17055DB53E1CB7FF5AAECCB8B6CB8C0540F05472FF7AD670D3564471242EA2EB72E72CB1B29B64A82DE5217B639A70E2F4C3767429CB223FD393A8360764C830B7AD636319A5416B71B9636254EE50E423D31720A3E8B67A39C661548B4475BE931369F549A598A3254F55F9DA3B59985C63407D75EFB0B01B57E424D5876B2770EB689DC9CCB190C8A899CD140A82E64014519FDF466ABF56E8C384F31EBA0FCE127179A1484A05B4047CE816C5B28AFBD4CBD779D1BD757EB2418E8D7A2FB6B2E623870B2CE2C2DB8CF302DAF2B50CD98BABD5E916F7D5D2292B44AD4562EF7DC21E8555FBC82C58431B643CE78922EF6A421239438D3C7B530FE78A3C97F7A0E09B3DCA42F3BE8EAA638D0ECE70A0A64E879814A9B747E89554B5EC80D0B7E9F0D3E152CDB113B60D3947FB3E906198B00
T=$4

[10]
S=$525EC96BD9
W=-$3B195196B395D97050286FE9CFEEDF15D075C768CB78057571FB58553AE142EF1B923726998BF2777E1905FEE24C1AC8D99824F4B046A370BD05DF8AA418553DB44EBFD02F6D8C756B8CEDF5F3E5E80DEBBD77C9372BFC77E1475609148B20178241AD8137A9C00C3D2493E52C3DBAED82098C8F7BEF89800F49D0CDBFFC2E1C1FBB7E314E9CE53977602C0EF213E28F326D8CF637BFE03A1B841F357573FD7030BAC784BB05C04F8EAC08A78E82B831FD13A83BAC6F2A75DB586190D
J=$1E77120E8D165D756C13A73B005BCF45CD601FE6666AA49ACF69A8CF641F9F147ADDFB69786C2860825CA78362F2678CDD7785171979BCFC2EE4C6DD0CD1426A2012CDD014E8373614355832346149474C3B503A7966C4238D63B69734444B5FCE19D95F004CC3FC891C480E98397E3AFAB05E5CC6838BD3EA07E925756829C7E43BBDA6B3583DB32E0BB13732CA20B4350571D5089E598DAE2D481C7BFC6098778D66A6EED39295D16DB5FD42C996AF832312F98C2077F07FD8674C43365EAAB7D5E6918C881120540EFCE341B5710AC291B5CD987825F6344A87740FEB6F086F8A516D2692C8006D7B189A0DC6FD3319BA9FA748034E770C55022267C5587A854C45E2E7B2CB74D0D20809FCE79873D181B2749672743D747E9C85819EAA5302B70A5EA23407961753439921C1D835206ED182BD4920C33BDE3497E7E9A38EFFE9C388F21A7D14BF89AA1E220C8F4204FD2DBD822D0BFA0FD5E05EB7228DEA999133A4184422D55F24B1744006559A34244C3671A29D76B
T=0

[11]
S=$195A44F
W=$29410015B5F41E50C2851CD44E09E12C931E32274F5EBB64ACCC097BF15CE558063F3B7A7FF6AA228BAABBF5B5638A7BEE782C29407BEB83736DB4FCEA1D32C996B4B188DAF782B9DFF1215C07453AAEFC0DDA07AF0A5F73037B46324F6296735E3E2A0B1D6792642B9B1798B85E772B3F37FBD9A610D294A0642BAE683D07C515C4AC6C6A0F1A32455480554047AEE494E9DD5C0658102E10C04B72955E34EC0D101A08E4D6C37759BFAD22E593DA4407D1E9EA8CB844285653
J=$698791E661308B159860ED6C045EB791BCDE64001F358EA3775A45DB2EDE7278E343E78DD215DDAA56D386F7BF85D984C395B8585BDA95BF72B45E1BE2FC979FA7C1C3ACAF13D21BCE555D082100084069F92535B2B1781B57B4934CE7B8E401BA732FF73A50908CA5EC5CAD532B22A151285F3DD2C82FD692D0540421DF539F9BBFCFCE42991C4E09916DA9F8E0A937EC55FBB8DEE4A840587965A99E678DA1D17C3B6DDE9F2627DB06FCF441EDBF3CBEF9ECF142FE17E21D9181893E6CE5A1CF08395AEA1F49FC8D6A230790EEA7BCDE3B88C3D5320B677F2E81669D32681C878F2AFF1AD12DCA4E1F6CC5D6CE0500A783D252E1173179C1E9268F9AB224ECC63E040B06AACEAE7F7FB3F62CC54DC4BBAC0F8259B322E578B03C034F3D43EF9AD78644101AA61C4FFE7D7620E4A1F3D0F9595CBF339C8D80FE8A62F90D98BF7784192659B673B254CCC64EFE5955B286747EB9C66F4011830941863B031E7C52B8A2A4FA24D262CD91390412D08A0278B418C
T=0

[12]
S=$139462C74
W=$C0178FC873415235ADECE7C6D030DB13C910EA786814FAE9DEE1F753F5A597DC584E01F2C6F8F2FA0031C6A50C9997481C3CD3459F9702EA200BF10AB33ABC5D019381255764E4BF9E844CF1F2EEAC40F8C7FC70BEFFF20A777A785A1068FD4FE87C7D8810E7526EFADB5DAF9C90F48153ACB7A4DE9A6C607DEC23841547DE572D4CBFF7AF5A67B7326987075801A97D9A91E67E1AC640252FDADDA4706130783F448B98CCC33C3BA5D1EE00AB0B95F86009331FE43C9E2C
J=-$F48A2F2F42F7427BB6C1AA100BDDAE0EDCE9DAB9FA663C7A4641C09FDC251D6A2C3BE9C9F885CBEFBD5FA8FAEE8041E5836645E5E11A66C7CAF2F919BB60E8595507C1381075B0776932BA931B12C9FC98DE56360CB91B886DE087BCD887791A864308F8E09C4FF5D6067E901F45A559F23A31413F8AA322102709510C5F668072D25DAF7558752C2693DA86DA94D6F4BD1A81EC426B66266C3A874711D34FB79C354207C5626F9397480A40E6AA8299EB2B5390B25FAEA8F395F9E18136AD149FC424535A1A71B13F8027B1548FF7EDBA9AAA983F63F464B5AD6735E239ADB329D2BDD20360FECA8A2B7EC373BD2CE070E8441CEB130FAA902209491DCE1E49854290D1961B6ADF486B4F0E5C523440A0C417780FFD5D0FA42555B18AF90C306EE2C6CEA1E1DA0335AB6D6171374E649AC6BDBDADADB504612A59C5AF3A298CD339165F6E90185A2BA6D6F8E92C5BEF69879C4E1E7EFAEC9910202BA6E8CAD14EFCC963025DC306A93D8896E40BA764
T=$2

[13]
S=$1DB643AD2
W=$59AABFA12B5A8B067C95C722957AE0DD98C74C5D9CB4664E002F1449E86C17283F1C67F3F4689B6BE7F8FB5A5DBDDDDBCB0B140524AC55C27791FC0799BE54E73AF9FE23EE56FB57E2C1C501E39760075D5EE462BD77EBF38B9EF281CCDDD3FA11EFE5815240846F6620BDE42D8DB200AA3D6A182F8D317480F0D7C8222D2E86C7644339E93B4736B6772FD1D7315FD1FF5EA338102D352901557598C8DBC311AD0DAF5CD696B7B9716A0470DC6AEE4E578664DA49B1E
J=$4E91DD1E3FFB8E9CD3C5820A9534F7811D29BFC701C2F926E6816E8E766085987FCF1379CD99CE33B8A193A721942EAF5ABE7DD1415847C5957D77C4D7E42BF0047A1EC777507BEB9A6BD27BCDEF7F49209E768D80E97AE4618E0C18C170664DB25570F056694D0B6F4AF57BE84F222D5AB5CF78E8BC74A921E8F029C221207061BFE78A9404DA7E404B38A5E9DCD53C18D47747D88A3C9538304AD6BA1AA8C4C72257279A81860C25171B37AC3798DB4D50B442A6A8F6DBD98B821D146BB197083C455BFEBDA9B2E6AC178B7077DA8C4A15E26B8EF7FC327172B71C4AFD386D65CCCCBDA72DBBECDC9162445864FD0DABBF1C2C65E070ED46AE0AD190B63C441AD6520399427B81B1AB67502DA7A1B5EC4F8FEFC705C9D4956DB5168478AB7AD15DA44ACE6591C0BD7BBCB842CB07046B9A0A7F7396D10E60DC044A6345AFBB9E76C652917BA36854AC2A76D7CE207571423D3718223025067B05C63A1FCB5BA96FCB24430CF08CCC48756BF
T=$1

[14]
S=$3B4D376AF04
W=-$25A1BCFB5E0CE621BDA5CE1111B99B4051B418E07355EB06B5A5E36ED24CB8EA99A9674CCCF7550916365B7CE05F92568DFF85881E1A35FAB08D17975DCF223A6AB09ADE25220B642FECBA27CEB212A760C8B666B4BD4DC858A8F206E7E0F65789221A8A69632DA7463AEA21802A59AF017AC1D9447C2EE62CA557F91DA53E176C560EE590840849BEBB148051DF41DE14CBE9519918A03F26E87BA53AEAF41900C9D60376DC2737EE7F2CCC73706B8D8F111B72
J=$739E72D3878B1619B2F331F2F88C0806DB4E98B54AE5C2E7C320CFA4976F36431E3604970829848E15ABDD3DD323CBEA95FC13050B3D9BC321A7899E8272FA758C998F717B16BA76D46C527C632AD7E77B732C7077B92EE77738E77E3356DC3BD46F55FE5369F4856CEA161078BAD40AB4C8693F10FEABFAFBAEA4EDE8BE06BB9F8D5820FF237B2D4E6586CB038F45CCEF27A2A1F50FD28C26E543CAB12392B73A4C521B32ECDCE82371D19ECCF0A630653C022388C8637B4A4EB4DEB8821F53DF47EB5B5CB6EEB3C8A5DD39889364C43B2FB25F73562F04D521D432C66D8AC96346FD5E5B5C2DB2997C9556581B94B4394EFCCCF7D86AF80D17DC9715623893CCCE9F6CA9C4D06CF0A736E6C576C6C947DC0313BABEF64F51851267F89D40859140E4019C079CBC1B01DC10BF332190A2C45214DDAA151D6F3D3A35825B804E0BD12EDD4145EA5436A2A025C2EEE5CEFD61169EDB85D0A4716D2485213179914295CBAB44935FDD
T=0

[15]
S=$33F16C1
W=$1C98A283BC05854F61C2DE2ED4DB21178BDC972A416C19E3FAAAFBADBFEDBAEE8DD33CE72B8D0ADE8881E4C76E032A990F3BD4C53105F8D4EE159ECB0CA903F180302B11AF976E6424B1A9955F75646CE13CE83F9B94895DC507F4573AC7FC474F758F95081B7EA183A2D7C691A6D6A6E96201129429130ADB75F812DD95221F712F44710651EDDA7FF9D7D2F71032D258ED246B4E5A0C951E40DA700A65630AB59E1A999BBD1EE0EFE26C930709C2885217
J=$13230472FE1089ECAD8FEC066A581558855A1D6CA3E0B5A6020D5DF74CDA2553DF84B99D4A9821D2BABE9EA15588C3609BA010AEB0BD5F46FD445077F192D14E888B3BA0E0260EF5C95E13F90D1479F909EC5C7983E7BF25CAFE608A5C691C4114327DB62FD4BBED19FFECAE1F998659BE49981EFA9A411ADFD3005F5220EE876C9D5BC09D068941B6BF12BC1C97E1809BA3931AFD38470234F75BA1A8B72C030130F9F2EEEFAD3661D9B4E4CD338226ABFBA808BB60AB930A6ECBBFF81792C4F9BBA9B8D251B4D949C6FDB7F01027B5C884FA5E1B5F00C8E6CABA83BBAC9EB3DC0BA4053EE1E6B286A4BE3EDA5E86FF56F0D09C19A2F42E72FEEA72BFF728B484E4C0578B8E690E05538D99FB1BE5F2589BA8843F92D78500FCB64549C03C5183FFB2230FEE364E4359685839DB20CFD0137A7880EFCE2A966225D489BFB0C7AC6AC7BB21DFAE84EAB1C03588E0551F98ECD3DF9B777AAD5B764BE396D70B89283C4CB
T=$1

[16]
S=$4C778D1
W=$1768383BC309C1F2F614AC1C98AC40956BD1030BB3D4E911EACB542BD2944FB158193C9243007F5DBD3A9B57D2614E169493F8E2085C165A2C15A9F8F1AAD104D49F88C92979BDEEC6391348195ADFB9836EFE2E16A5C71606212747180AC96FC6BA3B2FF6FD69FC8696822BB0A499694B36051D0B1526B83C11961AB8B73A7A31E4766938D14FF77C60CFA15024E161556DD171F4BA4BE44BA6A675B8FDB9F1B688376F377187821BBC8D88EF21CD5D9
J=$2A72FADA622EFD8EB8A798337166C52A505933FB1A6418C45BDBEAF474B96D43FC84A89B63B8DC84B0334C085F9ACCB0DE1AFA6C6CEEFEC4B6F6ED8F4C1A798D52A87982623BE932A675585164BF07FE50CE15EDB7961E72E4286CD0019B4A4743507A1215AB1FAF454B3F7D32011175D51CF460077A64881CA99D03F0F04A4F23E327C1F94B2F2196917AE8EC605B5D99F087B7792ED6E853D22C57AE265B51E19521EF9C268F46D9383A8132016ACB2EA6D6D293FF7A0B9D9CF323CD141A08188E5FC80F9C26894DAA0D9CFD3EE41A6EA73ED199DA3BB1F35023729B7473CCB9040ADFBA128EC4AAB88934906F5F09C0BC4C08B9D1296BCE9E99AC7E68DFC4AFAA18E73CF9A3BFFE9EDCC5568A6AECBD85E9307AB9E71C6D7FCDE8C8DFA3CEFDF5B4181466381027BB4AF831265B407A04CE6C98E183D909000E2EF70441B1155BB1B38BD91144E9056448CE5B4873129A888AC266A5A14C0004233BBBEEF3
T=0

[17]
S=$412C97
W=$8712D2785263873607FDA391A503ADFB85DCCCDB5F249DA6DA4CBB3A29F980BCAB7DA28B78BD442190985EC3A07ADFCC978F488D03362800F64D5E30A216D7809E393FF7993405823C00780CF7986C7C5427C01BACE41F65D2BE4BE8706D4CD4FC9CBE1C592B8F0DBD3FC96148C5AEEC8F2CFAA3B8CA67DC79427FC860D7E046957FC7FD71BBA8C3C7BF2D19743FE52A510696D98353703CAC1554077849D750D077969C2BFDA653AC53E8E2746FD
J=$CCB36BF03AF85CA7227EA26C9684F2D77D3F5EC1E9158A9086FF8AAF0474B610281897C7F88482470BD29D6CD92D3767AD5C976D022CD2DAAB4023428266DD1B6D0572C335D7342D613783B8B26D3A16BC5315F9E9C917E882F03783BD611316B4DA293DFDBA269508D2F38C025FBB652CAB758236FB570FDE2291C8E671C8CE7570B33AF197DC42EB2628A5A1D188009A6AC833F5C7E8AE4EB320291568DA2134378EADD3F4DDFB8835DDF6D9D1E6A23C357EB97DD499187B06992C1290EF647D2022C044177103864D8C2D5750D8645598B9217B8B754BAD41D18F18C31190909B0CAE122285806849155989E75EAA0C51789BF3683C65101A58AD68EAE9E758F1097059B9C0620A2FFED29E21D4925F30BB7E773EF62871A4238C2594FF06CABB4347A97A1254C745D11EB07087AC5B2EBD31D0B4AD6C8769C2ABFF092C76C1B174690297B9BB942283338E3C7BCFB885600F3DB132E5536154FBB
T=0

[18]
S=$F2BEF4
W=-$192D7BCD6CD10524B1BB269C895703AF65980B1303A8978D555C843820AF100BAA1F7C27D1365957A12136D8EF8E63983C42319AE3832F10D481AC8488B4AA2A59B2370784BEBBCDE8F6D7840BF3D866894B33883016D44E666DC0861E31502AD93EF539E0EBCDA83638E9367A84EC0A552E773973AC3B30E79C09554B06168EFC27F049032DE50F735AF66474E3B7308EE0AE71618526460505D26C12C4CBE79A8B30A3DD937F10B9CBC8BE916
J=-$2655929566095210AB568F370622E326A1660EB8C1F92549D115565F9956E2E65F253BD068806D7EE6A8F94A9F42BBBC5C302AFA52E30054733733D00B4F9B12BAB09B29335A3040315C271CBE7CF68E09BDEF870217EDC67B8E42B5A8FC3CE865C0C8CDC7A0AF6EF6728E8FAA00D0794CD29CE6222B90D3643FE01E53E4A43641E36EB317830DEA8CEB4226ADBC63EBF99ADEDB42543DF63E7A35DDFC013659685EFF1ABF820EF85CCEDC90EAEE4CA5A5E27762F8ED3003414CDFD228E747F140A35E8E39316BB7B84625344D024AF6B7000381A1BE6792560C3B22972FF85414960FB94197B6F3373AB6EB658EC46D041A9A2D92B00B4BDA60047B06D57ADB7D88576E8F101863AB3B97722F0CEA9950A223A49ABFEB4CA162755B97C5DF92527408F276EB7DF277D5A640D83550A4726D1B5B3F2A33608CF96C29B83F22022A4FCB7263A60C2F01CFBD5957B0D1F0A77DB1D21E123BE04E4C
T=0

[19]
S=$1FBE486
W=-$1993A93994F0A1AEBD0CE464D9CD62A68D225600D76F93E8C4B673A52888F74A23C5444CA75121019A7AB08D0DE87F84880CF7CDE36065BFF6E9065A283FA8C2991DF8C7E95352DBDC7E53F0334945420847299A8B8DF01DC3FF2A9260C94206EDA530DE91C3D6B184D70C8CF31F80AA379B9099087F81392C4758D6023D73FA1DEF1509237FD500C17B1A8B45678496CF13540E115D5CBDE69D226BB2BB700EF8280EAA6CC3EA4AE466024A
J=$11188CA89AF2E6EFBE05976214FF2C31307F9584111EB831D5AD6102509EF2C743201983AE4A91E06F0D64EDD38A6436BDE93F09F7E57174F0E7B6E23765589D0E053DFD3B5EDD8259206024E52BCF059B0601651371516CB2CE9B06FABE67E2DB58E4D729C70C2FB374513A4CA0378919B9E658D7231F7F0B3F4DB241B46C17E2FFF33C2500CD97A35E36DEAC29B855050ECCB242B14B4EEC0F08CE85E36A9C77099B3270166D9571259844A8C210AF0FFB841FE25253503CDC0D232BD48CB4308E54DDE87ED2BF6F74107944D187EBA72224AD6BA736744171F0BEB6BAD72E75E1A147C0639B336B27265E2B611518E3089835CD311EC6AD3E7CB78F156869A53E723DBCDB775E4A09E2F7FFC40DCD26FC5D2C023AAE4F3796B4FEEA254A93C8FABC9638B6EA657656EB9380E32131E6522B757FD878206F715AB9072DF74BC6DDA7DC9CE9C9212DBF00ACA3C266A090853754BF9B26
T=0

[20]
S=$217D60
W=-$56DAC089C63AE1732A03EB5B0E0457A362A52556C432A5DBCDFD042281A02783EBDD8CE83B637D2A36A18B579C96885ED54D65FFD758C666DE122FD5056821EEAA10CD61F6D963159C3881872E9F447AB5F0D24B34BCBE3DDF892482AA9ED63E6EEAA87F3E2CDFE6990A7667EBCB747B678CC2D9A8FC3AB287E1409DF738987553D958432760D1781F02270F448B11B0F1FE754A51272E39D23836AABA0052737E51B13E0B27DF8A2C4E
J=$17C31AD4A4EB7EBDD6A384F7F3818AEC4F102C22475F300F83BAA15FF67CB7590509AB9E8D15E2F6EE16A53F3F9C9FA60D712B6F029739EC288C99685FF09FCF067020571040C4C466FD1892F47A9198288A1A4B80DEDCE816877765C13A2775D042E6C20B3822ED1260396E691EEAAF2F48B00299D69A3872FF1ACCEB2EBFA205B9D1CBBA204A5146635B0456C4C4DFF668C6246F90599390F32800294249159723B01BB8283D0179639D74E3332C56B14F267A8180E48A36F59E5CB1F5296C0C03B6CA3F86A2D305E90C5E30C6144146A4D3EED519A60271FC36CB1CC5733F62BA114709EE89D78B57F705CCFA690A316D26DA7F37DE525F88B2B49C5400EBC46DC75DCAC53B60FA62A52E91863D30FFB0C5252DFD88A808B9D12165380472640BE08BB1665CC3A7AAE6D83FE0F776135CC3D12CD06DC3321C4F2EA76860FEFB5C5B0E49B09B9B5F89C5CF492EA0C1173916F3
T=0

[21]
S=$2123C470
W=$2945A6077E4E0F3387A9DC978BB116B6D42B474CB4F64A1861C0D71D25411B390573483579DE236972112A8BB40638DA73948C8B0AB023E02D685F4063553C08427763F3D306AE4660C7A041203962B44DFF6CC59F04A3FB3A850BFEDC99DC0307945A80B6353D1A28B2FF0C620CC461D087D3B5B079D0F46FB6FF2A48CF7153D13E899ED5AEC7C24DFB589CDD52ED5E9FF520CE479A244B1DF1532F860DBBB7A2DC31D41299F50980
J=-$8CCD842D38B3567F738CD8B99E49BE22886871FA1BFA92EBD03222CFF7F710A8BD55FA046B511572BC0278F679A7CEB635B5E017C78D9A6453F9BBEE19ADFE4471FE1E4C0C7FA48C951F683A8019A2FAB62C044B44A58EF453517F8082B762CAF57FAC43216D73200FB8F99838083646255ACA325FD82E5A0C79D4E90218B8238DDBC77F620E55D78D3B101C9152CBFE114F56EEB6E5B690C0E5B387BD390EBCF9B0BFDEFA60802A704A996019ACDE34480A0969C53E1857F477594E5B4C5CDF4D108941CFD3F8A4FE9F3C8D1DB2A3F29D510B0EA4057DD34F5EDB00525D39490166511ED4A528936E7AF23A8CA767F2A881DBC9E8F93C36FD0564ADD773C4C083332B70A92B7A1C2777E2116A8B77F456B9F0F5BBE8D603321E5E86ABC33CBAF92F14D376F602E84C95455BA8970258C757B1AF421E624AE7BB1DED9A486090AC5AED196CAFA559EB6D826AD7ED145939
T=$1

[22]
S=$F0
W=-$64C439A0CE3350F48CA0BEA17B922B2C1994F5FAFEE43AAB6720672E012BA4B35F5059421BD3542834D80C6E82B8D43D33ADB12421D697D51F8595685C27E05970A6973E55BFA0290F2517AF996F83677443C1CD367A03C69F084E0427F35334D6BD11B61EED4BEDFDBF73CFA4764D760E62540263946D0AF31095136235BFCC56C7D577227ACE452A7E978F99B6824B5CF5AD8F96D60882E101ABB07E7356215792080A316C74
J=$5568C6E4BB0F9A276DCBBC136D7A134079711161A4780DA58D651CD962573D9B59F05BB7DB854AB1D9F2ABE39D9EB91A1A734D76768C94282967888ED4564DBD77E8D11FEE74D9E0FF4340BD4BB373E2487AAE4C2EDF9316EF9E2EF020C3A99B924C31E7797EB144121577EDCC2C88F773933D489D3330D788B030209FE7302C67096593CE93E4B4EC9C42C09003BA854C9746D01C34A1A0044A2763CF6BCDBEFCF9E4DB45061BD1097323A99835D5DCCB5622AB20C1A1D852D8DFFC902F3C03DDF58F8770C54A5D4F4A337515039DA1FA5E29EF38CB2840780538B2CB7B489268637B20DBE8B899A1AD14A9D4D1052B79A6EE8CBDD8A98CC0C8C5D4EB89A486C98CEDEA186114FAFAF8103DFA65AD28928625BE652B9A00A7EFC64F1C9586CED56D8C7E73F4C0FB4FC341C188544C9C0C380038E5F24182288E23B672CB90794AEA9F3DB5C8F9C6646DD8BA185
T=0

[23]
S=$271E2D
W=-$797C40265FFEC99C15DF4234FEC182770B67090B9B5F9BEEE4BF8BBA309F0FE171D034BEFA58CD67D57BD8821CDAF0F330803CFC5B0AA7C3277EA5912C131209C6CDF0EB787F29B762A45880939A9C35CCE7AE73050FD7A122F79CF43A572EA9D0B56FE0C0994C71C3868AC1B289DA21736DBAB0E12BD3276CCEFA495488EB6EE6D66B7E2DEB9A75C92CC277004A79AA274D2F57E3823A26EBC7C85AB0FC1F800CBE45DBF2FA9
J=-$979D689F61D641BAD8A8E7D981867CAA0C28BD7B10F208EFD2D524780D56265CBCFB1A65E5167582F9976C8142A20C1489B7308919292FC9BD97D6ACC03DB3B214B31A6C87B1A92838C79F20357EE9E9153F2A464C6A37C739CF703AB4DD887216E8D6B3D46105EEF6ACBE42E291282E6DA55989E0299068A00C5E7AAA0688F2DF1CB11D1AEAF8C66EFEEB268C0BE1986537272CB11D4729A3418F115C92070B30257571DBEB314E6F8EF312A43F2775D0AFB631A7A213AFD9D478650083C41BFB4F3C35AFFE18838D951F517316F04F38CBF03EB0C3FC6B6ACECC727CEA00801BC28072F598F2ED710C23CCA6EA36BE507B5448387844F3E35E6DB60773F685294F0CBCC2DDAA71AD0B023634D03DFF8501B22BBF3F1376859A507CA5F4F108BAF704B9ED7A407F38677A583C5038E36C088107E0C098151E7B9653C7BA8F74EB83C36D0FD10CB78D66EEF13
T=0

[24]
S=$16031BF85
W=$D9962A2A9332107BF2217A90EDDD75FC060B5A871B2296BB50164C7E0E445AB4F879CE3997335A8C1775318CA22A65D420DEAC50CA7EDF5911E489E88296331EF5917414FCF585E4AA91CA8863A4F83ACF2484D7FF3043A36214B6C0E4C366A991ED857EF6CB219F5696FA82C6C7023C1C80D46BC5CDC6164BA94122B189A54443D7E333D8AF7D8042E9F5612AA2855B6079C63F6C86160A8F776178C61FA6C3244B12733F
J=$2639B3985E162631E61C1ED14FE06420D76078108AFEFC2D31CDDB7812307938BABF115895CBBCD3258DA20A69A12BD67F148A047AAF827145EED773DB7C9B3CF7E577D96315E88E9B094A557823445541FFBAFFB0968975FA955C2C56C8EEBA7BF3653DE5DE41877CA730980B499EA6FBAF5E1EC66C1E28DF3838961044E77BFC867F4A201D13520875C381225E41D3DC899D28A01A0761E4C9234DB1E0AC53C1045AA992C445C572DD007CEA57B0FE16B86394C0FFCD04B6109444E82CA6166E16FAEF332A07E958153DBD1354F4A672B51F8E4F7A95081B71F039A85F38EC45707260E5143BB8C2938021DE2E44855BD6E9B8B7386BC0A2DD9990BC4943A66B238FC5596CCB8B80B589FD734ABEB9D606EE975C88C29C68B0463ECE2691D5CF02CD27F87D8508CC26D8B03ABB7A9BDC2B40D67EAAFE840AB4DA6001958C087A45355E5FC6D53A8768
T=$9

[25]
S=$AF1D11
W=$10124DAC3AD3155FBD353A898D670C335CF4DECBBE63FFFDA2760EB6D53F0BF47676D6154823B6D7DBAE5C5880062A48B6FE3FC868E08DDA17E05D2D4A23D96BA9248666DF6324342CCDCAC053ACD835A44AB273F67D83905FB9CADB6D4648FABF825E5D0C74320BF17F2031AEEE0070508D7E7DC54B138DC79BE952381133FAC41CF3CA4F5FC3B184D9F30AA38824E7E173F47BC2758D0A0156D7A1A0654832283CC47
J=$275154147744D456B6AFBD5AE5BDA1E0CEF9D599A0270466F5DFD099C84C35EB33CC70F53EAFB8199B849D509AB493FAC4F6C53B5AD0997A8C9D7289B9EBC1772959D1C3BF31FFB31C51EBCC031A880F2E4664A6EB94B1691DC95731F554422699167B1E096E8B7AC3B64D5B794F9F6C72A8007276F6E82F535A93C4230752971D92EEE3757B79FD3B2FD7F4242EFFF2A8AD95BF7DC78E3FF700539940B19537580A3F4F8952EA220FA2AC988214657E47D2532C0703D09C89BF24E832E9DFB3617D680B34BF9DFC35A77F9EFFBCC6ECF5AF73BE2180BF1B268AC75F223EDC1AAFB23B04517180588590839AE471B987B2C8698ADF7BEB45F5CAB020F6E96DE2B32393A6D6B72C86690CABADE72833496B944F55AC41A6471C611FE95F5ED893C00CC64DAB9E2CA97EDE5B422112C892360C39C87B4DF48EE2A6FB534CC63363F56FEB126CB6
T=0

[26]
S=$621EA1
W=$150F71466478B6D7386CD9DF43EAE7D433A4361001BE872545DAC6FC1517F8B69EEE45CEEB2307E129B4637EE660562AEB7AA9C767C93FC4FF18FB862040F05F3933318E06B8328D5F9976EE74023E2E2617FF35E9840D79A3DD64E9FF2260545E59DA3DC84116E88655943291F6B357FDA3411DE7379E643DC888584674DCA9175DF6AC4DF1CE58943B0FC76D6D43FF76FE5A234EB8269FD785A7AE7143668AEE8D
J=$119B1C6C90A67F7B3ED87ACA8B4EFE79EADA85F294F7A4EF45F5B033D7EB370863BCB02CBDCFAF24E1F636D85457448CA9EC022A7E51A8F062A79379A3DF9C89BFB2C6B1BC549A1C921A9BF6920F451E94953B1B2C627ED95B674FE35FD301F239F8D28E27DBF1077B98E30D454C4CA68EB35FD6B1A74EF8DF12EC7D27BFCFFBDC2D3A8CDE56DA46AF0D9B5D26B07078472D885799F7C465F381108FAB7032F082C005D76781062404B0E586C33FE2BB5F1BE3CEE151464CFB4B9FA9813AD87777462FFEB7A959AA50D9F5E52210587FAA0172D6591734A333379EBF3A862C1169897F0C4182695B040491A2386840CA8070ACA5312C1ADF3C6149C9A226E4903D9A1F870C83591D34D8DC0B89FD0006736AD543BAA76DC5A99A347A42EE9418A0D48CB715E0325040B405A2E63C036726B2015FD4070CECF31F225C16950F5CAEDE1B
T=0

[27]
S=$3F8714
W=$559EDB50DA0ADA29C7673860E652A1ED2C86D4D57B53712B27A9B44FC8624B0F2DDE3A33D30EFF35DF038264191E0DD97B0DCF683CD7772994009977C1BE450AD4B74ADB7E7A19CE55961124D12698A3C1DFE9D658C6B69D7C2826C043C45F6E8C1C4F7426083B24ACE473BB79227BFB848106E93C56DBCE7B56839890C576B9555898C3BFC664C49CFB94680D9E4FA020AD54AF0DEB5D842F7DA94C07B25F6A
A=-$98
B=$2D2
T=$1

[28]
S=$75D5334
W=$811759527F4291C68DF145147961DCCB88488FC8A71E5F02F878D209F2A6FF1264FE468E413D10B809629CACA8E8F3BEA5DA42336476B79F8F0001D6D6BC6C7043B4E49DC2163D53FE587350BC28A82851D65AB46C9DDA11C1C9A9DEB217962DCD4BA8E5A6B2A2EF699A84BB4FBB272102F15396291250A239A9A6F0A32A6A9B28BE35376268E13E3776EA4BF1578F40BA250C5AA3D4B7406245C56FE9CD8
J=-$24C0772454020BB52E4B5E9E17062AB15FD6BA31FA77BD10E2B64079C046E33BF5386458E62E6A60A69368647107F1137B03928B67ECDAA47F69CB72B53D771FC49F1AE464A9E7971857603828A46F3EEACA57AEAEE71D49A48573688212BF5CB4C478BF823328429364DAA0DE04AEE1EE52B402725CCF4F76665F7AAF03FD4C14BEFAF3CBC6D8450753BA9D5D0F0F31BD5EDB8050E9F702C4752CE71893047B57D7391E847F02B40664D99C4380EDEE992DF8FD0601FF9F47CE62B1A1C9FCB0C0FD5BE96561AF7EB0345034F3961D27761D5B0645055AE8CEF1327D092B189F2E4126A83184DB6A57A100D235A51B22CFBBAA90581709B260522AA5C199CFFF730F52F5C78ADE33F3A6FB0D93DDFE593860F218510A657936E64F91B41E4C1A9CD6C2CD01D3734D332E27D18FEE6F0770E60C6D362FF415F0BF27D1FE2
T=0

[29]
S=$A4C6B0EEE
W=$1D38BBB095074495FF55F090873E09211ED7F404BB914902AA4333E0B64B21594642D9341AE1FCC36B90B0AA63B26E8066F1271CBC436DEEAF449C0128B2EECE2B997A46273072F8932ED583333E22C030B8B29B165D1671D7CBB455A50E23600F48AEBD3149CB4547B9A83883A04FC34761408B50B543ECC8BA0EC6FCD41F3F8DF45058F2C8A09E976BA0810412FA397483B516A4407E9432C18EA2270
J=$6750F8A180B938ADCBF3D449E73DE3FBA4AD0B6820B5B78413319C6C197AF178B050D44D81DAE51C2F387C4E424AC15906B5CE06001D360AACDD9055CB90462AE208510A508A3563BCA247A3AA8EC12FAD7B0818EFBC35E379D3B4FC7C8518C9662024E3BE808CDBBFB47C5614E5926DCC8E78849567586EAC7AF961FEF6C3AD19D33C07203E695A58F00A01B977A3E1DA0B19219878E0006441ECD4A1D1CE7E46DC0A3E9A72F614EC555D9835B58466E7340A35DE6FBF911ABE3EEF0BC714BCDC3C9F95DDEB97869CEF93FE3C6BD1E3E02C1662964583406DA788AB970D31146886C620CC0378099C8BD369009D7B0B1288714D514901EE70CE22EF149BE17EF93CDD816AD68436D0167B50E3F3DB933AEC0F813F0B6340EEE6B33C3F8E9E932DD36F504355B8D2CB2E90159ADAF59B9DFC0037557D7F52BA94
T=$1

[30]
S=$5B6BE9CCA9F1CCD
W=$80AB97515F7B82BA7754063263738C4C4821882138856E1FBECBE3ED4A7F408A5FDEB821C6D4F1BD80E58B7F1BDCAE7B5413B102A7C0D59978518C0C1A82CA18CEC147CCC6DB070C5CA1957755DAB27E6FCAA7E204F9EA0581AA9492EEA7F30F31579063E10F82AF66020D9BD0F59D269443EB28891CEBE117994B25E5E44DC6E7164444D9D0798F641BA6FC1D7E97BB4A7C16462C0759A72EE2C7
J=$33CB750794A03E995AC46985FE20079F3FC13AC989EFA8BC51E1C0F937C5B000FA89B17DCC4957803B17CFEC31AEFF8BA1EE8B574A1EA4486A94F6E6484DA7436304E0A1AE6C9C8E7FD0BD094B9A86894BE6DD53CAD87CAF70831CF782385F5D08AECB22B38A2103185EF4ACB43692F59189E51792BAFB93D4BC1D4CE7039A7EAEDD5E652C28701A7DB00C39B87A77A7465A7851C57FE1E36D752EEDBEA7CBD189EC213E90E5E976D6466EEA18F48E17D1888B61FEE5748C975A57AD99FED44EB7FA305E7E3E79D2CE687A0CA7291ACD1137E7D19A3197536481B25114A4224B2FBB903A67C85E41342E87EBAEEC70509B1EE86281BA6B4D58C3FEE4B962627DED65CF3B0F5E4AFD30F129915CB9C967DED404B1C837C60207C602EDB338D878C84CA16913F792D2DD43412065C50D060FFB50C8157
T=0

[31]
S=$14CC93C1
W=-$A888405099AE1734BD47ACA52935A6F1A94DFAEE2BBCD572411594E93502C4E4938EF9E3A70B63A00CB13491FAB4DB4D99CEA3CA9D15780AD2821BC1484AF976ABF310CDA15823DAB6A14D20BA9E835A03688AB13B8C9A2958CA1E5C8AEDBD03E344A13B443B2143D6C5C4B12B42466BBC2756AD1EA11629F9911F3DCD2CB625B02582BA38B2C702D55FA0CBD34820254CD3D09FA61F81
J=$9091F807FF6B75CD3DFD665B2B7D6B81997826766CE934241D385A119ADEB17F60B44DF4348D18AC34768080064F7B43D3EC82EF6E247777E30A93D44AE65D1A2EF47BCE95ED11DE9EBBEAF6B02DE6267BE7FE89C42F58A940F2DE3B9A5B3BC9C80478917DC06D81C479EEE75236DE6702860A46F76E6269262C4337E3EE1B0264D29E3140BFD750282A78E29FB3D1DFA2174179C0F998EF4EF73E1CF2D4DA5913F74B5199D5F0C0A938564795835B1664BDA2D758ADA532F96412946A6C7B7BB2D95506CAB3485599EB973D178B24FB84B6E6C7DEBBD106BFBEDC52A4748D36F2D2B64A958830F5252EB147060ED9928A884732BA3748D22618353AEA09F3A3CAB169F874500FC208F5541FD2F4AD7EBB54452A2580E78653500F9C493E1833F13FEB9A334BB1885488193F2DBC
T=0

[32]
S=$4DD55D3575
W=$199EEF0840B7911435D55D06B64C81938753EC6353668D5C5C0FC04BC6F7759BA4D40513A0A333435F5DB54CAE111949722615CDA2BCBD290994FE53483DF7AE6C3913C2065579C65BAE739EFAFA4A394F170603BBA82923189D37ADBE0E780A83BD540B202E6ED3ABE1BD749D7FE880F9C8DA1C19215EBAFA3E6FD742A8EAF8AF074B0E41A0D477DFF97EF6872C9B6318CD4BFD9CF
J=$B7319AA54901FE68C461C51712D72420E2C84BCA81B3BA17B08A5E5159FA49199FA5E290F56E5360E766E9DEAF03B856991FA2BF90D9884F9D14D1AB5852D0683CDAFAC4D6FD013E89DB70DFE67D5FD894791061E4CE67F25BCFFF76FD7459C4063FDC2698E947BCD779A67BA17379464A355FCB2A4F675EA35E9614E36C067A63B76B9433807A685E136BE8E0032492E806EBEEA57AFE0173F4D29473409F51E899398FAF512DD7D617402CB0B0FE577B15B0E48F9C815F219DD8DB77887AD98920FCB014A927323C86CBF14BFBF1E5A9DB802C44811B0E9B4E079DADBB2514DA79F9A4964A31372B3D676A72F4EBC450AFE8722B6C79D18CD34CC490EC82CC6AD36DDDBA7583A55D638FBF68F12ED508671B8503149C974BAB3511FDC2DF9B78C01C46373DC44A254A
T=0

[33]
S=$3B7AA52B10ED75B22
W=$FE43ED5909B8171348F345885A1973B00BAFDE62D6F18C2FBF74B27D7C913BB0289E6D9FBC8E858D391E9D13F35C5FB1B6D8FDBB2709B0D13361CE61452A06B76D0D04FB022A07E4B89FA0DBD8E7062C0F8B81572947B4D335FE4B67DACC4C6A13E3DF7F7FB6A234EB9D066696CD47CCB6AD760C13A9ABCB53DB9D3541E8ED5D61A2216B9F232DE380BFD667DFC66A99F4B684
A=$2
B=0
T=$1

[34]
S=$3661AAAC
W=$BF15EBA50436899F369EBA936F0D81C38ADB7C582D92069B39B0D4F8F3DFA7E5F3011754D840BABF0D97C158EEF5B44ABE62548E1758B9BEC0338C37618FCFF258F23B9BA7AFFAEF428E6628DE4D0852E69FC8454704864B0F0E53836D28D972E2C944FCBED8EC852D746C1691F5D5F994DBB677270F6DB20F88BCE5D5D76AF170517EF8A689C1BCB25DA35273A0C2
J=$FA31638D28BBC55C88F4550E36432B020543E37C870FF7C5F0B09D2E46782FEA7F3A51AD990B69469B1DCB9B650E852E875FCC7789E07CB0CB8668266F211B09A21001A1826A49A62C79C50C05EBC8BA2B324EC493F6B2623DF367301DB2C7159CDD78F739887655320F668858C514C64EC3DC779F1564EEAC002C1A853C09A52B6E5B3EE18167148B765CFCDBC1B34C7FFAE691ADB1F36723BDBBFC515257AD386A78717C3773B8134CBD1B4AF69DCA3D0C9A7E5D47A9AC12B8BBB9683F361A1F2F8873E225C1434BE624E30667EB0A6E904FB30FB88F1FEF02D3D5544816668A0D8FF800BDBC1CFA91F9695064E178BD467D2E33D9B2554A375E8C0536FCD6878DE4AACB68BBA2A39D84700F79D52680D08D727AE7722A4E1993C2DE9
T=0

[35]
S=$26B748F9A0
W=-$C1F78CC89DAEA05777E310A8082B8639088FCD48EC6608A83FA23588A252B65BB4BA8A69364D5B8B2F60C192F47CA6E0224E3CBDF6A495275B25972D53880E9CFC61FF98F42A83B674B07AC8519C81C6B747AF4DC9DCC5EE5F792739621317897A173AE6E4E1A19E716DFDC3CAD4119CF32038F139CA9F7EA975A2289E05C92FDE9D39A464FE1AFC269DDD1016
J=$55D82729579C55EF86BC0146BDB3EA408FF0CB665852390ADBC0EFE281F39CCFF2AFF79A71C41D450EB9ABEE283FC678BE3515932B1D7A7CD5FC2E4555DC5C9B15F1E37683A260FB0C0819006CEFE3CD7968EC61BDBB8669639A85C4492138A28BEE2A60435AA36B349DADDFDCA2057E4FB492CCA6C7E8064862DBFDC710C727BDE6E31BC91C04FBEECE3F301D8E5F28A90C212A5B16E31E7DF3A7EF4F34D5CD1050A3B89620476383B40CB549B5ECBDCB2CC5FED381533035876C327E4220D5EB89D53B97AA5BBFF3ABEE094E332E297E2D1B96622382A0580D4DE343CDD75B21171C2834BDF9CDB89803DA423A41D757C65403D515EC480FA97FC82E9542348C1C41DE6A4FBE8C18A53BC26B0C3C71E6EF8BB0641EA792AE7B
T=$1

[36]
S=$FC3C
W=$2F998DA37DA1B0E5B894548C4B51B24E69E0F187AAB9EE3CC3796B7CD6600275E4DD9E9A685BFC7F744DEF182FDF2322613F0827D35184D90DCC58F180E1C33A282733F8128E7BCBF4C4D8BB4033C26C701DEEF013E9D05FFE4818948BC602C7AE9598ACC9C7737E27FCCC4E08E223177F2BF4ACACA8475C89E87FB4D422FE18961B65EE3D7963F3E33D06
J=-$62706344095FC7F396BA7023EE49C44E9952B57446A57493BB48169865B42D11AF421BA30D1F18A171F71B502055A495FF0022F77E6D3DA0A9C12ECC855CA80A9C86E0C477250E8C0239083232BF1437022EE8ED94D9E97A934F65F2C8CD7D4F0E6E54C43769FB3C6347BC77FA23150AFAAEEA3C103CA87832FE610526D88146758A6356B8F6EA3C71EB821401BA3330AF88342CC6A6D8A3540BD5B7E4E42776591EA87E2D76536A2AD3ECE5BB7207B8DC03F7F7DEE7666350D4DCFF0B3205C68D662ADBF38CA876A0C697B6CB1D02F3B57900DEFE973D892065536DEC1597556E7D1596DC43C8F544289BDD59E2E3B2F446555AEA9A0E9CC210EB0FA08FD1AA6ED8BE5AE750AB01807A3B89D54A5C9156DCD2C19E
T=$1

[37]
S=$2CE3618A7
W=-$288350F7D93B889734D1A8846A96C4A4FA872CC7D0DF9262BAD61A3BC13C1CE97431EAC1B3510601E856AF9DDF9CA8D3AEC88C5D243B48FCCD3EAEF75065C75BDF4046F038CEA18F5827FBECE36A5DDABA80F9BAEAB3262BBF426C475BEE3BC0B0AE5E376FDB192900DFBBCB594369AD6EDB622D579E6AC56CD8AFC500792B82C1C0EBEF3CA79F345FBF
J=$D52ED7CB58562EDBCB08B70CD95229ED133EBB0BF14DC9722D1488B1436BAA65D36D2E8CA5BCD073BE88684FC80DE5BAF34D8D95C1990D5AB2EEC93E632EC5E37277AAEA46FCE94B565E4FBAB1400776C8DE09A0F38F96A19FB8353F6B0CBAA9BCAFF33294C87CD578E5FE55083499C76BF4CB9E06BC6AD0EC7E0676CAD5D7EABD07F80CE771B3C0420C2291E0671EDB5A28C312BE20887852315AA6F95DAF0AE705703B5D7A48370DC67D8452F0295D537CA4968CAB317E858C589248FDB1A53A719478511D0A492F9FBAE034394CF5A96CB45913AC438C3C27FDF7FA811E4558A85F7A1FDE4081500881510C771656CF6C64FA156120F39AB44F9CF6AE95E77F37FA04EA48EDD11C8A01E6BF6DC8A6315194
T=$2

[38]
S=$76F6230C
W=$2ABA5566FB0556FCBC4C160B5AD925ED71D93DF74178EFAE7F80F43825FD37F2A3C833287894B8AFA2DD39A963FB0BD827120C46194F2D9E78059B630250542233D889084FEAF82B9E17EDEA81D6545BE2F028FF27486F4CA7C1A404398E9010D3763935B9D8A5B03516CE26256DCF54F7311893512ECA055299A461390D79C14BDF4E7C4E31B992
J=$C31471B4796C0A949A96A7DBB7D670C82DAF29BE5A8A9D4F8C1E0182D7688A70BFF4B6E5CF6BE3C8F569EA405D3B07AD9FC4C7458F7E8BF76F2ECD8E586EFAFD7412128D665C74C7E89CBEB67725F865CD6D0C389B40E4A7DB453363B483D32C6F4A23104925EC6D0F38D328445AE9FC88C1D4C9CB1ABB3956300F7C8E113CFB0A280EFF4CC4ACE65228092E2115165198BEFD328D6AB248B783B9388728C03DCCE153B464A981B0EE4071CECC84519D9BA6446CB098EC75E6CE5CFCD0DC10F6462CF368999FD1377FD2007E6EF9FE092F0512A3AFFACA6CB03784551863F6C711CED0E03865B39C08342F49A360D2008316C995275D336F7D8A5E1C955E814270F0C548FDD59B7CB4A05E05DDC60C
T=0

[39]
S=$74B
W=-$36BFF0B40AA49325286CB49E6C2F387010DE0BE1824543D643F1DA1262B46C0274F617303AB218EED8CC07DD02E6F9E3510D56F9F078F9585E1558EA2CB71F0CB052B35D6E10847EFD2838464E2907D7D511B796EF4EFD85D31BC66EDA6B7C7F408A764DA5AF3B1C8958209806E45B73C90E5793665AD72DF96EF712124693425CA637910573
J=$76E552FE35C002E7DCA300836EE8CD198CE32FAE8C953323187AB2DB67EEAC933F9081058EE988D210C57E08F1F6B3CF98F5E94020C9EED7B6B74C1FD2B840E91A43D02E8CBEA610BAD2363F525CBF34F2F12FE948937FAF930955FC05208D21C9DE85BE1943C8C1C2BE050FDDEB483BB3BC0290BFE5CF1105496BB010A4B26508BEF719A62E782D2BA7CA983232CA5B9B10CCD7BD7101B9EDC3F4A28DF63CBA47700104B817DD9629B96959F4AB8422E8E99F4132C2F747703CB338966A7FF29C018FD298FEDA590B244D28DEEC9813BEB8C93CC5740A1B36DD590259BF6A6051836A099D697F4966E0B2C6B617F2C3A3D537E953FB17F1E070BC0D9D11DCB2D596827DCC8C2C1BF923D
T=0

[40]
S=$6AAF
W=$7C4FE2CFF376F0EE2402FD4F9EED068A9B181752E572DD43C6217184284F358A35FCE7B1968C895BB10956C2A4C9E1EF6088F833DBE53868791F520761F41AF113E6AF9BE3565F7C618C426DB39DBEDD0763A44FCAD3D4AB649670D23A61504B867388833CF34A67019921C063EAFCD00CE8522B81D8ED8D101FC59C1011A8CD87B15E8091
J=$1F5F9564C06D5D10C7652C0D78980B05FF8FF6BA2A20F928BB390789C196FB105BBCDDFCAED14CE6716E7C98EEC82F794E37671E70B1BE89B684974BC43D1CFE3FA3816C3DD7B7EF29AD57BEBD78E656060CA62923962262443D085DC68D051FAE92760F242A60EFADEED9917985CE47FE40B540CC9BD44E6538512B95677C297948964F643F915B762A3E9B259355D33388FC74A297888E84FD54E6D6D1B9DF1743CB01C549406CA507F2E17CA58380621626D4BF15CB4BA2654973C25C24E0D0E2A28C51645FE956B0C571A37AC71E69BEC9754D5EE8A2011365B6A2C20804892BEE7423D8B969CDC2E372A8603A3C6CD6153B4A3D6BC20380CEBDAB8D2CBF56E2823087FF50B293D8
T=0

[41]
S=$37E1950968
W=$1041EB5BA5E3A4979F811509D04B930E8B5DE41FBB246187034475753C5102F6C93B359750D06C8F515D5A90D85070CBA5ADBEFCC4F59907FB50D770ADCCE089B4D956B5C3C0C0B6E8E98276241A8FE6B519ABE43797003D513DA726F72ED862A00482221209AB5372FECF67994FC07B393222254C123D2AC183F7D7B96FD33E3AB0E756E
J=-$9EB7854AA717048A261087A71AD486C9A546169B2B9EC77BEFA3AC0C47D66BB7FB230ED380E67F41FD65D0B652AD99DC1ECFB1EE62ECDB0C65BCFCC794B1EC14521D4BDF8650977E71468A195ECCC4AA9C2C191D665DBF1E729E667CE199944EB82A31435AFDFE106BEF0C70625875ED4645D8BBCA560CAD3AD3EF04AFA5BCDDB7C43ED4BD04DC5AF00454C75E042C76671694575108C0AA2C087A4F58BD9F271B2BBB16D1763485B71C599680C7136BD58408ADA89BB21E52AD7C438A996C6461EC1757D6B08998E283091A07A1A81C555F5594AF7B8E1214ED1F0069BB391BBEDA96A259BE44E0A4C7471C5E730C5BB1EA31348A09EF0F234944AAAD4F62DE85851572B5DE4305
T=0

[42]
S=$F7F7E2B34B
W=-$486F02D5830F6C83D1ACD5107A2A375F6C9EFA3919AABF80475B046DBD18D019750853CBDE970CE99D219F166E2C7712D0110ED5569245691ADABC35BC939FBAFC0AAF93635F26E2AE0B21361308A5869A0074F7FC6E548C98FF0AF0A27EC4916C8BC6D89E6EC848DC3CFCB4CA18D3979916344355A31D482CF1416C3FCB9E6F6765
J=$25CD3DC150C3A5DF78941F1D51C4CB1A967CE21603837A6D823FD8D729AA3EA04A5B87DF3D84BFDC60F901B12F1F337EECB683B90D6CFD34B0B1B2CAED03BAF1EC77DF0A00B9581F40AD958ED5A7B067C0D68559D6D507F565227961D58A9E4853A24C3CC84733ABB06511E92A0B40011A0F8E5AA3BCC0B53357C9AEB21B47F06FA4A3A89701C9D1A562F1DA2097210FF1D0D10D5C523BB32FAE8AE7CC91181D0BDD5818D2705C68B74C8F20253C216227207473302A3886631982215E25EB8ECFC8EA713AF3B62AFF3CC8B3E57F416EA455389816F3CA807F618C0A9C40131AE26D31B4C62A1F47335B218C94A28C488561209FB915A039FDAD88926727C67126EF4F8
T=$1

[43]
S=$7A316D462
W=-$401E0A89EA98F1139B788A054A704014CD4C1A5569C97EC450642BF86F9CDD34A513AE0C8CBB62B3B8B81C7F2671F89CBD240D58E747549C3A56EAC2F96C34D3FE1431C0A56C82B752DBBBC84A4DBCC2540D52E53CF772DB3882385902328E24899250A9DE408E31130B0985E5772CAAD387A49F3C267973C8462207C4E5C0
J=$72EB291D33A9BC0AB3A43FF6A519F6988D75BB55EAF45D305100094D2D85D5DE03EB850B3851D05B84828318EDD04DE423EB65EB9148608B43AA11C88C81A52B8ED81131821F5DFCE093F52815BD4ED206A07428C63547BE6EFDF97B34911DE61843443A25071FC478251AF84F10D085FBA48CCB4F233303B7D80AE87B3973930BF2431FCACD4FFA62422B999702B72DBC5F133FBE8D780B0BF77B6BCD59F6AACC376DBDDBA41B235C7181509FAF260FD2F17819C10FEC5AC65340C24AF39C1DCFCC4EAFCA864C0CE9CDDBB205D7C38E4D1ED067BE70D735CA3A126B9D97FD7A6B0894861EEF6BC30929C5E5F56D553F19CA8DE6D70CDC9FF17448D0674B
T=$2

[44]
S=$3FFC242C2
W=$12879561E9801C9601D1F127CC48221E9E68559E0D66C6163A56E2988F2984F35968C9B93519F3BDB7E10B41D736491B6068852FC57D5DB29C610FCBE72527BC26B251FC1C997ABDD9FD935456AF7DB92A46E939EFCBBE237CDF3459877D0B6C0EA303BEB2069401EB8FE3C97D43700EE1658D37685451AA074FC3D358
J=$AF115CD7D0D43C2E314F500BC518B877D1586567BE559EECE0CF79EC1272B10FE5E93B6F4DEF0BC2750762CE77B3BD388BFDBCFB14B2C74A4CDEDC4A08395A2F4B207AF136CCEB979E466846F845DC5E0615C01CBC83CC20931DF5ED6F674D1EC81E3A43FA6424695BAC329E8AD5872CD4C387CA357DDA0798F3FA7A33C4DB0A92FBA870B2E061ABF94C57C5D6B60E54778B297405AD31C8E31AB6A66CBD8EA73E27276E6D63B3843F5A68C467E69BA6C3E71F19EF95A7C737CD60B70C9F64ECFC8816FBAA5B1AE9D32543DBB71CCB267E2D559400D5FFECE8797E5E7935897623162143B62F099A594522EC24C2EB61F2F2CA91E9402973525
T=0

[45]
S=$7A0C2C
W=-$D8DC3336AF4BF964FC57DA68409E45FFB2FF8FE9516A606B15C606157BFA87B787925D3ACBFB5F8FA2E835D8CAE005E8214B61B6C34F2B38AF533676AB398F0E5E98DFF4C47C586A98DEEE274D8ED97A6163131281BF6E6F872D0C7D703D4D48046F11F1512F41843B20060F3FB67FC0E9A029AE0AF7F16E8912AE
J=$3DC38596DCB7FA56E28EC78C06923A4710F3B3C29D823805AEAAB511022EE96FBE5BC824BB1C09E919E4FAD2AA0F71C714867A82EF8FF0F3CF23C748BF9ED918A69E55420F61FABE2AEC86E622712E9860DD950BB8E5A3840BB02C2826B40D0BEFB38B5B4963163D6589941E8C9612F6DECE643BA5ADA3266DC0AAC6B96B96AC1B0D9D37F890B30906F3684CEB9F49F9E4136DA1B5816875C10B9428793ED1620978B2DDD30B868DB28AC872AE83519EA60753D066C2B5324F936E894BA1E58644BFC0CDE668212FBE9A4DEC77AAE239BEB1735FB8B7788761E2E9D199408F91E9E49A05766D22534724B36AB163907A5811A3E6D2D
T=0

[46]
S=$3FDF3E129BB0
W=-$B2A930543607C236D5CE19F9795261758DF64FF40BFA0AF62236CDF13AF59E8D21AC5A9489D8E58AE1CED56E6F571B9837EF1E7683990ACE6BB1355C2CB6D76F3B0A3D0DB7853CAB6185FC558430ADD5E09E5576668096746DA6E820725E867E5B7074EA355FECA77E2BBEEE1D5252A2FFD097886C96D387616
J=$B086F99ED6B914AC284A39635C2E2C8915BE8F1BE48638BBA1E4C25CF624601C86831E8DFE4FA706E68A6CA7507807476B3E2F493D47F215707ED05FB0425498B32B7B824CBDAAD1C705EC71F4978ED1B84A9DC38430356095B0F689690C2925CFC7C584790DEFEB4A14753EAE964E9EE1D1ADBFEBD228CF033BD06B2B0995775BF1A8ADC75025A2ACE9E5EA6B64C87EA1E888BE98DDC6A22B855E1EC30F481B1A5BD488F7CBA073AF3594A149EBD50AAD30798258346F7DD9191B40E9D64BDFF166A69BEA133EF5D044CB6084C74BB9221B44DDC2576CA31815622FD1868C34E950636A41E26014F2791F3278582165B93C0
T=$2

[47]
S=$9F73AF0E
W=-$22E14EDBA1609E35B53AFFCABA2D5ABDBF133934209B2CB032518E1B07DB01C7FBB5F2893ADEEAC24CD49768EBBF2E03D8F5E751FF78D757E176FC4114D90335307E6402B3980F6EE483380F2065AAD4C3BEA6A3620D1DA92ADA90AA1F96A3290602D7A98EDAE178F00452369D77D5FF0EA14C4CD18CB2
J=-$6D572CDBFC5E5DA334571D7706C8C292655D182D21104E445EA7DB3086BF49FCB4C01737AC2E917881B73D8039A1C7A4D157D03FFFC4238AB1358D5138E6E88756ABC9CF4B6F3395A3FD2B4055A0D4C853B5DDD7AA4D24CB1583E0094291BF40F52263156FBD2B50160E9A2A2B7086F8C1C96F1D8E270651FFD22222A0513814315EBD4FA2277772E0650E1EC572AAE9C5529ED9727E35938AF073586BB3044FDB5DEE33D411E2DE00D44AE456143CEBC6CE0278124ECDBCE3902F7D4E08DE9B1F7AD338E615DC60647C81CD78FEF22B5DA88F3022D8E22A372939536A1483C793F2695184BCB47B1D2D21301E
T=0

[48]
S=$13A
B=$2

[49]
S=$10916C
W=-$2A14E0484118A85CDC4B6CFBFF9E6C24EDCF05D6980D2B40A76F26932B06DD95C9BEDA21AC71AFCB2BFCB0E19C004AC7D5503A470DB96D30327958674CECB73A47460A8415CAE7269ED1F15A65AA70998D25000CB55F131257F9961761A31FCDF1F9CE552468FE9A02648EDA45C67E441E394FA2A
J=$2D0BC87997F95CD0762913F7369F706B732EECEC362520D4C5F10F6431E1A90FAFD48A60A4062AE5050ADB41722B136536576C0A0CBA3ABD32998DE924EFA9E41DA968CF0E5351B03071BE939566DC9425D289C4578519BF123F5800052891C31ABD621182B4880779FF0CE64576F61AA864041F8EFAAC654A42EB90D73577753A07E2F93CD99D9EE8707B0D2732E6899D8EE33D262C375CB4D32DEECF32A568EF4E60DA680C4C0F3AF437ECB0BAF078E3C353B8308F1CE2B4B3706FFA5DA0756A06CBE1CD7B006C68B2E0F5611437DE9CC9824F6594F73812157FCE29C98C32157791DCD7AAC695
T=0

[50]
S=$185DCC
W=$29B31407F173861A2A241069ED14DE0C81B6BAC9676909F2CECC2732DB06BE41031CF35D4C377D5EFAA468F3CB7D033AC0B63B6F13BCB0157B9040422AFF4454254A799C9ACA1EB6F90AFAF6C5FB843F2F468DDC700C5A7B73FE9CD4B6CDD7A30B5DD767C24F3AFB0E4D33BCCA4EBCCB6310C4
J=-$81846AAAD8479A6694949B235323A627E017478C370837C896BD10D22DB88BB50C72FCCB5D7AB66574868456E11086596A37CC7F0CF6EE6472A51EA53383BE1374789D14F781BE4A688A23FF4E8F1F724A8C375D83ECAE44D1C679C8C0EAC9882979BB887EF36EFCF8C3F9E30F9C85E38CFAD1798E92A204FD6C3E8529C4CF54890BDA5786192025F6AF36F8D26616663AC88B35691313119DBC9C5EB1179AC14C6B9C6C8840B29E0B73585AF55AB34DFED9374D5F02847EF391658411B8EC5555514905193F31D0A87F898F9FA03EB3A564328184E24C0836ABA15E9353460D14623672279
T=0

[51]
S=$1B390E
W=-$10041ECA6ACECE40583171D6FC97ABE7A9901C3E56585EB1E0175D67BF62F1ABAFC8D2D2D70F5065C181142FFF70F76F71680C10D1E27A8A08BB450AE21B36C77C41CBA8B089B4C59BA488F07ECD1B24E2141564ED59FCCDEB402B6B761993D1E757D8D1EB742F34481CCA73C6F70545E2FC
J=-$1D3B118FD5397E025E11DF0B0C9058FAA3CE3DD188CEF48160AB0EFBEA4FD4AF811C52CBF9666002EBB0422A88B86376112C629989EE85CF9E2EABAD76FD2BD407EAAE39DD3FD1041D8A7D8BAF3B5377F882F1819C7392D1AEB2B36851C37AA30B89AF380D60CF3EE943516654D396F91B8F88C400A8F7931CBC7AC820EC261E87FCE6AFAFA2218B8F71A44FCB0FC9B45055FD46C383AA3183947F6A7E8EE763EB05A86152518ABBF769C1E64231A4E7D9AFE7455795EC12CA4C9A46E9E4C62994D8F84C49B6622A025DEF17447AA0D8A72C8E6104C3C21DBBDCF47C9C90FC360A3185
T=$2

[52]
S=$20347EB
W=$4ED7D25EE64E443FA6A697AEC30F941604621C8F04598C009C1D66153EBBC74892BE96F55E826DC181891465295C7B523705BAB68EB90B8AC0786B7D72913831361DBDAB439B1339E0D62A417916994758E380F0B412A201FB70E921342219B9E7A2422952669AC8158BFB118E62C12A5
J=-$594E295635542199465310361505CC2914E0E3136A07EFE0ABACD3FC8B68409C3920EF4C9BFC9D66359118505610CD8D6B1E7670323F8B3E87F208877EDC49CA79CA6DE55D44C6505397EC1716764788D9329496DFB6163D94B33CCF0CB2DDC296B9398F1A572DF5794078A1CB5DF464DA5C31178A9C0884BCF23DAF0F9FB2D6A0998A1C53DD33324EBAD3B917E336BBB890311B898B02B20748BD40A9B0F35E2BA30EDDA15B02D9915A79E6C01C44BB78F7A616B6F3A064B3504CD08CBE7416E70228A94A6EA2829305031BA99815F3F05ED34C1C375E973DC060C76DA50F436
T=$3

[53]
S=$2E7E88D38A7
W=-$51901EC9348496D670FE06A245578CA7B4F283A01AADEE63086B3F9B918D08BBFECC484CE7339C75232C0BC42B42284966B345F2974CF421D88D3F46BCAD5A24690D129C6EF134FCD477A1E7ABB9D16C4EB2D3CA751A4540700259FF66AFF9684467ABE24D6E4C911EF972265D6C9
J=-$277BE5B9356AA5F65C8829C9CE71F24566A0A714D6C340179A8A891634413145D16F3CC849650325B4C3A0F1F9EEF9F6F15966893DF6AE4A26EEAE562766564039D59333A768465B44E25809CBF19E582A99CAE4C5B0D214347C82DF839894466C76D5CE7A234E7CAC8DDDC8AD092B4EA2A9F0C1D61FD739BE23915EC0A5996FA09438BE8B51E601B8AED5B4B4A65F1F312F740031698192640A7025A8C5FEBBBCA5306EF18EE254A6B3E03832E653D27B4B19E9744672B5123D33E80665DF6286FC93E17D41AF0BAA6F263E064018EBD7AB7A5D5F8A61A332B33523621
T=$3

[54]
S=$307DA01B38
W=-$2B9D21379A700A0D8298FF63E1952F0BE09291436B09159FE8E7B1A2E059EEA82B343E094E79263E0633DB2FB372A09CBA17F5374BAFDBEB12C21E35C7B5ACAC50478FC0C53330D51AFE832636CA41EEBBB66178E3D8F8FA1F7D0658F08B2ACC825C75A51B7B80EF8ABC706B6
J=-$916E7D40904EBCC6024E1DE1CA4CFF28D6648EA5AE059D321E10CC77A95E937FACD9243A9F067F8731FD8394FF8693310B5081B9BDCAEAC2E476DAE4B84926FA6628902BC6952B58363BA3A564E500C6C0D8926EBAF191C57A30EDCFA30D3051AF4D36CA465FB18481A67162A00F37E86E3E1EAA9C67E549F26E8B120EAF22C22E462374E793488B9A21EF8B41B0F49E6164BFD9A3A5EB358AA90F716D070862A81D4EEE2F3F8C1D7A23A492E1CAF9C594DC7B45264D71B1EBD1F9377C103006FBEB5ED9CBC9D84ED75FAE604F1619BF6F81080427C000A3
T=0

[55]
S=$1731584
W=$4E4C048D58DA8337F5AE8F358BC92AF4002AB52EEF846E7F2A29DE24BA93273E8A62B717D6561E99000D1DFFD5ADB6A4B8822A1BCCF4F88B6E7ABDF99647D3155D478C18CF539817A5EF752E8241022306DCD0458A1C698BF00356DC72D723ED37885033386AE7E2FB80
J=-$E7F56AEE597E38AF618570E884A0162307772D82C9E9423E293F327ECCF44E2327BF20D941D7BE48E192E6FE412BF605DC53F59B4DB6BAF45248E4F6EB20688C9989CD29793F59D9D75FE0BF797F98F202E955E7727507149ECCBE3E6A4B41289A4388C45D5225640063FFC45B9B865118FE5538E34AAF73961BC7C585B461EE6FBCC6703B20F95DF2AA64BC3A40F4C3F95DE45B3068DCB4A8457794AD9EC8BEEFBB4154DE00D6A3330C928610ACC242FB03A76964E070F98DA2A0567A3B1FD70DD5A2E31266B774B75FDE4393DBAFF8FB90D6
T=0

[56]
S=$12EF3F8
W=$4A20A86A96C160174D4160714B4BC67DBD2F1FB2AF714974D36A9F1D1CE1C86E77DBB8AA0AA5FB655663B2B7CA314777D0513F3350F63FC75388BA1623EB111878862AB43E80F4A3517CE1C39E006EA3B2DE8EDB739A1F272D1A35A9BDDD28E5F4FC749CBFFC80CA
J=-$A7DDC7CF5A2AAB5526500D20CA166E8F25AF4B3D9E1429B8DEA8CA8363A36A055710AEF906F22297540D01D94DC9442029EFEDE371324EECBE26BA05B00EFCBA6EED9756BDD3E144B7D41912B84391FFAC580CB964276635DB15E5A2D829AE0B2DAFFDD6C77382E246537D767CE7FC3C8E4D3F14F2A41B3ED8DAFB1808D8C45D154DBB5E4A887FFB6EAE03446057CD1AC56BD4D5A02A7B1AF0C11AC569925383A751340EFD6FAB675661C6D2A815F0A284162A5EB2906F4B09B10DBEDD6C373CD6AAC98027787654FE2DA325209D003B
T=0

[57]
S=$20ED881D
W=-$7FEE035AAA6C652FAC958D84E6D7B37CDFC10B080D3E47B176FA7F72BA23D8905B8279B3BA40D57F4788DE2A233E1EB80283A2EBF1D0B7E7EAEE6418F4165A5690832086BDB1265AA8BF86F97C1A13851213DE0EFFAA26823CA852288DC34358E9723EA61A8F7
A=-$84B750
B=$24C7B73A2
T=$1

[58]
S=$55985271B2
W=$A020D637E1A46B2CFE6CF7C5D3EE7FC7792FF7E3AF93CF16049CAC755C04C52256E7C5BAA62332396A42B7957F6FA745A5C46550109A8EEC28D07B537A94BFA00DA0AD541C9A88C1D17AD44B70013FDC5A4E8834DF6F0A84C23626E99FC87C2C6C1BBD60FC
J=-$1617222AE44A5E9573543F397814DA2465DA4B3AFF9FE0AC93517F9936764C85257A78F5C4D5713CE8123C7BEC6EEE667D4E982C4D89219344CB09216960ED34E7BDD5C300E04C41E3933DD6CFC395AC931EC7C18870509D038CEB1C1409F87BE608F8A0AC6C5CCE3E17B77B1E05768C4DB170CA830BD64D697476982FBA1772633D691E4AA249CCB98743DF120FBFB367BE862C00A66F02590520EB1C8EEC1F5895F2651DE5DD1A2E987DABA6F2E41C5EC4D1F81DCDAF680B208155859D051A6A72A1377FF0409C0875
T=0

[59]
S=$2488FC
W=$E7AC7538970A2B4C07FD916278485DF42B8AC791A5C8B22FAF64939EFD3433357BE9AD826BB14B10EE8A9D78C8777DED6302C7585AF97E491775D9C56C31C5A6E1C0BE94020E8DFAD711A8CFFDC9EA727271AA149EF319C8280170F9A57608EE0799E
J=$2E3231DDECE008E9E0B641B3C2546EE7CC60403B6EBAE5DFFD0736BC707995F2AD3E4F65A3BB9D6B5EBEB57ADAE14B0CE7A756F73AE99088947CDEF450F2C5B5ADDE2BC73DF0C7499AFF326C1B0F5B30078E91A27F471302D187DD10AE3568122FED25B6D065D6D0BFCE454F3CC0B2C527E7C186D63A74AD3B1DF8BE4294309DAD39F4C698D254B7597AF95DD30996B8E616877F061C7EAA726C6984A4A17ADDC88FF36EAB8755A7D212FE00E48F2DFA2175CACAFFCD2B240F0E0A9EAA1635A650E1F1C902
T=0

[60]
S=$930FE
W=-$32F140A77E3636DD3ED5E48ED535C87689A362B78794EAC693E4DA6C0923E957E2E4AD063216CD4E5CB2EC60BF1E6D0D736562543D9239ED30227F5FCA32336554D76D10F7A2BF8D9F29FA823C661F10B16AB47C00AEDC88D0DE1D34305B72E6532
J=$1A1D0996423C4C678C01DA172FC62FC23B699474C1C4B8233169539F54E0BAF4A09223B046176A44BA00870556317DAF0EDB052A4D811C69C5E3C29B06C683B3DF1618D7C167D35A0F4190A1894743DC9355B8E256C91ACF7D2457CEAE96051C312FD21AAB99C99BE75C5202C427FB2FD2E0737E209E0A3630EE402E96F3739435F288A6219C85F97563401282306ACD9888302C2A4638BE116342820D7279D2B20A2C451DCB73E234B9E11DD228E2AA128D48D679D33C1CA87C290FB565178F25185
T=$1

[61]
S=$249FF6C
W=-$44C97C1BCBD78B48E756F653C26A9956EAFFEDBCDE5B66E127F33DB00A16922BFA926C5FDB3B9817F1F02E2D40B10AE598555395A1A562317D01514607B47EA00A2DC5BA1D1B567129E21A7926C5A5101878209106967AE7F68BC8FD26192702
J=$872B695C80EDE21913E8D2A84AF35B5510FCB089858F5A39B4663C88BD41C57B86F093E21D89C99B45CFE56B055C592AA22C1CD365EE6EA9BC5AF1AE69F73B3B1D88F0E6F2EEFDDF16DEF2EB2592B4A15BDE02D161B5B0581230190BBBEC4577FF4D46FF090AFCC2EF2565F1D9EF27A0D9B1FBE34AC0E188DDEDBD1912BEF2957368E4014D087F312A5470594F05D78B9D790E73DAF1252B524FE7D5D2D15436A5A7FAD4655B818CE3276C30510D6579F6DF391A83C991D71AC2D7D8BD2C24C
T=$1

[62]
S=$1DD5ABE7084CC
W=-$CB5A8EED6D8F2F6DC3809051DCFF920A8C2333DE4FCFDA1AB6C349BF7B065A9571480A3A43B92E174DB31C45D97437F384422E5F59DC241E071B07588A2AEFFE1E05D2B2F5200310DEA3C5B656E4BD77CFAEB763D4F74EFF144C6BFF3F12C
J=-$5A3FDDC68923A78D92D65E058552A8FB20506D35591729E960DC3366460BAEF71461F20F76626A2C5A27B690ECB83C4796B469FCA863792D71BE8DF547AC6BE7D95EA91993354FC723C24F4995D3E1D5A8961B82AE1FE66BAD112895418B8F8361FCAA581266ED2273BD8324F9B7808FEE70FA1BA11A9933360C137CBF652D2073EA63F08E7B25A0A0927B0EF01832B59FA396B1A29FE067AFCFA18DE2234C46D77588D81BC9EC559BF1F90B84BBA764305CE41BA750B463753C4A9A9
T=$1

[63]
S=$1438E76
W=$3F418E7833AFE0ECEE59DC9BC83102DDEE8A7241FE51A5075F5A5D334F31EB68656E597BF6689F55293A3C438E18C5339E0B4DBE50056F2A2EAC59BC3554DB38D7867CE72816A927776A8429E80D1EACCC8E7B3E730ED2B1B9981BC
J=-$1A66CF82329E079A0DA0E6F8C0AFEF3CE187F7DCCD24FBD333C6B59D035C9E5B065D5E89422EF47ECF50C8522E685BB2778F167734828BD9B9D15321FF9DA37C210762477284E7881FBF500E3A83EFABD68CC590FB3F3366D7FC4E83B43869A3B4EE6A414CF1117D8AA793B6687D21558236F73C738F492DE1B5E54BAFB2CAB16C8CCD95C63F1D444026B993FC86E4B7D73C3934190C0DC8FB8DD0C5F3D338B2E7BF60B322216DD1151CC7CBD9B17D042717090F009CF
T=0

[64]
S=$79FBB0
W=-$70BED00F84BCE42A4CA92BE99D6E7780BD9B4832617A8AE986564254B56EB6DA4B6188820D13087876608CCDDBFE4F0F2872E93EAC3BE9C997F5133CA01841F283C68A20D82DA679FADB35FA01D7E5510CA63408D44081553314
J=-$2657E650E29C132AAD7BFE68D030AD050CCE57DFB7D5CEA458E774D2C9C0A7A37BA6C4A54246F237E680B26040EF54179B406E470FAE0F5BD86195D344FB6F2A70870687759A8C0C46E6464F25EB7255C2052C14127F411EF1FE6D564367D511F85DB56DE890CC36A8C1F90DFDA75D0D7234A407B924655ECB270A6928FA0F09008655EAE1953C7E16B87139E99687C86D040366C6EF383522C085F7D70A967C32FD0A17D058DBCE89D2FA8BFF7460CD26BD938
T=0

[65]
S=$36B990A80
W=-$1FF1A44010970CC36E2F21A79ACAA6E34117846FE47F31ED0408EDA000B1D06567FF0AC7B5758069A484EFEBCC85693292A61D633EAF2C6BE109066B1AE3A11BE500BD2BFDD151FF1A2AF5D5CE23047574A560EBEB04783CE
J=$BBE45917C26AE582192F71C851A6A6C4436C20136DB6A4E902882C861BB348F5FA9CF100EFFA53F85D942DC26FDB59440612BCBD266CE9F92D14F95582BCEF8ACC2BB886656A1613763AF5837C873FE844D57CF31D18C1117689877B67367E692ED18092BFF9C9446180F47563CAE09F35DE9511B0FEDC2B4CCCFDB83E85D3771BD7FA7CD782EA74B2F06AC03A4BFFF02EF8996F05D2A063C8490C62C46ACC03ECB80EEE533254163CCC8D6116FB9717D
T=0

[66]
S=$506D7FBF7E
B=$2

[67]
S=$572EB871
W=-$6FA063F31553B7038592A68CC02268929FAE3F4643BBB5AC39787B5C8DA75822CCB12C854F51E9987F2B3B8500906D6E79171F9515EF06B1913E7B87F8C1AC38F5D613C55B2CB549A89D041D025BFC00F649482F
J=-$86460817F24431E2BA75A89966D2B1220C2320F03A1DB8938B6261F8C3AF3CF7D2C47A49F723DF626F97800FA905FA17184EC324E3303DBF61DB64AC74DDA6C29EAFFB9D80D9E000782FE6556A1CBF0DC85F933D6F9251B40A088BB08D63A0A572D0FCC9C791B41640B88203605A98493C28A5F2E7FDE33468330D7E1A8DE119F386CC73693BA3F0A1E67D74D329176D1AA92B4F42B1B9881C5FF6F593E563594B5AB6A184D21B0
T=0

[68]
S=$310FE
B=$2

[69]
S=$AE4A467E5F6
W=-$3B86E457BDE6D3B16B16740013EB5C73D16FDB1A37EEEC1370A21E9B2040D8D21F94A9FEAD469FD1D15132E1BDE743EB4BCE3470BD533B723FFA2D944B7A0EC7C042942C9BAAB74CF86E415B72A838BAA
J=-$12ECCD3B48439033880B0DAA8F38C4DEE8D065E9466A4AC39C83FD03513D1BC20B1780D6582F308F3ECCE67484C0F224BA5707DAB5EAD01FDBD88E939576076CD1276EDAAF9429E9E0198178A8E05AD2F7DD7737F2AB1CB884534EA0B370B87214C93CA5B51CF2F11847E1FBF9D199FD71961F0055EBD8E732E0F28CE3E6601C9FF43C33FE814B47E7D9B9ED9B209113D62511A5911572811CF5A262387C52830F1B
T=$4

[70]
S=$18
B=$2

[71]
S=$61683
W=$BA72E1D7116FE9526FD4F7DA2AE8998DDD76FDA4E531BBEE5CDB623CD0BE6968EE98857F91CB4FA64A00C4EC948DC6484E877704F67E8103E417E993672C0D02F8DE0839CC527BBA7BF577EFFDB9
J=-$E0CB1266140FFD4B6F91F8FEB1AB2DD8A46C27E6D6443333A91E8E637C9C4D85323AC063363E7001655B0A2B1464EC84CB966861B2F9C0951A1272B09A19BA5F16FC2FAED2E904C0DF402BD21B00746CBEC30F85EDE94F8BFF1E4B19DA1B9576799C543C6EB60A263C2B664888E2F47055E7E0B0A4712AC8FF17FA38D618D4AB9751F279A23E36564587DD3EB41D22257A97563FA27B616777EE47C
T=0

[72]
S=$B9AC2C478F16
W=$3ABC127D667EE4552C5BAEE6EDEF266F5B39D968B67FB0573F38279BB00CBCB9925E4381D5507387635BF7702658A4F29163F70C552E97C4A65F4ACCA09D641974DC76B8860C228449C13F0A14
J=-$11507AAF65DFD3279144FEB2E0DF4F33D888C4B19E48B7619BBB72EAF1DBE9293C4934F183783D1B5974D56700CACFABB7440286D9DE5EC624065B058D8322A35F538BE7305B31936038026A2C300C8448B20E8B053E73A19FD072A99B80232AF01066DFE3E1F6A536B191F6B5E95A3CFFB89A625585CA86361CA90967A4BBA608D11A68CF142F6CAEEF6FEFD9AA7C3334F63E1AFC6EED7D044
T=$1

[73]
S=$AB2E15
W=-$4B275ED19701B88CE56A49C44AA3FB0EDCA90E2E94CCC5A9FD1EEB3A7CB1AC7ABA5BD676238A6AFAC741DFE68F3A7765B10DC0B036ACB66602E2B4C7CD61C6DBCA787B15B351F1FAF787
J=-$2C888545962433F93C6E42BCA646594301A0A49C6BA5AFEF94483F9DFCF7101FA4EB1BABB2A1E2079122BE40332827296156BE1AE45B24AB672A2074FFDB6EB19861E8514958C92EF27E6B6C59CB045CFF8B5D06E4308075B31FE808F2BAB36010B7CE3A9238930B0CE07805A843B4F3A1023AE74347C0A292FF47FABE19AA5259FDEDEB00E55C9B6D76A9397E54CA1B6351ECE
T=$1

[74]
S=$39B10C
W=-$67EBDFB4E71EC776BC4F71F36DF8005A8F6FF62725CA8E28E56F23413D6CB64AFBC124E97091DA3EB37E28CAD72267E5461098D6BE46C7E4F83C6727D52F27A340808660AB2334FE0
J=$6525F0284A88465B8AAD38F1F936F2B8A76EE8DCD2512FF34EE375E203F5E7722F206F2800D5A88E12E0F3EAE04E708A902F74AABDF4A9D22AAB61A3DDD14194C3D3FF267DEF3868FCD9F328189F9053A6441752F9E24B7CD02A624AC8169CCA30265577FE55F09ABE22AF73B3105D0A39C0B40487D9E55F66A18972C03AB383C5503C2C9B48DCA92954D425C86F89E70
T=$2

[75]
S=$A66BE4C6
W=-$CCE5D84199D54C2B6D7206E56D645E38EE4110E388562A94A2C1E0DDB1DD8573490D33013A0D4872131A7E11A96AF265D33AF184E50D1B314868C37CDA5BEF94D973B8C0CADDE6
J=-$97E3CAD6728E73439DCA8D937FF988F64FDF6DE7EB9BDAA085AF4F09F998CF5714BFFB36B000DED7DC9B611EE35D5EBB394BBAE4F6259508CAA06B7D51F6CB47A77780102C635BB73833890BF20411D3F30E9D637C39A382670B497A49EC10D10B47586C0F0E759C51F3301DBAB3F133DA5E34F92CDC484238F9B8F149B89D26028B8B0799D4651BBB3F58D57E8
T=$1

[76]
S=$6B34F57026
W=-$8C5215A2EA173911ED59050C1A07FB4BE87C8EEBC3D7A3C1C137911D8E661628A29D4A581B1322CA0DC91DBA8DB0475FE53F9E1430B58FC33E1885CDCC849FC987674582BA
J=-$24317FA9987C3705839A357AFAB64C933FB7A3AEE8B73D1405DF789A47CC842904D6250E4394113C757B17F00D8F88EB686092525333FC55C4A931B28753029330461A05633E755C67D5AED574485AD82614BD1AC516B344A324933974C67EACE2121D7AC214CE79ACFC7659B3CC0CFBB1F558CCA53F9F0674D8E135675F2D68329327378D9263539941
T=$4

[77]
S=$F418A
W=-$B0A9AF38324EBD9A6CA3272FE25F1227203D53A0155916B0CE6528F10B3C49F50F2D38498AF83FD91120ABD193C78CF0D9356903549EBFD9427F5C896F5F5F541D006
J=$AE0B6D946B7F1136BF8926906CEB0B778F7B5BDF61A289C9BA0F5644961C239EFE6E5A748C121EAD4EF99AFC8330A3FE18943105F1F25EE1AE82B949289F28C86E81616A994F3FB52EE23F20842A3673BB6E64ED2FC6155A811E14BC79E3548303BE2DD2C0D9B5F06E5DAB0D4EFE8A0EB8A79A73BB6EA3DE3E2E8E22BFB246896989E3959
T=$2

[78]
S=$17D16F
W=-$1177C12C92FCBF5B43934E6A080FE3A493B3D3A5E86CDAB020AA74CFCCA1A7FC5B544FB104AF487ECF7CB5B44B3A46A00952EC3330E05C37DCABF8E71D8456E4A29
A=0
B=-$3ACC5A37AECE5002BA36421B13FF97FFACF821BFCFC49C6C850E79D9266A45E340754F9F09439CD0683536803C484A234445EDED25D3ECC407869A8CD62CCB319168D99A67751593B18761AC9EF1E698760536CEFA20FB06BA9E36E9DA4732A66AA4F816B90C4BA778705F4CD7CC7DBF697E86167836D6E53798FA5F766B1BB238575
T=$4

[79]
S=$44
Q=$5

[80]
S=$130
W=-$15A9227215F419BB195B98C3787419885E5BB4BF0A7D2888395936224F424CD4A00BD4076F6D7E2CEEED50AD53B41CB179C688D54F82D5BB3451B50A37E0B84A
J=$B56FD047CEC26541CCAC81874D730DC518705582F62C53D8D396D386F9E27783E2A58AE4D6BD4922390A331527C5A26A25BB9BE09ECA592FD0E6DE0BB92C0A8EDEC94E993B9C9C3D2A4C86F1CB928D8556448E59F5223DCFF55870170A4ADBC564CD951AB67C95F1EE910131B07FDB9AB9572989A523CB2D38F123656C7CEE
T=0

[81]
S=$2F003FC2F7C6
B=$2

[82]
S=$DF68C2F
W=-$1A6B6770DD363681A0C49BD80FF6BFAA2D94F9C76E7D519AA91BF167BDB8802392541EEA5BFD232392D4706B98C0D0895AD5C02C6B19DDE63F7A85FE9
J=$4140D6EBB9EA1408EAC17C704C802CBF7DF35E5526D0F8A96421C46E03601D7BAD4522D049928C01511D60257B5051001A12FB21E7404E7D53E64CDB891CAD44370A119E9B2CBD92291742A78C1B47C2E5C3F3F976A5BEB5FBD3ACC107B4772122D7AFD3FA166F415E1AEBEE0891AE53A4585090E60ABCCE7
T=$4

[83]
S=$61114
W=$1705C6CDFE8E81E3A63ABC1DE87C1E7DAA0EED6A5545156B709C6868C1823927CF7048862F8C454DFBE6C2E8A4B5B95D4D272634B3E98DBCBCE7BE
J=$33008C5E9AFA6C9C2490D56660EDB2DDAF74D07CCBFF9275CFB0370EA7EDAFF0793291CB200AE3810D254E67B3EBE240C6BF5975841BAAD8906C6896FCC24F129CF62AE4E05A2BA4C7C061852A57D8D8A47CEC5C9637366F79E5DBDBC257D42651A531B5A96AB3FEC3198788B1C9B3B0BCC4C731F3
T=0

[84]
S=$82D3C
W=-$B500FE84DB39292A5CD8CB183C24A5081065D44CDC658C492094D900466C7621BC07093AD37E1B89F6CA7E4FA8F0CB6D2C47143D2FA5B9949A8
A=-$84B750
B=$24C7B73A2
T=0

[85]
S=$C721EB
W=$3C39286772B619BB89CCCC4C590C8A017A2C95AEBB856F620A0B0E51FB598E56C3C320CBCF084C9D8DB144F5FE156258DC9E8189D45441361
J=$75FC28CDB47686F253D1B62FA2D29EBCAD29BE5CA8928C5CC56299F07DEA8A4D1420217748059E88C74CD6AD68C959787DE23BEBCC54BF46E64769650DF65C76740648521921D9FD9DD15D4EBE0D516C78F95BB415AE5AA399B38975CEB7EAB0114C5C4E3D5657DA50D8A3D2C9F654E2
T=$2

[86]
S=$5F857F
W=$220B4D1E80891CD5842CC4A5DD9275423631A23EB73CBABEF857AFB4D08083EA17E7E6463066AC74CF2AAFE7E3A1735893E87B61CA6F83
J=$1448C972C32E36D931C54AE1DCF6D5EE5534B659DCF0F1571B2B08EA1BA2617456BA636B7DEE5F1219EA35DBE0DC78CAE4637421F36EC761B598D3CA5CDF33BA2D38FE3E80A366DEE1CF768D4A42F0D8C5FD537F29A9FC3B89BE089E916477A874BC5DA4678A98AE8ADEBAEFD9D
T=$1

[87]
S=$1E2CDC
W=$131BEDC32C57C8887B8696E715CD2C382D32A17E2AF51D75A6C3E12C844AA1113FCC0DA0628B49BF41E0E1D306CB73A12E015732A96
J=-$3CB4E2B96CD2DB6EE754BA834C75423CF89A2C2FCE0C67A31301B5EDEA56A8992C1F62EC2FD4FE5EC888383998B755CFC52EFCBFA13142CD44A697B629209E8460F949E6978DEA22E34F3D41683BF8EA33D246822092D13BC19FC38BCD5AC0F5FFE6BC169E6EEC65DEBA4
T=0

[88]
S=$11E13259
W=-$6F2E909ED01CB2BEDDE2487BF619557B77AB204A7094CEE7D9C6EF1CD9934DD46767B259CDAE6A57B48AA293A4FF7EB0B4A27A89
J=$20B58210E9D5EFF55D31F35CE5500770C7252A97FB3B9FF89D81AC92659BD0144EA0153F1A31A45FD4E2E9E0A6A060B3982D64F0BF2A58286336D4830F3D2CF0C9118E371BD806564794A44F83C12B575AA0CFD12D273CBDC033255305A6F4D9BAA9DE48718FCAFE
T=$1

[89]
S=$A9B7A9
W=-$3F9F6A58379F5D8C0CB064A45BE3D3A442CD42BC28F35376728A0B7615BA18783BC31177B8466B54F0D5EF389B323F4FA59C7
J=$2723579ABD07552A5441E345D5E4526E631BFC388A43E3ECDE650CC6706082C8EEEA7A4A62D4FF09DF9E2FF0C2EC54DF8F4EE8FA457A34B38B5481A57348F602611E440C25C3FD51FA8D85A592CF97BFBC7341542BA9ED2AD4F42B9BF53178D258735B880
T=0

[90]
S=$343D0
W=-$4C35B6588F47D5014BF40A1F37B3FC4E69D3D5A02304663EC346A43A9D2F4A5F149E27ED49509379D2BCFA53DBA331942E
J=-$186A63E11F4FC475E72DD69F0689B8338D9A2CD5CBAC64C5BC1128D42B8AE17487CECFEBFD88269DEF8D850BB9C7F4088E82121620DBF1E9F6653CD127CA6985EDE0D21BE10D0D1B8F89CE52AC568EAECD22F2BDF59EEC9DFB9BCBF2E57556B639D
T=$2

[91]
S=$3BBBC72F
W=$291DA1A375CEA6159C7088212E99A4BC149076DFDC85A4D243F92B97343539A5005D2C239E9714A0C2603C8191FFF0D3
J=$1114244BC35458972CBAE915BB68D517957F3F4F8C6731A13A4D11EA230BD22C80996E3E05938F0BA2DACC1672CB4240FD69A60596CEECC1263CF26238E9A2BE93A54067821A3A6139706471C741C32562102152349CB9FE313E202FAD385F3
T=0

[92]
S=$15B1D6CEA
W=-$6F9AC74FBD01204A53E9652252686260EE1650E33A13BDE2506B352A8604E2D7CD0E5CA7A6925049E8CF72471412
J=-$34859EF08EF9AD43E8FD777052064ACDF827654E21C7FA8E1B1CC885718511FE48D353B5929F03D8FA625CA0308AD5BC7536E4B57E97DA3204D469DB7941F39E4F565D657D1E0590A31994EDEF118AB0A69A499B53A3991D809EC68
T=0

[93]
S=$1B59E946ED0
W=-$30A6BEE3D95697495AF5440119A7CD8821D4BED233DD9D7B12DCA262025EF8D942F8FEC3DD90D83B09C7322E
J=$4196E82943BF7511B5DA0A79143C750CE3FFDF5C982EB69BCE4604B5819D88EC667EE35B399DB5268FA400E9A26EDF2B3F7798C2164B479B4F684B154C707DED66184576FEF62977B9F2CA92FC08677EFAA4BA6904C9FBD
T=$1

[94]
S=$141AD78
W=-$31BA20388F243B1A4D4CAF95C2D26E53FBEFDB9CAD1EE26F99EE8AB6D9C85F2F649EED995A65CB025B2
J=-$800B7124F5338AB776306239FD309851F29207572759097A640871EC1D1F56A43757216074B435DD9566DD13EBDF83CB6B013D9FB0EC0EE1F09DAD5B00DF04B7D55F59FB1C2E7FA8DFC58F5E0818731FDC86
T=0

[95]
S=$2EBCA
W=-$4178896243F85306FD1BBDFAADCE3063A012D607409D7313313A2C96C534A5571044A27116BD03E8
J=-$22EC42C0AD4160CA4FAC4A0E0F1E85BCADB4B683C2C8E80BD3485F204EE590012F62E87590FF51DD3CF0DC359187873C2774DA7DEF1841E6E246345E14D5860A5FC38FC7659D20743044632B2F3B11E
T=$1

[96]
S=$39E4F5C25
W=-$2B6EC665AFC4947FFF168AB20E3CBACE0ADCDCDF45DC194DD9F62F1778A208883668EBB90F2B5
J=-$6B53326853661587E9B39F2007E76DEFCF42FD9DE227701C2A07E8751C741E096C4854C1DDC5A5B4DB9ECE7C377D42760629097C7D15BACCC6BE09DBE18961B4F1AE8B59AD70F69D0EBF358B62
T=0

[97]
S=$F6AAE
W=$282DD5532059382DE264B9F042152EA066F9D49C0E1A2913BA52EAEC85A8177469BCA81B6
J=$251B5FCEE2889A2DFAB82B47F8F28DAAE270D10BC7AC0D0E6D697A080EDE0B13FDFE1456383193384B899579B84B3E60D5D225F0AC0F6162A7F6E078B4BCD597B471F735287C4BEC85
T=0

[98]
S=$EF42FE
W=-$4A55DC93968DD5D77A6E693031905EDD132394117BE1BD8C9FDEB50EB50A3AE8EB12046
J=-$21A202C2EED22F6418544E07F66EAF088F50BFF175B891FE3BAFD9C57EF6052E31D83F16B418C577498B82F59A43957B67346D349D89AE7D3B22D391CC501E0572BA138DAA4CD
T=$1

[99]
S=$13F719C684
W=$29AAB24EC131896093398533F80A96A93A7570926E4977352FD53906195877E86B34
A=-$D70
B=$12F5A
T=0

[100]
S=$19819BA903B09
W=$1281B4D4B97A948A6E06453E16FB3233F1514BACAA320E60A8983A762BFF9841
J=$294B3D87191816A403FD3F28C423791B24F2D21180F4CA1111D1CFC4258C538B96AD168E99BFB32C736E39FA933F179B9B22EC0CEBBDFDB4AE0A4D20A3E4F8
T=0

[101]
S=$3CE87FE31
W=-$4127933ED369D0188E71645593CBD32576DE2FAA5D3856262888896D3
J=-$940D89D00B56D6D5CCD9E5CE284EE1C00AFE82ACCF2EB7AC3D701F9B9C5A443D812F0A1B246501C923A357EC332084ECB03387171C1FE5E34
T=$1

[102]
S=$300DD2
B=$2

[103]
S=$28195C
W=$4945BA679B86739D10BE5B5E2EA8958DCFA39D667E4303EF8C
A=0
B=$6
T=$1

[104]
S=$460E09F
W=-$1418ACFD1C65166EA58A4A33D5FAD681EAD3BBF235DB749
J=$4AC841D991734B18ABFE1C132DBBCFB28F797443531BE41F7C47BE9656341972A55C9D9CB73645CFD1747CFA1D4863
T=$2

[105]
S=$404BFB
W=$14665253B2C22BA4C6E3D057BC7F9DADB12F990FC4AB9
J=-$1D13EDC9009D3644E6C46691A7BBC789EA0DCFCA35175A96EB3440347DEEF51047A356787F38242537FB72F5
T=$1

[106]
S=$E20C2C0
W=$B12F5FC568EA7E7AC46012A311F0EF6E563030312
J=$17438941BF64581083DAA48A78EB93E2C41300AF08897D9B0C892EA1E83407FEE6D154C60DB98B2E
T=$4

[107]
S=$1D96B98CC
Q=$5

[108]
S=$259779
W=-$32CD9D7838583CB831B87664295253FC71
J=$8EC38EB1B354FD322B98167367C43497D2E521F006E6380C6CCB0AF24600C7EB59
T=0

[109]
S=$D25A
Q=$2

[110]
S=$40700F993A
W=$15FB5C2A38718EB0F0C0001054DE6E
J=-$C829A8BF2E21F5E6F665DEF936C5A393194EDCBED5BEC3199E5CD561E
T=$2

[111]
S=$20FCFCAC
W=-$2569A520F41C7F66CD753178A
A=-$1E
B=$38
T=$2

[112]
S=$A30B1
W=-$7E548F4C7651128EE4471
A=0
B=$D
T=$1

[113]
S=$C859CC3A5
W=-$28E1AE3D5E0E317E171
A=-$7328
B=$1DBA42
T=0

[114]
S=$8BF74D40FA
Q=$6

[115]
S=$A64
B=$2

[Signature]
1=$7CD7045FBD5A805609EBAD5B173074AD6B4282CAA4E340BE
2=$1DC1A2149E61FC46D57DBF2F87EFD92A7A8AA6107278E97F

