[PRIMO - Primality Certificate]
Version=4.3.3 - LX64
WebSite=https://www.ellipsa.eu/
Format=4
ID=B497703821324
Created=Mar-28-2026 04:33:29 PM
TestCount=116
Status=Candidate certified prime

[Comments]
Put here any comment...

[Running Times (Wall-Clock)]
1stPhase=43.14s
2ndPhase=5.48s
Total=48.62s

[Running Times (Processes)]
1stPhase=261s
2ndPhase=59.31s
Total=320s

[Candidate]
File=/home/lappie/Primo_Batch_Farm/Titan_Group5_Prime3.in
Expression=(4797791281530274224316)^47-(4797791281530274224316-1)^47
N=$616BE0CA95B99B18EE4A236F22FE1DD3407ED65F6D254F8FA57B52E0FDF87795231AE52ADAC55EAE4EE19A717E107F66AB5E34549FFDA0B24E58539F96D73674749B80F4444DA6B1C2BDD276FBD890D5194702644A75FE0707D3D810EE5ACA4730D519999081D2DD872822FAE635B502C98A84D6A54AAA49F51AD9B45AAC6E9141BC122E14BA1A235D88B2433E48AABF48E8834C46B636B4FF84770A7A447DBCD8594432A64C4511A8A74CF0040D43610A12446D2D4585C7D0BCEAD8110F7AD35ABA2F3A2F0499951C273983D6CDD3E79645B93EF130A50145EB2785AC1B6F1DE3624A812910966B995005E8ECBC05E9191F5949797A051E1272C92D63F2F9910F8AB3EE88691B1382209B3113A29BC7BFAC2D65AFBF8AEFEC90EBA059F9903594B01E1B910621850E79AC25D2C363E110396269FE2558FFF058429B2BD021D8732F7346E487E12CACD8C34098BEA0F5EE112A3C73FA5351D30EC8B2C9992771C11565BB4C703FEF6A29423C336F92A3E2DCAC115E303E44D4655A3696A6F3BEC432C21F115B3ED96F1647DD3D4780DC479D845C295436F86111C7AFC125CD
HexadecimalSize=830
DecimalSize=1000
BinarySize=3319

[1]
S=$C0C90
W=$746F29227F41C042893D1A8EB2B5D084C2407439D85BB67E2BA32B545F67F15AD7053D8181C9E46AC06C39241A5F8451C0AD06D432CB3CFA9316DFAA30357D774DA98830AB85377A4D2A312BC2F6341508B73797F10C4A32A1082F4317827672AB2A8268F8086E57E4BF6639D50404DDB6CBAE8E4F6BE7E91FF81254BC2AFBA92354E9714E3A1FE7D9EEDA21EBB42D033CB2EE4A0193147A120B5BF163CDFE370E7E9B7C34898FBDF4D93D1008B51D5DCE1E787F5AC3EE1FC4A11A389A68C7607DEE2366A6D2F5BD216824DC204ADE
J=$1350FD92E5E38D2AFE1343E5E402C084A1E8E02E6A1C01EF677785A42EC8981BF3025BEF7F50AC753805D0659C8BE25BB052370F3699E858D06BE2FCA28D2DA221080483111CAC7DAED5B941CD39F7C9154311245B62B3657FF7674220183E197432CF38C5512DF202D2C2563EFC97852B16DB314EB4A96617A9A65A86504BD4DFCBC253B2FE88FD0F79687CB609268B0C7482DDBB82D6BFD3759009FA63488BF08C335339B3802C2443263839FD77FECCEF3E018AE756A252D3E098035258C62011C6AB1A6FF5645B9169A40C0D9F905840603AE797E30D6B753CE99AF44C49B7F6CF39F9A88687BECB463CE954972805B9093C6430E9EA7DEFC4557DD077480D1C4E3BEA1DF8CA96DE8C12DE645CB539F2B429A2D7EBEFB2873BFA95C5F46DD92F681541CB750317DD6DF86E3461304C3DF56A9075DC5B72ADEF274DDA913B9A24083A22D35A2207FF5FEC409F6569775700DE8B5066AF5DD9D58D246D86D5EE23160FA23938A78B2D11E7568EA0CB929FFB0B40823FAAD4D8B608FB98A8D2C2AC1D29F1A5035CA4F219BD7DAA363150D09D9D62986DDA1F571413779166
T=$1

[2]
S=$784C9ADDE
W=-$2ECD238C8BB184F8362F6376E1FE5D2DEE2DA500B28A6A6CFF871A3A07F3B0AE0DC7EBEA2146AEF72CED68C0442A1CD7F7CAF4713B3DC841BB746B98B153E875326FF003E25F5E5D162D9787ED5F1CAAD378E0D589E7ECD46ED742DFB660EB7C613132659516106B397CF76F0B077B2DA4DEFCC583258E9487AB873C80885F276B5DF9128CFA88D80D3557C5A61D46726CFB1A5B89DCD9D84383A1C5C0DE28BE3AC686AC4C863E70A1CAA69BDAB705FD77F6F7281E773B34847EA2986055BBD499ABA0BD5A1B04C36A0B0F909A2AE
J=$139B5C17BBA36A6E0A4CBE55DB4B63D6C8100503A6F2437274C1E6463EB1B053E4881D9F1A3563CD564E2C824D187D940024EAC556790B0D7AC57E958D228C0316E11DCB8F04958849B6EE2166D7A622E935F92A9D378E1A8D9B90FA192662B542A3E25D87B66765EEEAD8025FE0B31C2A1EDC4708D1D8E7119435681367EEC444479DE9B8DB81A3FCC36C391C4FF48128CBC402EA238D217C3FAF5D381EBC1A73B67BF71871C4C182B019D507D348B36054E7EDEFBAFC53466070C2E55BC3713609EA54F27041A495A7CCE6E26DCBA765C7FEC2C3707E9E32FCFD7E5D908E7DB4FF6B120B209D1E925CDD93CAE9D236A714A6E7DBE1E1707AC6AC9935385B481E9E8FD80EEF2DD97AC27CF3A9A7D38770E999323393888D4EAD7CFA8A7135503405A9A8538334848951C0E3C269F5CC35E15A127117209B4BCB50429B9CA6022646FAA1CD94354EA756F1A071EFD1A698365D27282E10E6B26D05665BF7D55F02C45C7D6F3AA486ADA1CECA5F85CBBBC2E6C554C8A001D934DF4790A9475168E14FEB19BE524229B47FC7DA24C04D1F5CA767D74D014FAAAA13DFA4A
T=$3

[3]
S=$21DDAACE7D2FEFC
W=-$1668A028FD91573AA353D107EC935AF7A1A74BE51564A5F0B0F666ACD072B84CC23751F00B717F8458400DA6D8F0BBCDC78B62D4469C7B72CB35036A93E8647C8C722B43BF75699A75FB12D7B170E65FEA7D90CF545BB63D03EADF202862A0E0537FF306ACB66DB43844554DFB7C6BA420751F869832A7ED42827752FEB03D345726B8AF46242B6C7960DA21F8F506281BCF7FBDD2896E29BA81C894F10BCBD7823634BF082A6DEF346909DA09B9136AA2DE01E4D6E496B3AD612F76E03500E85AC6379F75FDF30B42F3E43B6
J=$51B3B8BD0D31FA3D12CFF88B2C9544475623295C61EC933AB27D2E4835E145944BEED78AA4C57D856FEA36E4D1227B4FEFD33516B87668BB5ED65E95349B1AABE7F5EA5CFC93852BAACCFBCDA1165C943A8407FD46B14A5641AE4104C41E3A4AB556852320693D142B6DCF834F7293C2EC444D0211AB6B678CBBC4C445B595FA5C5774AF7B2CFCA5BC2B9B26E95EA68A843900100F36DA7F6D5F8B4414A9C34EC4379770E2A0A8FD57DCA1D6B03D60B26DC6D08E3160AEB6DDBA28592E8D6C09A385E019A65F627D2EAD01131C46D4D7ACDAC9D2CCEA659510A4678E42AD033799DD6C697FAF26AD5C80719C41C23DA6044C9C383975DD5B1747FF938BB51E0E4F43096ECD157FECE453F7E788F86D47A5800116D586B3B4A124B72D1D685EBA2631AF9B6ED7B07791AE2EFEA1AAF69F3349C1ECAF7089E890DBC5E50FFDABB4B8E6EFF8F7EDE3C6C2E86C457FA17B021324435D8273C5F872760C6A2EA67BB98989769C6DCF47927EB7716BDB7430EA26F7D7CFA993773AE486233CEECA0F00E8AFD01EA04B31488D4FD413405A31416607408C7BA5DA93
T=0

[4]
S=$1B276FE
W=-$13905E6639D69F4D78C898A85D8CD315013F76ACF4481767959CB19A76D28F7EA675AA9F96D3F6779153E8877DD4FA06C06AE41D52D96BE7DCAE1D908DDA93D8B9A88E28B086E485A88939F1FB7E20A8B7CF28177FF9502AC10ECAAD3B394E10536CA11090BBCF00E8E880010E6AA72A225AEFC63C4136EFA59007F40C6F535AADFC65DB0E6D2BB4C1F90F37F44707E38BF1949F0988D705F1B6C2AB33D61CA51DD0714C0202BC718BFE1920C73EFC4F8C59C5F5822DA0D2F9167652E6BC5B9361A27F5A21350F259E
J=$3B8F2EDCD94F6FA440B1C23AB95A0A6816A3C6A8C09C5DC9F3189F6487FD0972764C8CEA66A8EBEF5DF1CB4E0C9209625F2972E3A9FF37A3EBCF798DBE59FA2338FADEE86C3843B24271ACFFA55E0B885252F28DE1ECF4E5D98FB841275127B5344AECE681B411DEDD8BBD9CBEA83DBC1312456014E4A7E2C03194A1E1A12008C8F1C6C4D19357898142DFBAF8D7FAE333B76F2290183EF50B628B7B2918B4796256967550DE895F8AF9EE574CEAE2A8B07B97DBEB82DABC17FE17A61867685A1DF0385CE1B802B1F6614C2D345CC6A78FBCC1D75320396E8176DFB1C1B66CA75CB6F5A6E4184112C492E851B4283035B7B7E3B4B5C6509F2E4DB0D88E96B86C116C42B6764CC61C87285219963F10A68DF1EF6D89FC38CB3702EB80C077F9BCB93CA9855C9C02ECB9DBA8755C004F752E22EBA09C406AA278A06CE502429B7559B5E697F46461303649E6550C84FBE66156EF47B8CC0C7F145A759CD8EA46CAFC0EA93EA89188E03915AF83E585DBC1F44FE6EFAAD95ACDA7B757E0D2CC72606B35808946BFFD328007E379B48E4CF5E5
T=0

[5]
S=$4D
W=-$B84650683ACFCB5A74EE6C8F0E014071EEC81A1E37BB7F5F76A9E148ED57A8941CBAB887C2580BC1E0A1C2B3C4C4D3C54B555D0A388725C14D3F54517D599AB49ECE4B2E1C8B2A6050C819F4FE4884712DE7FAFD60E727F16FDD4E56139A4964341B4AE6875D74C42CA0FBF2DAC6983622C6AFBD1A004CDFD918607CC3456693EDBD2C9D02AB4EBF34F45C3C4728982D05FB929A849CFA0A645C26B5C92A213B3B6DAD7E3CF8F1243D7461339F2BD2862F3B61A48126FC5EC35DB54D2ADB2B31FBE773C9ED2759
J=-$1607D041B6462127AC818D162DA74F07585D8D905EA9400027AAB3AD732AB897BAB743C17B2A615317D49823FFDE113F392A41C00EDBAF575DE97B255C2A56275DB248A41B6DC07D680F5CC9D3DDD2A821832DC09F4538AC17831AB5772FE9E19B047BF05629C8847FAAE2910075E449565AEBC2355ED9676DA9ED65A20FFDB5EB643F33118FB474D6DB2A6C23DF22DDCCCB973F34DBB391489C1B81412D2FCE00A73A6982042EF2F932B7819426B20E8B14BBF0590937746B1D4A406042B428C0D732833D052EA83230FCCADE42F543CE9CE6E723BFAF1CA1C696A8C3F8FA109D6023C893957BA62800B12872A5AD1351CA37965640D115D29A3257C13DF0B4E953F093F3B41884722CAC509AD77FB36866A80052DB62CB48BA6342F5F86034AB73480929DC26BD8778A921E69862FAAE185CD581DE2F208E29AABCD3E0958FB6CC2851612FB008E536D3176B822F06623D7037586138CFAF113AF3688671BC7AD2CF24BB9D7AC1B5542353310A0DF10CC4F3C431DD415324BEFC454B10BD8CD206AE9FEB3E1A5B04A86A4A8D
T=$1

[6]
S=$F234B0B3E
W=-$5F7947E84D6AA0C4E23901A249C17A94605EAEDAE771C1641A7684367F149A0B853D36F34E0641536892DE27C235D63695C62E70F38118CD3B6651EE697AE9114A99E179704E0DE52B5CFC13A59D14384EC3DDBB56AA9D3B7559EF22A5E15E99BF8556C2EC7B8D914392CE8B123C5C93272408120718CCA0AA088A0975448D17C55349A681D8F7D12A9DB1AE5063E8F648FC1F66490014D1313197770A152F91AC0CD8E01BB37244619C27FCF067261937211437E491AA4054EDA18EDB20E43F00958B103B774
J=-$52AB1BA2DFB99A73AE1F291784586489B18BBE95BA12C545605C0F992149E3CD73BD632CF963E088EA7F813494358B0C3A82CCA9590775EE587FF542F291005F1E944B640ECBF52789CFD574850502D70AE2509F0EF14FA64E6C06652E34C56982F4FBC245DEDBF01C2BB7550177DAC74F62E6E395CF1E9FE6271D7F0920ECBE66BC3A4E5DF87C48CF777EED20590F94BEE18237DC5C1B807C78AEE0649CAE9607CB6382ADB8440C2536FDB4C9762C8B9EC472A033CB0063636F851E3C27441FD1DE82E5993BCC619E72A63AE384822DABB7AA2210C35A3C80CB29FAD6FFB36EE82B2B53D07E66173BC0706935CCC4218644E4BAEA730F17FA8B9A415A8BC67FA1E8177AC228576211A3A6369D7C3F9531BFA27C6CE3E66A10BCDEFF801BA94C4427563A2FED07956B9D1AF3FCA85A55139EDE53A312B5BCD249CD23A3A602C29C13A74F02A05F79789822ECE3BEEB49B5D6B01FE8FBC41D03AF47A2605C5AE8278A9A4190DD4A931ED118DFD7A9C4B0CD655E43B75E8A049FCECB8F247A0A6C08140974C1F5BAC3C3FC6B36C5
T=0

[7]
S=$3CAFB9E
W=-$54163BBB33A5C40CBF37AC053FBDA0DCAA4BFA26C87A5EC407F5A7D5831671219B98D055EB186C8A63DE57C603A5E005748EF1BA9FD262C6EC894A8911FE52F87BF01FCB6EDB3CA1729E9921BEAD6714005DF8F01AA27045D9C06DDF6B4C568AE9E8A8DC056C0B8D0C8928898D2D734F2C237A3AA0A3844500AEC8FD22F04F546E1A3F6A71A7968AC55C8206A88A2DD72EFCA1412E76FCE46A37F53AF60E9FBEA8A57828AB8D1FFA1D36845517ACA7481F9421F4EE1EC8F7F6CFD9F706997CDE59C50EE7A
J=-$8566D4C526241907603FB29A2FAC9E0F8A1AF796D9D64DBBD130381B3FC74215F96413AD70F236E84EB918FF3CE4A97F3515ED0BE9F74DF6E8CBAE154EB5AB38613DD4B263D68FF87689B8E306293B76E61C7186F73F67187B3BB7A05FD9E0E5067A7484BC9AD2FB095CE5FBEF2B048D6468316DE66F56A53931283C5AB38B60B7AD1F246F50B01C2E5E544A524601CDAC0061C858C26ED0E49CB9D6A85244B3FF5515B5CDFD098DC7F35D064EB5196E26A8101E93BB353B142352CA479D36B582B70161868BC36748ED38FD7AB9831CC093376A57D7DE65CA55DD1FD0DA596145B5BE655EBA4DF04F5C46EF5154C8D5FDB2A0CCCEDF1D55E8A37A461EBA9D4F898E80BA7B0235A8B921790F5BEC7491CDD37996165B4FCABA6C1CA5064AE6BC65C5C711CF3F998EEE24CA41D9C0C26EBD9BB93AE1574A2CC2B4E72A6510B85623DF8967AE14C9DB024374324D186730D1CA36B22905CFD2078846392A2CA6AFC2827A4A615D16A7366104C0276AF0E51EA087FA6FF8CF684DBE5BC1A837B81077978350B87434484
T=$2

[8]
S=$9783D1D071
W=$422D47763C32B372BEB7CBC8099ECE032B2EE6AA93E4AE5DCC6BAB31F5D9099F0C580A719464E1E39462283B10DEF022FA2A647108B2AF900C57B06447063759DC1BFAD47D643D124F76214802389EEB536D6C0C13CE10F2E0F1A5CF3B370E256EE67D79D359C222A1F60D66AE3A847F09834E67B3E8937E2C84780075C42B3B2E8BC9D2294A918D8E887690B87A764A3D22B168A86A5D98DA8C9DA8A4418FCCB3F379984F87C6F154988C05D3EA30B8F013B23EF273CCD9986151EF253FA703A86747
J=$1F60002EEEB21900191874EF566F351FAD60AEEAFAF01F6A8DEB7129E3431D04BD6F6BE15AD6E331F8B55563977D49F935BB8E3DFA594DACF87B0ED5FFDE996AB0C528D4723DD8F493D178E17B28C72674B77A2318A52C33F65C7817711E256443F51E72606DA568CAB962867CF92D1F250292031958838CF4F701F8921B7773BE73BD6DA0B8D9896DBDD88CCA93B8610D0FE171A60769B60B1823EE1D176186F252DB9B1629642651936F849EA75430B70A9EEF5C2DB0EF29B632FD98B8BBC16B5C0B7BC6B8C51F250A86D2DDDC764840A4B90C222F4639B7681FA6C69E64A14925890C21BB4D524E282DED2971638B0C00AFAE6888EF53FE0CDC8042739894D2D106F5843C3E2F304CCD007CDDD6170C92BEEA6249A1FDF04DB78CC2A52C490A9BD371295FE73271E26039ED3FFE5E7A8DB9296158E136473A19609A5DDF3A7D19C880BA71148DC9EEDE282B2FED762E515050F31300E88A8280784E37060B95FA483882AB4905F7FA833A4CB06EC825755A2FA25B1022689656339CCF1C3400C133246F5
T=$3

[9]
S=$29C6AE33C
W=$4F8B2A69642F4746A6F7CB2A5BCB37F5379DFCC0A4A07348267A38F0FE957A54B94B46929AE68B372A514C7EA1772F7C838354D1E44984234CCC6F96D7D5858E75E0738033D9E4AC5375E651978C8F5690A94CD123249C29579A486A2F83CCCFF6AC781680364D7048D617DBF9756D86C8C6E88FD212267FCCB01D90AE5F4846651AF87E8AE831CF4C79C45DC50E49DE202A248572A2273776BBAF97E9A016E16E32667CCCC6AF142DA15F00B797E233F776E96A8962850BB20B9C729DDBC86F4
J=$32860089AA0C4099BE0F8C2F56A961EF41B65EC9CDEF79F3007D7F44176E7557AB4D55BEC9E3B99D0D0AFF3B453E7908AA7034DCE8907B3AED9AC97AFB58DAADD1597FB7B8FD154020A1446BA6238E1A7952930177F017008FCF1D25A782E57F39D10448626CE481A14D07E5324F83C173398FBBAB4D46A33A9771914A6D2E3A17A2EAEEE9A2225CFE9B863EB88B99A4FF7FAF02F63CA221E6823E2A835948AC1F68622D1A9E6C1D577DA0988EF5923BA597C13E5B0F088467270DF2FFB430FBE9BD63D12C4369463EECD8CC98140483849C6E3DC8426AC16565A6366F908721485DF2F989693A8CA9A5946F1A6CA6E06E3F22A0A5AD491ED02DF6E5D0D0731980287097996C7FBC4FCB101F4189FAA9CDD4D450906EDBCE01AFB29A72BAA510C3E48E8617B0CBED94E22A50D882A17BD98D6E1B5F853F480C4C673559CEC5C1CEB7B3AFFD045B6CA4D7DEC62538B7F5D92CF2CB0034C1A690AF45A3AF85D48820A3DDDC5299ACBAF242478DAA0ABE6C8C635E87ADD0B9B491920DF5E1809D646
T=0

[10]
S=$254EF9D
W=-$360CAF9242DFB6287F4D18CD5C7AEE660389C22BBFD2A82A222758F74C6AA76A4861168C05EEFD7A4A04ECE099E103239B539275BB348CBD0C4CA776299C0A9452235CCA48F7B12880A17AC1A3D01DBB49E99580FA6A05C389154FA0340D0FB1EF986B0F401B3EFBFBF946CAE650E89C176D79F3C1B57B87EC6AD74D46F9B1DEAAA0D87153A0ED39E53063C2DD14A2F20F955DE4240BE1AFEEECCF5B1486429D527EC55FCE4A979731E164749962A84BD17E4CB19312706D41124E740E1B5
J=$3D37D437D51FFC892C8BF920B2BA21561513D0D81744CEB010A9DE7ACEED7705D1ECDDA05B0CDB04C11906CF390C5DB8EC3A72B33F50E6C87B3861F915BC71597AB7201AC357D5F428FBB1EBD31802AC69ABFA31145A09FA8E860E94A3C11C3066ABB128F4A43FE9A233B27B3BDB337B12F437C98A62E06DC16F03D641FBFD9C03D883D8F83B286A3EB7A3613455A7F79AEB93F51C7FC3440DFF870AB899CE8A79485E0F74D66E728F14E1DCF29727CDAC0EA803DACB21C606A22AC2CD8B05ED5F06E896C307ED9DA28B9FB1EA0EB8CD1B18384C599D1ED4F6F08C91DF37B002BBDB3F029709D6D6FE22F9C13591829A6A2620481856EB7A23F3E4270F89C859869684EF31A754158652ACF53405E99C6AF5A56C41C796CE620A2110608F4B7DC2A1817C375C4F217EFE6BD74793FA774058A382B5CB28F98135FF3E802B715A7C4C5AABCCD039455E197AE0116CC12F745BC15B5007A8C4A3BD0DB4D4FFDEB8A8C17D612178258B086EC9914C9145441E8DA3BE1C0AE4BC1C9732E0
T=0

[11]
S=$6B410
W=-$16597E1B85566E59314146ABF4452817AD4040D7EAD29D6EAD2E46EEB9567D0BD26C2AC2650163D543DCCD1D8A8E37DD8B2EDEA4BCEF8CD2BDC3D6CD4044070A9C1F2D5E312280289004E739579A068D74781EC27FD3637FB9C6A56939ACB6732128192A7C25C87A39301E7FEDBA18FF72004073985191B8BEFCD13C985107A0A7982427B04BE9EE3A08720F8009D2C7314A81400E18C0FD204AFE532846454F1806246EB756855AC61E92AA5E1B83B2533B2B077D98C4D6689921AD7A
J=-$1C15C3E37AE80D672C3ABA3639C55BEE66F1B608F6943EA987FE454FBA4F01B57937091D13CFFF1F83CF64F2FEEBAD7326C418006AC200643051C942589E232B311A5FD2FD59EFAE2E5759FBE48FAAB757BA8B6D54059741657DAD13BC2CAC366441CFD54CBCBB62466A10C38897ABE67636B8EFA2E4CA1699A099AA0565E5618569B6D94FDB354294BE3D409C94014715B0FCD3DB05B5A542451EBABFB749EC58659B9247942BA69C1BE418BEF5A778525E66221683C4D1323A0E7A6BBD141157470DFE106B9BCB00D29FD7E21D023CC3BBEAC875D770E6CE6E263455E79DAAF40A822807B69FD04D2F9D41709177FE6397891247327AD2BDF90AA3C455556550A64A9DA68DDBA520D35D01A94CF34073973CF9329E44BFE79B3D8029C8351B8BC1A3A5477F797A5EB498CF15AC9D44C095ACE219CA86277D87521AFD175556AEBEE1911737CC020730E3046CA05E5CB424240955C3C612B121964DED7621074551E230E4C52542CBB1C28F02BA623B30350529F9279011EA
T=0

[12]
S=$27A3B86C
W=$D8C5CCDD58006AA4646233F619134B9FE935DBC4E817BF6860FA6C9E9F9E92FB94A05E7DE149DC948D9FF7355633D47BEE8268DDFB25E7C0848DFA3736A8842A6B8D83FAC52E088EF67CF8FE9D75C8F6D49A27439EE40D6EAC855DBBC5FFD6E19AF08B29ADA2C0641E1946AFADD1732FFBD7DF4C6305D49FC2BDA5FFBF9F2D5ADC0C7209100F92A41F72134C4F1E1CD7B04FAB46C711FED15959111FFC03EBF592C7C709FA0EE2D5F7C4149899A905175E63D04A427026DB6A08BFA
J=$BAA18FAC17B1AB8251AE504867A9D01298AB024D83602D690391E9362D0C713BE9CB6E4E6375AAC39077FD67C6955E940E89DF0E1C4159A21D104EBAF79F64BF22CFC0AC020557470E31180D95FBF65C775078DF983F8200A8A900325491A1DD3D77A8C22359F996888B441852087E1EECE84F428C5963405CE22A3178F7A72A456DF60A10CB863C3A5C95AA0B33A420DB761CC45D43E42D65EB9C582FAEA4A3BC68FCB297F7DA0B74018B4FA8EA98A9075A2BDC22FEE72417BA81FB0565EC5C27D2E3179BD20573CBD352ACF01A83A0778E89780A8C8F61143E9273CCBC14D620523F1B64C31EE77083A1DADA387E5E4A3723318FE0E26DCDFC27DF5AE563342FA3BCBABEA4045D8D3A82309B88E0D0EB03360EEC6AF215C4F1C1EF6A5671A1CFCDE234ED8B90C8316F2ECACA5A79F4E042E75313A8AB88B1A35A1780013D6A00F6D63F6C433C05FBC6C470021B74B6CDBD4D8FBEB6F9FF953B761BCD337342D368282B8D9DAFABE115C9474111989D8DE516681A759
T=$1

[13]
S=$1D1D7F6
W=$523B6C1A75FA48A3797F180FB6E6B5F487F8DF25928C5CFCE78746EDC40AE559BB3BB0443F5FEE0568EED217754DF831F1B83B5B5B87B88412573FF06C9D3D1C021942FEEC1DEBC608B12E47EF5E3E4EC5FA3D6E423AAEF0CCB9C45D57F0921941A1646B3CD671205F9A54C21EECBFFC93120D113A8F3C5DB0B368E28714681391284FCC9361D2C6A7A92D22184C034DEA0C0C9EEE9207854EC1167AEE9458740E8D525C1CFF8E2AA45E2018E56FFCEAE46742EBC5F4B72AA7E
J=$5E31FBB1B675326862BAC0481853DF42B77EE2B2288ABBE20F518E940657B230765CD199EBFA32C4D0717CE38CDE536350C8C1152BDF180DA61B4A5EA6E235757A571D1908F06D6582732F6B908BAB5B2893EC8192A808BC18A472CA17C298DE1EB0061D61A29D9D0F3F4C1101F5B5F79DCA0ABA7A356B13897EFA5C68488838716D9D61D0078A1971E565710D14F1A7061A66EC88FD73C6E3FBFCA7618EC79F115F47B5E48E83157C47507074482DA1DB6C34D933A9959D021E292FFD2ABA58BF44DCD7DCF070DE38F365A4FF9D2410C05F3B90CF0481EB03BFC021CB6EBD4AE626F53AC1424437DEC23B07E0FFE2B10AF9C2465D7D171B253C1E9FCCA1D1A1B78B943F067191EAC96E8FB4488F6BF507E2D49DA851E681BD91063F3A4CFF69DC04CF2E5D7AB76BD086D70169402A97800A3156D0F9221738AD90271A05D8EDC0815E70E33A284AC176CB4A8A06292C4CFE522A76D2D7E08CBC83AA8554E9E569F67A7B1CBC883573E57CF2805BAACE4FB8B5
T=0

[14]
S=$40DA0DD319
W=-$19718C187C0FA721434200DD1CD6A7D87CE22ABC314D9C0A2DF7B6002B61467A7E5046B653D0264A5069B75D7C62B04B0CB902AE37C7AE8CAE4156F71038B2646172F4F552A4A65EBFB43AAE3FC042B8D83E9DA297146BE93FDC6933C842CB4FF4A27D11D44912E0843CDD3266D3D09E17F91D3525561685F57484C9C4917A74A7C9DB88D915F8BD1AF4180C5DFA97BD36990127B962D2190387CB4A608FBAC8CA4FC8D2A7A14894354C4B8CE81F9FBB4FBE28651B7340443
J=-$23B431A6F8A21E925D5B020A61D1C76985A8BC4CEA566902A7188FD16E730D25308D13D8875303EAEE4976C5F43A05881B9259B7DA8BD5CA0672D8C66B4DE8E7194034572C3612828670E5A1A6AEBA6C5A1C1256D4D260EA0AC17D8A3D6D815DA5423331BFD245379C0CE32E4E32536AD5B75323683E319342EC8398964DDD4AC5DBB960C13DD02EAF6E0F32177F5625F640279D430119B9811743F7FB6D23AFA33F53B87782206C6E5A35622CC3274F5DD70773665FE5B0B87B1165DFA0D342EC5E1C6622E4664CD706E4D7968F41F8B3922CB3AAC5422866404EA3CB3D407871C48B51A09CE5FB89D7D4A24F7A45AAA35EE1147ACAED2EC84971D43719547450AD89F888B138A2CAA5D1B2DC22A999607BB3D7839BA4EE793AB753F824AB5397E3846B12DCBA92AAD6706A43135DAD3A33849D83697D91BBE5AF0C5ABEE3685C4B97E88C979A8F428C3EC0BB6D0CF4A8AEC45FDB18CEAC184A70EC1F28BEF4A4C7A5B6CA00830E686B39FD25F6237E
T=$1

[15]
S=$21180D354
W=-$51227ED38E8D65E822FF60C907A0B493FD40196365169EDD0F626795E60C385EAF69462DA3D02558C1DB5702C4D766B2926D231DEDD16EB04337C28B911B996B6009AE838B9BC99298862C6C244B7BA3D7C34729806A13E28A668806F9BB3D0138DF1E13E8FD65BF5A5C809E0F7623616EFA606BE553458D9CE6BF4774B6DFFF7E37DC9AA30B4BBB3872B751D7FEA875D1764F6BFBD6D339E180E4937F3A64229E301B6BE0A7608CFE2FC8C2E1DA93464B58A1E920
J=-$DCADF53E624790DB94B6C38609CD98B2384294619C4D32A537A487FF280ABE0C2E7A2E82878A5DD0076731A0E34601C7730D1ECEB1339D88DE2E4EC942716F7166C0EC53D53EE87E0A9DF1834AFB1D22B9FB8A64E4D082DEC762BF35368CF7022A4E02EFB801115C3894484F7CFE18590FF2AAC8DCC27C11151731D168905EBA5EE1217DEBBC94721C3623D75E09331581E502E5A87A59004A7A810DFA584C1C4A1B4616BFFDDBB9E59FD5BA484D05D56D1A697DE21046E7A4DB1AA96135CDD620FA6679CCF93A679EFABA050E0BFD0735B90C76EB32A9E18D79F1EE28515BC0124CD60515504D854BCF0359AD2E87F956146AE485C8B7DCF381DC4B8391AE02ACE7CE00F8A4D553A78B3B3E4B119AB13F6810FE1BBBBE50736B3B5D744A765B29F7E986787C6712F9249BFD064625AD554346CAA10325C4D175E6E502E2C49E7DAFB71AB8C2A0BA0272CD447B829C581DB11F4820D423B2F9B253A6B1C60117C5B244F2701DD97906744F
T=$1

[16]
S=$1679C7A4
W=$1F67DE20F42384AE7F4509E04F52E47478152FD2CB6C00C2DFDE1199C1D187D9489B0EB1609CAA6134589B96D241AE03FCBD6BA49D4CAC26EB435B12A96754E6B324F59018F7044EC8C449D067688C6091C89114C4C2F7506BA673AD294AE9664B2DB3E684D688434DBBCA5E293F1420AF2786F30EEE694A57B361C7134B869FD91BF75B7CF5269D6F3753B7E3E4E9DFB7E6B5E2E8DCB24FDE8B6CBB8515833353DB66437DD8A86BDCF9C6E6B1504C8F0F9A2538
J=-$7DFB8ABAA19CA8661B349C046346F48B9A8E8B82BEA8095FFE1A60876F537EC9337A1CC797E76E0CF9E4E365B70636E45B4DE81CB806C8798A5C7910CB2772B5D7EDE6BB674C0ACC311B6D98164A629E28FD4848197C84334800ABE63D1A7C764FE87A4DC731CC2AB56D69F09FBCA1275006B5020387E0B508BD95A7104BBD4062EBB985D076298F709FDCA5E368B74F4A35F7D068F0D834C6F3C0B34B19BA190CE72C580B2513931BD6D7784A10611A5F4B5910D424853C8FE132AA22D23A8764AC0CB652BD4AA4039DBBB87A23F9DA75D6D6A91255C4725CB4C675008EAA94A428FFDB907F8BC8898C0236BC012E4B213CD84FD20F51640C8E63BDFAA5679C135DC651C8F6117324D272A863B1F16C2137C2795A407124EA5CEE92E5E7FD88A4F42CB9660187AEC96B15A64BEC61B2E34367736CA0FDD855A7F484882E83DEDA18D42EF2CAD852B1CC4DB45345DC44791B6CDA4FA653C38CFC2F56231ED876728DFF73D71904
T=$1

[17]
S=$6DA1128
W=$75E49D720807069B0F505A063412B200D31CAF58D5269B16358483ADEB8FC099B42D0E73AF9E8C18A7005AF29820584D9C9E3530EE2A8B739E17ADBFEE6856174F49736F70D10763570146EDF02E419102A9010BB9B06DFB411F233323201DCF6BC5C00D2481051FEFEB00E3961B80430C7CD389A58C522B20DE3F189CFC883E00B66D4ADE33A6DAAA3FB89A431F5468FACDBB756EF9CFEAD254097215F700642A2BBE15293549CC13EF15B803593E1114EE
J=$6677C21C49BD065859DB00E0AA084327D9BDCD65D273C88537C266E4A17026D9D80AFE547737315179A516CF10BCA4D03855680B282230865A68F183A56E70F2A0A81878380AE5D28EFF890FBF7678637894E1E8BA508D37637B26B085E32295CCA3315E15355A2BD15865320DC5A841005EA07C93AB175638A8421C0F9B449B31C89D30D6A548EFEE0C83F66CFA8A4950DA251E2C4820ACBECAD538E2728BCB8C959ECA4A2DCEA5C0ECCC1927A90856539DE29F6FC666DDD1F5122CAD020F4A0A21DC27608A97441843485E829B88EEDA0393531F470DB6DA38C137265C9CAB0EB6B99F3C1C72459C640FAE2CDDD079FA74FFF7F208045E9E008FE657451F373B47088DDC03EA907D90778E7F395819A6BB40A457C413C297250BF2CB39F57F3D597E2E761B6763E9BFDCB528A71C477ABEF19723F5420BF26AEDD5DF4750224D99B38A2C06926697983E6EA606D5837A69BF6EE4AA1690F64BA2DD6A5603AB92C5E17
T=$1

[18]
S=$B784BDC
W=$186DE2ED62ABF8F1B65C3AAB9EDBFB354C67B0818B24ABDA05E24A25C35A13AFA949254D811805D81998AAF95BF2FDA5E2E8795F4379AB0059287353F21780E8893E0DB3D18A0FB69276BF314D0BD4CFC66C5AEB23867B1605D15A8B0126B0ABA2B8D1909AEFBFC6B1A171FCD0A98D1C6FD9AAFF76E47C817327CAB343161A3E49ED7851514129FECD183336F18C5606654F637E9A68CFB5FA2F15FA5E34BA5D593B5336D1219F78BE49052ACB5929C66
J=-$AC3B23A54668E1AA7FAE0AD94AEB6565CCA64D0898AA22BFC8A45E175F385D84D8E1DBF1A9DC7A49E581E45C559A70FCACDC312CB607C497B27513704B0FDDB8D76FB54E1AF716D7DB77050F6DE54115D2FD1AA6AF196917E68408FF48D69263BF62D884345B49309488EAED6BF35639A01653728B77FB9A643739F9D631C00B723692236B4055A22305CD10FA0424EC20C20EDC4D33855AEB0DAC60A9F3EFE520378EF9322B1940D44F13BDEA1AB83D2E4F9830406B2B2613C515EFBAD76A513F141E5A9EF7F208F5AD42A7D1439618E9F1FF7655A29DCB39DA9CFA275CCA067CD9C9115B7C33AA97FC8E87B9A8E93B46C63EF142EDDE18A8689A6B0343CEDEF7021CFEB0F9C2F8A342C34628863154EA44B7CCE69E31225B7334577053D649138BACF248986F362BAAA7CAE94781F31D357F0DB4440D484BF315F1B37639A2E6703DCB5794F815744C9016E84607FFF22AC454548F3642D16C012B2CA99C03
T=$2

[19]
S=$52FC3FF02A
W=$2C849A0D759D1CB1530B0B589CB847393F8688AD67E5BA774A1D30A60BA6D7542B6F9C1B81C5C4D6EDD9A5633AE635411E5DD2D8722025495689C26E3EEDC314CA5F07BA3AA45274C8ADDA8ED767942D433B41E738BDD48BEE0F85F483C5A8A1600936639E06C35BEB9109DAD756AFCA46C64952A96FAC1201FDC85FE250685332034F6A5F46DDD7C2B5BAC015103925AC833C9E27A727F1D7AA5A0C0D6507F4370C44FA81E51B93863B5C351B29A
J=-$A4F724429A3066EE61607D3E5D6F35CFE5A0BE54E9FA8F0A4729D3A7A7FA96D24BF9678CE3476CF10E78CDBC9121D68A57834720731CAD76C257196456FFEE8DF3B4FFE176A62AF6C140278DB2A02FC2E0B181A4CCA1109EBA52053C143CF314E6F8978E3212F930B65FEEFA5FC48D60B15027B10971124D4640DC5467BE2452DB7E96037875C81C54D14247D3789D3FBC53FBAD8C5D7A2ED5628D4488DD635650A9FA2237CE153545E22F04B5D560074831627A8CE5FC1D727C139C09314BE241C8D988EC3A85D3B2591B853BF50BDAF1856CA22A78CF830F8E308E7F157DB00F0EB06D908636DC20D425A3AA9E932956F87F184863DB6B3401914725BE285A66E2CC0D825CA3D62294EB1C2FCBD5BBBD0430A3EB3961DD19514634ABA2015BB00556A4872C05947CA19B6F118CDAE8C2BEA65C5422228B8ACF1E35F87935DBC2C236113C87898221C2B049F8A843F78737737E9B6937AD98563B791
T=$1

[20]
S=$A78F588C
W=$17AA12FD90AE28540828E142C482FDC0C80B356DF2C8911470EAE784C55814EEF1C1AE3197AAA172D39FA2919F28B9C597300AAC2C45CDC1D2A8A9F84F6550AD182F7AA753D757D91E01848F16BEE20F8CD3B38ECD7C75349E14A8BE6E24861B186F3C3545AA53DBA6285C3C373E79C7E647DC94E8435C17890ADA7E971FA26565EC24E6EDC3C36EF4294E3E8E10036D931351859E78EBF121EDD02E64F3257D21191D3E9BC04327A531E0D0E
J=-$34F4C3013D98D8FB9C4B45DAED4CF12255F9B135CBCF124D24D4262E9C422D9CC473CEA4E1676803D6F02B24E2DFBAC2D160F239DE014076172A53785A2674E8176CC05133DD7A9EB4B63527595AA6269B20C0ADA2B0B5457AA5483EE961CE79433E9F3E341CE7566E0AB51B13B628F1C5240C989C62FE39533C9BD0195CF43CD4C72ADACC00D26242955BF8367DEE97B7A8BB18504AE2F0B5DBC2825EFA8A476A1F4D0897BE48FD80D9442BAC03E64AD93652FCDB9D0E266B6E7D817687FECC0B3066323263D1967AD1DC7DF4ECB6035A7C0C95AEA758CE61CAA18B8FA753794631F08447EC94D38AB484938151DD09C214B68AE3EBC484C03D85F77649FEC676961BBFFDB584C8FE9494B7E4593268BD0741A8BF78957A2975ED4E02CF1174C8F493E0DA97C63DF5491D2F6212F51D049A9EADE2E89E6F8F705F0CBC34CA8C08AAC98C4B39E63BC8C98E9D58E5B917275849F7043E9BEF
T=$2

[21]
S=$25666E0C981F
W=-$711A29103974B4B2D05D259DB9CFEA7A006034B23BD2BBCD056897D5F1F8FD37AFA6F16DE4022050BCC731FF573DB9C906A1823D47186458155514104CD65D91103C2628915E9B9D6554BD3AA9188663AD2A4559C772657F850771A1F2DE31B1D03512C994622902100F47C2D520F9F4DF32B5EEA284902EA446572AAAA07644541F8BE2CC9F8F208881F017A14F9E8837C24A396FF22CC29E7A5227D6F45E64EFB9B30BC080C3ACF60D
J=-$5ED38718D99BFD16D0944E97C0EBA86A14AC81B758CF074BEF2ABBE4914D44FB4331F81F9AFD2528C6AD5D4B5360ADAD85ABC17F7E69BA0CA699F190D6D971055D3AB59D8EBADFF7ADB734ED0D578D3354C5A5932D544161A8B67855CC7675820468CA645A88DD0BD5C1F9D27395A3A12A8B5A7C34FCA6898538AD450710F200DEF8764F321DC2C64EB66C0D731B2B8892EBEDBE5EBA9C14BDCF1BF9D336219671FB3B107D10790AED94A79A3171EAC65F4C439960AFF0AE6BD9DA7FB436488124EAB6DFB4BBE641AF69262A55340966A1DF0CD634830B4646622A2BE073C24A83BF5AD6B3C0859FEAC177011B68AA5E82AFBC7DE1386DD686ACCDCDACECE6208FEEBF51FECF89852D747EBC9797EB5E9046D1097A4A681907384B675F62C2392A8A585B375A41138C653141E4CBC905B95874EBB282652D07AE766BE947F185EC51C316B9E553E1AFCE2FEFC36D0601B2287561
T=0

[22]
S=$11F3314D5B
W=$2BDB21AACC3CC4EB68BA8ECEE1CB5B550631FFD3084A4BD60E84279246452BDA984FA032E2BAE643952FF1F65F2FAD9CD9CDC036522FBAD9A8C3E53AC6C5C03A97D7061AD92E2EDAF410B78A6DDA9213A45D0A4E409AFDC42D409E2B6E7F64DDAA12E1BEF511182D8B7E0C09E40C5590626659352B349842F2ECBFF04CCDB96436674C5B08264E595B33F008218C47988403A3484B8FA0BCD08F7BD6586108BC0EAD451F4F7FBA1
J=$1ECB883B95A396BEB43E60BB3D914799D512E27BAB65655328440145FBEAF4DD99022CB5A6E638D6B4677F18917DF462CC79CBD274D48132C79D92519011C4D797AA04857F29111AAEA3FD12F78D5A0EC049DE1C60AE064AE370DD827F3715E42D49012C8D722B64D14FDA7BA5DE0C9B05E7382F7CE84E1ED7929CAE9AA665C77A675A6605D659E518054A60728B7416A9B0BF90932108B2B392A8796E022A268D31276AA6715BD497FB859012F4B1D452AC14315B03EA327B5C94916D43ECBD07037DE9F55062F6A9DF69B1A9590D23A2B003A7D84ECDD91A327E673E56CBA6ADD9344E929E2D22F2042B9002FAF7DBBE8A436D2EA209C39E33E9B735AE0B8A8F64BF7517897DBE2CFD4280650481510730F6FD2FA34098FAE02753866DBB411F4E340D51EA18AADC56374F2383F28EC8344F0955A0CD77B4B45016E010877247810563C221C053CB5A392D44FA2
T=$2

[23]
S=$23475E7F9
W=-$FE910AFBF3C594F255B6E79C7D87463D3A8D6DF1815C945B193383C8DBF9566BC1291A8C1EB595A71CF3BC4D48D611CCAA99879F203EA730AFF9993DA09BA8991243DF34305DA3817535E1B0776416331132B24F518AD9591ACD4E483539FDD60DED3EFB4CB69CC808D823AAF80096AA20CB356C24434B08F11EB56E30B4AF6F8ECC55E2135A4A3FD032A06AFC686A69AD672649E421AEBE0A0EE061049D2D276386A8CD7D
J=$F62C34BE50B8F468A4B8F0C19E5FB3C38D4DDF889030F0BE030A0C143FC0BFE880C800073B5B6FFA744296C6A70055E1983C85E2B71C0611812FF3B6F1F2C984B1CBA842014F08B825BEEA29DE178C72C378D2BE8D25BD152FE8491A2DB6B7274C3DD4A245E63C8BC9DC2F4E90B4A48E5928BAFA5A9159EEACCCAC8D04253BB110F63065C1AD974F342D81D63576EAE21F1310A5FD8B96A3667A82CD85867F68B6949C6D97DC900A8F54FDDB5AF206D8C235C046D5E2943A049F969EB968499FE828DFF1469540F1CEF725994CAC7A6A808B7D5E0C77BC201D53A6202A0D1397935482FC0F707F234300C7933E27256A62C3EB99720605FF42AA060F3AF02433635139E0263BB77487604CA99A9DC7B8A0BE5B5930A9FC22A6BF2FA52D51DA63524F28A552F59DD4990C7ADC2C4A8DC2EC1DEBED5D16A3C790708CB39B523BC2879F0434FF6033E3D2D
T=$1

[24]
S=$43BDBA
W=-$664C007951AA7F95BF05EF6147CE9B5E0D2747E532DDF14FF2CB15610BCD8E3BB83BAE717529FE2A27FE3C7C5E4316CD3F988E0B2BD9F8494FD0007EC898F1A62586C2D4844CFD6C95F535A00F44B185D4C3B711EFC0AA7F28E5128E8186257F066BB438B2B799B7A966BCA8E99756075806B23B2A41DDE47BED92752418894505D437E0A65008F8393DEEA6CD6F23FF1335964A96305782DA31A1D901E88413FE534E
J=$BA0187B9DE8809CC7FC8A64C0C47B233619DB1E074A688B41AAC4AA55D4AE9352C65F2283A9E57B3B91C0FDDAAC33DE7334EC8E76F8676BCF3A651D648D40C4A81F2B505DE9CA6F9C763184B8B441CC7D3E27C49D483895A3CB7D7B655F3CF9706E9D398181D6790350D000A2CA561032C9A8EEDC59325A09AA9168E78A088DA2ED1576AF3D168CAAF345D84CFCA44A2B410B584CF6F6EF8166DC7F1CE2D9E8021EC37415225A5DBDDC7952173D2DD6CED9923D6FF433A8E721AC246FBF34DC22BF75EA440A7B947941EE570431BE43E97EFB7D8385EF9EABA5EE422758CB9C07DE2CE3A7E5F0FCD92DE81EA46E6D0190DCED89015B42A0BE5F2559BF50CC7E1E88826F518AECEB4010A90A6F7F5E363EE6DEE50C09EA8D7F26F9F29CB9A1A517A1215908A53065CB24CA0BFE3AF63F0DF1FB5DA253CB0FEDF705618D06A5BD28D3857BE81
T=0

[25]
S=$2EFF24BFB78AED090
W=$1103BC9F8B9286142B0195D1D7C684E57B5077D110CF9DEDBD71CF492A8E5373D70AEB1744B7A12864A32BBCBF0BE55309ABA04780E2FA9B628B9EFF55D8C26527262E91116658CCE9DFB302079C13DE24E87A53617CEB06C0187E291C6BF526C1E1F518C96AFC8125D166E53482DD680E915706FC5D304456E3966926110A7ADE105407361C5C1D41EFBAC0D365AB09208083971D036A9C9491AE4B6D758D1ABA46
J=$401D9BB69A706465296B408774FBBA2C38E380B5D696C7D6A18F3F1A2BB92A6010C7C111674BBF6026EC2A06EE7978C8FAB490286527100BF2F3F8BA389D755AC92EB61C77F5ABF0DB5A5AFA2BA85F5FDCD5BD9C067529755DFF23DF68850D26DD9D737C9ED9C8211AB1C175AD9B00281D1E5D11D593069D74BC9A60B982DCA0E8477C11870899B3881CA3728E9CF2C3E5326D4BE3A2EA7007E475E05549EFD9F3071798AD1CD67597F87736358CD458D86F8B2889BDCAC4122B9386F6284286F88F447C0B0E433EC2BFE49040F151257C2E4897738B03B1D029535F952C09EDB63FAB87499AE81B730F42D5A7B733440350501BE51C91F49F4833BDAC90F7D1F515EA62033C2C27A250019E8B930AAB6203E52B73DF485B10BD3472418EC168CD525EBB6C7FF0D766D9F46A6608BE7AF1DDB41CFFD3D72EBE2A0F6B72FD9969A2A120
T=$2

[26]
S=$3FFB8E060A3
W=$C206CA17401E3DAE612D4CFC5F74F3D719DD283F19FCE38BD39C8723E324BB954F57564CFFC5FF89A65920DA7A7778D2B6D8F73F1B0A9C0F965DD8A8AF200536E5E781D09F5A1BB9A13482655C2C9E2A4DD955853EB617CDD4FD2539AB3F318A2CA7C9C6298C9CDE16CC847E1D981521B3CFA24AA742E603FE718AF359A89E22D48714BA46297876109D5E6E0598BED2FD7C19ECD3C053754921FC05D89
J=-$1FEB292CDF44E6D236B9E3D7AEF558C4AEB8A39F70EEF6E2BBF6E5510641A03A9FA43AB5586E4F58ACC2EA82D009E4A5337CD4A6F5A660E0E30EC785A03502262213B2BD6A1003606095BA1627092EFBAFFE713A850B70F83F691F1F6AAC340F40F245204116EA440F171D6026718221717C51CD6B68A7129249B6A62687E38D81FD21778AC8AB97DC671C4728CEBC9000E225989FE673440715ABD670C9916ED740E0795265115819D7925B4B88DB457B0398F73BA1B97218429A30223A1FE93877AC7412DBB4A8FC0728AFB44170F35B0928AC1264D2F9138478235514BF7730AE06728674A73C0794C3E5085C5B118D0450D9FE1DA3BCB6C6D872505DC8DECB3A31B47C2984D26686F76BBA36E39800413F4752D3424435468EEED710E96C52B0CDC42C097534B93C174C6E0FD8333EA879ADB9A172BB2934A
T=$1

[27]
S=$A60
W=$45D33E3A02E3EEFF33899C0FF347A0C4EA11BD3BC1F74F1DF85A3579041BA57DDD4586ACB0339B8EB87AAB99D3A20DC8A67307DE83E61A9C1FAB2F4A61579B9BD25028C68B14761B37FA0F4D8AC078AB5A95390DA06DB6A1C9AA8F187EC219A8FF641C8441ED8C0D4783B0BA0FC4EBDE1613189E2A037B58E9B2FDC287F5A7DFB9E97676B38B66A346417D9D662F77EB57BB2CF61D81279B682B7E
J=$1DA014B91FAC12C60F2B309B980BF53CF8881FAE52836403703AD63191FC83C5FE417DAD8046C1D5BFBBAD8F28A08D2FB1875F77C1BF5A8A07E58AE3F1752ECE2D32C5BC12DB80D7FA3286EEA28F95D0B181AE50F2E95D382C9E735B6A6843890579D28B7CD80202607FEB179A6BD98D8D5699148E97BDBD67B62377A7D41989CFC53C3B9605E811A4D20ED794E9D2C1CAF3A5CC7854F9CE7253E13EF6A95BA65FC99B8B67680A95BED07778D41F7A663C07E4E75B2D7A61FA9DFB3585CBB6582BA1B95AF8E1BAED9794B0CBDCBDDB964AB7D159BE0680F0E7F5C4447CD8B4E5B01A34AD655C2C6C6B85B28AC70FBC16C11D685850526736857C061645AE579C10DE536461F0CCA2FF5C318309AD012FCB6EF6EB68252CE1220DC8DD733B4DC977F4936E35BA64A3EB97ACB32CE3D322DBFE945575
T=$1

[28]
S=$181C78C
W=-$220B75AF04CC0DD1B7475B04A02BD285FB751D7AE92A46D1C01F41D545A930FDF4848D3CE182CAE64EF1210B9AC9501B19D640597084CC61B19019F6C66AC36AEAF9377D05660576A2EE314D470A408D32F0D9CAFFD439942019B1EA3020B7EA0C20B067094F6C23F63936BB47D35BD15FB06BA151F5DB9F9062476BDC917112F6A7278B75F024F03EAACCC399753A768D80FE441BD04A646629A
J=$231B86EAFE418898BC9A399A4CC3BAD503A659B1F72E883D6CAE6E2C0CDC326961FA47DCA3B5EE5DD9FF2189E0C0D59340550ED0CC2E891E977438E85268651457E872641A1D82D45BFFE6C2417D295F1C66E67655BC9967E914149358640391E0A83B1EC03DEC634652998E6F28BE7D2FC5396ABB55B0D1A7792A5C52A8011BCA3596EEE7543761EE677101000720BD5E2292082AFE1E357588BEDBE1BCB48D998E2A3941B860FAC98AC36C0926844680B0612191C28590DAA94265DCB05A1DAF9F239F958881F52D2A68BE26AAE964457E1A950A1644CE823F27C0A522116F8D33CD2F985098E50EF8A976F95CD50D27FFEFC5098E2E6E9AA20AF96389C95DB63A5C3E76A40A4ED81C394EDCD5FBBDF132B30C215E454E2177251A6EF58019F19B3641B1F2785FC337789EA8A261F13BDD9B0
T=0

[29]
S=$EF17E93D6AA8
W=-$341CAFDE4F860ADE8352A5D242E206E76870DE2641D8C2E5007D34D4594488822D4A8176189F99DC3BB4BD568A212A68E241AC338852D3846C95DEB04165ABF5B04CDBEE23F24A6986AE746758A650386428016D02C5CDB1F440ED57247D73CBDE9A648DAD9DA3BF07C19160925444C340C437369ECC2A635406DBB14DF91581108A834015F808A269A359064FBEA4D4F52E2DA258BCA5C68
J=$4EF09EA0E8A27321291350DFEAD83FB0330B4EAC47226545C9A4484341102118A06A7B93821DECD707E3E6435AEC573379C62E9FBB879F1658A35638E5924432D443172541D10CD1453227A2D52DE1251B93D508114CBCCCA0645FA55888DB63A5EAFF1FE7E9C17A4C98396994B9D3EA68D5FBFCBC83FEAB4D1A24D21C5E6526CEFD5EBA6CD505B966C587BDF9339698776E8E2E61BEA5F05D763393138F836B2C88DD069D8377A7B82CEBC45FDDC4C10398C995F00987A5CD345638D504A21C76D855AB18A66E76BEE5D198D18F36FF48BBFFFDCCAA8CC8D28AD56E8CD265497073C24149FDB2B9B4518E2C2D941A8982B85E427A39C8B821137A732F72ECAD39560EFBCC6B57AF4C818BBDCED394DF9C307009621EEF7B0367E8A43E16999E0D9986F6F210BF1F60B1B6F89587AB6FE9
T=0

[30]
S=$5AE1A2
W=-$14982221DA61CB2545AFB90586DEB3C63A1A724ED88CD52E8B031660731F6E528C16E7E9E9002A6F77EECC41F92DE4A491472B785C9DFA1AA15D18B6E48533B54620D7787B9AEF159289941B1ACED076759BB8D75E86BF835E0FA45540B3210552BC6FFB9182DF436C508498C50042DF7E0368E9E903C8C7FFEE08C94CB063D1C647211B5E847A7E27A64FFE8DE39EF9FE175F05A818
A=-$1CD6C4469A245B88FD2500F6E9A873B0F57563C0CAB958AA783691E454489F73CC9C387F06489D9C0EFB897E6D7739A7430295986DB12EF573DAA050AA15C12DB226994CFCB408C141C5F8B3A22D6551924E095D9D39C725DB732E7D49CBD026E6924F7524C0D0C2987C795B4035B6AEB3C2C9C628245D3B75305325A59124E3968A59E99D3D669744803F1DCCB876B99318663426409F2294E297C330D95248BB93B4215D0451E0B1F363C10880E905A170A298BCF244934250A951348D4EA3FC394FA608C1A82DEC0DBA95787EFF189FCBB77C7355A65D9B21FEB7DD12A31FBE75CA827E4BA3405BBFCFB899B43C64A36A5AFF3BE0AF41B98738A601CED8ADF0C7BCA6EDB65A795E40F5F0FBF711DF9149F13472FA363266471305BC337FDCDC9C08B6CC0427D4930068
B=0
T=$3

[31]
S=$1C1079D30
W=-$2511EE2CE0627118C017F94CABD100836B8F71BFFFF17A494F508A92623852BB02264D06B2E5E9EC71E60BD50B4E74BEE63319102D2B40C1337E7369C0027FECACC4C3D7CF93718782D41251B4E420421C679001284AFC6D3F92E428A9DF2803A7383ECCBD38B524C2D910FC7085B427AACDD42D85FC647AA46128B47746F0C22CF1FB415B93F2C50EC812F159E7EF0104EF37B16
A=-$1E
B=$38
T=$5

[32]
S=$3AF08C
W=-$21275599F8903EE4DA09FBDF3BA183B0F9276BE45B314C481B479A2B3FA356CAF7EA2F2DAB492AE50EF6E25150C4F4216A5931B8192BB45C304FCB7E971A52EBFAC2C32D6E37C598F71DAFFF7C550744B6BBC7EEAB7D7F9A67A6BC607566F6234E8990656700F0D355C80A54C99A2C8A7FAD7D6D94690D0948864DD2B04F8A8F661D8183EB8B251CC4EC69651ECE44DD19250
J=-$4832F6884398A62E0EFEAF77D67A3325CF38B499D094F2FB7C81B3A1E0B76DFB63A933BE7EBBC5BB91CE30520602D4B9B0EF1557F88E5D4BC1D36766C019440A8038FD0AC018DCA6F3101E70180823F518DA36EE84774D12800C6C35D95FE8EA06E9725FB664726FA8673BF16F8EB52C0263650061EC829CCEEA5B3ECD62C1E57207E29B382FF4F7D5C4B4F683A1FD290C7481188D6D2D07D3F8B15D1F8E9E4CDCA7EDBC2E2F6CB9D41617919B156033D15CDCEBD740BF95C4EB7486B67F4B496BC28FBDC4D93FC24BDB9FC2440D10F251F8C97C54156180C09F21EF71BFCA8B779D7C8A9283B6AD49F293C55F27ED4E60AF15A2D6DE2932474343BAA841A438C2AC599F953C3D554E6031D738C43599D987C6DB6688799BAADEC44EF7132B3E35BC129D
T=0

[33]
S=$60BA21
W=-$1FDD232384E152D29EB5B7ABFACCC1EEE8F5E10070E21D0A9EFB44A382EAF2B855AD5DCD78FA40F02FCF123D6742D305C634FC8F5C79D5AA07A32A92A6090648E9068477123C27750CDBD1AB158795891C2002955750B34DDCA6E9B0E19C598CD9E8990FEE91D9CBAD06DDFD7503A45C82DFA00AE38BDA7EA2BC929FE127366AB78FF783F09631494921BFE2304404A56F
J=-$257B2C91F493713234828068364322E66B2643F590EAFA1B4F8F995A7D40A69FF3E45961616EB2654AE7BAE810AB2758683D2E9C966737AF4E64E14434DF784E9838818CF9C281746056B9D407BDDDC58768BE66AF161077A920DDAED29984E4D1C5BF8D254A60E3F44FE0137C6DFCDCE5411650D59404AA486627D81CE9D29A43B563CD2E2CDA196C6F2D5DDF227EE915FF3A725B929B79C63535DA26FC18FBA32D69117DF2FCA2AB4D12FB79806D50F06E5C83C9EE8197730F42292B24A94455FC90F83739904910CF0539D6A58DC3EC1C4123F7B61FC7865504C100CECAE4335C62747C61CF71A8E6B11C8995A7C89229FFBDF07E94A6D9D81EA7A4AB357B4C70E7EA98A544907979E489C17683CC3EAF72BFB37300A4F412355AAF0718F918
T=$2

[34]
S=$3126
W=$287BCE6055C30832EAEC0710AE69EB06850EF51915FBB6F23E899F422861E03625734853372CAF96AE8ECD82A49C925751D236880FF551B356E9E430FCEBFE66A0CBACCCA491E253824DEC6CC7C851B605C1DED371299A226648E5005BAC4E519183F511476AB8C749DC1C1EF49EBFBD92C2A573CFA8EF74B358899A23375523FCAE952405092613BC732E445D627F6
J=-$4675F7F10F2E5EA35E9E928B43D4B2BD67EC868AAFD43E96F401CA396695E1BC2CCDAA7A951C814A5226B4308735B675DC579BCE49D98D4F08520C269F6DBB8003877ACF0BCF825E89BC44DA69B56DC395B057541AE58A64D9A0C10A242B565CFE1308391396FCC125D2BA3F23D3173289B3AF87A5E00D837852F501E97C238F5D47FEDACCCC150B216AC9233E4051390832199DD0029066BA8FD5671792C9B5044DFF7220D357637B003084368665AD2D78B8CC574901D6442ABA5DAA800EEDC64C8CD8DEA1BD76467933CD1A50459FCAB9747FECF4AE7913F96FA3593544B7DF89C711B87B53E88C3CFFE25EC467B0665D0D2EDE362C7494C07BE6D726478A5E75E654772867B35139CC2B9F517E55E6AF8CD0769937E9D0C32FA408245
T=0

[35]
S=$19E08A128
W=$3D6504F6D342FF4DC0953AF5C1EF1632520AD1049D95107E955836061E7D1455FB483F85EBDA597A49D85CACF0C78967BD7F43C0EE13412EA416263498CD12F3A1908AC09E37A05E7A93325FED6B6795241F0F25228EC555B814BAF95B0709C7387127B9BE4DF49918371D4FA71010FB67A667F688552DE814E7F504804A420599113DAEA8CEEBC13774037C25EDE
J=$1A7DDB367E3D6A8BA1A517B659BA921885907B3930AB13F7D6F895D557CE4FDFA36AAD19556A208F97A149CEE7381E9091DCCAA7EDE3EA5C041090B35BA5B4B02449F11896078BE20820C1A0A926483DA729912BDC7E9E12D98887E96D9BB4194CFD6298699ED70FDBF2D9FAD8CD155DE95DB1A3E644DBD5B77480A682A3AB92940E6D4F9E6FD0AF44DC93B84A3355232DA3AF9F082181977F33C3A80E076743CDA3E1C43BC31D699F2F5C11AEA08AEB3B778AE211C79DBBF6CF0FA6F8FE6820B53218985FAF1703BEE1CE99803B4D17D15A5A1DAB638A990AB757F013D72120DD5F77D6E67615CBC6ADA780BA1A4F4510D914F2549529B0D51138075CDDCEB1E510D298DC75AAB12BE95E16F1D1093AC095DF661101841F06F5D59656
T=0

[36]
S=$6085CE98
W=$C25308F8121F4140613C26592BEA365C7AD9349AE033B2622F805274DF9951A965E26637FF3674D37912E71D0794D69F52983D1F6D8936885C6E20D5D475C23196E95939F2FBA288FA5A31CD4208FB77DF55CB4D09836C6D2F8DB9646D9081BBB509169D3629EDBAB177E5D6FE65D39E3E29FB250B927BD61F7B2240C75D14D21C79EE994698217BC1161D2B0
J=-$136063F17F184E04011252B24A13855F22BC06094324D678D0BBA7CF707079F21107D0DBD38FC66EAF47B606E5F26787D01C339FF545A05EFE5660CB1CE955025943F84E5208780BC2BA2DD02317F9C837F62EE241298476F79320366D0ED94C3A23D1BDFE8A8FEBF14CC6BA2604EE1F0E2A0473AEFD88D0D9D13A2FE9B096C9FE434F0A51FB1B95EF41B10300DC38BF85C5AB76FF6F258217B1454A5F9D744F061DB5DAA3AD6885BAD39530F85EDA1963A12BA97F368E7619AA64F77A034550F23AF46881CDF48EAE70D2F053940FD78BCE49B02CC448D33D722497C9712CBAC3186FB3EFA5D5DC1609B7007F9C3DA4B205FDEF25C8780286890101777B83F5673E8CA0A4DBF1347A58B465FE91BD5B4CCE440CA557A90D77
T=$1

[37]
S=$235
W=-$1043559297FF85E32A50432E9F133F1B4ED3E7EFFF21EC243FEB5EAE6A20F45F1C2D483F94C13D3E7E8EE40EE87D69E32A166BBF7FDEEA9E21109432FB7E58BACA01F04B21C2B5B1D6484836DB2AA9B194E1389850226E67FA328F9BBE81DB973C209DFF20E2C253EC440CF69F051233AC1ED77FB05FABCE089A3AED209C28262825FEE6E053F2EB654179
J=-$1F298FFD8F2481BD34E6C10329B4347DF5BBD892D7B2F2F571D7D5660E54D21C45614950B3908A5A6BB2F67A89F63094F5D9503615EBB5BCDEA7C5254AE2710D2D54E2DC0092E4C14962859D527C39DD4956E9C4245E7FE3E369DD5C0DDF782D0646412F780CD8B008E9BB10D4EA8C8632D8C807B6BABCE6A1FBE0EF05760E684A6D8441817F6710115047E52BCFA66A7ED40BD2F5AF5A6E4C99903B37D694D9F0F3076450C877BB27860F41258345DF5F17D94B7C39BADC4298C0AF65B384B9E907B3BBD780FFC6614490AB38D4264E827468D95BF0142AAB2F376939E4B14BDF253CA146FA8D93BCAD85B86B3DC75CFB043F3FC86872089E559B396A4DE4F27CA825A4B93946AB44BC21054D7C4135EB89008DA5
T=0

[38]
S=$3477D2579
W=-$756C41AF90908D01A14077393F58CA7DCCC454227C2660DBC067F406797973515F486790F36E4E6359384EA51192FC1E98C6A7F59ECC9999BCD7A42576F6744DD79F5CE8C5060EB9503D7967C5A0BC75CCAB6984B1CB08DB32037CFF9623191059BC9F70081F8F8949BCB9D2035DDC2AFC04E1221F76901E57C127FF1078BD7151A30BED0A56425BC057
A=0
B=$4
T=$1

[39]
S=$9034535
W=-$6D83BB88ECC3D8C94A75EA244BBA0A04A92CEE27E67B0A1FC6D7301D6AAC164F396197BF7FD4CE19BB8F854D0A554947DD8B5733FD1299F1C463EBB8E706BBD4E5FFE426592FDCD02127BE0858A3520D49CA33238F0C1F27B9BBEAECB040B028E8016ED27F0980E8F8DA2D503BA5B2EB48EFBF1E547B53E83AC527FDD50D60B648D3B9CA1D1C7ADB
J=-$59CBB9B9768E55A681A5F862D472B8293137FC76C5F6B17DC649FCC3CE46F6C6EE60315A3BB272347FE0B0C0890CE5650D7979641E498A38BEFBCB6BDD5AF53A03F1742D9E7B854E85094348C4A9ADC5BB9813F89A346812A62068DB20CFF6E1BCE5F48EAE04A0161E29EA8FEE2695B16468E314EC0B2E7F8FED657AB2EFEE10A555A2559440E30F8768F41CDCF99574FA156AF829D65517EC2BFD39832E64B37A297543E91826778421F30E99276AD0C264423B18A86EE1B213BB61A6C618D3D991DEEEEBA31C12128103C709A347377A9E223109C9CB433E14C1C6BF3FBFB780ECE0F1BA276D3EBAF2F8774E86A46055EBBB61EBD4C03F702F724209C0CEADA0527A18859B1499C2888DB7B0576E3
T=$1

[40]
S=$894A3
W=$2247BE32CDD6C84F6D97775D16B9A18EA0FCC13CC883B8C7293B9D7816B598F9E6C21F869FA3F3C79BCE19599AEA84EC084D156CF48CAFCA1E403FE444EC67201AE01D4353AE2C1B3C96C74F8882B28EDBCD326CDA4B30680A2EE67EB67EBDB746517587BF17831C8662ADC879196D32540E1FBFA993FA50C89ED41A60ADC9A5D9E1EAB0A59A9
J=-$90F47473299AF47AC7A890E65DDE188F810CFDFD8880F78B3E4FD7B6A4BE645DC21D179FBBB50F980415B4436B3B28BD268098FE51120B0DA9FE424B4464644B12EED5B4071D7A1B2FD00BB49F38378014861D34990A847943CE31C498AA54F4234D8BC3138C92CF1FC6F0B5B525F2518A7E452AA95C877D73D5BA623E88A6C3605197E52BFBD0E4056DAA4891296259C1D4060450771FB7A768F16D7CC5096B19F5C5DC9792E391FCFA11BAC42DD4923DF034D3A7C7BDEBF94A2A86C6297DD5282CCFFFC14569AC1C913B38292009A9EF1C45EBC28E5DE24F41F9D7D6556BDA06E5FD1CC3E5255ADFA2D32DA1484675817230459DE8FDE563B7E3306CD27566D3BA41A2EB85275D6B18C5FE
T=$4

[41]
S=$6B6F77348008E
W=-$14F37D8017371A0F3A4D65F0E4C54BE6231FF7C64A573D366DEC18C3BF8B64B9072C152BE5DD0D61871A77986EF15A10FEFA93777EBA3D5D6AE18321D64A36C0968D1140A68B6398C3B5B8286EA3E7AC09AF41BAD973225BA696F863C0F4CC24252DFD13F79FD9791048BB7E8BDE91CC9DFEE53569F04EEBB0D3B9F4139EE29D01E4345762
J=$11CA6E22178624D866AD342B5FAFCB7461051A05A6F312B001D45C8336F5EE7EAB5C0CA5FF99D658D7EE409F35A08984DA41B734E6E6DDDDBE7484F62E4C3A4F37686D94A841146E11D94E8C92B14FAF3E8D01C608A0330CF15ECC430EF0223327C129E1292C2E49C8F71D8C33D7E06271575B677654AC0D1CD3CD95C4801E3D9A00942D267A84E950BE3F01A73A2736FF3742F2A547AB1F86096E48E7A4299E5EE3F73F052156EA7805AA2D76F621C83ABA1BD5AA6EF31D87531CEACCD607288A1F52EE6CC92F591520C65B0DA0D1B5192E8D9AEB02C71365C521118121A327D118B43D1E85A8E39035C410A35D0227C018DF10EC18CE311F2E4625CBA27B5E5F6DC9DAE533CD07C885
T=0

[42]
S=$6BE0B9
W=$5E0030F0D67C6560E1158C2D96160A20BEEA04A45CAFC3347ED50DDB6F6D4B4BB6C60AD6285C4A5C82A2F0CECECE0633DE4A829AC72B60618560D7B453CD2429AB5B64F82A3681118D71DC41E5FA754FF6F92571C85EA86DFDF20278529CF5E10E42F983ADBEC009F90A44E87EE1EA5194490102D54AF9C98D3FD5207B35D2BF4687
J=-$3F9A5DD4267C0EFE52D33707C062EB6F847F980BF3EEC3DD7CE96FBDBF25E4A3333EDDC5A773B1A57B77573C959D8D878890A68A4D529B05E48870EBCFDD3F1D4BD6A45E0A0089E20F1BD26307CE32B1DF6591FC1B1664FD7E853C80C3B2F903C062630D67AEDC86D8816C9AFC694124175108A6B97D44659F62C89BABEF5D4CBF8CFEE66B5B1DBD081BB9B3BB581B0FAB19182F5A9DBAFE177C8B4EFB8981770861081154822D23D23BA894FC342DE5FFFECA8E20A1BA1F23591C8A4ABAD26BADA17CD89BF86FD94D7A76F3D3C2264811A7A3CF90D9899546E989CF0E5A318BE82324A4959386DAE4BF23F47888E6DD0C2B14E2EED1DB44F6C185C65259A0D05058F1A
T=$3

[43]
S=$3022B0
W=-$21927812086EAF3BCB362630F17F3ACFD9D40E099788D14C3F32D45ED1AF4EF1404B1A6F9D32082E794D3D1F7A9A0A4CA15285E59D15741FCEE58AC2F185CCFB88E6E582FA16CC1B2CB76CDCB7F712EFC8F1608D2E16C3B330047E0DB6B39EC7619879DD649392BB3DB27F828C238F030BE968EA7F668D7B1E78DE88542DC1366
A=-$7328
B=$1DBA42
T=$2

[44]
S=$23E9C6B490
W=-$DCDEAA8668EB4DCBDF418EAFED032A00015A5065E13823CDBE8B27339C7DFE3CDAA58474F8FEC36DFB27BFD0F320555B683D09C6FE3D2121A919E0687D3A5A2D170FBA3C2E4BD6432361A8684061435E8AF57CBD8F51E699F0A5B9246099160786395A0558763F7B6E9CEDE206031BA7741DF9C9520A4FDFBB90A683791024
J=$26271B2C7D3D36E43E691D2395501D19AF3F9AE4EAC31D8053165CD30C5C623FEE685DC33C1AF3C6AD246FF39564651F36C0CCF5AB4173188039E70DCB0ABCF90156A6EC2118A47D37DF74AC9F5C7729289E47713C0293F60A512E4AB5C8DA9B59F86703BF3311010B5381B4B5E3501652F49260235A3CB1B5822446C8E519AF984FE0B69C1219B68DDF8D0CDCE4A5034A1EB2275B0C641A1A44EFBBB69E1D9500E5DFC3B5059B375EA625B0E7EA906BACBDBC13DBEFEF92C4CCBCA5AC9408C9BED99CF59FD61C93B52AF70059B895FD720B3527AB296AE65F9817788DF89E6823FE74D1E6CC0384A51F039F9AD176BB7EB0798EADDE516C6587DF964963
T=0

[45]
S=$BB85AF171F
W=$587CAC29B93718B1329340E8A55DEC5AC9CA8419EF7A508F61924F6B1828E7AD1E45AF1741869406BB8BCB38FF097D0543E994569BC04549741E490C82D8D1F20D52F88B1A38C421F730992E1886ED92FCBF3F646D42388CA5304F8BA909BE6664A8E5B8606B0D90E50BD308D934C194484B235DE7C04C36161A4C3AF
J=$3E7E4090200FD4251A564A06B3D1E5383E97DAB6FC7FFC4DEBCE4CF46E6B0C6362BBFD4D1DC10FD748C2441E738A3CEAB079D648DEC15D5A53E472E9C400FC5A6EB5ECC2656901B4D1A3ECD6BC2FEC236E8546796FEF270415DA7477A6FEFF76910301D8C739F9DF73745204E7266CC8EB9A2B8D5ABDF09F20099431F31FCA4EE0A332D92902C423BDD6CA825D60FFBDFD234701991ADB14E26387B91937FE63BCD6017436F6E093CF7FEB99CF2184AF13C5959ACAD3D755ACCA63C7BA3586B3BEFD87D08F92D76FF3421113A64653F5E820797E0264A7232B2531B1CFE4C89A69B2B4F13F099C26CC91CA77E594B600F8FA8EFF4DB1F5B7A1
T=0

[46]
S=$4C6234
W=$4F20F34C4AACCE1A00E8FC7671484741528011869A133F0D9DD175642986BD94F907CDE258AB13DA1430E8B72AED3F3CCB9F3D45706CD66C7FEF44D75C24FAB62D4BA15C3C901B565BF5C0489ACE412A4ABDB342CA8693C6163F03ABD3E5921AF64D4347DF5951837525E9F8AC18FD1B77E06BB220454627D3C
A=-$84B750
B=$24C7B73A2
T=0

[47]
S=$4A
W=$719D0277CA4F399AF290F766046D6878761ECF1EE9A930405364EF8CE9ECC273229DE9FF9172B702A9A5DB341952FF86A24CBDE1E6BD5C204E21B23F5A272F1CADB2C3EBE38D5C05C0BB2A84563D92BE0EB7A5A6D0F318E62538727B9092FB8C7073755713998E681EBE7C18FFD04DADD1FB8600D5518DD894
A=$2
B=0
T=$6

[48]
S=$4C610267DD6E
W=-$6418FC38EBA16B387AE32E14773A5BF03E5AFA68A87862F950A72E812FB4485E4CFE89781AC91E48D9E18B26C4A7CBAD87681DF5CF8EAA1B91A2661428EE05174CF3223212387DE9A32D8B885CEACBB3CFF6F5A46A938EC82AC34CE5A68FD1CF653698C8F295F15E015340EC47FBED2148A567C63FF9C91E4
J=$4732DC16F929AA4C83B4CE601622FD57FC06F7E93A910A96ABF3C1EC17944AD00689D6E6D871C8A99C6E475D61B1A73AE3C995239C8A901124F810F35FC8BED8EF1F14F91A8CA5CCCB48013720F88ACA976F80111BBBC72832D6641C9F57680977C92C9DE8ECA7F7004981A8B767C9E4A5D427667A4EA68C820F79DB7539D058687F162182AF66BB0E9D8C83B89639F833B2E3A08ECBE5F80B3A12826022E8DF9EB2E6E439EC1A9FD2154D11A54177557A377ABECEDD677EDDE7BE1A4B2E8E2B24E214BF15B450FD2F799C3E0703D4A3AE76F1871E9928DCB02C91520F08E2532CA1B58C38F93FCD25B190941CCB26D76
T=$5

[49]
S=$30D64A
W=$2F9666C89021DB12C44C8F03D57992E36FA9365B1A84EE2F417BE80DE42930B46B17B441301A3B4C4BEC7B03E1D7DE9527D587F41A96AA807E0C9FCD998F1AFC636A51F1A41A977F32A31F9ADB714E69777E894204FF455EA5E90FF6079C76A4E5226D9CB254DB75E6859F33E58C8407516D3B052C2
J=$10E6B522315F4AAB48972247393621BBB8DFF6739BDED9F9D873AA51990AAE688E62D7A191196E31D14FAAA73994ED955D8FFF83EC0C45E28339C5A53E34A6D12D25E14447828F30E9120D6053DDBB890CA3C30163B05CD5AAEF616BFFF8ED118C5B15B4A79FC4BA730D71993438D3B8FC2E9789D66FB656D2AD7FCFEC8D96DC24581D99C8F8A9EB69887DE6A8AD2E534A92CCB7BB88BD510CB46326CCB0DEBF0B9F82A140E057E86F0AF8C40C286546D2F58C7766D2FD5CE17714E1DCD08C50ACA6E11B5F1887126AB718B7909F518E956AC3B793527A19F4C07322C1DD0A7D1D3C4108F011CA711BF1C4
T=$2

[50]
S=$9E93C96DCC
W=-$311B4B2F3D1D33CB210E9AAB79251CA38A9784242DDAA49772DA92C173B380EAFC16244B45C2982DBEB00317D186CE31DDB1E05D6227D190645B3288308A97CBED3523B70C4454435FBF43C9A949A47BF869C25361774AA8B840B73683938F416867907FA12CD7F69E70FD1A9C0D365E4215B42E
J=$97471DFDA9BC3FC08E8CD590A4B2A92895DAEAF41A01A0ECA75301FF8EFE1CB50F82183D16CEDC13ECD6DD72F0E2E5FAAB78129FD7EED96B5812CE27E661FD19ACC698A0C460BF60D88382DF69B0946BC77BAB29510169A976FBA4AC2FCB8265771360DB26A8AF8D4358F19BE5F9A02786A18A54937C6097655C8B707FF74E6425F06F9524740F6364172B4EE2563D734AE0435E928022788AB9CF94917E1B6137AF07068FEFA6BE8CC854A7DC31CDF1005ADB89251A45283DE2D2A05D26039E52F31BCEFB7C5D945D41106E57908C8FF531E005DF92F7CE5714B3CAAA9C408322DD8A05D2134833
T=0

[51]
S=$B58F0E37A17D8
W=-$37ECCA5E106926912FE31CF9FB6C252658F05E970EA868DABE1DFFB888A892BA54540FC78AE0F94F4B61B011952D4E29F39BE9A6AFAE6F9EA417AB13BF623D93D3A53CE1E96775DE8C0368DE383D0B9FA815DB539724E8DF494DFF80F6575FE78019E8E98B817388A857E3BBEC2455D6C674
J=$16D5C7E2C92B6F275BB9DB565813A892DB427780D7656ED0905490C825623397C6723DE2F16528361AF737DE23210C16A5DBC505C0324637512161BDA741514EBA2D48841AA7BDB89DD568D7D26D4E156432794D27B9AEDD9C5F3B75722FD49244D895687FD95D1BF4C90519E13210F96F7B150EA5FBB104DB190E2C1BE85C1CC5815F4E3D4B62B78A8906C76283A28F004A4046D3B1FFBE6C3FBF3F5E321BEA53C7863D7943A22F230C07179CA3C6468A28DAF4C4EF88742BC214531BB384A17379E46924AE3BB847298D05362D42C1F0B717630B1980A04ACBB9E9D68370FF2B9BAE1
T=0

[52]
S=$322573B
W=-$B5418FC06FD43DB4E6847235D945027F4F4F861D52AC5AD3DD3AF7715D46ED7C135ADC2E47B6F9FDE96FF0071F35DE26F8081E0119D04579CF6C0B4954B0BD933242F32FCC0E8709A9E5E6BA17DAE71D3962C88E1C998A3BECF87FA029A07F945815AA288C4E9875E34BE8CB243B5
J=-$BE9700994EAD02F5EACAC42C71AF0CBFABCC4A05D14B80B3F090CBDBA8565715E3E79FC7FD7D134A546885B58F0FD5F5554149A66B9AC3A710A28DCB2BEE5DE1E877686E202A442D971E183FFDBD86F1960ABA1940DABA8FF449EF9DC89AE37FFAE988B07AED5161B6CF2690E35DC36C220B18E6AA9A53CF61B0A360304EFAB43F234ECC9FFCDE10CB859417A5A09FF2E3A16579DE9463C458EF3985F7254C14F7CCE240D51DD82AEB06E67ED187BB8BBF0C99F9FC92D77BB60AC27415D6A3FAEA2E234FB10EC714828D6046F0613BBE7F2466055BB754195715D51DF
T=$1

[53]
S=$7F50B46
W=-$C528BDE80EEB7FBCF527F9D6C7299407C8247B0F413385AC0CBAA4385C8DC79A3F1C09266BFFC482A7ED3E7B8697309ECAEFEBEE68E96E75DC49B91DC53DD8FCC9656B03792B02B439FC3D0EC02B5EED86D70C580E0906C56359FBA5394C110AD983184CC7704450961B54A5EE
A=-$1E
B=$38
T=$2

[54]
S=$C7ACFED4
W=-$29E5F438BF39B20FF419DD513A492802C28A22B573EDB349F749CA41AFABF4B2596FE94FE05F930C76EA99F8F987F7B45F950BBFF977744B8E4B7FE1B42DBBDD2375F20FC837EF2CDBB875E68972E4B383F67DFD9AC2FDCA19698E9EB1F01DD3B36B9FAA5B0BAEC4F6F0A20
A=0
B=$6
T=$2

[55]
S=$661190
W=$42EBED45EABBC93781158FAFF8E7BFC9EFA05543EEF411641E10EA900D56F99BBD75D6F894CE0FB1048EA95A8FBD6D9ED2652CBF92C7B24361683EB68318D2E7E574B4059B0CC162CAD0457FA47BE43569BBAFA7834145E32BA6C836776725105354DD87BA740711B26
J=-$DF0AF327063DFFDCE360CC383C4B994EB70C30F437963F4B9049373AFBFEF602F338A123DEFA1AED882C2212A7117B2262E3943B58D2EC1921229163957B90C62856039B4C3420C16D6EFC6290EC3775D5833138E603C44F614503EC7EF39BF6523B6BEAE3E6AD16279A2EC565A99C605392E67273F6D9F73A4FDBD893F46D9C4CE42C2601DE491491832C4E61FF30A09434382FDEACC94D3F92BD58C399759C208AF345B1D1A9AEA8D83BF9590049ECDD844B536E3BEDCCAA8C2382C7C00FA23ABEDFCF351A7C92056A31E9CC40013A8247
T=0

[56]
S=$2CB8
Q=$B

[57]
S=$4B94E3
W=$12EC8A027B0C5E9D15A04E9F45F0600591E51D7E5A37D957BD64D00E6D9C0BDF57D46A4F48D768C9CD084071327C185F7D1DF4BFF5FBD21752FF508643CD5337FAE18F76993664F1E65BD3825116E1BF7A30AE26DD3D3BAEB445F72F8650F6F9A93F83038A0526F
A=-$108
B=$69E
T=$1

[58]
S=$25B78350E
W=-$1EFEF5DA80F36F975C77902DEB454F3A635927017388A73189529CA7C1A90E9911FD3A22E6F20013AFA28CD17B06E83A99765721052DF7BCEDD572D6A9A88A3CE72A44FECA5DC5C51C8C99EE8D90C3B61B9E9EAB8179771E45FFD73E05892834FC45ECCFDF54
J=$387687E98FEB91A1A94C49BB088347C7D49117C9B3CA0ACCC8218BBB62C0DB1BC9008123ECE8FC6109ABA75EE1421701D540D399F99EF49692939505FCB096678E51BAD21DFDCBA11371345F81EB924EAA87066F1CE7899EA4A1CB54946C0A9A916806108A1982C361904C8895A5900904AFF1AA7C6FA774A5ED61CDCB77FBADD59C1706CD657AB30DC5EEEC9DC49443B2185F3828800FFBD8AB56AF75DA5FE08F2699DA4F76E9FCDC5EB2AAA5850AF99C4E15FB6A6B97C37FDB6AC01A6940C133412652854559BBC40C2F
T=$2

[59]
S=$7FAC3CC6
W=$78164804B3943DA947D3A615B670015DF070F42967E4B82841E5E765985A11B3A206D1C2BA6EE5E8085CC814D009FC56833907772EE152253978844B9FC566C22CADEC42AE62A921D54D59082F448A181DC9455400D4A54E5329A60F82DDC01BF9CAFC4
J=$2984FA0ED6D29B5F1D685AC339A0C2E0D37F79F871A9CE69766B79767D17C223454C4877FEC673F03122A66D411908616208C7E95CCE810446DD0D8263EB959E690116DC17891F0756C2E1BF0F89405D57A7FDD086808126A762FDF3C45559F0173AA8A88B330DA1D668135ADCD5BEC10E734F2A0C3C34C4D2D8D1F0E46780F95243B78EE9BBBB5048BB7D91301602D8BA3BF19E54374F6B070E8452F4B6164A6D203D244661239231C9AC8EB0AA8539621D244E05F3868A1C917920C21E52E4707A7E59801D5A
T=0

[60]
S=$1127FC
W=-$13F9F196BFF5496B4184780FEE1FF914D7FE97CDA430B36A431E8F8572CDBECDCBB7827B34D03D145B8413F87F47ADC60387C26F4EF35BF181C9EFD4453028A0E0B6EA5977A65804063413853C68490E778A9684443EE2A3E6C3B39F9DD36E24AE54
J=$3FCA2F663685AA91DBB18FF02905DAD6802904188888391157344402F8A1A2BCA1FFDC6BCDA941BC9138FF0C8C07274C6EBA4B7D694AD06008544D070CA88C661B58929517EEB150241910E7560DC238593BACE212BEA54C42AEEAD1824EE52940DA04AA6C723BFEA83CE23F31FE5A7F1B943EA24E767F32E41E3F5467EC01251F2585341B753DCF0040B22CD461AC226BEEF70EB3343F5FDA025E75411265FAC159004B1A07763CA08A71D332AD08E01E26B378B0A994EC012F69BF33883D25EE7B2C
T=$4

[61]
S=$1F37CB10E
W=-$1300984424C800B2568E696809B6BD3C951B3742F83941794E68A63A93EB2B0FC53B3BEC5D6C76802B5CE55BF36A0D927273AD8B0FDBFA765DDE47798CF92ED06366443E943C2E2AEBDBBD6A6BA12AA552A775C10AB0C34A296FA629F9AEE6DE2
J=-$2D9D48DBDE0C0BA3BA17AE3A6AD07EA76F8ED73CCDE9682B89CAF972BC7E04BEA22C4DB34C9D86DFD7B5AAEF9D0AD9A1E30ADC977D5A190B876FAE1DBF4B0DD1EC8DD77E9174A95116F69D0A5B63713DDE53E58375E492DD541F185C2B8C255238B553CEBA57F444DBA7E2D26DFFE2FBE996C3C1520233FA352C2A31FB13252DDF5B8E39E14328B701700B65C46E58681E9B349574ED2B17AA72DE73427F559FD691A5ABB68FFACD7994EF600F8439972961BE650FDBD2A2AB1C36EEBD92078D1
T=0

[62]
S=$C5379B2EF
W=-$1BEF2973799906D9B3799FC6525140636933C0FA522F9C6D6D63CC8E8394DCEB58355D5E6F498D9561E66BDE42D37C944875A0F893AED313B722218244EB58711539C7D76ECBABCC8C4D6844C0CB64FAACA6EC4644276B453CE6D7032B683
J=-$235187FF200C86F8AC1D4A1FC6FB3BAA3D8EE8F0CED9D0CDD5E7CC560EC360E8B2F58DDDEE9D8AA87234C3E270DCEB1728888402703456DD7D7E047C2CEE12AB1A7CE8B46CBEB3537B64EF8BE433916FBD8B2243DA4B9D38E4AF7A939A0A8F173CAF67431A73FCAA4634F155CAA1AE5C13B2332D8F7157E6B9D26E83A0D5F9B883E7687AAD4B572847A0CFBF4059E64869201BACF6D2D8538C65151D0CFC22008C86EB9E714539FCCC8E00A90990DD27A9360B25540CEF4AD1EF2B16C
T=$1

[63]
S=$9711ABEBB300
W=$101A51538A1DD1EC58C49726B5E4B8447DBBB6F9E7EAF6350C3FC7B482363F88CF2AB6DDF461CF2464BADE3AB1F323ABDA6B806322755DA6AE932B31B214FD71A959450D0CBAD4E22F293CC8DFE48F1F026F77303F5C2E615D319F59E
J=$D6435C26D5F62043342F0ECC8DBCCA22171FE4226A7ED78CD9BF19481D06D32184064466852048A784517D48EDE695B38F57038AE81350BED64F178F6D5E784A8E9A0092F7E2225C82B936188BEAC9C217DB779B621C0E35EDB6EE191E079CFCAD2F6890EF85BEC11C684A2B4F7721C46D03EEFB8BDCBB699B8FC56E50B7EDE8AA74493A62CCC167E9B70D24CDA75E0A9082F788C477A6530C2800CA2B14E52A9BC9A986F438261984156B2D999BA36CCBC2A9F580376E6
T=$4

[64]
S=$1AB501
W=$CAD851558D5FF35757CCDEAFAF96BF115DB91762798BAF27D5D6870B6533968879052949C4C6B06D17CF2EC1DFD953BD4F5E61FBE65C30F13A839DEEA6D1D020BC1E7FF1FE4AC51B44260E54AB90A47FEAEE82EB11346CA4B1
A=0
B=$D
T=$2

[65]
S=$3E330416A
W=-$64B8042D92C032843D281D84AD578D3DFE10642EEF02C699CAC5F9B1A3360DA54215A3A32682D9CE8CC8C2B98D7A4042DBA89ED077EF07BB24B2B04881D4DB517AB8BACF968F8B315F639967DFE53E7A98DD55AD793B89D6
J=-$32093631B7411B8519E12577F880EE7745408CF82187FD7ADBCAB741283058CFC4B81D47CA595454CDF646916A3EE57C88CD67D65C2998369B89CF27CA68497EC31E3B7AAEF22ACCCDC8509031D316265DBFF8650541B44C0307F3BD39A94DEECE6C7E3660EF22308D7BF6EAD66893B0CD9AF1B6012847BA9B091141D71DFCB18710D1BF2922112B112A65CA48E21FE53394B43EC1E3706FE8185CA8089D14F4250C0A22B4C152A74711278D5AD5A9F
T=0

[66]
S=$AC1624
W=$181699703E70DBDF1D00460B4864F483AA4B01E9FF01D7760A8BB1AB67E5923266AB1EF91EE4E043DF94DA901DB77D21C2B75EF5DB5D55E67A991F8D0AAC9F24277EBCA8A4BE07FD04054957AD7EF078601B28C01ADC
J=$1C3F3797BDCBA9A270CC594F871B5B8A2CB18BA017CAB2949881A582EB0FA6D19141415F345048D50D5BBC1DFEDD7C4475F6779D5C52B7AD6B261DE4434088D58919E3B9BB1B5D0913DA7155BD59830D34D8E8791958D620D3E50EC67A4BC8A56F84A24D8267FB30C3D9AEB2A30774C41910F28AC68C746D78CEC9312D1FA996AE695FF16385B2C24BB886133C4359FD20C6C3A3563D9F51356F0769A8AB286E38D5259A64BA2D6CBE5AD0
T=$2

[67]
S=$2D54B0
W=-$26E1A1E38550EF4235A6B621A00B6CA9C614EC5B475E05035500A4F9B3B7EC8CB328EEEA5D6C3EFD1A7E83BCCE8B16574ACB664E5131C2F53B9CAB26C9165244522402E406354737C698E61F2B2C6190BE310639E
J=-$AC2984F70D0C9E877E7C71C41F5D68712C65F0F129B4E8EC090665DD3CF12946AA9B73BAD104936447EBC13F8F3DBAFF36A1A7804CE37C0836AB72F24A7C941CB7820881A3D10C3DA95C5413A76D0BAC4BCC930747E06244D369709DF3DE2E4FF80A582122674ADACD450D0005DBBA66BF05825FCE44F661A225AF51FC99D20F903DB0B488A9CA429FB62203D0D02EFC26A2A5DD20321D52F9453E9C491517DED438E9698AEF8094
T=$6

[68]
S=$56F2CF
W=-$4398DE9E6416E9381FF562F483A924126A7B7D071D381EA6F2460FBED3B7ED0F3826541AFBAA4075EF0B51A98331401789153ECD07E68D245D1DCC9833127FE22C8FEE056331C0E31770F0E3DC598B5FA81DDF
J=-$1FB2E37BD3F815E98164F4F9964108794D588FC528D61EAFB420BB3D17E5EA6F1E48F9984673F52E7CAD8E8F0F57D15FF77B5D6BDC85548E616BA20FC1A89FFED99262C93507896C9E8D5F84ED250AE063E631A97F09B46DCE1D67ADE2BEB325192A261F8773F79D7D128E81F68F133ED1B896E7C50901EC4FCE5192B6E9DC421402AC28E35CA0119D5E073B3FB53684492355448DCE028D9E4EE4D844DF9F12A8CE0911EB7
T=0

[69]
S=$1931AFF
W=-$B93505947961F50F0C8D5BE00E449C240C739998C3CC8B24C9830AF697DFEBE680A7B5B948CF11A5D80EF440CF0ED83A7ED747B0547E41B7AA5B93E4B7AE002A140B4C89EE8819ED38CF618562A4E8CA0B3
J=$F40234785875CB9EA561F92EC45BD421198E112601854184B8E278744D44DCCAD9149574761EB26367A8FC944B3F5FFBBCCB7C0D9A0819ADAF844EF28C86598386FFE1F32040BD1F300DFC86B3EB70023AD81AADB7823A4DEFE00AEEFF6C53EDB862370DDA1BBF0448DAB6E6CEFCA5D4CCF6CD3575E4B12F9C2D4129A8FDAC1B7184B626255916AA6077132FAE350F614E187484FB82AE994B5A5C2E768231F5C6956
T=$1

[70]
S=$14FDB3
W=-$CD3A473801ECE755B7292DD1EB0D87B4B9F0B14A1DFAE7A8627D956979370A00A47BA2B4A573EAFD03CDD3E4DBFA4697E33170E2F851D3B1CE335B65E39A8883E01D56691DEEB96AAA3CFB1ACADF9315
J=$D01CBC6B47985A833529D8F822630E06825E9EB84B91AFAFC335D805EF1CA64C3FAF3713AD2489ED1393151B7359689750F0565071FF616B77396D87D44C578BF544D2796CAE6D2C24964755EEEFFDDD9835C9E009F5E29FBF6720413877AEB7FC0279F1D153F415833176510164EBACE125D2E71C567FAD637FE52F55E28B3ED12AD554E765F6E242CEC0BE482892ABFFC4FBEC605A8E6C6C8CC0A5380A360
T=0

[71]
S=$198A7B
W=-$2807363EBE674AAB310CAAAF32AF31564589748FE0CF98F032098555E9926B2C33007DFA55A1391B5E318EA905009C5181C3509E71DB40889961778E86548E924C2860685E8FFBAE737EF603A696B9
J=-$F31F08F37F942EE3E4D97C5ED2DE32A7F63A54767288287FB4D3254E42F629C206EFFA2ABFA42DC0DCAB492EC0C0EEAF4622D1F20265D525A2E38D6B5093F6C769075A9CC2663540131E9664FCC48115E09B41B74DCAECAE4A760E5A7DA6F13EE6D4CD56072575B33C49733C1EB6ED418D45A8C31005DF27FE6E213CE2CA5AE0AA474B8656B4C2E48874EC6284E773A350910F69634B556B77213B3511
T=$2

[72]
S=$333C90BEE3
W=$7BCADA1623671CF82248E59B2D8EA981993B6016EDE7AF65BD85B791A73F6D7664A13F13259C8E189D1F69A4E426B45AE3D2B87A116BCEB0511C64580D6C095C4D0A636007EA218C38C8897DD03
J=$337D17786117F708B5B9241C749D4E4792B6F1E4725F4B658775A024E4E3F5BD929D994B86169DB99FB684445CB90253F69A0C6E3E6A07AFE0B3D75E3E921BCF5660EBDB79285ABC3E6AC3968879CA971DBDCEF39E5F8240E340F7353EB8E9E9EACE104767D6925738DA8B7F3431273197DDDC5EB8503FF6DA78C62E94D93D78C7BF5F14E1CFCA48C7783DBA09B7F2271E9377FA71E3D02175E55
T=0

[73]
S=$26C986060
W=-$A75727D60171146B7A5BE173BFE0613FF5F81305BFB5EC85C9C77767C557C9F8633BB39A5259B1CD28C24EC5FDBF53813AA2B5FE35FF67D06DCB0576E2C4761B5B149830AE4700E49A7584
A=-$23
B=$62
T=0

[74]
S=$29601461
W=-$97BFEFC61CD64453FB94003070991AD5260FA43B05ED6CC305A366A03C3F486083576913292AA43FEF35ED246D8117B1349DEC6508C582034C41C7CBCDB83AB5F82A1536E295CBBA11
J=-$C9CFDC014DBFC0FBE014EC83183AA328C69273531530B299D461F100386E86CC4C27B32D10941A92137F29AD29FC4BF515BC9B7D1E024A48B1D83D8E3A36877944118F2396B9D96C6124C7B3CDA87CE5DC02EBF013FA52B32952EF1E51DEF00DA955E3BC50E6656616340251120BBF9A3AF6A19701CAFDA7A820860493ABBD860E8D8ACFBAD52C71327C1BAF1561FD18D2D
T=0

[75]
S=$AA755DB
W=-$1FD88921C090CC5F94601F5CAB46A8D468B827C8458D8573A117DCB9767BD597E6C5562D09716F85C760A7B393FBEC13EDE0740B5B12F343BCBD9127A2D34FCA520C8BE201A3647
J=$5388DF5930C82F61D8352E98A6B686A86D04FF8636047B79DBC87E4B3E73D0C1F14BBCC668393DFB7D96C4BAF2AA67557EE1593ECA29D6C0F7EC9BA06433568551B20E76CC0EA531DC353156F8049336DA1E7412E1A21AB6042444994D209DFD61EBE6FCF2C08E3603FC2DBD47597992DFAC9C74D461D783F1CFE5D2E30F6F11EB862DF616D78CC268F2C8CB9757
T=0

[76]
S=$7D12FE
B=$2

[77]
S=$18325F
W=-$CD55F7658FC1ACEE7D2898A4584B71977F5A61B1241AB6357884FCBF5B005B2C986A10CE37A3C62586E955A3E807AD788145C6F5C3CD4BC45E8F6A0181137BB2382DC4E1
A=0
B=$7
T=$1

[78]
S=$B620E0
W=$2D772548565BD3F2802D1CA36CA42466F3FDBDC0D5D348D681B4A8172635755A47B0EBB8AEEAA8EE61831CD49BF210247566623BCFF7F9737D5CDAFB3831E840F336BE
J=$185D6B6007D8417ED0ED27424572656CD20C5303C682E979FE96FA3C5EBAB1C4341B14BE4FAFF17AA2D02D5A47C0D467F4C729A99D4FDE0D7AB7B012AFFAC07523C9B52D1917836B4CC32096CE614B8F15C342565AD473F7A632FC7F71836068B29B8C716321CB655165DAA022F11545C4DC8D0077CB6232BAE2F3A21ED9B83F7D5471EC6
T=$2

[79]
S=$417527
W=$2DD73A7A2F9F99DB4E66A3A413E8C3BFEDD88A7DE7819A005828CA056B21B0C269BD5239626278964E2F0E3E47ED1DC6E165B56AB670731AFAA6E595723F8B88B
J=-$5892445C3348279F8BB13EAE6C149A06DA6BFDCF75886C4BFD6D906BA5E9A1A0040345EA828AA0365A3437AD87C6044ACA118556FBFC00444FCA09531BC574EBE2B4EDB277448231647962CC2D48060EB3CAEA76C8C9BBED618D77B0718DF38ED13394C4041CB77C44FE7B7B318FE0362392F1530EB39410F664FF1029D9B8ED5DCA
T=$4

[80]
S=$3006C74
W=$335AC73E4543E436A0559CE75AA426BF550953B5BCD7565C6DFDDD828DAC8803445F918D9F22E755B5DA94764350DFDBF96D1CE73DE49A98A939B584E8E693A2
J=$3F1EC8F22566416DDE656C94B020B3CDFD930FC18CE1E32E59A733E39BA0174E83FA06646777D2C15E3F8B76A6A2F7606B6E4DB25FDA2B7BC0C7A30D00311BCAAF290B4BC2E4202BE60C94469E235B178352070427376C9B4CF1176E225BCAE2535D4A2B6861F7C3B97E599A1B5E655C818D0350A4D743099FB5E1F4D9565E3
T=0

[81]
S=$11DC41D20
Q=$3

[82]
S=$14BA529DE
W=$1170E10178C00D2913F0FE712894D14ACF48BFC125B6D5202DD30827D5E18042C9A508E2F317D63E37C9EC97BA882058B29BFF38F5B2A46F24390050C
J=-$19E2DC4D39766DC9290E5F531725D7FEAF1EF9FBC95417FBFA44F5E8C0222954FE18CE941201E11D76CAA8363A9D3A6F7883C5943DAF5628F70070352C19ADFCFB72241E6B6E8368EB173157BD9FC0C09329006BB869682E26223228174EDD40A71A960DA770294D2AC8B68D4D4AAD92C68EB80AB82166E46
T=$3

[83]
S=$C170A59B
W=$1C8B83AA5C3EEEC9526F7E2A979138D7F159965E4B215304CAF5A347A98B794FAE56AC24B3FD7C84671D36813D402567E36AC9C7B64C4B9333159
J=$F379D7F212640EB9CBFFADDDDBDA033ED9E4E47055E2570F7D777C3DEDBA9F271F13969292E7D24D5BBE317179FA70C9FDAD1DACAE069E499A180A5F8D51F06903ACDFDFFA5292D5C4349EB642B264EEF397A6F272D5FE03335B1BCB1342970CB4A7DE1F16765C6EBCFFBE07929D92376FD3A6C
T=0

[84]
S=$7B433
W=-$144CDD425C52A266ADB6A87B5A91DD85E7C995149032C1CCC37BE64F669730E25BB97C40E5F00D99D3B0E69B6916F1A62104AAF18B9DBB4C9
J=$17669498D485511D16F62DBF15EED77011F73B632FD1EC9E7A5D676B65A1D7269946A65E419103C9A5134A7C6A45A2CDE36C1BCF583CE0F03B446ECE5F7E12379311E88CDE43F9889C654290A75BAEF4468368046D57A55B419D0D01AAA91A7F9CA44E5D3C82C809C778FE36295663681
T=0

[85]
S=$1AEA42933EC
W=$D9013B69614D14A19AB2052ED89D6A33EFD9BEBDA7120E179BCD4A32D6CE1AF451C8526C64B048B63FE885C77F98149B0F9D48827F106C
J=$24CAE4463EC0B97EBB273D0C65142BDEC0F85E6C16364421680E5582DDC755BDD998459C8195779B5017C0A30609C6D3481AEE9917B11FC3653C0F3B36F0E3F1A3EEC713EA2C55761505084062FD536188C81A2591B7B8CBDB683EC98571C7F4C0ABC78C67434C77B53892E5B6D5
T=0

[86]
S=$3B87E41C
W=$474EB903E161283C970AEEB06093F03CE2DDD6A8A6909C4FA598E72F1A2E7475FBB1289CAC19AB49D9D6161047F1C7CC5F75B4D20
J=$5217A784B74FF574C912872ED042C5BAF647D865A983F081B2FA6EDD1D2E66496AE0F64166C83153723067C6EA48924AC6299C3ACA3CA63EB8BC1D01492CD6D91EE55F9B73643A2C775F93300073EE71314988ECF8A7751628308745B1090C5EC54610C7A329B3D30
T=$2

[87]
S=$773B00
W=$10084063FDF1F1B8F8BC0520003E58614E0AEA9ED057AFBA90FB1BC49FFB45FA45643DE043D853632F426905B3517093989AE2
J=$195291E38CCBED1AC1DB210D433A37A2D958CA3C9D00E6DB9A9878FECCD42D2B673D51BB3485DE24686F738463EB98C9DDF48E9527598630DE92B8498465B4FFDF0BB39D2B1BF09121A9A2F806B8B7C13A0DA6586DD1CC82A0ECA6FCDBD50BD4ED23EBF7BB
T=0

[88]
S=$13A1B8A78ABF
W=-$107EF21C1E7CE3DCBB37D477F02CE513CDCADB0527506BC30D63F53EE7227F91835C92E7BEBB9CBA3D7D8E40167F18B7B1D
J=$4FE966D92BCFBCF5695F8AF9A83CBDF73997ABD353A462573BC9EBFD5EF01AEC0E9732E97D2501E6684DF4A25F9E78113D83954F48E2671145CD6178FBFFF5D4ECF633E7382B0400FD733781AA5218421022A3E5ECF0A4E1598DBF517ED2E884BD76
T=$2

[89]
S=$3F16F
W=$ACB53DE70FF75102B3DECF524B2B021E3CBEE3EA04BE8C72B5E139CA88495FDAE875A0854C0984E811948535DB8C7
J=$5630B20C8EA7996415CA7C03EE91E11AC35334F36EABCC3328933C899A3F6C6EF88CB62C4450F201DD39A1DEEC8A5B887B1382F46CD9E2D630F7E4D9446D872797C66388E2BBCBD0145830F138847A2392C254A99992EBF178CA1BEA9
T=$1

[90]
S=$1EC189
W=$548A0298B3229585ACE13F2739D3C04ECED7EA52692E2CF0E764253C6D439B50BF1B5A2C38009EAB813A1E32257
J=$20D56DED258CCF88EE31838326B71E5AE3DBBD89DCA32A7615B3EED54377AF92E80677C3D5E8B9ED80432C9D8D6B769C77F45097A993C1DE2EA0DB5BB04C1CBFD28FFD089E770B4238DA0161B71C84731EADA6064A3384E9CC1BA
T=$2

[91]
S=$14D3D
W=$F1E47B28C3710AC0853E18EE9A622E8229B6A87684B60739D8C9E820938A3B0B43B2F69A44DE02292CA1E815
J=-$1D940955009A11C0126B4A70E8846AB8EB1B96305C1D8CF1DF10615BD955758A9B3AD2E1F55D948E09686E42518B0C00A628306C000F893372CC45960010C702E01956A3E43A081C65AB1B4207C35A41A35565FD062B68BE
T=0

[92]
S=$3F653FB
W=$62AAD39BFECB6ABA9ACDEA9A8E7E9240888F0A18736C0ABB6FBFEBF967EB766A9D554EEC599C9A5087EE49
A=-$98
B=$2D2
T=0

[93]
S=$28
Q=$3

[94]
S=$248ED41
W=-$71DE6E76C3D794F3C2D940B69DA2E03D12CEBE64BF77B5664DA4FE9E90244C4CE7F276BD2751B33DDF
J=$205082A0CC5D8CC8932805CFAD5688E97E8EF91158FD44CF4CDE37ACE68E7FCC5D8F48764985A9216758610AFDB2BC4CD446C4A0ACD06BC222AC27B722EDF6B871C8D9570F2A5A3954F295EC67BFB0E3106E
T=0

[95]
S=$9B875C
W=-$BD280D02077BB3E2DBB141BF2B57D4787CEE7FA9D9DF4F858C0BF2E8D9203C00AE907C27491AFE8
J=$11B67331890A67F083E6A58D51E59864B6040A61E4187C082D5E855716904F6D3FF3A49F14D4BA044DDB5C0F4CAE52F50646CC7F0B80DF18D130F382E9F9DEE1B8147A4F1358840031E496DBB6F14D
T=$1

[96]
S=$3D108357
W=$CE02C1DF1B09B24D00990C8CF1F632142844D60248E2D20F7334DCB3332300A6B3F9D34FBD03
A=-$98
B=$2D2
T=$1

[97]
S=$24DD2B0
W=-$1F8C9F908D692C5397677583485F0A3E121EA94D3C3DACFFD80018A7E51664C726A693B02
J=-$490C2B7FF3305B04C8612226AE7C2608F898C09569F4A85E843D55C1E3B13E4EE0817CC45F2D3EDCD4E35FA02C21324DC24357E362E50F972999B67E5E0BD18350F804CF80F14106
T=$2

[98]
S=$D528A7
W=$41E6915C97DED3C4695442C401A7A30868AD8F587C8D1FFD504B45DD9E3CE836C786B
J=-$2AB29C8F93D09FB66D50821EC3738F6E10CEBE6C93822374BDB858AFEA7E1A4D26A3D20D344E614D2B9050924477997A3595C4CEA44970D1642CCF66883EF24AFE1375593C
T=0

[99]
S=$88E837B1003B
W=$BEF03795AFA235F5E2DF63D49D13E66E1F5AE2B632E4FCBCDAB4170E958B7E644F
J=-$1C7F11FE5ADE087DE5AA30A9B2EE3A01D9B68AE03AAC36211DC4F4C6CDFF127790319ECF6C429E1F83CC3AF1A380DC5862B67391005986BCF730C35A96F844E1515A
T=0

[100]
S=$435F59
W=-$3F3E058AA7A5EE8D52A881ABCCDC4BD639AD9B3F88679582B7E5C0A0A25B
A=-$7328
B=$1DBA42
T=0

[101]
S=$2B59734
W=$3C57B4D8BBADD45D5F5A253501D16E2BF0BA25FE2B0AD5D80584597D38
J=$6B5A2ECAD1C8F71C16086D5ADDC522FC356AD94BF1478B1BF27DCE642D12A492F889A9B25E854692048569B84483097693ADA129867403EA57
T=0

[102]
S=$88D74
W=$1445B9C6A8363C2F475CDF07D076C1B14426337DD4A778E38C66DAA
J=$20CC367E72582C9D218D8B001C918387B5995370D24ED9EA91E27EC70E3E8C2F8678098D2ADC667B7644EDDFC505D98D04B8BF16B95A
T=0

[103]
S=$CCA3294F530
W=-$B435B15867B1407488B19F216BE34C5CEC98AB8387DE0AF2758E
J=-$13C23C5F4A4D7F6CCA689CE57B1650CA8BEEC8DCF41C3E757AA27744DD5868C01FA06F66FC3E536D67485F4ABB733B6F832A844B
T=0

[104]
S=$67CE484
W=$25285F3F86A03450D92FCB8FD9FFF7FD0928CD294BE90F2
A=$1
B=0
T=$2

[105]
S=$3F410
W=-$AF79EA6025F16612854764A3B594626B3DCAC737F3E
A=$1
B=0
T=$2

[106]
S=$230D90
W=$6A554C30CDBD93DBF8F7CF9579A3D439D6EC2B83A
A=-$23
B=$62
T=0

[107]
S=$2412EA0
W=-$12BEFB09D752EFBCAB2BCB6CDF5AC4FC594C316
J=-$4A88EDD06A604D792BF519F302745B56372A65A7B2B1E160B0F5171587E5770133A74EEEFBC2
T=0

[108]
S=$1E
Q=$7

[109]
S=$6
B=$2

[110]
S=$549B8
B=$2

[111]
S=$826CF2C
W=$A5D376E4F3F9BCE522F203D045DAD500
J=-$76F20A96EF1E9259830FAD7EEF7E4A6D1BB2E26CAF041FB5177173075E48DF
T=$3

[112]
S=$66D9B0FA37BC
W=-$2CBAFA0FE2551ECF0D1CCE34F6BD4
A=0
B=$3
T=$1

[113]
S=$151CED3340
W=-$5A2FC83F42C45CF0A967E8E
A=-$23
B=$62
T=0

[114]
S=$9E04B9AC60
B=$2

[115]
S=$49B8D6C4F6
B=$2

[116]
S=$5AC375C0
W=$2EB33A2AA
A=0
B=$10
T=$2

[Signature]
1=$52085E8447CE62CA21D3EBB6183C887DAB97D70EB09A67AB
2=$D2F0E288BA278D14F02B173E2F808B8DFE4771E4B00BB6DF

