[PRIMO - Primality Certificate]
Version=4.3.3 - LX64
WebSite=https://www.ellipsa.eu/
Format=4
ID=B497703821324
Created=Mar-28-2026 04:23:06 PM
TestCount=118
Status=Candidate certified prime

[Comments]
Put here any comment...

[Running Times (Wall-Clock)]
1stPhase=33.74s
2ndPhase=6.88s
Total=40.62s

[Running Times (Processes)]
1stPhase=191s
2ndPhase=49.77s
Total=241s

[Candidate]
File=/home/lappie/Primo_Batch_Farm/Titan_Group2_Prime1.in
Expression=(4797791281522654273515)^47-(4797791281522654273515-1)^47
N=$616BE0CA7727E98E56322B3AF8F4780611863A2D575AA69419286A4893D90CA5674A9ADA9611E34600527AAACE8F9E38EF5AC05844288491AE79796B8268DC84BC01898EDE621326DF1BF61B4CCBBCA9021441E3D0DE7C768D1541DA0FF6AA3AB4ED31FC3080616403BC7FBB46B75E38A15EE87B178C9D603BA32B8F02457147A6F6A192954CEA5A2F8794744DA77BA9E37F67BCA4917AECD77853F78CC3237F96DCEBEB2F8F96A1CAF042EA67CB9459AB7722B6158BFA8C85D301CB1D24821ED22E0E0002A629E0043ABF1D9C075A99FFBA5B5CCC1EC884983AA68E5EF1CADA01A178EAB03C4C360A8D3907CF32D1D35825BA30F0789C26E37EB3A2E34A03BE8D9A894510B3671387B1B42A4A0698C2B8115C8FC15F6DC4B9630364222FFC7CC50A7B43E07D689BF7553DAEB6909C15173C31A51A6299E028705B56EB37A2B53512785CEAEC9C343829EEB0F647B1E88689EEE2AF904FF69BB9708691547FBEDEDFFB09AEB550933046C9E7C632C26BB83EFAB36B55DF96A1C76499B85C10C3C38030E461F057A81DE3DD2122949DB46CC3F28A0F3CA98E2A88F194BF6B83
HexadecimalSize=830
DecimalSize=1000
BinarySize=3319

[1]
S=$67C533CC
W=$AC62B4A6A43274177414D37D4AAD9B18DEBF5827972E84C9F1D3C06B7F22C2EC0888EA285A8C9553669CBEDCE22A34216377357D46949F7E51F8598C36A59B6CBD5F6ADAC052A597061C39704D2967A1BACBF0B07DDDF5475FF8FCAEC7F25356387BF8567B5FCDAA64911B49C9CB8E9FBF53765EADBB80203A241908D9DC697E16C87EB1B86E23343B449C1ACE1C325E881D7F39D6F0716FF031F50502E3FF5E798F3217D811CF888E756F1B3BA131784A383E77FDA15C7AAE5F0BB708844B3900534BEF327F901EBAE00AB64D5B9A0
J=-$28E978A019DE5505CDAF4C1959D9E884C7B22F3CF30B82F8CFC4B43CB8281F34C4A694F519393527FE72D083819F66D7FC22CE3A6726077B274767C4551BFC5BC7B7C49B8701BE6E2EA83C015E321795C6BE38797F682283DC28E06D36F6E4049CD81D8698547B3892FBC9B2637A40BB76621D590E284210BD2EF5B597B5700E761CB0F0A6BA3A4348C67EA7180F43E9F0AE564CC67285FB04086A2FF2A905F88917E67F0D7BDCCAB50B46922F53964A1B4993FECEF2C637526E862AF79387962F878B14F04A8652DC9841D001589F54DE20B9FE198D4F24C08633CEF1585B90C356BA3DA60D850615DFE555C48FE5428C9FF288455D004C5DF9E327C518CAC10661E0D1AB48EFCE5EB02FF9EA3D3384A430029FAA4FB3E081F6E4BA092B3C98C4CCCDCDFD00ED08A02738F20B22ED207D07675FA8769FF92F16FB365B1F7BB3C87F80F73054BBC709D98D7230063039A3F3666AE24717F6E17B857332502AE4C8EA0D979261A9C352C5EC51D48501CE80BEB85AF7F4D4BFD36296D21DD0E4C8173C3709DD3631952749479B1D8E870CEA6EA5C6E14AECBE04708C1DD048C
T=$1

[2]
S=$56F2F3A9C
W=$16E6FACC124BCC28DDB94786689A37FA107FA06019C78B6903FE9470A86A55743D63ABDCA9D01706E22BE2AB522FA5D57001C472F130B8E7B037B6CFD829C94DE31ACF9A8E3F94BFB6184B2113DE4E375889CF40F8C4B35B0F38F25157E9E54164D4C8B1CEDF553FD8F83BCAF677C9F843D135968644E0F1F236B7B3951EC84179827EB672F66E7868FF6257CCAE0ADD2C524F4F5AD7F1FCFAC5942629400BE244EC7001A0773D721E39B1B61EFB7FAB01F454D94846409BC46686415CF619CADE7C8F5DF6FB2F201F758FE0D4B8
J=-$6CF46967CCAD079D056AEC2BBBD2B51788E1AA8A30D3169B9175569842B7288DAEB215C358109E36BC98DF4A738BD988C33F64129D9C58C026ABA41C8C3C9C1882A0C3631784D75A9BABA9C0F35EEE2C018279F2617F0AADE500F89C15FC0CE832841EFA7E95663022181EBCB6746F3440B06560FC7DBB310FE8AF62CDCCEC38F2CA35BFC6B300A8644A97818E1CC094FADF49E87A0C62E3D6233BFE43BB3782F341D0A7D7638F5D42C0E7077AE1EE1BC873D1DA3EA9BDBC056707FB0751743D913B6CCD054636C307AC02840C8FC40F8DAFB51638E2F212D866836466471A1A605459D0B7917D665F5C0167F300116A2BB7DCB0BA89D0B4395D0658C8349D3201DAEB9BAC22C19F4DD3267BBD4DED8B50932BBCC794C45DA88B573662706A1FA01C23672A9DA6476E15558872829757E43ACBC74862EB1B29B73997A83FC5A3310539F8A84904E3309251471A62401F08CF5933723371E3943B75F33345E8BF2BABFD5A50A897C65C76C1C7412C527F4D7859619287464FCFEE556FAAAD42FBD4495E14B0ACB9190CE026D01796E58FEFFAA43394C74E79036338
T=0

[3]
S=$9C3915FC
W=-$D14215EF072BD187C78DF05201BC454399EA7243DE8A8DE0741336172F16BD0D121E0A1366FC067057AA32CE2F5F95FCC5B091C8AA463750BCDB9B36C0175878E552BB9D7F083326C8C557CCF5C3DDBD8FDEE855B1858356CDF1441C529E7DB27CE2367DF7C875E3D918650A5E421F04BF33B0F07656E9BED907EE30C105A4D6FBEE4CF0A8E9D281BFA6192D906B8C460170D80A7A970F9D940E89F3BF1D0E4C7294E0419737093B9F2E145096B843F9D796243145D386D7069DA1A34D2FF139225EC9B35A39952BCFBD08E
J=$2684A745BB045500C28F6A090435C3515CE80D9A519942AE7CB00D288802D91A4223797B636275A390E847A58479526646C11D7CF3AFBEA8FDBC5C673D037EBA50C9507C61BDD4EA2CE4F60BD1DC7EAA572DE8D17E34C9BE1C38964A04DCE722DF4CF74F7ED74AAED91F072F1E01274303171A8CB468D6CE08C7E0EE98F6E52BDB6D1F9372F0C7D1185818E5012255591541EEB1769967BB4BAAF4ECA825860BDB8DC4472B3C71C4C31946E2FFD86423B833DBFFABBA9AC5B90A8FEB65FA9CCC6F1459143130163364CAC0E3130268ADBBC6C6BFF770B66506CC58F359D4ABE06A7899EBB9136FBDDC23DEB28BD2CDC21BB471FD60D780094A569D8B3A93611C945F5D34369AF0C46DBFB3C3D7A334F9FBA4C6BF322234DAC62AF8C01249E4B32E31439F57FDBE73D85453227B2CACA5181E66051FA86CC54FF45B14F80B676CA628A49C4ED743343B9979EDE4045C5427F51B291EFB1E294658D53CCB61FC81BA8859F287C2CA30C5419C4A6467F1BC3249B6DF91CFFADDAB52922D2DBF7254551B534448DF29CFF803E2CFD12B041E5E95DD896FCFE
T=$1

[4]
S=$B7A00DB42F
W=$E644498144E51B3A95ECC843647737EAF495A11D3CD95A1E014DF680F57845A5FB970BE006A734A7B59C39DF602461B91FA8DC6392E973EEBC66322009391CAFB8EB4A030DC5DF1B64CF52683A7B968B3E5BDD279A1610A87C6436921925757BB6D29D8170D34A1914F9DB19B1D44E2EB94F2B16E3247249E7D69C234CF49FD3001E514B0319E0AB4E4200D15648433B270A8899787F292DE04C6B8E4B6CA6B6E960DE8B63C2504DCA737BFBBA65E5BEA0A1F2F658252317A77AE3E14CD45D5DB7115D6C2ABC97C4F9B
J=-$F5A081E13793C0EA3E344FA76329FB98B68D5A4BDC08CBFFC8DD2F312283FEA336DF91FB951062352981FBC4584A1CECE256966699DA8E3E096CB32BF59E6EED0A776D767FB81EBD83CD3D3CA143DA0C43D9B82E6C1F19CBB71942917C719E04466FF725CA8EE81E0FFF0FA094C3ED34C14190277AD5F3807CDC4AC57485A9747709875B6FECDAE76E14696F4F680F162DD7F64066B0D48EB0A6D8A7B190853B3F37FD0E46D380945778DEA77AC88EC2D07CC93941100D07CF474539DB32297EDB453180CD8EA44B27428E238A888024E71AA63D033EC5EDAD17BDC35D1000C73530C1C8462C1970C32E002F674C0DE3C142C01B285C1AE9E7A0647907F6C66661D6803AFD8304926650AE5AF9B43CB6AAA0245528D1B6FBF4BCEAE8EE15AEF4DC11F90F907E47A4EE4AD092729C5A780F0769564F28BC40566047AD710DB06872C3407DCB77B8D2188AF5328E12531B1B17E973E9873D0D15E809E5497B4834DBB2134EAAEEAB1E448CF669AF134F903389C5608501EA2C86D60BE300DE34202A9903E2EFA8F1B017AC5C5857A025CA97C5C
T=$1

[5]
S=$103B06C
W=$12C7BF635115FE35AC5F198B2C12750E7F780BCFF0BF319EAA07F3007ED79E7ACC0A403BD185072E6CDCAA82A7262E52F1C63311444050BC32AD85C6E9D1241520E94BA8EEC1AE1D9AE44885C382E930B68420F36A773E3CF1A5123449CDDAEBFF3B490441941E6B2F9B388F696DE8F2291E65D10A709718C797F80E146B7796624F0771A8397CC19B67BED83E0476F19491E126EBFFF5EB1C2514EF193B6E0BB3ED022E7CA08B185FF90FA0DBFA41F4B91FF0305CBC42393F68ACF43E7932396CDF51F3AE708FA
J=$1F978BEC8E5BB583381716240D2F95ECD3361B654D32BB70B38FCBC3E2556B4CBEF273C72F647740918387BA4C6A5161DAACA55C76D20ACDE43C6C548235DB6D1E0AF693CBAE65E1140B386FB9608DB5836886496AD7CA6C94F518CA7B975F6D17F8D7CADD483EC75875C55D8EE3C3C61C2A97EA131693845EB304BB904808E2BB18CD1ECA7687309397317865E3E4A378DEB076E1FFF5CD991604151BD3ECAC1952CA26F06565149F019A8D86C0D9D4119342EBED89400A498D3DA3EA80851673174AAA2BC8656D181788CBA028B9E7BF2C5E2CB5218B52F82DADA4A76198FF54BCEC7B55FDF2660F0C12EE889C886B54E42BAC27BC30304858A03F98080600EE011BB5287D0D9460CD3AF6005CED22DA5BC6614A299E107F3EF5CD03AB707645837830D4C659A9BD30CF140781DCBD48DB4B58D197AD4156B385FEBD915D9A7515A1EA8678F5A3761684ADFDAA420149E9DFC42869F617356D6E985CB0E51DE90824B66418CD6D75050833EF3CFDFD62E67A1D7FD7A04530A4F77F6443D354089A7CF8B97C8FBC1E6C3278B03C
T=$2

[6]
S=$AF320B032AE1AE
W=$12335B37DDAFBC146CEEE667D39184AB6DAF089FECC2C3F3760F3DC1EAE75AE15AAA6306EE7F41E173C98C601984F65873B12502F48761995E7EB7FC08B9B63D35FD8FCFA3F2507C13218E9978CBFBCE281B5FEE51963D5B54E8712098705FEA3E08FC3A59EF5562A75565BA41C72BF622B669D8AB9ECE783ED2F2A124049A7021FC5831E7623B3E81CA51D978A3ACE5443B75A95FFC1576211916428BE9EB61F0865C1219C81EA39D2700CBBFF666678486DDC06E5C19015E1B199D6520EF13CBD6450DD8C2
J=-$11AD2CA0788B5A2FBD7567AD0426C610E13B42FFCD0E7907EE76C38497FE18525CB7EE698058A4F1D3FA8A910536E17C34DFAA8AE3E577EBE3A35B871A4240C0138BC1519E8694C17833C3E102D8D22F4EFAB16A4626BE75B454097FCB85AC8429CCB32DE54838FF3B5B3FA86F74A56D138D3C8CD2376D19DA9DE6E54F4565AC71D6863F35D0B2C38F24D09925BEF9E0FBBF097BBC0D960B1E070287AB2BC789A33A8988BADA0DDEE921B62422C742396F88984F67FD342BB5888880E63591A916A76A00C166338E9B098E60C655DA77D23838A41B0021689CF5998C46982B34BCB2B8A18AD311D9F6746E3E9E5810CA1A647608A3A40F810AF106DE0F141CC3BF0E62B95C72F6F03B423BE6A3ECDE4F4545DC1FF12F35746F648A52261E305695C2547A1F45538F77E176BB1668E9CD162E9695D65974D45C7FBD0681AF093A3AE8FA4AF4541874F9DD95A760582A6B12044D5A6AB4063BF8FE7B2028477DE5147DB08BE17D54D38FF8919C551D028F69D028D71D9BC02A60D6D6371C849835E70C325CBB7E3BAB0755DD
T=$1

[7]
S=$113B9E1
W=-$F82254A3CACAECCF299A3DE64D8A2A3B7F8BCDD62D6DFCC2B4AE40D25A0B9AE9C7DC4322133D8C7BCEA6A677904BBAB3234354CB4C66233C56A404F875B40F97F0845889883A5FA1AECA2DEBF3D50EFDD1322CDE48088D254610754DCA23BB6800DC9F7FACE299F5A43BC1E8085071F8F6B996EBA92D57A9E08C796F43962EFD4F18B8E0F74AE0919E6E9010836212DEA485DC8E93B16749405AF5E5DA2B168DC5F58614AD6FD1EB6E2133C40D315A146904610F3897FAFC698DD0E5EE8E29D0B1CD
J=-$75D1D6851BD033EEB77C3B8A4630D11AEE95D8FB0FC3D0F40BA681956BB9CAE9A2EB0E7DA35EF7A3BFFF86D10A58FBDBB080AEFC3B5CDB3CA8EAD402EDAEFAA756E1E56DBA5E7617615BA9037BB03C288E235BB7E2FF27BFAF64888A5CB21C405C2CE2899B4B32A4EA36896DCC2BE1F4162441248E6F0E4167BBE0679325076D7FC7EB8C2D09DCFBB918F63496D830F80288A2AD2C6F0F488EC8D6D29DCF0723264BF4093C1F9A67E7E4CAF480898227B48A03B932FEF5E6B919B1FC994C385C1B8AD1C6E668580428453FB0B19DA2CE0759333A8621D1C1D2AADA5CBFA8EE8570DD068B3BD3F23CC658EB9B37C00E55B40D63685EB5B37DAF82CB1A78824FB62A6ADB904FCFD72F976D51F577DF1C90C6724ECE5795318E95C28145621EC9D8FCF361AF66881A0C78ABA8308F44E998731FDF42FDCAFA0837CE1547D5983779013A0F72327B9129DE03E9F80AE8A537BFC5704B8C2CC821BCDF3AD5B69B99947209015594CC489441CED974A19546F8F92AA9DD1CE223D2F41A6992D6688289E93B12F
T=0

[8]
S=$3A8D3AFFED204
W=-$739BEC6417481D5709E5B7F324D9EA554551528B04BAC47AE7890BAAE0C1774219E8E6C0826E5E3730982A30932EDD0FF377D20F37CE5A8513E8740BDA2574DDAAD922B3DE97894752CAE4C4C9BCE3B0077BDEE01644E4149A443C66301EB694ACB595499E433C121B0DF9F85E2155DE860E181E481B99AE7F7E6E2ED4A408AA72F53F84C73564C166EAB3D8E1F34A2622BF661A81A8162FC487CF009D8CD15325A697B6406804471A96857DE1DE5A07BE7CAD0E5990F79245BF26D0BF539C5C6
J=-$1F92AE3F6F233612A29373D02129A287B40ECE37507D6472AAC4869988705ABD112F1B3608276690F416F98058BBE5C80F77D939E04812C5372E82BFEB3E5580E89DD621744966EC50140D3617F37D4771069CA76B08DC17E01DE09A07232B1DFF8409E553BAA498D0D95AB211D869A996E080FD1F3EA7BD039940A7ED1EC54A4BF9117215B7553AFF4A696CFD824E95B8405CB526A6FDD14351A37AA29463E8C07E0E76590743BE3E81FEE9B2997E89A307FB7795B385DC74971636AB201B62C70419A0A5D57C36C23990E73D88AA1A29CC595D3E7320D79B3F624DCBC08F0647569900851FB6B5D57D6DF3E1021C1084EB761D088BD3090F0424B6068F8AD3825E02CA421FFC6C22A15818A6EDBDE2678ACAC4EBC9651C72A34856EE368D7D419DC6ECF866412C5B9B7311656F53D9B129BC5C5AE7063A76186B4B3977DFA0F24085415E2E318ED2B6CB002D695803719E4D940952B9A20160816E2BAB7E974126417316F988C17761E2F6C3999E5E26D9D548F1DA4B49E439632280059674C8
T=$1

[9]
S=$4ED73357D
W=$A8DA687CB1EF3B5616DB27AA7EE6A3E0DC147B12DC4AADC2DE093063998E5B7AAF71AC3A26EF8868E9F0A3BF725F4F27894A03D4EFB4DD77FDAC4DBD2650E2893CA918DB533F02FD128F5D1E8E83907B1D583DB6E403365A2A308FD7E3236C85A3F7026E272C5F85DAA27812182BF48F2A3431D97B39875C94494A279DC8A557E27B8C572C6E8E0321959D9B1B13BE8B0E639FDF316E60AD630F4D8240581DD2260E961DF29B3E1FFF99725D74538B80B1D292315DBC21D8756AEBCEFE1
A=-$108
B=$69E
T=$1

[10]
S=$630E0F5
W=$29DC484F2486B50ED8C40EF5D7DB3E349E76EC9B837D930153D8C0904540FBBDB77492D25C76CB5B87C4BA08473885E6D5F2A60F2C1502B4BD2127667E6DED0169F267833DDAF21B469C004F7027A88E760735D003E4C585E7F9F776850BE19EFAC7069B101EF24107892946EF44845FE8C870D8A626F61BEA3C6CCFC0AB60C2F9FEAA22673D03CB7BD694CE573901FC8C9F7E769B9283826DE573AC6E1DDE2F4248F02D1B1D8432686C9D43864380A7A1F3BC9FC11E04157CC2FFD
A=-$7328
B=$1DBA42
T=$1

[11]
S=$206
B=$2

[12]
S=$464E12D
W=-$18A2952176276C916F8D66AA130A372E6F5C905C302D7042EA9118B7E0E00619FE3B5340C8C52E6AE0A0570C6AF805181FE4F3994A540ACC5DD42F88683A5D4665119E539268C18F08EEC6B2E39200A1BCBE00618DEBE13113943A9520FA1EC62078AEC1C65F5BE2D56D6E275887FFF4AFB223C9788CE347669C6FFACAC39D5639AC3D1BF96AED6E6A6D78F368A57629A19EA3EFBFAC72D4DB8A21F695150720815E1A136FE782749067B7CCE759FE3B8C4628D4471C03D5365
J=-$2DC360E155B90B75F6E780C2D6358A1C9ACDF234BBA815AC698B8DB07CA6A71662CA8CFEDF8EAA18FE1C97BAEDF6186E74714D5DD504E05A9EB0964AA31C8AADFF8287051C524B95ECF18280C18F4A1FCDE09BB31168A4EB06E4D4D7671AB49115B7E560EA32F7286CED27662573C1668339875F7984D3E35C6626E469790F78F543E5E9FE36F519392145BD3B773CCD0F1A2868816F80925371A402BBC1135997778C7B9B0A324C603A1AB3D2053FEE7FB2B56F01D85DC938B73B52CB647CEB21F88B011AD4FCE92925D7BFA48DAE0DCB99EC4B14F72778B112FB08480FBA7635D12BC5022CD7DBD82A8BB8936FAC4AE459D5BB6805C11DC39DEB862B389B397E8957607C728C8BFB8A1E06A2958B2B1558E341AC631804D4AF6068FF8ED70BF32BF30188EA818AFAE8F78822EBB1AA6B1D441AD67CCDE1DAECA3AE7D2F4DCECBB09E1DED21843EA9C8A7292456836AB198DB234D9A636549D38432B28F5F1DE951A2C339CFED82FE193A38B5F08D84C62F
T=$7

[13]
S=$8E
W=-$BA084BF0C817DBFF121328934B28D611DCACBDF5ACBA992787A99AA078845ACE80AA9A69ED75FA0DB13F8DC9F25D37F7932E1C9F3E412B4918EFD7247D59D1B23E1A2E1DBF3D994FC03C4138B4DDA62C8185ECEA82456DEB1CEC154E4170976D537131D10A2B739A92BDB5F50CE24EBF44F42238F5293B2804B9AFEE0F0B4BB82D79F9F5DF2E0A7D099D50D271B8BC0489D93E10CDD45A2E68CCBFA9A2D5FE4356C0438891686A89879170822B57803553475230365C352
J=-$3920024987BD4C7D1A879FF97E6FD8D2F846603611D51BFE1899F09BF65FA2DB0678EFB929E65BF7484FB0FD16EE6CF44E3F0BE7FABC5AB4843A5E8BD8482AF83482B6D717E978618675585A4B21E4E0E34A48A902699FF61E0BA378833F46A89D4CB80361FB2CE718151AE8B871AFE4CC9C5D6C69D2F1D2DAF4B39F618F6E327FC4A096F412FA81ACC6D2F194DEC9AEC47C469ADF2A3A0CECB46A2A73188CE7274D4107FEDDBFE9F6CB982CE4DBBF3FB8C17EC34519DFB5D360758DD2D85DAC8307E72AF6D93696DE5C035449BE52C2C9C3482BD7BD4298EB1EF4E2AFE629E40B6462B85CD8695092BF34ED8063962718CC4A9782C72DC0A0877C05FB36492A981C0E3AA3EAD0AD5DAECEC9D4838A38E055E679FB493BF3D96A308CAF652F278EF52CE0D259DDEF6EC3A528FE21CCFB6B654CCA6ED26FD2B1766A5CD16E8A5132274F34C73431418C3B85B0CEE97ACF98AA4DE551FF5C1C862DD9C14A477CF3A162EAB5BF3E5242C11455DDDAB4A
T=0

[14]
S=$40232B17869A
B=$2

[15]
S=$52B44F
W=-$87D4742F8DB7CC73F030FA5D85327299B1969E0669A1FCCE7BF00633A382B4537A7C37DD0002D1858C76B061A596AFD8EFC6C9814C057C92783F268BED7C3A02461E86F7ADC67559DC1792CB434C0BB27CEB8E165DFD6B2B86F316AF7CB2AB3E8602A5DCB03D39F32BFEA1575047A76FEFF543E5957FC232D5D35E100A376AFC420DF2761D23F42DFED989EF9473AE956766D75019E308DBB730290EA48646F01FECAB8AE2324E20E920D0CB1114C0264053CF7B
J=$2B7D68BC8E3FE3DA8769C7DB9485F8A8F7BE2CFDB24FE4D884802CD378B76BCB0B41FB122455A631850C78167A9DC4987A0218796ACF3E9F6A4765955F1DED4C6BB4FB87D1E8E4516F935997ABFFD183D5D7E8420A9D9E45829AAE8401C4B294DC7C94B171058934A9C5E7BFFAC8557DECEF3F1CC4B524F1D81B8D3F450B1049ACA12FF7D59C681535B6928D59D1EF4135D5F02D8ED94257C629845F33A19B14C92068B2448D1EFC3163008EB4E9B917D30022DFC4982AC303BF8603BA94704928E2040FC005E3145378301916A826F2E4EB300712C049F467E2A46E46497C82E5C78AF03E3960A6D94AA120B06BE2EA79E72BAF8BA5707C951F5CCF9114A6D934679A300ED60BA9ADE26AE33002E30F194C9FEFE58EE8C81CDDB51AF469EE40FA7106CF6D5E9C8ED33C6617EEC61AA6140DB77649DE94E0E1BB33C04A7F497B7460577657224B4936BE89597F2F3CA10A35D15DAC5399B22CB4B49F502D1C87FE9485301F4297B
T=$1

[16]
S=$11E5643
W=-$F9DF36B34C9849A48C19E54F9B9CA650ADB7D35486E5B454D1346C92E8DFAF5A73B64B483E867ABC89BD9290659791674CFF293B327DBD9B975618563A17A8E3DCE999C16CDB59F2D3DBAA67D56772DD099DC0244732526F93627E0E3C6CDECEB37949F71C102542A86D33D0A14E3AEF6C9037E9BF1BAD529635B427DEFD6BF572396C56BC9CDA78ECE832F002F4B086E5FC6FEF78C2A8787CD38389ED693A8951BBC156553C1451719D73B4F4247623068D7
J=-$13C46FE88AD028BAFBA674740393A55BFCABC86B8084C8B3136738552EB8B2B3B3A73A206451F92135BBFD8B5FF2E205DFFD1E62952E8BDD48F349F491B0EBA0642EC7901B9AE915187DDCC4B7D4145745DBFE6A9445A33F2C54DF95B26E4C1C63DA4FB63F2BDAA60E4A861B8E6019DDB2CCF86DAADA250A4A6E0CB4113B2CD07AD6146E9167DBBA85965E748379FE8ADDB33ADDD283E6B4D64EEAEF04EBD442CC7DE7B0212ACD3E5C0257BFFA2DDAA0C15791F4D6B5307384FABD402D76F092425911905F66E360157F82D011D7DBD50D145F1965668D40CD997411FCCBD3E7406EC6A313EDC1C68BE3E212051206623C38C981EF5E0DF02A734A5A09DF974CB5769E46E0D7BD44AC200BEF0BB4A76FFD971E98A277305FABF6190609D51F85F1636601261F81C55B8B399853AE6F5127F4B22F3C0F5CF721C662BDCE156E279D9FC8A0DB1AD36967E2A046777A84012C93F3E6F94FB7D08F87876ED95DE4D5766037DB92D
T=0

[17]
S=$367E0D
W=-$16BBA1F5427D145A627142663D547C2191DEAFCCACEAC89E7F296B1D238494CED679347C6492969471CB0EA44A507B9473A14E8DD00D16C441D641321034F721E49871F6AE85315DD3F293DD680A730A6379D1D636D426625FFF5CF6BDFBA2E1D3E55F3455E2F1FDBE77A08C633B49A94279BFED7137B620D503AB6A71903CF8650EC1EC937B59C15EB8B97E15E8EBB7916CFEB684E4297D01603738B3D5E731521802AD9AFBB131A2B000345795BE78F11
J=-$DC91F5F9482867DDB06F8E5870B83F4A2C40BB955B384F1A792DC5FDB5C0889F7AB43E9C81D9948350AC991FDC516B40B8EB2FB9B6B6C5A4921019861E4647B9A05BE069BDF856229922BA1C4C7F4451085D382F64E2FB6657B504E9FF3DE5FB8F6648CF1F2E0FB6B27A0EFB601C2C696918003096CCBC6A000D3E9DA7161C6A0523A2FEE58E9075F7DC1D46AD5489AE1B3A69DFF2DB85A9050FB0D41C469D9DEBE71B33F35C506E3143E338D5E84D9DB57B92F808130E70E20756338E36273C5DE2A5C1C9B3056DD1E9E67F8FE72449B2F72F6A7886A8744D003C6AA463757F4116E3D5A0722E657EEAC1CDEA95864201CB2A9C0495A40B5E4F9E70EDABB7A266BCB950AC0B7D8FFA043C207A2B547F8A81710DE9A621AE2A1519C0C042197C652C7D2FAC55261FF207F8A956DA6B6E9B40A243F80A22437E40D7F80F9EDB3505A26703AA255B3DD6498593218527134B5A3C312A171B32073206B255DB1A6887E6
T=$1

[18]
S=$9D1368B8
W=-$46C5B8058A4920D4098584DCB1FEBA45EE2CC8000596E2423D252409DD7BBCF0F94E729768ABBBFC2D0364FDB548A3A549988ACBEA51E8D6E66FA8A1D90BD5572399F177D97A3C3D056A32253C0F9D4E408802279925CE13270DF167D9906DB734B19B290FE18259945BB8FB13220E05A30989AF7AE83C7A54BA538FF2B56B20968CA9BBDE853424C7866EF8E40B796211C9AE7228F66547D340BB2927A288171690DF8C345A656C6289CD29C49D7C5E
J=-$288DD8CF81A07311AB82BE2CDCC7FED1CE8197CC7114165323D8F85831A04335DC2F129985080E5FE5D7472CEAFF48E1F855D4AA3AEB7A3DBB9C0C736EB0E5E0C14E3CC5E9D30CAFD8789DFF5F622EAA0120CAEA502605A56F857218E43F894BC007763AF36F24EE46F832306C9E8A3F6EC8191C888B5743831912FEEC9D3BC68EBB79C73C7034E8A4FB4964069481DC78DBBC04771A2D684B6E791F2E2E312048C0F6566E5F2048D1DB4E657B03069C9F542AA947264B93D5F7C40EED8C16F607B70091266D94AC0DBD214E8AB7481A81E993B381E8AA293528F0DAE5AC5A0DDB1E1D1AB201089EF644077894B0DCD1029090B077BD26F7939BE5DD8A344C7266AE6F46FAD08767B758FDDFC6BB3EE80B49077803575B4DF18AA25E545EDB0C20F945ECCAC787F9E85906A47EF717D432C400042F04A7D4CD3753A5D866448BC38B45DAD1111BB99A96DE9E8E57A60F35940911FDD24FA82D638EE35658E83
T=$2

[19]
S=$4A5B62C1D
W=-$2A73369CF12748E9BEAEF833FCA08C4F753A688D8716202C9A407786823E542CE32B70EF2176BBE34528970301BE38FA3C40F26BBB2E1BA8CE575BBF2FFB828FE148EA368BE7FB069AD71643AA2637C8DBB045D8847F296536624D9D91C0D110E0DB9E15B9F708B2028931FFF116D680DE42B4AE0D0065299236022F15EECF4E7A6AA35B26E1BD3032263E84B498D5FB6FEF632700FED735606718E7165D85D6CF1E1DDE0520E8CB5725D08E575F
J=-$86F3D1517814C296364DC0440077093025F57A46700AF06193AE902A9DCEBEE95DEF9C455B6997592661003DCEBD3F710D6A8B405ABF067962A43A2020470B1C4E81F98CE0DACFB65499D236D268E3B64F84C0F7DCDCDA311BEA0EE82A40D60DC9886375BA4BF60C36CAC2F7A4242B647BDF7BB089BB658F27B1856BE946025D2A7F7587255047D0A1724F8674953AE0BA85468AF429E4AD5378E4EBDFDE5617FC1C6CE85A0E1F128ECD6C9B56456975C385A04EE89D5AA7CA774C956CBC766987CB8717A5D9C8E35E6648F6F49F28A61947E89544746DB631881A707663F34602CA54BB84481A219DC5A801231CDB64A40C00C9632471A315D05F1C043C1273BC73F5D405BFD3A20CC4C31C154B1816A00C34793E455FA77512766B2D2AED7F7729747A0B5BB2DD3F30CAD851D03CF8298497F5799BB12B0713E93D76BB63F225D93512B8D49E214B3F9E8EFC91EBBE7A373518ED959F475D573AB
T=$2

[20]
S=$7375B94
W=$2603D1F637BA5FBA55AE5CFD05BC10AAD28F7D1F1E5030675D5A95DE02F75BEBBB2069A516738445288C5417902B1CE756744A544980549C86E894139CE2FE7432BB7EE9459AB033B8B76523B4262BB8D345806BE7AEEBC82C1AB86CD42A1AF31618E90DC7D05B4C0A66D37A6545D14B8DB0DDEB48BF5463B90327BB92BC72F27A6102101E216E0170D2F1B508ED5B0EC914B76864615681A3F174FD74BFFBDC0B91E74C3453A2542CDA2EE6
J=-$E256A8013A25CB9269D966ABB9254674E30B05A7E6E28B0FE4B795236239604C1AEE31B2E1EA739DF36A457D41B5EDBC15D64DE136C8D75C6EEC3D01D9E7EDBF369BBFB67C9613755A5DA1BCE88B58C15061E8BA12BEF5E4F8685D7C0B23D052F91C57D6D9B43469B10C42442AD86B70BA56E0A1D6007E7CC71E0603F2C814F5B13C1F0658CD29038856F4F9B4E8C82C5162DE4086485DD66E757070B2FE53F857073FB1DCAA9F5F9BC520112CFC4ADE01824F7854225EABB68406F3BB497F52948661C04A6F51FA8A937A151D3EE4E9D45625AC7781556E20875BA2B3CFBC36C5265DF97B019A10165F6F3A40217B45B7B1C1BCD841F7107E40559EF01C76E481BF76D0F52D5ECE76F412E8106E1EE031178499FC374189B139D4E1DD28F6AAE366676BB0976862F21688633083736A554E8B36774E53F4B586F017D598F0F9CF0ED6497E19F26DE1827DCF7FC580CCF566AF4AA20E39
T=$1

[21]
S=$47F3FA
W=-$E604A07740090EE35177316A7252728DD0EC42EE7AE801F96F8A4DE2886522EB41C6794A174BB3BDD0987E35C6ED8A128DF4487DCC0A5B35AAE24D5223817DC598A638E55BEA070BB4476F2CF7AB9D4804174CB5F5096674380ABEA172A02030C897813C07D644C58650D21D5CB194794FE9AA341B1B511AF86109B433105BA1C8B74A42F46041E8D4943B2A4F5FE945CB151C2E3550D19C0A419FCB5C160D5CC0CEC905FAC4040ABC8C
J=-$25677BDE33C9A4839FA93356F5E512C88951016AAB8CF52582B209C70038D031B121D9A4EC87777A03F1B798A97E2F8BD95101811DD28DEBE5864D74209417485F1A4909AA84550698A0C9E1616EFCEE8CF7B2336158FE0AC73232546FBFB7203EAEFDED7714F3D1081E63D00809DA978B6F1F9452E6AB5F020FD4498D7E06FFBA3DF3459BAB61FA2A540AFCB745B87D2047FB904D19C7628FB6EE48A565C3DE2EF2504763BB7C8D0C5A04CFA7F76E15DE1443A5CA107A2C976B49F66BA8467FF2EF4C2CBAF605250913095EF64B64A8867D79EC37271305265D1287AC36540103DC2956F2F9DC35555BCFA660489FF62B8E2D1DAB9B4855180B6DD7EF533E9A8C14874B114BBA062628C8D4BE956F8A7C172BF2DF47497212D71A45E4D0CEDFEEDE2D9E3240A5BF45E6F548CC3C3F40B72A608FAAB59F708E59DD92AF8AD1366F9860EDB2FC86E01281DEF322123EFB01E0373D
T=$2

[22]
S=$2392D98380
W=-$243D85C57810E0FF1827CE0BE22B38C2B4AC7B1ADF751F248F5B0E0D21B8686963DBBFC66666A3047C50B54A269AF55673AA352E70C842D42D6C67FC3F46B160E6B37EE9F2A759F9ECA052F02CC5DB7D20209775F2DA13E2904E4AA4B4FF6EEA824B1D2F79B47A9F656C24BE52FE90BEFE96909E906B00FA9C84D195A805175C839759213B47514D7A50F018E0F8EB174B5D6768346A4304BBB17E7E5CA4F03985CA5A01822B72135A
A=-$23
B=$62
T=$1

[23]
S=$C2F7A4E
W=-$10292F9A081F3C7567DF4D3BA657358268E5B0D985B175A205EAFD7FBB002AFFF5862420F2B6B69DB34BB10EB245B43733F2EFC461EB5E43245178FF73B5157C4FF6CDFEB2A9DB1F64C06F8A74ACC4F6EF593D6AB09EDE5D402BDCB89837A9CB53F2751993C1ADE979DB52EE321121A6D29E6AC111C886298F39B87F35748254A09A9A4A06EA7413EBB074C267E3B82AB982F776D71572DBF993BCAF2CB8213330DDCE31A15C6
J=$3707F87F7F76A019DD7B4FCC3B0987E5EC2ED499CC821CC180CE0889B41EF24C386C9D60027F0034DB8E9E9E496228D006FD507CE01AC462173374302742F3C73D0A9FCCA4F89D55C4E03E513E768E470052BA34FFCFC7F740CD73B8FF5ECAC87CA41D9DC3864575ADCA3DDB8821DBC27AAB9941EA43CE6C5ACE55DC3CC69EF5FEE8219BB999B601505F243C3281E1D3C80D2F2CFB3E9C03F96A56DDEE4841314014EFA0D938A7E8FD27AF5C41021C03ADF037A56B2594A31366E02A927B52B2AE7C06A71EDE174F60936732D1AC7BC518A2A5388507DC03EE80C692DD9663D4F57F024FCA1EDB41A8C7C1FD8C9835804B1F958323B313FFAB6FCCA86A6C31F70E21D0D3DAF3C4A6193DD57DFA6CFFB408B439C34058616EEC5E6F577F6A0EDDFF7112E3C0912CA85886A5CB45E18288049966316D5431D2AA7BFAB98182BE160C2CD6251945D0E80199E03E
T=0

[24]
S=$1FB562D9
W=$D0CC8FE7A0A4357B3104427AD9FDD35819961F6B97221355D90F053D0FCBC8CC98095DCA7A4484C79DA50495A0220E240778C8905BAE971C1019151E27D74803F8ADF8B547A35B09483A4085E835E681FD5D62C30C25C710537BE39250714956B18C458DECA6E55BFF03403D9F3C536501E76F180901E17227FB0EEAAE2D2019D2ECB5373E858416679DA566E647E344442E1304F9141E19EDE49AC0D282935D074DE8E15
J=-$D80A2602A3B3D683723A8699F0FDE8F1DA416224A87721069C88DC19C8D027EFC6726466F701D1E4D9584CF2CCA990E8C27F3C35E2703DC3170EBB9176B664AAFF607D04158F608A2B5044D80369F79B81BDBBC172468AA2197A4BE37675656D3A2044E9AC0FAD468771533FA62F616F445803BDFA77077079EA65BF57964D2F5DF23D9B15FABC9B099F6116A26BD2C9CEA08C96816FD38765436BF0EC568621F14122E9F62BA346CAB11DD4194C781188CCC5C4DC4BA9025A3A5FE2E4958232CEEB3733FCB5926F42AD9571C7C90D8E889AFEAF110BB9B8243297154B112E24A0FCFCB49E5EEC9A0CC358373DFF9DB9C7E0C247CB0D056C66EBA7C96CBC6B5CF377F7DD603CA5F621E7FDD2CAB1B996C70068885DC0CE2753700A260233E569C312868745B36E0AB7A55390EB0BCDAD0B91F6796C700B04B2C0A5B26B348C2F6237E33C6F3FEAEFB
T=$1

[25]
S=$1BCBB1E
W=$2D26DEEDBBA0D2272AF9DC1E092F1D5FF5FADE4B0A139C25684D3B5C3707289C289E5104A8DF93E9416E1AF2C5E79F40BB0A58B0AE96888BE9F71F024F9A51E42955705FCD21BC672C5C6BBD2F8CA2AD1C53ABA10C9DD874B1BEDB8FCFE9E8AD837B51708CFAB8667766F471264DDBD84DF942B25E0624A9A68B421D2198B91F2D3F82FEB40D77470725779B132785C9A64E40238D065FCB5AA8619F86389E14B23CF6
J=-$4909CEF335891330EC46BF800E9DED11B0589F495B62D11BC27CD4C556EF47107B0AEA780E6AE69D8EE82CB4AE60F3E97BF627219099AC2CD43C174AC527C4F057E27293E0757FF92D427363CF7E48516CC761BC7648F815949308328D47ADD0DBB1DA7A908AFF2CD2336BB74F1E616F3A5A0B42B6ABDB17240EE231B6E3E28FF0B4CBB46C5CFF619EB757ED0855651E9717BACF0878EEFF21FED15E8E3FC171EB401E7921D2D13B8DC640E6FDDA4DE9A8045E505618EE4AB3A078EB721EDD651C60C3C4C6A86F7857E54CF406169404B3FE22A253409EBAEC8B38B888A4F5BE9BB4A72A9FFC8BCB212F5F6B1CB6619E217570557C8150AFC6D4EF3391953A95014A25C5EAFAF3BA506FE20E2586A3D08A6A6B525537D4A05AE465CF5F636A15A78B877E61529A008F27F315C88B715D9929BFEEBF5569D2C4C0C3AE17E8E9142BD0E6801CF
T=$3

[26]
S=$F06
W=$464E8A506A93AD176F18012E946D6942F650AC9A6A8C10640F4DD5E3C3A35B0C3300A1D46C99A882F00D220481147704B683946A93B646B620CEE20BA58DF16AC6ED9AC9B791D651762F2AB4243CE4354EF5B3112A52B38BD231F4EB4F7EADEC577AC7F2DBD49200959EB8C913DF27268B6C8132141D99BE60298729CBC905A4D1407D9B0DEB084DD64DB320D78DF63E06BC15428F0DC667BB4C5F801ACB737CC46
J=-$47AA3712CE95BDF23EFA34CB889B9A5DE2B79F6F2D0745C45D366931EACD4F6B181822B8E87A781CBF230CD26B793BE2A07CF05E47A95F434A859AE765B7A6CCBFB72CC8DB4C848064E3680D41C846914833235A221B9EA9A2AE6CBD7997DAF37BAB53C6774B8A874EB6DE88A66BC044B18D3975BEA8CD5D09245C5A0AFE8CA673758F953F6F6FCD76531C50F4EB178D856116D02893749BF1A9FD4F4957B16E2BAA75D5D9C3BCDA79F3A6ABF6100FB238360572F4981D18D3712C78BF1F04ABD02D5411DCF74404046EAB5473BFFBFE484ABDDF325BB72B684DC66FA83DB05F0E3F58D78FD2967D790AF66C3D4D3470EFC5A63218C8BB29DE22D1244AD6241D1AA577AA83359A60ED07B8B04D49F302426C852D16A52495DC43BCC2E702221CD9DA2201667EBBFE8887E9370CD66AF6280D2024A60251591C3B3D4278C76715E859
T=0

[27]
S=$80C091F
W=-$143002ED6656D448A6F8B5D6D7DA6C4838CC3DDCD8AD9015C97529F5E606A8A393ACD65E3F7992948252CD88C787E218816D58310AC1506F8542F8F30DAF31EC83EE6E55E137C1403063B7FEC59D35406B577D772388A15B01EF11D6FD8DDA89ACD94AAA2F602EF8D8FD7AE9AB74E61C64C3D258601E36D983F2CD613B2913BBC25BB45C5BB0B3FB3429BD7CD9EAB1568836E8CF508EC42B7B0D6209E6809E11A5
J=-$281FB4E18A8985760DA1F690C23CC2869B34F36AC48C92A1494F6B3B86F5263B4AB199CAC92BF41F4557BF5B0BD0129E33D223A056FEB74C0180D81D0CC1E9EE2B085019E685B494BAC3C19CDA5F5B5F9FA1EB2609A3569548FE50A6C4EFACCF59FC5FF35868553E3090BDC4D8BB14C9F70BF30A19319EDEF328E61387DC740806F83D4E82E197C0AE4108C15608B29C20B24437B636E310D9FAA0539C31F60BC90B816DF6EB6C6A53C0ACD75B19EFA9730CAF93AD5219F6D0A908B7C44952515702608E94A5017D9E234A7B65D1C44A753C2AB31FFE46901FF0420CBC71E76F8A81391C5293C8272516D242886029ED7E2C36532A38C6A957AD90D82F86E77322CF3A336D017C0CEA8CB0996F7095C526E102B0352DE1094ABEA7265B9BD02D0AC985905003354CD9E0A76D3C134FC50184049F89CD2F7F8E6F6EC2771340B47D
T=0

[28]
S=$4D372F1
W=$5203A2EC11D0E4733789E8EEDD3829E5D2958A84E3E3794B4FBB7700B76206F7922659396782F01AAEDA34D55BDD223816BFE4BA554D1EA753732D8BAA75D759D5FE160F24756BE8D2D7E0214D50B129A28BA317891107FA1CFF86F5E6DBA48E351024AF06507F3D8F38DD9CF39A41A5257689D3438FA1E5B53C26CCE11BF7FB5864673BB34CF61593FD76AC3719F21983025C8A62675D728D9511BC9B0DAD
J=$14AF0DDB162539C6CAED8E788BD00747F0820C0F1BAFE3D9F2BEBF2A8CFDDFCDBDC52F4142DFF6E990D41FE2C3403F0B67A354457736DADF85E7E4867B440D6E936ABE331D8DCC8072831B83A0D159064E8AF346C4B5C3659C927ACDC1FBCAED2E9DF1CB99C94D4A86E7DEBFADF89FCC8DD5F3A0DE23A52D2964F394FDFD283DEA14718A7E9AF0D9AB37CFAC8E09ED6343F2EDBAFFADF8A33FB8F42999B17CC685692529768C2BF799C4F3F0AEBCF2AA772EE9502A335A40F6B65E86757A52A3A13858CA7D0706DB724493791E8F3084B810F5738814C7E1016C5C2567E6F7936CDC33A8B4A9583BD1C3FF0DB94B1ACD8FCF1B9CF44512F8458121FB1FD51295B92F3227CC92FF2C039BED271E9E2D030F5A66A36AC95DDEB6344167AF193935DCF400DCB1D0C2CE8FF562ED8D633FE2A02241EC4ED3D013021BE567B5A
T=$1

[29]
S=$102036270353
W=$EC2A899E1A5DE5826E7F22A8A326BB2A82E02BDE90F9CC78D62CF87809FB75A44A5F9EC27AE37A8497F26E8313DC59B1C59E58EBF8C75E6CBDF345EADC8943A01B261909EFBDD2412864F73BFD8412CA11D661EBF1E62617D049D2A3430288D2A102795E85238430C1178F60DE059122F1C7C066149C1FD153265ECB68F99E84716B820C013A91EA881CD8CCED965E83F577639AECA0AFB539AD3EC9B3
A=-$D70
B=$12F5A
T=$1

[30]
S=$BD211E
W=-$7A658B64FEF2A4D0E78CE942D201E9CC9DB8845F54720FD28B95E27A14D939A51E9E03A4E06AF1A8D9BD297493D20F3A9A874B1AD78332DFF13D5C8D420EBC52923270C1968F5683EBD0E197D48BEBDDBB912304D7F51486F30D147DD94708068BD2BB074D24D02C389ED38456C97676F5A91AEA2B6967E2E00AA1CEE5ACAE8E780554BBBE407F31BB194F0058047675434017E7ED51D1BE16B22
J=$BCDD4CAE2B5F103735EBD600CD2CBC73D254A45AA2C8CF5B8865679CF8989C7B8429AC2AC2023548CE57D547B75F06FB87C1B01CACBD02261BE23F31DDD7403F4D7783E00AD9F0E963EED53EB538B669DA1AF31875E57222F31739D4BDBBBD40C8290729A6B46AEAD9C14AE0D8F67E9B252CF497152A16CE9AAD3A4A12CE471EFB52EC24299342E1AFC586CA089D5D0101E318C5164D4F6DB114A540B2859B578D775962C5DFBA987A53EE467438DC49E3300F2601944CCC9E2E31C85D08FAD1745F0BE50EACEB09C7DF3D7E5596BA02B3FC23F4FF95CEFB0073745812CD5D2E6FF4DFEB416AD9B7F68DEB069CA3362150461C3CDF9A104DFC82CEDF5127D005B9E986CEA00ECD103C1E5332FE0557342681A88C8D7EF2E46AC6DF4DCDA171904B5412B6AD654F0215B7A1CC5F313E5A7F2B805C2
T=0

[31]
S=$16175EE8
W=$41C8FE1E2E760633E262CAAF5679491390915C645EE1E9ACE0784011A2C609B99C14EF1DFE40EF4A7BDDB920684D4061568CE90A8B74B3930FA4B9CD5E7D9ED4A71E23120E2649D3720F807B7750C7D27D1ED2AA5AFE56C1D34A5805FEDD7DD670B887FBF90978962A7D0FF02511BBEA290381AD15CA0A97AFA7547280EC2507E2DF12B1D708CB94C70C800040716A73304281E1894E901CD4
J=-$14CD8088B11C926801EBFB823A7D39DA16311B7047E0C2DE449FD2BEAE44EE0C627EAFE3EB9AEBC54A463B77DF4AC5C9A7958EB708D7FBEFA622AC4D881E9F5FEEE175F264E0692B6493EC4698FCF314C6F224DFA56091C903540A7E25821FA4E3F7D5469C8697E5FBC698A5145F8FCF5400B48609EDFC1E0C6274DB86A84935D2483A9A1384839CA9845FF557876D810D86DBC6EF874CBD63C211425B025AA2B93AED8B90F0A2B6EED51AE00B4CD57D4FCD39A05B42C9DD623A012920855C18E6BA0773B89AC6CA92DA50056196E4E42760E0FF842916097BD910B7642AF8E8CAF14399893754386AB6CBECE027EA6CCE725C57BD133331FC7159CFA1666F53375AFA809A6CA41AD2E38D92AAF8ADC0EB57C2B9B197DA519C6D517D98BEE32BBE5FE27BFAC47D59AE3EC3CDBC195B4E1C6C
T=0

[32]
S=$5D96246
W=-$A519E907C5B9A75D4EC3DA7CC59CADA62BC4A91984C7BD637537DA2F5C071426868F7C83DC6550C70D365C962925F492ACC587FF0E4CA86E2EBE982927634EBB7B34A809DF899F66F458B33FFDE979257FF8846B1311F6E8E40787FDEF3D988D0370D976BFC981726EAD3CAF62285A7CF97238B7ED20CD8A286C51294519CCEEDB94075D11053930D7E7298E226BF24A07E8F019DF4A6A
J=$870F5F5E533EA0BB0B228782EEBAD13D9455F31F40CBDC2D75A03A25AE652A923C3F5503F75F81153FDD0B47C7F86D2F817410669CFEA0A945DE78D9A9D3632ECBC1DD5E2B0AB71562B263D64A8A115DB4615152B6F2588121714E5DA45D942226286F00AC07F3C72F3EDB529418253EC4013714EE93E9D0C28B6CE4A5537F12C22569D15F11B559C79D0A0F10EA6340E099500DF6F8C6BB7D157F9D539981959F538F4CFC207219E327A1BD23E9E940F5B48284C0FC6C44258E1CABCB93CB079A804DF7C31B9CF785FD35A94568C562C8625779E97BD43438FF393A57F514FF15CF8C6FA25E2A19B49690778BFE39D03664D8C2F38D01C2BC28BABDE9B3083E88FE7C9D2CAD5E6C155A7DE60ABCDC5EDCBBBD1F46E8724916884EAF208395620A8E38A2A0F60389CCF832DC3180
T=$4

[33]
S=$FFEE5E
W=-$105713E1F82C2828AF547AE0E5E6700D2EB2D40F962E9984A85C0CDE48D3E15A2F9B97B304DB1439740AFD668C30443735286B69AA45B8DF096740861D12217F721094565ABFF67363A8393F876424F55A66713C58FF3A04B7E7A76A596933E27A9D21B9AF9A8739EA1D1320B8A5706339D2C7E4E02040CB6E436E78F61B83ADE7C6F7622F3B447E1AAA93CA49C8BF585BCE2C376D6
J=-$19189C027FA945B7BEB294C311E35E14D78CA24CD09E95360391D751E02960FE9DEE0DDAEBBD07B3C8CD8DA424802591FD1661C7EFF61B1649FCCF53B740798998A2AE1AC94351AC2D2561B252A477EF9B2C32D391EF8BFCAC9E3F2845920D1C146F779573989D37DAF6FB8F1A768AE674F560CDABC134F14FDEE343E15150368AD8B21E1D8FD4D9CCE3AE551332A7F03D43F830014C96A30267405F2BEB9485E3DC921B4141EA39BCF22B3E22B76AEEBE5BA942BFC396E39C073EB6C2AEAABE5CFF9FEA9952474A4149B1F293D42AEDAFBCB54D3E05E8F998A91E16F495F12EF0D909AA981A0C72C366A963CDE61007BE88FE2AAFABB34326BECE196AD90AC84B8119CD2084D34657E713E8F8B5C483B2236F826EECE948241CB2805A83952E272B30E68C6E9A9D1D0B1
T=0

[34]
S=$1FA8DC52
W=-$15337F59A6964240243A99A87DA3407AF7FC09E59C6FEA63A2D60F108820370959ADDFE543E6ACADC0506E859F1458CC377B67860CF36C8838128982F7D09540789C8A78A3A805A3E52A89EAB10FE8FF8B6934D1DED7430827B21688F1964AC3EC5EE97690A2B47AB50E638B7995C846F92B957E8D5D2715D9BB70F01602413A88829870852EFDD8946C0C4A22830F21774F90F4A
J=-$1666B678638FD35F6EBB603F4803437A4CB01677820B99334C98E054194BACC0DBF120B3E6549E813F910276018AC427E785C0BEE6A93D4DE2ADD6554C6C201261AABA64C52DA7D220D791F96B2B359CCE7D5350EEF038F517BB93444B8C43DB4DC9EE69E15F73BD135CF3DB01F3408445B39F232037C056311B0E53421AA2520F9592716EF00BD0A5E90D337C78EEAD0C8FCD694A7AE62C366659907F514820BA2AC0D3B70F80E4C3AA747C68C5DE51D12A2B5D20552F0BD5EAAB6F8A1336706654B3AE535DB1AD11256FE348E94399EEEF7B74C975C41367DE29280C4D7DD1C92A7AC40C616DC2CD05767A584A6F6E638A6EE00A99ED8678073C6D3AE455194A1907FC61DBBEC6A7E71BAB5823617D12231D4413F74F521A39EE0AE3D433D11D8B8D682D406DF9
T=$2

[35]
S=$C62A172BFE
W=-$2841E45E784FE5C36A94F516AAAA15C9A81DD13B0EB7A37DE71BBE839649402062E51245827A18FAFC48ADFBBC008A038701D5B9064644D07DF0DF2E2D10DD1D11382E69C5D6E5787E01223302AD4A712D10A1F11C14E24D06EEB37B1F0AD40266EAFB0CE2086A6440EE72E202E1A40D8986FC85FB0A5EB37772969D6D96663EBABD6F0CB71A98A2C3660B07872740DBEF4F0
J=$E4D27FD140E4E715AC768B8F1A707ED9F6E477FC1C55E13599A463C8C8490B559D281DFA6A0D68F320887D909303EF6D7320D7773606537388E3AECB43B5295E6EEE5F7BBA6F9F8B69A21DA93AA1874C6EDAD4F5BA84D037F96319C348D92A23AF105E29D5C93F12EB4491A0166998513E09881EC9A5BF97B7A3ADA1E816C84FDBCC37E4793AC1496A0FC47A347093451FDABBC2269FC3F18F22FB2A6E9715BCD68DD98F04BA77E65BB50BA29F241D867788AF6BC4DA6755CDC1B9C63D3B69EAFFD521431E79795E6E046BC0D7B45E40DB718122E203D5320C7A4720DDC34B1C1602B5A4CC8DB4E4F7DDEF7731DEC5B13DBFBABA3CA953106390D12EF07386809593978ABBCE6EF3EBA5C5406302B0B3592CE76E244FB868148F75D8EFF9062CA650C5CD
T=0

[36]
S=$61E5DDE
W=-$435D207DBAB0E2C0E81C1ADD83094F6B60904AB884D2B26BA0D3B314B3E252648DE771609ABD44E0BED8153BAA9A2E576CCDF26A8928FB5E10F2A3F3876A205FC84F1CCEFF447DFCD3DC50E70B40F7290F36C74AF9C3255DAA4625521677681D83E3E0D64664AEAC056769E123F30D97905F43FB60D5EFEE851DBFBF62566AA4C59669149563947CD9B2652795CB09EA
J=$DCB2F4AB84D0F52438A752C48844D5E78372B651513AE82C88FFD6A712747D7EC6DC50913A169B4DF5316A790DB85FBC3055A35F1710691E35259AA89BF3ED01DCB6BE1D6F9D8F6F49D159F7D09B6FC2557D741698CA1FB1E53BA447A6EFB27FA87B4DA93C9980B2DFAD15EEB5C43EFB54A6B4218530B066270ECD68DB24A62661435DFB787091A3B11E7402B74E18F587D55C6BF30B2FFF6B4C13943D50BFEB03BEA5C6C9691DA90BB38B4BE88F2288EA75DA92D8E6A2998FCF1EA21096438AAE4C30F3F66C69A4FCFD2393DEF7B41FE4997D7426C90DC8726A4B3E8DB3FA3828DB9682FD3E0201D752CAF917FB69D0F3BA062B2DBBECBFD736493EA4A626E456AE006AADA277AAA65665724A1B0F1132DD348850A98A543FEA946402B751
T=$5

[37]
S=$1F60
W=$11C0E19F568C8A5506B7F6656112D1DD9C9F784E87D1DC5B2B9F9CCC0CD961D85B98E6BB320A5CC4A6E97D0A543AFFB64385079B85A9EBF0D0CD8B9ACD5907EBC83C1851757EC945974A02680F3CF7042BC9C4C0C4D59AB8B5434C2CAD19192217E19B239A917182598DB6CF79C7C184E10A2FCBE0C08380E36B33500055379FDDD7370EF22CE2F170D9F4527ADF4
J=-$4A2D28EF83B52C031B586A71DAD0C08F03BFAF4E3C674306BC99D0BF5AA69E023D4E0B2F2BB44A24E3B7CC26B4D80EB729433A65947FD0FC63CB3AF15F6EBF222CDAEE32BCAA3864BB556E3AA0F2E80F33FDB9F010451426FF501CCDFF23B469C054EAC9DEA8D5C595EF032FEAC863B89CD0046D93CBF3AD7567E6880EEEB0A4C87B85FC32E790DB46EED1234E459F97867F0E01CE5AA1E285F13B7B2A01C627C36680FADE6D5F8FB259A1B767856CD48EB5A3664BAA26A194B0AD76AB40BF7CBC9992DA5F39632BB8FBBC4F08BC5EFD837C59BB9A2CE6FB651338FB9EFD6FB84B18E49355EB6A9B3C03594BC21CD0B939C20D40B47F11F187705043EC035F6EEDBE2D203528D4DF45A1DCA2C06193CF6941F80C40386EC78CDE8869
T=0

[38]
S=$22D9D830
W=-$44D1397519E338BCCFABBC9CEC7038AEFD60541F8734DCC2F71E0C5EBE8C82560F6FE7F310C3D3FCAA0313BFA8535C3450340499EC8275DC906F8A1B0BFB49D711CF509A345E818D981C10F28B9F80DA19A6D9C51D91430429CD00591AD131D193765233FF73476BE40042FCE22F1665CC33D03032D2F9AF9EB0CBC03BCBAA123DC54CE1C79707F9FFD1FB72F3A
J=$175B07871D218A88A2D732EDE77E8A4936A385420AD8D9265E590AB315F0D0DAA6A90DE6191C6D72D11D108EEBA3DEEB89162B3DCEDBAE52A995F2EB5BCC082CBE15F5D43F20653DEFE0698F11D6E114B82F62599A1B3185B7D15E9EA5E8157E2E84A8682554802505D7EEFDAC40F9CD0903BC638F7AFEE864C63BAF28689B03FD1B64BF48EBDE25822994CAE89FABAE29FD23CFBC5CB6CB7EFDA5A17F8B02A7E16FEB915086CFC052746E7B564E2BD35B23F0C4E1803ABA36C444B6E463C6D5ACAEB001E64024648D2C7E4FD7852B18DDFC2CD570944D57ED743C5A5E0CA042A9641204B9A865F5D5DBEA8D7DA9EDFA94EF9DDA7291CCDD39037BF9881045D85D2862AD87B4B206B6D849C9FAC39512F0052C56D84540CE709F0
T=$1

[39]
S=$EDCB6
W=$C8785632D055C8D459C2C1D98EC2E4F9B8246239AFA904F88508583581D33704DBB1E404EBCAA6115A32889B2F0CB04B3D69CE736FB83542D7C483A1BA7F13BCAE5FE416FA9D8CD6C75E6530F53C1E7264CEFE0AE5FCF792B0E5A325445471D73FCD29586D9FC0123A7A5AE306DF4D38889A1CC1481327B8FEDDE4BA79EFE87C37A4F959D2596E28E2C6F1C
J=-$1269096253754F338AF040A8A3E79B28FAF2D1DE0FBC00BE6DDD60BBD9252BEB88FB7D65E73237138ACC608EFD3DB6438CAB937939BDFE5C70E181EBD4D8471186A488662FC8756051956CB557BCAAED27526C1A77DB2A8703959B3C2D21CA6C418E79E1407CB8EB9B1CF02D75199CD591D8FF3B4F70FB545E753451C7646078353ADA14A0C614B8D19D254775BE6F96C8B6079A728D3B9606CCB1765E81CEB83A035832077928B21D46F7D6057425E2C1274AE7CFF3A66BA93B8E2EB81C6A52B5FC941341E6AD12CDA4A6EEE94873C4A296DB9D3415DD5D12EE693A40093CFB8B0F4F4FCCB7A311FBC9C7AA67D416C47D56DA5BD127FF35B35DC98C1E052B99C62508F43E5D311994F829AB4FC500AE63A15E00B857AC
T=0

[40]
S=$4FF72A172
W=-$2880A65FD94CD3D492B6D2842745045BFAE1BBC659652590325BA276B8626779BA48952D6F2332A208D8F3E963A7F9D29C30C66706FAD50C4724AE92051A4E343878F18417506742303400DEA58EA6F932B85DD754CB33462AD1E16328FEF72BAEAD97E117015336411D35E3917CD5AF1351CEABC111987A8FD3296C8AB0434A7FDC13BE964C16BBBC3DE
J=-$FF3083604EE91B853FED4227E99590802A5B4C186E39E482A480834D8E3D407F83EB98885538EDCFA1F1F56E1306CDBC31D644653F2DCCFD9EF563E1C0E201CB286077C8396AD15595F6A0C6007134C96DE68CF850DC56932F3863F9D01D894AD58F347A0464659194B9FEC06169C44304F01FD501C85E8FC89D5EFCE4E78BEBB04DF32A3C592D65B36043D2DBB827E92D3B8E3952FF114138C6FFD8D684077E846AF995D5BF8CDF06F57241F43ED2686DDFAE83E53ECF543307CA0756D29FFCB4B1DDC975172BB504709E59197197D67A92DF9677DF0ABF51E6880737BD28D722F8CF72165C2AED94D44B19A7D0A671A20219C38E4A3CC22FED9ABDE43F5B2851AF58F11FA3BB9049AD1A62CA7012A8774D0C18
T=0

[41]
S=$142E
Q=$7

[42]
S=$79BCBF55B
W=$4C9B529009504C8430FB7FDEB1353EE0620ADBFC7506F547189EA8024A2788FF918E3088E2058A9F71D1F54D5D009DA9D91BDBF954D0E5F2860D43846F2BE0E3102B30E488FA2D030270C1211D23402110089B6BA3BA03062F67CB9FFD046E4D1C04B499BD634490A7BBA3949370F3EC4BDA11E81178CFD129D10EE255E06AFE79B9EFCEC1EA1F1
J=$F3714D415F4702338E01343012CDEBAB7227A67AA9251CEFFCEEA5D997C53F3D65FF00E2F99CB3AFD16D7AD9A1B6F5AE26889F42FE34263A49ABA1FC60DE333916262C90AE521DD1832B3A0185165D7AFC3986F61EC9634219DF75B48071EB55E98F11ABEBC44A4040A2A1C86A639C5DBA7508E1D9BAA27E438E163C5EEA95932DCC62BCE043BE2A781AF4D3902E3632B87DF504D400F267520DEEC8BD17F57C8A364AB3F5C290B5E6F5DE4B0AF2F4F422D3A4305B2E4E2FF979E087AFAC1F3DCF0B9B2C63327854FCB5014AD67056F68A3C732902D367D3C761D669E296EFF94E88BB048218F03BA97581717B67816F5FDD72F39EDADBFDB7D7FD12E09DE4880B09F8FC3B4C10E828A46759192A
T=0

[43]
S=$740C00
W=-$1EA6557222772804E77D78971EE50E4CBEE35D8B338ACEF3074B5821B4DACBBECDE7FE471BCDFA3E1EB4DE4587EFD4DBE3393DD1141BAAC75E837DA027CF1F99ECBB994C118F73DAFE2950E65F8B12496D04407CEC3587EA828AF7403BCA88041CD92B794A747EEADE34A79981EFE280C2E665D213CCCBADFA487E5FA34BCD9E2EDFBA9753E
J=$193E91477AAA09121974FE593A3AC1F48DE5E529DBDDD209E2F574C4BC5C4E99BFC7DECB3E901FC8C659BB86EEA8D26FE1DCBE4C0E6E3BB9AB1FED1009CF46B745A09DA8673A60B3694EF61EA3D264FA05585AACC952BBAC022F4FEDD00448B81826B1FA02F6993D84F033BCA93D7A86F26CB0C06065DFBEFF42A204D7290C842600401F5743EE1853E47C69A71B5FD8292AFAB5C3D05C3EC49815A916CE69F29F4D07F409DF8BD6FACDECAF9D30BE9029E17A0B124D3702014398526EB6A863B60BADDC5E27BC60D7299BD29F41394396572F69E4B6FBB08580464C40C01D115C62A4AC2B6D06850657A0FA16A1FBC83774BBB6BEBF93E74D721E084281860623801BBF99A8700A79F5
T=$1

[44]
S=$41FD240
W=-$2DDEF4A8F6EFE0EA88A21C769176DE679998DCF75A5210C94BC9B5CF4EEB89DF515A27D8E85CD8DE4BE42640397C096B91E4B41F5F376326097B8711E30FF4B24A1803B32798C9526B5CD0EED8BF172DFCBDBF34A541AA3DE6F2F3E8C8C474BEF059B5A912533C006F14064712BF228F5EAD3B2E88D599BF86D91ABAA67F906E3B16A3DC
J=-$B4B06F10B71FBBA78E8F2422701D186D9610C48F13A565D22D9B4A6EA85A40CE4756F7A370D8CFBE634C6EE3A8456D61482E132F1956065A3F55AC03E5025CA1266C66F9FEF092680F1249F26B27CA0DFC0FC84CC3C88EDE5AC3FA0A81A02014A2901627661420ADB8BA349AB1DA5B20E3F71FD755C3AB9D5BB8C349CAAC2A4E1E3C910EE6DDB73B9D3EC689941C9BA67BA73BCD40BF839B3682E7E998CC6934F8A684DE04C773161462B0FD55CA390088DDD5CAF9020E161EE5C75E86F773A9FCFEC3BB14724206A4E3AEC8EDAD9F3302BAA0EF300F1019D62FF0D6B85B59CF85D4BCAA4538BE579C8CCAB9CE9599314DCF430C4CDEEF87173D729BB1C0E242F35DD62E24A314
T=$4

[45]
S=$28BC1FA308
Q=$3

[46]
S=$1531
W=$3628314B5C3CD7E6F010ECB20BBDE5249CFEC8BEF20D61289C47BA61B51DEC30F51F6371FBB12772BB74BCA3828E08A92C5D4D00129540B80866E51EE7E39BC5E9EC863E8107B60CAAD265DBE99C89CBEFE27D1ECCF7DE003C44C964F31A8B36A1A7E66E2ACB03D3CCCDF430C1D8B5D044DDE6BCAA5A4E950897CF24D4C315F3
J=$2C4F5D76A237C93ACDEBC47877434F464EF98BDD6384E0960B6614348FC2D149761652409EA25F9FEF4F3956E8C6E77EA07F7CC01DF8DD26267D296505391C8E3E253B9C21D071A00859FC247DEC790F866C98AE13DDA64C7F50EED4614F9351F13B1695E2379851F1D52553CF288E70FD4D196AFE30BF4F13AD2A61110FD2DC7C575CA644236BF15C8B3B39797122DBADF9C9ACADB27C9A4FD13827410AA67E6AA54502E00226103B2B7917205ECCC00D882BE7F18269911DA939E6331695BA8D164D47CBDE1B0887BC3AEEBB20C3CE47733DAC388E14255C455538119A9192A577E9B33D2B605B7CE743DB81482E03982B3B277D374D0B381C3448F054EC
T=$2

[47]
S=$B556B2C5
W=$A0656970FF1BEA68EE1A2CCBC6590881E9B87C48ED89F93257CF5CA126CD2BF3725959E9849E515A194BDBD6448CAE08AAEF2DD157C045532417D3892B45AE7838C5A3B392AA76870617A09990E3F5CEF056E0A5B333EED7A0486D3A948325C704D9076D00F4ABF80B5F45BE3CB9D37E69222576FC60EE68CF636045DDD31B
A=0
B=$10
T=$2

[48]
S=$1D5CAF1
W=$C4AB4D229ABA11313448F313466088C2851E89869CEFE54952CBA191C7DEF7803A0DAB7223F3B57C7DA5F550746E237BBB32597E1058E6B9B4FEE6C5950169B59841AAB120AAE74DB7B5BB03E2AE2F5C3BF0732540EA07DF0D386C7C34BB68558C24885FBFF837CF9949845E2873165E41A5E36DA77A5DD96706D1957D
J=$16B5F9EED4932F027FA4F19ADBDD7C1CBEDF0A6ECD3EFF8152BC4978C3B957666AAB8B44D53737B900F0B95A38E21F0BD3BECC070DA5C1E26F346D3967E9BA0DCC3291DF2BE6719C5B738B1364890E07BDAEAA69BAD15752D6A6BA3AC9D9C8BDDBD8DE850F4888FF74A5149FAB4703CCE5D7B833E65FC2E8B1775DEBF24957BFE8AB994F52F0F13748751EACF8229C100EA291B7EF1A7D86B394A657AD40AAD5CE928574BA796D60388CEACD1DA4C4083908887290923E8953F9E486C9C137170BB61E5C3235B349C13EAC3C39D6DD2F3757BCA822B30B6532837E2545BFA6740584D01F7B6A2DD44921AD50D57659A5134FEDA270F4BD0D1AAE
T=0

[49]
S=$241ECC64B6004
W=$B0B6A99E6D05E38E1BC93A5E8D2523450DC31769EED8DE334D58EDDB5E4306BFB3E45918E5527EA420B2268740D807ADB70F6FF6D97032AC8CE794552B89C4BF13D055965B6389C079448049E42DCF5DDFC2B3B0BCCBAF870D1B2120F1AD56CF38B19FF5C5360FB24912170FF2738785ABA5578DC9A28EA00DEE2C6
J=$C5B04355E913C0602D98682A06B0031FD934C26D6FC3813779F5E0D55AB7C5023350D5A2C011AAC54CF37E1E8D1587B4FDE5AA0010865ACAFF2CE6E4C48CCF8CC44CF3A0F5C8CC5D1DEF4259C09CAD76F19F5D205A7D7F0DD7C4571440E7893C810580560DF457E32E101D271EB3913BE2C018B228D47CE617A4BB42478095CD17145771D4735F6AC6F434E7E23E62AC3E3E2391DD220A312A65302952625C78EBC0A505A47E222E884317784AD64E97B8F1EE50E78CAD7449D71585336A2E05E7645398AE62E6E2A975474A3A3854E4A99A735190AA27C814DDB47F4D8DE077358CB8D10CA0F8A9F30CCF587B3314520BD9F1EF92924
T=0

[50]
S=$1108B4F93230
W=$3847A662EB38A8E88233D7639910B3B642A67CA040715636E4F07986C2FCF74BD0B4D299FC0DAE595EBF12747BB430627D3F9806DBCD2490547B218BB5C8842A43B87BC745683F246136411FBA304242AF8638B1DA5CFE26E29CD3A53598DD60443917C4781368802ED601EFA2F99C8E5D830D02AA8C4E1B2
J=$39C49A4E23E8A27FC4EFDAC03B7215B0774A79AA5EC4CE86D2DD5A2483AB935BC53B98ED91BA03088C22475DCDA876D19F48191AA7CD287AD744C3FA9019DC362D6E9E9FE0E93DED73A034D0D32EAF1F56F94826487345700539D5EF27CB4CF3B1B9A56C06D74D3B0C062661E55C1A2C68804AB8D43B6D4DAB43FCB8261804A10ACE6B2C77F860744C67103FB56585672B796CDFA96F6BCEEDB14FBA59EA7FD949A68EB8BBD790BE3E395FA78FC813474121AD1E5A6C47685B3AE36F5B3936367146C26D4418C110DB5FCE670931F05F176CCEC2E2A22A03E707D7EA93AADD9233480B36585463AE18D86E0B2D56F0731
T=0

[51]
S=$9FB821
W=$19FC7416A68F2A78FE06EDB7E63A61645E426B42FBB3377FD3AA84C7F642031941D27654FC0FDE2127686CBE8C5CB3BEC66520A6F76CACC36885EB938A2BEB6F04324DB75DBA61BCEACBB77C35ADC4D36DD75EDE695970D2C6D0BB0D934CA30E41A5A5BB5DC2FE99FBB99BDD2CFC293361C3252577A5
A=0
B=$2
T=$1

[52]
S=$1B0B98030
W=-$1DA222245F747EE4C1A05F772BD8D02B17963F23B70232AE881A2CB5AAC38FB921D6E2FF5489973488A0C6914563034A48318AA0DE60E891CAC4524446CDA3B1E891E6134FA5200827442ACC2FCB32394F77435B30851E49AC258B266B782CF4FCC62074599852C7B4D1AFF80FFF8FB1EB19261DE
J=-$8D501847499AF7BFF2CD5BE9028D245079528F5557553908F918CD3DC915491C24A6DDE2757C3D91A2CC8DCB2DE0ED04AC66DF4D2EC32FBA61020E79709CA636487985E61C7CD6188C4AF69F339B5845C632DF30A33BAE31BB02C4F33CF01AD48C1CE29C09E05C3BDABB5BC3DCF2A32A1BEF412A4DEB901536B4C76C0D788272FB0A5D319AF00D766FE9665A8B9EE5A5C2E95AAB44762F813E58465BA418640A4BE41C10915EF58FFCD481259A64AE4AE180F8DA26F782B6466603E817EBC1EF9180BB10DF6D8AE6D48D7A273111F409DA303D0666DDEA5E6D737EDDB0FE0149415FD7F8CF5A55B1
T=0

[53]
S=$61C0AE34
W=$15E470C0A4E64163A36CB1CB52D776A770BA39889BF966F5A67297DDBA6DF3313E6AEBB3560168BCED7070925EBCF228AE545562C9B57A6E132A44CE606D043AB93DFB295EE4BAA2F74F2E40C686F87F5650666B7D74199A45EF6D8C2AC428DD7DDCFC9379FF136123BECBB6AC3930804DECE
J=-$2C2036F5148FB56982463A7EB41D5F29A18581307A5401C72BBBA2ECC6B36EF09E5F2019FFFCC3054AA04F653C24D2D7DB9C56B0A7D96BA06D825C15D367FB85388B3BF26D552FA978DBAC809A9EEE2EEB90CFBC51CB96D0355C08569A4DE261842FAB0547C0BFF78AA054F016DE4596801D3232B3DBB1659ADC54A4A63A1485B9419E030F81D64717EDEDC6664D3C981987E7A920F696DF8D09656E93DF07E9AE50E064AA58A346013889A865416BA630783BDFD10F6C3188BA6E8FAA35BD8FBC93A5A86DBED9617E1DFD3E7EDDE9CA78AE78C74CEC3111D1B06967F8C4CD56575EDAEF
T=0

[54]
S=$38B812E33
W=$2BD43D12403CD1575D573BF0559A985295508949C02DFCCE2127EC0BEC3A3D376E8A0F5FEA89C007FCE53DA4B285179F69F3BA1ED9915DFB3FA0CBD1F09E603F5DF378DCB657149A5CB660F2AFAD0303DEFD81728539292AB8967B58D9F192BAD410FAD3B1845BB59D0CF7493C243A3E1
J=-$2EA050E543BB3F5A07558DD9BE21A7B317237ADDE1985B0A8D7803F7EC3AE380316C4AAF5260B982B2E2656D73CDD6F2654C21DAD284BD9CF16F47A22584D61E38E7BF6BA84E30FD6DE2ADED99E178901B232AF0EB51C36D301A68D9DD1DD97F3A35A2F3C7DA5B237D75A6EC05D22A0186ED3CA7DD0DC2DF7CB945FB971E1128311773C88170B87F0BC61F7F95BA4107819AEF016E68AA968FC5579FC9A946CE50B9893F2AC268A14704E3FB400DB59D61CF1A4E678589237C444477114CFF51C7A8CF7B8F77AF89E745B245B15DE779A1A43A67E16D774D8F607066FB8FD7F9
T=0

[55]
S=$242017FCE
W=-$52ADD2319791AF160D6D9ED42DE968F1879899A356A1119934EF22252407830EDED27AC02599BA44A07E9D6CE770A250BA448340EE58C339B72C9AA4F325F85ED6F20376C8F018C986C3BB2CEEB95FE3BDAAE67ABEE84E094D2C05DE0446F63B72B4C15082BD630190100844ECC6
J=$378DCD64ADD637DA603B12F2F6B1B576F4BF5BDC2EFD195495AABDDFD061B04B11F5F88C035C9E67ECD14156A7B92F71E0BA855671EACC98FFE78CF95DB722AB4D2D45FC60471FFD378599898C93AF76C0B07589577EEE6FF611B83E67B5065D4A627CC97D995B707F9FE6AE64686FDA700F73B58B8F1981C5266A4ACDC076E425B97CADD033B481A5703F0B0FD13AB51F245B7080408B0668B448E9387265E5EFFCE862050E03121DFABC939C14AC7BD67A321D9D4E53F633E277477C9FD5B06DFB725EC42D9B08E08D9B055E9AC65491AD4DF0B3BBD1A84DDCDD3A
T=0

[56]
S=$186752E1
W=$F56F84BDED371258940B40E377C005F8728AED1BF83D57F785C0BB596F0158813ADB5D05892FC6DF24B9F74925C109F6BA83C7B0358D081E80847847056A00FE1DBAC7210A4ACA5E5F01C4C15912A663DFDCC3143440288F1960FA9E72C26FC264B9A2DC1D39E02B21E1979B
J=-$1BAA9958953DF283CB1814A5C6FC19CB1147FFD21B3AD034A2A759387A39391663551A347A89F0673D591DEED099FA3D27CCB12EF3F2268EF1E8548A98DA1E67D416A751DB43F8E86A972B40B49C259E6737AF7AA2B5622F39ADBC7D6632CA4782A3F6F101B305F9026DBDAB3629486458FB5296204ACD79797ED469BE0A53CB45F8B3FAB0A4D95D7776761DA43D72D7275396C18EE9A6C86FD8271E32C15747407C448CF9D0301EA49667B19693F9187A0781D8DF853994CED97EC0F8C35A5064ED29146612046F029160E758112935FCF4C9E929F6FF06
T=$1

[57]
S=$B76104
W=-$2B8AA35FEDA5692098CEED13F591662F2E18CC0B6408FD9CA10BE33007BA166BFA2B061DEA4863BF8F170CED3AC2CE6F3F8E08685C5B6A5E09A0690B8722E7E9CEE7EECCF337EB0264FA6FDD1E4A6D9308AFD3E1BE6F89342578E2BD6A4C769103B574A7AA345B94DE098
J=$3C8EF6BDA181197CF0B891028CE6520CA0A36E277ED1321391221DE1B76CEBA2A14ADBEB348C7F910BCDB06BB789B9DF2657FCA09150EE6F11496AA6A7CC38BD1F9DE07A62DA4B0D678E04A631E097996CDF7BE95E4944CCE53A2214A8F786489152E817813146937B57962BCEC84D60FC63FC6A4ECF6DC3D2335F67819D61FF21AE08F695DBA1ABAEDDC66CE9A9F74CF08F4134C6216219610CA758FA149B5D2C91FF5B707AF0948EFA2A2BAD7F63FFFCD745C9D03D7E2C056A9E590FDB65E2D07495DB19313F9946C74FC51C97D19EB8B59083
T=0

[58]
S=$81D68C
W=-$339C30AD40542146D4F79866C4D65437E4EE085DD532E3D19E838EC197D24C32476A8C9B7E2C511BE6BB3C451515A63710457921FF1746140221C794D05098C4CDF6C144E58D6FE83D38A1B2091F7FD2F4E320CB178655F12800A3E9FFF36D7A9EBB6DBD5B743FAEC6
J=-$1905D07A888C7891C1B3F6BCB15A53E82B05FC952FE5CCE36495A02F7AC4990B1E140329865DD76A5E600FA55A66E761B0B8EF653C017957300E018C8EBFC869E437BC82E39E7ACB7E03BF0C9B2E6A5A59FC8B689AA51ACFD78F6361EAB71B418C908E69ADBFE30D4D42A2714F455AE896291F53E2E5373A38D625BA8F8E4797303696183FBBB9BD435136C03FC4F17D361F50BC6534DB3A85943A8C21D54F61A17B9821C7C360AE7D57F3B369FE7EE6A82878FB473F8E17934275CE014261F1C7B4092F2D35B181C380C82DAB1CCE00066
T=0

[59]
S=$170C544AAE
W=-$32AABEB472003D1BE0DC50F84DC37A277550692E81CFB09CF32F2A14B798F33B93109CC3CFC37BF8424DC0061D6E991FC180DCE7863201B5CCEADD9A10D7D221EDEF81D4415208D3CCD5B944DC7AA6E9410BA79B87A41466B07AA97A6743BFADFBA9D7F10E65AB2
J=-$124F88F92A1886DAE905A62A919A0CC24E8303F1E46E49B140E9F7D46A5856DE3C0F0EE2B165E080357CBA184CB084EDDFEA15423CA221848BD8F6BCBB4C6D100A6C5BD0336E9F9231F45DE37AA7E87142A8C35D36F8E48BA2D5C5F23FCF1213170D8BA3CD7D8C69D3710EEA0F2C90E1B3D0401A0FF660A38822D4955A8C9A14B84F6E419C9CEAB56BAD5880A56BA5B786755E35DE93C68451CE4CFBC3269D3F4C6B7C1091438519388E79D08FBBBF76D5FBDD4CD4C5D757850DB4D3DCCB1279C7587716B5EFA1ABD0DC6A6394ADF
T=0

[60]
S=$7419180
W=-$107FEFEA2C453F3DC60576DC81A81197375287D7074F1B6763F0333D0292004E23FD3BE8C9D7EE0C2C771840853662505F0C6615E0E91F104BAD3B08E4001224823FB112C699374B284323F43D66524B6F0346D91BA4C8B719AC7F4AD8C89101E07DFD67ACA
J=-$1384CE49BD901B1EF6B35AE7496055D9A9E58A6070EBA47C1F6CCAFC7C6897DC1E0320636F0AF6D0C71434C0C60FAF1A8564B0FA24D5EF579C651FE8F6F370C844F7CF75CD03262CBF8EFF9049F2DD1605DEFFE53C36AF04509143E07061F828E3C4C313787F2326F1106FAFB12E86C574EA808C4A0BFB4562B9A81093A531733F919AF514F5F69A707A6C0B261F5A66FDC32D34CC0E4FC394C6B4D8865B160F542F50A265E1A6FB33A90315CDFA749B0A97034D958D8A4EB0BFFA82BCF3DB10F9119CEE6E97BE4E6AA3
T=$1

[61]
S=$70161E
W=$378D934742385E1BC94638A14FF2E563D5B991A67A1B7F11BFA5093D554DC69F57F7454DB06E70CDC2B60BFE07CC7BF4B08B13A7A8E1E2A8134C1C6AD7AEE91884289C9F2261105BC0E887BFAB09BDA11CDE4607CC90303BDBB8584AE3D1F41FBD71378
J=$36473FF926E7C503A39320C77AA79AD2688CF8A0B38BFE7F365EE6DF5F06033C47AB73A48B268B8FF5EDFFE70C0E1F302F989FF08847B807CF8AEE30DC84901E4497D888389B8E5F510502F5DA49B54C21A2B0EA571E49CF6B747020242177DA72D37BC02102CF433ECB6A3CB8278E84BD4B3F72CA3CDE9C7410C6F15E4ECFD348FD525074189E21B23D8069CCEC8B32AF6EAC186C14DA53B758E4E4E9E13CF7735D8B2E4AEDFABA181DE1279186762848AAF09601DF9CFFE098495407FA49888A641F57AEC0
T=$1

[62]
S=$2DAD9EBD
W=-$6C572C194B44AB1F47D22DBB96DD6513F2B2B43BFD9F88F25CEB1625AA50BD026E57729D151FC06FE88395642919B6222604DD8A14EEAB4318D174173645AA4C6B291ECABC7E1C8A5053BC3C8DAB19F78719CEF137539120FF22376A5830B590C4BD
J=$31D39AF92C581A37BF3AD97C8CA0A6E683ED89F807418C7B0E65CE0E341380336926BECD1F71EC4D7F46F43FE2CB2174A07CD441039B935B72E368FFF876ADF8BB57180191614F8C8070396671AB1F8B83AE88B918D55D71E0A386F12FE5151D925EA2DDDC72BD606A037E52837A3AA967D4DC9972E3B607DFD39A322C478972D523E8BBFC5517AAD27B3C5CFFA301C50EE5859412620916A0F16DC2789F108910A9664D09078830A9CBB035FB887ADBB9D753F5236BA78D334BB45C7DD4669B9A6CC9A
T=$1

[63]
S=$2BA899
W=-$102124056C42B7FCDC7CA7E8275428577E0DE61610FAFB764508EB066D6ECA90BE552E3E6387E523498786F422A6EFA6B8EB5CE6A94997D8446E73D680CB239EB61C9DE6710C8C2C3CEAA01E3DCFDAEE2692524EE00924BC7E668BDA912253FE5
J=$211924E6A58140C72ED74D15AC80932F399DDB34526B5327FA0C156A33B99E3CE91DF365E86819AAFAF95B5A31FEF112659CA2159B0A36AC36F8BAAADE7A1561C5D8CA3ECA4D81FAD97E0846C2B8F3FA630118470E9C2F62257A3E3B1ADEE56A804109BF8A45F916652058BA441CAA80F8254964723F10809312780830CE572563352DEB89B1BB931913CDAFEEBAC8A65BB8C8FAD5F43566820E523AF67AA31692BA44CBB3BB7CEF9375280C1F5582515AC6ACF50226FD9E8AD44D788404D6C3
T=$4

[64]
S=$17D8630
W=$1ABFCF3407CD5D98EF20F4B65E4C5615BD0CDD321ACEDB3D8B2E3AE61F9C360FE12334717D197B038B90D28C366F5ACDBBDCA13087B7F7BE29465A334D89A8D7236FD14F845F4237E7E6579FD6E4A1610F82BDCCC75704F5127AA099735326
J=-$CFFE1C912A7C092CA7F9A2C48C5D9D6218197F035BAEA1ABFB256C3CA52C7760800D135043B0030D176DB7D0FC32A8CF33FDBBB3B39654257442CDD3C6A004C8CC45F55D4018B0236D1AB59B2903024CE7B325E06FBF1F90FD9542D60CD300FFC7211EFBA9795D09880BFE6DA8AC99F43839B5D5A4E03896D87DB181A050E4A3ECC1DE37786A496993E0CDC7EA22F9FF111E96D29BE6FBD85742E1BFA8A21C96F8705D737FD9F3030B13279CDD1CC88D3148426BCF5B3D6E955E83A14D
T=$2

[65]
S=$798B0F622A
W=-$75AE14A72D8C5F22261ECD541D368D9B02D8B458CE32950A2608D68EC20FF5AC726C4D475DD0E6363F9F872F81210F92D910DDBBD6FDAD4FA364AD0C9234115F77FFD6B52FFBB4924B26D253A63CD66B957340D9C415BE371ECE01183E
J=-$1927C512F8A7328C0A757017F7AD951933107D44295FFE682D93050C335CBA0667AA64AA7D58A50D51A3BC81F775755CDD21A6A298067CC44AC7C04658AE7C12C6174300ADBDA3A522516992F82BE916E954E09A81BD18A4061191E88CBE6951C2B3A50EBCAC0045ED63ECBC7782D594515B01B59AD47E175663D0E03C620F262B017D527E3E4AEDA4153B7D39DE7FF9EADD123B9DD92E97504CCDC7D923C61960AADBF03C1F914E9863AF296A630AD26D3D7357AA82B642CD91
T=0

[66]
S=$780
B=$2

[67]
S=$254A0A3
W=-$EE246A0FD3857113CAFA66E43D0E6C848E322530468E1A88D5CD9BD263D8017B770D4AF93903AE39201ACD8D8489130BA4A0744C9B643D3557D5118086CDB3E4EBE9BDD1F0D94784CD2331AC64FD5206F17671050BE85139E29D
J=$35B08EDB55B971DF0E75EA267AC442220C8508A1014FAE1DC9E546C7D01DA387D1689109BC14B314096B8556572C689AD5FDCE9DAB57075F7957A8D531A6B2D9CF240BEB430ACE0FD69967492D95D0DDC4347E5EEF0DF4CCB6BCD5AB692740B4B748FCC8A07F3A8BE8831673BA93780874D2E187856C44C962BC4639884D1AF4E22A6E42C30D7B2E6BC0D9DC18006F1C8F5A0EAEDCF0E5F82DB45BCF3B1B0D7CEF3B0502A26121D473EF35CB8BA7623C573B5888
T=0

[68]
S=$38BF445FA
W=$E84CFB154B7F67D5847876E2C0A53A07A2AB22FF8AB21EDCDAB0115D9FB141657221C35ECEBE9836F285C6BE7176C0F03D01B2979F05B3775C57BE410EA916BFAC5C6879E9421A76A6361E754BD65C78A6FFABBFD5D690364
A=$2
B=0
T=$1

[69]
S=$FAF590
W=-$5DE5761B06D17FF02C2EB1B7593C4FD57F7B6A807890D9D6CD1F643CBE039F8E10C1838E2EFE6735D6449B2EAAB7DF25BD437F80C9E80F994CC7A171AE69989B4574A3F1D0FE294FA6AB2EF83DFC4A57B2EDC89C0770A
J=$662156E87DA477D98EC18D3611C0D37F98FA04443D119905491A6DFCF66132B99FB564CC23DC641562B8A8FC385A5CD0108F81F59D46B563CC52CC20046B06B87A21E01D81DDE7E4800C1358C0CFA583A80D641A0FCF63243C16ABBB8ADC92943DA358A9A2259399D6B3D3025514F76C7BD9B109BB3B732D5C5C197A304036D723849D87ACEA80CA20903C3455614D5E2F9B605083DFBEB5D8430EF5B5B17EBEF427FBE33DD29FA9E3DEDB774
T=0

[70]
S=$21E7AB7200
W=-$3B30B4EB193D54BD36BD6522BE0B6B38586266BFC1E13E401359C7B5331335B989C3C8DEBFA9C3C39FD524FE758CF1FF369DE670409CCE6BE672C4C8E211DAE0EF4D7CFAEE3D657F688F90E8622A3198241789D41E
J=$92077C2D226AA87C69411198BA81F1BE04D36F05B31D69BD08CBFE59B56638417617ACEB04B2822B22229B7240F8D45C793246B3E86B18A4316B36E7C4A02B1D76EEDC9517C6746E10BB4EECB6D16F85E29E9E1B25D3E9AF7C410E0EE4EA88FC5EC92AB07C2E8D11CB44B7EAB4365378A91716FB566764E0A291BAE8675F8F9AACE428DF747527BA32F58FA015C3AEB825C926840F6A6619B58CCD242B50C82A41290B4598A88D3E4A4
T=0

[71]
S=$11F8D6
W=-$8AE206D842C8125F2900F5FF9658C0D8EBC8DE790D3EEA93A1FCDBC63CD1F3D2D33EC525D3EB06CC72467EBF5EB22C733826DEE332C316E682A2E6A0ECFE07212CE4F6DC2A8AE0480190800A32A798944852
J=$26CD157F28D4D083BFEA37C87E23CE1053108D24ADCDF9B137D7CFE9E395A7756F205AE58003B279A60C33171C919A1A047B6FB275B30176B1AD423C3FA040232C6DE09033E8D41CD91158AEF6293D42E61C2E1AF70A2A94051AB5D2ACB127973260D3D372453DF0C9B581BA403D96A53CDADDF39316B1278FBB29E9C34DFA549890E35FCFC4631501A58DB021131034DB3DBB69D88DB3BDB4A7021CDD2E5BF401155B72BC
T=$1

[72]
S=$502B30
W=-$50564ABD5395137ECE9FFC359C41224B95C2B0C5D23AB9BF23BEC4A7B15B4C19F269F53E7F8816506173700407A9B778C215FE651132B3447C929D3228317F25B1F75D8AEDD3C9DFAABA7D60C848E471F4A
J=-$4B805F9DBE98CAF91182B90F312715F649629B3E48FCD13C424A046B3DF03B7148D05E15618D34F228D6607FFD1C0EA9C924E0C2209142C1243FDE89C60295B3A4D4336EEEC1E5B313648D51EF0FBE238F322578F26509983B16D3E7A19281AC475009B76B128BEE8E736E75C9F61146EE647201C414438242FB0965EA57F17AB881EB840C583271219C573602CA99423F31E47F989BDFAEB980203F0C4F52ABB76C
T=$3

[73]
S=$8F604
W=-$9EC284C1D926F6E86E8EDCA7CF4F52BD7BA2FC9649E1877FDC65CBC4B6171C768EE8FE97670F4D4FDE343F799A571524E6718D701009C2DD6766259531A861FA006A0B5BA561AF244DE1275D993CB4DA
J=-$BEFA18D7E8ED88BDE278730E8133AF432E69B3E9FBBAEBC66F4BCC1290A5EB1DAC27BBBDDF7AFE826B3735571D6A783805ADF961014B383D3B27C942306154F9480B0D71C02CD365DBE0410A1D941C8AD2C163958D242A7E46BCDD2EDC291259D44F6D5B2DB0FE8D9EC0E2C652DF8CAAA8CD7E66A0F1580795518E86125EDB91043A915407D2D9590DC4C8A28FEEFB6E58208D75ACD750D7A356EBAD5600DF9
T=0

[74]
S=$5918AB76065DA4
W=$365416B98C100B70197BBA0A0ADCDE05397AA81F4FDF8B487C9B98901C7B38A9BF99F5E34829676E899374027F8BC894620CB98C4AD574271790E6415914D136088832022DF25D3BBEBB63D8BED9B6
J=$2BB784B87FB6173E70A8B03D2841FEF9E412CC89B0C0A84FD3657F4B28013F8763E3D0FA1295F296E0ED9B3829A99CFDE3A95CC07342970493E274B9963021D3C32745DB4783AA4BD4E78CA6F133BDB1B5475ED125A42093E68D08DA3ADFCA0B946A354A068F36E89A7694BDCBE23DA869D7345C612D291B0E095DB75C32C666EAFED4E12E2953CC02971F1A3204DC08B43DE875AE2414B4460DE97221
T=$6

[75]
S=$2D695F00
W=-$59614D598F05F1AD110646B01C69F48B540351B02DDF435B1A5FDC9C0700494A2C4847BBB5F2D110D1ACDDE7B0CE48B83481BAB1EE4AB288E13DAA818837BB4F9EFA0F2579C6FB1FAE0B94E
J=$2CBFE1A1D7F42BF8811079E86DEC2772560B9529DE3D9B0DA4483EDFE997CD97E5694780A5F08F259175E7202CF823D1F88056344A19359A2E536BEB3ACF9B5700C8ECDA390288696DF5441956D197712176FEB21C948266A066045BFC3BC52EB2CD05F70E6A7BA8CEE0E798DCDE136F74D88D1C78E25AB8AC467606DF742BC406AB3A4E69FC9809B222EC3389534F16B8CCDC656CDB6
T=0

[76]
S=$B3479AB7F96D
W=$4E9B526FB98D5C21FB9DCCD2D473D08AF7E251A46664E87E3CDDA85396FC621CB6DE17BD9FCDE6AEB7303B9015F8C66D976B11ECECA78E8472EEA6694EC452BB814C3683CEDE68EA35
A=0
B=$10
T=$3

[77]
S=$F60B578C
W=-$F4B65367DC766A0A576FA849FE6ADC2F21AF6E36AFC3D6545139724749E529644C2C028108AED6249180B385EE4C2EB7AA59AA874AF9F2A5C1B45E4CC973856638170D15C5774
J=-$1CCCCAC30737A84268F58FC551430CF7DDDBB4EE6400B8404A3711B1CA83D10B7C00A15DABE8D5B0130C765F0F115AB9347028F9FA1E69868A3FA5563577D7098104CB7F924A8ACCB0F579028CC75AEE03E17CF472B0F2F6FE386125DB16E44D2AEE35E140AA5287E42F8698E84EE9EC76F5400976E96BFCC23CFB05019718158D4E9EAAB638B77C233242DC17
T=$1

[78]
S=$2
Q=$1A

[79]
S=$939140E3D7
W=$BDF9FD4409FD0D4150D1175CB002CA352D757639FB0D9C086E3170927DAC32F44165A3C83B57A0433A204439DB76EF5BB5B4E603B092E12A0B02D0295378F0C8C9DF2E519
A=-$84B750
B=$24C7B73A2
T=0

[80]
S=$E0C9C2F4F8
W=$FA50EB91E87F90980699C326DF215D3411B7847AB47AFA077CE5510465F5490585BE8FDDF4B97B8BE96F21E201F610BFEC4B50043F64349ECDDC996F94D064428780
J=$1ADA549407C8A78D5F33B02E68C72ECDEE61073D13FFAE29BB2FB77D283FB51A58190ECF89A1ADDEC89A64511DB683F09C320F5DF0971810C9D3739057BBC8AC97A9DBA68BECF0EB221D2E5414A8A00D9090B6DBAA3A9B42C2A8F438E45670E3C88650193F147D9B989B4A9F1BCD34B24E83A476BD4A23C495BAF7D12D295C421995942E
T=$2

[81]
S=$1F37EA0E
W=-$106EB2FFB8E7C96FB6C0E254E1F7C69FDDA6BE4088C4C3E128CB61D4651FD0E419EF1B633A0DB878BE08622D739D638E20EF804B41A89B6AFFB3B8168607011A
J=$139DD1346CCCD67C8D85FAA6B2741E99ADD2B96BECF20672386B5A566B30DD114275A9B2E34F1650A3AC9F1C25D268F412DCF75D723340C0B80455182B6B9152400D0A603419336F82F32E9F4F86AB29EF76B74E29C52E2ECE2203E7BF1A5A391514F052F6E677BA447816079AF78D0DF3A7E3D5C0C0BB7A5F6E91B948DE38
T=$2

[82]
S=$B70EE98
W=$53B88A7CC0FB3BDB9B13126B45B358A35BDE6A2FEFEE9C7DB20135B6304D33C5A522ABA5ECC21F1F9D9AAF5D026299CE09F4FF5FC2AE3098271905BF89E
J=-$92AFE37867CB9AF83AB2A181EC710BC97469376FE26473EDCE324B189260541A15AF6074D332C634D1E16B7AC22E8C2E98E6E02BCE6F1F6DDB22E38E9CA341282C58E38FBDC9B8D853502818BB7476ACD2C68DCA27C274B9C583C87D6123FC6CEE17176F2529129D168ED29519285F42B936A99979C798E3AD2D5E
T=0

[83]
S=$78E5CF0
W=-$D3473E8275E467F96FA5D2C610BA70601F841751E76206F4568657C848B3E87B371BED386EA672A1A2C80ECE8907D23E1DD7C5D10BC4F3608AB5C55E
J=$146BD314250248F000C1B0F243CBA329AFD31AD6F5CDDA19A7A4BEFFB30CF4009D8C190E7131EFCCFFEAC1614B561B8627022AB37607B349AD8C241A5D99154586F608CF8497A41B275B303388AF20870D31C8D6DBCA819F0DC12A55061E42672838531563A14DE69A048E54D1CE2C500783AEC93A8F5172
T=0

[84]
S=$72C5D3DA
W=-$51A8622194D01BBC22B0B55F4C3B7E1E96EC8A7A1AAB27A10AC6D914926BB8862BF15109230DE2D40EBF26F3082802BF388A47701C452BEA483A6
J=$A4D5A31F2C670A015FEDADB3D2C07A1B381B2E4D81D95019430606E6EB28ABBC3B994DFB7CC654BB4013E172E5125376F2AC9FBB244F0A09C48AD5CBB81B70FD0EE2842582F762C2C12CDBA7AC90136E9DB64117E83E666CBDEADDFC3AA51B8AB8C49ADECF8A3F2936572B1ECBA47B8B1DFEDFA4
T=0

[85]
S=$41D427
W=$54F10C1FBFE3AE9508A86FE24E3924F35E06C2B94A636E7BE83B17BAD17CAC103E85FC9B27898F0153925422071416B355AFBC0E93EF2853B
J=$4E9C23BA4DAAD5851A10FE0515DC8C9B2F0C8663B84EBE0963EF91233986CD01987B9848DB228A9A12BB2274E22314162951553461A37C0CFE52C68BB484AECD8F3707F333F7400C80B0911832B6EC7ADA786AA0E45D877369EADF941A0DE7796935C6B77610FF7164CC6E12D46D17E5A
T=$1

[86]
S=$22FE05534
W=-$505D79E225D2D2B74C0151572EBF737104094DA060D458BC397F9167AE3FE115541F5BEFD3B310A1D8263929A865586EA33BB542298098
J=-$110A196DFAF8FA309482C9F5BEFCC87EC60D07612D665A8C96C8718160CFE4736E77C2A995C7CE92F1BA86B53B9E762B77AB590E25C59F6C43BE4CD28E7F7CCD936EFB7F4056225A88321AB13BA1F31CCF6620AFFE042BE86057B45ABD204D3532B1D99A6DDCE1F1B73999D41A
T=$1

[87]
S=$2D9B330
W=-$6CC752C3840B9DF6BDC217C83EDD83177D2870B5ADF5D4648C10F6FBA7F3D815B859857053D048BE6DB18756D34A33DAF0100DD14E
J=$BC1472EBED58B5A7C297B7F92A31E7FC6B9BD988652B32976CECEF9DCDE7729D885388E517D4486E7E8AB5CD349821CF88B733B7BE40BA8FB09481B1E24AB56E84AE99568CDD89D7A56B251B4F097AE7B7AFC6513793C15D06C809A51D53FCDD4DF527A94CBC141E3AA
T=$2

[88]
S=$2439EE242AD
W=$5FFFDB9D551A72E7511C7C4EBF6EE99F0DCB90E97D5139E30BB3B9BB4BECDF8098466AA01ADBCBFDCCCEFC7DFE87F1EB5643257
J=-$19A85D1858424260D5AAF609056C107CC4706D1123BE90717840905B7B0BAB2310A20B51DDFA2BD43A863B31E58E5CA917AC25CF4D9624A42D120CF1B44F7FCBB12E2041E3F91F9BE4DE3FE56BBD487E89E0C2156F732AFB3323A4257509DAB8242B413BB49E4
T=0

[89]
S=$335330
W=-$2C2676AB530180C613B8DBC56406DAA35ADFCD48CFD012A7E3BB39EB39B3DCEB43DB3D666D1153C561D5051A344EE33F3E
A=-$98
B=$2D2
T=0

[90]
S=$1108387
W=$7EC31923D5145ADEE4E6F10AC7B14D95675B58B32842A80F2D2B9FF56EDFB3E9F850851487328F00D1F23B5ECDA079B
A=-$D70
B=$12F5A
T=0

[91]
S=$65DCA9FE11
W=$847AC7AC927D408C3B691CC5CCAF2361CB2A73B50E294E549C067EE615A297BFECBD51DC8A144AB3A9BDC69DC25F
J=-$5F92162D74149C05AA6D887332BC2BE1B54909C7F7D67F95B5456494FE9D0D1D5FEA260F32A1ED7C2897CD3C919748647D498187940E9E4064AB7572AB28617064635AAE6803CCB7CB13E1F406487216E61A3CD73B2CA08404248EC
T=0

[92]
S=$716A0203
W=-$1E0A0F34068CAFCF6D53F7A91759C609DFE4EB02CDBDD83B2F1DADE48816ED3828C02135F05485700A9DAB7
J=-$1453C46E272A5ADEFC4004B178E7B3AAF77C13F3C1E57C816FC96E42D303007CE725E1BEBDA0E010FAF671524E767FB11D7FB4BD33527C237CE66C0A53BF580497B1519B4F3D45C2303C6F4E85FD08CB8323D8947869D6
T=0

[93]
S=$8BF284
W=-$982C82237846D2372F3CC611AC5D8A4275A2BF119D394BA7A13B0E909E1AD42ECFECB330B856E1348F2
J=$2CF21F1BB9D5FB6BD34A11C69DE1908D922B880765A510C69A698A0A5C82D4300AE927CB750BB48DD0FBDBA47D86EE07614F81ECB2DB3E75A4EED8FD729797C896D41D198AF67D597F6FC7B66AC9BB5543C2A9
T=$1

[94]
S=$5E9A6
W=-$1B6DAF5D5482678280BA6B98E310E2A90DD1CC5ECEB548289FEE2A40103BC402FE1303FA0861425D8
J=$2BF47C5D0EDC1516111CEC4E2B7A72526EA91B71BB703EC665F3639E2B19F02FDE06C4A3FD510FA12F7321C03F2965580B5FCA445107FD6707B00F7C37DF811F107869911EE2040B6BEB7BDF326A2F74
T=$1

[95]
S=$5EFE7
W=$7FB6D7CF582D7127596F0E6210E64E6AC045A66D0586DDDF26236926A4869207028BF1E7881AFD
J=-$839589D5736A91D5CAD5CCEA2F8C2E94456162285E7896611D382B73FB5F87DE232E27F6F39ED0A0D8874BED100606302DFDF0E81C9B9F168BE83D0966FEB9F479AA71AE193054EB863A80C4114
T=0

[96]
S=$200790
W=-$1ACCCD029A22978A81F25F7AE9DC6F5D27DD448552EEF3548EBDA14A6E4A21D7A90A87DB7106
A=-$1E
B=$38
T=$2

[97]
S=$120ABF40
W=-$7743DC3E10BF8B7650337F52B417A095E263AA0294F3DC8A7D0065FDF307B2D999F0D9316
J=-$12754ED97A47FAE60D6A86F74C5206780ADAC9C856537E5E9D2AB70AAAB502350E598D3DB1F4873D460A8AAD97865370600C124D982F72C3D397719C2FEC91C90419D4636EBD74E6BD
T=$2

[98]
S=$165F84
W=-$31AAC244049EC63722FD47C260DB56E0C7BCF17914BCFF2F481E3009EEB04682247EEA
A=-$1E
B=$38
T=$1

[99]
S=$1160B081B56C
W=-$715B0020BE1BBBBF457C18B2BB4A9E146FB62E978DC886428539410BCD63EEF6F0A
J=$E314E2AC8EB6F9D097C8A460322227FF5F133038A97DF6753DFE507C550537961CC510A67DD955AA1D6FC9AA6BD30754CD3919FC77823AB2B7FBCC6D22136BBE6A4C5
T=$2

[100]
S=$12D150A
W=$52F5B0897C10E3DC130D860C35CCBE35D8EFA135A02D1941F9B6E9FDA32FA
J=-$3C9204C31AC01FAF2661A5F9D62BCC47521F03E54CB9FDD18EE18EBE69E613104BBB4C2C100150D317B8A76D9FB72FF2E6D3E8AF16B7E71F6C1F5E92ED
T=0

[101]
S=$2D457EC
W=-$247AB2E332351878119A65E27899DC3C83380E4737793EB6FF92C82F532
A=0
B=$10
T=$1

[102]
S=$310B83E5A0
W=$E91DB0552303BEF6747B5B744C97A4ED349DA98A1404D0861ECAC4C
J=-$28C54AFA0190B1F569E1C4BD19EC30B9DBA5198DDE1B6414E7D6197979F48BEC5BC085DDC522B6801EECD334C9B11B775090BA23F491E4
T=0

[103]
S=$1FF51A
W=-$1C3A249FF99452418E9BFDEB7CB4949F9F4BC5514C94586640C
A=$2
B=0
T=$3

[104]
S=$352E8
W=-$501797734CB261615838737D09C0954E458ED5CE1B591752
J=-$8ED1E980CE0F6E1E8EF034CBE3FC52FBE029A0F1593ACFB97E3F31CDD5A5EDF0EE1F3ED23C1BC584E5BFC1AA69D82C1
T=0

[105]
S=$9196DC
W=-$4F021F5DCF1460DD47B7008074CB4B3733953FB952057A
J=-$1C5DAC85FCF82F93FBE89672DADED5D6E52A9AB64453924997810EEE338DD378C2CD22F6B31099672B285879AA3
T=0

[106]
S=$62C4
W=$14A0DC57C97952683094AA56A449177418AE9397D08
J=$28B7D62B6A13B0D1EA73F4D2FEEFD9A414B85FF4B4B7534B1C8057F0E52CE957983B826DEEE432CBB0614
T=$1

[107]
S=$14
B=$2

[108]
S=$B885
W=-$CA24EEAB5EEB9F1B8F4955A1C3141915DED259BF
J=$3CDE4C8ED53BE921318B4148281298692541340893214FC23C2909CE968A8AE8C76647259DE2B826
T=0

[109]
S=$885544B
W=$1D9230EBA8D4E27F63D73C8604DDA515962B153
J=$B12548C81FA92D78192D3C60C534C4AFD5812F6E7372464FF782E08E9A59DE60A125FE0CA7E7
T=$4

[110]
S=$24C26A0
Q=$5

[111]
S=$CE86124A
B=$2

[112]
S=$3A3EA
Q=$A

[113]
S=$BF69F04
Q=$2

[114]
S=$109130
B=$2

[115]
S=$5BC2AD
W=$3BC7413298A088017675
J=-$33297059D2C6E99B424708B8BDF53D33EA137AE
T=0

[116]
S=$132AC
W=-$5650000385BC4A194
A=0
B=$C
T=$2

[117]
S=$108678
B=$2

[118]
S=$101E094766
Q=$3

[Signature]
1=$9CD2AB3309E9E5DA207F3FC1B77DED6CBA874FCBC413F05F
2=$E38AACD92E7230E54BFD69F7956B0F1D5FCD2664C7005AEF

