[PRIMO - Primality Certificate]
Version=4.3.3 - LX64
WebSite=https://www.ellipsa.eu/
Format=4
ID=B497703821324
Created=Mar-28-2026 04:41:50 PM
TestCount=110
Status=Candidate certified prime

[Comments]
Put here any comment...

[Running Times (Wall-Clock)]
1stPhase=34.93s
2ndPhase=11.28s
Total=46.21s

[Running Times (Processes)]
1stPhase=202s
2ndPhase=43.54s
Total=245s

[Candidate]
File=/home/lappie/Primo_Batch_Farm/Titan_Group8_Prime3.in
Expression=(4797791281543386627006)^47-(4797791281543386627006-1)^47
N=$616BE0CACA540CE5AD3A76A1E8B0B13576BE66506171CFBD89F1F6C67C83667BD2F9AB20AD4D73B2E1D26D1447D2BCF5425D4209C62312C6EFD135B6E1BF1E4A006ACD5B6330D640D4183AB699A79DF461E5BFCB2FDADCA496D6E31CE4EE96107BD026088F5C85E63DD49EB19F81F8410A9215B0F53EEEE001BCCAF82ECE02B829EE469BA2FBEAD4323AA08A38DA034744C9783111684835D5231714340E95AD8B40803BA298B2DDA5876C699C7AE71C41A8D894862B501479C1A0B8BFB5545EBC8F91CD96F0D2AE1ABD39AB0DE3D165E5952B1206C523E1F94F80544C59AD3B8EA9E83D1BDECCFFB15DC521453A3FC4DF7898595D7F697025500B5AEC59D961326C9E7FC77B2C15557BA7503A10B6A54DA9097AD9EFD70F0576491E58781820F77AD7A8C1C8BF2CF5FEEFB49EF95A01F582A226E94C8C2911A5E63ACA0BE1D0BE273B92DA5CFB79900684E0FC1EC422768FEE03A607544C029EF900BCA05919FE01EF4E29E51EAF671679CEF53194C74A3D2AC8BC40D13DFCD8FAD9566A74C6869D62EE6028A11FFDA02C77EA92192FC250191E831EDE047809F5757CCBAB
HexadecimalSize=830
DecimalSize=1000
BinarySize=3319

[1]
S=$317E16FEB
W=-$591B4266826053841FB835EB210104F67B954638057B62CEF63B6639E17874C3363802D629E79EAECA0416D92340A6CB014A6AE9B9C093B4D752ED438F84420F79ABED999C0103217D5A804706EBD676256E7087ED62B992152072D0EDCEDE095D7480DDEEAB75DB30A50234E30A097297B86A2DDFC72FFFF6EA557C00AE1DDF06461E2B16719CB06CD84649BDA11AA8D4A025613878443B9BB0E12B707E5D8D7FA442727B6BFC125762DF37ED068E6720B959613CA161585A5761430AFD6E6BE26750D5714519E500E355FC813D679
A=0
B=$9
T=$2

[2]
S=$18DF5E00E2C1279
W=-$3DE38C8F76E070ABCB7E979881F78C42426E62A4E16C74A067FFD05B05EA8078D63CA66346EDDFD0B71F27E194B69F204B85AB9596DEFD448598FB786C2F5EAC74414A28848BAAF933D0979A4700B2EFDC40EA31A8BA7514A1E216D05112E0CF7B1FD7D64AA495720460B359B244110C538F81660D7DC35D5C5F002FE50D349C8792208FEE52B054D473BCD02670570A233CA322E7618D9AB605A141B990AFB90236C4A53048412EB75AF0B4C3E4B658D73AAB588A7CC772679E3B399D4890EF24B0A8EF5171D9A75FFA6E05D
J=-$6D721A9F128F6C5C52B37998F506F215C99E40A124A63FD4958292133AB9001B21E417A92604635C356466B30B35C0D9CBEDC523D06F3D7D92CB5DBB971BC41679945E0E745B205B6F89048A05E2A5BAACB124ADCD2BE326DC8481222CF74A0BBCA4A374ED52E57D7AFB57A90BD6CCAC4A078A83C5FA37E9281377C4D2105723009405132FA36F8C955F8908E30FAC14FD3292599EBFA6066DEC77C00CF9135A6FB779F52C184E9C6AF778B690703AEF57F83DBA490A8601DD1D14B8F79660E30AB4175AB3A97B3815C49C77541DE701732D96EDBF1AC62B5AE86D8C1EF209ECD3F5209E94A0948869C3F6964E3C799D025C484B2E3B9FAF9AC2A7B9F1EEDC31BFEAAE3E39B3991BA5A42D9FC91554054E642EFBC239DD74AEA8C6AF1FB9B3A91F1058BBD85D4F8D148C73B02183FE28D270DDDBEECD857CAEE557927DC1ABA68BC0ED621873B9C583723F3C5449A46D7D3E452170BCE4800A97498BF263AEFE1EDB30CFC5D4DA75CBB84408AB25D0B9AE9D400E9F2555E34F6BB7C68959CC252F6FD89CAB2B0580DFB1E3B767C78E7ED4215EA42E6FE45C43D99
T=0

[3]
S=$9489B94A
W=$8F2D619A226080385D81C1C8E2E95572544CE8FA58C8EF1E63FE1B239BED84C8FCEBD9FA2F4F356A9F9F8070333A338D2CB1B98232F94DA57FE1F41C6F08F45CB49E7E89FBBEDDEAC156A81F0B6877C63715A36789253FA7346DA51796A83511FA149DDB9EA9528A40DB617F88D3198B4F0BAC4DD735159E2CB11EA707FCCA9784B2FA7C99DA763D53ED7FDA9964CB602A5CF85518FC8300E6A52CB5A1C90A5703EB453DC5A9E85466B33514AE6ACA99AA43036E3105026FEB3F7577D85ED20A2631A83821DE94E57CAC
J=-$95EA2324B40CB4A8B913ED0343444550DE3A6C5667D311148A9DA5F92653D89FDEB58D4B1B4B3A689A65E8583AFFA3641EFC7ADB4BA9967EE499F650A2A55FA3479BDD2071ACB68321175A0F6C18B8178F103A4D52291866F1A4B7D202C5825DB488227FCCED1159D7078120A1784D95E0F986479A5414571AAF702500DA96713D18B641054717B59BC2DD1A6BCBB344E675B9DED81A9B5D8B3CE285090E2D3E0880C9782D2580B1632272C546A02C9DFC6A76024E605AE87411A0BB0A0D01FD853F1E3C03B0A49CE44E7925B61C6CFC258D2906FB9EFB8157B78903C69991A14E86E0A40396E0BC216FF0D40BCB3B207C59E1DAB9B3366669B549307C7EE45DE6C01932228A3DD82E0B044FDA2FCF22FA775C4B7AB18D8164BD1FA9C2B27A905EE0C633F6A3859D48BE0145AEEB1C0A4A8FAD242D9163179342A4D10CE997B8B999FD47ABBD2881D4BC50F3EF22B6F27BA40DF06B108999659B9AE8CB70887ABC6FA07D406CB05738D61F2C922F26ABE7EA5D090E39DFA5B543D437111F409EC7561CD55B9A29C3200A7891EB03B7FF307C36
T=$1

[4]
S=$23053C2
W=$4ADEF53F8EC0FE55A2FACBC50C3AED1820102625B1D3F53F144DDD59C9972B269997F631C0AEDEBC21A7DE8E5E558CDE12196552CBD7AC11CCA5D3D60582B70742564A6A48FD09C5D42109985429CF0FB85041635779AE36122E035A5E890BF718B8542D30C948276D4FBB118A8535B1853C63B7BAE6298C995B9B697F67695A7FAEF993599D3D8F617DC7D9A11E4E615B6EB8EE61C9C01C69FED41E8E1CCE9438469435C6BC4D059C3F6FF1782643221AAB62297F90A64883905A97F8EBBDAD5483C108E72ED36C
J=-$D32D6ECD0295A113AE7FEA816F9A82EA81065013730E6B6F4A293BA51F02319A6A5529CEB602A1DBB7E638ED10558172DE8C5A35C8FE59CFA713E92F502A4CDC2032C0B598BB2727414A5A9928A923734A7C6F51614B4EAEC70670DD47AB3126FA2E361A039C7C79120B1BF2F1FEC114953C2D0A49F327D1B17D986EBA61FAAEB760EA5D9C8E7295301CDD07199F45560E0B4FE6EC6D6EDFD5EDF7F837EB4B39F8D2F9E1688F017C390C923ACB105D0F2E98DA40C517D46A524672B79135B317659E1BEE7D2439C7122C0AE0E3CB35D864C30DA12E04EE4A8E5971DC063F42A73B4F009D5F5A42241AE602621E6FA068D40F1B3D5F55072982073C449409039FAE517EAC27CC15CC72C2585C4E65DF50617A38E2763921DF05547C3B458B8124DDE8851EC527624BA642747B45F75D32C84C990A799DC1D609EC17B0C6B53172DAA1FA5178215DF95539186E2A2307E284F213084C533D5EEF801AE0EDCCDC3ED0AA6710ED4656F86D9D5A8610EEA1AE6E24F0A9321A1720E5B8272E75F5D34E5D271C6DF6E350A62D3091E4B2BFDE4
T=$1

[5]
S=$28A9B
W=$5B04FD59E2992882BD061F847BE474FD5574852C89B12F058122F8DD5B7ACB7E485BB0BA1DDDD67EBF4296FEB3C62F04D99440F07DC6019E19AA609CF886320DB8D7A4B4B26A3AD9B0A53181AE9A8A4FA8A8C0151595326A0ED5DC3144CF5CC92F0C007147330D08D6275F8B2EDD50721E84F42223B29C8BADEACB421B63213F034150454E20D57285DC8402778A752413785B7ECB6D9AF7FFA5DE3CF8B646EB6F376BEC4777DAEE51E2B433F682CEBDE3849F8484D14AE2A534233ACCB8A6DF23D9B88783D83
J=-$208869ED1DA3D140E29C49994CC32BA7E270F9D5D7450D2BB71C7D8D6AD6332A84526178446FFF11EB929456C9D98A3D3E784EA9466BD6E866D2FE197912AECB4D5C4C491693911B4F8F1759847CDA867C30B521CFB9EAA73CB993E4B23AA87A87CD26E735B741C1A4B99B2C9A908D3DF4B8AADE51A63444E404ABCE639FC3E64B54C067045FF0F8A60B199F2F9019707383A89E5282DCA9F0A0B3B5972013600B266E67FC9AA2846914C8CB8021EB5DB12AF6290FCB585A7C92239205A171078314B0441722BFE711411F1169246F1101ABEDAFB790339AD8177FABFBEBF813F4DC19DF945CDB5ED54254C10A844EE031136615FC0A13F6789DDC1E2C207E46456197CAC3DCA2CB5F4FFFA3FD0804E38E67EFA406DA1CC15D57167756DD5B64F19F0DAF10A8DC15192B390EE7A189D7B663BD1FA767098E0056CC33ADDABA70785C89D4E8E149477E5BE28DFD7833B48412841BC49D81285CED6EE476B5CDF05FC28109533A72D79531D21FFDC4783E797F6940AE73C516A8366C1087136D1FEA6D79AB54A4DCE9277623694
T=0

[6]
S=$40BDB340C79
W=$3243AD17BBD0D67081581680C8ADFD1502C5D764E18FD8931197208395995B48555E6A9D28B0951BF8EF882ACB607955C4392FC1BCC5575622B01AB1739D0AE7C6C40C6C5164C63C9B5AA9DCD65461661F9570CFE9AC1927C619F2401F48FADC66F169B00FDA7A6AA0A283B8ABF99C3D90575C8C34F248BC1357B88FBF449223F8AD0D91D0AD192D3C22C154B5526F709254FAE1296294BCFD105AAF76A98906C70DF5FD42A7149178E3ADEA6BFF1E2F3841C59E1D867B682062B485F107C9830D1F27D9C03
J=$117BBB8B3E2D781E7420BD286B1296188A2CEC47742ACE568029EC0A78C17975419E97E95F1124A21602C0C80D24CC260E4B57D112C5235314A4BF372417ABF7DC867DD4BFB44452D75304BC1811589D328907EFB80616F5F15CC6430D82FEED28B6C3D4B78A841618C25BFA3BD87C0903F41022A6A9E7CFC92BB8F2D85A638BD1F99B0346693CF91F0232E6A789C792E03BA7739A08CC3E370320F6933188DFDB3491D4D76DE5E54C6C3EA9EE1B3F86188D110A10400BBCA46EDCAF3A01B6ADB40B3C34A1FCD3261B25E7875205D1E62C812D0C8DC69902D6A85111860FA0B3C93589642BF6BCF45EF833D1C5E93B587969E8EF81521031E237122F8F041E58060357E9F84A0D6877836DBEFF890E1D90E12BFDF3265A0CC73609733281168917323D7FB47BF30A1841836BB12CCB4ED57C60C1C8C9EB145DF8568B45F3C8696469DAFEAF1B26D130AF7E94BDDA0781FAA760CF9510C3E75C9FC2D16FBE070F2C9149314069BF93393D454A801E50181A2BB21C05218878073F3AECBD7EAD336F653AD9601E44692D7A2
T=$3

[7]
S=$B71261
W=-$11FF25FCB48672C8A1F952E7DE86C1C5E27307667740852D563C588E193D463A62D5DFD425E4F22DFA97504F667B290B7AA9DFAAA898505B9877BBB546722A8F44FCB63B29AC77CF58AF5D22B00684D37902D07EC8686E5CABCFEE47600E38F9A6F8630BD43B73302D8F4306BF21CAFAC93039AA7CB758FDF088BE249BED4E19F8B840AE5DCD06BD03367179441DBEE7E836659B1D8294864B50F83F6B67F0BAABF524882F8C78DB7B6D4E5D1551475A5055F03FDA938F5D935B960BC4117C10A9A35
J=-$C214FC986CA87C948653CC9E8A5CBF28481AA96FFF486FBE8648802F4E5B1987B988EB8D58C91E97DC6F228EC32A8F54FD0C62616A1A17CDA9824BFDDE98239ACD1157B1B813895B5F4E9CD977590DDC3F6824208D53684335CCD70834552EBDEC60194CD2BAE7D6E7CF22CF95542093D708203AE232F4A1FF91589B55042106AB3D7307994BDA180962A97A02935B225E9797FA6F29C0F419DDB161FC0E78059D0228ABDC4B7B03322DB13CD4C59AC3AB1FBE834DA20A16B9AB30F8282067C601E650237D504DA3DCBC4F34F9B4688622AC4C5292142D0D7A4820ACF30CFA52356AC71BC52D584DA835C6296EBFDA744CE40DAD4573956367AE07E74A5A2EED8AD69762DC22F4656734CE6DF983D2C617F418DA62265405784F7111CA2547FCF6806780C9F49F8577F998C174EFABDEAFF4386C76D4FEF0172ACA4476049ED640F1E96C8C6E59F898A4A5C6F2942F52DC5CDE091C0D598831027CA064842DC1BAB12E50D3C4BD403B05620537CE8ED6950B8737EB5690AF654B98BEEEB706E47CB61ED04
T=$1

[8]
S=$11C29E21E4
W=$DF4DAE1D24731796175DA4DFC5A454F73C0611E0C33B02069F0A2C5C0E34E422F48FAE12D5C2C385E6EFACA2E657D8A7685AE9EF36CD04A93A20ADB432C1C1F38E4E1DCBF62CC898A371C8A4C8B8521B84035FDB40B4A043C174BE04901D2F8FF60A2D9242D6A4E45943D4935AD9A64D065877E9BE19D12EC44698EBD65728025D07C20C745E6F1AE6F437294B6ABD5C62BF87680DAA4C6DFAE6CC6939582EE35394CFEE80805645800FD56E388067576B1570B44F44479588177B7D7A051C2074
J=$67B4FEC38D1591C7F883193E3A49F768DC175DB38C57C0077655E9892435B7CF30F452B8DBAAFCB0FD43C9F3DB70D93581D9A82CBE092E78A7613B257618F112C9649087E91FD45D9C9A5C5DD16FE48AE42F7741D6A0777263BC25189AE73ED1888A0AB24A3564C0543A69E34BC40F37AFBE9E1CF141E065AF10AA738DCC23AE2BAFB4F58DD0902395D410FA1B5BBBAC4ACF27C6F10EE4375C11C29249293ECE87E33F4438951DC9FF073664FF132B294BFF2A0A4868176DEB3EB7D392513BB4C45D287E43179BAEC6F3EF6D5DC3DEC17D360FFC765FA82336E4AD8ADDE40DA209E3CD7FAA45CCB74D339C36ABC0F7B875356084A45D280EEDE9AB457EECB58685554435F3AD9794DEDF43D5991BFA06DD916F9720B80FB716A627D84172218BC566118A5EE626EA117649A94BB70A9F396AE30D6AF1B99DFA8CEA8C34BE5C46FFCA584E8F200B387603286BC5D5782230CD2E3FF18EA87CEFF40623AE418A0961596CD318C22C7DA951C86A53FE7D159B0827FCA42E2D85311E9EE250AB02ADB480
T=$2

[9]
S=$A7085530
W=-$736E064FE581A1A95190553C6FCC56D2ABD981356F059BEB19C987A46492AFD68E81A0F5BC4DCF420A87A973744E6E3E64163886C42679A83F9BBFA97D68497285134FF87BEE24CDC17670E2E495EC60F0878069E08BA8FA8750A551827D526EFCC1F5B7771A912914637E697C752203087AED6B3BBD17BD4867C47E1A57ED3A857D31D5E24CADC6EF491D46D3221DE81A28EBA01AAF203A87DEAA0947FA869F7E6053B378D2BD7567A4105DA9F49018D0E583FA10645B89F337573A75D3F6
J=$F28B951B629C6E741396D0A38A87034CE1A8D719427066529BD6DB8F6783634E41DBE5148317C791E323281B1D080EBFC20E2446C699AD316DB1601919832F53473E4495EC33559136D8CDC24D97FD8B52DC6DEB5EC531416869C4C7B62411A1F19E5FF84089C3BA1282260E5B13397A36872EEA9E19E0997567AE63F3D2F212092DFB54A7DDEE2CFC7757AE7658EA53344870AE972852B3404F65AA9296DC507EF8D50E8C517C91CB1E32045C03ACFBD326A03A9CB54B852B5A4569B5425089E9B7971FCFC432C21DBF861D2FF50EE13CBCF93B8FC9419CA6FE6B7B77F855514A607D8B7505966A03301D9613A557F7FDE920E6B52721DF2B1C0AB4FC870598557FCED4A23FC041DBB6468F2A8A87A877A41ED649574FF05FF82D35415BEEB09863CD9F4CCC18D3F48F25DC11F349537469A98C718FC7D4D4AA183A56CCB10D246553BA8007404630999D7493C2208B04CC39AFCA6F19981E0CE8113FABEA2112EF8A09E125B045D1F036EEA3A25D53DDD67B54DD9FEF511F3EFE518C7
T=$1

[10]
S=$8AD9C4A5
W=$16D35166B44A61C9F44CBF642E817BF6792033DF690544ACDD7D878C915E2F5E6CE8BFDA097A14F30CED0156C6145F4E49B4F4EA7F5295D50AC30998F0C5C268F3C1266AE2B19EDBAFC7DB7D2C1DBBFF4367C792E72CAE65F9F41EB415F531FF275E206DE49C9C077CE72FDD46833F33AF7C6ABB3684662B9DE2E091D8EA13F73382F5B44907965D536FFDEA718FC0B16597559E1FC770C06533653C66DBB9EB2BCAF36170285224CE759A910C8193C3F82CD2C81E64467142B6D059C5
J=-$F280BD70E9C9C7655F1EE4E17854225BBBDBA5BEA0B16A8079994EA8005620034DE48CD15E5D112ECD6EDDF0526306B4A022FFD5AA13F4E22BA875F9550518BC989065C13D99CB1E277C29ED978E83053F41158A80A503425051123DBB337D37F924368805FE79177CDE3CC205CC69B8B544FCCC583BF6772F0F11EE49A5B0AB9C79EA21DD8C0BAEA2C95A184CD7C2FAE3E273E812E2775418547308D4DC471B07CDA75DAA8134A6FF4C7193AD657AAF2167CDF398FDB1E37B98F9C94B3EA35F118E6BB0261FFFDE44766E0A58331D297A6743366ED6CD686EDD8054553B3E69A2A0FFF17BBDEACC50909B4E97BDF6F36AF7B8CCF3C4DFF6E9F1F38A2B029357A46A73267067850E5C30FDF6E21FDE18B0B231B960C43C42679ECE578A945E3C613FB35DCA04E4ED2EB5D719E8C85DB6F509207F8E6A285A236C0B8F48E0253ACC24C9D6CC54E2B886F721EAB662CFD7ECBD7DF7687A7169DC1868156F9482FF869991C17618A0ECBED23A64E03F6D59934947171F7EFD35571
T=0

[11]
S=$1767B02
W=-$F24E42B764D4A27FB4368FFC3FC44A90662793DAF5DE6C1EB663C04379E5314FDEBFB896F913817ABDD4D57255655F61DCD309BF28BB4CA029D05A13FCC0BB0B199079048D0188B8AC33D9AA02D9863FAE7544BF7E1545C3F48A683C19E84FF50EF6399CD86F07ECDA9A50E84835A2C57C00DB342C7BC4A1F2EDE2FEB4E30A99FA8567911D8D9C123B478A0E14E04A4B92EB30F9818DA8F03EA41F510EB657CA901ECE93BC15969F0FCF2D9E124406B066D91D6E43BD5A502F16A6
J=$2861122AF5153D554D2719EC0151CBD9A7BB079985BFF15B749C81D60AFD70134AF0793AF4DAB4BD4D0E6CD070DA603B5AECF5E1B37B87C5C7D1F69DDA95C129AC72C5F3828D317E42994DCDC469B675ACD15739327DA4EA30813F8B578FA8EEAA078226E803ED5BA7870B0EA34C700CF532EB0D87E87D7F9437048709A555E67EC04206CDDC238C09971E937C099EAB847331AD360C6DDB89FD6512821F20FDDE875A304E864D2412099B0EEA094503D710DB7EE8DCFD6FFC1FCC4242DD8D7B125699F73A80D0312217DC6156B851BACE11F8AA8A0883445936F6E7908F1AB96892BC11145C2EC7171CDE58C2676FE7945D1290D57FAD8FB9DC5E7E101D2046D8D6A6FE118EAA38A7E4E8557EC242A508913B187C411EAA778771D7CE58D3A6326D16E147C342406490172966A1E540DE4A2A7909663E40B603CE3D884DBC8A57B7900F7682DD76A7D9C1492DF46498742FD88798B24258B946F8A45D4542BFC1305430E47181CCF6EDF1044179D165BB35997E85ED
T=$2

[12]
S=$1070A62BD2E3
W=$D8CB3D3A7F2AD6AE49B98EF809DD5097D53DB8CC9891D7D7A9E5A3ABC35E318A5E17791653E715DEE3BD9E095E4AA4B23D0EDCC57C7BF28610A948282D6FAC442A76E39661212822DABD132440FBEE60C8CA09631E78542F289222FBF0324A8067A3994124D87250A7CBCF2DA46F5D5D8D318E50FA320D16A18A241E30757DD38DF687E09E4BCCDBBDC83C3FF510D171ECB3C99DC7847160FFF34D1D90AB18C588DE1CFC0255F4D0CABC95CDC5DB20EA6F3C85FEBBF7D3EE6EB
J=-$14636D2C7E4FF507EAAFF8286238F93E267F4F643184464C6DF1B15AC11B9970B3AC0ED0E5C76C485FBE56E008378AD558743522AABFE924805551C3CCD492D89403BAF78E38180DEC7B1F8FCED1B527B41D33BF26BBC555D27175780C3AA9BE733B9BCF0DAC5382DC23FAB385CE25034D167D34930FD05E15483FADC59378DF2D81308C245B17CE5B74B4CF7D46EA5A35927BF98E5924AE636C001E2DFEB1EBD82822D7B2915384CB2357FD98CD2E012A6465467B4113F8004B5EE5D5CA123BCA3FC2D5D0B8B9700B87AF09BC8C1A357200F6A6B94FB51D7D707075D91086CB6151B9C6BF1E16D52B41EEB7E7B24B070F95D8EA50385373D91772C3FA31962D5EA6C790FD8408EA30739E4F9D486A8DD17634EA91147AF5FE6E5A5AF374BBE135B6DE6160975B4FDD92ADCFDE68D49F2E3E035511D3B076E7F8D5917AF1DAB7F02397705A7DFD27842B1D5FE346DA79F542AE3DF673096FA9AF08D59F6732427C8D6F056252CFC773D0314AB75FD85FDE5FE1
T=0

[13]
S=$644C7A79FD8C6
W=$18F1EE21E0A5CDCFDEDF2348BF2CE9D558CF5776DBCD6732F776419F09E1E4824F6EEBFEDBD02C836840D9C6F1B0EA9F6F37DDE0F53F1BC983D12BBF642CAF5440C87FF4611C726A1507B23928A8F518BFC16D6974497A86D233AED24571B768CB11A3C94C5603C333B671564C6DB876D2E3310108F6FC58CF290D586F958B3FF5A8F89617C006913D3B3428922BAF456B4B56AFF2DD2430DFEFD97E0BD8543E84E92C500ABBDC79A230735F5737AD9B54B3D839A09974
J=$5D98059E804F9D38C4A3415A56CE3A0A35AD2E83309F32073B079A41B0D3F93E1F0047FE0B1116FAFCEBBE6B5642525A714B30B415D44F1A75DB9359B5FBF727376678CEF32FE81EF711D2D5F761AAC97A8A76A71C0605DA4E50CEDB3BE5E915EC224C3AFD337771C78C1915745A1A9EB17B764BB01C76E76E1B7867CE4890CC29077C57A717746D3302483B05EA214D886AD70145FA739AE44A6710EAABBD0B2F60031B5E9290CB1B11BAE9B80EFD2C06469FF13D63EDDFE75B7BCE2A1330901DB4F72DB5B0FA751D7AE5B458CDD5FED4AFB1919EFA23FA82344422502A66AA0C86A6AA7266C7CE56F0CE4675672C8B4925B2BC1EC676AE09752F52099FB6CAC608D5454790EB1D7C64A22F30F341A066B43E799AAB93015DAF6596D976BC12616DB400AFC5866C7040C0751A2AFAEEE01BB33F0A089393882DF72E4805F78AFEF2836A4798909E8D727FA085DBAFD5A714AE434328D1E6A0DED80886BDC575031D6B1D10C17836F264BFA50A
T=0

[14]
S=$6941BE07398401C664
W=$68D9AC2F0BCD10AE5ADC78F733C572C3CA2A373B0184E55936676BB0C5E9D2589F6A2EB932B3ECFD0A48656C2EDC0644D4FF6157C7E05285BEFFA1BAF00D82B2439151306953ED2F4436CAE27027E6EA435A00F4918982AD68F1FB3C5CB5CD92B231C77731CA9C7EE394C067612BFA5B7BEF1B8FD2498208024C25AEB96856C6D0AA5C4D84C7B1931EBF3508793AC00DAD6346EC11078DE61708F5FF2083E37178C33AC268826CBCBD4AA96E83A40E45BD7ABCA
J=$29D0136AB1580C7C74E38AB0AE59DBAC1822C24B45E9AFB300EA7C1BD8A70E5FDE5B074B43A3CC35B2BAA058335867B49466C6ECBBF5B9FDC7CB2C9E9227AC4DACA6C6C830FD5967CF7CC73AC9952471D44764FB5552B6C06AFAB96E1BAECB32EA733DD60EE4DD28C5B9F2ADCAEF0AA69CD798165D818959EA5CD4D92BDB5C854AFC453FA3C1DC3012E4B8E9B7E730CA3CD4A4AEEF72B4A926FBEE8A8567E51236CB20CE21A7831AA0EE179D7926D146C4C6B62BFD5CD62596540A88CFE086A919698730C0CE9D76A1F5EB5F42045321DFF4217D3444FB235A9BAF472FD98C5B344BB3701C995E2597009561D76FB4A70BAF8E190EE81E7B19F2FBEB14B120E12C7A40A1E5A0A5984CC6BD699F409A09511C6696D27A16B5B7CDD9AB157E17270C1CB252CC81A9625A593B730250CA37E165E138EA536E05262CFFBA6E85AA86549EAF9E8E5C885484B94EDA38E68DFD7F268F818434A05F10BA86E15208F231FC86613B7DF896
T=0

[15]
S=$72B34F07B1A1FA868
W=-$1D023840AE5031E9D9EAE1727F80CB2A714DB4CDA85990F70E75DBAD713331FB9365F705A8CD8B3C394BDE30EC254A762F140FCB89863A0EE234F11B61F80EFE8ACCBF2CC68C835585B8220C959F058895A269A75AE46A8A841091498E44289789EE8DF750FB2612A1D159CB573EEE9B6F714E8816D1A07CE418F61ADE98776214608BFF0F84BDE63EC6C12E3A2A4F62C32BB7E7F907387E0A861C029875A9C661B33CB2FE763927178D29B8992F62A
J=$1358D6E55E402689C2B0CC1570FC6BC77E038F158F45002C39A235A8B0E10614F0DC6CA583B5DD4A2D42A05363D12C0066F7B8DF2B102AB76EE19EA3D8A48B41055E4A8F0C2A9790FDC66150DE1172A1C020D34D2FFF1AAE7677F0C48D3EE4F5AD6D550C4C1090B8DC3EFC945C862959155875D0728436A465BA85F35BA02752C1F1F94A98A443E945B21516D203A3C96C3E3BA7700EC0935C022707860A682E2B944C7E6E9F46EEBE817AB1A7558B30ED9A965FFCD26FDCBEA20E1FA187A4C46654C417645DE3ED1AC2C235F7D6A1E201BBEA9E55616E8426A2CA77201A995E84D2F458BF1C5E83DB0B7A140E174FD7055F571998EEBDF64F8FE8B3E2895EFE00055A73CC31E3266C83826000389E32F3C74F4A444775A0467BA8FE674752C22B70531E0DCB95C9114F27FF97FBC4944B0FFD38320D5381882775638089FAFE93C1C68AF59FD2738698823DA8000F0B35241F1CDACD4B5581E879F4875A
T=0

[16]
S=$5FF824FA
W=-$9194C311A6216739BB782B4F90270E23928DF3F1AABB02F6BAA57DB944CA4B3C8FC4650294042C1F914998AB09780A3C643B242FD24DF2FC1606977944A8680CD72FD494C0488B8DABFE861B5FAC887A81588B0B7F9F818F23397D86FB4C232E3ECE94A70169DD573013736D030AEA6688A4746D6B45CBBD9151F2D24AE3AB5F14D1BB9C1E75BF7BC593E182581A64AE362D8C7BA569764D377960E640C5F0E11B9C069ED56078D6DAD0CA
J=-$4C239A7B61883FD968E009D300CE617E88734DA882C71ACCD2C4E17D7191F76B76D3C11F25967E83CE4C0442E0272BA4F5C6F1E0D33ED35C3C0B0439185ADE42A9DF2363BD06657F3BA8EE882398D7D9639F1D6717533B0B5FD0AC0812C91EB100360EBEE5AB5CDCB1B99EE19C0A6027DB5CF25A300FD35F313BEF02560BFDCD3DA76B059E3F04881E49327924D317A920454A344912D42A14991F6E28A2DE8375943370B9B46D5BAAB7516C101F7F0961B9D0EDE357B9F5F8680F34628CDEADD26E9097DC744E1C3C20106CA5A1F019BDE570EBCEF60CB91C1658381A374C5E2B32458620949AB29115451894ECB53BD18A8D812FB5D5B71558156050A135FB8CB64DA11B1E04F66CA18D922C0F7FBA8B89ECFAE3BA5E98703537387CAED33C55D8B25C41BD0B25B54E8A302B107C9DEF004A2AEB7EBAE39BBFECBB29978D39B43A4FD248F222949A83954ABA8A4A60F313C1A5BD8
T=$2

[17]
S=$11EF63718
W=-$1710A2920CD07182534039212A83DFD71F6DEAF56BE55768BCA2BD1FDA0247FE038327AF9A693BB74AA88CC7377C469475339660024525AE85963D58615EE37261539815CCA14FEC78D3F6F84CF1661ED8A12C78FD61C4A471DB5731F051F012650F16DE98436BB5A1097EA223974D04B331ED6881F9576E75E569EE2B316932998E265656FD8A3AA4B768D0216366F66E1CD5176E6D3D9721D08DFA92CBD04B6F5CB40F474B4AE4ECE
J=-$338F12317D121AACE2CCEF45AFDE98BFB510734EF0D96C728A5C201053175887C8698C8AE794C25ADA37248D8F0748FB25DF130EBE08828209D6FD5B2B12246BBE70E85441A2B6E61ADA024E9148BD0E2BFE347026141EEDDE2EDB8088237C327DD1F55BD00A564B387FEE0F9E2892A2AF523C19E5C7F176589C590813FC5483F3E62FC2A86F6468D0771DBA93763F311194701ECE1EBA635522366A2DEE672F75D497767437B871ED4758478E5ED94C4A8E06039C21C1387327A9ECAD73511636FC2CDA1B56355BFC057AC0447AC3EF1A867E312FB6CF8C61B86DD8B1C44345D0380C3CC5F600804C5414EAD31DE0B3D4467481C61C6AF6DD769A58E3B21F380DEEAFF22D708762113E20942012C84151EA5602A2AA3E15DD6B4A0E74324A7B3AD03D7C6733E293844E26C9E1E85F9E4580614AE6841C0D31042E2A01395735844E778AF87EA40E59DA915283AF94523237
T=0

[18]
S=$1A2319CB25354
W=-$F7B4A36B378B0080E2463361F81CD4FE1CA99EC00F3EE99456D644B56CF405943F86B692D6007CCB5F1ADA3EA6D81427842E23C193EE526BA7A2B02DE13BBCA30E20268233614D76C4BD58BE14C54842DA523A481354E7B450283FDB387E26A88EC27E237501D7780C11F108E6C2BDEF6DA477395E87AFC930CD03F85F85E91644269A900F7BB49E5875451FDE3E01AF12374729F425975EF46508C3F5EC98239235D4AD5BCDC8
J=$1F1BC490C40152951941AD1C3ADEEDBD546AA8D6B96BEE0F64392C850428A70130E3925B3BACE5A4DB6568F36241DBED50147F5FAFC8A11E9DA2A1D73D9CC252F883F01AD90220A90A3C533FCB66442FB0F0C3916B359192CB8EE17E1719747F62C1244C49199E38D00A77A2F4983B1B6FC11808D5CE57A5CE44D1CF76F05838408209FB7166D194AF0BB375392A30BF9BFE4E2941B3DCD730B24B7E11C1745A0A8921071EA49069AAB163ADA1417783458F2896D50D717A2CABEF3B32E7847ECAD0DAA634F8351552257807B7FF192D78DF3FAFAFE1C0D39A4FA9E76C6C83F89A19FC9B7249D629C00A97F24C1A2612BB7189CD3D7F6534A8E02AE8491DCA21F21D2F2F1F7A707153767233A8A08763D51D9F8CDFF087E83C49D24CBDB5BECC537E774C6F32BF37A00578488B64C4EF68F92166FCDA7869F2F33158A648C590F86CF468A65B2E9BB1B343A7DF6E
T=$1

[19]
S=$814
W=-$ECA48411796C979D41A7D59474D785FEA4E3BDC8E93EC1A5C3AA7391B6291A61075E7B725B83AD13F84EF04F6F5B1B0B44B8F3749B825E35FE84E7166A29B25263C676BC9D8A3B59F03CE5BBB3BD8CD33B0782DE70CCCD451CD246D1E783B949FF01D06F322C47CF806DBFCE7EF1A134E27000FF272BC245EBF72853B8E916A30C29F39EE09F202AEEF9776AC7481AB5B8EAA4DCD9FC35EAAE3AD9F4B188942FBA49B34E
A=-$D70
B=$12F5A
T=0

[20]
S=$45144128
W=$2CFDF7287A8A7316A42D2EDC126BAC1B05A93420A880F8117D93F87B56465310DAF423630FB28484338B836F98C6DF8FD619146A412998FD85FE8D25B9D29C91EAC7D9722AED74EC35F693F3BD30FABF1A79A1A31E62288623E93783EE1F0F7A243151FA99C4F96AAE805E609485826B1339611C17B0B3870FAD0C9A43C645DD8E68E4A09C2061F680749D4131672CCC5AA02716C64B0B4F8FE307120E109AF73786398
J=-$38FE13E9B0912A1D8EDB5D3AFAE61FF6C3AC9CC000934F46C35709190B99AE959314B370AED2CADECCB7466C7ECD0D0E2823779CFBE2857DE2F47574C8CCB5CF39024D69649CC82B4FCEDCE30871EA157C8A4DA2978418BCC27010DF7D61C94DB20BEFA5278399B032496270094F66379C9BB69EE9E01E5D9E93BC41783AB3003CA87DE5B6C4F89102E67372C0EF650551E0C5E182A90351217D5F80ACE5CF202260343345622FFDC2C14BB7346FC375A1D3C9346FD9FDE03B03B7078915B698B94D2010950BEC4380676FAABEB3EA3FFCA5D65FEC583E18A32B8E63D6CC33259CBF7E37AA38CFB5BD0FF0FAFA7BFE653242858A4B96727996A5D3932E071E3752986D99B5D0817F119E983C48A9AF73D9131EF3191B9D4234AB97E6A3E821AF277ADBDA78763A3CB6212306DA539E075D3E0B766F3ECF2882BF03A65AAD322F14EF33A0F1F70
T=$2

[21]
S=$45525573
W=-$5BFB112B3D3A018F960C1ECF66A3B4630DE03EE88CF79ECF9C2F241EDDA9C9F672C59FB440E5CD465C3EBCF643614D3EDD25B1AA245856E899D4621164DD117924BE560A585A76EFFAE72704557AF8DE436C9B6E062BA4063A9CC980049FC65789EC82AA661736DC3C5D480754756EDEEDF3C80D883F48069F210139FBEA7E78A5522236BB4E4A32D632CBBFE7339F4D1B7C694DADD919901F42EA97BE3595A2AF3
A=-$108
B=$69E
T=0

[22]
S=$E6D8F6BC
W=$564CA09EDC7FAC1E39F9CB8205022546E78D0F3613AF10BB2D22755AA8590B981FB3B0742E5759549AACDA429007B22C6616937DBECE4FE62FF74E819C46BA01A0D752B5014D997FDFEE6B6A2C2CC2FEAD287E107384ACD43A5D7C9E959CCE4B816F2E011A08D69EC28066BE5B68DF1E4D523984F61DEF6E5926C65462BC180FEF83E5C768E8116FA2AFD4B881DFDB04C7109291357A95EE17A8708C30723E6
J=-$316653CF9BC5C0D45F8D2308616D5002DD8A13BCAAFFB87CC577626C4BDB533AD2E57400FAFE18FFDF4CC1C3780996D6198B3A328968769083AB55248B3A829686106686E073A9B6B58A9A81C2B34A77CE2E12AD2B91B75F491C8AE8FDAF2ECFEEDAEBAFD2FD9441813B75D24CA4CE1F83B1BA93D390BBB1C62E4B6C84E2A0C5D003DBA7976BD0AB679784254785A3811DE9650248A969E489E2EF9AC9ECBF53EBD1C618905AF6A601B407305849F8989693D6F82D7D0D0FC3E8B409017ADC2AE7D8707ED63CADACDAFFCA7978B20A251DED6C751F860603D52FEB25ABFFBE885D187454391E244964E328D0817D1E9E2BB29928E165A89CDC2C889C9946E8E83419CF929184A950EC2755A87F0DD752920EF5B288A38E8DFE1843082A13B499D867F5AE9B569372DE2963EBCCD9027874CB0DDC99007C694D26890E7DD825
T=$2

[23]
S=$662C3451
W=$296E7243D59D72BF330462EF04E96D87B0341F008EEDD4C80784716C2AD8A3F582898A1CED687F58C54DB551B1AF5FCF508901EA9EF7FC4E1F0F98FDF38A445FAB4104AC8D4D7ECB40FC353300C98FDC55EE9C6E2930B7E28AB473D2D85F32C65FD43F58742EDDAA3024470F130D059C2DEB4184E6589065AB6DF6FC055670572B3F7FCDE7B77442AB99A07630FE8E2B89EC43387A5354E7D02E4EFD72B
J=$2EF658FDDC4C89870A601D0101F1E86C9E20EF5761BF3E6088F06956587CB1C9C78AE15DC9AE2C5AFFFA7AA3666C98109E4F3E13EC9B19465597CDAA440FF4B2C9BD2E9CD1AC86C8801E6523C7AF4302ED21D75D6270DC9539E32E783CD6C2F027D1CF56C3F191B845F55BB949531F67BB7C13539B5609ADBBBC721991D782A197E883E98728729BB66395FC90F9D6AE6DF6BB086C75A56ABAFDF0FC2F919BC0BDF93B41D371862688C2C41D7DF540F7AE794996FB1480CDDA53E6CC2CCF957A020A4F6B9E061F1280F2F480CC3B62D967A347FAF34B576329AA876A936B7913E2C0A5E4BE55C3FFB5EEA4EF445299F2A3F10DB277567713A3CFB520C5472AF9D8630935C02565D42C87947911980848E3F94BC95010E70C31A50F27578891D720603AD4E942EC6E0076C6842846D50F4D61990C78581B917DD886
T=0

[24]
S=$2CFF41C96F42068D78
W=-$2204873EAC1AB55E6F1B58574E51C06C80A766EEAAA04C9E3B14A56D2C59FE761CF183965045885C2D8C8EFBDFB740011C82BD0E9B2024105A23237DCB69CA62C661D0C85B145B73A976D3AACA9B0300ECC882D74E25DB7079B208C40AAEF88FA58C975C3D4E817EDDC19DF5755E633A824C65C7E49C62D395E3447B583E6482DB5C8CD943A88E22367A5D390CB72BE49A5BDFA55EFB970555C2A9EA
J=$3F15AC567353AABF61C32B8E8CC598D3A59644C585B3CA53DE0CC8F3D5BCF545866BC206B906B965C5340D56641F52792D0DDAAAC103418C0DDA6229075D8C5BE8207A93255F54F1B69EE52D04EDD3EDB2937FFC5F7BDBA7E3324FA03809BDDFBB5D3935C7E519FC5DC2F0548B2D44695FC4C4B486499C0A882A8DCF20B3AA24F60203CF99C895B4F0533BCE75B05C420F98600B8CE73D1BF8E854981A54EF90C99D2233E815062F5E2989E56ED86BE777C88BEAB1CC2BB6E3E29C32B29143A64F753A12FECEAF97CC9B6F5F3E20F37A8EAC34CED5FC127BC0C3946ACFE3E6E8C20F049ADF4BDB066E196529C1A029A9C8FD1DEA9E5C8F31894378B11D92283C7D7806EC95C53745E18D285DE4F52698DB473666C4AB981C01E81CCA650699EACC581C2563E4222FE18F0E632F17DC3275096F71C2AE35
T=$4

[25]
S=$1EB47C02C
W=-$56E88A98F5DE2BFF905C4B7E113FD3CCC01E6141DBC19DBD57CA8E6F88A5FE003A0B417901F6F054CA09C649A0FCAE657E9DD297231B52081C7842172CFD284BE3FC07A3EECF3A6D20246FFCE0ACFF7720CC72B31D996D17CDA8FE1A0A5B96F213488FDF7F88A7B31B0EF4DFB81AD6500F81C1D3649E19071EA2727CADA19BA7C49183532A87F8CF02D90E47755FA0563B224E6E4E73CF2
J=-$15CE6CFE705C3C1D4122B149737F99A353584AC3B3FAAFD8ADAF46F38B945F9AAE825128D369AFD2932DE35FB5ACE94B1380C691C95F21FD73E8B965385ACF4DB6A62C2DC58DFE5955B235065BF3BE6A72DA7DC980DD2B710011E03C7D5A6BE5810B3C57D9880046C258BC441F58D79FB21251C6FDD3CD9CDAA4AC541C5C0DE9C478CD45EC05CB34851818D9B138DB4E07A6BE76287BFC65EBF18ECE19C3814739359250AF4F4E44F3A773337B6C203268BD0DDA1ECA32D1CEC5861FB821CD90C17047FE6767BBD22B223252E20F2608CBACC3A71EB9E12F2CF2E6A41553ACCAAFB1E817F14E5DF879A36AA4BC0E7DD9EEE4B1A392080935DA86577E3C8BDA42311A11D1A29D5ED25A2033E191BF57008DC935A59ABA0A1BEA90FA18B9BE1CAA1BE7EC63D601AB459E96C1881A1D7
T=$2

[26]
S=$30001A
W=$3ADA354FB35DAF96BFD23B69466E7B53EDD616BA35435FD9B5EFC2E6995E816256556D5AAE64BD1FF5C682B4F5CA53469BE77128BA8DF44F3CA7DC6CE1D7E16CAFE49B193BC741BB380DDCEF2ADA0C12CA446035E612FD702AF771BE5D23439B02283EE6D046E9FFFF7D98E7835F15F8ADFA91FFF299AC0D258A949A4005145C8AF2D83759F2E7876A977A40A6CACEC8E7D473AE666
J=-$A9711B2B81CD438CC66149116DA2A73ACC318AEDDF59422A90DCE49BBD4D1D72F4C16F872F80122A7EF6AC0328C53F2AC693025D168E6B948357353B40175A0B0AF04863BB3A84F745BCF35974B0477982F6415C3521688FA91F1BDCA2E8F4F46E34869BE2D06E17F6044DD32EC2E6AF07D72654DAE7C531E0312C71CE8D2313253806E474F3AB8E78AFBD5179D4B8291970839AF1F8A0BB43D68B3C805A15F7BD4210BAEEE7FD4530073B4EC7E3B62B59625DD975ED5582F803565628715082B407ECF0767EB293966578C52F7CC3FA13FF9DC5FAEA9DB47DB4860DAF969F37C2931B3692BD6EB94810C9F3A5413B33CC770D51C843735961C2FD9915FDF062EA70F4E7814231ABADB558F5AF153C1AAD7257B01E4D7EE7481041A7A6ED9FA6FE73A16852AC01717D50
T=$2

[27]
S=$9CE10AAB0A2E
W=-$8EA02708050711DDF0B734F1CF7B0F1F728C458D15B60F7128B16A14711A851A3B0DB5BE2C633C77E98063D17943862A358C63C8D1FDC6DFD56C02D9F4D0FA214704BD69C293A803EA95036C0C44345C3BA94425C051ACB75157857D228D7ACA3D46B191565E0BD36F4ABC2629E75A048F64867CBBE900EA990F3DDF5A4B0239DBB1C9DF8CC7867724CC88C4FFAA2C119060FFDE
J=$3C9B6D156E389BBEBDBABDF373E76D8824208A3BF3D69A08EA37ECF3C47A4614BCE0902DC6EB4DA7352A757EF43C974E30A808768582FF7C5799EFFDEB99092B01E359A2575D1F73CDF4D3A47686047E74336D83299883FD6C0CEA7BA60B6F89561F85CF8D1913EAB4FBDAEB082608F958942149CF1FC44E667B88E86D5C1A60B5625C87A7B12E4BB7D29A842BE920B3A4C058E65AD0E60078C283BD2371D02389DE62D015D16AF214A835FEDABF84C07EE7F596C44959E56977DBCAC0FD2DEE0F07CCE772ED29D2454BEBD7DDD6DBF5F66011EC48CD186942F04E7CC0C95F3D4C310522C99CCF222703B74E0AF5D6A9CB86F12E9AD68B1CD12FD0A1512282C9F809D057F34908C440DD18B0B2978BD8CFB1B48743600C162226B6834ACBAFAF654C45702DA77C0
T=0

[28]
S=$20AD90A04
W=$13882DD1546D81F5DFF8929A4BD998299EB1C918C87E234A121C9F809C9E34A3B3AD259AE298BDB42057A6B79B61D469E49ACE84B39AD1B7B731DF14BD50FA508399CBDA6207DA295A3E5D94C4220555D19D160135AF4A19B425072B28AA3168412E22AD801F997367D85E0C44ADA89F21F1978415C0FB50AEACBCE35EF75A81AF3A8B72DCABE89DC5A1A3BDA9D3FF10B2
J=-$968E4B9FD18B91D20FE7A0AA2DF11B466DB44088ADC1BAE56A9136361E6C60536E05E1F07B43F7434A9183DA6ECF32604ED64E50A101C35CEB94E5E13CC689B25F5A50D339AEE604330597B18F16BFBB5061FBCFCCBF83992C19DA14D014FCB88EC25D077D0C53E81FE99AC84842B3529F3015865629D9F4C6A3D2EB43925E02EB098D852B9416C568A1BEC5C6E34A8119BFF5A554CFAA76E1725F2BFF5533513D29F3F9D62C163A969A318D32B2693E169B74DFE7B579947D712BEAFEE583DBADACC900BA68F246DC54773FC3C2A8F55E13D76993F7CC14FD1AFD0865E113E5EB1E8411499FA07B396D156DCEA78B1C245A203C769245C7A8A6BCBFB9307D973FEECB16F11738FC112084E3B2C35B45985527ADD60001F0D6F8B9FB937B5BD17C5
T=0

[29]
S=$B08712
W=-$3054647E73C551D41BFB3F6D981D2BE58BD7A9C96543771BA09873A57AD453FA0DFED173C3C798BD6F32FEDFEA02C7C945959D19F7F02D1D0DAC83BBEA53D4CB9A9DA513F6FD26B6F080648638769C5BB9CAA2BFF0B4CFFB8FC2E90393498145DF180FE4C9D6354C0BD088E9C8626A8516F4F3B65E7871FA4B41E0D79460C65CA0F45727D95C9EE66A0E5418444296
J=$48E41FCFE5C695F9F46BF1A75B23DA229B25918B36D3F2F65503FAD0BCEA501EBC32349D24B3AD83DC56D1050B81AFD4131EA41D99738EA8EB4521A4467B187ACFE1A4908F5E56498033F4A3AE0B28DB23818A805F0E315DA1CDFCD28B55EF72CB28C3F0BAEE7C082BDB31D8D552A5E860CC7BB3B3B6CC0211DE6535C50DED2C2EB88166754ECD20573CF0B25469EE122F91E49001ABEEC10D9EF82776059A170EA1D5C1317387D269E4D7A19C294ADA6BC3FC51DEDE3806AD263FD9A24F9542B21C285167E9B33BE824978456691F85D21C44540D59DBB11B6CAEE7D67266A9EFDC2629D7BCCABBA6B522EBE6BF1CA343DCB3258B0449D76D6FDF08BB63DBB2A1F78FAE825640F3CD06F856DCCA6FA1A5348E29AC3BAFFBFDF5017708D
T=0

[30]
S=$43F29023
W=-$927B0AE8A9F8A68A216BC023A898A2DFC4C3351BC93D4B0CE237527C670066ED5D986983FF16936529969FADC4A83980F2B21D40EBEA93752C876CFE2BAA999A826FBCA493832B46C34C3DBD441AA401F070DC62BFA6465EAEA7D717219FA85F0260552F407211706B7AD8241DB2B0190D366442569201755882C738571CE744C183AB35522612642B9052809D1
J=-$AE71D3BFF4551A958D7A4C3BB064B8640AD4944E3CA607DD88E23261556C71760BF65293426C8603587CA4BFA0C1B2049ACF00E3298638233F76DB2A3490766C60AFB8EC762B9DC0F3861674D0A23F71947AFC1BC87055A370EEFBFD4704EC5C92170755AE5775868636B7BDA7410586AB0A6820786F80BCFF3A53B08DA00FDC8E4C21BAE258C31780C428DB79AF7611F5DA82781FB5C978649F7E12717929E5A60C47C43AEE867ADEDD9CF0EFA21B51EA6F3ECCC765D0C5FC91A562BC1A0F036D1D2CFB40A4E461E004218D61AF76E2365A656D4481CB1D51214B84AC29D1D082D00F38FCF463627C2B9300DD40AC191F338CDB90E3C2FC244E49B7FF458E9E63A01A10D1F8362421C7AD94010C7057AEC24C5C4C3C4A1A6F4C2
T=0

[31]
S=$23247290
W=$59D055B34F26E78B7A5B7273C493F110DA94AB3FDDDEB0EFD2013CD187173DD5F06A8AE4216A2B605CD6B1A9A1C445AACE92773D407871E9339947EFADC7DFFF05E772A7F4C301CC17043378FE1EB7551CB2B50952C8179A74326BC8CF8A856A40B558DDF3E6B1BB076058FEF85DB3D0FF8C7E5AADCE26DE0AAC6A8DE051696BBB159CBF91630A7C4489AA
J=$C3928C86D65A6F535DFBC17FA97BA7893A63C3A45B20A947B2FF4C7AF8113FE7C628CF9314A664F1A1ACFCA6B7EB614C0E1A4F98FDAB79CDC3FF06979F5B4AA3B03838230CB70C10E5E9C891694EBB3426AE9FE695275AB4D585E9AD1511A276D3811C48DA529AB6BAF1E12B7938A6A22D08593BE39113618E83E656B3C5DDCC04CA1C60A82B3CB07B1A45482ED04E45C1A3C35230AE4019249F8074C955A3F361163E2A1AED4334E3262542CA4C36C8E3D58F944D94AA2C82493A1303A24E6550BA0A735C2A134947D06CB54AF6605924FDCC5489A414DB355F392136355F95B9CAA57BB2FBDA7C5B4367A77F675443EA64282B230A4926E397F3716BB29D55972EE1D9279034E1E93A613067C4F3173E0E5F85F588A
T=0

[32]
S=$771E9C
W=$33FFB1CB5DA406EAD32BCDCD7978F0EC9166A4FE1739F5996D719F2C287696C8C8DEA42B3EE795C9784530440EE4D44CC57C7F23E0EA6A8D8DFCAE0CA48F29ADB6D29D185D8C99508631E8AB6C0612499731C2FEEE349C63E9B530C7DE5B0099B4D21ADB7E36469DBC85710E59A53D24CE2AF143E5FCEB8C7FF3BB44F89E39436690351FCC559B90107E
J=$EE60D299B7B499C4FF2A9649AA0D6CB4F44F0E83BC917FBC39DE7C142930CC215A149A28D2A52D19A4D62D2942B17D83A43732AC690E4D5CFCC141CD2485A604083DC305A94AA95761ADA90C5EC4355133EB9DBB681EB547589DABD48BF8C5443FFFF8016A62014EBB52E6A25BB9F536AF55565CDF9C991933E08A907F5787BFDF87D78509A0F3F99E842444620EA8A8F558F1203E32EA7388825334FA1FD84E57A8F8A6DDD47B9E79DEB63CC09EC7CB5C90B16066F4866F71D9EB07B3572E72BBE3E65BB1B9839F0B60B860FCEBE1704AE455D392C140A95AA8551891A62309BC9362F666F8151A8912E13ADDCA87F96CF2F73B090E89B485E7935B987D2D507017E49813680EFC106809C697FD80D4AF6162
T=$5

[33]
S=$118F609164
W=$10BD17BE2280074921F9E13AEFD5E064F0C105DCC2068BD13DCF3C691BAA779EE878F8DDECBBA3E2EAE0A57D82610ED819CB49B017FF98399AA2503C74D2D13521E76424690599D984F943E828021F47926A210846D799D4FFA31DFBC3E277DC4BE8981D0327F08C8CEECF7BFE53863F94F7AAC9C498FEBF99278F5FEEA7ED85127260428566361E
J=-$15D8C0E70F78FA5E3D10BE65DA2CCCAD9549C26F7DB16A665F90A96F491089188A7F4CBA9C0BAADED33C3CFC5D104FC210D3976EC4D017E1594A82B7816E2D108A36BA0610D168AB676E27DBEFC786D0BEFC1F1C0BB07DF1E7B2B24D87B8B92C381664CE4360E1C054EB4027B2B6480E7F6A755158C619214B2D2DBA017E8F1BAC0A823CDBF2B7F85061973C6C29EE4D3D7617D8EBAC88FB4E752DAD0BA9A8BDE7D6CECE05B51BDA2A778756D0B3678CA4DF5E1D2E57A90E435088EA7CE3651474EAC48B5FF0FC1A376A81F50B7D7E41B7D4F5B35FA31D83401544EA3DB9766986CEB301FCBDE487F46B6E22558D8F08D5EC621150AAF2C8852006FB56F87AE3FF2C70758F32AE2375ADF08BD0BBEA6D7
T=0

[34]
S=$385CFA06CB30
W=-$D4E62B47E66E3A0D64EEE2952CC0545A4B57CAA99F16B134F5EA4CE4C4B92CCE6E8FD6B8CBFE90517253A3DC53A883E97083F2476139C02BB1203A6140559110E6CA5D6B1F87A1942DD186EA0A203C2F670B6B5A541D12ECAF0B0D78B6A79B4F46EAD4053F4D034E893195C5505E029001B171484B95F8E1284DCD05917405AD123646FC7C26
J=-$1D54DEED4966AD881218845D3FC48F40DBBD9A36A9001F64C965AFF2C07AB8678D08992827847755110A599BBB367F98E6D252B3B45849F7869963A66DAFF203F66C47EACE230B2244FB2A5A2E0F8FE89A545A063DA83316B092DFB3C5B0E6125593F80689C8DA85F86895ED2176FBCBF723301D31A40DB6FDEC877D139ADF183A28B200E267E03ED758B2E8FC752F8319EFEB27607C9B9068C09F8E8C106BB839001DFEE3CF11A09B1003683FEA2C93A104CC11E491C97A0BD4FEAFC7354CD75EE44ECD1202ACC8909B7066D4B26562709FFDD2FE8683BD65386E2713942FAF47AA8E389CEAF6EC99881481251D2096341EE8C9B3B541C26786E8EA0470FE4B5391972C1CD6A9F3234E507C
T=0

[35]
S=$242A49E8
W=-$16A9DFFC7A4DB66EE0E00F893423F23BD1F9A2AD52CA0C14A7B0CBAF01CFFEAC34DC9469C40A0CC12626B7961421203CF78EE5A89FD8944078CE0B342CA10DE52BAE12238BA2A2C48EE99714F5877F327E67E26EB3866DC49B26F7D7A5EB7245167B1B49A352AB45D2CF6D7F27A4DC3CCC264B40D9EC1394A130EF5AF67692451531FA6
J=-$56D643E6D9F31D4411D625AAD19F661313F7374F7B7C4271352354FA12BBE8EB2F63AAA2FA7089CFC9303B152C762C5A0142EC76971E290BA6751AED4919B171F6D1372CA2E949C27A4C5B38D33071F396ECE459746964A7EF10B52F6A6CD5BCAB21FEA53EAAD7D82E62497550D3CA50457F4CD597E9FD93988C3A56409B8606DE472081AFAAFF0F3A09654A0566D78D21AAF2B8178F603E41CFDE8484586BA7EE9A918B56C0EB336F93393535DE36A758591BC14E02034718ECC2BCF8A2F6A6F7A05F48EAD20DDD9072AC2BB1CE29B3DC8001730666A60DD7CFCC931F8F577BD0DB8037C22846D6E0694805303449A56B2122624ED66C7742EE41DEE4D22F49BB3D6E9F65E0
T=0

[36]
S=$9DD837
W=-$6B7591C09F589BA266F89154B5AF2C784DCD44D595365D47F8C316FEB0DE9EFEDB63226FCB0789333439DBD96AFF614E590261EE8256DA41C46F873F70C9A10C6C61CC9F91051BE36C1BE6B499EAF869C3E7E5EB6A4242C8014C64E093E20F18A59B4EF1F74250F89D0E1483326A717833A4C4F876FAF97B78A145D0B496E357ED
J=-$10C291EDF4ACC9AE9D83E13E87CC0C9615176FC430BD503F5DC7D9B7AE28E2F9DCA492412CFEC2D526DD0D7AF9863C5F10C1EFDE6C3C3D7FC74CDCE41FE88C11E02BDB03A66A93EC4A54CAD65B5BBA2FDB192EC0FA773C6B75BD885598BD980126BED2BC32432BF802561420D46A1254B686D5D84C63B0AFFA51C4ABB6AD823ED5AC831E1DF712D9960B058198BE4A4090DF268CB7133370A856FB3A0C062A8B8ED947B0DD2BADD7582006FD0019E23AE6AA0CF10E17FB1F422D185B589AA8E17BB11A5BC89289CB96887061B690F8958E687EDB7619EF4941E5C86E8CF99E08DFFD1D7C0437CF28DE8CA16D5ED3592D99912BF6FC5A5D5A430A89BD3B527B4490514
T=0

[37]
S=$B3663DBF
W=$992AB4309E9DF86D16DD1D82C41B2E147D137A6FB2414C3E6792B02F69FBAA0E963FCDCFDB5B1382F02159F6D02ED83B973653C535A2A43F52CE430B79CEF8ED44CC9CABA8E4D0CAFA59E26CA1FA02EC4ABC6D1D5142CFF58F2704F5F6B1AF13A088D63AEC293618AAEE41560C14462B55D9E20B32D672066D9B3F07DB3BAC1
J=$27B6D3846C44868983250455B34A87E6EA0F2B37E2C4D3DD0898FE843DF398974C9C40895427661E3555E32B177D8751C3C692294F88EBCE051CAB5736811D67663866AA3984757BEFFDF4A1B12C45FA9DF7CA7ECD2670E58859F6F602FD063E7E45B7F28C379B2930687634D1FE74C5DACC4E41FAB4CD723877A13D26C59A55B7EB7F773363FB4C93411EAC0F278D9BCC931B57BB2DE51AC02D369151870D8006B716C86F3E845786A35B72EAF64292177C0B1A336E4060649F58B40FE3DFC489E37FFAA70B5C02D582E24954D39EEFC4A4E0B5C2F5AB7C74B45FC12EB5B1907252C2B56ED7D0CEA05DB86B250E3B8945281FD29AA092505C49B0505809B10
T=0

[38]
S=$8FAFBBB4D
W=$445722326D10DF8AE9C8C5B7E51CA3B08D22AFA971549F9A19654A42A81DAEA7B0CC39907EFF663159E2FFDCD6E1AF971178546EAC0BAF55F2344550D0152D136D54C7C2C9A2D407203CF4708676FAF81A633301E6B1FEAF02E4C5B29328BAE6B51F07B01FB27846AC8381474C4B9C36C8ECC6305E7C6EB8ED4B2A6B4C0B
J=$1225BDA13234F3E163287BA648B853F41FEA3B0AEC677165FE5F545F4C13BE97B74A1C1B3D9376CC2E97FCC259DABDFAED64FE66E26EF1F27E97EA5D87E677012E7F0EEA865D118F23AE01DB8CAFC6F1587D6E3A20258E0CC8619A307D593D2701707C5F68D40FB7FC59E4946BBC07556F14BCB945805011F539375E8E46468E3498ADBD7C43922E046D62E04CED200943477D3A997615FD86DB78D3DF4E4D7C16FA760C5CB8F5757FC0F35F42823EB4CF9946E2568D51B4C1D0DF6D27F24644F42AB5FE218692F932EE4CD7082AA4A1BFFA2704363B0DA28F2FAA949301D2C0117EF3680DBF892D35E192AEFF78D37717FBA9C03ECB3216BC9E223
T=$3

[39]
S=$455E8E
W=$2888688B63866C7D93DF3AF33828F95CE1C8222E60DAFD16B986251EAA604BEB2F8A350E69BB634FC8A0D28A60DE8FD01A9ED1D5286FE1A15B7C81CDABC434BC2C36296BB344DA2BA75E93EE59E8BF874F4F7AA3B1676AAF3D69BE1907261629A604D4ED6DE9FD887A60702D4CE15C20C9E5C128B299FA148277968C
J=$136B556FC69213782E3911C92984A9B983B362FEA3597122D87B42CA60F85F0480B2F83F181CB684C46C82EAB6646AB7E160B9F46E71FC2CEF2F48870D5024FD51F87A6EE1C2FF00B7B2C6A8C9F3C54DE0D2B3093412D19225A8B21B9C0D9847E7939FCC68E05F54BF5664B27E6CB88E00FEC04418ADA8445C125B53BFFBD4882484E2107FF0080AD09C753BC106A82F27DA586FB459EDDC136C5CFBB17E31D4C5FFC03FA04694DE91610274B2BA93C27AAA9952B0BA1FCFFAC41B7DB3948D5B0431DE3AA0EF022E85FCB2F6307D178A3C39FB45BBDC07B1981BB8D28B6B56B65A7D1A30D6F865D45FF8ED71439F5F0740C5C01B8F9D600
T=0

[40]
S=$434085911
W=$64D263E6A9FEC66FCF2E5CBD7FFD93D63B4F13172D807082DCFB1779EE257C375DF502A71B753909A4CB6DAEBDF0B162A2D0835CEEFEA9EB6462F10EB45CE010101C74F05435D8699487E747D83E740AA7A45B5940C5D59EA21F99FEBE294F96F7CA3EEC83176AA95196BEF83562A9D12C300EFAFBEEF67AF5AB9
J=-$12FBD68342738FADCF158AA858FBD866FDD9323D14081F48A33FD4B2A9BA01BA563480043A5D2A5EFB7E996707C2341EEA2F5E185005276782534264AE9531BF70D8FD4525578C13C99C7B456084C8BAC95415620A2C86B02168A6FCCC7AC326F87DC2F1C1CDE19DDF4AFC0D7DCD316EF09B92F499F84FA4073C8130752A69E34C65B6F2096C27BA39D897CCA331E57CDBBBAC067401B4BAF44BDF464F4F995970B3B00E45D0192884E6E084944A152B1F1B06409D577173AE18FB9C1D0A29826EAB16CF34C1E630DFDBFA0FB3AB746BF6D9147DCC3DF11F12F2CAC509CC02434F9B69D2E15B55DE2C6218E074107A0F3CBEDE590
T=0

[41]
S=$BBEF2472
W=-$A2E7D0F85EFA11F91BB24E6E6ACB2304777904F0E8876910304F02E9A1F6849EBB4D19B9EA7D2F4ADE4FBB0D0DA8BEE306BFD21384DD20C165C182C44CE9A035EE770626D3C92E438C94B385F6594AC1C7DFB0687208F290AC615C427E485D1E22264720BF1902D601DDE06E98832635A15D0E85252722C2
J=$10DD1E16248ADE206F02AE6216899876E9C226BD43685CB5059425A76C87A5D6C75CCDE026537AF74FA323AB982BADA15D07CAF7E251C5457CCAFF8C1AE94B0ACB709B37A2FE78CDBA70ED9DB42C0773E9BBDC30A6FC2C45AA36E159BC572AB40450021C52D53CC59829A32FD602CE351622B465BFED6A0413B22B25B048975617BA82AFD8152F9C0EE5908C0205F14F944EE62FE6069E2E40F2F691B34B3151DDE89536FDF789C972079BA617ECD02CE2116F1FCADFA5FCD5189F6304A43AAE1FA85921FC57F3C80B0DE954E8145093F37B44DE8ED5BC32ABDD9DA1F99A295FCBFEF36F12AD090DE2DEBC21B8F301C08
T=0

[42]
S=$52FBA64
W=-$175E099058EC905B48165130A6E653A19E33872CC94C875BE6EDAFB0B7C7F110BD968A636DA314512EFEF803C93C0D5C29D46A2876AD43F79D11E37FC0C455C16BF76F8AEC5D2126A53CA721F8C3F7EDF1ED8701ABF4BF69C0A0F12DE6C5F0D09CA24C2ACB335DD4F831434DF5ECF7CE3EC9B9CD4F760
J=-$D9EF17201A2FDA6EB1D586642EF6C9D7F26738A9AC6DBBAD1D7A5E09E59FB22A52FD87C61FBDB82C21F07DECA704D931BB7BB9402C1F6030968EEEB99B45BF84CA2AD017CB3B9D3C8FC534718947C6572059D7B03DB312E712D138D1559E8EA894F1E404A592EC9DF2A1AEB21382A65B386F32D45A5D54E9BB7E9520BA3F41070C69F5AF5111EBBB037407433EE9928BDA038D55AF86AAB3E3CF4AA358BEAC93EB13AB7AF7EECE0E259DF71275BDA9B5C3DF20C40563EB0F41994EA2CD3FE43FF9B844CC24F59B241CDC774DACD6CEB97610C5D65B79DD3DE29C142D31179927CCF5AFF4BDEF933EEBC48A62
T=$1

[43]
S=$3FF
W=-$5922D55F2257714A3FCD42D5B15A5FA833567D014327761376CF0606F97C846E397019282B7FA0EFC0B749DEFC98D63ECD5A4A8375413DEA6753E5579A20E6E6CA1E19192D36EA907FB9551D6A39D6E8775584B4A3CB30A6CE1771BFACECCDEB0B3D904398034ADB68A007E83808A6A39C7575D0D
J=-$2FECD1A1BC81B82221CD8B9D113A48D5334096F7D38700B996F8C56E9AB0964E630CBF92B660A59C6FB680E57F43FE6C8B76614236F0707E5BE436281A8B3C1BC9FE52A17A0A4AC14D2384F370DA100D96D5BD85B17687F734C9DCA1322C440062A16CC2E486EB6263C118AE06F0B50DF7C2E7BAF8F9A64A21C075AEFEACCCFFCD608297080B6F39EF3AC0FED428E080C11C9FFBFBC229D278C340F12E21A57DDA7832B26DC9C53B2F1A3AD99C858A1CBD31CEE202560700A0B15DD9C173D8A83F00A1CFA9B42FC75729CAFFDDF8774E8D9DF1B3C77A5D429670E780ABAAD1C2A10A06D4A477B19116
T=$2

[44]
S=$24
W=-$2B60D1F0FAEFA9B0622701FE8AA21EEBF1C4AE35F3712627D0066C2FB884456F4147416DED6057CCC57E5DA198295A4E6C8576D2F4F9BCBF2D997565F9DD58D6C8A676A8F71F4CFEB00140D5587997EBD5F8A8B6F96A76154A79BD1418975C7DD27A03015F561A83AA3B016BB0793C3C4B02C814
J=-$128E1E3120EBF190BAF5BA25E8D70D6F750F94B0DCAA7E4F4CDA683921F25340965DD65AB2041DC02B8761FA1050B2070F6162B14B30F681433AA089A1455A159349F47940D1F387EFE3168BAAA461B5A0861C5D442D75194502DFF45F9325F08B6694D33E7228F36CD64B193A742B0600642218DF57FED811F86508A105C318AA8357F14F52B4C314280E95497D93383EECD1F9DDEA8CCA122AED7CCA9F74DB5F6293034498B010873AA92853A695AF3E7B1113D25DB8166B42B8EEAD030CB4C8F7CBAE765B2911700F075BAD4521BFDC6FDB0DABDC70CF40BC333429CC3CF848B51AE1E0B7347D
T=$1

[45]
S=$13BF556000
W=$1BFE87DF11CC7737C1763E720F5580A27EB9360E0D5B2530299F8744800E2923D96B34D992005105709F3555CF2D73206E1A03E4568F3CCE383BEE3739CAEB1859A5BD8EE6391D728804F019E8BC0D12FC231B336475E3145EE72E163BC23FCF3BC9914C46934572FEE52F3C5669C01E7702577C
J=-$63C919BB69844EB7746E3D1802D1F308F44252381240DD4F90C6D837244C0FF26FBDE26C582292334CBF05DFAE4BD27471F47899532051DE177D99391D3E1AB4C5E787DE653BA2781950D72A4975C3F45EAFF2DBA78B8014526A0274454447E9F24DE56105147FBB200A37C5A8F6BC6D346F02AC91E24EF4ACC4F3C3AB1195A645867B755E19C4438A34FBC2983399D2F9908633443674CEA4D905E384D128D97EE350B01FF2AAFBC228CCD9F40E2425F6749AA27DE0DEBBB3D7D3D5A640E05B2BB6B28F0E4F72B921918288022F05E68205DD43A2E8D7B7601FA380FEC3AEE19986495F5B237C
T=$1

[46]
S=$113F8B
W=-$5743E7271CF958643F82BDB93B18CB366B557BEDEF0DBBE4A5086B4D86E2F6D9906674D8CCCCF81CA212E9AC14E2890F46EB3A5CA6ECF65FE3E343B4FA179E5991EAF11427CF271EE3EC3C3D5871B40E91A38D009C75F9A9DC9385753EDDE701C2E80E8C5E0A9F3FA7B017FF6F5AB04D645
J=$5471B2FCDAA563A3E19DD618AE74F20C9069F51404FD2085C2B2FACD6F5B09D5D864ACC30635564961D4ADFB553173C77E1F7A6A64A99FEA651E6B55FA9C2103BBC1C0589EEDE6A164940E1393F3E39637C0D5C324A5BB16F7D9283089AC1E423810A01B258C3E9FD5FCF5D29115A44D42DF677A2DBD7E623FBD50BC786E1C67572DBC848C956D31535AE97CEEAC432078B9ECD667260A9D00CE330AF4A8FED6115B0982FC2A67BB98FE824856E99ECAFDC221DB471366AA14DFC699CD97063E913CBFCC34C4A5F92A8131FFA3FDB0904878DEDAA0073ACD34C84F132C5C518DBD9A1
T=$1

[47]
S=$1770D0
W=-$BC54EAFA97AFA1EF0B6FFD5982793C5A8A96B4AAE0FCB1CE1B2C5DC4E535655A2169C2EDB14F87BC5261A806FF933092FBDC309D3E95032AE706D17D538D1093C8A80A2BD9F2269281D7CFAC4AF2780537519EE0783F2CF309BFC8272C0E43D0973AC6350735208C96583085C5D24BCA
J=$133FB34B748853F03B1A493FB1FBF187D90E4E851DF8036237CA22608B42FF1DD3277FFDA93558C88474DE946C491D585F0898ED2E88A23E9DC37F12151C2C0A00B5EC15D7E84ABDDA0657A49F604DBE0CC13CD60D38FED46C05E3B9AD01AFDE5B0DAC19DBCE00256713D078D863DF9365AF475E48339C694BE144280663158A11D1578D4E5E31F161518F08C55EBD73053214ECF00CA0042E325EF1FB9C8DA29F2E8CF14AE45BCA00935CE5F980A58024DDC605B828BE23AB1CCD1703B00E3486FBEEB826644A4D135259C0C2789F1A1532250CEB072F2D4687246F23235FF
T=$2

[48]
S=$16EE7C7D420C
W=-$9DC4382069A5DDC12D9583C1052EF203D36D73A40FA3F28ADF7AD80D0C655787CEA8D46F9E0020455010DE3E75A5F4DC7A8D796675334A4ADC18B6C5ED1BA3E96C1327D307201D8003473624AC1C94B11305E0ABD10ABDB8AC45624984B1D282C1618FC01444DB76D23FA25114A84
J=$2E57058464796F041CEA8C36C297A7048BAD031FE81E9A2E15AAC96113B630E3EE5F962022E13560A051B9677A6C229569D27C3723191D80F161D93492FF9F8C0431FB91D307AE6364FFB681FD38293353214CDF10BF97A60FD88906E5EC85F14510FE11E1EA1F2A09732F699F4F86A060EEA6087C36776812A814F96C0D6FEE756BC61DD483FCBE485150598AC4FAB081044F7B5D8BA3AAD01CE5E1CEE83566890A3DA93C06BD4D6791BE4C95F7E7AEFA1B7464AD1F8AB9E41E80986AC7C33801584499E5FA2CBAAEBBC65EBF87F0FE423B85CA6AD5A4AEE39E4F3B80A
T=0

[49]
S=$4625E7
W=-$D18979F31BA4A52C6B7CE7998FAF57BD809C67B28D544343854A0B1A378822BFE03D1B42EA96B3BAE27199486B8651375C31FF48BE19F6C1EF02EDEB696A9C4F0B2E1DDE7616976BAE2EEAD8C47D3FB2399B830FAF9A3290E104674792578959B0670B08D946F50681216CE5
J=-$1775671DA520B377C15D9255E8D4B83562DC46870FCA4B41E881AE2944B545EB1DA7476038E166CBF2AF6A7CBF6F2A57672090B3787C61182DABC48EEE9E8835B96C693209BBF5611F8594500CE0F167F524E573C4D07C05AA7E42CC64CE30618DC766A5F12FB78BF91059F6E1C2B4895F33331FF97258A0442D81CBC40944717D2AAC6CFD41FA88843EE31D1BC0397B7F029E346CE2699BB9F600AF4DF04E8D95FCE21656B2F4DA7AADAF00D7DE107DB7630B014ECCD859245F49B19333D7694505AF52672AA3CC6FFAA176C70C1FC65CBFCD3C35CC914D
T=0

[50]
S=$D9A3B
W=$25A4E1F39646AEEAB6888B9C409A31CF3F1B06229148858576D0D3272A79C9A15410F77B112060F04E3798B694BD997F5260507189B2DD166A5FEB57115DD52BB23D304B3F4D8CF409C6043B8C3132F5FB7DCB45A391CE83087EAE0DFAC2C18D0BB4DDCA33CFA77ECB735F
J=$9E38EDE9B0A95580C8E913257896B34A625FF2540739297B5FBE0FF2A84721FC4E9B4D0CEDF0779E38A97AF81ADB44C825FD64CF7F4B9C5AEF3DFC11D6B8B261E5A8939A1DCA20D064F113EFF19EC100F38B76DFBA51416B28FFB3805FBE254F6305D25C551FB835153C5A2AFF111B29C5AC62109EFB671B05CEF8E9CE172E4438AA3CDDDB80B9603C3EBBDC3F2A9682D61B6055ADB45585D34F3CDCE8A624F43DFE8A6C0E234A36AA244B7C9696F16BA477CB702C5DD64D07FB30D189CDC5DDD0E628E9E8D8AF2E126DE03229B0EA80C5A6987EBA
T=0

[51]
S=$946B70B1FDC1C
W=$7267C93C5491C0CA390893315056FC232F0308609EEDCD5B9D7D5C0A25FE665C107E82299823CC007A3BFEF6E986CF9D385B7AD191E590F2761FDC20F11020C8840D78C02E03AF8F33FB92A7A99A55047849ECCE03B9CACCEEA3A50EE936903BE43EC607E2F2FC803A4
A=0
B=$10
T=$1

[52]
S=$26BC59E73F4
W=$215A5C24B72E91B7F8444BFCA0E005B4053C0E48FCE3426D4DC283D995001A7152B62F7640B91945B776C1FD9C771DCDCA96EC17906ABD751BA6CF2E97F7617D9F2CF43E5C728D092D9FE0C5B29C7CF79C991C5036D34C453D386F25D50CF62899B2E1D1CD518
J=$24EDFC84B04B57C210963E025563A358C97DAB3A14106776FA6F256DEF177284AD5A2AA8CA86B5B5ED5AEF72C9869CC686913B6A36ED029169B1B9A328911F9C7F0FBA36766DC0CA1C6811EFE33CFCF5471096AA479DF8565F23B67903086EF0965D13E5F98B97F69A1C2F2C18600109B2DE452AF420482C829A546C2AA2907D2CD1B52EB598DE3D5895EA8CD890BF94933E68E093488BE015070F302EDD6D0B828A09BE68C92D11EFEE0CA0ACF035676F8621399FC519EDDEA7E31D5A2611400903E80809CF1078A1BE360
T=$1

[53]
S=$EBC68
W=$83B61BECB7D6EB4B9578A3F60464DBEB15C622193A5DE692FF961AF5B94D267ECEF451C7C6FF33E18BC1ABD61F31B82CEF860BAC44AF8E5212DA0665536144A2EB17FA71B78174EAD780C9F2BB89A08FA55FF3D3CD6D976526CBC2CA36CA3005850A7D4
J=$473B48220188F2E0FB23B11296C9A8BD0AD0DBE5A6D78D0EA0FDA4EDF70AA1B95E55BCB9EDB97E3A757C8A262DFEF84473D2347764DCAD0407FAA8AF4710AF1B669474E1238806DB04B2A65C0CA6E1A0FAB663346BC72334B756ED4DB3A2D25357C602BE9B10AB40C276F98C7063D88F3D9D8D16410A768AD5511CB4F24770F38C6C9DA4E28109C51CA4F6B62F6079AD61EC9730ED17408D95CEC421D0E2FF10269A7CD7922B009D8BB398E2DEE682CCE2C7945256346425D69221380FD99AE44859A7B2CDC668
T=0

[54]
S=$3429F19F74
W=-$923B9FE6EFB92F5068C50766247A43E65B8D9E8627D5884520F238EDEE88938441EE74143A031075C23641939046F3BFA8E405EEB0E4E62031565723443BC87D4796A69246EC735A58CA3AD2399C41B8DD5660F23C5FCA3ED81576243D6AC8DC6F7CC
J=-$D031D475E2B5068915CAB00C72A568856035DFF831A1CE97A6E2324BDFADDF9C7B0299746A0293A26C8869A906E6FF85973B345378D8EBB462AEAC551457533927E99C6C0E86ED5724DF10CBBCA45C60595E0B0C0A35B1443B33B86B80D5495D011394AF888F6E652AC49C624EC44C940E15047786F3ADBC3844D21144CC8C71E516B9A6950F8610C492150A469EC56C75A11CA719B7D2FFF484A09E5F2C3C0F87FD1FC7F2B9A3CB8783551982522774CD19BD7BE6D7EF21CA9A3B493FD4AD19C20B5A57
T=0

[55]
S=$15828E046DCFB2E
W=$BAC25DAF1AF14D52BCB4BA67AB4AB8AC7C5AE86198C8E720260B0525980021639C2CD14095D987F3254286775EB41F56BB72E8F6DF5A3BB23007B81D2521B5A7C7BC4FD6A9D2DEE65D2DEE8548DF57428367EDAEF04A1F2CAB09353260A8BE4A
J=$18C84102717B082F7F425190164CA499137D8A206202C58997D9AD3302E344F67B4A6D09D741BBEAA4858E63DE3DFC7C4C0FA41E3ACB01613CBBF6C8CE8472DF45FE74736F1667EEC40DA71D8B5461159A2C69B7ABB697E267FCFADDA00819765E3291E7EDA6373AAEB33529237C90F810DF90B2AB76BB61D1C7FB1AA8CEC2EC2990076F37CA4EB03292A9A67844B43665CD32DC1F2CF017C97FFFE9E404390D7FBF907C1EAECEF822909B1918C4498813F141709635919501AAA52E90E44CE8
T=0

[56]
S=$2A1C21480
W=$BF6610A297CC6D97B0FCB8B3217D658189E1DDDEB2ECCF37D27CB0B12BEAA5A10A47552B1D686750AB795B1AE1627D3333B9F7C605E97B309E1D680C71DB0485D1FB268DFB92CFA71DD243A4F32207A17007BA1FDFE66BBFFCBD60A2A
A=-$23
B=$62
T=0

[57]
S=$2EEFB2C000
W=$A60425ECC71FFD1DAEE58DE580455B96626B16264EC38954B97C3A526FBA32B236CA8F68E1299110218BC78EF3D85176386EEF3BD1FBCAFD08166EE0510050616E08DCB5B015AE25411661E0AD3E222D49F1705AEA64CB2A86602
J=-$C524A2CF776454B75DDCFC53CD64F5D0CACE2833B6841FB5F0136D8E25B68C4DD843709925EE3AB88FD54BC0858BA7288195D7BC2DE9E3D71F40A5B7E0F9242C81969E10738BE97C1AE7FF807714DB3689766175FAE1FDD007527B93FA8F434E8FE74578237A78030E9274B84570DF82877D330AB3ABDA0CBCA918CCAA0D5EFE385B3A235EAF0F58E5EBF7A37C6D79FA16DB42A0A1A6C2CA17E984BD7C4F573D0D97596A6D7FC19528166BF835FD50E00B82F11AA
T=0

[58]
S=$FC63A
W=-$9035FBC0CC3CEA5465AD3E89211CF53C55B1916F234C68FD83209605BD4CA510ABB54E2EB8F5B44C3387F40E5E22665A5C7A1DBBEDC23D83A9FF452BF559C8AE67B1423A8D2DEB17B510E13CEFB986D3837C86FD6DBD0E28
J=-$BD92F11638C89B20FFAA7D0A536BE176DFAF8AA4416413D4F1295D09E59C69C7AAC45C836FDC04FC1C0125D9221CFB736A91FB741A4656F485DE4751296EF7CD73B4FCED38F74A32D3B8D00093A3C7450AD250033B319170E0F332BBC47EFFAA7C32F6E6A851BBA047AD686D30FA29A52B457AB2C3B4B307E3D593860BABA4D1A48A493EA5DC8E0EB3358B3AB188738416280D0F6CDFF7826043B5A359CF449674FFF32FDA21AF9475C4DB00148C6DF
T=$2

[59]
S=$49E39D
W=-$65D0E7D4001C3AA1837584DD9C25AB7EB13A07A903F9D06DD20DF3884CAF7C7BC1DCE5B54234751A2CFEC1F5A984EC843FE8FA269CF6B79354B9530CC0BD4828615802AE845A8BF515A505725883E3345527FA7D4C3A15
A=-$98
B=$2D2
T=0

[60]
S=$AA055139DE4
W=-$7E9655827B8997BABDE8DF050CD86FE13C5D7DB90EA74BEB31BA3EA10A4F4B8234B760D4E3B44ABD7CEFE94AA69407BCE16286EC17BD49466AD751DF74DC741BCD04CDADFF33F32252408EE74EAB61AB1408B7E19B8
A=-$84B750
B=$24C7B73A2
T=0

[61]
S=$184E1C
W=$28030A6DB045E37EFC6B5748DB2F588D55E67A961418E4DD5A129480F534985416C24401E64C1FFD4972C50316C006B75CFEDBD9A9BBA5EDBB7216D02ABD608DD9643E1C47B0C4297D031ACD517FBB3E89B3F6
J=-$16A623E02538217C6C35B03594B1069CA41BE8062993DB7DAEEEB9F24D76C27B27E6128AEE6894B32DC2EA2732D3AD2B904AB91F4268BC518E2CB9A5F89561E1C0D866DC6AA8356B4B06A24098CC13DC7861ECD3D547AC3FA8CDBF9D8D73E8742A0F9667D45641C6011E84F2560B0AB15E4DC4DE96E6822347E276A77C8AA57E724EB6CA9B41CFEBBD84404FDE23A73A480FA3957730D3CEBDCF99328324D925F1A49902633
T=0

[62]
S=$6DE94
W=-$6567BCA888A6AFE573668E0D92003C3DF0F30F271B8122C811195AC3F05566AF1D539473832973955F066990CDEEB658DB932E6314C7D457EFF4A4D2C1799A8DD4C4A7CE661EF99C2FF6F4E39063068C7F2
J=$9B904E546BA20B6D0E02530057C0DECD615F2977DE78BD801376F553CFF624371DED36577AD6067ACE5EDB263CE183BC7C33EB95599A3C71A452615A52A7E61FC134DDCAE747C65C917DDE4EEC953BA7D2AB8717239B1B0604A3EDA5762CAAAB4385AAEC0FF71B1D953E87DCE0A9AE0361405BBB895B2A00008F5F48F67F0270BB7DA4AAADAA817849F2AD6BF0035E709B8DA486167291B46B69D4F7058CD6C0F4C50
T=$1

[63]
S=$4EC
W=$184DA5B2F498EA461A3DFCDD32E665D5424292639DC843F9761EDFC8606BAC54763B087D49B8134DE9E38719B5E21FFCD08090F79F9870282BE0BA2EF1ABE0CF9B57A4AD34D1CD0079CC6D13097F0F412
J=-$9501E3185F46977AA68ACF1FCBE9979DC46649EAE4EE67EAA1403BD1B5365601302377D41A46CCEE5A4E77308D6F6299899979893BA4D42C12A8DBB48001DA7F2981AE748C0A987FDBDCACA5B2A9971040DD4C7D0CB94E23DEDBE0076903EAD2371F4A73F218FCF79EFD2A9FB4D32052E43352CFED4FA15E89CE4ADD49E02FE64CA9EE997BD039DE32291F3DAEB645E97D0E2074663ADB146C06A17FD547A48D
T=$1

[64]
S=$75AA6A7
W=$5DEF3D17298855683C5A4E777B5BCDDA40A1CC93ECAD6187286793C0C7A4DD52013A2DABAE039CF71B41D98D28641BC4D98CC89059FF81B4932FD358B6B376D5A54015963E63CF533BBF64FBC919ECF
J=-$315AA6F4086C4FF2A9130B2BE79B3272468C671FBA2F0A2315BD2620634B9785EA5D1392A5405F3BAA566AF1E03BAE74AD6BAB27F6D7EF893D990F641A44CE84F2E605706B5D487D0AD405C154BB2EE70A02C00FCD14F447CA18D9FAC52F385E8E469E23120116ACBB47C0FAB28F3A8C8DC93C4A548F22E9204D662A86D876D30B6300291588242937ADFC5B63AA6CECD916DFBAB049F2B084C0B07407066A
T=0

[65]
S=$58CE34F2
W=$3FDAE0DD37D5AB01B1872D47DA6D6499CE9434BA3B50E2A99B295436FD1DC67FBAF6B4ECE10FC00A77F8C283DADD3989546F981C2087DA08A1FCA3D5BB5279EC71A7EB935702D712B10819E4249E
A=-$1E
B=$38
T=$1

[66]
S=$125BDEF869
W=-$D13CB643A3E86BE153B58FD6B1C180801FFECE95779484BDB87240E7FA83867D44134DBA2DA9F5C3232DC053E5BE9CA6C0BCE80FC7D8112F3EA33074DB92F4A3367DAA29973ACF78DB8509F7
J=$D31778458418A7E80B30A5FDE256F685E2B11B7008E7A4000D5B607D2755E984015F44A822C34F4D6E3C55E3000442667AED7AF54478A45B965ADAEBE73CDEAAD8A026F239697357C868E5FA6C56957C2E39F423D0C67C0DCCC4BF3773A04ED6EBEAEC7EB8CDE6BCB92DD6566315DF267C049B667128F049F8BF4253D99B90ED36664EAA89B91AAA8B1F574818ED38CBBB2965E5663D166
T=0

[67]
S=$1F0A8DC90
W=-$2973100D3ADD87A4E2FF569DF93BBC6640E31FDC9BB1C4CE913ADE589159CEE6ABF34C522908C3D08FCB53A5297F0C41B576E20B70FEC0F8DA74A259DDF66FC70DAF16BD70859CE6184
A=-$23
B=$62
T=$1

[68]
S=$749FAF47
W=-$2EE3F367FBED316E4E82CDB167E9502924DB8331126262CCABA24832DBA42E5E81FD5D6323745DBDF42D5953915ECE90F7576F727D7039B7DCC7BA739EC13C3D729B19604200BDA5
J=$B858430ACC13D992C770AC866FD57FB774B3F222857953D60D8921BBC6DE8415278BA24A5BA12B7656CA9D1F0905BD53AF5496CDFA0498273229FE401F183F9DC51A80EC37589862F01C3E2F30FCAFE05AC1ACE12EB921C90E5108177C8D589F5543F902447F271AB0BE608CE63F5AA935DF71FBC30A566A20A88B21BB05391A314430B5BCF2AC2B04F5357F2A7EA6
T=$1

[69]
S=$35AC19
W=$4B4001D6693AAE69FC6416AF3E6F4002F624757D0C2276C0CFD4BA6ACD02F3F6D273D783FB304E1B054E49E28B3109098584C7E83981FEB4B86D360912C900D16FC60725D69
J=$267E4BC29C604CD6C53DBC88B171488DFB3D74B6CF5F9A559F4864B2F16465D4F7B753D102E7C0A82AB135B9A057D8768AA74C42ADA76FD9E07A79FDBD586B444B6734270936272BAFBF17AC3598CCA49646F222443EC0C098FC568718C57C325A8BF7C1B1CA9B16698A9FEB984FF6CE8F925716F33AA4B88F440D815E403877DB829736B97360992E6953C
T=$3

[70]
S=$2800DE
W=-$6BF61C5E1D3C25F209928F93AB8BA421B147F1A8291F3C9A27522CD90DE1C90039E47A7A87A6E4B7D5F992C6A4CADA0598A6E6CE414C8C172F741D2C6B51FFA1F7C346980
J=$CEB41937DF19961907A5ECD2DD4944C0D740ACA7EFF78681159F9F7C6BDCC3839EA1D5AAD2276AC6DFEFB5A64B9737F338AEAB526DAE27F4F8330F09D9242DCA9B23E1310AEF5F9851EAC1660464D9012B9BECF6D73E98FF6A0B563AB60FAFCB9A71855E1682C334BAAA0AE7F85E0F9F0994F2B872C0772683B5A8AB94BC81F09C03556A6353A2230
T=0

[71]
S=$7DFE18FDC0
W=$C4F8DD68B4D575CC0ECBDB2AD0DC6ABB4E7319BE2D0AD2BDA0E91743225D761132748C890B2B42A89FDA589CDE908AB15E09CF19BD8F96EC7E9E0AE3D16E8D79D12886
A=-$23
B=$62
T=0

[72]
S=$DCC82D
W=$23FD23B3EEE80A0E78A773DEA355A727B6B0D16500991D0131B1BA31EB27EBCA0C2C75F4EA44862E459F129E0016C4F3A7C2C1C94122F289A8D1F9EB51FA1CE725
J=-$8EBAA3191C66F0ACAEFF39C03BCBABEF02B1D0B1A13744FEA9B5480B8F54CF42E462CCD80C585DDB2B6C71847A720C39E8E1EAC734C91849B3F3AEA79735DFA54BEB3383A1EBEBA5A600663AAF04D26410FB8AF0DDAF8EF474FBC44D411FC9AFE7CD906207DBA432412ECA430E410C9D4E911056264D7B6EF5C7C06D5A956F7858
T=$1

[73]
S=$2A6170
Q=$3

[74]
S=$1D4BE0D66E
W=-$3D6DB84504327EF8C140D000751395D024F314A80804DD2C5A02232E18E307178543B4C1460193BE4C616BA21FA3FBD29E2B393DBF79AEDFD104D071ABD6
J=-$2587B881AF24AD011DD019D4A2CE523E5ABEFF576905D337BB7E830DDE8E015E356364AD75276C257503B85B921D0D9379E72048A3230FE0A81EC7BA63C6CA8E46E9066D1012FDA9B6484F1B533C83C1C67E797367CE9F02B143935D1E2523836A16E21149591BA7168978FD1C956739134148F4B22C9CC472AF3DA
T=$5

[75]
S=$6AE85A12EEFB
W=-$523DC2DC95CAE7098DB578EA32972B7C402C5657CB3CD7E7E389DA4779A999F24A8C31BB6DA955F7FE8727D303547C5070D4CE0AB6D42DE845AF5F3
J=$21EE82DB27E32F1FC0089F170E9736A4DADCD6816556F18DE43D82DFFC5503E0E4EA9AEDBABC32F6600A6E29FAA8B7E71001D01CF140BD198A4BFB6A1C1FA84D4959E3C1D46E9A48A1882101EDF7C6A679592A203DC51C4AC2AEFE86A442B7A45F6F3D39415DE4C63014CE21C9092A973A82DCD1665AA1
T=0

[76]
S=$BD0ED4
W=-$22F79E711095BFE1ECEA0BE1CC096BBAEF50EFF7A3433B38B6D9360AB6BA94B726BFD5437FD059CC9D195359A78040E2A1B9CFBA2BB30E382
J=-$54D44021CA2701B85390440607E24018C608CDE89C337F1CC7E4A30A8821247814CA3A39060B30B9A4083CD72EFC1C82FA234D2763DE141377AB31D59DE0FB5ACBF60CD827089D6E3DF3D6D904739B1AF7808B5C4A06291190B701979EDF2B1FB0EDBDEFA4FD288153C92DF568E3280283
T=0

[77]
S=$DE0CC
W=-$F2E5A5B212099708AB0D029862080FFC0FA50023FD017586E8420E0E5D5DFB120322FDC6BAF72222C030AB5002E981C603F23A128E89AE
A=0
B=$7
T=$3

[78]
S=$12DF4C90
W=$3FC18D032E08B31E50063D5D9912E23E1CDB43298EEED3A5AD54EC03BF0A91827A1C37625657BB2F449720F811B72CA3B991B8D89A52
A=$1
B=0
T=$4

[79]
S=$B1BFD933
W=$104F4623AE2AC522DEFF2CFFC739CEB634B062E78E4C21D72FF49D173979302F401B2E4BFD5BD90F59F9C56F1A58ED7C9D351941D
A=0
B=$4
T=$1

[80]
S=$33D6B2
W=-$273981ECECCBC311AD54EE8922B6B6AF063FC9739F73519DA097E1B48F40B51F6466D78DF5698930C5B0E562925A2BA6188DA
J=-$2D9EE6DEA696A70C85F3669E157B9C08C3DEA2768DEAAA0AC8EDF96F3E128ABBAB4B7805AF1DD508D079685B2E21E098FCF3B298CA29392850F99937CD7E7C16BFB3892B1B3EE5CFA7E81AD264ECFB0D6C0C3497B5B2635C35AC7BF3CD88690572ED1316
T=0

[81]
S=$24B99
W=-$4D9EE67A30D738B2B98EFD02ECF1414D4EDEF504A1AF573BD24BFB98A9E000E7823ABB1B3D66AB491D322A8BF54952D4C5
J=-$374BA02CED63021A80708002C5619580D8164E6CA4E30FCDC2AEDF69FA796485FF1D041C47C3C2DC91A005096B7711923BDFCA1E6D7F3A771796B737E3B3E554E03CE757ABC06C0766779EB300517369576F7BF1D8F4FADB96C1D6056E74F4CCDAB
T=0

[82]
S=$4B9126885630
W=$2D1C332CAB13EB0BA2C3D06BC62B74F59D0D9C8755CAAB7BA167E846C364D14EBD2177AC57A8603F5C4805FA31E4DA9A
A=-$1E
B=$38
T=0

[83]
S=$48B5D2D1CCC
W=-$426D82D8AFFDAA93CCCCFD7B63C3449EFDCB35B06085A5B844189667D582BF5920357C4C1DBEFA68382AB20662
A=-$1E
B=$38
T=$1

[84]
S=$1307526C
W=$24D8E65ADB1E9D3749238A7796EF16B885DCA31DC276B3E8724E730F7F8E6704A6F9CE0E077907B611F1E
J=$995A31EFDA92AF69F6F8933DF4B593FDF2CC21D275D4E7E518876B0A6FE1825FF3827F2D8AD1DFDAFC3468C03AF29174F3F2FBC3FE0BF0C1F9B1BAAF65545B1C17B6E9AFE48509DC0443C14204AB3B5DFABFF79
T=$1

[85]
S=$41A193
W=$84FA0551BF1DEE7C37EBAD578AAC80C3F7CB254C2376ED345C5069E7E989B43CC16F882160B3C0385
J=-$AB274AF8AF520FC99DF7181516E23A5F66A9B52277222CB3C94A38FDEFA93A89F606161E55676815506FDFFB1527CDF3CB14646A639C761DC8A20B452026227241B14C0687A0EEB303A9843906B31D331
T=$2

[86]
S=$1083ED90
W=-$94DE5120E57C208DB1CF40B7240161B22ACECD80F33D8776DAFE1769DD9CBC0F70AE6B03AA318A
J=-$27246FEB1819487118AAC87E585977E568BBE765D46E0500D69EA3C2BA48E7F70213AFEF0F6C6CD4400AEAA039E27898A3B5078B8689AB762C92A06106CD4428D70BA2A99A8BB96D94E73BF4BBC0
T=0

[87]
S=$48C10
W=$1E6FD22C132478CAA78AD020739BB78AC715E58558AED729CA0F2F971446B6A494301767E4E
J=$306AD4E0092D1B166FB3250FAA48C2B35E9DD83B44F626965615C77EC95F40BD5167807F8391F6135C0784BDE67411D90A547170CF4FC54629A3EFA4478FB9A2318572AA045D5CA6E21EA
T=0

[88]
S=$8BB90
W=$16497B283F14708B0B21C2BD6FAC8D5BBF5595FCFEB9B3AE45569C8D2CA1FD57595A02A66
J=$DB94B72514E80F17F48C57368213751CEA23BF8AC8E57F5268CF8E3CA394B98A3B794D868E9CB89223A2CC381762256C9E6F6F441E860C7112E622420AAB273644F51981850DB541
T=$1

[89]
S=$F2259F26AD
W=-$EE48C3553BF10CCB69CB39157EEBE9BE73BB11F2DD9BCB17F39B2057683F892F2A9249
J=-$19D5BF90D74B4F66F96EE7245520D32FC585BF84A9F2ABDDC76865877133029F623996B07A2C40A246D1F17872D5CF154B34773F1D87FF034582C1AA0C4E39FE586AE7EDBDAC
T=0

[90]
S=$33B7F55
W=-$DDE782A00B0D053FAAE2519789047D4ED30404A9FF916F889C1FCB77B1147636D
J=-$6465643429DB3735C48EEDA49B388882884745E264A0B91B162BA0FB4608C883FCC72F2B17AA34B4234753B725CFF514DA7D48F9988F33C297B5E199D0EBDA718
T=$2

[91]
S=$E
B=$2

[92]
S=$9E3CCA4F71
W=-$2440B585B8022C1929BFF37C61A5EFBBD11CB877691614AABB47164269E457
J=-$7AB531C63B89BC6C9963C452B8786037BBCA6CDF1FB095FAC0C95D97ADB6EB745091C72DD807244A7A245C59AB5FD09EBAE2D5F7147066A268F9885AEE
T=0

[93]
S=$DB47974
W=-$2DEFAE13B016E5D358295F0FD4823C2F28F257AB67FE50C5E5ECAEB30
A=-$98
B=$2D2
T=$1

[94]
S=$1E
Q=$7

[95]
S=$29A20
W=$232D875786EC951E1DD77CA6096329540841CAAE77AD7A93F98F8
A=-$23
B=$62
T=$3

[96]
S=$18F2BC38EE344
W=-$165D34A3AA9407A36C0715F975FD5B3C7343D2D678DA7F41CEA
A=-$D70
B=$12F5A
T=0

[97]
S=$358AC9
W=$11FCEFAB132F53FDA05449CA61986F359613987A93475
J=$16D0761F8FB6D5E0AB9A54FA1417594D3615E03F4DCBE1F69335DC036379128A231BEA950055ED6C2B89F7D8
T=0

[98]
S=$229E8A
W=$2780D6C688910BD5FD70B2709BDAA2463396D22BFC
A=-$C4DE170F0A41F022421232A6C2BB5EA72E063F2B42882C2C7A14F44FFC49FF4163B60F62427D7D88EE
B=0
T=$2

[99]
S=$8E6D1A
W=-$13CF53F1C44A7691909F30F07E8B1F0314B7538
J=-$18CD84D32E8B8977883E41FD733601A83E9F9CB068264A8AB1F943BE172DC4547B9BAD3FEB9B4
T=0

[100]
S=$21C422415
W=$617CE05872474FE0859751CD6737DADE0C8B
J=$540B0825E555A8B5164D8ADF899A821A66C123AF624ADC257E2DA7F91F370AB1DC3BEAE
T=$2

[101]
S=$777614F04
W=$5F4DFC478C1C7C40BBE3DDEF9E263E1E
A=-$1E
B=$38
T=$1

[102]
S=$C
Q=$5

[103]
S=$1B4425
W=$1A0F16F5991ED1CB297F81FFB91
J=-$9ED278BB38C292130E8ED4027859A3AA35530F6EE0337CFC265E1
T=0

[104]
S=$E112
W=$2E6ECF57221D9C0C7349836A
A=-$1E
B=$38
T=0

[105]
S=$11224
W=$2262292A66871C04F53C7FE
A=$3
B=0
T=$1

[106]
S=$45A8E8F
W=$B16772378BFA98432C23
J=-$454B43C54960128E19D424863891CBE9F2CBE3DA
T=$1

[107]
S=$88BF3D
W=$F5A0512F7A56280C3
A=0
B=$7
T=$1

[108]
S=$C6ACD74
W=-$C7AC036B3AC580
A=-$7328
B=$1DBA42
T=0

[109]
S=$17234
B=$2

[110]
S=$410E4C
B=$2

[Signature]
1=$3DA3E9712DD644390B84179E3CD73C6A8340E84A84E6F2B5
2=$9BC0E25129360F4224E6C825063B62CE89B00385432435E2

