[PRIMO - Primality Certificate]
Version=4.3.3 - LX64
WebSite=https://www.ellipsa.eu/
Format=4
ID=B497703821324
Created=Mar-28-2026 04:34:13 PM
TestCount=108
Status=Candidate certified prime

[Comments]
Put here any comment...

[Running Times (Wall-Clock)]
1stPhase=35.12s
2ndPhase=6.36s
Total=41.48s

[Running Times (Processes)]
1stPhase=216s
2ndPhase=65s
Total=280s

[Candidate]
File=/home/lappie/Primo_Batch_Farm/Titan_Group5_Prime4.in
Expression=(4797791281530274224317)^47-(4797791281530274224317-1)^47
N=$616BE0CA95B99B18FF851275C60BF2F25BA8FC96EF11AB53439A6D0754F33B1A4307BF34F6588F25AD936658EFDAD911871428EE71347D9C5136B28D9D5430A9989E27AE99CD7B9E44EFC35BC25FECA61600A96ACBF3673A32FB0D33176530304E5AD6F44B2868E2BB5D70BBED73A8C0065027C199383D37BC70E34B6E471D7D1F7236A7C31E82DABD2EBE51C4970F7AEE1D0FE9075BA017EBFC9E139FC4A8F723619EAC0144E8C61DC984917F20187BB9691FF8DC996E050C30E7F4852FAD0242398C49DF558AC061AAB2F0B9E264041E4E21E3251E0B7CA12C435F4D5F80F53041929009C5DE5663A560AB35F8FED8113784F1D02452EC414DD1C228A8FAA4F67F74C772B69C3B5C66223D3C5F26AF3F681E5397ADA48DD95DCBF049AC6B416C9F2AECE8B552AA880F4F6A6E389ECC591832C617DA849CC3CD0BEBEFEE7C59EED1C768226892905EBF734946F5E4C3B784B1DEBF3364C87DF70FECCE6768FF0F4B5590EB11FA0E63A9E8BC7038D101D60D0416941E61B4ED1FCC13087BD3DFF96DA59DC49E9AB5CFA539A243D08CDE1257EE8CAA7392CD0E027E3427EF55
HexadecimalSize=830
DecimalSize=1000
BinarySize=3319

[1]
S=$5CC
W=$1EE952A260B32286DBF4E790CE72F5509A6DDD7796EB0ABE85FBF0D26C273B8037AD181FC9B9F004928A164FC3E6BEBB2D0BDEDB655E28D4029FFD8BDA3DEF243F74EBBCA80883C8E1033A7C47FB01634EFBFBEBE1E17B5CBAED684C2B482D0D1A781203F2A862185587B4E7FAA289DC9D567B0D6986E80131477FFD8175DC29B9B0C00CACFBAE8B5BDED5957BC9CC6E6AD4D71F247BC63D9B1EB7DFAB81679D0FE4D047DC0C0508A5E0CF5F1CA70200DCF80442AAAF936440B8BAB7EEB76BCD264E390458FB117AB4FF86BB374B2FA
J=$1F804071795E1FFD0C127E08030358CEFE46D5D43062B78DF22913B5914010D92BB0A15C3B6A048241DC4F05E57E8C3E9DD78EBBF29278895FF07963667FB36DA9DA3345A6FF5541FE8550C49C78884D925D86DF93C2414F9D5C2C9B9F8607898D099078A892A0E96F7A19012BEB3BD36FCE66610B18A867E8E043B28BA92684995E2309D33F74747ACF1BCF9FCE3846844B371F8199E7C81E5E09C40AE3F64A6981D819092BCD9C28F544B49F45F0242B0D1E5E5A7D27304865D27E988633874814FDCA852D2B67FB109028484753417E33BB6372C8FB7253A1AB1985C809FAAADEEE856D84EC2C4152485B3758D1B975FF1CE76ABA62914A97180467A4E8057E9BE9B37D237A7E2AF85507CDC3D621FD960EBC4F6CD078B96539FF49099B2D4EF9EE261D4621744E6676E2BF885294272F75532EECBEB1BF941D91F497AAF429EBC7F78E4DCED05E35A9118DF0C26C08FBCC2BB455A16E600B3FF783A184C2100D04D3998AEB4E2D1498ACA30D3ADF5A3BBCB6F6B8EF0F238C290364411D1939C75919C8416C246F3CE5B4AAFDA116DE99A89D8ABDD37B51D5E726CC7897
T=$2

[2]
S=$14FBE05
W=-$178A829093B1F577AF28CDA4900791315D11039E3014F5C08E559B623CF35E0CF15E7C7B5F10396EF150477344A2FB1E5A887D076EF134FE6D1ED84C286036D70B50854E6A940E7492D5C75F79AB5C47C048AD4F178DC9281095E89D2E5A48A15B681F4ABD8B382B478CF4AE5EC19870B3A019CCB49D1E3D3932143AB299E427D178CEC87FF1B61C6115F2F1E37AA1B988BF4501B62B7D5B24C99AE273AF93022627B5078A823FC348FEF91A5A6A4476A661F8221058E9F56B58FB69D82DCC82813CF2F03DDDDE9CFA320E6F2B2363
J=-$5D1DF691FB463A57E8A96DB6865544C0A539424013940047DA81A46E4D37F86D22A752DF6BCF747624CBB4A727100414F69A9C31EE7B109AEAB5AECA760A38B4449572F9597AB408B3F6D44D4837E5967BC24E29FF4E30EB07283A0B9AEC557EE68E5699A65A2601DE1EC4656E49FC34E6957A5EFF06B6D249A45111901BBCD323EB4C1D45FD6D3FC6B88C4D03769E57A5D9B30394B02604808C0212826820F06076E16AD6B12E241C3CF8FE980C7DBE88B46177949930881E314D7E08EC5A1641318FEACEC5FBD5A006AB8BC83CC83C03A8002097CA00A452D5E1C194224DD5D2CA57CDF051AACC362235D1E57F614EC89882733961D059E809D075112D821D45185A6972BAD760859978A4D830BDD843D05577D1A85BBD783F8F1B0AA5948AAEFBD58CB8B439C0248662A1CC4D66E864676DE1D7BF9D3448DF6B148268668EC5AC0936C69E6E2EC3A75F81016C87F129399819CED23E66ADE04AEF64148C02A8BB09AAD63DA35C0AFD80C8C6D2FCF61650EA51F36982D532A1FB90BF0B2FA1B198E62F6D30A412539FEDD7C5AD6EA7B36C126A805152665202C1BC2F
T=$3

[3]
S=$E4A3C650
W=$1E551F3ACF047A69B9649772915DE248D3D91D450402AFCDE587FBD3EB5FF8D81F5627DC4F8C8A21812568DFC8C528A6C045838B414F9E6FDC2ABA79E01D4FD2AD6332AF1778EBDBD28D4D72CBF0A3C3ADB4D7BCAD4A6D743DE073E4E86D4378300CD5CA2463CDE812E214E8AC799F28257BD7DA3C98EE352ED318850A931A7FB16F7CCBDC53DD0315DF3357DE553428F7DA2748141ABB7FF13D479F6B17333C13FF0F0CE7CCBA6179C3737CD4569FAC75F741AE1063FCE529759F157F14F10A4E275BDB1C6C3B0FCBDA47DF7AE
J=-$B50671491CFE3EE1A2E90C3E9AFEA774628694F9F31B130FBA3554F730D09DEE5081A504B31A103E7EB91458555B962732B8C76F4CB6ED85E6DBF50C6DCB84DE98DEA5FD642082A563C6719A59C0DBEBE9A7B782F20029187BD0FE2740D1089776064CED82BC15043E1A5DF4DC885C5174CBC40D1840B13A3B2C82B0B4EF2A6FB610521882AD25BF2EBA2FFF7D49F60F25DA567E0E0B8E00FB6A68A3F2077BEA0D7CF6B7F99F5BF133992B10A15C691E7BE3A7EAAE470004C863C5374BE3D3A22CA58FCF622EA18874CD91930EEF8F8E816176CF9DB3C2CC606DABBC2A9A8F0BF5B3A50F851C955E5A20E3E255403C4E16F07E3BFC8DEBEFAA0E8B66ACADF6B58126BCA26A536F82A2878876FAE44E2BE69EBD2A638889A158E10BB0706ED5DC4B76947F7CBA9C7DF1FA953BBF43052C0C94637C62F70FF2FFDFCA3217616731D0B0476A8098A92F618232527BA23A5AA8562456660409E34815A492758168366576DEEAC6E9A1773C17D92AFD5CACA8529D02C2D05D34EF21F96D5676A25FAF23080E0BE73F8EB86D2277014ECC6512737B0163D38822FA5A20
T=$1

[4]
S=$6DFFCA6
W=-$4A22DF736869EF8C57EF7BF922E06F9C7B5C0D976107D8528EB3BE373A49CF49CCBF03150D4054E6A17E0130C4CC135AC8F32ABBBE546B2C93F176FBBD6C677EB3A3619EA1FFB46578B81DBCB1FDC81C3B89519B0FB24B644AE30A5DA6EA5E6B7CE1DD9F8A88EB5B484886FA1F4D828BA2FFDDC130CB124D6543340E5D61F9AC0F7386241A83C1613F1F2EBDFAB8F68B5B196606B9582370C2BE4B864F8EC3B5609A30DA81FBD978876C7D19D009EFFB3584BF3785C9A83D34C6EDBF2724BEF8245AC32D169F609B3E12488
J=-$442D04E22B9F8CC7CE5015F1B851E78DE55BCA312149478E0626E075E8483CC113D448CE3F70EDDB085635055652721CDEE51D3BDFE738F6EAA8BD511C7415E8BD3399496D42A3E633B6C6095EB26DE9A0C645113624D647BC23B07CEBBA66D4FDEB1E6EBB2C5C3CB892208E59B5C1BF5CB068ED3639681A3680EE15358335D6C1F1E85C16BC91CDE5DF4EED653E25D171EB74D0100CABA3180C3D0A1A86EE329BF474C27727461DCC7050621A6B4089F23A071332EF010E4CED3590C55DD6AC7426CF0F53006FBC05EA6F2B020F7055E3AFF626944C89DE1FAF43CB41CF2BC45430D9E19A9920AFAC5BFC7DA88C564FABA1F6B44CD75DF954CA602FE6438D90E485F7A15A6179A430CB174253C150EBC90A09356F6EB1055F1610295F4B2D3BFFE1BBCD5531FDC5CA34F3A29E5BE48C846197D784E59AF71292E9CC9458514E5D200331F936498D6CCC7E437AD05CEFE420F771919815D9A0D3D0C114232B2FBB352F7A13DC9B382A6D7B996E29874A8A129D24329258A12E712A504C07E24AC86E96A7F43C4A671BBF9AD973361135196DAC2768C37
T=0

[5]
S=$2265844
W=$1A2B4B33A9EFCCFA5DEEAE8FCDBA6E51A7697915A3C5F36BE412D537078316629F0B4287518F6F0679C36F1B94AC156E2092E20C5B821149238FBC8DF67F87D0E66BC5FFED562B1C1B4817C290FC87729D982108A82FFCE88A4D4DFE65807CF5946E7BD52EF97F244237A1E1FD6B62BCE81DEF271953DA89CC5117C3358D1B49D153A7B733667C1DAE337C7346F41C7AE30E8DED276C4D36CFD841F8B5320D630CB98AECDC6BE695CF60F2E918F00EC92942A074B81AE8B7FF8043CBB0DA1543ED1C58D99E84049BAAB2
J=$C4BC24A32083B710462C4401142986539D0B15154FD4AC797EA425FE84825593F9BBEE6F3D757D378C597BFB07701D3F11E6B18FC1C81F3B2DDEDDB3FBE147A1EBF85FAA9913AE7A5A2B3DC67ADCCE87566272A0C8A66F11AE7EFE833C88949490C20AE2E0AE8D2732D790F9341918F55C13EA4ACE99CDC2C03CF81DEB1CC1FD9DAB0798E4B0F10B193ED06093FF3F1C7A25399003942A2B54AADF74C70D5DBCBC1A1EBC114B891F8AD841A26F5820188C5984A346F86CA0E9DAB75C5B824C602A793106BB39B7E68C60EBA5109175BC694F21D06CA1BF013FF5700BF0DA765AFEA7BE7D13EDCC50EC4E6D39EB8547C7FA910DF70AD031FF4CB3401342A3F89A3CAE4A586B36CAE4EC305029B644157B6F5F7BD9A05BC0EC0FBFFA283E0714BC55F217A731A712C8531CF7A20CE6ED6243A720B883C31D773B05A022DE8CE137519A9E6B2B7A24B5AB48E809C246688F2F2BC2CE0A5563D4C764D64DE00518ED46A934A7B35C46B00239398094344B170C5C29BA7713D728BF17C7B5A84F8296D7594DD749B70AF48EE630792F2A04FEC8FA0B
T=$5

[6]
S=$1340E76C50B
W=-$BCBA121DBC913C637D870F29A2EB8B03FAD87C23AF8B5AEE394C973ED57B84E1C1F59751CA215423A203BAA66DCEB0C57B650522A6423D3ADEAD040EBC2850AFF303398906A8EBA77C0D0D3BC80861E5C91DB74E6A7F46B68081B3C7380BE28D8701BC46DEE820D331FC0A2CBEFB0D1655F0F541524739C6142848BC238C66D08E588150DFEB33A252583C07D28EDC6ED9B0F5FAA910F2A57B10583BB58E4758AA0EA7B7B1B11613B9AE7539F4F9B659D0231216DB5C827543BC37B024BC35D31E44777E22E1229D
J=$4113E7FFD335090E25B7A7502BFCCDD670D67FE52F93A4AD1425D372CDE2D5688C8542BA96DDD9AEE023110355E083603D51C9D13CC0A81E6BBB4E1075C9E35B5AFACDE2992D00A0C32751B4CC69167AE582B3AC9EA4E3EF3527CCC780AC6FA13CB194F79847CD827BDD274BC95935C11D240A571D7FC3B510018DAB0A24DA8C758C9A082F1FA52879355F686758B1916413FF3DBB8C1A14500F4A1F203CD68A8218B729D71B739D6F3AECC2BD20A5068EF39E51D6DABC217BA3080A0E81A710D5549B1DC221D6715D75BBBF5309D31C38AD05C92412773C84BA97E5143FEF361848C0AF4F9B26F5FC2A484CE0ACA2D5E697DFA74952CBC22C6A2B3AD1BD836B547C981CF4D3F08A8A7178D971EA40C574C8F522F26C4A68266BF1A33372280C681FA0B785A720E6914E876FBC0819C57DE0AB7BD4C2B77B1A9EC93498514C6DA30DB481D6994AD24763E086942CAB2A4F3A43FD54AF02C27343230F02CB9FAFCBE4D66D341A75554EC71F7C9CD094FEDE84AD3FC6E625F3D83EB0A6A4D139773DF2F3F55AFA9628578C473A71A24BDB
T=$4

[7]
S=$621BB393C3
W=$1BE076D0F6CB19FE2BCB60CFBDE231549A8CEEB1502633B96DE07FEF42B33262C44054CD1FF39B9C85CB35B0F192AB9D7630FF52CA2CF577F540FC45298CDFA4D34D7C7AC4879B5D71AC99ED46EFD050C8CAB37FF35C3E216776ABE8EED65F146E5D453E3D7135920FECBB3D723A65336352FBEA01259D3BD26149EAEBBAACD7CC77322C3201940AE3326DDE6A3C14E6C454FF96A5A4D0E06BFABE84D1A54F43C146D539EDBAAC3D736CAFD888489A2E4F4720297DDDE590472E87D7FAFC863E5C0692D044D5
J=$5121E2F28165984D337A152DDE8A9B0848F0EE9DA71FE794206D00068EECEAC2C0296CDF533C5CD547C0DC52709A2CC48A2044BB1107D234613DEBCAC202BD48A059791C43546643F27830D309B8B6C606372A6AE9676143387114982C1370EBE413EE10CA8B0D53D6D8B73479AA9F9FBC64BC4975F34B72D1CD118BF45AF9C7929519E312D6FCCBDB359ACD82B2FA16C2CF85B56861774E63B63194C6A8958E326892FF8B869204FBC5EBCF6B881CC5930B01AE49E380B927861076286E7D89D748F328BB2530AD9776EBA9E4C442C7A555B27EB1BBEBD381AC7E6072D29619C40CFDBC9AF266E4E56FB371E96043A20A92333D9727CBE35983D4B45918757DBA23796F36A57EE46113722D025E049D0CEE452FE1452C1D83211F5C1175453485000CC448F78172EAE20006C94497EBA08D2CA9103BA926B0D7A6C0C1A8A3079D3756F896A52154C831E73E18398B83B1255F218E68EF0D95937D529F5DA46C20E526F3249CC3E96314D38F654B16FD6DC30B506E4D14E6A1552B2C0949653CD8900B42D414AD7C08A57
T=$2

[8]
S=$585366C
W=$2E0D7DB5477772F977C682B32456F7A5C89F716F7EC476ACFFD06E0053F943CAFB90D90E2F6C15BF2B7807ABC8D2ECD28499CDAC4F8F80D710EB0BAF4CE373075D5FDCB4AC6EFDDEB4DEA4E74E54FD5F4F724D749B01C6D6D83EDA44626E4619505B31FC071B58049CBA618553284D91F44E243F81E3C91B10C5FCCE7A1F04FB36E13BC6D227873E43BA0529B2B1D4DE1B1E346752C5E0232CD3A11905A2B10E48B40EFB3B000A2074E99B87994D7AC31C5DB220F57B8D6B05B53A0B21C87E6E637711A
J=-$58080FE1DBEB2111E81AF4DE606FED2FBD351434C2088CA5676947B6D56FE4025A350F90495E05998F452E5BE9F340D58643EEAE82A61F32186EE04FD45B6E24BAC594EF15CFAD354BBA1D23238D20570C2A838BDD1ED326F8FF1B5DB326A9C5C4545AAA88319F45BBEB90F365A483F1898C73FF28D3490C8032C37E05CA7C8A7AAF06FE6B70043D34926EC4A59FB07A2F59890F5CB91D1065824DB454FF5BC1DC24F69EAC7C99154F8FEF566BDF148940BA25121F0311118384EEA34BD3022A7BA0CE559E8706A072E2D72050C70F0F8D3A8CBA157ADDED377ED2EC67D2D3E6E2720568F4190A7A264716638BB393CC7AA69A384469F6C945DD9EDDDE39580EF6C811B6C418521202A17E9D7601D9B621E4CF27E772899C3E6200CD9FD9CC72D30A85FAD1CB33CA39F0E37FB151EB23C85CEF3045BF1730D90736BC955027780FFCE1CF295A17EBA7340813F136856B6000BFCCC8C78EADE99E587CF7DB3DFCA577ED931D00F33A64AF107ECC4D13296BF036A27749D5FC0497E52CEE9F619B34E23329D014
T=0

[9]
S=$2162C
W=-$2B450A9803595D597DCAA68D9E723CFCD79F2BFBE9380800B44631AD419880054A563A008A8FD15D23B9E845F702E5AC955E9BB1445A9D4399D597AACB869065817CC87AAC300D01702DEF36E345CF433C49C033C67B5F769A8429ECC6C13175424AB84F8CBB3C40A394B5F1C6BCEEA17E36AB325B322936ED22D3B8EA38126AA393AFF63108AA33144D2896BE29AA0F88205F894C9E72E44AE9D73D9D882E7686B36FD39CB1CB678857BE9AF20A88FE4519CA74D7D4990789D7D5C5478301CC968
J=-$97978AA9A0D5D034832E7EB9BBC6C22CD2F6219F22D4F089803FFAC7B269EEC916488FC828B080441F793C80635898C6EB3B5CB60B2F71D71A7F55CAD0F139CDF87AC1250C8B6A6334D4B451691D5197E989DD00DF7913324E618263E2C76C8D29241BBE3ACEF87C6A522B1DC7649DFC1BABE33A2A6E72C8A124D5C6401E369754887CBBD283EE685E90058F8539D6C7AB9A2E14E7160419A57D136830173109BFB8D9311376AFC2D5D69F16855F7A3B94D11CE9B57BAEB9FD2387A8192905379EBFE57BF3F2F808442E528C00FABAAD7DF48EBCF1516AB735CB56B7A06D77040FE98D944C3AE6384E6F1F8373A2CDBB748C937FACA0126FF40D8DABA08DC5E43ECD4E3F6CFA1167580A3F42DCD08DF10203275572099AF30CE08C31BA3A622073E175D420677F289C58349038DBB3E6F0932568C6185D0363167C9C84AFE3A645B5CA15D6B0DC8CBD092F0E4A84F89BA832E8C097B924CE78FC3175C8EA6F2C67CCF9CEA33F2BCB8703BF6B02A9B78D85307CB17D6A6DCB3D06E8536B5377B0E5B3F
T=0

[10]
S=$5E4486E
W=-$D9B3C1FFBAE61B3A181A35793C5985491ED3E1750F387DBED8F33AFFB0B224B13F2CC096AA4498C82C9E26023E7BFB55E77EDA070040312156B71EE9CC7B02B8AA9CAD335793BF26BBEF4BB805612DB588EFB8D16C064E23329E638E9D7A0F1BA21A0BACDF4FFD322B39E33F5CD37943864978DF139E87196E56117570E1B5996AE0C3953C52A01F99F8AF2BCB330C241AAEC63632737BFAE8C460C9524650CC97D72392F72602C0512D260BE7008940B1225F81D02830BD7CFC7FA5FEBEBBFDE
J=-$13916B1757F57B6D9B5693F5E0291EA34A9917F8F520BBC2E3F66BFBC6044C7D8D30BC2AD0CA1F1C56E66B54AA87FE7253470EB46CFF2E332B05E7FB68F61D69991AB8A24D6F73D6B0B18B92A773A13CDC349A28A882F0DD7270E8E7BD9AB4634BCCBCBBEAD25B08FEF1DBB2652363ED05DA166D41D0907F6062790176CD3FD1957431BCD50148F4E650C48D33C882E3D06693EEA8D5453CD9F93D6F03C428EA440853A166CFF922F525B1324F2827F46458948EB0D4E92FA730CA7BAF331A1FAF2A7A5B5288C2F1EBA95E7B803F1A56053E978B11150D9677969552BC9700325BECB299F41A8C79C36F8AD9E53BAD49492560CEC0CF692BAFC863FB8D90E3FFB2C265463E37B5575F7D1C8CB5B547E0ED213641FACDAD308E83582F5A523081E762CE615EFF6BCEA6C097D1DCBA988424BA1E91F5AB4E6AA1CA091CBB42473AA8DA0A3603AE099873B9A2C5173B27388B663F5E449C17153752B4F3D70E381D46754F51B0CB3F17ADBE4D0ABAD611C927BD2A99BD143ECCF4E85C36632E2A3DB9
T=0

[11]
S=$64AB29
W=$52E2EB702368E3580A84A89C43A54DC84E61B6AD6BC0A4FFB2748A2281E5747D29ABC16F0A0CA73B4ECDF3AFD2490699E558BBF0CEB7D5BB65D9D20837AE747CA01E90315BE86D3CB1EA084D71437DE7F0C186179291CE8B45D26C4E157F7EA3C4DFF54E3CD1D65279D756BC902F5F09D9B573966A99C445E19CBA670ABEA004509698F0B6CB0D16AC6211D2EC23250A6495D6AF35C876656F3BDFBC1D53EEC4D546AF51729C16DDF00806574A34E02786E1AAA58F656AA335A7A8A86CD5A7
J=-$1732A25BD34F878FE9D148D70A1993FAA9D0293E77880F75E3D50630497680046947DA070A8348363CB65653A42DF6B13B6DD5D865E1464CE7A7256246770A0F887411F8D99368B70F37B9D490854E5508E4236F9D92F2D84E02413734AFF1B76FE91BFEBD36DA7C7FA7D4810DD2B1C9889C2737571C23DA89A2AC0CD0F8B00C7358E313DF8C35CF96FCDDFE4D7891690BCB35EF034982FDB45A4A05B43117FFA7FC11A4D2E7A3F2C92B9DB196CC990DD8C95211EC78CC73A751DCAF242E610C90F47646069BA2B6A88C771A2451D0CE9C60F7FAA897A61D1F149D12BC1129DE3B857BB89856D81820E057E708521ADA23BCDE9DB607C32254F40E710FB16DBD506D34737D57010705BFC797A40AAA28CB94C805D99C091654899A6820C0D366E34D4C912655AC9EE04D171191F50D2383B07C8FA1F6F09FFC7E78DF7AE24E967732E53083F0B499792C73885C63819CCCC05C19A25F82788DABBAA014AA8EAEBDB66C9DE3090161FEF2B52B546A678B7FCF1B8A5961B467935D953F762
T=$1

[12]
S=$F3C9727DAD7E
W=$65D3F3414C748F6681C82BDADBA0D3AC71DEFA0109EB2B335BE5BAD7E64C3D3D956BC73A3DD8F3197AB66D31CC364FDC096801315C5608A276FE5CC75613AE48BE49F6A55F8C79691B9767F5CCD6A4D4C54E2ED0AE2C0705DAC968BD0F0E397D80DA3CA9B6A25F39A551BA9DC34159534D6D82800C6D6A738DB132ED21B449E57DE71E36760FBBDEE953455BE3EB0A6B28A3C5A0087F38A64DAA0F5707F170ED9E10FE0B78A1040DF3B677196FD1340F4EDD6F668A225117FEE55BD4246
J=$9275BFA47347E23ADEFA97239A5350B0DC213D96B9599A299ED426AC89A5C7A274ED0F1523D08BE87ACA26BEDCCA7A7F00BF9DDDD201E2A64500A6C25B4AF1163E66246C16AA1977E268198FC79DC8395C4FFA32D0B5FE158E45A63037A15775BFFCC9AEAA3A21C4EA1AB8EC5DCC5502244C4C9F7CB817D09D2996CAC0B049C4637BD9FE25D434AAAA2AC39702D96D9841E5809E40AFA15AC102F9377D1364251BF4C4DFC0E326B263808F7CE4783A3F1055A7E75B68ABE6ABA9CA1C627A66BEB771979477885375BD5F871AAE56B181CC1A6B7C0024803D6787565A08DEF45DF216A801E42FD19D41CEB97CB748FC78545D245684F5291BE710B91632194C5F78E722C366EF5C5C2171DDBF1915B802B12CC16358A1CF2F24DD6306A9D270B2449F5134387F959FFB016CE0A8E77D7D0E2B4B4026AF9401AD811046E4B46E44B695CF2677927E7876A2C97345DBF2A9DA05EC36696FBDB84AAFEC66F99F70A663B70013BFACCB3DCF6950236D07E77A8FF5F8A371DA64479A1FA
T=$3

[13]
S=$4DE6E8272E
W=-$92B6F70929F7F1355018BC7AC0E8A51B3FB9E6AA2A3DDC3B113943041F4FFCB346A14AD70BBF86BC3243ADF93326C9591B0AEBE44514CF1F5D53C20C5CD5AD4D7FE844EE606BA1266C6671A673A802DE41D29A48BD8F332A2D309010E582111597B2903808659DCD1714C8A99C8084B22167CA30A52A9BDE0C0A918658E0BF2A2063630101C8B4351DE174A9AF9E961CC456AA8C6578D76B4B9D983D54112FE1F00A10A9237C06BE935101D5269EF093E65E3B58A4507BB1C573A
J=$5E9ADAB9CFE45D2EB5E3BA3B48F56D67587108124143A302CB25513588375AADBEEAEEEC94F5657454F21B2D8710193CCC5E1B527D9982E7A788325461911E05A7FF7A83F276B435ED6FB6E8318CF3B7C9D5CFE12E26EE64805833BDC15F7F677C2262ABDA6B3106CAF3F48C179A3764A65C1AA9DEF9AE1BC1310D4D191DACFCA89C3309A10F9D9AF714E88435BFDC68D8E686BFC0A6C81288FEDEE5DCB31FB3A60D9279BB28DE3D39F8EC7DEAB68F2B2A19A9073C86936D50A97AAA0A55951B3911F3F5F6B0BFF409885CE0B1E6DF0E30CEC5373546F366A6EBB3442DB37891C1977DDAB30CC8EB9DD219252DA604F5A10A71F181DE18BF9D3F4C09F263DF13769AC29F1D4614FFB71F4C659EC7B0E33551BE6F28B3EA3B5B9A7BF0686F6140FBA85934DFB8B4FD78210F8950F2F4CD75011F2957CBC50CC459CBDA1AAA5549DC279A53CCBCE38662E5DC35007695555DDAE057A9DDF36C940A8C064A5C1ADFDB93164C671BD53BBB80C54C74CFE0B9A1EA2F192
T=0

[14]
S=$5B81877
W=-$CE74017E18A77E279822A289B1953B4E2F328B97A83CCEC749211706D202917636E667F880FF4806EEECB3166D6C10A37C9984165CAFA35D86D45F98D306EE27CC9D67EF0ADEA1869D960F722CABC565F7C1742EABB8665AC8788545F59A3BC83C7A9407B21F59D30B5C8ACF8EA27D6B982C9F77F05B59C4AD4FF435A5F8676B491B05CE90042A56DE607F6CC5CBC6CE3C4B3DF73A138DDAB922E0E521172214227F1EF747979D228117EA7CDCA5D0877A3CBB1A0ECD256F
J=$6FFE8B509A85907CB9D9E40FCFF1E4263B39859E41C49D256EAE3F86EC38BFCD4AF4F867C58068DDA151F1250400F3E0B9F96CF5A7152CCA3B124230EFFE214CBE1AA14485B5B544C0863811D9CA2FB8208EFC371FC16C8D5B0C92008ABE530CF538F54AB7FA91ECBED5528431E6F89E844FB95610BACEB3587161DBBEDC75C1CB2792DEA25237D9220AEA8DCC2D9587AC5FF40DFCDADC57B3CF21033A107E4CD490509639A0BC2129CDBD50E14817151A4A936C4CBD18B95CAD82E4E112FCB6881CE1401EA54157CE163687FB8A8435E716FD8F450DE778CA1CE40CB0C60433121D2FB8C2D05636CAF168FACB44B9A405E8CE3CA1BD0F1FAE6A3E85DBC03F5F456037E6A95DB538E83B66D2D0FE73F8DDE8025BD4D7893BF1297991E552DD13C89EBB86F82ACFFF6A59BA181C79C897465D5D00C4133873767328E6CA18D3D3E18DA836C05FA7DAFCB0112890975D5B2D378794ED162AE1A615730E94B534A2955E38DA33955BA9A370E19AD5AD02D
T=0

[15]
S=$60BC19DB76EEF2
W=-$47E6CAEC851C171C6D597613149ED72C3F3EBB50F62CEC0EEC637492AA0C8BAA18E48AFA0732C69CB7BA5121AA84A189E427E2A462AD1E40C840D2A705E3BA0B7AEF8A533E9662F74E7390E7C151F399415A3C431992AC94A4C337739DBF591DD65E2B946268225625F65BFD681BA67C3F20795FE467367B1723D4683E2B6DF90D7A5611BEEDAF41DFC5675C930F479EE8DAAD76752FE1F661A205ADD4133F416DD097CD9083B1232A8112195CCC061FEC7811F4491D6
J=$547A95A19F6D5B6975D4CE5C70894DE02EE68F77F1F609A5DE7D453E7E2570E60CBD1CD0FB0AAF6E8ACDCA5D8029F2F7C95CFC2FD344CAF9CB59F993AEC03F179F93B6E9BDD9CF29E951E9D9CDD6F762FFD500CB00D89F7E455B15A1611D78094087900CFF29F7AA1FED6F19FF6A4A4F367C977DDA26CDDDBC114EB0111E54B49C3E8E77ECA8F5CFFDB5E51206FD9143073E3DC2DEDE0F57C84E97571903DB492267FCBA05536FE061C70A5419B82481EF19D20831887AF7B8714E2B0A4457F6D6B77C925D7C2815E2030797E0BB72FE76BEE0BF484014A862B6564468AF36908D01B064BC7B8AC3E20BE300AB1D2E6578B1BDA06D5C13BA53E37A52DC437CE09E0506EBD9BA4F0B5E02A4A2B24CDB57CE0346EF1027802C96FDC95D9983DA96EAEBEB80DF9CBCFBE8EE262E4183C7F2A2E16E6DD46ABE2AD4488B41A85F83AA5E62F6662DF31543C8DF0BBAD2FCE63C59180A73191568E212A6B9079F362EA4FF0CE6861C8B4E5DF4EF4307
T=$3

[16]
S=$B8FF78C
W=$1B60015C0F2770A35E16F229B954209A0C5939FD4636E21F8C175A038DAF4BE527A92B1AB6E84449F6820C32CF8B84F59DF9610F076AEFE0A0F60A59B1219A44A356A86FC033E40FCC0AAFC5E40032EDEA6E30CCA660F867B172194CEBA81A3FF1E3C56056EFAAE6883C30F65E8F266FE39FAC456C0A9E3B830D2F35C8D1021B222FE4C6141E3305FCFC5016ED2539B21E22078B2CC687FE22137865E51BD06694507330E97A009420C6A1F1C9336B5466993C
J=$F3DC263EADF9D91A025258B2FADCD7CB68EB7FCE2DB7983A7639DFE7743B77DD338EA264C0756BE30A4A3FB28FA71926252248001BCAC019F4C993FED05E7E33A3CC68DC65111E1A0E571E822DA79A61FF923077665267D621E3DEC5F09880232F8FFE0D1F8C9E5B9ED9A4505D8605624B8ABA701061A69602F56D825ED1088DE58852C16F8CD820C21BF090FFD205324F36E784FB1D38842172293859BE6E325BF80547977C6947FB245C69679B7EF1A31B3E8AE64757B2D66D65F0758E55DA1EB1CA2CF466BFEF1B568109C9F021B83F909D9E1F8233CD57F8F4134DEA6687803EFE14D972A9C0906693500E446CD9363C8497EA83C230D44AF303E0F7CF91925FC88CBD7C7BD51A356FE729802DFBF0912D4041EFB832AF98562FA60C872FBF156186892C9C1482CA004A59DD55841D6244A75BBFA20201BF14019860058F7427A3F3D8B476E4F948D77FB08515E9BE69298499ED80B20905708A7CC851A33BB6FE471F
T=0

[17]
S=$A8B3FC
W=-$345F26EBAF9651D083AE193E706A623422FA550F32EEC031C1AD130F25839020130341113EFAE2CC217026AEC8093A35DD6062365E3BF0AFA72F981798E1DE0E2542D3AA0D9DC8A9B91145D744A7B4762D6B1443119D0A6C623278ED4563AD4CD5A3FCDC3A79779023AD72F4E92BFB3D8FEA666851E18E953B8506E4416D69819EF211DEBCB99EC0246A35645EF47490290676359F29350F02FA24345F68A967C8836CAA887BEAAE6F5018EC47F0EB508FC
J=-$CCD5AB712685D208785B548F2C423495DC3E35504449913307C284F11823CF5691B53344C0A01C9D009354FF0F28C12E214EF36E198AA6F553D9FBE5A6BE215A1F23282587541683156B0546CBBB7285A724B35267D429889F06BBFFA0DDBF189AF971A2CD3041BADA7F852598A92E1DAC26B5DE2CBC66DC598A65A1C00A21994E2D7B57A1C53B9F7CA5F7FA40E568E82CC70F1C37692B35128D7A37A9D876619BAA94D0828F2535E062342F353FBDED2FEB2BE5B7CC754D5FD1DA2ADA4A56EAFF528C1C811891378AF80B2B1D8237A742F23D7A76E596B483D43D2E039718F8A2D4D66B7093FC259742310EF375B5874F0C4E98D64CD19D0622584F87F650323A4995AC5C0569E7976E25E5F5AA13284981787606A11F662C3CB9DE3D0E88936FD12AD1FE75D5C4DFBE955AA2C9B776D849F2B2C542E2957DCC8DC1BD6466A8F8AE18AEB36427E4C8243A888464D07C5B22EFACF206148FD2957A3F6F320EE5A79E
T=$1

[18]
S=$6B94DB06B
W=-$166329334974A0EF335736478BE50EB79D8D94E626483CC4298DCADC64BDBDEC5A21D3CBD0F034C9153562D66B2D3BC0D229FD39D7611336E728551BD3D10CFB263A87B76A7E869407842B801BAF12DF959037AE6D96E1DBFBC16813D174B387E6571CB9661BE0940A508858D529F0659721915C3AD05F91AEA00A9FFA07215AFEC4A44FAE042515C12C8E45FCA0D4B3370C3AE64186D8595F79B164D9BC55A9996B4B8192CC772F8DF7312B23BBFF51
J=$17819E26AC9D37C1DDE288CDD94D19106380FDAF7FA2CA8103EACCEFB6C1F768948AD04F9579B6040CE456FE8DECFED75FFF141359D98557CAF0285FB3F9117AF9C28B960D389BFE27BD89686E633CA5DD755AAFC0D92BA6C62D9866AF9F5BDBB0BD86F5B6021BEF1D91089B42CE1F2C03EA488559C685D53ADCFF88EFEA772F9FD1BD722C509B75F647E51360A2C4A63675C7A99EE8052712C30621ABB6A1228BC8EA8B2D9AEC9BEB3990F50E970AF5B414E0C0E2352EAC902D48ADF5C09A1B35E3C051D55D1DEFA4988D298C7B34DA5CC1643CEBD5F49E2965C462E15DDE144EEE1308802A531459E6497F840A0391E4981008BE492DAAA91B3CB3B8C2F8F559741FA85E41BD6CB2B8B846A11DFBF404099A265791EE311BB16D0B79E4B66DDE7F1576028673DDC87D6893CE3690A94AFD9DE4E66424DEF94020523459385215B36B36CA3340FC65B2A80707B2EC6043CED41693240C6A7700CFE1CF120D8
T=0

[19]
S=$40595869C
W=$1892633E9FD88CFC38BACAF41652FC7CBF1C79469B32565EEC37355ABB3AA15FE10CDF2DA77F75E8178DF9E3619F35AAEA962B9C1B211E20BEBD2C5B967051A450E0E3904CE6612F01B3B2E7672882D906D58EEE383EF7902540168981D6F404188D0651D61FDE30B95B0E74804E5C22A06B455C0CD1BF937D33FE9734D51C5079F6D8DAF7E29CCF9C3D614BF62B04206D9695C2B736B8F6517EC6CBB0B0F44094C0EDECFD0313321584B8B15F58
J=$4D572B68ED0CEFBD104CB6043191F962A8E5EFB8CB0AD7499C034B9F233DE95219A7EDFA95B371801F8F4762C1C2652C3FDCFBB11545BD38E77C9200B759FEF6945F16A6AB92EE0D0F776C583D3A90CBD823E30D463F25A0230D9E715B8322D90BFC2822B4539E6F262DA402F8F5B6F2C2B515FC6B6F049A8DED2E238929CB8EE18639521DE814E632DB0A919BE4228FEDFF6C87A9D878AE5558D61DCFE45123E88FCF1DC8820C2B34E471BA6B4D21159D72AD26FBBCA099DA7FEFF7F93E397ED2BB32179E2AF126C68A008702BD605CD0379C07724995057BEE5E0E4FA0FD3F783B875D03FBB14943D769E7B64D8C4A6F26D7C1E9262C4AAFC13AB11DA6254406B10FA8401F28889B77523EC2A624DD058776C299E0326F238C179136C84F927ACFDC522465631FBD15AA6ABCBCA152B41B82ED62686D1D13AD5B93BF83FBF2FB0D14C8B295CDFF738CC58F4B086B97BF7C19B90B22DA8226C24D
T=0

[20]
S=$277DE4EA
W=-$C8A7EC5737015D98DBB85AFF15C074AB53C0078DB0A56A989350A3B3EF4227F6719209BD7733B151BC8E67B692CE0AB49F59ED9F1FB4F81635FF0D681C8ECB975F6AADECACE0DCC7A39B6CF84109D4F708BAF5962052F634F2FBD868599046DE4A2D14B92360DED6995B2AE8B4CF5B6A5CFBE2B3AF6475C109DDBF0A456408A68864AB9E41FD5AF7A74E07D5FD3E8826F94AC6BA00EF8E9C76AC8A53259337E529F9AD3813E96F900942E78
A=$1200C3128DCF689BC0ABB5888CEE82962BF1BBDC131DAAEA9D27662F6D2909870C0485D14F2760C687974A599348BC62368774A1ECF2B1F35F3F9071ACF8A1379CADE29AC9F0C2E848459AC3E96BFD1DBD710AAC2B6B92AFFF32CBD8D843BB03BDAD95C69B56F190850ED29D753EF9E8AE960C69B48D80B9EDCEA69D2326E2D41D0CAE29DEE363DB90D63FA466C07A4C564C51405B8C0FA5897B79B17594E44997E70BDD76283CABC67280941252AA6742F1F5C7F31A9E6B79CF7E30D8D805AABCD57E4C7A8BA40EFFAE22F6B2D464667FA0FC98DAFD7399A272657F96DA62650752D3171BB7759534017D5FE1EAAC9DB4E944192421B0F1D1A7F8CA24E81924E2F43871B72E995D7F96546103B11CE21E1A9B4424790D96267090F742671CB112608DFFE928AC3B9F5A03472E082E2109B97E745968BDEDDB5BD7DA47986D191F9A9EBF7050D3F38528BE88245DA530EC62ECD5B80407
B=0
T=$3

[21]
S=$270CA12450
W=$3D67D6210A78BD5542D0C9FBC69FA02A736D819871BDE50C4D0515DE4E99D82961C75D5C9B7BCBB201E013EB69A5957FCE4D509C75C271EE72D1C3D2B03D38E1375E510A87D721761FFCE568936362AC67ADBCC5DDBD5236D0E5DAADA8C34BAD496AA6BC1D46543BA3B63515AA4657D0DE4BB823DD72991A2C0290AB728C433246B13F14E8C7F32D065A74BE265BDD8705486190CA62C5A3439FA46AEF06CBA12ACBE662B671781AAAA
J=$184AE997E73AE480EC23271102F4EAAB5C964BC63E13191186680CF3A352E9641237A170A7E09DD927B710423398B17B4071FA5F84290111EEDEF36EFDF990BB9C7BDFC8EB5B8131A5CD8E37109C945BF17FBBC32ADDA800CFAE62910AD71F6AA6DF8DEEBF8FCD5D08B8330D1EEC3F814C4EC6495EB5725796C7C64268EB903208DC44663368244385CA63163ED1C9D6EDFC4A6780EEF567BC40116D462F832B94F79FF4E60BFC8F8BF0BF86B8DB42F78A2BF7A1548E7B8F8648B2C1FB77684238D95509A7E915A5570913478BE0039C0C1435764E2165779DEB20AA88FE49787FDA4B857CD8B237D561B0E068A499B04478E48EFA289F3B77E92849736FE4E40A9C44A8D50576E2D9D3490C49F7907F327930B194EB212E7A2E8C201787E81ED02F25B5BE5686966A034A2F00BBE95EC337F904D82042DED822C4851C8ABF9D57F054DF4A33A14EE384733A3C3C55D30DBA0
T=0

[22]
S=$6416D8866D8D04
W=-$10C4BFCBABDF463BE7EDD693B800815B74922F7756D9C273B7FBBABC9D4B775095F232706E64CADF9C5629332ED2943EE1CDA71C01EA5A38865C56072D5C04403761569AAA0ADD9412153CAD9A00381B963D246DE5360306A798A313E97D40DDF9F0E45B26C2F477EA807AA05ECD7FD1F5D866EC32AF51C44A7CEB81854AAAA43CE5E8B1C774612DA1F62B0E8683E78B5483BF5CADF3AAE46891728F55C87E0E2230FF2946E6D16
J=-$3439AA0E5166AEFFCF9B3B502A1DB6D4C5CF612F7554B106B69F753998FFBFABD9C2D1EC033C75C4BAA1C8059171CEA120753FFC642E542A62B349829174AEF635F41666E8B9CA5FE4538B652E8AE3E6EACB857B742AA5EF5D35003FA16608172376D7987F6713CACAC5AF555FD747F9DB3D83DBC34490CC90021A38B3705FEBBDD521877521536591E4971818BBA6CF43D7BAC2378F414D2B267120A989BD37C48FAF5A0B5DF0DB8315231F0AB09A5702F389A97DBB2CE15C87085558DC62E68C161E5DB7CFA22F4475E58B633088CA8EDEA7BC877928C762B1ACAD19812D8BF984E0669260D52BC92956CE4A7A3D9C72C1D6145FF1864DA17F9393264353312D2949AFD49623C827CB6637406C7CF2F9A8BF0BDA935164FD9CBC71A4DDF21405D767B3922E300EE4B291F6BE21DE56DC277BD75BA75464CDF4AAE24B5CCDDF23BFDA8842A1EB2A577550491B481
T=0

[23]
S=$2A24878C136122
W=-$813EAC84972E3D8D454183517113972A16119799EBB42476460DF00106F40E62DDA18A4224CB5BF64463ACB7B47807AA0BBF126C54520D74F0B4A1C0D6876B0B8EE23215F75F13CFE42A11C36BF548234A0989B0FF570F756E86F86016E5C3DC639A80A816E2CB68522C029190EC98B9564AE38C9460E7761F8B7DC3F11BD79419AB6D8B334CA3262D4D125C79E1F78FD57BD191858139F5D460A82832FC908D21270C6E
J=-$6D586F2E83B9F65E78B33F55D46C65AC6C772075ADC17F9FDFCB52573F0EAEDF76E1FDF5864C8DF744FDD77AC1F7203912EC0076536FADC9F2669ABF20D2747AD943759A9640F48BC3967B4450338EC3F27762C2500E98FFB07F6D0374243D9792FF88E529C6B85BE800DD686C8181A4A24913A270CB4C170E236107AA0C46B821173908A8A197A6EABC2EE3158270BA0E7FC4530DB3B34E61760C9A6F114CAD9DC11AE42AFCDE0E61731AC9EA9DE91AEBAE92BF1CA3514325BED2E2598D2739B76B5C085C8DE6A5D0985E3C9020E3DBFC61F968A55A5A72919845C1E7122E5FBD114DAF90A6D6A6B467098D4501731F736D36E425466F3847629BFD6704D709F40919E9F57BB83BD93294B5F63A32A83608FDA604EFC3A97817DE0F7A33101BE601CD92E31185F8FF2F3B89FAD6CE9A78994F1B0A8CECB8122D5B8B587C0E688689893CC8F0DF0
T=0

[24]
S=$8005815
W=$13B45E5C8396955FDABFB4FF6B821B43D09572611DB393EAF24C8B8BE939C16E6B0676D10C84086FDF5056AC5AEAA603BEC22759EE81ED3EBCB2FFDE32152ED7FE3A40D88281C269BB12486315FA0B0B4F6D924713240A4CCD78FE1BE6208538E59C21F5217490D8A68A62A41437F1C1B481D88B35EFBA38D630876BAAECBAA6C01393D2BE3DFB4F132166D5FB64A987AD8CB72F72106D4E550C78D5AB83212991
J=-$257ED1381C2EFDFC6E9D107D0C3403E3613ED259AED860C51AFF9A0306CA689A36B419EADCA212FD8A54EDD08A5EC4B99D5940A6B3B1B43195FC208C08D4BA68BE6D6A3F208BFF0757535C428A080B6D2A2D47B011221B5E8D3F52369A7BA95BB64A8E9C0D6EE4A93E43685D634A1D18C450746F88443649987010F7BFBB600972C8172A0D86BF5B01C9FE79166CD7F7E303717080A69F5841470BA885E09830E712F2EEAEC6925E7636DD428DEFAD54E23B3BB2D5F25CD7558E7A717FF8E267475974C1B7D441ED02EF4EAE37F71639A0F4190139F5AAA5A4830290921E257098640D98286C4A9F80358F147F8367926C3DC54B32C06C73D9E164055DCD91AF571D075B776A991873B6DA360DFD5489C9638DEC812227228B9E8BAC4BB31F4C5247A8CC8C708981E3CBAFC3F52B57D37B699F34BFBFBA1FB2E373E7FF02BACB99
T=0

[25]
S=$3F45D9
W=-$2EE4D7DCAA2A9A9D90813690E8CEB7A9F29D24A3DBFF3C6D78F99FA20DC44A950B4A60E69838F189751D94F777354222867737A0B3D68343F187E4DBBCCE54D0F2639280C5F7A311B2E7EB633C817EAA7F3D614BC743776A6EECC822FADCC7CBE129B68F1651E95EAE9B23C5DB800F4203994B4E42D7FCC2130E3CAEDBB1F98E8F9E99C581414C188BD4648020FB1EDD515BF7CB2DA6DEDE9CB21D64103A91
J=$601993D5513E196D68A7528F949EA696EE3F33DDCD6E622F37FF5B9084F0D6B3BCFDCECD88E5121518849C1D1FD744B7F060EA5D1A58D0F624162E8CFFAE325CFC6F3E4B16A0E7BAD3F412EF7085AB62A58E01DF198B526A7835B4571080F23308FE0A5AD2962683E8ECBECE11482EA2767032E8C073A43DC98038D260876C2C6BC37372FF0C5F49EB3C13B9AE6D5CAB20965C95F078ABCBECF6517B4C8D0056950EECCD354DA82510C89BA87AF1485D415EFBB1443628990ED50647316FD4D1664B36D11EFE0757846718EEB137CDAD091396B966A0819FA8DD4166472828C630CFC3DB0D44F618C6B50A82B2351EA27B1C15D93E5D37C7433C38EAB74C2AC37EDEBBD70C0CD32B54DFC8F7499BD33016155C3B82B4E038BE3A215790E569D595DB313750C716BA9A7CFD2ABAAE776F1923AB3BBFE6F39B416C3595637
T=$1

[26]
S=$101688B97BC04
W=$9CC1DD83777CC2B141BBBA448CBC07E8D8EBA7E824AF77B6ECDEB89BA83440178E877F1BAE9233C9DCF9E0E05EDFBD9858DD68AE83DDDB9B3258A6FB6C1DD76FB2074EE47CCA761B352604F859D354EF2F1E2A55483838E5790A9E09C0559A7284F022159F992F00E9FD651104C275B79C10C2D82C7A0D18CBC7A0A871261285E7BB0555AB291B5CE69BCCD8E9D191D5765E83D21D74D7246D13C2DD462
J=-$BB464E4CB3ADE2F6CB2BB23F4B0EC73232B20C5A863F617E9455063FB1AF4CD45A2E64DCB7A1E324EA44AB62FBA74D3D7C0EADD569E57CE49B014631357A9424B94FFD609B1A1C3704895FA93ABCEF477F1C0CCE3C02F2075DCEC13AF2A286770AF3CBA7CA1A96B9A08AFF04950F1EBCC271E247CABDCD027CDF9C1C68E3F54B06403AF7CCFC35857B7F913F326DFD5CBF55143F338EFD5F0BCF9C36C318E0404B86D4A2AF905D97ACEEB0DCE6D99C7EA168D3E5CAE58484E1E57C1B5EF205B56BD2F4370D67895A2C2BE574F74BCBF31BFB7CBA7E015D2ED50DC521AFD3D93885171D61AA151FB75D4531F3D19ADE38D3B9E820D5EAAFE615A698A9C865AB7022D78245D255A8A89A7315037AEB89A38187108F8D135530609C67216669BA92667815391DA2103B1AC0D328C7CB3171D7902F171C598BDD7D294
T=0

[27]
S=$19286E606298C1
W=$D31BA6869640681F337CAC571F062FE8261CEE3DC7AD4DA8FB161A65888764C907C2416AA4EC4F5F59616A6D889DE5D2905DB2886E1E59E65FF0087869CA879D4675B7F8EF8D91EE3702C5513314CF1D7D5BD48CEAB5F4FF51C8A66FE5D8DCDADE8B1082D8F1B676E64D9C298484EFF1F09B15AD9C6EAC4F84B918363640EEF6524377571C4DFE659EED5467E9F1BDD1D6D7E7BB08EF5FECE51CF
J=-$5A3EB3A1FDA32066FDBD546998A940CB28C3124713E2810F711BEB4215ADCC5B21D7E90F48E325E725873CA93059E078F78E6515DCBC1FCFA49B9E9AA96CDF6DB87872B2403E5703D6C0F6496ABBAFD7322FC7BFC99924457312F0E466C519EB99437E9789504F38C9EF66AA5237730FB8D57F662DD856F55BF1140EB6688DEDCA720AC8A5118FA52D552D46893E3F5F495577C789842DE21E671F44A4B808D15866B807BC7FD1D2B77AAE326BF824B6BFBA368DA7A595830475C5C67E992FCF167062BB212E2336EE5EA0D0A70B8BD78F1E745AA00CB7D3E139B311CA66A17316CDE8924B5DE2B374C99F3BCAB7FCB02C1B93BCAB1FC22F69130EE52A99E83E4B7B8E9316A1AC33AC2A6CB51F0FE58DD9372168829B3387BA0E4A0A668C7F234F3785E5A0ABD88A364F3085DC9C2CB7C39CE6FE
T=$2

[28]
S=$953086547
W=$25BAAA83B3C1ECBA14AE40FD4EE0DD9E238F99A9C7AC3BCAA9528A2749D349152380DABCFC8495CB4D65C37557900502686696F9273D4963F0EB81E0D01798B2198DD7CBB1C3C0DE17EB9DE026B90CDE781E66EA346CE5E483DCDCB384E1503C712AB453113842D61BAE5AFFC7F435F5A2436119BF81A8415641679A5A5109C1B6849343901787D0C4621FFD68B2037F9EED63662C10E05
J=-$9431A6E98F04FCC9E3699D27C62E652C93129C9DDB3BB1B5D04397A6BAA0B7D0912E2199F0D56338E8708C3AF8AE85330E5F91EFC7A6C46C206341D508385F08D44756E60DA343F71A977147E2846EEDC663C667922FC9EC73BC12EF90F32E0277CE3310EA3DA42F2A81FD567EB75A01799ABEB0FF380651886F417B501CF97993B1651A2B6FEBE0D570BB75469CAC6CE90903661CB3246A0609EC8755BDD49F5ACD7D31472FB8B10D9A462DB6643B10BE50E854114CF50642C58FDCD336A8308794F161C323BB4807347E12ACA087C9712952DFEF605A47CE3897E033148DEBA54771C766B42EFC672A666E815600E6E00B74279644963CE2AD91431162CB0B5DB9BD899F9E02F8128E7117EBD36A83C345CA52497601A4588EC5A7B13B559B6DFB9846A3EC9321C36E04B09C9F
T=$3

[29]
S=$22D6907104E
W=$EBD685E8DAC4F42FA801703C5B67EC39B86F65A4E60C37D476300F0A747865558D8732DD09E2B8CA265F8A80BB6420943AEF21B8C609EDF3057253A6CA5CBA145EA3429ADEC06D5424A964A083923689FA7A83DFAD1AC253D84020B4389A90DC98FCD5B01D2FDEC7EE9029D5A89228F6EE28D5C42ECB2719D9D4F8E853F2F1E452A846B4BA434E592152EDA92AF729FB065CA1289C
J=-$13AB0BE7057684765A3C992071B241F1145437AFFA2A74F0C1E01D73F22FD6FE1CB5A8C9FA449CAA4EB0479B119578F6B5F6E5FBA12F14C590F96AC61BCC02E4CADD0C1A27CD5C000C9EA48EFFFE4509650B1F0FA158936613344F140F430E333DA84A2AFF6985D52CCF38212874408D91E560018E5DC9575212FB52AD2CCED600139353C9580CC5CBDABF1A7CD8846DE0FF6D84C1827CB1FD31358860FC3C33B1D04BE410737544A0EB9F2C7FD968BBD4BA33A44A04A45BC9437D335A33049ED2B28F40B17C19EF60119DB0FCACEDB0526DE5A9E079B3B1CF115F4C3450F7407D5266545BF7F7DD043B0BFCC82CEC2E665190CB83460EF2FFE36C91389B0C1562669A86C685831AA45194A8467850B4A714E57D4891F788B134C3D0BC51E16852CD61CCB0997423266F
T=$3

[30]
S=$858DDC
W=-$23C8F9DFB190E78AED7A613B815DA3672BC6175F68B220AC2C7F9A57792B0D959AED888D9C2B836A8FFD9D61E1E83D35B55059723BD15F7A70867E6C6EADCBD91FAE6586EBC8527A7B5F49B489A2D520ADC6F6888DEEEC419D23F318D864D9017BE9F46C5E9E8BF3964FBEC00FD94A3B1F4BB1B8FC87E781D94F6435814CD5CE6DA195B9F44D6C26FB113FE8BC6462F03408E
J=$118925C6F95B42387840879D29D9C831659B11C6DA0B6802DFF24FC3AEC6885C3201FFFEE19FE74653D36D82E29695703F22E7238B7B835153AB24C2E32A0FA60EF97E4096811FEF67A098ED4680C238C135533B2566EF5DE64133113BCCE9B9D1A93F3EABD6B124B7FE4FB0CAC86812018B8E762213F6A5393ACE84759EC71F6CEB9BCA33E491FE66ED02B5D821E55B67252EA633A1CCC9428F2585B3C4A1DD62CE5179B3FDFD80AE84FF0066FBF2E47242EAC4107E610F4E8A10C21E2D8A4FE214A9CDBCA8E8CF574A47F993484D0FD776DD83352599D1F64415A88EC256A49B5F787FD2AEB3019ADF4606E90E9004ADFDE8C70B7CF315DFDC3F18BD7A1949513510601F5DB208A766243DB5F538FA539929DCE8D9A0C41704BE8806F8AE7B21CE944E5
T=0

[31]
S=$11C3C
Q=$7

[32]
S=$468B8F4
W=$715AD03F0C1F3155B5B6A817E690D943511B7D668ED0F005624C52BBE97A0A963A3BE730F8BA6C61BA3DDE7665F1C678AB1038E9EEC8EFA060BCF41AAE85016F9436FB2BFEC21C4BDCEF67D0B91058E3B6E14577D680027E6BC18CFE98635D0890E0931B98D4A4999CB138FB7796ACD515E0D62A7A6BFB4A50FA6210B01977DC21AEC1206BF4691E184A2AD7EFE4B38
J=-$1671BB614789A37C1AEC04A272C5B92514B336DEBEA74E3E584CDB8BA325DF86DA4714BAF0B457293E2FFECA9432FCCED0758B3B8CF63ECE38700B0052BCCB8EEBC6C670B6C973289927B6455E0C9E3537622B3AD43B626436A23327337A2D608F967BE497F33BFD0B610B4C2ED3BCF5D5E74195C60F1457B9D943C3841EE333150ABF87E0C078602F36B7DB2DF9EF29BCAA370D4D9BCEED939C1E3F76CF35B29A5E846AD74D80B54A5B020628A29757A06C7A70F4B5C732D942A3CFD1E23778D524246EDBB9D7F2A8B999B6FA31EBF906C72DBD6D8CB0AC110750740E2412B5451C27540A4669B1C4C2C27D5D9DBD7228C42DD1BA8E4749A5B92376BE241FE90B6726E0FFAA7B94D4DA771D1C22F14BFECEFB8E9250C85DA6E97B6CC65DCF70
T=0

[33]
S=$2678E260783AD1FC8B84
W=-$25DA722E6DB594DDFB3E29D8DCAA298D77E20BC2FD77DBCCA92D3FEE7D87AA77150AD8207ED53F1D82EC924127D515A78111448E7524E253BA60C100E08F3BF6A62B58317746DB017EA55ACF1A67E773EED9F8ADD66E4C99A7B50D80B404664ABCC0192D31F2B11D99683E2EC4DF14DFDED82B4B5D6F6AC539F99166B5A1E8B9B584686F6F8B2E46EA0F0E9FD468C
A=-$98
B=$2D2
T=0

[34]
S=$1F4BDF
W=$D47AB8CB75CB558B64CC4231EA391688029D89444374A091FD69D7717188C5808CA8EB3C8DEBA87938E058BB687D81DB4A6DD357C96ED2C2F82E1706AC42612002CCE1347AE435DB2E9078C55FC5705D6C73B9556FCEA7F722D92FA5630174734E6A3545D2ECBB1F1D4BBDB77A5072EA8E9ECF5CB7EFE33AD78DFC0398DF16D94C5638DA047ACB21081
J=-$6BB0D2B06008AF439727F7967D1B9E31734CC30930FD468BF03FCADE571AA4256641C1EA0FCB1E613B9A794EA5C4C209589009D6DD327F23D75E0FC4629D2467E68C0F6CE3EC080E1434468853FB708EDE2748E55A8DE6F17E95A19DA1030B43F101E9B9FD64E89A16F7B28B22FA921EBB98D483ECAD22B767D8F2935A42511CADCA567929707E0F5BA788DC91654CEAEC79CEF792F28219AF9A1B30BAD21E594721008DCB1549ABDC198BB7766B75485B804FE35FAB50AB4B8C01B9F701F3D17D7972A4A1BD0CB52A11A9D4B1797CA8058ED65D28094E84361CAA6D5C990D9DCA5F2712C887ACBC72AF1A3266277F6CFD605E84A3FA4B4F198C1823B26F2D2B9CF0FFBE6689A25E9CFB47177C375E82B9CE3
T=0

[35]
S=$8E327D4
W=-$2AD86DBD4042ABD9D1AB53C9F454A4C184D3AE1A4F747D26ACFBF1BB0BFD2304A5B0C731AF4238DC3045FA0AF4140FF221C5882E90623D59C67F079588E0B1D0C7B264D338F2612D781F3F072F5BF9168694B7C4B5B0424CD7F37487D8BD3B09EA5B35753DA20C51F7607EBE6EAD7350F50C608E07A9BCD75156D5A7E0E4C8F2FCD625410BD379596
J=$440860CF4FA233C1F1C141E7601BBC2C43E6937FC1F9C3A1D4B7C6FD0E7F22191CE8823469CDEA93EA8478FB3709D8EDD0F6B2730B9267580FCD77CF71DB3C75BDCCD2650B7AD181888C0014A663217F73A052636669CCD007E09BD06B9B7FA1007BD50B2D25C39C8438B6D3281570D7C120D0938A2637216B2497131490C2C0870C41819DD818E0309DD34AAB7BD4CEFA2524466D47D4880C8B137D2DFF9B47A13B625E954C48768FD97988D941BCCFBA9BF92A63BCC7B298E0F9C2E10B123395100FC8336CEF8A17FE2E511FC79271D095791BC578CDE66C7AAE12FE5D24FDE549E25457E59CAFFDB38455654B131D488C6C29B9F924E27C8B1428977511E8BC5E6828D1552BF5DF2FFAD97D8E6020
T=$4

[36]
S=$36D1AF9
W=-$C9911538F2C545E005328F56C63607F50B58EB58194D495BF9F9BD1123BB103C216233505EAAB52B603AC310F2E01ACBA2AC158AFA0538903B22130000354BBAFFD4B89FDBE94209E0BA427A52E110206A6EFB5A780B257B3F949A54FF282B44603EF301E607D2C9780D4DE14933FA10FD18FDC8069A93B0C7A4053E8E966D2AD7EE177D2869F
J=-$500892B7B649B05B571BCF11CE4A5C9E7D9E6A95A502633C7FDFAAF01CAC0C81B64DC103F04CD2759D4706793C453B81FCB7B89D6A9FF75CAF474EF10D50A4F846002CEA68A4CF1829CAE22D1C3960516909D75C213296C26D0A203F78C834E92AA5486129D3885350E0B6DEA1BD392E2A40358826B43990F609B2F7E0DDBF8102654C67BB71EAC508684344A0699BB67EA6E83C02A5B357A257A84DE504E86B513B934C34BD3497BCDDAA16B229984FA84EAB0C5B55B1F664BCBF4FA3AAB02FD5A1177B3A6EBD306CA7B978541A0C317046B11096E48669E05EE1690FBBA17A0988010D3BD781CD84E16DF65D66B9689D3A9EF7F2F6F30DAF6A2C866B3DB5DAA02451649CB5D358A778CFD0
T=0

[37]
S=$272CACEC
W=$E34B9B9F21B95B845B00B8FF004A5BD50DDF0239A85A0E00AD9457E92C52836FB8563E4432458F529BCD2F3DB724937FB11DFE83CD91942A1BFB1C7AD3B8CA29A56E03094760673ED81778875D0DB31D15EC80960882D98FB84AC7FB38979E983D9AFAE173BC5BF67F73B9586A2F303190C306FABE79790A0D431B79EC1EFD480043280FE
J=-$122239283703836DA7AEB9FC3588BE3C73A29F08558ED46BB1EE13127F48BDE52BC8E9EDD775749CAB01ED4B92EF2B06E2E2E4D8CCFCCC324559923AA020D34EDF61218DF60EEAAE1460D869E5805946CE46FAC9CB811AE2F367617FC4A5A4C9C92E491038C8B55CDC625F6F6A70F9BB1B457D9C3873790176FCEA1E6F7A9535082F2C56DCDCC92781F0085AF8A01FBD2510BA14868DDA19F03B4DF5D0CFD99B970565ABAB75BCB147D1B54FC4D27E80494592056807EAA606A262679C8B66877FC7B74DA3A5118595F246B7D006AC0B3A1DD8FA5884EEE516A6711A691F4A2101BECC22E113556739CEB3636D86E0362016FC93A598A5125CE79CAD8A667CCC5845CC6BB047D6978EC
T=$1

[38]
S=$773
W=$5804A6A9E8CAD3ED60FD064F1CA37238DED4E2F0AE2DC0C61E10F9B5F90CCC7734503EA43A7F77DA390E11098D98F6F9ED46424FF1DC532C629C25C97A0AAF5B18EDDB8F963DC092C589C8CA66678E982637FFD26C256227B63AC78867E101C263A461692CA3DD2E662DA19453BEC538C222E1FDFE1D3B5FBA867C63C19699CF58F641
J=-$3E0670F404CCF0C41BA113CCC8C9710F9FE3A5188B73D60699D78D3B8E043ACF073A20741E2C6D7944E7C4DB1E3B469B78B28E9AE75B501792B52F101EF6E8BB035D19E9DE2722DC6516D5AD33D12F4B7AFDECC3AAED033D01AA493F3C6A5F7B5B7DAC786A72DA02E7A5D51DFAAAE6CC735B54AFD6179A7AD8D5F85D13EFEC032DFA707A15C869A62111C5D15E964FD0825E86FF0806807A260BF227E72847C4FBAD703F1B9B4EE5B14C2E3C6F7AB235CBAB6589CEA07C5E938921EBFFCDCE1A4A82F8A4556F2034811901F689EEB5F29018CA760E84820FEF6396A864AD00A97F880324090339EF3B7F0DC3CCE70F7C10A753A8E3DD49FBCA06A0AB4EDEDDC9139A6E6F55D
T=$2

[39]
S=$B87A900
W=$479087ACCBAFBB3BBB41EC45CEADB180BFCA06B2569BAF02CBCC956FB1E3EB381EBC0331C047203EC212D07F65B5012B600441A3720FD2F943E097A7FFA217BB6019D61DBFE3B40EAFF52845FF2121E6ED34FE5F10046498EB8592AC1BFD1B2F2FBD77DF166BDF8192395C415BDE4D4DC1BFED20A9806602406B8B50887C31EA06542
A=0
B=$3
T=$1

[40]
S=$113A696C3
W=$1806EF217709E886C3C98D767CBD937C23EF299E03119F6B1082FD2F1952E183DD07672E804DB30589FAA4C98E82EF3C5B4FC5E7F67EF0EB265058815565502AD41465768007FCFDE6A7BB34977794108E164EEB4103DE111876F1F010C062ACE454B6041BA6D2956F38DB5330C2A7ACC8209DEB2250DE123E226585E60F3739F7
J=$7DBAD5D79183474585CC7FCA391EB29B6B0900CF833DBE11EEBFD4AA6A05DAE731DF2F0EED71E82CC07ED02BC73151E3D5CF977EC334CFA037E211EFFE44DC454D57D47A079D937C52AE792238F20F554C02EBBDA671D7BCB642D630675C0FCF3BAE396E0A9C23856E54FFEBB303A4D95AAD704EC6A0779D2F66AF173EEE16B31D2A67C86DC1F387F17C8CFB074468C220E19EA088CDF3CF6FBC086F1C938CDB8C210E0120CC44A1594E7D7B18D9112E4B1F1691FDFAFD996C26F81E5F366B6D0E8E22EBB7AA583DCBE124D55F81CAC2A499F18D3061FB030007A59D3450D6249B6DAF81F2846DCE58CFB570483E7EB503BE485BD6D35B837686A3944E41F1BEF0
T=0

[41]
S=$B061240DE401BF
W=$16647F7ABB50AFA6D9CCF5859A5C271D9DA92E9D1FAD1967F13B3C281AB4A68DBFA6F6487E5247ABCC944794361F84FC1D079888EEBA35D22F6FE3B245207EFB299B8828CF0E672A464EF6653E53E8DEAA0B42AFEF44B87DFEB7ECC2913A9B6CAC032B67F64DC92772B772732E05121E76D231D96F51224922BE2A7FCD9F29
J=$6B8EF2110A13EAB002BB41C550843F6C301BA59ED8861BE487F5EA4561E5514DC3F0800706C4DB13F06FFAB61611C0F28D58CF7DBEFA4657626D90E7F76794D2D70FCFDB58ACFCE1AE0CC82872C9458253987831B0D4A50DA54044D8F54942BF7E8FCFE548EC86A6C052C44C9E7D92DE55CC1CBC7239CF7B5748E84FCDA9C60DA5CE13B57DEEF14A26174A4311315E4E28F4B15F65887C84810C47C67B938276489A00367B5154B21110BE2B3377EA5510C89358989263003AD48502D51134C1A457B31167231743F7E280E36CECA3A70F564941C9F325A954C7F82E106D30C27F20BE73180B3009DAAF1BE690E35233C881A44BAF58AF78DB131CE8FA
T=0

[42]
S=$1DF836567
W=$2B17F78B80F28C988F25DA534A3298D5F44BF1672005AAE2C26E3B8015D80C3E20CBA01F4EA73EF9BCDBB86D5A5C708DAEDF1CE2C7977C250BF2223977A6E6304062D2FC20883FDA0D156ED0E9C07BB4363897BB432BDB34039FE3A2A0E91EB57BA87915B367192F5EAB7A9FCD058E106B0645447FBE6B420DAC1EB
J=$608CD84BDDDD6BC540F8C73FBC3C57AEF435250A4F7F690E4014A701C80D08E14F5A7746C9D81CB6C84D773A7BBE90AF431220D1F47AF6CF4754B0591A0F703A49874C1A41BBB4EB00080B5993545D91F037A43923A6AC8A196B6B0AAF171CD2AAB5FC0360C1FE40F9E5284F897DC85A825802208D6CACACF2C7556F2D9C857EBA1AA6C778EAA9A23FAF80C4C5A25D3CAE2E2EA7B90609AABD8809C1F5AD026200F8F3C603864254CA9698F5A1D5BCF7CD7C1C8F7936C8D2E4C0AB3532F5A6FBD25463D4DCA10C228EE6734277BE358419ECC18F96B7C9AE5F71A0E5A808309B61F391A7938F3ABAF991B9E0F5B71E22B81AABFB49A3
T=0

[43]
S=$5214606A9
W=$71A352E9AB68DEC39200E52F64515AFDF2BDB999DCF781B7B5050BDC40044DD10017C31D66312EC2DA105245E8326A587228974B35D76A4EFE978B62313224F03F3CE6B231F6E13FD2D6BBA49B431AB32DD859393623F6761A6F0ED9D97E2A5A4BA9E7FFAFC530342A654FB43CAE5B6984DE00FED8C2AE08A9
A=-$D70
B=$12F5A
T=0

[44]
S=$6F06B151F0
W=-$BFC4887AB24900151F49CD32A7A6873721808CF23EBD3390EC158442F26921D1F5DB3C583D40BF076AD3C8CEF0523CD87C8E61BA136737029945127618F940848A1554234BA2712388FA1B650387C7A1C3E9812C7A210E894FA80612E22543D39C7720B133DBB105B66CD91653E17034F9040739BA9FC2
J=$B0C9DC5C95A874DBFF917095F7401E7B40A632D82E4DC497E95C24B62445073AD303C304B4C227D05BEF804012269F28BCA913AC8E9DC994E26C794D416153B323F3736E91FB166F55B24B8ABABB987650D3C48ADDBE22ECE26D58A1D4E82F8B261E45B9FD9D7D827132854BC8FE714E7CD8C258D7F472AFCB845993B0CA73EA3B13411DA15F5F4D69145BDC97F7CA60697227BD9D08C9B9B1843790ADC22609BEFE2A780DE0AE902437E18C42E9D5B3462AE12751BE0EC3FCC2F79C7B3703AAFAAA362C8020EA80929124FD39D5B2037324B88E7499FEBB5362C010B3099CA65C0DC0037043027B97061046AC
T=$1

[45]
S=$A6A5BF2
W=$1394D0707D30D86B84EF15F6AE34CF3A487A71479A7BC1A8E95B254C225E73D11D0EE2407F59EFA0A8C3B0242CA3779FEB82C59A11836D156FCF418DD30135B1EF418E97DE647B20DD30283687BEE713C451AD9DF0551D792BBF30CD98291F315A8798D9ECFBCF75ADF1AA80FE682D7A8164404F4
J=$3848A59CED16B335A3E393B6C232EFB61D13B1DFF14FF8597216448589E39ED531CE62ABA21CC4BD7254C02A56A1A8485E73F6AB8CFCE1E37530A481E3B409CD0C101E56863ABAB3685631718A101FAF35E0A76E4F015BB162969BA9A1891BB226D2AD42229CE22F3DB7729B973F64B7BB3BED4464355CAC460830B019B15587C07C74BF74EA84ED628F752B7B6ABD6AE8A98B1F99A2C5DA747FEE1E1F8C21BA5C2558145599E7C17ACD4B1A3DF790F37F00B01019A2F815CEAA43ED5AC38ABC1DE58A781C910BADE46030E569DCB741EB4409259F1D1A276C1E27E3BBE932C55675D3A084ABD040AD
T=0

[46]
S=$16FB0230EA
W=$2BAE9BD88BC1211AF2A1A737DE8D5D0C43714C761C775D8128FDF8330D207FAA6163ADA57F8FCEDC078026C82CF04EC704CA6FAAF3685EAF47A72328644317DF49EB823D27D342E5EA50749702C7690113ACE81383CAF76BE05275C1F49FFBF45C2D7ED549AFE98427F56C90D281B1E1660BC8
J=-$9249B3536E3C6A6F910BD66BE9E33949A305EEE8D09FD66934A07A34309BE68904D0153AB7D41581F232CD15AEE04D983369B5B2FB271C893813FE458C290E8B34B3C12891A2E28D61F3546BD011965B67F7799E5808D090C17301AEE1712BE8D64D23EAD5D8B0F00F4114F1E615FEB0537207846487EB04F7C8719BB1361337EE81184FE70F209EB99B7CE7405F8612515B71C4C05ABE28C37F67279423AE7B14E800EBCF1F8AB29EE3290AD826E4ECB7910F0795B643AFE417123BEDF5D0BBC819645B1A16F4E159E7B5B012FC22F19A1A28AA7DAC18A3677BE45F3AAF0E5828734331E4
T=0

[47]
S=$D3616CD4BEC
W=-$68725017D6FF1A0CB4FBF6DB3774CCA35D06B046D60E745EC6C958D643F9D1A8166E7FED4A53EAD89B48274F737AD237EEB432716C96F1C84A7A8497BAD1EE159DE6BB0452ADCE2EB1565D877F33DB785BD08B63C4939FA8C6BAEAF4F5E8047611BF40A810CB0E022A9149F1B614718BA
J=$35B7E30AA3E9DF4E2971BA3783A8F82BE52F12908F8C28DD4B8F0CF96DE7B47F668B474779E444B6061064E0CE92B772079A00DF046A62FFA21C133845BED20D52B2C6F692FC31ADB8E54E72D6B52CBBF0345BD6851965697A7CA602437E4B0C7597B9115C9DE8651CE6A88062E50BABA8986FE1800896802C06C640BC3B9689C8FF89A665B93630E89ECE2731679DBC6F51253C494418517FA9C29EBD23F5E998E2EAD0686E6E85D4A5E131BBB8D763591EFADEB83FE5CDEEB81311E543E3BCF206AFACE75CDDE70723D4A52DCB67E0C730B3CF265D678A89B784B8E93CBEC653
T=0

[48]
S=$723922E111
W=-$2DD40E55ACFE54F8942020DD8461BC3C587C23320274830B3EA96060715C89C7D9C85B9E12FC05FF5700F50A4647DB1488F0D1EBEC98A3D5B77AD9852EBD3182688FCC8B4FAFF2ABBA5FE6BEDCF91513B2B3A5017D775B61D5BCF4B0C3C2A26397D72B0DDAB3F00A75BB6562106B
J=$10310CA4B63A0F7D1D6E119390B159ACF6D1608A98A88789A3FF74230DC69DBBD405CEA7EABDF72C9FBB47DC06F5AE7A9D92D626CED9FFE6471E129C19D84CC8362057A6FA3EFF392CE68A09CBA75FE73842B077C97FA78DFF3AF1D6D3BCAFC904940C8A6040C17391CB8F0F14E2D61F4CC7DA1B834914162AE06671DFEEF03C394F71E8F3B1B3AE1F797D06547A6119FD5698F68AC1784FD61C8D4BC5A0CA63797C16F8484D906BDCBB1CE36A2792588A5928D5E4A5801833F12737F365E744D96DF20E29F98BC3F54027254EE3AACB0EC43E31DCD8C5A9560D590
T=0

[49]
S=$865F4D742
W=$888F966F7F0E1D95E6FAE6F16E3FB4E6238D77EDA30D0E323CF17CBA42695814CD4F11145BC57E5BD479B861377B118933388A693424D0822255454AD0446B9AF990BA1D79F2FD987E44F47687D97B9CB68BA7AD870C8FA042875BA556D19DDD20A59B80C7267541BAB86A4
J=-$5041DD7D683007F6A963D4D074EE3E015EA50D34D66C17AAF7724FFFE9A033B4F665873ABAD73CF38E1B4264F9ADDD5C3CFADBEC5613D47BBE9C7865BCFA2779EA6BA3540126D7BE1A48972324CABFA1403AD52B93BCACE73ABD676D5CBA2401BA884A657B8A70FA407C3E7016B04D5504D68F3EAD7726F01DA81A7156C6802628319D3509FC84D6B79C41DC499F43B9F743E401E9DF3CC1FFFE82CF2B83A1D19186039E12DA9B6183078A6BD1BEF05CB4218E09471CA4CC7A47E2F780BBFE95E157E5031F16616E884712D4160FDEA6FE5123EDE9E03
T=$2

[50]
S=$18E8C30
W=-$1BDCAEDD675385BA5E20CAD899A5751C866304318E61039B845CDCF2007C935943E15C068D0876CC04F98240249F57DDFD5CF64CD778F7FD70ACD79CA855A2259FE6080213CBFAA66C15657CF3238E425084AD29674F40E8A847C627CFB975A5C4C82B2A44AA7D34674
A=-$23
B=$62
T=$1

[51]
S=$24424D2DD99
W=-$B4B89033B2B269F7E913ED7733BA0E732753CD0A9A91D53E7262C6881F20ADD8027EDF5D2161006D20D9205B3EEB5E5C0BE359DE2069FAFEA7FBCF4A8721710C46AAAD912C659B2EC54D8F597966A25F59CB9542492E0A3938A1836DA7DA26867FD39900ED6133F
J=$7ABA9FF15186044E059DACCCD49AFC34A34DE2C237D0F94E8BDE092A72DA00BE36698FC925EBF9A27B465BA209226355A0B2B523AD1FD89987EDC77778780629C3C34B47C057595F9CDE7A99D599FDF20A0FDBFD7CB58E8DD1AD429A179C26958BB46BAECDFD0D4288795547A5E0DF7C894C48C1DA2937A1B1BEC8988BD1033E816476FAA3FA6C8A2DFB27CA4173D5F6DE803949BA7902319D68ED28D610A7056727C5274491EF0E4045BBFB3F5216C5547CE8EF116AD02783D0EB19B8E01AF1175615C320CC6AEFE0476801D8E6CE
T=$1

[52]
S=$1034AA
W=$14A1AA310674463E422A973AED294139AF348129701E9E8BA055B81B35AF71370C4FF4B9B4E01C1C89922F5CCC2C6AB9171C5C5A378BE2C62312335313F3E9AC592A7DD6BDEB21D9BFF2F4FF27F5F4A2D0CBDADB53F7226DA2AFF1AA924CB34DD045C458DD6
J=$348DF07F7662BFC3383A9470226F02D5E3208B58A96FAF9E4C1DA39556830D65BB83A549D72E11136C3AE0642E09FA3CDB9A5F8CAB4268C9109698676E2E6193AA249E79D4637290422DC5693F4C045FD97F4B17C0030DB1D63062B90FB8F3EC9E9BFB401081A5E1A2CBEA17BDA792FC23C8FF53FE1F34DCBFD0EEF2FA53CF3205FD27AC634C319CF0E95FB168E35BDD527E387D4FC354EC13A83E816BC81F44E9FB0F6E4017CF6A2C52EDCC66F35066904E8AB15066A84BD8D2C3E0601E259E3FDF157A215167623F68
T=0

[53]
S=$99489E3574
W=$4824C28F6394C34707B5170C0A213904163B516E657F044578993DF643559BE4FD17DD404CDBEA230A12C25BEC90DAEA7BF0A8BAB44D73FE20B4814EC61D9B6DE92006DBCF43D918559C458EA8DA6B400A0E4549C5A89C1857E357B7A95D823ED8D88CC6
J=$188061337FB5C73B052B5FE7CC5292B3D45AB3D30DB8433700BECAD7BFD425FC1B311F3BE2F7F88DF45766D06D46AE70C2A4D9F3D8B88536D6AB94A10226BE56E5A83A1EC79B155B411CC672E8CA77965310E147CD132E0F35FF6280A9149876DF52D8C85267D08029A82A77B41602225569EC184D63AD1EF2CF6FEFCE773D6B8EAC0380CDA9BCD1D9040B241EBE7E0669885361C40A49483A5E633D911D3516D002B59C4E6CA02F6F9C45901EAA906ECE45DFA4DBD44DF2D57855BCFB01ED63FBC35CB7EEB3DBD
T=0

[54]
S=$905C0
W=$84B9E66E546A883FBD1534DF6FDFC79BED50DF328E1CABA72D57BDDA41116810FF4E293BF938D6C050D8A2D3CA6F3E5FB9F6F0D807F13AE6BE694AB8C3D408ACB2F4B31D8715EA250A048DEB17CA7471A586CBECFB57BCEFC7EF16256410EA5DA9C
J=-$60B220CD7573896D2F11A24F8F6BBEA687DD981F8CA20059496918271DC9FC45B466961D94330F49B816DB5D242035A1CF8DFCF09D850321FE01C1B96789983A928C87AA48A10A11171D66A874C46867CCC9E090B77794F49CE52D22DE96F992A899AABAC540F0DF670F6D7FB91A587485243BDB5F18437EED44323DB928964115E480B512FFCFBED40E281B1874EDA2990907DE2DD9CE6E6C6C0842C02665E821A31FF49E24ACAE0331E8BA150394152BA5D27581D8676DC3CCCFBA1AB6E8F3F4BEB
T=$4

[55]
S=$42B62
W=$4CF80570D4FF09C109BDC2861E152F369D73B605E4415D0092C0A187078CE2744643EF37E05C65A73A45119E23B2730C57C46A91779B1A431AD53998D49E7D7EFB2CA774F63E02561A97045772CE4E9CCD57BBCB8E896E24102CBD777098275A
J=-$DD9768D2CEAE065940C03188B3A0C367FE86421B67C05535F622F351DA0E3A064A701FA4AA3CF546468E0423254A36A729AD77281B372CBA242F6F8CF82C5FD22DB3BEF2AB7AACE0C99894FDBA1D686230A191F890E6B2FDCC8EEFE87A3E12EEDF55666476DDAE75D35708387AD4E4AC9FF62775F26EBAC0F7244386136152C2F71354E52ED50E5569093135DC7AF42A52416804A029A9D6C143F3A9CFABAE5B9E6EA3E79F746964542492B193DE811DBE6CBEE20FBF3A647F380CB853971B8B
T=$2

[56]
S=$A2F93A3
W=-$4B5DE5B0EF50E0DF57EC83222BE94F457736C8FBA1E9BC88A8D40102EE0EEB349EFC84FAD1E47C52AFB639542F6749A3BAFFA3ABE894690DA0C6943ABA33D0E86964E2E3F6E6046AA96A7C1C417A347C4818E253F330B10B1583711290936D
J=$36948C10459F2DF55BEC639CFC9425D83F43114E2F3208F87A003D0600583F630FA3D0AD44D17DCCAEA61642A452C9BFE3706D219C33A3DD5A91F162E756AF858E562A36C6120FB8B9B469CFCBE94E08ED890EEFD555CF9F0AB705EF32360A9D23B1335765EC12C059F9ADFEDAFC4C2AA79201334E2F61B0F904FC41DC87BE3F9FC93C3B457993AC8A5DD51D3E22CF5789DF71DA65741EF6F0990AD725BD4AF2E8CB984BA8B2652AAB494B0808DEFFC03B3FD125918BF83C6D979B53E813
T=$6

[57]
S=$8D1CDEE129A2
W=$5B44BF33132FF090CFDCA288867282BDAF9A9D98F0DA6CCFAB480B133F2F42D6A87F607FBE0CDF58AF826733E949655B463D8182017CB71FD9726BB593ACAE996782077C692F0659A69FE92B59D1B6B28106EC2EB8AF28153BED1D5EFC2
J=-$44F5FB3EE938E129DC0C3706127B18BD1937947881FD6FAF17F0963C9AC785C533B69E6B1B689B8911F762EFAD328D359475B88711F6D37CEDF022BBE16156A4FB59641376AAB523C31B284521613D329ACEC8CA0289A4C5F3693EEDCE05BA65839340459F1C00426895978E60B98C38BD87A29803457AFFBD5E9CC8E39E0740F70EA16CC4DA35317369B9272817262C9C9C39D0C570BB83D6B5D7B2AEBFFA4918911B576FD9112DBC7A1ACF46527ABC086A760445D4AA794AE69
T=$1

[58]
S=$29F90
B=$2

[59]
S=$7A0008D6
W=$4483336513CAF0CFDD0BA0D49BFBDD09E6C81AF2D4EB568B41A8B0DB848A7D5CCEDCB08D35516046F9FAB6B1777897D3D9C1AF16971F88DC1898BD9DFDDA4D2F55712949DF25709E9DF394F7C66D0ED7443BA0A5EFF7B082E1C
J=$41AE7CE4B26C2A9E34DE41C8DA1EB35F6EC48715DF78CBE1831784FC454ED4EF4CAF9388182F0C89FD43190DFED8CB27EA1542D3B15EE6EB1BF42B9D9B1206F79AD36E025A44D1C232EA34531D2794FBD98B4D29520BA768268D740280B734ECD00768A8DAAB85CC75106E3B4A866528A5397266A257B5541A05E13A1F41DB38AD993ABD070E2E2454F4C6B1FC7232368A57E5F6A56999E7335D7F5E250B06A6CDAD56D2951C7BCA1C55DAF816B77AEF7D9B3
T=0

[60]
S=$1D1FF4C4DFFA
W=$3FE912E11604F57DADC0CE65787531FBDF1BDC38A876BBCE11E9A69F025CFC775C5D8AEC6012A50EF2BA0B97E3FBF770872F6AF9A53A9863C095D69E4F25230835C3A0530D0FD60C70A6513CAF3A50C2B2D7EC6138B502A
J=-$8C74FE159A63B7F013233A6F73AB05FE51CA24F655E78076A57F65347AB59ED7C85BAEA13B2395D04C242D6F1CFDA65C8442EA7B8EFD3D5CBAF06B4C46ED53DCB00ED43601EE2499E48130DE0096212ACCCB29FD25667737EA70539BC5CAB4084943D7C1DA6ECDE24FC66EC72545B2B41C5ADFCB8A9298EBBFCD1DB3C7F9E88C50819B2FE9704DCA1D53D672DBE9793DAB97803BE526CFC1B88EFD5C40D6F8833A013B738D6D9791C529CB80FAAE8
T=$2

[61]
S=$ECA8CE0B37DE
W=$14661928A70D04C00A876BF56EA5C2449C1B7AEC266C4B9A27D34C4DDF8F59EF14B8F32A2B2D62AEE0F00708C3DB5E7C8DCAA2CFD17EEAF93920C7C2A1E731DA9B150311CADD4C6C0E01A95A9BEA0B0503643BA16E
J=$13590BBF9CDE6F3EA37637D310939230F405D9F9320ABCA9E707CC190D1001B1C9DBBD908C3C5601B4A955976D8676272BF22ABDF62CDA2DB348E99CFF451192598FA05AA77F2DE963A81FBB42A65339CAD0D451553891FAE1A904C260A6D96338808450FF4F93042315D11722CDD606C95D990453A54459CE18B18E5C9ECFFDC45280BA4DA5386BD1A7EE61C62643738A7CB5337E8FC4AD8ECAB7DEC18B1C1EABA5B52F51DE7F98
T=$1

[62]
S=$6EBB6C8B
W=-$EC345843DE60F76D3846D39528E46F1B3CB9D3B02E29AD09440822816FA649F42E44F7D670A05B67E9C11CD44DD08E341026B1248F6CBEDF2DFC82A7E3C62593037DD65C3EF8AA6E0594AFFA6C5F3C9EB8D
J=-$1793DD2EACEE7D1A4FD11A2A2D82D6B66FB593236AB419769F243D07CBD7A0BBA15496589ABA5BE6920A704D46370BEFB80A7D5E9346776DF41E186DA841C3F84D14D09F5301228AB0AD70FEEEEAF2F06BDC6ABB33554A015A37B968008E12528EED362038D5FE5247C677C6E2ACECB07CFC3B37DED94AB427EDC337632F5DE525CFF7D78B8D3755140CD10B7AACD123AB2E24EA88D0A196CC6232B4D39D2F07E30FA5
T=$2

[63]
S=$1332A96
W=-$27BB0AEBA99DE99AB30BDE748D443759B3E03C030272EFF2A47FF2DBCAB007C7300F64E9B370819273D9B3FEDFD3BA836BFA28AFA393E35549E7DB84395582333CC68071612D4C1EF60A1069E6CA06C6
J=$882F413C87242E604B0EED1588D3EBAC2E5138EDBD0EC315C725A1E64D1E5FA66AA6D367C6B2D6F6D643C3F1C77CA2B6EECF057D1B1E5EE4D399BFB00B13C418449AB6093421D95FE2640AEB4124F8264129776D0198576C7E1FB3A9D2CBBC776CC6C2598CEC79435113B053CC5837C90B6A7A299F040ED81F213BBEC32B53B34731273F717E730DAB21029A5AE703F8AB3992BEE8183779422BE4249E2A6A
T=$1

[64]
S=$5BAD2
W=-$1E22592F5FD5FB63E885C48DD0BBB60D1BBBF89E661FFE8107CFED152328D5982A691E9D365D54BBC6BD5F9F7ACACD510E6D7285CDEFC7238BE0DD942F33D6F9E735B6D193E1E0ACE1BAD4AEE1F96
J=-$6F01C1F7A8FEE3AE8097B5314BB36084EB93C47FE251A75B4BDB27B3AB2E39CB571D0595866E73969E684D6D28DBCB7729E51521E0115D744564F33E8801B2A1F3CED409809E74BBF56CC93B98F01540900D267C27E55847D292CD492467D4C2550CBBF8D943C4B89BCE8CBDE50DD5503ED4046CF608AAEBFBC12851E203DFC1FD446E55CF5479E4DCBBFAED9953D8343AC86F7A6A1424256BCA57B6
T=0

[65]
S=$1B88D4
W=-$EF509BFF67ACF98515C7D74C923E4B1CCD7B1BAFDC3966F6B512EFF1D442CD1794840ED7B5A7936826449BF8C086B7EE2B1A18FCF7197EAD7DDFFDCA80AB3FB4136D9461FB0065155E79AFDCE0
J=$11FAF774D8FF3CD58881C454DC3F963B5DC701E146D26442FA4D8ED60B79E2E99B923817A45BCEE4891E6E391BB489C226D3378108ABEC65BB68E195FE96762BA2C55E624267BB3BCA230636505D98CBDCC5DE65551E6251E3D5D2C65D7C1792C8B6C19DE78B7ADB0B65AF2AA2B330142F74B84148C62FBA89FF899B6BE705047456FA3C4728ECC5F845489C2AE19E54086A2E6ACCE0BAF5A095
T=0

[66]
S=$2EB311526D4
W=$2D68BD2A9CAA9A2994887C9A99F0FCA654EEC4B9E012545810E8B0780D041953747A69D71BCD008D4C433A788917495C3C1025563D0FC1F47607D73F849768D6B10A5A0B0C5547883ABCBB70
J=$17DE76EA2A5AA6B56613EF9821B861CEAF837F64372731E1917C3047ED41C36522B2DBB020052061A357EC950B0F781C098845EB7519600AF2140602D4FFEB9C5394517B4C86A9EA21E7240BB583D358A4492F77ED299048845C5F8514703B28069FC30E1ACB9DE6BC9EA8ED54043F990352B772EA18CB41AFC3403501CA42EA7351C982166C552F474770E8E49FA3AF2632F0B6C780ED
T=0

[67]
S=$BBBD6B7
W=-$12E744BBBB5AE9664058083818AF8F4ECEAB8DBC310F1B6ACF337009531B89A0B84A19FBD646D1BAD5983B3D96F865443B6D8783E703B90BC32AF1092C400B29A6EE3A01E4CFD593AA3
A=-$98
B=$2D2
T=0

[68]
S=$48C03AF94A4
W=$4F92942570E3776E85CDF2D199B460FA331D0B627C1E9D4527E5A78FFBD57F696C99684B677857533594B0EC40980863EBDBD68BA0A3874CD03C7E8522B865C4651B7EA485C4C68
J=$434E0D103A96DF04CA7D20108D62CCA65B56CEA0F971D9C39E9084D371C8AE874BE462D758EAB3BCF263435F4CB7206A011D2708290F49B191EE37583716191E608A50189937D90EB1913567142BFF34DA836D45318C6243AAA790EC41B6BFEE861C896BBC46E065BE720259804BBFF290092E1EBD5F012D62A04D094E9662ED9C63FC7E73112FAD7F101A464D1E2
T=0

[69]
S=$8A8A649EC764
W=$3A54741C66BCEE17F6F7EFD0023ECE1916F2633A4BF68528B117AA33B2C574DE7027DC12783A2B0D04BFD74F1B22C605EF03E25EF8587394C9947A6E8D9CEC1DCB2679648A
J=$5D6A210080878CE33E56141423DF81A5B190186E3C2B9666950E920BC551B329CDE26888BDDC6BB8CD1E83573B8CA2B2A619037C9F7F9C4E3CEE365D344842C93F1CD61730CA0260A5BB0427D4E0913B564E2E42A50FFA21E2E450173135E4F5428B6038A4BD99980C57EF19F43B44AE334F237175BA507B56B00C4033F5CFB1D05A17B5469687B63D
T=$4

[70]
S=$9F7BAEBFE
W=-$4F83A2316E9FAE50C62F1A80FA6690D7BA9D3FA177457306CB7DC57037E36D6A0927E6A2AEB8D6D2E387D5F9566B301B0D869594E213934850C5C3D7B878B25B301E
J=$19989A00EC1354233B24278536667031803AEEC33892517922FE7C56626107790193D1C5149203DA3D98F4B98F83A64248249099FD9DBB16A15483072F61AF04D51950019A334A8428C620F284984FC5AC3F7772A997DBCB2C752A512FA3435647D010867591A15418DCE64F1F922C9BEA7EF31101BC6EBB6306615F2D829B7D2097D6
T=$2

[71]
S=$8F074
W=-$12781CC327604590E5561612B0DC44C67AB88909CDAB2F5A3FCA8E83E31EADE79774EB9BC37B5D8B5C890E0585D10E96DFC263E03D3F1B90E06095405E5518AA
J=-$33053D2EE42BB9D33B87B283C95C40BBF0FF26F286AB01F845B4D168CD310D9AD13CEF3212BE6ABC1FB6FD79A86FE6B858814D4AEBAFE3173EFBE2D660DA3E8C0EFD013474767A2F5DB86E1182FB08FDF8B1C78FA1A52CDB4537129F292908ACCA01B92CBD2F1EAAAEB39609BFB01307EF43C3E92342F9DF42B06D6E6164AE
T=0

[72]
S=$C
B=$2

[73]
S=$9E3BC
W=-$26290FB31BD9640B92B897C3149C46D2FCD7C0A7DA6162B47AC683085E31A5F04C32C7D673D692974382E2FD67BB3038A8DA294114C630529C33D7AFE9666
J=-$25FADF94DBB7C47EBA647760E076C38B8C75E4404B385483BBBA0BBAA3D52E6E9930AF033BC6E5F60AB464D08912B63AEDCF2F89AFD23A88FD0D2ECA4140B76B498AE89007C5E2CEFD3F644F6CD01BC2B3895CE291C9024ED4A4C0D67ADCF33C17424ABC5F980AA12679E46B9DA788B9771810E855BE70CF981AEB21
T=$2

[74]
S=$43F019
W=-$98C766326502013615656EE8DE32011DE97A8E3D399006B717FBAFCCE49F66FF13E8453001ECF078271C7026B829FB2D8CA5426416AA8ED8BA5E8EFEB9
J=-$B0B4CED0231A5A67D8D4A7340413582C54DAF4148EB942A9A84DE652375CEF5B7F7733221BD884EE93367B89672B1345FD14BFA57F223C4481B822E3F609E27BCFDB6C464CF8DC4E304EB6C2E9BF58AB7009BD7843CA8987A6BBC2EB568BB2000E79B51CC6229EBA64FFFD95468D2E8DB7635FDC909F67B5F18
T=0

[75]
S=$289E50
W=$47FBC5E8F17223A35B8627EF72B9FA339532CD66B7177A2171BA51561F3E186258B0EB98A64F6B3B52C9093130D98364EEC1A52445A57191F2FC4A
A=-$23
B=$62
T=$3

[76]
S=$1133C2
W=-$347C0CAD48E04BCA0AD7640E145BA66C1F662F0DD280D3F18D78AB4E64C925F3E6DE97F6501DD150DEB6AB4119ABBAEA187412CD3093694B1195C
J=-$4E312C7BBE4A81AF0DA1ED0527A25BA40CF36A09DECEA168D3E34FCC32DAC7019C423A99B71CFBD437580F70BE1977D0AFE29B2D81E7E39A77B830054C59D46391D0338130A05359C8D0D5467605204AAB4A95BD5F5E4CF94413480B14DE20E14607B0355A0C01A10C089A0C2A930A6EF2FB4369
T=$2

[77]
S=$FE7E044A3B
W=-$665D89F085DB1FE3A9C9688591359840093983B33F10F50BF3CF5ADE338680598F78AF77B39045CAD0620E2CAAB351D2061E6C351D0AADE6D
J=$165713189DBE0B733E07BB55D9090D4D7680E303F7C1E636CB5C5837035869569094C61DA4DAF491108F95B9606A708FE57F968FF544CD99C5986D352A7C7E918CFF68DC2C3DA30F5CCFC0476D6A1452A9FD060573C6C7A6A5BA8E31FE50457A6B992183C939B5DC04FEE77448FA978B74FE
T=0

[78]
S=$77206A0F231
W=-$4C09DF809BF2F4143AFC99B560BD94005997256170650168317B11F64ABAB59B148E35B88829980E8D14E8C1708CBC926EE4326CF33D
J=-$C8E25D5C91134B1497F8E77263F9E29D002A654F58BE3502AAD8AE8FC619AEC2F11ABBA3CA977AC0EFE88A5F25BE4C5CD12810F2926530438E2BA60200B188338404B3D0BA98E884FF147724E1619E9C4FE686C2F69C4E263AA88D673BFA6A7086CC8E0FB6AABE834AB3228A8
T=$3

[79]
S=$632F9B4
W=$56A0F3DD15EC4D4E6B8C67F139142C892A74329298B0624B02FDB4AE500FC784F2D39A09969E1CA7D24A5F2404C00773B324ED5E
J=$353A6E7CCF679EAECD6E165E18218E430A63D1840A293A0EEB9E3882CB6BF8ECE95203F3A48BCA150BA54187063644FCBDE76E3AEA96AA07D6CE2B05F0246CDEDBB5255F9464258577925C935F9163E3945FCCB8D5B70B8BF2E52816AFA07B1CBC7D8B97E69E6A7
T=0

[80]
S=$11C1862B
W=-$22939A2DEA6F1A07F62D77D7158F586260E3B92EF4F4D6B570CCF855F4525F8459EDB7025BE5293B031D5E6CF4D83E0E34B3B
A=-$108
B=$69E
T=$2

[81]
S=$51307F77CE6
W=-$4FD87049072428F12C070B4FD93755463FD335A92DA031AF64748D20BB4F4E539351BF04264D998F298F5BC095E7AFE86
J=$61385E0E93353B690D4192246F98BC65BAD458BE50E3316AB09A0C24128C9235E9643B2D84BFCC6A01B7C66D37DC033E83507037C0B471D60B72C7745FF32359FF1DDED9272D20C5D5EC6AF084B96F614AD630692B367122F261049A68085228E
T=$4

[82]
S=$545B862E
W=$1B321FD7BB1161CB2C20C05A9CEE4904A2A872496790F2B2D981690835EEE10C421DB201165EE517492EA500D2B4
J=-$831232F8E3CB3D18A7A38AD70206E02870686E01AD2F4DCFB598201993BB16C30172850112F1B67BE8953CA35D896F04431970435AF9068B9D96860DBC729600FE49E5F6D3CE5BC7A1D30D3E549479118270C17CA00CFBE74E5D6E
T=$2

[83]
S=$2473BCC
W=-$3025667C9C5A937223EA8893112B841E9BDDBDB342DCF281163CD5029E4C336ECECF91789C4E5729B371CD2
J=-$46711603195543DCCEF32A482551D32B5963934C71DEEE01E1C5DDBAC442FC92F360CF5833EC39D655A27401BCC0A539EF39D2EEFC37F85C25FE7895CE6AEC9EFBBB9B56DCD2A8D7921E63D6CBAF7CBCCA773488CBB3961
T=$1

[84]
S=$65BBC8
W=$106B6B9513CD1E27AF7786465E7DB18E7F5BDEE7C166C761AE91E910C81FF222D60D29DB7740CC61253A
J=$1B5EFE5EB4AF8EBA6502E9A12F725332469AA5AC6C466B07059F07F420AFD44E9AA8F7693AB073277C57E1299B96843823973883D8A831C4109DEF42BAB1238E72B542BFFFDC93A93AD9FDC20E9B2F95C8674F0FB
T=0

[85]
S=$44464
W=-$6420B725C728CA219A200DEF58E5C7E39D7BB00E08695043C803D7174E7DA4A86171CEF542AF9B3E32
J=-$26E0A9A3D0A584CE12CDCCB4C71A91A03EA2FCF6373E5A49640168DF27ABE13801AA2B3896F8C4C58B02BDBB63B622200560A3046E38B54A18805A0EB1015D89633EFC1281B55351CD0EAE8DD9F5A1A9622
T=0

[86]
S=$5C301AF8C0
W=$2853FDD81E87ED27E77A9638D169263986FDA8A62FCBB09D1D378EC9E9190FABC082036FEF885ED2
J=-$E099F0BF93316D745EE4C47B171058E72809AFD76D94F2A9B0F0B5F595EC0DA5507E78358EDF3B7E504A9A200963B467734F509E80D0582E176B3EE25272F272167F16255AD89B5C795FCC2776CA7D
T=$1

[87]
S=$2A66CE07C
W=$5620D45313C9D92BE444953E743D445F0FEB8397382DC38783290CB2BFE17D534759AC8BB38
J=-$D2A35C9E8B48A09F3D39E360795CD9B9D0E08F4E79678A9947191D7BDDABD1083F894918B780BFA54320D15AA1FBD192807B7AD08B170A44DA77593A87839A0DADB712F3D1B4B15B2B49
T=0

[88]
S=$E2ED
W=-$335D0023862E5B3B70DC08CFD689C79B30752341E9D00C3B1704F2F4646F3938CB6F2C9
J=-$129F658CB4C1AB7EC4B270CD8F0F2A3556B82CD9C1F1374E16EBC87545ADDA6BD640B45F66B3D69089F99EA07F003C56F84F10B43F967D4C2820EF9E6A40CFDE42B8418093156
T=$1

[89]
S=$79BCD6D
W=-$2025A1B0D0D87183EBF2F2B7F98BF576D6AC518AA6AEBB7851405DDEAD9F5C9E54A21
A=-$98
B=$2D2
T=0

[90]
S=$2A2F8
W=-$1391FC4F315933027A1E40C0069B91FBAFE178E457F5832FC3E37119844A0AFD5E
J=$30380387B327A7709268B70E994C1106652B5560B829D90403D737C5D0322EA18D46C14CEE06E828DD748AAE3E3F785FC278D8722C4041DBEBE5162DE86D722A61
T=0

[91]
S=$776F8A8261C6E
W=$7D0FF93C005DBF9B754AE5AA7402AA14231D558B900E498CA6017AC7CD7B9EA
J=$DEC083E5CF2DD1450E3ADE086597FE6352785B21E51C07AADF3E0C0BDDA151F233CDF31CB62CD17C8774233E98FCA204D0ED2F85783342604A1A099E6812F
T=0

[92]
S=$193867CC0
W=$3232E7FAF8E3ACFA5EBE40DDF7BF84858A5D121F646F271185874F0F2
A=0
B=$5
T=$1

[93]
S=$23CE45FD1
W=$342DBA0C185E0C235C086130168033B83B4B90B3234AA9DA1872B
A=0
B=$4
T=$1

[94]
S=$1E094
W=$F20190C9CE3C34624644F44C42806EA0AD5237BE82000A1E
J=$61BACA8D1799D2A026D865E9CB59FB965E4E8C6129FEF5F73CFDAFED070F0A8C6806EA9CCAD5C517C6E1289288CADBF
T=0

[95]
S=$36D476C6
W=$86F11AEBEFBD64B46476BAB35A7E4064662F2B2DCA16A8
J=$428CF93054070EE40DA4F7FD86E7F9DAD349B7B4C0A50EE3DB4FAA8B026EBF170FF7F07ECB992A4C218176DF490E
T=$5

[96]
S=$2312D4
W=$14C72E8FFDBB19E92EE09C423D091B5D32B91083C6
A=$9
B=0
T=$4

[97]
S=$2427083
W=-$9486670236246DD4CD8708D8A6381A6FB8BC2D11
J=-$445C0722C29B62209554C41240C10F3ABFA74DD34E2B9672781F8D9274E2A0011367B55D228AE15
T=$2

[98]
S=$48EF4E7D4
W=$107BAA58925EB25A9F6046BAC51C191925D5A
J=-$40C0B336DF49FBBE0D702DF22A266DC42D47034421F01A8D4405DE2573A6777B48A13C2D5
T=$2

[99]
S=$6FB010
W=$1E03C5A277E85508481303A610E32E45C
J=-$A9FD31F2B6C804BBAE3A34E034B00950AEE8054EA754705B76711F0AA76697B7
T=$1

[100]
S=$10D1C30
W=-$23E4DB9A262C19C73B2433A9173B7A
A=-$108
B=$69E
T=$1

[101]
S=$4070
B=$2

[102]
S=$10BED0
Q=$7

[103]
S=$94B5EA5936
W=-$96935BABAE17B1E1DCD160
J=$43E9BA0C72EA784E4B816FD16ED4647C7E1A7EF8148F
T=$2

[104]
S=$1E0DC
W=-$A30AD9C8DA5264A84
J=$10B6D1D96B0693682B2D2A4E5AD3714C4BB
T=$1

[105]
S=$364
Q=$2

[106]
S=$760D0
B=$2

[107]
S=$B2B6FA2
Q=$3

[108]
S=$508B6488
Q=$3

[Signature]
1=$0C4F97EDA48F7DB6826B43D4B3ADF6BFD3C1B2AE1BA22CBB
2=$CBF6549147F5DB05B5E42C46913469AEFC33186A8BCA3457

