[PRIMO - Primality Certificate]
Version=4.3.3 - LX64
WebSite=https://www.ellipsa.eu/
Format=4
ID=B49780390C646
Created=Mar-29-2026 04:41:52 PM
TestCount=122
Status=Candidate certified prime

[Comments]
Put here any comment...

[Running Times (Wall-Clock)]
1stPhase=42.17s
2ndPhase=7.53s
Total=49.70s

[Running Times (Processes)]
1stPhase=262s
2ndPhase=66s
Total=328s

[Candidate]
File=/home/lappie/Primo_New_Farm/New_Group2_Prime4.in
Expression=(4797791281551308866357)^47-(4797791281551308866357-1)^47
N=$616BE0CAEA1C31C4703DA7EA5D25238AA416B4A21438517B2EE33468B73773C5EA3F4A8B5CCC20A85CE21EABD206684D89DB4E4CA401F3732B1CC3D880F3D76B1EDEB560974A930E98A08E4321A7CEB16DE22FAD4BC9986C10D16870DC401258D53F5621B6F70760170C0C31F093E6C6E0973AF01FC5921144C2D57E2918823105E3994E7C0ADA5FF8EF2063213D33724640B5DE770ADB98E129412618FAF126338F76626732DB3A86B186FEFFDE4EE6D49DDA792878C47FF9914EA25D2095C86535A51428314ED86826FDC11E378D922739BA96F82A787D0D04BF4DAD424AD6FF4398C49181AC91317FA877105D668788A81E84EE17326F817EBE12DF95804F2D20078131D53334C8C231179B1B769603E7EDFE623915C28B2D79599BA07242D109EF42A360E0E540647CCDC1EB54AA6F348094EEA742B8A345E4C0AE08250EBE5999008837395F7F11932FB68568590BCB6C93B700C379E577E94BDCC6BDD11C6008BAC942CBDFEFFBA38FAD6F4DE099A053E5C7565D530F6547DECD020D9EADD92B891B79F2A8C0BC319DAA4374EA7EDFC8AA9EF8A7704C299D45A77A5D
HexadecimalSize=830
DecimalSize=1000
BinarySize=3319

[1]
S=$414EEF7D1FAD39146
W=$7721D786AD819165B116E0E4E40ED1A3D3E179D8D31970737CFBEC3308B6F33186E86446B87F0DD0A71531ABBDE75AA5C8D7E2A2BBFC4693BFC2ADE0CDAEE7C961417B318B6D1C5782149FB84A93B03C1DC1542A31D9AEADD197B914049487E07BCE00B355F73E5724574B818A601673684AF480B6B2BA0F605CE1B16534FCE8B485467F2BE70B07A2A85DB9FC1F45050736C35AB286FA6C9C88D195F901259E0949FF69FCE17A1FBD392CB0B674C5714AC2929A149F3B4343B72E9558E5CC9C05B0EE47B5F2971469EF1C0796845B8
J=-$202506BE61E7C0077522BEDDF997100CEE32652A644874B34463F791C008D6A3726F4682512FB3422ED4E6344AD0BF82342B499B75DEF52C28D9587417BC77EC37530B4048A6449AA9D49FB5C1A5DF0A7AF7F0544ED77E820EBC5FF7E10B6D32179953CE94DB884AE3B69259EAFC9B3E15A65C7A0ECBE1187BEA289276CBACE7691927104AB9942914F4B7189C3F167E408602B639C3791F04E63324E6EE94CE5A484139EF67814CF40F148DB5209B560CCCFBF96FDA1276A92D70FB0EE23E05D1221E50F320787DDBC408E447A80C12DCA9D28491AC371CF39782DA654BCEB9AAE919362062AB54C2C3ADA5FF77F60423B0DBCB1C985FB9CA5403BC7BB0B33E21DEE019EA607466F21A7F9C03ECE374E0A6771E8AA70EE603647C5D87007D2340EA6C3E65B5543DF769535E9C7D27DFBB7F860D63919FE53BADBF4F4CF32D50F8EF5BCC390D09233FC34CE0E624B10201D74E81BFF84BAD847E3FCDA65969F920D592807BE3413AC8D91F4AA79BBA96C0F1DD627A01CDA81C46BBEAE644BE02272DD968F9BA9FE0D588070116A59CDF3E6DB4382917473C4256BC7F01BB4A
T=0

[2]
S=$30704C70D0DA80
W=-$4E9D8C08425DDE3868B14CFA7918C557A6B74189773898F8FE8DA1499D990E46F03048268B22786195B0FE7F7AF88C6EA2628E90D713AA23C51FE1F3B3CC9902942E75ACAA4BFB3A96D2E2DF1D0C1260252B73E006A3892A31E79F0D76ECFA7864D09F3F0DF79B51B0AF0D2A4B6344E586250A1B3ED8CF27A6A33CF9221A57E6038AE15CAB1B372E639F311FC757DB4C9D69C609CECA5D817936D84EA08F8EA235E6F1501C16126143629B318876A5F46B570733A0A43165146CE30012F9E6C19C60340BD297F5C0912EAEE
J=-$8FD89046BC6BFD5469B797BE3BB82B1A09494C4EB59C6CA7A968CD9D60E0B100568E16C5B2F44A905F90CB948F85CE3C1B67E66CB30A83F35E38941E2F89AED986204F981C41A28E1820453769AF19D7793882E4310CCB48FE0A8471AE7A57D9FCAEF9DDCF83EB2BB4536C7B49F0469CDC876A085EF4A50D7F680D02058DF5B033AEBF2CD14677CC38DD6DDD5A2AE33A7F8237300C87F86212518EDD8FE2B0E06C88D577349E77CB2C5B2BF14C96719DE9945C432164D07610E07A02940B72EBD955BC117D63D6C65300339BA9961E3DBDDF71881AD19D3A4339D2FF552E1D9D5119C2F06B12F88A03328DB3B32D3599715B81CD28B868301F69CB0E210458192096E59D854EB842BCA96CEB1F4889FE1BE909EF75408452998434F15D813E34F78605073BAC3C1F38DF2377F0F10F0AB4ECA0466BF3DDF6FA2B7DA86546656EF3045F4D512592D2F27B3FB0114644244607A3D25178DFA3650541CEC85C60E8C0358E5217E06A571F340C8907AF0B1390F94BD32ADAB54D5A82D34816A04DC7F6BB18A400AAC71354F9BB384EA16758636F17CE53EFA
T=$2

[3]
S=$214E8F660BF52F1
W=-$1175FFE3AA568D0BFB926A0D2C229DEEE839833F29269D867D75FE1981850F808F7E6E54D3D76F22625BDCE1C09EBC809DA65659C5656078A88C34F74152F2D84193636CCD2244C4425170BA0F1586DEAED937DCE007840D3680FB4355EA0F8E16D92AA3DAAE26C8BF2D9F3B2D710D020EB6BCACB6DD718BEA1EC22685C26A4AEED9B27681EA91D97AEFA42FC458BCA00B7C2226450C2BF639E5917F7A36BEE754C94FE66CF27D770279217433C7B8DBCA561083F11CD0B587B3B9F4C81A32A4263870340C0E073FF
A=-$108
B=$69E
T=$1

[4]
S=$BAD32
W=$F25F318D01D16CBF1C8A04F5D8A65B43F16878BCD2D851080B0940D2A104FA08D5F458B7B16425A76A00DDCB130D1BB370A36F569EFE73BB145D9B438EBAB3132CB7CF0562E1B4BCE8F93C8427398DE7E9945972BB4BCCC5083AE0EE9A3837420D4DA6E1268C63F1E0B98F7EADA48185159FE6D3BC5E4B8290E52E86C08F219B51509A93D03E634239820255BFC58CA877CD016077A2836FA98F7635A4323CF5E8EB76B0D651434AEED5F393A4A8E41BBB6BEBBB7172BB948E6D1771DEF9799A5F8DE38B2
J=$16416B1A67A867B188B9310DF36FBFCC855B800D5887996BFC38DA2F7A02EFF5A6DE73E8EB9C22FCCD48395641E307F8281671FE5DC8572F422E6A3F675FCAE22C14094E3F3055B13AAF9488B9AE1C48B004AB08B22E8F51BA6F0F93A604E83FD4B9081BEF906872E2FED1B370AB111C682CE36E07604F03AA1341D5992E02F25F1658E35141CDFB98FE1D4D4B11E530A0E74E83FB4A778CF54DB1279B75F9586DAEBED9E6EE6908E9E69DC19301B79554E666C596C842E715318618C04F29B6420CFEF685ACD60D1D1CBCFCB35931177D84C6650C9B212F3812D6591DD8FCC4704FB834846030D5940A53EF0F0D1840AA70E86928AF3FD66A0B7D87B3877D84F5C52C0DFF05E3B4C9E6B2E9AC3CD03FB6095E670D07A903A805B1F0A7C50670BA422748431D2F3FB1DCB75F3C9A4DB2E1FB33C5543831BFAAE0FD7B34A66D8E350CFB9D1AFF58736CA013D4A0C9CF9902D2A567AE55E5B7BBEA633E6EE715041E9EDFC4768F46F6FD053B1E3BD42517A1709F90F7D8397CDEDA6F6B90B3C6785BB866CA3CFB3A783C
T=$2

[5]
S=$103B5ECDC
W=-$44DF91C2001ACF48C69EF6A27DA0BB04B2029032982E0747A52341EAD0BBAE4F2C6CE52E345E9F08FC43C3DB3C6AFF86B7C304CC6ABFA482147A7E6A7EBF9750FC4D2020B813DC37B8B526941FE993B9B6FAC9F9556C4A8E9A0A6E756A578A1FA732F27B8E70EFC362FCCB2BD6727D16CD631A6134E23122D0E8573808257718635FB7E045E4077A5A4EB58B08B21B64732F75B28F84E64D3CC52DA94C0ADBAF38E19A889FE729AEBC61D8D01118387C3210CDCA407EA1737F0D8AA17F57ECC8E9DCA6C
J=$24CF87CEB863CB34212762A562C661FFBA9B0B51B2812DD6D7BD8F91971F8D588B00E11C558F0E6CC7FF5A6468AEAF3D2FE256311F6015F6731BDDE960FA241DE0A74CD8E5C86F0957E421DE5D2F711CBCD387D448DA6A1DA32F15EDF4E4C1B41C2986053DEAB1A309C2F8EBC6C42CA3A6A282D263CEBB85308C3C56FBAD4F271C92C70E18D611ACBA21F138F81CD9FB23C355887140A257C9F9508AE5E496B7408F20DA9906116001C335F066845C581BB724DBF7DC00FDD6B95AAE5B3F64261B15E1C11A416A9D79BAC781BD8F94CC1C0C4D02DDACF0C5C96CEB40881A9B373E78F7799A18F9EFA20CB06C6BD8AA2CFDA4877E93E39D4D299E7876A65662EBC1DA5B2B4FC2660B1915479CFD955140906EC764B5BBCA2ADEEF882C482C1FF9FEB14624ED4D0C169A2CCC36A96C333C2EFF73AB6314748AADA4A9F947D45D2EC25BB74DA2B0ED2F54DA55E5D8734A4346FFAA0EB4BEE4BA879458EBD7D279A93FDAD48ADED4ACCE3E36CC4CE7BEA4F6249D53AD15AC8F2DD2EB3742DE7357E2491B2FD4ECE0D
T=$1

[6]
S=$A4B4A18
W=$484F175C4CE394AABACFDE8252BEC7496199635B3A7A1669DA8D905492BBBED9151151D3C6195CEAD8CBF0CB735488DD1086E945B215E48C97E4300F7100F018033AEF72E78BD98179EE93327AC942C8369705C1CCB94992883ED998A52D1C07264B8E949A52EFE30E9F46E6AF960AA803A2E4212FA54EAEF3BF03546062FA94BEB2B35D13D2923B10721E123C6A6A42E9330C1F9B0554D1C58A1CEF1264F8C9E23CF49BD1F12AEDE355AA57B154BF290AC6183571EBCD0AB4F4ED30D344110B0EA
J=$1CA66CC012C90A7E8544015EA13A4368B9D3AEEF93143121E27C1F3FF7BF190117280A8E8E5CD41F72784007117883E5500FA25EACCDAA2B118FB792E62F1510C38658E02B4250C7B12C8DD9BF5767F9037367B9746DF74B4985D5F5AF2DB785620A8A61C8CA6DFA3BBAFABC930D0754130F3BF92537B6A63545C640D46FB1116C49C0C0942E9F2DF9C206853ACD0B88A7537BAB3D3C7C84FC1150C10AEB5B2AF6F4BBE66DB35CA44244870978276E409ECA649F990DA755027A3C2EDC1198BABBDF80DC8D1B07F06FF4825F743433DD8F684E1485CA590FEF7CAA94AC2C2D9D385A4F9D7ACF1E1050509E453A6EAD57AF6A8D33D45A2F489733A06DDB2D4DF57C1E0871F5028FD4E828E26207ABD92005CB888733666AE5D597AB3934CFF457C9069FF4CBC8A5518F682F63D560F3D673E526F98BD92A3DFE715A382E3E87922DE084737E999355E3067886FB93EC94E8EDE42FA532B3AF083C329103EC6EA3CA3F5F8DB7AD551DC9CFDCB8E94B9D751424D0D886E0DC6DD1909D215B604FA3CA509
T=0

[7]
S=$16F1
W=$5E3CD9D16EF5257A6A6A3239656E6E3300EB6DBBB63854CB6A63E75832696C8E4B1263FD087D573345AAC889478DFF4128CE41FA1CB66D18D0CC747197745CC0A2706BA62A5245601FEE2DE2B52A9914C78CEBB215E4011E2A4B5EABCCBBD64AF39D83DE2AE8BEB27FB2FAF1FED4A96415341B79F660EEC774EDAAE5FA3827655682B4A8C23DE6D3516D9FC449C6621A102BF5CD15293A27A760707D93B15C000DEA19E50C1103639CA02A57B27E504D66D9CE1331F7C146D33F5C61BD68A29
J=$247AAFF72E16F387F2693DCDFA318D269D8A20B3B030E81E1D73AF1AC51C64B3C34FD2B585B8145EEFAB36852129F71EA119DD3B44F442F791F53471C3B674121E33E325F3E519C85F8D32399FE0EE9DC137694FE1B089DD7FBEDEE7FC69BA559F5DD6DECC4143469720F605E2E6A0164FE06BF19D08FCA63C5F6F5DA712C5EC81A9DEB5216EDEB0F1AEABC06081B3B9C385C81208B733690630C394CBDE9D9E788459E41A25CB922807EF4BAC5C6B166AE40E0ED5B858771CAFD6A063D3416EE1C820014BE4ADEEA00B4376BE5BBA233E99B80C2D9B49E39523F20AFA832FB821450F285B4F96A21F1FCA4C726C726998A001A13D4FAB70A15C1D592CB3EE510EF2E5BB7C21CB13A21F077E1AED6E14E994EE522EA35075C0AD6A736B7F6B02EDF913915E4232564A71E6F4151D63744951F444C07109497291377E49BAFF2EFDD217CE60C9857E9AF01615B0405247F13B52731D910A6E86640D5E35B62D083C8980E6979957F12D0562E655EAF04F5603F400BBEF3B25C4D0AA4447CDCF
T=0

[8]
S=$564813
W=$3AB1CC85E35FA48217BBE2A31036A44836B696A5D9F7EE889E5C79FA21256947CAE1B32AF01C40E6011EE9191A9D7F8F2A2B3B5F1A49AD0C423553C3F205D04691943F8E332A82A78444059376B4D2696F85BF461C89EC7D0D3C00E508F03B351594FC3DD420BBED8B0DF83278A530B355D881346B7644A8CB8917E1F75EB5128C4048193AC30289AF4ABA27AE4C87FCDE3324BE2FD2B9D0D171A4BF3779580CC0B5290F04C74E212720686108546A061957523C88B4ACA95B7391D1C8EEA1
J=$19F74EF51AD61D9461464FC21713D8A2918BED6514CD95EEC08BC2BBFBBCB9D9CBBA4B97D5B4EE625335364F9427D7B1A2F564FDF2287C34E658FDE4D000153AE140F50F8D586F9EE839F6DAE6FCD70C2E3B8362EC129696E5E0AF373FBC2BE958FD3CE106B4D7E6E1384DB07F650637FB5652C15453FFDC9AE00C55FB5AD81D8DEFEB0E67EAC4E641C70D726CE98FCC7D7F187C250FB2BEADE1B68A095E63E0C6F4BBCB12646F0892542A422984E451B5DA903455AB66D7B87B770E32D8CE6E63D0B0856EA17CA96AEFDE0561E24BA68E9AACDC4DE9E8EA6BE810755D06A92391E374A8773FC43058C09FCC1C1B66CCC794352019B3003B9FBC83B10C30E97BECD589921103EB1F9656B6CC4754CB537D9EF4C9B85256253FF4C77AF0C1E9D57DA29C9C55F642591F26CB3BC83D637785464A5B4E0DA2AA6E700386F819361A995BB7BBF4EB9AFDA4870EADB62D72BAE047712AAFA77C425C137F969AF8D29F20BF5B35C094C54AAA3713D896C2FCF1DFD94AF9983000E30C16CFBFB78
T=0

[9]
S=$12CAE0C
W=$4C7173EE0A4BAD6E2BCFF104FD81AFA4E15E27169532CD5169A0A4E29EFFE50A6084AA634EDD2546E06D2FF26C16B8DF9525C2B3860EDB18CF8776A448B0BB15F46B30A3BE71B3E7CB4193690BB300BCFEAD279480F0DFADBF29A5B60C0EF4A90A6D254D2B8DEC6D1B46ABB7AB2A3BBEE374697D35EB2EDC5A1EB85DB601D03645912913D19E156A23CE266CAFD7CEA37DE9CAA13AC08B1681D011F2D6A30768193EDF11C3BA6DCC9EDFD8E3A9CAD3C19B2367700EB03ACEEA0E2F3679A
J=-$50E90808965B0ADDBC5A596DBA670D00B35D9AAD27AA172BE6A54D4E52485C5E1746256AB04BD2F9008D1DF78299D25B2B8A1A3506891A356A41CD9B68FF17FE6F0CE662B5411328077ECA7DFF78D552DA26684D7D3833C51C5B2B7FA50729A020D3E795ECCABC1CE5E54115C65CC61CFAC0CAFDA592D782A8722C39FD782CF06166214C61BAD4082EC6B2EDB6C03462DE2CB0FA7B2954433A590D7C6B3E888915EC913D8FD747FB737EEC2C3EFA4F4295949AFE9BA4B1B8F324A252947580E8D8C845A36D8E9796E372F987D0B0038566369FC4893BD477096BC2E586C0C05F7CEA20F8B710AB2CB09EBD47E29D1B1949E6A343980B3BDA3C3FF56F72DB547D803C84F624F78D6128811255DE34EED99FC9D0BB411B4A98EA2A0CA16350DF644CE9AAD9A1A5B8CE2EA39DC5DD042606FC0168968B72ADB8E40359723B0EE9A4166B2CC89DE6ECB1B41EB0589475656807F0DD3AC615E00C4A6E2910BE8DBE67CE9AA16B9788AA0995FD841FC0D2E6510056AD27A6C1CDDF9E621
T=0

[10]
S=$19DEE3BC8
W=$BF7F5620D4CD3C1E8D3D224973BA2E31BA53B7E18ACEE0E53706DBE377D4DAC5E04E3C351B85360F8DC45B364B7D2CAE61CA187962A3124556A8FFD8023390893D14A4944654BBC8CC768F8879406A173728BCDB59E8BBF4D061D3500B7185FBE818D68B7B7DDFED737771C9FEF6070AE09AE7BAB35B89C65F23F13CF117561EBA371BA13C75360816A5255F3B5B459FD5DCE143F2EA848EFB61300CA2CBDA77A4CE75195548CBBA3C2A9452793B1850F6F3B48962DAF6540C2D826
J=-$37F3D01296F1033F10FACB5A6C824B5277BDF3183DCAFA7C5366BA9FD2F36E3DFA98C42FE27F3CE5771DCCFE110314C5CC6E79DB60C3582173E993D396E5502853942530700AC68F700AC5D1FF274FB76688E4C76ACD99D1C9A1E89A80037C948478556AB40EC5FB3B9B9EA232CA0B6D418D78F2D0CE5AA7A5783E45580F814B6459A02825816AA5913F2BE97BD7DBD9D5DEC14DB41E04FF9C881E7C7B651EEFBEE5B0CF1F7ABAB53510755F65F39AC477A334E62B1489894FE7A80BBAA9054A21D7DA45DEF0AA87571A653EFB58A73780355E2EFFD6430C77DC8A2D513BC72C019A84E0D6DCF173C8A667D5604A9444BACF98C1851D2B349B5034C5B7A2BE6143CCF9B112769DB040513586E19E41711D6C457B755B99D9D094AEA079DEBE676339A28019B50BBE2DD14F51C71698D838300BFEBA6506AC8DF0E5E61DD1A37D93F4F61344F237CA9E43CBB392A0AC06D5FF7B023EBA9DE39FD517A3B62FD056F7CFBFCE0657F59AB68A563AEFE08CA5F0B401E36059870
T=0

[11]
S=$3036D00
W=-$DB21565211B73C4FD93C21660BC90300C5805EBB43090FA1B211B3792A60F021FA4A8F2A2967C83E7BFC59746FF7A64FFE4A4940B551CA30190A8ED9823C1CB47A87B729C0DF61A3FEC87DBB0A196B8BABD36FCDC9CFD0FBC38A73E6079307DC965E4F929E62F243D025C2492AEAC9E21CDCBEAD5D4AEA99D1C3D39F317EA2B84A6AD90C0D3944D7378BF783C28C42F49C9119D49D329FBFE221EDA295CFEB9B155B1F52E1127B838BBF09517E33DED3F0FE5FED2FE3629919E
J=$1918100A0CA3C2151914D194DFAD394F88384E8693D69F65BF5A0CC53F07FED58990CA5A819D66781D93B8F82361E5686F1A8FEF81548A690EDBA692C56E6EDCE755FD854950DC54770881B65748C5456041D00E9BA0090477DCAB85E59AE7CCD90A10CED772D97876355F0B0178741E9FEB74786EC87E071688AA18AED39560F8130AFBCDDEDCEB52345745ACE8990C3DCED718922A64DFDA1493BB0070A509973A05A0EFEDF3AC4828A66263109DF60687416E82A455FB40844ECAC98DD55A1957A1F2F8AF48B3AA1E9B264A50D8F1ECAF7AA6AFCB9F7C34CAAC46A56325AADE8858DFD97ED49C32245B9C9013183572F1A509870793C23541CAFC552ADA4997E0F0302054358D06824CEF86DE1249E08920A56A1E25315997AEDC3D9D2429989FA4E80EAC8054D18706814C417753183C35CED91D1938DE68CC081367DB2B7DB4D308CAD00404705ADF2F7307831C15139C7E9FD2588A9AAE8D9DB608B426B1B1EE77C464871F8ADB374393FA1F701A089E9
T=$5

[12]
S=$18086EB3A
W=$1AB058D6D230B0AA718B80135EB4996D8E61B26251EC720C8A93839D640BAC00A57566ED88A8E8C6794A576D281D7B07533997BD1C89219121AFAA1EF537D0A682941928B1D819D72BC965B3D46FCACE3AD776EAB0B280E1B89A303A43C66588E2B4665AA1AB2AAA50BAF8F2BFBD57EAEBFD22F9334F948E5E70B3E5F3DD904B4FE773E57E16916291A0081C0BFD4D7B04DD460C78B2916CA1DF9444CC0C173220CD2F7D3BE704D5A44B75C6797C6DD11D94817C1BF5CD218
J=-$2BCFA25A030415697E56F8C470FE7C401973E8E7442D32318BB3A40CAEB9AEEC8781059A2AD5D0082629A801CAA8A6093B6A1FBD526F10E6A877F12706E4660B9F14B61353EFB18215E386B26F46A7AACF4B314F14C57DF48586F9C49AE780EC390A332B4BAFD106E56282F6FDD0874CE050C2C1BBCC24A59C8B0F25AA9897DBF7D83FB67A888F03F56958CF5AD6C8D2173AADA850C5EDE1C838492DE208C154E60DCD41A6968360BE7FC3612A783A311C65F150BA306C2BBFDC141FD215BDB9EB311A9D0C1BF43EAFA424FFD09F8D81780B8B8548C73BEF06E2DC877A2252F0508C80CAD22D0C19000C8D635DE7AF2E5782310C84A2330C7152339465ECCEA99C846D9EA38D74886A0F967B887F60DC225DE84C6F3540B8CCA6BEC9CECB2D89BCF6D9AD27B7DC489C2C726C2FAD983A43235C61C8379662485B3494ABC10F0723DD2BECF9C786DEDE43D6F7406B91341B7CBD6F1C2042CA42DD89CE215816B9CDC35A9B07DC197B52B416B0DFC75FBB
T=0

[13]
S=$3223D2752
W=-$17F85FD8D5B54FC39805B4061E7DCCFA9733BD48621183ECA42FB8A7E0C96FD16568B86457992C6456824EE001AD4A93D2935A6A5D541D2253ADFCD31D10E4901161CF62EAA87713729C8771A4BBB343BF22D0C9F5E4F1BEA9D70E8D39E8C4855730E2EDE8CA9A46BA014F256F6751E7B27C13A33513701B51F2A8FA37D95ED1A8ADEBE92934A66EB0C3E01D1CC1702B314C67FF0C67176713DD300F149F3FB1123E7E9D928CF568DD6CAD8FC1A8CCB39489CC49EFCF8
J=-$585E29C72D21A12D1EEE555CBEF4A144DF80D3D27686F10E815CBE12C920BB94162ED2568AEC6B288D90243DD583A3C910C2BCA05C410345E80F5D82A276E444A3FD183A2EC48953ACEA6697D1E62BB2F739299D9C7AE3DEC99E43959CE7DB4D36F0A67D4FDF35FED403A49FA6931F8D591F2454A0D0E59B515ADE38AD5D857FDA816314DB58239EAEB58DAC1889384CE7A3B4FAD91A0DDAEC03DB3C723C7C331A27EE757201C24A8CC626EFF3E6C711330AEF5B7A6592E5C04917B7FDF9E96578ADD7262D83B236BBD7965564453B844F2673EB399E03CBA52283E45B778A4D2668A677A302D9D31236ECE42A4D85E89FCA6C9D018A13C3D2E9BD6A203CE17BBAB94EF2AFAAF8E54E2EEAD81762F3E4E77B687175373551EEAC09CF818FEBF5F3115BFE105DE8D759FB42BF5A8912261988A97F5BB36B665EE5C3146E29CC2F1D316CA8D71F98691D4A07BCFA95C3402735CCF2C4C3731E20E39246B597C06622A7D452DACE7452A40E2B25
T=0

[14]
S=$19B2E9145D81
W=-$18ECD5BE4A812EF201CD5484C28CE0F95424ADEE9E6A444DEFD0478C030E20399187AD913ECA859E4B67CCB3FB0EBB2E6EFE8E40E67554202058CDBD48A2FC05CEFAC02916A3B0503FDA9B9ABFCB541A23ED5BE634C657E80C7808FFA584B812C16345F4000A622120F58C92D22F7C5B16334098F8AA71B198F7892ED5A1F856E3799D8CE18BB1C6B2468D3A8633F120F9924F4CCCBA46C2DF15553A9A4237373CBB5679ADBC91F2CA1DC16B939B32CB48D684DCB
J=$9790730D31958C151CEBB94387F18408E5B18C6FDC40048726AAB9467E0B7340031FA5CDDCDEA0AD3FECE111FBA10E2B3D1C3C4EAE6627B280663E8721BF9BF07DE2DC1F99957DCF296D9754638F8F9ABFE6D4838D98637884203C915F9494B208FB8EA75B24A94A666B567ECB94019BF6DDDA07027F0D12B7826F75CF62D32C2A6F90DF3176494A53D66F9583D980762CFA0AA984EBB809EDC9508196B8E191638043DC487901296436E71C66AC992814ABEC2C6B59A3AA280B85AF94D7139DCD9BB2EB1F362023DA85A9E9EFD87090F63604297BEEC0887026C4D35D13364258BC1818F6F3B39228A9476E72E5BEF56790D0D121211AEDE29F3A717B4733849A73B52053B79350854430E079149DA6B5435FAE7B1879EB774A4D5BE88D01BB588850048CAC5123EF06FFE844A7B19C326FFBCD2107036409EE44882630DCAD4B3B3E161321F897BFAB5D280886A26C88B7298860A5A50002B0ED9809EC4D79E463E55708F2786
T=0

[15]
S=$849B972
W=$1AD7E0F030D328262A971C67CDEC74E1A611B7FB8B32CE73196CDBA3528D2A0617746AC899D5471A607A22C5976E0BF800DF2792F5D074DDF5A402F8E2BD0A4B974BEFA68BA2006589F8A6F6DAF0F26F44E9692CA433149DEA2EE8210ED956AAA9D789783FE2CABCCCE9DDE35F8E52A63535E5EF45E0FF398B485995C0008901C57202D1936564A93DDFFFDDC10E4B5F7ECBF6E715CDA69A5E549EB1037FEC6C61BED7517F124EB5C4EEE51C6411E09A85A
J=$2716F55F5A38356FB5969FD3247661C8F11CD8427C4EF3DCF228E5A2A451AB231EC6BDAA19F28D398ABB718F3C9D8B9F4335F4520F7162375B59FDB12C25FA4CF0FB3F08B6BFA77F0A3F3B7F6E05354635554ACD0DD34280FD851CFE2AC7869FBFD5D94F6E89FB58C3BB57A07136369DD44B2FBB146CA20A2DD538940BE12F11FD2F8E3051767E265921D5D8F35769FC755497AD7E8BB952E713D9F6CEE2A424EA58DBF34243B557EED2B3E1034A0F068526B5DC138092B8D0D7ED3323DA39F36A486EBFE7B63342344280E80C9E3C053B3DA4391398C62607AE9833E65075A74181135433E884CAEC6935182B074850BBA02FF8DC72E3D1FC38166D36974D08664F34F8EA6821801EDB84E70737130DD92357D024103D835F8158BB9553C878C00FD935970DB0AF62A0EC284318B01DA19E9A13D4FC7DBCBEA708A25F92AFA44E778B0354E3905CB15FC949D6412C6B0A4FDAEDDEE460359D6D902DFF78419648054
T=$1

[16]
S=$7A2C431F315
W=-$10DCBC504070F41E3EC1A3BF4A2ED794A7D609C48590968A8A8CCD94A52CF02973CCA027836C471B307ACAC0F828F3FBBBA975FEF37DCFE474B3DD1EF5F6D3E8737B6EB7E0E8B9959EFFD7F06A9B909C8CE5357BE3F4F84A318B2B7116F3FC11BB062D7FD464F8DDA0A914A90BB33F1718665969513393CA807A319EF7560B6043B4C0D65E8A44980B351566F75B9A9E8D203D0E7BB1567AFA148EB3C0129945EE7C640B75CFABDF1308BF1B04F9C085
J=-$2AD2BFAFCCAA8114EB474AAA2E8A046F4880F77B59C6087F01218CC0C7372FC3C00AF66094051E0D9A854EB6623E24AD57F1D6F46437743B12C2EB4500F2F97A0433AF8E5C1318CF7D24C0D9C96D9E1FFF285B1359151D28A0DBC535021AD59FFC21C6668ADCC844EFC6066D2B837A3CB7D42DA8A8E0C6E1163213D05B224B96219784F7FB4EC10FA0752A8C5AEE05F1F00541DE7D5E0574F75997011DAF1C0162B3278DE0BB71A706AED51DF8B3C807FF4D353E098FA6D1C217B95217E0842C1A2B7D6D3EFFB08CACDF89A19628EB97CA039A6FE874707EFF19B5A315213BC1800D9358475665E8CCCD5097283AB9B36436280656900A33460FAC1F3F01E3FF72F588E906D47E7D5F06CFD82F7EE19628D5FDF761118F3C88979F8D2D3C45B4B2C7A586252F7DB14B34D60243AEAB43CF83EF358F610D20FFF6B882C8B4FCDF66666D9C3C1FEF1B692F09A28F053C539E7D297AF28D11B9FEA6495F20292B
T=0

[17]
S=$14ED836
W=$90BA0B4B868CBB71F2852015FA73EFA05E7189568F41E3AD195D36B5733DF404EF670D4835E1D56D399BF2E588AAB6FD56460C43A48CF17C3722A0DADA0504B49A6E92339D02F053790D74BD976A36D27BDCE52D4D9B27F4863620C8BEEB21CB7EE0A6288B3B5755DFE87C466743C97FC7C927BF439C45C68FD4C942B838EF2EF864E3454D155CA75C64650372BBB337B7AEC927D84DDDF861FADD8FAA8C40EBADBBAC3E8E1736F43D836D77B0
J=-$7D45ED01C8A301DE42BCA0686FB83D82928EF5E2417FBD72FF09BDA4314052012E5AEDD4F6B7EEEB6035B858927966B08F1881278A7290AB021AB0DAAFDD6290450C6D0FB3829EBE78AE89A79BC264BBC1B6E7C4665410C8EACE86297EE442009A50B143C5EC94F75EF5864652D9137986B73AA35B152B81E3821CA3ED8B521F379C02CBF7CC1837257F6E0AE377C823B914348E37C0E237056156983FD6B144C13739A626836CFEF8504F90FCE19F8FAA93B85A3AC392773C0E4AE1A12DC8B13CB3D6EE331D63F25ACCA2BE8DC43BA7A149BBB3F0D6D81B9BB451F352BBC38427E69208081597C1B22B492F44600FB225208FDA3174451856C62ECEFAC16363F28B998955CCC9C0E598130C8A91E4E628FAE6034FCB392C7BD40D3D2B6255D6E426C4C6B954FFC0C7F0B8D9CF02ABF78E7A4587841E6FBF3D9AA126F0E624B3E7FA5B9DCD10BAAF2FAB1898B51D6F18F9EB9AD37EC1302CBD
T=0

[18]
S=$641D3C32C1C
W=-$63EB691DB87ACE79E345C96BA60722B14DC7A5B0C7E7B1737F516624DD3404424E304C3D19E5F37CD9D2803BC6C47E3A9AD0B1E01E4780BAF2B9272BF109422750BFCEDF20ADBFF505CA4A6674153F9DBE881EA5ABB1D30ECA4371836B43514F9455083924626B358AD4E6FFAED63D0EF39127CB8425C776B055D8B59D1D634C49ACCDAFF94AB90A468DD2F47AF2C94B55E67FE497ADF5F204D27029844B24C74F65A9954562BD6FBF39B2E
J=-$40B44B3589B3714B99C9115176886454B1ADC4F58041C99F0A203031EA3D83A4D20C406013C601AE4889D92E7B15931BE3E755A3808968701F4DB282FC491A411AF7F2FFED8FC44168FE5D543270C0AF8385A1E7618912E8EAF7DFCD9847AAD62EE33E61546F76701F2B157D3F9F5AF5055C77EAD4EC7AED1C8D65C20330F0C227B08462C99EECB08333B6A8CD9809D7E004AE098C3AB6743D5F421EC451F2B4F7132E891F66D39E6F749FC1B0B7C373EC530E21C68FCCE58DF1F321AE8269588728FBD303AE524F046EA90179329D675A8F7F031F2C11122F33810EC8EA13B215F70CBF1DF052B0AEA22858B8816DCAB2472E3718DCBC2C9971F3BC82384ACC459138312C435B33CA60340F0E998161C553F68A901053A201F0839345D47AB9779851C3CD280F17130A21AAC4338B9D240FAF831443447EB1FDDD0DF1972822A5725486C317E2771C108656845691237A03B862E2266
T=$1

[19]
S=$8E507B4D062B
W=$33EC965DA331F14545D03685E93C66A55B71393C8104C840B7B4D290529235D5EFC2421047090AE63DB056FA9288DAD6F54FAA7D543164A4170435CA8D4A9BEDF77E7D7263CFCEC32A845954557752205FF7A4BAF67FB84E0AF53E43A0FDD47B1DA4F04AD41D52820083787901474F8B5A27EBE86181B8EE82CE65EC5B3A554EB5773BCB144A418B725A4CA9726A0026333640DD9D4243E0812497C983704989EA59E312B89DA58147
A=0
B=$10
T=$3

[20]
S=$2D126D5
W=$1F1A80E6A941C3864A49CDDD6BD3A9A2F1C849854AE51F9564E12E5351EFAF9035F3BC97D0EF1B2A126D5BD21E0F5514BC35381131D6C79B757F32BD37D71302C39CD6DCE3E77893BE9C5E27302BA77A8F3F876DD38D3101B91909CC9BACA68C0B2A87111ED4E8FDBB59BA8D1D2B00715BACC21586FF1C4E8F6EDF38827E523AD439C13078C33E035B49E3DAEC396E11803C9AD19C8CD41BA6D4D5F0E319C7D7E2E5FDAC9D41
J=$AD2A2FFC49C49EED1CF9065B91B72F8176A985CB5A837427028E2025BDBD7AEF4FE5C479618DEC64B6D0DA7384671C5AA397348538044FC7BDF058F010C222CE96D6599ABCC426A05E580A178F0D97AE29744C040AB011411AF0F1F820853C33709FC49E0281B64267B7239374638C0F21C3F804F56BFAB1240D997DFFF4FB4CBFC7C89781E220E8677ECD5C0DDD71B4DE8A87CE8ECA809017825FAF38A6DFE551D3095AF2486C04EADE477590D576F823A9B9C83BB1C1FC2F847763C6F99B55FBB874E13C210D00BD8D87BFFB4A48537C67C3095FF8D92EE0A6F5611E63C715503A4E4A8E8B5F6811AE601F97CD64016918DEA055D4BC238EC01028D2B61577E5587FF12A23F653CCC597078F8FDB91316BE50112DB9ED1FBEE568CC9AE0C3EA0C514F474B8F5BAB3E62CF4C4CC9784AC3CF4444AD4F76B016FBE412B3392C974B7FBD10B70DC35677A2D
T=0

[21]
S=$A1582C
W=$2928DE5BDAE9A456A655BE76CC9000E1AA717E0262B4B9569B80B52132609F138D5A92D7E97A26FB6A3F75DFBD59E97A9B14ECBB1E464E5625C4C17A6214DFBB501CBC84BB786039CF650CA7BB123D7653A97745F613F3DE8EAE0EBD8D1663EDBB0AE62CC4C5F3EEC0FB9DB8FB35B11DA8B09DAEEFB4BCAD90D5223AF48D93ADA3ADEF5515605612D7AC8DBDD9A24A2BDE1F8A33EE4FC689DB9A72B391026332711F770FE
J=-$E1640D24E4BF71C567860321457C9C5E6C493A5386C8F663A8B0DB613F7DDF16F103FD777722B485584E94177C83694A50630192887E449E2134E3B4BE8C307DF5BDB2667BD5F1C446DDF03261A426BA268E0F1106B3B0DFB66CD0EECAC04AA0564E9477C05FBCD0413A660F8E1F7F314E66C07F8A12C82D2CF9C31933BB31755B8F806E064D170C7C837F6FB0E0F29EF33BF7516B5A1037AB6FDBEB3F3FA7E408F0D0FC17F78DBB23C83BFB0FABAA0E5D3345C4B8C33B8F0D074AC9A5B472BBF95C0A5D798AEE6DB560E5B4A4E2602C79CAA95F7250306D8E9C6788961A385FEC5D7B2BF55008D6EC6B5F8933630826FD6950598328E9316D6B5B17050FA6A3C7B83B849F1BD196E9D100DC3F6B654BF76E33FE43A903FE1B76B38AD9BBCF1F216627BDC86D067AC64A02E6DB825A03E5BCE65ABEBD79378EF35911FFE32F2ED7F9624011ACBC85
T=$3

[22]
S=$1B2CC1
W=$379B99F895CE38A458A94B9A0870B038AB2FB8552719A5BC9591268C53DDDF56F5D2688088733CCE92FAEC8D287CEAF691E131F3562D8AADECFAD52A7650BC366CB69DCF496EFABF3A9E6694B4995EC4C3AA2DDEBC4E50D42A3B04B5D7E710FBA480F3B0B1A79C6FCBC6EA919FBA0BE9B0B187786B764A89041627B39FA2C1D31F5BEE27DB34BA05B2DDEBD5A607DF1B28679B80B105B584D352046DDB03D7969E92D9
J=$16454F36DB5B88ADC78CB6DCBE9A9CE8A0CC3C28FFA051E2B774742F1AAFE1B2E3F2A28190E6A3E074B2A02AC3FDB24CA76F40599C93E6BEA078CC6923024981D7C41DD20387C2D61D9146C51FB876780CF7D1F49D6011246E77805D038F9D43D0415A80FFA22BE056369185890F3C40B08D5B9A12F066ACA7CFA8E4EE9028207E28F15D0D7ED363DD363EFBB259FFB92F48FF3DE2A25C6D72E0FF0BBA53492271B52648187C3592D652FAA0920F5AA9C53319C46F1BAEB92FC820AB71E91DCEE93BEC48114AC94AA351A309400DEE370CB0EA07F8E15B6ED5DD09489A7443B70D3481BFB68337A640A32F5042C197F1F770FCFA76B8994FD30CCF0E3E268F72849A3D7982EB125EDEA0DB805F5BA5555E678ECC1FD8D60A57EFE9C4C7F45B09CF682B275E938CD79F74B5170B6504797E0A62B952DB4D6CE86D0935BF309512286B7DBDD
T=0

[23]
S=$2ACF8052
W=-$2B55450E611646E061EAF37065D55BF2D145E82A2EE948ADB397D60D17C29C1FA7EAFF0CC0D75CC0CA1BEDC6F117BD2CC7045E87DFD1FBFC9583FE1046B9207B76960B4E2A430EB71D1FEA33E4BDC3F8E1B99DBA3B0F8F7FB844A5D3F971C6E91AFD7391B7A091710BE8B479B51C69CDA05835DEBC67C067CE3EC91D037DCA666EC9886856862CCB5CFABC6CFA49E8F33DBCA218ECE37404CEFE1DCEB2360351F5A
J=$9C20C2AC6621622F9B8D2B25321FCE7A6A3E711F443BA57D69473F8C11ACCFE479BB8AE184C00A452D19E066377EBBCCA23C7C0323A694DDA2448C75B6ABC660549F7294AEB81E35711494A6E21A9767C28B5B068C39D79ED252BDBE33C3814764A8F69EA0BBCF451804E5AD72C452161CBF11A404C0A2C7AE85714CEBF0019AA4CC8335C5F80164782EFA7793B26947DD665733275DABAE3CBD30CD474FA314AE224E3BA3869E4886735802A52B50F3296B55CF56FDD0497693F3805C37D7603B516B95F5DE08167F1F720CAA2D445ECA512B4E04C1006508D526854AE842F9851A73D25CECC93E733BC70F7022056EE9BCE4761CB1C320820D691248347EC9B0B28942B8F91A5CC0B54CCF0CDAD1F1BDEDABEBA77768E7F8D7A0B7E502F3BF02618D3D9FAD41F50B8093620B19151512EA8288781BB4E33693C549224A3A54FF6ED
T=$2

[24]
S=$FB2CCA
W=-$19F7CCD779841FFF6B567DF2DF017A7269FCCB3FE777A3606447BC77F0E77415B897C95391893A57764003C34756398423C3E212F58D7C76E5876B9124359A6D1635C9586D75FCBCF385769847376781FFC1A70743B6278F226CA8DC807ABFD353233E0FDB8DEDD59C360507CF2E689E426FA1BCBB5077A09C4374D1B74D2DC895AC2EBA311B783D6682EF76397673C49B38DD9D6DF87BF404A3075FCFC395AA
J=-$49D6504B5568DA808E0AA6311FD311E6DC720627ED467CB5D93B576C06DE8E62840E47C47DA6B138E429E18B22972394FCC27CCEC8C3F49A4F8BC87D5DA17748CB912BEBE944CD6F68B4BA5AB596F2A7A90DB1A1CA94C92F3C8682EFAEBD26F43126AF2F1984B32F68E0E5244F6A355BB78D085CE0E822BEBD03A4641E560FBE08471AAF16746CE773AD8CA5D03574BFD41FE45824F844496D3038B48CF984605B650F596DEC8C7D4F5C487F7A361D6E2A6E68EF0DADAA49D89D222202A208FD4CED54365F455B478892A51AC7A4D4E0290DB511EE87A91EC0E2B6D112300829F9E080CA8BFBED2C2CD3947BFD2A3A7E607D404D078C3B391D84FDA34B816BC6F9789CDD7290B31BCE2FF98908ABDE82F887B0F1B23B9853A296DAC5079191542272A967F1A5BB58CADBEEBA22E20464562C9998359C8719FBC0B894C4A39B
T=$2

[25]
S=$1653F739
W=$16F10F0981716AD930B0712B04F5F3C3790C273871EEAA1EA67789AE775603CB81BAB9AF5D27158D2020F91D2A3C58DB9D49059CFD249F909E93FD83BFB1CAE1A2E0371E0FF2FC828E7B6E6D6095C53201F13E827A72DA32467F886EB9F66A18B3A0C53244F7EC16AE8D8A9CEAAB67C9D2416A30A7560CB96AC23DDB97169DD27975E1912CF77DFE5EB788EABE2EB8471398101E79AA3291E6C7FC83F8CC9
J=$5CBE8442542EE1C84194BF7A05F99A9D1E8D4DA78CEB7DFB0F84A7A31305BAC125F8802D0FED79D5B5650B4F5932115D1E6D7C431BE5CAE51AA71889BB1F461DC4FA342ACFC0C87BD314E4CE7C62F91E9B4F5D31F600E4EAA43923E5454F1BA9CF0539FD47BEBCDEB8AA24325525D6BC52A28314B7B65B19FC8D1EB3F630DAEACD7428A1A16ACCF903C3683B15B3D53E01A4109F9947B6F0D88F3D1E9587D3B49D9F0144A634B76589C054A959D8327DE63D684C77D6D8CBCADF532A80F85BAF398FDAA8C8AAE264CAF698516336C4D2CCCF1FC58C9C2FDA0A21623153A2BFFDE64CC156B435D543CF6B0093C829A78C9D0DB2EE0AA4319D13CAF1D877A34D0B0C2A2AC14B34DCD0075FD9B903ED7A27B8AA7700ED15EADB58F939FE50DC08FAEF6F98D8D521920F9CFA5937F40D43E034E924890F3C54ED98F1A82
T=$7

[26]
S=$7BA0FA826
W=-$1A711F645B03E207A805D440D92E585D2C0C6F7AE2663DDC703C457C7A3D1633F0FFA9D37DC0B2EA14C7F9A087DEED0A3D49AAAB8547CE3BE6C580CE2D148EEAE2B75C25C814587D0A9C8FAC9BA141D755B0AA3FA4E014A7017659D4F37E5EEEA01EA2A9E63CA9563858D8AEE4877DB5626A03973F9D5060EC09771E36D2119565143791064C435EF788D10CF2D4642971418CE1D255565550647CDCE
J=$36824B3E8D7CB180BBA9E834DBB71DBFB1EABFCF29D27F2893723D316097791B3ADD5DD35916FADFD2B0B7263BBE8BE7AB896FAAC1AC4188B5F79BB8E56559698A2B76307FEC4A3EBA29FB5841FD2BBA8EA7CB380443B0AC518C2C35B9A2936ABAD09830431582C83522C11B7DB13E7F926062698D72B6E1F9A176F0BA62EC2A4144B14CDDD52042E514AD4AB0D0AA229D513F7BA748586B0A385409CA00BF7AB52658A8323F717E1F5E4D2207E5775A63BE3552550C9554A0E91D4C72395D574A9EDB67628CCC1E5F42CB46ECF231B0C4EA479465C41E3080C5AEB83F76A6393278051C8A73708A7DF332C2FE8A110C6E0230F6B33EC0B2C6DE7724D7F9A9496395AC3593FADF34341686C3BD56E622514223067BF5FA2E9F0964D26EAEF3ED61ABC3AFE5A2B3ACACA7F254569D116497F7030CC050365C2
T=$1

[27]
S=$2168E4E14
W=-$15BFCF6492E3DD7544262E442334BD9ABB34CAC224BDB44B749EC4930CBDCBCEFB7A0BCB1E6AB165777FDB9F68D8CCCDA53AAB2C2720252465C85C07E7D938CBC4982FC01B3B838BAC0E1BD238F42349FB2CBD6BF452A7962385E0FF3C18FEE5F8AB2B282808E2CEEFAAF8846A2445BFB5FFF135FCB557DFEA855B5FAF3F87C0490250D79B2472DCF5EE1369F7A2083C067D10725A9C9EEB0BBAE
J=$59FC548ECE563BB8C22AE12B5CB13C9234D3B7EA76C439C62B2A3CD6BB28F205B41BDD198798E4F27DEFFB7B575EB20831F83CD0A455BE4CB4A1283775498F114CB8DDC7F0994F758DE251E672E74CEBA3E4D7B9D6C974939EAA976A2701C13A8A8F0B170D5E5106B13A69AA52CAA2EC7561A0FBF9AEEC5FE737EDEB5556306A1667E6599F1AE26D2508496E536F9815B1779E062B66D3DEDD1D6FF228F70589055056401DCD8125A2B12268E864690ADE4ED7232ABA79DC3FEB7489E2B8757266BBEF83A58F8B65CAB9D777061D1E03D797ABCF0B442C29BD4EE240D5A2153EBA1AE9A2FF7E96C077660F85589A06EF237FF7A7571A03AF30C85F718CA864DC67DAD1939CCEDB26EBB83FB281ED015C0D720FF36958061827E2842BDFE2E839621405558C87EDEC985764FB979A22E6FF0735F9
T=0

[28]
S=$668AC50C4
W=-$46C2C0A0956C7A64480C767152D52560A57123DE0086FC50CCBF3F4837AFEDCB8971A3A300B55745083D56C51D99A51692BA69D89AB9CCB3D92CF2E9F44E4B95EABC5521C8D0CA45300F9D263DD404815033B6F4C3F712B837707A85542FD491E78DE98D7744EFD5755D463552C28B4BD413CBD71B3A2779E52EF9BB5F068E08B633355BC97870BFF130A09712FB1096F289D7E601C28104
J=$1595781023BBE37E896BF0FC4B1985523FDB708288E62AAC894D4AF045FB2A0A9C5BA328512860DCAD5186A1468E6394BEA89A13F341A5566A474165B6E42E79A811AC401E2EC5BB3AB7F27A12C4CFF0C632B1BBDA17E5196C1021395334DDFD8CFBE42C7F1C64BD04658269EA37DA7DA4D27E250788B8732377A5F7AC465A6FB5B83AE398CFF98B96F952906BC2268789EB349792885C66DB076A87737A3C47A1ACB878E7EC2303D4EF8F0ADCAEA5087935E0ED0B82594CD746150E5DB910812A069972877F6EAF52E37001E92033D7AD3AF066DA23083CEC87AB957CCA2B7DBBC38EE4DBF656E4539B5F7CEF52C062CBB57669985FB6BED756F02728FADA8CAF05609319CC6282733C9295FA6E64DAE1A34213619D6D29CF0DF3D94B8EDEC7A9FB1868FB785D0EAA16C6BEE1B60F77
T=$1

[29]
S=$D5DFC8
W=-$1E0536CA9368B504DA72B5B5A661B425A5B0B4BC985015866B4B8D2F2BF28C3BCC7C70DD18BAD442EF2D60093CFE3A1F04F3B764D17ED9E4341B83E8E19E6587F58BD715BEB8CB4203CC59F7DA34F04F4C5BEB66DFE6619A2B4C6A0C636B79C07C88E498938980A44264599CDB5001F96A23B998A558501DBFB9FC09A99044154C899847582E481B35DE0328CE60059CE198E327E1BA
J=-$EAD5E3BBED93B413A3B2111421D597481249E615DB9416B19EF009FDE584D05DA3B3C364906C56B0EAB9AAE24F6753F5427D1BCD60E9DF1F64ACD1737E2EF1009A0D60A3A25D625F9CBB284F5241CDE111D07E73F825AE89A40BC84F4C5355CC55B921DBDAF63E97FF47DAF6F98174A6062F0D4FD5B4AE0E7025C0990F0084451B4006BF22088D0A58727CF3DD58B4565EECFF0A276696E85D26A8E797534659DCF678BEED4E491C652BFFA9CA2D8E27E5A4B8156D3E1D95266489ADEC2E353F40FEA0E0F14F2362441056761B0F019DF080A48EE995F1C03DFFD4DB720F26FF99D29A1C5DED09E4B1D1FBAF5D8662A815742048684D5CDECBB594564DB3E4A3CACEDCDFC1223007A9CBBD86ED375B8771CDD5F180134DBD1F65E0EA3F0B2650C212E1E0493C300F55A877
T=0

[30]
S=$442F948
W=$55B495029C8E9E1AC7C9147F66A6B5812A434654B3A4D9325EEEC6F407671F1A8AA84835F5BF3EA645DF9EDEEB011F2AF7D4CA12899109C7D1D3926D49DBF6DFE6B4C34EA0ED6EB60D52D83C1BAA21897740A21D07F5418DDB8B9111033C9B8394FBC9AF41B180A0CBBC3965645EE0E6955ADA1ECE0CAE2BA1DC7B03C07CABF94DB28CA3B8F73CB4678BACF1415A7592BCD413D86
J=$AF899D8DCC056411DB87D924C93F7485B9EB4D855FC16DFFB9680CE907868C18B1829D4A871C4E7E93A2A1BB790CEDB3351D80A0FA47B600BA7E550B418663B64DFF06F4170F4964C7CDABD6E41EEB0622447A4426684E0BA36DCA42454B1399A01DE0B8152BE6C32F8960BE237791420D981D940FF62FAEAB86BA5E596B13DEF810D15612E17A6126088E61E9CFFA784D9B2288542F64E145E35EBC6E161E3A4D2371FC56A2D12E24CB68DDBB24AD00C9CB407E07A8FD43663AD56FEEB63ABC412336BD584F59BF7C39A73399586144BD2F5DB1D547A83308296BB0EFBE8EEFF145A8370DA3B9D0460E1204CC3A39D851ECD5537BC3D588D20C0648CCEE4C8FBC3162BAC8A5FCE9B016EBE95A09C981D42F66B15A85BD1CEC493C6D13AD3893CFFFD293FB0C5ED0
T=0

[31]
S=$53E86674BF
W=-$E90E61AC0F91EC53906EB63A1587812667816D0903C0AD9C9AF9CFCE3B312F2853F334FCBF549197F6E5A94FA836D8CED2F39DB9096802E4DCEDDC4F5EE1CD5E4DEAD70EDB7E8B123F4E942129D926E3390ABB347281192C16E901250602BEFBE5D5F1F09FA08FFD68CDC08F7E2614F7006B782B2DDDF0FC6790F9F8E7BAD88FFFFACD36058FAF9283E8C7F2F8A4B4AD5CBCF
A=-$D70
B=$12F5A
T=$1

[32]
S=$4077496
W=$65600591EF46113306D43313801BDA66412D17B5475F6B2156086D9A06E83AEC26456841785243C9B0C430FC3D5DA8FF3A76C172CBE498B44E1D92FCE316BAB34D767DAF7705A63B9877440A08EF991518001A5F95AB15B7437B11803FAA838745DF2FF42165850807759B279425D286ECC5FF1251F074169F3CDBA492F49068490AFD3281F257116024B7021AC5F36B2
J=-$4163230A54CC47D141330A268692D852192AA96823ABA48EEDD611A87D2D5D3B33F1C689A6CEBD9EC891E9265C9AB99116A7528014E63634804E055B3DA347A1A608E53768AFEA451D140353C980DE8D9C42E7231720D5AE57DAF2220EE08F699D2256CE23F5C5E185CEA781183154A6D4BC5016036E80EE15A7CF7E9EB91CC2511713BFEA53E23EEC4F2723B40071DC360D6D6F5731215D76B7560C49082443DD296D0B8074D8A54551D28D2D5D0FE11906FD79D774E559772B5A2E20D2D743437792F723423D1E196A2EB514DB0EA9935B048AF8AA68166016836FD4289F0D7FBDD6F7C3E209A56DC2A0C000437AAE26EED07598D51B9DA2820156CFA50210D78E042CA668A7CD27A39DE7C63F5FCFDD84D4F02B29D6AC078A25D6C59EC6CF
T=$5

[33]
S=$6C0C130
W=-$395FD12B303344D9F2E52F3FC2D6BB11AC5C63F0F6C4D6FC5664E77BFA4A40B51DB6D1B974B7BF9254913BAA58C41E4DD4D3BC03DFD5D555760F881C2E1A2ABDF5EA6CB7ABD62E82EC0D4762D850F49B7D7F71339151524860F5ABCDA52A7182C9E94B1EF54D3740F69CB2CDC65DA19E860614AB49F8CE94C2678842F5AE7B380CCB275EA4F4F3DE42CCCEB3191B08
J=-$F9CAD50ED9AA18530B46FA493EAC5FE2EFB268C7FC38149B21AEEAD10FC24B5975E55C108351704A3315F2C715FBCB3EDA92B7B79E86D2C9E2916B48E5B62C6EDBE3CFF218B123A7FF6B1E83991DBAA814B18A8584A92CB922BE63E871A28A05FC071722C641748806082096F4C0E9AC7D2E56AB5A5B0D430FFB4DB90A43F557E62C81E4459BBD450430CEE1B6DAE9442C80B55AAEF664225A4069413F4F129A6E07EBA99F2AD6E7E8DB91BF6A36AA0A994065F8E093FA605CE365ABA4B112030D976A2E5EF776A0078EF2BE197717B6BADB79579C99886BC5E9F2404E83E0F3F9463AD6AF9C6E5F99FFB0F4BE4A86D91AF4AF182B06E3FD58E3D8D3EB5877F26B3EFCF5528FB29FEB0E78CFA0D0258C5D743DF3A627FF34530813772
T=$1

[34]
S=$1C9142
W=-$11E1F4E5861AE89874AA6813A64E2D4133EA20F66BE0E2022EAF97831D4F6A5E3AAD434D36FA26D9E69F61517E346DE020B00F15402394271EDBD88E58B60994EA1AC70C28851F90DEA7E075CA08BFCDE1B7011C52AE4E059F7CE24E499D878B058774F31B09D7D01064ADD1B4D7546F0196A864F88AD1D33FA6F81E12D437CF3EFD8B5BD2454736BDBE00C68E6
J=-$280BEE8F1BA4D128C5D1918A91FF1DD3ABA0508A95056931F1511F70DDBF9AA71A842C8BAF5308DA8C4B02E7C3F83F2C0A6EE0C14797D924FEE5608A1BB3CE5684DF0A0D125D3884D0595757BE17B19CC6CCA99B036257C2D3CE71302BFE0F1EFAF3C09C6F4C969151775EFF7D67F65F5ADBEE3621CE66D69A8213081640B1A73E4637F765EE229ED99D041C0BCF575EC82795AB52A773DDFACBCED690CF63795E52055541E6E448CF7DEFCD7126D06713848F839A0FFFC2516E50047C34AB4D5045A75BF7BBEFE48977CD36CA34BF24E2A8AF33FC3601CE3EC8F6E8507B1622F6CC4365BB6EB6830E878E2CFB34C70D323D36EDFFB48D918D75649759D68B222574AA3336D587DDFA5A119BF962353C85E61EE2A5D68E051598
T=$1

[35]
S=$2F1FB00
W=$2568BCAB5F56F0AC4D615CCCA58FF8AB9A5F8E59D707686FCD2CED1A843E64E4AAD4FBDDB6C79E32652CACB2A00028440CB1C02FFEB9658C53D7C1982FD80B972123B58776C7C3171B8998802C6C19B9DECB4619A1969A9648143EF09C0714576599FFD0DDD656877FF11AFA5E51EF5FA014B182E439807D778946315B4062E853C94FA90B434F68FD16A224
J=-$CDBA80D77ED689373260045A76756F8897F57A5D25F81D3425F3B5F683A7CD56841F18D4E475BF0F843DA6E16DA775C8EB31FFDB47BBE317FC4F01F55B35DC62B44409AF1DC6D632B21B88423A44044BF87D894AED109F2C5161A1AF83EE858C2C0C8EA0F2BA684CD97978556E90E7666BE1E63998C341D4466D663176EEFF58570C74A80069C4A5AF7A2EDEEBD32D4E9B9DE0486E098F6548430DDEECB0DB596D11A99CA6B66F9FE6141651E999EBEDBC96B2C5D12A79A5DE3D0F01AF735BB55D129C5A302EC615BAAE22C2DEEC5448122B774A5F68C07398EC874E21FCC40F7A2391001E4AA32C14276E2BFB534ACA0A896E056F8F92D680884C11C9BB3D4920D5A9AED7DCB8686FF59C67D2DD069B8125EDD72CE54C
T=$1

[36]
S=$A00030
W=$CE7B7E095092EE0246D1D23FAE3D737BC444484EFEACDAF2E42FF8E6199E48E99FDA7AA97CD653D63B706CCD89F0703D4C79205E2B31CE79DCA5E0F0EE70B23C2BA268111725658FE54A2CEB019D3BAB2D1D97BB067BB394690878D1825E0D478A52928AF6238D29FBE4ED6624319E33E4F1BB86E98540A36A4B445C59EF822382B0982A413FD7D035E6
A=0
B=$7
T=$3

[37]
S=$2
Q=$1C

[38]
S=$90EB8CEB90
W=$16B410971DD073D928BD53A8ABD389C69EDAAE2A4892C2E302199F5A885254C64D568421B7AC8E03B2E5A27545048709271098CC662EE77F795CEBD14DFACDDDCF46EFE959485EA005C42725BA0BD6E06209FD74CB72BD4829F994F9508233C20474725A47BB007A589C1AC76C6E54373C7511205F3C6AFF736D05F20579A26618D26A61993C9008E2
J=$8408A92677CA7AF54E320548D5DC81459DF0A01F1055401094E50E1B6EEF9BDF9D6BD1F6F6627FBE61B18309A91F7C562910FD5D1F88A943D07DE37E3131BADC4A2F07BE68E6F960BA3F86B4AC61944C7C8480623D3DB78E261D449AA03052BD3C43F5B4073C35EB6C74EB37454B62A390B9B22FBF8911FA0D0404A1C0F98CFC7AE8733F71539D83AE17E8223E106BFCBC959B71C9FB5C11D8FA8A81F2819D620B63FB8A4AB0327E5447869946806960AE94C522DC84C50792614621EA268CFF73F192BF455CF4A1E98E43E0E33BFF96F9F1C124B7ECCAE71430BCA63C9FE6EC827997E6E535FEA6AFE0C3D9F48497870DFA762EF728FF5E0768DF89B0A696F616688C41EB2B835CFFEA9FEE8FD09CC04B
T=$1

[39]
S=$3E576487
W=$F32B3FF539491BE36EF419F229B45AE7E8E6A122E70BAED9A3356DA1211067695B382C34D9F1F0CF70F7FAF68378B615464DCB27400CFD15FFD3091BBCB0F0AA4E2BC2C515EC76E2CEA561E6B1F82A47A513367A0DEF6A2312D31BD0071C1F42E1A5DA67787BAC370C935C1CFC95844F084F2F1024FEF8A5EDF064ED428B1B9F582D1C0EB0DF
J=$6CBCD4A6AAD2CED8BFB2522DFE35F0C7F058486123D57C3EF0514BA6C65B1C9A1ADBDF91B963558DB536486F739DD12736B8A280842FDDD9F011F6EF7FBD94B4C3FF0937341A6DA13FF03B604362EABB80DF919B6F8545CF809876978C76F6C22702AC1282B1F406F3A47E761D671152CD3852ECC72C51B707538B736DBE82727081B39ACCC00381ECB9999E2A8FD3B39C2B05F6B01FD14A02C9B2364DDCD7FCBC0BADF4CD8FA49684D644975120350748B5028F54552D5CA29F545C7023E796230ACB54242F01C45809A5520A5A0F1B7A02916CB6A4A124929484A5853FA52D2F60BEFCBA2206FFC376CB51B87704F9EE08789FF09ECD7663B803413A3CAF20EB59B1396E3694CDE8121091
T=0

[40]
S=$6E5793
W=$31CBFE7D9FAA4268FEE6432EDED81980BA749BDF40E1ECF875FF369C8D029C9325F72D804196F964B5F8CFA3E3FA1075D8AD74BC3C4BB8452D083FC91E8A264C75C3CAB69E489439CF3394B4D4D38360B7EBA8131F709447872778A1B06A744618BE6B2740B81772C5742A4A0EF7D594577566BFF60D378DBE0E09ABF14F73DE991D0A671
J=$3B4C61D864D15BDD12F61075196A97B577DAE264CC62CA5AB213630DC73EA0F38A9E0671CADD95699B175AE2A7EA282487D303DFD8D95E212713D171436A4DF99B263AD7BD7722A815DBEDAF6B64E78FE3B7D8688D49A02231AA735DF57C105A07D92D4F948F3DDABB8EE144C6ECD3CC30AA9EF64C0D8314AC6A19577F7CB4F6B38A84CF1FFFEF7181E16EBE42B23CF72A1D0D9FC61EB257A16D9239C572005307C9E0190379BB8BBD1BB6265F691284B1BCA133BB67C0F7CE2CF7BFE7D59F4238E82C9203D5DED57251E7F71F70614BC59C853892D8E6AFAD1B84EF5981D50BDC07C188689F2BC26C3D0E76C18E5C38DAF4FDC2FBDE29771BB7B4939DBA46F75726FDC0473EFB6A3
T=$3

[41]
S=$46BDE973
W=-$145D365C6F202A74BDA43CCCAF196D9353D782184F3AB29C76B81FFF45F53BA3C0D12A4339D04AB2369FDB13BA67762B688F548AED9472935124419BD47077CDE449695627C8C4A096C0ACD30FF3FE7101B1CC5A07C3D93ED88B985D0CF7A52447A9B396EC7044846F0A099E4B18CF687ED9AD62589339D1928008248B6CD25629BE2F
J=$32C1CF98B3A764C06ECD71F523FF6A2C0012C9EB39950EFC419400FDCF2BB03E8A71DB8E241307A6B8DA48CAF4BE848BF8EA1F3257EA14EF3280873654C071E054727872D594C510A76E324E046C8325D5DC31EC6064838BAB989374BF59F6EDC0A14CC69F4E863A652AE778B26BE9B066ACCF991EF2A5D35B3E330E9211773A87F92BCDD45E5FADE667CE3914B93905264F60908644F6AF201CCEA62FE98483BFF24231FBBD5D509EE9E280C9294DFA3B0DE34CF3916CCC5858298F0DFFFFBFA130DE542EA05AD117F1F121458F8DD5A914B44BF9521DD823D86956824F38334922149A4B80F830CD5BAE95F46A690F7B122CE41100BB7E7D8D16F814EBCD133AC0FE0490D
T=0

[42]
S=$155EE0A
W=$78B2379B8498FAD03E2A3237F9D894E34F05F57016E2066845B06F8C46F915E43107EBB9D36BC79B08D6BAB82CCB633799E257924C7DE8CA8F17F4D277FABCC5A9FBDCF1DFBABA827F30F57CD790CF7E8075BF4C80386F6B372EFFD9A6D40A91AA451F787510976B33690602E93603FD087E9960BB1177973092669BB0AB129F0A
J=-$87EF8172B9BAF87358994018E95A57CB5CAF2FC5670A08DC495133D0F3C6A41C375B821386FCF7D8FB0FE22FD6F67DF372EA74263E1F42A5899BBEF479B9E20A1F2C696328372FBA44717B9D372870E8B33E12FC7CD1EE6281743BD174695D1145BAE58F8BC774821EDA7C63CFC95EC00D64CFFF03657B84CCCF792A49C1690F4E87FA0F26B09F5A4CF99B26D2C95B004E8E41C1F41724E1632B3D3766030DC8D6C6618CCB862C8CACDBE8C9DB2608C79AC9F3E1A9F03FFDB957E8364F858D306478B90122666A8A2F41B7EAA5E913B146D455A7CD30F3476AEF95256D1E1C83966D4ABFF46DD3A1F653374CFE5AF21A04EFCDC9764E934F7BFB7CB586D3D9B8EC7
T=0

[43]
S=$13EE1F2B7C6400
W=-$1077C4517991BCBCB9683CD6DA4E5E0282A8BFD96B1D595C023FEFF214E794433D983B9F6751474300A27295C2F1B70BD6668441BEA7FD1AC2E9153C24B1A4BD27F670384D321A5866D480E2F3E98D937487310A8C408193BE880DC9FBF6A8521C66222D5E8779980DE9D3F365BECA9268A7434A836AE5D9A1954875556ACC46
J=-$167A54BCBEE2EFEF01D575E8E6CA97557EC4B236AB5EA2BBA58950BC7951F3D0624E75EF316A12B87DCF78711A95D40EA2F184775D10A808A2471D795A7F2455A0187F4C631AB92385B0DDD97A286FAECC502966B857948A45475B2EC12C9174068D4B0E5032D57B0DD89C0BD599B86AA7C5808E0916C78823F04C89F7C33A7D35DEC296775614BEB16FF94A62F02E7ED49A2BD38189E193CF01CD3F5449CB7E181E8411364677708EA98591C95B26497F31701EF7924B96CC25F113B492BB3C21D7FC6B44BE1935A7B84C175637065703850D59E5BCF6F5419323A8E43E01154B7F6EE82A692FFE57FAF5CDCA8911BD69D28CBECB82D0A18F56BFDB17952C
T=$1

[44]
S=$382D6F3364
W=-$719A7653610396605B5B3E5D966EC1BC84AD5643354D8F486D8F8BDA5A776CC60774B19207FB81DB701FBC8C2F33239006FE01AE1007891F6E0DD91923ACAE67856613751D9CB769A55B631FB553C3EC64616ECF2A2CF76E62E10542237CE93E9349200C9C5602DCCC78080AF9AF1D66D78C9476B6BC21528223EAC6
J=-$156327ED7062B05BABDCFA0B4437D6CC693C5BF3BCB8CF16B827D9EE6B796536B45FF4D136084A9BDFEE20A5FDB5EBDE72E93616F9335305732122EAE05042DF034093EF4A7CDCB6C1E9376F0318F133D90C3BCB8EC66338E75FA618DCCA10BA264E8E2F1B2D97AD6FBEC7D6A1D67AD4351A147B5E250DD549494B1E0E3C5F6E8132E6D9759FC54CFEB3124A8E889ACEBFBB617C6DA9CC29BB718A31349D11C24E940965C36B5F2BA960D20CC9D90686156CD7717B230F6E97E03C9779167BF510D619DEF8258BD73776B437458C9D528C08EF5389FBAA4C0BBCFE2CFA9C3322556532C68788470CCFA393CC969D5710B78442178635F3860
T=0

[45]
S=$82461C
W=-$665DA8A4993B44750EB207CC0477C93154590647CF8276F350CD945CB30184F8017CACDB0B1316E1E5859B4B7AA778A8D86FE2458A78D24E8D40DC86928B57976F9418C8584279ADC2909216803A29770C28577F351DD98C2997874034BB0BD792AE6C8D5072FCD606055CB09F108F18FC5B9CBDDA57CDEE4DA6
J=-$70A95026022E7221551D8AD3BF1D51E2AC5575F35122CF135A25FA6EDFC46DDAE3A7C593482F7380F4365548F53CB3C622841D2F51923D2695E80F40F0D36398B2AB739D7C8E9030A15F033CA86F6C49E3EBD3674452543055C537473FBCF9AD3D8C71E188F7A4D5A7C259A61DDC9B6EF3401E51F2E893057A594F872A022B229C3CA89122D392BFB0DF6584CA9DE3D17DB3C25A47DAF8F27A218D86CCED5948050C4EB36F09AE5C1D8890ABD94B9ACE624E40BD3D41A4F67FD67A4CD093BD1220A652D35619C2B2B71A428CABEE3193C1CD0EED6E60B7E7B6517488CD7AAAAB1E7ADC2E2DD17D19D84F3A8FCA76D67CB631152
T=$1

[46]
S=$1379BA
W=-$9FCACDD3BDE735FEA12FA2491F7A804C82EB8CED454B4496F5F919738115D8F9385CD1627DE62F9C656807645AC7F9B9E40C7769278E028282C51C316053B45E2FBA2F9DB4E3DF69F8AFBC92B0684ECA56D993DC0AD5F8055A87977512B42ECB7F5E535B11A523AFEEC492D797353AE05F255B4F18370BEFA
J=-$AA142965BD78124643D665D5E6503FCC3D02928E4DA9EAB42E3E20CCB1C1BFA31EDF251D280BDCCCC0E83CD930F9BA61925DAB3A493C73C56ECBFBDADE787875B1AE3F3E602220CEE12C653DC71D30BBA7CE9AFC231AA6399C6A859732597DDFD260186D422AF0CCE8E7664000AD0DA9547EBEE28B107D21D6BEC6AFB11E9D46E9164E935EFB833EF4B36C5CE04933A9F01605B19A2E225683B41238140551A0064EC080632BBE5534133EEF77D748EB2DF1D300D536924C3AB0D67B3DE4F175295F039E5AB84E7965B3206CF0962CDE4ED031BEC4BC8FA0FEF8B70861276CB0A049DE5504D0A96485D01A447E0A8292C
T=0

[47]
S=$1054045F6
W=-$180AB94CB84E4D1FF8EBB9B8B8181B5A0D84AE0C89E2A49DB059EA5082707E66E653A30F2E62CAA4AA9196F41AFF39AA62ADD4CCEF7415536B198E7E322A2750767432D9F5A195433CA65AED1C71D99141E0AC7B18AF5664704BFB329BE47D84F2DF059A1CE918E99968DFB22100D61918A0321EE433BC6
J=$257AA6CA162B635ADAEC59421AE31CB2B39D44CEAAB1784370F899A96BAC401A1E0C2FEA87A1E85B0E573243418A507187640FC7A13DB2F55856C2BAC9425D79CCB5A598A48B3F975E3DBF16DA345D67080FA9AD220F550A8468F440B13369D95CC82ACFA0B36AC0AA5E8D1A959584A7F9D1D3C9C30F922369196A1563A415575D7AC4A902D1F6225E5EF8A3CE4DEAAFA2E22EFF828EFC4AFB3B481F02FC712C3F9CB2704500FC2D06BB5B0FA84C9169E6BE801DC897D2976D0D92796900E97F6E21E89DB39794A728132E2A2894EA1FD2F1F8299E49AA9028910C9E5623D5E1928B2640C4F8300392BF6F0C0313
T=0

[48]
S=$2AC091
W=$1F4CD35DB3B3B87476C37AB5AB3EFED578A029A67372347051F5B06A9A00D7EFCF223FB160820A5480FE4E4D552235D9D40298F05E420F016EBB085F80E9D185B44E067AC2C292949593BC578AAC71DB7F21312DDFF905E551EE5B60F1A2414033967644CCE9FD23A3B187426E5FEF5FC00D10B79C3
J=$1091BB2CF8E6B484275FC7BE56A1ABDA98FD29341DC1AD478FE9AB41404E074B65E070EADF31827B5C1BD916D58D11D7416B469BF1E6A8855D669E7C4C578B92D64ACB023E35F728FC1A67971A1E6236DC5E5D755817C6403F02E785D9822327529FE22E82BE0B6CF0382DF6451D0DE978407ED8B3FFF1AF738E6F45E39705EC2C8505EB221126E774A7A2FFF826D6F2D2EBDC27078F43000168341D1BA0192518B14FC7F3F29B231234EE1FC1D6F31B789D4EF3BB843943BAD8EA70DB56C9E7BA30C462B15DC46E07B4302C1D3BA76A824B4C72D4DF20DC18417442D6BD53C3166E254F2AEC952CA0F6
T=0

[49]
S=$19C53034
W=$60DE15630E666467FE9EEE9E02685995494BA366C9C6F96A285CE5858BF7B77F746D86D1B797C9FDB17220CCB9F18B463FE03B7E0BD25B13BAE80FD2EC6F461B141D59757D4B789FD7EFB5EA05728EE43D0EDFB846FF07C4A3D831D62355A07C156FCDE024A0C45996B1BBF61B767694A68959AA
J=-$44D694BD86E15F78EFD03F908102DC0A95094023CC46C701B8B07F5FFBE72DF4A8E588323814669018D2951A6305CF514600415593A91550741B5A00722B55A3A870D49BD7990B0AA4B385162952608FD9B91163B17F04163FE7308EDD07E684A2EC0DF8C2A4E13B97986FE5DB1D211B44B68CEC2FFECE73121BB5C583D553197DC3673879D7B8FF096E8999AEB8DC47812ECCA80EECB34B78AE5EF4D4B5C245C1707CF98DBB26BEE82381843E4BD88CCB9A6A5E3F1B5C845B6621A2A591D64639B1EFCF957FC2BE7B0DDACFCACA0CA334C930C4BE56A89127877030AD8E2963CDA625915D5FD1A
T=0

[50]
S=$7246C9
W=-$1270D689BC74EA394B705CDCABCA7FC58991E27647E6C19C662DE9D4EA5FF18A798E8ACE9870A268C61F1A0ABCBD9494997323BF78D8145F995F788301734131045D670C07EBFA0A2B4984B0B0CD3604022E8ABBF1A10994F2AE94E409645AE2FF54C805870E3C5EE3C7AB862BE110A52959F
J=-$237B1CFA673F6A71E3A61B2780CE12CF1A0DA93D55A04DA88B9126A698AD57C49D66F90D92EF709446667CBD289AC4329C7BCEE63A1D8B7736B7412BD967FE264A70F9D45A59562325B04936058BD6D8B9BA9FA0D74BAE2C047307BA886B1FAA4815D0649EAB8166097DB93C4E5A9821F128E2575D1033C6F45E4219A54FD5E684E924658C403ED36ABEB53FE4E08B09A9FBD9F73D2F85BBBB12BA0E73DB16F477D8A04E2F2559E692CF43E213E7CB46D922E1C636F9B5A0BEA5C922DE558E561028CD06331B7E1F2310075EE412985A6E4F49E0CB2538DF1F211BE4AD12D945A9251AD4
T=$2

[51]
S=$B0556D0
W=-$3E3632A614F828CE6CDCEA0C4AF4B5993D34376B345AFB65C90EDABD38136BF4671598B65419AAFAC5E7CCC9F9E30715CCC66F12889B5B4166DA3A30F6DBDDA75227A87D4A4762644557A7467F939934904D7E17D9F49D83CC5BABC3C997214464F590DC42564649D831F354D0852FE
J=-$3DC1B4DCA8DA82381283E764A5D95F1B9D331C34055501C418C25ED5658990611BC9B89B44526758A180356300A0DF2097DB93335BD0DE6D4403186EB52FE0A29CD3578946C1A2156166CEDC27BCF2C912704F6611E326C811E11F800489C7364CA892DFAC21159273E036E7F68740B76771C895C33674BC2FB4F71197CE1DDC9E00A8E6834D3457F879161C44BB429E549ABD0B11B36C5B0D08F2F29EE4B14E84F269754489373B709AEA3C338738531F9C1D7CE4488CAE6F23CDAFEA61F3035AA5F383B52B978903D28807E1AA0641EB6F10B8511B3502FD94BEED5F259BCEC8
T=0

[52]
S=$61AD61A37F36991F6F2E
W=-$86461CFCDA248C3A22997E494BC5D6A750D81E15BD81813D94A5195557C37AE608B1C60EBB5AF84CC95103DC4227E70D91C988239083D5C77568C4C227E8225A227F039FDBF3D884B65D5E47BD36E177C9966603A7770B83C5196F8ED68E514FAD8647DDB61F6B9B0CAFA7C7B11B56
J=-$F9E7953519B5371561D5D2ACA97D4982528063340E6CD03397E1F36018F7BA1BF5C4F58A528EB6563364B914A6177B1930D8C448ADC5DD6159210114336B7EAAB946875E953D124DA96FD398570BF06C3C1C2919580588F1F66E24239A8AB7578908EC950B413CA4FC6CC933FB8717C8DB430509C45734BEB32A9177F9EF39D85A62198D5A5EF7F2462C4BFA4785B8247F6BDFB762734BD9A082C36F99CEFC0D7C4401EDB197BB631B65989C37AE9273CA6863E028AFC9A2CFDBE7E00ABE7F0DD8667B0E079AE44C8316B43E82F02384A41A6DF83EB680791A3DA10AA4
T=0

[53]
S=$DA0B2
W=-$4B58CAF32A70294B7D592B248F5F274D610A7FE4D2BAD7E7F2B4C0202A633CBBE262363F6196B5A18CC36483E6AE576F2C3B0BEBAE2DF27AC2EB2783C5002E3BDD451DE81F6F42953477366728790741FF6FA99EF05F6B494CBD6406853FBE8031C13E2AF5BBBC6E3966
J=-$D2992F7AE0A2C37218952C4C938CA76F274EEF5A43D681C5015AD9133568C1C1F93A6E8B43F7E24F6A361869E161E54C985D239EF5EA4508B62F31846BF8E7073EC31179EB981D9CAE21239A62513474768095F8FB01709AB1D78084E591E65D12E9A22938A45A427C22DF2729B18531DCCB9D8D4514007939B2F347952360A3BD4EC224C4A4D2C425E3C3864F110A0601B637C867CE1BC167373D6317A242A443A9D11AE48BD19CF588691512A9B0B17857BF97551BBA326B24746A6AD3D95E551E383B6B2168FBC27954D039B935606F84D65
T=$1

[54]
S=$9640D277A22
W=$12C5AE050D8BDC44A3321ABB0D5AFF84854AC30C4AA6E1CC3DC43516EF330965810FA2821BC41555B5A91609A3F2991713FDC6BC2CAD8662B674131F89141203861BDE6CA83DDCDEE1F166B0D8C73C08A5C602663DB2BB5EB1114610C09FE4486913A8B1F57FCB6BCE
J=-$CDEAE77EF25389F84FB938BB96755FEC0BC43B7574E40C539BCC6A7F689815CC2460087F34F4417DACBEC5081804E0B0E51A5E09752E67BACA1E473568A50882BE0988B7C167E1CF8A1A4C283C048CBCDA6AB78F3ED8F5A749C97CE38EF3665659E0A35AFA5C819EEE8306B9BA72873F3652768756BBA10C2C37B11130D0EEC7AA6FB8DEFC9D1284E1911B3ED791AB3835ABEF3775876C9CBC1C6067BD24C7097D1C7D661EDBF5A3CCD2F120929A31EDD3722DAD1B764471D3C79FEFDF1C3013C0828262CF0E3CE446D3D1965D9048CA1
T=$1

[55]
S=$1865F4E
W=$132F931BBD9856E3208C6EB5F929F4D08594FE6B88E0E0E37E40C2262E58B58E7444DC521B275C1F5CCB8775B1AEBFB2EAEFF299D06460FF1F23B3FF14D1CA7EBC9A61CDB99C10FEC9578E2E4ECC9003045D45A7FA2F221D50B51DF591B10A433D7AF2AD7EFFC
J=$2E4C02D90BC4A39638E7C40431AFF45274AFEAE14C248B787562C1BB51CB8A783E2F43F396EA2F38C935265A4D109B80CBDAE22B72031B7D8705E381F66EBC8FE8F84BE64AF95F2D264C680074BC42EC2D438F7E026388FF59C1E8BA97F26A3C4080411AB7E8A5C43865ECB3BD4C174380FDB16C9BBDD53BF165A61B8B9ACC3FE080C0753320A73A325F9696678D3A6A200751792F57E1B914FC54CB270BF3AFC1D1FC62334AE4E0440BD2AF4105D24132F8D211F50ECC70069A517B6BE6242B185E34A675C2D694BFE1F870
T=0

[56]
S=$7538B1CA074BC
W=-$4271B8FF3D60252594E1F7120F1B2A16AC5E178CC6ADDF2466304476A547573A80FB881336A2955B6BF3F6C64E38C7A7DCB50F269C69BB40C7B4E5669931464E3A7C4B30920A18E67097764F163D74E889694D5D13D583F3E2D716E99891E16D97FEA253A
J=-$7C7EE7C4E0AD7521D4000809D55D2EAC4096C259DF3C4BE22EBF8899B9B9DC22836805A8AF3E18CCCB88ABBD79CC72E4FA8FCBACECEB66B47B7BBC2CC58ECD06CCE1C37B717D01411B8927C3F79A3B59D2A9E65D3291CC364D1747FA8BB7458EF6BD0E7631DB6D5EA49103B377542F2B554D19C997C1C2B010B34B0C18280B8341BA1A49BEBBF502E2BE16B771DD697293080535AF03616321695E599415DE03EEE06EE188F9E66DB64CEC17739B4D12662F9363F6C95A17363BB47F1CA8F6A1B7E5EB38EEE8BE89C
T=0

[57]
S=$727CB53
W=-$1C5DADA8BB221509D9CC8A1E3AA7F778ECF3DA39EF6FB520852564729F003E85D5942755164744D55D307D7C6E578629EA39EBA8D1FAAD577F8429885EB7CC412462A45FBE153C49BE0F44CBE220F8CFA6F66C1DC385261550FA766B7BC9118EA63
A=-$98
B=$2D2
T=0

[58]
S=$BDCED4
W=$23CE9CA768649E1766D43BAF9B3D7F83F12039EDEAFAE4CD762B059EC64932D0F04FF763FA35FCFEF1DDDDE7A83CEF2AB3A5627FE38145EAFF81314B7600D6E8EA6F871D55E6128C7029342B9EE2D06ADC046A7B59E198114AC016C365AAAC2
J=-$5EF9DFC5E1E1E66AA9E010B94F6F6221B1158D0F79D4693CC06FEB992CAF95A9CDC151BAEE74E7813C7DF1C4F6C997F6DE412BF58565A148BFC4770DB683E824CDA48F2F15BC2B304E90FA02708E4DA73C5194361644B047FBA0B3567523466593DDB69947B74EDE0A82EB3C352DFA74791EE88207D240D449EC0EB252A2EF4528F694C59BB8BA001C39E72260EE376EB4A046AE889EC7F2BB6AAEBDB4DC9A9BF2D93A5418AB208C067EC32609404F9FB06A816BD86A009756D036B319846A
T=$4

[59]
S=$C28293D5A1C
W=-$17FBDEEDA00BEDB3360B6058E38ABFDA92E7A5C50FD43F00928AD8338A07E01AAC164A4F5F82DE5D0607475A4AD79FD0D3A6CB6E59604CDA286CE3763CE90B1D42E971DC18524B5F7284641AFB91016EB75A19AE479D0D22FC20FF0FC3802
J=$A53B58AE172EC8CD2805507FC7D23738A7AAFDEB6231253C0CF3081737E36C0AE5B1D9F37AB54C4014C853E748EF91C18A9D17EC0B9D20D8384D24C688B1AA5AF22BC857D99119DBF9979B986BB0A3493DA8405F44DD68B43EB0A91CB4DD4DCA59A6C4671AC9919492677CE8DFF27D7F23C3CB15C264DCE30061D8350B93DB6E8B407BEA868A3B7C452BBE5BF17043797D19425F301B791DE30B6BA4A9C2C847CAC88E8152F6D0BAFCD8F64F0EB889993E71D00C94BE795AE7E20868
T=$3

[60]
S=$F4
W=$F1640BE19A152BB73A7F199C2F3E1064D445A6100C0AE213910FAA0518359C7DC45BD2B02D0A4635AF195A4F3D1511EB9200839D6E921FA4BE9AE5AFDFE677F9F1961C28BB499B94A803DA6656CF6D98225787E6FE067C1A86A9A
J=$77D3207C3F4719A41A7035F186F2207839D9D13FFEDADF88604134E4787EEE530596523134BE7C8EC3AC23BF68035C73B6535EA9867ABFF07D8D4129F09EAE847677832C2C2C33F582B0E7FD55005F3EED14F18771F8546FD6213DACC219D69F5CFD53DA7AC94C88DCDDD58AD5734E23024707D6ED4C33B2224C332970FA17B434DA2930DA0D3D90F664DA63A063394E69430AB256FAC4297C70E6799A91B69E29BEC88A2511501EA87B1638E25D4A5F2ACB1ED66A5D
T=$1

[61]
S=$312892
W=-$8717F505DAD2D0A58DB1CFD30E56C90B6770611AC9167F371972E0EC5014EBE9EAB8B9ED1A3FC07E2A17AC18E0744906E9C05CACCB2CC0401124E314E346DE85E45B21D688C13ED095614ADA78B4EDBC495FB8A4F7C2388957368A
J=-$F749090773B2E6CBFB38E02FE173E228DBF455FF2A394F0F3BAE3AED8BED614E76D46844560EE99BE316AE53D228D185C5951435175F14F0955AA8069BB57065D45AD00153EA4F521B776E4E42F15D32E171E14D7CD01A4615ED48CAA7FF280C478EFC6D5DB8BF57759710074879F4950D6B1A8DE633D8B65DAE77B97C911CF369FAA6807346AA31765540EBE52CCC8E440AFB638173026F0CCB4EEBAF4061D221315FF847F262486E34F8369CB44A23A6089E830CC
T=$1

[62]
S=$D97AA91
W=$4584B2B005B8A92CDA82F864D43E2FE2FF72261E74FDA04DA396B717093D1ECA4A3E2B4C6CCCA3DDA39C0A28E40E6EA148E27FAA617792D2441593F9726FD3E6E77C7D5E60E167857B730AA572D9D0052D9FE2407388967D573
J=$E63D72E515952225A69B06D5D86F91EE0B4EADF16729683676661E0963D010E79150B59CA8E561E5E75A84E7BA99007950A531D9B510B4A1CC76DC0ABE67F71307E6D4C64CFCCDDA9FF2B6EFE42068A939426029FE4C828B01C1B0458F57CAE7CCC59BEC2810784A8C3E1CC3229952B133616BE234A20F5CDBCA7A746A1CA719C94929CD3BA4CFF3B43C241D004670CB0089A2ECD567122E8249C57A3D941B674EA945104DB1CAAD1FE0CC91B3D929523F458
T=0

[63]
S=$5556E4
W=$417F1C5E48F8293B749F62AED2330F373FF739924ED6815345AB99750DB0E30B844032EFEAAE9EF6CC6C77DFC21DD79A7A786E43315AB8102E48A3DB8A2CE99CF14820C7AA6E2DAE62A250D89750E3A10017935E94D1D61E
J=-$2D8C14AB621647BD68C8D981EA7A2F40B6E2A8FB9C84D73417067C771635EED5C567D94360677156BED9C5EC109E9CD94EC84C0B02CE08B07C9AC53B0A56D862EC635A43923E5C111EE38B71666768AEEFF712563F94AE921B9A6D200C226C6493CA4D199B704A973D73D6937FFD611CD378C6AC17FF9430C043214C8D03853446997D6570C34618E5376BA77881C8403C65AE3C03F75460D8DDF6E95CE5E5DDCA3F29CA87F57ED7F0D52B353A467A1
T=$1

[64]
S=$F00EDF0CF0
W=$390695371B549FDB21344E0A53655E28167E5415844A0237B1ABD9C1F2412760452D6D3DBAB82406320657933DC6FD803F64C68EB6F50008083D959DE84CDCDEBD0C4F5EBFDB5A3F8FC370610B4BCC5B0C5FF486C6592
J=$77944E85C037D85AC4053FD9B27757F1AECF50F531925AE21EBFAA3F8C67BB6083D617BF8B15BAA4095A83CA2FAB754B0DECC503E514BE2245AB195E795A663A67C69D9B3F79E1833F4ECF60CE6CD5961CCB87D6EFE4FF00C0E4CB044B22295866ED4F1BB1DEF1EB4A831F53C5DDC79EC530C2A44ACD977784FC2EC904F4C080BCF12B8F4C36EB1AEC445468F3B46503FEB7261C4ED01437E91261369AA6094A375118AA50CD8C877F11FA16C
T=0

[65]
S=$355A2D
W=-$4CF19CB10E7709A526520499E33F40B15D72958E29DF1D5F61487159CA4CCA45F9430B28289828989644EA367ED186A3D58B202F3F498CA13CB6223FD237F77C88F1E52DAF54EDAC58C01461DA88F7EC8B81C627
J=$E632D093126E7893B7CD8E57F94BF2DBA34C0617BA42D22F9F196DA776E18DD1D0D6B1A95D3D4E993EE9068C5692AB6E49C4BA809D8045877D596DD9E831550FC7763DB9EBA37E25909157D7904DA7D22CBA1ABCBDB737BDF87FA1EF6DE6BF3F4F5B86DD09407013EB47F95E7ADDDA43C9C8CC0B2B836BE6552B5E2A4F19BBDAB195E2F25E59AA93259924B83FCE0422040E03144DB77FAF1742CEB248DA7F40C1E3616B3B4C419
T=$1

[66]
S=$36E08E
W=$107AFC12268B63ABBE9661AE755F73AD08288AB3D54033EB11190FDE62265207B46841D7641C3B1B634ED89C65548CA25E1D3734E2AC79A5D3CB9D6B69AEE4EB4B93FECED8BEBD09EF31DF43A51CD70E77151A
J=-$637A723F5E0C63F91966CA7816BA6CA1C4AF4260CBABDEECF4D62595E266293D1E36F7F67047AB2CFD17ADEB3B1BBFF59F05025860B2C3480053ED2A2E6323BB00C515DC6C01B1A41F2790C98DF6F176E654C886499DBE9DEEFD72A9668ADA4D65CD1E371B0CABCAC7A9C78CA94C2EC2CFCBF63DD7EBAFB6C78BFDC03708F6B94BFCB592A6693450B42D4D9D2324FB38FB754DCC4D3EB6FF5284BC6A6F8FCDB8B81013F4F0
T=$1

[67]
S=$12C8035CB5C
W=-$23EADA7FFD8628AE8D4927E7D8781CE82B28BD14B67FE510C6A78FE3E8107F9974545311685E6B176D8064A13F8E152BD1ED68A7ADE190932975AACFB786B8F74C99F810DD6B3F6685143418E8D8D037B70
J=$110005B19F42DEBC88499BBBE8919ADFC549198D47EFBFB3C4D4CB20E9FB27993DBAA237A4B51628FAD70E95E1B1786138B0043EA05D918ECFB97AD48FDF93AD04E90921A2C137B220BF2C1B4720235A7F81C1A36AEBCC3D6046125D444E0CEAAEA2B16451D26233DAB090ED06F1373DB07B1796F0412CE0F8B7F07E3E5381C0CBC5C99C65973873AF1DE4E162FE679CC93ED00F69DDEF24FD12B00456E9260DB32A1
T=0

[68]
S=$AC06CE
W=-$FC0520C6F47D051E1E2240DED9FC7088E808B5263AAED7A7FC8467EAE2B71D2C8EB435C3C29806D31B77A62105D3F7D4876AF7D90FADB5F9BE1ECBCB53A9A809AF64DCCA1957E2A01EA711841EFF8
J=$101BAE7ED9DA0ED8A6F9A86E65C05C779720AE9C87F2F8F6CE476606820A61396D1C9CFE82C8AFABCBE96DBB01226EB933512FF23CD6B89302EA5E8D577EE1590BFC89FE4B33959E640D95FFA67A8F62EAF34DE119BC94681D2EA75E316538712585A584DE0CBB8E2A67E6056F386F2A6403F2F79FEA93902209A99603FE8C9F74AFFEE63FDFA6B2962F11E4C60E4EDD1A0A1C615EAB311B19EEE807C5
T=$6

[69]
S=$4C046C
W=$38D94AA466D38E25D396193EAE65A334D87A9E6548CC80E51682C1892486273BFB09B41858A6280AD668DB629E771E90B3A18B0BD36DEAC1D8BEE16F828EAE63F08BBA7CAB29BB2EA2BD538FC36
J=$E0A38D124B08D3503A459BEF460384FD8473D5CB08E9F2D22B6CC2B6D518EA4C4EFA97A1DFFFDE1FA8B7AA76A92859B2D6F32C75D4B9424BCC49D10FB364137FA6B250319C505ECC92B2031DD294624F6215EA32D21AF6993BC8248E3896D02F9E77441E7D604B7B43D6682299463EA738567F586303CF0B3E32EA8C907064A19BABE698B9801B8E03F9644B4C970E8B0B5A9CB7AB1F256A2443
T=0

[70]
S=$EC6AB
W=-$820B47DF2ECDA5BBCE62B3AD89EA72935172F653279C6184C11E2F96438D77A20F15C9C3A8266A8D09368F637B7983880F813A736C4069BE5EE3958422CA977B0D4D6D3C99EBA58D82F68E75
J=$4DDFDB7D54F5E9BBDA1C95472EAFFBE09FACFAECF101CDF89A21DB81DBC92D772DB702A3A19F67085B4B8385E39B7A81233B3EE1ACFE5FFA7130A1CC9C36F27EE2E717A1BCFD4FBDB170916ABF580161CAF23627EC6B99BC1D1C3BB6A2107C1805B77BD004CC8D6599146101491503886311C8653F0A508A8B0683C201E832B0DAEF3EDFA778B4022AFBB41C9FED3B6DF73BA9763002295
T=$5

[71]
S=$44D7C1
W=$14410919D996B844C18E40DE5B2C0FC89E26A39877F07EB2732114E920FADDCBB94B1C547CFEE3C47035325276D6004B0DD0750C4CBEAE4B073297E492C6355FC13C1A307BD71AD8335921
J=$4F2D70833B5043659F2BE56C632D0DEFF32624DF1C68294B96E5CC7F61D5C2FF206B07893C6F0FED8BBCBB1F6F91382282645F6A0603DB866CAF6D9F944EE5A84ACEF4360BC7CC093E5AD9731BA28ED0E8F3019CE9D19B84A76745F3DC2F25D630B77D9ECDE93D0880304EE67A45C10D043BBCD793B312B8E144C464E04A5C29CFC7218D98763B3323D1AB38547AA9D4312D4AA113
T=$1

[72]
S=$A911FCC
W=$2916CA55C4A49D3953EADCB0BAEE1969397089E076F43A209C48551F437F489E65F7A2C8DDF010E66575EB279C47C1903CB1708AFB95EB2387CC6A184797CAA68CCBD19FD2CCBE43980
J=-$E1B65A16BB2DC0E0D8BC32DBDC9FDE8706E7EAF2F9D269924EAACBE446D08CE0111042F58461826B2A1DBB0930A4E4808EC4374871746CFD2B587EA1741EA843C291721DF7A0E90AE20589DABEBDA0D21963D16EDD29DCCFA8865CA7649CE1914CA09F6B9C5D85A8BD13F564C3AF9A60CE9F95AA79C8204F36042A1F81FC2E5C69FBA2970CDC226214A1FB148C2F07C039BD
T=$1

[73]
S=$5007E
W=$11F78888B9A1C4209998182B586BCF31B0DE4A3B46211E5FE3E066845694C649AE2CDB345D8B2AA2BD197EB679750F529BA659F5FF057EF3E803632E5BE69F10439885D3E2DE9E5E
J=$32A2F47751D3C5D0D8244FFBD2D5211BB50F3AAD76E7E7426D7CDF1BCD8AF7794FC423CFC6E7D36EF65E72F116B75A165E10ACC0D2330757BFC03F905A6C1EAF1398F439DA6E90D4F7084C4CB71E0EA5624453A7AA6938860032993D9D19CB9241B17E0C45BE1ED381F9633E9D469D5D08A43FF4FCA2F792275678F33509D7466DF5B0C57DF23766361E77D33D6CD
T=0

[74]
S=$78F99
W=-$8C8D81874A3C4706E6F53A389891A1CA49CEDF3261C913916078E50AAE2CA359203A3571AF257699446D8AE2F5D3555F9B3C3F7B9925510C0A040724A4523C11B8D5808F373B5
J=-$D83357FFB392380F4D356741C02A7840869CEBD45A18C0E2DDEF84282D8260EB220AA3C3E1707EC7A68612188FDAF3BD2433C183E5363F068B3D712D6BCBDE37519A60A8FEA2D25DEED478D1011550ED363086FF5A2701EAF06B0C010EA01FFDE1A08E2485DAB64023FFE567F8F9EB625CDA3E3CE1E52DD68A3A34EA263662E56BE432D3731C78DE73A2CF1D
T=0

[75]
S=$1DCA6F0
W=$2509A338B6F3D3761122268E62F16ED7B1EB7E9C4D326975B6D98DA40CA69701944A3BDA9EA4A72CE3EEADA94C271F9ECA6BF78688E241076841FF19EE5D46EE92CE4769E2A
J=$CC330E7CDFD8382097639396A174242BCAF77258439D0CF0A194CBA89F96CA79137DDB4EC6F9F8C4DCA4610395EC35B849108F412419B99F6DFFECE84D52EBADFF5617EDC70FC984D1E58EC0381DE06083C24D2281418996B966963B4137EE496AF777436C87A9485BB294269C52F37A0C9280E27DB95600DAF9B64417C869EF0C61C6510E6813ED18B5
T=0

[76]
S=$1682882
W=$238EF8D4419C1192FC400204DA085DC2371A478016A9B9777FE3870B7261928D08A465E7017E17B070588F055C0C2D4C5FF0FBAE8CB927475DFE5C7D38D2710F82E13596
J=-$82B4E282D97D538E263214391BC873AD35C83F9FDAEF1A8AC047D9719CF3C92A7EDBE1BF511839921D5E58590AA1BDBF1AF95BCFA87491A3D223D7120B94B355FC0A48A79C8CE63B51045AF55B9EF71816BAC52CD0FFD05503C23382BF0DDA3B912282F5FD4E996CFF1BF6587DEDF9DCC24A250690DA2DEC0D64D3C9968C0EC0FFA09126FFA37D
T=$4

[77]
S=$27209C1FC
W=$707E5AC4037F903983031C5BA3B3E4C5418B3D17DC6CFFCACBAD04614EB7DC952FDE86C17DBD4B11F63A6C6B7C3E3A894A743BCFE08580DDBF489527E3BB3E55FAEA
J=$27F29EA05DAF20C83172B47B23F02524C6682F7B88EF71F72BD7E953D33F1B8665F42677FD061E37DE98E000040DAC62CD7EA81DDDA22068F48B8483BFC168F30D1537E26376B1FEA57A7F0FD2199A9352FFF140C27C67F044942A7C0AF7C6CE93F50D65E3F8E892E7D6615502D07ACF17A9C3CE694667CC9E4FD9E9F989042610E8CA97
T=$3

[78]
S=$14D0378E
W=-$149C27F6F0575C0888DF3B6FE203101C18D9C1048D56CA02B4AF88303B9137E7941A714CAC3FABA91F3F0AB9B6D9A8724615D6950D65EEDC1C2A98FABEF1A85A0
J=$12C6CCE817B18845D8B4F228814498E8CB51085428E35DB5998C21B082488DC16C233BD0D69BB9659501B483C6E285537EEFAC7A4E0FA7787C432143B4B05336E84DCEE7586D859A20707EFBFBB0B64BA5CB2D3C9D7B5F324D0F19BE4B220F67EB9C3EF16876A93A0709E9B73744047FDF744F5496367864B543EE2280809D30
T=$1

[79]
S=$1193F5
W=$2AEFB410A0A7834817DE3D2916B016AB74896A6A3658A38FF8A2C07EA087D79565F1B5ADE2659C28F702216DCA1F38CCE7779920A18ABDF3495CD1C088353
J=-$8E751CEC48305946680EC5D981ACF62632EECF2CC8970D9FBC7416AAA837A76C45FBD42F3FB133167450ADB60A13AC5E7C255BD412C71CC220C5948C2042493BDB106486C18F5027CF68AF6118A98232AF6102478D0D5CD5DDFE341D2223B0EDA9F1E5BE5FAA2F44F99FF19BDBE2782C22F48EFBF6678FAB06816CF
T=0

[80]
S=$3FA6C
W=-$C07B28BAA4DE39CD42758C8265941B21C08BE74DBD0BC9CC8DEBEA6F37A6A3B9372A65B0A9A722CD6C341248885A23AA7419CE20D679CC4BCEFBC534B4
A=-$98
B=$2D2
T=0

[81]
S=$86642
W=$5427BEBDADEC6A011D2242450CC1408056E35082406D1A4F24609DEB06F2049032AB7743B39429DBE460169BAA3C52BE6D4F568A5131A94949C4749C
J=-$7FD8ABE5638EC88647FDB98F0D37D47A094B0C9AE50EC6F9F311EEDAEDF6AA14EAA27E1ADCB2C38866C4DA74821FEAE9528A0CD3F752F4DF54CD973378CDFE021661E708ED8E38B337EFAA43E234F6123B51C440974EE70468FF6C3A34333AB9D3599CA5CE961C3B4F792EFE6532D5FD969D4662349EFEA
T=0

[82]
S=$88BBAE
W=-$175FCB090ECA2F6033CE976F6B0A8B00B28DC24E61855CA357D80E8AA594ACC3566B8131780432BF648B76417AD47CA4381F5A453BF72388B4C2A6
J=$E36939D7CEEB6E5D8E850CA78B31DB1A5DC7D052A3E4E48AA82B767D82BF142019CA29BAD148072279370F1A73A93BB4CAEB89205AA5ED07044520FADE72ED7F35EC95C075046F0292198EC6E25A883863ED40D6D5F3D18972A412A62FAF59DA5DFB6CEF8FC63C7FB4BD5FFC97F164D7180BAEC70D
T=0

[83]
S=$CC315
W=$3F264814CA0EF9F1ECE8F9C0A8EEC8B12DEAC2DAA85BC1939BD030E2425988B2FE8F26B9689FF202D6D2D74C490C19023C9F2D65C0AA41B2C39
J=-$6E453D634EF7C6F3E3F1DABFCB407A568C96FD553BF0F2816413C187A8470533954A828326066D7670F21705A027D70CBB2EA55E78398A07C328E29E4DEDFD3F761E46154C7BD42601E121E5A73428D4E7E9FF89132F04DDCE0762BDDB56BCD5981608F2EA54AF5CF58540114CA72235912D
T=0

[84]
S=$790A98
W=$4218F62705148B9A9CADF49E0E768BA7DB21CFBE63914CA84DFBAEB52CECE025C00AF0BE405F844AC6B4847AAEBEBAC346DB64232AB48672
J=-$1529E062EF502FB63D0C0D8311E249E49047245800DFF1BD248FBB588EFDFC514526D50C64CD5642529B576ACD7408D6B84F86AEE224A17EE1B33AB9FC4EDFD49081D3C1727B1B33CBB06579057DE72A9743938C653284F9D527A141D367496C21013C827A8826301F1464C478674EEC
T=$1

[85]
S=$622
W=$9A630F4C3B63C069F2555D9D60BFB525C20B3EE9FB9560E0ED8EE668C8FC913A36340A706DF1A7967E15B81B7529621885B6A72A75ECA
J=$56341B9E4F5FDD77CFF460CB12007BF4FC662120CFA19D3FFEE79E95E3CDBD40D0B66C11E76D01554D66A71F09D78986EEA6867AEE71B0D3A4F3F29639E43AE1153D82DFD76CB83B0E2AF8412F717A1D2863B9766E5009A45C99F342948F7F94E0AD3B5A59E0D245F688B974ED
T=0

[86]
S=$30D7AA5
W=-$3002F1BCFDC2063A7DD2C2D078D42B56C195F240B85E0FD1D8A18502F624904E8E048609ED78AA3894949239CFACDAF697F08AF13FB1
J=$4D80E3E2BF13393ED7E8A30D95C9F214016F24811625374362AA33E53B5963AA02F51C1749214BDCA7BAE38FB2067F8239FD6E10FE6BAB2DF53E408CB16624EB225E632A71B29995D4E7D368E05A316151CD2142719B90809A6DA153DF3BA280E667A8A3C45A1D85B434D03
T=0

[87]
S=$51A0B7AB0
W=$3A41D842B0445CA18930E84FA857C2F8C0305D0F0B24F2B4B8F9DBBAC167DB3BE50E7CF090D13BE92D067D5BD138F839EAD2E6A
J=-$149E23DCDF0C1FA0E73D345620C28945096E04592C66CA208A3E6337B58791D9B0191AC2F791FEC01E7209C640A58361EDB1AF3363F3546718CB5E3B90CEB5641F9B3AFF7BB240F05A957F9E25F67794A8E43F1DAC204CD5963EA1467E28B035496E6F0FBC1DE9E00
T=$5

[88]
S=$2C473F5
W=$2B081AEC52EB2420D7842825855ACD79C3A110E67539FAB9575E7E457613E25A68F21DC552A96900927B07D14E5927D4AAFCB
J=$D4C0E16F426B193E54F7ED6342C30F1CB70C5E4D2D54FCE272CDD185B8B4C29D7EC3C4F93DA08AF80B911149A57CAB75B5FCCA756521E74A407F9A7C7ACEE92A87A17BF0FEE0413BB35CD9B2FD398B6190900D738C375A898C5C13DD9936607A1F626A8A
T=$3

[89]
S=$280D2
W=$1A3AD25B3AB2793F17328D818AD653E4768CA8BB68F7B1DAE69F05BAE1D004579116B2BF20F4BA0F0A8EB2C2CF83FF76FC
A=-$560045B43AA57628DC86479B630BA0DAB7CAA068A5527CDF73F0962B6D8797ABFE32B836F79B692930081C6A22C1490B83E72D648D5EDE333C4963C8FBB5DA18BDCFF1864182F94B9640610A612324C447F536E1214588DAEF54EE31AD3CFB8226
B=0
T=$2

[90]
S=$F246C
W=-$194D908CB224D4C8FD5AE271FE8B4A435669764C863096FB0E2A4CC03D21CF9F6B6D1E91E7D932C0FADA034811727BA
J=$CF7473F6C5AF09B07A2F41A4B8B75EA0CAB8840B06D97483A6E93A7DB8B5503CE2DD0094B24FF54155F36CEC2701830DC4B455134E6B32BD92E77CB672753EABC490AFC2BE4384308628872FCFBEA2D4E6546D0B7687B27EF578C9CBE0E4F
T=0

[91]
S=$339573C4
W=-$10B8259A8D0CCEC5AFF32DE314B3809C2DD19C8D7ADBA93A84882EDD92A252B4A35485C8CD230EC140741637B35F6
J=-$17C06AE5F4772941E8F72C7CF1039E87A138ECB71A15AB5724593F944759E35A0CF52FFB69AF655D31404FDDF924CFA275B2982FA660F603E3A323F4FFEC0760B60E031F9F5A6189C6B48AAC8CEC2FFB842EFBE5180F8B246A87D74F5
T=$1

[92]
S=$88448
W=-$1B1CA137E23F53E47A5F1C3FE248A653D814C9244D176C8E1409C9ED5376AFE972B79E30C73E54F7C3D66619E
J=-$30DB08BD899629A67E952D2F97186BFDF6295B5B8C7633F9459AB3A62DCB2971AC398EB0B99208112BDF4B005D6B79A9A60DE075BEE171C3F32543818E1301703F66A9975056C3ADAFF661D873B09D051E0C65C3E53A85CBC
T=0

[93]
S=$1405B62
W=$8D252B3B49DE154673004D8AA90F4881F1B678CE4E6E194CC73D1853E46BE68C2F4113FCE2E507376CAF98
J=$119A23D9C3D2BB7023615AE17B65FBD887269AD2FAA960836BC3193F95263748A47ADA8F29D11318DAAAB4199B684C506CA94875DEB06F0069B643B7FACC0104CFED177E1B3EF81DBEF239BB78916FD59B266171A5740
T=0

[94]
S=$3AB10
W=$2E82AD5323DF49B895982CFEDB0D2897D3EFB0C6C7C551FA94C966D07DC6BD9B23D0730695F506F7F744
J=-$6A07D95206AA6780CF82060643DD5E568ECF307201D41FECC969971F30E64F6544FC75FA830E143BE6C3A2167F8532D140C93C08D5D9A0DD7FBA64B182809D2DCF323DF01A51293C907CA5044DA33654AD2E52
T=$4

[95]
S=$1ABC814D0
W=-$138AB48C4727F66C53654C6557BF1EDBD67132524FE138DFEAD1C7C5E8E16441AEE841071131B5956E
A=-$108
B=$69E
T=$1

[96]
S=$2F03D
W=$771793A235E5B35D5CD11F3AFD6B37B30C09D69BFB202BECC45A049251B2FA013F453B9A144CD
J=-$257EFF3A76478405B1D1F417D64FB3E762C464A0EDFB4ECC743F6DC05E7BC8118FE140ED93226865512198703EB8868A94FE44A2650B2A374A7021482530FB3047D416142E301C50B075609F18
T=$1

[97]
S=$177809F
W=-$84BD802C4C8557E69F6C6A3F0C5C8DA71D9D892BAAA98831C0288EED0548F313B141FCCE60B
J=$E5FECB075B6855823BF021FE73CB65DE0147C31DFB2E0C8254C7A0A27D774859CAE2024EDE1B71904CF849995437F9BE74F6503F279197B54ABED7088EBCC0A375B30C8E0761784101FA8
T=$4

[98]
S=$56040
W=-$3FFE497F4797F3D17FA6BD7DB5FB426EE6E5ACFBCC54A7565CC6980335071C3A9E66E346
A=-$108
B=$69E
T=$1

[99]
S=$1B7A34
W=$14161FFF75B819106A6C73811ABFC11A71EEFDB85ABECBF9CF06611312FBA179F2BC96
J=-$49C55155A13ACDFDE539E1117973AFAEC4D2E50DC6321FF18DFEDEE39BD29918D95F8C409426EF4869D27B29F05A9E898353D749DD528A1DB9C8E5EE0FC7B47069A075DD3
T=0

[100]
S=$2
Q=$1A

[101]
S=$8514F63
W=-$4CA043F3B08FB9E4FF9CA3EB91E269116611E2B3D5F7E6E03C35C72DFD0E84BC211
J=$36D27A7D0D58A62B885A6D99EFEFD09C5363F247E629BCA235793546D30DC9FDFF57027C35DA1D9541471C46F4E47BAEC7227B1D72554C396013B4848BFA26F0C6D53
T=0

[102]
S=$E2C80
W=$1089287B87132BDA8E116AC6D5F5E208FA8D26B2DDB73E4333FDFE3F9B0F08A2
A=-$1E
B=$38
T=$1

[103]
S=$C66CA
B=$2

[104]
S=$1AA70C5
W=-$23117763F8785CCC01FF9401E3ADEE6B1F810FEF12F6D8B952A417DFA6B
J=-$C01F149EB130B2ADF555A7E4F5B3EB5493ABD64DF0F65429087F21F308C791F79DC20B7A27311DEAD3E38F473970E5E0674B6308285DF23948F9
T=$4

[105]
S=$28214
W=-$2337827D3E6E0991AF897B529D5AF07CD68194B81276F2D38FC3E3CA
J=$DB569E890A47D8C0CA268A053E5A4261460A95E9C946BF365A842DC26B757C636165B0D35F3B539DD85FEE13C88D128ABD3836385730C5
T=$2

[106]
S=$161ABB00A
W=-$19C4FAA1A76E83CFF65774DA68066799B3A66722A15B9AA791767C
A=$2
B=0
T=$1

[107]
S=$189E16B8
W=$11BF10AAC02C7F8ADE84BF046675B4B1F8ABF6E84FA3228B12
J=$19CB22A665A3B29DCF79FE7EDD86E0DCC7C986712C90658BBB799BC0DFC161F16AB3811F43A9B70E3F6059BBAE62BA1D01
T=0

[108]
S=$170405
W=$400F4A1F54888FB2184958D95B188CFC647A346F987DB9
A=-$98
B=$2D2
T=0

[109]
S=$3B3DB
W=-$F0BFD79A2FA9C44DDF8A844EC4A43831DEA39A5667D
J=-$1A0AD51B1ED882CDAEF149E5947089341A4BA418EB2CC452D0C6E23E4B2C19F510AA1D7E6C40AD11E7B270
T=0

[110]
S=$1C1E2430
W=-$7B555CA7B1D12728F73F54CAE88F17CB23940D4D0
J=$25186BE7F540DFC67F69CC434F5F566DCDDDBA2361F09A29F9EA0C3612796852A989F3B41D24C22E4
T=$1

[111]
S=$F76C0
W=$AE6F0E6B60AC1FDE282DE8FC3AE9BD494BBDA
J=-$24A7FF25D3091C1458C2246449905BFC8B6D6621BC6737695506E05DC311BE01E707D53533
T=0

[112]
S=$2228A87
W=-$63D9A21378F2C46558D387280B3CCBEC7C5
J=$4E3122275201B1DB65CFEB56F90B21496BCFB377A0B2B5B3A3A8748F6478E73FE6E65
T=0

[113]
S=$1F424
W=-$425C2B992F9883645259340B5F1E6A06
A=$1
B=0
T=$3

[114]
S=$14536E
Q=$3

[115]
S=$365CD
W=$857DFCF1AF5374F1BC2D3FA2B8D
A=0
B=$10
T=$4

[116]
S=$FC283A
Q=$6

[117]
S=$28
Q=$3

[118]
S=$122DF0
W=$58381D82353345957C4A8
J=-$1529CB0D685596C969F5019B7764B7C1746F8E27EF
T=$2

[119]
S=$CF92C
Q=$2

[120]
S=$3BF8CA4
W=$FBD72CE64481DC0C
A=0
B=$5
T=$3

[121]
S=$1FEA6E
B=$2

[122]
S=$166CC
Q=$5

[Signature]
1=$3059FDD7CA9AE3632CB702257B68F5004685A9CDEFC428BE
2=$B022DC5AB24C7C1C59DEAEF99D80A5B64DDFD51AC5F5D04E

