[PRIMO - Primality Certificate]
Version=4.3.3 - LX64
WebSite=https://www.ellipsa.eu/
Format=4
ID=B497703821324
Created=Mar-28-2026 04:28:54 PM
TestCount=117
Status=Candidate certified prime

[Comments]
Put here any comment...

[Running Times (Wall-Clock)]
1stPhase=47.97s
2ndPhase=6.33s
Total=54.30s

[Running Times (Processes)]
1stPhase=303s
2ndPhase=55.50s
Total=359s

[Candidate]
File=/home/lappie/Primo_Batch_Farm/Titan_Group4_Prime1.in
Expression=(4797791281527982559536)^47-(4797791281527982559536-1)^47
N=$616BE0CA8C88109D7362B6BC3CCCCEF4D1942D3E8C1EFA8104E73EC382F2C32EAF5CFF269E517985C1C548975056351FBC97BACE053CFB36E5765EF940A1A332FB987044A45F2280750E97A58786F622B4CF8A8917AD49D10802C9C153A0A1E95E80A83CFCA88C0B5C9CA5CAD56E4CDEDE13A0F553DFACAE8C7D301205FB62775DFB98E7AE431EFC5FF315901D19D8D62C58FD23298C4AE04017F6BF89F14E88DE5FE62FCB20A7CE3C03C9887CFD5F7C4D3BEEF31F641E92854124C23AD8E6F27101B385D21D4748746180A1E3181F0E0589BE684FD0B1358DA5C4A2F0FD5E0AD91DBB821BDA43C945CD38C2E7F6093B0CA732764B12965A015C750B3D0ECA9CB20A6F2CF5D92976ADDC411888449152F0CE63DF938D82CFAF951721E9CD9D929AB205363D40548C2FD532FC437C0C7131BCAC7D26DDF529C9FBBEDEC27378B9D9DE889C74B7B1DA46E0BCBA87B8C508568F6319A00D6087DA3F1B8AE944136C15ECD4803E35595A0A59E707259003899DD91F077EEA34AD1A4C02C272394FFB426E534AF0D7CDD4F87DBDB3908F498914394314B0CC2E6D45060103DAE931
HexadecimalSize=830
DecimalSize=1000
BinarySize=3319

[1]
S=$A0C2C
W=-$12D8369744E986019D343E97C2608552E0528F14986B43ED90F1ECF4E739C15A385B3A2FB741FF549C5764309C0AF64970B193F1B2DC79838A9D5B4663F4561ECA26F635A7AD959049E8A3F6585CA622D51D990C420F8BBB144D7686177FE89B453D5F2C469A68BCDB135C1357DD15B592565B3662719160C4544440C12DC964C083A0F82CA4A622A7B5BFFD73E19294CD4862186D76438AD5D70A5C91068AAA623DB561CA2E4375497DA9F2C148BBD7C297B29C73FDEA2B4AE02A7BE6EBB075354DDAB588D5C4FFD1ED5C4AEC93D0F2
J=$45A3EE1F699BFA7AD4D591C25FEAE0B2E3156AD1721B6B10C2241E59BFF437E566081A70F0796F0EE2AE7A967D76E314F1D8194F61EF29D3652A0CB4AB388390E8D4D3C8106B3213D66EA71079DBA57223170747D40FE6EA817CE469CCA3C87A83C3211DA38F4A4C018DC9B94371B1A90E7D8F9427C2DB3ADA8E399CB76223E9F668F850927E01036DF6B63EF3305A86665EFADA0CEFBE7AEAE1B8BCE2ADD1CB3EADF5F7D4327BC6B1ED3EB88F0393E7F000FF3AD66364F602DCFD17FB3B2175798A6810C2076702B687D05F434D3D1C64F44F4E01481CB1144269C5E6D23359FC33343E1E329C9A9E2C935D8612D6B3634418711BFB7BCE93819C815D6B7D64F41BE3727C761492A3188F9AE15DFD72FEC7CCB1A381698C4AC86D907720944826A2C9ED05550283D6CC546C95C2982BE74B24B1BB42FA26EF652110EF2767ED25443A2964D7CC7A94D930A5E04A80BDE308F7C6C5F789A269C9486EB63A766433D83328A08E1432E5881A2119CFF12E641916547841297D07A3E5D74A0F33CF3DC5A3173E575D5F8C71540B0907CD5F0389F4D377266C3F859767EDF18C3
T=$3

[2]
S=$37D9CF0
W=-$52C35F846B6881C6349EB15863CA050D92EC8F3CAA4233A327F97260374E306D681A9A3F87AC77A4698E6DDD4B4998F4C987B24318A1EFDCD88D8CC60B3A7553D9BE6BAAAA9820F4A62DC83A46EF312E23EEA1CE340E9F3ED0847EE0E00F18D5E9BF4E6B65D6617CAAA2138E27ABF7CCAEB22E80336D95E1AA370AF53CD2AB5F8C985FC1F155DB7028C873C6683B0867EACC493E3A6C147ED5198B545195804F7AE9810C18C0D1618E9B88389854B4E64CD393F23E11A980F0413152BE3F3153978E62F6E1F0706EC297077A84314
J=$83FCA183A74FD590D80D802673E8D36009EC7E027C021D9CF02BA8C5437BB344FB481AAC69BC39C4C05A8A559140A87E914A717A48887AB5F20D80172624638110AF786D7FC1E0EB911A5C59370DD00B7D360E6D2F97032A3620C99F94BDE8BB9BF4AF3EA8A5D450828F0C50C8D3BDDA4BF12D37F3BFD1D6B89A8FE68089C7D22BE7BFAC873C682ACEBE70097A6B998DB02148181484A0132D27EC3E467DA8FF72E37138F57939DCF518840EF5815C98CF1847B342E91A14D6C57D3E0483135025BEC56F0993A8A1F764BC5341FACE23B734E4B75FA592112EDFC418801D8B83C68B6DAAF1225AF226239DD983F488EE930E77E830DF309FE8A21EC4E8D5101D022F1DDCEDEC030BB5B72AFC464243E5416B4077D34D0F1488E5E07A402B0572F43280B66FA79A624DCEEEA446514B670C7AC6F606D8E42A48BE92B7239AB750286BC233DDB45529CBF6C985C7C56ADA4D7904AD043A661EC5CA4E3CB7EE49C79DF91F0D01C315905F7946B400E2A1D82EC27DDDBEA29F82BCECE34C1F5721BA1DAC17A670790AC9EA35226984176F0CD4CAE5B2146268ACD1A9D0
T=$1

[3]
S=$2BEE2433C68CF
W=$174F8430D2815B69A2E0FCEFA2FACA722740C3658956F40B1B1B0C1960BE86263EA6A5F0EAE3D86C207A02CBD0D1E5E1F1DD0F4F20723E3DF0E7F67C9686D727F11DD6E7259CA59723EDC4E61B7C7E4BF0DF2BA566760A614DDDE234B229261A8E02E6A558C1760DCDED42F2A4DAC79A2FCD67911D52782678FD32315BE1E666A7D6A2A389A99DB79EE103412EC185D3EE2E3A85801ED144E23410C5978A4D9682D272F15D5974E88756A5DA1E884C96BFD4AAB3E956B76258B10BF2BA020F9E80508FF9AA6FE81C4EE4CC1B77
J=$6B63C42408679917E545A01C3E45A9059869310002BFE6DBBE9CFC68919BC3B9EAE96590DB4D223C7534122E4F495FBEAA3CC8CAE71D56127F9BC4808B818A7A1B8B2DACD32F32EE5CAF95ECD48255E6E060EFA3C967E5877591D041482BF17BD0A53FFA0A1965B4FDBE63FA3F1C2C6620148F0B5A96FFC023F643E785E1C1F0EBA646B231AB6E7CEA7410BCCB05059B19D5150CE680A49EBB1C87E74DE033795AD11AAFB7B1A3CCAFDA0AD29A8F083124DAEEB02CE5BF26AAB33A92F072ECE78AC0A7E2A7E2D61F7BF7B7DF57305172E4561170077C28A60B872570A67C3A5C3F16968A4B2C71B97054FBCDAA6B1A3DADD9FD21446151E23D3CBF791FF99B8AC736F0E574DEBEE31CEB47E6E5F76783500DE3AD095F02B2A8BF2C6481877ED01137F9F27F1CDF043ED38053061D6ED56207AF39C3BEF96D85CFB2B7F32912F08AD5D87BC1C094629B72B56CE82397C3D5BF6F385C8429FC2BBA3512B02716EE2DF6D09F5A45E0B2F12D318C9355217902929573EB0931A1DE290D615D555CB55C760BCF361C8D9DCD3D4BAD402DBF677919F81120F5F812D2
T=0

[4]
S=$59685B4D24
W=-$1EB4659F6078265CCC2475E36A01021DC6DD3F1AEBB7812E430D0C1829C9D7DE584388EE2230EFF5174DB12BF5C54DB784B8BC4DA0C204CA64041D6329092E7C3DFA8469D2C8490948D6DFDA65D6FA78C30E262307CE46BED19619AA68CB9350A6ECBAE3FF9D1454DC2051824B7AFA7635C4D10BCEBA9D424EE6864F3125A082BF2435C735419CBC5449F54C618AEC332802807FBAEB12BCA3B7F52D3F1F0F327336B29A9808ACCE095AD4DB1F0E69403FDD748661CCDDE35637F4B6FE387074D21822467AD11E3A4698
J=-$1D2EB450063DAF7CD9715BC86E112FE3891945211994B06BD984E32BBEE6DAE85C6BE05084C8728790198AAB060E40589BD2DE6B42106D71B2C87641867515955E5ED2111DEAE6C5E22D406994E1181C1535E8751A77DECF97EEB1DEFB4EAF562367CAF74F72D265C2CB8D939A1802186A7308BF655CB9458DAEA5B692835FC79C5943E8214A8474D22AAC464FA9CFDEAF8EB729AAB863FB39E39A0E94A6C5FF5CEFB8DA80B2BF6774EFFB288107901E186814EAC0817D3C4C8D949F95978D5E687EF4205CE5F3A5A0AD16AA78372C4D224C91816E43885A0893DC790096D48D1506522078B4DDC134BAEF9708DE31EA343E67164838AF7B6777165F4AC31473BEA6B109A8F601E6953EA31F1517C6A498BA912F8ED72D775F2BAA36A7A48F158CB64E1AA6C5CBF8CBEEB6BE97008B9E29AEC51602F6CD1967F3678524C0283DD35E082FDB1E5AD68E8324386EA666DE7311BBB609D645F08F85A2BEC2ABB50FC6158302F25CD301A24BFE6867EDCBE31A65D035BF6E0C264F7BBB573B22D5EA6E7F1F90663A6513E591503723B2557DB526F8
T=0

[5]
S=$49277B4631
W=$36069D66EB7EF47F4BAF3C015689526B9CCAE876E4AC09F21A029A09E1810D9E0EF49DD70B49B9EB978B90C591FAAB4E84C2D577B83528E98CEFCC6A7DDD52BF57765876B2BBA5BB76A2E6153D61179BD3EF524C19BB28838A8E72D6B6F97F0F3F61563907CDF2D5400E83A2B50128B9417BE9071F5373B918E16078A54767F3A9A234158F04E4D304CF13B9FDB8C9B0B39006DA8883AB07553396933D93D83F4F1FC86FC7A38FAC31B6DEB66154BD52145857BD62074188FD9421F3DDB20AA6798C0DD0E28068F
J=$200E55AEC34CC5AA436A0C6EFBEEF4674938232F5A90B5DADAF302060C33817BD9600C352D6F0B5672768A3CD075E53F36F06043361E8C9F22EBD8C11371768F0BE8FAB953C6836514DBC9561AD0AF67DC55EFABD60F7C46686A3F4672C1A89809F7DD41E025EB71A6EEE625162F8D202ABAC895DFE238DB91557820317E90F97B7F25CAE8770252A8EBEAD7AA1F17B0A7AA20DB1A785410ED5AD55E3E3FC8933089EB1C4D32DA53A45FC64007715F067262B586C0976E71544883C934967A6830E1C8DA17714C44F6005A69A9CA335E2B4AA0D40C7426145E06808E3328E569BC3CC9EB39D29AA28864213BB291A3C9F30BEB82FEBFCF0FC1F5E6D0468B9F45A481A619E10013232AFCA23206D31D30A204B19F57747B04DE9EC23AF155E3B079461DDD5320F49AB8306D2F61B57ACAB0ADD0E3A6D732526659ABE8DDD3F917F61EB233A09ADA1EE39FCD4B42E9BE546C427C074405218770DA0AA76FABB2564254AE47AB725BFF2DA00F7F04510AD7F12D9F41F1F28C135FB55E8A18D61EC6A26349C4D8403623D41F40473705
T=0

[6]
S=$89
W=-$5F019AF3CD1680445BEC6C3DF99266A921700B04651BFEC6A2F6A68B86EF3E537F0E42F488F70F7963ED32FC06499E0DFD030F0CC1A3252DD34EBC653CF96BE0D74F1B029AA4CAFB0F7309B50F678C452C1EF6E193A970CB19397474DCCD6872C9932AEE9C2D28CC25D0A6995C3E452837463344848BE3C28ECD94E00551D046D2E79A86C7576283F576D315C0B9CACC1A68CE09A9BB38A84F17E4789555FC0BC7DE2ECFF2CFFD3D87C8DA91EEB0D108371DB139A4E85F41172CACA86D58ABEDB28BECFAC7
J=$50EFC825434EB17B6A16CC0346F15E97DADD9B2D8CC8B6001A078A3B4B3D18DB7005491BE89355925EDCF59AF6811357CD56A8EC6F742CF9A0D8917D57BA784BE16E7E39ED7BF3CAA6CFD9FE6ADEACE10F6F2331E0A308171EBE3DA745ACB9F86175D4EFA227CDDED7CE94863F65021793037CCBE7778A6E8ACBF3FEE34C02A79E46255B044E358452A074D25554B59B4BE663A4291602CF33E49D72E1BABDB035D941A96CFEACC9AC811B0B493ACC3F8330EFDE5A7DFF1A56452C4AF420F200FB43542478B91A75FFC092795212C8B5D5EE2B12D2CDB701C0BD597410F9568B67C9685F9533C6BEE19B9CA07CF341018BCFFF91815BAC103F88B24499F956B5B7B08BA792FACC465D0A1E90C69C02B79DCF02CDD536AD4FA777208F456BA5090B2507CD14C55A1FF55B62837C5B07385E383231A3D0586341DC3F72DEDCD00FF85F6E48E4E71D2B65D02A0B66CFEEBC76A4D6C5A65763AE058DD81F4F6B613D2643FC517EF3ED48AB5964CBF037D8B431EE61DC629DB0B64627AFBB7AD9AF57808CD6EEE6A722FBA31
T=0

[7]
S=$15A0FC7
W=$5FEB4CA541B96152A6503B99ED950E08BAD6A7F08A92C8620709ADA83E89CFBED07DB90AA28B710F1CBE5BA34CDA9122DA0676E5BD30FCBB9470A0C73F1E6C3A2857EAD096883FB05B68D9C59009A76C2D9037DA930007EC36DA2F043DA9AA917D79590034F05238963FF6DAC1D685D2E8679D2B8EF8CA4DA92CC8ECF3E22240C0A1B6555A0DBB07A67C79EBD050D7F58F5029B568E90698573394E3EFBD9BC97A0452BC34364018314AD9FB8D3094A8E62B7E2D0289913E3A92A0AD3C459BCE3DD04817B
J=$87CA8D7844935FEF0F86B65E85B957DA5A68906C288998A8EFFF98737B7775AF84DC1307F44A9BC16D2C1AF97BAA5CB8B9024020B448D9CF30A4455ED9DBFC5866D42AC56835F54E778DBCE88F5BC7E92BC9630342A3DD5A38DD7DF49DD2D89D06E5A564A607FF70697C85F22CD849BEBD785385E586A8BCDD268F3F78CA5A1C777CD8E6CF1E7B1D8C5E41C916D8E8EF57A72B23C869B53764CB632EA9A00B3A65F34289B5A9CC3F020F8244032C72653E67BC53A85C1BB66675FD0C394F722345FE91DEF591C1D3AE0F0592A4884F16064A7FFDBDFED2ABA5B6E4BF80A58DB293B64D03C5459DB9334165DD9149061ECED009388F67EB674CF282683AEF57866E2996FE10CB2C5E0C6E12B61C3A1DFA2C61DE27B72830DC4EE36D1C1991CB50E6B90023EF913FCBB4ECE838F69D7DD0F7F0A519F9A81A9EF0BAF35F2846C7C1D15977D09ED81E29E95F90C5A01241EC0A22BEE512A206025E3CF4845AE8EDE50E3638E8698833C591E6043D609E3139A5A14F1E7D04D7438568364AA5D662B2D668BEE36B5DEA922
T=0

[8]
S=$13195AC1DC
W=$767901CED7FED4EFC6E00128E531DF64E932AB911CF8D2E6465F87F0358C569AFF6236150AD9EC92772BE788AC27BCE8B57B1F133B9139BF3D32ACDF00DFF3EFED469D92E03895DA5CA5BA44AD3B19B95C853FFDCF8A343F627D030ECB8C3B37073623AC6F0E9FFC8FCD38A3D5C21394B073977AF7DA9EEEF98ABAB957635BAED260DE6822F80FB02B132703338EDD222D5A4A113EAE4CA7312AD09E14BA32B77A71A48DA77B4162CA43ADF0E4F265531A4A725B1253F05B3CCE0148F6B431B1DABD18
J=$1BEDFCA645BA3691C77A0159E4768F02820393E12C94EF9CE2842C3328DABE3DE5BB0883A4E960FC2B51DA39F9E6E1BDFFF3DEB787067CDD6BDBF265990E40F0DCC76B08FBF87A06A16068E2DA2F6A02A989DDE9F49F4DB7BCAA055920519E232715B0669A6E88E1F6D86387981D98EB4BE9167B374DD110AC057E71911EB45B8A9A409F65ED00C7B61425C1BDF9FC7F3E940C7F8EC4364520ED7DFE17F0FE52288838D25BB42A1EED78937C7A46B8C5F3BDFE420CF2F706440B616EEF13110C4CA0E56740CD5CB0CA137563E8F98FDE53A332FC1E7CD4CDE8F72F790769BCF39B06A1247FA922E2A5E3216C319BAD08EA47C6F6BA2392FC297411B1F439E28CD923F01D771EA1063BB7D12DEED16B34E41B4FF5C74963CE31AA7A417F8990987433EA3AF194FD996E285C21AFFAE43343371A1B5A1798DF6D1978961516B2EC98FA3752FE273BDCD15B3A90132F4CEC231345993FF9AB6340701AB450BFB504BB397A6FE674A0988A8E68A9265CB16F7739BABC84D626DC8D9B36165BDAADE96A23702DCC3
T=0

[9]
S=$1240AA80F0
W=$1B15CA98389D2EA71839AF3F46F8C7AFEC514A6FC573C9D83A913A6EFB8ADFBE2A34FC566AB7A842E3AE57BB11CDCDE71E80FAE3E7890D139C50952C9FF8269AA0F6BAAD152ED906037CFA8D321DE20EF1060E69A0DE8C190076537B87B95119BA33CA99B7D0C9413488623AB62433C0B8DA11562B10793A3EE414518A5060152A0D5791DE16C6C5EC0779B73D310241DD278D83AF9E058E4BC4F6A57427E29B0C1A8DDB3B5A65BB06F95657BB80167E6F9B5E457B0DB72C39AE7DAED7D8B991E2
J=-$2617B394CF76C62DA27B1DA5F77933E329B0A24391DFC81E93DF7EA734B8DDD76CE63A39FD91E7276F1FBEAC6C988092CE1B55E162F21BC8AEC451435CF858728501FBEA404F0451D74791DE65F4F7EE3ED0D46C5FAEDAFC2EC25FD314BDDA6770DF163BA91F9F45FDCE5252BDD663A2C8CFA22FD2BBA74B8997F54A31720111BA761D48882E72EAE114A0C0D6F7D24624B1B7E61BC2F1F619754DC692C195A6CDCC886B46A0709CFABD0FFC682EFF60D6FC7388C8222D450A192F1AFAFD875C2E9DCDEC3905FF3309673C2F261F1DDA66F95D0173E1AC3C204A6C9A5354392C7901CC18E3C61BBD6F3BFAB643D832B91F302B334550964ED0DC636EDFEF54D0D313227C6CE69CACE5F2D3523F08A7EDAB7140AF405276D761510DB9174643540A7FAF9A93D63594366FDCC9C37DEC53297F1837329F2C131506B841B9EE06577B79231DD45C688800CB83E0D86D12566DD19CC634D884F55B5E4FF2C7A529A20BBC3E46C62E6DE6D9A6751B0301C3CCFB48BE532A1E7A9040B535CACEA25E4B12
T=$2

[10]
S=$AC3BB4840
W=-$54376105072824D518DC7F5D4667953A13E7E7CB2FD7C7B37C71B65DC86F2CA2B72EF95CD193A2EAC35A3FB6964B0EFB4F43B1D8EAD65598E4D0E194E27FA5AF3DD943DB15FEF33E86F14CF8C3986787C4B622D04F02E638AF920B5CCB72E3CD643F1E94FF86CA81E8E12965337774118AF0030D2D5C38DC9B7C8A8F86D9EDB7C7385EC52241AABE88772E404DA78F1E0BD58196C64CDB50C589B157774CFB4D9C7BA5367D545E96CDCADEE3F1C5411031CA50FAC2EFD29F9FAE6E3EEC8C6
J=$312FFCE7B824646F02AE955CF6E2A1BB7DD723D2A70D9EFF2AFED4CDA5C037D992ED09370C74E6D1B3A03F9566292211EF9AD66641E081E14225652C6F61376E33A7B8ABEA3CB3CD8CA7592E9FF4347ACF20370C9574296B0DD71DA52C1B6947E12D077C8B58DE25F1A5E41AE4BDD79F16787624FE8EEBB7C3AA24A6F083A16E5EA2C58C8179A9B9E6A99865F72E490FDD568A91BFC015F864A44DBC771017CDA7B5E1688682899B538CD252B85EC0DC85BA2CF98D73FBC8499F620D2EC8A26766C1DE0D96C60BF11EBAC738C253905052982AECD7CB3A97B867F8EBF94B270814297F088AA9581AA5B0DB89BC2F4799F45E93E728F41410331FC931BDDAF4AC04886FE4559599DE29A3626F1885066BCB7DACB6AA3E52622868042F609E687193C76621F0CB94A2C2A220D1931CAE8C9B34079666B4ED0644DE38A0153E0129F359AE45C359DEF07289A2118C0C93AC93355F9A51503CEAC28EF307A892308B581E278A434CDADD90BEF01BDC53EBE10B83BFCB3E37F9B34C8331A83
T=$7

[11]
S=$266E39A97FBF35
W=$1EC8EAF4AA2D7F82FC609EEE15358E49FBA16E819F7F065C91E28B1895E3224421FDDE63F8D4F237AE51D33E1377766CC3F16908AC33B0D6971AADDAFF940E9B7A843C1DAC8C38EF76E828C8117543040FF354972ECF3B3B5F02169239E8A21B55EBEC43F11B376FC8009A2856A7B2077C330C8EC4694434857189A088CD880CEBCD308D0F9F30D0648C3C3C54AE89A152763BB0AED56B6C5D19223D42F303A4CE47068EF0A0ADAB29B47599475D604559A3E3BD8B5A495CBB4D6117F
J=-$3A8AA713ED57CA40AA751EBAFDD2AA6D20D4F7ECCCAB06A0F37B12F94CC8726600536556FBDA91AB09AAB4D7301905845214679379B6956F657EB1D0F9453B113AA29FAE41CD2E45B53B7A99FB2EEF66ADEB273D88DA3334CC246B8853CE6C0E0AC9FF3959B3BF57F88F366B1F386BF44DF0765977F9DDA8930842039F31382E2C742FBC7B0F970F4BC6E8BF844A6E4874325A5E2213023018329A4E5B0C746E859D953D51543F5E9B19CEA5B03D2334B80023AAF1F8DD5F323047F1BF86DC6493D51E1BB6064BE1535576C0BD08ADFDB35DFC0D1E0074E9D2370A44E522D43829496B27B19E1D3A847BB0A48DF34959520808AA7229F25FF2A3FF09B24A301401875C7D6F07A924EF0039C28580239BF18258DB62368F517231CC5BFDB21EE0342160933218C5E647EF5194DCE1C6A17EB9302C95A3329BEF7A82D338C67D3F4BD737A0A648300A82F0A7DB5177533563C76607261A45F20C34224F52356EB4A8F08E6F886D412CCCD00C379684BCFA13D8D6C3B12BC57A
T=0

[12]
S=$7F
W=$363A12FD4CBDAE3FB191E9B79CF944730BCF7C9ED0BF307D8B6B96CA8A410191446E6E8DCFA0AA6856F4695B9C73F6F41DBBEB66A893568AD2667C5CB9E48EEDAA7E459D3B3A4941D1146B568D6F95A24E94FDC265ED0B6762A0287A630F38FAC787FB4630E7E83C98595CF5741A55860748CC822A1A6234EB48F06E383E373EBF71DB1C21EE121A2502C3CC053313051783E797A587CF1EFDA9D853605B17B622B4F990A174FC62BB4078618D945B127B86914A2905A84855
J=$21FCE23DDA1F7DEB0BF51E7EC905F98D1B0350D160C997A87E1F7F5D5565D8141A1031175C3EC2ACF2A0B71CBC71E5EF8C6105BBE69BF760836C6877F4D2ED063FB02155F54E977061A6EC2FD8E87087CC796E091E853AD76F4A7CD1F5A66C071E8ACB58FFD13F433D1DDA837B054A54170DBDB828994256DFC43BBD203E0DCA0EB4B2383B827A8BC21B6F2855D4E20FDB994609767588E503D7294FC50618131F2692368F3DED063F4B90A2EC2F427AED183CD0D926B0BAA2A2748606F0C9E9AC7C56F5CD2D488B78738C18EBD1ACF04D00EAE12F514C2A8A7D24B3B47D7452ACF79AA6E5362ED05AC977BC28EEF5D2037DD80A6831DE042D8E49EC06E029ED5EFFA9C0BA56B5977322007EA58652962D029319D9BB14A33A0C769E9D66046539C654844775B169D0A200C6E149CFA7ADEE01F0EA2665ECBB2339B3C7DC828278161FCE2192FD010E293F5E14E9DE87CE02A2C605F1B785D7CA7D9836273AD8D7062A2F69EE4EEF0EFF274B94BF3CBBD91
T=0

[13]
S=$2CA8EA1A
W=$1482298390F42D61F5C4AB8F786F04C437EB36F08CC1FE00A3281B5A432647958239BEA5819AA5BE7D42241A6A2785C114C86DFBF3C4CD20CCFD7E8A08C942DE76026104F41A9C48913134D8CB94FAC273C4E95533466BBABE887AE775EB70EEAA77F333B4977C4C86E378FF2F3F2372BE11B427B8D6C0689DD289B2958D826B9F21B4075A5A44401F5C1FCB495F522F41FF19891BC3EEE4AD1819D106733CB8E290AB82293CB3B8807FAA87206EDE7F48187D33727B0F8F2
J=$57D2D8FBBEF37F4D1575B43A698ED9DED02B270C037DECE6D4A8C68B30016C3064E6E1FEC1766B4093B585D5322CDCB9FF8F051CE4984E3B613EA939601C6E2CE80EC7BEEA484F7F68EB5FAF8CE3A9B1946C46450F0046DA6A0FF85F6026349160ECC78820FC34E7A768243F77630636A290F2CE5E489019BEF2B24B492CF997F8D19F8B78813C528F3BD622D779ED7926E049C04FAC0CF151CEEB6DB980E5CF23CAD18DF10F1A41E5323DC4E1B00C00CB0EA0FBC8AA2C12FA408341FE67CD2655911370B683D415633CA013CE34A65F7B09D03E5FE860A38A74BB473A3559FDD349E2203850FDE5E2597A1A5C80B96D3C3116565E9550DEE2D5192575BB1DEA206767B737BC7274C279B5FC5A1E25B6BA1544317BBB0F65200CC10D55EEDF213EA990B8F2396A64886143EA3608971EC49A0D0C5E7C0921CD6C2F91D59E127FACA7FD4257A6648C8FF32B66EBB8571703BDE9FBEEFE03041A791EFCF3C52F3F6ECD4C9DFE4DFA1922CA525AE8D93C4FA
T=0

[14]
S=$CADA9E
W=-$FB0B4FC47815355134DA4C1D7298D3F60DD0BBBDBBF444F0CFB56C8E5339160EBC6746E81A0D79822F4BF09C97341418FC98BFB697D338002FD2BDEF513A0B91B06D3A293F395A0696326CE8C171186960C0A5BF6A37C4F45F8C9916D686BC85DFBB087CDB3E6E3F294723EC62C9CAE22EAF66C5BF6A3B947AA2B9A872E2F1F0BA47B5A2E06F5CB2EDFA6F5CD970B8EDF9EE41B7C009A5D91A6249B8FFDF5EE045AEB26FA9ABACA9CF13A12238D55E364893AD080A982
J=-$1A58411CB4BDC91332C97ED0FC3827142CA7E17EFF902309CFEC07E397973735743592D1EB8E7DF6B4AA78E78BFFE592A4C82375213D255AEEB090F40E0AA779D245E3CEE8A2AD086F9B6612E687692794F47D903BC83F796EBBC2DDA2188C8FE81CFF0BC5035AE39C9C2CD9B407037815A07A24CC2A3A7FB82A83E25ED45937BA1095CE386D3FA5D61BE68F5497BF45EA9F5C708411C3F005F6266C9A3ABD0047F0C14D86A99DAFFEB31B868F51D461BC3C3E920AEE8B91C5C4E2E95F4E36850C873BE6DBDC0422665FC14B0A3E6D4997EAB0FBA2CAF7A4579A05BFE937E99D0D564158E42D4A615B984E0E206161EF38E998D783B63479FA61FD69343F8FF73C796CB033F26B769B66B600473739E227DD3368EA600CF7E95845D90F00C8CFBA17C0D999643E5B42E47FD739F513A1A19FAF0323719B81DACF4BF67EA3B2EA89DF84BA023E64616B160BC4AD608FB686384AC0506105C0F28BDA2A28824A44309017228CC253F1E36E2AC0CE
T=0

[15]
S=$34C0C5
W=$13113CA097444F0C0BFDEB8F3B7D01C9E19518F2F011E27D42C2CAB9C2B0425CF58AE2A0479DA2FC23C42740781C193E9A6292CE8EB9245D3B38261CA7A91DDB746635DE6696A7BAC91D2842231968D4BE32E93FBEDA2EB39716D0FDFDDD50780944FC37920E38F426E29153E1B67E01AF91D3F13DB4A9F9A03BF7F44BCB51365F0262073FEBB7CABDFE95412EB99DE5BFB41B3A4C96045C683871F05945D9FAF2141E53868D7E24B49AA3D6C7D44E03D0DDDBADA33
J=-$26AC0FC7AD709F6C38A85F8AF56966A4B5253C50E4AB1C74531F62F4247B60FD3406B0D5012C9CB7E780D03DA1E6D157B1EB799862F91B8512D3CACCC26D8ACEDE59597A8AB475D70CED299A423DA714CC14B2D870763A259D66B353115787478E0A354D8D03B7DBAC6BE689E721B5757C357618DE626200F66BB64E853CB2E667CED8050ABA42229547B24CB8EF36A8549AE7D6B040B46A2C516C97963B2C2C655A92993E734C6A94C81B51305BC7E244DF174C1558710717848CF2F7E08B82E934019159F5A64A353E2CD9F1CFBC8B77BA9BB04FCDA03D75F144755BC6CD997785C8F944605268AC0508B3CF9A8875250C07B427FD95DC98192DB8073265A1DACF15C427442ACBA1AE245B4240EF47879B4852466211C5F53F3E92D0E65DB3629B397D9DB49BC10AA617E585B4DAC9682D7D4464DEBBE8F6A54BB166721539656E70BC45111F6DA0E7DCFA7490FA86AD8D145112CFA77DBAB142EC0EC321296F6E9EAE780C40E52D2E
T=$1

[16]
S=$AB1818
W=$1F6921528E60BF767D400EE1201403EB9F6B7D74E6DAE4F7593EF02A9065EC145139A7DED98AB022727E621C96F8A4CA38195D8E33E8B568BA744A038EE80B9F08D00E4F9869BD36056EA5F3D1E844ED805EF498193A7E964BFBBDB8E995A27FFB42841E7C198ED2FC9A9FBC9BE39134A8306DE074B5B80E51B0F45AD93B25C41DA7112B150EA1D97124207D82A8BBD6B04C08BB0B2B5A618795271B48E9EA6EA10BFC435B48EC55AC9059BAF7DD9F44586493FE
J=-$C3DCB5FE6D1C49853855F168B85769F2C83D16268B96DBCC8FB9D2FC50264BD70F10D482511087117233004DAEA626615749F7118D6DCC035E1697F871C2D09492A90D603A1B93A6A67BAAF732FA2653DEF05462AF40670C5723E69AFF68ADE35FF0B4F2CDA7D9F7BBC31F1A573275EB96CEA029D18C1D4B332E07FAA5AED1E9836962900EF83549F8FC5FA773468E2D74922A681801F3CF59406D584A6BAB5C0A30E8F594EA8F230F6A442C1C469E77ADDA2D855493B2686D3BACA8D503AF1DAEDE782D9D23822E060FA0331124D3E6528D1A91285FD64D177DC6D18692D6F1AF3C0140659EAB38B6CEC73E007EAE0C7E32C364565E3A3A74D6DA0E1A9651B88FF47E54F8269FFFCDFE0E95E50F000ED3892C7A9A4A4B309163FC89D289CD9E543F3AEFD01EE31A3FFDDC4999EC0C27BE884D070003C777418610145D69A63794794301CB5E691362E76E4B359298205E9E221C70085771FB59FED5252A7C8A17C02F1FDC86A
T=$2

[17]
S=$4DD1674B8D
W=$308FD8EA3EC918A6A8AD22E7B0968D90C67195A1EFF83D4517EED00D61CDD1C586BA0E0CF319B34D7766ED3C3A97E052B33D0BFDCEB2A08F040B197EB4125426B8EE61C5C9F48C5BE283B8EBFFF58E48AFBE078E88803DCEBD82FC1980ACF856DE6300B03EDF0C8A9E7ED159E1BF11DF2E39EEE4D08B0CB1FDD22A468748705FF70E3789BE87950EE1BDB691E73568CFB2FE12AF71F446FE37F7956F379BB6CB154F3AB58D477D338F10A73C489B9B08E09DD
J=-$14ABAFA990B4210B4CAC3007DAA3A3FB016EAA078FE7DF275A82E06CDD7089576473B9E3E59A711BE02BC9FA4D0673DD1107BE1D07608A41373820F2877888E3FE5010B1069DAF1954773F7D08B5767AC3FD69207247FBDE2A8385246663CAFE2F4FD3E38CC0D0F2C6C8EAF0C6DC2B8EFBA56AB45841F8E17CC9192ACA2917324804AAB2A89017AB7FF4C4F8CEA47F6ACD0257F6113CC45F04CB6D59C5D0F2B8FA5505E64BCAE4ECD8612DBFDB25201DD6BF7C7A13BF322469536F01E541D02E08FC9F19DB33F8FD2C9926DB29253EA0D953B2BED2EE8E523E1490B313A80124E01C154454125D77ED63871CE88B067304DB38CA5D34E4374758BFAD1ED5BDFB9F5DD9D18713306948C5FF73E306EA5FE3C0D2A13B94F8F386BEF43D3B0F156638A75DCD0134633CC32CEFDC34C8FDE18EB94051CE44AADD68C95EDE8B06DD84A1E0F9E81AA2EFDB67D80FB98A19A8ED8B56492CB07356728A628A7DE0835BE19A878AD9F
T=$1

[18]
S=$6
Q=$3

[19]
S=$54593EBD256
W=-$ED16738D94030399877F1F89942CD7B07B2C94BC295763E1323CD9EEB57738C833E3B9448D1E12C79E4D027F9780DD366578AC2ACA3ACC166C9403A032236E2885292F4632FA8E33C2941878874E907CE07D0AC7DCBF43CC70EFDCEC49F0F332F2ECCDEFD9CFF7DF5CB06E0D2870602DE8CA1F80537806901C3907A1C89F4695C6CAA6283B257E57D91B0035EFC4FF572EB7D81F105C42B433C948A070B9D2BEA388664BDE1FAFE3D9A87F2083A4198
J=$54392BE1B7B7F42883FD8B6B96CB4D90394D7FE1FE725AA5558F8E4C75B965F38829A0C2E7E42DEF8871C879D1861C4D7891E3BA22F5F0FE5DB907407FFB134C1E89BA2B77D22580897AB6B27043B36F030526415FBAB1ED78A67E6308DD5CCBA5AF5FC37B72FDC9E2736932FBB135637DA725491CAA889C5197B482ABD9FEBC3A73896C1051A2F89F14B7CEF45E3202F0F46DA0AAD96A0092E1ADDF2EC33DB596C136DE323FDAA19A7478165057D5B3239ACC8B2457F052284184C8AA2CE35FB6259B1615175443176F9058E076CD78518C897E28F7995AC045626611EBDA8D00A61140CE7756166B91C25815886162D60B5D5A655A4ED51DD491FD375B804835AD6D7970A191EFF12E5D3E270642DB764A4DF3C0645F8B4D5A1142CB5EDB262B247A576C44B9556DE032B7709D3FC6EB80E15FBC1FF5EC1F6D9431BBB5877AC1B4B902586D68299979275CA2BD9F8D9DF394C90142058ED1D81AB7B931BA
T=0

[20]
S=$5D6
W=-$A80F93DD92600C895D8706C6D2748E200D02AAA34CEC25B26AE60C32679E3054CB3DE7552A260490FD0DE917C44C75E584BD82A3CB8CB6DABB022E35A610D880E9B831D36D57A8BB48054B71F5C12132FB07A20D6D05FAEE740A576C9397FAA582D6571BF81491C253224EDEC929A118E885464A474B9B871A5439894C26163EBB2D0D35D4D48F977CE6C2E71E9691A48F7F9AD293911B7E918CC80C4173062CBDBBDF499703634F57ED7A4F70
J=-$C16431B94AF8AF145A11D2AA1E17C38B856C8AC1CBDEF960CC64330A6C296557C817BE0EB5A2BCE065C756266DD7EAEDADDD3D9654C84C80874D5FB98435994ECD46BDF37C3E12DCAC5E30F6F3D520B99A83A3A055B573BD6C92163A354D61F6A78213632575CCCFAB3D257FC8029FF4A55D7292395A96839BA01953AB9D5EC828CDFCD16AD749E975EF1DC92B2F51653FB2018DC366C379520E8708160E6ACB768ED5A65F9A66AB7E00D25DE8F676C53182723690641738BE070B02B10EF17434811D75784D25509B79A1C35EF3B34CFA64D32A84F51CDB5C51C0007BEEE75C9E48ED42DE67BCD4E3CB3FC79237A19E627A429E325A4BAAD16707D2E1978D93520CDF4BD62DEEBD4068889C0B0D2AA441F720512DF3F33D71B502E7D8EA70000FB51F6BF4D71CF601C39D73FDD935B7AB21DD917BC6DA00B861E512112EAE646F0FAF9CC6DD8F7D49E980D58B3436BC40449640707879D231B
T=0

[21]
S=$28EB4F524
W=$33ACB627FCD55930FBB9D843F74BBB6D730135769364A85EA1524E2FCDEABD6923FBE230812B6B32C6C69FAF4D75D832B599F1478A4DAF21505B0EE47B3066B0C98F693DEDBD26BB6E81975BCA46701EAA9F29AB21A8448F0096BC45F6DD29C83F34E6ACFB8441176655C6C9E92B61A699D2501CA761FA5724BE541A904CC3F00ABF17BCC5B10A52B6AE52F17CE1BE347F83D22AADE0A84C090B77314DFA1DC6A1163FD93BB01A575D223CFE0
J=$1E734DBF4EDD7E5A150E9A481EBC995C3C5DA2DA55E7E0662472F1746F0484A6EBCDC65B5B89079A0DE76828719E6FB4E19285257321468CF0BFAF47F5549DECC377D7A33C936DD083C63F1DB588DDAFEEE5E926FF9744D2B78648276FD38954B4CA282FE0D6835EECBE03696399A9A38E2F9B5E59E73B0F51D6111B38D5F34C4F0DB5F7A85D654820A8456AA2F36EA420CF6B6F445FB1A7B8EED5EB508FE091F068A8228891F834CBAAD9AC47DAAAC976D105A8667CC13890E7E15865B57FA82AD089C69061C9F0871B0EC81EFDE5492E2B93810A3693327594FF0578F382E26DC1C95A54A21F7F40FEF90B52605E37CBFC55048B9A7BB64C196F72E4FB5FB338BB3667CC08424742F482391DC0EEEB6CDC69E65DF34A9979F2DEB995ECF14E3F23B4C709871249C15E64F5246C1B7B8F6EC29C2C61AC7F5FE4F2B0B33C7C369408DD0EBD993DE6B0EED2F8F65B9B1CA6C5215A85A84A5D7
T=0

[22]
S=$251D90
W=-$252C9D711490FE57A243609F407F1A76477C065CC55B3ADBBE5BC4282BF622ADDF0EC1541E1584BAF778993F9197522CCFA710B0AEDFC09908ED755D66C0DA24FDC87A399696867BB6E6CE3A078E94866C014B112804F280178746A5181BEA5FA6E6F51E4A691301FE071F2E9E5DFDA26DAF0F651E0B3E5FED95CB6C13A1B304C5AC80138826FF0FFFBCEE749E9C64D6AB5D35AF4E2AB63A56BC66722E6FC5594D30A1AA0F825AF3741F6
J=-$4A95E5949266914FB081C8EA07A71BBCFFBD68F8259D7FE88FB9FDB105CD9D522B7597240337724E6DD67FD940732C99A06E041FCFD7C64A00C2A9FA3F0FAA973FD9BC18A4A80FB7B44B63DD21903E2370A2BDD8599E134ED240B8B02DF64190ADD466E46A0BF239BD5FA4696DF3A48E372A45AE387469A47D0127C20FF5EDDF5571F1D78D244B6898FA6AC8C446AF55603376B64348811D8F544DF08C4832EB0B31506E3224ACB8640922F90AA96B1691033DAF34C3114F642521843023EB605BAE5A791D17AC1580E3B6E25B5D342460F71685D2D541D8D1345F46D67770942E5A819B815E8E0E5F4514D753151C6C4A8F22FA6B8D9F022F2DECAF2EF1B5131C6593A8363E995475ED698DCAA0384C5995589B1A987E8CCC5E1B9410666AC0CF034CF9EBC833916BAE07ADBC6D916841BDE78DF7E7DA4A3A8647EBF1D93ED7BB9FD670BA913C2E31F87B5DA19A09950108DAE2
T=0

[23]
S=$C47A39875790
W=-$D18ADE18EFB2A32BDA8380B1FB8C32A7913825E9560FD1C844F024094EF3B0F11455C1E60E3A6D6D52B3BEEC1A410DEF9F0F0460BECD6C970FDA75741AFAEED942667D032BAD703AAFBA6FF3AD722A18F5B01E11A53D134C494EF856F63C520DD6099B4B2644DF7F05B89A697579B8800A476F92FF7168352090AFED9DC1BEA82C2914C5BA26768EF1CFA652DD9E31BFDBD80A7E33CD5240F973331C3AED8CCE0D18F7144419046A6
J=-$CD701B12BDBDA0ED871C9F2F1B46B0BDCD9AC7E22377C098342737ADF01BEF01DC2F77F90CE13B325DB974657A835AF5FD68AE44D97A92FC50AE0C21E6ACCCC7BF8494D56496BEE6B84C15C648DCEF984D7F021685BB940AB228A07817B5DA2D791978A734AAE27E52DBCA6CFF08167EC8301E58989BE3D3487FF2DF5240B81D9DE17A161BCED59FD1AB63EC2EF3C38D9143BF29E670724A896EAAB7BC29CFB09B65695D59593B412BF72B900E92DA3A6600D8C0585B7912BF2A543D7BA511309067C43FDDA8A4D90E6ACE66F41625F9F43CD224543D87DEE50BC5CAFE32FCEA290ADBE3D923433835B795948A96D036D8C49318E814B70A2C5CAA28DCCF97DFF27B1445506098BF5CE74AA34C8481A662BAA4026B2E0861AE7A122B8735DD5549D51B21CAC06F7F03BED892C451A1C8FD812FC8C14ECF37CD09D83E2B25C7E9F0DDD4CB2A655B60C16BCE68C531487A824
T=$1

[24]
S=$B1C47E400
W=-$1667A4567CBB7FB2AB1700A2263DD1B288A5B8B3BCF04D24636309DD9BE15DB98EB6ED5D3D2EFF9902F8F36200DC4169D298F5FB2C233282983DDBD4C154D63C847C4DC608BF32D6ED8F8C7F764557FDAD2CAC1AC408DBBB3DB89F65ABAD42ACFC993A7B51ABD7B2D061DC8B34994B6342F40F184ADBD0BE5FD9761E086BE8269A69D7706FD49FBA2CF04CC866B0ED458FF5577E1F971BC36C7DE4B4C7D4D031457B1EC02CDE
A=-$D70
B=$12F5A
T=0

[25]
S=$103AF10F4
W=-$3C598390844416F5A6B5E71E3B141D0D4B02B90DFA2967E8F940120005FBA9ED3958A3873517C9344CCE0F3DF9B6681E5787A8D48CCC7A06FFAEA6426812BD489E16BF74CE2D068AA1A6987766D33DAB8F969BCD7A09F59254BCCFBBCDD689BF6C575D1D8F2F6FC3B2EBA189AB4F0B32010F2A183466930403DD7B4A15BFE99586D5165917B5B028CF9173BCBC9565916EB05B3C74E19B74593FF8788FD03B5B3D577554
A=-$7328
B=$1DBA42
T=0

[26]
S=$E3B
W=-$3DEC8CBFCBB2176FA561A456F4EC4BA7010FF8CA62A4087451A23CCF54F8FDC72CFFCF9C6CD6A737C43D182CBAE645F42EAC8D5B50DA35BEA9CEC9DC0F5E6D48995AEF5589CE7794916D7F127CE88163ADC641FEF476EA6489D9E3C32BB6EEA57ECDB893C8A96AC5193CB992F0C2F5C3E81ACB86A2062F2AE95A81C1DB0D39C7C6363CCA3AE48E6F658B76C97CC0F630545FB5C609FB3495449C1DB9CB66355B0E63
J=-$8348F2C397AD172DE6FEF4BAACD19971C31F7B1879953DEACBF639B6C68FB3BDC19D86AD2D2C0578708EF5446CD51A10DBDC0218496956D81715F58A72EE09438211C507B64A6CB301B35084E7E7D9E77D945222611F35E2A40B4AE02B414CF5C372818DFB5AB7E878907731D07A03A10BFF0424C36077453DD31AA7FF9AD1C401AF3DA5FFFF6E16E827B7E19233E12447F6082A6344DD867CD18004D89C154BE9AD63B91792CAE2E1046ABCE8614F59C77DDD6642F85C7BC983FB88114294E9ACFE2E0DE085B7ACB01ED74CD4C55EE2D86BFAB88C648014BB874BAE4BE00980E9ABEAB4873B33867442D4A99D631442A8FF173DF968C43C442B730C25C0C33E8BB54AE58B66CE888D5B106073B4B3E91B466715BC147385AC654D20A63B2F5EDA0FE92A790F952663B584AAC2AEACA28C362D55652FFFAC833BD66B5B4651DB8F456A
T=$1

[27]
S=$45328A
W=-$85B21B8744BDB44057F401FD93E02F41E52D35DEC937613C6A725E89364AD452B78EF96C235058BB90C018C883FEF624D7378665DCF2491796AE44EEB308587CB1B793F2D37980F7FC4860DE59BC12476B3EAC681BBFF27AB7A8C99FB7F3F508856D124B6300A04C67D8134563EA53D840067E274A2D7C0BE8F2ABDE4CB6ACE47BD19D178DDA63A3453484965798E6EB196D842E1AB52C7B844FE178377A886674
J=$61AD2359CFB3FE474E07BEDABE725114B9723505C92B0D47943D6842274B640D83C7CC56B89B7A10ADFF733CA9671857DE34FC2F7F6C5D6AEB4F56CA0B5CA2082AD730F9F11A534B5DE687D26D869552E8F40B4542F9BF919E914FDE0A1F43408D52A53EA17248BAAEA920F79759D7AAC554253AA0490F3A52DC378AA327EB273EF75F7D1207DE5B6660B087A36B16C994FF294162B450C9CEDF8582FFD8D7D29073C225DDE407009F2511C1732933D185610F3C982768A584BD39CA259629F8662336A9C40C30DD17B3CBE4CB188152A51B1CDA1571D3154A5856614A4BDA4D6D797180B7B711A6EBDF08C4001577A2896B73D591536D174B27120D459847648413BDC3B9ECDA2F0C273D5FE0EE6C238908BE506CA92F5E6D9240F3A279B5738B537A6179282A1483A3978E40E451424B94C3FC7CA1249E22C493AC25B14634A69
T=0

[28]
S=$2739911
W=-$1327C53237A73C8DD87B7B1C964F243D1D976558085B3242563C01B6A0FC2FBA7C3E4B7F4B60E8067F1D46B29155FC4DB1F3383AADF727BE2EED79D54CCE723785B28D655D568D39B1522EBF7565785B75640E312096545D91F73E705F8B88F52B74314B5DE7751CF1D9EBF74BD1FAB75AD305E500C005C1E9867805B4946D69E2BB762AABA8BA54887340392D28E24A615C3174008598D19B106A45E5D0CA9D
J=-$532AC7FC652097B93B05889F5131C437B7618F74EC1862448832AED7D7399004C166C7D414C5EE6807175132B24E880AB9585541027FF6DC2757547BF1AB462300B336738FB0B231311983CABCA3B1626E6C57BA9B7BDE6DA3DD8BF52C88087F1D4D0316F706DD37414305C71499B94CD0F1FD89080B68BD5F0204081AD85F9A2EDE04DF95A1616F5031D3C7FA778E9BED089594BFAEE05312CFFAA5ACA9C284DAAD91B4BE502E380D76F526501794A988FE8EA799BA827340BE0EF0A34356DB31CEFDD0DB809BC328F36031B000A743BB4E38D3AB8D78CD060D9F3ACBDBD3EA1476715B96954161E59E5AEB538165CF13D6435684F36C1ADABD9BF7A3D72771983633D1CC572308F18886EF139C140E11AF927C08F0BFFB38BECC888E0BB049209F5DB676212F0A1D8E50BB5D17980074CEF81FCAA2374ED2836AD435A780
T=0

[29]
S=$B4C37B01CB
W=$5BD10234CC15FF7E74F1AD9E81E85B80EB2D9058BE5EDF9102A8D0CF31444CE563F31EBCA16069060D95E5B741BB7E884FAF4B6E05A92A3C146FA6ABECDF619D6CA2A578523FE319C1316D07B34394308F2F80B654BF5D6884F7174C2256F3EE69108D41CCD10EDA9216A0703194019C51D67FAB5948A5C342A4B840FA5D3FBACB55ED474DB36E8620D2216651269B0F846CAE30690046D26A35FF0B8EB5
J=-$80F405F96FA2606807618E2848294052E12386989C09F4D6DEB6EABE39B8A9FB1B21F965F2D3FBDC538B82FB029F82DEBA0E43D4FF85E4414C9139022824DD7F28ADE51F2D19F465BEC0B214CF7016D4C3FE3C2D23DA369B76927D6BE72A77D08BC81A036CB8EF705A4D2288C855A5337A181AA2CE0076670BBFC3E44B5C5B51BCDA0AB5E11495C36935ED04BF2B71527B793F85BF35F6EC43E537C75F5C6F7D6ED95637449A996389902408F8EADBDA0FA66C40157DD04F00EB67054C26941A785A0600F822035D4F3FB38F23CCFB532B21EB8A6FFF66BA4B4FE8C66054D490998552489D2282985C841F7DC0352F8051761FABCAB6EEECDA24200324E82362EBE21DDD550767A85B0306242923F128D54388DF7BAD498DBE3699E45A7832C3F8B62499787FABEE3BA5DAEE9492B2679E7D0C72942D07DE983D70F
T=0

[30]
S=$6BE26D
W=$17D060A64CA0781C43962D125D34039135F851851DB15D92A7E0904FB3646438A9EEA253BAF22A94E0C1E0315F5B65E21E4EDDADAEDA39B59358C9787E200B2C760392A4F388A77C8099032EF8180BF216BD97B5C64B1080C75019BBF4C926A75A930C17B503A5F8F23BA258406F7FC3E8796A35912D6A2BB343803F466A13822A37106ED5C126C31940FB81A6ABE1416702C45D964F04AFA4180075
J=$15360F03E4C15948DBF833BEBE33197E9CCD1EF25140EA770628E48DE73C12C81D014395763FEDAD66A349058AC1A8BD8899BB17DD790440B26E07DDC44DEC70B98CC9CDB76F18DA11CE76952A83AF6324562E4535D6A96E76B2C5AAA20E865C060A95A3E00C305EC8C1B7B745559E9C46B3B12169286382D0B4F20FE2335ED422D107C142A1A83A74770FBA6561E7C16B5D9EA231ED182281329884B9490B3062CE9FD29054055B37CEE7C642E5974E5F32A32601DC363E731E34A5DD829BDDD8076F24F4317583A2184B5368C2F4740074B149C50EA5D4C1A182E9FB2ECF96D6FDE0FBAF866A54F48D89C9A78A884DA42FBE6109FFB32DF08AFB1CFBD93BACAD6D77B45DB5E150C5651D645F0FFD3942604F09FD5626E59F70D1DD62BB37D2F5720288BF14D9C2F08F2C72F413BB13E060EB22C00691
T=$2

[31]
S=$12C6C90
W=$7247393ECB27E143CC3FC8F9344933AC29CE5B76D62901E27B5D28FF2CCDAF30FB76BEED23A3C9DD39A091EB0B4E155F065DB8A04BEB23F2C256095925D6E6DB58071D7E158C1F33C418A1EE97A959C87DF8C13388EB3B7ED4EA1EDDB8C0556E69712601F9D45C497464F5834662F5B8B2330116B43C98E235308DFA949518AB8258384747D7A21F9EB2553A007F375C38793F633CA41537BA3E
J=$1E48DA14926F172DA82B486B32A6F6AA698C191904F1B60D3A9E0756A159BDC863EFE68618BEA7CBABC4BC3E0D9B6CFE5835558E8E55FC894115D3A2BD74F08FC95453D309EF477E65EFF48EA9E7A02D738614D7FD702489DF3F2BBB7B8706A96AC6748927C3675EA72978AA7CF80B4083D4DC6FA624A5C91CE5197C4CC4384F9A93203320E96E23F836959DF31369B0469FD9503337D00D028C02FA1E580DD08FFFB0498BACE1D20F0B7F8BCAA3D08F26FCB0D3A746E9D159263958568FE23EC1CE65F65264600E3E67CB0A4E0C7F9CF7BEB6F3136514B372C9E398E9091900D1C10CA14DF261E9D2E67BF9EF118A1A5C9B7C706ADF5BDB8AC42C1ED7203B4D253C2F38ED09044CCF3E88FCC1424FF3184610185FF0F83899D38F3BB08F7AB3F2A3276E9CCA728B2587F7D36465335CC9A5F062
T=$2

[32]
S=$2
B=$2

[33]
S=$2A4DC076
W=$17CC81E9BF792B6F37D11C8867455109AC4F037023F77339567A402424F19C619E6807AB9AC182C1A6BEA81AB0CECA5FE1EBCCAA219039449DD1D9B024DFB214B5424A9C04476B1DFDCA5CD3276489A90DE57A2DDCB91A5A671CFED964F87D3D39649070345C823C44E49E8DFD60CE8E8B3FD2833140765F7025EC89DB2C8AC496EBEA40ECC00321C08863895BAD83CB0265B1DD9B1FD2B55C
J=-$9A939C05F7356F2115B44C7AAFF7E69ECDF49F29379094FBA29782CCA31BE39B7B4983FDDBA488B5086C4556C3D8FD9C0DA56E52C6AB760600A2FBD6F4649256E06888B3A5A1D15922C981D273AA5F9EEAAF2A121F293E3D05442AE118E4D5E977C7E893557B69813172B6AF8868A0FEC6909E58762BDAB089CE279B56563F72464879224DE720E74EE8F21AE2FB5488F1482819448CDD8CD30445A258509EE9CE0E5371D05DE8A623535D6373CF39CD35CEE6413705260C4C76E0D4E4C70C6222FDF4979D6C4576FDE555BC8E6934A205143F9799A0D1BE4C1F01C1FD06A6F7AF2C542BF1BE891A4649CB5EAE6F4A48774DBA058F5945534B39F268CF98EED74DD327BB35A2AF7C371E99579BF4388F94A659D66050F8F93340BED2A9294F23433D4C3E6D5F66AC16A940476F45F0AEC
T=0

[34]
S=$C78A5AFCA
W=-$1255476139567EDB8F8E8B8D8DFE06A08F11623B9798125686F741D047CFBED9D12EAF67333D3E13E2CA81C75D6B64CFE7345D0B06C57DFED4578D603C5574DCAA421C30C630FB23CC635E19ECD6DD4C1F58EA0C8CD2A4373BC1CDBA4970687987B310060BDE70CDEAD66D297CD7973A1471A87F85BE6B28336DF16867EE254EE87A69070ACCA29FB5714D210B4BFF55A784811231A4E2
J=-$EA6AF18056BB64485ED2B7A706DA53364160841B632767D8DAC9312A7BEB97CB5AD2D4059E3F6ACB002B4FD323F1DAFB25EDDD4CA4F72A0FB5780F079650B0E7FD0CE3CE8FA735575CC618AF943F900D3599467597037B9D7E5EBB96D82E37FD2338DDAE43DA985FA4EEB741F1509494BE593780F2644F467CAE5D4FE4F1A5A1B085A04B3B5A593DADB8591321B5A2A83148C9C5909B667CB2556CB72F78DFB6B9B285F74CD964FEF1CB4BA071D7F750A0BBB8F9AC47B39DEAB35EDB6D0AFB6830B5C60F24E6A2E2570F7FE10FC686DC3174E0039FBD10C6C899195D1C929CFCE86C7EB3966694F61514C6121981931B7F2C618A182FBD307E7AF215312C84148BBF647BFF51EDBA367A97794965848F5BA93CD3181C8A484004C366AA62B7DC4EF42BBFD2A6D8F4339B3A455
T=$1

[35]
S=$124925
W=$107CD9533589EC21A485C40ABB8FA2423865AE0286CEE30EFD0B9EE7CE669EB8065656CB49C219BB1B5F3231B1071AC5603DDFE1E24574758BBA4B8A53B3983330515B24D1CD44B98A305FDE0A17C459CA4940B0295527D37C494E4754FFDC664C147A0E7B50C88181F60600E3BEC76BA4A3C1E62C979986A925E19EEC132DC5A6AB7F8A50255E271CCEE5C78263CF013CA328CE63
J=$18FE9D8D0259DFF5C70312783DC55CED549C54E8B718C39A5F8A73BC2AB268D1548C4C45DA3248E70D8A484D564C7FFB13F177C34483167EB256A3819C8431C502B680AA881E82484F7F582693C62C2E74B8309B5B2B59F47577574B22B6DF13C680DC8FA6DED13279D9E12551F728A3B335F20F44BA239D278229F06BA52464331FA6A3EDEA8F5899361A32ED5880933D2943BFA49FE778ABE7C43101BC9432C28D9DD020035F0B883E1BABFCFB480E58B3859A0D231A0EB588B7A1369DB7678C8212F9EE3B18883C6CD53A0EB78F1D83445AA3AFC3E44E640AD07C33641C1A4EF388F82B1B9A4256211CCA020AD6A63BEBD5DA463277989DCBAAE8A96E0E75F53E24D7459C2C6D6767FE1EC10268C9E23C9287E13105A931B25BFA5191BF6B3BB3FA577EFED2B304
T=0

[36]
S=$AEA665
W=$29A4E10C3948AB00F7A84FDC0828DACFBB7276F641AE38068EB86AB88EAB9BA2724EE0DC599086139E980341B0A2A44D12E418A6CAFA2C011B5F5D2A97F76CEA6BFB0975E8AE2CA6DA1584F6515C724B84E4F78C330DD6FDEFB427C34FBBEC126952222B5B8D1CC06CB585EFD860457373417D1DB0D31C6875A0B307659F901308DA3E6B486F53A98A0E9E25806763C5CF9EFB1
J=-$33CEF117F41425DDCA26BF15176C7A2ED3F706BD64A02FF2F4E00E0556CACD564029A14CA0B17CBDA279419A05CC046B641D015EB9F5670FF1CB54B03EF0C6D95518CCB4E34CE28A1E7F45038198BB656C141BC74DEDDFC190EBD74E44B7705F5C99DBA60D309CE1562FD0E0C01ECB45ECCF985A9A4A712C3CCB56C5A88084720A12E39D591E92C5F859A11AF286C4CEB5D9FFA30D3A1EE3720446A2A0719E37E81A77E7F1B8187EB3C157CD7618CAAB938A50EC25A40C174C754AD9210EAF781EF9FF4AED346F62FB3EC8AB4E587BE059AF6B7C5B8693882141A0B8FB692A66FCF2558198923952BBB21DDA439A58BDD349B19BF6C03799D77D76FC64E8F0CCDAE11190F07E56441E38D9FC5104D5917CD2F3369245FCE9BC8054139AF14C187AAA6C6D976C
T=0

[37]
S=$1BB2950B95
W=-$3B28792649D1F00312D8F6811FA4ED6D9A3D4FCD0E15FEDCCD5514191C5018BFDC8B4520DFF2959548FA6C71DE67D591BD86689D33E2B4BBF144288F7A8FBC4B309607505F99A88B68D93D40ECC44ACC6549881CB4ED54E600412BB2A2800864D2857AFBBF6043E12FE73F5131B1939D7721F9A133A0CB4A1E1204EC9751AB49CF82E41D490310A33D4CD53A6B8B551AC53
A=-$98
B=$2D2
T=$1

[38]
S=$2AE6CB
W=$C989077A035267CAB090BAECF898E4352B17526D27C28D9AC6DAB31368EC0F0037E6BFD1165B4ABC8854A0866942AF489321CBAF013258C0C13FAF832E6C4CAA5FB8E88F5E4DEDFB412F786E0A7CD751573D491EEF584E4C8AE12930EE3269E32F846CED5914FB27FFF16BA00F82D3A35D7B8256060BDE5A82AD0D8C990A23DC5285DCB612BF85766979874B9C7A7E1
J=-$C69FD5B73E06104E84B0CC61FBB08F0EC137D25D7A22F12C8D8889C09E7B19BD8BA1606370A6447875AA1CD1E0F3A1EFC1487525276476380E882D3DBFB304F47A9AEC17CB9E47A117F5D5CA8EB8F5AC17B2049B48D4B67489DDC0B0B1FDB34C4446B468C2B70D1D62936F027B6C39AB47E0B222FD8A7682ED526ADA838A381059C1F14B1D0688909107829CDCDDAB02370A1C911F84E2CC257741A282AF5664C5D213161E5135766E7972364D52BD2E5AC01741806790F67C1D3CE1E9D2734A0CA13906C4C44EF58B47EBD948674B4CAA9019E01FCB3BCD6289EDF50DEBFC992ED575680A085EF5A3EBF721D5293647EF3EC595FACDD6899046419997AED1359A38A79C6B9C792187105D56919BF38841C6559C98E409D5CC7E04F531885
T=0

[39]
S=$72027A
W=$1F9C2D7646198CB0BFC619BC786E8654097CEEEB7E2F6992F62B3CB6D9492957F630B24F5AB8B6221161D9546BD5FB90918D27CA1BEFD58717CE7C989D00719AC700BB0ADAC1689F3270111AB0B1AABA833AD7FB09A389C67D2D6D452963556819519C50D2FF984B747A5B4AC913BFF01FE693188B5E3903AC6610BE35D98A2F5238562D5E5263FDD9CCC70D794E4
J=$2D867071A8C06B1B978E8B461A0C6EE1254AE6B7CAE42D0433C3297259B92BFC5BC005027AF37E1A88AD9EF43946A67B4A15ACE2A01EA13CA22380221D08EF058BD6792814E51E93CE932FBCF73D849F8E0D005D5FE24A38F3F4593DD9D23B0DA0500A31E46190F7D73637F42CADA843A4B817EEC84AC47ACEAD7C51EF7E2EA1DC76EE75B4D5FE567CDBD6F554774A4DD0F4E592652C34FC32F33B404EB0BD5FE937132926CCAF55A1E7B70EFB30CBC47AB9056D5DAFDD99E77FC04FCDDC9B8F4A53AA0987E3C5FC3C84AC90F084105496A53CAD3FA5091E071269C3EB2395A27E2D746FAF316C21BFC09203A571375A4E9D3DD4338B036429699E066EB0BD6FB69B397C0F6D52DF03E16CDEEBB2EB2F2133F6192DC86941A4A00CB9
T=$2

[40]
S=$991
W=-$20157E7529B805FD4693EAAE8A23C2308217E8392D08F4013C01656D93BDB003E1F217052E64AB36057CF8FF0987F671667033E288B6B3E5585E54640E117D0ADBC20AEEE30D45EB90EEB2859D09C80D70D536956FD794A1D5237F76D9BFF83CAD8725AA62FCAC4CE403E9930171C2D3F847BDB4928253C7FA2D1F8D655C89BFD2E40C80C462D4704619CADE5F
J=$ADD3DD9F136A51CE8CE1ED6A095D645DA5A1A1D097E91F130A6152A186B358557AEA31A69F34CA0D2CA7335146B336D4E74E6C8743CE24AC1E584A4889A94481A63B76E5524D2B16024C6210289695AE853DD5236BB2796B6F6E1608CCC22FDC4D44B14044A8166796713381313762E8FE675525516F303D2A507411170BEC60AACF2223F007937CFFA423E77BF16A164142ADF8D0D6441F0C9FDE24E21D8AEC557BACAC206B28407CE75CA55B3DD03731249D69F76191E2761E78EEF44B9BDBC5C1A061DC61FD6410EF76C063070EE951ED6023F975BE6667CCA2A43D8EF16DF31A550ABE55F606942DBE2E53F78998C5FCC9933B9CC5A229CB5F7311915BC8570E675F73A5BA058E1A543440569FDD89876911C35D19B1A6
T=$1

[41]
S=$101AD69A
W=$E55D7EF5A668FF9B7C10AF083CBA26B5D560D13CB6D5D9FE29742FDAC628AC987ACAF12D812C59634ED7FAFF23986AE6725893FB67DE41CAB7CA99BF4244B75728F2EDC49AF64FA8A4B2A2E8F938B439620DEBDE590FB1B4AC41AF5EB11EE6189944DCB79059482A134A1078E561292F5D29E639F2E9A038C6ED6BBC9868C0601A88158E0BE25FE9750CD126
J=$A569C2208960D7020695217BAC81CA7363AC894EAB97A52C11026F0BBD1965B8A4227AD7A12A7E01281EA00E7D3682038DCD9665F612189AB66F539127A4F239AB96F49F5ED5C81DCE241AA46D6FE810764A82123FFF8D63762D3283B735544D52A28617107605313EDD1BD2F520D38F29D6C6FDA637922A73BC5B79918A20E5CF7AA474FBD0607BD8A6C476787511756A3E9BE18DE2DA16AB0C770F04D9D28A85C248B71A4EB3F8D68212206D7B997C0FC5DE91A569C7753F99956511E19B3ACC75C27B6B65A603659F30B5C87E4BCEF9AFEE1DB0CC05368E2C45CCDA0C6C7A0F8E1F0AA421927A9988AD531ACD0BBD1E50FDDD82E1BA562582802488D63B13D9FD1778D3EFA1C982E49D714FEE8BD10F75F94B7F09D34
T=0

[42]
S=$3E6956093C0
W=$3DC3CA608372324BBE20C013442677E1537957DD83C21E02DE2B10FBDC112AEC357BD227D90E2B1BFFB51D9B6C342C716A3C6512E76B700E10BCFF959C940FC6E9D5927945B216941E8F2F1844E504B104E4AF86A959C7D7F98494A64DC7AF15195D8E8A3B66F0FA0FE9938375B471A0E26F443A9A8A80C475B7AA3AEEAE62C7C92E860C1DA096788B632
J=$D41A127552C0E184A9B980170220898FE2D4436736657AB5573EDF5C098A124A84471DB52459A621503B794E93E0285E2D18582C20F8EC72682B45A304A9435820E4AAB301DB2700DCF41B450A5CEC207E56E376194C20094CC91FB784F91B911EACBC5A320BD82352EA558D9ACE8EED0AE991577EBBA65E19C6BD1FC57AAA546B68F64EC9D31CE4A29CBF7E59442C7D4BE07D5093AAB62B2682B0ED945FB54260E37D0C210875E5F17D5BB67A43A960426AC63C15F88AA416B8C90512B249E2695BC4781D5427B8A7CAD088B079E451C7C139DBAE2FD76E1E86817C9C5093BFD2D90F6DC4E2D38D43574FA1C54757E826545D38F44C9CCCA3E3358B93A4FFF8AD7F18EB68AC3F18FF8956B5DC91D11AC99CF5BF
T=0

[43]
S=$3EE3A4C0
W=-$132FDB48CB8A4752D7B1E02C7EA002A770452F7B545F2876A96B3DD8D196498DBD1BF6D295D12B3F5F2786D5BB12C5FEA3C24C9184E2B0D0B8A56E445D1B9F5A082E655A644A8F71DDAD5B1206D101DC707F7580EEE859FA7ADFFAFAE86C9D04C4904C97A3D5F7728295100B89E6E1766F5749A958CC2E3325A1AAF3DC1D68E60A4B2A9385D8408C
J=$15A7AD82805BC7408663C55FBF590D0175E1269BB736FABBD582A6E22FD3ED85CD7767DAF5BCCC573C58208B136CFA79FB37B836B29F2D21168DF0D71BABDFCF1C68174DF7605CE93208DD506986C335F1105F3F8BE0C6D5BE81C310C3420B4EFF29784BF376FA31D89EED4758E547DE528FCD3F79E9668C709D1A48D608C7AD2390EB3AA6D92064B21D66BE606F9CA96328C0562F08F6D863EE088CAB801409FF8D61D00E880B627A5CC7D42066A8D539133C8BF3F9795DC1D85C79A1611196B78DE5CA903302ED1810167C400ADF4FFCD2E00019AA82331E5D08228899AE8DB9CF80E2D9B65E3BB6BE2E8EB804D898148AD4C5987E166E59A63A182D2982A15B61AE8EB1D7E495AB1DB2F58A7F51
T=$2

[44]
S=$212A8D4
W=$DD46B51E63370CA35A0C2D1F7D4E3F1FD08B3A7C731CEF8902FAE77065BCEF48467E6CB5DE098853CF43FB08E59D02937DFE55C706AA67255D6676B67060DB46002E407C4DAFC8BC5FF0F74560AA6549893C69E559775DA050D81E9090B70AF58F0E03D61C28EF0B5005D0FDC60293D7131F1417F3AA793BCC55730E5C988A7494F8A94C548
A=0
B=$3
T=$1

[45]
S=$71BD0CCC
W=$E6C537D44F9F0623EBBC48889A45AF845CE57B9152E569E5263537D6D1C94DF138655549E9291804A1B5E7966DB3CE30524DB7DA0FE68B58B733B80AD4A3C846424F2841D6DCD59FB89B20F8452B1045C4FEFC60252EAE72D6CF270CDA0D9F980AE8026942E9703F4A0A12A10EAAC4BCA272217BCE01742879DC5D2F984AB3652B1BF2D4
J=-$BA15930C363BFC7F27D855F2526F5D024FD2203C884F765B8BB809A14BF93B1C396B328F7BCB8CCDEBCCBE88536F00967B77D980A62C5B287E9E91BABE2CE45D071238B50D17EA58EF519E850B1BB8224F49A9B6277B74B97E6F79597A648C4D8CAA3ACE2E7BD188860567EE244B4F26FAFA58FAF210644AC63080E50BEB4EFA22535BC84AB9F98E1E96D8565C908E9813E80B0E3B20B08AAF9F9E82357C977D07A4A5E1CB987134C5DB1424CED88D60D1B7A09E05703E48527A5147CF77EA3A2A3AE5570A5087A0F800A5B205E6BCD9B81F45D820BC1185E6547034E561CFC42125EEDD7971E1542579E7AEB94C3B7F223CA64FDC05FF2AE18FEE1EEF30EF83D2735CBFA415E9E9
T=0

[46]
S=$C7762D41434
W=-$44BC1578AFFC295C0A3C57B8E88CA111CE87BDD54DF31B40AE2B7B2C81CA3125582B5D04D12710797CBBF5E65DF759E0385322CE87ED5B18EADF6DCBCB205D2FC60D8B0DF8078AEEBB2723B84DA39DEF368504A44B46DE18C6F6D8A7FC4EAC0B4C77290A94531C9C8350613C17DDC15D4B8A1E4A9DAB7762F7A747ECDD937C254378E
J=-$D555D718AFAC20A4B6058AB25572756066EE5B222BEB7A434767130BEB32FEBC087DA54FA47AD0F6E87C5409555C415F3A1A77A58BA74046DAF4BB422617B39D29A6267028059A2AD4EFD4830BC53A7C7867492A97BA3E3ADA7392B26988CCD3DAF6CF555F036773CD714DBDF0DA15F8604695876AD9F676C33A8BC51FAABC2B933FC610F2705FA742515696FFF00E0601BEE6C04B3BA6EA147A174E6ADFC2F47FB8CEFE5940A0F2218DDEE14B0479C498E0B9040D1EF0F4F9797AC230C4A5D81A86F91F428DD7A0B547D7084FE4A3163831329938226AACDD578B03B76F6C8C9728F9B42F114E1E7DA658E0EFD02C3EB197A05D1E730E27A9F95DE294D467392B616942
T=$2

[47]
S=$17E714
W=$C80BF93EB9431492BD6B4FAE87C4A6CF382AC098D5ED2290EDCDC69DB51B9D8FB3E723274FF5240520B25FF94C7F4665311BB3C289FF84580C015780D33CA3D7E9CFBBBB521FC4356D76A193DE5297BB962BB51FBFCD227997ED8F1F6932358BB8F0F56C83DDFA32290F77840DFC1DA2913DECC2A24986573F15B487695660C
A=-$7328
B=$1DBA42
T=0

[48]
S=$39A39D
W=-$1526AD2B9A4B9397D318896FE2144E5D79495A81F156731CBB2E0CBCD7EF6E5FEFFDC1428835A06E5E4FD24FD4A264CFB70A6C665A91185270C3A32234A61BBC451DE72F2A4D5AF3221D856EB39CF2C2C5B2D23E9EF55B489253980C5BB946A6428DD7EE0504145E201B9B2AAF2432B9C7BA37BBD42351F3E3106FF69D12B
J=$15D29B55C7F5D31CE9650B3379A25B2B7AE6990EE4219571861263EB0EEFEE5BBC1EF772BBCF2FF1A25C5E0B902DCEFE0FD2FDB0BF111A31EED04D1FABE85C8CA79266BF3A39DECE69D74D95A9F3E65F82CAE08F8CE71F8388DF3D348082B7E6A01F4DC4C5FB4E4EC2D5D158F46CE28D516B6FEDA35DAC44C93A83DEBE92075819B77E3C22AC58CC9FA169BACF49DE067D170FC5545DE6A5D364BB51D13EA9EBA5941FA4F865EEFEBED7D6B6D44FCBB093D8B51C823AAEBDFA8F1A1D441B2FD024447D88EC02E1803472E3FDDC9B088BB9478ACD7CF818BA7F2F306831C14EF966091066CB1A7FBC1D8C674A2226C74AC8E85B902FC4F5044F703A39A
T=0

[49]
S=$1E168F
W=$5A0FF88E8B7B82A1EFF294113B61537FD817A9BDFF799D7EBED6BA2A3679D24514DA1219F0285D229A95942261091F7B39090FAD71243BDFDF5A277CFCE2EA0D6ABD8EBB118A2CD07FE442D2A07965C253D524D85FDB37B8BB3E810BF7372A0851CA75B6C01E4754F39ED53E82816EA47DFA3712C37428D13A3970C6F5
J=-$14E702D83F8C1F486AB30CDC4F15C67D9883C3A66143DAFABE96A6F3D7830796DA2F486D2D407C8CCD3479B16F61F74B6A8247031D0CE8BD6A35E131E0071A72CBC3461B39800CF36A94903F5ACAE8E6C0A53C195CFC22DDD948D65338127A860CE564F175296E5EC057CB401469846A45AC0C791984FCE947897594B7F010D9A213DFB8958DA1A790124EF94807AF7C06C9689EA8C5C197971046FFCE38395DC1C75BEE52EA0BD7FA9A179362C26BFA83248315B769F083D006D7B2FBC5AEE3E0E6A4A5045F8486A52804E36575641CCF590CF2EFD27431701FBD4A0A0F2A264EC971C36CF774E59508D29B080BFD28E70D4C40FB05292C0E5
T=$4

[50]
S=$4A0F08
B=$2

[51]
S=$D04EC
W=$14AD43DDDA3FD04F32069CFC7F472E38A7B5FE8AB42364E4544849FB19B51F01A4136284E30A04546B9CB3D1F3863649953FCFBA1504E123A9BE311A788FC251F8F36725E74B68C52DCCDB3C1F0D6E1148C253888DA12381FB20C34AD2EA4FDEACC8E64B6BC3A44B84D793E466CC389D8DC3C155B72DDF4C9C892
J=-$1032D8FAAAC3BC44DE4FCADFEC2F08F90D47D8187CE5298CCF44C591CCB9DFDCDF2ABED92D50B79475AC71BE896E86C03552B7AAF331ED96A804E703274C9A465F6B8E600FAE604AC389C61E9F794F08D7C7D6EF8E6C678EF72FEEA4B6F9D7792D43445B842CB7EDB92DBC8989B154C8632ABE9BBCB4BB1BB11CA12236CAB433D930AB392A94771A1AC6A7373B74EE66E7A27612D7E8D5B0B058FB3F5BA1B64F704E524F029118C60A0F8770F2D0D33E4098A66C84A4F4A81DA031D86D06B8D7ABCD4AB52669232630CFFD6DDA7711465851136349CD11900FD68F51A86431C20610C54B8CEE3DACA8B3AA6DC4037EF6FB31B4AF
T=$1

[52]
S=$418CB0
W=-$5CE41EC6BC6CC42CBA341AAED54442695AD694255636137F369F52CAE5FBFEDEEF296B8296771A5926DF86D8B9A73C0EA8FE58890740ABDB0A053008DBCC2B34E46E16D5E752986B74CB3B80B2112508CF658592A9B64A4D329B6FE9201131086611343DD9224606F916E5E9DCAEEB5BB86E14FBA9BE52ADE6
J=$10CBA0434831E8FDACE1D39F4226F85253A1A55EF440C7A9AE657760AAF15DEDDB3B0BE6432AE6E01906DC4FE8CC8680FF9179D990DA37CAA861E1C4981DC55035D8DEA4D9D17BBC9A7FBBC4A6CBD30E4D9D1C414E2B0B80AC45FE96487398413354B87E4008CAA80BBD37E3C19618D1AE7BCA6CCAC8D049EFCCF8E589153041925DB017C29913B6EB266F30DA6229A7F19617BE8E984975392951E4AB92A6CF3DDA892FFC4A285A5628A95467EEAF5AD95C85E859585045F49F95F5DD24663C65DBB5B0393A66D1B82A105A5DB2EE25A95357BA939838730094CB0C9E805B4937605352C310976AABFD6A8E8DBECA166847
T=0

[53]
S=$21B86DB
W=$6A9C3E3136B6A7189125C61C082FED73E62F1C923B1B95C70A44366B36B154B07A940BDBECF3641E80440654E23C19D91224D29641E5FFFD2F03F1F4DDC7942DF194A5F3764691318B58CC27D0C28510B435CC83166D5151BEFEE21D27FA58509E3FBA603509237956040068CD54508871EB39EE1D206E1
A=0
B=$B
T=$2

[54]
S=$A0DBF2
W=$C7AF5E7A5DDD00B446BAB1CCAA6661B2FC709342355572E3460336D301B8266C6F39CB995D98AF0FC57E716C20D815EEC39FA10C8C60234536E1D2EF97EAE0184CA1C6A729BFE18945CCC97F0575A158E6028C0743A0766BB5CEF156AB453F6C467EAB6A244BD42D035E89DE3C0D4FEEDE7CC9BC1B78
J=$162F8EEB8C36EF0D19E7A2FAF881D19F0C29FDB2062852F5C3BCDECA377E1A2578D27650D5946D5E646C99586A91D3893ACC519E3844FA664D777CE02DB82CA1EC4169F6CFE4AD64F73146FDCF4E45DFE351FB517224BE98030BA2153B9DE401CE75F62CB836FAE70B4C0932BD27217F4A2887717F75A406F4AA42F73F80030D6E2B7191BFF94E6F6DB27629A5A22FEE58868FDD9A0A4148CC4929CA9EA916B29276BE9CF98AB061A3206EEFE3A611D8F6F6611249E4BB1FEDA6BA0E3F4EA1418053907B14AB83B5111C2709133A6C9ACB9AF5D74EF0B92C6D8D47322443AF74FBCB39181FB6A532BD3EC098
T=0

[55]
S=$1D13820C23
W=-$1699496F441B2E2E6880D4BB6AEE85D4DFFFCA342B129AD05B7A29B92622E5F20BF6A72FC47A5EB70903FF85A61DF5BE87B367BD63C3B7D99A7B1E2FA5A483505B0273EF19CD0B27A1EAFCAE9080BD971A097629D2148200526B6AE503FCFAAF35685A241FC41D2ABA2D642FF65F933FB9983425D3
J=$3458033AE94ADE2E6FEE040EFF8FC498DB7A67AA0C4E85E4409C4481D16A40CE962C4D4BAC07238E939E18D59311AB31C30DA0F386093F0FDDCDE5DF72EE74F16E3D0510823EB3428705610A9E4E7E64F6AB8CCFD93321BF3F17E8B77780F72BB860A118A5462F679AACE7B3D09AF9D817B25A3631DD341D18EEEAB87133FF6369CE24930C0D90296444F92300098CBF57EDE1B28D615C925611BE48A4599897D893E8F7E5C0D4DD30731EDFE2A89174F5B71686C536D26928150AB2723059FBC9D02D5247AD221B0D5D400E3310BD41B03352222EE55BFA89608A1B0D53C07ACBF827A01966F6A52F
T=0

[56]
S=$59930E8F28A7
W=$394915E2B2359FA247B18B845B3778D9F5AFD3D39B22DF4F4C4C8F0D73CB00CC695C477172D8C0BDE2CE60A4F1EE758FAA654316BDE911074877524283AC3D6AAACE46B30C84C8FF5650F66DB0F03E7AC3CD74FEFEBC9ECD0C2397F9E0A7C2E2401AE9642DDB4C0B05D912D3109AC0427FB0B
J=-$205CE69CFC89C552B0551F22CB0ECBF7EA07200ADE9CF8DC3986D3C7F15135218749CA7BBA7CEF93F6919C0EE05CE78678E6E76323C91EE13EE81B59386F1C4747FEE13B6FD38FADE3A774A75C06798C15B8EAFEC2FDD7B68460FACAD0E11BDEDA51B088FF3FCCF6AF93F951AC8CFF4B9A55B8CF508F03874B458DA01EC4B451B4B0D2673D737FC76EF5CD30F97210333436335CAFEE270B446AE660A2B473A2A9BDF7D9B0936AB05FF4BC836F40E3B46DDDBBE585D67FD2B8626D8CBCD9E3104179006AE0D71C8A23B3ABD1BD8CAB0D3C7D62CCAFD5B42583F9D03E0A971DDB0747341B4
T=$2

[57]
S=$1D8922
W=-$30F6ACA95C2BA8DB549BD576DFF26FA303F76194EF25B48CA864F55CA8088A320872BD3D052E4FD9AD9B603BE8A8FB406411BFFD6D79CC90CB1851F498B5EE2A2666AB46A0FCA6F0099911D3C6C7F0F95D3A5D486E3458DD021C15F2EF7BFA5E44530A17008E24D964DF3A98AF67090
J=-$49FB8EFD584B639A73D4761077EBC3016E63231B1C62636671894D06C1675DB065CDD2DF7C551E474586111DF6B610477EBE30C2EBA2BEAC49CC144BBDE1A7A4038E25B9EE692E2B332E0412DC4F16346DE5E27401BDFCFA96338D471F646D96284328B1A007D9BBA9C86306EC49678EF724A5AB3AA483F52D05BE77517E4560F0AC300AC2054AA6E0B52BFD1114BF2EB9E7909025F1C0F3D50C003054D7F8B735C6040B592B81CA52F4ABA0258455977ED112AA5C6C3C63EF2C4B08F583EFCF8B71265E05BF372C96B270164A6B83477EDC3B85CDD5EA9C93AE6C96C18F4
T=0

[58]
S=$107716
W=-$8FFA2C4C311FF1D9DC08C79E74D3820FD6AC66ABA9B7D86C289F0274ECD1DE227E675DEEE241E092DB2E588E359865952A8358BC3892238EF972C18C07A8F21833C2AF016AB3AEAB9945613EE2228AFC322CFB0D458527CF7AE248282C28462D62371BFD09C18000AE82496BF242
J=-$4EADC8E4D272A7AE043B5A76A9541978E320CCCAA3B9383C3BD5797B1DC709DE1A3C3572B7ADA3638C842EBEFBD71DB86845E119C91263D405C8CB9606581586D1AC32CDF2EB61D53EE6ADF725B4E468A3F2E4D1690E8DFF333B02F124D9D25E88B678894DE6A16824902294CB5CA839B4E06B063EAAB58E5F5DC1546F9BE07EB0648FB3587C080B9ECDA8A94C2D4AE5CB7B9E9CB951012F020E3027C2402F4CBE4AAFE3D4E38A688C9D07953A6C8544662378E99471522BF995CE177390EFCCAED5F6CA4B2DB67C9897E18608C731E4E3AACF8FA4E62696526144F
T=$1

[59]
S=$1F802744F8
W=$3B4DDD0561BB41342B979AF32B8A6551D75A5335C94A732F1B9C66ACD42282F7C2B7E8F4D184B4A73E980EBB9632FC0D0E38A552C1F945E07BB9AED845406927C6F59422F23B729130A6578F814B88422004EAC9AE72E2D2B5A7B46D8CC7775FB1E93879313700F45741023252
J=-$183741740CF9208BF11255F4DBB7C8DCBD5014D69DDC7079489B8C663F43F0DCDAC4D30040F658F000E717209650E70E0C6527B83D3AD7A3A0858F0EC661BFA769A476F43EC808690AE02FF6B4AB6FAA8FB507162C82976121095A1E2D2A7199315E1EDDFB70AE7A8778541FF0B55FAB72F16E62BDA60942F551E04F37C5FDA767795921F4C23AD918154E5D00294F4A57F868934E3E355D201D2C28A9D92763B4BD5B30D8C2076A176D4699A7A20591DD1DEF00B9E1B858B2E1F1864EA53FBA6D35722DCF92D83F3FA4A74D2AB69C2F4C6982258DFCB5F7B8B
T=0

[60]
S=$E9D
W=-$8C8DDB585374694128BA461F7C474A728D02EB6610FC531E8216DA941979CDA5857D5D169818AF8CAC55ABFD5F52CC763099D8405766D49547301C5699CAA2FC7FDBCCC9CB754B9F9CA346E94B106E34FF3218E17C2E2B05C5A9822DB3A612ED07C2346CC559DF0BE2E35
J=-$104E6F627707AA896C9B31D320A45C8A0504988727C46348A9685DB3BC39F4F7C177AD61D6B13A6B13A00B63B9FF4AC6B929A5C6BA24641B00DD98A1F0E73BBB9C0A1F31F92E7518DB15383912FD7A4BCB1C11C5328EC619961458B978A68A8AE519039368E632D8B886AF40DC728FA4DC9728E3FE134F56A8394EB8BD649417FC403049F1F8DE63DE8E5A6C795DDF2C7A3F82472E66F47B017CC668B8F97EB535E408B174FAD0ED7BC5E9C95865BDB51AA68B84B49B131F0933BD977A698C2E6967C42DDDA599502BAB495035D1A23CAB34FC06DB
T=0

[61]
S=$3B46BA1F
W=-$80F05C3C0883C573D3945115F1837494DC034199F181F34150C2959931F838C3E975B5FE281B5A9BB8F358315F33D43CD7C398B050220CE554A6913D4B8F93FDE930758AD4B48741B9FC688F78FF8115B75CB62AB80DA27DCCE515279E66F021CBCA531879B9B8C45FB
J=-$1D09E596E2A11983647AC9402F3E2CEAC5C8CCC89C22E9F5BECC1B80EA9CFD37B33AB582560D50ADB941F7294E430D4ACB0F1A9EB39FCBB2F386BFC3AC9DF418F9FBD2DC063AABEBEE506482C6036F84DA935CF836EAAEDE754533FFB8BBD8AC3AAAE6F34490138EBA00D09D28DA0C51060F0D550A96C667661A530647EAFDA0D0D1370C44B4D2CEEB014834632E40DDACC7A71C20F80DDC6BC82EE51D280CF8833F4F3EAA39D1037CCFF5C35394F9324B18CB6AECA715467B7AADCF7382486ED358D32997C295B8096C002FC21727AC64DA914
T=0

[62]
S=$1AE1C1834
W=$3BA4994403DA15AE4D0769B410CF14E37DD4D32E9FA2B188BFF2065A9578D9F0D204940F1B6D1278C3BCD71122FE8490CBCD86016EAF5CE189B558BA294AE250366B45E96841A2788BAA88E67F988B4F14FEC013F5B9CB741DF01349F6F7775EA7F08F339E104E02
A=-$23
B=$62
T=$1

[63]
S=$482EB14
W=-$2B980373A7C2CF939F5D2FC5043378E97ABA71B19AB851171A5743B303BE830CD571F2C351E0202F013488EBEC84A63A49256987597FE92AFE8E9B7E41203E7E897F9A297B951231E5EFDBBDC54468FB4D54813EF5A5C1DE63393B3D863EE88B25800B95A3A0
J=$26DA931F5ACD8DC4F81ADB1451A79CF363F252E31EAEF41CBC8DC4D9DBE85D4CD1BE700383C65A0BB9A9B39214A52BCAAABF27F9457FC80FAB5DA8AF365EF7187EFB9B66C1B28C7B4A5D733D7401D8911C74B5E4B67747F1BB74C800930C40B8BBF8FB214072F7E1E0C52B20D3A80DE705AFF192EE1324BFFDE3CEAD3D921616BA1C749491913BEF7167C5EEA8A49A216EC4793776016E8B08E584828720027EE0481B13825A96C98089FFD04CE79CC4992525750147E56EFAB70C009EB4D248711E89B98B4D66D09243898
T=0

[64]
S=$8A0B402592
W=$FA05AA873CC82B77361DE35996BB4047F0BC67B3FDA8CC711276ED733FFD07EEB9FDD76C1F3F6D6312D950CD2E3864C7CFB4F0C423FE9212FDD85FAE548FB9D83FEDBC4B524DCFDDBB7CA7075C1D8CFAFFB7E9C5EE6A8B69D2E7DEFE23C8D25C4F47159E
J=-$8DCBE34DF72E5581DB858221461D1285F9392776FF55E4E747C346FFF7BA25DF53C5BEB25E989567B0655B5612B97E3169C9D323D8A8E51AA8DEF1D0A202D9E4034AE434D673D90D855970DDFD4BB6786BB2920897523C810CCF3624553B1D70A1B08877BF80B510FB455575342D33D27C3786FF305D32EFAAE71602836DAED9F21DE8AAD4B04DFCC6A7C5474C997EBDA7BBDA9D8A5B2CF7DA426F871DF3B1D577E5D9C1351BD4C64531EA856B679D1860EBE58A9DE8BCF325B8D61C3CF005B2342A4F5E637B55B4
T=$4

[65]
S=$E2
B=$2

[66]
S=$15F491A6BF4
W=-$41549923DB8F38E44779FCBC9323059A12B4CE990A2DD1C4E057AB66592DD2001742CA8295A87D88C51C323203E6667CE099F7DA094BC387A62145F0506B87D226D45EAE715A3ECB7C2C2C9277178342860AF0F9E5190EE6F8237945B3F6D61B662
J=-$118552B578F91F8DED563694956647605AB1A10829161E2A7A9B81F9669B7DA7FB5AC604E2C64D63FD8252206D93162539104699A270F350E5AF92448EACD217B4EC10DFB5424E6F58C435EAFA931B85F9D96E48E10D60122A7BE08E083E78F19A5217778A8E14B0C6C022AA8E7FBE4693661401EBB365CF512BFE908EBE7BB48E8C530E9591738DC32B39A66162E39B5B1638CAF88267399FC89F4FD2C188A6143F0394D546F83B8C2C7CC86452353B4E5A28FF8EB59E9A661EF36909733942CA08
T=$1

[67]
S=$6DBAC
W=$2A1F62971DB164C31FB729FC07909F44BC59628C4B88C42BC1A2583A097F4CC7EADD07D470A63D2E9A41DB0170A4DFBBF29B417CE58D91FFC46DE62FA14B030350B5E742C23E8D08A0211625E980BE0E7F1A941F0B0B7AA9DF4CFB8D5DE8CA
J=$6235F0776F446B96186029833E3494838BC2728D860E337D403559A3CDF962F5F11516A4E734E777269382B2892E0B81B9847B00D381EDB738DD8BED0ACCF5F60B505685D2519348B8042BF3CEFBC15946F8BE189554144CE7A1E6C77FC9CC7ADC71C753AC17FA8531B3186BEFE556BA060E8AAE75C21FCA40FBBCABDD00F37EC2933EC7975EA108F67F9B1FA1B150646A04AAA36BCC67154055AB548335807E4F0E4BCF4B1997245CB052E02797A09EDCBDB13D987884CC509D300D4E
T=0

[68]
S=$23477522EDA4C66
W=$15511C4C409C94D94478F2431E639E4345F158CA8813E73865BD01ED8F1C8DDA8BF9F96C807D16BDF164D04DACA6A4617EA9FFEC74DFEF9B954EFE89AE08B89F39007FBCB301B2BD949F759FE78C5355C3429F387427EC1E5FE0EFF634DE
J=-$231020AE00C872B4CDD9CDE791DD823F82C22163E4F7671F3D0139E4283288C43A9F17CA99E7ED7C196ED88060EC05A826BC62A6FE6BA9BB4CA1B54E8A661B8A3C38B7515967C04072FB5CD2AED3A647F4EE40FC99CD07FAE1B70E6FC1DC051AA7420DEC95F89813A49640D89CBE508064536F02CC4D80C8D5B6FC9F476E776BB9377A780C17A038E0293694840463CA4A1085765C4519A9A4E0E2FEDA6BA94278DB7CA3C9842AA0A44C7D17CBB250733BB615776D6E5D51171255
T=0

[69]
S=$32F78D2E
Q=$2

[70]
S=$71DE
W=-$2145C30B14ACF128B94A385675C55BC1D5DFE62428533E46FC526C988D0CE7509158E58F9AD86D95EB647813C4566C311B146DEAF317A3D8BD5F879EBBE8E0C1254C017E6E2C7DE94D248925AE362A69083E614F236967F74
J=$E0B9558D3A0F373DFFCC5BDED5A6F89374E0AE53A06136DCE69F7F654F0C0E450E44BE3614A21B82288F6AF0337F140C358E096126B5FCC21BDF947072B4747812E515D978A9F7ED84DF5BA80D0B591D06D6334E5B63FFA0F821A0F4224B1ADCB61DB983724DB20E4AAAB168086A6B9691E8275EE86B7660655C15B1283C5C60E4F2BBFB5384B0961F9AF8A6916E0FD760F77AD7EE208BF91539F50EACFF8881D8CB966D4FBF81F870E081A1A4D2718
T=0

[71]
S=$548179
W=$158EF2B500B0938BF9FCDEB37307E5C5652A24A9212897B135B226A17DE1A4D0B6EE6DA1BFD5532F236897AE7AFC3F63A38A6451C2979EDA1752A82BA7C51AC3F587FEE8045AB6D0521930C9847973AE63C08483A9C4B01
J=-$128E67A6A9D3713AF0F4BB84F6BAB05319BD931CB89F8A07EA5ECD07F25D4EC1E11EE569AD7342AD93F5A934EB63BE104E3B631782D78C6801B0CC80DCBF4CB484AC5D4BFC87B77C46707951D94A97AF0E17F2A33132BB5C09C6DF32646F06B9374D3231223E0E0171A16DD094BC4EF2EE1C61ADE2913568EBE376DA0E3F5834F60FBDFBD0742234C46CC94EFE7078AEB1D9BBC900EC8177F875E153BF29960C129977915BDA2FC2BA9A91837FE43
T=0

[72]
S=$500A3A6
W=-$E921A9058C81ED217DB2AEE4685562AC22123778855E6D2D5BD0442A5EFBE0EB651916D6AB9F02F606BBC547E13A8B59435C2FDBE814CD49673F02774E7BAC0E9F3E6C049F2CDD782255DBBCA66048954C1CE652B2E
J=-$3691F0FBEEC11F3CB2465B233D753EB7359EAB7269EBD13A75BD8D70173803A6C1AC8099A2FD0C60BC1F46E82F3D434106997043D477193D30060231FB557ABF6871874296FD6B01993CEF476FD27258E88047A23B07A8B4A3D162598418E02C8244EB84AE981568CBC1D4C5D3BA274004B24BB1C6FB4167FCA748306E292997C1329E11BE3A21CECBD2B6A53A9134844ED41964070A045C79E239BD3421207245A361E248C87EB5A38662A
T=$3

[73]
S=$DF00E8AE424E4
W=-$C8C25A54FC143ADB1B6DA830BAC445AA35844B46087574EFD597566B8D5D9C6914CDC3F33B7B9DAF3411D89DFE2840D1681809210F1E8D7D59F622059793E91A530757070A6EDCE3E1CEA4ABDA43A390E752ECB8
J=$94322B3EC0C485A86FAB36B522EE9A9CCF2353CE06B498DFE0E70D34587E3B9DBE0C1DE562418001AF36073DC59F1D53833A8BA0AD490B7FFC47CC4A16851278A5B1291BAAAC96C345996D8061F8343752B6C33A504AB36B23A3C186219DC3E69B8B385740B0340786A97CC10CD88300841FA1543994205D527D61D49A2AAA434B809CA3FCA3EF9B577862080886D06C7EBE25EA6603FCD8BCB5DD3E44E32BF3F0D0FA40143F20AD
T=$1

[74]
S=$22BFDC0E64350
W=-$630176124049DEC7966E32B62EAE7E1EDAD29CC3B67E6BAF0078941D8BB4E826339483ABD4BE5C5BBF49DF5B7802D27065506BF1F9FABEFB483E6F6462612F718A7A0068B2D67E76D2302CEF15258F4E88
J=$3ACB236981C7D97871CE42DB33838842BF8930E5F2C80A4FBC4066DFCD35259CE732BFAE86CC194F14096E5E57B456C7EE8700A4AC34C63745DD45F99334269CC95228CB60C4C71E331C214641DF85376D5833B32FF08CD56FE154FE161C8B34ACCDF29BA7EEA37E6AA252E581A44005D94D16650B0426BA6221AA0DEF9C774EEB3AA00EF551E4E4EAE45D1B8541BDBA8B52DE0DC9B43D49A32257718C9067F8D6E
T=$1

[75]
S=$20862A
W=-$CDA0BAAA289A4072F6C8299BBDBAE1B298456A9F75ED3E31DB6F19CB171ADB43CC763B8CF28680E240CD93A08839302EF60C95EE4466178F1236F13A23B297A8CA042276432D0D4A5B3B9E05068
J=$15312A0D322C25D41BB49FA4110562B6C0BD067A763ACE986EAC697922AB1533C2F0DB9B203E8B4A197C81724ACF95D823BE93C372F5D3F394ECE3A8819DC38D25555C2DB77CFF208DCAFBE55203C601ED76F7ED606EC05D341CFB90C209D3B5089899099105F23A376487A2AA362735BDDDF31E1A57BAC86C4CD11D1FE7425054A0CA2235CD4E4960120ACBF937303B1A635126B781AFD2AD23B76
T=$1

[76]
S=$A4F63B9CF
W=$BA0E4C59E5C93170B93B0F9E8517045B9FC7AF5A3DF6E3A29101605344A9CF4E4CB377C2A5EC72C2A30BDE5B7351B4F2BFAA7236763220D334EEDC91D2F49C02DE111544CC530DF7B52665285
A=-$98
B=$2D2
T=$2

[77]
S=$EB0C6034
W=-$39959AC7D9E75932AE2CD31CCDA4D3E57C756CE5935209ECFBCB7C126FABF9C6D6463A692E312B47C7AD0F9287D7C49C6FD27F5CC2DADBE15A998208E3BF6AC2F2255CE1485CC8D78A3E8
J=-$35C70BC28B4ADE1EA14DAD48F7575597EACEAAFCF3FC2DDFD95A10E6D150D5242C6F65C2D4F919EA01EC17C3C99E268813DDCFD87B099FC5BCB798278BA22A155FA77AE0A49A6D862F49B97205D360BF8B640C9D0A0EAD1DF96309B8DCA3016A828DCCCDCF33EBF61AB76F8601F286706D4DEBD44CB5EF81B1A33C8A251A321BB988F541DD34E9217FC580B7F45C944BEB98CEA7B
T=0

[78]
S=$97715F
W=$3286BCAAE3113D6AABD7B2E62F92B5B36853CC52FC69556668FEE428B36000458B5C4B3AEFEC951C186D736DC892EEA561C8A3200DC4C291B3AC8579ACA45878B648CB3C5AEED048D
J=-$2ECB717ED4217DB1114751EB66E5FF48B0ED5FED22C42386274F6AB7C35FDD7348755D6A214DAEA2F11F73A6E059695B0B8F378B5A74191577513424C99A17D16BC5E7B01C240DE831A1E165DFEFDD2886EED9BB5466419396226B6D9DF5733A270D7B32A8A919767180F7FD7003D73CCE3DB355E4670F856A7609FA8DC442F61675157AE1C8F4AB0F096FFADA03013C2
T=0

[79]
S=$17534A132
W=-$864C6F757B4F6F0D3F77E64ACAA7D057A1AC2E886FF6E6A6ACE20E296DFBD64BB69A72E6C5876F59E16F34834626E5171B745CBCC15989BA91A2F3AAD32D9E689A543EB4F71046
J=-$22D6A6DD53F04474E00E1A23F9365647012522A877445666B815A2038E6CB76BF74310C935F1BAFFC51266EC36442E710C718ECA7DDA3498C4137ED1FE965B70672021A59510FA0B4F78223931E8D53CA9546A39E278EF9B990F48DABCD3AEC886E016EAD8F63A33FDFE18459016F5B6ED6F15B453A571624CC380CA6476D8ABF3A7322E1FE55BA253501345752
T=$2

[80]
S=$13B964
W=$68C37032F13E274BF345F1A974FF54FA1947D859A7756EADBC061CA65F68AC14426C61D84234464C06904B12DEF13053EC5A8DA438B0A456CE6247F0CF07D781450FCFE2A6
J=-$3FCA8441D6BAD3229ABD1EC54D10DFBAAECF419E37A276C46F760E0CDF55053120E9B35265D10448C6A9DF58AEF3C241CE96092C54791464C4102FFC766ED265374A2E227B755B0B8EE0D58DC7B8AE593C856D41B977D069595298E77FBEB00C179DC3E27B0AEFF63CD96D949F930CF17D4D2B767F235A6DBD63BE2A02EC44E97E582909A8546954A39
T=0

[81]
S=$E15FB3E82
W=-$ADC19EC5C30848F4B328BDD2DA78766F3E804D61E4963CF361C54FF0A53259405669C60521DDE568FF4329694FD84AE836E13C1E26516B3896D4CCDD6D54B65D88842C8
J=$290A012E03D7FDBEF3B96619E83A3AA45FB7709670FBC568AA97333ABB2E37895A94E5A2ECA74A95B1AC6772FF2A277A8BA9904D83877F0945A5803321A3958792033D4C98F201E55EDB8AC25FD9063F7D10FE444B40FCD07FFE762BA54AEA6C5C3534D1E8E62013E1141A5E50251E927AA6B431DCD4C8EC0F827F901E4FC2F5260F38272ADBD3
T=0

[82]
S=$C6F9AA
W=$68B9B7B3D35A2516757EC11BCC4963F9B8E888F750514FAF7586B8A378B1CC26BCB3C4922DDBD03175809DEE65C6DEB5E19B1B6ABB813C80548F9373D30E40976C0
J=-$32C78F003120E926255D3402CF03986E158D0D59B72078C39850695741175A0A8F06233AA6DF2CC987D3D6A5DE3D4C3B774C89974F4BBA6D9F2CB24C6F7810C67A49837FAE921A0FF981DF090DF7134ACA294573D47354A04FE9CF56FB3EE8185814442ECA0A3D2A0603908838E30AFD305131C2B3395FFB24129F494D71389B1D576
T=$2

[83]
S=$61AC80BA8
W=-$710E6C7B4EA485BD7F05E0EBF02CC022CF3F7291B2C75FCCC0A27485563F6650291BFA3FF7306348B0506F672436553819803F68BB1E262CB3274AFAB2286970
J=-$4FDB1267FEB1A3FE3DDBE4ED86E15399F7903AB0740EDEFB7AA4ECB13362596A8D9FD9BF7E16EA111B4D3F7AC40F828D16BC02091211AC36B2FB9786F6D485A9148F130BCBED89521F0E6C089CD2023D5FA2700B7BB2F0BD0CFA4D981552DD06D38199685702B92D977795795ED425C7D1C695F0D413FFB64AC33C16AAACE76
T=$2

[84]
S=$E6F04
W=$154D2FC8C600C7D36FFBD78F15B3598B7893BC6CB5CC4F8BE7C9AA8543130170AEC40F4C80DD0956AFC7FDDFB74EC8E936B94532A66C88DA87397763EB16
J=$D8D01B6436671E8323D741B6803FD640ED63AF08066890BECBC142F98BC6193DE73AB3D161ED1E0C69ABD3341E06950BFE40A74E4661C5874A0C778137D02DC457832DD0548CD03BB1FF9BBF75B46C77902982A701AF9131E495D2DECE9386B49908C3A37D538CB4F5B7AB0D1FF8FAA2BFE707A596131A6A3B880E
T=$1

[85]
S=$ABCB5D6D
W=-$53DB543724D949EB26F85CBEB33E02D793850185A8DD274B55F0742ADFF104EF854C2675953A2163D4703F4F5C855C4B4794050C9BB6648066C3480D3
A=-$108
B=$69E
T=$3

[86]
S=$C562
Q=$2F

[87]
S=$9A233A95FCC
W=-$10BA7E63AC65862859CE2FEC53C945F852ABEA22FBD25BD8FB19BE67D3AF56941B63670B28F1F786CAAC734FD4014E9778195BCF7987516AF86A
J=$F0D348585E4A860CEF975E0609645D345BE1D5453DA4BF27742F5D6968097984F054575CDFEB5A78E6185CF842A20BB7E8C826AF7DBE5A8789E428638BC20F4977373E2A25AC95B5186F5F3D26C29461AA26D201C1FE453D0A90FC407882798D749F7874D55E4F405754896F69439B25E5F64
T=$1

[88]
S=$862C99F1A2E
B=$2

[89]
S=$5E2
B=$2

[90]
S=$6EAAF28
W=$B054CC649A152F272115EF064718F7FD179A829C704BB31AD5EFF4A94BD1BCAB40ED7B8CF99CDF37E39FFA30A3BFB03128FB40C
J=$D97E8B5B83D1CE6ECEB9CA34356CDD001513D97BCA78A94A227A8AF676F1429894CFE0EB103F3AEB637BAF1877C19EAE5B3BE8F4050CAD13C640CCA8F9BCF90F59C0BA9EF6F27760E93DD8C3B2121EFA80C4D32A8E8DFC6B95E426CBD93F19CCE9C60565578F1
T=0

[91]
S=$101362A
W=-$1D5F7B307CD1FCB2AA382425191A8910B30CC4E60CDBA052AF4F2A408937D913C8BEF4421F71038EA28C306C03CFC60C1638
A=$26CCA7EF38F47337B5114E6F045A56B7D3FFE163268879C024E2A2A5A1DFD45AD75EF165B1F0163984E2ECF8D7EEEC982EC8FC1FEFB8E9A9D8B8F98E3AC7E28BDE285F5C66BAF64020CAFC5DE16A952EF1DE1BA42E402F3CEDCA761E070BA66DF328826
B=0
T=$2

[92]
S=$108045
W=$F8652243DB876A338E1CB8CC10FF2C706CDFF2CBE7D54601CAE73AEB56100C5561073B6115705A741DE7E0DFD64960B5
A=-$84B750
B=$24C7B73A2
T=0

[93]
S=$488656CA
W=$D38BBF18E1147E424FC9D8D504F0DDF39271D03A04FC8266819669E84C7415CE6B8DF39771D7B9E1D3224669D85F78
J=$1B01D572272EBAEEED200C1E682FE6EEB274C7702D5F4471750410A0F7EF77135612AA976FA8AE5F6361CA4F1F001456E352D0FF87F19800582AC55D987C417104CCF3E24F9756CCD256C3388AD3D8F6C7A74795911BEEE4528045ABA27
T=0

[94]
S=$244EC63679B7
W=-$D988AA27FF56485740B71E02FFB3E5E7245C5D91DB20CEE1F3806B08FE1D2E71E1A9717425382011FE5B7E448D
J=-$369E3C92F4E20A0EFD112A9B81BF4FA1E5D7179D94F64FE5FE43EA6C46A38D0D802CF86C249A2646726E7CA0547C55E65E4BBA88C5DB85690D37A498C4344B5D50B201F205531848A769E2AE6185F212C96A936C37F0B400E05A
T=0

[95]
S=$F7A996E89C
W=$27DCBB5A2043569DF4342A31E9A91C1C8F88051E317FCE3E0672661D9407059FD995456FAD92036195280
J=-$34B929D9C4FA2E241AD2496714E3FC05CA42DB0D621AB6DEECF6E23E92956C405382CA46A0B82E23711A2CDF92259634BD48BF626E43B9D4AF1EB3AFF5F79C4DDFFE60303F4D56E7A13EBC7247430F73C63A5D50E
T=0

[96]
S=$13BCB90D87059
W=$63FB48EA7B01151E4004D5A4D39F2BE3EE765FC716EEFBCC7907CE32749DCAA500F38B68D03CD4F1
A=-$98
B=$2D2
T=0

[97]
S=$122C780
W=$285205DDD519DF7DE51984BC0AC753D61CC4150D80E1A972132F3BCCB7DB161445F5D63340
J=-$FCB00B58DC4764D1EA69ADB3334C672D759154B20F7850AA9D3DC00F556EA3AB32C17D713A80AED90A1B7D0FE39B0A9DCC4CEC217719D20C4EAB4AE42D05BF140F52D1D401DCD0F741
T=$3

[98]
S=$75EB0
W=-$427C153F6E2A139710A50B47DC3FE8F8073C6F8F0677B41DA2E9DD431F7D2216F13A2FE
J=$17B82897927F429C6A7285E18A41C1098045165CB5D2C8EE497B5044B5A3DCAC9ADAC5BA7C014DA2FAE6A1AEB9E3B07C7C2861D25D7AB47695E4C96C16B43F360F70394304159
T=0

[99]
S=$9F803496415
W=$12477D6AD0B165237254B26E16E3BF6805C1E58618949C6CEBACEF7A21587623FAEDD
A=-$84B750
B=$24C7B73A2
T=0

[100]
S=$16D5E2D78
W=$82B1384C69B004CCC171207227650A5EA02EEA4F7E08DBE529C6C56AFCCE88C
J=-$6FBE95020C97688098C1B0ED95A308FF884E3C2D620FBEA62D88F2748F7CE7C630791441A081C48FBA10E5796E21C41C6B01C2FB575ADCB09397284807227
T=$1

[101]
S=$7B36BA56EDF4
W=-$2161C6AD1C852B99C65E6CEA9810703074AAC6A52F5CF820D9667DC89C0
J=$858CE3B2142CEB37AC53AFD03C7099EA25D53120C73AFB9C6DE9D0CB7E1D15FBE6A854ECFFDA593E2062E5E63E371D5949833D50C8B3C1C9629D0
T=$2

[102]
S=$B63384
W=-$3C358CDCCE161C822BA79E96F5EED2CEAE94379845C6669C96578
A=-$98
B=$2D2
T=0

[103]
S=$34AD1
W=-$C772B2C4AFC89846CDAFD9B7C5AAE2B8C98EBD3F8BC546C67B
A=0
B=$B
T=$3

[104]
S=$89127
W=-$5D054FDF4DB35B6B16C4320E6FF03040FA0BD8870211C087
J=-$32B0BFA961C2807A2C9EC31236AA54076B16864E47DB616EB307A390195C31D7BF7BD0BFCB1C103C2FD19A453B4663A
T=0

[105]
S=$19A3FE480D
W=-$32EDE0F04FB23266362827C2E179A568292FC8D2580E5
A=-$D70
B=$12F5A
T=$2

[106]
S=$12180
W=-$6455E079FAB3DDD5557F66C89F000A2FB9E87C72C
J=-$480EB3F35E75F5487E9F222F2A8BD15AE078EA5DD6A91A4FCDAFBAE144D7C76646A4527B4026C9941
T=$1

[107]
S=$1C19B3
W=-$71DB56C3A258A7F13FC503CB75537BFE400B615
J=$652096F912A993383C675B7DA05332DFA9CC1DF46E5519975F408DC05A1B437B74C0A9782385E
T=0

[108]
S=$22E1D16
B=$2

[109]
S=$1F3FF
W=-$DFA82E7AADD539595E217F50807F665A7
J=$190A4D69AEC943E95A205C93A54FF12B9037FFF73FC57FC4EFC5985E548A0C1AD7
T=$2

[110]
S=$2D84C
W=$74F30BCD39F93787A0680A8505891EE
A=-$1E
B=$38
T=$1

[111]
S=$1C1BEA
W=-$11FEB7A5903F2FB9C6D05BA515FF4
J=-$435DBDCB5983C4514E89CE087E9B910E89375FC0FBE2615A18069B4F1
T=0

[112]
S=$103922
W=-$1029C9A744DE61904263DA8202
J=$1EA4E643A4195B1640590C247BBFC571349FB833BADF372B2073
T=$1

[113]
S=$5C363CE2
W=$8E6CA629F7CE48196427C66
A=-$1E
B=$38
T=0

[114]
S=$67D8EE5
W=$15FAEC50BDF072050BD9
A=0
B=$C
T=$2

[115]
S=$2CD82AB4F00
Q=$3

[116]
S=$2BA7F0
B=$2

[117]
S=$4F4
B=$2

[Signature]
1=$E9204D1501BCD8F7D9387E943525D8B957ABFBA4FBA301C0
2=$793A3A59F1523560C6BEB3EA6396F6DF8BD17566F3AD6DDC

