[PRIMO - Primality Certificate]
Version=4.3.3 - LX64
WebSite=https://www.ellipsa.eu/
Format=4
ID=B49780390C646
Created=Mar-29-2026 04:37:42 PM
TestCount=113
Status=Candidate certified prime

[Comments]
Put here any comment...

[Running Times (Wall-Clock)]
1stPhase=40.97s
2ndPhase=4.88s
Total=45.85s

[Running Times (Processes)]
1stPhase=276s
2ndPhase=49.57s
Total=326s

[Candidate]
File=/home/lappie/Primo_New_Farm/New_Group1_Prime2.in
Expression=(4797791281549078478820)^47-(4797791281549078478820-1)^47
N=$616BE0CAE12995D0D34A4204B8A0B231CC1BA94FBD06DBF6B2F28318FB61EBFFBF53267AF998AEF321F5F3496580D362B1B0C3EDD10D00521E00BBDED9F40F2057F19F42F77F2E31FD368EBBD15F701A216FD528E716800C16EF2C0CBFC9312271A0D79C996C007585BA01B7A45754A5CFDC83B68C021C51B9EFFF49024E353E52A8B309D2646F6491E7BC989274AF33347BB31D3F77C87DE6A2D8C88986D858203F678AFF9BBF603105FFF896AC5D5AB8661D97BCF551C5303203359346C30DCFF399C6CB3BD060FFF634E93C8D0AFC27CD5CFCA3E4F2313614FE87AA194F8A40AD439883921F2E7E02A7FF4D8A858442BC070D078327C29B8EDD4B3D261D7DB0C0CD0164C1146E034ED361916E07F60497831AC451236CADD0D037C5928DC7709BAFEC1E1A07FF32BE3005AB36BFEFA37AA6D150ED5356E4BAD380B810957D2624CF6EBE9C8FEABF56B2A6D87FC383152079C502270315C44ED80E4F2BE2E5D61EBA38E1F28A7AAC9E16AE357A079F7234ADC9D826E1C0126D7E4AF2868DF2544949ED296CF811523460FA074D4A5410B326F2DA411A767E12BBB11B58F5
HexadecimalSize=830
DecimalSize=1000
BinarySize=3319

[1]
S=$34
W=$8FCEB1CB2B69F327957AAAB80E88D3A63E2E86E96675C6237735453438C9720C709B2613A4BEC7111A7CA556B83C5D67A4D859500A4844F55DB5B835C1322A38DCCB8924F4720CAFF726678161DEC410D57D0C34F182AE62AD7B7D7A0F5F6627AD479E2F059658219B27C40F277BC87715F33FBFBAF28971A6B8733C87370EF07005EAC499BCAE8D2588EF1C145DC5B834E0773CA2C56C832D6B0CA770162DEC0ABF7B82EF3A8EE5F43E1176D95BCCA59CFF35DD7F2519C6F3993FCB3DA0BDA0C4DB78192C9456547EA658356FFD3F2
J=$18150CEE04899C9C705FE236FBC0118DDE825D3AACC9CD640A5A4811F7B93BDAA2C59219B75BC12B5E344D30EF19C645F347C756EC6CD86EC6A59A2ED3EC4F6A6D6C5D1807987801EB85685E5F01E2902C8FA3C49D5644985D6A77C685C34FF493D97AEC614D0641B10EA32025D33FA70B337B9DEB28DB79F06E11818284217C234435A17D622954A0A1069091DF86C87A056061AFDA03F5586B262602DA796FCC4EFB299E221CBF8A73AE709CB58329ABC66574DFF95BA9238B6DBA1674A7052E1D9A1C9CF9627FFC051DD45FEDE45952A67021D2A5BB4C6CADD42E5F037ED60643E9CA79D46CD1B93E7F9E23DFB83CB4883407CB11C23566FFB3193FD1880652516CA0BDE60BE3F8BCDFAC6D8D7639CB1EB519C3D115EB056CA0F4A127A74913F5BBB159F99F6C897D0B500AB008BCF32BBDE5E2D51B47C096026261D08CC906559B8BF23154511AD5995A50209D244D6EA01CB391BC57E9A2B5FC8B5339EC235512E0D77622CAEEC7C010A4067A5F4E474963270A5E4F8E2AC7B452F0AF7B16DF5E3DD188EB34D9F195CF38861F60F268689DE928B6364922A8EE6880BC
T=0

[2]
S=$9504
W=-$28A5E61541A81A7FD58A61EB5F9407613A228B7A2B5C3CD7800F8CEE7A96D484D1D58A9B51BADB5F33A45F4F209FAE40B92A0B22530E60AF66B2EE3A2973D168D0781D3F7D24D46AE410C4D95300074D59DA730DB6BBB79996B7C9C3409FE70FE949A865566BD6C49A2D1BB4378E74A715453EF62951D0E00EDC1CEF893B4A270012C1DB7B3E0990D063EDDFA332613DEF2323F4ACB639E5FDA879AD41FC6D58BA80FC4FE57516C6689D66E601D53CBF5274113DFDFBCCCB7071D23CF837E72E83260612FF8FACB4CF3FACFEE7DF876
J=$DF2B455030C517ECDD384F9159EB70E443DAD44CE66AFF40D30683978B7973EB18C268ED0C88C80BB276E3933A1C242764F07D1263C9E23E466AC51BB04DF200E242FAFC3E67C45FC0478FC44EF84993827DB7085729BD508DCF8895B5894C6AEE7A3DB09B002D7F6B1EA4644F154B4D858A3F5F64009AA846F2E989AAC508A4C134B9235D37D06800A9980805233C2437757846B13C9C21FDA0F8B2A73CE63FF55D8D904E512E14EB8DB530E2BF9757088A513E2F0F188735CF8C34703AB5DC8B6758F0BFE72478F73AA7DB0C10EB8C8D15A955E1949887CAD31994E2445EB7A76BE644CCAB089B2E86635D493A786DF8CB262578FFE27D7E9C92527D315A99BB1EC85C6A70BF28C51770ECC153CCC567920B94F8957E37810C4341A12A193646A74F3274E01364DCF16BEA21D653602ED118738AD2DC999A7F387F52B2753F94C48357D7109EA0044AC8009EB17C2A77BB15CE9E96146C50545F4EE1D63B028FDD59BFA0669F70FB7ACA3DA4CBC602B95B9725F22D08CF639D418447E5E789D613A3ABF64C39A356D4F3733F27A74ED9D0F8196F8B5256815DEC29ACF
T=0

[3]
S=$53F51A
W=$179A843FA656E4F43A762D8CFF4109ECD53E4EEB0E245CF32DAC61DD6DB3A5E6D523F9FD88D1DB21F872BEE5AA7B5F84B1566E2A8C60D682B6B3EC85F7AA52B6FEDF2B717D4D88D2F65970EF669E10FB24FEC696FD25D4B0C75CEFED577C03CDD4871BCAE50A0D51C49D39C3E3837DF1E51B5A0444C1C895A3E8C8515E4F030A9BC954B631E1A5A086624D303592844377519D2E73F53E3E61E921C3FF3EDD53008AB592904E4A34EB5C11494DA97BE9E2EC096D528DBDED124713498E7C1A6E1AD1CA7B90A0440A47F61CD9A4BF2
J=-$D9F7FE48269AF9017064AC68AE8CECC004F222A3D91B2F00EB67CE4346C5F34D1369D7AE6C4B5573D7B7D3744CA789830F9CCD9E6B38A06E78256B18C4646DAEB31CF7BA54480E5AF05B7DE958FFCA395313BDFBAD9BB98E3DD1275EC3C2388927241C7AA377F91073E683DEFCE9F2540B3FDECCBCA7881478E9823D2DA0723F7BC770C591A48A88BB1948C821F99E93921E4D21A8631A50C2F821FA1621141C86152980C58E3D044CBB75D806FE1396B5F1500F8B1AF9D77B02B6955316C064444BE1BBCBFDBE9D7F73E71244AD1FC825744D4A4D805BD098067E3B142D9BC22112B1E87BE4039B85C3FED75497376DD5CAD8FEF9AAAFAFBCC0618D92759CB08D031E820E3C14C8605187F1310ECB2EC88E46CB46A74D911C17A8EA5FD1A5F6C92B7AD757A7F6115EFAD373FE213950F64F2A429C48E8ECA2A3EFF698331BAB85874F2DD74D4A0AAB7F9C0517AB2D5EBA6F316AE4B2F07E3DE0D2F48601C815E879CA5E4EE311B9F20CA7C4BEB82CFF4B56152122F130CA7141DA159C36D192EAAE5B7C0CBC659A08F15146751E91C5743D478D68E4672B0072401C
T=0

[4]
S=$AB2C31588666D
W=$1916F17D85E72808A64CC8910915A8230A717018D20185A640363D812FE353DFFB331DBF0AD0F00BF8F5D419801583B1FA992F66D27AC33A01F5F4F03D1235408DDFA05F04C965B1359AF808AD4DE34F3AD9C85B495E5295E5FAA57E09CB812561D2C91D79C9F7134327036C84962211B303958188FCC34D448B2575BACB7E3DD18526991CB87ADC98CF24D3F832CB92A81090817822DB0D0C6E87AA277F4EBC0557102939D1E6E9E2892D8CACCF1E7106326A5048ED36AB647264D01A079A67448A6CBC85D166340C10899C0D
J=$3D15F326B6BBD9F094BC617E766C38C088DA599B90D35A580A58907C1CD5F73493A1690352FE181763D91150318EAE32BAED454009B5B5BD7F4C0C3FCC2BCA263780BFDBE5367DFA28352797DD6963477166EA4F9B2610837BB94B60A0502DAD3B2CB213C2200EB9FC43AD83CBC4A50EFB4BA76CE1C00E43A2506B9F312D95A011759680521155F3B4C87D120312E720B46CCB5389165DFD72E47CDD9DA7CDEFCBE6FE2A6220AAC8E50155E28EFEF78CD44932F11D3C092CA04FB4461D22AF2FCA0CFEC06CF331981D9ACEC4708B20C8B1109A31E99E85D45D6BAA421470E258E750F3856D7C08391DA642474B4DC0F79710BE8A92C60BD50809C87DC6056A017EC49164E7FD3A5DC3D53959604583686566AEBA99BE11BCE35B4966E34834369CBADE7514DE02B08E664CFED8433849880E8DB49D2C9D0CEA07D5EE54C5DE2D1C6BFDFA21F3B2C1394DA1F26AADD37FE9521BF5F8406D2BD4599E5EFFB0F7BA1F99DB238D559C9F08E8BA76C9EAAE908B33B5EC73B83735D60C58BEA5D8F44693B255350BEC145F328094E307E7486F66D82019C80C0E1E5E2
T=0

[5]
S=$50AF31CB6264
W=$15C69C8D945FB753DF2EF594DF7DF1491440EF8CC0BB8AFA3A884739FF42BC9458C208C76FB9E81CE2CC0A56C9B74C3803A4B33A5B3436217082F4381C5D9D64918263755B5F11C91115CEDB836509C9147F820EA4F87944FF4E1709D7A782D442DFD03986E3F9C5674572D2E71EFA5E2BDC34D1E3EAD6417C5F96255325878FBB6592EEFC21594E19B0B4E0588AAC4A9172E4C4F6959588D8E29185B4BAA570D736A072A974319C480D3C4E1A09E6AE3E7760FA706B53921661A72C0ECC47581E332E57F961E0D5C3B8
J=-$39EF34AAAAD2C0EECE19728B8F00764AEB341A10C732D598EFC31EF230C09EAD9210667C03FB1119F491C7028005B5E9E20033FBE1CB69F38E4DFD490A095A41002599D4D86DD0F9FA89A38EB830481831C58683D8116E7B7B7ED829103C18A1B9A46547ABA29D41CE3A97E8ECAAD6358EFD80E154C712D034E78826629C06D8AFEE2C8AE91F86DB042199CC1759ABC395B930DF372ABB6DBD5F8D98C520608940F45697145DB12C2592F505F913627B37A5183B7F1F031FA5AC041C3A6CD2284B25FF587FB4A973449593E113D68FD5D286183A8993F750D30F234AB1D5F17B5C85DD6F20E2D1F5E6F28FCD8706B1F5EC3508BC4BF2ADF2976CAAB3FE3190ED25FA5C43284059A85B86492076B9810F68668AD3166B8A9A20800C0C248D0CFFAE2D97057DD081283A96DE11C3232FCE2EE81329008F8C52214500E66BBFC0DD5382DDE0192EC3EF34611FA41BC25D439C2A5108BB322D5FF4A743E26CD3F8DC03449E2220B3FAC6606F1C937A7B458409A513BD85D926B77E46E3773773CB37EF3355EBAC65134D4948DA3B345138BD957F66
T=$5

[6]
S=$19BE52C
W=$B44D0B68240EB8ED8C2DE8EBDA5EBC001A5EE13B6A610E19B6AB5F7C9AC13DF8AE642444CBE1FB75717700864CE4EFA70C8F54724EB53959F134C0E7AEE948301F16260AFA758A1B41A84CB74CD61FB4EBA0149141F4C936577189061C855725737702ADC568D86E83AC380B3C38190E1F9E24EDBDE834DBBF8444F45431D4BC0A6671256130B13023219E5795FDA752FC43205C7419088A2268BACD17A15871A8F89495ED971F4845EF327FF7680FB4A095586E4C72F0AF1B318C70949193D5C2FCB7E69C920
J=$41C81450B9445A4BE46417F905C9B7C69D1B73FE39DC67173D69077A3D3CEEF28AAA1A7402DD5B59D7C9F0A9A242F308DD0E8C299DE140D6017BD1C5ABB9257F45147FC9D0F17E053167D3BF95E029963035C6B50F6DAFFA1F8E6129930A9B1C4484D57922BF11A8BE6703570E196BD47016ABB6D416EF051367E5418C971E8A2C2FACBB37F42DC93FD186C1017146328467B74EA139DF5C553D20FB3B8B48C585D06691CAF30DEC8DFF5E93E01F9510440BF411770ABB0667599651E1C7F8B9AA6025F9F4CA8783F174AFE62892B911964E7188440AFD5FC90A4CA1807EB2615F710DC6B10F841888FC0153BCBF88404606F08D61A6E3D7E6F1BC952FBF5AAED460B334BE6CC11AB27FEC2B0E97C2357388D584A9F63BB624094C3A3352FAFDA6AD2A9B3EE46F9721B597F52AAF39C7BEB73297A53E1277302C89EE51E827145611708DF2A52E8FEBE768AA0D15DA714390729292FEE823E5B7FFA0EF19EF1AAA390D7A6E2102FB7194AC57BE30175C332B1A5A14CAB8E8F7898D8F18D71469F493A31EC4D6D67395B86A45CD
T=$1

[7]
S=$13B4FFC297713
W=$23F52972F6422642754843D8F9DE35B735955DA2177AE42B90AD526C036317AB83F6F213348B15F34EAFE72EFA816CE37CDA8B6D0A072B0D1EF3850CC920AA1F96240B56166BA1BE83D9DBC28816C070C918A48405FD9443173885F1548C2FE397465EA454339334479A1F8CC710136666A969C518EEDF1195C32698AC9BEE11076BE760B1413D3D94EB6DF5DA556DE19E3E528916A1E35A61D50057DB5956D03ACBD670F7D16C7ABF143454A385108D37B71747AB08E828F7F5967FC824D90CA4F0707AFD9
J=-$D46E81654A95488BC9E2B412AAC294CB16BB4C9788A4FE9880DBDE41FF62C47DD947B543F56C6541995C0D816E9B11C295DBAF7C93A853ABFFECD6280B083BA021970CD7902E8B4B8AE1389F66E022841CD1D713C7D7F3AEB7A231C5629AA8C494085EE69B77FE247079A88748FE7119E6E7BACEF9069C2E70D68B6FBCF044158209809B1445A3113AEBE8839AF540CF9169647FD1C70CF90E6E54303B41ADEA147141504B970DC001B389BFD32B06B0DD216C14FA9E07F98D6E8883D47E1EB89687EC5E04A40738FF8CA49B882B481BF93E9C26254343F1921697C4B2370E311DE8A3BA57CA8F917C47FD577E97AEAFDA30345CDBE9E7924021C5495E51341ED6FB32D7955326E6461374F853679E1B5E4522940B73C7451AF2F5CB589FDE633FFD53735F6A1EF36ABEFE4D5DD6A18117C94BF947F31A4D26E8D28BC39805093D0DBA45A5A7E7EC23793FFDACCD6F0B88B8EE5C23E521DD518269283C74B2E468F2A7BE1600E31D6C12EA3928CEB25FA4E52A7D537FA54158761030E005B27CCB359BBD9F468342F559
T=0

[8]
S=$B12DFA804
W=-$6808AAD05DCF3CD84DB6847FADD6A32956D00B88616FAEB148B67B965E9A0A74336676B4D5EC7E37B9772A0D58B05B05EE8F42F71C6AB1426BF573EF4B29C4BDF89F691B2BAD1B280DA4F1FD0F74190A705C73DCEE47179E5144A5A5D75F718B59A8B1D50830043FB28D1D9B162D5FDD592556287FB4DB629585A56680305A5D3CB7542B144B4DCD4747005D09C4BA6D65AEF1C6573B29D7EC63C2AD53FFF7F118EA24D01A0B9863FDA88849C79855863248BF52D1E8A20CC22BB528976DEA982D56
J=-$63B9E220C52D40856FDC46BB496CF298A9DE7C5A357803C6CC278BC6C4C13EAEB0D354DE3BC7F51F209E8BD4C251E683D0062B828A080A8A1A7CA2FD3282F50B1A7177E4794670C28009122CA6B81EB6E100E76F436CED78D22AE5C754A17F1894FC1839AE6AE4A2D74BFD1653284475461253CB25B56BCFBD4D330E314566B8F13465BE881BEF130C0E90BAF9BC2F379F3D0874AC71ED3ACA87A4080C1AEF1836EEA74DD269B220D0E701DF31AED36E0B67ACA874D718343DA531AFC4DAB0317D4E41B99705D23F2FC392371E6F2C96DB4DDB5F7343697A12D7911AF380A7E2E0B3AA2BEFF860AA7206FB6278218144DF933B56A1F6D211A547A6A6C0363AC469D0BFCB8835663FB5720A66AD2BB7C42A58494976BD416157DA8E2D8D22D50F7A75E34744C6925B9C9FA8B853239434ABB3F7AACB03E26EFCF575270771F62377A585637FB6136198E83EF535260694DB23C3C2F1EC0D7D18D472672D3C0B7EE955676A4BDC69265568601E1D14FD44FF698E3FD60481D525354A4AF6A4344604595820
T=$1

[9]
S=$657F39BFC8069D8
W=$9124EA3CC15EB10253494A0A8A63A8D2373FDE2489B2C34B9F0C8D589040E078B2E13883D5F7DAE09D2BAFEF5F5411651B0138DAD10EED3AC419F67910E1530C6ECF9491C51E45353CF31EE3BD2A0818B7A17A0FEB110E7886E132FE66866FFC2FC1D35B800B0CCC8A126000679BB16A8BFBAB290E3F4B6F366CE535B53850F48AD5E103ECD5BE8FE4B4B4F56416118B8BEC2B23949666C0467F9B786CD15B9AA668434C9E06A76607BBCA52B091166C66E5B1B16885DBB4949498D1AF5B54C6
J=$7726ED55CCA79AFC726C272B8812EC2A7EFAE6235EEFE7B8472BAFFF355287A87F32A787E5A8FA07C70DEB7EB38FD186E9CCE67987DD36006141AD53B5C97A267E003F7984A49126EBBF870273776243AB50980C5F42B1DA875BC5E34329B9F059FD39C95BDDE0012445D4ACE988A8A29956F700B606F9A80E8648DC215FEDBC8F288B3AB8DD63FC2B3998F43728BAB6A05C3935BA0F4D0240BC61BF7834EFE10C6CAA3BCE1A075B5D6F05DDF25D32183B8D6C1770B9D56E16CCE8302547D19551E9D05E5546F1676091973895FFEB35BE9BA023E3A92B863B1E1883F7D84EC7B9662FD7222EFEDBAB416D095DD420EF64A3E0898DD3D340DD585DDAB17BD5CFCDDD04C49BFBC455C38922074EF4FEF42369C78D567C5E7F730B9B92B983709CE20ACB10B5730577651CE307025B9C92774F66B84F01B40088D4839D31FDBED961E96F388E4BA255BFA750081980E114480D72720ACC9B413DD1484FFCE6F1A2E12D865D8A443FD99BF62CC2CF0B6D8E4DCCFF28F9335637A068B4C747590E6
T=$1

[10]
S=$1419
W=-$42F9A850A2B33FB4CE5698B143439DFAC5998871850C8F73C562EE4684AC94369BE4CEC01987BC582E896B078D5D898A9DCD5615CEF3298F7D9793DE518EF5AC5D4CA83ECD7361B3DF86643F017F321383AED3209A0854A1AAB7B9E34251719A5610E9D3886A05D50260AED479EA6A03F124506C1A73452E3836B5403261C3404EA250F1DDB72509347C596B87BD74E49F09B1419D2599FB006D177D4FB68CCE67F8EBFBCE676797550BC54C635F2B2AE33ABA996036C6D8033E18D85
J=-$1A9B1977C7BABD85DBB2E9F3EC48357BEED617A2A97C3723D0B8B4231726C64542A0E432B0C650FEAB3AA29EDD4F4ED11C1BA63FB6C83854E25462DED4EEA492FC4E72A883D88744264594B4E8F8ED80CB3D3EBD3735AA3464BD5E674E317ED6393844EA23CCC399CDB3E2AEC9549D96A89797F138DC9BB8F92C80B1E16291D1D20F3991A49D791771C29A98EAD81A78D9844F40A9136FB793105614D775CCAB4F4AB24EF92734A0BF1DC6CB6B3B301F4F75377A0DF6D723F55219394BB4A16FED5ADC8135A95149CB1E3527D93F22DB0258BC397100797F65FA94D2CDC454F9F2F4ECE23E5DAE114B9F873B05A52BF0C2134D5B2CC742608EAE4420C49A5448CD287D7C6C527C8F5D96B89226F692B7EDEF4553BE7FDB47E31DBA1B11352DAF105491E6AAAB5A736E78F6F5586A00990F6677014ADA9F34E4B2D79DE28C61E5B16D259DCA8409F734C115D8EA138073AB0D60AADFAC25937CCE1417E30DCABA0B553776142ECF22897EE23C8173FADD0BEB1937FCD947CAC
T=0

[11]
S=$C5A842D
W=$E5896E9FE653D0BA3FE4CACA30A935FE1C6A35469F6A1070EB31F2EB89BB1400E1526AD65019EB63866989659C7698EB4AA06C2C36388F2BCE16A6158C6F6E6BFB1DBE7E1551222AE4CDA4D1017050D3A6EAC64B50AA302731D29E0E1CF16FFF5F4D036F6E5FF7F8778BCBC648697D02C92BC2920B1633BD9F1F1B6BB7B936076AA9BCC21B95C6DFDEDE20D4BD01C11712DDC9559EC35395E925E6D1D97F10C7E28486D5AB258A30B2A3493DBFA7FC1C9E57F90BAB0A381946AC6ED
J=$1551101D567FE4167F26DD0E3779A38A8EA459039257A43C027780F9553EDB77A677F822595A174B49196AA0E9601915ADC47FA1351A47FBCACED4EA44BAFBED941A27DF4D5023FA9D7BBF33A5A3F6D89936436494DF38990113D04BD91E42292CF7CB154E49EC220A095D2256FC4209BBB78BF07A57A6168BCD2CA7589445D94FF613E0A2BD5E4CFFF9595094A6CAB69BAFFCBC96C0E8D2C32B4DF9D67F8E310222E57F17AF325DBA6B71D03468E7DE518FA2B9D6B80F97540F9F48655C2D256C61193E08168E69AC891CAE68B727FFAA4746219E9D7974540E683A05F26E7658367F85D8215D9A2DC2A0E02D4525FEEF99C8CA6E32432E7F2A1724DA562992D8F5F354369F07875987B76010F7836FB0F0E12D29A728FCCCA2F03E54D0D47962B15D0A5629C78B7EEBB7AE50E468299E35B497C99C202BB3B279263A7F34FA5822DDA5A36BED3DD0EAF438C9B07F2F7D444F0153767AB8FF5B5B8E6BDE192450B443DFA3EB064B24AA5A35336E95184E01C0720EC8D2
T=0

[12]
S=$9B78E75B92
W=$338A95143C290EEC1E0AA98DD457A8C5AD88020422C7EA913D072C6B96CC27F42A4A7A7AFAF1BD69A2ADB7EB961D7AA2C53A49AAE89A4BAC09A023D3DA8ABE0742DF28212C8A096E7094943B7624392F18156D256745A77BC8CF69E62AAB316A305AF9BC344590D4E244BF7BC5F1548776D31417449F26F0C6C3F895FE27D669B6EFA2138126C15972A6607D88D96765CAD18DE5344F1D284AAF872B6511272702458933D0B257CCC9052EA726B021765ADF543BD08FE6C934C0
J=-$122D02B7E541D90B71F5929C2727E7A7766C766D24E152C4ABC687794E0187660387019FD8F0758585D6A0F4ED60D396D7F30C7291C197EED65F869F0F192A5121B3119FE698B583782E987B2AD596440FFB28A182DB7FACBFD5B68A815CF1BE4861E8C2E9D082139E6497254E6C8A7657D522F5C09982F927093EFEB3E9EBD35849E2AF17790B5BA36627E54DF4FB37AA952CDCAF06406A852825FF22B2D7DA620B612336FBEC8C1FD477022734705AFDCCF9052DCD975463A7AACCCDD5B9D75E572DEDB90187675F3015FAF7936695AA15082D1C1E178EAB93B60B477E43E949327E3D77B268A387CA0E51D8F5DD1BC0C047D0F1B2B2F0459DEF15ED9B182FC43F99209F53384E548E40ECCFEF7D6CA98273A7A015A8B43570F29E6D558F68A4D2B258D73BEDE7B58D988B27F6A790114452BAF22427E676EEA1C0FD51348073E5543EF3B05265D0133374EE29F66A2218A4A4D88B5A0873ED13C1A6823700E6A56600267C018482DFAAFBA78A97E2D66E1B7
T=0

[13]
S=$12138C30D4
W=-$4A056B1B218C2EB50A014A1504A0E032637176173569EBD18BDFEF69990938EEFD17A1236808A8FD492AB1B87DCDCCCA1067534435026E1619F2E13CE00191BDBFCECB85561325626F645A2BAFE41713DCE6234E7C19325A8551BBFF07321DEBA284AE3E03D50D1F0E45C2BE9856566C79B7B5BDFF933B5B8B0CE976919A96F0E0311075FA5E1084740C8032A36367FAC2A25BC12CF7274B51D2075741AF26F566CEBF851D6DDAC998DF05B8377C75C69F47C25BCBD1C8
A=-$D70
B=$12F5A
T=0

[14]
S=$D5FBACF24
W=-$7E01511F415966C2EC8EFBB4E5153BF3A5CB296A91951580B96E711924BEE8373371AA2A37C9287E277148C3453D567C63C366CDDA23FD48DA7CE69A8013EB412AAEA047B87DF9D2DF40195FC927CBE789BD36708963831EA0ED9D3FE3AEE8E3FA41FF240F359D18C3AA33F47D312CFD423AE848F498BFC183E8E349FB135C49D28B871859CB2D9459D46B6EF41F6AB63084CD1ECFC4FDE89870D8DD09DD683A9C6EDC7527DB1675F4FF44994A13028F740734B1B0
J=$26241184B00BA25A9773F7BAF701E36E5D3398F1F24519FC6A4F946EFA78ECAAF52ADE0E9F5A15F1AEC30A0550AF5015A5EBF8E0B98773C067DDE62CED46B9CCDEF51097C4D95B0F67DC8926CD39F347BD480A22DA3CB9C9C8666FD6E036EF7004EC355C335370FD3671FF910A29FE1FBFDFF10DB28C30EED0E20A7B07E811782A8C94B2DB96BCB5FF8848FD0E3242F15AD19721942A0724509F059AA7DDB03ECC63D09114589E9C3F9184A66CDD4D1662A98539B76D3690036A6DC0320B59E78E67711A8678C82F2F5E3CC05AA2F664C3C64F8F8E628C70890E499A1E4BF9D15E6EF45F57D65CB8C048CABA2BEF816006D35C2AF29C29AD2073034278C2B1089D298A380499B25952757B048D349241114FF116ACD290DAA6E9D0CF39D607B273B5EED8EB0D8438961A2779D9AEFAD93F05C686E0305AE0B9D8727D869BCF6578DC34D87DEB663D3BF6E55A79E3F1E82579A04A459D986CFFC50AF64DEB24063DD52A3B34339A41D769
T=$5

[15]
S=$407DA1
W=$61A6FC1BB20E4E60850128F7134960AAD5378D1A014E2B827D4AD737E6529C51CF2A50A672199D7CF2DA046C258F936133012FCB7CAFD72C17FA9E9618C72BD70F910D64DCBAF0DC14CF6F42E7FFD17DCCFE1785AE727906399368C134456962E25F75DC49C0EE426E0945BF59610F0277C5D38D474AFB01BB1C0CB310D2B5728E6448439DCCAD0A95489B8A626F7FB014DA620440D937EA87A16302FDCE3D360F1CEB576550A93A0B0B737294B2D35A62445F
J=-$230F8620B4792F38A5CC848E93C631C2322C9744174189625F8EBC6C1C1E2FF58C6FC9B74CB559B69A48BDB584B64A43199BA4E3FD189CD9974D901D83692D88E4ECE5284554EC2DE833DE60E4D079F7522B72DFF241F53B5B548F27BACFE1E50FC5578388D6D2EFDEAFD69557241C1E38F4F641D6283D4618B6215E7E4DC80D0E00EDD093F4AAC26FF1D4F03873CFDB76BE2DC9084A2BAFE8CEFAAC3114B95472C7FF0516CC8C976116E78B9796EF9FD962F5E9323CE92290897FBED486CE1D1C844247C395E7A7696A521842EA828C64B848395408398F9E8319EE7259796AFFDB65A38041491E18EAE983AE2735CD881E73D6BC1078655E64DFD293E04EF5159EFA17B6E29E3D2EA650332886BB907189FE832317999D60C10D622C07747CF48824CB44F2FA8B479B577BD71BB535C309F4CB048A955D125ED51DF4A6B72E909293B12E63F053D0C7C3A63366AEDFFFF4D72B252CCCDF76E991D26A7CF60D713CA1C9B59
T=0

[16]
S=$3239C
W=$C583E27801F2C3F0DFFBA2C45173F3BC2F21C9996699DD1B996335C242D2E08D9487D4FD8C19D7EA3BC6CF285DDB0FBC9985C61A1BE5F7B94F27A5D620DF12774DA8390393B331264C766E74EA478B33D811CAF4646D80AE4F217DC83D2E181230D5A68C6D5C856E5596B8CC1D067E9DEB555931972F3CBD535EB611C60FA76F792559514D49BF505721B4D6805A4117D0A35B6421E620D24150210A7422911FE350B251F7FD09385596DC439E22A6DCD88
J=-$4F14FF669EA2B51CFFD4AABAD87FA4B3BC983B6728C9AB2B86B7A414142C4AB6D37E6E05E4632649004376D784637A98DD45783E0022CC9B6C71E973F83B0DB508A4F332DCB0CE99811908C3482177880614EF30EDB88F8FE45974C6861B74212F6383F7BD059A22CD044584413B9D495E5216F96ADC209EDF5738BE5E43B5A4E4241810CD42842E56EDF32AE7EE7619688AFF05EE986828EC0191227237FC44985EA302F55A4C82BD4143B41A661503BCD56F3EEE658A880C12B100CC0D0D0F08886A962FBAB317702106343ED766E4E3FD1FCCE733BEBBF6C17DEFEC9661E0CC1C9859CD4C4B8BB4B89ED4A36914D2F4D4BD0026942A6D1B031EDD8D1BF4FB3B6A084A5D92E8DDDE1BF8D396F732B00A3D9E1B41A78593E68F120144100A670E5B31E79540583E13148597C8F8CC5A35B29EB657CD59623558638450EF0DA9A33875247AC9F54105F22D3687D436351225BEA0D888D5C8E56D72405DE804DF961A3
T=$1

[17]
S=$1A4227CBFCEC5A8
W=-$612D9E71CC96EF31CED47C257BE32FEB5819218B9FA3908427E8D6E55108184C83B4F526047812AE4DB3B95583BF36AAC71A17A17B1932AD5DD98AA8013F7208154717347DB880DE910374F4BBE410B7FE3855CA555B6B0D74DB67E630167DADAB7D0D25A3EAD449BC00C3DD911BD944E41613FBE03EAE45C185B2D7245842F91E72C156518DF9146CE0A3797B9B5E37A11C2F39182243D9DFD1ABCF74E3DAC02C984A9A3BAFDDDD583043D27507E9810
J=$9ABD1B11392943A4B2C396FF7D10093CB65B4705F891B0E1C5CDD14A96AD91C93AEF21287BE20A41C14CD575DA6A4AF23FA0BFC961FA8E40F29FE318EA7E624EBF369A4DBFF23AB980161A7322B81AF324777920EA60EB08C8995A2C6C4A3A327B2C14973D81B7CED183A4E9D1A586AB7210A519F7A594AE6AEBD856B20192E0411E8C3D9D4860323FA9632199B98DDE0199513088BA7F9D897D22F8C1B450F7C9A5E669057668B5FF5C7ED2E2134997CC9F3CFB390A142E6CE82519F52B2C9E53A85777EB494901D8DCD9A3D1EDE6AE630A87FB0423DC921A9B9F1191565DA00DB721612CE3784EF4F6F345E85661565C6E9CC75D58D5E4B8E70F63D727449EC93D0EBDADF6B29D8B1E7D82327F3772F40AF1E1B111441307160E380AA95F30C4D74893A2DAB2E31830511DD9F46B5B4795B6CF318345A2D0EAA2CDBE1538C9933ABEF92502668025C54282455766EAE12146FE0567D7CDA28888CC4BFAC1CD
T=0

[18]
S=$1A154C81802EEEB
W=$156F643D7A9EBB1DBF582A869C1C86051CF67B86D7CE4ECA35BBD43228BD37005E6AF3652A33D4302ACFF518D69426295006BEDED529556E68CB495F898C21D53909886273FCF75E5FDF163B052DA06A27F007CE28EC8D19BD939E72AB8F38CEFF9AF3F41CA7A9561F9C1391468373D43C21CF4AFBD60AFBA2D50B9BC633AA6E2A248BF325A2A4E3F5FA355AB2690E78441561E607AC53E89BBD9F3D7237CB9256866BD8D32FB6A970E4AF0AF3
J=$13B75A800354F0039B6C303E05AB0D9876B0C744011F70187750917B9379BCEF56DFD61A5C37C43E0F1E60357EA19D77EA02ABADA3B65A6D42AD066D6091E6FEBE3E1CF166B4BA13ED9CAC8F69150015A3170987FD8E060F9DFAD76DCB289DF9EFD07F8DFFAFDE384C169B42564752E65304EB832B19E4BB64849F60DF726C1004AC451145F03477E4D6CA2CBDA167A6A2FD8A033A158F9B2BCA31E92D49CF5C701C1CA41FF3D95588B85233E336C9B92184779BE7CC2F35F9C7B6A71A4E59F3BC8BB801FC291EFF5B93C100096ADDC7DD844C00B77EE8CA96CD5CD8E2D1C72A719BFDF40590AAB368894B6A5236D580E26B1670D2615E8A9460A76056C7DA460693E88028C46D84D81E355631B1B5A8663A84F8530ECED2EC9704727215D41F2AEE6CBDDB73C0BC67CCC3E1FD2FB22BA03E6044EF11DA13AB8C2BC93A29605BB0BC40DB0E49EE716FAF21CD03CA4BBE670917B280EBCFABA47
T=0

[19]
S=$A350E6B6D94
W=$AC3A6ED943FD51E16A7FF2F9E6DBA5F5B3098541A04A5FBB085A6F917C990907DFB28829311C92B83EDAC57FF22A1274B9AAF39E7AAC62352B0014B6DC947A8C5ACFF0D503AE333E94255C85BA7059CD74FD69490DE7686E275EE2402CFBD13D0081D0A687FBBD255D19D8E5630F0A736ABD60617E25C50783F5EA3D3394502FD4A313B534CBD5C97D15C370D3AF11893914736B0D799ECC1723A769755B6FFC5AEB3E1E1AA14A630A
J=$1EE21F580619A571E7CD1A980DBFEEE187AFCB9F04A9C3FF37C287E905AD3A7D45CF69DFE2B554F7D0CFD0EDB73C8FBCC30C5933D1DF94403335779ACCDD3E560B065E26B31E12CBA61183B3602BFEF0FFCD782863A001DB14097F0F8FD044468EF137FFB7313613E895EF90276608351D7D99948F83DFC2AF20B7DA7EDD10DE53C39DD9875019FBC1BC42C3EF501B658C90F4F58437A36C2833969029A09C568E5FFC87981CACD7AAE08B5D5D0ED2D1F7307C5D63D3B715457DD762966DB195D992A36F4F6029FBA05EDC4E0117B3C64CEAB1C766A479F7F67229589EA1176D9F9AB538EC59621EE12671C5D7601746A5FEE90F134A5DF7DE7487ECD9855E6743475738EA94BAAE660674586A75FB30574027F7C2C5DAC09E22677C10B2B4AD4A1982E305560D6044DF5EC443AB4528F5137905E3B307D543DC4D5FCEF4A59A5C8A30ACA1517E6A4E102D93F575A3FFA82AF
T=$2

[20]
S=$2D62D90
W=-$2CB14B957DC25D4A0125A669928C6C2A8E25748CA10FE4E1EBE3888276F14F42D62D7C1C3911CD9F9FF1B3E88B4CA45F3B76CC2B88D0DD95ACB8C2414B411E46CD54FD0815EF8D5790CF025E4A10A68FBC58CD2CE8DF892B355E9A16004EB4D17D124CB038E84923CC886704018D9DF6295092EE925B4CCECEA4C81FB156AA7F5AFA00C402BBCA7E0D6B052CFE95EEA0ACB9050003E618FB7D16B9B9B805DC9FC6CA9C9BC778E
J=$2AA95EA6F4C764FDDE5AF0E24290F4BB688D6F9E21B3DD42E484C06EF87C7EC51842032AE45321295469B2129770527820A844143BDA5ABC84413F3B3A27F5EB711ED74E7ACD121B874A63CE4162D25F60B1FE2BA5FD9D4FAD5888ACD6C54C7D4374D5EA0AAB16AAAF864678F1FD7C6F2BD3378E547937B3061E5A10FE17813B9D81DFF0B66A42A414A683BF755FF0E7E012616FD930779AA71B3456916322D30B21B4E823DDA3BC18B8D1E5855943EB797AE62803ACCC240157BFA58C53417293E93A7AC8744A3023FEB6E94EB93B09BFB2F8CB17E3BEFA92FF0A6648E3993907EA02E2F75B28C45F4DE4C2CA5CD9A9FE00C4BA389D1CDBC517B17754087A48626D444B52D01B8AF2B45051D6C834E085199257CA72DF5E266B98EC40AB3D6D2D19A200932DE8F7D92EA93B236BE79B8EBEFE640EE23C79DB16056BB2E38EEB0A4E74AE478181EDA8F58712B3
T=0

[21]
S=$1BAF6
W=-$AEDFE482EAE0AF53D3F47826FF44E125E546724B7E0651C6DEA31A3A8EEB328B65A7692FC8BDA9FF943E88FDD0B9F5150885C20349D5166249A6AA26320763235D0CF2A54E4E883045525D2D7CDA33FABB89AFA3DAAB3ADE0CE3CDBE88FD747F692B944E9B4A03577274DEA6E5781A10EE68BD2386F246C2EEC62CD9C70B4D503E53F7A41D9166FC3D9DD4124B6C370229094B3D1FA179AD13546DB4774EDC236A8E276AA8
J=$73F435B4648C0B3B671E8D6CA25957886D4B3FCE1332D165F795964CAA4A3FFC95B0A35FCEDF8BC9A7AA99B8E7C73097AC8B65335DC086B967D27A62F6FC10860428AE038E13F4CEFCCAC39C0923D79B9E7358C5F5E0F7A75F252218DA58D8B790177DD4F7CF072D7087EAC8A7A517D8ED91F3196D622D1C283D1062D7F6335DF86C8C5B20CF7625CE5574F90B1C6852D72A8DFA2E60FDA5E7BFFC04A37A75D16A28B7E252FA287BF6A34F5D1C84D5C7D4A9E2ED99833FA8613E4225081B860E55C3B03664BF45911DF86ABF36DD2125C07CB6284EF02D3627A737AD7065A794A16F63F21CEE263C6CEE45ACC44F8C0B0339F6ED1F3C81BF9942691D82F239AA07A91288A0E420075A4CF5645D405B2BC98A8CE67C2FA72B159F7CB3B927ABEB0F093BD49B78DD242BF80BD18D980FD404204733D57F29D8AA011E03DC6391C3231E16B28DA308CCB2C
T=$2

[22]
S=$15A4BB87D
W=-$38176669F8E205EA37482D5E3E96A5A76EFE8286AD7107AB37E1DD2BDAEAD1C6C4449C29E665E5393203D272F8E99686BE6F935023445881657C295A75D55F6BDE97ED7F896F4595140F0ED5A8ADA6BC4AA35429E962585D50CD172AF4C7E7A1E04F60A70AC3D2142B4ABC6B1FDC73A4AD73A45C9EF3FEDB190DF69EFE6D0E16070C308BBADFA268122E670FA9D5B056BA07279C47870C1D91D81F568DCECB2511429807
J=$279835867897C794DA5DEEEA8F6B003FC96506BF867257590B528F21EFDE8C5D50B2BB1773C203C884985437B49B24148B2CD0326C43DC3BA091F4E6FD36D1B87C38574F0CA04B085C85CC2627DAEDCCCC6D1EF6E21E46EA1D12AAEC416689BF267A3936ACA32649ED35E4CB5FCEA23D2ADE3ADC7156A1024D7B2DD84578249FF59B9E63D34E0B836F669F4EE4284FC5B5CC57E0F6993FEB67EA78FC54BCA5F8EA4AD12433F42154F12662563CA70983C168F36F5D866AE93DDAE4032E3100F2DC6FDBCE1BCD31D529BAEC3F32C9220A0A6ACD3E082B06399EB4A70F34E4E691CC173BD49E7082634DFF207F04F4BF2710886101E020FE330385919C6B4C4A7CA290EA90B393A33CAB46ECD0BC8494A9DC8520C9DF2E6023405F32A19A30EF0E7AEF7C8B99D1F4A5EDA8C59BEED53341AF1567B549A5BB1AAB23B61C60925E0EB104097371845AA
T=$2

[23]
S=$78C356F4
B=$2

[24]
S=$1CDD388D7EC
W=$BEB3895C97308F1275294AA2234FC252BBCF103935273B37B4F36C3AF377998E1A857AFD6D95975EA8658633CCEF2BEDC647196FAF5345120405BBDD7961FBA7FE3ABBC1539F81A94A02844DA929E7267FB19AD18FC36AA5D0E5840EE091E3C439BD4DB0446E6EB4B5043F74B4A33B38A3C9EFCF6FCCFDE977068090036C566DAA5F1EE9DBCF25D36DC5C34F24710A7647905AA64E9AE643174C503CE69E9BC0
J=$80FA2EFE902730DA127E9466386A1815D3B6CDAA90945A20A2E4FFAE5C3C098BE48AC84CB2363123304F52BB20CF90F3726CDE7293B61246FE11A2E2D0AD43DC7CD3EE8B1A0926A72155987A570C4D0B4AFFBD4816BACB869D8966E7128B9139CE31EDB49A90CF37BB746BD250A188FFCC1B8D404869B63F232E07B2558CA60BD23F01676B1B607558359ECAE0C18B534C3CBB08E1F00D4F8DFCB2599A399CE455A3FCF1EE5BAD0F32E5A187FF8F097DC4ED6E9DA8E371C2D32B8D7EFCCBB9D843BEE92E2895BA6D945923A136121C132BC5B35F03515813DA76E7A150D03F14DCA530CAF7608FCC093BF0A26149E0F87538FCCC2A16C38BD2E11A6289277333A27BBB43B66C3C1A2471CFBCCF1996C02F7AFB80926A3A2D9964662B6A8FDAFD976E3ED59E7A3B041BBC84E7BC7A92E24DE31D3FEEDE9F5770CCAD2641F5BB4
T=$4

[25]
S=$7324408
W=-$5D666D2E452B48BEE2DAE9FFC5AF5BBF54421C45877F0110DA60B07EF54A48D8CD600E29AA111E86672A3DEBDDFA9563DA5EF14284FA41F451F28DB4A5ED413DAB2D24180BF3D9C040C02D596D73716D7F6C7FFB1AF6034DBD10411290A76ED7808CC818EAE9752E0EBE754FBEECBCE85130607789E27BFF1677BD53DEA14F7625B3BBE6429FF757BACB89FA97307EAB256AAD437C9707DBD312CFBC0F2
J=-$85AFA5E6B250B9BD6A7C28C48510351891A695E21149F8F87022D060D6F03346E7615C9E2FBC801542E76CB574D0E00FBA89D5D71814FEF64A4DC59B760B58118C1DA3B1AF0E4EADD07D1247932986146AA830B513D4C374BE7AA06B01DCEBFD8FB6445042D6C75B7B8DB9C4C7BB01A02137FAA86D9497D5C20A6BFDE5BDC840432CCF70EF11F2A709D9F6139BB8DC21F35AC4A0F8CA6EB744B1AE7D9AB98E3FC814D63C4D046F0E5DA4284DF0BFEEBA9382A36D16192EF7B1BE4F62BD6622D286B1E3935F5B18AE96C4A5F5F38229575E1610A4649A9C7F47A851A766F649727A59E4A366AA90C7F1C4E4CF3F63E5B44B1437E30E56395BD1F7C820ADC2F368861F5647D8E0F3FEF09BA417E3BEFDEC9105452D6A694479A5DA86A554FE5E34E57FA3CBD54342BF582CDD36941339692CF8003D8C09B9C8D3EDF
T=0

[26]
S=$118C6FC
W=$D730640FABB3768EE369F406A0B9B18454C222B8A3B8BA6A10C29C52238F81A34FAB8F9A2C0F016BA79976EF0BDB1FED973C23F718CC776850F8ED6D8AC08BC014AD41D8BB6ED3EF030D8F1BEB7699312AF3B1BA2962F0E8AC5B2A00CCC8CFC254371CBA2A44E3B395356973C57D3710AF2B0325618E239E1A0276A3DEB5534C6DFFE80F63594B389467E56F72A1C36825D5291CE2FCDD35BC8B26C
J=$3738CEF836DA2E7E6D853958AD6FC003A45253F2E5F9BFA3A8EE7183BEC0A6E12861EDBB45A23C5D68D737A92E517938D8C70805C1DFCC53AAC972F13AA0C2911238C70F25C93489420090B186F3FAC084811634E15A2EA3B1E650ED1E70ABCF3720DF375CE518EC5F22DD4182302F50CAB8A46341ABF794C2D70AF34DD9C17AB2A1887C1907A9FFAA4AC5E53D7DA7534E50678810826B07FB6DDCB28F77B1A28A025097EAFA6F111E1A8B185132EFB6A65356C140EB8544875C90B68E7FE9EA985B51376C5939425C4D6DB812A012765D4A40BD44E12FCFB56D306B26FA7CA49DEDD55D4A0CA9CF64C2C37BFB68403EF40A09F3005A9061F774461FEE972CDBC7FCF672AA0F1FEEC64C7AF8A77F3C2A9DD174F10122B8F8DACC77942DC3DEE4A985893872594095D32DE614D097115BF9D4C3373E73C7
T=0

[27]
S=$65687AC
W=-$7439B761228989844B98B4F952B87B3C23249925C99EA3FD0DB76DC56176B636E2FA89C5BFD106B731AE0CAEC70E694F21D49BFFF6E18EB979D35FE0F76133750B6B7E45696EB9859DFD103FE4FD3D8130C7B91732D73EAB5B2F4243696F8479EFBDAE47C485D7001A0A7A7C04148CD9DCC997F87267D34D59B1B2AA1DFC6BCF286786420D368C5DDC4CB33080EC8B11D15AB595F500130229A2
J=$58AD491B45DD23554752845CA987680C684D52EDAD3DEFAE222F7D9275A2438D65B2100188634B4557C35437C6A04635AEA995317ADA25215106FE431DFD29EB5A946CAEDBA1BDF1484DA261715197A20C5FF04423F2FCFA44DDD360382103EB0B11A3163A8D8089244A6E808EBFBD3E00BFAC35803F803EF5A0356811B5E5D6196E9268444D857C5FEE85B558E0833892EF0CC8CB5B09BCC7D7F159992A9C7786742250358C7E1B738BDAA089156808BC8EBD54D98412ACD76FA2E85923B0EAA51EC9548A1318E6CA84AB5300FF30EF28510147E950E02D4A5F9BCB9C628D8F32C9F7790A7AAC196DC374F34B5B36CA28A666C9899E865FD4D4679AB1CD64B248F9B8097698E8E5C91EDF557D217FECCF36F6EB39DFB73C3B6C1C71FCFDB9FAB41EF95CA1A7E150F704A14D120E19586D42F10F
T=$3

[28]
S=$FFF9486B24
W=$13D2B5F09896DCFFAF8A740B9504F8558054C80D4FBF5FF8B71348B69D5699B7E21AA134AECE17CA794FF2806A552D4CC073DD7DD1250558E8F656C5CC959E14A234451BB0ACE3097BB33359113FD5C1B760B8914C79839949C3244B010FDA10D7876FED649B8207A312A56CA0AE348D45D58BE9755AEF75D0EFBA891C1642823F74707AB90155FD04A0BBCE3DA3F27D59120356E56222B7A2
J=-$2778474E3EB8945A264B263E485F89818F0E5167FEBCD7BCD596221C626FE54EFB1048F9DA12EFF521F9181A775B2A75E9606C796B6741E254B9CB7FFCD935BE74B08642C871FC8EB56FADF63B4F3BB80728BEC58750005EA66F1EBEA4D9828ED31EDF69B2FF4BF5F483D2C3E94E79E0B1B8BEE6ABE184CBB133521BDAC51244B6A56E6B334E67C6C4C6793B8C276673903D155C7C47CB5E6A4E0073518B156071C43BA5E85274417C6D4DE9D9B33BD995F933EB7448260A0EAFBDFFD7BED99BC67E8AB30D446E8B8537BA0BB138E6458ABDBE810D22F2238637EBA4A3F1C5590F8E8EBCFDB95E985BFE9DC1538A02C0FA782F7F1738DA0F75C8F752FC58C78AAD33986AC5BDBE189102F64806EB153465CBC12BAEDC94D57E17AFE789D2B54709B947CB7F2075F5C6CDF5402A879C1253
T=0

[29]
S=$4F4B6CBF61
W=-$8934ED25D863DE28406968EFB3BACA53F170438BD061FFD23A09DFEC19C0F5BC580A528802CB5A7929A00E6C793E86AD71B8C87C94682673E8C80E75C5FAB54A02D6CDEFA1F628323C0E01F54FD7D2C34108CF450B6D8C1D4E803FDE9539788C3E0F3C8D4FC7D812F30B129A67320F233295C9C7313F2BD22F5222CB2B20C4AB73803E4F067FFA8826932DE7539DBDB46757566676E5
J=$1EB9FCB4BB02AC644A7AFF71729260F61DB59778FB5B6F8AFA750883DD4B2D3C528FC9993CB84C0C488FB25030AA6EE2E8FE15CA94E06747338FB58B26E92C2540E534843570765B4EDCF716E709299AC3646B3C0AE6D130547CD462DF2F6346AA6E5EAB0E4257A0E9B4A2BFEDE1EA0B7562BFFBAB7A70C9A1C6DAD8ED5F58BD7D5247EE933C03C2FC2D0494B09137F203FC3B590009DC3DC9BFA5C14370CC09296C7DF8BBFAD18796364E9D9F17F531947F516EBD3C93A8A0123F5DE8ACC9F6AD1F350B66D45F01956633BD7762E50288BBBCAE9D7F48A0A2B097D2A17019E95D2900B2078BC1ACDBAE686B680AD5B0546205EA8CCF837E39838D772A7A39E55019C460F18F7A046D33D1F3B6B5BE533B4B49E1A9A8297E25BCF0F14424D79812B8EA250A1CFAC33139C8A2
T=$3

[30]
S=$7230671
W=-$1BF49331045AE6E9423C853A410249FDC5369E8E59D66179B9A1A72252172F7A6FE883EA91B6A11B3378B92511A14136B1473B615E2FA79DFF61CE469BD3EBB555F9C93051BDF35317CFEC0C2C320ACA34315C9440DC4F6FA50B03A04BB378BA86797BC69AD3D6D833DFF28DF40344E0AAE0669B4F7B439BACA8B1847F65466BC9B08ACF265E79B0BCC877156FB9B2981A4A9D67
J=$7BDA4D904755FF05156239A3CCF7F9DFA88E5748D5B73085D54CA0B0868B59B02B29869BC16CE725A63673C93E6382847D6524396A8DE41C7E91664C2A4D62D049F1E792A296674EC303E08595DE0879B934B4D80B070D618620FD42F29E45DAD434A78753C7E28C7E7E27CF6007AB2A6DD56D5036121FEC00B5D6646E514A0E87D867C8CDFF97F7C49519E6BBCF46DF876D4577E9922355E0C6EE97FF07E1884AC418046E1755067D5D1B32D293F57C0ACA161BBF8E21C1E8790F2820D9C549708F1FBA69018893013E31C125BC93794677EAAF60D9D63A19940BB17D59A34BD8132B012B0C4C9F11D1DD7B36D291654988AEA36CD98E50962ED5EFF6F5F69C143A5B20C33DA612D6DDE6A8299B11E07530028ADAB970E6DCB8AD63357855EF2E100036FC1DA9
T=$1

[31]
S=$8A5D00
W=$D804BBAFD59D3760FC64E6C6CFE3D5A28B724BF51C68F264D124DD8C11D3DF8E4F2574EA74918C76715267D0264B59F2DFFB8F1177C3A78C4CB5BDD8B9FFE4468DDA8DAB68191A37C3EF1AE4C5F4DA8DAB2E01BEF7F19EDE71DE072FB07664EB44EB337498197CB84367C2920CDC8E806B8B320A9A36A815B877A5F41B4CAA4F97FBE0E7A6BB495D6D342DEE0CCDD7D80672
J=$43C61C743C2970E64971469490956EC9675067C3DA60A5B44C9D0189B51278C21A62206860BCB733BB93F6AE6D296DBD7CA6E504ABD048F6AE1939FE9F89C309D5DB5D75375FDDDCE11A72314111DCAC3172E42636F289054233A108B8E0EF3FD0CEC2AEE03ECD858F613356F865F61D67C55C9D747FA531F4B649075D69C289C34A60E79894743E59191B10A032DB5D515D0365E244BBC5970A864D608EE723F31AA13EE5820D654D12E4FB8E7E838B9842FF9A1672AE0A324D43C29EAA5B8568A9CD772AEC93D62E7680CC6E825AFD581DCC5347BF06E4E09D0486DADFD5B7D8DC090A15B01A92741D32046564601FDBE339B1C78AD23C1049D2887D734F862B96ECDD3D22BB6379316EF19FCC82B2FD0C59B2E123CDA2DC8302E8DD04AEF79032086
T=0

[32]
S=$29882B2
W=-$29F7AB3232BAF1EA47A3CE633B0EBD3349C28EF71158F9C503C598C88A07B19084D4BE8BA6A67DFC3DF195FBCEE9CE58174403EE1B0145EE8F6CCADBE87FC6FDC3CE5DB3B078C2609E36EB734EB71F7A2DA8F3731686FB37C2DFEA8FDAE64BA01BEB39E092CC95F4E7FB965E24B52FAD9059A1FC0DBAF7E5B07210C1B460798FBF77F2DDE9ED29CD2ACAF63587D8C25BE
A=-$1E
B=$38
T=0

[33]
S=$6232EAC0
W=$A3DE8675F3600A1266AC0A64A3D7DFF0CC46A843326DB832703950FDA0AD9C85FE3B089650B63601FD29D45C367C9BD6F5FD2E62385FB72933A9D2F79F98EAF39E56BB80F4E2E5A564BB4F0B9692AF88CDF527071C87641733A51E7CBE73A3485335C2855C14ECF5D77A189087AC66D1DBE51739801A0BE04E5F92011AF11130EE3F0BCDE2B8CD5FFAC27F9A3C4F4A
A=-$84B750
B=$24C7B73A2
T=0

[34]
S=$127CC1FA
Q=$6

[35]
S=$1579F0
W=-$25DEA9751647B7567F201A9362019B8AF9FDF88F9E415654ACFFB9AFEB22DE3845371ED927C67E62688F7332B9459E135A2311A9DA3228D4209F5FB5DA86C4A03FA98FD09F0A005A8B35D37B59FD0878305B45E3F9EF0F6FAEA81AC743A1057D8AC154C39E0494F964924046471FDAF99A010B4B1C1E615873DE965BA887E922290C78B25C021BB31A7E9BE
J=$1C03B919E75D57C4678D5F62F22039985137A37EC3C3C6136F441F997AC75AFC2216CB84C5EA25997B57998AB68AE2A5861F8D2E389EBCE68B15901BE48B7E9FF2D0FC65B840244D3D6EA5AD8AAAF57B481D80B87AD265CF433F9B1E1F66B964954724A13987020D9054FB4B8323AAD8F4B25062F30484BDF86317973026327A1BF4A26C134C636C63142586D595ABFC533EE55829469A98B8B1CD8B13CDBE18337FBFCDD5D54F8D38F4DFA502E3791F9C0E31928FCACB005C92082BDAD6F72CFBF06F68DD37B5E8CAAB1269ED72B66434A37521240FB1E675170E7A9F23CF5D9B47B42A7EF11A2AF1D767919B28D1C373DF560884639CA601C7BCA869F34B51EEF284688A65793AD6C2F38B5CF7CF452D2C02B6CACE8
T=$3

[36]
S=$EC3C2
W=-$E454A36F60E299FFCEC2643AEFE023B7C84E8239E4ED0D198080E528E7CBEB43FB2009EC58B1255D3FAD6245C731E27EF2C3263B971635E3AECA975402C296C03A41A891F9041FB9963BF0B94B29D9386968E4ADDCB79DE183BD1C08BC1EB907E23C8AF436F9E95DDD18EDA61702D732094E15DFBBA6AC3C4B8CED12A63417732768CEFD7AA2831CF080
J=$1B4DFF213A51D566A1CD3A0C3F484A316031EB4F8D122EE13A0B3D4CF7691EDC899DFAF9DE6B2D749B2A9C062339362E051DE63320A8ABA6BFDBA2B801FD88F799CCAA81D427A77D052DBB1F7176E14198CED2B6A9E78E2A398807BC3C87C6672461703DB70212EED25B802E0FA8F826B59A87C9A8368515420DB59CA8CA50E2E21EFDA53CBB5ADBF8203C4E86829212B877251AD2990BCB9F2305FF74C9BAFA3332DF236F66C787E60498F2B4A3A58EB7458C11984B696EB8241D951CF14850BB66A85707F8FE91FA800FB1E66EBA168074BC2C1323EB663F3BC15325CA4A4296D48C3C6410BE7669A618179B6F1D341C7ECC1C560ED53C9996AC5E8F38DE9567DBEAC47B814FC3003C9225997DCBB828EA02DF
T=$3

[37]
S=$6B0783C62
W=$25F6F4A297FCA805962F30ADC20F83BACC589955B0AE5A3D138F166122758627D5A802E151D769718273658ADDD5EF9977834F0D616D9A8DD07CE3D5B040F2534573E2B7DEA774010C0D9413A56FE3FD9D1C0D4D61B45F028463491558CB6081468D6FF6B9060BD11D312D1EFBEE63ACC2674431223C8D6C94597B93C6D0EC96624B8A680E6C548F62
J=$CEA38C2646C8560D9D950FB2424AA159FDEE7BFD22A13B53849C4B067D59C364026CEB528EF5A381FE5E70E97632F50D5B96D23868C098293CA3BCD7C40EC81DBDA98F93C3B8FC4E976B4E586095D2D72499986EFB08A6C1D0555A99CC8C9897821DCF02A829B987F1EE9BAA7BFA954882D75EFA068BA0BD923E54905C05F90CC78BB0D3CA8F9C8D6F7F843698AA48530EF4C177E1DE8D3E2C1B9DEF545BBB484A31BFA94D3A5FF2C5F357AF4867B43130C3944889F298428133AD7223C209FACFA801284B1854EAF7BA7A51028036BD6D38095D2C3EF75F6E41D2C637643224B504E04444067E2611F72526C8B4236F57B85562EEB1D214B82694F67ACFD0E0408A871547A4C85F1CC627CB30BA76538C
T=0

[38]
S=$27B8B2BF63DD
W=-$178E5D497DB1D3ED0E4B5AE99E74D535E63B0E89195C91DD11DDF1A11CCDEE3AB656EC7294FE7E923C3119775260F53B0CE660AB5D1668D5BAECF68C95D513BB0C2CA7C5BBCE1D05E74D2CEF6EEB3D1F520F70BC301BDF2A2CA0D8FAA6C110229FF80106DDEF598A52916E62A0B014E3A230BF22D293C57C009F223EFDDD9F2F1BB85FB254F7E5
J=-$46C3204134C27E0E8213CF4138D2058D96CE0EF7718D82D7F5FFEE5E613D01677CB1EA578EF4BF074EC4906DA5B5FA7F3802A6020C8345A7064724254C5C48ED6F26071C72921AE69931F51CF5B3D253CC7CFB2A8035E20FFBD8B71FB99C25A68F41D0C53A0A9FE1C2CCFB288D4DC054C36BA6587DA08E3FA3B1DCC2D2DC54966E77DF4497783EA6912D81892592E55F0423C2C59611ED51C0D5F93FBDD921985D63E92F3ED37E2701A90A9F6B8C891A8C533528294215CDCE928131B69C8CBEA5948BAE8BE10EA41EB818ED6B524106A45F7A98CCBE7E4656DCD8353B5B58538DAC6336C3ED017F827668BA56A7BEB2612F4760F182880E8B26AE50E7F04123541BDB7C64E8D76BB0D85966
T=0

[39]
S=$C964DA7
W=$2192D6E7BBA060BDCCB71A27297512B1176432EBB7038BEC99804CD377172BC33AE6279B857933D30E6A3077B311C9DFF3F94D045DF0CBE57D62B99F9AC8FBAD841CA6574B52CCB5890A7F6AC5E3D1AC19FD059C2481E1E2D2555F2A77058F3E973E93FAE33D06232C1B335A27C893108D0280D3EA592A5D3401D06E427A673994DBAE4F
J=$228B4A5AD111F405BFA42797595E3A6E8BA231CB7BA3EC48A9EB72C4A00762B2EED722AF1D6179548FB3C7F21E12CC87DE45161D0C1EF80B54C12912F28C2693724F3CE597150B496C4F0B4CA8D28F6BF21564B83A09FD8B500F0C043FD866DB051FE62B7F6E4A658008CE1D30CC32365D1CA1AF72B378BB7FC25F32661B1DE97A7B9A656BC1D58F33D7BAB44224FC3D4B2CC9CB68936D1C8C9142398EC9AA0B42D602F401E94F55E58B526888D5392C5E1BA1F8A706598EC62920CA8A392795001362C570BA59E288D2020B06223F3AF96E5760F5BFA5D1C1070D3F8A2462C918F7CCD708114F037EFE5E28CBDD8CFE2952CE16B10567AE034BE8B10253F7A467D82ED9CD6760
T=$1

[40]
S=$541659
W=$A4E0D16653FF1D2B9A02579653D78F6D409F048AE85BB3CB294E18D7FC66B7C0E9A569BF175BB56619ABE39D14BDF20BD50228420B15CB73681FD298CA62FF9287A5F427380A5C9DB4F4C614A9F3D1AE209F8A1796031465021F6FBC7E2AF20C75FE8569AA1E5861AB9609CB61DA9F6D99E6BE10AA402F81E4A6D7B319B5F8296DF
J=$888AFBEEB002E172AF12267B27A99C82C7E51FEA421258ACD6E067D4EE3CC38FD4498B9CDA50A9522A4498E74D089EF422D7800B3508828A964E624501A5644FA502122328FAB0B14DDE942FA258F4EFE4270DB066CBBCAE3F9C61626CE96F8E3E15C1909C9F84F926486C1A8D52629685CC47CCCF56682FC73CCC30C48B4A1F91955E1D658155C7E4542EBCAD7F5988AE242026C45944DC1971DFB9478B39CCE5E2DF11BDE6D3D377CC53EA53A88E8DF902ACB4382C9DC5D82BBA2E2C9EDE07EA1A7FE86B07437E0E783F4A0518630E483C0240949F6A80994975D4936262B0FF1D94E285A160135DB8335681225B1466412BA78F085B5CC52AACC73D71851D4807C4
T=$2

[41]
S=$F03FBBF4
W=$1520102D307EC66823891353D3763CD33F1AC867C3EEF8276920160FF3A630BB7576070D6DFB199C8D11B109556C326497DC757E24185DCC75A50AACDBC3FB871D2B85F4AF4DF25D90BBFFC39C4BFE4A11D0B8BE3D368E4999C70BFAAA61CBFF1AE61AD10E5DEE54E39290ABA7DD1428F5296CCC98F52A32CD98442B98CB928AA8
J=$4E733EC2DBE91F09FBC17B8385A405149FE2ED7431CC939E74168CE1BE229BA174B0615E72C7816DF3A746C05BFC54EF9C9AFA1BA60E2972E6A3DCE553106C3DAB8E53AE2A9C0520512A26FA4ED04423B39D7A2705D59D13591D331B106806594D31902766D73956235CE762528C61F69DDA826DB203DB7F217CF3A261EDAA2ED146B3027F035380D77127190DCA23E723D7DF5881B93D16C3A1FFB78BAF510A6836E76F3EE16359C8658608C1A7D46C39863E26328C6BFA0CF69714B6E3274E1D7BDD01362DEF080156F60BADEE27619DE25064777842CDD7C8FE4A5C091E36E90BC235184798C3D6F8ED1BCBEDBC408E90F5699F27564CAFAC51BF29158BF21D
T=$6

[42]
S=$10D4B83B406
W=$1CF5148ED55E89FF6603F9CC201154D217891F4948100B5B69FAB61B8611153A11F8307AA50558087C2D4A6CA10B96D1D492055B702DF00257C4402B83094C26F491107CC36E7C6BF2FFEA189F5BD8F785FB3D526DE86FC750A076402EC8C4731D589E14091E68830AED9C54A389CBE1F8C54275822CBDD61403ED38E278BA
J=$1C0CA30764045A965B40EE639DE7BC72144CC358D7D6053F520DE6CA3A8AF2A33ACC3D7299CEF5387271F899C3FFB3D0D3215AA62422162BAE379F2FCA179506BEC5FF9FCA8C83F8B1243BE3AB59213856B9883E5D91F84F5CD572A094CED8C3C2CEF3498034B23A9518A739281346B26663B539BFFC95ECBEA13987AB446F8E67CA3F9F4BF27350137D50E6FD198A233DEC64A053D160DE20C75DDAF0C4B5E02DBC8300B59586F102D4319700F846F10BD79BA5D429DF8123B24C5BC403CB897140DAB1EC99DC678DF9E61AEDFC4254974E8FF1FAF91A8845EF290AA69EBD492B839993599EB2DF3FEDDECF827001E2B0CCE1635DFDAF1698FEB9FD86
T=$2

[43]
S=$162317
W=$110FEB6F92B8577D529011C8CE2344732F7F32C7DD740A90C85DEF2C6C77F3E5D16008B37B0D277BD19C9C0617C71AEAF48D98CEB08D9B3237FD5D264282A5A8CFFE2DB460FF2575432AE7DB7209F48C480257AB0768F24F585E21C2F59FD8D822D8D1040D2CD953B988C204F2BE2141F5C47EF999DBF37069F7BD0A3
J=$3CDD31999CD46791A1E919D35F304E9A3D803C31C3AED93845A319476A5305B5D1022F2A91EA675054275D872D2AEC2462191C54C3F0B6704F5BF63B2FC4A38F729E1A94444883835D7676CFB8607D75CDE02639B8D896B209BF470FA05992867C695068E59946634C9E72B6B807D73BAAE062EA35EE2F4AB940470B52B6AB8E8D68C5A3DA793CA587BFC894F49A7C493C6DFE5D31E7208D4DFADBC8A796E29FDB9B8C802AD43C5DAAEB9ED81A40529898393F17D8B5F57B142381CFAEA91174D4249DED1CEE132BEF5D15CBE511FBF4A14C4636DD9F596179499A049F04703C63BB3983152DA83D593C5CDCADE63928C6B00912048E2EFE
T=$1

[44]
S=$53B956
W=-$191CAA99372F7364949EB822A6A471ADAFFCC14D607E68AD675702BAD2636C122F91371D2216DA3145F9461B2B9CF4B94BDCD173CE7DDD4880EF5D75A36338FA694DA222A92806BBC2DF3A2891D6609FB4A4F54579CC453A16BE6FECD79ADB8F23FFE1F8EB6184DFEBCD0D03C3B00C39D86A99C7A744880B9CCF56
J=-$B72DE0BFBE80967D0B24C9514774233D5CF41A28656B4C95FC81AC49A4778B28F14764C1E9D2FE50D21E2B8C298FE1402CE549E4AFC7EBAB0FBAC4E8A5AD93AB59B0239124EE38C092A4AE32597A57CE1587F27FCFB59EE15C576A351EE8E988D4E2FDDF3D05DE679E315BB4B10556921902C4FD172EAA488A8C4DE10C1AF5552F9D02F3DCE354E9A4C628E63FE5EAC85B0A08AD2150A6FBB86BA302B6986E97E367E1A3425982C3B310FAEC50A3938E136A12995421F447C0B9F17F3FB37D69942677B3B0AC0A8E118A806C46F151D2EE5D8BCEA75F67EB0B2C7EDBB74059D7C24AC240F6B5D2E545BCE8E5A87917E2B71C321A40
T=$1

[45]
S=$3118DA0
W=-$B22BF6F7272CAA4872765F6DC3721EB828FC8417622EC2B24810B6848B171C33107580798AF5523D51D79E3D79B605FC0E2E7C9D56575E10D5B12838A0FA993397F6E69AEB7FE77D3B08AD5024FEF46F3525A853A6C99AA0645D1D2A14B9CFDD9B68AA6868FF356ECED3A873F751319DC264A713BC4CC9194AA
J=$29761420ECAA61681DFF07B399140944125383B78AE05635080B9653548576852EBF88354566F9952F83A146D049F1869AAC5F3050BFE8962E55D29B57E65F0686C89450F639AA99ED17F7E506E4D23A84B0E084C51E0FA55067A13C3309B96BBE0AD0408C3181958BA2DDD85988200EA7F31AB57A7472755E2753A5D02A5495C4BE03AD658473DABFE87DBCFDC213303A37EF27C23562EBBBFCFF1888DBBD05C9E8B6F2DA23F4E93AD391DA2F37F28F792AE4C5C7CBB9E45E16FD01FCD49A5FED3A291C24E31DEEA2655F50F150A2829F339627387FECC6E61C93E8134DF434D4331EA445492A70A5F0EC3CF9B0825993FB2
T=$1

[46]
S=$2301F29
W=$654A0816848B3B9C1C8C2F6DE921BE9AAFE55CBB0CBB5CFF48D9F513FD5CFA5D67BF85D71598B08E6A6F0AE66B6F71284ADCC698CF40EA8F22F70CABA16784FE6B398E416E91987BF7D8F1CA48987522AFBB77EBBFB8FFBE77E54A2F39AAC6598E2E4CECC0E3F901B98F8D0CF05430E00E2A5A0BE7452FA7
J=$43B0895410BC18FB9881829FCCC569A3D4EC602B4F2DE13D84F3AF524D2BF54F80162AED0C46FE022D84D2EC1D57525CB7E2824738ED02A57404334B8C073097175828BC637E38828CBA7A7864C4FA0AAE38ED6DA54FB89253108A7A9388CC0F027C8C1417526CF56CF0BD413D415A6E860933F705DCD59634FAB08D8276252128D70DD6F2C3FF56E3C683D73FD6CBC181694EED18292D04D18164CEEDE10B9E4B51B6137DFF3D896950EB1588BF89EC9B14812F22284A04BF5E06DAFC50F2720687654623590E8D5670E93CAE77F0446C86CBAFB8BC5960963DA04CF56F59666F16C697F405682F0578C9105277EA6
T=$2

[47]
S=$9FED382482
W=$9CE74E554E26D28DB924554B4A2010B4E909C7ABCC19E53BAB5734E26EDD222B27A59DA2D50A9AC904ED1C10BD89C673439ECB62C37C3F3BBA49BF37C2B3D8B63CFC4DB9C2AA466CD1AC7DA0F58A1A545ECE44DF740B06DF850C6869E771D8B7366A8CC8A23B23719A33B6D8E9F63474949AE56DEA2A
J=-$1973BC1E36746AC9076A790D2F63156451DF536CB2937552143934BF1D79E817B4F744AC2FFEF4E498E2CE53EB9803F3D421A8457C730B3FAC0FC28427A52BE3C38B788EB1AE1F6DD4A8779559ED3F59522145AE13C5174D9A5BD3478A93042B0C3C2E081CCED96021FE9E7E9BD2904EB0E4560AE116F4E98ECB2B274D12A5BC82D5F068641840A8C79EAF5237940A1AF3175E7331BBC14F185B7B56CA36551A8F8716D80362268805A0F52D39C8F83E5D2F1D04464CEC2880A8C25F8B40CCABB0AE43D3F69B1D5879DC5DF4D0AF7637D0BE32FB5D80479B95BA77593709D3A648A29BDD44749A1CF90CC6B9E
T=0

[48]
S=$25DC18
B=$2

[49]
S=$6CD74E370
W=$323BFF873EBB34CA06DD44F811D8C846DA8A64D2B3CACCE13F26304F148BDA3C224031D1C8F603D76D8EB4EC2F036F4798CAC1118CFB3CDD28A90D561E9B5B3167FFF0F548A94D1E679AE9835DE3A7CEF04649CB629D51CB4380ED650F346D9DEBD35929EC48C7DA227804BD7705CE775AA42
J=-$32EFCBFF735BEC28AE6EC7570268F02288543A76E2F43EAA0EF660C31AFE345A657EDF2C236FF5C409E1524F0C6C4BB58DC492B223BCA331F309230E29652D209655F796C1FFFD7357FA1CE70B1CFE605F29B339B4E7361B4B388F89FA7561FC6D0A74EB35183227BAC2CE21F380862D4933E3B282734952F25A9417129FD87C52D03A6B45004CE7E1D2A4A469724151520FA4135BCC7E0C0B3A9B897AAC2C8DB9140DF65CF433E36A2C99C8EE699F59EC0CDF5F0D3D5B9890F470B587944E94D06D21673914D551BD230BEF5C6E53B0D8DE9D1312489191CFF5F02158C9FB471F6F19395
T=$1

[50]
S=$BC2598B1
W=-$56353DBE37253DC26E3DE1F9106E5198F7A46E3C84933B71115BE6C57DE4D9A7EEDF33F18ACDA169191B91F142A1152B7B8489FE8D3007E930A6E9CBB70370D20EA876919027AB12B1D7AFF762487651ECD3B1C041021CB30BFDCDB920A06D6350EC8D0C472E0867BD0E57BE6C7EAE235
J=$3BB6CCD688280A75B86CD5FFC5BA121E490AE963F178270F420CD4231E81AE90294C3B4360DDF29B0D688AAB7202A69CAD3162216FD8FB11A5C38AF18DF63F030CAD61A7FB1E15FF8146BD4799E12C72CFF9FBF6795D71B363D00A1DBF614FD02CD20FC9D886B7062A484EEA92FA27D128735E276A2EF0B53B9FD62134EE5B580E5A9D1226E1D328B64F888B0D57A6094DCE3A938214636E4BFEE78A59901A6F26EA7BF22052CF5DB1593568A5B5ABC7501065763D20406B89224BB46ED062EC10804A58B68BAA6F16E23AA032C2AD3DD66B0A0C2CC303D04FE34D2E7DDD8C2ED
T=$1

[51]
S=$232794CDF
W=-$661BC3D611606274F5893FDD16AC0B511A281287F57A3E455C088C61603E8155D5DEF46C7CF13B153F5B6FE0DEA446DCF2F38A2AFD7327EA2834A44B4E982011EA698CE1057744A575B1224D3D4E5C44814799B6C6BDA6121C642033A94A60B5981652140526D9B8D984D99C620B3
J=$1B52519728E0B6A92D256960424F032057FC91DA804A09AF072F72EBD8DD8664BA571984CEF363ACD4580F417E208FA28AACFBA629EB0EEC3823DE14C7921C2827074C142415A35770023117849D3423DABB455AE06228F9D4BC6DEEBAB3A3F6CAD88EFEB808F30617C7591C99AA50F9C4838AA770247581FD0E2F5EAE28C5630C69339D6EEA5FE603399BC0E3E75C6C53889A2810058D5E246D8ECB666A22CE64FA84D1AE0A885D1B86C33EE5A072E6B266FF02D0DEBF4CE169CBA16B9B78E58A1883F70141BF7E304576EEE75BB02D674A6A03F2A6ADBFEB17309
T=0

[52]
S=$16E00AE
W=-$409B8831A565C4A8F0A8A9F4EA6008BD0742D22D1CFCEE4C8A7266653385641FED2ACC4D78B14CE99F10EB549FE33E7583FF2691D4397AA23E63741AFA239997100A6EF51B62271ED71C12C08914A2368D231D2C6D18AD7F4472105FA9BF818C3046F2B960148C6BF31391A8A
J=$20D95840DAF291452EB6F8CAFC28581765CCB0FF05DAC522C8D185F10C5AF8A2220C556857345F1D9ADBB157EC602D65A10180728D684E3D57983E0C527C8CB128D965904CF6DE35957F7BAE1505723BCED9D9F18DA5390D4573809FBD8C05E11C268A4BD0957547CB6C475936250A40AB90E7CDBE2C52160A11514F3C9234F50BC2B79F38C1AE2F931F13C1720162CFB9E7D36B003513FEF44AA67C6149D07E5242F19E0ABBB0D2CFC9CE195C72BFBEE55F53B469776C6A323141BF9814E58855B2B6691B4D4A89256384FF2335A7297640CB49C4A74DFDA
T=$1

[53]
S=$15EDD8
W=$134A9B6D499C4C710FE2CF0A234752F34FE8403CC0F21400610D0342506490CEC28049CD2E33C6904970740BD42F18F2F7A44FDC7525A1A8B8B858114A672ACA2359FBF473CBCDDD89F83A38FB739D7E0CD47B7E95B933327513F27031C54E5EB25CCD7CD5DDB2FD857C46
J=$13F0EEB34DFDF67FE26AF7E039946149034FB72BAAAF8D903F2C917A5CD95D792C018B34588EE8B64F7D7895AFC82E8F29D40563C5B4E6F5A05716E8BD11BE28DEC8079D89681648BB144CD967D8A8D37D4916F9D53ADF3427740FC96CDA364D8392AA3194B9CB69FE5DE29D492D13793382A9166E925E24B834CD271E07D17E0304A491846F3D296542E0F242367F9BF2DC2C6853B8EBE7FF57772B932D9E8F6C311F7B14FD32A2D4ED3FD57FDB62B5B0B8DB0C8AA43BBD2ECBF4D0992489664DC280FF15E7E977726773F28ED1818DA948E5A0BBC
T=0

[54]
S=$8327ACE6
W=$91C5E561C56EE15886CF02D70A58F6D64EE8C6BEB154C8370FFB5A823F862B4C4946C18B622372B1673EBB5FF33274284CF5F53CAC998B8401EB9E868321D0E3AB439105340E8DCDB1B63169ABF260524935C8B351943F58D530181D59280400399F1C06B450072F756
J=-$149219F07CCE130FF08C7613D27C5FA30C779C4BF63D26441E74B6B5D9769E9845B37A9E70C3D5A7E1F90395607885636DC51F2981CBDC15795A3C0B924498B7F79781FCBE8CC28995E7981DB4312A65828D85EF2A03E8CB879CB6E933B07B5C0EBDCDC0597231E377552E6A3472B261CF48C275036D9E504B19638225895CB31A7B23EC0C46A4D1DF9CE766EF10FBCA34BCB13244E2C7FA9AEEE14A1960CAF6D8E061B76F9AF47BB964662CECF7E373BD94C8B9D6BA4FAEE4C67B19FD8A74BE163732E082F96C3CF156D443B3F986CBEBFF
T=$3

[55]
S=$A7F8C
W=-$BFA97486C40E1EF05A2231D012EE1AEE9A46456DCD3443D26DE65C6FF117E29CE3C6963DF40183CCE649ECC6C82B24B5676AC8864F69723533E2C5BCECD7FF20848F694B52956D08C05C7268A50847925E5A57BD692D66BCBBCEA89A05CD5393A773CAC0BC35B4A
J=-$1DFD8866C67894B8BC064077069BD56B544162B52F63C8FAD6DD6B15CD34B3E071BE823DD668BE2472D65F6935364D7A48B3FD990DF09095BECD3EA2CEA5064D1312C172193908F129A5AEB6740AD3A1837F253CD759E048C1D11DAE4E4BF415BCF157E8C7BFA6BE47F3F725A9341BA2DC8FBB9306690EF3D74AC2735D97BA445A27EFE49C394D730B6A8CF73229B8EBE6C08D65B39B8AE3785740C086E285B0C89ECBC2C17F6D3F8C9A3C47A2A73D44BA1812632EE853C23E88CA7A98F359854AB9CEE2E79615A5B6CBA6F4DB4419
T=$1

[56]
S=$3038
Q=$3

[57]
S=$472695B282EB
W=$BCAE7AC3784AF211463636CF4EBAD8FAF8FD12DB0331ADFB8F7C23B05AA12B149718FB7927C3916178D5670EEA2119BA167E112ED55E790C70C8E5E05ED1C8AE23BCBD95CBE732DFBB1BBEB68F0537413815D0AA04426004A1D288BED70E4AB96665156F23F
J=$1420DBBA29D185ACC4DD26B0B624AF5108070C928B2E39469156C1D0CC0C302D4AEC60F69374FC19A0BF8D180FD38805C96121E2587A28C693FA51481EC494379F9DD1E0DE631F81400CB05BB4088521D2D0E659BDAE0A782B30CB0AB2492AA7A0C66B0E39C2FE434B744BBEEDBD33158046F299EF79789ADC53B5A9A26CCF4A5D30606AEAED848ADF9B84DEB38B97B0704FC2178090A80A1F6780D83AA0CC277C039E1E6EE276A0415715CDEA7901F74EB2E683E13D52AED0FC5C54816EE052E7E370E1B59AA53DCCB12
T=$1

[58]
S=$5572
W=-$172AA0A6CC3DE9E3FC5E4035D0B02D3113D1BB64B4595ED79457145ACF2E0BD5B62A9B33EA89B93E0946285C42BCBC16B5D7C8105A69DEFB283E67FD488D6287B53E1E5B01A522FB9AA8E94334659CDA82F91735045B05BF2C374A5BA81D1E4954047A
J=-$3AFFE5561164601206415F45C836562CF615C805D2B75506F4BDD3C7E46EA1B1257A179E7EFAEFD229B938773F1F0201280AB5CB828E0B9A22429F5D4F00179C7E2F6003F2C7E826F00D14D9A0C7396A673731CC2CB2B5F1C3F2AF8028CE9DFD69DE0F8951B1BDB0A78F71F5F50CADFC373970009BA7CA29D1E75F29C3485274E00674FE9C7D9FFB5DA57DA68202412AD79DCF5B19EA6BFC83EB911F66840B8CDD9AE69B6C23377A747E01CDC688C048605A9A8869A3EC2A799FBD8636A938FE7E69393F21
T=0

[59]
S=$687E4
W=-$15DBDAB1CEE266563B4D3AD7F6A742AEAA8BC3B40C86A8696B6ED945DF0C36D54EE69C57B16A7D6A1857A2F383258FBC2C641542FC2585EF8DEAD1A1A2A4653E196E2937280FDB77D68364B187A27EC30E1987608911C2C3C54CE97BDAC251EA20E2
J=$AAD5B1F46C11BF0F045EF1EA0F6F063CF3B719A7C8768349C48ADA4C2389EB8A25CCC6015C35D18413811A61A2E2FF3E71091C9B4457D1E8C56208661BC5525463105DDCEDF5126D0ECC59A2DA8FB4D93AF62636EA16435A01ACB9502C9419F4B0705B47AA28888A590DD239057C3672B5516246BCE12B72E036B0B83FD27F414018ADA672DDD2233B78656091C9E54533D4039D0EF0DB0861FF2485AC0A0A627A87880A46C201702D89E29C3001B94B206E46196A2320ADFDE12FEE62B76DBA62C011
T=$1

[60]
S=$B3C0415
W=$5ED183CE10B57E95980112DAFA1BF33DDB55B26D11956E448BD8528C51D1B17CA3A2127819A3001B61835B28247ACB33E2C753E6E45275D6C2AD2396350AEF1456682CF066051DDD345CFAAC95484B6DC668BA9A52F184EAF9284F0989139C56D
J=-$1937D2E47C180D29E6AC9FFFDF5C43A4BF9688C387BCD01849707D7DB70E849315447C55DF31BB063C81608C636C0A91A57C401BCD1465F10BBDF377838FAE9B13D784EF77D4C058CABD44F642C198C40A2BEA7A60D99B8C9699375EDEEBC53902C4B8A1118908C646C4431D82C319A6CB3098E8B5917B4A5FDDE7FA017DEB93C1B55AD313E789B4B5CB4F81263C63301D8C14E214EE81BDB7E2F9EC7C830560543E1CD866EBF1D49DA86AA06E9928434D12091FFDA123B5BD11E67C531F39A0F5
T=$3

[61]
S=$930A7DEBE
W=$42A7550F65F47FE9E2CB713C09A057F63935132C441B3BC3BEF4A8C3B06FF60582EC5986C126585C1BB74D3D2EB5473AAA0751FFFBBD9FD8E3AFDAF65C037A980CA48118910F444B84F0DC5F78A57147242B159AABEA02149D42B2A05A893E
J=$2043C3206EC00FEED389BAAF3576EC78A07D51D290EF207E1F051F4E949D73A8B54775AE82DE58B64CC1344E95B25267102D64B064EC48E95164FE535F66539E90D3708DF26BEC973545D85F98C4DA8646487B9937D39A84C0D2BB6001B2A4202F18CBEB656D28A20DA231446150829744E586776C989BFAA5698E927AA6536113C08AEF7EA8F6D39614BBC74E12DA974DFE851AED85F91C0428A025D9E63388C7932F5003A9F4CC733E180B629AEA347264E1EEAD7B03F5D6B7A4C8ADE
T=0

[62]
S=$4EB255
W=-$18B75282CB2C571DECF564C078117DBD83F4551DB324433B8D73440AD41DAA44F127F711FBA7F770EFE49AEECA86BA00B111F45B82FB20B7CBCAE0151C409B124766C163600EA88B635671292DFDC813113C09518B9881F5D7BAE64991
J=$46CDAD741363B5E0529656CD1A4C864EE12D5B31DD3E9BC4B39FE53D3245B34370AB01FA04BA8E71EEE973A7F9368F657BFB956CAAF5D0D5A914268151AF18E21AEABA3659CAA600D618C6D61EFCC0D73BC891803121AB246EBFB428F0A8328FFADC120D3361E66A1AFDBEC7FFCD94B3FCAE81F0F3D0E93E547F9B189E6FDAFDC7BF7CAFE294802EB7B652A67002FF8AC692799FA81AD5BFA243A93F4B526DAD60F82BF57840CB8376B1F557AE27BBB186B33A727B20D21B68
T=$3

[63]
S=$A61D90
W=$2A007BBED09E14E602232F1E74FF336F68F4D3D797F54D531FF3441EC8352A560653C25E9C41E3C5F76EEADC99B06D6E867BA3290D8F96D274CC83D82368D3C886941C350548EE87A2E8CB891B416193D86D1742CAE48D8493B0776
J=-$929AEBE5DAB3105CC37C9BAB822E3A5B4A7AAA6EAE0F36B4AB83E20EDE7CA8697BDB4148E19542715E0067FE74F55FE971D836F5319E7A23771EFC218B585E3DB7E29ED29EBFAB30F52E259592F9AD3639AD4C2691B3BE19C1DCA0883FCD4F8F8EA52AEED6C7F882060BA38AC156F14E964CF5561AC2B9E22BFE3FFB05B02E93A6AE26484A26FC25E87D036B6FDCD650D22C436A91CCDA67F08EF876ADB4F48A56809F12BF3281A9EDFCEA838C20BCC0680A909698A9
T=$2

[64]
S=$32EF85900970D89F
W=-$22464CF40E412D41348EAAB15528D2D06F69AF877AD8D74AB81A7789A282AD557620AD536C77D1F2BB66107E1FEBD7E908E71B8EF9FFCD8497F394142E8607D3BC35098C3BA7D6986E243E3342EC0F40B9EAC2215E1E5F180E6B
J=-$136A49AB1B5438E99A24EBAF0B388A922A522F6EC157ABDAE43A4A173419D9B5368628515F2F877E41D70A0BE2F1AE637F411A68293BA2F4EDED5A5576001E604345F5BD6B285646A7C3482C54AB61090D815F7772C714990C2C415C90DAFAB3171AE8CA8B6C1CBFB959254C475F935C8A8CCDF03B06565E0E88EA4D8836BB0247418F061DE7D2057A319DA263E4F00680EBAB2AD021F810F90F3D823E1DAC044E1AFBC15C1076D4788F7B44DF232B2A5E0EBAA
T=0

[65]
S=$4A7AFF9
W=$7461E893462A908D8EFA0AC9A7EB83E5849CB9B056188610699A6F228D858C098CCBA889104A00752CA3F9B2979932A9927ADD92ADA63CBDBFF97760E7F3B714CA966F43F7757FEF8D3948E7092C9556C6E24C7756CB
J=-$237CA5F76AF44436015254AA264E9173BEDF17CA16F9B31C0A9FCFD5C7BE0DD379898808308311B652D53C1C80E53B69B1A515C9381D274DAB1B3897444813D6FF23B086EF8629447BAEB625D2915C1640DD6ECFAADF075E73B176ACA60620F822F202F3E081A450CC2D79AC67051497AC1F327F734FDC994FE5F7EF84E9E53950C5C391233DB63CE899B9F28ADAA5335C46DAFB450D6E75AE74D6FA876352DEEBB160DC9A1A6A0A6BE0715
T=0

[66]
S=$8A21C
W=-$3086859E07F780AAF01215EEB0C35B9EB451846F540A643EF5F5F0E840063FAFB8E5D54EF23D762F797603B89852B8B26C70CF770492FA2A73D3857D8E2E18078258A520865884F583EA8F381D5A5987B7D971B6E
J=$99A605C6670937349DA4E6F09489D5BAD82A4A0D2807D9EDA2FB6CFFBBBF09BCC84EB282B3CB864C0EA8F2E2E2C16F84D727E85DE4C204E2F131174F182A019AEDB0D962EB06D9CFBC8A026B4277271EB4779699CCBA4591EC577E276CB38E125A31BBECF0DEB8A723503EC7EE7FBD9DE2D73CB626E7A5D85D0667CCE0D27E7C9754C55DC7F4730EABC158F64A82D02CD774552994B6D3D64228D54889286A3C3779BC0EE09BC626
T=$1

[67]
S=$40D6F9
W=-$120B4CF1C9B7448FE174A11929A9F43A3089310640D9F3046D41F558CA1F94D35691401534B19189ADE0709423C46BAA26721AC291BD7C15EA0D0786BF04347481123F9E566F44DC192A6761E8FA416EB51576F
J=$2BA0A99A6C3FB434ADF0E1DE1453FA34B05562C5C9EBA5780FA3AB9A44916C2A76777479485B6BB27E8E35A60D3221794FFEB9184D9BC27FB064BE7FD20E8575DB49323873C4EE51223EC84239F20F4636D6B81E9C0501BBDE3D5D5879909BF80D810556EE21D950E834EC7F5EBE8E8F501B6ADA2DE47666BF41C91B20398CC37A837E667CF843608708114DD21BFA8873C3A6E02832F99733B1EE519956DB91620905382C1D
T=$1

[68]
S=$397650
W=-$23E1A26428BAEE0B1239D94587670A893D563ACEAF1F67FA9DC229D011411E73112B7A316CCDDB69B84D41AD8E067386AAC632BCAAC9F1CFD861F92960226B922FF639276F1AA09540DA79EC1DDE4900AA46
J=-$C82A9EDC56025DA7B8CD79C976F364F62C3349E8D07C313526720661C3EC38E9FF75C83B952C4926636F027DEE3477698196077EFF240AA54CC974CB86A15BA58694AD0C03F352BCE69237C2C4494EA438D632EBFE9C2C03F4051C0929474586C13E2066DC13FA270D51A64BAD8D36DCC04CFFF80689234FEA3944D086F2DA15AF66A9939A7650DCABC9D4C727E308629A8EEC8FBF0CED21CC64874BF41996276E39D
T=0

[69]
S=$22CAA9D4
W=-$4B619B35F0764BF3BF7CE7338BF1CEE85FD97CB4CA3D1ED72FD6EA462139D0D4C4AC8B284CDFC96E618F037A4AF547F36B8746BD64090A1EE4C8E8BA40F585798781E0DFB9F769F97D7B35DC35115058E
J=$1BAD7297DE036E1276BAA9ED1FD315166D579C8D0EDE23B930D8F1BA217B2EC6CF4C4D4F2CAE11E7243C7FC1345B0CA55FB8D29E416EB49F1C7718BB73434A9BDEDD1C9CA9F00DEEE578B895BA745E11CF83BA8933CDAA8D015AE77A58E58A9338A9AF8BAAD85FC987B57AC62EB583E9CA0621697A1F81B4324DF3911656789EB4A25A619B4242F155B45556D136782E0D215D17E068A73F103804AAC1CB86E8F
T=0

[70]
S=$445F7A9B9C5
W=$9A563FE14DDD0742D23FAA24C74ABF7C6B9FB891FC006EA8B5C2005D4E24389A6D13BC11019DEB0505164566BE1346831F9AAD147DB3604CD4FAE7AC243673A70EFFF2ECE7E388C558F3311AD8431
A=0
B=-$C25338887B16DE38550DF3DECBB8B3451D9EA5D41496AFDC4148DFCBA81CE2D8631D808E75F6A7B716DED4F2EEA89AA13A1B81C17AE00B658D82873168BAF0CD2BBD99204CBD254761A5B22CD597696303752E73AF0AF3A8486D6FD2C6372772D256031CB7D0B0E5C22F0A4BF2267922634C0DA9563DD2251EE1DDAF57E4B1402DBBC35D3C1C6400BF610CBCF41841E5712B60342E9412DB363F17EBA
T=$4

[71]
S=$42
B=$2

[72]
S=$2EBEE54
W=-$CF352D4FC58C912541494689F36674EE88AFA61B70F7A5143EA3FB94A47401B9231BA93FFE06A1AC52DC25C8A43A6DFE61DB9A39A85BD95908835DFEE70242A555BC29D67D574F04122A9D6
J=-$13FEFE90AD993C6147E9BF95DB036A58DA449423EC4E3E4B92B4463D22CB0C759D586D6B4BC73D44E75D7A81067EF3859E97962B1EC2F572D7C4B7A3B2C1BA004A6C927BDCF0A8B5D47D239F7B7982E790AD7FB160B8907BDA668234FFED4E224AC7CADB91EA3794A48DA05AE0D0FCD5058B1B11ACDDBA30C794A01488C61761D4FB1696FAE25FD8CAF75BE271BBC31165045EAA952F5
T=0

[73]
S=$5AB6AC
W=$1F832702BF3F2A469F5D06CA343F474DCCE573E690B49603F75483F66909DFDFD0C187C1FD92B67124571955DD04051B324CD36F22B3082876691C471E05EF88951F812E96F659CF7308
J=-$1CC2E6526954A9667FDD3D48CB8C1F66D8BBD884719AB646DF80A3EF0345A1D4E45FD573D7A85463C551F4A4D85C20C7AA46680939F9743359093DF70863C97D5DEAA09D84CE3F904B6BA1F9B0C332F9B263E03DB92AEDC9D22D42B693566DCDF0F8EA0B938443A53FE5E8A9DDA9D61F7633AB4995D4606D855694E9D1D653368DD9F1BE1EE552E1D59762AB67AD242F3A87CF9
T=0

[74]
S=$37CB272
W=$C9931B04E13A0AB6BD0AD0EE20ABC8D67B9FBE3D4FAF274452E59F42C2F89DF14BB4802B7295E6806B598E2CC17516DB4DF4251342728E48EC6B3B5085BB3E3AE308737DD71D44E66
J=-$14F31FF30533DDE0AFE61DF14AFB9FED388BC10042AF2104CB75E76232839C03181D86E35F7B0552238077EBFFACAB94EF1382F76528040C93322C88D80B73BFA033AE675CE81FBB59AB44F84214E369D03AAF34E2C4D9B1D839EEC6E4D93829F1C2BE8803394C8C12F88C5EEED51F7A5569A612C1207C71B6763C9BA7CBA5932A93A607A19F1BB0E3F5BDA4C39B8B4B12
T=$2

[75]
S=$35563C
W=$287E0AA9AEA8990215EC972840F7E816574DC38428C3F655274FA819A5D1575978471D88FA71A581449785AC4C346533CC1FFFCEEBF07BB8C9CC007BC294735D150ADCFF69738E
A=-$D70
B=$12F5A
T=0

[76]
S=$2E32837
W=-$CF3B533DF153D38CA4A2CD605DEFB5CB74EDC8ADFEF343C8436E20386A674FC0FA697EAA3579CCF58BAA02E79FE8F44B1B6E38AD0D99B53D6860A88D0F282BD64699C220FD1
J=-$1A57EE62C2232E9681F3F4F5ACAF68A006544319B9290C89738E6B91D8D0539FA4653EE33583FEB416A6BD917442DC22C5374E23D4DA52F380A68C51312F7DD521A5855C549BE44CDCA44D98C7D985084385329F2FB9EC0A50F89121051D2ADCEA30641FDC80AA21AECDACB5C23C0E541594C705DCBA5238BC0EB51877D0A6F9E7E518052981758255CC05
T=$1

[77]
S=$294D7DF430654
W=$6242FE6B97E25C8B37F26623375B86B54D59C391B1190CB6A3F38C6BE3CC6F34FC6D17E2050DEA1C4674A7DC113DD0A7296058BCE9228D3470084AD65D971BB114AFB400
J=-$1C42D385C841740AA0F74EBEBFE377E739E699E4E3779FC0F4B4646A391C930938435640A7FC1F13EED569AD030FF174892955F7B511BB88D60AD84CD55980CC0BE878B58749A6FDE0C3EC7C5D3DCEE2B823CE97D5B0E44FEC20B584BAE997681563A694F0A3EA0A72522A872A287C8CE8EE30D7C0A726BC6702E9290BDAE5DD30CF3E2D11DEF54
T=$2

[78]
S=$CD5C3611
W=-$D8F8A6D08F89E2BF74FF0670FBC8E47E14438CAB001BB7F37B1D9057621D134A5B00430D0A6CD7CBFCCB4087B21B9C26C9392892600F23A0564CC4D3E81CD5691
J=-$1F124390D2DB624E5BE9BF74BB600B0806ABB73E982CCBCCF703309109C0583024D7C6DCFB06C541406F487453D3C66BE975E9EEFCF2051629AC43AB01069A05FF2C8232451F5720EBEF5363FC67443F725F92E914CEA309442624826E0018EA7270D7B89FDD62A8A2D5F57162E10B06504E72C31F0E462514D0B75D90A2A0D406C
T=$4

[79]
S=$53D4C0264C
W=$A267DBCF3E38FC59755701DF40808EF54351499B64D4049F3273DE709EFDA0C763C389DC35A2AF6465280DA5D3394D61C75639ED23F1479086A96CC723CA2
J=-$2B82FFA555A49601DDCC6DCE9614CDCCAC68F54CE81C5C3045531CEAACD8E5A3AC0507B3D5EE1B6602157CF3CC7594797C0D2DAF0AF9C49D1C35F113D51F1173CAE9C8A8AA1524014E9058B3B38200D1068B277AD9BA1105FF82DF8785B7FE8B41009608AA96F7BEDFA3B6161112D7D1D9C45EE44859977D101635BF065
T=$3

[80]
S=$6FCDCB
W=$93195053119670F8F2396628F2EC2FFA44EECC1FE7E282EA32081B4044859A3B8304BE5D79590D14AD756417AB3B591AD28529A61B80886836C3E13EB
J=-$AC17498A7F7B7E352DAD43A74A31107CC7EFA462ED2FC892EA63FAFFBC5C241E1E11C34F19F9358126A51920A86A422D0B93727B5E0358877442E9141F126EBB18041D4304BA241102C14C4CE53ECE2444889E9C6F2E11320D3709C0A4313386ACE8398DCF156A8588F5610830417480938988EFB3835B875
T=$3

[81]
S=$394EE7
W=$AE694D7459DC54F37212FAA5BB745D0DBF8DD122A239D049A97F909292F9601CF36C1611D6548C2C05E5F9A2C797E699E7A45242A2F3AC07894659
J=-$C8169FB4160B961617AAD66E2AC33254569C8B9F656AD851553A617921FD44181D2002A8C2B8E51815BEB7982BD79448BA8166847F0BF83192D0F6ADDC261C1DC1CD50BFB522B720930AE45E569F50159D085948107291C832ED6C20AC9977AC69EEFA687C5A1F8D54669F5A1DF6689D14F4097ECD4
T=0

[82]
S=$E5098
W=$9E222E1CFCFFC69049732034C196555E9B04063F726B4928DED034842852AD9DC3218394A2A5313EA14964D1A3FECC07D577E3EF80F86CDFF48
J=-$4B81192F7A30543CFA29C2FA4E4FEE7DA6BFB79761C6E1E755AECE60216A06397012DD40070931575DA047004605CC0FF91DB7BBE647B61219ADBDB14F282B79741741EFCBA72D900F5920EB8C9C4586FEB4B6A45DF328B0F6AE8227DCC00C9FC1C27B00547781BD1E1FD9F3053C936870F231
T=0

[83]
S=$66261
W=$900A4662EB447E961800E0E77C487BCAF112BF349CA878C4DFFDAFFF271F45056E6DC5F3A16019F6CEA323464BF3E517F7D4A5E3C67AAA0E9
J=$8B1587EAE0CBC1ADCF447CA68B2141DB1D237DD50A312E731308842F4CC0E703020FC3B2DDDFB37DF3C2045F483F121F5A1BC7EE34814B9568EE3498072D4B2739C2EB9634CCBBF4D8BECE2F024CBA5137D8DB2894765E43FA44801C30A2C304963819E439F9D438E735F8BF9F35E9E07
T=$1

[84]
S=$F65AA72E1
W=-$1DD6A0C101E5D4FD1685190542402D9735539B79D4A64778370731B265DE2ABE60A36B7648F30C7D822ED6330EC9F85073FBC8E92E4A5DD
J=$B92EDA37A002FD37179612534A345CE2E2BC6243CC4F8882FCE2B25E10C559BA06A7F88066B32AB0F9D129CCA5360BDB97C967C748C4CBD623272EEF3060C2885606459A4E63F640D8D4AF9D30D42F39F0773612A0ECF91AF293945D9C10B5D2EF7DA3F937468BB6AB262DEE75EE
T=0

[85]
S=$3A6940A6
W=-$1E222B33D67F7969FAB049447C1E4A0F8E40963F79C13B7145B18DCBCFD05D1CF82544037906BBCA73DEEADA1E618907722AF070A
J=$152C3DBFE1800928D301C4F2BA4FD63B06E1BB35ACD6E98B11ECA2E3F22EAC4999D330E4237C20F3FF2514F15E93AE3E8EFB1211EFECC6BE251163B7C3AF4DBF787D3AF6153C78E60C9B491F71409AB9B8D52324EA861C97255B28C96A60B871718599DEE1778661A372
T=0

[86]
S=$1DD507E6A
W=-$1F36D43F47056B5127323E5644DC374A71B3CB48385E5160D9F77151A5D4BD246F9852065C30C35CAA1E78015B3E2697D7D9F1E
J=-$1CFEF86F6584F1F2576BE2EA6D9E00262B318EF606BBE0FEA696738FC130886A35FC1E387AB4C098503B4D880FCA59A3EE0A4558B5E360A52F29F2D1ECEBC8442894917D8D25D4929B6C8C7EF625D3C12071382173F31FA804AB7C98417CCD72B0CD8E02F98B
T=0

[87]
S=$2E1E3DB58A
W=$D8DAE61E8810588852DCD5D314B5DA2BF470C07A6F8846F1746B9AEA5C7D0BF165016B1AD4F2C6C864BDE426C9FDFCAB7E
J=$23B9C62D511D916B8D400DBF6F5322CF9847F6553BFEBE56A818CF296A7D73072E84285B114A9C8376B111F3F8EEBCEF0F0A87FAE929F37C21C53FB02AF1AFED9C1F65152BE00275E08ABF3979EB8A48A67CFE3A63F4558F50809B707F54D4752831
T=$1

[88]
S=$939B0F7B
W=$1E6FF08E110532CD8870BA851ECA7810E73D473D6367A8340A2B17DFD2B017ACD00F7534E870F6622D3E44E78AC51B
J=$9EC6268D38B37B912A0D1DFA1F1E00ED67D0BEE6518EDD8882978D35FD636112C1B8125C5E6F5DB9EDD79D8328AE87C04A4AA765B51C03598C0AA47EA8B02AF09B3CA3BC5A7235FE290B84F82C76CC35A4E3EA3A981F02024423EE76CA
T=$1

[89]
S=$110
B=$2

[90]
S=$2F47E
W=$41359A67EA63B102D85F5BE57037F61A280E554E2F325D73261EB5EA3E47D233400807EC31BD15839FC176092
J=-$A44BE7644115D67487D3BED4C6AB7CC378AFFBCC4C6064AAF02F6F9C50422E45C06F972073BF67418D20980DA5B10AEED2B1E5110CB401C30FD53C564A1C22AA30DE655377BC723A3C80179040DDEAB82494CE3922E37D18
T=0

[91]
S=$425EB2
W=-$25662CC0979A7C8A34F633E66582FE0153FF0A8ED6E06DF4C0C945F045CE4394D5B200628369CADD205D48E
J=-$BE6836ED1C593E0638DA8DF85EFBCA51A5CC7E8DF015F775D5BF03FDFE95345B13854D61B9CB879B1D5859382057490F25BE7F97D436985852939838A23612E04C4FBCA1E7404418421DED7F6B0E8DB704FAD14A3D38
T=$1

[92]
S=$3B8CA8C
W=-$4DAC50EFD87BD77234F543B556F5625C736A52287236E1C2F458024B267DD5963E6DB0D44BBD853335BE
J=$DF72F52AEF6D8DC7DC3A5447B40380A12C2F3968B850224EAF229772A47200385C96034E105D22CB301DC147D268EBEE846A695E64D8EE14913CB7E10673D03D2E73F900A29B92554AF1FD5C45BE46CDBF12AB
T=$1

[93]
S=$33E69555
W=-$1B3DFB32B2F8A38B129385416BAC0055A58D05AC6AA46D59BFDDCB8CCB2D89A971299739214F810E9
J=$6FFD3CC8C783572C5CD584A23D7EC005CB96743CE41FD8E79A647A8451D086A523B4F59AB879CAB98A0AE439BB282D56220ECCBD019EF92ADDB4D0DDF949F478D78AA56ACEDEA5170469D32DA5A80621
T=$2

[94]
S=$F8C3C5
W=-$561F8394EA51D966117CA974D87728EFF7A4473B713D5C24107794505A4562D24710B48770081
J=$DB73F434147A21C866B53C111124C5985E174805422E840357C25E14FC96D98A7F7F38BF16E249DB6A9F0AA63EB142A910C70F8CF13215A1A7A9227724E949ADB7355DD1F0F4F6FAA9ED61D7
T=0

[95]
S=$1B5A4
W=$18695BCAE4090B8A408A22761548783D82C798ED546EC5D1AC0347A4EF4BA53E391AF6571E
J=-$9847A4D56C4DDFDB3E5FFE7702666BF8BEA8F309859E92AC8B51E7FF192A4B629B5708B377E5CB567BFEA2B91D4A7532ECB73592019BBD4716115396177594B5FDBE21FCE757C95F14
T=$1

[96]
S=$4DE98D4
W=$383A83EF2466864483B654EDE0AE52401071494E96BB3DA73B564794A616D0865321BDE0
J=$14FA108F4CCBA0B7F331DBAE31B49E9AA21ADA3F0BCC35CEB35F887D09C057C308601ABFD71858ACE66D57014107565B54D485F3E491670C1135B1C4861AE5E2CB3AF1FAC8B0592
T=$1

[97]
S=$234E948B6438
W=-$1987EE81A1DC591D6AECB1813BE84B654F68C541C0D5B6E4D793BFC9337582BA16BF6
J=$2D498C0C4F8897734CB3EE83D992A79D91F4D7BBDCE662723CBC036034268C2B59901389F05CC8BC9EB102ACCADE699E55036F78F916ECE6ACA88A780CFB74A514C0C27B
T=0

[98]
S=$FFDE45B995A
W=$48DA72718939962E686C4494655CB60E833567AD64C2B72D20E28E14078CBBC
J=$208D5AE142944571648806215BC6B0AAFED28A0E44D22D5B3F7121C6BCC0F8896D765BBF8E92762152676B84AD53357E9CDE812E8A418EFD70A3FAB03675D
T=$1

[99]
S=$E8D3F0
W=-$155C9A701607B6D3631FF507668640380D4EAD59C3D34FDD27A352979E
J=$8C67D98BC32DA02C39CB9D294378C3E1A1ABB150F1CE9B069454CE1BA50C8240434759D3444E9A3246B77B426BD8DBBCD8DF505BDE14E97D6
T=$1

[100]
S=$1F9D931FB0A
W=-$458137570E085F353E69A65FDE92820F4CB3E605F7B61A2467F694
J=$1F290730DEB920C484BE29C39FA1E1FF8F3ED9A51D0574AB22F4B461356256B2997D14A93F73B9184D33EF376AA43FDC051FA2C35A9A
T=$2

[101]
S=$56102
W=$9C0E253437542582339BCED1882DA3CF2EC476EB421A9ADF0
J=-$150946E58ADF0FA061BD3C1EF6FF21A5EDA79C620650931D082CD1BD8FA15EA06FEE640C4A7BD9DFD733BE935C3C074289
T=0

[102]
S=$27EE85F26
W=-$6E2DBBC7B52E097344EB1A0D16607C5878F28779AC4D8B8
J=-$26A5AA13E2104A1D6CF9546B265E41C4516157A597E8120A7081EBC136783C084D3E87470C77BA243720CCC165238
T=$3

[103]
S=$27C6267D6
W=$3A4070973CDDECE2782C6CB86DE6DFF12243682AE1A
A=-$1E
B=$38
T=0

[104]
S=$E4B22
W=$9E5F4D36E78D15253CF2347061E9EA837BE116
A=-$1E
B=$38
T=0

[105]
S=$D7568E
W=-$B4103E39A94CD08F128D3A9908AB3EF760DE
J=-$B7EB2A82ECDA053C5220A3931B62D2F4D83D9B622275CED74CEB8D6068436E657FD4FA5
T=$4

[106]
S=$2CA8244
Q=$2

[107]
S=$2D2BC94
W=-$12DFD5533B84DD3F0C3C2A510B9B60
J=$1C287EA257C74786FB0509F8CD2A199D74259F826FF18BE34B590B34F54
T=0

[108]
S=$73709D9A5
W=-$1495D49BF1EF253CCA83277599D
J=$2692BA428712ED2A665F039334329E45A7DF4A04B90EE10D3AC3A
T=0

[109]
S=$48C61E
Q=$2

[110]
S=$170778C
W=-$277F0514E7BD32C6FBA2
J=$C12753D19E0FC49F78DB4D2F0ED8CF929C4346
T=0

[111]
S=$F2C14
W=-$280E1C494F891138
J=-$42FDD8842EB18A80B2CB91E88F6C7E77
T=$2

[112]
S=$3DB36
Q=$B

[113]
S=$1BEDC7F0
W=-$3E691C2781C8
A=-$23
B=$62
T=0

[Signature]
1=$5976AEA6C0DFF93382CBB6ECDF64E50869A8816B2164242A
2=$1EBCCDDB644A5ABC9E2DE0340EE83FC9C6F2D407E5B4999B

