[PRIMO - Primality Certificate]
Version=4.3.3 - LX64
WebSite=https://www.ellipsa.eu/
Format=4
ID=B49780390C646
Created=Mar-29-2026 04:38:26 PM
TestCount=106
Status=Candidate certified prime

[Comments]
Put here any comment...

[Running Times (Wall-Clock)]
1stPhase=31.49s
2ndPhase=10.04s
Total=41.53s

[Running Times (Processes)]
1stPhase=211s
2ndPhase=53.90s
Total=264s

[Candidate]
File=/home/lappie/Primo_New_Farm/New_Group1_Prime3.in
Expression=(4797791281549078478821)^47-(4797791281549078478821-1)^47
N=$616BE0CAE12995D0E485310B68BBD874B3BFE0A6761C8D4EE0781B83C142C93F160AC4207CC08AF3D6973C2D3296F4F905237739F9612E6304786F25C83AE165AF2E17345A52BBDA39A6F870A18BABDB8DD908153FB740D93C7D5A2D46902855E32649F95308C62DED6594DC46514279BA54C99CCE2063A566925C917386DFE5A45472E4FD8EC0FBD92C490F455D94405CC15CDA62DC8AF801AB7D2F2AB34B3CF723DC475A923D83E7BE6E3A4E2090B33A7FFF5C799346B6637CBBA7BAADAF8ED64AF753043DB5AA62CB072FA3F1F368813DCDBFB44A93258F37492E2A8D23013A4BE4A5EBDD312914D5F37DBD33A7B875AC7666BE408A17F8561D306BC80132C9BDE227E3A7B7BE98D05FC9F35DF55D51A8ABED8172B56725F6F1B86915C0F8D6B9289D93940DE2BBBBB032293E05C4E5335161C5B26870A91B73E189D7D13E447EA4758D50D63E971154B6E3B191DA5BC70CEC8643A833F8019F21DA18684310A78EF6878F7045F2AC088DDBF443CDB9018AA0BBB326C08CAB8DBEE2107216298BE0DC5E58A7A29B0CC613B058421CD98AF0E711FF06CA5AFBBDDD905E2D
HexadecimalSize=830
DecimalSize=1000
BinarySize=3319

[1]
S=$E9
W=$5A1059056162730081E9432C71584B72FE14F6857FB2EBA45714666B7FD21FA315623F49EABBD27C0F199808E2D9D9682893715B11915C0995FABC60CC84CB03E9CCD6F911DE0BEE3DC94F8CFA31C38D178F7CBD76417685CFDFE2617F553579C805A30CE3C3978150BA269488A74C24402FA46408614F77C5921C801E7396B8477221E4296C5349925F7208AF7588FE4829A2CB09C3F70D01F79DECEC2A09E99436034A23F4B3C19704EACFECA335622F193E8743D17DD89AFF097405AAF028FF4C3267C3DA317B26E5B46510A8ECB
J=$25EA492CA30F13511906655947DE72DAAC7454029DD2F338F076992515C1543350E4C3AE21D9FFF5676A0D642E126A21F83128EFF4788747AC508B7C3DA3A1DC56C8CDA7D9E6B4F8F69197FCDF8D2A1887AB9831E28D181DA781857195B58D99B3BC0EB867EF91ECBF60ABB3D9ACF6852D2F7F3CD653754CB08E8B5E904DEBB843C4946A69A430850DADFC7B5FDCEE86DF52D99EDFF6552DBCF3D00B7F8D0650F23B804E592C0E7C30D21BE30920E60CB452E6B75323E8266380727F2475BC69E0D46C13448EA10EA4060DBC24B3B0140B0EACF284F041D5EEC3D2EA4C9204DF2AB4CB3E2688534AD32F7291F4292B62718DA24FBBD4297C05AE7A6E599DCEFAFD2EEF5710A7033FE2A29B8C81EB7E02446F350EC8E72332FF146680E7C862EC2EB5CE0DE99BC16330898A101CA29AF029186872D61AA8CC32A4D7F1AE66792E67A3098BC4DDDCE97F69078433F62BB9EA1BF189B738E140448162326202AF2C85784DC7A36AA1305A0EEED8F321B7CDD322C2DD00DC615D5392A33A15C64BBBB9DABE14DCF9ADBDE403F8DBF5FACB420E0D807F50997C580432C484F581EA
T=0

[2]
S=$279D391A4CA
W=$27E509889E47350E17C2A9442B88A226A9B75CF3D250159D3916E6AD727B48EBF27815A410D47EE8190315655B924E230D971B24E772D3285E3EC4346E3DD06B1D4F1295F58C636DE6333B87A28F4F80F6E4E133BD9B4686C7B05D34949F2F01646FEB2E77B50B8D8F9123CA97F180FA921EE27AF97A398F30F75B521CEE92FB99B2CC8FA520760AB2AB8064A0069F61FECDB6A91751E73E62E55AE8B3E83AE4D07D06C49E9D4D473D1802F901709765EA587CB6B40E5A52FDD01FF5A7BE43A0D30486B55E018F7851BE9C88F7F13E
J=-$972CAA042449FDCB78DCB5DA195423579552DFB39F90D97ECDF16A503E25A166F0FC24A32BC4AB753F99E587040409E58B089DF0F3CAB7BFBC2415A349D1A994F888953DA7EA39E4DC8C106F9ADCA2219649507676E235530BF9E90E8E0551F0B7E1E853174251914D49F0552EFC06DECAD15E229E55C3F1D3D84C9664754D451E70B8ACC65F58C75B50610024B65B83E97DBC21D293B4CD63276286F89AC38922F232DB4152A8CA9878A83652348C4AE75BCC353913BB995E43B558CE0E4A40040D181FCB352450243E0DC99F83017C55AF3D639F0E73FEF150A830555ECDAEB090DFA3700ACFDD9DAB08CD1337C8A3F4B2A7BA6ECC71E610F2D9FDEBEA9F3CB874BD7F85AAD3DCC74B60906FBEA05C3182DA3E96DBB2921C0AEB23C929AAD0C15907BF2FFD7704183F48E4E0BBE6629E428E8850B8D884D130C9AA087BDBA566BAE5EAA8F9E369D1B5B3EEC1E716106CBD10F2A81A55A1B28707AFED61CBDCCD05FB0469B6CAAD251FE9701B0A1389C7305C4A1343BAC7E2B3217417B6886CB77700890AE7AA941ADEDA788A346A099DC58AA37B1B5C1B76E54DFA48F
T=$1

[3]
S=$113
W=-$D207BF482F802566AE9F9AE38A2098AA29A5BF6EB759588AB5D023C135BC3B0B21C41A640200A77B16138D9AF662963DE838EF037C29A20B9F059E2B3A7E205BEF748E51946FD0D2E3BA86DCBAC934FDF7CA7D82F53E602ECC00E516A2D7A3C95B852EEAE27D364CA08DE765F70E0AFE114AEE0BE1D907EEC1498153DFA7DD9B2460F8F17B9719F712269A630B3DDD4148A2D6C6CC6EA3E7D26818ECCC6912638B93AE5942CBA904585029798B30C471DC45CD1DE41EFDCC1AD0FC08AED6BF871432D2D111358647BB4E07CC7
J=-$100B3958535962475F70335E435006537DA8A8DD8B9E5356451F2FBD466DDE81AF9700CE4A21BA510C170DFEFE23051601A1B1795618B7F1C7DAE1D5992485C3D84BA51CFFBB071FDE487AF2B27C272540BBCE8CCDAD7D9A0437A257CD53188F761624E07DB0E272E5ECDD5B2EA4CACE50296A826B6FCF2BE8CE5D4CFCFED5276216EC31E4B00B419B2D5F63E9F509096BB48EB4804DDF5119ED17C100DFBBA83BBC17F80599208F1006A86D814731F469D196CF3D03BEE0AD74C4ADAAF10117C0B7FDD91FC8EC8E16CF6B641D2F24B9A3B10FAE7EB1DD31D86BECBA14E1B970959B3F29F7F30FB486F013590ACFE0C9C19C1F3928DE4A99B526759FE1F89F5169FA2707BB8B1D6556731FFB6A645D238256B16F8C7E0F1C577C5988431A30F00A55E4810A5CBD3566E73CD20F585813AFE5F19ADE3F3D1285B03CD49A656C30BC1A37C105D7E4F5FE1C5B0047291871E5D48F22A1814DB612693C59E2B7D81CCD57A5171E585B71D4E095D198993D49222F81B0C36C119BE26327BBFEA50335DAE387681166766BBB9A6CAE3F7DC3BC66CCDAC37AF9327CD8
T=$4

[4]
S=$10E4DE2BF4
W=-$5AC1B505A2D289BA1C298A56F343DA4C3F54ABE6F34C1956CC9CA288B2A841136AC5665441C6697ADEC8E11F052563100B9E9F04A2BACB9324575F82CDAE008D396C07901CDDFEA163652AC3FACD1824E69F6E1D940AEC2B22F1CD7BE8CC779517DBD026635F4E9E98636A4264070AFA30639A7DFC7CB7B27E94AFF78C1CF0AD844236713203A46D1C114DA1D78E5BD653C2C1CA0052878F2FE6F25D3157DAB936CDB97C316552BE597700F8AF37080EB982D47948D5739D19117FE35A0A5928861C640ADE6DD4EC29910102
J=$35F979B89E4C2AE7DE0DA905C69A21B36F35DB3BDC7564D0B4C2DAEE31F7A01B453BEE61A8EA076828CE31E663DC3B87822D47B0DAA8EC8908A885F002F4575576855C9B9E8CC4864A5B5192646C747BF6A407AECDB9F545DB18CC79AD9D15763462CB0C315F031972D1E60B222C5974D9C4254045FE1631C919099AF1656F054FAD8322E2259DB6A59C2D25A2F310F3DE4B9E8C1DE4EAADC8C3453CE828337D9FAEE6D7D8E8C50950ACB1166DA6DAD63DA13D2E19F3234995150F8CFF58F4BB1DBFD199DC63ECDFEF67E6DC341FF956CDD81DFCFB822BDE930F9A47C4CA79CDC150C70EA4CFF2DE3F9C095F6C8DCCCE43E1931E3673C4422A20B2EB076AB2B9C994387DCEA377E876B0A3030AFFAFC454880558B28AB99013397164FE2F5E5CE224BEDC10B1060F45E419B29FCA10CA7F9F37CC68ADE32BF46F9029DED318E4100E3DA283138DFFFF0D37710E19420E268B19C4EF2C3BE50343859B1CA4BF9F39B6787D901698242410857E51CE16052C8497EA04B7911F0E719AA2DF943DE097CA1D7AA713898F9E42AEE3BA71EBF0D0BF020C24C5EAD
T=$1

[5]
S=$157967D35427DF
W=$20E71EF91BFAE3DC8A9F8441EFA520E9A0BD05025C97FB112E2754157D9F930B208FF7D70A12EC0419DE6868F0FBBA6A93909E89AFB0941E25BFB400FBDE9F57A8BB235F7D3B2CE6A3A3B8B9DC90E06830FB73AA69580D45F6C01DB81BDF5681E97146892D273F9285061F71A011192E3B9FDF0145848B294C541F6345455A8E95C7D83D17781E317FAA9B145FE98AC3CB211DDAFB3188243FA2035F3F45C8A8280E69F36D2C4E13BCD753BEA7AF70A458AAA0309D6AD9CB8C06418B010B30B5B45247133CF07133C625
J=$78CA4F6FA11AC8CA0C3BA7B2A39A74242D5703DE0A5C9FE5BEE2FE4EBB2B205DDE94CA2B5C55A0EFB8FE4AC6EDB479378B847F35FED352C07F7559D670E5FA88D11F1F905D75D8A805A9CA760C9C7DC880D4C04512232394F5ADB80C5722F4F21C381FA14738B5D307E9325BAC55A4DE4757EDC8A90F3F44F35B19111BD460B56C35164469C5ADB7BF838F930D8A834F9947A10D04CF529C040FFCC7B67208867B7E8B29BDFF9B74802DCCA9B05BC9FED482F59653F90C2D5C7645E9867543D6EB1C02CFAFEC7AAB177E591CD38AEDE4306FF8FEFAAAD42B0416DC1BF4D00A7741C0C7E00357EEA9DD762F9F40364FD0A2335215358C7D9A26B4A4C6E6B317A374DCC23A816187F4453AFD332770261D16AA1F3BD3C61236D3F13EDFDB4F5C820E8B24802D6BDF75EE8BAD25D24D0C34CD49F7862CD59FC3B54E6291EFB3F586CC65F4DBA5916DE94D9D0326709C7A1C22A56144F9DE4D57561EF6D90E5A75A50DF72819A77549A1700FAFD570E7242A3A9E9D8A0CBD9EDD1DD9B6863AD6C64B2F9B0BEB15C84DBEC42333ABA82EFA423B9F2F
T=$2

[6]
S=$567B9C
W=$F87B05DCDB2F16D970FDAD7452BF4E9BAC505F12F86071D0047FD7D6DD9AC1EE554319A6DD18D2447045F581C2D042A19EBA3626ED6C4791FFEA4138BDDBFDCDDB31738131E0422AD5849760957043D5F3694532455CBDD9D61F228132ACB7232F47E21751DBDF21FDC426C5287A53E4CB40AA02525CEFBCCBA21598AD9188DAA2BD01DE70771FE1FFD4E80EDE3E24E8C116796792212F471E7CB7125BED9DE11910E569011F3B548DD1278EEF472F0B3798CD6CA4C1C0881F1687A4CD8DC2299347A58AB774
J=-$C800EA27836D8F87777F21A09DAEDCB75EEF1D264B9AC6EE749DA7CD76B5AD96C037884F8E05834CD0388384E315D4A26F08D98893D7D08AE4DC812C41CFD5DA3F9F0C0D3DAFD289F142E68F57CB5B9F70FA7F2B9E75E38875D1549A68F4F784363DDC1E239BC65BEE2DEBCDBA0559850916DDACC65FBEA7A3FA25525A01D82B16FC1D18C97F14327D3D3411E341ACE97B39ECE74ED7C3387095F059C5C83FC25CCD8FD378587FF72CD9EFA3BDA05FCCB20D86914C7574140698CF268ED4C995920FE7554B8F2A255CD61D1C8625FAE7BC7609FCC1A9D969CE41E1C280DF3996A7CE5F52D86C9456207FFACFFD0271DB819944584B1177C7D1F9EF93779412DC80B5A9672A8A137420E984A28B4EDC3CAE73C41DCFBCA3E610D011F7218E5A8BF21CAD06180716E7681659ACD348031F238960654FDD63B1854FCBAF350E6A280EBA9669A3753705611BD39761D8D905158EBB76459F8B1F39FCB4292DD52503A1917F13BBFEBAFF9A6FF80A923829822F57C394CDEC4CD169F92B815DF44F1C7209310919D73E16738577391
T=0

[7]
S=$2439210EBA5CED1B545B8
W=-$113EAA6A79591C572379E7F74290D8BE53836FF2F9F09806617B51BCCC35D1872696653652205E6BABB7EEC827999124EF2F0C54E53A0E1D72BE79757E8D66A0D1FD96E25E2193F7CF4590DC9BA3113CBBA5112E62638BA7BA2795075412F1ACC96C3C768CE7EE8930A30953BFF66657010D0877A487B522EE72EFBE117597EBF24A31736C93DC50E69E4DE84708BC120574F920373A2464F64AB9FAC32528F3A5778BE95F36EA415D99F1FAE275BEA02AAC703E12145727043891ED116D0F8FDA60F172CCE
J=-$15175ABC878474F8EC8A47ED3AC639F95BF1D1C6EFD0925F3C7B39B1C46CCDBFFD26EBAEFBEA8E71830882997B93A375101C6B6CC024479F6327FEFBAB78479FB37F5E12CAFCC9512B2D21F1214701E867A15ABAC2C988862F5C03AC80E8B9762DB6B43F443045774798D68665D2F15BB9270C83190750476D5E2F21838A6F23E2D37446D10963D32C38551F950142DDB5E900EEB31942F27C35BA19016C32BC3AA7462A426C406766A5CB7500557C4ACA1EDFE7000B314D5771F980CE16A3F16D1FD153EEB0AFB33893CCACA87E0428DC44516D3B31E5829A053542071E9CF651A4B428E06C5E4407163D9F3AFEFC77A684F4DCE25969A434AED4008D9C8D60BED4DE060102997509BB894704027EA126F542D6A0E7AE2C6D84E350FD3C2222DC89F171AAD82534623FF6B43BD8489987DFBD76DB4FE10D25260F0B01A92F11014ADEAB737A171676AAAC48DD07B8451C3C65615D52BAD9B9475A585FC840EE3E69C3BF862F9EB56ACD58C52956CA2AFB92D0C0ADDF3694BCF7F88E51582BCAABBED605EC4AEAA7990C
T=$2

[8]
S=$9725FC
W=$BD71E8D61709D86697EE6B1B4C8B2122E294A7C2786CBD664E80488D1DC31F36D16EB163B6873062EAFE6F22A810B4B475CA6347E94D5B90F5AFF86E082500660DB31E6E6258523A249C8B7531D7EFAC8EE80F1917D0B01D37B92CB4AE4623D2A805B392BDDA3F105EB535E06C9DEF39C9C7F44433A820A175AB7A854160F23DEC9ABE184E10537C7687F7DAC36163AEF97266C09CDC61B935B14CE5CF5DDB55B14DC2C5B3B07A0F25A5737C0AA0A58F526ED46E15173108228EFC5CFCEB130E
J=$9AF0009C9972B03897772E6B31B0C5DFBB2D3BACCDC7724E17F781A5208CB1920994355A3F815999F384C896CD25E4C83CDB9275F7F41839926ABFDFDDE3123B05AB7F37000BF928656AF1288EB38153687767F953355AD9A6CBA1D9241972FBA40F1F458C024C9431779CD48E88374426D0F75BA535B0A81772B69BB7633BA88350D84DEA279B14D4E3B533504613122C5C23B5B3CFA3792FE98DD921BC60C59FAC677315428EDB207C6BC13922BD3BE19C325C08AF907AD38835D7D4A2FD2A155E47773B202186D631831FAC00B6487E797AD0C43CEC9A1A8675D269CEDB6B66B8B396901A0CD456F9FD208B5F999E9950217CF174F9212A34295F253109B6DE6F7BFB78DA2E215E00E894A3E43ACA58DFA82D28AA7BC25AE7869EF63A6A56C6E2EDB2D022BCBCFACB6B240993643320EC27E61625F407A2B20B0676AD437A599E3A2E53AE281F053BE9A5610126D3C4B0D43AB2520733AF5A43A4AF9B3C9AC485107BC65478D40C4C0241015E71E66DC9A0C25BC56341CB9695CB8DAD96
T=0

[9]
S=$D7F20EB7F
W=$F8232633CECF4E0664875F322A3D8C22315D09099F77886B1F871C4146DF2A01D6FFE1DC027DE605CB8988BC0E765B9F4B97B2A5DA73C993E1B52A22DDF9C2B6418E6C1D3F8B076974AE90065FB6BFFE1F91469361F220F5E20F98507EB4850F8A48F5AE39E0F09F48E74398C87D5F6D8D63184DFD9EE112A2FA98F4BE72CA26CBEB30127F0DA279F0ED3F44F29BFC262D66A5D75BEB187200937798C6FEB9FA69F5CB7940025BC2D0FB4F17E3E26F8AEA37172ED95DA8D9483B464D64F11
A=0
B=$3
T=$1

[10]
S=$452C02
W=$3D262E12D07D906AEB97A646D16B4CE12D5BEC41C500111B590A337E3A2CE2F9DB8C846F5D6445B3EF0844AB1D9B279E5B5F82F11EA9A408AD7FF39A94C90EB9F3CFEC770EFD389B61ADB4FB81297F0A19FD7D481422A801B057BB4E37AD7B29969D7C362680891D43B063BE36B27F7E9AAE7409C8E6FB500BC918C4EF10424B260742FBDA6397137A92F5200A2DBF664C0B89C5A14BD5229415FA7A5EC6BD736E7582F47167B2635D52FA0BB715B30B3CD11A708F4F0B33F0197D032
J=$126AFAEB6824DFC691801AD3BDF1975A28C2760E8BCAFC1ABB19FF333723B9EF8AF6F970904C5567F7FE046DC6209E2A22AB18F1D5456E8A6D035B12C02712B950F4A2C1E4FF6155F44CB12EDD21D3E0840219CA5B2C8CF4F089258C90FC4A24243781AE37643E83B55C44848C2144C15E8D8D422A3A1D8FE96BF8F0FFF262671564863CB0DA175CCAA36A8B0FF4338555A3F267EFACAE66AC49BCF6E9B7C7AA3D4E01638DCF289AF91F3A0643B650C0A5C748ADEE16B23261CDB160D45EB28131A1BF3AAF5488F26CA916D55963D78E5696CC43DE5A702FF87D45E5EEF412FF20F116BC85AD5DF50822F42F873123C2D6C61017EC0DDCDF2C227EEB77082C8685DA4F438C05CF0E567212DBC11AD817AB4E1E532AD1A294836FE1069CAE807DF5F980F6994BE964BFDCC1CA29816D165FEEA1D168485737E105919F630149D0A342580E56F919F9D6B8283B200392400B960A917A3EC784DE004883AA58D7798735721E7004166C37E04EE25352DAAF8F28D5857732A1C66
T=$3

[11]
S=$2DC4B02E24595F
W=-$77EB872FAB1FDC91E6F91B522BE6539ABF63E9E21EFA29650D8627CDE0EA4D731BE848BEB117C9158E948986EB7AD1AE97D2A13EA295EFB3F9C59D295825D1332A0BE070FE2B90FA02CE06A3093D63294F78348366807BE3131BE750FE9EA3E7AB227535DB4E05F94B0552C13AB36A6B7EF2ECE10A40182B1B97F0DA5EC81F4DD50E862D05795125E30F6AEC065AE183E67977F259D5562F58FCCFFA5CF550633A00842F191043E559ADCC77A8428E2399E4D796A03F8265F7F747
J=-$22CFEE3D8418BC3A5CF793FDC63CD4D687F66049B8E20031E62E1CBF6E56986F11CD8BB09E4C4323773B53C8E838495483A6D029773B73452742C1AB2344003A3A77893EF28B6E46FCB9A0787F4A83409FED8686C77A09AF0DF9219306E33C7B3EEA6648CE2EB404FEDF754325A71DB1358556771472862022CF08382C4799305BDC7A45E89833380EB16B8830D22359EF1F438AC49D2219E9EB8F7E21A8FBAE6E0731FD311C68BE00DA010B1E3CBF0442CE4CA82FA7482021B54764E4A460D8F3D668BD1D603014E3BA79856DB653F0D7CAE1CF04188173708FDD0485194AE7538C5BE9186FF39F054D0682E58EBCF44BF42BB4382BD595EAD2396A73817F577B3ACB6D4881711CA42A78925C41AFD02B0A5D05B4002BF68297B3F944914CE8CE95C080CB05CE64419091A7EF5B4A7E97F03EE84ABD4CD72B7B6365C301251D515E0586D559BD54F1722FE3BE3400F9171F239CD5B4042F2042159831B44715B897024590B7C9F12A2064AA4822805E53EE471571A
T=0

[12]
S=$243C4CE372E4
W=-$D81DE4786B132A862BF2FACD0E777CEC4944475D635F6A1EEB35F23760E3EE1E813AF7AD7AB0AECAFA5BE25D789944C9C0E18490F6D6C910BE8CE93274C874BB77FC1F46382ACA1CF244FC92A0EF9DDA889FEB0B3BB14A58FA9243DC666CC156CBFF30802DCFA7130FE7E5F973086C03A831607A9420BBBF7D5681A6EA749958D21372611FAAA2743BC4323DEEADF1E17692D9195FD776D278F5E9803A78A0597FC2843F359527592AEB3C451AEEAC5FAD63903E409BD90
J=-$21A5CA9081F4F1ACDEB867969911C0C63B4A1540BF57CBB975DC7A330EC86F8C7A16B9119BF875934A379C1967F080F02FBE2B60FBD258BCA315B9B88BB51B25DB5A9ACAFDCB4BF8E1B928C07A33A417C32CC4616B337FC2026C175A0EACB3647AED0E691A0320FF31B7A8F50CEA4C6B73B123AD50910E02CA69E8C5E23CF0A4F35EB1BE5FBE383652DEAE3E3B70A27AC89C265AB9CDD6A2598F6799228701A38520E494F3DD3CBE201EB798BC14637B58901C464004D3CA5744038F7D8210B7EBBE9435736D41583AA7FE77427C7562129B5EEF7615245F99AA0B5B301D4DFAECFA8A92834991251DC02CE0B24D253F06A968D0288880BF8230DAEFE59783DC1AEA8600F29B8970918F9BD50F99346453EA3BFBD45104958FF0297E77ED54666D6ABFC1A9AC31A07D897B4AD413B4C6D858A0565821123B10BC9E7EC31B8F9875EDADDAEB6D68E6FAA320FBBC30572018762F235F57175971C9AB656CB8C579B286CEF3BA99E08962E55671A310E4
T=$2

[13]
S=$459A50
W=-$142825B4E46A737C9CEDB74C5C8073E2B702D08FD681B42C1D694593C25141F8DD135E26681479FDB22A3B9E5C729E5BC0F222944ED0B55CF96A3D858C61C9D3E54B92F350B99A4252EEDE1E611AB520FF239504BF4983B7490E9CC5BF4F4ECC922DF1A99A607B5F81E916EC8E55EFB8FEC719F8215CEA65AC0FF1A335A24292207C4C53999FC401C9A78AF76C9B7AC16696478DB470AD3BC0F9C20064B2722B1EB8BF32D93AB72C91D371E23EB295F691DE50135E
J=-$A1AF850AC24DA6A42EE3AF1BF2C1EC85DF3CFBA56881A742307105F742C79B8BA97D2E7B96EADA3F307358783F1C8686DE481B873185A26A1342BA085E5828CDA1D425C4CA96E5A0952121A19C5A8804DF833D651BCDB6A2535DDAB1FE931AE5C513A08F596805A394A0F28616B9B0FB432CAB690ADB2323670B45F890E35911B156A0E3485C0A7F68C4F47DF32C38BD3DE514386D11FFD0870C908C2D5E1B69C98A922C5EA53B5B00C0C9BBBFA4B709FCC341CCBDA8DFD3DD569E789BD6083C01674C5C49584012997FC1077D579816BAC0C77799ECE3078DE141A32C963BAFA3C7BDD64EAD7BBE276A0A040F746D8AA73AF3C7854D3AAA5DD86EFF29FC28487F9955CEBE6B0A5D70A879D0AB4F6FACAD6EE31348926AE49333C9B97C9F4F06387D02D1F37CE243CE80E276A867A3667FB8A2C791F0EC91B8BCE4D37DE6B203579E50F681F425DE74A9319F8FD941462E1A282F67888B93BF5ACAAB80D19B229972A10D30FF1775AF
T=$1

[14]
S=$2D588FB365900C6A7
W=$5EDBEDCD66F3C182FB0486038F7E7379E51B1438155E17713B799F34517CF96FF66F1BBCC4B7DE12B702F278CF95E7FFB7F80D8B89D0A7BDBCC5B08D03391FD2EA3AFEC279DB58DFC35C311AE4602552A116E3F23524CBDFBC1BE6CD91CD32322343A0F697052E85E209AA275B1FA80D8A270204DA806024F5054AAEEAC55EAB520863D5E54FC86F37FFDD2FF8DF3018E29512BB5CA56EBCF6A3DB13CEB3E36B56590F182AEF3E8F0EE40A69CB2D4CCB31ED357
J=$46F438CDF3C842CE3E529E8FCC06C3C3D001CF37BB7DD327038BD921F6547483118B70B3EB2C7D04A11DD577FCEB66E3C0C88B6A6D2CF6EE231DEC2DE2EAFDDCBE0DC3B8B076115AB18FE06BBC4BF321EB26F5BD0C59FF65FF865B60CB3B92C89F5845D143E6E670F1E33C7556B81B5D4F848F4D285A06046EC30170D9DF8A966D724499B07389F13B31A03C8BF0B8C960737C4DF56A582453C900E296A79C36476753D906633C3DA5E1ADDC2EC4A6E33039723207EC7D287548BD750E1C02593BBBB458E298B53707E114B4F7770DDFC5CC1EA755DE8DAD9B85DD0165E010662B7A044C8FE44E06EA93AABDB33575B6074BC2D9F349C0A49F8841C593132D86A1C63B545FE4E0C65C38D37FE2C8ACAA2BBC14585077BBE5E6F8521DF5DF72A4CA680C6FD2E08B2E1FB92CC70095D747E935F9B7E975E33829FDDC20953C5EAB71CDC49918F4743F799B2750DBF263E4987EE7F7910BE5B61ABA29611BF95E1770C067EECD8FC
T=0

[15]
S=$270EA8345D
W=$9BCEA1364FD410C1F5EF6C18E68E6869206D3954AF4EBC028E10D66C7D49D5D4870E6088E50871A4405352BC2C9F4F1AECC2374FDD42E287A31450A814491440558936ADF88E2394BAD15E0851BC11541F0C35E92AC26BAA6698D5C352F8E15913F26D6CCE9F11DC762D8B92F02A4E31E4A07A0ED8F8DB63F24DFD1D4666E762C49ACF7646F31718EC1C1A8ED95F378AA646082290FE6DF3A73CA7FCE652259B95673BB0291EDF2384D36BB856D967
J=-$AE3BACB8E78621BD5FA045FC3311B9BA7E8E38D096F445065F5093D7C852946A3FFCF86D8149AA616391833ADBAD391317B567D0A79F8AC8B3BAAF2DF5FCBD719B47CC59970BAB682BE84412DBF835A834D334AA5E547322C9BE91A926821EC73948BDE77EB3C8341CB80B19446A4C97E2C92BF4C3871AA51A92DDF77B6DC01A98F920672A32BB4150605AD4EC6EFF8756CAD66AF2A989726765229D82E41C2EB38AFFDEC89978029EF43D289E637785D1A31C340C59BE740CD6298843D308739AB808CFE1C497012BFC6BC19BD450FB1E8C703B8EF9349AD660BBBA0BFE7EF951E19C1BB4EDB111D93219549FDCD0F7D73FC45B0F4EE71E90DED61AAC09080756030586C4DFCC4DBB83BEF8AE531E17FD35FF8060EA03BE7E51417237F491FEFD6A7496A7EA26E6051990F120B0D66AB405BE105CFF9B15D14249C3022F57F2D7539E8006FB58F459E8F07EE526CD40BCACA701EFFD4F66F4BA0ADBB1A
T=$1

[16]
S=$1C83CC834AF
W=-$61D8DB7905521AC6E0D459F89759E742987854B4BFFEAD2C5439A252CC82366064A2F2001AC116487DC44173B3558FACD79261B732FBD0160FF4F1F7A20166147515CEFB711FAFF48E95D325BD5E101B1DD9FA715AEEEC357BD9B9A96895612B69A83426FB04FDA061F98FAEFDEB353EB2AF0A3074473BC5B49AA56EFF07117CDE396CAE2FBF9B856DD922CB482F150A12B31682C61D1DA9C3CBFFA35FD80D2FAE81F488ED3F0D4259DF075AB
A=-$98
B=$2D2
T=$1

[17]
S=$8C111EF82
W=-$5C0C2549DF4A7B96CFB73696DE849D0BEF91F051122D120D212E977DA8C00DEEC7CBDCD23EAFA23CD119C66552CF91C05E67CA1883EA324A4F141FD8C589D7F0E47B62498F8F4CCA73042B2E1D500778C0C6249EC9566E395CDC8672328897E177381626A01751140BB3177E33BEA3F9A9E399AEBB539B690BBA7AEEC9408C0B33A345B4BBCA64148F1227BEDD34CAA02BA7998BEBD0954B533370896B18688A517D78788C925B690E04A
J=$2ABBBC427638C86EF84A6BF9B2EEB1F3DE3671E2434DD1A588C8A391B3E96C6F17AE73F1B47AB506805FA7345A206F57B49A1362E8B02054A4ACC829C53DDDFBB839154E8471A7ED4DB3D9D46207AE9BDA920A5CACFB245E390AE6E6DB69B995C55490321060040CFFB06AB796380B547D8D76C8026ADABD7474944E1FBC5F45B45B42AFB065B6D189B3E649B54159667204813E65C48ABEDAC39C4B8CDE5B30828EE3C55B140B892FC849D4A4A4BAA3F474C7072CB8A9310A10AC1A5463ADD2C86B86D8A4458F929B0166CB30EA3E736FEBA6B1057D05AB70B89DA76468A6E0150216F319039567F42C32AD5052D5A205374B7DCDE23BBEDF9D4E2E3B391C0DD457EDFF26B49E0422DA066D1D16BCB4BFE33017FFB18CFCF52F70BA2192F42F4204206A3C12B214B8A83932AA59577BDE6CA1C41620366E5F0D1C7AE20A1A44EDB5D762F3BA4233E418760BC085BFF32196EF3B9
T=$1

[18]
S=$12A446EA12
W=$262F7125AF117D419CDB18BE1F871CC9A11F8CB5E19E4F89CB25C5C53DD62FAC03AF444BAFEBCF8C0A2E4F29DE1CF1FC20F47AE99DDE30ECFEADD8B0F19E32E4CF7092CFD34191F116A04B1EDD5088C470FC261446969CE4EDA73ECC68959E8A73DF81F767D0B6894A1B92475EDB7C3437B9DB664B4E229DC33654EC722CCBBBADDA68543116E2492664EFC0F209006874D652F16A6D7F72BCB5E157B60C08E48DE0D0E364224BBEA
J=$77D3B343CACB0F979FD501C872C2F9E6F119D56E09CA0FA95924B7FD4A8333EC7BEEC8206AB017655543CA2AF985B7040C0565B2B826541D24B55704843ACF4AFA2AA043935CDC9CC9E689DD6FEA48E8B5C5640BBB2EC554A6D5E2E7774E05BB700C6EDA75BE723F7F65E8A4F707A26DAEB5078D7C029AB5D8F09FDB1032E13E2BFA3817E423866E9E1508920443AF2A603A0F4F8FCAEE6D2B5D41B8AD8E40DDDA7306EDCF821C75D27FF17589FB8ED3FB0134A9A633983EFDF10D6F7EBDC631BC618A8BB36DF1D0BAF0EF2A75A98A0C98631F4FF4239039CBDA8CC812AEAE8F6751623E6931148745D30A8940CB855F3237B86A5CC89F74535E1F5AC09B7FB37E6AF63E6AD8AB21D399B56FFD19FCFF8E8E423996C91E0AB6987860D765432E1EAE710DD6EFE1EF2C1ED25EF9EBE3B44EAB287EFFFE778DDB244EB076C20570D6B54487947AF9BA191B28452A5D39FE
T=$2

[19]
S=$67A81B28
W=$4BD5734C44E7AE0B8AE3E5F5400C6DD82424035DDB54700737A292F9BFFAE2520176414DA43E3D05F51C8678A5B82FA0E0833DE70EFA8D81953B0A4F104D9C0F4AC91F1434A097770EE23DA7A20C1279B6DCBCA1EC46B8D18EC1DC35C4AD78309E9E39DD5EA4BA34CD83FB72F0621FE0496D78C710409A472202471198318AA4DCA6B2FB02C92709882C93714DA6959F1699D398C8C3819FF17665BC90289B824B13B5104F12
J=$7B9CABA55B82FAEC5E1C45E1B81FC453ED1F4BC335F3B76B32A1DE35E12A766E3EDAE62468F7989C12078D8B005B6AFF238C7C6F75BDD95707B1A1F1FDCAF67FE85996D8AC156C4427D8A61066EF6991BE8FF6D2E0DF5DC6848133CF1553FC115B5D38BF9A805E1D1882AAD889E0C52307830CFB7CD5156FA662DA9E65682001281B74E3AC17B6DB9C787C0FB5D5A1DD1B837A4EC82A0449794EE4BBFB45D09F01510A20C449D65CCF474585AAE52F68593DA1186FDA4640C1044ABA8AC9AEAA14AFAD4E8EE5CC36BE928A35D04C7BE5F2108A604AA496AE88A5682FAFA2C14B6DF811D1A2AD478B4F3870F0E1F28F33A6ECEC37C49D3F3725E1E4826558C356747FAE2018DFD6A05917D10CE5381EDC2100D97F5EC4E40233871000319C94B51A0A61CDD012FFB08223262EE98D98B2D555BF1B0D3981B518145E873137BF1F7B2AD568FEEF035F3A0702
T=0

[20]
S=$B6A7213E6
W=$713533E8F224441512AB5EDAC91CAA850A8E24A69E721168D31263369D53F4E68025A4847569F33CC1821C8520B5C1344890B90BAE313AD7B2AF3BF7CCA0EDA4102F61E6B66D55FCA8A59E9886FAA357ADC379A2D4D4C6D963C600C419C06ED2E10E142DDD27275536126A34900C0EF35D16C18B4A58AC9D40C4B83DE1D9AD19D491290D35567DE2BFA5DA8BEBDEEBC1AFF73AFDEAA5065483F8CBACCF22188DF05C0262
J=-$715C406A01C36D5E6FB49C3B64625FB2E3AC75C7870A07E222E544F4F79E1426801EC7F8DBEB339E32CE7BCCF50939431602F915349DAB2FF7E186A5C48130BD1C64A3A7BE8CADEA939F8E0F5F4BE0F25252C147C64BA4A846E1ABC2D9A62D086A211DD9584FBEEEE6A725F99BBF79E2140C84DCD9C205F974782A28CC8D1566B978B4F82A0699F2D5D519CB4193824EA9BA0B7F998EF5C4C4EA1DA30EBA10B0E539DFEFBC6947AA4CAEDC8E8D591A9B658A16DBF5897912F280058F188B3667AFEB8F129720024503C027D592A5ABD08B320BEB014AEEE1A12E467BC90982A0CBA3325A69DCE8D490EE412CBAE35A86041D40A5389B679D509651D56D80C34F1447AB5BC9BF357F5FB51B8A0A14BF327A53F7B1382441CC140DD191A9EA1D714951149FD435567ACE905DE4EC279ACD1CF2AE5C9B41BAF9C05373DDF83E59605D47B5DE6D20D17
T=$1

[21]
S=$53FB5ED819
W=$3F8C85636ABA5BB8856F9E41C142503B10ACE637696B0D8E9B2562A0731CB01FCB4032A36EC1EB001B3A11AD2C0FE837FFCEE195D9DE8662FCB84F7047353C51C44E74B821FDF10E887898F367C4BA2A69CC5799001931B3C2011334765CA3C361AEEFA986DC7EFB0BFB43FB140459C05E617C00E2074ADB4488F5F694A4D34EB4C458BBCDCBF1797AACFB6622FC8F6B0FE650EEDECC8EBEC905BBBDDF0A46B8278F
A=-$108
B=$69E
T=$2

[22]
S=$914166B6D4
W=$320C3DEBD4759C1E3BF206DDFC2C513B2FB7A432D16495077C4C6D5C8D60119A6CA5D5CD7196781BE64F38949356D51C7D355DA6DA1E14266412500A6529196921AFD922FCDDAD14AF1C8CE8DC50237343CCD7E295F3B4FAF1D31451040CABC931196733C18288D261F3579F1EAC4D19604191A472680BA0B902394345028511CA08C0B0CA21EA0E46018DC6A7EE1E5D29886969DFDA9B0CAA5F8DB1462BB42
J=$1115CA1D2905C7467D19792DD0FE7B023E40CB1B3393932098B2325DED45CF3B307705E092B7374157BA8FFEF6686CF3095747691D2563E2736D3DF0D3EDB21703AB47BDD4520471269B1199B684044902214E923B1F2A7BB22F226A95782AF575C3C8BC4DEA98F39CA68F23B2C09CDB34D3AF6027566E43CF61300B00A6941703691EE68FB841A3EA2FBB91FADD863CCDED909EFDCC3D4CC89F85ADB48DD2B07D272E64B793DFDEC2FFB144A65078F63AB7E452C75D16B026C66ED6B90888F246AEB202B5852459533F15958FE682F06778CC4B1D62FFD52C423452041CAD4D953F8A45759015F04EA1D29742C2837D24121F15BD831D9BB7C8C83EB008DF9EBBA619E99048BD8AABDCCB8B6825A47F8920BDC730CE93DE114E3E6904D31E83A9CE79C05A171B1E9AA3FD972362165E9AF2ACED4E3D1C87698205F04582
T=$3

[23]
S=$46D3E23A
W=-$70ABA0F271FD6D01D4DA3C2C035DE9F96F5E7FB27508C33D9F991AD2487DE5F3628A702DBA9298C2E01C463EF962FAA87C6A3650B59FFAC276A2CC77AB594A983390C7D7B03F225B5C153F3E0842A3246D1084A245EC2B8459163985D473D6CCE84B1B8EB08CCFAAC883957A07F7DACB5213A8E4E5BB2CBC74C87CEE480195B1B5A07B7B3A0DEB152E672961B11B73E03E13CE610E7EC4CC291B3B19CA
J=$4005B47A4A9AB0A054A939C5F12630AC004F80C493BA9DCD92BB555CC65C70B58C4BF036494D77EF846375E18C51AE083596B8D52C93BAB9F43BAAD485E10CF03239307C85A470D1798EAEC5D315AC8CD81A0BE72A51E2C2C783A3C6C384DEBAD3545D8A1C000F2D399C4C14C7B8A4662A8B506937E081DE36D7547FB7B6FC5EB8A684AB262D92AF94E2675C2E758C5D4E81F8C3E12026736565D000FD5A077E32D26A241F732966F662E4A9694080C2A4FD6ED2E900E1C61C6951694BD1A380CBEA652D1FBDFFF4C494E7FCBE345019AF0EC64E97F8633D55B63E452DE95545F1CF8C38A4B77F2DC87D116A9CE0C1558544C361AAF4B3ECFDF7D7441B7A1E9B3C9B9CF27E79F6850529C5CC4F6178A82501D0EEA3C9E6AC9FE252E195E8873F336E991A69D77C10823C109358E2A510C5C531F8AEFA9CAAD49
T=$2

[24]
S=$261450C
W=$11E8B542EA31CD8BF4D0970D9842F3F13995BC8B2DB660058BC477100037C41299F2F481DFDD833B22B584FA2E7BBECE0AA191DC78C61464B09106034C6F467806F949102ECD275FE52A4F0221B8999F8140281E49ACBF657FD9A33D6594EE029060747F8D869B5E2AD316EF26842D4408AC312CF5A75C3FD77896548F95D7AD5C5DBFB7EA3DC2A815F1C76AEE0B9FDBD452DBB5D94F8F54A2B29F0
J=$16922CA3CE9AE35EB0C9F58EDF7E0D9FDC23A26DAA41A8FB0572A0CF63593935782D50EF1EF9850401D78976DFE82DC7D5CDA967B36FE37D969C5454A97FA3098357EF3F5BCBA6778302C5B3AF82C479BBFE638439A963AB557B9D80452858F9B61F21C248EBA7D6E98D5EE621342A8AACF3ACB9A6094DE15931D3157DEF0329F7AC4185770BE8ACCE5B59110123B64BC0241A3F787618F41D5394878A81D3C6301D49F47ADF87D4866855D2384FDC86EB3A8110B2C7479701FF589CFC2322867CC44E711005DF4C395A7FE12D8977D6BF12CCD0E24CDAEF63B6EEEFDC647AB6D2A116C66894C82D89CF2174803D5FE867909F465BB15D63756C405BA5088095D42DD20DB8346D0C24AE8C55D3863758FCA7FD4AFC89AF6EFAF7B73FAF324D85108E599DCF28C39A7F9F11A6F6FE11F46DF63C2FF463
T=0

[25]
S=$A35F13A5
W=-$B53FBE854F99F20BC41A052C9C17A083BCFFEA64A31E01F6C8108CD351AFED8E1ABB3C04BC3FDAC4A4BA37B6A0C87A84356E5FA59C59A003B55E173C7E2568E2E0FEAAEA72FD68FB20A9A707625882DD986263D2966B644A9629DE9F699331D26ED6078F4C443B7765EFFA36F719FDD7ACB5A04938F2C512C700CB4C4DF436964753206BF4F03B965CC4001E1182B98554775E9B88DB12249C1
J=$5D14E84604D259552BA1BF20C93701F17EF95795260BDE41B1549B17D4BCF68B90AA8EF11690061628FDFA53A5774F31CA8765BB7E7434B62141E5B5556741068996C6A8761BF87362D20BEE971702EDADB8F751364AD04186BEFB958FB163CDF706088C2A987D5C62CF163162198658AD1CC5F2BDB90F7D63A36B62BFBD2ECA77389CF5DB92E295FD8F20DCC8B712DDA8BF85E90D4AC7678D13DE10CBC9CDC75F937645A977BC9DFBB9795A687F6BBCA7C79FF51D2F70FEFB10812E69CEBD3236C2C40C43FFD31E73DFE48135537CE86B3E6BA81A6D265C74265BE93E2AFA29711B0960E292825534F92288CA1B34E6C8CA587850946F0835BD48A42152CD04883674ECCE433CB11A6761B332629B15B971735F4E52A6EFA9BBACB5E72D7E4047603306548453C5B952E7999952A85B62EEF
T=$2

[26]
S=$E6956A2
W=$E68EB58E51275A79AA3BA433591F55117158BE9E8C0FDE8BF8FCE04B1F28BF08FAF5FF37A4F32E1433E25CDD5F21A3120A735CCC831217857B901571883D96264F35E94C11FD65A967FA2E0013F9983BE4347FB1FEC2F2AB6BFC93365DA8257BD5D79D17A50F2088FC1FD9E8FCAFED8B29B0F53AE7BF4D8C4F7A9170BA56C040080F1D2D1B52E7FE89F869776539BD96B37495A95CBA90C
A=-$1B903420037FB1EF2A48EFEEA9BDCB3B25D7CBE659475615D35CFA10BFD43F36C4B1EC11FECF925E1971A835F95B04994280765E25451D2F0A0D3D53F9C06C839B6011436E91091BFA34FE2223F81468F6EE494628AF3C88B45EDB9DB8AA07865F3660DA6BFF4E87D488529C6D6B89C4D5B7A98B49B1B74CFCCD3A069679DEA1D86E0F2178ADABF1ABED2427BD85F03F778E25D3E66F68851895CF615B27F03E32E79E88D42B2B1DF7918B9B55619C72FB6D80B73CA3E1A35CFFFDE4834A94E10606F80B8D2288B6C0B0A5ACB65234ED1FDC8694A910E761AAF2BE24DE930958807AF61E14439554079A2BCC45C21717EB93CB27543A6D9348046D82D8B9FA6C55917CA493D8EC1E35DB3D3563FFC2E0A11583D615282CF1D632245BC0380F745D4CDE684F4D48134805B806D7440A
B=0
T=$1

[27]
S=$E061F7C
W=-$3CCC37FCD1791B2D48270A106100D17C5481E95F6D5EF5A0DE0CAA58DA2D6C073CAB021954705A5D9E9E3824718BD3AF29B25F3C843F8DF7E1D2D949D8CAE560C3F8A393583B8A7CC343F1B5CCB11B0169D08D16F00485D6423046BD91CB3DD43D800C88DCD6B4DA7A8A97A45C48131EDF682EE776E898F127F603CFDE9EC39ED4F0E31F27E06D321A740AD67913E9511A31F975CB16
J=$1216A0D9DD65CD52EF719C41F5DCAC4B242B09E2B904428E8EA6386E79F977495A1117245BC436006319756F8F773B973407AC9202DFCF90D2D16E81C334C04AC42DE3CC025FC1FFE4404EC666C0125255FE7ECD6C8570CB24358733EB2A5405DB3B76BAB6D212865DB8C4C69C407C3C14FD22456C4C31A15D736E9759FB44B3AC403AD66421406D686D2DD192538F7A72107E809442570728FDE36BC1147F06B4731ACF0183F20CA92A6567CD4530C14647F5310D6F408BEA7A97B9854AAB20BADD862D6378A773561419464A817C740B11DBF84D6538ED42D3F2B6573D6C1D730CFE9D2DA6F2C060B43AE3F1A38DC0DDCD1CEE34A3CEE5304DCCB69DB03502FFA2E3791C8DE235722F85B97BD0780F410AFCFAEB805A22E817D71C50EB79F17D778B82FEC9E232B498F9F
T=0

[28]
S=$44F8D9A77D7D
W=-$C7D720A8AC52C602FB88965B785D177B2AED529353B54192FFBDAADAF0C334087F5142721C8296AF800A2AB344E1B70F7E42E5DBEC99FDB60E5BA57AC846999A82297EB385FC3327847DFC642C000D81D717E6CA47EF0121B6BB25E45B750D58E2EC66AA1ABD12BC2E8D37E839E056E9B284468A5CFE3ACDA2E435555913386BC3A537EC19E8630F8764FD36630E3FEB0E4D7881
J=-$19DAF6FB7DC3C02E12876E4B23EF71F5F302356D77A356DDFC09208B807A37B6D9FF596F8468D82DCA512600E5588D32BA2AE463141A5B0EB3F6C5CD9BC89F2B320706335F75409BA2AC6980B05ED8F3C4CD33361327B924485F39372B77F2284035358B6ECCF403CA3B8DD7AE51B5C40FB252D22D1BDBC3DD54F19593DA3C82BE8E62C3716C74DC6D43EF12EDFF627DF402DFA3247356DDD355547E10E2179A2C75CA72E37B8748C3D9E09F3379ADBE9BDA79A6F0872043C2CC824F42209C4BBA96EA1746A30C1148191525EAD5CA287AD202DC41098B5EA4653CF59E96FC4FAC2C8DE746BEA69D93A86B78FC8C2F02B930264B6C580C7F44F153A48832F9FA24CD4813FF45759D0A4127C43995C19DBF3049DDF0D3538AB9790F0DA7453229815592F6EDADB7CB
T=0

[29]
S=$48D9E2E325
W=-$202EECC1618BA11A432196DD2F64F5612EAE91CCA31668219392B5827B67413EE3607B044ACEB798E5904991FE554C0889B97D9E13E03F56BA9E9E11974ECA5CC9687695A9528215093C5150FD2EAC4CB23C4DE966A2B7BB921372024BFF910A44D63C0F275535B2192A33709E1F7431FE0D22756DCB41F3DEAEB0D67518B91EC1F8540973A704EF79AC9A87CD79A0BFA49
J=-$265B334C1CAF99B9501BFE69F69A2BAF6D43B110C18BEB2FB6464EC781A618B1E490CF10B1BF3DD040CBE067705C1C17003728160DA4587B220C6335965CCA7A690487781ECF25EB005C10454396D49E60EF3BA8DC7B4DF8C7C6CF1263696CA768B466C809107DC6F36C078A8A2A084C03CFA9CF204868F3B37A96660E91399E65017E2C07DBFAD89E8A05EB60981593A4EC0C51E2B4AAD4D325F4624EFD670914870674A06F735164F041C623EA1FE98644DCFF90B4421C9A69960A31BAE6B5DE6E474A3ADAD12F794D13A2A4E2671AFEF05C5F30AA6B0EC72CDF46492F2321F526914FB73C4615D53AB8FF1D0C241882DA13FFE759BEC0226794B893751523B1F1C92EC7099DED71B004398FECB3DBFFA75FEBFA74E78C3B6A3A17EBD2B652160F
T=0

[30]
S=$69FBF2C299858F9
W=-$3C481870153FD42669E82E80A813807EFC34B861FB2584903BEC9AD327588905EE7C5C10B9CBEF911C222EF084994AC937B08EDFE2654E0FF1CF0B4625F124352DC95C2B30994BBC4829E2F742FB9E6E404F59252575A6A2B1D75B52A43460F418609BACA2776B8A62B309057D5A2DF84D595390609F371CD9A09D118D48ABD0E75CAF195F5A14B532D2715BB5AADD
J=-$15D7819210706DC73ACDD63C53543015FFEB8BFD68CB635BCF361C75B7A393694A1AF2E47D822E7444783A31FB3B4552492E0CC476DCA8CD5E18C86E92ABB3B39651B93D3CA7C44A273A0E48B56EAA3280DB115E0134C1210177D1A3C020368F8F3FD7724FED7C5DA8F1BBDCBA5FC132D41032BE4352DECCFBF37E86BB84217792AA9039CE2E69B76565AFA301C1ADD3551C989175EEE12559B07D72C16AAF926F049532CB96209DD82AC6967F381E125027A832940C7806515DC427A1B1316C850BA89A8CF7F74F727D718BF8DD57559EF92074472D56EC722D23F89559BD7B3722F6A9E544ED45C6DC385AC80305AFD0F8F257F625139D394BFF649A4A9CB9365D525DD98B5CC7299453EF97BD781AD94D7D45480786B02CCBD401BCF
T=$3

[31]
S=$7E309160B
W=$F449DA0661A70B891ACFC0A46DB660F345435613484BC71B3F4057DF19567F912D2BF3E42049A5708F410EB23D9AE9314F194BB605370B482C0ED7C5960DA35456382380F2B53D78F9EB60788F732986FD5BF89B54B59545D346BD5CD35392E093615697AC2574D8CE5320F80063858B0D3545C73249B8816ABD0F1F2725CE3821F09CFA6B6E71E3505535
J=-$35CA4DF5CAE0F9CF5848F8F8A50335E3DC06B25D27D6BB28026BA53C81FF85473798BFBC056A7446E5CA14AB6A79676A9B1BE279B9DAE8B38D7F2B43CA407673B2DBBFFCDB1493F55F04146A63502D32390F02414829F6FE8FE17B9F4495C1B34392AA2DF8DB81EC24257620CF3C762253C6A23FC9AF41694014F8A7EB8C30BFBE0FBC8490BB28CE8889196D1C0D205515EDA7D1FD595E2AEE30593CFD40F332F7C79D708E4061C712E80C80E33C8D2AB4F194D7C46B279A9167DFC882EA1D8A4A086DD9925EE903D89807438C18793FACBCFE8F4B4DEDA6B285DA0AADB2F145C47F76E34930226DA7DD688845EBA065010AE0ECF17C0728BA23C5CCBAE4218D6F064723EAD7C41758AC0925A60FED9658ECCCF585E8
T=0

[32]
S=$101384FFA9
W=$1C16A04974FAC93CB1A97B8CA868F31545EED7A59B6C8CE6F6B0AB20D6ED43FC0CFCE69EDC069A44B6B7F34B68C31649A08321753E883E3E8275482478447B94C395CE9766555EF9CB821B09EA0FD06C6E05B4325A1CEC9B451ACC4AFA6463A1693808F9D5FB87435CEAB1DC57E428EEC86A2327960FB42D149FADA142A61011F0CFF89A1C614E4727
J=-$1303FF3B343721CD3D87C47EC5D7E693EE80A7E6B4E04445AB15CA301FE33AD5F18C4E1F641CAFD2CCD64AD4540DF4A128EC0AB5D83BF2FA6FD87896A4B163DDAD666C2A6CCA2B159480875B8CCBE3A4846239248698C38670C2F97BBE1E9129C39547D2D4929D5431EB54EB14E417A3C78CC60B819E16F7318089B59E11A0843FF5BC63492E9B6A9BAD783C6C5AE2B89F02DCF83084F1651E24B2591C13118C5178E4C95A4FAC0106FF01EC3A821229A3F07B05A0BA5986C5E3F8A2DC626394847AFD9ED3585424F219BC45F6475BA0D7FC732D9DD91B1E9580840890A99EF8991EB5FED136CAF5EA7970D319A170D56B35D4F8135BC61F352FE1224F536420FC9C9AC23D4D9DDFD1A0F541719061D8590
T=0

[33]
S=$13FC8BA7
W=$20EF1CD89DB278F3D91076886E3DAEC6B7B65AE2FD52DCBE27123CEF86A11A3F7852738D7F78EC7AA48564C73E0D026EA573B7A8499D039D317AF094C3A2EE6F7EE8A548A02D685064D9362A7335DD68523727016AFA1A63C1298F51FDE9D57F0993AF78D08A7C4E0520A17AAC67D412F339E031FC5C7E44494A22E7590E37A46DA9243F2DCDE3
J=-$8A74A4C6C1C0B8867AFAB37BA88F1F04600F347A98B895B9C31D3CAF2A0FFCCEAF702B8D4E287E246564C2E46B0F17851C2E234A3D2ED5FF80A71E953E75637D0866B58348C0E2D05FC4799525505F9AB3F4FDF6EEF4E5C2C21BE6939C74DC0D2E7FBFC010C4FD7405418392E04DE6200B4238F4FC1D74DD79E5FE86409B22109710CE14CC8D653C1A23453F5A3C9C8BDD7E3B236B091F27B3236FA5C0273E5DD6922848AEED070A25A219B2C2A7C06F2425AA817D6F146A961BAE9ED36ACB3B358CB71ACDA95BB63DCFB0103D2CC9F125231EFB7431AD9042700062D1FF6DBE415C619B52A3AB9D157909BCE8CCC560A78FF4D8BD82BCCD1A44E322D9BBB8E24BFCD93C634226AEF2E6AD84DC
T=0

[34]
S=$D32142B9BC
W=-$57F67A3060CEEBD23B27B47D2A1EED4E32488C7C8A0F8B84B7CEB27F41448E0CCA2E2B4B226CB73A1115EE03B092C68D8F8663FFC50F8649562BD705DC2FABE6194C2B184CA4A6587DBEC72A36E75AA85C8994E7F407D7D1D49238104239D88B0F3FFE44FD80F5D740E3B94DFD1052CD5287F7995675636B52DEF418A50F396673D23067AC
J=$A0849612CF74D81FD0455A3BDD6E2CB99F24C835DB50B0F9FB8B5AB9BB9C8C6734B27EF5C08A7DA5280E113D35289C47FF32C6816D891A63ED781F1627AEB368535B4963192D6053DB7A0DB0447EB537ACD854AEB19C85F14EE340410B3C4D349A4A4B56D8EBD7ACFC8219457242DD8BC582F1CD220B5D461EDB8C0A0DBC6F2F12DB4F99E77F8FA1F1119672A606BEFD08F890474A18BBE456B1C9E59C3447DB6FD0CDF8F1264DCA3EE561590F5DEB34DCA3C32BDBAF504AF1345E297040152A3DA17447959BBDC033511093891322400BFACAD3649728767B436B0B915807672F65A4D4410BBF0E64A2276CC7E745F97E72D6D23EC87909DDA20E1C37BEA1957A165B1D799CB2DCA1
T=$1

[35]
S=$42148054
W=-$62B006B0236FC6958DADA98531DBE17472DC4AA9D091B699D6BAC52055E3FF778B51CFA2D236081525AEFEE14AC30AE3A6D985A4A4AC23596C511BA5BDAB540A109171B0A760694E51CED2453788E2CEEFD4F15381C565DB8CCE1694F9D1A03B499D8FFDEC00AE2F1AF0646B928C0EA6BCF68C558158FEF29201AD2794FB90009959E
J=$1BE061A8F8448987D8E118C9C91F4859E8B91361FD692CD8D7D0B8EFF78E59154645AD6EB42DB1C9DADB9BBA77BDF3E37B6036D5550BE90A00AA983AA8194230A6C3D9F097BE7E2743C6DFAE28685BFADC111672A7F7080120A6F95C8796D035B76431E15A7F77EEF3AFBCB1FD44582C8AF7CCD78774D95980D5FA884C7CDEFB4A6C7372C837C06ED3C326603B909BF3E8AB84C23B328002B1F7BDAA559DFDCC4D905E4D0702E16B05E251ACCB413AF0C4E978883A291EF2439066E6E551BC31585185FFD618E783E6D5F2777836E46BC9A585DEBC39507301EDD4687B14333AF4B66D426F13390FC1072912734CAEE83B59A0A331E7B4CA81C74D9368094E53611D156EC
T=$1

[36]
S=$3E424191
W=-$A7A3F25B69E96C73E37E9A19A1B96C48D701A7C028E137834BE210E6D42998E357222C64A1C4DBF3D4AE8B5A0FE74E045711EE61CFB10C211973E8F3BF8E8E1EC410F28E542917FDF2DCB12072C84C85FB61A4BD134F302E192B4B64992DA7CE1389EEDD6802E519C66D073AEC998C758C8147F2B12CA16225F37047B2A20E123
J=$14F79446B374A2639E2C2087A26AF19FFFF4966220FD0422150779564E2A31054D71FBCA6740D50E1426E35E23EAF3741B5F6BE3D074A67B279F8C030E2854431BBDD54A169FA9CD97A6A21D690EEC691DD06AD70E689CEE6D10120F38F3EEDB8A76F826AD5C66A37D6F20CD6001077ED7902C944CDA8CF95EE2F2E167DFFAF2FE8C201EB7EB1447D4CE5E0FB0720F8B70B0CEE9C9524C3C3D4C253D6E7A446DFD958D13C1BE81546EA31464D43C0FCB97F914DD482BCA46CA4AB1DC55D2C503941EDFCD125ACAB5EE885F8C8EA7E0A6E788BB2CD4A75524825BD7DACA0A5FD2F20A5BA61AD4E9DCE133FA57F8E2C9A2B933AF84F5D7D509079429703D6238E67E
T=0

[37]
S=$199F8C1ACD9
W=$D6745B47B819BAECB00E0DB647CAEA4B8EB1C5B92BD55ACEFB4A8C9EA2E884C70E9C12B83FA10B23F8446AAE09BC86345D63C022BE163E6EF0A9C8C47FE13620A3B6CC59A8BD5EB7D1AE4788C3426A6D8DAAC906445004FEA316B4EEE7D592B20CAA0DAF4773F2D983C86ACAC39A772B8842BAD860653E130C4CDA466B1A7
J=$15FDB7D6BA6D6B7A5572F2F22197EFE095D6B4A08265649180E20D7C5D634792BAA29A0E5601553D10BA4FDB71647704F1BB35DEC0BB740616556ACE80B712F9A9CDE1940AA3116FEDE9C0ABC8BD1A38325B5FF52D88F0E08C5BCB9F2197FFA8DBB6F6387C5FE34226B7997E6DF81B31A5B81FEB1A90F02C1A8AEA2B5889AB30A192502FFEAAD8CC4408966DCB09BFBE1BB30D55FCD4153CF4FF702F94CDEF66638B821FB52D468CF70672EB59EF468EF88C3AE6ED216BC03EAAEFD28799B3F984372DB6DABA6A655EE8A5E455A8F3AC758579964880070A11EBF96B8B53B81F75E21D335B804E8CE8D8BE4D395C171FB1B3EF502F63821738906AB6C
T=0

[38]
S=$2C654631D5
W=$B63A21104DD0ADE9A5DAC56F47CA33BD567658632155EDA2F032647B59EE4BC6B5912A008064519424161CE5E4C4EF2969D23205FF20ED3C967ECC59D153D2E436E1236CBD6D34CBF9E108003528BDDFD42DBAEB358DBA77E8D6F4B40CDA5D13F4BBC95729BF7FF764A70097B02EA4D2052BC47AF74231687365C07B
J=-$37A791B55EFBC64A40F814FAD5A06400C6BDF9A7F1A2E4E399D6853CB8682CD4682598353E2FE591E3F352D51C45EA257658E58D0F206A300B2A07F5BE17009FB59A001E76A58200222F8613986E268D357D58E2B46B23A75872E28EBC941CB8B2729B163E6BA2E91F90D6EF25CB954B2FC1B785B6A5A1F5B4840DCACD0A7F44DD55CC3260AB037D5B17E91BC9FC432D306D16DF64739290B6161C3DB3A829C6CDB06BC7DFE05164898B4256687D100B8F4475AFA82BAD4784B5BC0888A47255594662AF8CA2B9B38DE7F3AB366037691160C90A66225F4F82CBD6DC0D9F23804A319F03C98F22CBDDF02B2E98C307D7222BF37750419520
T=0

[39]
S=$907CDF5CB4B0
W=$12BA97EE9C552921DBA395BDDDDC647144EFA74E8DCB4EA841414D23E813C7F10A003E69BD9CCEC14AEB9D1DD421A7FC7A2833A8E47E8211D5C4759A3CC9AE0D313B5625FD8661A1081B4B207FA3D678A60A9BA339774404071B086C5DC1A5A78B7CAE688B88AF9103CBA1B0478BCAB29D8C705B526958B779E
J=$1AE5A29000C5F15E9D5DDA4A5B9C82377E33B205B702C1F9B06979FBA961339D47E3F832929E43653100EE1E4BE435DDEB42387766CD2E06F4C0F51027559BB7F1943731B2291779E94BC2E076025771A8B886822029733B6893F6F7BD17D0DBE195976336BA2AE11F60DAE1E7364625B7EC815BD453119EDA4A46BDDE4199C511399AC6358ED56E313DC6F8225BDE214029B035F5B8389FE9A524761832B7A354CEEF1EBC3ECA60FFBBD750B9F1E7B7A8FDADD49922B33CDE8CDE84AAC045054CEAEECCEABFF96A9E86F237DBCDCCFC7C768A4A9C7300737DCA70CA1C7FB60C03DAA59A80C4F94F686D4B95DC6187D7E4F5357
T=0

[40]
S=$772818FBF3CB4A
W=-$2F437972FC66F014546D08AAC8E2EDC531455260269FEF3C8C5C701693E110CE34ABEAFCE8E1BD5B1F968442016FC321035711893FD0EBD95CB92C09E7E2126CD6F9762AF7732BE6CF508B5F3291DDEE0BB69E626BEA4E8F27028993ED7B656434995C28D1405E5F3F12C0022D78E2505D0A23BFA5BC1A
J=-$13B38E9970236E0D5C446C6D19082371EA04D3004BCD6EB76125203701C1F4DB0AB6DF4C2EFE756944C121119333A31D1BBECB1CB203F2D83AD16C49EF05DF3C782F36608936F558272073889A52506E382955B9803FBB7A20ED58CC5760365EECB9D7F67CC68ED79362ADD57EE24B98CEDFE603CB885D12A8B7EA4757CE7977F61B6DCCB0055B90080850385E308E98B6B420A4320AFBEF167FA7324DE3D5181398ECAFD92A7180351409D5AE1ADD5ECA89CB826383CB9DE57AF20197386D3FCFC80B4E73729DD2BA3963E603C54D1175E8A30AEF6EA23062C156D7DC9897D6906AE63CFAC855FA95D141F0CBC
T=$2

[41]
S=$29279F
W=-$6C4AF85846BC952D647F6DEC845D5BA0A32847977ECED72CE5F0230FF10B5BA32E764AAA5C3D1D9CA5CC917A78B5CEE43E9B868431058D7D73F38EE4BB155478A49143EB60F489209414329B2E98039D8AE306FD49EDE8BD7A8ADB9531FC7DFCE025DA253117C42A7D0F3E03198D984411F8A61
J=$328A4C6D663C62F4410FA2EC64EC566E2F4806D08D5545089AFAF5F81D41AF0E0804FFC61530252D02747AB5770E3166BC27648920BB5FFD9EF0F17A64DB5C39176AFB0BD0F395CFD970CE861716D5FE5406742B34B17ECBDFE5F741DFA7E772169A1A6C8B25AFFF90B42FB600B1DC5A220DF91D2F82394BE3C2DCB83FABA256FD2E3AA7350D0C9ABF89E10F0D353F186F43665F341795A956B14B03C992348C970A595F6C2680348BE34035BACB9DD57ADB6124204AEA31AF43861B36474B97E0D8FAD8F8E61794D2B4A8ED70BFB7DBA0534816BC6D2A69AE2B88E0480DF9377DCA57890AD19
T=0

[42]
S=$1C3EF90
W=$4EE79D0A41F6E6978A1E2E6D8310A1BFE3AA65B8AC291A8D9CC8E5D563CAF59385C6D2C19A7951B97828E13A8F9F465FEF8C61DDBFCFF7CBA6F5CB372A12BAE9A3572DB7B0C8C64A744D255A16FAE123197186B84756D7D4EE3F87AC490A2B90DBE92CD07B457E189F406B33866336668A22
J=$149C9914CC9E10FFE90DD5C785136BFB13211E8E0396B6681E5B56E90BCE3BD211305F70F8E877B106D4DFCD31C529D533A26243B1D28ECA9CA2D445AA3FB54FEE63C65D4E5E67AEA35D5749379934CF02F25D286986C53B03F416A7B1B386EC787006F697A85DF83AF0478FD7DE1E1E4CBA2F270370394B0E5CC0B1B58E5AA4000A7B721FFDA02CBAB787EFC7A1B1B3644CD6B33AD5892F7AFB7BA4A7E2674C911161F92078202B9BD1D025140C4ACB4E22ADE6AB8E7039EB8796EDE604E5F20AD94419619705D21A526D9A10AC3619B16B2CA7222E1F67CB07B23FD0D0FF2E3A7F3941
T=0

[43]
S=$7CB6319B
W=-$D1225F86C161822346DF4AD1D6F79F5207C8432E53D95DBAF000AE14C6CD1AB709903ECA9423752605D9176FD3F1F208FEFAD1133404A70FD6BBCAB682346FE29F43EAD517AFB0AAAE18D4EF40EF14F25D007803BDD5677A96D3B8E89DBF1BBFE0A213AE90E1D106E144B6C8AC2B2D8CB
J=-$3E38B4D4DCE6A149B5CED0BC43F5EECFDB92D7EF209FFADADF3505C62BEED9FE2543FA1684216973930014777F6C707231606E804118AB8C73408BE32C57D8DD8838D894D0C505C83DAB61702B2D7680B0174EDB6693D7519ADD41A8585D9365BD2E4F952EA3B4E9210E6A03AE64FDCE234E7C6C00DCC675EFF44A66C5D2F2B45F948B614C4A274A709596AEEA69C7C3DBD1558E6AF355877D89F5C1325F167578B81CDC27178BB9CF35FEA7F18D7C865F2E0362F582E91EC238BBAB35BD4BD928309306E2AAEEF8BE5AC5C21BEEE5784987F57CA13D7BACC3C5FC2BD188B64D6
T=0

[44]
S=$12E3E8C1082
W=$1B14546EFE2CB0F159BC851F00A2662F733C66FDAADF4C69276E00167A7C4C8A6335AE9C5045583F47A2BB4578405A839DEEC2EFF53D4BD7A16C59BB5CB0F4400DEBC35C08B67F1557284B6846FC43028AE8D4F010FB56BB8833144A53C3F3B6E5DF4AA0440EB07DB48700C6C46F8
J=$D692094941275F3B2EFAAF97E81917C3508FE1C35C8C4612493950BE2167C3736DF738602D35439EA8786F884854414511D26AD92A76D77D09D534F479662197F0386E96E3DE9C08D3831B56237BB314F8FDB683D931C94CAC43D86F9F6B12B9AF7B281CD06931C001A77142E4F8903D2258A0C7F9E688AAAD9AA14B199CC408EDE91336EEE7EAD65FAC7A2D9808A98BB070093386E1C925161FE96697734518EC7BF842DB3B7DB49649E042BB70F4EF63D36F089F05486924DA733F663640ECA55F44ADDB8FBADA9405D96649E6E044782EE8D698D7386AB7DC186DC
T=$1

[45]
S=$D21351A24
W=-$4C7A5141BEA64B0AD23817A2F6FDB9C75A0C4FBCFA220E17860FDDDBB2C78F4BF66E5400FB8CEC22AA79F051DE6233B2231C5BF4E899AF9C8E9AE7A332332AF73AABF68AA8857BC4663764F98FB09E09DC075F83A3BE65A950D4B7E3CBE0DD73313304994D31DC5BA9876B84
J=-$211F0B9C66EB80BD260A69502FB9B2BEDF24F9BCF186412FD7F566111CC2884A2B18942AF9802EE3187FF1F26A3E69272D2FA4306513CF5287E76AE6A7EB5596C6CB78188DCA90B9686E8A735D3959765D6773BDB884F307D7901C7F3F767E0A847EBB34941BF319B67AEFA8A1F77DDD3CE363395805A99BCFD4710A67CA95E9FF3944EE828FD9CDC342E3CB83624DE33384A428CF08E80E608914AFD93D5F484442EE391917765890025F32AAD016639FB198A7F20334D4CFAF2904AB8255EDEFA5EC4D680EE7C375B373784738AB81F45730086092AF9
T=$1

[46]
S=$DA3D03
W=-$4BAA42A405A3CDA870F8E9B0EE6DDFCDE3172379567EA5BEB6B19B69E7C658D9E8F90B7EA3F2219CF71FB8ACD641BEAA50E29FA2A496BC631A11B8674AE7619B5F1B7B41C0434B98D36196EAA8EFF78DF95D4A2077108D8E7B5B35F396B581F4360A7B3F875D417A5BC5
J=-$3B7A5C5C6E56C444DBF23891BA1790ECADD20D621F23558639E4B535864936AAE806DDE0B21BDB724C48A4AA09A326B1DF2BE6E0A69F779F7B622B22322D565048CABA36040AE30680A8C89C46065AAB0C1359B189379E1D6210103BAB912F9780EAF14B42FA1C401395D49AE10CAC48CA076E91D21D2A3B76D479D37FBCEE69497200CB9BC6329DE76BE71F032004F14C7AA384B63122B4EB4B495EB3C715106A268797BDF3E3DCB812389141E82F8CC93F6B21A11000C105BB77FC385770D4524717F65AD4724B7A4D28D3BCBDDAABA526CA
T=$1

[47]
S=$2E2C0C6CC
W=$3FF71530EFF67EDB5628FE1984842941D6B41251041E240279B1E61DDC750DF004C55940B72C81EC00B72A1014162031A6A02FCDFC830E215A6C26A0078FAA34A802452C7C6E08BE3D3DAB07E9E2917AA723ECEBBBBEB215035AA7784148D33B429DB70483683136E
J=$37715B76585EAEB3AD6632B69187210ABDA3B2A4C65D7A4A41DD8AE13036DE2BD4E849BE863845A0F024B490738928DFA9C0AA4181C9A5EFF074BAF69748A9B32955DCA438479BB5DCBBABC79D4305F927F258601693B58D99C4E19550C84676C42850FE8A3617354282B380D46A3E7C508F398CD81919BEBB2250B242F3C6B3467E6660B15FB2525A68F9FD2F903F4B977433F844458D21EF1236081B3AB929DDC1E8A4148B0839ADFEE48485B1EBA6BCF42FB219378581AE56799377F5676549BD1AD10AB07FCB1AD1F4D4BCF125A2B
T=$1

[48]
S=$C782B
W=$286BFC4CEB61A3919A62176A78A4FC8FE9D2F1498389F235E3E68ACB1564E65CF9D7870DDF3FE8CC47313D0AF57F112F76F2ACB8FE7A729F79CE9C7C6AD7E9FDD450F203309AF7B960EA3DCAFDB4A9D1E07DB2E756BA0699DDD674F6BDF370532FC83323E0E27
A=-$108
B=$69E
T=$2

[49]
S=$2C3E3C71F
W=$576403A1ABBD50B6C071911838D42C4B9B824AB06C530BA4D6C5104179D0169F387F19129BA378B2BEE0C6984B987DE97B511E816CB06B351E1776888A50D7D014263EDDC333271525A7A6CDB4B92879311FBAC3A6D5C4152CAC2FD8A72C064608AF347521
J=-$E7FF5711EE2FEAAC332B0D5969B13F4504CB87A8C59413EA8A98CB0C53654B9E1FF472D7410E5ECF7D4BDBBB02D41A2A0549F2D5B73429AE50A3B7909AC8F4F773F1E639F18A05948DB9BD52D6D8D26D5B93C9A14D346F8092327A17E00D1D716954FB11DB041583A073961D42C155CB8144272099C4747D755D30D2AB54AA3321DB71C712E1B60BBCE6BF3739464B200F9ACE01242BBB1CB30C33A234360E17F359D645FEABA2D25E7ACC553A0DCD4E6AFA2BDD48F01C2F35D00116490C1E7DFD91237190832C1B78F
T=$6

[50]
S=$6AA749FE
W=-$7F6885AEC596DDE9F6E33F9EA3A00055787EB1DAFD8CBA7B94EE9117808E30D6BA9A74431928C09A4355E8485FF717AD1F9AF13BC516602016564BE739D906D25ED9C064A7A2027FF50A7C2DCD8EEA8FC6BE1435FC484E410B94B2CA1B7AD8429A2880
J=-$7FD4DDBE51EFCA9FC43D7A51EF9E59296DFA6CDCA59C27357EBC86102C825D6C54E506D30293CB37844C5C3B468C219C92C41D302771F15A3536D7AED3813044D529300ADE0AF0604B88C662E3720AB53511998CAA217AF3A806F1BF3492E6C4369DE2F990FB3DA46DE6F2AB86AF1333AE5CAD9EE9AE945B530ADF4A3558B115E3CEC25077818EE9DF9815D1A7907E5B5D3A950432E4B10E3090CEEC8A9D563336A7C0CC345A14A85CD8882643049E525D9E691BD7734E5DF2C90A951909372690E893DF44D
T=$4

[51]
S=$2A
W=-$C710E20D358102FBCE392256905B922C49A07B44EBB07C627A897202485766F2868F752E06588F03A61F2436346D7CFA1ED2511E9A4D49A36F95E53D87789A600BF23C533019744E659818BE2C82CCE772294A8B5BFE848BA50D7CD8769A0F8BC0
J=$633EFDFE281F81D95A4ADF317C2F195589387DE16409CCDAA1C46A60B34C5E2693E357948608C52C60F0590091B18C937E028D2CA0AD6D99E2AAF70D0EA2054E24F86BE2A46E18CEC15E3CF55B152CA303C23D7492AC4D159793D4BC42E2EC42372F9D27DF07904C5CA52027AFF9DD5846EB74989EF6FA07447BA8F9D50567842E7A18BA1FCF4DA3D9AFCDF207442C5683C90651B6D18149C4E171DA816DEFEA3231BF31AD765C5BCB2307B15FAA97B30A05C6A5F7F747E17B640361A7DD4023E09
T=0

[52]
S=$BEBB20255F
W=-$20F92330A827F16233FA17A2E31D8363DFF5C8BBE436F5252516345F60C7B0434B024A5A0D348047B09CD469CF0B068245099A737B79253AEA994D99D33CBDC047E57CAEE036A28196A1BFB021A0462ECED7EF395F368BFACFBB35E9F92E28E9A5
A=-$D70
B=$12F5A
T=$2

[53]
S=$4D88E8A31A
W=$21F561ED78988D17BF9BD5A50853934023E71F0F392BCB2A59DA34C88A45081670BEC470F8DD45163297CC3923AFBF2CCA91FCF76003D59E2D3FFAD054A45FD2212837FF602D12BE386FA11548ED67EE565B9562550076293E460B52488CE
J=$50290D04317C8A3D99FD4D2FD711C59D7B1535D73C997A89B0852B9B95CE92191514F1758E887AE91C23ED3D96E2012DB30D6ABED41CB3F10C838F6814576C7E6001735EA017E01F34FED716853586EFCC9704E737C75FE2F69661B0889007AAC78522BE1935BCE709C5BE858B542DF8E24915C6D6008A17DECD9366AEE74B3FF237D7941C35753B4E2C31451F228E3D6D8732704590BCB94BCBA1B1AE86D964C583E0317B254EB3084FC4B4EB9AE577D3EF65A6EDC09F057A6207B3
T=$1

[54]
S=$1741B8C
W=-$460F3037A4F2115552982F710E46A534C3C6300D9088909671C63CAF8332079402F1F4717E0D87F0DB79DFF04AEA5CE9186419E5B8ADFF5756FBA9898F69498B762D0CFE8C8A76A3A03E3B05C0D46604702ED25B7E00E4DC69887E3A
J=$8BE028B11D79DC7F6E3A3006E165DFA805B5479E50C74E371EA26AC6576F8D473FA2CD7AD18CBFDAF08DBD7F949CDBF94A3FAEEA1E96C8AD68AB9CD4365F77BDC6D4955982988EE2EE0750540975273402425C84A1AB3E7F36E8F9A8136B46AAF2889B78D7FC7D316881C715DE0D09EEAE7C7DE6CCEAF5694A713A4C7F5FA70D2D824072C6C318AEAD4CB9F0C7470F823E9D66E8843549C50F1AE70606AABF8D723C156BF20AA0871F34C491B44598B31F4261A2B84175
T=$1

[55]
S=$459C675D2C
W=$3BA3FC2F80F4F534193C7CA2BCB8A99F2A72280EAC3CE01BFF88A192780BAE2ADC37995B5B52BA864947113CA3E11C0388EC374FC374EDB531E6A574B31B2A7555C8FABE30BCBE13D96B08A0D92D83BE2563142ECE2EEB91DFC26
J=$10E691D265BAFDCDA6DB3289E34D7525B38136B59887A1FD0AEAD6F14D2F36761C5C3CC04597D28A262F2EB31494963DE29C9421B1A4038515CCEB9B21D5484443F49794C9EC86D18CF83DA5582901DBE959A51A73C834B674CFA109DBDB429D1D137E4F7BA5708EA7CBB3AB7F623D8BB6A503D909A3ED9F782B6ABDB54EE03705AC43431760854DD591503098F37B62AB060F69D2FB67AB360F9332F664FF02075C846F47DE475134FB9BC23696860C66972A556
T=$2

[56]
S=$3017E7F8BC56
W=-$58B05835998BAB15150580C52BB69912507708F393A92981382B1E704EC84D61503D639E55FF5F92473FC57CDBE0B63C2741CC5248C20E7F56D4C0C6556668C0E428F53F45B51B79481221DA0287D8345EBB2FC1C9E22FC6
J=$3A22BD9C0425ACCFD8522859505EBB8C5FB8D46EA968AB87559089E4AB74162EA22872F0492765EB7E4DE66314BE3F0EC10F5E63B546191BE682F0CCDEB05558E859FD1B856803730C90C263D5BBB6129B38C1C5E771647DFDA771E1AEE246B9CF60DAD1447D0DF5C995931A25E9B1FCCEA71EF6225CD25FD55DD6C3371CAD1E47C92234AF30E996E8E2AA4FBFA13C1A4C613432D9DEB337CBBC24B2340A4BDA04327080656CCFC8261BE9ABB12498E
T=$1

[57]
S=$91DB605374
W=-$EC8825261CDA76DE202F11CEC35EAD31BD9E57F04275DEC0CF38B21C02560EF9D562C2B95E85B9E4666E905FB479E4B8EBDE1060E83B7E5B9425E6B0D74F2F6763FD140C9B12DB14707715423DB38BC5DBA72224EC
J=$1C31E1790443AF568130897B57FC50BE3C733D741B00BCF0E758B24A89FC5E4645E99677C0D8FA654DFFA1F777FA31A8F9CBB9774CD44A8B8DF695F718852AB526EC461FE655835D25816D4D77334B065483CA97C8713C6ED401546847F09624D59D46F28D0FBF9B1FB315F846A3314191C74A1068812CE29CA7BFEB5F55A2DF0BC9CA824D7C4F05A9C0DB539DC8DEA4F173FB39FCEAC000D37128915A8EF2CA427E814385A3B4D8CC80
T=0

[58]
S=$20E5765
W=$151DDB32F0539D56C416A41A799B5CB674D2A45D402CF5592F55548BF2EBFF3DF96BB5BA02D89E2E07852FA96F9862C545D20241735913FC79611FD7BD68B66FCD157C4F7F3916B6FAC0BF346A90C1D7E313AB
J=-$B5CF879FFF80045FB81B5796B6E7B0B65C8772BAC17377DD336BA846EE3346AF2E93CEDFE63511A30F29E6209E6EE71E374BFF884F120FC363BE50F62C83A411CCDBB87E08249C6B4FBE0A24E0D5B65EA4875ACC7845ADC0BD378D3780B41234A6FBE9F7C13BE5B5FCC3A3464D4ABC03B050DFBC566788B8681A1EFD5BD5EA5511A6A0F4665F67A6C8724E4EA0CFE9BE98FA7067B75D97DB9E79FE4D33042DC9052D861A9
T=$2

[59]
S=$B9A
B=$2

[60]
S=$874ECEA4
W=$1F5BE7DD0390548D5A977DBCD64A915265AFD6563B3A1DDFA9E4FF37317C5B66CB0BECAC89F01DED31D25F274E097D453E5EDA984BA57060A2C35C6ED80C5E0EC8BDB96EC16F0C4A6C2E93A81F3312D1A
J=-$119F97057F82E02132EEFA39CF68C84A53AC174022FF3492D28F033B45D95ED24FA76058644697A2CFFFE4A3ABA63BBEE8FA06067A42933046FD32703EAE8252FF1202005E75A213AF2DD11090CE966A487AE021E378A74E3092C49EA357A5FF1C892A27882861DF41496641A9078483753329115C0CD94320D9DE76EAB5EEDF3EB9E50E84A4C1271D2B24F57A7F7AE438E54330514C2A5E8F20DA2086CD9A5F5
T=$1

[61]
S=$182663
W=$369EF47D0BCB7ABEE435C19705C79D7691A93A21DB548745E43158DBAD7A0ED4E88CF4F529E95E6E5F9D44B1F56C8383F677C1158D023F5E6106780375C8FC8BD62D4367981A50A0FA4FA0BA5C7DB
J=$344AC642A542ADFBA99023C263738BE170DFDF358D759BAE6FE15A2C42EBD21AE01F80F2AA932B60030226800460B41BD51DBF0A79A36ACDA8C5257C87E497158FB4D9B9826B275E7D8CA3F759EE0617A440D66AAC3590F25EAC2171191464739040511634A9B0A16954D99195B4819E1EB7845755B9559A821961805A21D796D3FDD31CFE4B066FACAB22E9B72336440BA76A89C3BD21497E17969DB
T=$1

[62]
S=$2C6D150
W=-$34B2864D015A0D6541645E8E1CDC880A344AFB240550F2BF79C8EFBF83EC5B3DE2A46FEE0F584AC68333A71180DBBBA891BB7F339FB30BCF93A1E087E9F51AD6CF68CD621886EF832510E4684E
J=-$2C075CEE1774068568652EEC68C6A973D52EC3E946E1DEE6455C4B038F1B7439909A4F8BAD9AA142649995A2C60BE0324E7B87DB0C6532DED13FB1EF7AB1861459A227756A0D33E025D1D6D51C131E8D378CB1B9963FC33C8133C9C8A632F6A632F29CD7064F22321FECFE1585B55886B6A562D77B3B99D978DD32CE1C8ECCD4ACC6F02C2E479A26A39255B402954E794F492B70035B132981B5
T=$1

[63]
S=$1D0110
W=$BEF211FF8C33B336AB9988D7D00DE379FC80C9B404E755277492FB2EF3E6306C2747C50CD14DEE4F7F215A1572B43F9D58E89257E78CB4EA1DEC344E7C8B76976C0C6AA6A71033CE0372E9A
J=-$FA5523EA84D31BAB1B3F72923ABBC671CDB092DEFC218B379D687BB373BC5988B61E14227EF21C4758F3DA02BE3A377710DEF8B5BC1DA2D6D6193EC0AFA65DE2A5BE58F1F94ACFF6E3BB19FFD75D5474DB79E1AFD58A236D3A1CE2165A950CB560E36DED76A636600D17494C65FE7531BEA526D76066D3F05D2387EEEE4BEF97FF1C395C17ABF6B09A302FD185FB977C5E4EF2E8AA7A1
T=$1

[64]
S=$305DBA9
W=$215654111753092508A6212E3BD03CA9203BB5D1593E65E9FADB9FB9713D1EE6F11D00BC2786677BF6C13512186E6BF55538E26434F8017107AB7CF948EA3B341C2691790E7970458E7AD
J=-$19F77276746CF8BA3830DF4D6E83ACB196838D13FCDFE7ED49B2F9CEFA12463A063715AD6C7FE3B77CE6DA6A78B3BED2EDDBBECB3053EDD4AB1D2296855CE5BAA13A7C6DBC9BBAF7F9592AF373AF19DC80F177F9742B3958FAE2D3AA2823A1EABA461FBDF2EEF7C8B830F0A9CC1E2B180754752229977287D952A23C5245754E0E208EF92790C0EFAFCC30B22F2F18A509FE9090
T=$2

[65]
S=$105700
W=-$6568B250420094FC8CC88331B67383208A1A8A466CDEDB0C11BB6BF86B4E9A321E86FD9AC2F76BF5741C6CEDFFFC654C7F9E52664B1950797B82143E9E78F06F3D3205749389D45EE
J=-$29AD4C9656F72073E8E29A371BBF424720B70F14A0A47884CB500A935125E66BE35B9746F3658A551457FA4E1B828DD3BD012ABAB9D13C5A35003CAB7792A4D714EB44A459640482E58A2EF683A1D7A1285CEB20D2F1267CBF984CEDE6FBF652AA95E637F1E7690CFA86E1B99FED52E5B48E9A986521D3AC91AEF216DD8227B72FE6197B06E849E759625209A4C03B52A3
T=$2

[66]
S=$E7369F4
W=-$36C68238C69BD31FD11521B6D41FB2F219A18F4E786AEC6666DFAEC3B1B1C2AA09A0000273D8DE25B0DBAF1BD26D0D000BE8784F2776BF09A53F2EA6BDFE085E2DEBADCD6FF2BBA
J=-$D2372ED9428CE5C85C208665B5A7A31E1ABEF9DF8248D15623DF44B5D17B6A72ACF26B367A78394C65AF6E4C296094283C5C7F8107F50DB83F7E20847AE6784C14287A33968602988F9EF419993855A16A9ECFB54E51F3CE15249E8D7B68BF187AA573F08DC4CEAFE117C4C1C919E5D5DB11887767319210078C126CBFD17AC68B679DC47319F0B811FD16D6F814
T=$8

[67]
S=$3E96E3DE7D28
W=-$1208ED447BFB7C3129CEBF01B8F78C11DED8E122C4B4F3605EFE51927E60CEC781B2D317141755A7C50C21F9269D0C9B4A3B2611E53D3990FCABF0BE901A65E27D7303651DDA
J=$1266D02C80BF42FFF554C3011E5AF2CBED0CC9D6430F40F426EEAE4826A5527FC39036368292E435C969BF4D6CCB4E38466EF865B97525C1D237EA32BDD343506377FDC0DE45A5AEABFBE7ABDF765073A625F9E83A341B361F173B9D6D4FA9A1AB7014964E057B874AC302ABA2C473B753EACFC4993E98B199E4BA39DE797291B0562559A5903604DDD003
T=0

[68]
S=$193E53AA
W=$1D0CF5509F594571DC24D54DCDBE1FE4DA2E736BFD245AFD98A39722CC045662F901CFA8867799F5DBBB785EBF9F1181DFD5EF6FF2FB12DCDD112BC67E9339AEA3D94A
J=-$43CC691A98CAEE70EAA3E30578F8D68BBEDE9AECFD2E8B221E6B0214C1763D5E5AFD48E479FB05661E9D70D69FEE733B00D3F11027100A842681DBBA6AA2B5B61AE8B8C39B40F0EF17EA2A060B10E04C765D90B4D1CC1CABDA237C291D504C531EB952AA260DB3F1161FD97A1673A5E05DB8D9E43AC1C83CB8B518475C9A8389C9ECE7B39
T=$1

[69]
S=$138843A5
W=-$66E0E54EE2E292998553AE666174BDF98D5704E7ED5BA0AC3010B535D0FD0C38A1FA95841A7C3AA12764A1A9D598A9409643B8ED07BEDC68FFB42F2EF8BF2B9563
J=$81215CC86501B25055AAFE788EBC30D792424BD7258DF487BD8DBB036E8C4E9254A2DD04D50F9B3E6FBF0AAA7A34EC3B7CB2E4526AA5351C4689DF32502F1A041AD69B166ABA6C9BE06E6899EC36963D8D7AB87683C5811823475C10D04AFBFA8775B34CBD0E9E7FDC9D977E059EF4B14CB5722C4296FED64257DC64D63CEB748F4
T=0

[70]
S=$90BE54
W=-$1F5AB5FA5B99369F488B3F895CB814C1DEC0C9CAB1EDC7172DC88FEAECDB1B971ACA51761CF6D4303B5F9EC0D975E269EF91B0C74C106AF6B5BAE365DE9D6AC
J=-$326E9202EAC91A7BFA55B8A054FD455069C763DBDFD25137414ED9672616D717A910B9B90A87B156E01F18E0BDC3CDB7F187E451BF4C9AAFB9965AC9EA3410E14BB6E5AC958980B0535E89BC7E4138C3AC5D185490EAA25A19B805128E77D73369AAE526E0CE32077D51580A29CDCA767ADC29B66E8665016EA59353EA67
T=$1

[71]
S=$A2968
W=-$EE69246680AF8CE53B5548A9266AEA199D3C2878F886147132C1C2E7FA824BC6001FC191821D020694F653562C716D29630383FEB0064F2590369363F3E
J=-$886B98CF8D44E91B09BB87658028913961FC4887DC2D52AA9189E15F90F7D55C807BDB2FD9E57EA440F1696500FF8F687A293416F4C02CE441FB2D94E6D8471D1A384EFC8A81840C57EE4AC35056BE25178C63BD5D20FCBC7BCF61B6281CF4893E903172700863E2FFCA4B58020DA79998A9926BAF945306B8AB5C
T=0

[72]
S=$488EAD
W=$50BDD3D487F1F877527946C3D2802138BC3887B5C897C4DDAD4E8C06106F9FD70AECAFC9CCAC187081B7C77BDE13BB478601B367277A9BDCCA3363869
J=-$1B8E169C6341FC40C5917644B3DF41A95E04F09B980439AF5259B025A3D097C314BCACDC3E0C55607320A45046C754C327F098A3DA84AA198AE2B4F9C6E32C7FC10EA6B3E50AB389FCF197CDDCCEF39459A3B83EE5F9512E842C04E5BE873AD8CE5483CDE30A8104FA27DCF3BA819C8660017CBCF2A19BA46
T=0

[73]
S=$129CA8
W=-$1899362F2236109F054424F64B0062F30600B3C14BFF8D0FF51251DB5CA2030729DE2A73F3A2E6E9F4653AA779DCA8494B034CFF7CFB393E1BD3F98
J=$348231E12E573F63E99B7A9559A4E6BEFF34ED222762DE89077A4B6A9929EA97838BFF8B415ED1EBE0DABDB66534540996933A4209F26051E92D67EA6E686FFBA1372BF53DD3D3179F15D09B8E945855D7ABD142C83D8554F86EC6836263B09B7F0E766B8554083800EB05714EA944862F2CB370F742
T=0

[74]
S=$16A366
W=$29F164447217CF4BCA414B01DDEA137FB97F5A2E47F216EF58F7C4113A16A1AFFC4ECE9E47022689ECCBAE9D1425F29319109A76BF656DC0ECC
J=-$30443743AB43866A81A948BE260B7086B50F5BCF6091143D8CCA12BC97E56A6EEBB2BE697A4240608E5DFA3B397DD2B1A6659B6B810FB13BA1D7BBD8E8E842F14C11531B11B0E4FF281E57A0F7581035B8C6083C11B2F9AD64B568CE3B1A3A19FD0F4DA0D399BF598E0F353CF00A06CCC52103E
T=$5

[75]
S=$2DA32771F
W=-$131F02D205BFD38AFE9CC31C0777F99E5740145166B03ACB95B65342F73A55BE45EB42FBB90EE3DB90222820524997BC87BFB4BC6598735291
J=$5868450CA53E36288B349543CD8572D04CCC5DCE302DE892ADC063EB0D879B25B1C3BACDC061633D254F8FDDB5E0A41DAC5AE91455B3E13E4C72838F69FA818F11E0A8B1CE2BF8E58729838A721DAB647F97C232B8CF61E34B4B95E03E845E8AD215A754653437A8894DF89619FCE29D1
T=$2

[76]
S=$10982D14
W=-$5532A22C6793CF60EFC07B9FBE632E496050E7D0F76E712D68D72F4CB677C324B26B9A37A95FA9BDF9CDD1E409AB9452EDEB93705CDFC
J=$844ABF9BB2FC34D4A233221E862A8E531581DEA0DFA028B1699FB3EE96F632600DBFE53B18FD13716C5A5234417A9040BB9F204E14915CA7FCAA62B65CD695CCD58E6D23606F62A79EEAFB1C53C1ECAB3380112D3FF36082F5E3D67467291CBC936AF91FAAC1F6983F2C3C8F7
T=0

[77]
S=$106A7845E070
W=-$2C157C8D9273373D92579FFC6DA9F0071D407508571D7943173566A6D2654591FB55FDA7199AD18020180DCF000CED9C46CC823B2E
A=-$D70
B=$12F5A
T=$2

[78]
S=$1670D2B
W=$88351902C2972494F763BC1CE5AC9F95F7EFDE2B461031DB975185471885A564443057810AC189D1B0A37BABD02FEC06D13F
J=-$419E8B5013A23E5A68C036DE64B94177B99A8771019720D65BEAAC8CEAC1500CFF78A262FA1C8B78BD45D45AFEE14CA7C72F44EEEA2814229BAF3A48A5C749A765094F657121A8A3506609759302104857B973C46B38C54F70D3290222A279839C4FF16
T=$1

[79]
S=$BA943
W=-$7262DD3EC55130A61754F3C040A6AE5403107681355D362C8AA6AD7D015882C895014797CDD2190D211D5992193903F17
J=-$94B8F84948240DD1AC639E44F8E6B8D30A6FE1CA13140479756BD2ECE807689C2A791D1C676714C2E8AFFCFA8A3F12AB568AF3DA2DE4AAC94719E1F3AFC9B8DD9C8DD5F5E582BCBBE2F05A2BD6BFCBCD493E158BF5DE56BC912A0D10CBA21C76A
T=0

[80]
S=$1961485
W=$E2919AC0B4A131DBCC240659D3BFFFA3584DCC836D982300BC6CE58D03A3416B522AB1F9ECCFE8B8AB02498FF76515
J=$6ADEA612B9C4C196349AD141BC96F448EFBCF9C04573F2AE71D090BCC48CC85ACE2165BE080655B8BF6623808A0296638ED9655D700882745801BF68F908DA9E68AAEC5106F3DF71ABC260C9636AC786B661C5EF74B01CC5E6AD0848567E
T=$2

[81]
S=$89127D0
W=-$17A89E6669205794EE8146F1A25D816F443D119C1E7A0FA66F7BF1F9F4BCF977B9A8C9D43AC967907331AF7B110C
J=$4BAE41943AFAF8588D6DD01AB363865205169D219A68D254C52B7F4E06CE49A4F684125A3A0E238764FB78C43E76CD78692D6530E4AE0CE7BF9644F83257B2A9E188087415F32A5A48E14DF6CCDED94874E80127EC312EFD4D55E1
T=0

[82]
S=$D9906A8
Q=$3

[83]
S=$5651C
W=-$3A657976A849D74003D6702A216CA5A32C1F668DCE7C567B0BAD56B0AB52A6F793E868F708F44FC90E98
J=-$22FEBFDAAA0CCF5145C42E5B58EF37E8CEBBA6AE5755826A3CB3219CEC6C63BEBC7C670F76E83B96E95DA3ACE211A539AFED5CEF3F7EF20746208286A71EEF9EF44FE4E7A0D07370B3CAFCC369ECC6923C6D223
T=0

[84]
S=$D47D955
W=-$D8412553A19D29CFABB2BC24001BE884048A4F1CFFB137BB5370067EF7FFA505E255C94D2D41AA95D1
J=$19A7A1A0850098387E27B15C2BFDBFDA90FE4E233404CD487C8DB857F5120014E1571529D0DFC89BAA04E922B0767443D2035CA4A06766810A629E6899796AD9EFDD0E4803EA9E9DD949C8CA2F5F675CC68D
T=0

[85]
S=$2A9BB0A
W=-$23332F287116E67A6940335D69C1AEF8BACBD2DD9C5548639C3CAE8C1C79CA597FE989DC09E8CC
J=-$475E0C06882CF5AE3F39E57598726119A023CF0EF660516C248CB60D37AC6BCC82579567C4636278C997D2A87921471D858967F8DE9B013A2C0EEEB13B9E72D2CA29EDB11EB648E1538F15795E0A
T=$1

[86]
S=$2BA258D63
W=-$38CECAA0FD067CC5D003052A3A35F3D5686F0725B7E038BA07B360C30EC3B69BAAD90075DC5D
A=-$98
B=$2D2
T=0

[87]
S=$1A15F
W=-$199BADDAE315CAE11FD2F12D769909A9366C19BD7179A26B980B56035556144D3B860CB7
J=$655427ED5F17F4E03BDB9F323B354D5A4F299698FD4283FC2FCFA371AE04F4F5650524E5336360A4C99AAAF4553DCE42E50442541EE68A963B72DA654207ADDF112C7932D96564
T=0

[88]
S=$6EDAEE6
W=$ABDD6024C2124B849B20D7ABDE755A6CD44B8C76E86F2DE02E92B6952B8AB11ED75EC
J=-$5BF5D5ABF07623B88E7ACE3FCAE28C36CA102CB335DC81B4BA58F9854C79E08E3460A31F46DC63556977BD77B101BDBA05C0E9B8E8D4D22CDC3ACAD1553AB65C307DDA1F5E
T=$2

[89]
S=$EAD1C4F368
W=$45F8A25E764B4EA991A572538CE1301F8BDA98C5453A1F1E60D3B990AA6189E5FE
A=-$1
B=0
T=$2

[90]
S=$4C2D4
W=-$5EC43C08702AE48FFE6498EEEBDE661746180F3E3822B8959533FA66AE1E2
A=$3
B=0
T=$1

[91]
S=$84
B=$2

[92]
S=$E85035
W=$2755CC4359E2454C559F65FF4C64D501071FC76D03F3F40E90EBAD3A7F
J=$1F4BCD8BFB0B8F95FA2E01536527CD61A71241447C5DAA963AB3898681F4EB783F43049CF2F55AC847CFF0D16FD897EA13B8917F9E0A513433E
T=$1

[93]
S=$FD2940B
W=-$385192D2432E555ADCC839B114018B06BDD2E1D2F680C6291263E23
J=-$28D0E76FA1280E9D57CF02B778AD8F467117E3DEE7DE7E35BA3B8B04F11602E02DE206887AA4998ACE27D3E6680373905D424BCC7EBE
T=0

[94]
S=$C8B3A526F2
W=-$16181B68C082FB51C54B2856966981D4D0CA48CE1676FB85F352
J=$548947FAD57A92EBDEBD2CFDC24704132F84A434AD8ED2BEF948E2977D77E043109FEF51F8CB5DF3B25CDB86325574291C5A4
T=0

[95]
S=$BFAA7
W=$1D61EE96024FF8B76D736F603A76764BAFEEBB49879AC47
A=-$7328
B=$1DBA42
T=0

[96]
S=$3256E0643D0
W=$275D1F03870AE7A380D695585CF655FFE5FE36019846
A=-$108
B=$69E
T=0

[97]
S=$748EB6F
W=$27D2E1F2D2FCDCF167F3AC53D5CCC25B46DA0C5
J=$18DD2684406041E2162D632984A4344EEBE192E9D72CDBEC6DCE7A377E317F44651D311C1737B
T=$1

[98]
S=$26838
W=-$16246F5C48F4AA54CB517AB1396596B80336
J=$512511872407A250C8EF57F0B918DDFBFF64363A880A0985443F93551A587D0B92746A
T=0

[99]
S=$1BF0D07
W=-$BEFCC46AFB155DCA398102E75AFD06457
A=-$7328
B=$1DBA42
T=$2

[100]
S=$AB6F84C
W=$BF27078284A20DF7945C8FE8591342
J=-$17D933CFBA5095C872E11E35C43404A2CD98534B010F33DC869CE0AC18EE
T=0

[101]
S=$B937E
W=$A28E9B529C05C3F3461B8A8E8A
J=-$279865652F3FAD07575D83A053CE61053D02993BADEEF37CCFD5A
T=0

[102]
S=$142932
W=$141C9B396A0CC394027CAC1EA
A=-$1E
B=$38
T=0

[103]
S=$7D25D6C
W=$3225300BBF271936907DCE
J=$FE7ADCE595347D3D1E60882B8ED55C0D531C78F466
T=$1

[104]
S=$1185245
W=$19069055D8DC31AFABF
J=$4B2D73FBDB9005A4C55D7862C6D6C8E2C8FF
T=0

[105]
S=$2058A0
W=$1A654393703A440A
A=$1
B=0
T=$3

[106]
S=$9B892A4B230
W=-$3F61B441E3316
A=-$1E
B=$38
T=0

[Signature]
1=$FA2302E72302FC39DCEBFDFE778B30C41D6620459294CA6D
2=$5BD7AF7E536E88C27848CD3E2F81B5C0BB214BEF5AAD60E9

