[PRIMO - Primality Certificate]
Version=4.3.3 - LX64
WebSite=https://www.ellipsa.eu/
Format=4
ID=B49780390C646
Created=Mar-29-2026 04:41:15 PM
TestCount=111
Status=Candidate certified prime

[Comments]
Put here any comment...

[Running Times (Wall-Clock)]
1stPhase=28.49s
2ndPhase=8.90s
Total=37.39s

[Running Times (Processes)]
1stPhase=162s
2ndPhase=40.15s
Total=202s

[Candidate]
File=/home/lappie/Primo_New_Farm/New_Group2_Prime3.in
Expression=(4797791281551308866356)^47-(4797791281551308866356-1)^47
N=$616BE0CAEA1C31C45F02B8E3AB7DAC51C7A39CF91F495BCF41E87263E8001001F33C2EA7E1E16A787B543C948D7FB9153BD6A38D0EBD13B6115ED7BBE03D0131E81B9EF0B903C485DE503C6D78897FF5A834CD8A4105D463CA0114A4BD69B57A64147DE13806D9337C319613E56A343E7059A91B553F4BC7F3A375D0FDA22A82B8FAC733BE1F8655EC10C04D224AB4C0AB1D9A7BF64DBE2C2638092D784E09C17ECD0755F7C54E3C753743356984E6E28F9771F9B8796B7E533D599BD3370529D052EEC5BFE3473843A0EC2F8A4C6AB477EA1B60D4235DF1DFA6AEE3C54F211AB8D6C386D252893D3C78CD08A4F0332AA6D348382062005D360E4765D12898A28EAE2326E6475FE2CDBE9A6533A3B412EE4FE4EFFBAFE27DEA2DDA0AB183A3D17B10F761717213FB4C4D8CCF065FB9B8B71EEEF89D1792B9638EB441D1740C5078DDFFCC7059BA0F8FFDC2560B8DC1D7F48468A6A4F6B8AC570728301361C7FEB210DB4D6E2B5691819F61B574B1B11FEAD08F8A2D875A5FF2A5CE94DA86724260505CE31C973A83DA6C3FAAA20C153891644612B24D066344D17D6FE263C5
HexadecimalSize=830
DecimalSize=1000
BinarySize=3319

[1]
S=$A30EEC
W=$10EAC1FE7D9EDDBA1154EB2FB97281E1B3E24C1E78731C2EC224B5E499CDF323C591F67C70AD126089FE808EC53DD5E979931A27C1B17D929A7C5E1416D30614716E9C86EA3BD47587DE8EE149EEE67641D004E756F84AF0D715CC8CEF9C7471E3C4021B9D8A81D3EEB4A4C6AFFDE4BF6AC10F212932600BEC7F48FC90AD2D84067B835F99287CB314AF068F97E4DC9BFB00CD00C0735B14E4926D8FE0574F7ABDAA9FC01E2D52BD3B60A9A117EF0915FB43B547C1BF0F29EDAE3E31689A3E00D08A099A97DF2B4D7213A2657667D0A2
J=$24FE0868DC5F6EA08AF74BCDC322D17168304E40A79678B02D1FCC7A7D207D540D887F963FA111AFE599EB1B9EDC399CF6707C8E28D5699A50F206B5973B631278C0AFF1506034C2007608F5CCFF20AAD6DD982289991042B4FBAD1B5F3B60647DA33BB753EDC620AEC0DD90A82A5788337A6F986791E96DBCF963F9B7FD3F102A456A159E80700C63CAD27A21DA9D1B5D6BEE7F7C5C9B4DB6695F8A093B1E8575AEA60EC8F63BAF9DD8B0E883FE95E7CC37C3EBE5412E2AD1F618E2E338B0DE35C251597B22190F68872B28CABFF702D624A8D63A00263B38F725EBC547DA54C7E06120D47E4EA5FECF7F620110E3D7A00C8B4DD93E53CD124A3657A38E5112189B1D3442F25D2B92DC0C4B522F943ED55D0DF46987FD0E9E9C05D5CB3F2307D25A7203D31CB90286B7C7FC829C24BD69967773395F56FCD978020D0A74652347AA2164EDC4C3175C61D7B749560140685892CD3B6CE558EE74E21C2BDDD5E13C175F2462CE873E9A92E0629ACAAB1F460A1BA791221C96003DE35C430E12EC191F25D293DD81F796371C56CA14EE4FE59B34AF96EF7A05AFFBFDE9ADF69C
T=0

[2]
S=$2BAADD744F1
W=$6439ED601BCE05AAFD478B9D057129211F7ED20CF9ACB3EA6021B56299F217F863F353AB04013A0CC76939C6DF64418AF28266A7D9AB6103E1AB2F8AD57C12F58AE208B5A708725E0094F01EDA021B9400D54770F4F5FDB17860C753C50BEA96403BA545BA7E91C3E70FA4B9EF4EDDA3CFEF788654BD711A03C2311040EEFAA6C30329B30AD44E10A9E0409C7BA0D2E733BF25777C3A672D7170079D7766441CC706389EBD0B8D79E5CA55DD64207EC3F9D7AAD35CD1792BFDBAF5B443953047E84F5B23DA9AD671A4B88A16AE6B
J=$3B7CA2C57FA01D55520937958AEEDD355A63A83F04A829199230689498DC2EC49BFC3A8D37806D559BDC9BB17CD6607C9608B1614A9737446B59BE3376D130CFBC20F87A25AF0BB9A35CA01A3DCD861FBCBA0DEF292FD4CDECE67DC740F988B5366974B829BC103BAE2383CDDBFEA29B0EF877A016F3D2BB44C306FBC809F7AFC5831ACAF63BDC53A169F5EAC4853BC6875879DCEB4644D17904A3471E158DF74E881494E82C8135AA56945A5350369D8181E85ED4CAD6C1D3821DF8BADD4AF3404A1B658C3DCD28DAD37CD76ABCF9C4402B7168FFCAF8AFFFB11809AF88E07EFC1B22C73F6D8D54E9C3442EDA6A29CEE3F2AF42EB0338A1EF7B4229E8E23349FCCCADC3B7D775DFE5B4B36BA3336D049ADE995B0BA05EBF1D35D270F5A6BB3186260BFE793B178A413DC6441276B19101973EA59593322C5A08BE97C0A2038D8E4EB873405515A267546A9BCC157C057439D4830F5CF88C045E747A01BD58ACC7A577F6CDE01C2157001D0CFF326002E32D52E6E58DFB9806D52083AB7784F882909A138F5182A0783E73BC0FE0A5A4C7CA6741F019D278576ADC7F
T=0

[3]
S=$38EC48EA364
W=$D2936D679EC3E368EAB84F2A5AA85819FB0C5EAEAF447BECD1B0CFE48B9EB667E2F3AA0C6170E7EE6DA9808AAECBC04E5C9BED5E9805B978E2867193BF89D66ED0D14D38788338710A00AD55EBD91C8EE6E8493F75AF233D7D57BE1178B8BE7FBDC506709ABF472A40DF9313C97F94EE129F7C5444A98024D8B89C28A1822DDA171045C701C447E308CD2819EBAA9EAC749DC6CD5134714F0680968838808099B83E0E6D1AE3C54709C852FEC7ECBEF2BCFBA371E7AEFC83F8490E3D817C7AE8F5882EB71D4E95E84B685CE
J=-$73B6FB55AE1820F2F864459886AD62CC00ED6895DEC7A0F9C389D27A2FD06F37A8A3BCDB98AC2A987665BA5353958666DD96970269572F7AD19465D17A57A373010902558937B60A1B3EA42324676E95BA1C374341AAAE3F3C6E21C94DF3ED218B9ED2B413EB7148A39D3D377B4F8E80E455ED4FDCF5B650C00C1CA576C232005733AEC6A8679CA4666D7B01033C6A376CAF3717F72CDA61E1E054798AC77557CBEF88E577BAC667DFA78FE3854F6FF695B359A6E9DC4B7CB57680ABD462FCD6DE775DED7784F8C0378F4625DA705CAC0662FF49EF933652692A845767E230BE2DC644C1879400C929CBFC2718AA1A40958FF63376A3BC25D4BFB33186A237B2112C03E580CAC35B1B83A1237F5D31BBDB6249506315434BF1EE7ED1551CB94C83D5B799D3833CB6280642632411A78298AE46B076CA6EE66E5879AA93272EDC2A523A3B1BEA310E9D5C79A3D3270AD9306EF929DD5676546E94D76C036E2C59FD497D815F7CFD7A49E89470AA306993D54C4B7C29457A17601E5839F9DF399F6C44D66C264FD08CA9599029089C2D192EDE2E93912AB
T=$4

[4]
S=$5E201B310180A
W=-$571610B41D0F4DED64319D5B2939D8A3AC42581DE89B12C8171F6FE38B47EDB555D6F4073E90AA2F4EB84546626DC35AE26597AB6AFFEB00E8770F4E7E2028A2E54A414EC33DDE3F2E04C0258DDD4CFE3087007DB6BDB7C88AC1A7F948731EE6CBD51447195249F7E73ECA284A9A31467B619799BA424A722AC255B980B4433B4CE1AA2DAF119CFA1B6261636285277AFA751E898B84A9BB0C27AC38BFFAE463B002DC3FA8AA8C2E967E18FCF2F5902BD0A6658CCD08E81C7BD66159411E23535C77FEF98C02CBCFD4
J=$E39FC9D04F44F1E9EE9283E70FEA91D4EB80374533C4E3502BB5DF0C8A7E847DD0D4D032CF3D99629CCDBC6EBB19BCB5BE1EB499B48582D4EA74792F12F300E0863D12ED44B97F479C084156528D53420FD8EE612BC719D68E74F22D5EDF74A215393260BFB1EB13B46C2948FEF4C546F11DF3F13C9DEBD7E20A247F238EEF20C1CAE7612432564C6BD31F5D6F0DD5BF8E3CDAFED1179457D8ECEA91832BF26321A62FBADA27DA60A2906421E21A86E90FC0EA901641D3C22813489ED4435BF31A628CA6A987E6C79F10903A77A16005147A704017D330368F399E05878918ED76315A5B578D5D1538796577F60A627B830FC45EEEF25B905E4A361C32A7BB990DB4EF616644C6D26E899D99248CF4BFE4AF9C6CE99D80BD5D60996D60B54ABCFFDDAFC03E9CA3583FDB4F543E863482573BDDC6345753A49DD4BE7EAEE9352D87F4CC150B0F8258ABAEF1CE3DB97F7B8BEC0DB072640B1DF8FC8EDF411B752236B628661E9A7D6DEA6536144992C447387531840E1483C5CEEE74E97BCA677E2E24036CE25A5AB63FDECE75C8E2D265B5
T=$2

[5]
S=$45F336CD23E46
W=$318DDE9B16556B152C64C4EE23C782281263A38DD6D39EA507ECA1FFB5B593929DC17EC4770261D068FC4143EFFA9B46CDF8EF227D2A731D36291F1887DE9449F0C08246064F02240FF947D30FED0D02A09DB074F53AB553451491923F75E8EBF5981D385DBE88738CC3FA9A70869DA4DD2F0DCA513BD8ED383186172330D4BF666A7984E295C796E2B6C70FED0E1BC763F0BCD2F6DCB4F476D8872D06CBE99864390E3B051E624787D42D31D0B0AD34FB4B08F489EE4E158EE322C048FDF92BB81AE1A4DF36
J=-$E67B2BF024F5DF15379CB2D818442A5ADD6C5FC0274FEC52BB5B5854E384053258C8743F41EA39D9E3AAC849F44366C93DF129EF2CA82347A0435BF0C95508C737ECE6639E364C241A050F9775BA886F325B6741F7D34E3258A94F7C765A9640EB33E110B7F1F606FADFCEBF4659D6485AB6048FE986A06BC220C82504C6068D20791768605157A60678E0E93955CF47F0D25CDD56D371680995695BD3AB2282FD6E0A6EBD192C35EE614E22756F6445A7426E167EBDDB7C9759E0DDCF4175102C9039EE7CC74D67C1F0D667047AF6767C5D2FB9975563E61B2883C7DA657AFCA6B4097A5447CBA1455E16C434645477A972867820EFCF07CEB430BE5FC7AD8504727424D3B2C97E6BFE24E38BA5C5544DFC5A8479E768639DA6A8F3ECF64CB21ECA44E52310E8C2A6E658C235E1263A43290A69121495146EA1F2C6ADD5341811D20A292E5988B02CDA2C38461793F49B1592E277E975626CB7F3FBA596DEDA99619FD0CCA2B0CD159BF4C62EB6450498A582CE11F63E6DC310DE57972D17BAE731B49131CA9E9FF1A362
T=0

[6]
S=$77E4
W=$67FBCFDBAF4C83C3635F4ED65292E835BB1B5A5DB1057BE354702509C91422747FA32A327C5D55FFF5D8D8E4230E9DEB22A431CDA39748E70B7A15A557C286A53790D043536A583F2040EBC428D038E8955D4739EAA3FCCEEE9C4E9CAD354B85B050294865731E768ECE3CC76F3213F7131F6BDFB187A8D22F66CF8F643F8BCAEDD9E38000E6CCE0E4CD6245A30F8886C10725DEBD5CE8687F2722ACB518754A554CA6E50CF7FF9E7B2E1A2B63BD2765C8DAE8F3FBEA5FAA8ECE265B439A3B14D5500
J=-$1F0A1181849F8EEABA801F48EBC514AFA6C49BADF4FA8A9ED8583D4A2C7AB9628A8959FC4183D1D412898F20EE89E32EF1B61CCE7E683F9E9E0FBE14313C198A2E4E24F4B3F1A1617E5E8B9F53018EB28839EDB2CAD3654E58EA981D8863D07C0D3E170B7D6E092EF3017B83FC68EA69916B7A240C4E88EBA11C7DB01E0155C6FD074836D386D06342AC7F07732CF8D0C39F0EB1DED51FEAEE42275A3E71602C15145A8BD6AC95AAA11671C26AC4C528C0108F028048810A9B73E0516FE028DC10FD7B6224F533A243205C537C70F17DB1E5BD502AD6F330DF2F423AA2D2DC711771C58E015FE704C508E59A3C7D2053F79AE0852903D062B03464610FFC7CE9D332C8448601F8D85A1BEC59636AF429D170A588641606D67A2551AA2CEFBF918B6BA1BD1E6F1E2015E2BC33E78975880A7E964CA4C47FA2A94483E55F6D90422B50B5BC722CD64C4F79972755467B2ACCE494F51BE9769E899BF87AB3A79350CECE91BC81C9B67119DED0A2769AEC245810CB3E229D6FA36AE240C7DC23C3F61EC21B4C87
T=$1

[7]
S=$2671A64FF724ECD4
W=-$684BBEA5A11446A64FAD4FE67C7DC4FD3AB59E29CF5298F41B2356E6F65A53F5FC1202FB6949DE71E79C9034679683C845DA65BE67EB0A91FC004EC5A90E29677588E0CE4F6FEE0D15BBECCBEF03CEAEF0A856E6F6842E80992794A180D694BBEB5CD864DBE68842982EC483F4CDC3759F522B65C1D733976E076C7CDB14F6AA1D96DE2DCE5A4D4951AE912EFCA5DB984133C595E6E8C8241C324FCB66BA90047C15A84E878B9056502AF1A796901DCB76255656ED23E1537E511AA5CE3AAE3A512
J=-$65916C93C938C8E73E134F1BA3E2CD924F0CBD9DA0E241DBE5C4FC3F0ECA47AAE7BBC14D8B237D7CB79560361F94C509B9FD272BDDBEECFB59EF37E14B57C3D50F2234A214B7E1F54D422F6C345FE6B07B6E34E2FF16B2D6467C617DD29172E7C140EE114D69993E535D6B08C90EF52952F5DDFB87200EF0E4F0C5527473267EAAF2ABA105FD34DD771D86DA69339ADF60FF06597C0712B1D80CA5A3848B9F21F61C05ED97A3296E314E8FE2B53F95A80031D8C0AC25D0356565F6E9B6308BAA91B7A27B715CE8CD2D6A51057BC1C42C25C59706EE06481CEC99D8039EE68E3DEF438A18F39F3D4C39FEB56668E61F59B4AD2A15A47D407451A7FC30177F562E2E1F02A34F0E28EA6F283F41FFF9F9954857B627C59E8206387C94597BDE82668A7DBFC962DF27C08FE5FD7EEE82D8DBD002B88FA46FDB286EB9AA71C199A9F3F7F6118AA2BA6DB0056608C5B0280854542E0084CEC8EC5143A25843807B9188F7235869125D0264E55ADB6BB7A1172B4AC3413C28DBA8A34197C5B8146F3E9329E442
T=$5

[8]
S=$F886874
W=-$4C875A13B10B22FF96759557C3ADE574F5E573875553DCD8DB6D6D44AF9DBC2C53E42623752836D333E3E8E17C8F5311D15B614D47D2BBE14AD718DBD005B317D6103B3F2903DEB6E0827E34D357A28FE15204E190285B0028019745FD2442016AE627D5AB849F5D4DA13A5CB972520919D45D5820570C0D001709B93A575301E3CAAFD06062AE894D63F6BBC47243DF08D30598950DD314755F9E1EE60153CAE582B792B0B4D0E7D1CF69BD87C245BE11A33E6E899C7CBBEA1D6C3713E6
J=-$1DC315EADF6081554929BB4A989A51986EC083FBFF29FCAA7DEBF299436373144F22614E34FE4A03832DB6780EC736F3C5212FEAE086DBA1BD34A0106DA42B498B32EEE3D49D09B407BA694B17E4C3BAD1D17ADBD902A6C0235B57618E8A19FE786F6C9641BFA2D82AD55587B29BE413B184C0B3BF1A6F761E58CE486659F8809861E0DA4BD826943D9E8FDDD871BCCC8F733AD8ACE246C5E22FB1C766EBA99441935BC11CEE6CB24F2746B0924AC28F7792EE48080F6A4987EB7875A222126F9CAD419E4BA3052929E11F1680C4E5153D2B4EAA132FB2515526A2BF006C670E0C62BE073CB27C10029623C290A201256C90C2130DFFC7B2B12B22668008C9578C3369F0AEF972183659C6BB19725BFD15A97A85C5882B604950865669DDFB4B35636118FA20162D87BAD8CE75839DF7B07FE7F5D85983FFC8AE26CBDA5752214130ACF70BACA9D595213785C1CD85449F02021FA734D7F6B7A1D473B734525F9780E273317A6302951A66DC68849BF5D05D5475ED1B0A4E5C152FA
T=$3

[9]
S=$E178
W=-$FBD4629A2B9F7D6A89866FCF87BDF61ACCB34AF2AA2A976B91376A869982FA04FB3B54798AEA085ECABFC5FCB1C8D4FABA470510AE4F80C0655F045680066CDEC364B89BF2CD254F7B368F23051350638B3D889FDE4B0E76F10DD5343220FA2B0B082314943C7FC8FFB33DC566C50CBB88297DF9FD72F1FEB4B021820AE4FFA11E5B696F1DCA2A094B9CE1F5D9295BE7DAC6A77811C0C55F082BDA6AF9E6C6ED2394BCC436401EC4D378B84D1DFBFF411700E3663A59D8964FFD4774
J=-$32316C08728C2820A3F04CB20EFADB7339FDE3ABC30EF86EC62A22D0786EEFC3945B388D5AA26476CA5FDB1E9EB149A77F929D4A652E93B2B46CD89BEDD133E18901E20E6AC92BD34F9DC398D1DB8D8B2E2FDCCA4B3491C21EA9924DDC77E63EFB2135CCD86D95D859CE27EF6197F066676569B35077CFCE0323384243C5F0BABD939A951680D4629092CEB93DE0594D07A8AB5B6C2D82E829001A41EA369DA512F94B1DD1DF0EFA1F55E21B57FE71A448BBB20A00E8A57944E372320CE551A662733F8C2E5895CC01A79B9A378D1E5425485114C98B2E05797556EBDA7245BE8A5057A327ED78AC73885FF80ECC4DF2D4593DD75051600D0AE1C637376E9A6B2622E4CFE2A8DE14335FCB17539534BE41659532EC8F9DCC8885C6E4075D057DE9EDEBDBCD62AE51E328FE911A8FB7969AB5C4C036E5759A9EAE6E5D7CA62750B5075FEDFD4C1D870202E48CAEAC7E233CB4601DC0AE29A6CD4D02A52F26255BD1A750E24FF8F7B8BAEA50336024056BEE4D60038FF78108
T=$1

[10]
S=$379E17CD4
W=$18A909AEA63857E5BD008767CEA9BF4C4D7E1B6C77A02EED37F3B973256D5122F47DF6974B470D7A977DC462FD7B33C05B378FE7B4CE6ACDC22ABDE15CF9797F124E4E1314D2D6C0AFA9E34773AE908DF0E1FE3600A846F34380B127A317A0C70132C0C467E18C1DAC4F44F1CC6140C135262A85A4A3EBE75E34D523BA42A2CF8E63B0472EDA4EED4273046D20329AD9E79258EF53298DFF43625A75F691498269F2AE1DB95A2077488FF1630F705844CD7CC8871C312FD5567423E
J=$271389A50F6A9D6B49410D3C5DC0DE90FF9728069ADB763671ED39D0D394BD602549CB874C0A13F8773C8D91A293731AE86B680933949CD13C57EF713A64F215D360D36ED827864F8CD9E787A1FED9357154DB6750041ACB652FE837268DEDB048BE67F82C00A7B1704202A214CED0D98875DA346EC3F73FC2E0D3C7D98D2943E44EB2324EF9BCEED32104A29940B06876123CF8D1937224A897E3286B3ECBE67F5198D006713975041584B5479043FC4BC1ADF63A949DBC9DF7C766F0EBE4E5E97E5D7AA561FC45FD9958FDDD5B0FCC5C91AAD257BF998FA9FBF9514777242FDF534A1EF5EFFA1E977DC327EDCA80114DD6BBBE2A9ED27B0DAA9141C913C4D20ACB1F16509F43465722C587F3BBFA41D6BDFD5B57B723FA300769092ABD4DD1681736FF7A67D1390D2BB97F9114028031850BBBAAF12CBF36A5D7F3C1A81A9B2E1ADFE4FE1F305E15A52F6A1362D63203A5609312EB4439334547A2C8666D23ADE5AE77702A4C639F548BA47CA248C7299D846DCC83
T=0

[11]
S=$448D364F08
W=$A67538B13D5311B77CEF333A421BE3B5567C1B9AE857F3C68FEFA63D05F180E6BD8144261873C6B0D5BEC7AB6C42277EAEEDFA02B8DBCD192582225782D9194E451EA2FBB55D4AA27B5FFA9D82BEDEA66FCFED7823614D868AB5315EF89946325C85BCC4AED425D8473261FCB868D206FCCD945AD836C9461EA9F5D2AAF9A3227459B9BB8CDF2189E388CFFD0D5F2C82D05F705655BCB41061F1F8EC88C520432CFB64E8E1A206A3FDC0AA74286C9FE49CAE126366C4481B2E
J=-$1094BAAC93D7472907356AC6E1637468B83EE60A184AD20AE948D86DC17C4C7E0DBE993B9C28A789E552829D5407573ACC0F6CB2CF5C47D7936E50612D91DA795FA2943384C18F29D7EFC002761846AB6C22887B5AD3C1251B87A2CA97F19FD38C444FB3F96B71E9E1D4A91567A1AF51F798A830609D1117F8CAC7E38383A0400172A9127D2D7DBB65F1715DE67C46C4C451057421753DDC9AC45D8E9DE8A202A6BBDAF641D8AB91CAF6C1988B38AFC6859A0CB1267E0D9CE2DFA3652D0F144DEB51C0686B666FD6F829CC232A49C6A1AD546EB3F75D9520F9BDEA9BC51761E24630F446000268F73CCEA5F20F14514A7A21D59AFF5FF449FBE2F0DA6702053D6260B7C720D266D500EFC9480BDCF8574FE4D6264A1E9A55A869170C8560079701741F62B60578A5774C6467C84510E54AB6B52E101761361F404B430EA5DA6A15225D4B282E06E1C74346AA987126D1492562791002F2A5B0E5B071ACBB3D2CFCD5E79CF4EE43B2ADF4714272AF4B0F0DC9
T=$1

[12]
S=$148478428
W=$1476E9FED826E016D3EDACAD79F114764981BBD84938A7229575804B8C3A6C093F31F99959CE7B88234EF30AE58C1E945C9E2CCCA908AA0BED28E9BE0658AF53BDC9D36296F1BF5C7EF409BD80EC4372067B40C5302BE4771DE31EFD98DDC4CD84D400B969F7F2956713D6A01C51D4A401C40CD88D35B49A5D79C48FB967C6E4AFA940B810360D51589D36561A36B4AD0B1D7AE01373D121DF5002F8138DC14E77671410C82ABDDB314319D23E2A5B544A4990528C6E86
J=$3C685F6D8AF409EB6EE7B3C7891D52081E76F12001BE13E698B55029EA52E7D29120CF7DA1EA9F6110D1C6780060B0F47A66057CE610B289BE8C11669CCDB3F7469D9F5A3E748784C29AD8108993625C3F3A1482FD01531DCEA61B2A3A9F8C19E77752A72DFC5E9401ED88CD31C3ABB9FCA7120C1388540632F069857C062D412B82F1C746350228242DA27E5A23FAF35D7EA8110937DF1F5513F404DCA9285809656C23E81A38AAD0ACB0C1C6DC15EBF74413F041AB740AD0871BF4CBE03F21911F703B813AAB1FB67276B92BDB54DC1DDFA895D7185EFC8F2E57B1EE3705071F1BD34D5AF7A1642CBF800E13B1ABD700E1CA82684B35E05C0569688BBA0FBF07CDD2D600A3999304F3E65A2867121E4F3323B5C8045F090E4010374FFC8F86F086E15C59657A9180FD6B673B9FAFA33CA8BA79E84CDE6DFA5D489DCD39B61EA0FD018A9AE76FA2F47276146221FDEE5E57B6683A17A3144425B95E0F7BE7F58E15AE108C83DE09E8D4755DE2
T=0

[13]
S=$475ACED
W=$EA9F74A7A435094E2B3E2D7A9B0E5F98B21544C1BB40DC85C4EC768D30DA567558DBDE6A71CF115D432E4706C365D640FF126A586ECC4B91CB9839431A1497906662111650E80DA89DF89388D5F30BE6698DA38AAFE1A1E4C439953233197B2B88D45C2316B383C77492A63FAE8379C0DED58DA604E2AB860AEFB17BCC7651AA338DDF95BBF701F761253AD340C8E2FC41CBEC58A587E5FC755C9DD18C94DB7D3622A3D750B856DCBF1B8EB21A8B8D4C1D87591E7
J=$D7774F16333CBBA9C3F68A34FCCFDED113E4D8E50814292B7FF014CC4821E58F0E005402B275AB8AEE22D37B5F8853A012E488B605CF9157D08BBCFDFB76A53DC8F33CCD8392820C2CB18A4C2D504A135286957A42715B597BE7B97103CDBA92BCD96D395449E46709E91336DD154E518061E22AE4532DEDF39DED1B9DB26FF765DB6F34DE6F52B5167A48ED930E7CADD1B5CA325597E1D1C9C3F3B70415D488DF4165DE3FAD95829BEB33656CB38C8A270372C18F828BCE4C5A4338F1C09EB03A63455A349FFE48B9A1A412F7282036E8553EA42CA088D9C296B639096F276F879A48E5B15752320917DC6CAD967BAA2D89C4EBE6ECBB3CA3361161F2239A8FEDB487740225CC6A2F677F65959A4249C31EC3FC0D0664BFC64DEB7C32CFA4BFCE9AEDD6BF737101ED3F4DDA58C40262E9C98ED61E3FC7A351AC59737CF706DB89A5DE31A437242E5C44CE2C279A827936E97F25F3A3253458E08F6B03ACA991CB6E74B91B3FA7C05
T=$6

[14]
S=$A382690F3F
W=$A763FE235F5D1867EEB5427E800EE2842C3A10375296FE8DACC83E06EC0CA70B171F3783ED983595289B0006930E589D7D22CC16A98DABA9915542EA72D04A48BC7E1C35C686D01443206FF71F35FFC9DE7E50DE6D13CC93218D4F02A59F0C731FABFBDD0A1268D9E405C228BA218289FB8C300831857DF35225172DBDA35860053D5B39F6F654C3698C9673AEFCBCC6392FEFD27ECC2041DFCA987DA265D6E797B2551F991D45971A4A8C0275550D232FE82B
J=-$36CE9318F3FE2F2EADFA5349DAA3ED28D332D0A302A7B2E80F1F6B194F56EC894406DE4C77614FA2329BFA44952241C25852D5FAD493D7AF4A3B8977886ABDA5562C982DB24C45024B7D4BA0CB73BE9D85957C63BCBEAFFFC995D7BC89C41DA0E9851A8DB867DEF5317C55102D5E4CE67A93ABDAF3CC1104CD168BA61E337C713F1AEBE4A0523E5166C6DF28364810E29FC5F46F36F8132F135E513D71018ECE288AE65015DC20E5893B5627F4498504419D61E917F454F7B7505979EE0A52D7BCC50ED02E07C60E8D68F130659A1C99ABC1DB58EBECDF60FEBD53D9BC20EFBF8AE0DA866E670C63B3FCCDDAB749C20B768EBE33D87F84CE6E5BD9D9333ACBC53B8CFD8B32723CA69DB1B094502FB475CBD41A9A6EF64CFF1A295A19EFB4D12978A21509E2BC163E545DB1CDDCC9BE1E9DD8CFF0D955D94F6FE88D839FF5309C9AA43CE3ABE908E861CEBEA30FC57158671D0F04AEF290B3332F774A38956A98E92CA39C5D5
T=0

[15]
S=$F43F8CCC068
W=$2567BAC2B21904DC4403B44C622D9BC1F1676F1FF72B0983C0661AED08568811C582029BF6F4AF0B9A3F3B7C5D547C602BA81774B9BB32D6922F363CA0C7235CB3FF965B065440D9B7F1966A73BF0AA29A17174408691BB6FAFE9500623B6C727A8B58EFF6426FF5E1E82E41F4F89043D27DB897E239EF7BB872A21113F4F8BC7EC91E987C7D5AC0F918B8F98468370AC00C87DF271CAE964D9CC266DBE43D4271B4410570A5548664E3E3A684666ECB6
J=$C91C893C6061A50573B1B672282730539D6C31C5BEEBDA59DA2DC19401DA0C0ACBE3693A7B3A28DA8A2727F9003DFCD124A152020E65CB1F435F7A5FCD861AAE53C96A1AC129E688329F6038571E15544555B8BC5F0F291E8FF71CD835F6FAF981FD365940E41E6D2EA4865813B5F62EB15C53D477D77179AC9D901D441FBA1495BD8E8B2F8CA10BF7D8C0AE571DED3636002781A27EB7E190B5D935A7392EB58A985423198108CE221E3663F0385FDB575BFDC5BCFB509FB1259CFD3A414DBB277324B405C3B64830FD01C5D9A90A6BC7F58746ADE64FF1D3537599E714CF555A8F0EA6CA64E7C8630D1110D8B0F3F361862918C273134C6017F5F92B88ACE38CD418BBED5C9AB931A30B90590689FFA32F6BF2F0880E95139BAC7B3F4AD3DC73D4C820DDCC72011A4AC8053DE0F87BC5B2314A8CBB10D732451A6D515D678DBBA314FC54A15742119E1AFEB2738870BB40C8C7DDE16966E714D4B638F3A508A
T=$1

[16]
S=$D6E15C493
W=$35498886443D24CBA071344258B7B834A480393B8AE89A5BD8D9BACE2852E63691B792B1CE92C9EC88A0BFC4FCBCB6CAF0D293A2AAC42B8818C46566254FA80F67B4F82289DE1A6CB8A302EE1F4CC5F63E18BDD98615F920F61E592A61CA90A2BF81BBD2D726813A89E499C8DBE2693250F7D48E19A58AA7EF5AB27312CF0C22CE65B51494FB3646E6EF5AFE7525A47AE0ABE672772313BA993F87B5E84503FEFB1F490282B02191C65EC899B9AD
J=$AF89FBBCA19CEC2D0CC8BC209ED463DD440C5E919325FE3BC1528CEA8D294732E3F851EA58CAA98787415A9BA67F893D1CAF072ACD72E4A3139ECF8CE0B79376D9EF3BF46C6DCF2598673000091AC51AD2C09C9CDAF99794C3EB66FF7B8CF244CCE17B0D4C9ABE0057794E01F9E963759E7130C78FB9DF016CA4A3ADE1CCE434FAB3EE6F74587B4191683D4791C227CB40FDADA1A6800250DF96936D81C52B18EA6E35C00174B5A0DD0C81383F91EAB71F590A125F81427B9050F7B7553E7083EDA6356BB8DF3334FAB53111EF7A6D619FEBDB76093DE4CE2F9806661FBFFE8C20D0D583E549B3B2AFCB303EC5E37A79C204C60301F288337F16C347D0916010180943C366AA12C6E667762BCF8FA8CC61BD6433F0847C7734DF0B33DA9AD5620823D6EBF50A9BDC92E468F05D189BC90EFEB8FBF1C113E6B229FFB411BF1C1AD54E655B902B5DF15EFBC94DE457660456BB7A225E220F65F5EFA6
T=$8

[17]
S=$D52
Q=$8

[18]
S=$CAA2B7FB4B
W=$377914D95D5B4CFE4688DCD14CC036AC0BBD923A6F052CC3EB7470C7AAAD9ACD4FF77E9CD9BA101ADC65B3C0CC6454D036B6EC1D052DCE8B19210117D677349D85E5046238591BCA6C96450FD418E9B92252FEAE6E56E36EDB3BB2A2E399044E2C50B056A7E442F67C6602AAE0CB1E7ED1D213EF9C6FF32EF85975A34E00DF29DCEC38D85B9CF6DC51E215D997771AC7ABC54B8509A222EC56B07B35AE969D4A9A5D1F1B82A129D4ECC8CF
A=-$98
B=$2D2
T=$4

[19]
S=$9E349D27
W=-$4B3685C33CBF07FF981A34550F4FB73A503B2176CF35764681EF433B353D1FE645D69EDBE24CBF5F2E55997FAC6815F4A7AFF1E1B258290FAFEC7026AC1AF15402967162F21BA702BBB9FA8D1D3E55C125C7C4BDB616E009BE26AC0D345D117FD69D6BCCAC8ABB65903F8F6D483D1EAAB40DC9E34DCE898ADDC571EB69DE95685D15C31D6658272F9049F395FADA4BC600CE3F1FE85417C582B717DB74F681AD82EBE6868339E3589
J=-$27A21AAB4BDA4F92AE6D81859A8B966E91173D20018DC23DED74D68D862CB4E2A7658FB9172ED1F7C3B2399E949D34D741ECAFC08FC51B02186E47B751E4583C9753118C3A52DBC8B3500EB498B35CC26322D7C7DA708D583FCAF7242F94137DBCC24EBFDD8B1436CD02FB0A4A80666DE8500E7CFBD732935077C88CCF67C8DE44C29EC69081C3E702D54A13C263804F8D08A64B57940D72F83C7BDBAF891C15B00B9E597F9FBC707C610DC2AC086C0C06DF9C0DFE60D92EDDE9FB23A42EE9171E7A87B2997BE5A2A27BA4A09F1A6452540BABC012C21F2FD25484BB6A8C2680690CFFADEAE976A4C89C02871FF1F28D51FB1E4DE62273DDBB2A751EB845197EC2807DE3A08E07FB9E78B5032507B919171F6B0C40CA5461E1DF5034AA3B06DFC3B551981B59DF9270FA1A229AAD061355F9264030BD5E0584734CEF98C057EA0327845F6DD70BA9C77504DD334CA0575
T=$1

[20]
S=$580CF524
W=$603B87729B1E5BB62EC7ABF185A99B037F76DE5D17F437BD092C8CD53324A4DF3270BDD0BE1354517430D677A59972F218BBFD629F4802FF8A2460B26F47DAB321F217489070108D2F41949AA8FA47EC12A18210D32773FB3C5F385B1E2BD8DC1A8CB921350C72D6EBBB98E1076DE1B9A105CC4F977937335FB6D405E90C070632EA7E3CC821D6B6D7E77199DA4091D758E232D364D061C5E7EE0DE82D83AD8D9C1FAB807B270
J=-$2EA998DD1C2A5A4EFB3947F0E1299CFA15F8084DE9D5CB9CFDF917515B205EFFC7F9C951D6150F6B3DA887CEE143DDB868A5FD1460B65ECFE1BE620513AED3EB4731C0C77138BA9323F75F1E82800D112640FAD2927720387000709BA67EDAAABBBF051853EF4B9A2E1AECD5615586AF95B2CC7697162EB0BAA07B2F91E4761E3D0089B149C4051125267BCB59680A4E63526DDAB6930FB15B0B16D9E839AAF085F7B8DF76C11B3F0E1E064A3D586A90DEA017D977925657644216D7C1285FCFDC060AFE539E94F7BAE6D156511D7572EBDAF69778FBDAC08FD8225C1B44F1066F9B7E11775C9F53FBC84094E574AEBF12AFE29DC23D3A25C135A92489DF8E5BE4851325C2DC69265A86FE093588AA451FFCA770686C93B70BFB01391B2D64EC2C503138B7BB2B5DED656E10B07E1B2F976B6F0C1FA703A0BDBFBBFA3B1F1CB5606F2D0C902AE644BB74D7FEC
T=0

[21]
S=$104BD4E443
W=$64202E402DCEC80CC244492420796F96FF25A66A982E530E940D2786E324C52D12674B9184682445031D1F1D29382FC3C432805C12F277AEA24728273DCE326DAE7B047FA0940FC0BE2F0FFA401A28D45E80EA07DCB97CBE62F92C71C19EA9C4DACAC6E7F81FB9FDEB9282AB91797488FA7028A780D7B63BF7012222919884BBF7069A85AB00E4DB9189646C735A63ADA70BAA57CE0A147E890976D594A7E5681C4D2E77B
J=$A8C6403A4DEFCC3F50DAFBCEBB23FE2F818CA52CA0862BE158AF6F99AD0BDE4CA56CB15D7B8E65A7E5E455C33BFE5A50DC747749C71939B3E229636B02AC8A631A696A05D36428445A3317AC8F1C7329C8F3C7A97C5C87A29029C933DF7DC731037D0C2914D4AAAC7174E0F40279C10E3C2AD9AD96A25FE15F19D83CD25775592C278B3C831B1619860D34D66852C2390EA40DA7D76CD15637C6C088B8B599A485B29E833517D956907436271F11AE223E16672824FC2782F4F98C29990B569FD5B39815DE4C8813F15FE6110D00FAB220AE2AC265D680609D09BB61B27931DAD89768F5E337DF537D030BB4F6CA1AB2DA3BAC53A34FD2696CE8F2D3C61C09630851CB3C479E0EB7A5045281C536606CEC1E2D36D53FF17DA9071FD5C0B094B56EC76606A4BBCF9E7CDD694489B8B3B2B6824B3178A73AAE57D830B11114A99FBC105F791A0A983B4
T=$2

[22]
S=$20632B98573806
W=-$D062D0B5021C5C11D49BC1BACE57769ABEB0C2220EB5A9008DA55CDAD5EEE18A5D941A8C89A88976B539B0A33D44DFA69322A3B18C8A843014AECB03AF713E305B48204BCE70206031E8F73C49798C33D0185A9E2A7E519A91151056BF7317176EF43B107434A41091596073A8D406495048E03E5A58057AA8F0842A68C68A6943276B6E4731282A0461FD66592213412FDD36EBA200FDA751B85C30477FB4056DF2
J=-$C501B5547A8C9DF612F0EA4D438E107BF9370EC9D57EBB5DA4AB7A01B71284807AB5B8B4656A92F3BC18771F1906D56C749F0DF596E4A75CDC266A2ABFA488259D2556EA0D04D065104604E785743D82209C75A11563E8A0C676BD2832249F953E4A523D2549F0E0DA5ED66B50393CED3FA870D453B63E00872CA527EE970B9DC5544D0206DA9781CDAF0CA0C60877216F01AB0E4A65846F1337EE683AB7D5F152411F4057BD0585059CA66432921BAFA090D5BBB0EBE4139D4C734BC8FEBBD1ED144AAEBB65550862FBED3A125BA9D318AF5ECA708816AE11C7E6DFF6F73982FF89597469998FFE440868A16371FFECEC9E837B9FE976306A63654F1242519D030C7D28F265A781B653311A3AB9F4FD4F74E87A3132E7DEB6BBBDF090CDCC9733BED7F890D4E1E2F8C344525A6A5B3BC06E4CBF858E16DBC7C57B9465FC90312E73344D
T=$2

[23]
S=$7F7B23864
W=$48CC1DD5DA99C0BC276B83CAA6FBEAE7E81B0F48FD0A23EBD941E3A21FDF582CB7230D7F88F5824B1FB03F93F9D96F741C2A5EAB65420EE83EFE76BD093CBD298F6CFE3B085B827D8A95E8D7868E3ED607FEFFCCF4D80F11964C86DC7BA741D994A83654770B2DF20FD44FAB6CCCB4F0EB647A620229F198D524A6CD2DF5A68BFAF10ADCDB3FF7A9DFA7B5BBC378203A0936BD6F3311CCE5FFC1F71BB2AA26
A=-$1E
B=$38
T=$5

[24]
S=$15AC33DA
W=-$8428869C60FB5BC00E98D1CF521B5493C50D620D50E8EAF5094CD9FB35EA97190B8F3453809A3780E5C2D0E72FAF3CC8A30D7DA875A332331FA95B7F5ED92AFF2BBD5D960779841CB6C416D88C91AE38C4D590B179566F0D32846DDC8C4D4048730D7F463D10AA8C9DE3C6135DD93DA53207AC01C6AE35CBD3C3667B979475C923D9D1930EBFD85992C00EEDDB527EBC17FFC52B848C9A7113B41542E
J=-$CBDAA30BBA6DC69457EDA27A3DA39E494D3C21B6E9D9ADCB5E5E7E42491914443416EE81001DEBD20C6E434C00A0C5B1C389F70983FA150FF61563681F0CEF5D2B8D6F0A68C2D135C8890BE583CF38D0A3C5ACC588D9BB5A894081E8327886E22D1621972DD3B1ACD953DDE365F1DAAD888CFAE092C52EFE46BEE67BF5F529E6CAD3B4E382395CE07CE3DC5DD91CB515A57EDBC818ABD40970AF84868414B75E0DD614CEEF00D553A6C39B86B7762D87F5D356FB4C61F454DFFF04C6353FEAA73C19F560B622811CE2FA9DC447F2AEA6357A5C14A87C02901C3C765FD51A36E68D5C91814FACD866BD0FDA8ED81E0167EC689A291C41000D838A2F0D17FDE7B9B68CCFCA1E6A0EAA2CB9857605E1D17E0BC42D8DFBAA0045180D042FB19EAD3A725F17918C85EFD1346E6547B8C0ABD5C02B7579A04385635F
T=0

[25]
S=$13369FAF90
W=$7619E2ED6376AFE9E6AE37CAEEB5975CBFAA85C7E8B83921ED2728004E039B5AC686BB9CE292FE57654E9DD0B9DB037B44702F33E6CCD2BFC5858610DB2929490177990287508A0096C34D4EBA2A5B3AD319E87E80A14B60E7F839CC7E045235A93CFDD975560B76F2532D46F44D7899B3B860A98F0ED3A9DD0CB7F5A968EB48E381E1E98813DBB9E6D89CA7AC470F5AE1073CC5CB403DDA2E3EEA
J=$6F40499A1323E51219C4899DD3F6AECA6EA1A9FF04F58DE7A0FED46C41F5F2D65A7DD266D4A0CDF7AA07134F19B0E6583F3F57B455DA84B965225E60D3342721411A79B6C63FF67E0E7A5AF7DC6EA8F7C0AF216D5EFAFC66EDD5176CEEB8CD9E9A9EEAAE5A4AF7A208222D1BAA950679AB25653084A1C5671AB652268134DDCEA2AAC9879861FF724AFBFBE1AB8BA9F7BF2992828EBFE19207036F89AF0AEA7272CB958A606AB70AE902F5E3C953356AE00660710F358CA8D3ED775C8F5A765B5C1C97CC48055333AEC0D2A3B62CF74540A1B6B1849C6C120AAA69D112AE0CD2E126430E4E50638B81BE4E8DC3FF2FA366CD3D2DA1F2B59E081EC71FF102F709E36C0259ABF99EBA30DE511831E2046F6D8BCECE0DDC17CA1DC38563EE39E74C4AA46A78BDDA4300AC112293A73C224187C48FD7CDF
T=$3

[26]
S=$2D120B20
W=-$123A0EF64ED4451CE95043882E926CFE46D950662AAE6551546917C3AF5418AE08CE72A45EABCE8C1E3933A9D16FE430D421BE167A1585C54A08E9F9B8299394A3A14DA969A65FF9914EB2F39CD07FD6E37A111B7E4B4FA6EA00C2A97156501C4E83E3BE8E5F718014286AC28DC0860BA7ED81B85343FC0305419A7321793003993370FEE3F49EFBFE9CBE8299D83D794C4092D93773ECE616
J=$3DEDF33AD5746B35A9BE5A5849A992D4CDFB0D5CB6CEB46C0BFAB175B692933ABC3AEED2DDCFAF9E22C6A1F003464F46B95F876848B6AC6EB9EC80CA0C0D8793CF7CA6080501475481138C556B52ED64C671BFDA8A343ADFDD98B4BCA39AD5CC263ADD2B16AFBF1DB4710506DA646762E3BE3865AB8896D11A66E54433C85556506C500E55D39647A7526EE8F0244C8F72CEFF2471E490536597FE170227143E13A7854C8DD8263DF66545D1EE718A44D79FDFFE28C2769A11FC89673D75D310E5ADC86F483C80A63DF862E5F8D0C62C690F59D0847A8F2FB38F939AC34E3A8BEA858A6CF86AD15B76566336E955B10FCCD3FFAE0AF13A376A749BF7ABE2B9F08C188E77AC26CA08C0056160330B6B3F36EAF5F88739B18763C859B16EE6216B8233FECF4705D99609C40E9AF2389DAB01
T=0

[27]
S=$1035414
W=-$44332624ED6DEC63B89E04AE1DC72FC97187B087EC1B106330BC45D348DBDED9E2216EAADC624313E7925E535433273CD2B8A39E914F375F1AC8AFC0DF1F98F0EEEC951E9B105D6BACFD306F5D71034DF5C2F77449E36E3A4A556B9253377C38B2918D34680AE91623F34E8D914259DB0ECDEB5F3374644FF5D4814180E8B772483BA26AD5CC085351DAA4922AF2E8439DB7402DE81EEC
A=0
B=$10
T=$4

[28]
S=$7B710F562
W=$1190EF8174F763B169C50D5A1E601829FA17EB6C251A937B680055DFFD66364DC2163D8AD32E465253D2DA1D5EB9023236F87D0813E274A9510FAC173D72A47F5A36E1AEE809B54C3530872A3C3A4BD0635A48BA19315CC10D2CA0B24BCBBA5B6D1A9748946D30FA5A0FB6D9F3CE3F455A72C339F09ACBF772541B2150FEA1B850F3619982D0380CDC67FBCF940DF793B04DE6F1266
J=-$44775B96319DA7D3332F0C25BF2CB630E7EF0835FF72FFFD986B6311F54FE6798218EABC25982D3B298F71943F8BFA6F1BF617D56D48D634A0C77CB88AB750825475A9DA64715CAD00BB9D0C19102754590640874E56C37D88A72CDAFC2E7D4993D934D2AC0F4EF64F7779AC6AFE007DD17C2E1AA3D2A074BACD18EA51D8E6156882E8F3A64DBEE36995B4352C841D7C39D33103763D31901B9F3F35A06A6B3E7064099F72F178C237CFAB5BDF4F9369641F8999ED81A42F0ACF4269FEB7E5037495CA46BACCEA46F6CEC9C1DC30D7AD16C9216CF40FEA07CA097E361C01D24F0F2D2E7B0CD5C3975F71E850F772153272D4788847FA000A5BEB10E4C2C72992E9F3F8EDEA92867A21BAC00DE976496E3351219290BB68A701DAC577C41E408ED44480F4C4868269DA27
T=$4

[29]
S=$21EDB5EF
W=-$1AB6CE292D1875DA1A49F5D73FFDE94AE26997CE4093F23467FB36B5CD997DA681E9C32929CE156C1E0602A54C6D0602C485EA40759CFFB759B1BCA15AB3AD70315A4716CDE2429BB4F8842F65CEAB0086D1666824AEB4E381747420F86691BD7496AB453A4534D05E97FC467FFB3256B2F85D6913675D8FC36E3CACABD8A47A26DB5445EEA42AB903EC886BB5F1A8A0C76B209
A=-$98
B=$2D2
T=0

[30]
S=$4BB9F710B0
W=$217665D80547856F4439E4BDE2942C1533A70199FADA45EBEF4E717B70AC8A9DA3761C1B5693BD9B5A23918CBE8DCE698F4F65DFDB799AB37F0FD83C55E7AA80795BCC185F1AEE05A6F9A34855E9FE118838D725A3731D89D42CCBA4F3A2F97F5782B75520F127446FDC5041773B8B8071E7BCF671DDD0D98232BF34B70489345F1137A24E4E944AD82605BF9B2256145A
J=$19ADFA5A420CED36A27413A759D3854A1063AAC8517B9E888840E6FA832F336C8856F31CF1821B261A46BB22580221C970613135F4A4BC0928B7C7E089715F9AE2FDC263622E70BA17A87B9EB87E1445DCEDE184D48E319566F0850FDAE77BF92BD5B3A8F6C7A0132D443FBE84941632F5E919D746CB55C2857B60991F951102B1F424E2F3ADE109036BD6CF8789540895F0727ED5DDC993FFC985C8F3F697BDC3CFCA01A5359BCEEB15C966BFD65F4FF09E495DD2195E8224FCD9F7D8FECBFAC027C6849349136768D32F0DB7FD5E8C4647B83B2290BDCF6831EF7A0567B35864050C4BBE69820C5FBAFB3FE74859A93BC692E640A374D60541F5AB4CBF73431876B5E0D57EAEF8AC01DA4C321207ADF906184B4E95DFC8E03845F9BC240A505649
T=$2

[31]
S=$1DFC39A6
W=-$3228D2597EEC8825B3D80F787A61197AE46DCA9E3D91855B8B91C927C9BD29C8A415005279692DDF104A81E07223F44C4CDE09729C065124B5EECAF77A8479DFC31CD9A766BDCA3B4FF17D5D7226CDB1C89429620A3E9B51AD484CB8238E8DD2FEDBBB42E729797D8F2FED4AFABAA8146E9DD9B24B9A04B70924493B7F8304B98312055EF11FEFF47D5F70152D38D0
J=-$7E3A379A9E8E3FCF8F92CDCFB636947C80B272E04F066B0432962B65E651BFAC26A89F55C83FCF5ABB9F9DC891386340A467FD56A2240A87E135A8883EBD89FD26E92F3229B0AF3CBBCB113965C2AD56A6CE3A11049CA2D80D42D8536995FEE617724E4F99799333C1E4A56DCF74487B2DD4829AE661778178F3A4B7287390F3A682261FB54F977FADC380B1BB59C38EDB6B4FCF0F1A8DC7B2BD81A944E470357A3E4B9BB2339AED7E9C702B928E35D5833EBB783444AAD1619B3E629388B9B61DB0B9CB583BAD290358F4157107C69FEF1DD1095C9DBEE166A0F7EE96872F13177A65302AB36DF5B5FF3A3DE9F9913D24BBEE69D07613076F9FC25947A9C3D1697135CF4C48D3DF29E6D3FAF125D1B8DFF984A08E77445DE545BA279B9
T=$1

[32]
S=$FFB4B74
W=-$491DAE1A4E3399454477BEF9C263AC7AA0FEFEE3F96E0CF3F97AB84A72CCFEB981D3251EDCB2382345AA0A37C4861AE9B489C876C1F5B7D790F66BF420179DEE1BBBFA5CDA40AF8DB60753E53CC84F3543599D68F6B584FA0FDBEB43C2694C06CF3EAA209D45B952369032B5579FD6D8D442FF345F2CEE5384C0DC88614E9991B212D9BEE231A975753B00D1B2
J=$1BE3FDAF3BAD330D29644E4C41431F2F195B2EFE0FC592604189EA1DCC40151AC559B2F651BA8821C3DCD35763B2F3045D751A31635BDC0324BAAAB29637754ACA9CFBF72C84EEA197C266BF671354FE370461EDA9CD5B879F5EF8CE6C97A2EA8AB9C8CAA82EAB3FE24AEB6EA4F5259EE767CCA1CB7F67AD0FFAA7442CB5A956F95B977384A858BDE911765D7B24FCF776FCDF4879CE8162737A2696C8A18597258F3D963F66C4410326E366D2B34F4AC1F5704FAA29BE8B6ECEE52673FC498E7CDA273103E1E593C9A678026685E1246CA9851416C752D28F9349994F68EE433C170B604601003FE7D28B6A9B0A7EF81981FD837AA5ED537F55F0FD7D169109E78746B101B4608433938C876BAB676E0121A065F472BF9D4309
T=$2

[33]
S=$5020F4
W=-$B330DDEB25F8256D4D8E2E9E109828E792D36D83906DAC9C26577B6AD8C26A6857CC3453180CA6363787705AA830D7352488897F383FCE93CCCCEF8ED03B4F3182E084E2CA50E9EAF67DDA5BA8B4A549B4684A12478BAAED8518C740421FE054B13E8A4D96535BA3FE31B844AC35543117821B98F8DABAC803A5455E639D4E58A415ED6A99837474E736D0
J=$D91C764E02776DEC77D9B726A1837586AB42031072F83D4FEE737ADF2BAA9A256C44934FD7B0BD52B78D32AE229FEF506D8A3BF4B31C8718FEB0557FAF7B60DD423889BC96E75FC797E4967866CF290D734B40B40A225B0B8CB45B997B788B4751D2601E3083BF88EFFF9E0B07E7C826D4566449B70AA6CC59475DD6596A9C9FF81B885944759E2066E828A8CE43836EA3A85DA055A88EE871B55E27AB23AA4297A8C260044C46DCF831725555DA0BF169FE395975AC3FEFE4861597329CE92298ABD670B17A5B36DE95ED225DE4C7ACF99DFD0DCF79DC846EFCE3DD2CF52384B27B92EC7433D9B283136EA0F72C787ADE44FB1E195EC9860560E44A3694594C76BD401EE38C05573B5E3C05F637C641B1CB1E606DFD
T=$4

[34]
S=$277E0C67
W=$64074AB4A1F0521CF0E44F30B80BA0E8908B7ED8B0464D5A4FE28CB9621081FC52FE096C4D858CB5686FD05D9CB140C4B2BDE0183F049E530C1A1FC68B13BBF4485642DEDAD9C9B482D8D46348933EC239628D47A689DD34F0A99750B70C8AC18C43BF5A61E62D6B222CD036B5CE82E33C938835B329807CF05140501A175F1178DDE83509AB71F10221
J=-$35265BD597183CFC4DACC93372A2CF659866CFB6117013E25E60BD5F477D7356E1CC3707599CB52E199BC2062F96B35E7D03D78B3AAA2ADC3894D1416DBEDE3237EDCFE291B45FB6ED3D80633201A714A79127E5C32EB06CA3DF01BA8B72A218935648F0D6CDA61712FB567F6291B1BCAA6FCC118B469722FF05A174AB7659AE9921AF8D946E7913080BFA39F65547CDFFBA4DFE94048A27DDE204721FD40DD7541D37465ED9EF7B177365ED5DAFA8945C1D4CD8EA11A6C583F48B146C1881FD8494B258F9EFA8F0250FBD84E6A1ED5D2709F3C4D084B40C8C913CC2AC20F9BFEF6D8791FEA9D8411B9143750599E8B5063D68888A966827DF606B1EA75F664D4E6667B404E0783309750C92893A2DF7140210E
T=0

[35]
S=$1F
W=-$184B6F2A604A4CDE188B1C66784D580A9C1E956A880FCB20ECA5442ABB5A70BADB6D4995051AB3EFF88191BDF298AD1213E23C4177988A1D523CD8A74BEAF104711370EC482F985E6ED8B3831EBF98A48B5B9F28B3B5EAAD607C91C1AF3B674E951706606C53F2EA045DE496069B3DAC361B06C31FEE938C87A4937908D32870DA552941833DFDBB3
J=$472CB6B67CBAE336D44FC6C91FB3370048A1B1C6136E1CEB72E437B1F31AB7A026E20D1821C75DF10493C3F10D533CAECA500E0D8FA6D0826E8D7B57E6DC7116FE71BAAB8AD7A0E0767BF9F1FD45002E16F570138FA121492C1ED3431BC59DD3C354D7AC605B3602FAB1A4A01E687A13F2A0824827EB2192B762FC4570A39491A681728F6A90A30265493440FE327390F89BBF213AB61D3747B7CFD6D77BD1DD87BF148CF5C0E5733A59A1D80757742EEC52C4881BD49773000C36C9B9C3065600E59E5D42525B8E128B1C1242162F46A6019A0FE0D452A544E04C08C3DA706E95E8D05A7F2EE249C564F47588D4777563F1217984B07F027F317428264974A5E21073B39320C1C1C83145192FF7AFCB
T=$2

[36]
S=$154E2128
B=$2

[37]
S=$23DC9FC
W=-$A103876731E5655678C86CE23BFFC62653E9C8C60294CC136F6C9122E2FFA5424E856A1FEA370AF6DFE77B8B872CA00D9ED6C5D762837B97820D325EE5083855D85C89D506E9727CC0696018CC603E42A2C1AEC58EB34AEB85F18955407E2566C822DF796591A45BB9530C30AD7B46EBAB5F9D84C06033D62F16FF026F693906103D67BA95D2
J=$254505EE670DA13F3A7A3ECAD46EBC5FE105CE49BD982D5EB31F4BC8250B9D8174157B95128B8A675F86B84D0FC72C6885530DA97666A4DE27BF84563D059E8A071BD9BD43DFB196FF4AA6D5D34F6E96ABB938732C34599C0084804232026A241795272920E5FF3210003F3C692F8BF5735B8AC472CA1F903F758039EDBA8C0067D5B5EAC08BA22CDAD31E22119662F5C8874ED683FA16C2F9FAA96F084770DC778B92AA7DBA9B089E04C5F65C215077E05E866B481051119357FB97ABA79E7A4C2FB2F6A19455330ABCEAFBA59CBD0EA05F51FB592B38EB4E41FBBF7E2D2D7FD3975CA115A56820D293DF345F95580C2F67D3FBE6269B2F82ABEB86EBC0EAB7749ED8CA64853E5E79D73EE9
T=$1

[38]
S=$5B142751
W=$49B13ADB2A3E0F91B2EF06F679C38C4858908470F08AB692CAEC6A1DEFE49E708992538296DA26ECF436BCD3A0D458D7D37F0BF4855AD0FEB0173F25C87E318867459A0244B7A4650FAEB16BB37429B21F2345CC4058454832D833A39BEAB93FEA72200159C96F509BEE22675A157290D783A434CB04369B5E97283E003656123BEEF0F3F
J=$7BFB62DE06905589478AA990DCFCF6FB151FC156F65C28C253185AE594EC93DC6C5CC55B3D18D191445ABB9A47F36D4D926BA3A932AF320E511F6A8C211ED635DDC29DEA19C9579385ADC327B708B743926C74256CD00FE3467FF6B2997095B19717DE4D5AA773775AFD0B5338F4327E5F891DE5630E7D9B297B4DDDDE6FBEA06060C1F46F88A9B6E0440992E9852BF13EBEAEF9C5184399B15276D2A29CDE16453BE535266032D267E3B7F9F3111937A954DBF23C6AE0E004AA47B06C6F563FA3505FC1F2011FBA64D9042B87EF4CEC56C7570D3A4C1F4F7052CEBB9CDC0C2F18BCACA0F548EA929BE928EE43B2880F7190226A484A2912CD986CCFFD58A08C9CE805F0EE34A0D2D
T=0

[39]
S=$6D4C7
W=-$5A2344DD9FF54D0EEF38C96EA80067F40AE827F24956EEF5394472A1B57E91BBA18D8C7EC79A287E2854AC1E5A91BB9CCAE7927BE6E8BDB2685C31126542A07BF6DACA6201582488478814D6B667BACCE8AA9FE2C3F2F04F54B9C70C658837B80AB6489E5318F25E3E0D33565EB911A9A48D6332EDDD3B9E5B2BA77FDC8C7F0B633D
J=$2DFAD4B56CF4B08A11FE3475E11C476A9675608A5C58ADEB4DEC1612B9828357010C457C67D318F99F2D51848C2605DCA3C3DB3FB736CF54B438DEF3A56D8E0605FD9378B82DE2EABC26BFEB478B6CF24A29368DE1209D0106CE128A874503BE2F45E9E8F4BB8326FA653B81B09CE133565D896FEBA2A1DE4576ED5C85D38AB18A3FE932FCE22B82BA619A680BC6FA78A8892FC82A114D3B7CA3181A6348D9476D3E1FFBE582D805EF8C961AECB4EFB851042C8C94D6F57A6625F1A6FFCE114C28C0F103F37665F8CFC6D2588796B08ED5DB7BCB57A49067D923C8C949A7F2B4F8A73307035761EA3520E523C3E8F75AEB9BBF71D58EE75F05E74ADB9D5AC8DE0852E5B192
T=0

[40]
S=$6176942
W=$48ED62787D346E5D1E3C10BF6F1A7E706E23AB18EFBAD8274CDCEC4DF967F5A8D71916A5C5F5E7B2DD9C1BAB20D6A0668CB50B7A653783284B35F6AC1452B5C23B601260EFAA16E459D1F51819669769F34C0EE1DB6C726F1FFAFC5AB2085BBF35A4A5A5C961F8210A818FFD9C6456366C90D268CDFD6EA935F509F813BA61E4EA2
J=-$5BB5A39FCD1B18925BB8036C814E1D7A8F10B2399FA648E7C4F0965EB5AA8AA890648348F27F88D3CB5DF2EAA8F70D86ECE59E41F82D4F268481DC8280233C0AE762AC9CA3A4552E1B95D1070302C7BA7A95D846F119FF3E3DF61765D13A83ADCC210184AA9ED10CE5FC7AB4FBB439CC558A573DDC7DA380819EA3694BEC72D611C96161C25B8FB4E5BE586E8CDD6AD34B5B31815A092F92B64D306036D620BF7AF81702CED4E647A3F58EBD0206C1B9AE61BE5D215F70B81071EFF6070F9728709316F551276588C6960B049D8B8304D6F3094A269E7AE0730A235364074BECF75FDA886D953CC9FB3AB8B8850920260A8CDDA519AD45DD295617BC7DC3F01EAB2CD
T=$1

[41]
S=$27C2500
W=$30FBBC40917E6F51A749F565032DB9607ED45EEC8BCC0CF71A579A0F1DDC2283FA91FDC2FCF7DE1F24C986D892A0DF1B1BF8F25DCF16210DFCFB79FE3B60C0D731AEE1616D44DE70587EF8438D9EC43ACE146CE5BD82831338BFA2CB9A86539D2C6FA542B9D54EC63100C619D494CBD6EAC8979BDB54F972AD534D4F94901F62
J=-$1051AD0E9E7C8683BE9D07AF9A81D1FC624015780FE151BF0A63A16547352651A742448DBC6DA951B153F2A771BD715B5642F63FF73D8D730D81B4944B236DEC884F7D4834AF9E25FEDA52EFB7F3010C36079DDF535DFA26C3533C6DFCCCD7100864DA728D3823B64B446C1DE508081E4A2C795710C2FE7848A5C47C789AD6981C0B98092EE50B3AC2B4555D30D816C458B557A579D241F33A7B5B9B08BACB23F0F7FC2BE7AAD7DB7C52398B6884EC32CC6AAB23BE7C69BCBA113E5AD1B5749F9E433DBDF4F4F14E0E739B03072962861AAF7F9801FA0F01734732E20BF47076DDD5F35AA1573AEDA0E43222BB71A4961F41604E6BB079B08458C6FE0959DA6
T=$1

[42]
S=$2E07EC
W=-$108FF41BFCF210ABD99393C4C838171FE871AE1989BDC3CA97D3CA1DD00CF2E89040C8940A25D906F8E1FAFD443B96BA0C9D4FABC1635F0FFEC8E32D6D1363FFDECC576CF6E577203D7AF6253F8E8E929A6FF083A8EB9F36AADF831DD6CA01332C1E4670C16DCF05369828165CEC5BFA09EB82F20023EA68790144DC571EA
J=-$4FAACEC67D1580541A51B9387F956AD16DE55EA1F6C31D99BA788DCFC9E55D7D55EE11FF18C989386B5D581B145392F2555B8DF7FAF43B7C0EB36C1ACDCA45063F7C5A69C2554545C163A1BA6E097177F20A0C84253D08C4DD168D8DC9CFC13E200D6E5EF354DFF9BFBD86CE3917A3C749F318B32A1B450F4ED71DF6AAE4DDDAEA3D4DFB831B27A553ACF1B3142DEFBA7291FC4189E82EA6402E40C60DFD409EB5949EC6D7138943BDAB4A3360FB643EBFBCBFBE7FB2E1743529D45A0B8606EBE6E2E9548CF257609A7C528BB894BF03F03CAEDD1E78D7A8C14628F137FED522108F5FA48E9096A8F0D6BCEDE0BBEBD990EC7D0D7F1CB182F0DFE961
T=0

[43]
S=$1F24775
W=$20CE78F717E4BE19B947E1D7F1F740A8F9B5DE7058CE2E12E937118FE6DCFDC71D402CF821F0D3CA08B6FC3A0F4820EA558CA7208EB9FBBB8946CFCAF0CF7B064354A96208AB50AE9C3E2130D9C41B4DD7D1C421B21AF5DD4FA5C21C1207F80F031A5F947D89177BD42E1896E87A626A5FF7526C31EE5FBBBA7887982D
J=$1E152A66701A6CC2844D1974EC571DCB6EAA75A41C380C2B9ADB4B8A33567DC7F32C34ECDDCD3636B46C38D85E702D0C4C5A461AE97F3F777CC115F986889E39A8EA3175E8482C1EFAD445DDB734F1BE9472018FB80F1650C1A6E6BF7E71F161465588A6C523CB92E711DD092292784F4EE6A7E10371649A495B061C73E863DB31E152DEAC9D5B60013E697A8D62FF3A88AA8BC4A4FE37FFD7952FC06DF57CBF14D71B990E81B5E72C48BEC061D25A125115F3673D884402CF90FC57C52CC462EFB10B4ADFC805ACFC37945432141AD30A486D511A961E5A190CC22682D6BDB7B6E9C2DDAFFB92590CCF5FCBF8E03052B66AE575ACB954E8068
T=0

[44]
S=$F049754C
W=$2B30E7BF840E9A561CD3C68DB6FE9822DFCC6E0D96E07F3317A818789F0393217DDAFB1C384B3BBAA65E2CD34E1A8374736656617080438CE70FC78712220E3A7D4D25CAD286007F862939EFE8FA9BDF3F845EBBB32744E8691DDC3D84460363E64720AD74858E56103EEBEEB6C3086F4AD423592FD09434A14DB30
J=-$33C9D0F81C9E65FE0EF96D19944995F8957533E1291ADCAAF5D677298703A41CAFAEE074E7BDFCF79F639CC6233A407B6AAF15C6867E743C597B16A76B8A09AB38D177AD5B333DBAD82D9E333B7D71C22BF2F6161BE5C623B134A074990C4E79A9B0159937ABB7C9FB0FF5604DC6DE7861883829D851ABFDA338030CC08A5449D446ABC9EA62A4985ABE76AE112D6CF4DB5B0437C1DBCE35671E58AF7164B193AA60B96A6B1C49317E681D481EFFA543E42ABF8E6F48AAB74E1BE772B15C7F6C970737E66CECFAAFA6DE49E661D0E9FEFF08E30417D2F49CBDB6A4748FEFCCA8670867743B2B0187CF60F2213D952FB2E47B05BA91B6
T=$4

[45]
S=$10F0DAF7519EA126
W=$2AA43D8396A96F27FD5BF75214FAFF9BE8AFBB524870519BAD7A3548019BCF53A05E2DC4FBEA3802495D817C1116366E261F8D6DD342C56B573807CE34FDD4D225852191E103A5FE8B51506CE184EC208052E9302E238D76CF9C321AF0B1F6A66C04ACADFAABF75C83EF29221FA119A804ABD988A7638BB9154
J=-$73F4018E47293707665A32CAEE3B84BDF62EEF239B23350C3DF64A327FC52B7128AE8E7F46655A6DDC3F4C3430B500EA1F34950291183B5A6DADDB237F017DE7E1D0A495AEC3D8BE6B7E1879A8C27B573EB8542FCF857F8E11D3B0D984D1FE799EBD1FC3028438D001EF7875D1572ED6AE657B999D88205FC9B8D29D72678C96EA2AE79D3C7E6CCE3376AA39523F60C58DE7A4BC2086DB3B971B1F0FBEAA16E4D5BCABFF2D9A96C1A98BAF6D72F9F43ECF3E0A5DB389219460CD5AA2AE7A593818D912957B5098F71305FF16180BD652625F0F1D2415856E45C4FB5B717A40EC0B379B0C17F2CC9E10EF40798988BEC5D706
T=0

[46]
S=$ABF9655F
W=$D1A5AF710B4D009F4201F1F7CAE1D5DDA0A6BCE4D5F1B1520FADB041878D4F770EB66DA5E81CE0343DA9B640C89ABCEEC1E68240C8DFD05AA9F52BB1BE605DBC0305AA5C7C99ECFB59DF7FCD59E745FCD0BF38B5FDDD559490238BCCDFDB2FED886D91A99F0B3ABC3D83689E793700C5CD0387A18F9
J=-$1025BEB47AA57B9F77E3C1501B4986027A2AF1E7A11137EC9DA7722FEFBFB713E2ECC862DEFC2B61917357FAA24FD02BABD9B4FB39F97F0ADC6E459888A679D8726EBAA751B4B99C86A4AAA85E55DE59CAF2F5E447D75A82E556B4A9928F2B6398E87A4E92393358373A14744CC21C6F7FF5207D6174C3FFD48FCC0077A9A6B5C0ABC6D29EAA2C446CB1C653CF590F14CAFC1501367473BA25BF8B05C576CF623DA7AE2E02B753F5302DA7C824719AAC1C625BB369C2B9601A826BB2BC6E058BC8ED259204FABC902072A7B5AB9557D96578242CDEDCE7BEEE95EB9C67A16C242B6B6D47D2AE59B873E921
T=0

[47]
S=$210B6C
W=-$D3116D11AADDEB3BF678EBCAA77F1AAB5ECBD917B11471303265AC435D628564787110596FA984035AEAE4803E7A6CE431AB1FF334F0CFF099429175DA124B7FFAE7C196CFE1157BA224843BE3E45D76EC7285A00B77ACF7F876E26E8A73FD9E293500F15BCB279EE75F5A5E3AC4A7A814DCDC0
J=$15D158CF15B1C0721E3AB29958786E4E5E5AFCB0954068CD03FF13670078A2DDCF39370693F4285A802F2CCA583CD31AD3C1A08F7BCBC0BFA95DDA973168A47BA879E45A51604503946AE37E24DAF67EC086F747C0020F96574311434AE0F167AC47153CBE0A306770BF7F919976B94746B3C50216771F61267BC536B8CC1218E33C70D31A4CE4B6CC53D01FF03EED22CD168139A95E0D13AF60EA91C5F2973BB96AFBA6D38D9869949439DDAAF8AA382CF8A1F4480CECFD4AD890A290F5217FE5A79E8A56008EF28214945958BD5045BE2CE40B7C98A455856212C4E28D988374CC1B08439A2D
T=0

[48]
S=$F2CA5BC
W=-$21550FE3C8470B0FBD8213AA25C052AEA9EE22B8720541FCD344C7D5B6EDDA37068C684E85055B485D3BDB8EDC9176800B34F07396EFE456CFB08CEF32E4E634783A67B4C338E2CDD2F0480C2F330A6EE140B285BE625E6280AF48D5CDDB7BBADBA22D3317228C4704E7867091881158BDE50
J=$9E31C2B31F1AD5BCD5FB1402C6E4F05083E428A854AEDA2E7CE018FBD82455C2C19F6012B68AB0C891806DDEDDABF8B3DBEEC1182088B5ACD40C871B30BD38C8440CD2AE71F6AAAE67716278590FFDFBDF5236A787EE69A61A12A8FCF91754A1ACB51E8BD7414499A241259C745B5AC5F068C644D38D6EB334060599740DB9F9839D77BCCACB377B449630D5F6188BF50BA30AC6BD47D5C1D56A95CF185F03FFADE33E6A60DE637AB2B0921C26ADA5A4EBD5840231829FA573098C17A511D40796B1AC8C092B6301AB8360D4F9C52BEC15BC768C21E156611DDF087250F32C40BBFB4953
T=$2

[49]
S=$C0793B97
W=$B98F746746AA0C47B06DA40EED29A3E50DBD640B63FF9CC9545779862F95946EEC896CB73FC3DFBE1C6872575B3E785C24E10184F9F90039F3C74280D5F1F3EE2E88E4674274260C54EF3C06A93A5EB7753005D4241147E9E75E3E5339F34BE9F45EDE5F11C65FF3393BBB8E4A2279FB3
J=-$59D47E1D8D1D15CE46CCCC0E05912B9E601CDA71BF6C58CA312A053F8779A431DC61250BEA3522D8740DE91177782D157C94A8A48892C07C0AFB21948837EC0A13AD57F41B16E24A99249E905759A962E5B0D4F1E2FD248F7DCFE7B27E8B731FDF52EF74E457D21FEA2993A718994EA8DF1E793BBB8BD71F390F70C89C8431B638DCC333C1E304557DC142B1C3C530F052501606F48D4CB471DE1215B64C155ABB38B2222195FB7331168CB2C8A1D3FF34E7CEAF2C6D449DE9C9355DB0011FF117DEBD978C74B3F27BB19F14CE5BC947DC12BC995DDC747209C040B7E6732EDE0
T=0

[50]
S=$5C93589D
W=-$953809746AA5A068888D1A7019CC7C29D9938993495F09D4D8887DAB77747C5C3C897F5774412624D13C8308702C17C63164F0BD773AB113B81AC9FB8A9BD82989E12A1AB167F95137D8505127E561B0187D52B473A39BBF89D833476945B713F4EFC4863873C325992755C24530F
A=0
B=$17
T=$1

[51]
S=$6D2AC5
W=$D750BD87E7CF21F40ECDD18B28903E155CAC8C0F9FEB377BD6768ADFF5B6C2FF9063DF9C721DD039474FF0AF87DE50FD9A3DADDBDC4C26782445AA0960154E6E2CDC4BF1749CDD3C6A20B57BC36AB3AEEE2E2CCB97B02F5D2CF369E8C0244CC6FC4B97CA2EBB34CAA4EFD193
J=$4CCD45DE123FDADBD1DD472708234F4FB816D3E17FED775F3BC14F1D88CDDDA2D48E22F3D7C9576C920929E4A727EBF4F5F3409F13086F8609D9445EB5471CECF06F585D222CC2C93EFCC58F11E5363BF5965561C24FA0BCB58857145E18EC247E2D98F7D55B48E9B97EAD5ED0E351C4BAC9664EC78F28F32A324A8237C262D0C1FC44E68ED986AA47F9D08973DF71C3D5A472597A0D1CD09FAD105B95A3696EDD777D37A98A2583F3100BE7A5C5DEC9D8425801C501E9CAB0675C14E11998E24773E07B30BA2BDE71BDEA01C0E1DDF68F16597DA1BCDBD17
T=$1

[52]
S=$28A1D0
W=-$1C174C757F5ACA014A6B6B38071B35C41EB7A4A15FC32B772A9786216FDAF0E2AF5D5546E67BD712A398A339D23937A85EFCD5DEA5B5E8F03DBE75A3A54F10720A8D1C8580B01DFE0ECBA6D71BE31971A5A2DAF3FAAF23F6435BA8F2639EA932CD52027C0E8D466C45E5130
J=$5C16EE356A1954C72AC14D125C18F9449C7ECEBD348DD6ED4A51DFDE0719B305329F065D9636299E8CB88A54A69F7A6B47473576F745A5AE88B6754FE2C71A7280BA03B67F192E92EE1FB9AD9A3EE713E07B8F1ABC17FD07FBF81390E5F7A1DDD2AA3C0A60F122DAE791A70B9BBDB2A00D07C11632E78DF6B8C3510F63B292066E9F7947FAA688F7E0EBB904CD5D6A95C062E7ED86139DD696DD6677362E66C7980DD83B5366E29B638093A5CFD2BF858D7027700D526237F9B0E5E64D95FD42EFCEE2842B40ED807B853DA28B151938D51861C735B6
T=$5

[53]
S=$126DB4C65820
W=-$F70C596943E304A3A6F5396366C8569A5D7E42AC4BAE65F5AE2D2758B5D4F7F7FBF203CE1155C952DD0FE244E6C8FC7E14373784D991150DE7ABA457C677850196BBBCE4D5B0A5462AAAB84FF6F10A55594FCC3F20649BBD56CCF40C412FE32AF00FA9FC78BC3947892
J=$108947CB7494265C6CB20E10C3938E86A75011D346A9D30D732398E7CEE3D7E01E0E1E4537FBD47E24A57D40EB9E9CD5C2B2780FABFC7E01FDD3580E268326761CDD9DA8FCA7932F68EE4DA491228322C98D71A9DE0E792A2D20C33CE82FCBF514EAA82F03B0ADC120B76CFB83DB29F13748BCD0BDC9063904C464AC22054CED1C511226736F55FC80FEFDF5207272DF14359A7D8F317190D54AFC01E3F63CA99201F67663F6248FE602E18E1A65359E8F5BFC6B25D5D46B128CAAC239438C11CDA50E6F4188B45E9CCE3FDEEAEE2FCDC20FF68
T=$1

[54]
S=$6134F59D8C
W=-$1F4881308EA23CF9362EBC0A840688FFA887CC5D2BEA412685B4CD40D4C3EFFC32BCB1BDC9E077A71BF090BC11328F69BD866DC2BA541315FC92D1A74244C09F1E395DA224BF6CAC78AE8BA4D3A6FED07235074FA50B29054F29AD1584660D9FD62B314DF3C2A0
J=-$1EC75E5D2DF5FA243C667D5927E9A50FE2AA07E2D815987EC5E5E9AA9E980C64B6C6D5A1861EDE75412ECCBB299C55BD2190F6565935AFE39965CAD819F30E46BF55DD5C7EBA3B0FCAB2F3C4F8E439BCFC8293F1A800404C598F235CFCF66EED273B39BF12F1E2D21AAC7F59B5A51A68F559675A216FC50B906BD227EB4E17F93B0E25A53864B6206FDD99FA4D7F7BE7FB6F7B4CC606E411AF322B4F39787A6B1910E5A2C43D1B8E356F7C1EFDD9272BB1C3B56376AAE41F4A933D2FA38078CE8FA0496F5DD3F0C8C4F39EE5710D
T=$2

[55]
S=$475FBF08A4
W=-$1EBCEB380104B4CB1E78A19B3F8DB31D17DAE68A398D7C74796C7557275B980EDA0103FD38FB206F64F977C7EDBAE460044E1F6F07082775CAB3AA321D9F957430B5963E4D10C6B52134C678B77C9D2D01E34A5CCEE3C6815A88F3C0E0F78AAA4D2E2E917A
J=-$36C93B7B430D7B344FC36A16761909861760A6A20BA15F241472A2F2C863FC4BBA52DB98D75BC65C8433DEB82CF38263F535F06064C3DA2331D01C153EB40AB19066BFE927EC600D770D21E7164E6FB953132CFBAE1617DE11EA57CAFBE003911561DBC886BF28BCF72F381DBB850031B2697E5CE09BB87C52C212D4D700B9AACD752E0FD824D83ED304D894FB7F5A94C2AE15E4E019AE6948EB4808514E250566F00A9EBE3FF038672DF3C81A49D6C6A03E2F8C4AF03F6D5C0F920137763BBA3F03E4993499A1F917
T=$1

[56]
S=$62BEE635A
W=$281CFB4EE7B32F726ADF4DAD3CA2A449FEAF8A1C36064E645F8D0FA164B8FF6FA8357573D22B7B43A9BD6BF2F512ECE5AC8C512BDB16F442F80C97140D4AE8DB6B70AC210438005CFCBD2659B9FAF36F1C273D5A741585EC761AEA69E79E9A75DAAC4
J=$17E8DC12FCCF81475B334F5DE40CCEFF1FA57007CF4CADED4FA559AA1DDC4C1CFD74BFF03FCEE5038D834838E5625B556BD0F798EC155F3FD76B24139F0F9DC7C7FAA7500EC1674DE1BA5E832B44AD39AB6CED787628F07B59292B386AF2D0250BB2A475DB91FC8B07FBB6611DDCFF4E4CBB8A0D0D916D52C94EDBFF6D72B1B69404B8F462044872A0995AE0F3FD9082370DBE7337E8042D10001E07AF6098CE65AA1C571D4B6DE1D7F43BF5C356A0C7E36053CBD5E61940162833E5EB2EACD9C14877E7D
T=$2

[57]
S=$29C11B3
W=-$17EFDDA1803A703C69AC51ED2AA45478D873E86A7177D4808C346E5BD036C68BCA1226CE4E3706A30FBC5CA3B7C7C3AB10D34AF167AD42CE4A10DF6F0C354339CD128BD1D33CAB62C8E188DA27F447219742280771EB55D2227E408A18BFACE19
J=$4BB56D498F73FA37C6B9D7DA2C1205BC87B648351CAEEC98DF215A5D0C8C2CC9BA7246D31B95FD825E71B92302D998A7BAB9C057EFF421822711899B94B72F9C29131AB783DFD02B1075E91469EC60627C85EB340DB5B8E2EB564CC7612956260B3E6EF6C28A47ADAD167E84E61145CC0694B97DD8283323D6DFFD9907AF1F5C8B65C1ADD537CCCEBAF67662BDCA338E7656C9A930DCCC1EE15470CB335631B3167CD358B8B683E289A6911375B0B33C2278F9578B61C5C28480A491C3437A2E
T=$2

[58]
S=$B1C42
W=$E9953FA652D8CC7F5BFAD9F431EDF5748EB0EDFDDC9ACA522149728DAEE1D46BFDA98958A4E2280A6098E7B84C8ECC0AE473449E892DD42A7BBB362611E452521062D76A5F324559259A8B3766087C8DA8F0E1275386BB969C9D20DE7393A
J=-$407D83572707419B4EE07CE97141D3704A68C60CDA4B2F499207589D1D2F138B44DE799327F633DF2E860B4D957EBCBA0438E964FC64C9D8AD8B1C445772BABB44A86DCC9FB1F6900E32B2574EBF98C7F4D066069A299202316BD4E3A9F68469EBD9B6D3CA76073527935C5127B1689B597A2180AC026AD0A9D8116C6B2F74B81F979DBDEE6AA2D2799B3F1E32766E2FD63EDA5A1144A8D5C1E190079177E50412AC89FD806554E077B823E33CB16823B19256FBC0F9C2DB2E1D30ED2
T=0

[59]
S=$344D183052
W=$3B500145691EC88676754C7A4BC5969507986C12443C27342906B7F6A6277D72596B42C779BCD52A1C7EA8FC9478CAFB4A8B6A5C0D74DE35E732E3E075387DAD1515549BC7ACC43646E496E9F95FAA7F13D2D33EC15A094FA3B7E4F4384
J=-$122A108FF39C7910A976D40EA1A0821C4DC981B652FB9AABDF5FEEBB8866DEE0D10FDB384AA7C8844AA429999DDB24951F5D9E1C9EF2869428D184F83A6BD44402644B3752BD52DCF511A1A85CCCCC015D22FBEBBE0854106D768DC2ABC0893F9BF6A50B813864B63864011BA5FE0BBAE7460C4D23033500BF496FC99F47BABEDAF40E25A9E7BB1885E71890B1619C690048D697905684400883A90F44F1FBB63265200BFE015CFEA55162ABA36956331D21DFD62F14CA2D7B583
T=0

[60]
S=$2020E1B
W=-$9044F44FD91D120D98262963DF66996A0C20681765D2620CFD46E731CB2D7D2145F970D9D36FEFFE71E3CDBF796A1B72E427CC5DB73056B38D1A5A407E632CE5B771476D23F01B1EC2B9BD43E41C4BAE48B524768400F8AAAA1CDF
J=$A66B1DA0BF4CE44707FCA618215AEE5C3BA1BF98A428EFF94D02A213E0CC6F07F0C797429512337F35513B40C58EAEAA7010131E57A4FE5A02FF08ECA2286016D64F97F05EB901236D7A042F521EE7AC540E6270CAC13AD0BCBEA7324CC7DF18084E2B7FFA7CD8FC7EDFBD1F560418B953A460AE315001E8EB53C5E3D17CC79955FBC09B0C35010FC47E35C40B90E9D958397F9AD8A70901F34C672755F22FFB8254F11F3C8C4455E6AFEB61778AFB80203F2E73E32
T=0

[61]
S=$11553F4A7CA
W=-$7267F6E4028314A1502A54F5493EBE2325FA32CD51647DFC80985F91E95C700C176E2C6D63FECD917E6E47AE4B841EE82EAE262F719AC322A8A032E35411E5F70D888326EDBD81B7B8C7F9E3851201006CF42542B4B4EC08C40
J=-$34A33B1F7576A91DEC078DB2358BB10B8A70E91CC793593FA59DD165EC97F9200149288D181AD737787D52091795A1D9849F8696D5B4EE8317E20A1308977252B8EE6B5E7BC0E1834B836A9BA756E9263FD9E9807EDC9BB495DC2EEEC67C65D851FD080B57F5BD79E112AD1D97AF0A7754FDD94515CA6D8881ACEA6470D7705890049E14E8810372B4641CC4703FF6897B0C18E10B066ADA51C0DD744A1647268FFE17D4A9D37FFEFA40665CAB1DCD35A718F
T=$1

[62]
S=$15E6841730810
W=-$261A35D6A0CEABAF29A4F73726AA738D4E7A1633841191BDA209A36754E50298679F738AE29FAE782BBDFC2E9745245C3C9FD04030BFAA43C0C70CB47820BA36F3AA3E0E3C2C5E03DCF00667313F7D5E584B4B5670A4CE
J=$4C77C326168BF2C72CF8A8F7F0A6E89D8AD5AD69499A3E122F89FEA776F1EA70FFA916CA833FA5503E3106B7FF69F875CE75A8E590726C68B13FC0F8484F9C23CA4A90571B9A01659A73F2ECEDFDAE4918D9B79E2A013C9FE0A1C3C423F9552904D8AE9E619F58C2993D580109EF221ED1D16CFF7B806C5C45BCEBD4E5686BAC707BE9C3E3C2381B2A8EAB34F1AF3DDABA3CE43D464EDA1297B0CF178C0A655817DA90FDF2795A7621C2509E46D
T=$2

[63]
S=$12DB10
W=$4FCC9D57CF1A6A473596289034952309F970B33BE2CDDF2CCB9253E8773CF46B3AC1DE4AA3ADDC1D12CA443E03B8C454251B3824AE86A237149C16BECF060DB05AC2DB4C46D4AD610DE98B5E7093592016677EE6
A=-$7328
B=$1DBA42
T=0

[64]
S=$15963C
W=$A964888F2B110F6B8F7D8C5806BEDD5B3CAEC1C12DA0C80D5718BDB04EEBC1885E41C32F8EA69154D331E9E908F4C3D641EB3CBBEF6BBDEC1E3DAAA16FE09A2A5108CDCE7A526095DBD8AEC06D5B4387E60EE
J=-$302F64CC7F21938D53233D7BB40CAD6BE0221957BD0BA683A5C599FA007FAA582BDCFE155C50BB6D85E979BE284DBC7693252593E2A02E23C071979F5C4608AC23448FF289B7B3B7B25DE13CBD2515432A10DF00DB98E3956B93473D743FF2B14707B2327401B01298C8DC04D4BF115FFF31C8DA6923B6B422641652FA7FAFDDDD56AA1F65CFF11411F7F71F2401AFB52900EA3A5D37E9F0F97C15E61ABBBD011AD59E2571
T=$1

[65]
S=$9329A84
W=$45C3C96F2B515314E53D4D3A5C5FDCA1870C03090411FE0655C6571AF205247204934B63A8064C1CAE989CA528090AA0995E067EAF718159D19DBF01EE550066804BEFB707BA56A70C92D03473EE6027DAC
J=$FB08F1F4FEB45656B5B5C1E1AE86F825FBF6CBF3685ED893A61F15FB82918AA271DBAE02ACCE4547A5E3BD6240B3499BA5E8B792DF77DEB09247A1C9AAC2F461A87CCAA33411E3310CEAABBD84FCFB2F2D6E390D332E6B2F282E1EA75C121BEBF1A6EE7470F7C97CF4973ACAB4D61720B35449508EC83780B80B406385E5F1565E210A5D417CADC7614E8931B1053914DE93C356C05AEC194455D68E9CE4DD23535F
T=$1

[66]
S=$1EAB97
W=$E3BC80948D55608A59903C6C38EAAEE82F2E48745C2BCEA101B3A6E18BCEB57F95898345FA305EAC14C4DB40FD10B920945B18DBCAB1E6C78A7D2F8AEF41C3F1F5374D260F99F68B62CA8334B6E43AF
A=-$98
B=$2D2
T=0

[67]
S=$227D834
W=$10C64F55ACAE9757AFFF9C381BDA355AB2B4EC98B343674CD189BAB571BE8116B1E99C378B536C0ADD51E4AD37419EF9C08E4A8D8E599382C7F2D2809F24273D0A11C7AF9F5E67C0C31B14DDD7FF8
J=$1619CB6328E0761B5E8B2910653F53D8F6122B42581727A476622C751597D2E84CA1FB3E3B9B4BF0A7F592B9A50D499682363984DF25B2AE15B74F157D435F2D0C0E6B1117C2DB3441875F2260FDE482B21561D1D3995D29958F14D0E0D98B66E92EAF6A85D74D80C0E8E205EDD9B3B8B8FA00E07FF8E7BDB286908CD734192CE98D970854F037C634E9CDE2B852E71AD95B861845D14C1813E910CFB
T=0

[68]
S=$2D93D20
W=$B5DB214A484D2FD0856E21A9A75C18710BE367279CB77B66C3A4EB2BA1D781042B9192D06B6BB4894B269B7DEDA93F197A565EAA71B18EB0AE7AE4DA14D16F1396E39BFF04BFDA2C84732A252
J=$21148F8BCB28BB7F3A9CE8CE8075304891EAA302F8D84B9FF15F5C934EFA6349C597AE323219532308C1345F0C724CA119EA7ECFB2A9E2FEE706B85B0784E812419EF390C4C4A9C4BDEAC791B11BD1B564679F2DB3918A79B833024A827A8925E99B7027EF3F4EC1D3D7934819283AB36B7236A79D92386B7645E2D8A284E218641BCE864CBD33F592B3FB2DF7352B38D07FF2E984EB0DAA8B
T=0

[69]
S=$1F9162
W=-$C934889E319CE2379FC21C3F09A55A00D95ED69BA6C0545F5BD344BC581125419044E967E07145E6652713541F656127C84E6D95B8EF61ECEF78D87172A4DD1B903DF1FC69AEABF09498CE
J=$2956D02FF2C58FCF0AB845B0025819ACAA33B93A8876AB74500311EABD81A21809A003DC0C2F8908C28855BE0F4ABC80D6F609F04D285CD75AF5BA6E6F60B956E650C4712CCD37A23F2B4F338A0D175CD6511812FDF28091365136BE651CEB2DF414A89CEAAA28B5E663721500D3B87DB7012170F6F8868F1B99B87590E9A325D9FEC42E3BE9CBF7E30D39D0C3BC9BA87F83CE451E6A
T=$1

[70]
S=$1C03812
B=$2

[71]
S=$33C692453
W=-$2EB76D4D2E62A54F85D3138E4171874DCC112C355C12D5A9435FBC7CB01FBEB34F4A3F05781F0AF149343F3CAD77D33F636B9CBD5157FCB76CE098FE37F2CFA69B8EF837CDDC235A9
J=$F5206CBB9FDD46B26BE1AE09958CC8F48BFE5C81F1951A4FEF61113239F1DF51EB571F58CFB37774AD4033DD1EA3CC50C517C4BC1FCD0949E886E68A5766904E2C483B69602F87AC69AC5FB5B35BA1AEB6192B0D693AF143FB3F1538B71E07576CDAE5FCA172A2698F4ECFE3AAAD749862A87C9CCFBE98AE4194026709FA64CB7BFA40908B099D41707519A3B9B9257
T=0

[72]
S=$3F72E6A
W=$C9055F9D1930F4FD308A4943FD5EB1616F3E5C2177D7C0C53DCFA0FBF240F11092CB99EB2FFA14FE96E6444310B991131DFD5D6E345EBC66F8019F0D5B978EA6C7E90123CB08
J=$351D98211C3408EB89A1BCC487AD3D4763F14B392965188D2E7587B7239EEA06F62FE2AEDD906C7DBC2689F1FA5AAE987C36670C26D1D1BC86398AE8143AFD0EF2F94014AA45917FA34BE05B9C8F6F22A7F41CC1C963663A1285A98E6096BB8648261148484C36DBF58B9CB43E2DF18A245C42627082A7FBA6E719180470AF1866BC36C319BB96B03E528A27
T=0

[73]
S=$BE30D7
W=-$EFF94C08F7EB7CD746A318DF3D20461ACBC4AC0A343F41E49EFD5C53EFFF83D27854EC1F9383D670F244A2F0E04E101F2A2D445A8ABD10C0BA7883E04513D9881AC27383
J=-$1F1F0D64CE038D597F08DA56EEBFCB70BA64B03C0A1A12950740A16E296D0C9A8BFD4DABD075BAA0B0B92D82CC8D9B798D08176F143B582BC9B5D70A19FA4F08393D07ABCAE9CDF27B0C2D61A9B43CC6FC2ACC7C57F3FA1BEC6D5504DF0033F7340D28B7A383483DA2F6EE8D4A4C68C7F66781C52EADA17628F96F7F3FB631DEC2FBD34A0630F13551
T=0

[74]
S=$2701591
W=-$1DAA2CD08975337BFEC485BF2EA62557CB54AB80A04B8DC3DB65C06BFF1838F2A09030B18FA355B704A751E09FD3B7E1CC969A47F2F4426DBBDEDAA67C0D65B00AF4A3
J=-$8218E36593B6CFF802F101A4BB130E3FF80896BEACE03A94C3669E7F250EAD9AD7AE7E17F07A11D0BE8FD018DAF30A5D057A523351C3E6B89694DFC059767F0A34FE59A599D1036602AC9594AAD6B21245696B0A19199EC0990F017DB0A058F814D9DC7E0982416D4404B0ADE33C6C0503130DF4617375F987C118225FBB604920C2C823593
T=$1

[75]
S=$967AC
W=-$D1F279D0D1CE8DF7318FFFBE5752E0BC065650D0E590F8C613828230A6E41FDBF72B20A24507735FEC4654B51F86EB70786768CF67FA4C4EF611E5ED9F780E56C2
J=$2CB5A39979D0C0D5F34B71EB525CC959CA45803BCCE3F9C91D8E179D4C7D8FC5F5741AA0C65CC6BF99B6FF062EF4D7ACC3B7B1AAFC9933052698DA366B4F8C919D7E312FB7F4C18A202A2890A64C61DB17C5A32D766B48DB72B4277DA2D4F97AE9C21BA3ADDB7F2598CA251B4DAD45292F0785DC9F57E994CEEC58488278EA03FD27C
T=0

[76]
S=$1CA54D
W=-$2A9E10EE1B58A032315558940065383491797B07C0E153EF7CAB92A835A53B32E6C1B7CF20A212ADC275B5EF2A73BC6BE2164BD3B4FAAA974676FBC087D941627
J=-$7E79F0BA74739E0F8B771CF54C2EB1DBFFFD69C98C7643055E76C121A1275DFAAB24B7B743B35CE70B91C77D4A43082A7B47D26109C3BF03124DDFACFF3E0E8B5FCE031271FC851DE3DF4A5EA6E0B32B2D6F8D59B6971D3F407CC7FB2166A0F3BCBC09A7E4A58BD622A10629FB9150E89ECF63BFDE94CF6D37BD9EAA560AC0E1
T=0

[77]
S=$21A8ADD4
W=-$9A8E3296CD6A2C04BBAE859AB694D6310AB22011DAD06130D4A925F0B4E452F98E885BC5DC44D00B60784BC6806DAFA79E69E44D909C02B04E6A307749420
J=-$E46F352AEC4FC85C4A2AB21F0A24D5E7CF39CD015C8E84D92F4356F1DE449612212D1ACB4D6F3CA66FFD217A54632FF94E3B4571B2D30886B33DF31085FCF78680E7B88AFEEC978490FBA188656B8C797D64AD1790161CCEB485767AE329F8E26B5AD29D9106F4E45A7549E1E34C23850A7EA9BF9BB3168B2B7FCB94D1C
T=0

[78]
S=$B3F056
W=$3DD08DE7F9DABC458E68B089C837BF3ED1CE54AA8AC9CED26DBE19AC4A59EA4144EAEC4F7BD90AFE0A2AA6D3BCB8900FB3FC820A43F181329B99BD5E62
J=-$4AA0DB52FD77307F16E984A32D6106D070B11815DCEEECF25C0EC2DE978E60D6266C8EA2A19AD32657F346641E3D4335B5D55876E86814CC61E45AA6209B8675A23FA98790290E51D3FA5AC3659C383B6D5CED4ADE29226B119F7995D590197E15C5B24351F13D64E08A87F519651BE7C09C7A25211C467BAA24
T=0

[79]
S=$CC8F0C
W=$A41961E97AF795463F323BB376F6E410886385E0519C29FE4677FA673073B8006FBCB561779188EF2029ED634A8B59C0A436759690E64F02C1DB072
J=$488209F0D4EAC2CB989345840C5DE97DE228832D2B29BFAE42908BA46DAAF994F780CE990FD28F0ECF9E75F3CBF4140427DEF64E85CAEA43B4A855D14AB5D8B67A7E5820B8445372398E7C2DC0D4FB5A92F74174B35473A0FC52156A43793AC067A163F5815BE9FFC71492F05B331A4BFD762A84A745B4
T=0

[80]
S=$5C4D8439DAF
W=-$1AFB80FE0FEDB493D74D43BF97F9D605E482D409D4A8EDE5074BF710AEEC6654A6C83F09FD3880D05630586CB8ED1E2C22F759E169D8E69E8C9A7
J=$8C8F6D441B28105DECAFEC35A0198EC125D625455406CF76D71A0B06A2C5ACE2FDA668CCB0E321DB5C9627C4043175E6F5B9A172BC4DA0464CD90199E4A91CD20D055B6F5584CB292A6AD850A019EDD4853A25B31267F5383A95320202A5ABF3FA08F21888A64FADC64D0772681D2C4C14D6A25A
T=$1

[81]
S=$3265702D9D6C
W=$5A5F5482C654BA80BFD8F0D9A12C10F576DEB6EB7418C3B4D00D78B9CD73E195F1048836225B88D1B0C9FB44F63679FDBFEDD6891DC54B6
J=$23140C87A22B8FB8E5AA45214EA990F28CFA984CCFC145EDBF03BC2F7B8604A638BF57BFBCAD7B4350D9B3524EBFB41C77CAE48EDB60BB0418A943DF52F1A525D7471C0F363E8B2F8D395E9969E427EF5BA9AE8B11CD25EEA51CCB390C47ED42BF6536EBA44F608CEA43E48A7FDB45
T=0

[82]
S=$562970804C
W=$2B0856E688EA372B2E1E865FF693E98C7124A04CA2CA79B139F8EF0ADE5001B4D8EA896C69BB67A1F1EE8899D1B7DF6303DF912660
J=$D28E5C0D8C531F01CAB34287DF4E553CA1B35D64D28D76C9C2D7AC0E9F31FCDEE986D03A9B1D2489812C9A3DE3E1853369F513E17AE6144B34B14D81DD1BE48D48EBBC56E47C6E59060F7784ED027302EC3266EB6B2401DF266E0199301D05BE3254B734BD3ECE74B3
T=0

[83]
S=$2E519F
W=$493620524F32C1740E3D9495B380B1BACECA27428F12ECB55F409002FB55AF5E49BFB548A75DCBF55C1317F0E2F23117C0959
A=0
B=$6
T=$1

[84]
S=$98D659D
W=-$9E84550B03E2E45DD23EDDC9FC9FE4A7C77E7F9BCCD4572C4992CC8F5B51EFCE7D41E3EF98A6F52257B7F0CBC1CD871819
J=-$227E49043A5CBE3BEB1845F4C2CFEE862288F303F0065299FE90C02B47F2EFD1B65FB3D9744A820727B54B4CCB83F8840FF2353A6447A5A46AFF1B1D2CA5FA0BFD5FA2FD4CA01EB18799F7E79F733A4941B81BF999665A2CF0805262A69C87A080A
T=0

[85]
S=$EFD67D7
W=$9AC3743FB7230A28CC1042DDDF169C7AB12BD49179FD3049B454773A9D500236EB3758D6945DCD77F997F6629C066D
A=-$98
B=$2D2
T=$4

[86]
S=$54AB5E
W=$E90B610F9A3096D3F751153E56D3D283E8F101598B6D03984F84516D5DEDE59A19B02D3EF9CC0E08D5DD6018BFA
J=$EEF72904D1E21579DEB813E0D1CAA68CA1A32024CAFE72F18851BAADC73D657A9DD3F41EB1ECF11B05680BD25599C16F8992779FCE24A7D9E7A98798F6DBE954662663F32914468E9139BA8372F8323C1C28E54EB8906F715472A
T=0

[87]
S=$3C14000
W=-$91362DB350D8E87C2AC30B6B7E33C16CBAEA2E94461FD7118C3512DC581DCE62920D88EA690D723F651F56D0
J=$16999AA67D7FA7787C3D66ED93F887A6224B141213A56F4F4BA7E29D3D63DA0C53A7AF9F16963BBD99821E7D921D46929A6C5108ABF2BFB5CB8DBCA32518315CAF7F4608D3BE0DF1425146639CCDF6CF53598B0DB793ABED
T=0

[88]
S=$8262D7
W=-$4AB0D243DBF9333AAA7C5687B8FDA9E7283FC04B08810133B7C0A9222DBFBA9188D63F1B45773D5FC5F1D
J=-$15502D3A04737B4E91DFDB6DB056A497350A4674C0BF61BCA2E1C95FA418542389A7DEB3CA2E2264620F68E6A7DE88F0D869D21AF3A49EFD1128AAED96ADD7A861E4E8DA51321FD31DD0A376D18442F0A5442BEDFC
T=0

[89]
S=$436C98
W=$D0C2AE9D48292BA4267F2438D9E3A2A467AD9A010B7354B0779A1F4796FC1C183B59BF903DEB06468A
A=-$1E
B=$38
T=0

[90]
S=$73BDB00
W=$1BC1EC9E3C2C429DAE73D301401C9EAF7C933BF92133F8C86FED5F9D97106A90B88E1BF96E0F5822
A=-$98
B=$2D2
T=0

[91]
S=$1B055C8DBC1E4
W=$7D1CE6A3904F6E44F6F668BC43CFAC692FDA1A2EFD551C56271F7EF9A3F91325070C11B554
A=-$98
B=$2D2
T=0

[92]
S=$1844D0
W=$A3720BC3F2FD0FB27B8D24BC6E0E0D161F4876C7571890C3971FCE5D511BA7F7BC2D62
J=-$BBAF08DAEF1A5C80FABE3A38798119229BD0ED53F908F68B2B5A7B59EC6F98A104C81AFBC5EC6B26A7A6BCE3C027B9BC28DB70D56C59C3A492B6D97610F04B9461B5989260F
T=$1

[93]
S=$921AEA4
W=-$1F1F440F4AAB0FEBD0337A4EB851A3848283C0B542BBFE4E62FB9FF6BD7F8371BF32
J=$12B8E99C75055888E1C39A0A83613865B53150F907DCAA0152B5308BB418EDF875828AA8608618986C740A733EF4323CC1AC28BCCABFF4BD5492F77E556F4202B994A9
T=$1

[94]
S=$201ED
W=$2133213BAC705E9BAF59DFF2960B87DA854C4CC541ED40A0ABFF52E1200A987
A=-$108
B=$69E
T=0

[95]
S=$8494371
W=$79CFB0BFC90E24C3E5058279AE5408D2C6711C3E4166FC5361297502A7FB3F
J=$5FF67D8BD0D86E3500387FC47F182961F4D52353CD42BF86D7B37586303E4945FC46041C3550909D46589C1F26AEFAC2E481C3494012EA373A96BFD6A2A
T=0

[96]
S=$EF782
W=$A972EFC5B1AF5839CCDCD32C390C4A784CB04B31C274658E4BF1D0DCE6
J=-$1ABF0B0845F68F11A65218BAF5A291A74D93E9D2455F90258A7AD53DB331E4E44DB82C3047B9454C17C6A01ADC38279766D1A6D0952FA58983EC
T=$1

[97]
S=$794651
W=-$A79CC23402162741E8CA8718DFA54CBC105FABC1DCCD0D0FDBF3602B
A=-$D70
B=$12F5A
T=0

[98]
S=$89EF1
W=-$102CB516829C6F3A7F94BA1631050CA40C0B2B5CED5F9514488425
J=$134348358A7F949813A71FB2B2CB9ACC12C1DE4C04284BD87B22653183B1F9956DC0EC7717687AEA23DA46F03BEFE8EE0CC7B77D4
T=0

[99]
S=$268
Q=$3

[100]
S=$1C1750C
W=$20C6EE2FFCCBC4803E46A0A68970ED1CA132D24A146D63AD7C
A=-$7328
B=$1DBA42
T=$1

[101]
S=$310E464B5EA
W=-$198CE289281B8325CC91C2F3442548F7A770E604909A202
J=$467CBFAB3BFBDF0FF3F8B4685F2A968CF30B7F875D5F3298FD9171DFD4AA209ADBD066A1E953D9A9D7CCEA2F3F2F
T=$3

[102]
S=$4D6A3
W=$10464E763B25C8F25075A5C400F3A62F858890D95B
J=$270F8D2C1415A9CE42C8BD2CDD70C4709E7B55752461111B838F440102F8F8E2FB2EDCA834F1A2EA59
T=0

[103]
S=$B2DFF
W=$7AC67267E82BD9044F4E309077730F699CDAA57
J=$C10142E5D14C9EB808CDCE25531B780563415F4F0442B119BEE69AFA5F7C1C57BD23680E43ED2
T=$2

[104]
S=$10A2AB9D
W=-$4D66DE21448A8A04FAF1D52F93D29E822B9F
J=-$E664D50FCEB190FDD5D2AC1949A362AF06FDB2F67C27CD97D586A21E05BEE0958293633D
T=$3

[105]
S=$C6A7
W=$D0197185D16B19771196794AE07A7B125
A=-$98
B=$2D2
T=0

[106]
S=$B8448EC
W=-$30084E605993E2D748DDE2D4B50230A
J=$17C56A78E5E9250FA33883F833401E9E194988B22BDF81090F06BB710947BB
T=$1

[107]
S=$E7210
W=$12EB6DDF934B9B92DC745214FFB2
A=0
B=$8
T=$1

[108]
S=$B9688FEF13
W=-$8144A1D4A0F00F584E5BA5817
A=0
B=$4
T=$1

[109]
S=$F4F6D0848
W=-$6CB1657AA96F52C79B32
A=-$1
B=0
T=$4

[110]
S=$6E433F9
W=-$538794F3ED58B283
A=0
B=$9
T=$1

[111]
S=$B446932080
W=$214833CF06972
J=-$6FBA5DE181AC3DD10AD73504
T=0

[Signature]
1=$F4773AEA233F10A06724E88C3EFAB88D12273806C6084176
2=$1981D2EA21A61337FE8AA339560F13758EFC41DD5B1AD528

