[PRIMO - Primality Certificate]
Version=4.3.3 - LX64
WebSite=https://www.ellipsa.eu/
Format=4
ID=B4977046F3C9A
Created=Mar-28-2026 08:39:58 PM
TestCount=107
Status=Candidate certified prime

[Comments]
Put here any comment...

[Running Times (Wall-Clock)]
1stPhase=28.32s
2ndPhase=4.12s
Total=32.44s

[Running Times (Processes)]
1stPhase=184s
2ndPhase=38.38s
Total=223s

[Candidate]
File=/home/lappie/Primo_Missing_Farm/Missing_Group_Prime1.in
Expression=(4797791281515011781318+720056643)^47-(4797791281515011781318+720056643-1)^47
N=$616BE0CA5B62913CFCC6377CD74E44D8C1730FECB4B07FAB2D2BCE7E4B3C60DC2DE33F20C1149F1E2771A9FE6FA0B7CAF4055674C64ADA415C43DB6E7C651F09CDC5C33CDFAD47DE96BB737FB11DE32938588D8CC6D4D01CDB84F64D30626FDB83CCCD33786D685EA155CD74E46C11DA6C363F56C89712CFA99DA1FE1C91A17BB563630F68CE0EC4907B684E3F337C275D15AA71CD20256FEC4C6C8CFD73B7827023E71C79893413EE9E58256B806CA8465EAB60336BF579E16A313216237F2F1F0DBCDFF5526DF5D68A5DB9E3AE09C9A558C4336BC214B74E73D7D26C387E454C840A22C6F75C74B5380602BBBEBA5CB0C789A2F0FA8B58E993E7ED34F32E2BE12F8CDF00741DEBD496F7C535BE21A56B802B5A2D4156DFA5BC2D8925C23BC54BF463ED80C6BEECF9A3BA8A976912F8F01E0993B481A2F1012540261BCB1085A46C99CF9DA041C26C79D11077ACB8CA3A598F7A07AF698BD4165726279BBB3CFCEF3CF32A9DC707FC3BF2ABDB63D5E2ED69A752064F0F10C182458E37622EECEEC0FE10459E8218E35D7F752DD1AF50538371CC0F2FBA74F0FFBB9901A9B9
HexadecimalSize=830
DecimalSize=1000
BinarySize=3319

[1]
S=$198D184B80
W=$64CA94B2BD95A0366797E4B1433D9B6352AC05607546CB307E511670C83282AF0C4A399001AB187D682572B43CD0D0889015B429CBAE9F3E0B3F67943D995D1967DA11FCCDDCDBE36389CDAF674E0F85710D10CA7E742308F21E1379008B29D373C8D297690F813723CBFBA5E685CFA3FF2989B9E649BB41152DBD0CDF8AEBBA4DD9B2B65D178C830DA118847D4EF5D987EEA75AB178D0735439BEB5ABD910C1A5A86AEB23D761B62B1930CF4CFA1FEEFDCA95E089FA489738399477313ED9876E65A16A127D27CDA1976879ECCD23A
J=$29BD1E0B63A266428CFE8EBDF1DA46395E1765097B6D50C6500B661DEBFD41ABD6E92CEFFEE7087E368290FED6464526F43AFD8D6991BF0E3D0D99B687830FF52CFE5724440503F08BCAF3362BD0A7E60D551ECED2D7AF72E51ED559682C99759897FF60C4C0796A5E6769992990B78C5B64DBB8A73C915ED0B7FE8B36A7DC238E8C9781287FC81579F270DBD3C6BBF37C951151405F09232F4501CE633B514DB74934CDBA7486F38B61FD3B14F2BA68602FE38CDC85FB6408CF2CC82A790F85D5AA2A6ABF339CCB34CCFBAF9DE79964D433339AC8C9ECAFA9B87D0A25B3FBA473BF6D667B2BB2810E527A70477A530FE826EB86844D7A1541DE73D0D8588158F787C3372434B3CEEE39EE92FAA93EDD8AC7B62A839DB042E011B31CF0F1390A14D64BC54F13E77345945CB3C2D95EF5B93B3A7D926371F357159CC3B11960D9D6E6DE60D07E2DF68ADACD4CFEF3FA0C3EA1D9EDAACFD246B45CA30B0D17D785DABF8F43F7FC1EAADFCE59F287A8A1E0B5DA28FC37DE4D95CC9E4B5249953D4D35A53FA61D6223D26AD7ECE128B931162483D1E255FB6DFD55DBC2878F03B4
T=0

[2]
S=$3EDAD260
W=-$15A60A1343F34D5420390D90F29E28CA83677086B62DF8CD1E9E2E3EE7816300CB2BEEF926CFBBEDB6014AEC656740ABA71A172E53E449F1CF5D01927DD8B6E6D82BA193B28BCE999CB7BEBB4819D852629EA645F003A3C3ECC2D514EAE3B92C81DFE6B0BB369A59CD119A3D63DEC4A0E0BA9877AB29C155F0451C6A3DEE0FAF6203F2F1F4411305D89AB87BF7F81C65ADC5055DCBCE5002625E769E62B37A147ABE52F4B0186F6469FD0DE58E919E32EE83EF2CB84FA034C3EF6070F82DBEF5FC9560580AA26102F3E5C45AEF6
J=$8349858D693D6E122A55E022FE195EA05ABC9AAE4CCE17FB8FD569FA402DB1954EB27FA584CB6B618F934962A269E70A5F37E01739757F3321104A89BBD869CB9E9E986217595735AE6EF33D0531887FA58F573EC14971907FB302DA8D59B1457FE3935A89878554143846858442E1662499E3BDEED65DEC642E8DE3183F8FAC1393A4E17ADD77E44D3307FFD397983F8EE36E2E29B56F28D18F9724B9DEFE182A9887B09B78E75626CC549D6921B309DD3D020C762002016D80505D2DF8D53FCF89A26EFAB7464588C04A40204671195D4609F92BAA195B216743439EBE61B322B2CEE75A3A704B7EFB8A59D5E0C0E2D5A73790D4513A19B31C5F10934C49CE952AE2C6FFF3293E47C76C475E98A729F4B8F5F8497B856E369BB3394AA1946E16B6241304573B0EB6F108B17465DB33FC2E421FAF1775B6F08977DD289B7302FE570877D76FFE8F2778E3F956569A90FEA4829F4A6036D0724BCB48DC72066903189FDE50DD7D57617D14A982E119A628E3ECD4DC5C356C067094E1A2EE1A10D030421DF28BBF798C3523F62B61943FB03CF5EB5B1AAA3BA23A
T=0

[3]
S=$CFE3D6
W=-$53ECF93065A3B261D235CE4EB36F3D7AF026BE244D7095EF0CCCE4A7DB65597648F269D7E8B522C943F85D83E95ADA672C8522641BB91EA84D64471A68842AAC325323EB817086536574DD49AA48171DB26CC4D096A4DA49C575331E710E5E74828D55A94A085E91D262E0A0A842C19944C711D22DCFA4FDF0F4805F3C03D0F6D47C4EEEBEECEF39DF1E5AFE0FF9786ED898D9752AA2BCB10AE207A0BCE5E383578C442B4F132BF84DDB180003E3B72DC31CF814F9E56AB245BD4971F68CF53CC36C2477ABD443AD13BE282
J=-$349D53C7F408FC4D950F1D79A132F4E64C3B02BFEA478AD1C7B3A9D6D31DE589D5737BF18A2424B3DF60B65B29DE3828360D224FDBBF26B9EB0739CAD0FC611D3C9969D166A59FF42C1036A4CD436ACE4FDBEDD9D96C70AE5F15929041AD59B39262862F9B1F182911EDE643C819FE96D9DADAC58D994296104AFE9F1DB5C894020F20B1ED5CEB3B8AA35AA955947C384085D7B47B33F369ED45095AAE8197C6A6150104BC42F7C2C4BD1C9AD6F1684D738B3906BB5884CC51CBF49242B1F39BF875EF10013C7CEB87D44B6E18008C3060E38AE2DCE5A971655DD09EB33826FFC4E24103EBBF35B23964EC95C48149BEDD93BCC4D35A89799AA0A61735E314BD9FA695EA0289C816B3291C462D9558A0DA89CCC7CF9B66BD0DB10656DA21FFCEF38705AD80AF172E2DE41F0E875BC9F970ECBFB37BAF2682ED942AADD9CC22EA1FB17BD0516C9B60BAAF142EDD624B250910E7936551A0D068BE83515ADB92710C27EEAABEB83D4CEFF70F41329916AE1D9CDA2AA44C305DCF82B6B08C027DB1994B8AB3C9BB2F75A855D89CE14DF7D7C1738B8280C54
T=0

[4]
S=$42823AF4
W=$2261D45E70CABC57560BD40D284FCAE2F0F5E4797D70E3D53E068A10BDD46BB37A588220BACF83D3B1F5688A0BD521C2EEE86107EC31555D19ACF951A188D6F1DF13F9D4B2D10C4B131E863807B16CFD6C79D3F606A0BC23F0946F054BD60E44F4A85977F006C39DDAB60289C1775650D3427A335A56911ADD942D86556E25E684AB29EC15D89E0E0D2FDBB0D6806315616BEDD6C972FDFED7DCAC68818276A1E087D34B4B71F8DE1DA32D8F765EDB827D6B148FA5FEE7475215AF09BB9042AE312D41709A7CF99D2258
J=-$35125CE52B9CD2E4F1E5B789DDA818F80288E53A658940CF4E44BCA2803C63C0EF855A75FB2A2693D25381D18ADC6EF8BDA0B9243661EA04BE96EF3ADAA3ED302636450F00331F4C41861FD1B8582C412517B82AB1013E70358AD6888B88E9EB5848BE9B2587DC6359F196AAE32B636DF8E7736C40F33B4A5DD1510C9DA358590C10E94BE908189EEBA593F59D7254B0E37582D4A6D94B4509A312EE47F5DE080996D5731BB580B1E97DB026BEC8923DCC63B315B2E4A9DDBB2848C9D0E630517C719B104DEAB534F033BC26B53A10D766754D5152F6F0A841F3CF039B75C8BEF49A3CD8F766A690BEB63676178A819353CD7AF5FBD1470C471C44984A5B67C298857C94747DFB0C8F378F16ADCD1F8A54CD4AE94E7D31F9EDEAB031CE63086D265AA8A526522348AE165E21DF29902EEB0BF693B5DEBFDE9628B2176D8171F119D4F304394011CEA2453B1EAA6BF76CA46A6ABAC62B22C4226046537485FEDCB17DFCBB182ED613BE5852E059FEDE45BF01713AB95F9DEC3A6EA7B4C8C425D99BBD68C51823D2D0E5E9A478E403C24C998411F
T=0

[5]
S=$38B09766D842E9C
W=-$686D813CEF337D1D7854DEBE14FE10A0BF135D6F40484185CE6C853E67A6304B127755B5E088DF86ADD194BFBA8136626313A95280D7ED1FCC3983A6CDC91272BBDD1A30C4A11BEFFEDBAB6A00907BCD9947BD7A758AB364D53529913DE02386811A1B987DE7B2DE57D6C0C2D52F7762516EDA67D0676B265B603E57BB56609CB74D6D4AB657F8B434AE66CF7CE067E9943106B4BD7C6A68C1502F6B88918E01C454A6F4EF15B97FFD06A67955BCC0AFF1E4BB1E60DE4AF49C749255EE8971AA7275BA93BB2CEEF0
J=-$F4DFD3BB170E0C4888E90F409A1A374163CED5E7052C3A306D5150F87FCA68482FD906EA8F26D26108BEDC3896DD6A2380EE5DFB7A5375B46555692B25DF16288834E40C7DEA47C653642F2CB07350FE7E85DC058A7BD927044F1577CCF5E0925682DA25E9BCA97FBB12D090E35A37E009F77A7F4F5E065AE2399F064E6EA5993F28D3EC63EB182578BBCC75B688B2A1161328451293B71666BEC4763C80C4AEB7F9D6E983495A3944BC60A545CBCB1EF25796D2965550BE8E9D132D95EF07B2E0D83455A7A256925FE49D9DEDC8E69D72D549AAAA3030CA78E0427DE91CD8AAD48639D09E1CD9FBD6418DFED0B89DE2F9829F60BE2AAC869E9790FBDFAD2CAFF24C80A35F597E5CF5E5AD4EB7AB38343789045CA77543E4765CBB56519594C27C5DF0C6C45C699D330FB7968AFA273FFCFA14A0017C28E5FC1E9A802F2AB4A9404A76FB5FC4E69FE2E7140C2D5C51F20F47A854F2019A87FE0D4E0D8A97B9E13007D45B2F6E99FE3784FD3DDFD5F0F90044177F1B89C2C855F65E4A843CBE41D1C79EBBE8FCC483E6C112C0157C3A2
T=0

[6]
S=$27802CADB9
W=-$1E0AFC9A9872C8C87EBF508813A7607B7EFCF529797A279036D8E93E11BD6F36ECA7C175DBCCEDB6EEE255994B0DD44A7BDFBB72511E3C2261BF99551100FE319EF7E1A23806C94CF9143E480D368FEA44BBC88D3DC1A85856DE944D21BB5F3E52794580EC8F3996206B14CA5F7C5DBC5FB569AAB0496D19522C33460433202A50CD18DB3F8E549F9519EEB6F466B99D3DFC042096FEBF93F3E9D43A96E67BBF6D905962FCDE88FD0E97D9FA5863544C5646170D3BA0C61640512B66E6A776D525A394DEB
J=$5AE085A3F7C5DA8B8EAE4CB977143AF8BB585073FC4F432C6A2E6060CF3D58EDD2C78F7BAA764739831B569EC8856A966E42497E5E3860872D45F49C496CFADD9BCABD1D84DC9E1DD790DD284FD39978E4F6E6E5A0DBB26D0587EDC2BF76589CB9566B15EAB19F70BB35F298A873AA108BEDB8DA4026ACE55638384081F636F490C6C1A4FF0450ABDE00E37E90186E678D7FF5FE6C8BC0BB58AE30B885F293B7B4D2F3A348F1AEFDFB068E42319896D0B74F364884732B07A8EA960DB070DE643AAE98BB35DE10526D84D7311ECC806AF93CA6C87F20280D044175830E09796CC9FD997C7CF7125E90906DBC62BC4AA5250565F7E684D826B52075075AC2F80CFDDEAF24C2428E8E712F28FC9E35BEC698579B5079D01F692124D45BB8D77C1CE3B09EDC434760A4965604ED6D50DA2C60E73EA9B1A4DF3C4501ADAE0A218E13048AF421114698F8A0D7C7BDA923B9A40EF4553BED6DC6EC71C8DE64917592E33351ECED288D21D5446DF8D147E3FE36D8C26626F942E80A4C54E657AE5AD8394383347727CAEE7CF
T=0

[7]
S=$98DE95A
W=-$12CCC5C059EC1897494A651F4D79FC8E14F9A567726CCE76287348627D4FE4298B9EDE69A94297CE32BEFAD7C93FA869A37E19585F611291EA15B099C1769C5EA707602B42DA6B83C1587E6CA68452E4597ACEB32E77CDB0E4037AB710A2BE82EEC1E51FBF84992E92379C7AE5DB3A425A803B619D4C7BCDD157FB74EB5391B7359061E8E677C5E38ED7B7DD2D38BADB98004D11468A8CBEDB49ACDE481097425E084009BE3A496AFC761AB54D6D47D2952CF105947BCE21311A049CC98C6091B8A4E
J=-$1B851CADF09419B77D6B750D16C56000BAD412E8C0EAC0E82E105E9A31E292AF44C11680D741987DC5E32664A8A89F9BBB3F0F9D56A3CB7DB6982028F0E328D45C0E92AF38B04BF837FDA69C4444E8D1B2B83F675D13C79650E832EA7FC012CD75548A9878F38D98505D482047C79CC4BE0E14F8B485BF9A1A1B731595D111D47D9C360B25D70AB069E6BF73C0567633D018F3BF57BAD9A2A3D9CA0B12FDC091D1763F6BA78B19B57E2C3421D47FE74E45990D89A20A7C12A616D0E9C1B5520A5FAFA133B922AF19DDEE6BF4F7FDA3107E659F225ED76CCF6E2C72AEC7F78D2978542B3258847BE4EBB131A004C26E7894B085F986C9117954572A9C7253DC5D1AC139C7D922E72AA1D15895F825EB054467E51AADC99E43231E03FB1D81785D517E9ECA7C256FA814ECC31330207D9FB801C75244AC89B0A8966C29DA55E983347D0BD43F0B19612E0E880BFAC766A627A5AF96244E6D6365710F8A448EB59CB2D59A8F1E487D50B8C261DAA8CE969267210EEC612A7A2CF4263EF545F6B8DBAC22FEC4
T=0

[8]
S=$3A68B60
W=$61A0714A0D8E685CD778CF42AB0FDFF73DA6E37E83FD00757EBEE6D008B48C38B711D6578F703473F8F2848D5F6B8BC23094502D45566FF374E6B0114748EEC8D7BCEC0C9032A7A61F66B77B6DCB97FDF3B7FA379826DB684841E09D7931365B333B0C3B11AB48858C71FF6A8D262F43BC5689AF6DF7367D8227B48EE9ECD621E1006B7DFBD80DEDA59C65F66F9ED1A8CA720CC626F7DD8650720D65BDB2237E3A5A789ED096019CEB7ADCA28974C449A284AB1A548A7D356F9C9420805F41E1E
A=-$23
B=$62
T=$1

[9]
S=$86F8CC9B89
W=$385B06F67490E68CEFB3BFBF394A14F9D336BC317F834BEA1208E9FB519BA375E073F0B172F7BE498ECF91CFF572E39956CFF774EF7B10F05084BA4BF24DA0491D3622E255A99FBCA10E19D48D0F9EB88FB3B98348C408F16642526E733A5E903D19E93C7A7B4EA9E31E8154900B945050D8F78FCF1299257B7B48204A5570021057DD8B2680D3C443FF311C6A41DEA51EC4B571ED017688700656FC6E75C5BD2AC3528816E22392CB28530C02F6567BB3344C1F77C35887C92D9A30141893
A=-$7328
B=$1DBA42
T=$2

[10]
S=$15547B8805D
W=-$3DEB17102B9DB5A3E6336E337C691A8B000D8CD561F3CB2B977A33D913339DA02D723405C6A83A22FB5D5BB8D33BF33CD82DD9457F399D4245871E6A55D0DB426FD4524A9C84708408C29EBFF9C02C04AB51AB73B7C17E7FE6ED7CDA95E5389C3061E390946E0B6F8763C4260283ED5BD364F1AA855D9876ACFFB282674909A3419F5EA8857603408510C9B84018FD7807E99022CE5ACBC079A9DE300DB35361DF2B18A07E0B0F42D1A5B5B9B2DA9FC47C816DDA32138EF2A866141F9
J=-$33DDA2355B1A734C29F20BBEB0FF299372259894ABC7B8FD682AA802F616E4012680BA0F22EC5BA65824F22A578E50B9156F7075520CB9A6BA3AB7D86FCF98BCC7A6D7C81C66CBBF7978B59168A32184D06B5C3A505B466EF0DC3883E3889DBEB04763D7DCBB2B36F119B85AC63AAF2688B3AE6B4D95A1DE7F211A6A90B13D61DE86B6AF793A4E435BA1CE84657E7D30B4056759D02A4C2A9EAADD6F63E7098B085CC24502D0BDED4FB5F5CB350C929B489CB26B478531C1A040EB2B56DD20E50E4027DA9FA592E27F240DBCD6C2A2F69420E8A6A2B1351FEC5B6EEB1CDFEF86C3F90386F09019E2C9440EBAA9D8C3CF188B00C3E117515177BEF12252D0476B500CF4749E836C46958967D2BD03DAA8BD8EF89C267E0B8DC1A3346042E852249DCCBDA83EDD43975F3A4E90E3167EA352FB6CAA3B8779EBE2F1D030357CDAEBEE72C420F9771ACA486457B391B5082E23129DDC7E24C896E509760527CD563C3932995CEB88150772D6356942351E761DABBC13DCBE01228
T=0

[11]
S=$42C128
W=-$27890BD645F63DB287528A3822BC03F429984BA7AFAAEC07DA158E2A0A7CC2C9499E2DC2DE25B607E30C6DB880DA7F26F56F15D1B57F66287BE6ABDCC0B6A175A57576FBD81EF95EE1F65173744FE3541008B46F3B1BD6FC68D50A0405DAD61D6B14A9092D58238B57636AAF64C8BE9DE5F4A2401D80A785CD8AB556FDB358FDEC6284A61E515B8E299F2DA601DBFDFD19DF44EA4DE4A3B0FF18E9ADEFAB3B7C4A5EBF4CB7CEABC27CD5AE4407C2F98FD48B47CF850841451612
A=-$1
B=0
T=$4

[12]
S=$11E544C2
W=-$893D00DF9CF237582938518A1A089AC84271D605D878315934D96F520437AD38257B25DADB0448240BF93281277CD664AB5C014CCDA40B6AC116244D3821697D77F55645E3ABF4A3C7D354087F0FCCDEB6D5BD8F4B10FC969C5618A296DA9BE07D4CB982F03064D39AC989B473392C80EE8E41715CA3474CD5CA1DA0D99735E1536F6067E1E5E1CCDF5C343390D74E81ED838B9993640C49E298C413CE8D08D6092497D22CACAE39A9F36EBD20AC2B01255A656CD11B74A64
J=-$2E21FCC64A85B1DD2CC05FB8256F8F196AD7709F3218392320E7014D7707A94C5D42758D6788559876BADEF9983D54100914B1CFB17023EB5984895D0D6084BEC7D103708AE7C112EB169887E64A6FF427690EDE14F9BA291B209F6F2DD85E64F2368E4B6CC2F4BD6E9530062E1DD218B89F5BE8B7A6283C783DE9B667733123A4465DBA3FB7A3A506E93BD97DCB3B53D12F3A5E031BCCA0F9C57885D12B1666B49DE523B04820FBDF266EB92C08A9A8DF991625E6F35E8869514CAA19477D6D54FC6782AAC7DA4415A77B99184F939817D2E3A01362E01F4C27F041D9CAA2AAD0F6F44292C9D75C52C588EC0554A8428200DFB02552DCB7C5A3A69545535D4F588BDEC7672124158D59DD34525EFFC66C59A888C73FDA4C187EDD7A4A6B2FBBEDFE70499B2BC2D98021C47AF1296AD019D5B61714093D2E870731D3CC25BE46F007CF6831578759922A1616580C001CC926E3FA0102608BCCC5B1A7D778495BC125B1C46AB117C206EC818B3C0AE335F
T=$3

[13]
S=$12E625F42D41C
W=-$1834A7E0CF490BF805D153A00717D7AF403EF9972A5BA945B3A35499774690C5F443379406B03731453CF6998285E597E3D5A64D6AB24C30E21EBC7CDA2D9600A8C32113194D8AEC6E74494DD0BD40984DA3D54C9FB82F8BC03A37CDE3B621A8DC5BF26C6D7DF831732E6C0F9FFFF877D59BD7C6E475AB9887006528F927F263074530EAD1C90D000D8D4B5013EC9074B57116963AA13C1A754983073B236577428CCDC6ED38FC8A9D73CEBF9117A5B90F55C6C36C3DCE
J=-$686965517E62BF18D19E5078610308CF3EBCC5ECE1C16248602D882380BD1986681163DCE06759D3ACD3868D9E27458D7E44085CEA6452EE2B109B33B5A42DD9BD72BAD80F604C8FF22BBA08C015CF393AECAD20B7DAF6DCD6C61BB5E7A3057467DC34336C3E328636AED583398BAC29F85DDFDFBFDCF531F1E1552B537B52C53560473E32F99730977F860F971AB23D996408DA15F5CD75E7832E6B27836EA7FDEFAF2B5D449A3F9E15E8043004052FF71E0EA534DE9B1FBA4EAFE69140924FF8611113EF009D5184126F594F6C1D4690DF57F4EB822CD34AE3CDFC6C6FBCDCA15D693CD827BB112E996023D6A2BF2CC12EBD36B2337433DEE78F2D961732DFC8F6F4E748B1E74581B7F6A4303252571C30833BD3D79066D1311404C134DA358B4774EBA71500EA98BC873EE477CF3AF2AD232540938A3CFF90EF81E31D76F922FC33033FA2368FB59E78699FDD75B690623CA36C623A952D6F85A4B6B1B9737C78BB50853BEC8EF0072648F5
T=$2

[14]
S=$D2F6DB8F0
W=-$1FF100E3116BA82163C535219551C9DED675CC7C248B40E6BF1FA9B8BB6A6C371D54CE406C2C7378C2DF9974DBB4DF05C51D9E13CC31A62038EAE2A91777FF4B17DA7379F5709E4BA87BCFA0C754F8729D82E46B6521451014F4C1E3A543118ADAFE3E61AE63378C8D6F92153E64A739917197970F4E9C0D57932922450E670F9CAACDD0FF249B6F8F9E4E7BC4776D53CAD1A3D7F14408EFCEAD6EEF3C3686F141F4F1147D4063005AB69CCD43E14AF031982A9A
J=-$25AEE4C67A1ABDFBBF2F648019F64445AB96DEAC55DD9CA4E0125514023F2FDCE0055BEDB483425058D467D8166397D4EC938A0CBDC6FD05C2FA732953A9DD03AF25DAEE84641D1ECCF53A63E5C307245DC1D043CFBC5671EF7E28BCE690C75D5A0FAE27CC9FEC1A0D373ADCEDAB5727FE278BFCC8FA1201CF152CFBC62FEB0382FD1417E2AC4FAEE18625A7731CFBF1DAA932D34062DDCB38715353E3F6C36FEE5BF25FBA40E76B2877888339B9A9C70829720380376FFB834FB38D38C809C8ECE7B20E91E1509BF301B5AF7AFD717C6D6D63ED97860645ACEDB916C63479E9CCAFE3B7113669BEB11C3B71151DDA5802B2F84B60F8FF7ABB66C3985C15454055278C9B1584B28E0E8E61934179CDFF40E40B81310B5C149198C184B265FC7F5D791E504BD844DD41D6ECA64CE68F91186AB24DE96CDFF69DEB9E5B843537C046D2669DE2141049247A7469619BF32407FA24AAA58A7B3BC94686335A999E1487A85B27663C45
T=0

[15]
S=$7AA489079
W=$47D1FA7FC49CD471D1BB8950890E02BC3A51AEF673A78321B2D7F47FC752B6AEEA9A99CEEE73A6E40BEF6661CA24903AE985B4C4A53F992F291D4216C28B748B31F6CE8D1CF6A6A6A9836BE0A91B30B5E6451CB5828500C2788119FE845207C6496E4EAF9ECD435206B959A2DECE9796E80774B24E925CE849ADE3268D0910855B65D456DB31E6EFB74BA8A2ADA73A363E7966CAE3DA12C6CE91D2CAE3C54210B5AA832DAAEF431716EB3EA6F91F00B1B5D
J=$3279758ADCFA3518929FC2B59886757C2EB3C98F8C3BEFC59BB64B12EB5279071183706B699F02F2AA97672CAA4345BF1AB5FA21EEFBDCF40476A464235BD12A13AF50F3C8FFB2272DAB2A6EDFF4AA541A759424CE26D1C00F394C04B5F0C24CF5B240A6922B203D8F0F144CF69C28E1EA07400E7AD325F2B866C645E635C21A019884F051D5A80174ECCEF2A79AA8D50B19C1129737E99D07BCF57612CD9F4DD4E3544DD38C1F298FB203EBDEABAA50CB80CEB20316767B59AA797460BBAA97F97298552957A948AD4168BA0BC1A5FC11468D1E0E5EEE8BE497BBB04A406C0CE8A2997BDB2ACDACB71A009700844F384DFEE2B2B99EEEE884C30A7E43007841F7727041D5945D3BE01536E5480A1402D8FD7F075000A1A48E208708D5603D752E811C548268BC71BCAC876E8AB877D95BA02023A056E6287FC22AC9D21E587799AEFEBBBD83BB84A8DAC695E8294B04A841DD9ED13FE5014A6DBD029E5F928D38B37
T=$1

[16]
S=$41232D5E0
W=$2AA1697AA05D1AE941C8963255F5A1A9E4596104DC2C898AD001A65F474B7F6976713AE6B66133D13F820E41D07022D4973F6E73F8E6F2105244837D7BD968015B9EA2D3ED7FFFF0F1781FCEC0BB4020C1F74BCF89616320546ECF8025943C5BAA5712801303155FA0D7A9BE26A5F9EAFF14EB1CD68DF75D0A117B5ADE46757370598BB2C80C60A6976B479A58C234291B4FD676D790A06DB1C80A3CB348313DDFD8DF6092EDD348F08947B6B2F5816
J=$C605AB427127D3C87FF441A58BD068BA9112D1A63506FDCBE3DBA555A6A7B6C47CCDAC15894ACBBF5B170791AD41D4C0AD044144BA5E2B19027A9D053D1C5EFA143CA5B245916527AC75D84A6C3E69BA2ABF9BE982032FC62AB04E169EC80FDA9EBFE551397974610B800BA42AE9581E8BCC46DD93B7C92E882916A9ABF729BC9AB587B1E87601CB89702C55B00E08A2B8EFA0A0F81B35421ECFFC52AC2876FE9BF1AA726F4C20258C967474F006BCA7442EBB9A440C7BDDE7FFB0D58B4EC017785ABD13FB539B8E28054B946E0F530EE1249706ADE8235CBEB172A5D68C37F6EDC04743F78367274FC3A50EEB9426D8B64E8D3BE5CFBEB588127DB5FE054986EAAC8C452DC3439841C725C840FA61C452B9B92D8B8B9791DE56A9147DF1EE913264891D419D3634213695972FE41B944C85D68FBF88C97B4F994AE5A1FF557570F84E11C21B1FCF74A0A8408237D13DD20CA556012C607A7BBE746DA855
T=0

[17]
S=$7B569C
W=$9928668B8FA631CF3767215EBAE2619F58E58B2EC773D48E85C302F07B4190F48CC381DB061924910107609F79120166E92717A3D6E8604AF3D778C7655346AB00582C43AC19F7092F96910FDA7ACC1E91B88B2603411A9C73E14920E960F89AF6F3130B138622D37A5BC35116D6817B6F8C1B59F9957791DC9870067EE8882B87681260A557D996DB0A5D95257F0FC5952A7B7552D9358055584156C645BC1316076CEE3A2816C6EB161FC318
A=-$98
B=$2D2
T=$1

[18]
S=$2015F6EDAEEF808
W=-$1B8E1AE6B72621E9D778411F93365CA193E04F3560D349A9C650B179ED94208D4EB72D20A77ED1CB7C3BF58E6F360AFFD9CB4A75A5AF22F058143518C2CF55BB0AE08A679825A76C5CABCDFF8F89D2C711A92ACCBBEF7E7B250FA911185A97D45F8CEB9C4B736F8E948A051910FE1DE633465916CAF37632BA76B5F9CBDF236064F2E1ED664228B3085FF14D54C81DFE9369F3E5F2999477195BA268E67003702C6712E52EEFCA3D4C3A2B6
J=$4A8B2C86AC69A3B16B3F53E052044B2DC93F9F2A7BFDFBEBF20444F1E08EC320DBB8E647018FBF53A29DE5E72AA8673B3943FD1128211F96B35E41696013B105FCA53FC2AAB69FB228D353A15B92E5C47138F7F7B5475EF51D26EAA5BAC8A2A50722B3FD0FA33734027E05118425A9E47D6DF62150ADACBCA15298A697F3447D766DE9B26789EF9B9DAA81DB9EAF189B9CDA6FBE6D347D926DF9D4B8DE55D6F43EF173283DF12C097EA00977E917E388185A39AA7D17A2AFC2054B546590B90575EB52B17AF4DC642347E871D58352EAA614E3AAC80BC54201750FAA596B8F1987B134E75B96B623E41F237586226B343892C1AB3E9BD341C6C7CA7BCD7061C84B7D561BCBCA00A786671983CFC4D91D0A1E53189FF94105C4BDDAADA1E8BE84C4CD5C442B4E2E372AA58E2CBB5A79372EFFC980C88A69462146A119B23B5AF8059D579097477219DDB2CEB879A23D5032B6299CF56C75
T=0

[19]
S=$16D38907
W=$595E90BA6445D69686BBE8450B31087D658FFA64260E7B7A1811C068FDF2AB19FD630CDDF42E03AE4FC0F38CCF91CDA172990297594DE469A8B2538BC1EE42B41F35EA36CE0F2FCF38128F1BD15364C0BB6FF7B2F9770A061164C67E51F22AEB3235EDC252076021B05BA15E615F120ADCA82D69ED93564EBD5501039D578E0F1801A27951FD1C5A822E457F4662EAE0092CD84864F3F467A763CDB779878EB15CFC148A81F525E3
J=-$421B77861E1B35ACCBD8D80CD0AEDD8B1BD85F29FD326680A39DA3934C3A07630A908768ED5A1E5B68535310342B0F71852157EEDD56859E50F8FE66C45A6C5D2C8F57729370C363047BB273138B2B70187F6F2757C511BD53BFA74B32D207855B6E40EECDC164D37D9A7E770BECC66C63502457655FF6EE3B4E4E7046287C114D218F50831E86686ED2ED032CF0A2272E2CDFBF30C59200719B22EDAF8C5CEF4AF5BA21E190ACD9B358FF1F66E72CCA855B7A41F34703A0A1EBF9DAEFF851F918CB071528F47981F9E050687737E58B023C9E786547C2ECDEF271C7249178A30EF1A6AC096D8C748E3DCE135F2660C26D0478ED0B4FBA726E5C39938A62E9F04C635E7AA6174005B7EB26C28B92159E11136D03EB1C114A25C1C9E257E26CAA9F00A1FCBF8721A62EA5D2E2ACDBB4FC35CCCB4231CFEBC91452768219F7579956669B5A0F582F9D958175C7211C2A1
T=0

[20]
S=$159713A4
W=$54E75CDBD42512855C4412F3923C09ACAC933602BEFCDEC01421976BCD247F6AFFC5C5B6A6052826AF34735B36B54ECE860FFAB59085C470AE21A14961F0250F21B7718C895EB010259A2AA177C2D5DBB14928AC7ED4990B75B1FA15B88070DF99584F747FABA4937178909A31F30AA78E966E225794FE05B115FFCAB73A23F35CDB06133873A467D95031BECF60290BC3B2C8AE5B2678E61372921EB74602641C59639C39A64
J=-$2B182C97751B9AF2C6A18DF7B5CC3A9185D563F8B106B6B445A870EDF3047892E2A8014941DA1EFAB459F873E9D9263E740EE96E398B07498587600E8DE8AC4261C0A77111C26697E9337FED8947047442F4FD6C31879849D76B9256FB45D35919AEB6ACA89208D1811BBBB25FAF5FA9637879C6585D4470CD7E45967E8022B001A18739317618DB3C9FBAC7800F149E2FF418D352F59815000ED5A449AD429F5400FDF9972BA374325B0C8D461C01922CEAA0D67941266F740AB667151000F076629D9ED43EA8FA080C4421E1DD0A25FF150DFD28274EBA43E9E0C4D0D124AD01460C2BE8571DECA76A3CEEC283850497F92D7784D868925B41902E50D1A4B82FEF0C7D8947E2FB1DFBAAA4102B8CF7C43339E86149BA70BB35F75F7C65111B2421E1825F05C2B822B862113EECF436F64C13FA3B96ED23B88BE97FC6D1319DCC97804B5066804628D3D435C
T=$1

[21]
S=$167A9B46D994F28DA
W=$106CD400D5B5B2586FD7A2E7D016DF93B429FA308DD94B220DC54C202587BBCE8440F29523739E80C0C8F77A41B420C9D2B9BDBE342FD8660B262534EAA923148DFAC527EC2F5E822B1277F9D516E7DE4EDA1D980F8D65D9FADB291A286792EAB0C733E23820B2A757FA9530417934D8E718BD4C7606F0AFE8ADA0202CF9C80F426B6AD827F94D385C3B826524F517C0ED85D2BF9B6324846299A62C72827611FEBF30D5C4
J=-$2C8F62EE4702A0EB203A1B6463C051667889F0815A87F9E0CA9044FE8470161D5E1ABFA25C7C0F0208EAF540275C63023C9AF2EA08AB808E5153BB15E3DC667688E8535C8AF44E893C6EA360EAF8E4AE02A3761C450D45025B64AEDB645884ADCFE8423EA224E587F67F1B654DE850315F7C55F8C5C5919F1484A3C2650B43AC4472E9DEC0279ED2D8D6363B79534E2AF35AF78C24C01A1D8A4D30ABE65DF70A048E60EA01FAA1E0C7BC4A8ABD059E43F0987FA319BCA7C6D20068B9039FD012211C21EB6A2C293FA39611360D4A0FC3FB40A910DCB8921F1BC481DA2099E5C428E6B67D6287D901023A99236CF2640CEA4F90603755A9B02C22B279A2608BBC9F7E4CC2190EDEDCF3DB46FE1EB5C7062B283FFD0C09BA39E43694F648CE72C1D9216BFE252E91806FB8A280F55D112CBAB056313C7618502A55E7D9F99644BB2AD00D8CD08467AD
T=0

[22]
S=$3DC403A
W=-$87D1F48037CCA447B1C21252140A3861837D7A0621F1E07340937369EC99361A34C9A43ECD2A873333234E51A43275326890FA53F87B74FBD1CB850BCB779707940FA35FFE442D09881583393F15444EFA8FAC353F3CAD5DCF45865F953651835ECE8D802779B83A0CE2FBA131FE11822F216EB69D5F926499C391C60F9B63D386204D75F409FDDAF734C8D2006FB3272883FFF7D97B7341C9477F78D0DE926C4
J=$27E4DA59D0B69686321AE6F93E91364F13B7632DBAB967DAC087789077F8788D4F6DF0D3A2E88619ED4BEE9EF95DA1A6D66FCEDBB902594DD5E9A03786B8C1B1865FCBC8D6EACD2B64678A81EFAC396321C4F543F81E94467DDD1E59FF6A1F1FBDABB63952B71A905970C52B9E2B76B65220240BBF2A6064CDE52903D38F2096A62B94D5BF9C0182E86101053F55688889E8F5C06FE5276D587D5E038DC1662434A35BD28D715DDF37A6343610F33977A64C3D525F20FB657DB497F9BE90578FC1A5BB7DB9BC23F2170FC11DA14D2B9D23D45EEF04C8DF2AA9001B105BD8B82AC601A701A0D83BA9757D3C613D25A5C4C882DAA24F4AF7E055382A241A150871AFFF74F677A354E8FE50085FB5B4AC69B263BFC5E1777032DAF2C663FFCF68CC66DF1BA20738DC54BB5FDC644D9ED674E5C752EC7A3D0670A99E0E8DA9962AD9B
T=0

[23]
S=$178527A73E
W=-$249146DA88DD651B963CDED6D2E304B5BA331B0EFC6FCA68CC1892C76A9F9DAFFCBAE78D3B5F63679324B613DD9AEF1EB45EA19A124B656A81C5C8EDC6192CDA5C1C2817C4B84839250CC9E52EC67C48C6F8E38E8EECC7FE83218CC2C3888E731DC75D802A142BA8C8089FD410337616F3A4BE8FB4C3AE26DC0907E7B972EA9AAECA3D2ABCA02EA2FF9EAC6E6DF663F96A3650F6D9C2FDE63F097A531D0904
J=-$701F0F196AE3FD142A82CA3E3E9C2D581C90543EF2E53FCD3D5DCAA1B35EBEEC3B2AE424867F43F7585E959E43E8B8CB4971E380E2B511552FC2E3FF688602F59E143CEB3329DDED007FA757E4AA0868ED8B1B064573899B3DB6D36BA628C242AC3EDAD68BB40EADF75877906AB488AEBBE4F557849A318CC7BB45D78E2238FEFE6E4ABB037A7158BCA89943A485AE0245E9CA226D4766C95670D18C9F9140E0F0C01F9CA3D51E0F31306ADD99A31297E1E30B1590B6AA68446CA4FA646C425308A8C7000B60DFF361A46CED1D7A4CBD5F53DB1554E9C5BE85C9D319BBE15B41B29AA2D78E40D05D9CB795F06B6655AFBB2CA8C97D8ECB30A4033EFE9D5AC7D406783E395E3C543A7AEE967A5DE73E437479A0788228223AEA52066BA233D91AE3704DFD7EE40674A0702ACFC484C9B8441E4D662EBB454D9C38873A9B6
T=$1

[24]
S=$267D59
W=$153EEA37E610CEEB2CC2FD80C7805248058455F9F0F2794288FEA8C8D53F9908DACA6F96E76B2CF70ABA608590292E4BEA1E1597CC95154D6A4F931181BBB2CA8E4A695131B14CB94816CD2DFE680F28A250C8BEB8EC90999DC59ED9830DED53E303BA578FA34BCACE8C241357FED64A622A51E6CF957459F8CEEBF243826A3C808367FD165202E8A2C4914C02E4CF9F894F2A60E770D8E3F2A5FE870B
J=-$4061523FF81BC3E5ECB15C15F1A8BED76DA779F1FB4BA184DDB7123F0AA2B3A9DD9F31EE5543EE044A592076F13002190EBFBB9DF0B457D63985C38E0C70A2A499BD01B531B204D270EC6D55B16BC0F4B5B247FFA5375B27CE5E47140C673588EFB09728C447BEE71F6D7CC694001C62D150A1A5075ADFD1FE2EB03345B2E513A58A0C58B36E1CBFFD98F026AAF91219048F485E64843CC286189526FE3D7091789CFD77FC9B2CC99CE970F0AA7890C1381C26A466495E43F6C2A32EBFF97B927BEF59A8D31B5EB7AD4F80BE213C297BBE89ED53F9F34FCAA7FB59330E6EDBB2149A655F64327A7038046283310D44C22C2B3A33B8F85FE2B2BA5708A3D6DE2659974D85FD552448E6521BF112DCE50E219F7102368340F377AA00DC030E7E638D933577AE64DC6E6804FCE382702E7F45864D196C7BB3EB21
T=0

[25]
S=$5F723694BDC0
W=$217F935AC6BDA86A62772A89654FB832CE32097B67DDE9BC0980BB87662C8F8A269BB4070232F0C5F2D8BDADCE91B4A92380BAFA7E5DA42B917E72D16423919D7D29F60EC209D57D62E838F124C7F345C9E319AA6F6D3ECCFA5F2382D8D2C662D6D5FD6761BCE7E6D0DB01E546036B3E7DFD532C3E862A1D9F1DE585B5F4151696ADD105E716DBEAA9540E5582C20A25618245196ED3F4E9E3B1082
J=$7683C7F093FFA9DB50E8ED8EEEB14273F86A1CB1F6CF739359F9C84052574C3BF95902FA839F9A9828B54074E74DC3446B947C1D7F111A1F50C3BFCB91B1E5D10F94C25B3F0C99EB5F1E7397CDBB92C9A24B87C7CE94D99A3491591793D794C17ABA62D250E4AA83D316442D8BD176FFEF5410A54E3C98905576E919C9ABA1002C28F6E38FE0479BF78AD477990C4263EB16418568D4BC314202B6972E715B172AFB71219EC719E99D0C73D9D96D6AA5B592BA4686FB09BEF24376D22BA1C0A99DD3BB2E523777250912D8A3FC81C71F47B5C6958414BFDF6108BD610FE705C85138123A18F2AD27765C2FEC540F1E06DC51CA65DE874166518219BE747F09BD5467C97FE6521D99A7938CB1EC264BED31B0594D2EF4455EF47B567916086F7A01F516382B62EAAAF79E9A1E206A1E35F83AF43556FE
T=0

[26]
S=$3E148D08
W=-$103AC6E5B54272C4EC0BA8E90E43E56499DDC4CF78111CCA6E93C0EBE48D30E29122AAEF3B4C7C437BCD7F167A69744A7BB4CC7668670FBE2BA047E9478E18FE43B89EAB897E6217B9BE7966DE2B0AA52B08858F4666928D251340A05C6EB1CC0918AF4A96BD5D98B9A09A493375A653FA73BCB605F3F8ED8A037B1E5F3DDB3BE134F903AEEA4BDEA75C1A9DA6E86F1C3171F0BCD70C88A8E
J=-$1E4F461BC6DC9670FF13372E19FFEC6372ACCC9767E526DA4FA3C918CF5A0696D3E4DAE5DEF63BBD54CE9A10D2A9809E5FAE3746F137ED86A356C84C5F78BD14AEABEBE020ED2F3729664DB822CE6BFC3650708F3BAC2BE8512EF799D733AEB9BEAD7EDE5C0B969693C97B90BCF76602F9723A069AB7DF8E0E51E9299137284787B14676EE8E4697C5F79644BCCC4509BE132ADE0B447CD88843CB080FB809E58992DD11504E967A0B92F004E1B6E4B9B7B8B81377C7EBF41BDCE085BD1176F76060BF0B782A71913D19F233A6886041824F9A63F31BDF25DFCF9DEB10550AD108CF55C00FE289F6CC3609E89AB14D7367EB2CADEC7A9B13205622A0F20BF0010F6EF3AE34C0CD3406BD7AE549322EDAEAF56EC8AECB972AB854432B20CDF35E899EED73659839223EC6DE1303322F0A9
T=$1

[27]
S=$B821367E15679EC
W=$DC9912B23B3CB4460DEFDC79F6B20F2BB19334003862A209BCE24EE16D2BA6B5F3DCBBCA2E256C66D330CD1861BB765D942585D55E206A089C435D1DE3EC849BCFD090797623F799921F1ED0015F447DE5562923BB909E63171162CA95EFE465BC49D757E4BD360E9797E8CC83F7CE0F3062AB462CB6CBD3B180A388037DBBCF373F0E800872D58B29AE4ABAA65090A3CA9A9917BED74
J=-$58938CE71BDA666D7F19C2C2D32061AC017A2EDFEE2DC6A6F0C4B5FDAA259AA7BC3C5BDB3E036D1ECA88B458667061991CD05C02711483DD4830D19F680E9A1AF683B1ACDF3BBC610898EC718389D61732CB140D0284D3376CAB67DC388E58BBF2E9F25B7AEB2EEF5FA3CE4B0428C4E573FA3F5FFC7BB4960BBEAC32831D60FF0D800B19E332F001DE0D3F1F3CD387E1D01D34D95D7B561652773C10B47147DD1EE1B4BBC6DEE64D983C34B593B6F8A247DC6EDF5DC4C87BED22221EEBC589C5C5F30A36B80F27FC308CCD8E1B0D53359BF12827A3F60EBB9E664D07F84951EA4A284E9BEFAD0B6624DC6519764902F37204FD3E3F8E25FAB7242829D8712FCCF353C4428725CE786AD0226D1D7A126EADA3C35BA29C85B5893F7E7B765DDE771F5C59E5F37B012C9655E26EE
T=0

[28]
S=$76F0AF38F61
W=-$4208E1FE6E180D6A55154394D42B7F31D4DF5BD9C70D1AF2C944B05FBEDB9C9CDB6074290FA5291F451C8175ACF814C346CE729F2A7327A629FD714A5DAFA1CFC966C8CF8F8643F6BF9616E9F1B172ECFDF581DA7371F770CA0409D4C310DCDAE601A9031490405E12CFEE6D60992F4714703BCCBECE71B48417D8952C732F73996923952EF34BD55E4EDEB604685BC671AE5D
J=-$1F1027FAB2336D66B8ECF6287A0D9FC5B89E111AF0589A1D17C618F230DE5630EA381C31B0531917F9AA05F9517E86F309C4AC726C3D0884D935B0435AF283D055DCBFB3F555BF4638B3333C16B123394B63552C9A16F61F735025083AD54427709C610399B9438F4D855857111C7BC8018CBC5B8A7018E69C9A82401C12CA1F948360C376F92729B76E6EF065920F7B0440F53A5B4F3C66FD2DED5C36AB33F9043045CEFA72492A1653DF2BF3049B604615820E3AB092E9E1983A66A71919BBF8BFA8EC1B9563853D3B36F6223102698A8E4A9184C90E4E4109DFC057B3EBBF4ACEE02241326392C6B28DB75A9B45A2B47D26258BB7DA7587F0843094F8113387D700FE8FDB6872ADCB33F21A369147D91C931EFD0717E969AE5EA66ED52F9E65B64DDEDFA
T=$1

[29]
S=$D32625C
W=-$14164D2BE54899F347C7C5E4A5A07E04847F5E27B1C3571ED5459398BC39258FD514E325806C4DCD184DF2664AE6EA9245307698C1FA775E18ADA4CD5273BCFC79BEE6365EA187A345A5529733358FAD8508664C9E050239CB8BF84DA84E63C62FD55F61F9C83E8E04AAB0BCE1E1A223CDBEA5B799C89F0C68A0B370E0A179D60D1C88D02F92921DF00E2D094D6923422
J=-$1316C319B52CD8BC9A69E068E9B530EC0300825CF0D95690B008D7E7CEED532AF656692E08711279BBD4F12E562BE332C0B08C77201393B51C5941912A4B8CBC3676E8DBD1ED0106291259EA3F8252CF48ACE25B331E77A39EB3213913DBDE7DE24F14E9DB9AFFB74102ED62C1C9A51F36B5260E6689B7FBC5FD5E73A4CE00FA5E98AEBA46E60513689C395879818F05858E35E9941EBF6ECF0761E0E798DFA110EA53BB7CD7E05FDED8FB6D73DFA8866BC2E631FE3EA9CA1C24F3FBD3CEF64A7DEADB2E7A0144D068257FF8E29CA1BF17D24AE2A954AD1740D90D2529EA614FFF74A34B6698ECE4446059FBE0CFE47A18313DEA2CEA1DF6E6DE1933F9D8FDE5A6D85BB741D2881276AC6B6A5FE08331C7700D3E7FF427B8EB74DD06D525BAFD
T=0

[30]
S=$110193F4
W=$69EC44A315898EFE8E859A77075909496F3A81D6FD3E53AEF6D6F54B39F7DB6CCAD2880AA7DB97CACF500073D2F50B5D4AF8D8C2A64D77C7D9B5082A0D800381178BC9AC0CD70A0C9B54D30909E4FE506ACF8F9EE6082BEE82ED3302005A33FE1BA2DF3F23E7B65FB34E467F2CD952B95DA8DB64B5338CBBE9F1AA3F952652665CF288F929BC9EB31AE759D283706
J=-$33D8F54B32245B66F03B0496D5CDF2F4742C119622E1AEDC744C26996D433CBB47F993892F52F6EAD70939BB37501338BF8AB3873AD55101F43ECAD012C39E689F5987F0F7EA397FDD3B6C6D45F852B623B592A2680B01A0DE91B8B35BABB40C000811CC4A252FC9C86F0FB3A6F0D659CDF4796E4E9C17D3EF9DEE90C4CDD58A9CC8CDE74AAC5D0B41A91935EFB9E74A4008DA9DB4608275812AE24D75D3AF29F9BCFEE1CC8C143433A48BD16C43DA42CB5CB276978D58EBE32314C64DFB59DDCCDB01674EE54841D75CD66A0A8FF2FEED44A99C8371975EC4A6C0542AE37D06A5AD096C592E9A0FB215CF6BBB5EA4267AECC5AC038124337B2C85682333F8CB0A4661D9DF620E1214C57BB5A5EB9C4059C378F47E764A8E88E53C596
T=0

[31]
S=$99C3EE0
W=$DA8EE6174A7D0FC3599D11B16F9EEB472B7EFC59067047E7AE0806D6F21757477EADF13D1787C525E062F524BB866A0DE390F0BB3D92A1A7B6F9DB8F516579575DCFD97E1CD9E26DAA53A58E0A33299C04AF663370C335375946F0B9EC7B9402D483B5EB3260C1CFAFA040426372634B733E2BFCFDA5D5D1793412A3E41265E79534486EB2B1DFB673293A9B6
A=-$23
B=$62
T=0

[32]
S=$3E5937728
W=-$74E3513A62C17ED440BE341239DA8DFBE2F6B5B6947F29DB53FFCECBE73178015B78F3EB84F2745E03C757640892F0E7161E4E01E3BB166ACE9D92B95C8ECB0633F4FA28EE14560370D44322AB8A7FC40C8E4E9F735479578154578B4D9589C09AE67997782D9D7E73ABB9E4D0E66B89451EEE734219206BA650A89CCE2D9EA2F1AAE13F05F1FF1F29DDB0
A=-$23
B=$62
T=0

[33]
S=$BE934E52B35EC313
W=$1833A2196905033AA9263F357EA109A0EA38EADD4EB57A902D2C47933D7F79F523D74E5084602632F60F67EF2E3EA97EA76D800FDE6046D80FEF5D3BFF082ACC1079AFA298BFE403F9D530E569A7C5906BF557CF2ACF61BF1F7996ABBF2C60586679AF0B337C91B4355566474C1FA9867832C862C12F323580A94A999BBD93466B34F1A074CF74B62D
J=-$223713ADB75B6C1125031A254DA2FD115A8D0464420AD456B2E6E8CE225CBB59915E959C3C299F202E017CC37191CB58DA9F332AB97020027FCDFE32C3A155405E1638F967D03C6F5FEB61EF3D4B83396AC6B679D89955CB8DD8AAE7FB35E24152F781CB97762F45EB535086A8DC6F1B0CDD6AFEFC5AF25F5E6A62CB253AE756DDBE7BF1C8133B2790322499F4168DA75D37C621FFFEDFB41F37405FDE55C8EE591093B2F0F863E4BC19E14E768CFA492BD854EE8667183C6A016341535FE6B88234C50346BC8F3AF32743A77890D3762C0D1135E6F8FDA2DDD50F8E3361CACE5297CD07962E735E8ED8B07BA69A74950CAC6EE4C13F9B356AE263363ABA677A849FAC920B51F74B068A82BC219A774EB68
T=$2

[34]
S=$11868B4
W=-$40C6DAC4A5A386F7E4FADBDA4D54DA0F1B580CBEAD0914659861AD10AF8F945E43EC0D2FF32073B323893DB2ECC2FF2780596C31E36918D2D39FB66454A1675DEC88D02DDC41BE5FC7D1E771EBE674433F954DDB9E74BC9822A810AC8A074ECF83816943794E0257263A689F38A80A67E7850A7759D2790CAC006A99AE0A29F9A61FB04E6A
J=-$2952658ABF7FF2E01D1641177F74067EF0BAF021FFCF0B6423AC65D862728EDF67F8DB87D80032C40E63B9AF292F2C1059587F4FF400B66B022866137386468A859D5CA9ACD2B05D67227C3CB19C4A35497B7187B8B3BFE1ADEF63487B40CAB61CEA46E9793ED9CA1C87F94A3C9DAEF12385F0B32B421EAA07CFA0064C72156E2E3A1D155049CF385889BA5011BCDF6B3407DAB79D3D529507C06F3C4D7C457CD3C04AEF992163BF5B510B05F11D9C840D68495131141724566F9221BEE7B4FDF75B251F8C54A52531A6B5E487C38BCA5E39FB1C1E626EA3CEF3CCBAB1110C7F93189A3BB6532F0391BA1B4C31C109A9430CC50DF89CA02C528CE8D36388CFB58FE69E7A11CE8FD47CB
T=$2

[35]
S=$D77834
W=$1508BE10A8D65769F679E5A95CFC9A43B9996E102C7A56E5D3D056338CB24E22B8B2DF102CA48A3BA23137295DBF317B555A056B93547E1B61DDCCEF11A7A8424F3A59DBFD04E2BA28270F3F4B8674063B1F8DC9E02D00E6C4799A5203221BBFBA6D0037B093319980CEA626DC27D4CAB13BE82481E23A7D4551207DC0DDBF22E4A2962
J=-$E3C2FEEF408011707A0BD4938C5D5D98619AA1EE16036CAF3F1A98AD4889F333BEE85BCB0D226DE3CDACAF9592E285F0C25BE2ADC9EAB324648C77647F9C4A0EC2814EC75C574932BE9C403C3F33BB303491280E5DBB7A6564535E04F3F8058D71EE364A27CF04664C126EC4CC2E4EB1E472B2F8F910DB82DC18882DBBB352778E1D464A039126F9E568A9647ABDDBB6B9A8A455052C2804AA29511ADE37B8A8C637805120337323C7BB0BAA49BE052C731383C05782027FEBE52312C6B6BEBE73142E58028C2133487DBD7EEAA4503121B4524C8EED23DF45C96420A37B5D84842CFBED40C51A5CE03700ABD7C2A90141386D6C3C700480E84A796A0EB6ED1AA5D725F769BA
T=$1

[36]
S=$22FF154
W=-$2D30DF163E052F100617312E76A1E486885BC7E9BC1F7F839CB6396520A08953F6FBC4A3AD782E12151795F797A38AC69F3709BE504A2A11C8E9C6459C0731EBF782EB81CDC3BA69FF66E544E8EC5A0B9928BF38786DD663C864D713B447D3750F42F8E24277E0877271F24676C615452D04FF709AEF9CC256D5849201572115C662
J=$124AC4E8CFCCB06683ACC3AB2F0781E910061599BBACEF14CE745D8C269602E03DB5D89E5345E10590BEAC6900DB32FE811A36B0EAC7816C4F6A2E58C0AA009E6275B773146A7F19A3DDBABF7153988E037209C963374F3D1D2C0FFB16498E4546DBCDA4AC2A50E08C5D4B3881C36E79B89C79D316586BD45CE939D5FC0C80F7ED978C5328804597D7FB7698134F1AC1C2405160738345D222ADE2EBC898A8E74375E2716CAA5216108EAEF69076AE8A83533ABF80C7B518619063B3A58921B1480C6D26C4633D83419ECDA7532D4D7CEF8453F5AB7680B98CB6956F108988E803B0F97488917C1F5AA4961334434B10D189AA35B29C9E3F9F1ED0CDA08269151CE53EA
T=0

[37]
S=$110340673
W=-$34214F16EAFA358F4D3F578538B8E90CED75EFCA1DDA51A0F16979038C4C011C93E89E4743FF9008330949A1CFA4EE28162EA21689FA91815B94E801BE08334058AE62394ECEC069CC020B9335939C2C3BFF1A70F3DBEFA6ECD24A691609919A6971F16002E76EE58A62CA5EAF11C075FC5879D049BAEAFACF3637956DFFB8DD9
J=$A7E1E6D679A12D149F4A56FBD6D3684819C88BE6889170190E837A9D04480757594BA8835C7999AE254DB45667B4C69AFDF01DAEC2AD3CCEA0C111D8A0B799797576E2C5C327F7E6B54281332E2BAB584FC6CE72AD35E86DC1A80AC1B7236AC23564A8AA16C14CB9582FBAB082047B092537EEE2562E6D3C2DCCB4A3A0CD607E16FAA07193181F876AB408567FF2A1B1555C3BF43FED8414B4E7F3C5FE34C745D9C7226E58DACD6ECFF055010B9D520CC3CC5A7999CE0A1D88A9058651CE13D0C2348BC50879AEDAF7887D51FAC6B37A3DD7736981C3EEFE32EBBA23FD2FB7C073DE4AE0483132145F6E33DB9C8E66C893F24068FE09F87D2504DDF3725AD68D
T=$3

[38]
S=$3BC3BC3C
W=$29C1919AB507564B89B06D8371829FDB42DFBBAD60DA297C62B2C81AA1EE53F2D108679A7AE8CEE4C3B53D74158FE3720D30FF49ECE9A777942AEB6E5F115E9C170686E967613227D754AEAA2B5CB0A80E24B7DD98F32626594F824520F91F6BC6AF209ED462FAC97DEAD372C9BE35B9A0F9BD6382194002C8EE71F15FFAA
J=-$3FA47C5537F917642A84308E67CDB7629B2D94E44D69A59A2BCB144AE32E2623A07A64B16B748CC12ABA23061C87F63D0A013078DF5C82AFEF76400B0293B28785A56A2B1EA4475E61AC54511EFB9CB2A0AC18D7BBAD6EFB28B46F86EEF0A204833B9011654648BEAF5D7705B2DE71A545D5E05DA88FD6275B50DD60BA5F9B1AB9525EAC02D1D4EBFE8C2E94C9A855BB8CF5D00B0F9091FD003D7A7A73646F1327A82E35114BE49E8193F655BBE3E5ACA58F8CD71E7ADFA1700D05CC8C0DE1E67F4DD71E20AE6FC1A8F2592A058F064F44DE9761C92F28BF1F2D37B57B65C610D3AA56E36570D793FEC44AE6A5B79630A57C461EC70C756DA23D2F4A
T=$2

[39]
S=$988898225428D
W=$3864C3C5E9825B843DB9D4C55BD08E3DFE48C0EF8EB146C944F88ED22E4B60F8E56FCDB4D09E3146369D2ED3E2A7CE6F026E43F9900E46624516A96D19854DC8DBC84D3D61D58A9F240F2D5464DE44D6DE58C70F0F888810E042D5001265282B5128B1E707BD23E4FC9E9B4D7F7A0916CCD3028773A247CAD5118B617
J=-$22CE69E1C2CF4CD105FE39CC05904EEB713990BD7573590659ED86493EF59651556AF7CF72FECFC33017B0FA1FAA9834C126BF4EF490CEE75807F6F03240BEC1D3011FA93B37FEE093E0850DD39A51961F2731F1DF74B2AC74369A28F54D2CEA3D3C69852D4DDAE5D2C6DBBA6FCB48D62EEBF62FBDC649C36F379E020EAE52A7376ED116221232BA7487FB9947ED33EA5C2E597E7266A28A9E5F97B2506E075D3336888FD8D8DF2013FE44C75542CE4DE0E42A6CA919C2B77976E71AD719428DD46FC1650DF1B39B816DC2C93C1CBD29BEACA3C5052F65F435BD3AFB0324522C59B025360D2584AEC388F8A6FB319A0445CE7F684B524C907
T=$2

[40]
S=$8F1A78
W=-$1D73307A3B40D74E3C72FFF401B76125B19C0F30D990D53D3010C2445E8BD96216DFA5907684891169C245ABF879A4498AE1A2EF9CD7F2A82E6383D96F68C57D9172FB8D7C9883EF8F56CB1A6DB967F9BC3275A23AFD20FD956260B324B9C09B829CDEE8D2E584048CB347E97EA149269CB10F4B455F5499CB6
J=$6BC3F500AEAA9E906D3B0BA0593D70D5F8585CD683C0270F67B249BBA3A54CF8CCCB2216E4270A2D2A1DC50BB11861DD7DD3A4035F0B037D5CCAA1EDFF5FCE8D350657FE43C1D0F5B0BF5794443A2436818A270948446EF6255541ACDD2B4136576D400AA013791B92737F932E6929B6D80A075B10B0B463263D0A28B8B40A461E1612F29A45BA4C4793EEE4ED3F4485DFD3FC4280D1DE0CECD45D1A2C076BE1E3FE9596E9FF244957F61674A7908CA4E609B4B538512DFC7B750540EB58DF051B55855C5AE46763031D5E5FF7482877B3A9E5701381EAFDF68944A3E0650F47EAFE6D83B391EAAF7950CE36D3C21B8A8321
T=0

[41]
S=$52C8
Q=$7

[42]
S=$38F1177E
W=$42EF6D419D0284F24DC69CF55666A06CC481E9A3A1832C8021A4401DC1EF04A650E733B69B9C3D4F904C4513EBA3B24079D240B23C34F69EA3BD8060F27A262B45B92129E19CCD441247CD807758098A0371B0118C54ABD53DBE7A09583BF3A2E1C568BD6DD51A3F08A1B1B8F19F444D4694D6FFEEE2D2
J=-$2B057CE18C34F95B303405A45A21E0E281792AF7DCDAAE64D26DD213417C3AE35AF360A616C8DEE8898C68EBE4D4FBF6F93AB182C2854120AC719153F0E7AD46C346143E58DD8E92C101B6DFCEE9712A5ACCA9A5FB784B60432266D89E0C92A1AA93FE7AAA41839B1033F68327BA611B236E85AF8B0321D33A3A4CDA655CD2ED2AFD5FCB86BF5D80F5BFDA8ED12F2D7975CD8B5B5A344BB8E120B978CF3029864A99537EBE3666E9FF2BB277DD08CB58B1E105D711C41018699B5DB170388EECF388E418E38348237627B2C1E6EE2D4016931487891D60C5D137BB5B7CF31FC5993E5C33C5D7C6691C507AA2D70
T=0

[43]
S=$12944D9B67
W=-$37FC42BA9AF91469F00EEC63BA29B3071E204ABFD75F224D330DEDA7DAC17AF17FFD4DE524BBA9237EDF45E830D592A6405DEFC2EFB5E7DCD94DD2C293598B2EFA5A6F6B5ED7311A3D67A6881BDA4351D4064E1BA980B04723C36245184914EF9A026F2185A144A30459C637CAFB43A379C97AD86D
J=$80D4E1D6E128874A7132C665845514368199E3FF1C9FF27AD34997928192BC8A8628896FDED55CC63F61013B4C1E049BD558E351A9E6B429DC6A86BE9906E520F3980646A8AAE14BDA22C31E5DAA894061EFB81427A4764E92BED4AE1E981B34681589921A1845F319A5884C8A9D007E0ABFCC4456036D76D936B136A5ADAD9575518EE1AE209B828501330FCFE40B89A5A23E39D5564BF568CCBFFA4076C252AE8EA54DF21BC7DAFC0E2F76F0FAA2D70BBF5175C67FCF29CC730D23EDD5F77169324E28D23E2269D063CE06F5D6A1BAD843AAF773BC066600C97AC995A09B421B9F9B53781C6FEE551
T=0

[44]
S=$2363351679E6BC8
W=$2148C5BBB199469D72D38992AC0D1FF4F93C2F511DA697A90CFC37AD6C101CFB644C13FAE1C4AC2E6FA2837A1950DA7C4AE81BF49BCCD671F0806B004B56D73079745CE2F2E4B2ACA6E02C7D6FE9FEC4D13AE62CA85263F94D329EF1C82C3D93F1FCAB45D128C71245DC3F2E8207B5BD34743E
J=-$88787C8CDB30E37C41F41DEBD026C730D4070E3E12C9A82E81065FD30EAAD0485F68E22C26A71EB84361811A249FBCCCA50714CE310952882490155548767E75A160A3625243CC6A10024F8290B8B3E03384F2FAF350EA165BABA073F3AD3749882BEA3950228A438B074E98A36C7F763AD3F22462D3DF9B284B9C449297BE45770FC219B70C2E0725B5A5CC10E52CC9115831711F8F30FC1E80A95D3FC3C16BDB753943F801B3FFFE4C66D64BB01F5F34E4112D139FC3BB055864586F0062984853EB10A669F7CB3037EBDCB6F36B1102B0CFF09EBB2BAC144D2FC5774F72AAEC4DB622C4
T=0

[45]
S=$10460E83C
W=-$DFD4D2721751345463070BD5B13BD43037A5A8F63BEFD128BFD790AB0F9145C93D7874ECF4B459D3A605AB1A884B4C017C2C220AB02A1DF6ED3D53074ECC2A8A4E3517491FE8FE8043B53713E684A622FAAEE0857AF62D6CC1398D825F018D18548132B2E7891333FC0B1605D1D11A
A=0
B=$3
T=$1

[46]
S=$4CCA8D7BF
W=$17947BC64DE1B7FBBB9A76713A9388FCE57EA5DCCFE04A9DDCA4FDEB9362487C80E4DD4CDEEF5B6DEB3DCD775A6E68C4317AA4F408681A6585679201261B0241745080E070BAD00E50ADE378498D2C77B201CA5A50E4700FA209A1403DD5FB03557DD04350C0E707B4762C04EFB
J=$1EEE1D41C32B607378DA90E66B1AD5D3267F3A59B61CB75A7C6FF09539F0FA92DCA03BAC7486B7A1D62CD349081004925C5629EF084ED3CA27C3F78CB42D6279999D1492D7E7C75E2BD9935606167EBB4E6D04EC9D8D4DA5A53B3289C90428813EA00E96DF3D51EEAAF342DD3EB63050039E8ED96925018BB77CB363EA5D4AC5234D1AC08C4ED4FBDE9D625EEC6A7DDD381AA01D6850A2703795273F40832A3E45213B16982BCB39EC86F4EF0C479739022BAF794169422CC8F7F0C41D6E38C35198A026C36649155F6B8A168E76297DE3113613816DEAEA13B
T=$2

[47]
S=$23D3DA
W=-$CA9082F5EDB128ACC982E35022B074D68F793AC4902A014744EC31250D7433C7F5905282D3CF7434A7EA9519C555E2AF23754CE13AE9D9A210CDF59052EC56C1B3675B6C9EEA4548A861D38196E6D27E7CB4CDE8F7DA63E390AD6D5796FFABE9D81F8C0F4F2EBC6921989E
J=$1AA3062CDBB16871480D56061B1ECD635E121DFB4AB56D2C8E9A9B03006A9A89DB3C87CA628996659DF06F6D8162E434C89F35FABFEBCDAD3C955480B32D8A3FD9FD7F5EF79040CD0C20166E0EC90074DD77C7AF6917958C873AF2A8B5B409F4030CE11C6D7EDA6BF19482C0E7D320D3F1B34DA4878D9B9A5F93373DAB5FCEBA076FE2EA8463AAC43F562A5E57ED2A682F2844D608F6CBB7EAAB9C5F72FBB887D0F17CF7C3FB07696504B4615393C3BAB9F8132AD19C84A5B6E796DD9AD590483C099EB3B21B33B2896BF977D1272165DCD0369F235
T=0

[48]
S=$1185698DCE07
W=$2880E4D14F0C7D353B23648C2DEB96CF58183ADB2695890C39EB0B130AAD91F091608A9688EB9EC2790718572A11F987B6899F42156D47DB01F0431DA8A6A2FF8FA08352A3B9D919C8925A2C1FE83DA9C6BCD1DF2512AE0942F283B30C6AA742469A56685B48F2877F7
A=0
B=$10
T=$1

[49]
S=$DC2524DE
W=-$1B1E3A5AA51079F65CDD73D42F6FBBDAA0CE1165AE0F464665D155E01A51ED6A55F96A3F88F413A0B9ED91DAA595CE91FD43F46EA66F0C39C5DF0AB25FD448AB8DA46C2CB2B0CA609E7AA123EE92A826C5BE98365EC4D989F6EE07C37A22B2CE907F3A71C0E214
J=-$673E4749105F4444B778946132AB4496EED3AC163CD6B9F93584EEACE1CBA8CA2FA786CED449AB37863F5DE25C99C1C96B977A65C04B4BB7A5AC58AA1EAD6ED6ADC8B2D5126ECCA0731738A5C055AF12ACB739AF6B2A17D4188FBACD802526101022D0B0539FD3A2F52555691EE9E1C3031544896DF251B5D982BDA883B2B3DB0EC2B211E0ED1153383145F227090DA6F5D996508CFC4EE8398DBD183480BF432B949AE0894699F2E1D625E340BD538172267589B58B3682213141EABD7B3A63792030F793BEAB0909F935C0EF
T=$2

[50]
S=$AC192
W=$20C6BCA01417E06C7DEA814BEB95B2CC00751F0DE26F315860E5CDFAB35C721BE2741B8333BEC6D99A6A88201DF25A4A897E89309E372B7EA90247E103797921F7625CF437141663F4A3202B2075C4DCCFB2A279BED70F9E622B8DE35D5E74EE98A398B5F2
J=-$2E5687699A01D9FE9B0B15E0F6A383CADC58AEC74196585D2A4AF7F493C4AA66036A4393E80FD8B0DA6865FDBA19D60900DD6030E6D9056415AF8D599549EF9943A392EAAA601417EBC9419C073111EE2F83956AA0774B11555EB247B0CC337ED2CB2225513B6CCB7F5F4B303F018A67291D8DA4CDADECF64992F8C6D1813B67BC9B43EE82B3934A94268833D6BD153B2812E1B453A36FF778C8E15EFFA665CD47ED736B731F8686AFDDD52D0BB950247DA812594E3F5E57E08B1E24C6EDD528052169C34168D49A445
T=0

[51]
S=$3443E976E39B4
W=$D36A89C3F5BF1C797E45C25A31E4B3904F0B1AFF0018A975453F3D0F85AB2422BF1A1DF29A7B360E7C843C08DC923B1E06A7A0635BF3064D9F73E5A3519D10FB5E68CF6CF20276B572A03C0882F978BE64FE80E6087073418B13B45BF41184AF851EEC8
J=$AE4793C2F643796909147D01E0D85C70069C120E28DE7042A3D18F9B01FBF5A902EA20E0B17F89DE793077A870B595DB81051C8D96DB5A335C0E9A6D3ADE43E97FDE932251A386E53F3A1E514F66CEF639E89C914DD00275D841035BBC8CFE42BF15800FEB1CCA22C907E9B0994B01EDD709A8A2E45B32AB613189E0707BA59A93542489A5E0418626A60022CF12F1D61E1B525F0F59D37EDBAEDB1CF55EE880F02928DC1F6C8EF49A6BAFE329CB7C1B9D8E082AD36840C4A0E7157C6D0F46221D73904B227501
T=0

[52]
S=$1042039
W=$177A68101C8853C7BAC4DC8AD4CA5C889BFE7B32AA9099F635711FF54A7718C4C4333FC1FB7C96576864F3A5CCA08C4D9F58C7DBFC5279ADE7062C508FF07B4E4B551D225315FB9853FD3E6FC70EC3DAFEAE264E005697631EB598B57F304B87D5
J=$3CEAEAC70DBAC1324942AC2817FF8F783E546117C3A049CECA13C11C5E14A63C83F4281B80267220C9C168DF44D1E73822F42CC320D25AE1E25947432CACF2EE143B5EB0839F29BD68081866CCC6B8C07ED6097CD4E5ACC8FF58A69A5E50C362BC95FD585DC09D36926494D2D8734EB0DE84DF4D5979113066D835E53F478AA34BAAD20E711EB6F0FF1E3BB3BDB4AC3DE58F12F951BA4FD6287E377D578AC21D8C23DE8C1BD1867F595F1F088F0DF18C97E7F8894FF3DD9693469ACB5269AC8EE7
T=0

[53]
S=$8E200
W=-$15EC5709A43A72E5621F5481042A409926E5D31FEA25D9E5186C175A24EBA53E0378CD3CAD55FB3CE4984629A348A98B2E7FAB1C59A7F9E8447DB78DC9E99C4C45EB2287166E48696DF003063C4B4F31CB269D8FF21D9A0319BC57C575D1F0E
J=-$28252B8E43D85872FA0268598EE5C32DD06DBB7FBE66F8FBA437B1C462BF91B523ADA831E7C89E315EC32D55FF58A1A89CD29FC3993400BEFD89F6B0E19C2FCA9E7F66F4E42CF2DF3962333F4605F0F11E0AE3E077941664EF1D12BB4B745F74988DA3E5D14874A2C2184DC06CB384D567A65C62C7A2B6071F04D1711ABDBD6257DE0A988D5256CA8B353E0DB9818AB15067A0F5CA5093EA4D846FB4CB6D9E3FF6B542BF1E6ED599E5591F3E6618C8EFC4D39A8BBAFEA888657C336766C1
T=$1

[54]
S=$215B9F1F874F3643
W=-$4FB71656DBAC344318291EC1676BD6FB9EF8A960C244C7713EDEFFE3CC00890448B5481E26C5C5BD111C0AA099C1C514D34104A65B28DE11A760D8E5D32D037643EA5D72361B81C3E91F001367CA23102B61E4B6C8743B994F2B2C1D08AF
J=-$337507D3DC4C07C1DADCB43ADAA3BFF0C1A13C091D438283C353F71B7FAF5EC9666B925E8E448BD8C8BA2215FF2FA216415603DB4EF62198D8E9DC8812AEEE0CBB66EC89467CCBD6C01BDDBBD95879FC2DCCCF5779308B5C7C923BD7457181F5E2F41E8D3504135B1A8D83FCA0AC5140F6A267CD8CD1C0AEDA20C3A01733D310FC877098BC507FD7C0AAFBF7E0A5F6F79381BB56D65EEA3BF0874C8919CBB6DAED6E26231CEF8A3DDFB394EA7836AE1E715AE68B03A01D2C0DD1B6E
T=$2

[55]
S=$176C8E015B
W=$F65F721043DEC5307DA48618FF4C304624ABCD407BAEE1678D50D00DF69882D23F48B6601FDFBFCBA4562A10D2811918A4B5C612B220058ED8635372FABD5A0BAF3B5E67753E06BE790BD56AD3A22626B08AED019199FA1104A1
J=-$12700F71A5FB2E78D903267E80B0EB0B84FE1BD63900C119D4BFCED17AE8B2012FB6A8B1E07D4C355EC59959D563932B191708BA636A8CBD116A2F42C894C9250D4FB2B91B35A1016D5CA46EA2F4C127C64B45A9659A06500EC3843FB79FB7DC3DBEDF529AF5C3FC4E34388231039AB19849DE4DCD50A97A11A64CAFE00DEF065AD008E257163CA7F6C3486B972956A6A01C2F20A4391A17B6C56635309154CEA5F8928F401007F5809532BE2FB5C62B3E30BAA2
T=$1

[56]
S=$559E4
W=-$979BF2E88591EA4933DD46303A255398AD04E727E8EA1414D7C8686D9E24090A531025391C595748BEB65A095DF6281AAD81B814F3B03FDCBB350B3C7CC919869A363928EDE598E0D02A442B20DF783AE16B0E1FF575652
A=$2
B=0
T=$4

[57]
S=$26265B1C
W=$803FFDA2258297362A7B9B3B2D98112C966906946AFD18CE7FEFD72F15B298582A1BEE4C692A38806DE48B10DC91771ACD5778CD008431F1D4C6E86E315DB935F1E2CA28D46B1818848E5580CB631E0FF61116DECA812
J=-$E8DAD69BA041B6C3AFBB86B6CF40E5F815AB999A2D9AA8EDF27A5ED378E4742FFB1831ED752F81F8E4EF42AA42B6673159E211ACF97A00DBEDC2001CEB49ABC9716B5255C8E574C989C8AF9840445C91CD2238CBBD67F53CC2E410763229945AD4F5C65BFFB723A50080380298DCFF547EB8CF153D64E092913DFFEE082D1BE4B860AA1C8438A938047738F46C1F27645055AB74E3175D15F53DD79B9A2D02CF2BC467FEF015083B95DE193F7
T=0

[58]
S=$7DC36
W=$21C6D2501FBE6C2AAF54192A6E7A236DFD0BCAE897DA1A0A665DBD09EA3CA4EA650A380F2575514B69B6A589E5895BDCBF4F86695D187EFCAF78A9B89D8B5138414CD0DCCD3769CF48CA68D216A51C0E19310D3582
J=$1D14A9B1C3BDBDE1A91D3E40B26A4FDB1FA2EF90861F4F23C70B9609EDAB2FBC5242F2505CFB582E20E8D27577822BBC1701BDC0D574DF12C03608749DB4A8A083DA44DEB24ED948A38EC2A0795615469DEBFA1272639CFFD17912C3F575692E27F0116BE4D31055EF4D9CF1C2EA9F902082E0D016F47F96D14A85EA72943FCEEAB8C58BC038F2A95000892CD28729D255688D40B8E604EDB63BA02C751CC69E726F59DAEC7E03457D2
T=$5

[59]
S=$32081E9C46
W=-$93D323D0E73408E3C84EF7E40371561ECC9B20441FA4256C3247A3F0F529CB107916C5C671F98E86A22D0B428C235E5E00F1108C18BE56C0FDF426389A12C6239713B06E8180ED1882CB0A185C06E25240F4682
J=-$22632F5655E4450C05BEDFFF91E776D2D6607C6F5BE6FD5ACC8591944494C2357CEAAF892C2EF38289AA9468F7EEAC1E1D7DF0F503CBDC601127D0857E8F689DE0330086FF0121B49B3D728D0AD93128B89D15D70E029157945D6B6E06AD8F7F1F9FB724935B9113352D33D4A54A4C5CD1E812E9FCC86EE81AD55FE2CBA52478DCA0B97A98B1F6789F923323E292F4E1726A27E282891C94B8172613C6C41BD3C76B6B1AB89D35
T=$2

[60]
S=$7574C
W=$3A207742FAAC964F23219C4A8AA6B469F45C677290340A0F0936936DD83B70B508732B654F4D7C5DE346E6F0727227FD70BBC3A4DA63EAB43888F738D89B5E0649D95AE1D67B934420168E9D702615E8C84
J=-$1922EDB477E7235ABE3AB34A510175B03FEBE22045C6789A4C40795EA098B6F7043F114F73828AD2FC2F5BF20D486E6D4474E1F7603786EB043BA2600602E74894AAAF4CBAE58A8E79AD4856BB335E9C79F0F3650FE020D47BB0A61250F47949A941482FA0C01BA27C564E9C6D49C10C39D5058CCBCF5DC723FB9DB1B332DBE5B4FD1D5E7ADB3A4A14436295033D72FB793980C35DD591341967F11EC7E5928C733A1
T=$2

[61]
S=$43BCC
W=$722E33C3DBB7FB0DFCC9CAED15E1B980728AF1ADC1921C49A8DCE5ECEB9CC6C3155E7804EA1253EBB1700901BD2D3FF120745067C57E4E86E276096D298C29780BE2CBAE4A6F6E682843B8D1EF5A91DA
J=-$26001A6AAB9229398C2D381B4C1988B8AFF8D77A72148C135A6E2F693C22A7A3004E3A3A41BEEBD874A8A06A4A79128B97A4D25B0F21D25E93122FFD311668BDE56D44A398D25E2F20B600C8A51649CB288C242B66B221F1D39CAA8E8C73B62E2D5AC4C3DEAE4FAF4889BA7ED0211B2F6965E5D2A8668A16E575AAE814A55048364F540B2AE6CF74DD3DFCB4BB4103D24DCDA3BBCD788113EFEF331A32259768
T=0

[62]
S=$280247C9
W=-$4000E5477C27D94E3FF998EAE034D24D70B5E11867292FF363DDD89993A2196A70E7A3727BA3933C10CFCC243B7E54FDC0F6D402E7A472B1C124B097B19C7CD27B1DB1CE712E0B6573D1622929B327
J=-$802464C7D2BEF03145916AA34137FC8B1DEB24A06E943678475B41A6CC1B463BB23260A20F9C0030DC868CBF5D22BAA7F7BA8755F15B70DA8AB80509600B3FBECA7504B0B79E247FE627EC2368B05FBE9E0B19FAF612DAA3833021B46F9438F239459C4D9DBBFA4C18D19813D15A14D1DACC26EE63C5425F17CB8DB938B70A442317D394EC1175E1BF43D997B865EE29960661F2BDD6524B5E6A7A26C93
T=$2

[63]
S=$12E4C
W=-$1C3A57776D61CE419D5FDBCB15EA45A47A9228469F4F849E41CC04FC8903CA752AD3CA4B86FB6AA448C42F7CE03D9151A137EB741365F867F36FF1255B436C761B4F8F68A1364DE3EF95F2DB184
J=-$44D05123C0FC6901DAB37930FC120F0900D8B1AD7A05CD12DC27EC205724FB8ED36C669CB2A737E0D696A5DB1BA62C3BB023165A48395C83260A38B424785AD1588824EE7C5604CBD1F8B5CCA29615A10F1D2AAD370C24D4FC9C9B30E6CCAC3CFDC62B859B660F2F3DBA9AF513B8F5807D1C3E21D0F8958193865E02FC657D09D58A1A5C0D4B6BA73763BFE456FDD38913D16577C82B5A6AFE3C
T=$2

[64]
S=$F47EA4D8
W=$16988AB307ACBC1B0C1DB65E45FFEB1EAF73103FE5F010631DD0C5DA949FEE31000DA45C59623B06B36379B6E217019B4E13D6BC43DC0CD38CCA7CD0119C933A780F1C1BB2A1D7DDDC837A0F6
J=$1074AE8B349C5EBE032B36AD54B9598C18A1FCF9DA8C6B73446186E4E82B54DD5E8EE8D42F48779CF69AB0A06CD6146A74B07E015EF8D1157A8E6266D4ADFD52E6A73019F5661DE70166A2D99BCEFBBEE298CF5927A1FF879BD6A31081E16597CD2CA1BEB225D3C0F20B297E82F6B92E55DC82E2D86D43ED8BACBC2FFFDE694289D77E07B334F7F51ED2E79D215FFACB132C328C601DA312
T=$1

[65]
S=$144420768B3
W=-$19B586839E593ACCD1E2ACBA87A1A7B672A959F376F72292DEC6B226B174423C6DB567DC9C3EF50A143794CF53393F3228308ACFA9FBE71418C65868C277280A2DA9E935D3AD02024F88F
J=-$572638336223EBC92A73EFF43DA69D4F0C2B6964D425DD4F3A631020978C6E5F76DFF7241815E753C043511ABFECD14458E2E62937E4D6179F0B28A6B4270C2F533AE1CBCB29A51EAFDF1F58A7A0B732B1022168CB6245EDA6D7DA51650BE27CE3E36059803B87CB6D45591C3BF88B0030519B0D5467F5DFC92A16A52DB5B48DE94ED6BF7DE526ED2951FB48D8717191FAA5C752
T=$1

[66]
S=$49379
W=$14EC71E844A129F98701F721A7A370BE25247B46C4249C7152A070EEC508AD7EF501AA05B184DDC4B24869D305972A63FD062E49F971D7F64D8D412629171938B41A1A2EAA2CEC55
J=$485B2D32AB08CF2643EB8872C199A711A0B6F919AAA9A6F540D03302A88DE667EF36B8CA11AB4A004D7A57CF8C0DC20006E53CF7443E8446CA235D08A8C873B5338195BACDDFC579A66CE97DCC7FE1AD4603CC51F7277D5B20F770755B0924607240F9068A02EFC371F9FAE6BD3C8CC9766B349BDBCDCDE282E6605F286A7DEA97272DB9ADA4B20060CF4C9236BE32
T=0

[67]
S=$4D88AE166B33
W=-$B77DF43F51997F8C7C5E5465BB60C49597FABAEF1671C2AB1FDDCA5162A489942041946F1188CA130853996B7880F9081581989402509FE248E952C163429E69A2328EE96A1EB
J=$95A92B2C14926D32EC6EB37585C70D835781CCB85D8AE245EE825597652232786EFB34CD31843307F13A7768C959B0F484094E067FA02C0E643F8AA410873C0912FF8F4653A122506C85F317DDB82D5A63C74FD67E892431385AE802171F1DC54C73A03E83C84A4880B95E67E1EACE3442154233E3781D679EFE52BF4E29B00325EE7CB33A6982EE7E40F6B91
T=$1

[68]
S=$3E5
W=-$9EA72DB190C83D635AD8030F960BC5427E2C6355807F15E50DD8A06785D088D85B3D52E8EA14B2E0EC37C8A02124E543DC9B18D10A5BE779753474FBD5A7AD730731B9
J=-$2647562B896388EACE83C5C315392AF1D01A60FDFBE179A7B70A0A50EB23F271307462269FB5AD06A009404702AD4B44DCA7B8143FA9D301B8677DA8505E6862AD8CFF4248874BB371C348EE8237FC03A018E2663BCF8DD039D48D64C399BE5A0BC11E24FA4CD4CCAFF685607FF228864399DC8D103B6A69CCDFCF5667D4C464FD48DCF8816212
T=0

[69]
S=$746F5BEBB1
W=$171B6AC0753063CB006E1113FF86BF8A8A3F31B9FB03E3B7C2C71AE5883A4C8A332583845DAAA6EFAFA1235DE9095E896E9B6B105CA19F90BFC9D26C2A2CCFB85128DD
J=-$4675AEBCF7779019C8B80580CB833D646476C2FC435A5898FD94DD59C34F9141407CF65117FBBB22EC3DEB5DC9F43CBA164F2E340427AF81D82220D1C0F360F692A2D3F465F89B0A36BAFDAC6EF7821E77F85AA67009274B10458B6CDCC0FB7E7B61CC2CAF4B89556ABE9211B09408223C51832F80B6E13D727E7240B79D540C9601A50B5F7
T=$1

[70]
S=$96136
W=$7B98113511F7C9C42921613F75E61EBFE2AE95BE6FD11BCCB8F1FE96FBECCBE493CEBA5F7C0F7903CF1525919B958E7BAE55543A76B3A781E64B8642F42C61A72
J=-$17BC598AD1EC8DE58CB20BE072DAA8F56B255012BD89608F23F972267E55F3EF20ECD1EA44AB6693A1A5EA29C19B86688E363FB96701BB22DCE4C43DFED5604F5ACDAAAA461CB52247751E36DDE43F6C5F7936DC1879902DD92483EC5A770F985E3BB621454725B2E36547EC976AFE94F67D932923893A495BDAE7E00BE382E5C
T=0

[71]
S=$5728CB
W=-$240B81329DE4E51735D11DE7A9D5DEA24A559F0711861666CB428681121AA9B334925E2781040DDF487C2E40D5714C15735378DE06F25E08FA5C3381C84FB4D
A=-$D70
B=$12F5A
T=0

[72]
S=$AE69CC
W=$2E8BE54168FFE3FF6756372C05F92A1D3E3EA0723A26170B75C2E40F775AAED35751527909A8066C5292F32AF39B3B9B573272589DE2D459486A7041046E
J=-$72294FE1659E4F572E3DCF33F8ABEDF3015954E4BDBE0F79CEFA2E7B8463E338C42CB1A32277CFB3E43B7EF95063871B3BEEE07D67FEA7AC1429C9A3181AE8BEE940FF632BD0E60E13F34FE224F24A441D0088ABB564A0809F0BAA4145F0F8A1D3F3FA52B70E8E813C4D09CADED938A19768DEC909E4F14B5E5B4D2
T=$1

[73]
S=$83672
W=$A9048783EE06857E7B8A206A2F3E9766385A412CCDDBF7970BA2B205468ADE5CEC99A42D85818039B42EB2CAB9F0DAF99D86041F4F56292F04B1380DA
J=-$5EEE19A3800795F1B9A274D6097B943FA3A526815FCE6CDD9161A5C7CC541782597F2B6846EC7BAF22D52C565C1D1FE28C416F436D6A09F3ACBCC5B9F6D145B3A86D2E3AED77EDA74E3BE14AFBF5E46BADC769A67D49FEECB32B9F100454859E05DB2B8F1D46696FB6C2EF0E2EE78CA57DEFED40E96D3A7B8
T=$3

[74]
S=$27967BE
W=$38DED9D02DA103744EFAA64B3183A7FF5CCE3243867233EDF760B9A6E28AF11F7C2500421CA38944E645F3C4166591F4CE3A40185E9BF302BAE6370
J=-$17678E17E618F390444B68164357D26726794C7F66AEB4758F888DD38C6EE70593BBF8DEEA43DB050AFE0CB3B832878959FCD32EC9D64240BF37352DA79FC475B82FBA9CD727C7902CCE1CA239A5CD39BE018E4247EB33BA29D5925DDE2C1A82BA06042C1FCB1524C0C3F7D415BC00B3C0310B9815F01
T=0

[75]
S=$C78869D02
W=-$DAB982CA20595586E316BE6B1A4129C72D1585DAE1C1359BE7AD7737186A3349AC0222865AF86742AA080FF3A866E8181198500B85F69314970
A=$3
B=0
T=$1

[76]
S=$1998B2CA
W=-$9F540C231225F78DFC286FE656ED5C4306BB19AF70F4734AF0B96915B7DB21C4A5F5552425B1D20772F11DDA563785A156594F6C8E5AF04
J=-$141516FF3728BD1B2B8049146D702A233CE09703BF660847BB35DF088930DCED7416AA7D0554B8D2092F9A0A42D29850BC9699D32BD0E6F13B082E41D53BE403693FB903DD593E88BCCBCFE7FDEE1CEAF7DFF82FBD40157EBB9552CC6452EA59667094E8AA514453C78AC01D6D046
T=0

[77]
S=$311864EF2
W=-$1CB7BD7AADF5A0044D4EBF9E237B9F7EDBF4A00FB1D1D9E69033F535748DF3F316E5A6A0B3D895194A8EDDB3C18ED63761CFA3C23714
J=-$3A904831E29EBCB8181E074A3EA8E561C1239B53B1FFB5046BCFB783211E2E823C337E092147B2CAA1DBA5E3E18CDFBA0F8B4338308FE0EE30E40482D4E736A4B8436C6BB8246024524B38ADA15A376623BB9A842D9111A2C010927EA5DDBEEEEC2E53C2FDC4560D3A88AB
T=$2

[78]
S=$4D304
W=$1078988C4622A4C6B43974740D3B2EBDBA26B0054614F487AC5DF006DA6F33258FC6B73BFB6F6DB2F205E186BDB3D53E49DDCAC0
A=0
B=$6
T=$2

[79]
S=$1EE646
W=$7D76FF0C39BA3288ED916F574A82C21089AFFD30CB80FF1654559299BCD87110F68842FD0BAC21220185DD722D1FD26B17C92
J=$22D2ED7E4BB5B680428345857800CEE8749B8D8D02E12556975F09A803B75B759D4DF8A775A7C5E32E12BDCB6F78B4AF232D7FEE9CBFE5B5FDB56FCCB5EE20FD0C82623A48C67E58AA46C08D12A907A327631CB1FB199B73C0F8B275940AB5D7724FEBD8F
T=0

[80]
S=$F6479
W=-$F140EEAE5E4FB695B6749ADC252BA4B7A8F35F60B87040AFBC99072611010E9EA5DF124217672AE382B88A253125FDBAE5
J=$16E48299C3ACE67EA616868150B65826E1D5CE95A2CC0C4EDF65A66A470B33A4FA517197ECB03561A1A3248B9B2A6D9B47B181FA5B449A2A44FB24F467A7904217679D4574F86C984482FB50EAB03314A48AB7795A785547BF6C4BD7C921A0C83420
T=$1

[81]
S=$4F07A4
W=-$646F99CAB633B9787757FD6087C792725A3A3A69B96FCBA16F8F8FCAD42F7C59C807CF04073AA66A2D663C9C14B15ECC
J=$22934F54B26AB4A7F0AB0EA6DCB7E2C4414E2E059CCEA352A47774055C3801F6845F685D75840F333C010BAF9E46F51FF0BC955D3694D85E29698BBED1BC7ED0A1CBCE5337B3B35061565F42E71FA1075F02E2B801B5722F77490AC28B3818B
T=$1

[82]
S=$125449D6
Q=$E

[83]
S=$655FDC4
W=-$61A789B3E74F54235E54F5681E61104C8A6EFDCBF8F6E598E0D670E027DBB4CCD07D451CE94A6DC2F3AE27D18
J=-$C2A7467FA7D4D9C450BA5E7B43AEC2D8140E778304E32925BB12B9A241A351979F34A74F37C573244C482D6632543CBCD32AFA973E902AD03CD82D587702AD50A07C7A3CDD6C314B3CB3C75FD1ACCFA2A53EEBF2729B8A03B5
T=0

[84]
S=$FB52
B=$2

[85]
S=$33F5A
B=$2

[86]
S=$12FAA97
W=$4197AF7540B7D574BECAE9A6A1BA346119B754893D542E412D417CF5EAB267D17C8A067748BB0569A5
J=$1D390F1E4D83294B3582B01BCA56ABF950BDC910A4EB3F03AA4C0D35A8B72BBEE3E3C532CE35412B0D4E51320C39DD70DF837D6A243E997A8CF5744594CD4A5D0EA831EC4016EAB47D535B76E0E60BA708C
T=$3

[87]
S=$22089B92AF78C168
W=-$6A06451C98DA9D896B8C513D4B1C44149D363CEA51E3509AAC98A4F38D016F26AD8454F05F3280E
J=-$B7953AA6AE6E8A4D5A72FFFE14403E6562FAA57885FA35791BBBF917BD7EFADC0204E12194C8C68F9806D43A3CD86603376BA83BB026FF831F16192B47CE09F4946A008082764FAF6431212F2229
T=$2

[88]
S=$1B15C5BE8
W=$102FF31B5A6F7BD8E2A2D121C197CB40695F55FE9805D7ADF31C15B30526E12734575FC4
A=-$23
B=$62
T=$1

[89]
S=$C592C
W=$571F9553C4BB063EDE3276E3F878A3284BA834E0F61337D24541967F9D5561DCDEA
J=$12388EC7AD16AE65FCB91D37ABB6660E0AB3F84DE7AAB47E9DE5F00CBBB2F7AF9AD302CF82771B57F6A352A114B455FAEBC7652262BEF72CEC1A56A90BF5FF251E1B61
T=0

[90]
S=$55A0F7ECD1DBF
W=-$51B3D6497F50EB0E1D9FDFE59ED1DC6CBEA0CE3EF45190B0636B488158CAEA905
J=$1823E32494E39C69C716BDE36CD7E4F9FCE4F99D18C5362110D47AAC0D3A1B5327942954677BDADCC2E054FD5DFF2E8F103E9026008A56D26912352D6D3E0A7D8
T=$1

[91]
S=$23BA5
W=$7AB7278E5D6A695059F5BF3AB597B8778A33BCAAEA99589EC3E594E06B
J=-$3A0C9A9D672973BF379C353BF356B66ACBDEBF0834C588C7410581B58F06678839798FE3051C730E638F796282771F1363FA1D2131ED2A8A937C
T=0

[92]
S=$259A3
W=-$421C54FC4A196BAB645DDD70EBC5CBE6D34F36D73B62AB9E60F3782F
J=$219061F1AFB863742F6BCC64A0D39EB89DA6E075B5D0E9244718D4648F42E7B5618699BE1EF0DDFB41F282F2A901EF7B9E354DEEEB6D11BE
T=$1

[93]
S=$1A8E13
W=$F37E9831ACC309AB2F1B359CE8FAD5A1889A21DC30F861697C88D7
A=-$7328
B=$1DBA42
T=0

[94]
S=$FE6F7B
W=$2FB866CD72E69F3EE1A1BF2CACA5E4F612BC2232DE743F529EE1
A=-$D70
B=$12F5A
T=$3

[95]
S=$CB5AAC
W=$2FE5454AEC63BE8152F45E68410B4681A32540E5C0B7E9D1C
J=$7033012B452C5EC70B057E11D39DBBDBC5FC6CCD534A00A16CA1D1C8EF85CCE5A9BD3C1EFFC1B4FA9AC29CC93371E85
T=$1

[96]
S=$26EF9
W=$32BF83AA4044B90F5F61B69B3C0CA8F2935BB3935BC167
J=$403F3D33BB93A0A53C817ABF87B3310A4B087D681BE8B2793D509F8713E1D222C8E6C7149AC54D6B9DD76FB5CD
T=$1

[97]
S=$146FFC94B07C
W=-$23F9ADD44F53BEDC67A023FD173A57C8E37A27041E22
J=$38CB1430BE522D56AF7D6F78E090D024EB5571CB5102F09D2D7470F1C8F5E998CAD211B00D999DC9B0AB50
T=0

[98]
S=$DE
B=$2

[99]
S=$8474669
W=$38187E848290CE1D0466927CFE018605CF5D9
A=-$84B750
B=$24C7B73A2
T=$2

[100]
S=$A0896F45E15CA
W=$2E913B8974ACE456587EF797E31330CCBA
J=$E86F334FE860089A44CBDB155FA666280E2A479FC719C0199E1F2D161B1BB5B195
T=$3

[101]
S=$103F7
W=-$BFEF6466EEE5CB2648F63AFC4EB
J=$D32DC9F2016BDEBEFED74983CD68AF72838C133FE69BC261EFD4B
T=0

[102]
S=$1EFDFF36
W=$BD5E75DAF4A2CA6B364DDF9C8
J=$1692FF2C0C3F7D0CCD271363B664FC14612F831803C459A91A
T=0

[103]
S=$29B516DD6
Q=$3

[104]
S=$2FBF3D90
W=-$1A30160CE3A233C146
A=$1
B=0
T=$2

[105]
S=$1FCA2
W=-$32B1669562040C
A=$2
B=0
T=$3

[106]
S=$279024
W=$2B7626C6363A
A=0
B=$3
T=$1

[107]
S=$142E
B=$2

[Signature]
1=$A8B840895675B24A4D89B9EADF75DF072A3E2A53B9295F65
2=$F8F3AB3997F66EE5B8A7CEE202D8ACD8CDAC447FE6C0C2A5

