[PRIMO - Primality Certificate]
Version=4.3.3 - LX64
WebSite=https://www.ellipsa.eu/
Format=4
ID=B497703821324
Created=Mar-28-2026 04:28:04 PM
TestCount=114
Status=Candidate certified prime

[Comments]
Put here any comment...

[Running Times (Wall-Clock)]
1stPhase=42.89s
2ndPhase=12.06s
Total=54.95s

[Running Times (Processes)]
1stPhase=290s
2ndPhase=69s
Total=359s

[Candidate]
File=/home/lappie/Primo_Batch_Farm/Titan_Group3_Prime4.in
Expression=(4797791281524132682080)^47-(4797791281524132682080-1)^47
N=$616BE0CA7D163D1C160C3749C45F1F12232A2D32F5ECD73CA1904C8FCE24AAC68FE028058EC3120704748FDF01136D34DF0708BB0BA586065C792203C2C4875F3FC8020B9F1D8A69DD8983278DB5CBAA938FE7FEDA5B20BCA925C788C681C3701E6BFE5F1F2CFA55E5D560747DC8661DD1473BA444D243BA71C30372EB1035D17A67BCB67ADFA52EE14A381671860718D92518AAA111A0CD9895AF67107E439FE1F3458CD65572BC60CCC502BD8D6560B8440A04EC6650271C107B4ABF55C778B787DDE1930D031A7305AEA2FF2614056E5D0003B8B62516EA0736EEBB4CAAD56AC574696212A5E6CBFDC33734776D231971EA569C83442A82BB0C3C21FFEFAD6DAD20BE7A8F63D6E4ECDCF769D1AE9BBE8F029CE2ED690DF48EE38FC3D2B239595961693ECB94C22D06E1C4F51FCEF1CAC671B321E75F4EBBB68FDD4B9720363B3AE88182369C19A2D2DB47D0D29C0392B765A44446B6BA79A037AB900C35CF5DE712ADC885C296D0ECCBDB251380026DE3567F1279948B283B583958C0F9D48CF9B8127E89A83006DC45254548C3DEED7303EDE6C3A31D62B77808A49B61
HexadecimalSize=830
DecimalSize=1000
BinarySize=3319

[1]
S=$2DD8C4E0
W=$13A45E3D612BB3A27BB2921E2C2B1CB40883DBF5AA5159EE7C27E5AE1864F33830B84FF319F360A271A5B7A0B3B0180B59D753133E3693F8CF95C47CC87EB4F95259D9D614F1D74CD6C50966EB193D9870EBED167A39A16861DC2B64C37944D761BC06ACD24095DE3704DADFB2441D85A0F64521F6E352B810B726F92DB75C7998DEBA76FA2F504B32001B1EF7ADD874108B695F402A595AEEAB6907CBD599D1578B0425C187FC057C7A3272A10B3252B36D309FD2B012F5152880662B48A5FF365607A92C726F338A82DE3E165C9082
J=$E6F0A3589157333DBD418D86048D5875C31BB98C5C4D3B957574D166DC1660C0C78A2DB4D81B23D8516D79A015D14159CA243E8C94CDDAF38884D44E7C2F32060B656569A574514E8D50F541ADDCEDDA1EC2D438DFDBB2086368D87C2B91B8D335337BF0163475999507489E1C7CCE103F5A97AB527047E5F9D21968914650E4940CFF98B91AD03F9350F172E45EDAB3F2E7A97FECD31E4AA92EE30FCF91803F690269BEE34EC51F6BA4D315335F2812484D5F07A4318BE7517FFE901D9C0C345E96BEC21F568DC99C01DBE623E01B47F8627780235C45871CC55EC2530F528BAFB13695F580E7846E8784D44E38087471A70754BF078173665D10215B3217EE80A7609E569C73B456E25A851B17AA328C4C921852BEEE1C28F81FE76F40392DE0BED6C80E957F25DCF871FBC2FDC1CCD38D52DD6823DC238C4217BBD4F60BCD5C028B58D8BAADAE7005E7360169AE60307D69C0865744587BC125BA7A54F6783EF1426FE453858D2B260F0EA9D996DF897821B0B2EF527A0C4190E6C8FE5260CEFD7954EFCA3D704B3A4EFADFB0E1751231310FCCD132F8BD2EA62AC8BB8
T=0

[2]
S=$119FD1175BF
W=-$1A0F135A9DD0FD22B80D14FBFFB4A083A1EB19D2EFD36FE85EB0A76D4730A31D6CAF71B22530170A3593BB03AE3A134E37FFACDA368790030389617AD4E4A8566D03E01F83C7A246AB1401081FE953431FAC9809B81DDF732EB437968855BBEA97BD4700E0A38E3183AA31955BC77C229067549549937FAAC0A28DCCB5F8E080F3E0CB4F99C2EB41B7F0421CF0CE7D3BA988B047AE70A307FF00747D78E0680C6D0F09A5D713CB0BC72630A8C3A22AFE913D5E9AAB07D3731C23C7C31C2D21069BE706871E1EB213E5CF8FF12B69
J=-$6D5B791FCDE4BDB73FB6B52A333E81ADE5F5E0408DF0F300B162278E2FAE303DB994C7CC81781F01FC9A91AFBDF157AD4440F086B13822B8AF48A39B85282E5AA862D01ED60EBCC55108E6C7842F811648E4B9F4B06D96EE6CD57A75D9D9FD2E12358F336A33A87ECDED3155E47CBAE3CEE20FD3EB2B739DAB3DBE20D54B0BFDA359294EB8DD4CE30FCF94919F2F2987C4BAF887CF9A1DDF1E0DAAF7482091F2ED80345FD417FDC7B13B9A4F048A6F0017F10D3E944CA0E73A94071D6C04CEA7F3ACE5A9922D80D3FF6F428C57CF6C854723D3916893D3EED30EA93AF45D20A5ABE5D930FF0D85B4A6BA5377CCC46D0D52297DB323BA1E2EB49388FE9C623D0A8B6B2253CA1977BBEA0FFD22BEDAB8EDDD1910F722C4736C614A54C5D096C64557EDAA193AF5EC5BDAA5133538DAD6F1F703D7FB17A1028C50A8570AC31572BD91637EAC14C92AAE56AFDDDAEF841BBC313544DE57E0F1E9C1C860CE09AA847A49EB6B0F2E73AD5A5EC9E31B555646148C1714C27B3F94636163BCB5F3A3C455196AECBD0BF65EA488D4D92409DB6EBAB1FCBC73F4E94C86AEFBD7
T=0

[3]
S=$D7
W=-$1C25AA625645DB064AC0BCC5A05D208CC63CC8F921D6418B20C17145089D45C5E8EA92BAA928B45D6A1DDB6AC04B3CEF136B2279D9EFBD493335B6D0B721B93CE5388F630E970B666BA15C0EA54C8EAC3D04E44EB15C7F01244467928572587C68485194FB0D85FCD1EC032D83DC36F7E58447D97E9BC44AAA4CDC39229F610E2733CC4AD22CCBB881394C6B098722D2D96AAEBE3A4BD3ECE49DCD445C2F1C123FEB7D35136AA565470999698F03EB64B5D082D6BB38B8E77C69F76359E4F75C9FF5D350EB829A769D96807
J=-$CC4E3745AB87748ED339B2A57EEC4ABA989FEEBFBE583D9CAF4CE80A9648FF95C0F1863BBF943424C322578AE6A319903D7BCBFBBCCCBE596526FD0B0F0845DB55DBFA898755A84AADF342B4AC643D9106C454A96D0731BDAE0FDEF8AD8718F8471E7B9106F0F8E0DEFBECDC99D924490D1941867593A98AE62889AD8F7447DC20825FDECC3DEF23BE6314A7254F21B7DEE97BD7B60A70F68A889057329EEDD686FA364CD374A940A0B9044E32F76B00375F37006A63EFD1900AD9967F3EA8A90DDAAE6589F0615F5DBAA54CB2F6316B7611A4100A2D89C262FBF4D39B3D49A840BEC635DDF38F327DAF6D88D9CC1AFD5BA56F80D21D6A6B62739D2B3265E1E1B793E8F346E8E5BC29BAB6A6ED429C27776450D803DCDA113491218B5FF5258055B5CE4F3D0E0B837BC7AE9B45006A2F047B9A435873E144B7ECFD2486739F77D20F5F2E3C9AEE66DB817561AC5ACA953AC81A5706DC725E581F557793ED785C2C2B04F114F7C74FF89FBC35096C38F017CAC1AF28A955D4C77A9BF19193BE70A0C2D428E019FC904DDCBFE282336C2049925F2A4DEE
T=0

[4]
S=$46ED3AC
W=-$24B1F7A6BE5F1DD492F9BCF69C91FE12DDA9320BDB80FBDA4982E6ED2CA1C7B66C64E14D0ADEE0C32A758DCF688267898DB5D2648278DAC2D6B3AF51067B7B927ED21796DDFABD1D34307FFC70CFCF5292EC939DFA9687C7060E333839B6C2500F2EEB5E6E0E67B2ED4E70525B12B68A6742223F8D4EFA98F856C84F9A514A8C08F0BD0256306A959D77DBEFC316C9A52FCFEF802C2600789EF023F33BBCF7AABC35B9384586D5E102055EAF51E84D516E593CB07BD9B3243D77336EFE6B45653E39AE4786B54C11CF1568
J=$AEC6E469223BA6F798A8173E16BF943580630C8B47418C6418D294401F3DE2CC96793BA127668B01FFC2B834954F25234C2ADD3C9B0E22E8A45D17CD96BEC4599C8AB5E6A4E198D887C9CCBFD4FBD4DFF798C05F7DC6208C1A4D5C0A9818A5417EF8EFCEAE533A7C16F5B92CC3B28975F86629254E44D51FC341DC66B4CF851E29FA51C674D08FB723E1D8332FE9FEEA8A1596577EB7B01A6DC2417650B37D742A3574C30AC26FEAFF9A5A917F70830B312813CC326037650C08F4ED90ECE6BB7B8873745E823646C8F02AF447C03D25A46CD6727A2C28A11DDD8996F64F205D1773A71C6ED6EB137D6C6BBCBA2607401952D54FAC9B8E75DA4D045BCC33D8A2B349F799F1295D076613B49B032C80E6CC652199D3B9519DC6668B354151D9B88366B948C07589F30DE50DC6FCA06C823797AFD7640E9324CA342565023C0E5294B30706D72CC0C1B6AE06227412A892FC731CF6C2348C3EF90C68BBCB20A7701594CC55D367E981EF34D16A907C4A80CBF2ADBD2AA484EB33CB323319B5748EF0F0FEFF9E1D098D7AC342C37037B566D03D73907E
T=$1

[5]
S=$152B5D2D
W=-$14F4893CABB8055A7127FCEC00C298DE759C2A0B562F10AA0BE71D9F6F5BA08B8A1E44E974F7387DFCD1ADE1937EF5C2E2E3785F60F8B96DE17C5829BE8657FC0CBCD2CCE76D88B91AEFE140F2E18BBC890F3E64BA47223A46D6F3CA544FE46B91670F873B1AAC7F8698FDD7683A2E039373E1D9C667A352E29851BEE2A686B612B5DA430264E1B482A1E930F23B140CEA4B3E01DA029E54338124E6534D8727C5233C27CA418F8A65A8359EC55E5B828B493C3DE4E0C2549A6A3D5F7A2BA15941C7C3F36C55F2915F7
J=$3073D6ACBB1742941BE266F54F3237C6EA088A014DDAF90FC06400496A48744F7EF896B172FCE574500591D1E45E2D18814BFE9D1D6EABE1E90F091C669BCDB35B8E9ACBF2E1A90D2AD97F7A30CEFCD2E8E52731D90F51A1F6D2E0333BE53088F858BFB8E01BA966F65C2AF44C73D0D50E754581EDFAD5D5D6B53C91C0FA763F428295CB21DDEFE95C12977B44B989684C72147FBD5EBA46160EA4C7FEA7299DC168899250AE1D97E3152714280AC0CFB00ED7F4CF7DD550AA5F30D522A2B5BF6F7BA6CE78F0B217D6BCC3DED1E8EE211B519DE2B29370CF8D6BCF884518F74C7F842FBA6C5D45E2714C737DB50D4DE6DA53D4546AC935AD65695055AB2E0FAD5259F055E99C2D3189149287CC39E256F4F1B9FCAEC8B9BBEADDF61DCB42AD5F31BF9208DC95559E739F43DA9ADAB7202A74A15322427E051261B6B887AB1AF25B2D957CB863352F2937DC95FFB822E60785FF889C3B2FEB80FC7398E3CE11B80A7821D845F5EC0DE41E83F98D7B0A877932504633446423B4012185CDEF37C0083467D9A4266DD2E59269E1893F46773CF1
T=$1

[6]
S=$949AEEC9AC0
W=$2F2B11A0A64E8DCC532C218818F36B4CFE01532D37E55E5C6954A6206C15838C4A48C0691204686ACE8ABB37382AF99C67D681CBF4829BC52454845299D9B37D030AF963BC68DD9AF946502F5647060820322F47C66D8EAA6F93344FD15844E50147595EC30CF59FE6C6205289B35CF0115B2EAE0C640F63CD0A4403071D99A48DD2F019271EEC080A0EC4BFEB7FDBCDB450CB018D4FD30CB3DDF3328D5C087F7FD77A6A588B079E14E9A7685D9600597BCA30C6620C53556964BF7DF8E5FA1AD36BE3A19B16B40
A=-$23
B=$62
T=$3

[7]
S=$2604E91AFA
W=-$1922F935F75F3CB1E12705DABC2E4D207820F6D0E7AA81CD9BF78E6454BAA68A55F7CCA5BF88C25FF808E36EEF2840BF181254CE758DAC421489977B4DBE4AEFFE2CE270BBADBDE4EB47CC08DD512DCC0872A7AA796EF34CBEE865FCB20004E0ED949B7B15F7728AE9BB73F73A32D732A31AB4162F496F9689D43710BDDA5B03EB1466C0EB8E40EB394758DDB1C38B3A4641117141CC3C450F9E9DAB0B1AE471EADA4D73F65B8B2A35A0D895AC85830FAE7370205A0FD3AFFB8A180AE43F12C9C25DCBFC38
J=$1A66770BEE01D7C93A7AF6F36C2E7295F3471A84610BB5A86B17BA026C700876DB7132CF2586ADD0B05F0260480933E08A50F88D53182CA836DEB95BCBF18E7A28125931FBA7C1F838A7509B3BB77BAA6412BA19CC19EED5C81062E5A5A1CA49B5DF758B55A2304A1E51F640DFCEB3B19524E58CD8B71AE82C2CF7C17936A06299E1642FFD27D9D4FCE9D41DAF809B85B49108F52DBE739B98597B589A9940A0389BF68B95398BBA13742C824275F9B315086CDA1AEAE3FEB5963F4682CA44AC29E3391A1EBFADD9E0CC92EBB71CA16CDF4A42C7AF90CE03FB0C3F2AD2EBDFC5AD1CF9D41FEF993817F678878F2F4AC4D93F35D1A47FAA68EDECE06E8F0C4D712C7D33C754FD4269481F50CE126DF7817603DB6D68EAF5B00D0C2F6639E1777F3108DB7643DE4D1CFCE294AD5B3CA9DDB28F19BC9D9FEA8CAC8D18E4A90C38BF52734BFD729D2940326B7C18A8E73DE7F40BB65462038BACB92F4B470A4011A4F8BFD183697AD13A91EEC161C3C4349AC9FA9CDD2495F65AB67B1960E65342DB27797B6534F1ACCE25
T=0

[8]
S=$23EC
W=$162F9090C9789DC3639D171FFA766E8FEA8C4C9F8E6382142033CB00521DF3513C5253BAE3024D1E7A1B0F4B1A43B9B1826CD3744FB970991D9201A164E209713735BEBE0896D8540731B53159149FBCD82FC9A604EB3E3AD2D5CE426A0D0EA6623CDEB1EAF8F0EF7985F2ADBF3664600FA1DBEE802827F57A758EA9D961B3F333DFA036B23AB6DE187551CF46AE0C949241E34E660B71AB8174737FD29A837D1ECC868C66E10772ACA72B4E6F4146561B03405694CC680A507A0DD9FF7E24F287ED6
J=-$1FC997EB04734883B661BCF32A83D7780BF55D8A204728374DA8A2A370D0D5C07885CAA0CB16718167306FDB947A10466A8B53F63A4D85AEB9870DE9C4E45A6482DAFB68E3DD7F5210F9A2DE85728D9008527AD7DC40BFE52EFFFE5871B79CED353654309E278725705E5749CB105F6B24BC5BADFBFB0E9F8BE06EA1AD638E5444641229DFB3D4A3FA9E60160150D910C9CFF4AEA1277ED5CC05AD9C01D41503F1653CC2ABDDEBBCB3BBA399DB0901E749A3F073E5EBC84A1378144436E574B02BC68D2D8411900C084F604B943C530EA1E49D3CBAAB5F7BC2B2AFE6448072DD4A6EA4EDD8801703296879893DC27703E312410C1A5A7907EBAB6F966409F5B31F1247B156626400CD9D4209C285E5F22A541C485E01268758222EF78513B3A0D51A6B4EA18EB999040B2F5F1DB76C514BE2B7661D3E87B78EBDECC849FF4AAF4E4D64035E63B73DB8B8EFEFA4E21261F013C404BAAEA00CA131539AAE55EADDCD1C31132BF833F17BC70DA926D0974805D8EAB7368B45140E4E0A8ABDA30BDF7BAEFC08E
T=0

[9]
S=$82A3
W=-$965C3E12E205945A0DFCB69B5363B155B8B9C816A42C33A72F419EC429C6DC3FB361677F22531E596BF0B24E93505F4DC07A664C4791EAC070DA08C379E1C0124BBDB70AF25C5FE5E8FD3BE2D7A6818454AE920F703D6F9195AC8675A4BBB1D231CCC228CDE9BB08AD0B83D95E06D156AFF45C09DD106F15BBE4B682C4B9E20C832B053A9A7F0A5E48F4B50DBE18770580442363D3EA677D26A16392E15035FD2F248AE436C629F8AA2E9F1B4155040569C361F89593C05B0D2620F23991B62EAC3
J=-$F2F4663D224FA00F7DEC77F71428972335C9C8C8D3667560FB885F6E044E6999D5B839E5A3FB7F007A8045E5B0707363BC5D2F598434750096E73ECC8F9283855F72CD5937E9E30851C4BF492A6E8D1A26EA029142FADA4F43F8E689172D9B0333E019FCCB6F5176DC62A07EBBBD9E530151FC71DEC8AF82F567A9BCD6DEC65268D1A1CB3CA71EE18C970502D1EDB540D7F43AE26FE13366CA5EFC5E86D6BD15FD95AEB9009746B21D1E57DDDA0926ECF40E4B5BA20D8AAA8E3535FB7CDD0D9DE19BCC6336F82C2E740EE4880AAF40FFD33201DE4CF29BC07A19D0BF100DD02E3A7F96D8EE51634A59C15FE3BB9635C0576742CCF1056093B4674DBE5BAC6CE9D0469EFDF01B603CC577DE9C53C7E36345D0C5FDD1AA9ECB21CCEFE0CD661427190F57985B173F1936B3D78D62A33AF37224A882207CB055B77FB10B7BDE5A170CC51623310BB5B4D24D9A073F0528146EC1795F0036B370245D87369EBB52F4407FD5352927BC15AC0325BC2726DB880F5AC9480F2C183E00AFE68291684059CA5E0
T=0

[10]
S=$8F906DF820C
W=$8CD975E326311E82C658C29B9FD6FBBE64AB3BF38FBAB854D927D2CAD14EA189398A6C3DCD7F7EF255C5AA40BD8DEF6813DB1D9E028E04FF70E3B237D854E9B49EB9AA0F754B907AEE0ADEA58F7C93221FBB7766CE4A53D2CB0C3E25F8BA2CE1A92C769CC14089C7B7052E98188DD79E8AD696671C3480F1E1DFF1CF8121682812723520B4EC5EA3143ABA9982077AC3C645E35DDF9F5972E0E1B116021D0CBDFCE31221BE6489BEBDFE323D3E8D9D4EBD80BA9EF16A1EAEC79C8625F269C09D2
J=-$DBB5BBF6EC7C450CA59E225FD80F183B0CBD7A38B22A519FCC421D1AED4747C0477CD6B0CA2A7AF273DE99038EFD7DE7A8B5B1E798D548E68CCB2B8624617C79DDEECCFC3CB7044D1BC7FE5F88803D107EA69116ABB64D1B359E3D669EF83D3DB2D5EDD52CA966CD073D5521E601C37F393B2B772DFC4D0BCB1157984A6EFDCEC5E062DFFCDBC814DAB48CEEF75FA6EA0A11B72DD2740C23948685C689CC7867214C15DE0C312271C87DD5E5CAD1F8593B34DED98700037BB991E6B58F477C03478A208072EB2F8A806D71F1074C12AF423E93FFB86AFEC70D1356931E98F1C8C1D4D6BA643779690D3FED923697879F16EC679821729CC4BC2894A97443C817A3E6F110E6D406C8A1C1407EDCFAC80C1EB1AE47A6B3D8F6EAD645924D0FB51215D48C41E0DE86AE232B2F85C1060B0BA8AC8F32CD9218D0026DB1AEFEA2AB24B2CA3F1925A72EA13B7CF76D1633420694D3F729BD42098D9CD95219DEA0C2DA76E2A3BB2073215ACEFD6C070CB4EE8E3F38FC9573EC721DEE5E90080EF86DD59
T=0

[11]
S=$1F9287BC
W=-$342788309364D32596B0EDFB2447FD10A626B3507EE5AB2C9C50F38D99758BF9F727FE6A62B81F1A2E2CE6E9C93CA069F71AB044AD837690F1D7CE487D29AB05AAE79F2B45B8415CC4B24932CFA3A14CB3F0FDD285B8ED2B14755521237DD65EFF41C375ECD84F2C21F0AAE4E0FEEF2B8629088A867982DC2C8807D0E2C7EEAB4DEFEEA1EA73613AA8509AA812B77E088DF66C1AA5CB3246F11C6419FC5F645FE8EFD90E73E974948910DC4A66315D14753BED3CA61214A1F3CE15AA4A10
J=$175675B1DD651A3D9F3E05FC404E38E743A4D2CBE9C5B0AF6088477229DB26CD97B891D489D3F2CDEE0286244B91DFD5FFDD71ECBF9B81A3EDFE33FCC009CD9E9B911E248714131D90D5E2952B4816D55714F52DAB8CEBBF3D3D43022B0CAE0A5CCDB5A862F8BCAD65B7E8C209B220AD2EB1DB1F465A3F31A02EFAD05A2D135364052F79B9739DC235E8F96BC31A62A3335C5FE314DDA8FD2CD39E40B854BB653B54BD5EEC30E61E297B3CF5E405F4A3968B307A6AD72A30A1F941F415572D2C58CD35702015A0C83C07E1B889F530D2AD8FACB77FD56B3ED8D402A73284A996A3014C39EDBB6A3AB079367BB5CFBAB27D5EBDD83053AF422C791BE0B8D3D7C9FD9A928930532D302EE879463DC7D5C46309B65F53BCEED276378622FB0CB2B5E8557340AFC529D9204801A12E7B7EBE75F6EFC527774EB5370A98074B2CE70B5E190F0BC288B465BE6A0219B7FCEA292B454B62548DA0FAEA6D0D2C0EB075BABEDB72E18FA959416388754C84F514332CAEAA6E6C48E6E6468D62A
T=0

[12]
S=$D75AC45C293
W=-$50988C22CD93E80F23E76A011ADBCCF303B534120E3B9BAFDA4CC8F0B940FEAC28EEE3A06282A05ACA2F0BFABF03B9A3520C9EB4267EEE74C2AEED631BEF1F203BF55C251D1AE4DDA1CEF52C22A249E96907F2B54A2A9A4880FE6029D9754B18DE73A94690A814F58CB83EC18D066D95ADBA305E529605203B792507BABE228D9AB8BD38131287D423A4E543E40ADB4F2D2792991679D402DDFF59654EB127A898F6F006933E5BA217ADE15209D60F3EF32BF778218C9F3B2F01E301
J=$159977C1B181DF0ED2215032B57F513D5E6CBE92E7F77436CDBE5C9E0599880EFE3B4669974E8A7F88D30197EA4533A2FE0270EE13EF2B5273EC24464DC46780FAB962CD5656A8AD4CECDED907991FFE09ADF9ACE4F9515D00B727C4D2AE8DDC760EA5CB82DA2E4C2DD02D09FC36F4E669E1F3E99AF0A6A4A8EC3CCCEEA83B57C8ED3A460D1CC557707A4ACAAEE9223E15EFD368F85DC38C937B60C623464A5BDF131EF29DAB572A8E2D8D46A82441E7A7883C76F153B3644428AD355BB4178EE60362AB14226DCAC67F3AB6187328C749021546956CCCD1C95622411CAF890D6F8E637ED0260FCCF01447F48361D70FE0140804308C938DE8903CF82CA0E4AA7F6337A0D5D151A8D5AEA2B615887D8474EB6A68C9B7572130FFF6E14CD857ADDEEB2AA4840E0CB1C973CACDC702BC5E7F3FFA883AC24B9EDD81AF8BD6D8302EE76B1635B0CFBB6C5B2F735210D9479A4708516B62FE75E508C40BFEF691ECD61DDEAD36719BB565044E19BE7A48DBF1ADBFB3C2E7682395
T=$3

[13]
S=$5CA1788B26
Q=$E

[14]
S=$15BE9EB516BB7FDEFD
W=$606001C838752F1B525FCD1E2893FB8C8612039C41784667DB386A40C7855C05639AADF04E3421EA9614005AFE8473704DAAE624DAFC65AD371916D1FA452E2353AAE00120AD94212ED0EFCC0A3324C2FA3702D9AE29EB2FB453DFE5311CC027B0F45E805D3AFF793A31E3F0F0EB194B224D41B61D712E6BC12CB88E9B28D17323522D37874324A0566945694BA1DF3821F3EA9DBC6239B58A3E33864325E90DB988A7717C68A926CD28EAB1353903D04F9029160083D3
J=-$F3BF4A4D3ED631E91FCC3DD5FA6C93FABCF177B1242654FE3AB272C2D9F633CF95319AD398923ACEBFE1EB272CB7DBDC2C2C6920DC882F01373D92D12E027EFACA3CC808B4EAC69D62B6AD72FB07F363B65C635E38542252CD4098E1C83E6DF48F82BB01475CCBFBA2561998D111E8CAF6A13EC68634C4CB6EB7689911A652F7FFC7B6FC03B2D8F12B146826E682AED466126A1A3976E0502A6587CC42855A7135E78013B2BA281D9260F6EF7C2FAC1E29869B03123ABC959F00D108FB09E77F3797007195C0005EE2015774E72D3BC375AF11AB4FD2D34D43A128D6FB1849900AACAD696247AFBAB35FF93FF812B75AD6C85F2798CE705288B98E1817C427F6B50218B2C4B0B43F437EBF11DC87578561F423F100ED4E57213FC66A6B2CC9B45FB1E7D7C0A5918C394BE02F574009DCA7ECEE1C37EF31408A2381E8D3C6BC95D9F43273ED475AA6CC79B564046D0803643D20D90E5E8802F4795812EC7E02568D1B46085B031FF1F6E535F11
T=0

[15]
S=$3DAC74BEDDD0
W=$13694FD86C4BD33A722150E7CCCB9D13EA8362D45C5B2A07C8BA2C5C3CCDAF0F83917E55AA1CC99B3092D1FFC29E710FBA4EBCF0E631A19C5A0BC4A2DDBFBA8CDB9C993B859634D3F9CFCA7FEBA46C9092CBE8F55401A699154DFC696673781C24C3FDFDD4F76444578C8CAA54B59AD7659142588312F1CF40D8A5A398B4ED7464F606C76914ADA4D38E8E8453CD5C4D7F936D45F74236B8BEDF00CB2C10C69F3624F4D80763EC530AEE52C92E835045715692
J=-$1F6F106D12BB469586533BD7769002136CE556037FF0A299CBAD11383940161B4EE53313BB68C0AD6D87B72DDA0C3C7BC746EFC0C88914DEEF1AA5F5B9D962607F31EBEBCCF42FFED5C6845A98066A91EE4CE8183CE712EA836912DB8BC513D57A2FE5E8E875FB139A53762A65B10560372F4F77431BF2AB905C663CCEC47DC9A81EA40C1BD94F04753BB59E05A7E33D98417F69E23535A41B76FB0CDB76792120DB43BD8D0D0A9BC8462C1A3CAFDDD56C9FDE41AF29C7C711E74D80E903571D7D795CB0F4FCA8DD76CF7FC19D1349B7BB7F1276F8F471AE4F90BA70106E406172B3AAE1BE2C80FBB16A7D840BF64D62E50F6721BAF2F5DC7048EAD75319BB6A1999914A8AE043676110AC9B57554979C94CFF35F807B5194BF48E134F61011F3578E4D2DA23136ABF37536B5DA7F2F02519E6F90B64627005C568C0322EA24E10159EA59B801EAA9956A5FE70CDD18D84FB080F369CAD83AD642C6F8B672F5DAA7FB014C1
T=$1

[16]
S=$239EF7
W=$225E4481851D07E2616FE4EDDF66AA965F51828A67950638B166911B65770AB2E469B52B1DD68D561DFED75B590F47FA147C31362CDB6D9CFD7F6EBD961736FE64E3C09E1CA49892436997CFBF93FEA38F7C0758FCF617707ACE6E8D4726D7524F4D2D8CDC63712B89A7B63CF5B37E3588FD17F83D766DE645944DE23E14E7054DA9024E46486D023394CA38D96D01D06C7084DD417CCC55CA76A9FD5A92317F792CCC8FFAF1EDFBCB154C993464EE77
J=-$D25964FC2DB0C69A1E5A1CA092B7086EA59FED1F2CB0E2653AC9FCBB1EEE2EDA95A3E8ACA6EC9E166AE5BBD5BDED9B1AFE6D3C99B10E8676BBFAE679D29FF4744A8522FCCB66774E37DB034223DB39F69F4569777E00316B11A47634FCC0693004562E9EA84EF7D14752D249B1B3D988086896A4591C9A8231B0C1921FD19F724077B80466F21D5A2C6F53E70B1DA1568D867D58940E59F1FF8C443DEF86596D3D11289BEB374915B5D99402B9E0F0765548FA45CEF9D52E69864CD3FDD2518FD997CEA1F15370F68B22D5A35C521218DCC99F3E615C493ED2F7C3CFC01B8A80BD156474BB3028D65C0E2794AF56B9538C88AC62A443E9109CD90DAE27CC42643573CED105570D909E33AC89FB1F2CE87363A2E9A8BB3CCE65A1A76186453D0DE8B0C82349E841665E063F3C5D60475FF019C9331505BA8EE6059EC9C271D5EEB2E903E976DE8AAC521FDC2703126C0E864AD655A82C4ED7B32994F12CCFC5
T=$1

[17]
S=$8A8C51
W=-$2904623BB25D3E67428642AFFF16C47BE2178B41A0A2EDF13269100681FD2AB9A0693C429DF47EF3EA3BB94F88042DEF514404A78C2C5DEAB55A56DF15E3B22DA0320D89B86FABE7C82800E3823FACAF4335FD0F423EFDCDD49DACA772E92973690FBE7EE278D7A5D2056BBA89201C1DE193085CB22B394B15754CDABF632F6BBB4A18A1DE277D4C495756984EFE20A6ED3FE9A84F24F5002DEFA9880D018F6207C04FE7C5EF1E586650EAEE320DF
J=$3EC066F8F389222CF9688AA0E220F3AF0B6872BC7A963B2D8CFEF45E656037D5A4808C9755FD0D0E2144A821C837F00720B5099543A07A7E8DED437435FCCD9840F5873F055B98FC3C8C1518330AB15396679AB58B377161647DF6EC811B26529A5EE6D1E5BFF05E232C2BD768A2CC2343A36BA38E5D612FFE99E5711A8E069E482264AF2450316E470295A06A31ECE6EA4B2A9D09ED110679D8A926EC86D4A97B1AD7A30E94E7B305293964DF55CAD347A28FFFFD71E28569192FE8592B0A3F104284961BF593286DB6EA707D298A8C20E4DE1787C0F05AC1D6E918146992F71B2CBEC7D9DA88C37CAD51F5E50AA7463558327A9D626204B35842D3C275E66B46582E6F738AC0DD349070A8B3E0AE2A57C8DA370AC745AD1FB9974A867AFFD3BC672E3A9DEED0A139DA0239AA302ABBB067F52D4EC4243A4A2DB819AA9BC51EC341347AA8E05AA4FED3D6C6551A849F6DED9428323917DC489E93CF5
T=0

[18]
S=$71991073A777
W=$5075F745D3247AC7588C5DCC6966B8BCD01EE1665E742F7C70F00B30C698CB2C2DEA3B0E413A8A76B94FB983D1A29A08B053680D404B1DE5FC542F15BE38B61DDF331B429B3E473616B3684E2DCD6ECDBEAFF66263546ED278F1100582E5A130E9AFC371E2B1B6F5202D7BBB53B69BA07636123063A51F937640BE7F7A3F3ACBC707B2333E9AFB2D8BAC6E3A045D7BFC1F54D75DEAE57C20E7F7CBA4A222AAF6B51AE0BF58EFB9510B5F86D257
J=-$1E439733C4E85296BC6DA685A0B1B7C00F2A6A8FA0E6BF486CC8AAE1222D259AE000BEE68BA99BE4A47D2753F7878F20B28CA6A4F4E0AF66F283A05B84815506C5C68F4A9E96AAB0DE30F58358E69C67EF38D553D6BBD3A011D620812ABDFEE1AAB4FACB5E5F49AC33F94020667DBA0A950EEADF79ED86F95085F5D97A769A0C152EAB5971C14FB6DE0F6C927FF2F37081EA2CB3103578E4F46AE3B5ADA130679436901DFC85757FA88EE5A489DA8DA8A3C6D4CB34FE6CCE7964054BD8A30BB974A127CEC44A70A7EEA7247850273BECAB64B26586A1F7D03EB34A007B5D20B259986F206345263B24A2B843AB4BF164295C4258775D2BEABE02DA21BE322975E88E0FE75E4349DF9AFFFDFD059697B78552ECC50A2DE441B50E13A7B2E3C071F841152A098C4C6D9652D17E66E92DA81F49740FCA6C90C437D42A79242CF4F639E965CB012819FF1CBE93EA5DCC5D2D48DDAB99E1C0077C67D
T=0

[19]
S=$1FE4B7CD05
W=-$7CD6A3A5F66C72A2B914D48AA6639D220B51EA0190DE1F21FD84AF7E9E70CA1043118B03D24E10E41772CEB8448F7B5F8A553620C2B6B5A83E08608B556B9918C652FEFC4E01923D292AEFC07989D977BCF6D25BB9602727908E94B7D1183E22191D7226C9D771B0793AD97D3ECF2226D4A2A6CBC54B7C283775E133106C50FC2475710632981F97A57433577572B2BF83677175F30C060BFC2AACDB067706B37C58E76B581A1591436F
J=-$B9FEF6DEBAFA519632E4B0A38CE0D476841C07665C0CD436777880BD8759657F394BDA6C5D54ED9320B1BECCD75D7BEACB6D9AF025A5FAAEC4671AC9EA778AA473663415407BB0B37546BCE75FD20B98D2DD31F0CD8A090042E1AA5E11E6E04B5B834678D217F19AD9AFA27FA2C9F8A5B2423143E5CBF749C04CC14818BA610B7920B6F1570B36E497FCA71571A4B33CE1B5D56F58ADF8A0CBD25484B3AECECC05B27C8E41BB6BDDBDAFE9B95765C5DC55C0C06B321A01E82561A1C3909483FF230DC1E87F3BB12A0CB57A1DC2605769DDFCCCDB1C1C2600D6E52008D4D19231A880752605245A7C7D920D5370E8BA9777BA618E64CA1C52685532C691DC36A83A13F75103A445C61E9B98ECD0EFE56491597E17233135F4539D3885495BB589238C66FEB648A1DE00FE24C774A13234563B5E65392C6C94D99064AB831020723454841DA2393429A2F7E0C4E26047541CB7C2A
T=$2

[20]
S=$D98954
W=-$26E2B67B285D79B906A6653C24F0F504BC5A2685332D0BF5CBB5228CC25CC9D796B988BAC9BA37C1894E2077C6099B92B96322DA34274109EFDB88C69C8F5F4C5D2D7A0E3F8632BAC7552F6F885899782594E5695257717E92054DDE3854866C04DB059BB718D8D65862534D23E1C3EB5DB6298113A5E8EAD0A00004055291BB283B7C51777F575B12C22A0D7787BA95E580EDD0D064175CBBBB0B784060F79ADDE5F39D1A19387C
J=$1E1411145169AED76D15D45EA86F56A4B8C0D64FFA918E8EF86553918321539A0C00F8C074F65BEBDA4E31C2124433BB42FBF302D547709B50ABE4A4DFF32CAA839FCCF8B040487AC2354BCB911EC50DC08D154808022BFD108B8E0A97C58370B710FF79621D6F00600B3F8A2AD9B90DD4E1ED2054419A0A42EC76F30A57112AF8EA11E7E819FA599AA8D6F98743E83CDF11CE8801DE78854494E5E3CD0EF4BAAC517FE67F0F440CB3DECCEF72C78636EE5329B45D3D1A50203D724737666957E5E2BC3872F87BA45C8C48086AC29F28544095E695A5012587CC907327204AE933825B3F4C728187AD7CAC97443C0EAC518476665DDFC4C06EB0456EDAA81A5C71CC9A805DB8957286E8F23B5E7EDAFAF9E71859D97981850327A852D4332EDCCFCC79D77B42BA8D0173CF7D59B15DAAD9E6D9B984A2CC232B147EE07B73A86CBDECF90C665A6C58FB4591AE7E27C2
T=0

[21]
S=$41E370D
W=-$24134F23AD85EE9885519454020D908CFFC976E0C26A55CAA1327E29118EC1ABCDCEB2B893552B83D7B481E8DD24D3826F2CE941FBC297401A4DC5C03C05CA48AA10B12C73BA71B8198CF9698F4E3D935E20821CE4F7F83B6EBDFF5494E81970FF666C1F83D7B85911BBDDDC998170B1B20762B4F71CD2F4F11C00A1B2B94EEE1807B94A47AB5CB2CA1D005803682E2D3CE721525972D5FA8ADACD87E0BFB7B4E9253B2DEF01
J=-$2F74FD8CA27D5C60B35A42C94B5D38A5BACE159C4FBBD2D0FAA0276822E27DB44188D9D74D1DF19FED4694B92D14551A0DAC507EB56DD82670A6A8E6299D42C1E79177AC0DDE6227CC42B9E54DA8F2E6838457BD31FE02601C7E8276E17D3365009DC758E588C6BA4BDD66194901FBC5E790ACFA128F44CEB98A493AD4453062A2F382E2C3FC26083DD5E25277F8D64E02A4D516364F1B59EBA976A52F667B44ECE17C6C2557728905A63CA97DC73004EE8F57046935766E27D5C069F4D9349D5312EF53EA9BA6AEFE57577D1652DDF96451D682F3D246605DE50390DEC3C85134394C45767FC912A376E9FAFCF2CB2AB961A14E7B1820EA311A4466CC9A32C166F3AD0A13DD5B8BE74BE2D9C3F7513BC74ADE2C4CC441FF349F184529FD889DDC4ED1302F6DF5CDCD65EBDBBA10EDC29597C782CC5FE2816F626B5E3A418CC2F3FCCDAAA16FD88F3048632A
T=$2

[22]
S=$1F188
W=-$18B5423B13DC20C5820CA49C1067428AC6E870B9612B387CF8E715A2A7FFC74C0F7EF18CCBB68147D559DCE8AB7F4936D90FE706E7B765B80032ECA06A2DBA292F9C4D079A3FB1711DFB610BFCB2E39AEEC175695AE499EC940A33C492E83DD70E17F0B3E03739690757B0687550262A22696E35CFCEF089920D7DDFEA4AE5BA7B64CF81DE746F1B5ECEB0E8B317C3B1FD707CA7F23764B3E5E73D79DD1961186834423B30
J=$25DB52A2D6F2058CA2E383D8C795F22CF64552C78F3B011C4BBF7A036F5A5243888612E5DED785E0F567B0AAA101A80142D62A64BB7AAA37DE95DB325FF2F990CB432213B91935300503D4998864FF23812FBBB545781CF03863C53E9E168BE7CC68EF86713F4F1B9F022D4158361F6C777480DCE1863FDED9D77FE3B0A0E0B11BD9FE1E0B5C12D7B69AE1A7E93E6A573BC59FBB1C0E58EA60F34C4C8703F322240FBCEEA8FB8109B6DF48C40253CA1D7C8C0C7166833B02175C19905477AF6E43736C5408A8D31D42FFB9C100F62DDACC0F05367C8C0CA1BE0ED35C7AC4344906D007461A4318C98AF9AFBB8796AEDEFF76E7B8EBF944F69AE2CB1715F07A0CBCD211FC74C6126DA80B52ECB94B75D1F5D9255A38A7CA62C426A5616451163C20D770A9DB47343A306370C2A93C11CEA6C8193A619C851BE47B3AE100F8811E790427A48AD2953CCC
T=0

[23]
S=$3C54521DF8784
W=$3236E3538568AAA76DE0E49E3FEBE8E597A9E3172A4ED6B4C2658FD469561C65A483B464E45E63078D0C4F1F6A3C835287C1B36FD02FCFA2E918DCB391148B8036DB155AC6BEBF62CC6CBDB7D2DA7B33A3B8F93239D30BF491D12D077D6F409861FEBCFABFDE93DBB45209305C52A5905A3B7054EE2DFD8D3C9036DDF9407F200AE9298668D92903E02211CE048D1DF0A41DF75B583517734FCAF33103119784D6EE4C4
J=$F4D820AD4B6134770AF97C01F24818AD34253F34212B03358EDC51F869963406F6D65CC4CEBC78E3AC11B26BA544B79FBD4E2EAD7886E762CEA803875A346355A131861D519BC7243B83F96031BCA12DD5C16E1AA92E9A1A1C076722C469DCB0E0CDD1DF1604EF3CDB484A338ECB0BD04C625B9F31AB4C9DF91BB9C077AB5A5C24EE3FD4105A771A979B0487F446A33B13D71A208AA295C0568CC21509C988915CA2C7D726CCE5CDBA9CC6A408B11882AF7FD11D45D055F2E02CBA58D8C5FB09531EF4AE231A4B5A8C4FD4398F833BCF0FBCDE730789AEC34CB0C8BC8FFBCBD598E42537F258B22082A7685388C2A3FAE03C104F13BC905A931E59E188DCD9B03004B04B85CB21D2FACCA1A57E240B953FCFAF8EFAA5EE95BAC64B6C5FC6AE034F441FFB79B4CDFC89AC5B57D12DBE29F71D6C411EC48550FF07BEE463DCC3FEFE0CC8D0E4B25
T=0

[24]
S=$44E11C93
W=-$60AF936C4972916F5B0227E9090172759E39E747342ACA79CDB813E4042F42FB67EEA836E2BB2104B5CC8E59BBD7F761B64EA0713562598A79225157C99B705A3BF409D69CF437852966E9EA9262131A3EE3D7498C2BAE5284E32685A6BCE0E187C66CA21C220F599132CE1A6C8FF4A5766E6C455A31040DF504420AF5A241ED5E2CDEBC8C61A6EA4EEB2FC98B26853D7F2D5456F8F67D1CBD0B550F1E5558F21
A=0
B=$3
T=$1

[25]
S=$27D48CDCD9EC1
W=$C2E65B0AB760ECD674FCF3979D95367D10E96C637A8E3D38C69AD36973841E25D0E7B9A5CDD2DF3A4BA6E6A22CBDEAE1DEAE6BB55D9C93DBE48E95992CCC010EAC8B0353A77FDFDA44170BD19835FAB9D778DEA516E07512A42F92C5CC44D59EEC3A44A026313E70362DFDAE38A19F8FF22FC0C5FD477520C6FD4CBA3B2B25BA721082BFE86253F117F59023F5CBC84907B6325C4068DDFB4045C359B8413
J=-$203BF537B7EC50A9BF11DECB01FCE9920C0D10EB2E62CDC31951C93579EC108BD739B16AE970E3FE0A9C82104DA9110E4313572893AEFBB4DD1CDF173A9D8081C3715360C269C56395C1E0F630BC17303F075060064631C069B9F643F69D9CA273EE11AB003F897CB8423B9F39F8E01E76B40C9F7A0DA6AED03EA539563AEB18597AE5B34946E3CB24B721D66C8DD68898605670A1D3C3073034F1CBADF0BD9DE738F2FF998888DC0FFB6EF7D06816C119A3298DDE0070EB4D66B7042E6B0270666B4A449220F51D0669FFE277387467909BDBDD75C5A459A08369447EC241FCA2478FA8F41C97ABFC80966A94FC161C44FFD457387BB538EFAD681BAD35C2B0E6769AD9A55755AADE394661A10F01647AA3F60178D1CAA05AB34F86A580910BEE7A3B88ED7AADFE612A761F2F05F96D9EE8B0A86A0D2F032E0E38726A
T=$1

[26]
S=$4237684CDC
W=$7BCBD08E88EF255670E2752EA7333B0D863A0D658B7517C1E0095A10C8B9E116902C5CD32AD9581D1D5B15FA418E8B376E5C99727410C69423E07CDACC9403F101A8768DDD071434DF07BA28907E6F767744AA449F7720A31D5AAEB9CF93E090A372E09926B377B5BB61ED25B677E67BC4D945643F7BCF1224503BBEBCE413499FAB2556DC363615E418CC6D02D33DC1C3F4125E552F5FCE1CAD248
J=-$E23A47501A981480A412A87CC199408B1F9A3CF6122FC4C2212F950DDD78D250A2A9E693D80155416BEB5E340D15415049D48A00036B40E9534E6D843B9EEA43A5EA930791FE31CF73F1D95A1D168C7FACDBEF8E64DC3D2CDAB9547E56FF145680587AB6E6D70AF269B332F7D13DE9974194E8586B88CADD21583A47FC58D10D78A0ED57CFC7988A574D53771434B17ABA9314216AEA9F7334A7F1BF9C0E26300CBD5D89AE1ED809774111C9FD39D2E0ABF433478C7911D5AE827DBE63592D30A4C1E546B7C91B20255823864A590BE1F7F5250A6FF6C10A02EAF1011EFDAF01552D6E3F7B4F6888291A2217349E415A79577EFA9522E67D9F8E1C7A44BF80483439F3668FDEA9F1D829FF0C652A937ECF5496C8792E16AAD5B47AAB57D0615432C67C3BF82A638CF1761A5DDF049BE7C1B3295B3213B
T=0

[27]
S=$13842A7E6849B
W=$140814589C226954905B6E6912C80D6B03867717780CD7C0BABDFFA9B190AED7D77B8913ADF55F93EB3C49F35436AFB5B100BA7A8CB19BBDEC6885A6637D8D6CB7C8105DF184D6B483F115EC7F5D599E69534FE7F1833D6DE27EDD73690A38072A5D86E85080ADB382622FADA5461B5C089E395CFE3F8E7BB266AC56CAEB00F96B97775A91689ADF2577F43892D4B3D176E46506F28A3E635FB
A=0
B=$D
T=$3

[28]
S=$E5ED9F
W=-$BFCFDE087B664286781BE2CC8325859ADB62CC8CCA446915AACB1DFBC3576631B485DDF3098F3849E1BDB7E7D10B24BA1E55F79109CE63407B68E826753E0DE58E31B22B0F5C7F390CCAE657AAA5587529D86C936028A47497B6020E88E1BEF0558FD7349DC99F6146CEDD6410229C7D1DCF99BC8C8A3CC7FB6E9107F9AB57CFDB97CEA63397725D092AEA64F2B73577553AAC90F5C5
J=-$25ED3588DE85A9F761A0232898F938A66B015E4F5E03CEBC5DD775BDDB9C49E772F939737F0BD8E928C2BE8BA2512B52F5F0E02795996C3254BB5E61956054BADFE1BE6E10660CCF8EE14142BE5F4F2E62683C97BCE7B45CE686FE833F88DB11968F400453A0A28A012CE70A4C239285A3804B86D83630192339D019C66EF791C51B69E39EB8E3AEF1831995E7602D9E93B30FF6BE282A1C0E4541F9043317CCADDA5E3B1483D1470A4AD2B3C449F9567DBACA1F25D18BEB126C4DFD7B6A4F928AE91788CD9F0B5F537458D118ED7EA83317D488E98159B9D7AB50FED50229FE4A57EC4086AFAC0FB77FAEBBC7E8C3BF9A4F90646C3027A66CDDDE6E290FE92643E1AD04A78FA819E58CF392A84B6A7B89BB890ABFB1148D8F4ECA1F8280AFBC8D977C4C5AC28E003A250DB2
T=0

[29]
S=$21025DCAA
W=$100E187D0F61FB519A85F4E379D8C7C890706FF21695B18C465356E9FC5B31D8F8607389D65C3E563318659246456B81CD3E4A7AF765945757F2A05792ACB53853BC5DE58F5BCEA75DF59FB96C6C79B437E76464A1DDB258912614D9F8AC4EFE8A4F1FDDC1FDD30208FF04BBAD608C49506812B151EC5E3B255159927D8A3FFC14235FC15A54BC5C99EB494F78BC10B5B413953922
J=-$19E756280A8438715862FF1CA37DE2A6C44AB1777B58185E3F289C2031F5CBFB27459C618007BA84D459645FC80E14AD8727CB7ECEF60AAD7DA3F39545B6BEEEB4594D32FC36389CA0C4BFBC87B5A2C6E74503554729AA25218DC0A551A57976781EDC7B1E38B2F48F08E68FB6FD4887BE190465997D148FED034047676D0D29760C8849E78D1CCACF7DEA50FC79B42B198F475731A5B2B37F82B9DCA212AB7450B796B966B13C9B6D115D440D066E17231EE212D481C135698F54FDAA41EA327C74BD297E997080FE0882FA30D260E46D47ADF47203B7345835ADD38DFFAC51BED2A0ED305D90FF9C758C64382073338DC5AE17B0AAEC09CB646B8B1DB6CF5BAC7E35D46485507EBEAD3F14576FE1CBA49CCA87ED78F2B9C43E4B29CCE28A36C5E6A12BDAB5F546B4
T=0

[30]
S=$DDDE002909CB3
W=-$D83E6C937A15F2F937A8C4996726091C59D6EC30B47A7FAFECBDB23F06551FF7CDD055399E6B79F7AF1A696B1DD27A62903292DD99B1F251D57DDE02125E3960F54A7A3AAA41A40374039970645C2D2C6CBE2837DA3E153D96B2D741F01E8A4141C37FF79FFD8083F0C1A69B4E976EF3F9482014922B6D4FB3FBA79B74F4F3C75112557C2329FC79C85CF4E9CE49E58D5BF53
J=$927217A1429F88BF2CADE89F7B4EF08C410151A3F9044EEAEB2C62C9638722C62919B303E5237D979BDE0E5F39A428AF7DA7BC082908C379B7ABC0E292C2E5F5492FE1857EC0C74C3F0EC40284B4047C81CFCBC9EB0AF303008EB4A9A5F1991964AC2E071EFDBC6BF96A59071B234F65040F8CCE927207E2D79A43DEDA1B5944CF2B300E69A8C39768C88D03074920E07D22AD2FD4AD9F0D5DD483915AC92B353D1C08031414077F89C809CA893AEE6DEE9049FE42F44E7C4B45ED08319DAC17502E25011F056ADBFDC40A6B5B28675213895D2D6FA0F6E9B554D4CD90DAF287C2F2F0E551D31D3F2C0742C74DACB1943DC66E27589D7484D8E7F2D102D7C725E26A3041484FA23DBD3C93D27FFDD0FFE517817DC3C2B0C6F26A88AAB591C678CC3BEA2FC
T=$2

[31]
S=$14C0A2
W=$1F2E3F265A97DAE19E0AB90B1CB559A7D74F0895B4811641E6115D45E9BD3A1A86F25039DDDDDF610D12DB52B7FE0B74CD333763CFE3FD60F32A267B105C7E2F39FA5146208135358978D85ADFE8FB09CB5D5984E9165D49F4A80CDB78BA87B3267757C194C0BE2140E87937CDD8757DCB57E19CA982968F6561E6824BC6A60FC2FFB946C37DEEB3203DFAF3AC34990
A=$14ACD06606F59A0102A4E9F366EADE73DA8DDF7AFF2A77CADDF4C186BB238DE6A71E1354AFCEF8A2D64B371A19DB0360F1377799240E6B9571CCEE425D574B88F34C42DA5118A890BAAAE8656251D0E9860350369207D6A85FFD69C3390D97B8861BF93283290832A1CAEF2A44E316A7A3C2FFF4E25F9CAA62A1DAC6587EF2E9308CE523E3AC61991BF9BC245E6D9729833D2EBE38362372F9FC9C7EAF31E6429891DDCA0FB7B4CEBE1D2A6E5B8DCAD2441011F9954EA988E96766B05F9C92BB60282B71F190D12344459F5ADADD4A2A851D61721A8C2061D8AEEB777FD8935F18FBCD8AB9CEBF0E1311809A5F92A3A9B622B8AE623F041E20E0132B8687C9C2D8862B6C709FCA27613807FB51438E383EDC45935FC774DDEDCEE2CBD154E
B=0
T=$2

[32]
S=$1182510
W=-$C83A109453998A898F3B10C0F87475357F8B9E74BD225E326F74269974A9248AECAEE2EBD187533A70E0BC766F3969A3A63D473744623FB1303F9C484C8DBE63A79F3AF92CFC4DE09DB43D8F6A17E47B093B485A85669CAFCA337DECC20142F6FCE46F05A9A162C9B62268E54C14ED4A767725ED5487CD57DBDE473709CE790AC0A1520D7327BC413641A6CBFA32
A=0
B=$10
T=$1

[33]
S=$8B7313
W=$344251462FB783F34F945D954956640E2C3C4BA6735FA229CAFEA3F3537A76BB7EB25D5EBB169D40285EFC1EFFB6829F18AFD7BEFDC320DA5DCCACB47F10B33D60BAB71FA4F38E3979158AEFA9E4E8E388028C0D3EC89988C5F206AB2D95230671F91D0A0F6BA4341E573BECDC043339C4D29E5303AA33A4806E3E9DDDE60E2D7780806D3BA9CFE0F9FA8999
J=$83845D64A15D67058CCFB171E3AC0D37DACAD8E74F9B3C00E0B9D69EFFC6A058BBB43497D47CDB8C0BC186859206D5EA9494068C5EED4FD5AE0FE6DECFAC3EFF40D753B62BA807DF7CEAE640F14AFEC2689C3C67AC500D91FEFFB2CC5F6B49944831911C398DFFB0BDD12B1FEFC5B5A6A0708447A9A9BEF7FD4CAF161B7203E13B9075B32F57E9D4252BC9FB7A867B94D3E5EA09B6DD005F6362E07C43A13633F85B8A5827F5D91D7D967E90B9F3190BF3735364F51475B932180672D19FBA0421E8937B334403694ED06FC3810CAD9492A75888AD6689CBDC5D5E0FB706C952E195AFD069771585F3B8D8B40C68DCE276D81284E7AE4615285253929040FD035F6309A3C7D9876C86954CFE69BB124BCF3548A559F300EA5
T=0

[34]
S=$30D67BFA735
W=$1074B9769DB8080D6EE14BD7117202DE233E5ACC8D219F0F0AEF7C68AE0E9472D64D9029D2C5AA0506BB3704CFB1CB5FC0A19A6190D69F6B162D9E213B538B3E5F1BBF3B8E01C28034F8B33AE5B4BCD9C4B201D5D03CA1C7BAABE0E78633C420EEAC223B8E2A7206755D950B2AB3F1EC7775DAEAE6FB4AC5A429DAB2E7463FCC3B7D6389AD6B1DCA8127A99
J=-$16C580C0AC5EAB8F7B0828198148BCB62D997C3BDE7D31501AAC5DC36926AD256DE6B9115FDF5451E62A79B344588E1FD5BAC4F0F0244AD0E10099C174A851C7E4E0E819C8A73E45D9B6EE22126924B685B24E73C8B42A1BAD3B697763E1236A51EF6265177C73EFFE834AF8BD7014110DE5874A6AFA5D02D98A6EDF7A5B5C661DA00E00B6BB8156C7B6B15FE2319107BF51DD176D7F98397F14048B9F9A42B2C484482B8831AB03A9CA02ED06947508ECECC11FC551454A6CBED01FF101A2ABFDF411E76E70778EC495886F2012CD516C8468018E3ED86EEEB6565CB6DAD4C2D8614EDA6293D54E9DFB337597753A28BE649B40F583ED526BBB786475496C92B122CB50A1D6631698C6D620C7E02F471FE9EBE79547
T=0

[35]
S=$18054F474
W=-$9E0C7DE12209977289DA0E43AAB580890AB4F59F00BB47E57F0359CF612DE9A48AC465F0566FC6FF23BF1B06DD11B5EF391EA4E85D63293D846F299C6AF6572EDB027C4B035EEB7DCD4978C53E0B63DFF5EEE349B678AEF539A5A5FB95BD59C608D4C38F6473E23AF9856720C54DA58EF66515AB408DFC9DB21B5229F4902221B0461C71CAB0B3818
A=-$108
B=$69E
T=$3

[36]
S=$16ACAF66D0
W=$673E24DF3C98022243B8B4C38BA933A3C263912CFA3A4B2E206BA626588BE28BD74DCAA242FFDC7E144CB6B7BB0B01E7876E5524B8B3102F68F4155B1EAAFDEBC5BB0A2A93239824752E8566AB01E812D716A46AC2C927D29AB3C2F336DA88453099AA0CDCD2810985264ECABDAF14C4E4F0F5D366F26FACEC9465F14B395E7B8EB29E180B6FA
J=$2C08C3391388844A18AE68282243A916071A2999ACEAEF622A1EC4F82BE5D63FB14BD0DD288A8A60752720348718A89BF42AB5E3654A0C1ECAC7510FF97254CF678D5493C4CC9AE6B4F7577B6374B4C69142E592FD695CE3107B31D06328BFB9D1F82494D1E937A49F8F2ADA2756E1D5076AD338E75B0E8A9EB4D76DD18740D9A959CC196E5477FFEE6774A8253793A4BB989C9F01841A1F217D12E287A0C34EB56AACA67F86C1BFAB0185F003BCD5EFF8C41EC577473B69129A25AA6F44F42E8C984D1B4C796103D997CB166D98F181031E64015E3199E363C9F620A85715E1DE7F15FF14A1E123F9DBB805C958290101B9659DC2D35E6146BC8045B68CEDB43F8E58237F160CA777B4D431D
T=0

[37]
S=$25E318
W=$15A82E74596666F2334E075F136ED46F568768A1B943BAAB0D3BD668BA79A56DDCCAEE8661688E982B73FC870035AFD7B45C13E362BE4C9FBD0533499E5111CD22D95C93CD17FC824A973DCAEEA38008FB8FC9D9B788B96DDC7FCEE9E14B18E4EC9836BCEAF601334944F46C2A55C3E73F262C121985EEF0638D489EE7D2F9A504F6ED31A
J=$28DD353E19E5E1D4B7E57FE898D208DE97C8E6C065C1F98F847CD80421BC57A3705EF0253AB184C79D51DB5E7BDD459249461B5781018AD08331419C1FC356B42817AA1F533E8FE980091744D0A00893208897A4E880B979B90D39A384E01399E6FC53A71995182653D029E924D08B880DC9BA1B41CB853D193E4D03671C9D833393C3776579E4E1D9E2293A2299D0D140AC49AB5BA361B3344D1A4B9644D0ED85B27C03B5863A8FA1E441E90585F0786992F2A4423C7BC1FA71CA4DD81A0B2211396301F54705565BEFABCC3B15D6E338B40BBAC9F3781BB7D86EFA0746C095995B04E8F54590670E5DC20283C8A4910EC5A64D1920C24A8FDA1FA7E5EA00640537DEF445A2BC4A
T=$2

[38]
S=$5901D93EF0
W=-$3B6DDACD6946770BBDBBE9763E0FF87F1D4B44E08AFF6603372DE1AC2766C5138ECB1E3A41A8C0E234248C364294FEAC0F874DA67349911A79DAAE0E1F3F9F077DE937455E897554C894C99848E828A77DA1D9297345E30F9AA99D3994439E7FEB3B54C42745D84BFE08411E0D9FECA6ECD28CEC57042E1DB3E697B2EA5144C43F9DAE
J=$43DCB28A96855BA87A546B219B67BF582EFFE8549320AB7EC007913ED72476417A94439EC91478D30EA21D72438AF517BF6DCE7E0BC75A8D2F85704A304B5C847F909DF848A5D10766F7837A7A3E08930585464DFBD3016CDE2AB43EE97245CAA658F02A84587CAF9A16921DE63D1A51FED54B6951F68F96CC4890660933B1DCA7540A7FEC7301EECD307B5EBA6B644284410779E94BDDDFF8048B719E48895FA6D6F4BFE467737FAB0E305C7778558C962BED76A1870FBADFBA659312F893A0EFA116BB199CA8787D26B9C0BD41CA424AF63B8030A99836B05ED1B7BBE77D77A5A5C94E971F8A77216DB0A2389622566EFCD70B487845232224FFBE8A11A433263C7EA59D
T=$3

[39]
S=$319F37E
W=$7760C5ED56E3C05CCB6BD9345EE13E21B2F40677F6EDEBC073B2B42DEB293E8C1F670424B70A0B424A490C2DD468F261AE806AE1E4138CF3E26135A42F166DBDC48E7F1470D823D0E8CF2A7B4046F2DE714423E09EDD8328B6817928C4C89D32CD550407D6FC9340E5E796FAA10CF9B7D61A242FDEB8799828AF953D2FEE3A4BE
J=$702994CF12267A88A9F949440CB03A75950A32B27C5FBD620E2E5DCBD4DD3903838480CAA125CF4FA599CF4C433FFE797570308A8E296C3B5CAC90C365A40D450270E75181323E7BA0E5924CF89FE61349C2A4B99C52DE134270AD5F2C5BD7385A87D594D55EA713E19AD295D7D2A5764E6204822B999B3BAF22FEB8D37B5D13F76563A31C0388D885599A17156B40337EC9C2803757D22A79B0397CA2582E0AE87BEDCF284A767ACD2545B150448448AECBCC605CEB88CB0F0482A7F9B6D6689D61235B6BE89F1F94A3A7C444DA88B805C73BA1520F6B7A8FF2FFDC342AF70D2982ED1D0E386147C16AE231098C19E9AA5BB3B866251207206787CFDC3325DAB
T=$1

[40]
S=$1D9B2A9C
W=-$232BD93FF30480DE80740AD80F3748A2E4AF79368BDA87414FD897252672C0F3F2BC8B2C691FAB23B9FF1E6834C13827EF4C4951762DED06CBEB6D708BB6F2E733A8C87206B95D5BC1631FBD84B9D7B4819E477A83F4DDDB6DC46078F45FB1D8231D4767B70738020AE3269476763421B9A2E5F90BD8736AA3A4DA8787C184
A=0
B=$3
T=$1

[41]
S=$1C8A9F5
W=-$15583108FFFC4B1879C182C754A71EF66EE45DF7BD2DB753EC07FC71F2C3EFFA5C2E3663A67E0794B25AE56B7105A67E7C5197A35C7EFC95ED326DB2A0611BD31B4BB8ADB1EB273C5CBDE9D565204C6619FDFB23E7FA2DFBED985575DDA606A018F3A88F62A624CCB565A82C4A26CDFB1A808B4E9E0CC426025BD244B1
J=$D18DBE94871D1468B6FC9788BA781FBBDECE768972D003AACD34CF9EDA5082B2E34E436825ED02D9C7A09431B9F8BC101544B4EF4EB3947BBC87B845EDFC4185F32D434CE807D23E812F13F25DC126E1CF02D9B0F657BD1640B186EEC07F05F6E62AD53BD5723CE7A7E72EF1FCCDEE0E14B61A71CC07BBD6E1A76D461199B17795EE0F12FDEAC11139DC0230848F2343B88AA846D94DFF20B6BF4C518C71EE0D90E8EF9F133AB3575BF2613BBBAD1BEAD1A5B9541EC11C95D1BF0AFDFE4269347AA6E20BE89BEDAE4A38F029530FFEC3F02821CFDF5276CD7F400498C9A90FC46939E7F5471A65711557E93B0E02B262C494721BBB812A8F3CC
T=0

[42]
S=$AB104
W=$715BE12CD584BB1D9D6FE0675FD24A825DD01D4CF856965E5BA69C2B990AE82519FA5A8558CBE2DDBC057B888BB4621C502EB6158D9D4586C7996187923F60BE127CAE281F7BAC203FD3EEFB797587499142C9BDB6262A8E81E6683822560F991C17328CF43ABA11CB924584D8BEB50BEACA7949F6C95B6106AAFC0
J=-$4912CC81B9D900DE99B137CE5102FF02EDA69E3ABF8DA91D25D2713CFFE05BEF69B015884555E6B27CB878B656A89AD30C3A99D7CB111F3A25D4E697FAF4ED9EEC5994AE90D4CA3E27CB088762921E756CEDCA25C1E8DAAB488A85C1F1B8A29B190411D90825C81601C269CCB61E35A54E863ACECE20AD945A1B6B45B7F1ACDA6A612F38EA9DE7AF7573B9CFC4A62FE84A85919CA1CE46A205FCE02AF9FFA18D0CFA27A35D1ABEA2990F7DA3ECF6E958D45E66AD783D9FF283C320050047BAB46659C2F19DB2AD057D75A58E489563C4FECF952AAE1BCEFA399A9068132E4A23E3B0BD314FF15395CD48C8B98B8DDA263CDED4075D616
T=$1

[43]
S=$5A41E5
W=-$20445B0ADA755851673E52F9381A40A7F7DD22EE90A0E3BCAA608EAD39DD4557B6061D321B4B037A18A8715A94A383193359518113064414EB08A3B2103118FD1681E10BDE19B0E1315996AB81AA4A1ACF05BDD3B19EF31D570EF2D80DFCB848C6F17C0D5C2C5955E4D327BC3B5D7E8CF132AA4485E44D4358D13
J=-$344776267B0DE04C54E25691D261BC04C3FDB7F2F605A0C4D9A2C20E389069748D2EEC392F855A551AC5F977635ACBB25A05D39322FEF9F34C6D2583D184B21C4A10A1DFC4A987EA13BA3A67951AA6484E6B75013653662CC5166A6DC764BDE390D45A5165DD4DDF5B2E5542AD243C1FD07F2B8EBB23FCBE6DD541AAF6819B2CB687F2EABFD019B4DDA123237BF4A7CBA4D4D69E52F677F2D6B1BBECFDBD1118D05B77039280F0BA2C94F64C1CB4A63A32665A8D57BE945106B5CECBBAF0DA6CF98143253BA8D675CC965EBF7C544E5708C26B18B7AA8F7093CAE7C1FB1E91160F6747A3F2E85A53B585D91545C7EBB87409114F
T=0

[44]
S=$6CBA150
W=-$1671DC80F6C8657A2E0E2C436261165D63FC2A66492734B47B5479E4A4690EE83D33F1592473DA4AB290B23508147F930E17A546D319F4DE1AAAF3C4AB2B652AB38C968AE7E81CE715704F2DC41A19B30ED48A865B7D0CFF546E59F691743DC3AD2C603CF58EC9B621B2A6AFC606D856AB77FF197F1C435502
J=$89685FD28245D2ACD83C2330EE030F364F7A858A9DAD53FF4DB0E683E95B574B9A2B94366C1879DF83990817EE7EC98222C140F1B6A9B54F4B3EA8033DCCDDB2F1998789BB2B49390A3CEDE5BFEEDDAFF9A5BDFBB4EFA6917347149FDD555153456D828B9771CC5043D7B23013AB9916BC1E05BC2EFC4357834FA00089028D864EEC6FD1025F204291E4A285FC3028AE04AFFEB99314B12BBBCDCDE158C63996CA362929B3F352F8C611F66DA87BE91F46968038D0E77A37786C3C002591D3D03BDFB9B8FDADF9D05F56EAB5FE7CCBA7BF36C0C7863DBBDD1309E1EDC1FC5A5D48748CFEB32E31ACEB21691E88D9FE406F
T=0

[45]
S=$2219F61
W=$6077BE227AD5DC322A9919B876EC75E5F5CACCF28FC86BC4516F6CD5122923ADF21E64646253A3ABA44C603C77AFEEE75BD4665D2518D634FBD8A5CA4AAA4177891F8844806B4B892950B5C707910478E9F0A85E49A6E5A7968693B95BF97AD2ADD9AE7EB711862BE3561F14454C1E7CEAC3BFFF3521EF
J=$1E5B27B0D7323B515BA0E5F5F3D54F7853951E41AFA1643000972D9C75A23D75AA1DA1B644AB2AA45CAAE3F1056655492B31463FA32D383BA8AD79A31C3A86230D64D2AB121C124C02A3167F9CAA4B69C85D17F6304841AAD0C597F3D6819147AEBE960DF9BABF37289506BB927F995842D0CE95401762F67F2F6A87AC7F1CB9D27B293EE75677766705F6C4A6703E4092B3D27AC6B60DB4F06CB0B8A76C4C08C0FAA881C33A1B0A61D29750542088F3523B7A9B44EFB769EBD351103D44E58F7D5902452A2125F718522FF4DEB58DA1D71344278F7C3251B5EB52B0DC60134FE08003FFD08C5B07A734217730F0
T=$1

[46]
S=$832B6CBA56
W=$14F87B3738C5A9D9B6531138DD48C5A0CF36BC59F714EFD938B36B0CA11A5616A33E07CBFA5716360C15504B022E7EBEC42FF8403DB1192538D23FBF4196A7C6F15A1747B35312A19B1A8418D5CDE19AA446B16D4A6DDA89A5571A2AE59FCF3148897E65B4CFE1073F1C8DEBBB49846D4AD11AF85670
J=-$107BE4D2C3C5AC4F7D73646F5814F4C2768446887836E561BC993C36142F050D7378ACDA9E44B50839F9E9335B3D36A0FF734DA74509E43D4613760079E18FE8A83D9218D8B5901C10C10547F9EF370699E0CFBFA95527AC9B31DCBD0A4F8153481E16BC62D3D613351DB28A6DBA8776CBFB1A6190863098D7D00A4B3B3360C9667B6BEBE51A022371C9AB5FF87CCDF0A845FF24E3EF341D7619675870498C423DDC67749516ADAA75EE55AF0A49FA9E736FC24AFD8C9A66060D8EC982E688D26E09CA4170C598939453105E0F69ACFA4C4A6FBE99136CA73B6F5AFD72F084C3625B69E58C7CABC06499D5
T=0

[47]
S=$41ECAC2
W=-$C441F981DAE5023D7FFDDE7AB7F53905CB01491B7E53ECB2329503169CE66E36800773D89E7AC67A8DC201B415FE9550D63AD0A24485C4808556C6310976FAF4D846CAEF0121D881ADC2F572C09FD4FB1274B6EFB98A1E942E5A6C919116C3098CE5E9998C8E4FC1D2BFDB91728B1E6412F890
A=$3
B=0
T=$1

[48]
S=$56DEAC3050
W=-$B34400D2CF391AD3C8A5B2ABCEAD6FF1C6FFE96BBBAC24D6339F708C95CF1E584C6E93723C83CF17E6D5A1BF1A64170BA0E5545A6FCD461563E7A8BAA41775CB242ED8ED3B918B7E58AAB9D00FC63C52519BC377D4CB90A132BC21557F787EEA0CB5563B490F22343E5705828E23C78457A
J=-$A22E96DBA68B355AEAFBD130038F939022560E5F1101458FFA1E861D143C444C7D56D12805D4EE1060CE7584F503AD9D3CBCCE63E4E17FA745C2E60869CB826205D4C957A92B952E7E791F6C970A585A0AF86A5ED7D377870D9F2D64448E9119A6439894172F8A4D7025AAA82A10FF7CB0F486ED83F2080F4ACE0396057359932E331359156E9B5C83CDFF2FFD5AB3A0A8431CBCBDA107837CF92DF274AF08DCFBD03AEF32686301AEDE4997F1E72BBAB7A3896E513B71DD8085719ADCC47532EE873769CDDD39C0D80FC3171F9AE84B4D8D07BDD419C9EC9A33C724A50BCC180A2EC
T=$2

[49]
S=$8FB4242
W=-$C780063ECE0BCFAC5F98CB602F85735FFB05A068C8A0AB791C706A99470A427EABE6C86275A6D9E16512C5F31C909CE40E30B76A0D089D91A433253ECE4B26337C063E0B00C645E05ED25D982AAC18A3607888C0CD41E72643D000FC660D1F9941E7D36C9A3E9F532CCD639E151830
J=-$B9FE7FCAF95BB4097CA4EC69F21F68412592D5F2D5505536D654B450601F7484E74B5015A1C419F289D2EDB3DA75BDC646785B86107B69AFE26BB22A602AFF13784D3D41E9E05A92C6D405FB1545265A852151995887E433F9384BDBA74DB75558AADF45B08A5DE02D2CDFE556A74EE5714FC068B4B8E52E423A78D682573664FB612C5593BD6C372FD0D8B92D8E9C23DE4DB14F4D3B7B735CD19D5F1C1EA5ADA815A879E28E87CD436FA27676673D92ED5ED8CD061D1F41B6F3174C832F05897E70B2A4BD0078EAE464E1C897A4C2068A72FBD3456AC2BE8307E705818
T=$4

[50]
S=$CA444
W=$3B881D99248A2BA016EF1286DF68A18B00BB4714CB2C428A04C854693A24A488B063298EB55C9EBDCE28171D51C7D21916D495155644F044C805A859CE081BA6D7BB92F5F892437F65A3672B16B686B3673BF7DD6A437FBAEC73A11BA58FD023581D068E60D57D0251C986E6F4A
J=$426B2C3C250377163D50FA5FCCFAE44F84F686230C700322D94BF9E498B77E46A11488E94C0EE1674AC89B29A26AD0C29FB40582A6D1B923C2E5AC44A65F0F532B06E1640FBFB3FAB6F760703C8E4F7FBEF157A786E6FEEC07D26610ADAD3F8FBB3A4DAADE9F798DFA0061317E1AD2FEAB9034C04C87AAD916F5201CEFB897EC0608FE8810296C6A0BA77FC2107CC2C022FDCEAD72BF33D127FA6E1E71F0B19938CEBA3B9647F6BB7FB7ED34A42F6F7240312D99E176915E78F8E3F13FC5502318B799F3792C725EC5AC9E1F6ADD26EF6038413196717127F9215
T=$1

[51]
S=$16F800D
W=-$C6BDE397A922BF5EB748241441EF6A54F0F8956906CFD9AFF69AEF221CEAD20C016BAA5888D73CEA69EAEECEB03FDA6E33801307CD416990DF7579DF77B5BAB8314004F927726D31A601A104A85DD12DD6B049CC97223B675E3034567E5A72F981FC537BB5023B9AA79EC10B
J=$91B68E8C92E74AF3628E58C5176B073030646F5F0C25FEB9626D05CFF14B15FEF29E9BE1B95F8A80FDA1D2FA361031EA178DD3463B59625C9828B6F544D980A99108DD4162102BDDC409F4AB665673B576BD062235D32292B62E068E12B6A9C023FABE05861DC6F954D8895ADC7B009D26BE34141B77F4917797BD74BC94406AB0E25611746F9912D7825A8CF3B58ED97227EF092B1B4E312F2DFC56D352BDE6F0BF4D59095EF1A34F11CFCC971A5F6EB7E7308371A61477DC6D7E3E52CD2FADFEF1FEAEAA612BFF95CA70ABB879B0D37E9CFC1A6FE87488
T=$1

[52]
S=$17DA84183
W=$117C26165C139C7F0DF2A94F0BE7363D6A0BD77D6C9451DCCCCBD931ACF9234039338793709C85B43527DF67036FDE9B84600452BDBFBFC00CDA646CC4D716BF81CC26E02578F3800D1EF7C72548BADAEB62885A6239441EF0862D9D83BB9C21BE3B0C8502AE06DC9D3FE3
J=-$57124D602B8CCC0C06EF547E370781AE4FC3D60CFA2CA02217557E5EB065C158EBE99F640191BED0451781CB525A7DE6278738AE8674D0513FEF7F8025E564516402B235EA0507C86766C3ED55D475CA150F3A8E7DFB9AB8621BE5DF619EBB20593EACD15C9EBA4E295B1505D89B391FBDFEA83B1AD148F14C178A1E95181CA9CE520F43C098CB3A8A3B92EF797F17F6C61F63B5AB9D7052B731F12AF96B79B26C36B53FB9D05FCC7DE1A76443E9E272C7BBE14AA5F80394170D35D26B3FB5104B343B27B36B07E33511A8C3C3F00F622B0D08CB30
T=0

[53]
S=$1647CFB46220B42
W=-$9D5647100ACBB64B19A52D29ED0CB4325F4854C3BC055639651F1CBDB565532C5176B4CA5A032AF0DAFD2B256E6561F9A016EE8A4E2012D34FAE75398151A3BF73CCBFB94A17E2BEABDD99C5C1205E1C56FC9DE49D78CF6882A308465CD24E2771079E996725A0086
A=-$1E
B=$38
T=$1

[54]
S=$798B30
W=$C78DCE79EB7B5AE8D6A64F68F5CCD7C18BB04C3DD86F8E72B05F6FD5026EFA5F09CCFF8C39FF0E713A8BC7CBC1645D04D1679EB468F349E6DB1485435E4178A0EF748DABC85394AD01548FA7B9ACD54D9EEC3200CCA86779DF60666C1B18A9B3F22D6E6022
J=-$C23437C8CCFD6E3315422C3A70731A8719BEFA2B9C010FAEE180923275751B2205141AA7ACA6CD32EFC975D03ED116BDD40FD3472EE347FDCA22F2A1CC40849D21267860E90B1543282F433ADE6BDAF46D3304255FD0D7C1BCA462AAC08218C1734033E4C7BEEDEE59D9BD671272B3E2C49980CA109DD55FA95BBE7B1592D17715DBF258D1A97C57BD342CC903D49FD7FC7EB6C8504EF9A941160D99805E80CE4E79E724188868C454E7CF516CB624DE29FABBA0DA66F2DE38759550D82CA3ED97AF7EA020A35B570D4
T=$2

[55]
S=$2FC3A5
W=-$112012A58D44F540F4413404E5149CDA341D9FFF7111497817A9C775515DE7A552604F21D29FBEADDE440CDD521D3D1D7A36DB92145CB5561F09E59FBFC9085957841F550B66542879A113662171812B162F649A8332EB38DCA4CC86B25FA899D9E7881D
J=-$2AB4E0B5CB7B57D4D36233F8CBECAF84EA55060CCE173D3F9E183EE25FEB9FDE8B7BB12B166F926C0BD70414228BBBA10BDB5DE1B5C9D4B9576EED7602CB2D722DD874F8142E335D759BC3F03EF77F671CDC60A14EC52207AD88BD967CC3AC43D9829988F22F7A862A9F91F8C00EA1024EE90010C3E60F7D62EFEA6347A0DB308E8E2FFEA599C7EFFED03CD87606259A5011DE6A3A72D07E49A444995ECD475A0588E3596F3BB9995C0D48C477688ADCEE44005ADF280EA3CBE34D878CED02C9829F18ED3C4C68
T=0

[56]
S=$D5FE2F6728
W=-$47FC0A6743D89FAC693385A3ECA53C610EE6CD0AE37484D57E1D4FC372D2EB6599A7D775B6CCED9C86F9A11FE48F657BA1452A3AAE745B700FC51F5EFB8A64B67D0577FAEE247FCCD6EF9EABFFE3C7A220CE162064BC73FCDD6F6FBD3A83354D5F0D4
J=-$268AADADB8862CC4C1BC984A83DC99C0EE9E41546C9157DFED71F4026B78BA48F89507F10F9AA513AAE7110E75F72082DC1A6AB09851D9C83BB50B66035E2E47D20969CE392C7C1A99CC7B6FA8E4C293C2B64AC43B06C9A118EDA7123C8C916A79CC21C309D0B06734AE27281844B8DA93E14D173024E5C7827709B34A8C6128AEA7004B91627CFF3384B3C2B731204AD4C00755A725A5ECFD2E1A8EF4B18FD55C3932A1AFB731BAE398D9B2CC0096FEE97EDBE05A746E04A88CD7004BF283CCCF6887D26
T=0

[57]
S=$55E67C4
W=-$4E1835361EDCFBC9C97D79C6B6A652B08452AE7F9AACD4B8F3552057438A87BDB02C7B6B6030EA6E0B2976403361E2C9705850D2DCFEE2E403F537834D1B301BBF4B818FF4F5EF67FC5BCB807A43990886124B173E675FC2C5EF7806D67CC398
J=-$2A9735A41B5D9E5AC838E139E4FEE7C64BAB1D4191B0EBBE9314AB01D48780D7EB80CC36332E5C1C2A882F4D923901B1A559A6D273E79B4193587321B19CD6B589152E65995595970BAF5D88C64E1619A0BFE5833669134CD5E163AC39EDD57D4F1C12B0972525B5DF9B37EEFE472AE068B3FBA06CE6FFC6349F5ECE3F2A88BC8F8932853C94406A16A8DA6FF367D77DB7B1D58AE17B3937EDA8B3273C2673D1E81FC90B59832A7AC995D246E7D1D663FC294A5AD69EA95C73EF8D8534BE50C
T=0

[58]
S=$9AD77
W=-$10EC253C86DCDDF4B5A65904656F2657703D5506F8F7A6D3B90E53186C5E861847813494EAD0C50534950D16C6142AC3C048B40A0D0E7838CAEAAB6DEF147B06B8E98E899C246D650EBCF0770ED38A1A027C751175C9913460322B736E419
J=$8ADBBEB6BE172AAE044697C7867458DF499FABAB67CF80772C4D2115DB8168493960F5BB957AFF577E45997F328125D99A9546DBCDC159B2A018FC3F3619F9DEBE8CFB3D6094505142867FAA7B385240F8C5D3D23911A996352514CEC2DA61703CA72131EC4FB6780EA972D81C7C81F80DAD145829AEF7C4C93B880A9C02FB6D4BF7968654001BFD01DFBE11FBF8FCDD3049317D09EDDB07DD1FCDD1E53A639F26407CD64A81FAD4CB227664505D7917D33D55F4A6D4EDB7AF1986A6
T=$3

[59]
S=$22320AA9399C
W=$88E64753A58CF394093CFC5283F9A0D7AF8F58AE715E40FEE4E6CDFB92B9A4AB862BEE0397D8E6C96398A44BECAA4F79D293D61DD1A11690ECCA7E9C0A262F7E025A322ADE1C20E098548212DE67735DB6E749040D87997E615A640A0E
J=-$92F382102594B6A6FE44E6BC06EE1D53663D5966BCB156CAD088B3F8519B64D0F31F73A21214470C230855D55C04D2A21690925C8A8FA1CC1FE909A0785CAB47210311E040010889F8E3BC83469CA2F753274C28E106E6C4B2610A53BE4C3A519D3A8917137C6E131B9CD2A0AEE3E24D116074FF2ACFB348086406AEB9B72EE4DF3A5FE25037010D844590ABD291DA6B73BC4A58899680FF9DAFB7C540D944BAEED28C185DB62F56DECF1F38ACA828241EC2E8B065DF06338D6
T=0

[60]
S=$114962
W=$1DC9320C4B81CCB8B38A523B91791A02E63E3E79AD727443375877C046EDC4FBC6F8316C7C673934BE6C65FDC63CE398CB2DBA6C16C8B8A85FC626BFEE73A95647FACAA5F21056505D12D1F700042B83B312C2EBC0ACD67D95C3A
J=-$1B2C468AD08DD2DE0B2CF9C8797CC2D99EE9DA8606A31F35C940B6B766B6DFBC28B1DD2E034B6F68C7C1ACAAC9E3E03ADC87545A0066A6418E96C0571B7C0286AB279BB944A55B3050AF686EA2CFBE3C0C29F5421F236344F5C94CEAEC2F43D32428BF7A2E1B5CC8A1C4A7350A1949834759BF781BE3162F941F278017EAF8DDEA8FEEA19C1886DC32337B95189DBE44D46AF077B0337187C9877AECAB426B2A6CB47782135D5722FC26EE12E38D3F1C840F1662
T=$1

[61]
S=$544A
B=$2

[62]
S=$62E3A22
W=$BD22A1CFC283EB5B4C22A2AD989EEEB513DCB9D1F4F68319418A58FEE5B2478384E74147356FC408623A59E60EDCE9E7529DEC915964FA6C9D598F97F83A44534ED77028BF6846B50B2CE021826E8066BBB0F45776570E5A
J=$EA899C5E953D923B6913493C0C844924DDE5F91C3D5D75D967EC51095761F39E43A914C631DBAD59B9746C6FE4A5A74B638F0FEFE602B12AEDF774CE36D89A432135ACE6E7AF4574046567DFC2498E296652CDBC51E33989FBBD789757FC21C0EF4ABE14ABE9F78AC8AAFDD6C2D17F449F3E081C2E24B68AE92188BBC8A2F19C3620C9006065E3A9562A6AB1AACCCA69AA77E63D9BA9C8A804C537CF24348A50279A3286CCBDA52665D8A21E6B0DFA5
T=$4

[63]
S=$3935DE0
W=-$34C07052FB551DE0725A14D1BB399B341BFFA9DA4B7EF48887FF9A8D4752EB6B563A7C0ED73D95A9D4EA27198EB3C227ECCA7A538937F0EE06A931484E5CC5818853703D3C2BFB25B913D6076D5F9F31CC869402FA0D0
J=$2E0727CEC7DDC48C7FD56FD116F339CF49E7E97D7DD9F50361A232D40650F1A6FCD519AD3F0780AB290B508F7FBCD0D1F1A0D1D5148D4E907D02FF2EB8290F09A225E210292F3AB2ED92F3FA5B620FD6E727F6F649CDE54B2C37852C369BFF938F4EF52DAAE5784004139B27067BC8E1FCD51FB8613B32D5CE0512904A6DEE7AF9B5086F2B3BA45F4EEE35649C245384CAC01B38EE40C6FB809DDB2BBEF565471E34EE28B20F02FC6A4D63824
T=$2

[64]
S=$205035
W=$166D301A7B228797A44E3A4BD73F51A9C5925C96EE82B5DAABC80F48D65FEABF8C1A6F74AE1CF3F916A99DD167ED9809F130532C536DEE961B05DA460F728EF753A847D6A0CE4C797A0CF23DBDC46EB4FB9759B28F
J=-$B0B6056809391AC678911D0CD9302030C3B48E35A66DF31F8C2BC6D7A430AAE4EFD734019168131465BF00AF887047D9B0852C3953BA7B10C97AC456CF40158BC1998A7CF6C85CD5697BCED4D598586DCE08542F54BFA9AC5B80AD1E135307A6DD3DA93BF333C5C614D3779777B277CCBFDCC5A02735EE37674266E57A3F516C17E1FECE0948E522F71E8FE157E16F46C7D39946D9FC5843D38B7F54B4530D99F5E8D82ECF4671DDE
T=0

[65]
S=$38D25393701
W=-$3CFDB812DFAD98606EB3044E4DDEF7836E12D1335A805C186BDF8FE6CBC3B8E7B907302E188B419185603243D0C97E936CCC623B1711ABBDC524520DA4573AA2711B828BCC551C770D079102407DE33B1B0F70D
J=$1E3281966C14140F6B0C73F7D94746393841DE9F64C1BED306F6F271419BF750711282AE7CECAB63F8BCBF3D1B3CECCC7EAFDAB734125CB4E491FA96AA57323CCDFBA7592F11CF3F296C180E841CBC068D72A4EDBD6B61DC7786D77BA4598A056947E07321BBC3160FA7A4C74C0F9D8F978A7907040A9DC3C74B8D7B1F962680C113C422B2DC5FF588E76996DF3E314BCA0A073E9B69B00B2465E52766478F81E30D4C7A4261F
T=$1

[66]
S=$448
B=$2

[67]
S=$3C8E3284
W=$4DD911A230FCC5161B22A04A316E0EC9BED924E4CC0AB2E80CCECDD354D7F0772B93A5D47F30D9106573A79B18A0B0611B80EF0A8FBBCF1B237A1D28906AB129B16BD014D7E4521C8496254B756DABA6
A=-$1E
B=$38
T=$1

[68]
S=$4786F608
W=-$3FA687829D6C2F2D3D53DE2E15FED493781C8E55CF09FA0B8A0E1A8D4C093CC5627EF79C78E699DC592A5C008880D30808F9912E4CADD016EEEB1910514A0FEFA8AB1F647A6A9DA687A9A70C0880E
A=-$1E
B=$38
T=$2

[69]
S=$8B398
W=$6F13D44BD700614D9DCEBEEB3A2682D4D3543D878E7AFAA0DEA0F55CB2D7D17EEDCDEBA5ED09006CB4F3CB3D51C421B84E3511507C808F1DD4B29A4C4798C01EC561CA905A8D561324259595A
J=$15C83DE58C91D83B13A611BFF5355154760D8607AF35C1DB320B06DDB91750CB2DCFC212EAB3538C01A77E627FF4C202C6A840EEC0E232109D661D2A6DDF1489AEE1379B28ABED80315297A010DF23FE75129955B9892466AF23FE9E4D7426261D40C25D6B797D624CA4A34AC499899516A644213CFD43B0E8BA4349B7CB318922FAB4590927C974750366D3EDA4BAA06EA33C89A2B68C9BF
T=$2

[70]
S=$9DB
W=$21510112266E0C4B07B3C5FB01B53F2BD353B368CEB1AB843435087E3979D023F664B927832237D87BD9818B28F2BA843DFD9B875E78642A8623CBFFDB1C5C87EB9D79A4A037D8755ADBBED
J=-$CE6E4B618035BC6DF531D3BB50641E6737827313F90CD8F1F43D318D3FADB22BF945992CF8AEAECE23EAFEFAF75608EBA7109D098AFE3FD00D837B550BD7B7FDB4644D74332252F941F5AE8F456E6EF2F52F7F88152F46BA5D8CA7FAAE1A482CCCC46AD584A80549DD50CDC85C03BC6F4BD01D68E4946B0DC83619918CB244637BBF065CBEE6008CE78F9A2D3AE1F5B74AD795A46310
T=0

[71]
S=$A2
B=$2

[72]
S=$F3D8A8
W=-$53C28D9EE81C91A18E80DE6D2D82BA3BDB70640DA77FD2513E487C364631C3FC598663019488F6935B57D0C9637998517BDADD11D9FD9FE91E1FF803FAC40A52CCA3591419F0F11134B2
J=$1B65FFC032A843CFAEBB6EBC798D4E4577FD0ACA40FA3370DEC30439D44944456118C9EDBCD0E8EF9D62DDCFFDF5FAFC5AC039B2A3533F174881BFB5DD8C53BC6A3B04EF0A247BE7A58FD5315E3567BB16AAC7AA5CA90C85E69D68CE8A8AF771A30E014C94575F945362BE76FD9E0F7A2DD04DB1A118337E61A3D1AEB6281005763CD379ABA1076FBDF7974856E0BF96ED33882A
T=$1

[73]
S=$9C06FE9
W=-$3D7B044B7DF5BF77214EA895F647BE45361F374CE8147724AAA41651CE5124106AD853189E5DF21ACC150EE4BF6B588FB6DCC1668913940C7FEE245A414A469999E414B1B4BC44D0F
J=$F7BCBBA6625E405F5D56CE3E74C6CAC5A26F832ED7DA8C2357F6A9EB02C302F2C7010B35C32C42FF9203D6845FDAB6BC09AA03FCE7A36E20A3BF5CD5A8B79880C49D3FEA6580E2B7ACEB6BB468CF0915779C376A4B0B04A33A4A587584835309185CED37812F827EFAA728794D3C753950257361DF89EC5D4AFC88997F134A24768FE44860420C27ACA666AD990B930D5
T=0

[74]
S=$10A164
W=-$55D2628C0E527A153A44F48E3776388F59FAA6CFB3608818B86A59FCE80E63699AC475667E79CAFE2F2BC621FBF45E6A14869E02DEA12FA184B566233AE36C3D847E1E1CC3B22C
J=$11D40895165306B1C2C31A5ADFCEF09BDFA397A67EAE41E4D3AB69A83A4D0241B1A1615744A6D8DD20D728B374919436BAE1152B9E5E9678C070029DDB59977B90C99C6007EEFC140991B8D94A8A33C18F9D01BC14FFA3E6DC7923C6BB7D88927D4A94B95C5ECF923B852031C0CA8E70EB72FE817D25458CABA3AEDCD9E3DEA0E7045837DA99370253C94133162
T=$1

[75]
S=$444F9298FDE9D0
W=-$14DE6B12BCE413D40303D18CF33BDAE4AD73A478F0E37BDD452A1D172B451631FF63B8400896858A3394A8BCEDA4CE2CE782529F63F633BDAD91E8C31412C7BE536935D94FDC
J=-$1C895C1339BD0FFB9AE0FD3DBB42C630BC7C6A7ECE44A9B77DA7722B0406873A26AC029F0DDA9FBDC5B5701B7012C0A7FB117C804BAA32504400FE32D4962025BEF8C0E41C6F241835108051444641196B945198C8B1E87752CC17C48AAB9342220CBDB16D8CD0D6DAF70C8869FF2391B5EDC408EE65703E23B785F4DA1B1488B8C1BFE7164560FCA9795
T=$1

[76]
S=$353CE
W=$A5EC4C719B5CACC6BF5FC4C4D6B10645350347116809A1C141D8962DC36AF1ABA714EC6F183BF6A404CC2BFC92359364C0C85AEBC1F679F7D17ACB51B82A89D280F4
J=$C540757C772F70C6F67DFC1ACE274E77F227A9BB3DE2D0309D019E47FDB6ED15482E7C35F48FF0B9C09B1D9F2A652B1EB5DCBE0C08954596993BD1004E551A7C3E8D8E8217FC4B27D5D20701AB174A9C3C2ED0CA6A874C322E32E7C4F6B6B7B5BB48B582ED25E962890FC0DC624B77703F90E091C5DA4C93AAE3E3F03AECD4872CC6CB58
T=0

[77]
S=$B7E2027FCC
W=-$9994935481B3D0D88C14E6D21B2B4F84A1E4DE5C1EC438D05994F861C51AC9ADC4CA221F707EF0ABB4B922264E5B4E6AA9A5A20034388D637D89B5137E7BB9CC8
J=$2AEAD3446D5C3195905C949D88AE09E2CF1A0D34E86BED0348AEF6937B29331E3E0CB0EA51ACC450B6E2E8DEA05BBD4B5FFA5093A3F2ED5B849793709692159FB4B988A4C96C26A1BB5C219729192CA2F820B809F8FA33CF9F83DBDE8660B830DEADEAB2F5A2606401D666752C53E258CDEF7321618105FDDF3EACEF3492ADAFF535
T=0

[78]
S=$1E3F6571BB2
W=$1793ABEF1EA567696F42D8D7AAF8EF55148CD055A4071141C1E89E9A24DD37C6ED0A239458E134A99419FAF5F531CFF836800E38831A10D326BB1B534F3830
J=-$2ED091099D89DFAD134D4B0EDCC79052293758072737C0AF9D2B431A3682C505F728BFEA4586623DC3C712BEF717238436DDEEB19E1D27C52082A5EBF9A3D0E6F475442DAA1A5FE9856DF0ED0509D3915C85F5267FA55BB50BB3349317402DF883CA03C0A72B4AE993F572248E86F3A6FF4C030B31A1ED9AD6CFE80116
T=0

[79]
S=$186E3F
W=$1319B4BE4B1A09773478192FC28809636022936AAEF3FA3C98B07AF6E069805AAA8E07FBA3F7E34DA9E70CCF5EB525F52748D9EEAF158A6F01E68E4D7
J=-$1565390BCEB4FDB182FB6A5F75DA3C0396598BE2B0CA341455B4AE1E403CC41CAC590AE8E77AD7CB690F873290A10320E8C395B7C35D406E0E1D435F9D507040F46FF161ED655C8C9DB9CD3527249F838555A4FA8CD04C7D6AE4705635BCEC53B07B3EF583B841098BF78F0C369D5A8CB9C419E961264CCC
T=0

[80]
S=$E8
Q=$3

[81]
S=$B26
B=$2

[82]
S=$591B66
W=$136A2F3A6CD0153CF140297663160F5DB58956EEA200A6520CD7016222D28EF6C07A01BB34D0AFAD40282759848053B530D16D6EE10E0A8534EA
J=-$E0976FC5A1E134B2B886FF8D6B92694B866234BA8AE9B44F616A78C1C0AC9E314B18A3AB97A72B19F56D88C59AA1B5EAB832F217372F9327EAEC70C900550D530650C57E20804139D458463DFF6843F15509729CE2515DB09BF67A130273B05F697B1999837064D6D2E3F7161E360C39EE4C5
T=$1

[83]
S=$4A2632
W=$5E951BD0930A62F7B99FB1D2BB78EAED69E206DA2B20879C2FFA2717EEA3857FFF664082D58AFD33839F9D9FF196A975791FDB8BE58D2E30
J=$47F0618F69B011DE18D0D6A1D061853AA99F148C71CD524E858519AE038A59DE17F729B5B50EB2BC43139B20D4328AB10B9048BE28E4C276CC37BC470D896B245136DC1177B0506ECB515BF50AAC0F50F96054FC17E09CAF3FA2CECFB0F5EF991ACD0A19CB277C8B54C6A04AE6A4E8CA
T=0

[84]
S=$2CB0B89B6B
W=-$282FEFB1EC83723E79ADEB5A86B5AB55815B15C03AAAC1EA0AB5CBBAE57637E37297C261BEA2AA1C0C9BB7A1AFB86303D1B71E0C594939
A=-$D70
B=$12F5A
T=$2

[85]
S=$AC3E3E
W=-$8330C0606C0035BA0F5BCD454F58638D116E7ACBD2213C1552685ACA664E7D4C63ADDE9A13E19B89AF1AFCA4594E42F8B484E304A
J=$1B18124500CF5B953DB25D0D184703560751FC95BB2DAA30C1965FC01FC3125E662A9A49C1F57CC3718ED796CD86D9CFD84D6DA289409EBF61F682DC85BF6DBFB99DD8362C0104197B7733B8520BCA27992D39DEB00BBAF920FC4013CB0E2CDB27B4A202EAFD3F19A
T=0

[86]
S=$204D9842C0
W=$186E5173A1E2A18C6E9ACE590D6E24286B05E8D288372AE099CB9CC985850059A83FB01EB571608C424A9971813C3B42F4372
J=-$5E4F92E4445F452209BD001126CDA044F26BFC94EB4EF5F3D516D4EB6903C9736E6078C7CF9B58D6631E2FE176800AF7D2FEC87D5C8BC78C479ACE3FDA262E5B6D5EA67B9888D1BC73CF9D4306926A051A26EC8C881D4DA32C9DD1B33BDC2154C1F6D50E479
T=$4

[87]
S=$E552C01
W=$16AAB2B59CB178078419422FAE17256A7F2C73DD9A0191EBA85DF07662AD4DCD783E68C34E6450BE34C3B2FEEEF6137A73
J=$A44BF1915BBD842C71EA5F6AA071338E9A1AA8FA594713A3CBE88735F02BAD346CEEC4A20BC4C845FDBCF2B63C278C7030D626BDA8D387D63BA5FF9E47B249F03A3E93F7A5790912425F01FC76A11C5A8C8F1B16E3EE1AD9FCDF4A7A4395F7977
T=$9

[88]
S=$12A12
W=$856144A387E23813573A53D526E338F81CFBA9AD9705E0CB44E57438AEF11A31A9C5045E5BEECEB2841CC2C2C682BE
A=-$1E
B=$38
T=$1

[89]
S=$426179C
W=-$69834C1EAB077750229B1355A983E5A2F3EF8B0ED44B1A79DD716AF2C5D31046BDD0BF3C3116AC5C520C451C3898
J=$1C31AFADA25FAED786BF8D1369E6531711E94481E7423ADFF9F43BDB8771DD754B4DB14972A1DE9F4445DBC67AA61DA9F3B1FB5ADDC2FB0BEBA954E2FB8EDF1D4467AEA3CF37B6930A74FB9860754AD993DD414D6DE0C0D01176122
T=$2

[90]
S=$11B06
B=$2

[91]
S=$4AAA6DD
W=$23F4DCF4AF3EAC9F47FDCCEC2BC798AD17514696937A42397AC9E67386428DBF2E08593839FE174FE3CA547
J=$5D3C3DA976AD662C7230C52AB00BC9AED3CA7A29D07617913FE506D133CFAB090B63E0E3323BE254FE91A4E07FB0AB93A43363E68D208025FA08C6A804D2877EFD50D2F33F54723FE8FE30858BEDB3183BD37F26F16A
T=$2

[92]
S=$4FB52
W=-$EC032CF17FBEEE5A51704A732DA85C4B69E6D9FA6E91DE2D4C0E2D9CC01A67255B826CE64569281A4D2
J=$27C5D0C7CE9961AC6B6334002DA807592A8426798EE61D05B48429CBEAC32B429DFD9D74374791467509CFC317E0475B71B606067CD10727F1CD0E47711BFD59F6502D797024B5B72196CBA7EDDCA34A406FED
T=$1

[93]
S=$C
Q=$8

[94]
S=$3361FC37D
W=$36DE98000D39609AA74354C1E89DE9DC8130B1D3BD15E8CEDCB39F33A66394C48C1B20B08CA9F129F
J=-$4A61DED8AB618B91D9AFE652DAE98E4EBA6375E288C7CDFF831FB0623260F59E719768E14F7B08B3C8733E4B70E5307C98CF965D5CFAAC81590252FACEF811FA31D8A2D19D3868FBF935248975BAB8AE
T=0

[95]
S=$30C4883
W=$65379E29A1880030EB875AB1532504EC64B5841CA3C407D3A31156BD53F619C1A421A705E977
J=-$480E2F3A4E36F3284B71758FD4735FD89F2E15DC42A169F403CB0652F020F31A0835B7E783ACF0936CCBFC0A5E9B963AE74FA5D2A1B8AD062A5AD8B639EAA85B17FAD0A35209165F83D5108F
T=0

[96]
S=$457CBB2
W=-$118B02E51535B405DCD4A2F06E1905A8E456007527568C8D13F16A72CAEFEDACC2F4A1B026
J=$180B7909A6FDC8B5E683E45129D64AFC1E75713064DB1D6439D4D0FD075D1C7C5ADC22C7F7D5AEA885E435A61996D6C464A8E056B2091EA34FA0B066D7177DF3E16415059D7A0EF975
T=0

[97]
S=$A2ED086
W=$16734B72B1BFD00168438F36D3FE859E9D5AC1484020FA98C0361CA0D23E7208A4BD5E
J=$1AB81DEA551FFFBBC9E2D54EBA0B6787ECD07B24CA067D4A9EA6EC5B0499CCDA9A1FB58C7C63F4FD4157167F6E9D66362A46E3E756BEA5552A41CA85DE929BEA378C1935C66
T=$2

[98]
S=$A08A960
W=$254C9A847DDDC1D4689465C2320861119B46D026AA67520FF018FC4E64194AE821A
J=-$121C50F12DCB2113DCC2B64522DA9D6A4384D28C443E2ED9B8D34E2611B8091D65D5EFE1849E69DB49B67DA0C9C19F255D84094DE6AA08E1F4B232E8877ABE30A71C
T=$2

[99]
S=$18255A0C2
Q=$2

[100]
S=$17FC015B2
W=-$AC0B9B4425FC1A0173DAD3262360E9AEBE899CBCFAD6081F46738736502
J=-$4F9C0CA907B961A92D17403F1D8564A83B067090AAC158514F39FFF023A22AC936D2E45D785671FCE569990EFFB581D85ED49510B6AEEA1598418
T=$1

[101]
S=$23ED4AF1E07
W=-$8D95A74B3D75325CEB1AB1B487FAD306BAB838D2E29771C6C401801
J=$69DD343FC47B56484344499478289DF007974A27A23031D92E75CC00C67807D2418CE99715DC16BA2661BCB1946FF0D81BE4BD5595069
T=$1

[102]
S=$5524EC
W=$3E78D6DF3CE645A429C4E03E9D4B807DE6CFAAAF378439D188
J=$11E6F118B01B913771BF955CB13C0551582EA8580EB2D664B4E91BE265041751B69CF67E56897244F81A1861D02704D2740
T=$1

[103]
S=$2F98C75
W=$1B8F07CB46FF5584BD4ED5D470FFD120909FF17E7B442C1
J=-$921BA35FADAED5558FC0824A089E569FAC55DBF1E21139B2192481D178D3A96DBD8FD4D9239020F54C7F7D2D932F9
T=0

[104]
S=$543861
W=-$1428DD59926671350264D8644CE122DF6B63EBE61AC1
A=0
B=$10
T=$2

[105]
S=$1FE3E9
W=$322132467BFC6406EED221F2E28F2926110801EBF
J=-$7A79B6B1C80281684642A8A09AB1EF235B5FBB6336CE59C01F1BEAF97851455447E1A208A62682122
T=0

[106]
S=$34206E292E11
W=-$74E1589967EA8E9F5BE5E5EBA019901C76B439
A=-$D70
B=$12F5A
T=$1

[107]
S=$D3741
W=$32AC40B9DC1967FAA0044FC7B3AECA383
A=0
B=$A
T=$2

[108]
S=$12A0DDD3A2F
W=$D3BABA4D3827097D752EBFE589E901
A=0
B=-$1451117DA131A8866C9B9AE28B3D97AA5386463DAE2D049A631051DB6DDA
T=$3

[109]
S=$6EB20AFC
W=-$A94B326302092E223151A430A
A=-$108
B=$69E
T=$4

[110]
S=$2A55DB
W=-$1001037A27B5652541F259
A=0
B=$B
T=$2

[111]
S=$12F6F3
W=$2D3D38C63EC9E58E71B
A=0
B=$D
T=$2

[112]
S=$4812B5
W=$116730EB67212825
A=0
B=-$CDE1E6E71057BBF1E35EBE7699CCC8A
T=$2

[113]
S=$3304992
B=$2

[114]
S=$D654
Q=$5

[Signature]
1=$C7ABFAEF1D1219DAEC2107AAA5344D0DD3EEC19D77FEC3F2
2=$B9ED3A6A7E16877B53B0F354E4E2BDBBF68AC7A82C6CF499

