[PRIMO - Primality Certificate]
Version=4.3.3 - LX64
WebSite=https://www.ellipsa.eu/
Format=4
ID=B497703821324
Created=Mar-28-2026 04:21:40 PM
TestCount=115
Status=Candidate certified prime

[Comments]
Put here any comment...

[Running Times (Wall-Clock)]
1stPhase=41.70s
2ndPhase=6.97s
Total=48.67s

[Running Times (Processes)]
1stPhase=249s
2ndPhase=52.24s
Total=301s

[Candidate]
File=/home/lappie/Primo_Batch_Farm/Titan_Group1_Prime3.in
Expression=(4797791281515731837963)^47-(4797791281515731837963-1)^47
N=$616BE0CA5B62913D1F3C158A0939E0B3C52080E2D5F5F98BF56019A2177A46887F48DD4D1EB3E828D7340C45CA74D7D50B4AC50D6B2095FDE4E0D5DAA5C91E21CC1F9896FD1C441D9C44D184279A117A04A7CC973B721063E0D1F0D0FF2B9B25575993DAEA928D61122A1AEA80BB41CCBAF03DB7F0712DD4D41B98C4D5AD7EFB163ADEB71935158B9CD34811943DD21C007513693B86CA35CE7B499326BD190CBA4A83EC4E5C630A1CE0B092E02E396D158EF84ADAA76CB3438FA5A48D6B07FC3FC10B25D854C7AE78FA83A4CAADBEF19F7D63C46CA45AFDB281008E2D622A7D89258B937FD5DB72BBD6E9C15CE5B726AEE5E8D7CBD78D3A1A69659DB5E6947FAF8F01B25FB98B8BCA697393F5D1DE8D14F9ED7AA5B7964A160CDB50056B0FE2876C3A65FDF864E6D625FE9B9769CB4046078563B3B3E18282033844C1E4971742868B7371476979BDF131DFB1D5A72D10B7A7090E6B8B13460C695D41887CF6C1FA06EC14C9DEF0E380C71A2B33289C533E7D87020AA51CF75F845A0A02DA98515E2368DE03EB963810F4E1C5294E801D4B5250EA71AF9026C9522E03B063
HexadecimalSize=830
DecimalSize=1000
BinarySize=3319

[1]
S=$22
W=$12629B066B8CE706E265BAF167614369726A8A81BED130E2BFCB3409BF4AB2EFC06C14F8BC9C0C299CB8320C68D4E63D45F92540176DCD1A1C3BBE526BDCFCA29C0F451FB5CB9AB167F9D43B9EAA4D6594FAD33C0BD5EE945ABA53D549F9936F920CE2CD1C4A4BA12F1980AF203057CFC7CFC5A6A46898A2E5432D36B07B2072E9E86F7FDFACD02F5C66A1B3930464E0F798DBDA12631AE2931272A97EB3F817C37750012FDF5891A0520E6E94FAA5F82D30589F9DEE935C8FE588C431C9ED30F83D4F1BC65CC829C560B0F79A4C4DBA
J=-$13AEB42900E4C0D9733EC55C3A9E46050A037F080CEC9A82B53EBC5B80C19B33FECCA1EAE806EE15F2CFADC08D3717B82C656C12C186BF37A8AD983E9D985D874DABBDEF8DD742FAE59C559B8586AEE1F5B6BDC74DD9E34BE7D07374D6EC759325CF732DA17F223DF3FC1E88B72D0A4F3CD59FEDD22FD660BBB322A920F3CE1BCCCEA4EDB3CDE9612A11D702B0FCDA58174B549FB2B3AAA0459F76FBEAA8F5B1F10B993F7D28C05142A23DC9D54D2C8CF3DEE3DAE7847EE73FBF28E6783485327A81E527A61B8FCD5710C6ECAEFBC7DA9CAC260FEB51D128917A49113926553800931DDC8AFBE9E30E6026EEA18827AB3EB7860BD6DA96BBFE168214B5665D90D6B28D2547E3B6CD476FB35DA3F6A0EEEA284759346FF75CF580EEAA1A3DB7A8D0E361147890D2E557CA23D5EA8132608154D007D4B215ED7F731A70A0BFE46BA0CCA39B0F26F743241EF13B79AADC517881E81A40F17ABDEF786979B3BF63C5B59F91FFC1C4E138003174EA61F0E80EB9C7D3223E1848C2AA144F8E225B78BDCD2D20697E8692C62CA7058E278CB12B7B93252BEF60C86DE05AB9551921A5
T=$1

[2]
S=$1FAFA61A
W=$1D524E6F8E1F2A7CD98297F383652A032976944BC8575DAC74CBBEA0C32E6FFCF46DF61BEABC1909AF5D5C0088AAEA93AEE11EAFDE00B01EF4BA6420B931C40F763A22ECE83E9BC6D349646C52B25DEA7DA7933ABBAC3C14DB9D04B8CB8B204533F16FE0509038E682F02F85462D5F5DA569F97965D5A25DBCE9D7FE9E0599B0060A72055AA2F2151B63A777A69249E2BC505CD03AADA1DADF5714A3E8C267DE8B0ACC933193C052C58EEF082777DB44CABAFE9C82AB2C508206B9F98D5AFC64A173CB9EA89F16EE290B624D55763C
J=-$2328DDA0C0F04D4FC02483CF376BA53411AE48C1A6F301C29968864DC23D9D4827EAD20306970F256822C3FDB6EBF458EC4783900605E14D3E71CF4D86B89B4802CB6DE5A602414B4932950A264DC8F85FD64D669E65043C0D64578BD66C1D13AB8592D75237E6BCC205EE0BD7504F2EE7029FB4DC4053E8952BA2F6196841628A4C41E4A1F42DD8326E4384459E74B4119113396A750CF20472BE79EDDFFA227DEF2F0FD3A970A838590FBCAE463D61924CEEEF692D469837C6D40E56CCF43F298A2894E166BB31BCB08D558569500454DABE755D43673610A161B00CFF007A62B906349732D7B6658E67793E29A6D4678EBAF6BFA8314873BE26C645AF3F810836E01BD3CBACF262177BDE1F44D51E6EB41CED696C67B6E462359201CD5A1BC1B8573FE139C3C53D0550C97F76EE2372C1C4EB79042D556E04E05C231F5568995B3A3694D628B7D92A27F82BF00C709104815FFFCF6AFE8519A28F74C39A1F729BAA662EE46FC12668A9ADA2A677B55906B57BBADB26B4AF837209606AED07D1ED2EA676099F89E0227FA5D7EFD035DF8913894F952E14409B3BE56CBF
T=$4

[3]
S=$2EBA16
W=$97494653AF22BADAB084458C1D1284579830241AABA7F5B900B9E78C3D07E1DBD54C827DDF615A6FDA989D9D13EEAB239FA19309001F6543980844ECBA7F82C109033F10371A4771DFAD5EED062CC7350DE127ABC394C8A9A395A8CDED0970BCA1A1367811D7BD4A6053380434076E43022A665A8077A0646CF92CF14A3D15B9B1077C9861E86A6412067EB9C5C5EAA9FC17D4CF05037E018579C55C9F4C013773E940EBFA3E56C995405A1DEAFB1A863FA0C8322F0A3E39B59B7848B4B219847E91BD10AAEA79E99A2B62C0AD0
J=$1AE1D9843BE3B7FF69CAD480400C867C8FDE4E54332464A11C3CC62DD82EA0521A57B6AC1D7414F8A44CD97CE3B732A55F00BBA0D0CEF9DC86B5142BD46869D3CB636BA7D95500D0302C84242A29B46F42D3BCEF6699EB15521FD877E9118B36B81C1472E4E3A5CFB1092EDD06BAB2331ECAE4D4618065FEE1061435251BCA59BD70BC079A329843509848AE2885A285E5E60F968A07F6F8F58BDB048E39753840C1435CE5C3D2D022FAA1C149C1089DDC74F0F1ABC7C92B62579877525C0751DD50BB4394613B84AE105C1EF63FD69E89B59A2ED9C713DFC3453FEE3A93ED1C2764F10D37E3C2161EA771050256742A80B484BD9E48FA72145128C5AAB40C34BE1B457EE60823963CEE65F014ADDE0D09ACE24F08E0155AFFE021D8E98498D8313E7B40EA273AE7158981AAFA1AA22D60CE1CF8093DD4B98D0582624AD654787A04C0358F1C64DEDBF43F27ADDF46650428429088B325B9D67364491DFA4CEA95E311EB4B4BFB7E7641E953AABDD91F7A5DBE84D34FD1C40509E3D46DA8BBB5AC4BD9F90B015791EBF21DC8BABC75AFBC96DFF004402CF04C828
T=0

[4]
S=$138F2C
W=$DECD6309FC40263A33284F951A9C9012881EACF20E4238E1DFEFCED8065E36855C5943420B4E12B1AB408C8B84859EB46A3A2371C8D6D05C5486EF44EE05E213EA5065D2AC533C93A236D20819959FD80DF9ED10FB55ABE128473E29CE1700FD52393AA38D6B9CDD762E15350F12F8F8C9AE296C1125FBF7D97DDD1360915C12CA268B68F66CFEFED4A44EFA5B865839767E9C76A502D5C0AF234ACE3F91080A80A61A8472432DFE890661A58DE53FA400B8DE2343E73F77DC27623898AD49430BD9DB5942A5764829E11F4C
J=$3E5DDF5FB38BA11180D2C22A4C9206540F7CC2942BCFB700254A9E9536A16998F80F0BC172A4D23E52B6478A1DE8018EA23A135E1892459AD5F8B1C990E86ED8919E82BD538A849EC02500BB22F76ED3CC582E233D4146C6B54B2779D613817AEBD4E91D927DE7BFD6132E8E81DC438EC10240C02A4E02251FB27D7B947966BE95F4D6C1723275CFE3EDBD3BC7A652B1E384251D3290E611EE61C3CC61DE005514B7782F35BF953EE9FD7FB196F2BE1813718F00EE0AF3E98FC5D10FB4B90AF6CCE8D01C9BB9D7827D7CCD18179E06CEC35B605E46764AAEDF9998DA7ACA22D446529D9B651405BEC4143E24AC42A1ED0DE61FC2D67F06EB28A3FF0810B9167F335E8D048FA670ACAC8F751868DEAE009EF7048629132FD259C7346E887E66C38DCE12B6A72669BB2DC34B54B30C814BA2439DFB6BA89326FE0EA819FA2BCE58A3BC894EF7CA83F63BDD63A144CFBC810F7C47B8192FB597A5152E0BE1626FDDD751AD4B10AE3A504AC12ACF103FF95E75E9DBEB023AA631AB2192B57C57DA8512F8AB28B129A8D5D5C7246E51E5E5E12FB88072A7E51542
T=0

[5]
S=$81340CDBD6
W=$3B63F852A84D580C60B16BD168B67CBE1B54B800A8584A5E6AF98F3B3712894C63A6F61BE77B9AD4961D84F4901C1BFDE4BA40D7E4189BDD020E6964ED2FED36419CEBB11657EE2F8D4F22DC93A0C060CE1913444198E3E934FA8F8BB74F8D8CD60CF4E1C36CBC8358CEB8F20D1FC5B8EF9D9EC6042849517448D5E56801632209251C66D97FF071B643303789CA5E22E01BDC08CEBBEB201D37A78BC55EA6A486311D02086A29A666798345363E71B547E9A25F8E005BFA96A2F7889118B4C377948D627B04C02AEACC16
J=-$32D2F674DCD8ECFE982C7A2813813080AE3FCFAE37BFCD8D3D97C6BAF38B0821E2104EE7E953F12C9D830AA6DAA0D5A9E736E2D799EFB998AFEE1370C376332A5C995842AEA23940026BB26B022DE979C27FAAA7AF4CD01F4E07689C8A7952DEE0A24EBC4AB0B98E80D36974AFE7CB60C0FDB3D51C88AA931C3A48F89FD48883D66D707BD18580ACF18175D0BD8BAA3147EAB0CDEDB66D4DE94D5F293BDE50ABD27726DDB95170308809E167FCFC0376DF1D378D8F19630FCD0F4E60894A3A9353BE2F2C18C8ADC970CE747C36BDB76E4DF15F2D16C0A7DC4AFF7A1A5EA665BC1E767EA2BB0CD3B69374587098CECCD0B1694E5099E6E57F0D2B6A4B037CE6D561D5F23ED30AB4DC35DA845A5946AE31F46A61990A266FD1C5D262BAD3E684540756FC1CECBDEA88C4A3D00405A2CF86B1BED17362B404300EE4102E599CA0815F92A24059DD678832B9BE938D9E4CE643CAA250E126A7C15457BCC574CD25829EF2C4D1D70B1AF9A73DADD33A00CCFDFCFE59173E37FC909258EAD1D377F904A574B76AC27C4E1A404BAF52B9E456D5AE7C7AE85BC
T=0

[6]
S=$B90530CE0
W=$717F90FCDF675CF430A518ED3A91F7A20B649FBB101A050A06FD17BD9E756A4F781BDC4089488B46E2A8B18A9037C314FC025169ED8618F72E20D02544E8C6ADF7B19CBD7556AB20067F12946C60BFFE50EFB96F3BA36BA766AA216616FE75B793E3C0AD9F47604D01326C7250EAD36C6E3D88DD6EE44B2DAE5695050639D5228A81D752265F08EB43B77D48CA000F0B725B5FA34757EA69834F32EFA797ED28AEE6CC99E4382DA14E7858A159746A35EDDF8844A1CA99EAA7C7B3F51E3CBDD1FCA34E0FA8D913D8C
J=-$33A0D9B698F8D3F80B2E2AC78F6CD9EEC7CB56B60D75CD1763DA6BDB49A2F2C0EB70811DDC46E89B5BEEA5786428316C62D0E3802F41EAD0AF91FDAFE2AD75B8C4118A22C0F6FBD95C8AF043166B33BEAFCBDE46E91D9E9F1A1C00976ED0A1A477DAA3C9ACE38521F7DCFDF2949051B4C95811BDEE70408476867316F33E5DE89F5257B6B2DA0297E0163588C2C25B89ED255C4FCE1261E8457748A89D7D59E167FDCFEE91E12EBD6116A7C8BC6CBE0B9606F39CCAABEEE421BFA8525EAF1725035C4FE05EB04EAEEB22684DFD476D0E8ECFB3373B3A97B06572CBEB2767B67AB8FB75D57B49301FEA16B0559BAD14373631289A2D32888625BD4C8E5D81C4C3A065B7C4481759AAEC807E46FB35CDFE6862B11D8DA8641398A9CAD69AB8E7E9A14D6B440D3CE26D4204C711A7E6E0335ED8E7B3729B0346E74135E4E4097DA193B2838FE9C1D35B92059F07151E983E19238DAD4C9287ACE30C12BB2B4ABC0F65D33CFA08465BB2F655ACC20792BA2C73A5CD92D862614EB541D4E4625C1D76F589D3A83DCEFECE559F92F98C10D1BC6
T=0

[7]
S=$21C832E64
W=$72E2908C8B416D6F94E194A80E4C1FE1C511DCEA69C8EF165B5D784551AD2E01FF3374F7333EC2C50C3E718F29FACD1132EF87FFFACA8EC32F7C2E509AE4E3E4FD7F6142C3BD29A67A91D4775F1BE69DAEE8BC7DA4286D974919609F822DC116DA2473FF641CA8993481EA847150B44D187FD904C6AD1A3EE7F12AD16F11BD14E3C76E63F81554CF7A0435C2B9811D684AC740E4F78F7AB4475B31844480CB911BA8D7466AF9509A60EF0DB08AEA9253F02E76C4156CB0FC85B5031DF903345B4735C69AD95E
J=-$854F723358E0377EE190E489C445FB630848BAD495A360FB3339FEEBF61A8EDD435A600E6EA7F55F5B9C5F6B7658FBF38C3CD3601B997E94910EFE3C23B74085DA91F76D6E85862DBCD4374CB1597DDB3BA23C148BFFC3AE0A3796A5CECD8954D750B457E046CDA323065D8A5CC396853F8A22966D2BC9581A843778E2EB547A4C5EDF7F5C2BAF9AFD8EC359434640DB74011CEB8EE05EE2BBAFB39674E92202E785C05849C9D59F33C027CD55D68089DC63C0307E402ABAD9B62A6C9ED17D533161DA7F27A1B4BFB4A6C78174B6C867F36DDDEB3EB9BAB495A9AEEE5B350FF9AC3CB108B7F81BC918CAAC14D1E1FE723CE533C32E77A7D6465B2F56CBADF5FDC8C9ADC43F036E91E3B3721E35A8CA85BF92B1E493C50661A73A73D6C6A3354E96EDECC5DBF765583562096C34DB925F8907328626E655778A62AE91CE2ABD5E04C727A33D3FF41063131E4CCDDCB3D72D3FB7BD23C54F829E8EFDE06C6E34582220397FA4DB36973A51C0735EF92C5389E2C5F21C91AC4E1EE0A805690DC45BDE2D5105BEEF5BFB3AD64316
T=0

[8]
S=$17D28002B9
W=-$9E96ABBF6B1EB81509CEBBD5CD2EEA081C9DC9E8B62836C3EF9DA255C7BFA2A5AC33CB2C7CA6FC664AF8D71FB15E0D1EC5DB6A008B2252E0302AE0275E9EBA9720DB0E03C325679AB89472CBF67FA1E1A7F0C8604D9E98398F6BAF008C6A393FEB473F508618BA020894A71EE649714313B4428A789369EFEADA883DC0F748AAAE6E5BF31D9DA8B00BD82537757DB52B777711D8CB82F00FF6FB1D44A3102110DEEDA11407360FF76CA2DD4EC7E885B80944F2767F0D9C676B73535E8CE40D203F312859
J=$3630E85D4A6E6D8DF89CA0B9CF5F2AFF7BBC1132C1D12DEDDF964B8AB7B1FF2B6AFB60819DFB70E11C0132595E659A6DFFA7BC912202D12CBA870A68CA6AA7D28B647EB3FE581FE169C4AD76BA5595644C7CD2DC8C218B322BA4CDC92865CC80F27AC135C5747F92A310E1F9C5F2683960355BA7B1B9CA159E16F058D6455AD0D970AC28AA5A5523E7898CEED734C096ADFC0336BAB03C75CC7A1CA4C3733C06FDD683AD812C0FF8D9C9226A04B81E4A1C19704068568CC3FF42AD6687F32045341E6B3F367D2C98AB21E1E409A4BB43F7B7F9A5EEE2DDBB5A4A94214ED60348672ACEC61C7B6276D6AF687615252A37C11B574A11F7CA0A743F45AA497AED0CF0339469D2F1B9C6BB22C76B13CEC70AD93E8B665DBB0135A8EBE708ADAAF9AA25EECE736E60E6E41FF2C074F915FE9BBEFBFF87A53AC29AC28163632855E7E4EAAB8310BF3B9CF40B5B54C338075B4F2894A9906F7D2827EADF31F87CCBDC8E1992B4E9A2E6F4658E94C01D6A4BBFFD5CE946B01EE44072C96561B1C6D1D0D7DADEE10D45458F84
T=$1

[9]
S=$21B
W=-$4BAA4CC5FAA907D948CEB55FCA5D9DF02D3E72207184978B49A6BEE26767529F309E5341DC780DF26FA7FF8BBA87621DE9B9851EE8DA066294FDFBA0C722DFE5017944A294C7052C16AB3151FFD69A7140C6051434253C9A5678524512EAAF19CA3CF01A335D6A1A72F52A45E1D33CB415AE85F24B0ADB4B1ADC43F6C3C9E9E2B69B0BC235F7B6A099500459769E09B5424A8D7691A2A0125AB6222B53223D772A81272F1B97649B0EAF8757D93AE7F532AD17A8374FE36EABB6F061FEBC135131CB
A=-$98
B=$2D2
T=0

[10]
S=$3B2078764EF7AEEC
W=$2A85458C30FFA2C073987735829C1E6C2C0FEAC647BB3CE5D98CC401CD277A4FB87BA8FFBCF5F62E3FF3F7B78C82D357A69D9810BA4FF3F701978D7CD4DBE7C69966980A196F59D8B7CBAA5E463D460DD8AFA35292277163720B93AB479003590A253C3C357B5D558791F8531150CF6B4A9550E1F7E359734541054417A5ACE1546A575E6CFA6070AB65BB12610E9A1E438CCAFB7D5119B5FAB4F34E42D720FBCB52B713764AF674B2026DEC810110111877AC6B3D3B40D17F491287249DE5996D2
J=$84A11D3C6F94879944969EA8535D0255619D8847EFAEB75034CA95FE921CF6CAE493C61B5F24F5244FCF0E404ADD81F575C6B6DE2DD88BDA6E434BA9730030D94FA2CA4D5D6063DA5D0372A0FA4DAFB23E1BD7A8CAA31C0D9A4F87EFC0BF94F9E010756DC293BCC555E11F37786D4341FD3891B25A220B9274C1D553865B6E7D7ABB57FD92163DBF2A2BCBF95D58F45CEFCC2EB526EC4B588823CC18837BE7FB4B5EB90A19B3A9656BD02C4DD88DCEF9A616EBDC19C9F171B01BF3C778ADC6909251D6E3F9F25A67A4A793F5B8E00163191B49C6A72883484CEC8FC89F443C52259598354C16C7BD8F181FD8133FE67DFC5FE8C7BC4E694DC377277C068E950F70027491A63672D33FA442582A731DDCBAEB9983300D770216484039CDA5A30FA8BD527287262C4E3DC879E82EAEBD99C020EAD6BF2114A9B4F49D80A17137D7ADB277EC979C9A81A8B984DDDCEF80D6B14BB593D0558B73BDF8C43DA235195081CFB804E03C050C4B931AAEC4BF20DDD8174A719227DF9A316D3FCD7D44426E44B9
T=$1

[11]
S=$380D2528705
W=-$109AF2FDC25430C2BD0110239330B539317BB88CE9F7A4A1797FAA18E8C460B8FC212BC2DB73EB8523D65B75B7F4B53A9E212236B5B0A1AE95AA189CFC5825C61A99FD67B8C42549C68BA5C23FDB33AFEBEE53587471149702BBF424821B1FD206324CD7FC582A9DE4B2147F0BF979EF45FF84007FC9D953FFE889B8BFF0084D4896C6D56D095C36A43F99FA354B9413A3B90286ABD40129E534CDE2FF48DE2C5FB50891C1435644C3713246448B23CB06C8043E8C65AC90BFD388F5829
J=-$50C91841B3D2CBCECF05F91697AAFBFC4F76E14917771B76A81F71829BC0CF2F0005BA56DECA02101837FD70EA921D28B11ACF49E5D29040DF7354CBDCA736DEBE0FCD5271BA0856304512DA7D6D18C77FDC59885E0CDD75A0AE3B0330712D1D6CB28FA5AE5BBB19E57AE2DDD11D14FA1C542DAFF3A2F799BC1A31C8B163119D12B52266A6C6C99C3933D2072A98934ABA9841EB54BBF800B7E2D7A27610EF733965495837D03DAA1F0742078F0D1E8319D25F19DDD4E4276BCF92A77EFFF3C2BD8A9918714630641ED56C7340B8B7A7953805ACFB158355E1994B52CFB858622A0D416EAD92088119FB170825249F8388A2BA11236EB00F0B9BB737AF51C989A2782C921E46BE28118CD7F44602B20F26BEF29CD693A98CCA1536ED837281E354F4D303B3C93379F2AA00CB915B395F8D90DEF8E10456D18E395963F20842182F37090D512758ECA7E074DE2C72F4C59BD820ACCD6468946E70AA7202784C1EC3E663DF3A73D93AC8B85F8847B37AC1850F7EABE0B5990DF3A5B
T=$1

[12]
S=$C6C2380015AE
W=-$35EB220CC88C3A83204ECC7CB37D0822BB98063D32EB67334A5BBD09B3039DD0BEC0062F79B1EFD99AFA273752122F9E42F25E88A9F1E9CE2B1AC61E323098687A475B9276628ECE2529728613A62D9A21D0F7B95C2C5B89CBC5245050251EB2FC8D990FA68586EC7CE4FB7C3E4CDB37083CFA42BED80815B8465DF988B40DEA0BE890692BB35E04482CCF99D52B6169F44507B36BE55B8E629EA86581D0907AC2E0A3B48A9855BE3EFFC23E81BE59AAD4D8E1E2C4C76C05218A28
J=$18575CFD8AAD27441A79C7F1FBCD26F389B53C6A34E8700CDD8F8E1149CC0D87EFA5D8CF711231006AE6196D432BC2D603B647F93B3A55D57F5465A5753CC060B206CE821A83B4CBDA9A79D8EF6F4367E2A7AF62E9A9C50A76C87E0689E499C57D6E1E732EDE999357A77F08263503B29BA57999071FAAE1CBB5A42190B8A4C9AA718EA6BDF3C4E00564B368F2A654369A518B423AB4935638F693A1BFD899C5C511184180501E812DAA4305453FED19C2E0C8A431285D10964B6946D7EEA98FFF394D849E806AF01D04F216EF76FC14F09E7BC749D7EA97A9F32362089F17D0835E965C9606B5C9A659721948F8B7C60FF79AC53908BCB39549DAA1452787A9A53104894A0D96E03A488F609477CD4CDA4576565E99080BB236E2FF6E015F37FDC0B5A85C6B6D52C1080F2A288789BD94A8EA5EE13D81EBB315BBCAFE4183DFC86BED46F51B52D53A1CE5B478304DD2BA24F3F13C51ED30F2092AE52870F94DFAAB345E9DB26D6B8D4BF6D15A263C672D03DCF1F70
T=$1

[13]
S=$9713661E98
W=$1DBE76D55D4C6F1E5CE4AFB313A665BB4E58EE00EEE0A6B3F578BC885F046CAA10C44869C8B11DC60BC0C52D97C29C71697F5E278D3DCF48C45366FF03669009B90639634BC46480F5AD5F569FB8665A870DE33033C7099218D1C0A65FA75D9B917B0E54D3673D56F474E7B320EC8B47046A657EAD4520F75A9F87941F0F02F48628732C75611D6464CC688A8836A76DC0EB9B41EC29EAEF49BBCC833FD6B8E65D7DBE6B0F0C04BCC4845B3FC0C673202229C55EFFAD02A6
J=$655585656C1F42C3430E7537A982B5AC3E1058B6BE9A6F025034DACF079A6150DAC0139B173B57EF6BE88E0271E38298555FC63FCA5406A1C29EC98A62EFAD6391ABE4D91B0F4C26830E715430E72A73388833F5A2BCEDBA827A4F44C1446C84D7C1B63594A1A6D118D592824A6190B5AC53E705932DDFF243DAF35484A413DAE478620B218EAEF332C9A3AF6C9428423061D08EDE47BF389FA32C3DB0C226EBC2120598F79AD2660DF545E05C3A80ECFFC6179C48956D58D5F7D70E2E081A369E3AD7E04F2CBDB26AA415D7B843709101D12B3255D1B5183CE002FEFEC9D3415AF6F918AB1E719B4E2637527D2A193E928B076B93AEE61D9BDFD67E7CE569932B614BF220142ACCE0D4E1108BF70C840156E975FAC9339E3B3465C996E9E23E3665D753E008EE751E58FD6CEFB37458F7E0DEDA96EF4EA2090E2391BAE1BF436B9A7DA5ECD24F590CCF543DA74F3B7E9E57E00AA4EA0F6F9F8BE4A218375802C787199D836D0C96C05F4F8559F693
T=0

[14]
S=$A88CBEA83
W=$4570842C26B10D1436151FE023667E4DB621A4EF35D35BBB3FFF0DA357C20B76905D4056872DDE9744C62D08D4C583013CFB71DAC90C5B45AD906948511375352E983E767EF523AE02C060E71F3537ABD994D87902B2C2646D8AD0E56041ABAF15650FA0A6FF85F0DFB15ED46849E3E463C6B98D88CB11455022B0AE81FB616B943551C3418201B50C7AE6B4631945D564384A4F1790943E02C97009A016E303BD3894416838FE3847A99758B39716FFB28B449D7F7
J=$255EDBD2064C5B138C774C8972A985365D767C7F7D61FDA5B45AA4F0C71B419B46F339EBC486D39438112C57C12BCDB783ED7F3B14C2F512373E2B9494BFC776E8D19CBF11859E5A35A092B5F1ECCDF964813CFEB7FAED80F55801FE31D3BA3D108F12B4302BF0FB79CA077CCA143D5399FD2B0B138B1B20FA49383286576473EC11F1152BA36DDE53484E53BCFDDA510651446728DA959ED536D35A7DE8C52F82ADEB9CD34DDD058242AC328637783483E591C7C11069200D3D2197F49269E7654624B6C13E144A1B39ED6218907CB4C90969F6581D18FC40D60EF90B8689E513880C26064870ADD7936CB3E24DCD1FEEF50B45F97978F2E07A268EA3C17290B3DF83948B5B2934DE6DDC6A8F82CEF8EA3EF401448AE0CDDA21E7A8AEC4A0CADE0046B0BF8168081C5E9067A30D00C504B32984CD10DD89D4D518188EA0DC945CBBC1D1ED42653526E42C850ED2EDEC7B4702AA433BCCCD28395B8975DFC3048E1DC0BBA00CC45F529BA
T=$2

[15]
S=$A3BEF20
W=-$78A955D8F7B8CCE846D680A52752FBF508BEFAB61AB8578D605528E63BB687BBED8FA7F075DDE45599F68B331B4D6F9E8754B7E50DE3E777E1A88962C7BADEAD886023ABD725DDCF1C4247B0085E592A9477A7525423C6EC3CCCC62955AF6779A2FA32928AB5736125E2A96C5BFA092096D1FAC0E51BC1AFC4E490528CB78E203B7CEC33AB5C939B413D57E1D1EA469D7BBEA429816B360B4213E9755405266C50F803051A33FD385ACB1643340730B29F39E4
J=$313F6F809DD8D8DA2F690853A556DB280363AEB40DB863560A74F1288AD8A3F2CE6FF587955B4C5F2063FF6037C03FFE7E8997473A17EA233436BFE94D42C0CD6EBC5EF4437917852367C4AEDD6077397CA989143D66EE3E4CBB61ACA731224E0B873C01FF93ECD6310D0CCF5F4C7AD8E47231FE7E40069C3630754BF35A2713238FBA7A08D137731C68CDB74F25F3863002AE1E4AB07537480041CEF75F2DB2B2FA98DFC3DD38661AABABA3F3FBAAFF5CB1F3627CDE3A7794F07A4FE7F6DA5B5B497012586729D7049DDB2A50362D3FA8BC6D64C60E62ADCCBC2A277356C99B82C7242D2E29F7611F062A5E01C1FD379EBFBC88F659A7FC27B5823EA10A179EABAE2ED95BBA2584516C3BADC924063ECBFCA1D20D57FD0E27C28F9C54330781C282D548692E148A50FFC98671DD6EDED1D74D9A9E1BB0D8F017EDD6AA51027EE062FC58ABDF8E07A8052ED16FF16B03388C08A9E3193B96660E14544AFCDFA925798619175E
T=0

[16]
S=$41A4A4F
W=$6BC17B5C478E1E42B4419DBFE42EBD2DC516A6EAEBFEEBEE1523A857C4CF62B6480938D7CD387DA8EA83C849151C48184A1BF1AEB7EAAD279128FAC23091E4C931E81BDB719B090FA56F8262D8B090B24130F45328E28C17DAF447E86041D3A06734D57F3189194DA5D61C784C59DB35D992BDFFE5265039C13C4839D11EBB58BA28A5F7AF6FB1712121FE198B5D850D046A8A89FB4B61286CDD9F4F8795E0031E63603A6C26ED9B9ABCA02B8E5C96734E9
J=-$1BD1463AE64AC91E88ED632C81B4D0D3C5FD99C6DCF31E956F00019788B64075CB93FDCC37DDADDBF3A5FC4F08B0821FFEB921C1635D1A1BB2590108204CD192A1423946CDE8918D5BFD7A2DDE6039E05F1C891AC15892B9FD0A1B75A89CEF443E350B420B99FABA6A31E707C0C594AB55750CAEFAD4186F01D2D576797765A5B74E38F2330A6AA7B7CF1CFAE3D8A79B5025286563191D3801D9ACD3739C3EC1A896CCB9A7CCB45C8684B1938228046F6003696AE1F0A49C0BBE892336F16C8C52DC6A47133E734871C73CCF3195B12DC8B30061B60C122EB59FD07AAAF26947B00B96739449E7E6E8F832BDDFC032973B4482BF78E4A05782DFF3E765E001B561170F081F2A00CF08FE7F6F848C8C20FB6C4862177215EE6E6CFDD8A2D1AF7B58F5FDF5662F1DE295E214B520553B710A2AC4C6786672C4DBCEA45F14B476D9BFFBEBEA5193123FB6988D1379E7C3CF6E276E277C74A62D9CB74C71761E13FABF8FC
T=0

[17]
S=$89BCA8
W=$546DE54FD4F0F47155E91BD4EA1D170051E867DA07996635DEBC558E5C66F25FB21058477AD5520EE63E5CACFF9BCCC7AFA6D34031F63A96C42EDA20289200C0D33B11EDE4C02DBC4D8843C08CA5BB07270754F17D5B42DCA90CB41EC68D64EBFB2BC91280B8CE5675A9F7D9B3B9F07FC1CC8628EE3621BA9C71C67FD83DA7B3FF651AF02796508D8ADB23E9B279A969CED7E4E17BEC7BB9207A92590B8558E9876DBE8067265B0280BC18190B1BB7A
J=-$ABB60C9FDEFF4A0DAA6BB5CF4031CC9C3D5B705365F9711434361AB3C4467BF32ACB76336D6B574C25DECDECD36ED8EE28E5D8EDAC583B4DD0FBE795858E3FBF767372FAE2C78EDC839244C899C882F5C2ABE8E76E007A9CA199E983A95A4689F435C92C3327A6A5EA9D5A85A56EA66FE555559A56F1098A0EF593875272450815FE9B0E7DD3907E36807A1D4B9E31DF5C94D5B1C3D308108D1ECC290F4197A5061E90EA94573895A073B2FB8429CC3953557E20C5B88151F4C03EFD36E7E8490CE0BD87278F6DC2BF68C9DE9C59B5BB07AF4624199CAED33B7291FE49D6FBD210F18BA8CD8CBDBF64AC69EA4201E433707ED2010DD0ECD023D493D8E16BF990427E63C60C129FEC117439B41AF2840BB144AD236F05FE42CEEEB01338A48D84F4AF4785FD2587F450D693CA869A06CA110AE8F79B8A9B41CC88A277B2E902EE4EDB00F7EB0B9EFE7612F5A5D922E803CD6673B9C62D3BCDDD060CFF9F213A
T=$1

[18]
S=$2BFFA1A3582D
W=-$38C79295C51C661D62B75FB29327672FBB23C910871300984AD7787359E0C6E37AD885DB676DF175994B98E95814F71206C86DE6F5E0F99773B1984664ED2DE8CFD403369D91C58CBE1F26D8B2CB7B7440896275E67951C713A38D705743B5F2A2C1F4A9050D58795BB029ECC5954BB1DE8E5C9603066DD0294BCA2E4E5FE28B8A4313CF5E35FBAAFC1772F4E6113B25E053E00486530AAF6CDBAF26809400F215B741EA272121A1522BCC5E5A33D
J=$2D146A2214FAFE03DC096FEAEDFC8A19F599C5C86A4DB3C5E57B0BE5AC15DC81F123FA8C41B3A9E7965A22A49390795F5FEB69BDE9230D4D36B3D2F3DDF8174B1EE2DA4D8BD948A64AEF88D1475275081B80A83FAC20AF08E6D0EB967F5C24C4E0C2A4B415A851E263ECCE2DA2D99368032BD39A3F379A38A5EF303E83DB64D716D08C0580D9993D0D81B6E23E3C9A0F1296FA8826AF42FDCAF5465E479DAA14600ECC19E437D35FF55A70135415406B7825EDDCCB02CB82A892845F705AD446A46481FD1198660227018A6F9D4BDE31A22E7911C57823224006F46A80992539D3CF33DE86FB3067B64B5DA7A21F7F207C68AC722232926EC8935774FABBB745CBC525A6EBCB3C2083BD1244A28C1FA943F3FDA8B23681D2B4575EC069C3DEAC7BB306C5FABEB4696ED2CE019F78C6A9800CFCD29BE6E4EBAEB1A78352AC5EE51E5A87B6473BB73876BA3BC716C5C6BE72CAC52404DE66D32F39C20BF
T=$2

[19]
S=$53761E1C4
W=$D55B07C2DB0C803E5FEB5276C91C999F26EFA1EB52393A84B3EB5EFA74058FD7524F6DB71B9A87C2547BE3B87CEE42B68DECB788F6FD441F3DEF45EEBF013B2232F3DD9BA52B34092F13CC4FAE598727854CF262ECDE704223E53F49656AA641F0086026379C725B0146DEE7F0F0AD4B14B1EBF5FEDA73833559690F2CF51C037EB35BE4E48463EE1F1EB370CB22E6F75C2479259D172C879B3048E19B9F08B45B1C9560811CBC56DC9B33E
J=$C6B11FD9F6949F83F73045A800D53E66B7A5243BEFBFDD3660D6868E0AFF0C31176B839575F04867AB75A76FA595745103B97401565655924EEC2E0104A099169A2050C5F5E632D4CCDEF00FCDADCB1283E6430E4A28AAD612DE9404379B35515F69A22536ED06CC1F415464EAD9F8667906CA395F59E2B3BB5BAF420C92F6A4A8B176DFA71862C78DF625CE7AFED9F7F79FA9E0BCCCAC9A1A03EB560A89D5603FF63650D153B5ABA7CA7C049850FE8E8F904FDF1F0A21ADCC9B0BD42A8D8C50D363C5C449EEC551531064FE85962FCE94925517656F3FCBA6A94FB13AB4A3F83B2A8995EEAFBC393FB75AFDA69A33C8C14A7DAE2859E7A247A405229CD623D69055D6D68EC6D9CEA4E955E70E36CE1CD300050A26B01D91FC9C67E83E576B24D9CF9451A41FCCF827F57829484A6DD3DEA05EA619745D6E1F52BE4DF18B36A7AF67AAA03BFA842AD239D7BF5818F8D2C2A46C508EA30
T=$1

[20]
S=$15870541369CD
W=$2B5FE2242EBD0556F11C0EC2CB066F5C885F76DE39FC26A6BD34B7208580F523DD5E53154AD63232FFDD7B148D48433CAFBBDF91D2E575D6DF6A99FA5CB8B34431491C7CA95F05282D5AF7A3A11A4C78DCB70E061D0B915E2A53124719EB7E9A1ADB8D104546D01CE149F93CA631DBDB3B9D7693534BF7E8757276484CE47331547B130767B5B2E3DD281AD3B18F3BAB568A81B05AA10872F12409E8C677978EC0D51CD5A71B9ED9873
J=$38B1C408D299184256E9E005B78D4C6F19F8A5195B8C3F1F3FC107A2BD656122CF3F6A91B04779EE211BB8C798AB322F927F6B50CE7E4AEBBA2FEFFC1D93F66C1FFACD819ECB962D5270373E4B073FC1A1B2C92C5515B8C7D0CED02B30F76D52C19BE915DB9B0928162E03CF22FADF523459BE95FDFBD3A7D1BDDF8B08DC2F1D0D2F9FEE418D23EB368D80122936F671A8DF1BB91F3D0B54C735764C0C0568AA5BD30D3BC876162F8C3F6CC346C06DC22ED74354AC20314F8D05B5BF6DBE2C61107F3E85B4161CA6C2E0C7F3E0209526E2DB7ADC610928106563FB943378D3C27B43322E9B20242183C5B93D38FC9AE5E84069BF5DB3ACD28D0CBF316455C83EE647BB5A2585EB1F9DCB0B3A6A08711AE60D657E669711B5F01B345400FBEC615E9987A5E325D8F3D345E91C6FF97016646CF955F95961140B25AEEAEAF0A993A9E0B1A336ABF3B38FB627806543DDDD56F13
T=$1

[21]
S=$11925A9DCCC0
W=-$4AC4BFB467F5374F253D960856370F7B3B9AD0EAC082B4EE1050FC235229A46FD1295633CDA7D3B5D2FD5CC5CB1F2B11D8128D5F32F70CC5489BA0FED94FA521DFB9AEC2461787BEC1D899FA4CCE2A8B44B002A1C1A0A84614B2070862BD41F2EF7C363363D0C580255C5020E1E54F5F0D8B983E8559706B34CCEE6C05A83C2258B99AF90F9DE2F40F3DBCA558F107190DA2CC2CC4258BDFB8296EC19B90F2AC73005467BC088
J=$20465D20CACBD28D14601FAB17E48F671F2CEDDBDE19B5BEA9A400B1200684D02E71AD089C65A90F6D75460E277072ECE1A7A2FA51C9E60B495F0A69156BB9D6EF15F758A29C2EE0D798F2F8D6A06472416BE90A0BCB546E59313B148C028AE17743B00A3F083F80CE3F1A80C8E60523DBB79B0DDC6BD77D02185225248FCC10CF80FAD32F4959BD654E2038AC3CE18B89A39468B7A783D83C4536E7848E3906915B976D90C7BD90BE59C0175DCB1AEECA9B5FD0F5EA2D7B6128CE4B01E43A4B05DD10BD1D94DA8B0EFDCD059354F87BF85F10FA6C74FEEBFD954584266712377F06DCE28DF907CC2FC3637F72866C43B26E7F0FFE45C802F016A3518BE97EBF47432AB67D8A00FB6B3495380679C1F52BF05CE9306019190A975D21E2487820050A953C21B6223AC61685821D486F5F4E82EFA868A2C216D33A041E622801CC778C8AFC9331A679E64377096
T=$3

[22]
S=$3E9B175C
W=-$1DAE6BD85F9616A690286B26DBB736AE8D86CE64F6CFD76EBEEEC4886C0D556A0D93E66D9EDC34368CB9C8F924236561B315CEC3C42C10B33BAB39C1F442E500272A119CB70356870B93F21F3D1FA0A1844BF57DFFD3D8A58D840ABD1B41F7D5EBDAEAA9D4106A3849A11FF570BD29430C089364345346A6F03DA29001736F1FB70B47A2E0FD5583AB22C282ACBE4E64A47BADB0B69866B1B8A556A6D988C5C545C7848
J=-$1B16991776249D0FC00D371CA211A197E582D0988EFBA32A081A92244E18C7BA00201771450FAD03C64C4310DC07A09509D7D585255AF13A5312D9AA6494F353857730DA37B60DE0BB29CB5D891E4E2F0A7BCD8D99D04CC8A484383A82293EA889187A93F5E9E51BA7AE5EE54FD0A3B759E11706284ED21B3FC4E65DD2DE2B83B98A5E19CC49B8E2BFF6E4BD3E385D62C375FF00FB5C4CC7AA3AB025EBCB7DEC3AF6219DDAEFA707F5A482AE641FEC4216837E3C89D7106C87765B3D3BA253D4F081B62CF659F8FC8814E6AE2342D67593BBD44C4A751B20063090EDBBE1A2FEF4D41260E50014272A7032802451DF0C14E24BBE3D9555B54B86AF502EB5F60D1B15C705BB68BC2A482C34D2C1AC7061AF4872E32BDF44518423FD55C932153C42F0B2A84BDD4CB4613552E893163F404DF49C95D6C4DEAF9D8695633CBF50866548161F492406
T=$1

[23]
S=$5C23C065A2DB9
W=-$267360791EDBC639A2A639BD2F253BEEE7F30BCFD2E0D3D81B75135878C8FFF5FEE173F5A24C11B0474353C286ACF5CFE09C4BA7E244E6D6D3B441C12544B99FD17E8A0C745C4937E7FE8ADF8F05EF572026109F9BCFF5B2AF56A8FC9EF58E6471AE3899C392423DA5639FB6171958503A675A8B9D6018446CBD1B4D70CBF7F14537216F8592052B75D520D2FC54A3A685540D6F32562F7D415AA8E89C2204250FA1
J=-$8CC694E9C4A53C2E8A788C17927359075FD914B0569ABD0EF345F77064AF95624384A8E46F4408D2452EBF7A064E044856914885B0FABC9AF216042B01FAE6F40AB42C16DB065F73CAD0C73B1D43275311BF8D385796E28FF789C35263A5430CD73DC27BA1642B17E15704A12AAC450A2DBB4F6D4FE3AF921A3CBADB73C4799E2651BA4F91C5487D7391484FD02DBC0EED2BE5390C59B495D674FE7CAD9FDE9AEEA663CF34C9055EF8B148B296D4BF12DE2E0B7712CF460F3DEB22A45480ADA976E0FC0751B8608AC189FC72D7EEBB3B92BE788EA3697F43405E59268034266AE131EE147D29DA7CB04B75802C76A0ED30228F04554A73CEFA04E5262ECA45EE94FEAF5AF9F852CFA39A58EBC7055109E5CCC67A4827EEE54C28C382203718E6CD8549728A5788170C85B4F610E9FFCBD68F9454720A1735C8204202C3F238B08BFA00
T=0

[24]
S=$48
W=-$530663BA7A0E1EC5804F7ACE3DC3C772F2798A879B1F4ED01FA6F60F055676AE207C6E0D11909C554F1AA6E615EC6B4A294CD285DE363A90ADDD7D743E033FA5F79F6008E715C9CC7224E3F9CFE4566E4CC0F553D9E78491C514240BEE4DAA5B4B62B055E427EBFAE2DDBB9EF47D2DC45B18D2CA70A20736DE83C80CC0B19AA1D8442EBD7C0B805DCC96D3397A7BE7DFB6F6004E98B0344F9EC50D4932F02
J=-$1B41B2EBAD4EC7972C92ACE7E7AD8D286667C4B90E05737DAF8720A667263E0D78C0D80313CD00348E0D509D9648AFA108C76C6B5043C4769A2353B50EACC6C5503572D31352B581FE0618D710DAE4F151F20D817FA0D5494B6322048AC9B676B4B6BB0941EB298E2423EDBADE63F725C2BE456C303E99AC1E4030E0675EC772E4A6BA3A589A377ED79BE8E55DE6A3C018B6A9B9E5FE5A2664E577D14C2BBF986C10C5730700B411A15881F0820B551C7F1336A7F1632C7F8C1E5FA55C79C3133410A1988E30EE3EF9905BD3C984FAE7CFE6EF10EEE57ED804B9E1EB2FE91C180523D626D7BAA00ECD382B558B31D7D2787B788C00738F7CB7CC3AFD453E9216DC7E5312920064AFAFEA9FF4EF43B766E44F2966CCD4E820A7555F96DADD4F089020903D82357C5D3C6F321254557F149CD9B1788404D4F4FAE166463A
T=0

[25]
S=$2F07A4
W=$D9200DC98FA8885D1B716B0CADBA819CAE1CA963916B103905BA00C854D5DF88A7766B782C9AF16E8ECA3F4609136FF2FD723601EC5C3112A739D489B0D8399F49E9296C760B48A32C6FF97B28619E0247E4C888298D82207E967A034DFACE0ACF3BA00E6097A78F7292DF15DA5FAA65312B83B6257BF59C482206465BA6B4FDA61DDCB28B97C584E971DFEF86B9F0EFDA49FBF5F73C1D4F9B1296C52A30
J=-$119AC6DAEF53836C7F7B0D53BF35AED4CA5C53F3DCF67C6F535440E90026C334E24904DF6841C1EE55774308A39A7FFFA908491E295C16A8A0A899D04D338E777AC50B533E41ED168778C796F1F563A7A9EB3718851C85323FD6177640EAABC82660AE6B919666A9A85BC681979EDBFB2F1728EB0BD303DD6DB1E7B7213736C4507FF3057223C29C9BE9369DC18279CDB59A8C52CB9FFF7DC97E1425A161F62C2360CE35719CED67A273AB679426BBBD4F659A1608368C96609081C70B77700AC11541441797809E9259653049FBF38918CE3AA1B4DBEBDE0492C2D42F70EFE8DDA0E995D4BF5DD8C2C57EE2A46140FEE0553EBBE32CF473AEA2F0F6B55A42A20998005F1800506BD3C7375362B68F7FD34430E7626FE9E5FDF6A682D145267C58C9825B572C2A2C2C95745049556EFB09B6F3A7EBB3EC442CF7F006
T=$1

[26]
S=$2748D3
W=-$358ADA454CC01EEE7F447551D94B677CC9E1041B45BDBDD56CB694090169FD3D934204FE34F5D39CB25BAF9FC903C7EA9BB53FDD915D5B9ED495448FCA0F74039D583351F664FDF17DB9F7F086431B3EC4A6635A3375B6C3EAB23747903F388F4170B8D36B6088F630233F92EA4411511A152E73E8D9382D3999EE5BAC603BD0EFA57D0995BD01E348003A8A663016F4FA0360A17C374B2FC1146E5B91
J=$2212CA827599BC4480E3C04F3F1DB34405F94458BFDD8A8EA55AC475BDC74EC7D3537AFC789BA87B56A547CAEDDB8D38736A83401CA21D4074AC94CB57CE6B36FD62CB78445C9B03D336B2E909A774564B8CF5435754CF3D605D80913155DB6B4E8048E807024445F2FDC55F54BBA3A31EEA8A199CD4259386DB614660F6D280EE398F32019EEEC01D6A35ACAE378490D848BC6CF470A65FBEC01E1C2BFB40EC1E92CD06969AE8949AC6804C4591BCCCC907490384B91B828C589E98A6F90CF232C8365EEF5B6D2C2057C802ACF59516494638B795F8FB1AF878CD4355DC32F3A85FA5B62E60A73C231B39304A322C9DC15C41CCB179C88365B884F616FB90F65650E64C4904DB4A5C5FEE462235B0001D51D335D38B0519B05051BCA7A3D56617B7E17D4C57222E7BC875B046DD0F2CB9B4CD60D173092285F
T=0

[27]
S=$136B6DB0169
W=$B78356A8D68E49C70B602734C0C408DD8A3CFF57628E18D096571FA84697D5ACDFCC53106A5FA8CBB7A146BFA14A005531B3D370A5F7E3DC6C6FD4A45D5A73598D1EB1486163497A2D950E36C3CA43A80DC4B6C3343E58A69587AF93BB4E107B3981C98AC38A78790537C55B8011FF2D6C53DF3BB91F5D7D5CACB1FBFEEE369C8A85E9A3CD6A83F7336B432656DC12D5EA20D5EB54DD468822FB05D
J=-$7ED0F28DC21294726C5A2C73C42A999A8B9DF310647F7D05583AF7BA7C0FFE6DD58C94CBB69FAFB85FF2FE20C151C766E646230C8DCEAF1BE435E420C26A276125D0F548A29BD6C2A501C2B0D2214F702530F804A8CA2D803784819E2060DE7E5AB95F39BA065785DDBBF0D2A702FB55781481C6B1C9884734ADAB56EE54F4B1EB696DFCA60E2A22A144BE7C098DB2714F930A11D0F3A39456182778243BBBC36AEF75954CE5CAA70AB488897B7C58E9938796E1F4380B9EC5EF02872681F725BECC01AF105C6ECD7C42660FDDE219854F32E3288A2D7C3C9A239ECF98E2BA7F0702651BA1DED06F0C4D8F3CC2632D0D893E6BAC453A869FBCD44A43C3BB83738326D0FF11997BDC9EB437189C887D16E23B789C86FEEA637CB96DE95807B4A88E9583B9099A08AE8B208775CC724E708CDB416D5D07C
T=0

[28]
S=$1CF7CD9A61B3494CC
W=-$45307A5DEAABE880731584C93BBE03C16F3FD81D4B5DF6F72A9F2C9C118F75A7C1C5B60DE82F4844AA49D54FB5D0811635C548BA02EEE9EAC10B6581C95D96BA702CD8ED7FDEAA9F3FBF1CD82F9CA246684F8B6204B18D6EF1859A88F42EED6D62BC9A86DF7EF5EE92F5F1AF3E5107B49B58199A3762363C4E1C51A0FA0F4DF76E19960C155EEDF98243D9402DE93BC77F25797A9E9DAA52
J=$234190BE08DA19253986D0717E64CD32D0512EA2564903A69EB23072E00127ADDE7D7253B59F2D6485237D80806C50FF2F8BA79086F0E43D5778AA9F1F8FCE817CB8C33D2CAE4944412D2EEA14EA38EF3A7624235CBBCFBBB4EE1FB0ED319B211EA2D9568E594D21BFEBB20CBD5F64F8E4BE3E9BF2AB396DD7ACC4ADD38879F7A6EDF3A467ECADB8E8DF9EE70BF6F2E57FF83501D5661BA2B201A01306C9EC1D5950FB4267DA09C0E8514F85CB46069C43044966F482983460D3388B5F91AC7B540E731F530144032BC63B5FDA9C3B41F817195F32DF4132FBEA7B4BDE13A0FEB146A27C7601FAB69DC49A756A3AFFC201BEEE86A589005C73F75D66CBD86563EF18EBF881305D6C42BAA3C8F712290068FD1BA9A58915E0B59FEB4E1CC36D6669772B725CF54049FD589183DADF3046C92
T=$3

[29]
S=$10FE46DC
W=$2A90BA350D32DC1F8782B1E6D40B26C6B35E768BF518CD6B78B05FFCE6796149B851E3C017E54E756ADB4C6DEDCEE809923ADB90EDCCC2FA4635702021EFBC41C1138344D98F752B6ECF485886265025E4A9C581FD68AB2E7A44DD64066947C2992483F18D9B7A9D2BA89C73854A7E57F783640886BEC3FAFEB3DED43B93CECEC9759C0F67C7849D21DD89EAFE12060618C7043350
J=-$23EEA462C115D887A345E2779816AA0FE40F411206A3394ADEA2E9A0C9FA887430B4AF650ED65DFB9492D48B9FE3316D1B37DD55A380242E3898E6646F1406E3E40105FC87E65E24DB3360F1BF3C08E1B8EF4674E6C9F52CC8F026777B088F358BB4422D37D87C437CFD1C315F5A73838B55C4D29DF2489E7C36EFD33B0A676F92024EBEEB264DDB1DEC298F07E67EEF7091B4107D71874391C4FEFF939EA36DA4C3C3FFB4DB3C72E3BC2266537267FC8E924660D8ECFDF630CF3F6F124BB9844BE023030F527CF1657003CDC771C3D53C5DB782D9D164AFF6578F9678C8B19DE501146254E75F9BB1A14A457C48974D783116B0521ED5829D908222632622AAC188EF0F2C98C9995045FFB0873ECAE267E92EB76AB27C1D7FEC71CCD78629C604153E4E66BB65EC7D2
T=0

[30]
S=$E1
W=$162447981D453650CC27934AF986FDE1E875F07790540FC1923B41EF648BFC440B912844E39E861AEFD1DE0BFF608BAC6FC1105318CFCD24C64D6811F966808E497B4244C8BB08E45A2BFB5E69EA284C55601E7BF974ECFCF0958BE523EBBB7FFFEA997E796E45104DD2AC8A2BDFF0043B25D23DFB2D72AF7414B4F2C057F4428A731BBD667B3D78EEA3D1A060B1D5C77F2E255
J=-$32C0CD33C525C66341FA2C5CB682212C754380A4815D0D49DCE9851F57AAB4EDC9C5A0F57314C396049BD55E3B20DEE44C69B378A3D08B971AD37A4F550BD9C35E6AF2CF88AC5B985C77DE52138462327ED628DE8E15B8FD7D04FB18D85E331486DFD119FE409F284B0F9034DDD575FE942BDEC3284604503D0FF5F122C2141CA4242D1A380B52B21AD491AA338EFB3E8B2ECB041073A33DEC5E2D741E29A26E28CBE3A9A1496536CF83728851D4DCAC3778D68D78F47D2E2587DC9495C8AF22D4A3A404903302CCE0DF773C73AF38B471CAAB6FA0567CF9F8AE2BE4BE6FEB9C1947211848C15A72025155802C5059ADBD5F54B753425D2F161D0DD494F8C27B5290B833874E120D84BA514DF23A9B99DA3107EEE23FD405019F804A7E13DE66C1633ADED690
T=0

[31]
S=$1901CB2
W=$142AEEFDB9E7E4C937F080E8AE8416465E10239D42E60FE414DF618DFC9127D51E55E25CC6EB9123CDCE565E8AA397364D0496D5A384BBFDA852C5851F2A87F685F024F4B1C91F499B40A4D76190BCB0BC3323922E54BA43BF6E7ABB7D46C47B78E9D246E619A57AC275DD52BC0CCD718244FE09B6B028E6DC32504FD4081F5BD4537E6DB725B0FD7A24FDBAE7B56B53698026
J=$517623F4CD178F11FF1418F501D1A3EE3BB64A44F48ECBE9836668E936E3A86700C6337A9BACF5F347B3A09DC3AF071E18E56432864E2D764E0F066D1F40C726B5A1986604F128EB932A1BF3712588644EC6657823351EABAA2B6A197DF3415E5F1A6870E05EC881961280FEEF3BC6CC2C7FBFEBF6380D0C0B7FB7882F5038BF13C1B278947D757C543983AB1A6236CAA1724B6D3798E759841505DF3ECF9A3B8232B229BAE02BC0D3E2A3E85CDCC2E242647DB064479ECDFE354669FDDA2BF2AE38F6918034E6B35835EA13E85A3605AABC70B27395D867FAFD7AC112EB4A5F2E1EFE5F9F87B81C1944B1ACD62DA8D89F328D261194C03C52D193A9A841926A2B0A44566C325893EA47AE174DA0C998C635B458C499F3D0F48A80211602920737D3743D9B
T=0

[32]
S=$280EAB50
W=$14ADB4D10804D2CEEBF571954F262F04B88137FCB34EDBA4201AA2ADB0C0C3594CF0F50F899E67A6BBA37A18706DE35B454728E199416EDBA510921DCB87CDA2B68D129B2A2A316EB74A3B92DD2E51F2908FF38C707E5CCD72695950AE5052C3685233EED301BF1E9359F10DC297E731193D3980A815847048A99B0C2FC53D9A4F06C626621754DC7FC3647DE7166D0EB0
J=$3703623F43711594BEEF09E9B583F18905F3C9B8FEAE9FC45097D69F004D999DDA8B9ECA8654B250DD73F29B745D1E8B1EA9E013CBE74A513351F4B7D98967DF427D918B7552DE179DCB2F5290BC83A8C066DC19FE5A86581149253D0FA7D41F25183668718D2FD41E3C5A072115EB68E93F2306154FC7ECCFC9F8759491470D22F4E1F190CD84F6343191AE8FA7FD31C5580651630D8CD6D04F3DA18EC3F188A0A2E5B99D173964E9BAE5B0C73945F4FC53830CC243AE1D9A373CA27B563F816155D4B7064EBB94E2610EADE0B87E9828635F7B30AE0C72D7CC2310CA47B64083A50458BCCF2CE8299CB428025F035403AAC188BA52E194577A7C7C34CB74921F29C6AAF7E9F45E184BF2D49AF11ED31C61E24370CD7C4DC3B3E2E6F9024F5FD2E4
T=0

[33]
S=$31AC988
W=$27A9166C4EF997B0A85C52F8B6518BA636883FDF4E71C9CACFADBDEBFE63225736A735158D427E1790C343F0D435F6235DBEBA9461BE957F2B87BD8F8F6A5BF4B507E02C582A82766263C572BF26D040234F715C0163AFCAD27D5546F2DF501CB6314077BD93B656C33FBE5FA513439BFE15286A3EC52059730C5546EFC12F981C7B1E764BEA3738712D9EBE33CD26E
J=$17719360F43DD8CC6F0C2210CB7116A566BD3EBD0958022F49D64CB9ABE3AC669E2C95743ACCBE445BAF5229191C9EFA073AD27E11131D20D3BE49E1CA2B23923E3012F680ADC61B5957E449F1CCF47AD915CD0EC865924BA7F35DC0B6587590B2324B3BC8CC4EB8FEE9151FD392F66E413ECA6430ADAA61984E36F747C22A0F9054CCECF12F8A709E7766E41EADBB6B7FF886C0B8738A2F3A4926F5855486F22852D308BD90E8C541941576BA699CC0DDC63A9D885CC95584A96C6FEFAA61BA2C565F415EFCF2140D950F75A0740B6EB6EFA6720BC1A3CC5453BB01A0BB9F32775D67C9FBCF28EBF71C22AC06A754D9AC71C6CEB41AEB8EFD364C4FDE559476064D36D6981BC2B612D3A0501CF54F7A7B65E70D41F0C30A7ADCE1AAB8993
T=$3

[34]
S=$EC26441
W=-$8577CA126B0848492B43A100BE2ECC6EAF102E381EBA9745D3DFABDFFF9CF45374DB5A68C4C75884ED8BEBD3769FB6119C5CD26A86BC4D26A904697F699EF17AE6C9205F0FB94312EB8E80DDB600146F13CD2DA1F0FE08AD75FCCBB2EFECD98DAB9E127C0297C70C5507408BCE3B5279E7128D8B35AF9DA0217D676A6350512AB72B649BA73619643D82CCAA74B
J=$5A2A25511B6044AEF68C54F29FDE9E791F4BCAEF605D9CFAC65D862A30BB220D785E3954E7D6C8C8F117FC159894157140578982576EDE455A0E7DC1CACBAFC97BD0E2AA2D5F51798E50020AF7AEB0976983B39D746CBD74EA15CEE9F0A9C72169C2AA3A848BC7A0F96BF3FB68E950BF817CC86F5EAD05A05825F5C02D04D0098EDE6DAD7F513C6244FEF20C7DBA3F2B5E8909332C2F6AA2AECC4939A459EAB9ED3EE5AD45D578A5D154F1730726B4CCF8C9BD601CDF0CA2D697807912FCB606720FF40A58180A077B98F56CDE7DB345A929B7F47CC8B9B77D655E333DE3752D07E44F2B18ED54FF326427D301C1183D2348DEA843C90BFB353845CEACAA12F26A3EA43093C2CB6F172B48FA08DD83E964FD9E04B843961BB8C357
T=$1

[35]
S=$1C5F6454
W=$783C55EC3331BF217548E8A70C1B01A1747CC2A393B0620403AFC336EC6726BD0C5D67ACBE7CF35517DCAEB7891743612B115E800EBDCD6A09E8151766919E8E9158FE1B99C2179D6F9F6FFF78FD6FE904606E09B69705091B59078958D73F7D9150F0D39D7E69D32DDFA95420D21A2D63336774520572A6E629CDAA547F74195D439B224EE81096C04CEF16
J=-$A5B8CA9690DE589617AAAB2E6AC32232B2749B684C3862DEC634DE2E8FB8678E95B1C652FA4BEA46DC87B3140DA1A5414D44B906CD7912E3CF71CB80B15D09530DFB0217C199DBB6FC62F5611709480C9190686AD8A4FE5CD350D526B521FD03B899945B395B649ECDCB541298DF4DD7F30052F9C8C10EEAE247DEB8A3E367CE8D49CC421B83D79639D6BECB428B1E208CC0A16E8F779489D74DB53E215A91918617D4A45F98071CD3F26C738E11FE3E047E22DFEF0A87C5F7472F7349158E8589B6A3E4AC3C29D7B781CAFB147BEC5A219E5ED4B389FAD88F8CC56AD324CFE107B7F328F56AC20B76C6542EB1815934ED353198386084B2C602DF5B430F7F205E18AF57D639C16D07AA31DE0AB6AFF75A756C6EA7ED41A
T=0

[36]
S=$3AF8C6CCB03C
W=$14900EA3C4A08CD919400CB0C84C6E522313075DF2A2A649AF5D88BDC319ED8BF83DA4361E7D1A32A94AFC3A0CDC74EF1BDD38E625D9F0EC5814D885AAFA85E0989EE5EAC86526DB9B1B6453D1D65BF5B20A0684D969E6DFCC894AC65751B630F57AC360453A34B55B99F461E74B5E2A9B92ED31D8A9393C65BAA79AC61CA22B7C48D1AB0E543FD6CA1EE
J=-$418641417D2C8B762FBCB782FDC6CCD511FAB3868ADB1E0F8B85E181D66EC4F5F45FE667AB2CBBE104FD03CD901CF78F8D48B79DEB65E5831640F86CE341C22AAE355D74F99C8611757555B169C7A0E8AF8ACF19570DF90EC2802A10F817A66173339F5D30AF5315CC32EF6DA2627947BEB2E46588B1B6AEC9D50DA1D891A3A46FF9345AF3B716C2FCBEFC7BCC99669EFB15A0DE373F073FFEC502397D881CECD3BCD890755CB49DA7C8937F65FBAA21D6B5200FF3F766C9021B72E144621AFB4D3C58ABD3965629799EDC81DDB4D5F2B7F20B1B95F668651635A9055B81D2FAEDB238E7F898A7B7862415DF61D30E0D05EDDD85A363EEBEA8396A7689492C39B52835B000A59FA3E6D0E600E5BB96F52C50A4ED
T=0

[37]
S=$4E04E929
W=-$3B861751B1AB51927BD884A1A8F69CE90AD35A4B241E2A0121365579F6C360D67419EAB7F6264389F54CBC0AF42D261CED0F2ABEFDB0736C63D530A51C3EC0857F5F97241D4DCA433EDD154FECC53ADE148F0A97DD5AD4B4ADBBD8BE9874BA9F90988C69F4BE6FED5D9EBA5BB83B7D13CD269CAA24A9B1CA14EE5E94465570AF5E49387FA9286F9
J=-$48A458222D16724E162CB5FEC296E4F81145477152FA923DEF425A20E4B4832F9F4F75BA0B26A4C71CF0E094AA74210EB789C20C1BFB22E20A91329DD8BC7EEF4863D596370E61956EA610BB373FFDB76800895BF5592E9D96E5087C0F56B2FF3531B11428E45CB90384430B65A8D5FF910FAA8CDF6C4E8DA299E24DF733EF81CB5821C61F41170694C7AA8742014FBDA50DA022B9579B08E05E1C6615B8AFB70C25DB96C8D1DA012B90ADA09A8E493636EFE9B0B70630B443ECA92D606646DF98803BD1C0F204CB8CC2ADB4062A50021BB9672F8541F8C26D213F4CB2AF33855367CC25DB405959B966177FFF389976BA5405C08B125F5E1268712E33AF41B125A0000C28563225CE9B37F21CC
T=0

[38]
S=$7A4844
W=$6962D1B986C13CE68B447CA94110EE4416D4BFFAE200FE7E4B270170D56E907B4BF4E7D186282D06C6ACBDF189468ED6896D25B25F1B557E00FD284794D454B1C56442BCFC4FFB23AFC724F5F9DC6436BBA3EEDFA8F5EEC2B76B535282448B95A16F5D1104EABCDEFDF645E4FD0BB24FD312DB35DE85E79E820CB52C1C6E5520A7B690E29AE
J=-$582247F6E4C09D6CA3532CBC17159ED27E2DAFF27AA85C5368081C1DE63177E7E9FB61724DBE319C0B2F1DB0819FA2BC7E2FA75ECF2DBA2562D4F264241E47F6B9E6DBBBBE5B356C14CD7791E26847D4BA494AB7EAAB3ED9430FA770B770687E1CBAD83B4CF464692BA0A644BDB3138FE15A3DDA9C8E4894E4230D266F7F6312C78A57E6781238E4637D45EB3EFE1B4E56632E1B40022942D746020CB0D4ADCC42F387634547688195A1CAD2ED28365C3C3047FEFB0BFC7FD2D244B89F187795BD1488626278F044829FB51A5EB6D3CCD26E2839F1F38F814F6BB7957BD2511FAF782CEFA201F4D935B8A56BC011B1A617A0944556A54923EB02DE754061D2547EAC29762F65C7C42004F
T=0

[39]
S=$3D1996
W=-$8048E9FAB58F1F40CB095126C0E1084A8C7CCA0417433BBEC3C4BA881F9DF6E7BCAAC4E1264C29B11D69D88E33FD7D8BCE931779C423B0637A9EF62B02B9C2FFA4FCB5C5F4E3478F2AAA1B456EE54202899086C2F510FFC7918EE12E9338F489094EC4A6FDF791877C4B8E4A312921D50D143C42A342E5DB5597C7866F8FDB038D74D2C6
J=$5FA3FC16CB76B52AD115968BBD6F804A6E90F6186E4D00DEDA7A8FCA66D7656B867E3048F6CEB17E614380A552578E1AEACBAE47A2D273150DDF1B869C3466CAEE55CBE3A0E51C4D89971E8B1CCAF4DBEDFA93E1BDB5A459B40060A4673978A6CD2B4415B02D31EFA359661D849126E6B316323AEB1CBA1E188EB1A7611BD31CB94526892A91141FF6F1D4F5BE02478FE5B293EB62D556CF44A5A00B9256F4474A715402CAEBC340EE4317214B8EDD8F5CBA827E50C512B1D77270E4DF4E08C357D267C586CB3E5B3C8BEB4B3F399339C5148D4033D3214D042FFED58271743A640185D67224CEC4C26D732F6C5C2FF2D4A73223B5B2EA3C9FE292FD0049B3B50D99BD417F7F6A6
T=0

[40]
S=$49FFC1F1
W=$4B49E946C8A2FCCE6291588A86D92D74B5C6F4C987860AB788818CA57B3962F5A162F7D7C3BC6D8AEA4E08BBEBB0A03F0C070FB55DE30AF87B0DB66BA78E68404626FBE49A29BE5D55A26BD7F4AF6BE899639079D3979663BD7989D5190CF7E784E3A82ADFE7EE41A3237CFA1767ECC39040E476436DF08065D3C51386B515F79CB51
J=$26C6AA5532A203B83B659F9264C3BFFA926361FB0FBBE645D681E9AE66067B47E7D2EBECEC2E59D003832F915E8A2E0AD69A8DD09031A7745D6B7E054FEC73D80B0CE076C37103517B6C420215F1E5179E089061C0E1CA44EFA3111137E20181DAAD5778D02D1F002F9B0DC652741D56D40263FDE49BA8C550DA4D3C73DDF70F13B0B9DAAAE74FD1D204466151986643275BC41269B3BEDCCFCFF19282024E0C0C1B7988DCEAF9E7E25BD1313897F514927813A68DDE777901BF4405AA87036077B966BCB4A12C29F468997D034138D60A181378C79834D5DF4E929FD9070C94A5D1BA88882624D91686D14D358E930BB0173B471BD9F835F2894998ECC1F7CEE3877241DA
T=0

[41]
S=$10959F86074
W=-$2095F8B781B6395C0DC442BB687C747E2E3288B9E79E41BD5CD5F35FC9337BFAD2774BAF98F9D224991422B69E528371F0130EC552338D1FBF00374FDEEB349E6B0AF2E2AC7DE952493CDAE9FB9F244725D36EA748D04836AEB4F44AF7164344C472F5F70FE12E81BD406B993155F544F38DDC2CEF48CE93E105718BE661EDB8A4
J=-$5A68B7DB39DF2430FF335CEE556B4F5D75995CB6D38F3AA84B876699DA1348C60F01E908905FEE0160AC7ED931FE0093962614EAFB3498FDA14428BA1C0DB1C789CD03C5DA76D49DDEDF6C0905C2C0E4371FDF9F6962DBA3AC367A070CD67383A4737E371DCAF0CC1EAE073E960FC01235F72799BCDB3A9116599063D62A7F9FCA78F5AADC390A0B6CE7485A4544D5ADAB97BB71B8BCD1F380B95D14CF9BFA259E4BA9FE81C2D4AC4E5A07C0FD2D495020ACB1DC3AEF151FE35796F07777F1282E5B2F8D0E75F8B1F955593A19BEA0170F1DA3A79FAFEA99FAF9674F8B6CEAA8865BF316D71F879A2E149FDCABF200B46E75FF429F5E89B1310CC65232358A655F
T=$3

[42]
S=$1F709B
W=-$A5C5CCE95CBA8A03676BDB5985744F205B3950CEE49091ED632B0F44E5F8D679BEE4F43123604FDAEE61FD5C275CFA124362631101CED06FEF71061EBDEF78E245FCDFDD06C6A8A30750FA78D7C3E5D671E95AD084B1B35FB618E6633DA428841795D5CFEFD84C2EA1FDC6440CBFC2F2C28EB6B22AD45BC1C2B9FD0D6B15
J=-$312069EA987725BB009DDF296B6E180C576221A1B7CD7F41B81EFDC2302488363315C69ED4DACEF53C8CFDC4F56F0DB51E7F66EFE9EE3C8A56A69D7C0DD35614257139D97A5068ACF84C7AE063D0E9B20C70A64F1FF5B56537BD45657F4BE5CF229F82F8CE3E9BF2BD27698ADC004349FDC61344E4DF92D23DDB91981D93D48449C0051C6FFAF0BAC3AED83F7E964B2A6000825D9BDD3C0AEBF45D3AC0ECF1CBE15D0666C3DDCF72B1927285C270BD033A89E835898F2DBFAAAB0D36A17C310FA282E0C49E3D23A9F0029566EA8E5AAACB94E2CD347EFA072CC3CF33CFF4F89AF31EA069219627DB0C8950B98B0AFA0397F066B2B045D51618E0F410
T=0

[43]
S=$41D60863
W=-$45FF95C3B399E5FE81811FC7F0D4EF31D16832F2CC95F332BDF336421E61EC808B22AC632E8B4F11D0CD89AF5AA2822C6A941135D3794C671A836C9B67CCC65B12C67D679C0E8C045DE7A8B9E7229FCB5D3E7290CAACD9167D237206BF2A2415DC226061075473E1C2509CAE9FD71967DE6513B0BAC6F9AC65B5FA482F
J=$D6A74CA6D68D1DB6581962B9B545F57B329CC9833A5362B27C5C7884F96B06A5BA16CA372FAC34B401D4620BB017CB0D948F8944F889B7B1B24FB0B3526E21E7F163F307DC9847F236DE05AA27BD8DAB351297997391925C3C541C51DBE11830D7A46787067193F9831F6BEB2CEF8F78C6558CD7C92BCB69393C70EF9EBAE0A28295E9791963017FCA83AA108154EBE66987AB081F56617A20B9F899BA1D4753E33002E9EDE3B37D94A459D6A16CCB26CDE28755ACDE1B13DB8B50E2F3025FFACF3AC57EEE64790043D564F32D70413AD948D5B8C9DF432A13F3FD5310DDD3014FC2DB94CC4326CA4963F87F17434EA11BDC42E7C8E3584AF5
T=$5

[44]
S=$11F210
W=-$CD82925B77AE5EFB05BA973E3FF0F6BD0D2A8550C090584C84D3B121AA364355F1016A5CB3195FCD3259DBE632286609362EF42C7E956B9935057F0A34079D180BD2A07ECB8D2D58DD3D828B10DA2831F6674C3CB30C1C82516E6C43BE4C7D5D7B5C542742431AA5CA9BCB9189C3DFBD9C3864CDFBB906D2C42F8E
J=$FF9F9C341F3ABAA41C51FE4C9747EB173F17DB378EA657CA29D8018D27D4F7D9599ECFE7ED274E5B638C89C2285F5BEE38CE28CA6785AFF346FBE69B8EA924787F3554E99B4896B27C9D177519BF2CBF00A5D04B01FDC0341F7E7A7D94C6AB1D38490BDB0D8B601CAF1D467612D4217B86813E0DB0FE0F9E4D3C200A62FB691E3F27B605CBB62B6767BDF55D4560399B9A8D537CA9610592E23060B12BA8B227CF85FA333DCA72DBF6AC7BDD4B1B157D9E2D0EADE7F54CA51683A624BB83BC635D84EC430BB731974C555EE79898AEE22B8EFD57EFDAFF359DD861819164C5AAD945D845D1AE4E7E5B80669E40B76EE028BC2153067
T=$3

[45]
S=$1094EB0D0B135F
W=$2058EE568D356AFE1D3506D2B4BC0A59DDDCAA011F134D0CBEBC951ACC81C2D2F26A94EB38E002576B40A261893A956D3A929B3411F30A5037CC34DCB18844BE54D76B93798A7434488255C6E7E340F009F4743D23B97D6C5BE7DCF1D3EB60A9A4BDC48020B81977D58221BAAA927FA7BA97E0B366BB8C67D851
J=$F985C9B29921412F0B4CF4265DB0A88E96D1F398FC6818C02A91375636ACAFF08C5216F94B7BD615B511B0BF1F99BC0F5A9CBE17DC6990D26F0E7579BFB38CAD33F28FD6F18C855EE2BC456696DDB772CA2C06131A1B7B0D73CA5F7EFE73176002E12D989BBED9215A2E0700FA96F47A419EC489CBCF2C20C6BD1C4A9C19B10DC59853FC6498007BEA754F499FE15EC82EE2E28FF834210B336988D99EF976D915BDE77E49E13252BC4F3DFDEA9A545EDC6D00D89CC5C3BF36371A1368C0794B578A4C3A17CA6A568EBDC26D012D7B5CC139B2A26A4353803A4B48411DA47F90E91126C5AD8A20DD382C0968D3F9B4B8943630
T=0

[46]
S=$1C1D948
W=$9E8B5BC01A1834CA9357D6D54025D46A1019B7EEE59302C5099BA588DA13E41EBA7D88A1C5E0548CECCAAAF46833C0A79EA031A7D131C3C0421FF3C289F2383E22B3BA27FA2920FFCD8C709985B597661427F56B54D35AF281C63174E329D56810674DE375ACFA31A1D2546A9661B9F5CE6F950315A7A
A=-$1E
B=$38
T=0

[47]
S=$55F7D9D1AB9
W=-$51A08B49531F31E3C028D3389807444513CF4B5206E255F5EDDD47DB5D3968B6555538AAE47E1DDFD54C84A3D15528637CAAADDE23B271F8B4A15A7557B798DBA340C7114C958302A9EAEE1F933FD31BDD7A38ED61489077FAA19965548E0C4379C385332FD41A10DB8F3561CB63C14DCE79000B
J=$5E9021CDD13468C6B6B40B88F930C03EDBB409C9319E35EB417EA0CA29604D1620141196DE22B44BA1B407763A8ADC705DE13A5C958209B4169C31E23E96CFD3A52722B9CA69D3D2AD5D4E531BE537E8488922CC18079F9340476010E31C30BB804B6AF5CBADB85C6F4DB7DDDC49BC0D21DD5A848C5EA6C6CEA0960F025D28D0C74022278753EC2DE1D504AE6056025AB6E8AE3B58E70704D87980DE8C7E9D8D0D60ECAD6C4FD643451F2536B942F353C0B003A6FED11125DFD7DEC3ABD303137DFDF1DBDE2EFA5A9B618E240343978789DF385A55C0DF35DBDE17E583FBF07C994C3E30E3B8E80DB22
T=0

[48]
S=$2C485FA73
W=-$3E3EB544F45AF01AAA5716808289ACDF74E8F31ACC763E1A6F12DD5137F52F989D4B9BB8A75638CE1E14E99075AF11701014DF8E58BFBA8677E06427152F266F925BE3F2BF91C561B70EBCF78A9298EBF868245CBBC9045074CCD7FC7865E4AB7E06617FFF06D2B13694FEE00F9F2B228EF57
J=$DDA8ED779C7761E716A377EF677D74B58FCCA58657CA7FD2DADBD1E1F27F3F33962330337AAD8C23694DA6F3478D834EB48164D42377D6B5CC1AD08788A092586FC5EEA3906198C426793DD9E2C601C44BA8201A65C8D8A04654624A72AE42DEAA6DC3CBA201EF76B7B688DFEB5148C4F9922E610583BEF7B97DC39E26D49DE0CEE68A07A0EA4F9A29D21B837057BC251B0B3C558B345821FEDBD683E095BF5AC943ADA08F809F960739F8823861741A879102C357C7AC71D8EB0EBE31C1821C96F40AD45A33AD041409843A1648065A2F8FC1BAF4DB4B709489A2E13F7304660C994D58
T=0

[49]
S=$6659B4
W=$194D0CD6A998FB8CE829EFD8CA6A0456DF0B65D03D24EA673205D9B3A2C8B7E7FE951C4A764E01F1E0CFCC813428BF2F5E4B258910F0916BCE88E6AE81090186EFD263F5DFC5FDE83607510477B8F2CF44F9B4802BC1CB55B0D247CD52E40E770441756963FD06E987D5937D2F1DFA432
J=$692FE88D235AC4730B00EAED3E618CFDC4BB716ABAEB75CE3E8740395B21881AC96516C14A2CFC0627CA66D3649746A01A15B488AB0537EEE7F11C468732B0AC0D20AD5DD48431D73194732FD8A77538F4747D8CF25E9D8345C7CA9B5941B6ADFED0A53E19080B9557F8CA1A6EBD0EA6471F83B43C0FFF79DA5A300C830A83352AFC0DF1F6A5CDFEB6ADB9E6359261DCCFFF05BF9DDE59F56B7AD23EBD806418D7832CA8819E6D41B8222AC2430B6A754951C5EF6C23592365A96E6464F749CAC781BE04F892A129BAF5D67248B3AA93B41ED4C94B7A3A6E6E58851634E0E0EF
T=$3

[50]
S=$5E759A6568288
W=-$6A5675FA1E828D5ABB3CC3FC97296696AC6C52D4A128C52456FF33730BDE92C11D0E064F81BB86DF389C3903C25ED70A71D1318AB6646F952BFBFEA293930B6C1EE2CA087621E2A92891FE5022FCCE9D4EEB4E1B274767CC4B93AACE20455915B77B7686F3968BE8E1DF6810EEF58
A=-$23
B=$62
T=0

[51]
S=$2C87EE50C
W=$13C1E20965E0DFC7D3208F5BA2D12142CF1558EA23083731F1FF54030FF3EFCF4E1BFC7D52E4167C773071C372088B18C84AF592D7B84DA53568EC6A49EADFA9205BB6CF820D5D30903C086B80ACE498FF3F4F54D9FDBF04759634F2BF0796D4C7CBEFEECECE9128DB2F1E72
J=-$188B1D0838A9AC74E919371D308CDDE26E968945E4CB3FF169E443F291598885517B57FBCD3609635549450AA7D6A2B23381F324852F7CF6066351B763DAF894B1605C612D8391871890DBD4BA5DA5E36C89188EDF8005738729E39FF4D72D892913FB008ECA50D636BEFF75738A1F9516A10AD12862DAF3917244F759BCF42F424CEB5DAEBD21CE863D31E93D86DAAC1D7231F9B63AFE9AB404E7897CB95A477BE960E42139EBB27B1C34C5DE5FA7A622C4E986B2D811FA8C7FEAF5799FFF41261904DECE2DD5EF1361302BA5FDCA68F09F315AEFC5E6
T=$2

[52]
S=$13878BF
W=$E98ADCE01C4A53A6F02A8A7CD37CD6A1EAE3ED14804FBEAABFB70B5FC0556308575A6C08A370E039231F53181C7578C37F0834694502967D0CEA3E5857A6DB3BC90FC65B16F209921450270B5EED6286B70AAA2B89DE5C82AC6F4DC1DE9670421DB3FAFED64290E5AFB
J=-$632BA94D2E4C49E3B405FAD07CD017FADA94C3B3C9982C78129CB5F3986313475B70D21D1E1612364616A5E0C53D4E3BBF7CCC7E698FC204F54A4545D4DF5E654B87EC878833444ACB50FE4A1D0E58BEFA2EA5C7C66574F4B8218E821981963BEA58467EEE68D38CEA0A73E3C0E0E332DE67437896892B43E68C5A41D22F6E67542526A016AED52BB7B06D336F6FF61628D5D4ADE0C5903BBBF84F4C8E4BA6217E3722E0A06F7EE2E023CFA586C5D7E41F5BD59FF13A2C99B5BC402681A95465F9245300F4B1453945C83A478550DEB9C4740
T=$2

[53]
S=$303B9EE7E
W=-$B22481336917A99141306F3294480D06FED667E144299E1EC42F1457FC5A73ECFFEDFFC10AFF9BE4C8DB8DA6E77AE1B0A8440113C64A69F86B31E37A09CB3D061EB202FF7B647595BE1E4B11C2856C29C92D2A6C44AC37476795854B63AD98504246D1B1B0338302
J=-$1156BA4FBB8F666139506E465F878014843B5AEBC2EBEA6271DD69F1E0A359FFDBCF4082E7C086D8487EBFF86166692AACBD066FCA48C19BBA9EF07BAFACE130F8A4B6CA2860816B84A992108169463DE69D602F72797657F036E6C38CC9A4F94987E0C352D09BF6F2F9B9095F6B7FF55052B3C4B2C0AB16E0C4E087651A2FB164D4011677324D3E40CA46D400D497E83A1008FC51B9B030B31BE3B24DB19C9279F5BAEF47E55058C6190D208C25FE49BB14EAD15D17254E754016487F0A04AF16B3C1F1D0958A5B22D223E5F031A906
T=$3

[54]
S=$2D61113F8
W=-$39A79D62017EF90F4227C775F4C08E87EE2DE0967E063122EC019CAB83A40C3C658C055A479026D1B03A0B86B6064365A849BA33DEF99857252008C71334D24A0C763D3BCEF29B98CE9B0C60124134C87E468F7B894C118984308F9B8B5B33B952AABD01B176
J=$1F4502244E87C026FBC220AECF37676656CC46E2EEF230F862BECCE60004D283BC9E7BE7E40E629F6ED9F7AC56C780AC577BDC3D6B19F2716B2CAFF139BDF9E3C72CC68ADBE66A5044D1CBE252BC0EEED23A491D3FE11E2EB33E7E28FE391B22AEAC9B3DEB764162EBB7D215BAC9AD0C376A01EE527386A299767B0C0C75A9ABD855B7D504CA705938D5676FC5579C27B9C2EBBD09040420E8066E14C8798037CDFF3B48283178F15CC1E6B0ADB91E73AE1968981093268504EEC993D870B89E61D4D9D53EF5C725C3CFB56
T=$2

[55]
S=$3A
Q=$17

[56]
S=$BE7910
W=$3B0B0047F33A2BA34D4F4E5870A94130EBBA63B75D8F07074FB9E7DE26721FD2C86AB6D8FF0DD2014C5EE390A37D817766ECDFF849F5D193A8B25F1D91F97831A5DCAF43C794A42A8A65275E52CB44FC7AB9C2ADFDC6BFBE685A8CFDA9B658B58BB1D7A
J=$5BF006BA45ACD6BD9B5776826636289E500F786A36B870A5C79C7EB66A946E99654CF8F1CCB939CC236DB5415D960CDB19EFC9EC1B1F43193CBBB305D3DD04A149FF86A1D9A60C6D0B3D91417FB8AA1FEEB5A9C92908431C1A8D9BE00E49EEB90585A1F96E98D22907EA78A17B55BFD7DAAA56C4970C6A7C8A664DECD29607FF5A2B032AB26EF6FB628B7B2601C78267E8FC707195CBCE8D04EFAF8AEDF5EAE86DCC5EDDFA7E5630479FDBCF739D37C5977358B0AA77F2AD970243FD301B2FD6C30F1414E8C59
T=0

[57]
S=$19560B57C5
W=$2A3A419BA7F9808B30387B3DCBCEAE70CECDD873EAAD116407291ADEBBB3B28170F256DFEABB20B5A12673F39350F6956C9A97981C343F0AEDFEB723F55D5E53CE2217EE592A884F1CF96E0102C52D3CE435C61D254E7CF33147AE048B4A6E3A3791
J=-$B2103447D239AAAFC616ABB708D0035936F8308C4828D62DFAB4A5C9C5D18BC6713047D43332B2002F1F159A46FAD0C2EF364B4815E483852DFBBD85B977501E8C53D8829F605EC1FA4A94D87F15BFC3993E666AFD8274249BF7FA5D16E1BA3F20F8A7C8F13AB669BB8C3A87AB805E2D11C7CAB0CBF454654705813F2C4C737E9CDF3994BC8AFDE634A80D902BC1DF93E5FD53BF7A865FBE72E4D85F01B6DC06E0DDA91E06FAA657D64A332FA16D86DB3CA8C0C0186E68B98AB343FF05AC20FA11BD1F0
T=0

[58]
S=$25EB06A09A60
W=$7BB2232D8A1FF6A84C5417CFA2EF06F89B9F4F27DE6931CCB9CB9491FB24C7D65B1CAD8E1D29AC5666F25785ADB38C838AB26DF0A35F856347F573DF309BEFE918F769F85172D32BC71F4C3C81C5EF90EEF605F361B15AD0E4E7D570612F82E
A=-$23
B=$62
T=0

[59]
S=$123175B0E3C
W=$545D5D07B9634DB1FBFE5ACF2BDF58632115F458FFFD592267E7F60196C52F653A2966F9880E4599FFC4580FC7617B748C2868E4147B5ED6CA805F37F622EAD49951E20CB5C77D5F750D8D63954ECA398FCDFA806A2259F870F31CE4A
J=$186EC893EDD6C20CC4BDD92C234040754FAD36D89FCC98029F353D616A1C31CF3F182077ECD2AB88A862ED7025D755DB808E089AAA703AA3CFD243299AAC0C09D8625B343E7715B8C5E008B7BCB4B4254E918F20D5D49FEA47DEBC89F373038F2DAE85845014639BEC584A045167F28F6778C10606B4D4FCC78C1B4A1E8C4E14EF48F39C191A33B0DF7A06AA7966F4F000E6ED493A90341A2475A4DB4B0AFDB9423C9573D020841999ABD2156A306E448C1A223A03F1CBA5D76
T=0

[60]
S=$39D2EA86A
W=$526FA9B275940AE498016BB293B8C7375D95EB075E480EE953375E8B42C8030828B661D3129736C402889C3C7FECCEE3F3C73AE77BB198A52B80B5FE54107675D519F60C709A95F6D6C31EC77E5D9996CAF9E2808C3594C20C90A
J=$8CD9BF59CED4AA815D175BBDD72DAA4A0F66B2B36DA053E6F49171D3BED79789DE6A63631F565517CB07ECCC52227B41F724465290C8EA8B70A553C0E51ABD2650B16A42D14906C521C36BA8175C56A5902156956B95F144EC2D77924673B5AEA7D437CFEAA3DF1BEED7E40B1780B334A913D5F6DD60F09E2D82D6C2AF6B1E1808B59A90D62665BAB1F24FBD85F370D6EABC2C78F9D85291347A6562E9C34208BFCB946C1B900E6F19C2E73313FCC9FF6EF5F3A1
T=0

[61]
S=$23F36486645
W=-$1F824A19F0AE34328C58FBE7D1B58644AF9715BC30F8ACA9CECC23C5D297BEAD17180E29515650AD1B388A0374332FA84385EC21CBAFC39BE6079AC9EEB7817FAB3C6510BE8A879BA2115BDDE180B4CB3F8AF2671D54DB907
J=-$356547E635D6F4670F580E5C219C14B2108039163878CD0EFE2A7DE7C34D020FD93805DE08CD7BDA95FEB4E0AD135B858BD20DFD52602FDE8F8B31B91DA8093AEACD27F6419EA95873B87B714B0D50EBEA9180F7070702628D0617D91DEF614F929A7C219A81B69037C118F816FC363E226B7164C56A8DC46EC707CF4CBED67766D1A27090154245B3DC93F4247CE83AC129DE13022CE3E5AFF3D922007E4931845535CD5AC8FCF976734EE0137533E1
T=0

[62]
S=$348C2460F
W=-$1802B413287D01E101D2D3C77803F9AC93ABD3D725A6BF8EEF95AA3FA67659CB31C22118C5EAF108D81BD6B352675CE8E3C87924E4F59C7775E0BF195D3C11B3B6D15ADF9EC56C8ADBCE5621BBDC78E0D3F686371F73
J=$15ACC4580B2260E6E8FFF13169AEAD22C9AA654FD9DF419F345481AE41CC932DC71F0486262D3E2A6D063074B2AC8B5327F79B4957684DFE270255B261045C125A887F4880FC3FBF3B1901D1399672F9415F03D37089FCEDA4EF38EED1DBF14E6F26491D1D0E946432BAB26A53CE0E7A76A0E31FC587FA115BF871F35AE53F6C5338CE67F6DD5C1C5153341A938C563A157213C3D307B47E4D7D071F74FEEA9D151FCB723DF7DC3F0324BA
T=0

[63]
S=$1201CB4F2
W=$D7746F5C2EDFBC2E9ABDF230F712D18F7080FF2D3B6AB2F69A196E158CCD16FC95B83F37EB4A9CC8ECA89FE67720E5C3C91A9AE39DB8BBBE9258DC7566DB220201547282CD6D976BCB559D0EF7D26CCA7056E92
A=-$1E
B=$38
T=$7

[64]
S=$A8A734FEF
W=$1F16A691999D0B45CC4FC8347E8155D4344CAA0C779FE682C11D953E6CFBB4DB9C41819AFBB6831A6409B87DEE7D753FAD217977EDCE57E8B0F95E5AE9D9D42BC9E9326539FA9E4BAB7BA3A7A163A5FA8CD
J=-$C7D22BA4A144A0A1A13B130F1842E9888096B807DCAC5D0B7AE5B1FCF849FD14AD6985034DA78369B891E3F5D10AAB7DDD40F230F747AE024324ECDA347F294DCA8EADC99AAC3716432C4894D734AC16BDE5BBA29E5DD4F0C6CD8BD411C179771E189595D6A464B0936A07B93EA6ACA8D51D57E0F21DFD67C07F131E4EFD7CE95EA046E50FB56167CC9C74B314BF438B7AEB9729B574A12041E6AB11AA325FBD0E05B
T=$3

[65]
S=$81704
W=-$4904ADF748C82535B1880E2E919C0A15814CE56FAD41A7F3A2DBECE932124A1E2E2BC343EFC53EAB1718FE0BEF2F1944166C3EE5F21F193AA560A1DEA3D62019A515858F88189CD21BCE7999B328F90
J=-$3C571D7ADB6067A1E12BE700F500E29FFB2A994AD4C89A21DB4D7BD8C7C8C9AF236CDE5309ED13D06CC4A9A5CDC4EB22B3E73C321A680071F4CC6382B8D14815F0823F07DBE9A48C57BFBC38F0F4D88238FAB8A6F6E1BF623057076A9AA49066A4C3CCF5B61A74058AC09D6A1CC2B548929DB6884E587EE93964F9FD88DB87E96E46755807FA74E1A784D8FE0109EB35275D8E7F171833E1BC613E2A24EC
T=0

[66]
S=$7CD77E
W=-$D9F2835747F59F13F53110E4EE009D9FCCCCA0A1BDECCDD8C7857226D26C2F9416B5031FAFCC3C12C8E13AE298463622D7DA9AACE627E15013A5A6D62EF70A7FA622F2F04CD834698CDEA701D738
J=$30C2059242D5F4EF61F9581E33FAE1F9BA77D2E7F7E34FE4A19021DBA5382033FF352EA8943018DC9D36C1EA9838569368F7DD9F26CB0ABF4AD2E755A109C6E6D135F80D57E13B661FD003AEFA6886A0361684E1F7D576D8D26E2136591052C7427A13F332F2A771477EFB6F373B5935D3498153995461199594B4686973EC6596A9C1619687882F34B35CFBD2BDC3B1E0A8235E083D3D49C26F53C1
T=$3

[67]
S=$3C3B5B
W=$261250B4986FB1EBB1955DDA2ECDF9DCA05239E4395F09356981B5E4B901DB5FD55D3C5F143FF25C264CCD406D4960A88D6F8B58209C3BB70A067CE20F7B88508076AC8FA88B74B2DEF502238F
J=$9B5302C6DDE80F693E8E1BED11555FF9608F16C44C21533ABABCE56C840A8D1721132FDFBCB218C447F93DF6619E9901C68F9BF9DA63D0E96109E87E31F9AE2199095F0EA5212AE3E6181107AF7C547822BC9E5AC1BC30F4E39FA079034B71D04DF1A4DEC98FAACAA6C9EB25F2E8FA2DBFE69CBD0371DCDBF42C3E08D85042AF876827976FE87F712FE54637364E41FD0639FCC73BC06CAA27
T=0

[68]
S=$24C61FDE
W=$16F4EAB88BCEC11EACA5CC63B18EB38AEC907592B046226C61962384391A8BD1AD958F54EBFBC4750CB7985292C835BEAAA8BC90841FF514DB90D952DE79ED4C3C77DE37AC850348E46EDD4
J=-$2A5AFCAAB01D9787005FD1954F963A6FE1F88A11AF1277754E1A27412E3E610DDED134215512EF6168A05BA4D7C8E577E9B4A7A38609CE87D2DEC653ED68759CB9C1AD95049DFD7D8DA8D998ED04661991FD88B57BF47FEE91B486BE537E56CF9DA74A008092FEC7DDA96DA32E95C7413CB70AEE8BBEB60662FBC81EF7F0CC89EBAC2EBE7CBFFB0BA1158297604A5D69ED505DA93898B
T=0

[69]
S=$B8F0C8
W=-$16BA827DE63C6A55CF3A6DDF86A293AA0B9D37ABF6436447083FA4AEAAD38B1E4FCF9AAFAFA3756AE40B435CC0EC83621B85C0E07BBBA7B3318B109DA983DC8040852F2C760CC7E1B42
J=-$6028EA2679F88626F84A7750E213A7551547DFA0CC9C1F11D795360723E98F2755993D67B840E7C2B333C1CC754E7350CAFF730020B56938B3D33E4CC6D34AFA716E1A71DCBB88716E4DEFA37246C6D2EA2A0B3C0DC2E59C03431DF50885ECB2F8F036181EF6CA7369F2E116FDA8B1BB08419A6C027BF861E343F89DA64CEA7731CF9B60512C6AED21544AA2B3B952B632029
T=$1

[70]
S=$CAF90D0FF
W=-$EEA0B62CF2D5374E3D400FCEF4C97E67FE51A57243A5EC5C6595B3488287D47E45248AD4E09BF8780E5241B816EA372FFA4B26D0B784A5E96AF48D20DDBC02F4BD55642ADE473B9B
J=-$6FE1417054F5FCF4E1555C964CC3706A535CE2027CE27B2A8A4D9D861882B3E49E01061884B11B5AF1C525E74B4CFA92147E31B6B014D8584AF38D05F487E5D92EB09279420C57FED60EC3E1419BC2B7A377B80D416FE0D0FFBEEE737639D90B3172D0DFF3FB56AE619897440BF5F0BE4442BE3AAE6EF7405184C3F1ABC9C7938E36705514C8313ED44C7E2332042B8
T=0

[71]
S=$3242FA7AD4
W=$3E93DC20733FE52A299CF2F4F7DC329BC5DCA6C8AEB11B29FAFA2EEF7FCCC6ACE4EDAC2C27B92F4640D5F73642F5F5DEFA1595C8BF94FC7EC0AC6C430B65C840EABA3051E880
J=-$CCB1B01C2E3BA0726E79133135C989FCF203EC32501B4DA401120D47E72D7723EE81973F9B256E3D4DB9967303EBB6ABF58301B2EC3E47191A330A68D7ED8ED6EBADB89D4924CF1172D4CB63BB21438AA80A231D2CEC13D87BA7D5E26E78ED4CBC81B9F4A49D11FF8F922B1B4A8E5DA6C22826D73FA268B86D380AFE8ECF74675D8BE6AF6069CF7B7C603C
T=$4

[72]
S=$6C2970
W=$6D5D83ED5F2BD3414117C1798507954AEDF0D221DA22DD8018F42E47F1E3C11CA6D9CD5A749723D1EEF713F4DFA45477EEE577DE99C36D78C46A7A337CDD384F420D49A
J=-$B8371F6F47DB108E8197C0D41B500F842077C18A19F5040ED762F5A1F27B46122D6CE6DC7E3562A16AF549A3A1A2BD00F2F1A0B148FB5903CB93B4FDF1571E42F750BE2BBF6A8B69AC686FC658B2CCA4EE30BD73BC18B8586D5B46AC4DDFF6A220B9DFB53828B7FFB98E31614DFD26E0B5595F6560E280041B6DC2F32457C2AD260FC87D805C1
T=$1

[73]
S=$111385930CD4
W=-$4E1C30294DC947CB4F509A135027FE7DE45E90EF35364A70C59D861E8A9B8BE7CD5B4EBFD0BD51814B1D95F6ABE84F753E360F9ADE3B9062DC5F7562C066153AE93A
J=$1175C1491F99911DD2D4C23C224020B54A58B8D6BF193BCE7598BCBDA8DABE0D1B60D448CA5D237D267DD4F249BC1790FFA5D24D3219C356F9AD34043FFB2DADA65A84EF1E60BF454A6CA26B84120AFDCB056913776DF1C628295E05BEE4CA2E5B09C3D7516E504E833849A5491F19669F7A75936C7AC0B8D36BE3C1A4F5D8A102E0F84B
T=$1

[74]
S=$169430C
W=-$278AD8AC318EF64B4811511AF4859E7D90723D2BFA31E4E564AE972EBD3276C07E143267A1F132FBE58EB8650D086CB274C0F39A5ACEEC597F1589D9143D3BE
J=$139A6FC535A33139CCDB487EF1908FA8D9D500611A90C0062B7C93F7470CAC55B7EFD61BFFE406E430122D8EDE6259B4DBAB85BA09172F5AE59D04434AF579EA51EBA5F8D09D928332AFAFDD6E0F6E3F36B17FB449C46ADADFBE2AE16BC7B673F0EDA25D6270E5FAAE24FA8D6176CB4ADD5949A40BD60FF7B5773E6D41341
T=0

[75]
S=$3EF951
W=-$6DBBF6C2A3EF91B26A79022569CCC36247EEFC82B9F234AC75588D13EC193AB5EED138B46B4E2452F54CAEB4CC8FFA136AFCF3EC2C6C074C5E6F1A90CB1
J=$B2E347DDACF6238A64855B91CF2509C4D6022DB9B2F8C52E848694854C7CE83F287380EADE66495C3053CFF12AF1B2C6F478F4E6AF58852220CECD4B9235E0F722E7C0F831FA96152192B9F5A40483FA88C3458F5959DDE091CF6308E55C3D8DFF6DDECA83A3EA1F4A7E6A8AAF47072C5A27E581475CB8E3176460
T=0

[76]
S=$3D52
B=$2

[77]
S=$1C0
B=$2

[78]
S=$AC3BED
W=$365A155802E5D771B4CC7E194582E3425BB5C62122A6850164D02CEE60B1085C60E9F5844F6A8D6D8CDA59FB7BDA1A57D465D47132A3B6CEA52935
J=-$A19B1C70C713B5F626E7CC18345F4770E341256069B8B52AB3A56BE402E11E0262DF8BC6B67D2F751393C3F24F8AA01433AB20DEB607200DB0E2D9C800FA66EE61621E41AD86947E7310D0DF1E067B5B426AEC8DF724F76D740B2080C957C0A543C0ED09DFDCD93A45020784C5359F250EA8746EBEE
T=0

[79]
S=$1BD0FAA
B=$2

[80]
S=$F447F
W=$1A58A5DA3BC1EFC0C65726D5CC5D380B82B7CA3ADB95AF1491D4D2134E09D0513F54398023CAF16870092E6D7A4FDBEF1C7F34B21CEC6EDD
J=$D6813C554853C411BF6B6E19B54D63BC878B941E22A3A691E122AA88C03B9139251C986C83AA9C2B89A15B402EDACF376B5600F5A7B2DEAB8FE40A47D448E8376AE30DD7B548C1275430AFE988860B5627F1E7E520B7742A68CF7E65A77441BFA606CB0A48407E98231B0F1B181BA7
T=$1

[81]
S=$37967
W=$12C8C5B28E50D53415E563FFFF1D37F3ED18123CEA4138D700E69B5A25B2EBA27C8FD88DB9A2D9A824D19D998C428231C44831C76425B9
J=$51E6D3EDEF3C82A83CAF0AD6083508186EB94716717A6A5D7823C90639B1946CFC2B0152F544D13AF235BA014B9F44343C67C0B48A4A3F407E4BDD01B53423C0342E7AE82F868EACF7529E4685394CDFE136EB64F6C9A715662338A841C61FC3830D7564394BEB2948E254A5FD
T=0

[82]
S=$1CF83094
W=$13168FD4D5498889F315A84AA3B2E4A57AA418ADA8C20803E6FAC15DB360B4D73FFA08EB6B34EC448356D2616F4236A94284C65A9300
A=0
B=$8
T=$1

[83]
S=$2947C
W=$104C3C815627E8C2DE8F01816443E42ABE931AA34985C74E180799BE6F471B72FFE9C84ABDFBC52AE8E02B200DD7E02BBF609488
J=-$DBD87531E6A789C47978BC1849E0B625FB2BE08EA974D4CADEE12E72A5D580C02E8374185736D9255DFD3B24B2886C16B9E672F0B75EE366B1831730B3EBEB13B73A1AEAA9F0133763587263E4DC5F602462827F3321056884C4F314FF3F4776BCE7B898BE1FF2
T=$2

[84]
S=$9E
Q=$2

[85]
S=$123AD
W=$22AF127D57A3123CC121ED886D326D1FB4B812CDACF60446753529E5C3902D11EEBD83255D485F2F501CD5743A591271F938B
J=-$2183BCB16E8CE1405D86A1C4A5CD2A6D759EB3CEEEB901A9E60B26F0470FCFFF9A69B8567411F9050E468717E7DA0757BE8DCF42C47965BE81CAD4F2F9455C3CB0CCF9EC62221A267BF5FFE1F86F8ECCD0A176E05F6638A47AC4985CC62DA82079610B5C
T=0

[86]
S=$32D93
W=$C46625CC5352685C5C744A1C917DC378110E9BE3508D0AFF35ABCB5DF889B191535C9CE42B6F8BB5888E434A31A1C81873
J=-$C481384C50296B294A2E3496CB919B3AB00B3CB33BA3F11FBBF91F0E83CC9813E32BDE200C56754B3CB8DBE72DE3BEC0EA2837D7360FAC22A5CDE0BD3BCD5DAF727F05507455B4948B86EA3AE9B500BDEF1D540058DCE8A11E62BA6ACA881B426FD2
T=0

[87]
S=$1176E82C
Q=$2

[88]
S=$17AC69
W=-$17A3F4ACC8BC64BACD409C151E7BBB568221E0A6D5650B3E525F60C218176F38893FB5B0B35898F16F80077416925
A=-$108
B=$69E
T=$2

[89]
S=$15F258
W=-$1006DEEF2F29BA1598BA483834F0A7B3D667680C73868AFED698BF60DE90DFC20776E514F14F9EB54AFE56DCBCC
J=-$149AFBB230E237308162075BDF73A5392F1E82FF4B030ADBD47B55158D2EB49CF1E8124E76DC125B43B5BA278E7245952DB9EA33B04FA3243DB773A333FFA569D5D1EA3ACDC4B9B6575801AF7C9F8FD39C13075E133849830FE
T=0

[90]
S=$788ECF8
W=$1FC42D84840CC7E56D455DB738E2ABB30F2D866B53B465DC12F264BE10554AC0C69A060F045A0206F55738C
J=-$FDA29271AEC24F053BAAC8B0A576934DCF8D46C0FAFA972FAB85C099E51D0650BC2AE82ED06376AE0FC4B49D0FE7711D4362281FD8CA1AA71937F44E0DF1877CDABF52F9F42515F7219F932C75766B0209567A27B56206
T=$1

[91]
S=$3D61C2F0
W=$940A5CB97E62ED14F883001C0B09BCADFE2947FFE34BA9EEA1D0317A7782E78F8A71B249C23B23119086
J=-$54AA0651ECD0D12AD1005850C6FBCEF6BD662754CA3E127BC3A6D9E6FF691FFF465129BAA326E7EAF8E249E009EA9CB1D1C3F1CC237997DD99F2C9912DDC7F8D925BD1566FE6536271CE2F1E43D42099628B85B
T=$1

[92]
S=$1B078DFC
W=-$22FBDC8A6C51ADE6C26D8FE1ECE4F8FC2CC5532EA461F4077D8A8164DF99A751106E0C6CF95B3CDDC
J=$C7E6FE9969DC98BC2FE79EC5C2C80752545C56CFB89FBB7AC56C8FD9E1B13D1F0D89D0850D6C612922912DFAD9C8163C5150C6842B0122575620EC4E04C693BCB421613726D8E514DD3283850630AC1D
T=$4

[93]
S=$5AE9F9552A
B=$2

[94]
S=$474040
W=$9077820C8B72EAE1583C781606DEE825D1D6BC499B04020815AD2CD211CDBB5E843F56D2
J=-$14781458B2E2F1CFAF0BAE0228FDFD677D42F405EB9671FCB45D166E385EE2B8FDAB1DCC7E756F3C8501FBD346C07E0D202211CA97E2B2852916DDD96CE99940928178210843DFEC
T=$2

[95]
S=$1B8D8C
W=-$1B562BFAB219AC5A60A6685745781FB79693BCFB0384A4A5B824BDCD3E9C685BDA57B4
J=$2D5F9F379795FAFBB22B2D43B8200764C671567959C152A6FC61856CB17C7CEB6D048AD554EE8E0BEA8706A0D5FC8B0019FE4FE99779CFA2B91F42B189B9D9C628431CDDB
T=$1

[96]
S=$671CDB30
W=$1833D34B49E293C2D86E87C7F6FAB20CA75087F3B9AC28D8659FAE04EE61410E15E
J=-$5A367B35901E4415A82EF63FA0EEB32F802AACDAF49B9DD411429611715A6D6EE4DF4FA1BEED04E0AB319D8D8066B4C06E1113432E6D6D843C235370AD911FA6F107
T=0

[97]
S=$77BD372
W=$8C9482F7A1831F196439E9D8E955016B5285BC46A20AC599DB6A5917B7F1B62
J=-$4DEF447C416396C801EA094C7571943305C67BADCBDF358068B48B0BF1AB13B4FE43D179D2F6FC6C60E2DACF9CDF26F1462B66BDE4BACB86064BA9016FC46
T=0

[98]
S=$341F91
W=$B9DE1E8B6D6A5B4B17625A29820FE5248E21914729B57DA50A967592EE9
J=$128491B6D972D943515819DA4DD03E3C14A06776B5EC05B13CB91CDBB0659C129A79743A248F03374031C2A4C733411FBF6265ADF5E7F2314B6ECA9
T=0

[99]
S=$A6A68
W=$6B599B2E34D25D405B5E6F5CDB58B591AC351C0C1FFED46FABE8BE94E
A=-$1
B=0
T=$4

[100]
S=$5DB6A53C2
W=$20FC78697C71BD2F61BC8E81B481943E04D3A7DC8308E1D82245244
A=$2
B=0
T=$3

[101]
S=$4E8A40
W=$DFAE0BC44DBF2E70A323113EF7FC23D5DE8E65FC158410AA72
J=-$238B3E4511B432C30BAA310D2AAF0D0FF78E8CE5D5D385CB2CD5AE74C9B85E8D1DC3E1488AFC969FF9B1EDFC1AA48290B17
T=$1

[102]
S=$3DCCC
W=-$9A41CC5C7723F70CC807961FA5E7455DE72686AAEB5DDE2
A=-$1E
B=$38
T=0

[103]
S=$97B3BAC0
W=-$CCFEF62A61451201122D18A19ABD7484F31A7F216350E
J=-$4D17FD9027B97589CD576FAFEE1BB8A549EB6C5BA50E91FA76326A97B02A952225D5C21CAB169658A2771DBC6
T=$1

[104]
S=$2D5CFEA8
W=$F1F593781AC9F5E5158B05597120F278A158C883C
J=-$184CF398734DB6ADF33C9D5FE9F3C377FA12385C9E262B01F4B80FE8544E783432D58FE29C428E7E47
T=0

[105]
S=$31F914
W=$23CF18B0636C8BBA2710FD8DE85F74A3DE3C2E
J=-$36AA1EC3437365416120CD53EDD9420414E15C789AC158B6829D2C7D4CE088B52EFE5C67A2
T=$1

[106]
S=$BBA0
W=$3FBC51525046AC15097D2109AAA484DAD06
J=-$180FF1DBDD63C36E7E5CC21DF0A49BE5827437CF799ECCABA18D691C1C659B9A7A730
T=0

[107]
S=$10D8DD4
W=-$46881A47D81BB0B4A44FFC9FB4C960F50
J=-$5C0892BC3D67F696B6E9676F86AC4E9CBBCBC1B0FB8DC08E0F24A69C430EC0FDB
T=$1

[108]
S=$532F842
W=$1F50A460CDB9E4360AD75354DED852
J=-$462751007757A2D27F4AEDA68EF7BF8A48C937E87C0482D2E2AF52EA492
T=$2

[109]
S=$174C697B2
W=-$2A743778923C706F4F950218F74
A=-$1139957B303E6A328EC37E833F7E7DFED27354BA4F63E5C2949B2
B=0
T=$1

[110]
S=$6CCEC
W=-$25005A212C029F609B55326
J=-$98210FB74C1A281B8E172CEE50EA489110D4E43956C9
T=0

[111]
S=$261D7B6E
Q=$3

[112]
S=$25C
B=$2

[113]
S=$48
B=$2

[114]
S=$16834A
W=-$2DAA37AFEA7E20C
A=$2
B=0
T=$1

[115]
S=$FB0CC48F70
B=$2

[Signature]
1=$7F793C5152B30FBFB41459EB0DD2796F9E81A740C4945AB2
2=$F8B13D39CBDA3DD34DC1D82D4B0B844FCD6F0DF27D987D6E

