[PRIMO - Primality Certificate]
Version=4.3.3 - LX64
WebSite=https://www.ellipsa.eu/
Format=4
ID=B497703821324
Created=Mar-28-2026 04:30:27 PM
TestCount=119
Status=Candidate certified prime

[Comments]
Put here any comment...

[Running Times (Wall-Clock)]
1stPhase=33.19s
2ndPhase=6.73s
Total=39.92s

[Running Times (Processes)]
1stPhase=184s
2ndPhase=40.24s
Total=224s

[Candidate]
File=/home/lappie/Primo_Batch_Farm/Titan_Group4_Prime3.in
Expression=(4797791281527982559538)^47-(4797791281527982559538-1)^47
N=$616BE0CA8C88109D95D894C97FBA107595523EE1C68E03071E8C101E529845A0A7B4C6C2928383B9FD570A53C6C5CE0AFE5C1EB25BB22C96AC88C68EB19EE74390E1AF9226B820B5A3B0EF789095759A51D4EE77F9320F24E96D05842DE896D713676CC53E86A9D145A1EEA497DF455F45FFDAEC18F3FA5403D8DC69B3620C08602CBE9CC22CA35D9DA57D1FD817ED62A44A77B31FB2FE4BA6537A6356770841755F263F169FD8B2463536DDCBAF780DF02A503983A4B870E9166F26919EA0AA13AF45B5C8AD718E927A1AFD3F80469B3B067457EC906F80F0BFFB63CD9BB3C31AEFEE22A44882DF0917890EC8A64F8F1675D089C94B3450C0915645D7A45E6D69FC006DFBFF9B740B34CA87A4C38A88EF869BD304FC8774D21F6C43479BE645E1101AB8DB06AD0FB036D42B2682A3C0D9DF0A1F3F4AD6D55927DA1C60C27E5297508D6F8532F9EB7C1F315B8566290308930D9E6BA99911C1DFD8E94D9A4F308CD9294F5EAA1EFB51810B1C1355D2449DA79FE1B6457D60FD193EA3255DCF4125242510076513531333E2372AB31ABF2EA7C7ABE55D33032DDEE7620C272F
HexadecimalSize=830
DecimalSize=1000
BinarySize=3319

[1]
S=$12
W=-$A2D37D3C57B44F53983FB3EAA37FC843CA98EDE7A05C617150797ED766D579690C98C8BD1799AE77D907D39436581CEEAC1300692DE8AE4E46C8D50C332E3630FD1C7CBE38D3340FE53F1186BA97BB08302A05535448F7625B0609A7CFB87E27D9085DF706DA8530A669E6973C8D87B733866C4692E3152E4696E9CF18B3A941232441D3131F0088C9BF565BEDBCE3BD666311A5B7D7C6748F0B7C3E299DA71294764AE25A7549FAB0F9EDF785E350ABF9A9D5A613D89EEBD6429CF9BBE260A6166B68B4C3BCA226F1746AF59FCDA1E
J=$1FD789768E2DB9EE1BCDC400C4E825CAF6DB04D7AE37CED742BD4CC035676A727917DCE598771595E68B540677A458F117BCC04C06B2D13D91B4306260526B74E6DB3C2674B4E0ECE4B493548D407653206D44EFAB3F775E0B1756FD7517021528B68ADE0D4FC5622B47E4FCA277A91C4F3E6378E9BD064722595BA72A4F6A5456CEA66F0336E6C3B93B9AABC94FC39EF93E9376E7C5F04B40CFA538853995ECF4C03AC0A6A34F7435E6D25BBF8E2D4F2ED89C3D301A97688BAFCF127270CBECB48752F5440575180F89D03A7D1E3A70FCD978FCC0BFA5C89C56AC98A42346B5ECF970EB91441C9384A075A07DBD4CC3C49EA5EB846A6FBD81C0EEA913E690F3C853B1A7C81364B4A6B56481DC60695E53282E4A3AF14DBB19C92856DFB0DBC03C30E66976CD9D6A1B406CBA0C8D37E908C19EC9F4E3DA8427D10CB43629100B16206D25C371F40D26FDD9E1306CE708EC58A22FF414FD770E640182963D80D630CAEEDBF61E6CEA3BD8A17478959CF8F466BF6DD1BBFB4122F3D7722750628077C68EB647818D2F4141C1ED42F4DF5A394BB449AEF10E744B041EEAEE09C1
T=$2

[2]
S=$21AE
W=$20DB1C61DD614EF8A446B8466FAF8FF242CF2724B1DE3D1CF16B977B32BB17142716BCE60B994B45D70A358D569955A64BA243100A132F53AEFFB0154766130897F5F18290DCCA8ECE53E768A456FDC2EFA2D5507FF27E8481E4B086E372B0A86A5BCD78F4B63ACDCC4BA4B0086B922813304434DF518B95F02C107C9BE339A6E758E3CEAB0367B15CD196E3B28D0C03653855CD4BF5CA65E3C32FECF12CE797EB35960E7B658A588D725CEA087F20AEE87CE40BB3A3A088BF83EE7844AC4304ADC5036C5A4F0C9609B39685A81186A
J=-$15914A9215E3D65A08A76314A9AD4F0AEF582B90C5492554DDC5C86D16569F86C56C19E3A8645CE6B3A511B3FA04B0D59FC8FC08476AF482FAFF4D6838E442E92B5FF13DA34F12FEEDDEB41CD32323D5833B251D9BF9537D6AFD4EA2418A1C70A741E152C74D46FFCD43AC907CD05D3E90DDD4A7376DBDD3775FBDC3DB2E5F3E227E4EFB3F4273CD2934BE043DF4F63A5CE497E8FF1EC4946CA99796A2A8976DC2416B1A7BC56D1D29427FF4336A7A29C5B07575E471FB41813BA938D57C90DBC199A4313C0F2D5EC87352FFAE92170F2BEE8E09FCC172ECDDF92458DFBAC4D781593FEC564B10E7884E2F9EC32B7BA8CCBB225D07D40F02E71EEEE6B6902D60BED3EF1B9F1B55F70D635375BDD982CCC36C91CEDF1690E2A62F7924241E9124F808B26FFD8FFBC91DAB4A16BCC6E1D452C7DD77FCED4E1BBD5023A048CCCB700F3328F3BA0CF703103ED3BC887E426D19141E514223D8AE5972104A8A921231B8F5713FD357C55AB39F8833C9C51745AA51F071552E423164F1D4CFA9EB1C4718E4EEE2C13C94E752D265792962F6F242E1A953039FE970C438FCFB3BBDD
T=0

[3]
S=$E3E406
W=$8D1A4B91207C265E599580C31C67AFDA86E5DB306A57E83902059978DA550ADAD99C8343B4A78DCE0B1E7CA3AEFA514AB847D704C528F1DFD5C67B8220B8658DA552B9D6F8DD7B2029C2E19D0936CE15E958DCA8018277968B16FBF5EF6221B46BC72518170D486BF50BA1A1A7071C24EE4F5F74F19B3E26DDD783AA32999FF06CCBECF70B971AE6BDDE747869D6F26B23A87D5BA3F48CA56C329EB303E688D044FC513433E0395A68FF4DA9CE46116E81A668B40C8A5B90B8A9485ACFE884612BAC0972D722E632FCA2DFE258384
J=-$AFDF1878819D8F76526520C2E2BA7D68C22822E22976392E83A7FBFF556B83EA7E8B22A5E7A90CF8559CB5CCBD2698AE717102E924C4CBDDBE287288BB3A88B05EE9F5E4860EB8DD72D485D74ADA45B63F6A93DF56DDE2ADC13DDAED3D7704A86E9E7B337E8A4FC8B03D18860D9F792B790FEFC152A7847CD4CF9E12A4142330483C1B77AC93FA420A8F28CB6876B42A28B66B93524CCF9018A150AE78C0A55A9A18AB131AF2D427BF7C69346636D7114A229E33ABB9D87556D1D21BF899210F2A9AD114D6613C0D14FA96E126955D78A699035EABF0F2FA31DE2DA9275213592DCA50844A5BE98CFA494101150F00072E6348C2330B14C1FDA0905EC7791CC38D237B1343ECF1483779954BB82C2EE8F3FD01E223CC80030E3022C87D12291E58C20132C1A5E41258D97AD182CB7349F897FB5394EDF3BAEC004372D7787493221750ADC8D6EFF4AA7C52083F3F53CD5C0D122A98B693A7887DDD874915F186866BE7D552FCAF6B726E41AE16989FC54BDC6E3333043D15CEE5D8154286D5FF9AF70A24D97E91BC0D0084A7D2B5EBD26E7D5986DB4AABB2521B4D6C7
T=$1

[4]
S=$53443C
W=-$5E52EE1D9EE5D6327CC28C9145529D80C8DADFFD0DA7AFBD108464A8A5F3E11A2555CBD6B24E7B38AF9BC0D33CF8BDD82FCC8C88D9AD4CF600BF5D5878453EA4CB9486327D368870ABA94F3F22D70410CEC62ADACB96A66A5234A9852DF3EC1C1B8AD0375ED881364878E87589CD1709C7CCA92F385D489494C9C5C04EEA6781B0F672FBFEB846D96BD4C7336732B7354D9753CFF902F0ADA7BCED8E5CAE3C3BBAF7473F157DCDF385B64D57350154ABABFB9C4B0B020C65C75C9C1E106076E0C2313EF882B5EA5E808B1FF490
J=-$82F88F127345ACFBC1A98D1AFFE47D9908FADFDFE5F784D98D7F0BCB3BFC98672A439C0F824E7BF41E9FEF5C7E5DD22EB02AA253AF227170A6F95A670D8FB3119FD0B6F6A1FDC7D9A4A3E4ECAE60226059017867FCBE4B4AE5C9D69180C223992BD7AA6045BF2D4E2D0D6DB9EEA16B0581770644A67D6D21745E35D240D9B9FD43999CBB5E3CC8BB4EF2917B6D76B11B566D6F0AEA11C43AC68677FE1A7A54239B1ACCE9F5250D363DF764737545F4835411688CBC9A1E1C322B78882C28BF85D9A826ABFCDD91AB514649737796467A12744CC0C25CAFD1DA7D6FE3E4FE30A49ECA8405CF82FB81588F56738662F11E1E11EFFFDCB8450B4B3230D667C0D89D439F6A7505A6FD3BDB7CA992F807E6E48E0913152CE670308BDDB5C786731B577B973E9D6462DF3DEF7A1019AF5D83087FE04CD817ABDAF91A217401EBDA38788874C64325DBE35D3095F23E5F2CC7DDCCF3F7EC211EA8F9E30E5D97FD9EAC4A14644EADD8341160536486ACE058A515EC002B3B27DF6DF9D1D81665F82B6754F83EBEA82789479FA154ECC1471F7596B077BF7F9E9A7C72FC9
T=0

[5]
S=$3DD08E4631C
W=-$7805E44C60B63847FDC31E618904E778C1F319F20614C8090DC8C1E2A71E4B8FBD1189D80A9443A3ECB9962A7305C573739C636B13B343AFBD54E71AB7F408F53EAC0B45667F4258A19321CD4586393D8B1CA39F187F419D9C6D5191C193F42A9D3E4B69986EE9315725FDC5E71F5844F62608CB8359710B6C9A5287F749C907D6A7BBD58C8D5C059C350DD383DF1DF1F9B61AC1FAE667FB1B333D8C89BA510C4F3700DA175E255A68C6EEF091AD89F04AEFEA1D9D2C61BFADFA1D45A2A9FC983BC71E12FF382F56920CF38
J=-$22D819BFA9FDE60DA834A4931CEAD7811646E18DF20E94B37A9CDBAE987BBFF770F03149BB983A60426CF2EE15D59EDC2D9D2AD2C67DDB621809610E8DDBBDB91078741DEFE509F9D29B6A69562FE544441643522CEBBA14698F4AC00EBE2A37FCC3DD7AEB99AFE73285853B420369D62294A5E766FC5A0B9F2A70FE316F40B3FD2795F3E9FB54ADA11D5D61D8CC15440BF0788AC3EA819E79CC862FD6B4B1B9AF6E8C06138275EFE25CE0548A915E5496279EF95650FF0082240AE2C523A7A4519102A0617A18C25C2353F5CC63B3151E7DFD1960B4D0889F36F4EB8A257E8A4DB22C9A5F548D0FFA4609B75D79BE8B33A3CB7E722C12F1427EA26D080069F80A800023035E834AB07BA9DE80AD1050FF9AB66675637E8E453B45EB97C031D8458A05A4539A1DD1D7F120055B221E34FB76D85AAEA6AB963ECB806AB65F7B84D9985B23AFC258590634F669910993A1698EC4DA9126E95B0C1206FF12C01DACBADBB4B8ED0049ACDF435E9E9430647EBBA2934E52E0BBD1F7FC6B9AFA6A42E77EF4CD3DD77A8F3C06D47A0FC7A0A93250737B4F7E6CD8
T=$1

[6]
S=$27E92C
W=$F7C76B2606526C6487DF717CFA9479EF2C697A40E1AA02172DDE4ACA25F4A43A7904336C04796FBF1B5F31163BB1B2A3D5C68FBC4E03FD426E01968A4C6162B25B8D3E464AB637DE5F8A257BE1CB167E3B9419AD12F3CB999D45068AFD37D542138790A2EAEA7EC1E926064BE7C82DE3624F2E0C1070BB53107F404D983D1D3889BF33CD5C640D17CF85219AA69DCCFD618BC294177A2D14A0280D8B8E3C450F19AC41623FC0BC3906EA6417FCC22D765232E72939F672A5F9B37EE0EC8DE5ED215153F9ED9AAA6D6
A=0
B=$A
T=$2

[7]
S=$223707ED
W=-$62E550738D47D215E78768D924460DCB008A9D6CD18A32E38F241CEF7705FD256FBE853C9D03F7E09092B4C8BF5979B07255BA6E3B3CA646A5868D514B275D812FD8015A2451509FC5F5B7AFB4FBE72A271E15A69E04BDC8B08F880E6D3D2ECDC503085030F352B76F0A33D608A23744B561924CEA059CBD91877A11BAEA70DB92C18602E222EC6037A8AFD58349075EF89207071DB00E8327B3547A29BCC948A6234A34CA66B36A72FACCFB0714DD9E2AF6418CCAD70E059CA561E9FC54BF2AD13929C31D447B
J=$6721903DCE69C6F50B9F2F1299A7A3A7BB9C5704A06A332EC84B020DF5FFBCD828A5E7F06158EB5CB77DE0F091B3493B5B8923DB114737F0A6736F99E30F2661BB6C2DA0C434AA9467722A4DB3CA286D77A77204CDF1B0B236C99476E502D660CE46155CCAFB2E49B7405B8174E4988B0EE1CADFE050D5ED2D01035037B27E65F0B439023439E230A6B683AFD96AE4428CCDB464F9B5B7AF379715147DD0E36E9B776664394CA4168FF9AC6FCD56D697C7F58FE663A8CF7BA3144510F182AC2E7B9F2C53951CA8C87B408D8C8F9F3A6E427665A6737CB6CB000F91CD9CF546DABF3A6A7A1DFCB295052CB4337916B694AEA724A9C5C18F566AB4D6C89DFD2692818FA4B5628F7890AF8850E47EE5E4BC4DAE236DD176B5130C52B6CD5AD13E6A6F717E5E21E74E7C0E48E5F69EF8FBDA30640E1520841BC831F0DAD27E1C52CC4E7E6ECB3234C2D751009AE16FC1D1BAA7D82F349C3C9AB9D2B572257BAE034DAD78B9C1C8C1D6DAC50C359DBFB5B9A5B11BE546410934E4E793D6C1F165979D536BB0A32097389A06F402C7E4B665
T=$1

[8]
S=$1BDB530339F1C
W=-$4DD613F48FC1241BC245480DF0B673F20350E3FE32548A6B66B9023BD8BD091FE5F148AEBD398A70620503126AF225A6D2AEBCA8F76E525BFAB2E7228D393A27393B1972CC49E6DDA1E68631413DA2DEE74D399E41722B7CF833222BF9384CBCBF638343FD69E292E8DEA74546E0BC4BD4087DACD02C645F548C02C6FAA269126D0D5550A5982FE255F43F8BCD927B6E3F1142FE2C6BE78C817C6A9CAADBC3BA895C1F307F8C3F67005154FB5E03A5264DFF324C37E09DE590EDE51435C86072B2A2136B57D8
A=0
B=$7
T=$2

[9]
S=$15618F5
W=$3E6A2126762640D268F459F5B95BC9BCF692008E88370818B9831B1A38C4CC6C1ED8BADC27A02360BEA59F05577A0BF77E85DE2C722B5B8827E4BE579C0EF92B902EEAA88BCD2E1823448A74FE95CE4639B8965C32138ABCE0C599E47B343A79475B51F8FF310508831247606E1D5FB7725296A06DDEE2E7CA4203E5C14EC8CE44B84C6245086DE356C9D9F44091626E885BDDDA8E3BEB10DF3F7C2120E1169AAC247379D66B5C024F9F12469664D54937054B64D460BE789217299017907E746C5893
J=$1F7A79DFBDA6D6596983197A5429EB1D0105D09BE47EEEEEEDA69CF3D5C1FFA13E0FEB2C42256205D56D0F87344DA631E23A86CEB88DE18F08F9CC0EDFD58545D2319F43615FE46CC1842B3C973D95FBD8A4CF954A1A9C859D6A2F9C9DB985F5E4C2F408F510217888E352138E26AD905CF878233ED786E4598A280F24F719D7978B32B43FC34FF27AAD9BEC8F8E27D974B6DCF4B0C0122F755D809D700D1A6B705144F9941A07E155B1BA7040CA1C0598FF2D0FFE71937B17922A9E24C9F55ECCCADF747E5E982E18285B3E2809FD905FF617959858E40BB07B00BBF8B0DA21C9E6FCD347AF70D1D96C9160FFE0273ED94285ED955C1541755FFC45C8B1B4794A4007FD5312A8116192C937F8564C4148A67F21549C347DB5CB52BE990461BFA8722CA522CBDC41FCD3724BFD28D4883ABD4AF29D5108078B5DC64078A920573DD06F61A9E73E93BF36E6054638BA327274FB41305522937D33B5CF1FDF8910A08431956983E03C33E4D38BB1FCD8EAA73CFB5471230DCD17C2211F1CCB9EBAF2E567B65FA
T=0

[10]
S=$78A4C50CD9EAB00
W=-$2BAFDD5FB879EDFD935BD7B1258A1709E1D0A6AA521DB604A69E92F5047CE3DE24C4499F8ABFB4A4CB926FBADE4321722750E66827C95A77AF4A79CCF9AF308A407CD5C99A4707D4E6966E48FDEDBB03FD268AAC0457B75508C4EEDBF0DEC317DAE827141C60853B4147D909499DD6A4674C8CD383BB8E9C4438B1A999E1C75DA80FFA03D08B3F203AAEE63CD3958C8D6EC5FA479EACD83617B24641108D3DF9CF232BA665188E4F6C5FDBA49612F616974797B6D1D1338B402E6BD261C9869099C
J=-$7FD5EFE0E0CF9F9830EC45D928D512978E0A2ACC03D1AA12FAFEC8188088F1BA889E3C55E59183B92D2CB275E931F244825930CA928504F5F4CAF73B51B895F209A46DCD30D10306609DCD01E66E6A4286B85D3694011D33C26E92FFE3E8E2D6260908E6CA3C9AB65206629FC3450DA059B4C13B29A0EE378F8EAAA8934CB55707B07A5608D581D29E948611F4497ECF5A2A0D1CD797CF4C72E2DD38EFB6AC0D88C549B4D1D3C3C7A8DB068E82B2B832A715E15FCA5B879A91C1675006EC1C590A3CECC8BAEE5334346680D5F7BE3F6B9C1BA270C561BAE545A3A507CBCC2AE8EAA414BB6733BDF44AF96F564B904532D74D85FA585CF80D33619DADDC4A451DF635EE396E3E6AACC3D613F577252992CEE417810FAA7E830C7E1C87307516AC0AB51EC96492A077249D0026CC854ADC1B261CCE4BAE4E6E8DF5C482DA887FB700F993876E4D8DAD193749BD5F286B682B2285E8EABA641920D4F5E0C27E35A6F8DB9DF55F095D7225E28A59DA718FB5ABB4EA2858FF54569EDBD9B9565C05FEB473
T=0

[11]
S=$EC692FFC4B
W=-$5708856A255EEC3BE8B57E8D680D5427662ADEB0B132C3AC6181CC728D82D62B1103C0BCC04FC72E0D5B082039FB10BB4ACD038CEF77CB77B6C4D0A5441F8F08E57726374DAD5F6420DDBD78850F9736A985797B3BC1B9771A1FE5DF389F92C78C8B907AF26A21B83E66D18611D320BF0CF5D024A65319AB8CAAE28970F542001DB8284E6F7C51A720D55DE4238C1583CECBC61C8ABA28691AA3AB57C3C67DE8638F65E48816AE9A65A349EEB014BDFD98B220F3E99EC9C0E77B2633773
J=$24D864F2128E83D57B83346B39D1A07A4160E2747C84E494EE1900AA1B48FDC438181CD8E920AB20FFAB22C397BC150337DB51B8C53ABFE4D67214EC1D80BDEA1AE1DD7A4EB0CCDC14BC14D6C4FB7B7B0B7FD35901DB0F7FF5BE2383DF4B9B543ED058AAF243D35A65E503510BE3194A350FF6B9547B56AE52230E8CB17E40180C53A38D92991CA5ACF7C11E632B8B69D7946E645AAE0720577DBBCF18D5D67E9EA19734882ED0E6EA5933533705C6CD1B1EBE8D9EFB4338C94B351F8593EDE61C9C51255DB4EB71311BF6B384B014BD37A2A25B625205962D539B35971B70D19AAB52110ACAE4D7C9D7F515D5E04398BC6FA025FD35A83BDABE459DD71573E28E2A3E5A7FF38B9CCCB906BD6B9529074947FC1D3FD1DA7F97A2B89A67C1A0DE71BDF32927B987E43AF3053E197E0EDA995E18247D9063BBC5829FB46BAB3EE6F3FE09AF8C6282F6A137E864C3814684703522DC28BEA3E0935DD69264AF0B2C6568EE68C26A11A15FBA60BBFF62523E50A768B8FB48AAA034833F
T=0

[12]
S=$2964B64
B=$2

[13]
S=$105434EF49
W=$86FBE944C953505A1DCE5CC30125AA1AC8A843F9F3661885BDD11DD3C4E3D589002EC82B2771DBFE612AB68CFE6C722D5F595AC28647DFA022D9AF12FEB903200996C5C65DCEF0F842DFB4290E3DB3D5D751C753DA6D15706E4ADC7CDB75303404041F76E115505A10F5B8372EC8EE326CB1940F169C64CCEF2488943C92F724C67E54F7CCCD7509567E343248B78BA314C28D679F2B2C155CB7AA9256406C0E0A43E11B51B6B6F64E0145DC9D9FEF01C7AFFF4580D11E95DC1
A=-$108
B=$69E
T=$4

[14]
S=$E60762C09
W=$F8E28FE3FCC31728793B5FA4FCCA83947A21E07A4DCB1C0CC1FC4FF5A75FFAFF9754FFA2D17B9E7B3FA2555925EBAFFB4B217B56E4230931D19A203DFAE07C35D289F030DA5021B4C4F5A93215C4FE1E20DF415ADBB60CF7D50D1D1112FFB1E901702C295275B41846CB40CF714654BD390EF7FFCD51B3EB995678254422A5C0F9A67B17CE29054779ACB11755ED1F0327B4E347005CCD4B26645BA7CCB479AD176370238C08938504D21883A4D517AF3B8B20BD3D46BB
A=-$7328
B=$1DBA42
T=0

[15]
S=$13E5ABBE
W=-$D535662691148F64970BD8C08CF38F9A78A8C20405C5340268A8B09BB47472B9F067F29CDF8745AE02C84BAAE06876EB35FD75A9E859DC6B6D4EB81902D36A22E320C7A30202B740210D83495093E0546D5ED6E6D1467DCFE0C2B50AFE391E5873172FB7949833878016A4B0FB6C0A311EA5456A8B127F6CA95152697397E900CB63547637557A0B66A044B87098F59FDC23C61FDB5FB9938AF8BD5B9B37667024C7D2972AE230C099BF01DDAB9128DB591A9003F2
J=$43744058C56BFD549F4760AF3293059D6715823883EE5C9961939998AD7831D86EA4DE99C0B25243B8BBE714D185F66A4BB7BE3DC8614AAF4CDF49416575C30A49779F90C1953BCD9FC607B502A98B0A949083F680B922CFB9A5715AB8135637B7D57D5E74E5BAE34E704B8310925DFE60BCAB75F101EDE79CECBA2E6D44D816E99585FA6148D399AC21AFD210B7590A5E493C674579C7462337991CD06F4A6F116803C4BB2D48F610ECBD81CF744D78B4AF86608D172B1FDF5A3C7C88E0613C5EF96FA8E479188DFD854F17419C1BCDEFA903F01E230978331AAD3B4008CD89053953A4663E582463978AB67CD598AF304E4EBAB6BF8233F0748B4D435DBCC0B1B1E694C38B664E22FDC2DB145BAA1D3CD7FC095E04F196215A68F3356B987A9CB8AFCF7E64CCC8B202E1EC90D783D3349685712882689001990A63D5D5F6FC324402557DD0699766C030D3D8006A2A50D1777DFD29966E0CF85525D8571E672E0A988C48C9349AC6D
T=0

[16]
S=$EBB96F472D9B
W=-$24DDD2366057AE90871E16C2ADB3F87E010623A923AEE0AD5912D0911E125DF6CB178E4296C757CDDBAE9C19F9CA188017B0281F7622229965EDFAFC76B37E45AAEF9ACDB564D8F88A0798FDBD8D633AE733639C3FC58C11C1969044997C92CB2F17887A5614CED54A119D1C99D7764F8EF68B2B8E38C958D808E0E23B0CCAFD8101A0B8644C2918E73CF4F3024B4B8BF53D0CF42770AA53940A62BFCA03590CDC7AB3270D5DDC4A173616EA43740B7DC683987
A=-$7328
B=$1DBA42
T=0

[17]
S=$8CFD88174
W=$8EA89081623F96210F4BE274F6E7A3F35BD74A7ECC20EF1BAFA0B55D916BE901E9CC342BAB41C67BC05A251ED34B49E719C8A7E6E815C57156AB946C4C9C4DDAB367D74A07545F4DA132F622F2F1244A323E704452EA16C632BF2BA4D14744E8447AE025B1762E0973E6CB5823E2E2C74E7AA66684B837B0132E7B590CBC521ED549940D9D7109B5E4B6F32F489C905EB3F388F0CF93B209D4DEC946560BF086EE999210CACB653CC823166C67E6AE4E
J=-$CA4816F991AEDA2CD65172F1055F7AFED68C1985E35C56DCA1C1EED2A07B960D8A9CD597EA42E35384C31016E65A41826D1D0B13EC5847BB3252C1A149F4E1B560AF1BCCC610EAC71CAA02C4F319E7E1D1BB684DBB30A462D99E1CCEBEF921C10AEF763D311EDD9615EB39779CCA51ADF4ECBE618CD9CCDD7326D6A0B65E26B1F248330D321E8B1C2A0F1F9AFFF9E5966E7F6ED9608F321291E1DBFD1A1603C8D03D21562DB8856CBCD8A1935F800E9C147B3D815EAC12F51BD97C6370A080EE8D72119DC1DA70BBE0BEF131713B4C801DE549449FC8C25703FF88A4D5020D0C3BC4C4562E3F526C7FE55C920464DBC80E5D50F6FC7775F35FD8889BBE9C69AC254E45F6C715D65876CCCC202B94DE7319091D5D48CB13B369EE91D40CC5DDC9F8C7533A87A83873FFAD9AC898FE8E1A1A8E62D5FC083F0774C59FACBD97AA91A6A21B40D77A4EE7D838F0F9E2E9FAA7B0771F2F3951F813C805F507F2799BE
T=0

[18]
S=$6A7910
W=$4CC360BDC5A6D973A0E167CCBE74E2DA76B4C8A954C68A552259F33B357C81710B2F8E6AF23156C943A78A6421358846C75A98D5D568CE56BD96B915F18A85168E2B737F32EC7C48628DF5186621C7A65996AA635F1AA270BEFAA7EEF4AF143B1D0726F56B7A3A0587A1BDBCA51917E649DA9BF2FB43E8F2EC7D0EEF16DC2A7A43C784EDC77729070C3DB0658E593ADFF9B4339CF1AC0BD111F43A4163593598F6FC5671201A1136FA95B9ED2392
A=-$84B750
B=$24C7B73A2
T=0

[19]
S=$D5D8993
W=$172FAF70C19F23A21B71EDB04C0568E3EA3EE96E22E35B79CDA03E8195B2CD34A25D823C72196491DCDB271F005998D88010F7FC21696D8ABCE46E0FB5ABD68FEEBAC9267A9D399B881D017081A11CF660A2BD655E4479D70AD2B4CA020FD5E9656F4FA9F8C61E595C23FCC95C55DDD452FA778A8331F642399F05790B0EBC314DC0EC035A579CD106F0FC680DD7C97564FD8464E0D4646F75BB81F58EE3E308CF564560CF27550B77B1317903
J=-$190D36133F68B597861F5D88F3261581CD6DC50891AAC0498ABB0AED6F01A176C635A21E809AA449277A9EE708BA2D286F830D9DE2E83ABC235B498E0B3ED799DB0C199522D5AD7E0714D829979446D39B53AB21302C9A498A3A41675D8CD8C50454CD3565AB9FBE5BE952E6A0F559D59E582C267C47FEBC7950C397554CCA730FC2773B87A47A9DF3353274E7E54A68EE9DE7AA1FC682B7DD990C80A6978E7AB3165796D9E2B3FC5BAA8D335A45CCEA5B02F11DE08EB4C70A80E20DA51A9D8EDC589C16D8B3ABB8AD4162893AE1D8087AA7620EFD774498199FEEB4841E9682BD8B00D9D701AB7C7DB0E207668AAE53158DA83BEABECFAAC9A3D84EC0D3CAA240685EDE3CC0A7A058CDA824A303BD6EDAFE6C001A76A9564203AE6362CF8D5A10936BB1A070E18EBD6B0CE9D36DD9EBA3A697CD67E72872B6C300757373557FA7BF09A5B3EB55E5F17B8A6804E3723D7E25E8AC7E52AA92A6
T=$1

[20]
S=$6BB58B0E5EA
W=-$6C252E01FF313F441B88C0606AB705AD1C536841B4EE33F03ED42E30614C5BFDE1957B9FB63DCFD0675AA544E823DED5CCB2E1C8F4F5246BC2E919811291591286DDE5A66BE5C698CCD6290C1C1DF33B4CBCD31B9D8335C1DE656799F8F9D4891CD0C8BD6A0790FCA6B98CEE154A9566F09A3D730352293EA657499D7EA10A624B8D25DB46A4C4E33117E64EDB8C297CB128EA86D1C3E4A13EF3BE3123B6ED1C9077AD3E54071705C20296
J=-$10CA615F9E213A857C5FE2BE24E1A9987E3FDB452835915C01183E72F904FC1DF13AA47C85797FF09F3949750F0EDFF1607E54AA46C9BB12D47396CFB43F04D94BFDA92C092CBDC1047DD7E55468CD81FC6755B9E8E3D226772DE0F955E1EABC166ADABDA0FC7CA6B505A80E149E9877381D5C07622B0AC58C2E02C7FCE2506145705449BAA8FFE789C669F6C0A74AAC44562BCC707C48D2CA67A0058BEF0E98B1594A2F4236E15C86CF8107B4E5E7574876BAD535C2A27F504555C27FCA3D7F1756BA44A10E73A5FA21EC452BA9D5641A2BBE04FC2D70AB2A483713C578EF81DA2986CB11DCEFB4FF2127BF910A10772D1AF2E2DBF37E347C39EC4F91C1DB5C8D723B38C9D981089718894C5F225D37F07F050E51ADA8CE187978E832C89A1329FAD9B3BD5101AB14AE960570B5B6FB0C10C5EEBE9D7E2C6A5D824A130C9D67A53A0D5B7CA80C5993C2743D81D2921609BA970A012
T=0

[21]
S=$3F76C4
W=$1CF5B44E14110361382B3AC9BC311B6F017DD1ECD1B571DFAFFCC31C575C0D1AA4E1F75B63F046B3E551A6E69FCC9D083488A52F878B6BA4C3859FA2230BE88004409420662A3D4D200961EA5C748378F0365334A8BF1093F14F499512A6A01EE409913A14E7602BD34A852B28E0747F8BF26B5CE216E238E15202154E9B0F0403E15F6BAEBAE4A2576E13BCACA02D2D42F9833EA19230B4C935ADDE28BF7A45C23DEFD4F5C1A940C
J=$EA050A4619F248D2B36FE43810E8123BD53FF32CD9364798454269AC6A95255E6F3D37ADBF3D10CEF31AA38F5CA8C95103D633586D0663F70D98263D77B41B3EF67231A17462187E37B751B77A619C3F7C8F8F97C597887A4606BF23C16833452B8012961540F6F6DF369DC985E14D3EE6C73D09B3E54AD9F4AD50B027375705BF84CA54A59522F07187936C8DB5EFE273DD3EFA29505B1CF30571CB2C5797274B1B7EAD85A5A553C8185E6845D2526639F0526F5D99CFD58110E293860975BD559AEAACEB64A28C11A3A7CFF61D5FC5F233C144F06989CFE3542536763A05DB9E86CEEDC287E59CC11CE18FBDEF3DF339BF8445546D4CC2892D815B9F7CE61EC21DFCE130A626F6F0564A1A0B47DE9A911846EBA97240CC7C0C3165896EBA1AF58C0B33E135E2C7F1A5433BE448151C3C4147CB5BFB93DD8A93CA897EB6AEE411520EE269A7A48001638944AA81A280
T=0

[22]
S=$BA10057
W=-$569855672AAE584052AE53531D7FB082CCAAB734F08C24FE62F11035643BAF462BCD2795D8A1396C0C9681ED407B52F426F829CCF8F9BAC5A6B04100ED0FA3809CA54632A961DEB87864438AEE8C6DF9857FD3ABCEAFC537AAC3F51343DB19FFA011A7D5BD496618250A8F481FEF58F24ECCFC168F897BB9E7F69724D1F1E6B72D2C89C09C429FF6A9F3B2F0AE24C792FC4064B6693744D5229B494B8A045C02C5E43EF51A1461
J=$1FDBAAA50BEE6FCF4E5523BFEA140D920C0ECE51AB10AE16616160A2B482365117CEB24031E43B4833FCB21C4124E5B8865B542226264FC43E84E1C9A98DBE80652FB019A27A4892010364A72F3D2409FD451C716D25A49D710F1CED39F649360517AC4FB9B806801C807270618928E57C2136EF39D13BE327C2CC53E6787E1BC29E4BA971BCBB0F44856B3157BAB24873AD3C0AA1D0C1B458FA27BBE6F44FE2F5FD059AEAD8CBB84E7A9BD0E7D7A36E6914F935DA855D5AEDF2B2EED848697188A75FEC2C9A34419DE5A1A60D888F290405621CC5624DE84322D14D68F2B6FEC25CA655EF0AE93AF7005833857DDD3094E66CF313E9E2F0D3C756A336605A3F1B5027E094202B9502D36DAF6D3C6EC137A7144B58B6BEBFB10B2C500E69E8A3DBCDB9BA50607608D01726437579857995C9E8263C491D90B1C5FA064A1182E1C8342115A64CA3833F419F4F7CF
T=0

[23]
S=$42EC8C04
W=$192BCC4A6A2C19DAAFD2A6364BF9EAE6A257A4354BC1F159262BBE29411E75035BD1686E9CDDBB16AE9BF9B4D05D78AB0C547C101384A179FDD814004DEE8D86770A9D7EF4E41F597B56A2A17657B1F09C279567F80AE0C53A3F8D7F07A6B1EAE0658A14847EA35ABFD0F34FE2446B2C191E6C967B55CF75D85E5A0730AD02CAB00973BB273BE4901EFE20327E1CE80614C7D0D20CEBF082877AD21C26F91EE3EBF71E235E4
J=$2BF8C2AD92A33CEC3CD465B06B98952135D6A9218CCB0D41FDDFA679C6398BBCB198BB0633671DAEDB0F6C59D4CD8A2D463B68442B37E1E73593F6F3E9547CAD711E87114B54082524561D367D6F6DC56201BC4CF36D407889C5EBC3F67B56A46BA3FDAB57C8B58B3F5044E50BF577B70F917B987723ECA16F77EDDD63C216D932FB29A71A656297C4535669BB6B2E328C078E64AB3083DBC326F8D7D81ABBEDABB91D20ACDFA89A0431B6DB24B6B96741B9FE95AFEF704E591405193FDDD03C3D82E4FDCE5EDC44F427D0D68C1679C27A38B182D8AC49941DE91A8C78395C41D484D1D660AE098846A9244D8391CB793AEE34F8A8A2D8A158AE03E98FCEC6A3557A50143880A611F1B337F30CA401B55FBCB4077FEBCA074761638ECD82BD0C0546ADAC448D2A9CD97E5A0B75A05184569961122DCF4ED355CC7D487F83A2DD5505D5ACAA48E9FD9DF0
T=$2

[24]
S=$17BAB8AC
W=-$2D0B4BEF4BAE59CCB0661739A97BC9195BA40E7EE2F6F6C91FFDED22E1CB9B8CDDD03137E277250504D0E4D3DB4447CB397824406DAB48E2BC4BAC28BB35DD9E6E90DD0F06576C3D89CDEC1445615A20CDCF4F057510BFE9C34181D9362005AFE5F56ECFD4F43C072470C0EF9BA735ED86117E4FF98067E1A62BD72CAF1945EC40371C933E6E8428263157F3C788DD71BE483937FA9BB107D7701662E4E503C83BDBBB6
J=-$21F6910C5B11709B4E7478533C187B4A06D6655A3A7BEBA3CC4CA8C643D848A0252B536B35FB55EBFD51221CEF37954334CC9B5205441163101948D841F1DAF906C20A14B6F9E4ACAA36CDB64A1E3A13ECD3D3D084C3499B5579CC3C3A3D44D400B009B9A9E7306BED2CF285C06D4E3CEB07A7D764CE707E592EE1C82B94BB104FF2A5E4FA6FF0611E671903FE3D679BB74286ACB2154842B3C11019A8076D0407A4795379AF33F4278997E763B34FB49BC005BA4888DE4516BF690E2AB61E7B360EC23E30A6AF682665FD1E9098D86698E2D971B6E2BCFB7FEC078D44DD8A1193742D61BB2BFA197A1B7BE07BBF6FF996C8E46F3CBB1C13104DE16999E0A085CF182F10B8287FF689D8E71134D9473B2350980B460B6F46C2E7B7E8DC17F502B79023242FD23954731B8120F33E5FD17E7A0667706A47E385E962A143EFDCDB9A18CE122E4C
T=0

[25]
S=$5D2E93
W=$24F3718924CCAA3EFB9CC1EAA970918501C3DA828D508E3CCDEF3EDF1A96C7EC1D1BEED2A6F40BE35607A1EBB5A94F5DCEC2B8ECC1EB3E48855A6447ECF170C1DE6D5BFE2B8EB4909FE69650FB516A1B568B75F430D5E89E204D6EF24E480902ABB62997A39F5A3894E7E42D180A36772F963A4A3B74141EE0D061233ECD47C6FF37F354C5849FB046C4AB72E90BE5B1B966A13FCAAE1D850001A66E2D1EFCBD571
J=$9B4D265C55ED8D054B87FDC7CDF7E577A3274BDA39E7491584BD7CD6D89B2C41820498699120B3CB0C0C2E1E1E4922F2CE64E3FE90FB8CAB57DF279C65C5939E98FD890726611F894DE2B0E679E9538AB466E9AF7C1E2559DAD60215A0581724710A897002ADBDD7FFFA9EAB8C0E987EC291ACDB66C075E9DFC9A30CBDABE5CFE2270A763681C9378C914C8875C8AE194D2B366FBCE9345AC579A8409525FA9BF38313E7C3F80E09FB9FBBFC45BCB97251D80416956887EE0CB465F87A2F2DD86C136AED56882CD2751FBB9EC696A1570E9A5F624345FBEA74148A712283F2C59E48956BBA0F2BBB65CDB8C39716F0FEF3FFBF466F84A361F84F6CBDE0661BE48F5F3A93C63C627AADD8EB9B1181D9104493BB6CD6948B19A6839F0C4AB19B7A6C65E8F885EF405B904DECAB917B1DD7438DFCEABD87F9BEC8378FF79A699450E8776
T=$1

[26]
S=$E9
W=$F4F82EC49A17030EF9C4D396EF140131B8463058D55ACD86046FC39A2A8D9056578D732A96D549103CFEB8D27353812F8401E42B9FC4B6126E15E4D6FB032B85E8BACBED665E5F7ACEB669F6E89EC2A014ADE03B3BFD4563942ED84BF5EA8ABBBA35340E6018E21FD2BF7ADDF9CA1FBF3425E63D18E7F71FED9F89E535885AB9137BF9D6B43856681D5B935D755D6EBE4451AD667A88393776C9F830E2D58E97
J=-$208E8F8222F69D4419C68107BD3AA35DE3AE31B0FEC5CCACF2FF078AB0C6955FE86AEC03EB508790885CB020C42DBE19DBBE924611E01DD5AD3464EA8390E0938B9294989D8835DAD1F7501AC6AAEC54F182B470CBCED2FB39E75042B13346DA1679F7109D5541D7FB3883AB364141622A2F9F429863289DBB72313856632F199E690BAB66549032CA39D1EAC7DC7B6983AB8102B94FEE2F1645E14767D666CA5B708AFCFB6FBE75C9D98CD7333B5345E955EE8C46FB80F383738B0BEBA767416CF15EFD494A7A9363C9A5A2544A3A631029FCFA1EEEE87DEB32175946C0CF3C90371EE020C8318773FBDB8EBB737DF51395E389A2D9299A7553EE32894FBF94E24256C13BA77EAF86C1C678B410BA78F236853ADEFE3916618E79226241378AA31EBCDAC09094D52616C323E7A5077DECB27618B6CFE5595F621C7FE4B5F7F0
T=$2

[27]
S=$1D6764
W=$113E3DE99834BF5A05D0636BA8C9177419C3CA34A445356FCE0CF239654F1682EB3FF5F0D9F4AD2A396235C1102CB7CC0960DC4337EA7E2770323FF69B8733E401062310636142778A70EA917FD574C22203ECABE9DFA0E481F1B094278487A28F9368846C380F3F2371D919C63FE26E973EA1034D0C4FF8B47253B834FCD3D813703192512DB94D8E46DA1A7C6E34E8B3871AAF3F22687B2E0ADA1A948AC07E
A=$3
B=0
T=$1

[28]
S=$5E572631
W=-$2BCF9429FE67BD2DD4CAB1065DC254616E9E06DFA496B3CA76BF3312F18978F6BD2A9C295D66D09916F95A7183DF9887866381A34E1F35C420911A9FC132991BEEBE6A8D0F1B27C184075B492CE460F1BBD7CF8C5CB627B99A1B7928CB77C3A9CC8F6721B6D925EBD284742DB07C2568A5BAF3547D25A886F447549E2091FE3F7DF980175595E34677F0F56F5F4F6FEE590FA9A43C071E9E16215F3037EBF
J=$B0D72AC4442FD6254F6C39B451B5AAE5055E23BCC2A600C80EBDF55F235AE3AE5B2A419B54BA75A79596F9266279CFEB96C59B919CAA0994DEA63D75DA8D5E9EB576F2778DE583CE826CFEE4EEBD34E61FDBFD47AD16A72CD2FA28AFB5136B4701EA9A499A2A470F0D6F6305A6F18C77E664CBB78629C22E23ACC2BCF2F5935461B1863C0639C0D8FC6450290A31523432773F04AC2EFF1DB913E2D12CE48D8FB47E969C43E0B8BBDC015EA5470FEB5CAEA1B0439B183085A81ABE4FCA91C4AAEECDED86D75BC1955183981D838EBE3524754EA68637967266ED9858DAF0DE4F2C829C3F5869F0DFF310355150012CD13188D8D00E6AB8B4B292DDDD915B733A148556C960122D4DAC4298311D55A3C208E9D06EB9AB1BE16A0220E43681565EFBAB236CD2DBFCDFF5B7477F929A18172282111D2163146328BF974D
T=$1

[29]
S=$CA511A24540
W=-$535CE36323F4CADDDC01604F6616007BA5BD901C05C0DD27A1B8BB4A57DDB6AA5D4F0EC16AC190D0247A55E98803468BD706F4BA8FE6AE7EB669FF4CC016DE17F6DB4795187376A1E3DFBB66D1153E1E08910B51849104D58B5D9EC0B8EF3AFCF13D15FC3C37BBEA3211296BE5625DA2616CD4AE7CF0ACE5B3E6126535230F0E95BDA8E08AD78BAA50276623C1BFC247C50A88F6404E8E5EC2BA05476
J=-$2F68EA0BF7AA509D80D910E8A68EF92E3440B91AB4BE1477F183C7B14E22EC7296551BCDE36E52468208EB8E1F820C2C5F1798065EA3D1DD7FDF5BB634C06CE3519FC8C236B136A92598F34C7682319F93DA8734EC7DAB84C2C57CFE7B7B3C1D907502E5571B77776DC69EF993D9285ADD0F288FB2893A1234100C564ABAFEF8402B076A377C3EF6E9134AEE3FDF07E18A6B5D27FDAB16BBF14AFDED647CF793683ABD73482667922BD80353C4A9D3613BF60956B952D1EFECDD911C78312B537BE7B67752AEA42D089F29AF3744CF076F9BA6DFDB081136B70DCBC0DB1C280538500D6F950D43E2FB1B287F640D11E70BA5CB755833A9DCBA532BB67F6B759A31DBAA91DADC4CC372150D3DE8704639EFCA96402DCA3BC28941F62E7C279C97EB82801B9C87B5D2D3C8D83E94347ED323045BBF1F2A41F2F
T=0

[30]
S=$2A028A4FB2F40
W=$C451A739678309E612E4E5B3483973C2424895E7DBBE733867D930E1E79E04913137109D3C9CBD1FD4E90CC4ECDFA2E87B5934D09C060D1834C227B4703A7C02D9D7620540F09B2A5BB135E53E2D69F082CCFCD77ABFC743C16EB980E65BE124A29AB8FBD16D1B267102512BA72C9521AF4C1873A2C53046F5635461D0FA1AC40BA9766EE2923872BC807BB2FE2D64D94DC11839BC0ECB04862
J=$46660841A61947E9A5022C353AE306A745B30E392C966EB62E0DFFEC0CAF19515BCD0649718532D4D3A52A1533C8E2C299ACCA9A0EE7F987ADC154B66A3B8531B9DEA7EC63E2628FE0F8ED957B1993A5ABD85DE4AF4CF50F1121A82526B609860CA3D967A1903CA111CB148A442A13230896211BC444E6D52012A7A279577E54994E390A755A2C2477DCB3AA3A7A510AC526E159C7B4366FF5EBCFDDACF4E7DB6BBB489BA1DF23B87AE6C20AAA45BD293A9567B5E4072119096B4BD85EC722C5599A5833125F3645C7AA9C05E3E5BFED45DD00600A12A8CAEE66A8F8B3ABA42DCC58838D3A482840D8A4F480567A457E0D41A1619F418C330511FF5EEFB67F52AA08A698E4D9A93CCABEFC9982B95685A69C8DE3D93AE6EC94E2A85F854713F3953FCFE5184FCB341FAD116E45F6801BEE8F46
T=0

[31]
S=$D0472
W=-$E1576F26402812876BD686D23401FB69F72359844D22D772068C3B16C7D79740AE4C8EA5EDE0B2E662F88C849B6464B5F3AD751DD9C7C56FA5165D873819CE0225C82F3829CA603F446A53CB7F1F771EC99408D218D74DF1FAE1826C1AC9443ACB55945E32F73D8DE54785AB22ACA26508F47FDC2E3B9DD1AD937722E46EF626F540BC445853D3883C5810EE681337BCD6D19E7AF4A0A
J=-$14917556E0C3AE33FD021E1A04845A488B2C70E6C68150E36E94001FAE4BBF231B04E97E983775DF889F8E1A58646D64F99ACA2179ECD353B57BD743A6FC7AC661B13EB6BB1187CDE25219A1B312000305E0CAD82F7484C9B9074E7D974C17CEFE65B623755BC68025201EBBC227C7FC474817DD9198F2162094D1110575C294131BAB26746359234C1A1F976A8382BF1EE528945B535D016AE10A460B23CCB7A4BB220FE615EC23939D421481A86A20E62449813F1D4A01F446B8145E62A2E1B45BE0E3A1D4F4D8E527C9FC8C4B13E74631F5096E71B06545E19F400BD57EF18F327A836295B823E881DCC4E21E05BDAEA91A0E4B075A803CEE7773C0660A3FAAB7B2F0E7FDA3BC2ADA97B398B9270B61370483DEE65935B8ED19A7C8BAFFF89FD822DB363D582BFC80396B83
T=$2

[32]
S=$FA16104
W=$2B14486767ACCE47F6DEFEEFF7D74E36D1506BD032D3E51DC23BDDCFD1B83776AF666813B7D4DC1E46C4452FC8D80DBB96F4E705FF2D2DB15B49BB435748D0B376D37F7927983A3A67176E3737CC8524C08797CB4CD7671704926E5F247C65735614B616E1316384A8CFE38796D93F6227369F4855A9E51A84434A331CF381A5658356F6E9D043C0E5DE02A962CEFD2775B99E2E5C4
A=0
B=$3
T=$1

[33]
S=$4FA1BF4C4CA34
W=-$B84E30D1DCB9681345999E84D25CD11C6D54EC5D345CAD291B676D059E9CCD646779B35DAE7DC19480FE575D1F0AB9F8179DA9CE240BA13831E054DD79DE020CDAEC7A6CD1414938C796A3622A9C4DEAE5346EA4387BDA1A5CD5872D08B0CC925ACE68FD5CA194D1F706C61866E5D61151059888B576A57D2DC10CBE6FC4DED9671A7589EA20228ECCE6444043B12AD3FCB00D0
J=$2517A1617F8282AFFD9A42E1E21E4115334137A8BFE22F055FD48F1FBBE9DA4F2E1BE9C2C59FB260ADCCF93904ACA629A80CA7E591C1F11B141B61E28F883E78772A807EE8197D9664A747503E1B6DD8A67D11875174114279B3E1532106A139101AE0B4C4887B81DECEDD88D703A15D364AD99021B81059483BBE7F887EF195201942F67420F66756692CB08FF545CDBC64122F9F9B55192F3A016611ACE2D04666737192CFB549C6F2E3513CD3270F51211F33B30A0C6769A33FE2F1D367D4592E21A82D7C12CDAC8752B446FBD576BC163A678759BF05E9DBC57916AC82CF840363F6DBCA326DE0D7D2598E502AA456F1D24A8C4BABACB3497AD598D8A9AB895E731BBCADE8428971BA5CFD5D6D74FD756A597B42D75681731944F5D422F71A89321535F78
T=0

[34]
S=$1BD092523
W=-$6FC6F948BA5A4DAF4DFF179E900881320EC3A0C3395C0C2AF803E4710EC0BB7A949103C263CCCDA70432E7389716A8957912B446DBA2E360FAA09820955199D977CC63187F34CBC45E8FCC146E6D25A3756095B1FDADAAED3624897B3766F99A7C3A7C0BD1DD0E85422800F811E3C6FA6C8AAB078D85F3A85C52D16F5E77879942A610AED4D85C2618B22BFF24C210061
J=-$27F4251315BA6B67A5EA38D01F3685CABBECBB4802BE5A2334BE37D867046E9DEC0483A407AFCA03F415DB0749B6704E309ACC0A022CF7CFBC7051BFF2E00EACFA061FD1A4A4A64F4D5074A01421A1346641F006931B90FCA3C892E0606C6E3A30A106E76AA7C1EF9AB6D440CCF1026F46521625E43976009F5144CE40F7287768E1CBC9AAD267CA9B1DF6EF480590E1F6F0AC26A50185A7F2939B35EF1D70AB9A1CFF38ACDCAB5AA0397F0D47558D6FD7C636E235643F0F235BB246AFFFC681D4AED2D8CF54B7BA4E73FC7BAE6ACDD8B7E9847F106E75C281480086A8CA5EA0D9874BF680A0F308CBA2D26AA9867B4CA2C304504B28EC006632EE48D80298C4F66C961291AD217B870BC564526F656872E6089C0DABFD811EBC98DE12F8A0C6C
T=$1

[35]
S=$97C0B
W=-$49B41F89F56FB9BE9A5EB0614CB2C1B89DC351E925A3148D1EC8E1565A41D279C7201CC77DC815D3BC022487C93FB5CF7CA7D15EA76E3465DD7100CD91A64FAE7A4E0B3793D6894D4143BE23B4C1D4122C3EB7C6296BB70B6B85D644474BF9FF800EDE1E838620599FCD46D91DE0638DFC02F85C6486DDA7F7FD4797F6C58C82B27C244BC91F042F55217BB8A9EA7
J=-$60AB73CE96E7C2D9739FAFD08CFFE6D5555FBF777FD1A90908DD6E300C0C5349D913DE5889D258883BAA6CEE11F92F74BA92BDE47E71F3F9C3C75A4668F7250CCA961F004BB2AEF95B76589EDA9BB5060AE32BFD845E07BA0A57E3D51644F4F4AD082DCC3F104C4B8A2D169E3DE6795253C45257408FA13EC7F7000DBC5CC0B0E400027B608FC433163051F9A2F586F32856018101CEC1807035B35428C1872442AE14B1203C88F4C199C6A012B17CA560FD17CB183FD70C356924E01FD904DA23BC0DD24DF5252F173A898AC20FCF63F63A957A5BCF086F756EBAEF2C78AF253A570A240B0A29A94B9F527F5485EAF324C47B60D221667A5AC62BAC0F0F695528FE2C185BCE812204996AEEE65FFC54C2621AB9A50E1F7857FB1BFA
T=$5

[36]
S=$11187DE4
W=$A145101FBF3B03ABB9A160F0F058B32202FA81A3AC9A5BBD195EF3D031B23D326E6FA1347E3149ABA99E14B636FD696345AF0DD913EEAFDDE2209D08F40AE2FF655E0EF1B52B0FEFC0FF2BB10616EBF406517220A41CB16455D8AB59C8C2A9C145CCF9A086110A511BADE201456AEB59D298FC7D5C14FDCE42BE25A4D87EEDD61D19FF3E496BDEF15DFEFAF87E
J=-$3096F2E5BA3DCF3E645F53501DEADBB07F2D74FBE8CEAB2C998C0F66CDC976D4EF47F6608392E1C81A8DAF99667C060920925C3618F1ECF5EC391949FB7E9DE61B27A8AAEF8359765C34123E695CCDC38854E5630C1DB0251FA6844D2F06D29EA5B7777042C138FB45B895A8BF343321C169CD2AAD399A7A89BE6B4042A6C6347D271F1A646643DDBDF23BD4A8172FBE1CF6E88ED30984CED2486EABCC8E6908260F462F621323FB53D753B2A2FCE94165D8BE4A2A07015BDD79B982D2102082BEEB36CAFA248903B23ACED1A64BC65D08126DC7CE67192C582AABBAA92A39BEF70966922D4265D4AA19B469779EAD73BEA5C779215BC9179C8992D6FBB5B846A2552089BCE211079ECA7E6BFDDD3EA8E0FE34593922A348C2CC
T=0

[37]
S=$7C8D604
W=$5647DD0C8D749405E653706E87540BA26053C85963F3180FFFC8B40716A0E47C01B4D3A3993D6F81BDE9B05C5FEB639993DDDCE452F7EE9644EE0D7551E5BBAA45AC0D33430F257C9EC2DC67EBDC131FF2F3441479323CCA52F3B1DDA7158A7BCC9D4158E429E209B692DA0AB0E33C3972D5F4580E9B2DF1685AE142488F995C40F7F81C25FCEA77F6B99E6
J=$53540E82C6D1059D1A1A7ECEB84C9119E026FF439DB13E384E51080109B1D64467C4CD38A06186A853271DDCBA3DDA8616DF495D65CBA74708ACE4E4EB22F7B729CDE9C43CC1DD7FE2F203BF41501DDB06557E9B0001C9BFF45EB763EB8474B01BF896AED799B14F1EEF85E58DB939B824CACF82D78950AD198654C720D5A96708A1F9F7AB311636333887F9CB4E085E1B4F47D931FC876E9E1513AE733A0B78D18BBACC84D094BBB8FCD5AB207FB8BF4638CE80798AC17BD90FBECF12B3846553C7DB83CD466C0D6ABA0876DBBACF386F8372195F519307C5360CBF725D6C190B9B97DABB10951293F14B7C22751932C805A2DA47B80FDF806EBE9D374387357A51B81711CFA01A67B69A59AAC84019C9B7CA764BBD1
T=0

[38]
S=$1027B60FAB
W=-$5B51F924897AB64E634D0F6175301B623A3472A560E41364DBDB16119325C8F9ECC1EDDD450621064D93D9EE5E206252F3578405526CA9387AD42BB5AB7AB494BAE6CCAFB9B6302C704EE43CADC5F9BFBC9A95339D4DEDC2631E0EA419F4F0EFC4C03CB776D3A69A65B995529DDDD5DB3A343F9EB0ADC70AC6B93BF080A04F9966493C13CA7143A321D
J=$BFEA2460FD9ADAE98E8137F3A747AFE456D1CDBA4F9F73B8F912A02A0F7DB791150688A76F408B8B4C364AAAE188F9DBBA2713B6F0F884590BBB2267491F27173359148105EE20BB8D448830D4350D3F99D08D6FDE3AF3521DD1E74122878469B25115DD96B04539E93C8091C2758E6E761D0865729DC1DCA771FE8F5C6201154CC325F79C68603C22A272CACB6B1F6480CE2F736BD2B2C9A60707C0B09FE7B06D9BE68E27781CAE5776EFB9CC5610CF6C73706BCA3ADC347084CBB5382B44F74E906D83AFBB88BAD0F1B295BD68F97775FBEDCA9FE503501337C0A29009FB283FC8FEE7D5736188ACC6979EAE140B6D4C78FC33A45E39B4E9B5D62D639934BD32CF84777593FFA5C17489A2BB5FC2D187A5BC
T=$1

[39]
S=$1331DF8F3DC
W=$A667004B018CF76268BC53676144D4174A68469F0ED375DA27AE67B4E84BF2BC056C414FA22D838B72836B749099CB2E3C594ABFA7EDF642D8490B34E56D329A8D5F5A402A51262B01E65D4A6A242F2D72A25679079047763DB570CF75F3B98169F3D622A118381855C0816EAD7F5E3A9E0D306BEBF336C3FA6C0B763DEF966F0BEA64718048512
J=-$DEC21E137D0550D690A65286EBDE7D8CB7260AC368C868F574A77C8C98B75930FF9F45324A01B9BC8F24E9A6420D579CFCF3CD226B127D238F041081457F6A5887638ED7B523DC5C7265B70344A4E2F41EFDBD96A5479DD414E517E9F8F523C95E7DA60238D3A09FCBCB720C4A646799C5AFDC866646A193FDB6F368CE75B56250EBBD360F6989C2CD6CA0F26525D30B48D25C2A9280507F042D96F9B73FA8CB16A8808F18DA0C4326F8A1D385B11283315A2C7F15B465BDB0F3ED389BFD9EC491BDA5375819B743F1392C748179797D3BB251D57EEF8E8EC69F0719397BEB6EE2DEFC3AA651FFE351C8D7EAEF842DBAA2360CCB4EF587BA1BC9D12EDC43C43BFAC4182C2F95513D2B4B53812808E
T=0

[40]
S=$1B05A762
W=-$84C99A39394612D718555FDB21541F088F0CFAAE1BCE1A0BD7F2E09190D45959D5C9853686DF1CF519157332CDC928B7AB88FB906B05A302C8C51AB95FF8C2A65B5C78BC1C887FAC08D6B7289E58960DA2B61EFD9684A09CF3881D73CB8A94C3C0EE32460262E91D0A95CEC9346D64F33839FFD06FF003524E25DF7A4AF94BD390DA2F0642
J=-$5BB853AF5934D4845538F27FF757232EF40D10056B161F5253EAAB8835B0626F99A8BEC28F7FA9425F69E54EAB32E5810959EB6BEF52B21605186027D79478554D7AC6FEF7576048F831EB3B6B83C8BA235C64702DB0EE47050DFB6F74EE8AF9DFF428B1F29492029859A018CF88CB5079257BCE30E1BACA603A733610BC8FF906E8BFC7F6B498A511B53113E74A85EA8AA56FDE214EEA28B8D11DB6013C2FDEAA4B6577BE63FC155B01CDBDCE96C1C156096681B588EF2458FA1FE0C23CE7471F55860D2D9150EC24CC4294162ABC1BAC548685811627A1A6678E1EFFC32803F56A70E25173926BA182E9E207FB819FBC90A3C57D356329BC9854F3727D82B0BE341748A22775F41C2
T=$2

[41]
S=$26343E3387D6920
W=-$16FF33D9E63A58C7859018C476E5EB508D3D7BFE46AA1307C3A48EE36C7E8BD06F82F2C157A07F8B8AF22E4B31E5AB34208AD4CD6E526FC233A75CF9E3FEA378DD0949DFBDCA676FD58BDDCD79C03AB294F296C059A563BC23E8AAA94C3B0639D3CAE31C86AD003854C9AF002766D0238F6E7C8153533C95EA80A82F9E9DD7849E00D8A
J=-$340023274CC71CA1D56800258D47D1B3BCB05F0B31910087C852CBA203359D71C59E89AF33F6C2F6720780A99A4DFBAFEE992BF2D0C6F0A153542607958677A0049F729D8B107DE95649A294BE1C4B17E87B8CF7B25B805669AB03A37C7C3434ABF3274B2EE1C385642C1F594AD162ED126CF60DCE923E9BFCED18944D3E981CB4346D72F7B9C9755042702D5DE0751208561AD5BBE225D2C680600DADAC5ED6916FC63707AF6B475C1F133EA34623C83B4830F9A071B656811950824E8A30A67324B33D8B0F86AB8A4C1247AF782A6AA4F5DFCED574CA1CC54903997E32FF1E7ED5D15ED670BDB128FA42DD48EB328A8E94F9BC4FB0840986899C7F03CDF160C8C977468187
T=$1

[42]
S=$A4603ED12F
W=-$3DF090E1E3E3AE4EF228A5BD82D97B9A6D564EFCBB2D8D8EC78E9F6E56992323417A3A00703B0E2CBD38ACDF3F2B5B7795ACE9CD1AD9A0BD597A9CB2939279E5A88B8D8EAC1D55FFFC67467D3498892474997A49175F77CC3D38CEBD21DD67708B1D03AE414E6F34C5696081B14FF9A52F474FC8758E18D8196961CEDED8EE5
J=-$2583FD2134B0A11031B844253B5582A20395F60C1760CBAC5547282C56F09AE49ACE652C74C0DADC64119DE416E9AAB48F838C28055DAD6FF0625A49D6E808DF29BFC6FFE686B81F286F1CCAFA30A8D4FD1AA08FDBC604BAB19E55FBC49D6062D2ED1F7C275FE792DAE348625DCD9B0C21F3F9A67E50906AD729FFEDD30DEA2DDCE7BEF337C140C21BAAB57E86393ECA3B5558EB935D9C1D064294AE8E0CEF49F86B78D06F86C326F449E2C04AF3AF6315A0F43AA1241896BA1532A70AC816CD098B020205BD724B63EAA44C00441CA5AD45D941B48D991A56BF82B5EA4C9931C60AA432583B2625B41B53ECE2480F5F30AF61953280D4EC32C2EC6456940E
T=0

[43]
S=$B1A1342
W=$514AD33FB6CE261A83ABB0E5FD41A9188864BEA186E089309B648C88DE60E4C88E3EC823837AC25CED4DCB3EC2343C0D35221EF8D8E8420A27587F2C7B35D486FF2020ED0CCBE029D6B7CF0D6062A50D0EAAA0D388F774B1257EBCC68E38A1C4F82A6526601977D968FAFE4EDDC0BA7AE21C71633188B9977F61526366
J=-$204DDDFA1B52CF9FFD6F03810EB5C26A6C5847FEA302463E8742452AA1B7A1655B73E569266CE055E2FB3C044C5B1DC1BF95E32E9AE20F53AC78C1535FA0BA81F5FDFCCA5556280A933AD49720A930D5C8C7DBFE70A7F5DCC46494D4DCBA03801A29AF307944C65BDF8CF1206F190520C78BE70205C53EABEDA9B38DBCFB74A04C7A1B3A653C96513EFD6EF3914F19F22F5C9A18AD242C7609F10F1ABBAF877069582E9AF579F301B16D8F923A869EDA614C2D70F7F8ECF2CA12E1F64C8C8FD7002991DD13C05A111852D415897F1E86FCC974EFB0163887F155DA30C83133258615E3DDDB30863D087B0FDF686EEF32DD1A42BFC7EA35A3360B
T=$1

[44]
S=$2
W=$11DC07F9C3D972256AF3ADCD2CA61B3F9167EDBC75C83DF95D96910C856C28E2FE92A38732597DF221C1D08A9E82E22548EA6E478B9E37BF105F667D0091AD3B18FAB46BEB483073BED0FA1F6D7EAF44F132629EA518593B76392B72A66124BBFB66451BEC4AA340975464729E8D3ECA0D00DC62F78AF02F4367E96
J=-$4520DFE6A54C5CEBE694AA311D8D2FC49D2D1ED2AA01D72EFEE15E0C7844621DE64BA8601AC082D21126C26D352C0395C747274C55B45AB6097FF4F88D016DBF9875E95DF89BACF59A115E766D53E0BB2FCAEBE15B1D6B7ECB65D84445513AAE16C9A3BB7C012F3B043C0516432599860C60D3D885EA5FC34E98288FC36EB9E759F2EF44307BE00968ACA7DA5D6CDF2142A3E30B8FEF4D7CECE0EFEAAABB2E31BAA12053EBC440749C6781F361A11CF113A3B98758ED69E9D921785E48A27410831D9F2FDB7B1C89567C2495D2AD816048D745E293D8E304B92F2C51AFE710393C18DF96ADAC8C7708891A8FED830EBEB56352C7D3A74
T=0

[45]
S=$11129959
W=-$E8F3A03111CAAF26F6A47BA65FC2D3DB60E5AEFC2F36F5950DA2A1493EB50AF38E1319C5F2A884CE194177477AB22DA1DC7975E057B5DB8DDA8502C248E0D791CFBCABA5FECE3EF55F8F9FFC66DD41B340D3A376DD0E56534564477085210321F0C637781D542AC01C47D79EA9DDE30DE4301B5ED577FBD7E5DF23
J=$81ED264D3E9780D4A82EDC76E0EB0332D11C5B6E3B8D892E9C60D2C3099AE56BDD647EAB2BFF822900C69E572A74967543C1609A55629FB72E98FC5E273EA2F98693A487B127B7B2EE7BB411D295EE42F6285708F56E440D83643D23B7F6C455D769CFE874B007E2E618703AFED8DE7C443ED6702237F18B579F6A63A48F1D7BAD89B7DBCE87E5ED95A43D90DD0D64236D4D5DF76AF04D3197C3B2CE45680103F1258792DF690B710EA405F7397D0ADCB41E03F881751AE04CF8E0D8616D64938CDE166D92CC23AB6ACB0D8A1A9DB063C2757ECBAF87E980396E787DC6C7B29814CE785EB2052C5FBAC0C4624960D8273ADF1819A206
T=0

[46]
S=$2A19921
W=$11A056E50BF7D7712AEF904FA5DDC71408A045CB8CEF2992A134821335BE37C644A27AABE943643C6D161F71E1B7591872EDCBCBC69F22C1366973DE81FA45ADED83F5AFD07712C5D077F2880F3932A68DF600FCD28A2FCEA38F90A72850FAE17CA9F0D1C3B7DAF852B186EA03B6EB8CFBDAD255CA36D822E7A9
J=$4F8204576EB6FE8719A0BA8A891A39E5F82135450A2DE0B4829773304904295866982AA546A3CBCC626BCF8A3B3CB2E836673DDD1B2F20E1CD3E7922232919030C7850F05680DF943A4B38DA6E20CC671C9E08C6BB3532BED5176E54EFF0B17FB820D01333B526C0C71DD508495C6ABFBE241EF13C539D3FE29381E6A99B9BAD6FC65A5122E83494B42B5C76070A7BB83B676B6D8785E1E3E893D34B76A40E0E48619205E348B015781166B1577C2B8E52EB86CD80FE7687EDC752EFDC482C20178BBD2259826295BC3DE33E5ACA8DB08E21DAA6F3BCCEE6018B448428A8B1C06375580407F124113CE4B860E97386CBE6D63
T=$1

[47]
S=$182C5F
W=$C035E601E85CFC460B1B9D107F04DFA2157772A774292FDAC5807FAA7EFB058C0FB566AE2E8F67D7B7614BA1B7DD2DDB64BC995A35911A93E1607BA3F1D702D04F5B67E39007B97CD78E440E1BAE58836DDBD99F9FDC585F2429F4ACE2FFF09BB7A48BE35D211EC8D844AED90AFFD89708956A05AD06F825
J=$19493409A5EF1691C22FF223E34C8EDBEE2964EEB320500BF2A488D2B76D7EE269B430727337C5B14A7E06A6F9762E71240B235266CCEFE2A92A9582B4CC3A21A373A958EECD37BC7CC9E857C44142D884DF65D492136B000E11A9825F27BE98629FC25D38D1FAFDD9B002E8F63B92C38B44161B480996D8073B003878DAF6923F5FF9CD55F2B9763D4450703DDE8EABEDB25608A16DF289BE87B8D4CF9F6739C71B1F1848105431C75AAEF3141E85CD70FE10F3214BFDBAC2C76F8C4FADF896109D20EAA255D88F40C21BDAACE63272DB78179393B71009A4E05C8832458D5E28F6E495E0D15EA50572667BEF9E5E3
T=$1

[48]
S=$E89EFA40AB2968E1
W=$F56EC0D339983A47A1A17B9F09A25EDFC233567BCB668646CD298B850EF1C2CCACA83977CE3B8FFDA9FE22304260E473658B0A4DC3ADE1794FC52BA9B52D91B16A2CF77CF4016A15EA512F5A9C0A7A08B42FD66AFAA545B2CC76B901A789E700DC688264BFC12BE8283461352919DFCC7C0DDE2B10569
A=-$108
B=$69E
T=0

[49]
S=$108C11
W=-$1665D91A3CB325D4E67BC77C75A1BF5DF52D6D78682328F69444B4947089837B91053AE3D7ADB1B10A2A63038D58A3B0F9656F1AF723E3042624E1D8CBE05506323D32ADCCC1B733C29120259D8564C29EBE6F84EA7CBF8997D8CC738794F12FA7002D9F9DDE5FC17D20C76AC82A464C249B
J=$476DF6F72D22797AC6EAEDD868607513A6088A6A50B78CD2EFA84A3DA6435D47609ED029C75A480C4E5E4C5521E69E3A3C660737B4F71945FDBAE5ED9F8BE1065956012B9E88173A7FFF95BCF91D6C3D1E1905EF342320888ABEDC7BEF6F50E3529E098FAB302B0282E07DF77195054EC5A6F8179E022E4F7843257374E3D9D69B666D27C2453C1B3DBE943C3C6C48492D98AA0F2CF5845D78248810237D05FCF8E10884016A6891C22D7B5E911E1EC65B4B6083213B85BD20C5EBC8740B9F4B5A6553AB432563195DF87953B4A44D1E7D429F3696FF414450996111EE2917ABA6BAFB32C0
T=$1

[50]
S=$D599FD8
W=$A1D8C8D38E8249A30BDF4A56B17A3614A3FBC1CEB3D00CA60586F71F9F142FCF1F5A14AEBABD977ABD419F0463E72B6B9466058B0F5B4550E0CC6905EFC244BFA55676945542C5849C99F7DDA4880D755EC08830A126DF435B6E681763B99546989AFD5B32D8A37D9FC626D1C9410806D16
J=$3A7C3DDEB3C84B4668B02302C1AE1DE567E9DAB023A076D1FD2D24D86FF1C84779813EBA53DEFFD1BFE09982B24FB8807BCAFD2971A26A2F7AF05BCFA40B1DC7186CDCFF7DBC7C76E65A25F1EC7FFDC22A4C26B21235C1DDF4B0927BC2EDD045A30D410989AD99267793E7E43E354EC24C40F7A041BBD800FDD5B43BA42641A0EE2376C8E7397898E9862B6EDCE324D335EEEF7670FBD37304F72F08A6FDB01477B8EC19F25ADCD7CEFF5A73B998E45121A979D2C6064357DE21B8E30907F06536D40CB679B2C37D21A110633A9BB7605508FDB1652E1508C8C856264745D05C2014
T=0

[51]
S=$3B0906
W=-$2431A4FD00C7CAFAEFCCB7311CC47DDB00D1D39BAE42844D431F06368FB05426F9A24CF46337022E5A37A45551DFCEAEDAE7604971A478710EFC15D9D07964D92A4E82506767B2C3B822292E5F54B342B30683F617FF61DADD7DE911C4BA8EAC8093E9F34C805C5B66EABC81B7F6268A
J=-$43D4F60E3798C0511913E7DFCA26F805B6BE96C53E72292285CE2C311AC87BFE57227CC694519E69A315890C417EB0D75BC7974D5B80B8092135EF2AE49F857141F179DB2D233807CE318C6A11BFCAE5BC926A5E25CC4C51F53C4CB080622CD8151A7D59FA1050FAC7411AB7AA272524CB72703E6DA467549C945AEE54FBDAC2E1592F7B9C459803D8A60DFDC3FE881B07356887584A4370DE68D023D2A1746FC7F510E18E53D11602E07202891FB076159B7056D015BB916887E71D07D518623D8588A5C6866E874C2DE992EAB88D9A57D5CA4273D25DA6F72AD55C59B08C
T=$1

[52]
S=$AB831
W=$37A86BD9A773F667CC5931BD1D103C74C442C2F032C3AF75C49A73AD3E74DEA05912341A2A03C7D5D548AFFB0A9F49FF92ACB1AE1B5042AAFBCEEA84AC365D0760F2F2756F87B8FFF54F96836F950D8FA15D7895199FA19FF2829F9CDE31D270669BCF1AC31B12BFCC46DAE21CC49
J=-$2EA3674EA1420CE22D70DD89F4F8DE489F3710E37FE0308122E9F63DBD883940FEFD3C503AF5AA2C87DC11108E9EA308CBD7D08F30345B6FFF11BE9F7AD0602BFC905E305094AA31C17C837EDB150E72C02F89AB3FDD917CB5799C1DA3B8BE9D8A202F44CAC92BE6FD9621A074908723878ABC8CA8979A4275EF1C5A54BBBB0512B0C14F8BBBD43BE58C240F258A573C104AEF0BA14204DB2C99EA07BB3091086065F549E7AE2BC04D630D360B4758DA27776D2628E27631BFED028F23D265F3B75D0EFF8C6CDE64897EFEB6E53A9442B347A9BF80C5310011956F952
T=0

[53]
S=$12A6
W=$10D4DE9BB53CD67B9221EC33EB314E5B038C96F184767E5358D96E0D6D84DCC3CF575EC3638371A0E2A35ABE7C176751174293B3142513D25BEFFEC2749BE5992E1BED2E4CBDC9C7B037665F4D24818F7AA7D4C30A63E539A191A5371AA26BE5CBDD51BC508CA845538552AE5E2
J=-$131C75C8C4DC07387189F65C0679DFE6710125AC7C75BDE16EFFAB9769D91F36C093C66E2E1B71F56AB8AE375F47940B0B903F236BBF12682414C096057F80AC4BF6C9D098BBBA9D06F46ED1237DDF34D0C5A25665B46B5169899CAB7D6DBBDA63C280ED2AE98C9F120646CD226DB1CC67152C82FD3D1F0FBB1C880CB6AE2A6863C47712E77E18D0C352C286B2DC817623D9E6020C2B94341C1AD460EC25529A23F199A1F662EE1B48B747BB919F4021C675B3A14D0977008BCD14891332087B0B54BE5E145B3C720EF2BB3B69A99C2FD1EC977F77DF6264D231
T=$1

[54]
S=$2540DFC
W=-$6903BC0B7AD303ECA2B92C8E971E5EB5160D74273EB211636598E1F271CF2E6DA0F5C6E7F93B3921F4ECE5C88307C37B032FFE497D5F920CE6C41AD259514B8F41132345262236E0849018C69256D7DB3BA3E743ED8317C4F09979E54E763BBB1C0935B185FC5AF48D17B72C2
A=0
B=$3
T=$1

[55]
S=$195DA030F1
W=-$30A306D963C2771B727D3A9FB6265172B6ED98FA7DAA3C4FDE0056829B960C439E6A969034D9A519B4035E04E2B8255FB85F0EB174EF55DE3EFAE490F2EEAD42C00ED19CE4665E01711E73A404C0ED498CA98481DC3941766402ED496B8C2A19183F07D04D5DF151EF7BB5
J=$16C6B762EE5D99F0C77E15DADA5039E4B40C412D45E95B841F9D788FDDBFEA7B3F227F8000F16D58C1243DD9936D766785A5594CC48597E9468C1C3725DA0A166B7BAFF2E5906D20D2BE4BDD42AE75022547C507D0F17EEE883F7DCD59952387862BF2EDD75ABF62935BDF73A36764605FE5161A50A38B423DC96B97981BD5B2E4C85B7FEA2E746A78D80E49CB3BBE6D56AF93E36768BB576C427F1AD631CA07CDF7AC76E06BC2155599B52547F167404D9CCD3EC2F4A39C632463E14F9434BAEF691FF7D17441BCBA281333D95866F52BECFC7E733
T=0

[56]
S=$48D0CED48
W=-$8B412714DBF9A06974B0CE48146FA9EEEFD2D8ADF27C8A3FF5A5C48F91DD8F68C404DC764A67454E901814F3657D3E87A11C4CCAF7D2881081F76DB27314371D42D60467E67FFA833718376D964124BF1AFF2D0B91D8C08327FD2DC152F210F9F4B7669E3912E1ABE
J=$CE9FE182A67A057DFB701741B366328656A016FEFDD4FB30DC0B511F1C42EAE3DF64B670BDCA770BBA6E06CDE74F7E8132A00971C44236DF59BC572A3C524074D3A51D2172F97B82D0039AF6F51669888736699F1DA48E33C3FC76003EB5756D83348708B5ECCF450ED9C7BD4D1E29B7887CFE7080B4FED57F77FD2FB85A36960542F5917329F22C09FB08F3C531D2F055B1177B627E6C4EC36D61A79D842AE4B9A479192C988465AA2E7ADA661900FB95DC575DFF42B7DB57AA37CB80E4F3D04AB4E043DBC4694F51C471D957B9604BE
T=0

[57]
S=$F394A4
W=$2DC93A6A1C8B4E436139E41374F50ED2135702E87DF1C59463404BAC410A7A37B9C8709427F0F156782FF4403CFB747CBA4F0A7C10B88E93024CD5A626ED664937058882EFF1CA190BD516B1B98EFFB2C34306D08C07E36E2E780E430112C34D9ED7B7F551760
J=-$C029745D50EF98BDF844715F2090439468A88325D246FFACF6C29712800804AFAAF0B95B1CE5EF10CAF2185C87F4980DBDD627FDE46646D9B2F9A5494D801D3611E730A3B96C027BF2B2129C9A401B621C30C4E1DB68C73044776FBD425316B166532E5215151629641517C76846E0ED5263ECE8A480411747EE157CCF793F207E6AD0768FA6A4EBC1F3C9F540E8AE4F9A98593030827AECA635EE988DC8BD28110EED19191DBDFB92FBEE6F4280BD4F4896B05E06A8597876769E805B0015F258B26D0F1F4F2B830E3978B3
T=$1

[58]
S=$61200
W=-$3D694C3540C552A512377EAA11216EA4666227A211D058CCF2F6A0D15A1998AF98D964224DF82A56C68C13B71EA5A26BD2AE64EE13C1C69A2389911F06BC82992C18377C02920737548048E5862AB652A8A54A3927053EE1F4ADEC5EC239EF2E41D590D020
J=-$1F23222B46191F9EFE3AD12A48EA20F1876F6EAD632529B7F218BD32435961C7D6E1EE29CE9A72411DEE7CF4282C1D2668762DAC6AC6BCEB0257FEB8C042B7C137BECB907B52E863992D9B02AEC0190C9E6E2543E74D1A6E064C49BCC8A787C6AE427824C5B9710BE4A17FC05B52D141E76D4E39D85FD79AAE6AA0F898DC4D98F7B4B3673B642A59A9ED42D1322439CF51DAB2A16D568888AF889E81E3358486C22FFD3563864128261254CCA1AF5BCDE8EDA10277148D1FB0D82285210737A7C87F6BF3EB697628085
T=0

[59]
S=$91071E4
W=$270099C70D6707C9CDF46C5401BD4C7614620726DB053E0370BD21B57C3EB227DD75AC739C116F9D66AD044B713C61C458C603CC98B396C74ADB32EED7F7A4B6F8B4C72BE71B2C67C740FE840612CC797D85C2BB012018EB3CFB1B27A00BB7E990E164AC
A=0
B=$10
T=$1

[60]
S=$A74C4D829084CA4A
W=-$69A2334B3FB490F01B473240AB587DBEEBB369312F51C2906E4798B0C83810A10DB291C06F4924FC605788DB607DDAC885C0721D6DD7C0DC0C3E91DF1CEBD6EB3807601505E2AFA9484059315B79AC6063557B50D390F66C31EDC400CA5ABBF180B2
J=-$DB3E270B97DD3D25C000F3DDE76B2E449FB8EFC85EFB59454E42016366B3FD24F6F91DE4EB32D4F429CCE45C9AFA6A857631AC29BFC90C2720D8BE210DA79721041CBAD8139EC348B01AEDF0A2EC0E2B9DB15093BEE10138B42F3296666A2EB1D081C286DDF8FBEDB23A15CF2F694BD3AFD5AA4892798A46DAD6314025C817A537D78EF8042518787B2BDF5432C51D6AD15146462E017D805F922D67FE625D0456D04ECB1B1E2115828F9C948D7B9F6EA20B70B4C6495DF31E2C5D53E739DFE97A9C90
T=0

[61]
S=$1FB69C
W=$BCB3BC4585A4C5EE02C1DBB2F1748E67233480A3AB7017013E7E235C0192E4FEAE4BED16DFA9B87760D8F02E230228E8E273D35F218D11DE4666431B355F8A9AF32710A95B35A2AA0159038B1CB9FC5D06297EB6FCB8CEC3878BA9EF8254
A=0
B=$8
T=$1

[62]
S=$D1B7F40
W=-$2A310C4444AF63D0DDFEA01415FE305E653A75501EC8FAF4ED7B2749C3A02F10448EF34E6780E1A22E70983AA1C635C2B42100BA5617A24C08D22AD3071E6162B75B4690D643F765F5CB2F9887C07C97B891A83BE1E2FB9B05067F1DFC
J=-$CC45791DE854677CD7497BE3398A378F35EB60D991CE5A10D45E2D223150F9C762355F2C6E235A562309E02678CA14452E411A56160949D66B1013FFD153C20BB0556CE38E0E8DD9232F665510F80350E9A5D1B7828132DD598CD2E25033784E552ECC6D6DCE6BE7E4B52132C0B6C76CAAF58ED5798543AFF70216FDD081B353DF58D4E5A62F6FE6FDBA26F45607218F98E715F038BF4C005A00238E86F8CE39C88F01A6AAD5556BAB2357304E03C22F0FBCA59383D8389EB8
T=0

[63]
S=$CAC05C
B=$2

[64]
S=$84940C
W=-$E2EE2D5829DC3CD0DE73ECA683EEFD15919662E30C347DB2932C73E2B263AF2BD2D6BB0C323C13948C34A2999EE42225595A5020FC92E63E5A04CE38A02762C5109AFA65BAEB871332469F27014F1E838082A47D3811FC5FEB2
J=-$B0BD35FE74778448056723D0AE1916C47F8BD132DC92D9028CB466022695CB4FDE237A22F22B26373C5FD38FD7CCC9B4E56FC95142E4CCFC639BFFA5FAE86488AABD947953FEF371F76B907D3455F779A1542D3DFDB33AEB4604513F1497FDB5DE94D8BDDE0725AF922581633C65E292089AD68FD1367607B3B1728C8DEBA032DB38CBE75992B3E1B83FC01A44AE3F2360FF3F45F0E8A3B2985B10032696981A15CBCF2B3DDE79CD33703DBE52EFAD6B33F33
T=0

[65]
S=$31127C
W=$155F153F88382C7E1B5431F89DF0BE282A98E249874BFE28C98E78CC72760447F77946971DF02B26BD83E826962A5B6D2359F115D7025AF52E35383BEF8341A3CEC6A61F1EFB42C339D4CC509FC43647003648541488E4CD8
J=-$39D5426C6F77FC62368D9A8DB6450D2BDC7EEFD7F87A97DE810DD56ED4DF1BA23C7714E7DFCD48A6E55EDE57D1A2C8EFAFFDA1AFAF7A8A00805465879C6C08A4A33C6147C1A36C87F13DE52C1DB42C19F691EEF1FA1FF2ACC7495E95FA0ADCE27CB13E281BDA387DBA9B15E8ED74D36A397421B32F0F54EBF446D861A3669B1FEE28C046AA1B16F8BB0B100AF62B80B8ED39BA4562041FD45D3C09138BAB68F4B1D1C93939562CAD4B7B3B9E587F2F53
T=0

[66]
S=$49BFC
W=-$30F418C6888C2FD7096FC13DCFCBA8C2B60E8F16AB3A1084021603BFB452CEF1CC2101DD507E7C2C1EFE87869D86CE2873EAA6023A05C964398A038542CB6D62FF3600FC2C7B31496D743823511FC6758C2934AB32FFE
J=$108F4E055B95F1040D92F27D582A60C2D7220295D736369A00F73402FC2854CB98B72D515AFE461B1301895988062DE5AFDFAB01926E92E57088F68C923D291312273A9546975A7D7F4E1FF0D7377FD0C6AF66552A1856D4751B012EAC7B24D3DB5B5E9373AAF575D7EBB5FFD072D03A8689EDA50056E731603DB04B146027A085D6F7336426B1852A22F0DA4D6212A04AC4C3D05FC9276C80BDC87A501954DF49C86642DCEE76948AD1F3AE6F7
T=$1

[67]
S=$2F79688
W=-$12856F7AE5AEA4D21B53C9DA53AE95DC444AD0A9C637D4DAD19AC322D2BFEC8B538C059564C3925466CD26554F32F9ADCDBE5C784E615238D4964F4E5A786C04E7BB9A15EF99D5E609E184368277801FF3620300096A
J=-$3E1637A56F2549D61430CD2FB165D9975590CD777D7502E84C6B1D304800D3CFDD6F5088D182AA99E71C693CA6CFC805A704F7DEA667DBD16302268BAF513AB031F84C1F170BEB5C6C4FAA0E4F07CB0569B1F099EF3E70B8D3946D242728C4B3F776F72A2B62550F8567B5D467E3CFA2AC6EBD6DCCADF917B65C2E49F94EB51C0E009AD7E1F3D8D59E50BD8271FEDAA4E389965CBA9D75750774DDCBB199B3BE37D7A3EB9F2111C5E3B796
T=0

[68]
S=$E1DD6A
W=-$4EDF08C970AD26377272E478AFE77872FA07AE238A89B76DC886E4F33CE10310505C0E4B391860B5AF7520BAA973BACD59F576340AC9FE83E91B528DB736A7F9CD067F8617AD0A6C11DAE4F52617127B2599985A
J=-$DBEE0703C029AC5CC73870AAC87D911A4CB43AD63231D32366670CBE3948F9AA6EDE28511491B355BA6079527A2DEB8F822D4C51F5C5C25D96840B612E9BBED2155E83D7BCAEF3BEE163966CEC2773453C6EA3926611E3E63E6E2D8EC30FD171D683380253607D0BAA3B75AEF2B6BC5FDA1525486B18ABBFE2BD2C3518D569B6E0F2E2781E9FF2DA064FFE73ECC102F91A68AB77142905C4A4E5975BDF42569908B06DA9E69FB38
T=0

[69]
S=$28B3FC
W=-$376374DA92FE342F46B77A530118A8A77F48F49B6225F8A8D99A259C2D1C18149B40FFC5D2742FFE1A1B449F592606CB22423E775B5F93EF3D605E4ADEA8C25C07FD682C74CD5FDBC3642333B977B48A4BDC0
A=-$108
B=$69E
T=$2

[70]
S=$A04DC
W=$225D708C55FF5C3025FB43F3B0D7307DEBADDBBB930CDFE296D607973DAFED762E886702677118B25C3114C91AFA185951FD7F6461C0BB04F83546D304230CA32061FF699161F0B5DE30AB9198EAD83E746
J=-$4D9F841EDEEB64441E33CCEF633B2A0ECABC3AB41854F705A8A603D2377E9FA42BC1B0158EA94906022EB25EB5E58088DF07BFD7DAD2877382E11486D34ADF62AF03319791AFDC651B291DDB0EA98F4508ADC55E558414EC0650CEAD6B0E80B83B0499D9C36F32178A1028015431B3108DF0910D576474CEEC18377F166957DBE385087F2BF7E76274E9605C981F9FF0327F91FCCC22D54B2E02C63711081FA416C6
T=$1

[71]
S=$92D56C
W=$A44260BECDA1606170B7924A7FF5F976E17212ED12D7DF1D5AA0486771814AE71E8E12F139793A94F4CBF70E881B090317D8CFD36B23200C2264987ADEBC4F3AEB541979F4CF7D89F2B89542AA41CAE8
J=$3E876B34182670F66E70F3EC3EB89F555ADA912018662EE6BE15211A6CDA7ABCF2143A492F66E1E10D3E70C8092A240B1F0FB03C2CC4EA96AD7E6E1C9EFE84DBF0305BE912EB6F2CF83B4A7E9E82A0EF3DAF2021B81D75B458BD825C8174BBCFBC4521DC210D65C52A9558EDEADD31AD6FF0BDEAB2FBE844D41A0BE004AF88D3FB78BE1E21A0CE9845CFAAFFBB7894A77B4E92B6C6E0D844FBF2CC738993E13
T=$1

[72]
S=$32B62736903
W=$116DDD6F9A08E2EB9A0F9139B7D306E8B4C453BB629AC170192B428FEE82E5875608605D0A84780083F741A734E6A871FECD255538DE579C7183F1B6044966C772F350025AA4DD1949CB53C8F9C17
J=$7DE5DF5EC144A6B492601AC8EA5C8958BBAD0F9BA1AF679E0274138551316C4A59F8DD1367CC09E87B7B6162E7F8F4AE6BBF9A991DE4249791E10633B7534710930831B5EB2F6E573EB505AFDA4CE2D4663173C8C41F1519C9E15A3476F609BF3FCC2CD7D7DF08AB527CB1635791F0CD7ADAE87DF9419564E0E8D2911503DFE55DDFFA70B9213C98C0758CB28B9A5FB3E73385534C8174BF1E52F8A1A
T=0

[73]
S=$238C10B
W=$6F3EF45486098E1339227050830145C204193882B0D5113C4529302E2337510EAD69BD6F7157F5202DBD8A8CCDE35F9A22AED75B556D33CD50DBBAE1E2645137BC518EFD81668A9D30DCF8A3
A=-$98
B=$2D2
T=$3

[74]
S=$111804D4CF
W=-$47D38C75B0E15E66E54B3C9A2DC251733B0A2066795E98A5886E4C01FBA8871312EFFF422472BC8993543FDE5BC05FFA487AEC2C3367BBCBAB23C9F29F65F0CF8F98B6F3794DFE9548983
A=-$98
B=$2D2
T=0

[75]
S=$31E021E86BD2
W=-$14A4E984F69C35C0450FF1E3180323A664CCBCD2C593755C7D6B02C43B986C27E20CF9C3270D09092E819E67B90AEB4E71B1051870D8A5AB595576527AC1E9CF468387C874FC21F18
J=$264585C3D5340D433B1014E0505AC4B8CD3B669BC43F4CE48C02AABC9B165152125A9C717311312F33F9802A79B84F28509AD3AEAF415358C9614C7B11C06468BF75755543BF34F0E43C772D169FF8EEF0D8C13D138E6F76EDC6500DDD602169653875F3915590406C26B950012E305883500442C80F6D388A5F2088D6D15FE338E7DCE4CAC5756EB11AA6124370C8A1
T=$4

[76]
S=$8ECC250
W=$2108A0D35735DB46E0DAD80B3AEABB05D01457E10B6CBC9AAA06E31FC1216DFAAECC571F45B25A6667F364903CB1C167D21E75EF0348EAD0E68A31467A3E607B9B900539802
J=-$10DA2090D4EA8110A0C0F25F65D118C9DE2E3CF683BE09357AA36103CD0BE64C0043ED6540873AF6930F2AFE8C5227F16987D361381A8616D3503346A39C8ADE8F3CCACE84C4241E550C162C3ACD58F88A8658B3BB6F03BEE1FE6750A59F0A1C742169A82B882975E1B401F57CDE5C885C88A553F4F1C1244C7DC21601AF061E388C912C39F65034A3867
T=0

[77]
S=$B3B7D
W=-$FBD67751F415183B4A488FA0E860FAF969335D9C6A6955292C4EBA806B9E8B880D1953C40114E0DBFF34A817254D5C8BD55DECE408F76563D0B0BFD57A27981EA30CF65
J=$6CD0A4B8ADEE39443638878491E02CA13DDE2C5C2A1FD66361DEC739F47020DCE4135CFC0D81BE2BF3B71077848B7B4FDE82D6AEAB2531D35D8A2AFF11D08518A6357C5F3402BF72AAC3153E81C11F45B2DB0FDF6E3CE6F28A836C4491B00D9DBAD54C326B00404E474522A2584281CE356979EAB4DB37CC9FD9A735F3D6D26430633CD784A8
T=0

[78]
S=$97802A08
W=-$4D5D25B04669050B3F9C4476FC42156AB5677DDDE928664AD5EE1AA0A9DDDDCCF6B7B7A98DEE6D74203E997DC0CAE8B44D081A2ED0CB828C32F43213A7D86B54396F6
J=-$13A66CA8B81ABCCDED9000E83D63ACF4203BE5CE8AC4B93775C89DBEDB804730D018C97F4D61902706842035D9BA61D08D33FFF70413D4C6CDD60AEA439D50A1EC95265F8804CB3148C5676FD60148D0674AAE9B9C88144ED8B2A1A4D5384C1FFDC70EC551060863003C1E181E652732A13A026D9CF02B534E88A1857C9149E939845BB49
T=0

[79]
S=$1C500C
W=-$45AA11C584DE46B5235546C3D8B3850F78703536188479CAD77E6606A646F395388592B45FF27F4E8CD09D37E47ADEB44AB54B6F912A6F64360A2BA5227B6C3BA
A=-$108
B=$69E
T=0

[80]
S=$1BEBF92
W=-$864BEEA235E96A22E969014736C5A2831322DBE2859910C2BEA3C224D60F6B0C2A42BECF2FABEFBAD5691121B5E039D075C76AA60CCD2CA6F7E9568C2809BA
A=-$1E
B=$38
T=0

[81]
S=$1F1022
W=-$47755D23E0F445B28F1E5230A9680C94F9B3AA1861795E4880B08BFE65D81997B056E2EC9FF1785A2D0EFD43B6CADD18E27F65EAE02A7DAACD62763B86A
J=$CE44E073300D0C8D593EE4C100E281AD33A03575F4A62A5C845546E4272807EA8DD9F950E2EB2607CC4F4D028D007BF16923539DC6F52CE71D23A587E10538520928A5E87EEDEEA06FF149E36C15D777C67587ED9114D6E7F0975A2A035BAA5A61649BDD415534FC3417EAAC999D8DAD61A3573C6FE72D495AC77
T=$1

[82]
S=$17181A46DB
W=$1DB89410BD4C01C5751BDE41F5751BAC433B507736DDD0EE8FBD7357C1C1BAEC35310AE68A53DAFC3A949E866333762C254E6515905A5AFFF338B1C17
A=-$7328
B=$1DBA42
T=0

[83]
S=$169713
W=-$359518B50992D9F9A038F6401FD0C14100C035062BB72F50453C2681047E5A77F165E6028DC84DD99C9756A8A9BB73552FAE9A4070289A5806AD
J=-$8C493E7F8FEE00AC5E74E61E950AF56B45647CA314C9D772005FCAD32096B9190143E645BA4C2B110EDFD0EB754333BDB67DE0140A787C6A6C6E17BB4639FF256C91161FD277CD135FC6123E4B3F1C655BE611C5AE2EFE1258F6182C1FB3C25A9714A704DBE260273E267A4DBEEFE57F852CEE0
T=$2

[84]
S=$839F2BD0
W=-$155E90AA05BFA98A9C4BEB42669619F3CFD46A1847B7D3B51AA7C5FFC325AA297ADB5C0C847CD3F6F9DEC28BE0FD3CB7BD1C94FC134C77879C
J=-$2A61D926093C805CC339285282C18D2EB99E0F98E3EB48E3491715B1FB48C1B1F80F907601A0CB87DE6D60A9329284768197F0E98EDC79F3DAE84F2EB2DBBAC5F22B5B4B3E825F85B7C9172D2A06065A0F0584DDFDD2BBCD0B327F2A2E16142FB26AAF1C7F89CF4A39F950CFD580A76660
T=$1

[85]
S=$9D982
W=-$DA753219E8F85C655041B2B12C9BD8E0AE8AC5AEE73152527EC8AEEF103C7F8CB3A5C99C05B82FD70969B1C8FB18E3BED8EF808035902
A=-$1E
B=$38
T=$1

[86]
S=$58905C
W=-$C7542174D2DF7D38EBB1710AE07C08A2489F20A61596942608AD0DE16456B642B1B1CE0A137E36996DB39341A985C15C7FCDFBF0780
J=-$F41E23741F4683E2DCD3DB18DB1AF50916079690EA9765A5C0895D6C89D6DB0A7616CA0980A32B2D2D2601EE57D10B2E9E5C4B9D0AF1A066282BE8D11177906FE23483C342B0DF6657DDC815573D6F1F7B75E2A7560B06E7B49D29C8C60B1BF00CB83210C54BE3432AE3C
T=$3

[87]
S=$7CF3307
W=-$15F07D85729B00CE6DEE503E33F563035CDDE41B8862809EEAF92DE20317990264391800CC55E60A34EB811482C3B285D0973B501
A=-$98
B=$2D2
T=0

[88]
S=$4A6FF
W=$33DD5AC9BA0C881ADAF7FDC578AAF4132F0AC2E33EF7446275037D44AE6608D3EF59C67C673712C23E830BCDCEFC8E7CABBF5
J=-$6E471B4433BB9437A469BB4AD583F393E8203F4A33E89FB19634AEE5A34C454DBF9E1E179F96055C72580C3023D3BCC09591DF2D4716BCBE1679101A41AE1E53A996116662788431329D3FF83AA0830B1B2FBF54E3927F45359C972D1BED9E40449CC1BD5
T=$1

[89]
S=$6F66ECF
W=$36334DA7D5C9BA5A19DF55E1EC447AE5B2EFB26E2372EFE6423441B32DF20437DD2473D934D18C4D6432FD9E5B742FF45BD
A=-$7328
B=$1DBA42
T=$1

[90]
S=$1C29539
W=-$13AD2EB64EC08BA4CBBEC6CFB241C6C2AF4584D3FE2BC29CFF4E056ECB175AE6CB384A5C2053113673FC7B88031226BB
J=-$29B538C18B54A91419F73BD5730409F4EBFF02F564F6A907B6518AD3CF9BFEE6F2B2D8FE272B08645F244261690B29C1C4FA6D0910E0003D3DD9D71049E09219A61ADEA57E47743786212F1D3002225D70A5833B954F54B913E937690AD3E3
T=0

[91]
S=$8C11ECC0
W=-$F56197183B668AAB3BDB8257E55C4AB520163218812DE65787C8A82E56E5E3C849C72E43415ACFA7F71F52F0630E
A=-$108
B=$69E
T=0

[92]
S=$165881
W=$15EE1CC2312E9ECB13270ED2C2DE8562F9608B2E7FCF80FB662BDD6CE03B1BE059B1C13FCB72608C8640B3B01
J=$379AE431F302E74FD74EF88411D80A6AE974771DF8B26B062EF25E522BBD7F37CF06F52E474E56728BC771782E2F32EEEF3DE7DF7CF13186B4399364E0871260BDC4DAD4F4B0D51CF2107BAF1C0EFDB39B23AF41B43D1D4
T=0

[93]
S=$3BB0E26
W=-$9A324FECE3B6D565D8B574367C370AA1BE81AE0A659E72D3094E51624C17F5D29E203F33CCDC102CCED72
J=$55124A837641884F29869166CB9CA5993083E9F06122852C90D2ABFB4E1380CD6437A93355E29EA1C5408BB7E1D65BA1A9B0390D6DA0FB69E436C5A35087AB78CC8B05490EDC6949188B37BE6EE5C45FF3363828FE
T=$2

[94]
S=$1C665F3
W=-$135759D963980B27F39ECCFC6767088DBD95AA8FF2C48458A9979C58EB09286C2EB7D1FCB7957E2CFE5
J=-$22C6698379FD32C86BB80E228FE831DA872B5C07359780F10794010F5C73C3DA535F0D8F04DACF3BC2D4367DF6379B617825D73E7A431D404756FB2615BAC4504805F1C019BD87B7C98A6537FE5338F4B69D
T=$B

[95]
S=$30FE2
W=$1D69D4F474A9A15299B715063787752B0743AFC0EAC69E9F1B5B8545B9DEB632FDB255347B39A878
A=-$4222B7D5DD993758CB7122001CA0841F741AF83BEE33D888534ADEF6939FBD950E4D3ADC0B313F068CB9026C65BA475D7108E562535DEDC27268C3A8B575BEC00959E92BE7140988F2A4AD7346E9E9
B=0
T=$1

[96]
S=$88E5B0
W=$7BEA6902C01833A898A370722F461FD925D078C79CF782D9F6DC4A3BB2657425183B5F8685C9E
J=-$11B792D533ACBC813D979A76647E34B592FB86A72B0DB0A77E81A9C017DE33B56C80F754D8E46F9BDEDE50479BB0432E32A925588149E9FE603A345781BB670483A36C070A112C2866873A97B6
T=$1

[97]
S=$11440
W=$48300E202BD0CA96BEF24ADFEC2B3CD186C3E1BA7A1F81D8BABEB83BB5836EABE6FD888042
A=$1
B=0
T=$3

[98]
S=$14E7F9920
W=$11DA39682996FDFEE263B1A8A380843E44FB2542BC301A538ACB70E480A174235C3FE49B2
J=$2214DCB296BE42F463210912643FAAE019FF1E743281985C03494ED8A22743DBF9D5EDF2D4B97074AD2485F87853540726D6ACE8CB7BA0B405BCBF68A34544881B066763FCB36762
T=$1

[99]
S=$25BE1
W=-$415487B7BF3E429DB8367124767E5BBDF7E1D79D1880B3E8952A6BEEBE042E087F19
J=$140E71EFFC8D47E19B12D9A1C8B12E5C5D6B9F178E12D81603AB98003CC86CC7E887CA608243212003A83A8517458EE79366D7D65BE98184786A9BB60CDE592E0E85B034
T=0

[100]
S=$36B7E7
W=$B63F51BC2EB1992A96D272300EFE65CE6242455A730563BFC690DA4106F0708DBF
J=-$F2BB45F3A814DDA11F515F2AF1BB8BD766CB665DC9819277A2E8D72FE18072CB68E09313A681605CE888F6EF4A0B8F9F8153C73F5CA34B2E52E0E1BA2514FA00D68
T=0

[101]
S=$10456E
Q=$C

[102]
S=$2
B=$2

[103]
S=$8946A
W=-$2B919BE9BDB3A6B7EBA98C21108C8344D5ECB6A6BB2AAD2F36829779DB0A6
J=$50015678E03CC839E6B6E30F9DF514A291DE2BC228907BC524E133F3FD18EE86BC1E2D321C0A62084C8FAC45D0904CEF98DD0CB7A533AD255D8E17E8
T=0

[104]
S=$4FD3C90
W=-$397E64C6B4583016CDB1DB6FA71FB1349F773BA1180BCDB241F471DA88
J=$3E924D24F5CF62E01AC42D27B9A07A521916D5295F60A91486E618C28DAF124D331C6255C66AA44A2192D0208ABB9E33A29B4D81E0AEC2F9677
T=$2

[105]
S=$5A881
W=$4B74134920D70441CAA7AAC215CC019F7E5AA0CE46E2F5797068959
J=$E68C63788DDF38D12C5ED1BC932D344DB800852A4518F190163CE54EA416FCD0F0E3379852AD4E14FF3E2BD90B700DC1CA398DCD4BAC0
T=0

[106]
S=$15196C
W=$3FEEB0BE1ED0779BB235EF400679ADED4AD64118D3F3120680464
J=-$17177E464804F6DB1EFE69D2FEB59DF0AC20FF3798737B38890BA320B93803BFBC2E5100F7C9FB4123C37B5DB1833C03FD170878B
T=0

[107]
S=$24FEF8
W=-$DD6DA66E35B23A9D0C58294679214FD65C362624A2D33526AC
J=$984E9D0B6138DA91A533A8EE9E47FDB6BDF16EAAA45DE9C6146B1527CD7A975451A36D0B801A6635AD42890F3A19D8B04F8
T=$1

[108]
S=$165E5D16C0D
W=$2786A04834E003CC81967C27686737A6CB3E89B1EEAD0BA7
A=0
B=$6
T=$1

[109]
S=$11CAB4
W=-$D7983C80A34094CE14661D2C14E652515E42351BF6
A=0
B=$10
T=$5

[110]
S=$8A26693
W=$677FD7D65EEB3CD80359168A843B199D64D4D19
J=-$2C939C7DC0930C1AC6A2876C14F091EACD33B4FB7A023033182191B1B33B8FDEF66A1DE99D88A99
T=$2

[111]
S=$BDF04
W=-$31471094171F1ECC7C36244E5B8A125473032
A=$2
B=0
T=$3

[112]
S=$9D9C2
W=-$5671D753887E3CBAF0695B92597B375344
A=-$19CD97911ADBA302B2E2F55CA213BAD6A394105C367F657B591706DFC0BF7B721726
B=0
T=$2

[113]
S=$289361
W=$41EDA3AE6539EF9CC59391B12F0C1B7B
A=-$84B750
B=$24C7B73A2
T=$3

[114]
S=$25D18F9
W=-$983EAB7331C304C439C12F2B8934F
A=-$84B750
B=$24C7B73A2
T=$2

[115]
S=$8B306
W=-$318BDB3F8C2E9111ED5173D64A
J=-$2F718759DC90E551578585C439DE17A78857217C8360DFA9D12
T=0

[116]
S=$3DAD08D79C54
W=-$1E6BB50572DC246F30899308
A=-$98
B=$2D2
T=$1

[117]
S=$63B1A4
W=-$3AFFEB39FFE3C3720E
A=$1
B=0
T=$4

[118]
S=$17A79D34C0
B=$2

[119]
S=$28B690
W=-$1B0D0D84C38
A=-$23
B=$62
T=$3

[Signature]
1=$2DA1D422480A3CEED7DF58D009E431595AC5B58E3D277DD9
2=$B676A5FA5785573ED8AD0C00A25946092BE9228EA45557CF

