[PRIMO - Primality Certificate]
Version=4.3.3 - LX64
WebSite=https://www.ellipsa.eu/
Format=4
ID=B49780390C646
Created=Mar-29-2026 04:42:40 PM
TestCount=111
Status=Candidate certified prime

[Comments]
Put here any comment...

[Running Times (Wall-Clock)]
1stPhase=39.95s
2ndPhase=7.81s
Total=47.76s

[Running Times (Processes)]
1stPhase=258s
2ndPhase=70s
Total=328s

[Candidate]
File=/home/lappie/Primo_New_Farm/New_Group3_Prime1.in
Expression=(4797791281552013327611)^47-(4797791281552013327611-1)^47
N=$616BE0CAECEFAD2E2F26AD3FCCDEC322750C30557FCA00F8749A8AD7C92FB61D0F54BB38F2595AE79165E457A6ABDBB4BDBB5A8C1DEF9BD072264AC0FE2612141E15A934CA7D62E275C794A8C2E7EC9DABD6F9655911565B1A85D4E94DAF8C99A6F6D96C8FE9B73ABB06B44CC35746C28DDFBB2B655AE380044489EDCA8432DCFD05CD1E96FC1690AEF5AEA4B7A57240C9DF8E2EA4E7544A20D1E11433C6AB0DFD633B029D1E4D141FFF200B23AC837D10CA5DF326CE383A1B4E4171BA742B749383A4E483CB53CF89EF6BB3F22AEECBC972965A8054F6C1287A90303318EB654BF4E6EE70D9CADDDE52D344B90EE3D612956FA3253E63BA238D6C0C454CCFA346596DCE5AAC82646B3DE1CCE77D505E41735F16ED17C02C332E813A0815C925269D1EB2B23645A9DABE38CE2965AF3296AD7AEB6F4503A59F9ADDD890AC44A61DEADAD06EEAC042BB8890A9C79F095E6E9886195BE1D18441809E12445F50BBFE666934354EB47FEDA6D937350094120FF0A0FD31C41C395C2661F093C85A1692C47A205640CADE930B0CA0E81FB2FB6FCAF1C60F2F7FF37DA654A0A077F3
HexadecimalSize=830
DecimalSize=1000
BinarySize=3319

[1]
S=$4DC4857DB95F
W=$47E7A93FEB5333919525D7A984979516E1DB86518E5C45B858B7144FCBBAC00B4ED8736AE4BEF80762CDF4C5C9049F5E34A374D0450D5CE618BB612B7FB740374D127624522D771B4D56089E82AB5BE8AB2DFC1E71368C0375A3F493E0F2EF4A76D795BB5050146AA793B03E327266D3F7BB11F4BF8D0D72575BCEFDFB7380D279B828B099D56BD4846F09EF2E74EBE2B8C3EE139152BF77D595610F860FA02DFD2635447C4692FF1D2CB849A03C3F752F92C85586936AA735337C9F10BB31993990647E161FE512E5F3D9A78B984D
J=$222A7951E16D679E388F8ED40A6C9D7A04104767457E92D21129D54D63DFAF4758E77534B8598EDF1CBDF1125F61C3347FEC94E283EA6FC6A3D1018FD7EE93573E37C5D9EABB6A3B10309B5E847A9DAB09D227B74A105725361DF7202B9502855AFFC6EC7C7A0319668F36BF1A1B1E95DDA2593148C37C206CBA44EFE443D746FCC077DF99C08D8DE7830C9EAEEAA59D404D46B9E4C764CA3D5A4667620746FA9F5571EF87F678D86B69B3078091B01E680B50000C144211713D9989AD34A5F90E650DF53C8C32CD0B10D5C946206CCD4489C2ACFFAC073BCA7782FD137A4E1E9C6A98DF8B304D9D2598472073AF854AA8AA0E35F758247C264D71D2BF6723DEE3ACEBFC7C921B21C6F5DB7E7159A32836AFFF63887486CDE5EE3B0C113D6B5C2EC98CE377A58AF8B65DB4B109A555FA315A2789D48AFCA26974E336CB43A723D6A4CFB74C1A86D17F3844FD8981B0FC8CFFF629FBFAF9DB03E292D3D85EEDE7F46E8D9F34207AD08147E13B2DEC6AB08B23BE183494489EBDD69F3C04C961DFDFD613C42A3806F37C62CBE1F9E57400134E19D6F514676A6827428049995B
T=$1

[2]
S=$2E5A8D940C4
W=$22F178911E7168A93C253EC45939C210145B252DB56BA1A41E52E8179DA7AD2396D8D31C1485F7741B4ABAE3FA3DEE5AD0D4273773A3F7B35D1580DD88C5B783759CDDB37EB244708A088BE7CD6CDAC7232C7249F9409A714CE9C7A1BAE1A8F6C9FC2B3BD843A0CD9C9228698C44780C8702E3FD2B558090B6BC1B69A2F9222DB5D8389129458DAC87403DCE8482E2BB446CAE3386CEB8B913D02CF9809A93055AB9DAC91ADADA50A0F6441365124CF6F7DD7DE359B605E79F011E7A03AF7E7714838019DC0404DFD3D7563AB6
J=$1F807C6CA3F7129F8BF02DC5DE8AD14C7F9C923E375B47F591182BF24E39C7CA16F53D3D6CE0D490007DFE65BECBD9605B0AFEDD068EAD0B2CF27E23213067BB5F25961560492941E7B1D842D5565AC92696E2F3D1CBE39D8C34733DDBC5937C8013B4FB1BAF85B8020B9B8688DE486F3E0404C6218901DD4E6D1C01CDD4C2DBEEBD7A56170E419369FC6CEF38207517C61AED12E3A841271669BBF759C92313440CBF838AF99BE74A870932B0B4F6999E1055B187B665C8F17710919C0E43E1A2F69296539FAD5ADE48D8C4EF29521B5A77A8CD54BBCAF5728260BB5105B05A938BBEABE63735CD48A384643B9C5FAB546CD5C151D91288492AC98796D39E7037D4559335B6D6B5633B8B0BA68320C64536CF996E04F53AF4FAD1F3F5FAD56A240618EE343DD30EB620533EEAD44DD75BBE4115BDD926DC22E18AA88B3B615CF6C61570A6DD0732946F27C824BCFBAFCB8F4DE419F7B0C991728149CECF1CA93DA1949D4AD0BB0549CFA667D9F008E40B129DC47966CA87E51614C1E5D4FB65ACD5BE974FF9BEF675F030B228BCD3F6364CBB6B5158F83CE2
T=$1

[3]
S=$4CE2DAC0
W=-$9ABAB1F8BD17FCF2882E88052BC56EAD3B48C4DA84BDFD6C123762130EBBF55135B173B556012B31536F56FB5568B31183A4D3719EF3FC4C469EFF94263D202075A34031188DC5084FC0776E9AC2CD48D00249B0D812B8ED5A58794933260ED3822A23F21FE22E90BC0384BB2186C427D8238F16116B6C4BC2846B9E05E8A24C5AFB5008E2F66E75C12A4FAD1ABADEE042934609AA267162348969C116B3B3609BBC63D42339A1734E9FA0AF9007212B4D26731C389B9FBCE7FDABC23ABFBDB9537B5504BFF94BCC416E
J=$2AA8CDB46399559E7EB73A7C4B3AEC5E1B3342148CD2D3BFACC8CD4B72C961FC1CB934D11447E878C8DFF236CBF2E3C9EC507F0949BBA789115901C21102D29AE704551950D9445B8F4D9CF060628A6A509B279033D121584B8848FCB9EF950F4011B4362F5E8D015B7BE1A13A156F3E736C19176667031D2E15AFF495F7C73CCC3893AA3198588273757BF7563035FB689F699D4463EEDC156DCEC21C57FE9A84B6997F264A76F296AADF0F3173EDD5990A4220F401944FB46684D8936D2DDF2F8B90BA4E9E95BABA2CD12EEC890EEE061272D8766C7B1E16022037A180E30CC26F7284DFFF51C1C088410A949B49663360F4E962C24B8BD4283E1881FDED7E1718A7791F630F42FD4B125B9415114C513CEEC8B5F96076406DD005314818EB07F6040E0680F2DC5880086DC7770811CCEB4D84A5AE2E63029540EC85F3D8E574CA78AF21E787D94602939154466FA9333CD8D9ED30879ECEFBD6638523D1D864835A2A6B481D5ADC97BE014FB5E75451A5A267164DBEB820716DF2A3F31CB344ED358166478F96EF9A3F2BE5839520671D88AB
T=0

[4]
S=$2730726
W=$2144074DF2DCA1B8A153E72A775C22BAD8A58314AF8D5005B28AC347ED575712D28BB5E4FDFB03B52A1F1E4E40440287F994E2E64472FD893E1AB57A69FB29D84E7EE0542FBF685EAE47448754EF25D768A9351AB64BACA16B2B10B126B2879C2CE65A4A679AD85A89DB4B87F33FED5CAEB41527B756A261ED21E9CA54688BD99F2B4AC9305FD028C9F6ADA90189E37A08235CBA9B7CB854BBF126AAB1205B4097E80B94832B43AED6CC33313E58F099EC5545F5865C3722D3639E272070EE288A398D53DBA5E1FFE
J=$3FE5410F94A3DF341BA0D3AB690773A7E2102CB13C86D220D4ADCF00C049F0679B5D25C103BD1F54BE889CEEFB43BEF0ED7DC085A023DF7CC705B4917295A59FFB5B160C1203DABFA62AFCBA6A53FB067642C81738750D5BB3146F87456560B4CE5476FC06F72C4E77138CDF28A010C9AC8B0AF562B1895618C8AEAE7331A1C38558D0E61278BB0AA8D144F7E6FEA37D3C3855C10428BBFA695CE96AA7334AA28D279BE9481862A9C653C6B154FB2CCD6B9C65B2DB38611C413A470F61BE83F0940CB7881A118D81C4563A2C470E7764CB37AA7B2978937632A1F0EE61833947336AD7D667552909642D276F67F83A1A4449BF20D15C50ACF5C8A2DA4354DD5EA85E7B1862DFFA71C8516D49D66678A88F4ACC2F478BA7C4D91AF9078FDB257D72E0BDF28E746876233E5FD3F38DA3765916CE6F211E611033E860EAADFDAC4B381B77D88C1371792DDAA001ED4BAD6C4B389BD776974F60839751B5AF33BE26081BF37D27AC7A1235F90808827CA4FDA156B77E49D3E3458A5E4C2D17AEA7FC793F7D8B6BC072457F0B12E5BE1BA58C
T=0

[5]
S=$66D343EF81C
W=-$C7D10FEED32014B64648749F6A82EC66B0E39DC77E936A407F24DA6C4D0168BD3F1FADA1AF2DB5209557226DB0D9E9E785D170B21D21E07CB08116E6503D169EB9F97B4D7DDD56A28A87B6602F8128BA3A36257D497221598062F044B173D86F4A43B8C890BEFB2D64CEEFD13D1B4660DCBBFFF2A78AA2B340A7BE263C68B44A3EB48CE6825B855800A79E8DAC369DFF1AC7E04C6755C25E0EC83077D02CEDA4D2B889A21EE8664AF59188B15A736DCAB3A657E3F3E398E4C8045FE592C43019C7AD97A76C430
A=0
B=-$259EA623496870BE8CCD9A37BB76AC31DE8C4C103628F1F3B25953044F785B39F2712D7D73A6852BFCEB98737B2C42D63061741C312631D215F06C219E0568F5F5293D7C71F9B586DD499F356EEB50B0589C1C1D29390BAEBDF0E40F9FE47FBA176EF99920BC48CB2FD86751543FB1148998B0F19D5DA1E06DCEB37C7A4CEA9EC168D65E143B94FFBC23E684E02404A28CB6487829BF5F0466B6A74F5C4B4A3CCAD49785A8AE6A607B47EB335D9480B8C337322A31F35A903610EBBA2E6E23D7B79E5B9A733879E6EBA5B018AC788E6B2A2C0DA85483B6A2E9E587A030F2167B5BE0944F3CB16EFCF9F4F1F66C6C784F1923CAA985AA1346C53FF362300818D05BF1DDBA0F44894C2B1005DDA3DC63D9FD8821D95CA70BC07DFCB199C05912DB810B78FFECB2C6B093CACCC2E5A41CF34D7E8F8BE5E438AE7C2D0A8298EFF3FEDFD1282564DFA748AB27EB13BBE7C81EAA4E4DCA5F4FFDF98F3A5ACC77854A9941491192DCAAE3923E5D3B8F1F69E011BD6E13B1D2A65DDDBA297566AB3BC938BC4B53DBC8F766911CE70AAD35
T=$3

[6]
S=$4BD182DB7
W=$92C8120C368D011D80F09C91279B8BDEFAC448DE03BB377592234ACA442E08A27A4F48DE2AB4C393273437B35B55FB66F00E4815F614FB0B970F6670C2000D9F9C9172BD3F47D4C9BFCF2E760265BCD93B60C36381B41D4808800FEA8B55187E676C72DAB76CB8C2D8250053B0F10484320C6F6093128C6E51E2C32A782DBA98F606B9D31B3BD0B112C639B1E0C9EAF827B1A8C22D2663533FCE949E58A67A50BDB8EB1F72CA3E867E8E9BA1A265EA2B73F2D2BB83196429C06FFF16264616C975632167
J=-$602BFBAFE4FD9665AB4ED218FF528410C036ADE1FF009993BE5BB7A34ADCE0B797777C38629603E6053D3FBB67965B3B8AD4994959AF6D180060C13E0E2EBE6EDE045E7B3A780F16C0DCFCEA2F2DFBFDACD685FC4950E85760A0AA46E1F919183C248057C6CE40AF115DFE8F10B7A8D51D2091EA2D7ADE1D5B7846C1CF07EF1563AB29148D13CFDDC7378248F5DB2AD5DA575EF047DF4A26A37C741D0DA8C63361884AF22B7F1C5A29F0784E94242E9E3555A1A1F2D2388424F5529816020308DA91E0C5385A7B027B21A67B4A571E4B2229475BFD15A847BADF64D528591F808561D0CB692FB20753680109FDB6170FEFAC83C83DA3BF2EE7E126BAC5EA024C31C5DF10A400C1506FE1334A319BF2633C72FF2F949C3BEA3DF228F5DD2D28B124A0FB4DF7432B7A62521CE7A640284552E71456AD483008A9A3BDFF36F00C2CFDA5F2B5C6069CE22D1BA1544BDCDA0BFDB06B5E1C08840BA07B83BBCEF27B2F9CD7EC28FBC9BA263C3396BCBACA334BFF21EBDE259752BB0DD2853C99FD2D803382C4E2350A16F
T=$1

[7]
S=$1E5CD8
W=-$298B917BB4F658B4E0532FA20FF169FD4CA743EE260D7DF4CD96997FEE03E76EA123DEA7A5652FF7AF8CC7D384B3A20443591EE0B80419690C867E799068904FAE23291D27552A762227EA57DF75664AC45D20E6E317B4C2FD58877407C7673BF838C7B2CEB09C213FDFE4C03982EA49A988A53356707AB209E0557151656D0433410FCC1C7A05885F8FBAAB5D7FA7A26A4B67B24E53C150CD54D2BDB5E155999145FD7AC9B1FD160D440304C663946789F140F7FD1426F333219D906D066F525740
J=-$16151B87CB823588A7BC2AEDE394AB759F1ED6C5480A9B376E163AF847394F4DB7516E16F04FD7C861972E9EC3F3E15262F192402FF3FEF2312A8260E5C21379290DF29C1898BB5F3273521B92E9ADFB9DE594174946E35B8972AE55D0BC87D4C44AB62302803B36893F46587544D104C8C4A7A68A3AEB880F9E50B74B2A514400B43EEF96C05CDC205565E36FC5C822F07A522823B1CA100F04CF671974B1C40FE948883DAEBA25B919036DBF76B9C55ADA855F6727896E5E01E9AB2075026F4514EC3E480B8C4A9D9F03E0F5A044DAEBC20FB56B1F3E1E2991E0A0E0447DA69F32EC2E5531ED343EA14A08FDD520BDCE59308CE917BFE17BF7570D303A77C907FF4D3FE87D9E9D22364BD01F76C7F71ADB043FA9775AB99A82A9521B07F89672E32C786277FE281DF61726C94033EE3E7EFCB100B49D5507F0BFC05DA3E96B82A42B22965D4C014B0EDC9AB7F30149572CC926832DE7F988D09386334475C02B4686FFB7921FE38E170DB971D0C2896A1DD7FA00AFA06BC718C7D463555DEEF8D858F
T=0

[8]
S=$13485EE8
W=$BD43CA4C03FFD38B825B5904C5C7F0462539AAE8B64710728051518795CA1F1C428F8ADEA69F72EE514A46C95AC721B3576A44A5285851B8EF540820BCC30EF3619570B4324B5CB861A3B4B99A3C07E017CBB9C20B79B8D4F75717A84E35CB1D646606CCEACCB4899A3260C78242992345FF08BB7B0F1077C83ED808132B9D52035E02256199B36BBA68FAA4A21E8FB7F777B8AE3A282B894ECB85A96DEDF175837C24793D4A6C7D69701CDCC7C95B0506F983C3212F59FDB84CEA749E8261FFE
J=$103E23B977DBF37BBCC1F0C945F749F7F794D3B9412D68F801DC37C4451C2FA04AF3EBDA93CA083A62ED7A0CFF5FCC3E778DCB00ADCA081CA16BA313F7242DAC1AD15C74924F1432A94533D26260D43D1E1FBCAE5CD8E31D8D30EF660B0154955472139080F2F7398F9CE1A39B857310A006CBC200516C70A1E39E2AFCD30C2E8E6367CBB1A7BEEDE126C69DFA642C64D9B95FE523E53839058D76CCBA1D3C31AC7E0F71206AB134C309F63619F6B0A28D833D84937D4D353B9D76F90D5DF0B6E6BB6BC9F4A11B0CD2EC34E9EA6175F9B6AD99D172DCCD6D46FBFC535B61FB40AF5D9DB1EBB3EA48BB8386F4BEB219DA335CD4A97CADE2EAFEFAA07A698489B60F0416BFA1C882340E13CCAFBD4C62D4DB0F46D36CDEEE9A622DE068F2278CD758869EDE8A525FDD810AFD845F0C9D807843E9B94994419D11158EE67A4F8B91A51B124BA5EDB95222F04BD42E7CEDEAC14D8694446305588ED22C3F2668A8F42700A6BF135DC768F74EE06A88AF14646EB4BBB13FD5B35476A0AD57696AC0FB05
T=$2

[9]
S=$8208FF19
W=-$FC9FD17F75E16230E520DDD0116AD63C883623BE5A7FB4FDC4B2586573929FE620EB4C968B01D7FF8068B16DFB8B6123AD7875F38D6757C46455127FC8B5EF34B70697AB011D4D57A3E34D005968434B51C103D05AB639C13524E2F71EFB79A202E581DC42E5D86B0998BE472D6049DCE5EEF2A997E78D98F5BF02F74C5DB3CC2FE3791D18F5ADBC86A0DF5E19A8737CB24D66F45BC94E59E3D47E4CB8116E59FDF9857831DB6826A00361412406FBE6E9DD177388B31B3D32F543F4786C5
J=$F05D09FBA5D549D03F6CD4D8EC1988BDFBAB974C2FF58409E02270F65533CA529D541FB605AC8AC3AEBF3E2F0BCC48F3DC2FEA510B01D88E0892218EC2DA954639CD70168045899F24EBCFE1556B0CD8B5B0BF6FF00395F29E7DE37EB0627CC21DB3FF67D21E1F00824C2833DB2AB0CB406CF1D40EA6E6F5FB4BED134EAEAF959958F36F2E6358A67DC97EB3564B8A472EB82272D31C0B9570A3AA4022F168A486390A022F5BBA812C8B3F98672ADB6BA4F177EBFA0D137A4D8A7A970C078EB4115E7F740CA84A4984076BCA9113F93677CB1074B4D8767E25805B335C434B6A4796ED0F03F32F3D91E3BE8CCF050D3C68014C3ED30218076EF54854DF4C77B8F126496CBD50514D389CB7C23456D26D76E05EDD551A6C884052F7F3F8A3C834BDC8F2AD601DF7943B71201719CD404EDB50DF7AB2270AFF0D3EBCB8E924CBE05A56FFDA9C6A3F018DB5AD55706019C24B29D51158DCC999FA97AF9DD3BA536A9FCA8BFC3797C0C38D1C4D1514F75EA720FC93ED2B39D9CB43CAC0EE34
T=$5

[10]
S=$44F
W=$3FBFDB9CF3EF4DD9425AB8100F71435B4FDE1B53E8511BA28652B3878ED5756CABA231AC8CEFEE566718957FEC6FA2EF3B704F69947EEB625E1C932C37465F73C268E3F33DAF540AFDBB8AE3CE6E220F403AFC3801D36E95970979F985A3CA15B8D348C6D12EE71C7295868B42656EBEC8134105A8543DA38EC159555D7FBAD3EF95DBC820EC1F9E8E94C4499647B2FC378A411B21FD13D11A179CCEFD12259311652A32B8C78F04E103CB6CB90A47003AF7C1CC8BEB898FC8DF531CA9
J=-$D7F328ACCCE6769B78A3CC64D0CCE8D859908270937E8A5ED270AAB867A19B9B456799F134152337A8F4F048DEEFB0C5DE1AD39F093D5F905913B682D11D5356EA1B2610C6C7F693007341B574AC83398A9AE0A5FB7D6584A1BBD1DB1C04385804178560A0137F73EE65863BC808BCABEEB1C3E59448FC453D25C72BACE364B0B0F91474E221A77F4E125BD79F1E9A9D4A32119ED649AC6B0F88AD591CBEB6C919821A46E14B1087824727AD1E991688CA3AF9A0F2DF48A5F08B2FBF78478A4A97A41B075389B2774FEC0194ACF8A236627AACE6A860A782F26989023E9CA57461E4AB8A5407E41897A62F8A1ACBE617DFDAA0E3C53D7417AACFC6E4245CEE35313823D6412567357B7FCDBE18D145D132EBF27EBCC8D005B6382978CF9A8A3836B85A48C6028193D474A38BEDE8FA590164FD337240CACD9D8A41DB9F59B48854FD7A13E2409E094C46F8115C3B9D53B59FC8E5A056A2C76489CED377C3DC6915019FC44B97525C0487055C0D392136051432584DB7E9DD7E
T=0

[11]
S=$535BFE68B5FEF1B
W=-$1BAC5A769F6E8211E9695641BCAD38041496C6353012A755E44C490F931F937086AE3A50463AC55B2547E11A028E02DE9B9527FB884E3AC7B2814987B0E60A92CE92233D869EFCB63D25D915564658BBF6561F3CA92486661341834A10D25B6DB93DD07EFF69B89C20C18B8B4AB7D76DD93DBAFA69C8B287A09C4A7A8BE631D4A21F188707EB6C715E590704C4CD298339DF1FE5B3E72F65C72CB52A20A21DB9CBBEF042F84333E82B3A3BC985D196A149CEEACF5FBD23690966189C9
A=-$D70
B=$12F5A
T=$6

[12]
S=$2B6ECF6C18
W=-$17B5A89F2BFA73BEB167DEEE292D94825B282CDFE83417841767BB29522AF3BB8D450B66BA20B1C3622FF375188BD71BEC0221C513D513C78DBA274735FE269559636CA86C999C635070FF53FA5AE6124C5E65DD17566BE8EA4F6D48BE3247A20D09B21168043FA6F233E099F073C5464CE4D4DAD9D45C938AC8D1ED2D1E7141BF52AADFC7ECBD650C3699E3A2BB9859CC44A7DDA2C4274F517EBD59EA6FE5AB10EB57516166E8A821FDD884FC3985A4980E9C4DA550FED78
J=$158138C3EA9C41109D59A97025E98575395F389A3CA6FCACC9A976FBCB088B22514572E473FF7E31432B2CFBE5670B158C7E69159D038929E03FA2CF32504C4CE80056DCADF10436DFD1B922223B559A346FB348F83DBE866BAD96E3DBAA588A1664BCD44AEE2CE86F93F938036A1339011161CB55F5A5C03A886B68274BE415F46A521B82948E414C98B30391E4D57DC91C189E8C187ADB814D36EE4F4381D2EA00FAE1C44591570CD89F6E6B6893CAC3F036F2CA02831A1A79DB8C93592F0FBEB0E731A1CECD39B0E3AC743729D2A600D90E8F39F9465335F5BA7DA1FD34B780ABF81DDC4528583094FCE9A556DE420630DD681BC767A02223DD833765E04E3BB8CF9C2D9B4FEE3C5C3E46C46DAB8C4A8AAE88805A2C32E5199B1D91239A22B09911B4F01140CFC90E0E533C6614DBDD9BBB37E8C18EF55A4AE088CA24A8F14DF67DEC7A161C0C2CA8780FE81EFA9BAC9080138821127AACD1FAC4770017BF2A6C86FD3B966667BA6DB8F2882DBE9D89
T=$1

[13]
S=$2110925C84
W=$1EC6DB0B3BA69C9960C5CC9F9ADFD9591338BAFE593027A3A76CA9516ED2CD86BDC883EB7C00AE38C493213ECF5D17F8A5053ECA5DBF634C88417509EC9AD7E18BD11F73F563F2299CA60261885A45E0431F3B6D58206C679118B5F23D355DD1F4A518C4B7C5C744EBFFEC9DAEAA7E002FF13B77234A640C2A67554A7CF8A40573161921470E810DA09293FFC52F732C252A935F6831F5E0B44971B81C0E0139BB5631985B250753662C42DBC69AF2985A814FE94555A
J=-$330F58ECF1A0BC44E6138928EE651D8C1CC5A914809E7137CFBECBC9313F784B95362B29644D0DEDA34BD540A33C1F712E9D420437AD62D8E90CD842B8D45D10877CD4B58A026325AC21344DA8ED2990A38F82D3C1A1F052BEB4BC32D3EA6FD86D6D2D71BD76AD9A6C47E8A47088FD37D6A8BB74423A2D65BA80A8A83959EE750D58181BC8F834D6FF0D3D9A73B8936BBC64037E6EC095545CCA8CB5CDB272FC267C4E8A7D5192F6160409265F51CD2A98430A37CE43859C53477B7EFC156E8B7CCB08AF5648DB37032808CFB480AA6F1FD36FBFAE27B25C3012CE5693C8A3E916824BD4DA4DA8BF70E0EF215069E8343F6FFD9CCD5C3A58B8506D2AAEB2D4057CE96E3D857932AC2863408D0DDB1B2D1E18955B2F61D3DDDD60759180B2A0DA6900D703999856BEE86DE39942381A8BF2D7C782F16DA875942AC602F9A4B156E5BC5F9B50F792E3F7597B1062A89A5B77AE570AA5A5ECC9517D0BC0DBBB58B84926DCBF3F7F91EFE419BDB5
T=0

[14]
S=$1575DDB
W=$42D16A82075A4C4EE426D3FF3C160E405BE362FE08A7AEC159D1D5A994777642A023012348C54D6180652CB032386CF5B75002DA4C50B908B4BD19DC038E03D0E4DD7C0CD724F5E5F047FBE242AF363B215F5A90FB7837AB3D513F3E3068B2C8F404A4188B030CCD67F299E38BA7C2888B4C50EBBDB18615450A6C4C860A52A2BABF2DBC29CD4667F84F80A658BB7F8CA0FD4461465EE6DA7706582DE290F8E899CCD5993F28BA7D15341682742256A15765480B
J=$3C7E9B89A65917C96AA20AF10A6222C0639D9F2222683806032F57D2776D1DD417E6419E99C7FBA0074444A2F5DB7A033EC4CB465ECEFD15E7532EFC06907E51EAF984036BEF8BF84FBC6CAB418181D6B1F2444AEA3082365536517B66C1EACFE02B2A5F0DA3E601DE35676B7D38E4FD902337969091BFFB8D1FFE3D2BAC9457C7B4BFEA9623A857FDC1C71174E2BA0DED36434D4BBCBE8FDBE395774C953899C9D6F11C19357C31BEB59653094BE5DEF6EF3382B766CBC7833EBE1D8B40C866703EBB3F83BED6F0C6726FA7E759310A74F49D578411F3789C8B80BFAD6A927BC47944A1546F0E867F5E300C9F46DC02627556FB7BBD377C6B4E3B30AEA210801F2B097E67D6D3E05E7A085A43B8C9760F4F94341E59539AC4E6E3B67FA2F0C3E3C353022FAEC09EB68F95A31F9880FCDB9E2AE1F66DA4BD086887DE58A6BBFA44C6CCCE7AD3963787EA2F1D7249D9533211A1D5729AA5DAD124EFB1E823A20D8D61644BD8324FB
T=0

[15]
S=$6
B=$2

[16]
S=$4F4579DBB9
W=-$1E4A17FB2E1BF6F1491BC57D5D3DBAC442707456B5A98685EBE2F9D730D1D57B8336D91894CF8C18A0536A666EC043E111213A6F085DD5987FC1EEE2BBB38009B196EA74D09C02566E3978A2C4691F5DD4E4D60DCB832A4F5ED520F8B6DA44356EFB8F6B9DAF4C0DA9F62B4DC7F0684C916AD806220745695966DCE968A3558F4EC5F340AF26926ACE565715AF177AE3B38C0AA35D53ECD8821BE612C91B525EEC9F91FF4732EF3B5CD6EE4A1876D2A059F25
J=$2FA0B19C821AA7A535D4D55244536C6CE318C8FF175D9FD009DAE5737BA43C6A8D6E3B8C93690F254049E9AE53C7CE51FAA4A107A8E2BACC1929B9DEEB8D4B7468152195908243D18960E8F71230F6D3CA86C8A808FCFE204552E75BCE7119C98D1D153F9462F27012D24D964FA8DDED1DF7DC5C0309FB1E52B65AA85D6BCE2E2751E068E1C426A7A51D65A5BB7D11AE6B16AD79FF31A592183063EAD09D7D2145A425B0485244F731F5B831A5BE2DA082FD28CB1B0D61E06C1D845AD3A18418FEDFAA006052A36CB3871EB02F48BEB8869B1DFA885FD1BF03BB42D24F1486C041015675935DAEBB2C4316DB7191C08D0AB9663FBCA2F5B351A8A775B848F4D80F6D29705E6B3B4A07191842BDE1AFDE42F3E222084D88A497F9436B418D9903601359F843BB19774D57741BBB67FD88060467DBD7A810F19373FB61D2E3D8A03058F6F48CF5A6840ABD8A3CA8563BD88AB3CC83A58C04DF1741CF90CB97D5CB471BF66C
T=0

[17]
S=$9ADB07B632
W=-$11924CCC58CA9B559DF687ABFD60000B42A29FAA84FEB12C5EB580F7DAD6F3C11FA5A58CA7D0ECBE14FF60EB88E3C3CFB80F0B3C8E99B10E226F0E71EA65AB2680CF1E7A551C549FB7B868B0C1980E3A3AC54D78883CBA51443FBB693DA87F68F577C4ED57662BB59F5C50F1536284057D14BE9BF27A677A5E01713A404F6604A56F88E24B2156F0C28FBF952CE5BCF860CBCA00615B8C0BD10B45966D66C69324161122606E38AB3343F77090FD2EEC
J=$A97681925E8AC47DFAAC5ADF117B7642F1EFEDAD573CCBF8AF93B20A164C31B52AB7507E9C9A6DCDDA7A3D52C0B6885977A0D0284EB842627CA26DE9D8E45A7DA5A9769500CF2E05473809509FC8A7F70F4E67162BDE47144FF66AAA0BE83E6CFDAA3D84EC1F7B82C3A5D615853198E812F6B551E22A4EB7A194E4A80CF0F4F38FB6E8E4EAC89151C93DE704F534A2072D16D2CE2D5E42DC1A2C6BCB2703141F37F7E220E8A5EE9B2C802433F11480B5A5094B614E84EC7C5905C72DA1B6D1EE54192CF7280736D321845976EF7B80476FF8B4043E419334A304F97B85400EB89E8FC8972D1E83DEBF8804CDEEE4AF08C617050A907D2FD323D7129CA1F98BDE9ECB21DB3979887F34B54FEF3D2F255CA59FD79C3E0A36219478449288F77811D85B4816BDAE9B601AA84F8E1F2D2D1147EC23FA5322499216D81DE436378DE3716E4E2F3DE13FCF2D40449234BD52007C3E67251ACFB38240625B742B8887
T=$4

[18]
S=$AF259258
W=-$3664CFBF94F2C7461387EAB1304F96D6EF431CE092067F9547A5264E5AE1EC7DAFDCF4C0BD17FDBD363D616B999463176B648F6B3322BF2401B229D5D25B231212A41594C0E7B94BE4DB8C71DDA6D40B2AA02D89A1C7CF9E624EC3F1F225E4DA74FCEB403323804995E5CC5B0222989543A3343E1DDD1E8FA8CD9C5783D8F0AD5720A681A0021DA9B192F0AD522701AEA2FA03521DBA6AD351E2D17284DA3F5240E1E47145656B36AE9A128C662
J=-$4D9987B4ECBED567713A21DF399FCF7463A98CDBD5BAFE28F2DADC85BC30148FC512E05D48D2235E930046EE4B827F513F99C91E32BD68358BF2C8A45EA864E6D952B0EA38E84A2C7BB7C94EDA72D87748E2EF8FBCAAC1BAD568A018C181329B23774AF0967AA41C83D2050843266138298EA7B612B8ADF1FC2E4D21C98201A16475BF741FAE038D866F8C5E871F559E6FF03937FCABA572A47BAB39728A0005E91C42915A58EB6D6C6B591007B3CE2912609B18293C260CF7EE3D0154EF8E0DFFE3C60E184095CB1133D9B1C6541906E39E8A1415105423BDC61728771AAE63711B1F421101048F2E02B5FD605440A98C39FC0A5C9890076C2DFF6CCE450570EE30B17FA1E23D514648A6DAD9ED04315E85CC7610B26F694353877ABD30DA0FA5CD6A6736FA1BA3581540174F786C3CAA9EC21EADF1D0BC459E13DF13451FE5EABBA78439565C390C4E8EADFCCAC4FA8C09CAA0A0EFA5328265
T=$2

[19]
S=$10E0A5C31
W=$556FBE1810BE0C60189CDB92CD1DAED94ECE7746D6225C3CEC437B4694DAC434F848DE8851D5834BFDB52FF8F1CD1A40F46359C4223C82DBCD8D8F8AB7BE2CF051C0712C84A90645E0D794E671DEBDF06ECA879752972A654567D4C04AF1BBBEC9A67EB12C26837591B9E5A007D0CC73C263B721E47A9C09323AE64F71C5E3DB58531A16C8EA53642DB97A4EA85D2C4ECAAF261BBABBDB0E92498F70A2A3D39EE2D5DBA894F568EFC6BA78B
J=$2EF796F0CB9A2EFC4CC39273B77E7069F39A22E33E7CD53F61F2C33CDB9F5654E9739A016C6D5E4C7F7F3EAA2278AE717F8A04BD97CDA47BE179B9FC3C2C9471A73DD2F311DBBFDAA64CDAFB9A32E4DE7C2D8ED266B1BABFC2E92CB221455644D568C89371CF6FAA1DCF17E6EC7903CE623B2839A9AEA72A94FBF846E9A4E53E41321E3280D178E4F6E018280A32C939C31EC148F916B734C85A2FD20F4026F56C77AF8A506E4CA3B74B8348BEB63D5F07C71489ACF3A4840891C3A6693874698620259945F83FEE63340413A5357B3CBAF2D960AAFA9C046746C31DA4B0F553548684A1C300D5532A90D653FFFD40719C6D70848B6A0920BBDEDA78523B2BB88EFB7FE09422D70E3C474A00CB1FAB659F19154F44271DC2AA6FFE86AD17E54AEDC5A40FF9CBE516CC641A220274EAB547BDFDB4B167459E1D61B0B26996EA1E0BFCA9AADDECBE7D12067315F4B9E59E1D34082CF6692
T=$1

[20]
S=$AC9E30D97751
W=$33A1902829033A3634E8E2625735AF298C5CBDF5CC9B100C46C48EB74D58F51AFF055A57389739202DC7151FB3CD85EBC2AFC9C6CBE6B5629E396AE81E55BAA004503932189DC9199B2CF78067406418551973581594596AD1846079CF41EA7D16682E599772B4392EE3B83E5954DBE2EF2C14BA64E7E2C5DC7C43B2CE1135FBC87864A4AE351BA564365AF4637C4A764D3A9D0C338253DE763F0D1B30716B5128FB36432E8B0CC83B5
A=-$108
B=$69E
T=$3

[21]
S=$9E2F37A570
W=$11A4914BA8266B8CAF91AD94EAC0FEBEB7A0136A5C3A617BB8F221D13AF1EE1E87916E0459ECC6D73F51F4481D664DE3B4AEA4C5611AFF648908EB2801040A248E495363B79620078F9001DF1024A4BDFD47C25845A44FF87DF10315916F89B3C5FDBCAD434F91B4EA294D55BF50FDF9ED0F208777EB40024551A8B0D83701DBC2737473756CC86C2042B38A504E7E0D57A083A513D1E446CDE4C0DCC6AFA118D6DF39B1AF922
J=-$42CF6D3207A1794FB622619658C0C7A9DDE384551C91441C3730B7B0F985CE0247C6469C8873CBB7FC507D07B890DCFC19EC80B47A505C0D04AFA789DB8F0627C8C9E169BAE8E35F90BA6936FC7F8734D9BC7288F3A5CAA26A9D8EBE11519E1050DCC02FBB9365297CAC233176D65A44109B799291D3CD84BADF91D723A60B836EB598AFE960E805EB755259F3F97F44CBB6BFD4BFAF81858F3470A00B233571FAC2E77B0239B3552EF5245E1E0748D21FE5AEAB6695A694B5B2EEAAA46BD49B3E822D0943BAF6957AD7EB06A7603CA079472D972C8DE3441A47D368140CED70408EB5B82DF861680F8B850A823D2146D24D8CEE58E1C14BBD079711E28715D03CD1ECC0BA2BF282C61E7D04005A4BC8C9E444817DE94DB2B67F2427650F7246CC1671104AAFC8CBD0E77441036E012E76678E1C39DA4955BF991E32F4A216E01D7AFF3E30A1E0C3C7A042363
T=0

[22]
S=$2A2
W=-$854852617EDA3D4F492DF6626A684CADDE70435AC3EF65FBC12AB01A043F4624BF5878FF3A0AAE26D691B8C081B91C36BD0D342A955CEB1493D2C490459AF23A628AC6A6E0728A7041F1CBF5B706E020864251062D3EA0D12C158D6EE036EBB58A4F302ABCC68A73F4A3BCD5B67C4947C90F011EC70BA01F2B9BD08760BAA6B0985106F5EFAFDB47203BAB3040929372255637F18FE8680AAA6CB2CE075E695623F8B66A
J=-$8A74BBF3EF548C26BD124E2F504D15873CE4D81C06AC997E7BEA39D1A0A7C41A6A621C81C2230180C296B3ECCADD62A0703290A8FE4B8F4438481C8511C06A14D073EA3C74ADD0CE659C194757369A8E720F9064E4EA02B1A97CD69C641149E7E5804F4D7076C9FB8CBC9F81D60DD4935E3B1D019FB2C99D12AFCCF50E760B56E4C7D86ABC790EB85FC43E203E9645740C51DEF3DAA6132A6DEB14AEFD8D71E3F040EC7FF1932C098B10541E1725D0E8DC5C8694A1211ECB3B1E769920F9482898B3FB9D1DD8FEA38579F872427ADD75F1DF6C05B59FBED88AE7A0E31623FB5C09DC453B7B1D6F2913395D12B6DCACF0841679C65462003E71D3D782C1355F1A7B462E3390B0FA04E15FB57650B1C4D96C514F91CE2E165E10E6F2B9DD27FE67874AA210D5C4E0F29D73C281C89F70D0E0DD6FE17E0700EF15DF76ED429D0DA20F222E280AC1566
T=0

[23]
S=$4EE71E4E7
W=-$53F2B9BE651DE9954257A590354BDED78A4316241FBF04FF7CA5602B6CA6FF2E7CD11E26372F08F3093714600B5E2AF162C40AE32997EF1EA21508E6F81D87FDFE4D5939D4A8CC5A5F577C80403163DE88C70691E805AAAB78F13A1F7FD5605A349494C3ED54F2544E5A5CAECC6522F4C9289D36652F561099DFDED39E5D4E493E3F00585E75CB0B8AEE660BC3625A3C7D73B5070E74DCDA4F67BDFEDD5CF0B1B61778F
J=$CB9AC60AB1038147D2BA486440AF8237141742731C577E44F1FCAAD8A79B5CC546CAEEED92E75918C7DB19640324C5AD5CE6BDA3332D36BC1DDC62921693F940F98B48CF5B01AE087100E03C08D4BA887800FB7BF04C18C3BACC08E46BA164EB62792038DAC5EC75DB86AB7EF349D7F6A9DE6530A3728701330111700E81F1A43B6EFBE01DB7FC6EA80D6E9507C637AC3969054CCC337121563ABF3D73FFC4795B0580415CFFAF68CEB6623D8F67E31B25B7535FF660CD289C9DE8DD1D2809E05B4A6D28DFED7F8CF8F7C55AE2AA9B00AA193352E6E4C57CF6905A9B6D42D5D3A4975D5BB771C5992FD819836E909985ED5461AC8A8D6156586469CEBD806712A907FE42F51A5DA45CC6391AC7C29299055AD2C3D5F24AA06B2765BF5B63411452F2DE0BDB0D55323D0ABC616A486AFEE0B90109CC31FB7EACCDCC0326DC3832987C8E98A2B
T=$2

[24]
S=$3436B11FF80
W=-$24DC64FF03258DE87E0EE88CFAA44C8293F1373C10F1081E66BA0F7B2AA4668BA07DAC092AD6FF0B5BE7E518E5C84C22B63B8017BDE9CA7E1FFBFA63488C6603B8EB4FBCAE10D6A92A13BC4F45D4DBB1F41F8081057A4202FFAC1A41EFEDC4D5209B33963A366365840297033CB32BEE9A21CC08341E014AE0F10715C7C03642551137DE07CCCDC7A483EF9349A6824DC04CA9AFD1244D57305E09972F4B4C5AEE
J=-$B205FE7004817322520D15236DF49BDDE390A88C5486EF3354BEBF8B45FEF2CB251B57C2B21AB6BDE2B81D13D1B36724A189F5ED7AE5CCB520CAFF1FA1F4E5753C838E44F8E4D813189F169D5802AE0999613D5F4AABCFEF9F6C9FA7C1BD4DBA7A5F534317A710FC2D97ABB105E650664E138D8E2ACB271E0C2A42812CEBE1F645A22D9CCDC24AEE1D45A7B73DDAEBEA90EA44951563836D3131A7807B68DB12DFC34BF9F9516183FE3B34C1C0F76CD76B9BB79E409DE001285ADC780348D2B50B480DD079F081DC07CC60096DBB88601B6CE27938F714C71B94968A6DA2F4DC3FE588AADCCE9810E8FDFB58D18D5999B6BD8A2BB00C74E1E42C705FD82D44B12B9F3A1CEEE19DEE7CB707A4D4D82A3DF7EBCB7BF6D26119928F9BE4772CDC168E9D07015197E6BA976156BF2A9EE88E527A613948C32BA196B78F3BEF5AB6DD8B19
T=$3

[25]
S=$1C6
W=$8D9D94BF9C810C61ED489531D80DE7C8CC51EA5901010E8E0D5F6AAC1584CAC9BB793B5D1371C8BE1792B69605B859384748ECF2BA9279F64C2F7F22320EF39B611F88115D099E0AB10F7BF43AB0075940B477523589A1445E1B37767153018D6CC2B4E08FD30D06BEFA65FB1CD48087233BDDED786C2EDF424509E2487D42BA5A909E45912E8EE38DA32FE2AD163B152D8B8CE0A82B4043608DC6521B7AA
J=-$307904BF545764C0E78E98E698618A640EE7B28BE1278D1D6BC19681832F8ED56CA1F5CE2C15A8630370ADA7124B3A8DCEA63255AEFD93959653D5A0387385DF066D92B3F5C7BE11E237390F23D3F742B766ADC2D8513F2DFE04EB272171D41F6E4090DF5C55AC9E966D6DCD772111062AFABB0F6DC23AF85B8AA5A1FFD44E9BEC5095B4B82BDDBC7DA55897809639023FAF47DA46F0CEC66150DA4F016407B468D4B5EA916DAC9C83F80C789682AD342F3867E38F4298751F0C594F63B7CC3E8956C820457E7424C89B312E9F34452240CF996B63F6C4123F06762D892E9D0E2C6FB178F354BBED696867B2F198D5F7074FA507BF9195EF7BF0E3684F5815A7D20583C35EAC6C34E49B08C19601C8065FAC658FD088FFF23D158D604F401C0FDA260F41AF3CC825E5B950A81F3A12EA456325FC709BB046E780E0BD31
T=0

[26]
S=$FECF69
W=-$687077849269BD4573455BE2F0538F52AC04BD262BBAF11D42570EFA18E925335294410452A6D632C268A83D618ACFF21FE17E926D7C17D543AE2FB862B8C7AFFD287D2B7CE195FFE8E59CFA12F3CD02DE26AB9A6EBBF480815F04CA9DBA2A1D9269E57702B7AC51D5DF1172FA8952AE33C9880BBBFFFBEC099BCED87C3251CBCAB4690C4DF69815AA205EBF46F500181ED441F22B54DCF78AF8305B8F6F
J=-$56566BF50665C0D10E91A70D9A3A830E72C4C210DA8C8ACA5CDD09E9B0CF8FE171CAD42B8FA41B84F31B8141DC24F593CD3CF62C602D72D55CE3F71A543B1C0E05074CCF910235ED21086580729755D18BA483FCAD274061713F1684788BEC1740D9E9B87E5B63FB33D85DCFCF8C7BF7004F57701E389677A703AFC8200B7105BA809CDE4C6F7B1FA63076EC34812D0A13870B0257C98DC2C7C47925A78B5EE657657603B6754A0533B5340C3FEDCF08B8B56F441F2D90A92A55F1AD4FC99E0D33EA5E2B653C8FCA5FF9E96767320445A04B74F267384B06DD4F21D75DF91645B1C9F9839AD513A62876CE2E306F58819ED13F29063E43B7E5E14E385A653819D28FB8CAE9C553AA050EC569D984D0CF0506C1FF45B1A04445187A966F8767C3B7F05343B1870A5BADBA020716548C2C5FEFA2DE95BC68E420D986C
T=$2

[27]
S=$3E76559C2
W=$6A520C62310B0443C2085F484DE266541A75499EBF390D0D6811E348C0C6DA84E3E753CA7B76B18AA989CBC133EDD24D0472A1E5F5BCCFEBD0AE10455A802CBEACAD18D0A67BB1F822C86B70BCFC5DE7C16A634715362244F19A421BE49AF61922285FB6E75A14364245D19BE204781C621EBEF9310D9EE90A2131454776A9E78DEE577BD8F3B65282625D7B39AF09FC5A6A868E6507DA7F56F2C4996
A=-$1E
B=$38
T=0

[28]
S=$F095A
W=$6ECD74594AC4C46125A8A7C021EE2F176EE1AB07E7670F25A3AA484F79E1DDEC18504AA70CF6FA6EDCDB5A19746D1E1074527190B60E543026E73D2A67D3674C2DF8EBED500DDCA9226F589FEEFDFB42382A1096CE3F3C9030E5B8B47C6B821C336AA3319ED16B34EEE2DE5B0CE644809BC466A5574D9BA74A7C5904052446B189DC136E298CBAD9B64E879BF8930C617DE401C71ACA2B7329F76
J=$6CC76D05992F2032C6F82BB1FCA6A4E92C885718928813CC1B7BEC52924441814D1157D301C397B8277B320202304105E183AABBA42D4C7D1F17F4503753127D90AF553B4A809E7DF5972F95E69BA05BDE4BFC7AD81835F74128A73ECF942144ABA3FD9A774336D2A5A285AFDA7B50E4D93947C5E25F1A40A9C7F5B7B4E5A979AE538802F01B219F55491CF7AF81B35EA8C661DE1B089A901A3C341580D3C4335C409AB6E12E74117EA5DA093C68335B409820B2D0D8ECE088F00E8720F8BE2516339511FC83720AEE323BACEF594304A7874A095C08DF1A82B44E3608AA8354489C612407AFD75C0A9EF13DC1BB7853D0AB5AF4ECD450CEEFD5DCB15736DDAC52FC51B6E45F3918228F6DDF72CCD2F61ED7E53077D5783601EC67213BF9BB100CEFE324EC9232DC5D7C1D0F45B2397562E5577A8
T=$2

[29]
S=$15603D0
W=$18BD487C76BB1ABB628F98A8AB11872680D2D3B4190FD2F12C7E87A751825CEBC2A93CD4CE2D3379D15F490C62AB75BF4A00C5B687C678871F0729D48DF1EBAEF60C2CFD86E6408F7CEC185085872678438D79465B8A42B72401FE55B66A28CEB8F503E29FB035263F521B9C3B1A55E032EC140C0216DD829D1FADAA0B0738F75186EC4F7979B911F78EFF8D2CE468230BC16D330EEDE118708
J=-$5CB3CD6AE1A86737C85FE5A21FEF0CB3C4C12E1F7D9241CBA2809AE687BB0A90084CBB763A1D3EEE284933493251695E7CED8484B72E74D40285046B5C6031124A0B81F920291768E1C0838625C77FED3CB4D3CBF871D0D22F23CDCC194565456E9743AFCA7B31500B16FD8D9BA6276DFB35F4DCDE0A7A7F55FC814A5B8C0F3184978197979D1A5CFB41B804D3970F3208213D81E8074FCBC874781C31CDDBB99A23E24144E5B85445E050CF313D398C5EAAE6FE46055C432EDF55214C3D4900A7CD5067EFB0211088C0D3897745785FD552D3EFC9B573DCAEBAB58E739E916E7DE86071C3B354848F0531045BD43AFAB7841F337064AD8B3B1BBBB36FD7D0A6F5B06CE436A88792032DBFEE0BA15AB85F7B6FBB35F40AE0F903457A7F40205A82AB2B45C2DEBAEE5ADDD00A762EC063A492
T=$1

[30]
S=$3210B2768E7289BDBF4
W=-$1D2D5D5F3DDF21B72A0C30F8841E7EB066136BEC54C42F450A7FE4C9DA5FF833729DD984EAD823B37001F09CD412D33D5A0C534F929C70D9C97BAA82699343A26AB32A98359714D418970E22D384630890F2DF77742AE3630E523467D459C96FF2CDA31D81EE18BE413DB8CFB072ECB1A8E0B6445B306874DC8B1AD5DBC14F8A116116BC1DE540D214CE181FB8B754ADDDB8D400F9FFC90A
J=$23431D65B3513C13A3A39A19E32DBF0D1CBA65D85D63FB514AD0227862F4E34969937A0CAEEF9854E68C566A4C1CEF3C3BB3FB774890751800C943B472ABBA0B0E142CA3F4012875812CC4E97A2C8DFE231AAFF83B209A7F0EC8885EDCAB56AAA732691A65751E767BCA0E70DEBE93982FAE2A9F482EE9D7DD7DE7E938AFA670711F94FF741819186B37F0798DDCFCE1F9FE1B6681B5E05FE2E783AEE6C5A9AA0C7B6962A5166D94D5D5B5FBD6DB11B81ED8602F4F74AFC8ECC3E791C485C00B2B1806BA9236F788A550C1E50DE6C2BFB0D8456B5249242AAE15A6FBBB1C28B5551BC11AB37B712480F929ABBE5647FBEE2A94DBEA93ADA42E1BCC855DDDE689BDB6622D238048A3AB1B1814F4665490405CB760D0E1C82C34AD7E3B0911F54B5441EB792D0B80C0F98328B19E2FB5
T=$1

[31]
S=$28FC11DDE0D
W=$864A62229839A3F10946D775D5CA147FA8D7F49D53ED2D02D420BE3AFE8A30E8736FD194E38F10781A1AAE5CF90149549E43614A0D9D040DF0ECACE588FB2AB020962FBDF119EB43BB70B77CDBC37CBC27A3166D3344B31A38B58AB651CFD8B4F6198079CB116B47AF77D887C292508D32B27FD0EA117F388C5144B3C9CA5B6A78F1842D02EE714BA5682DF0018BF311307AE5
J=-$6EFC9A602CCA1EBC1EB23B1F91D61D488AA47220D2AABBFA1454D2C972CE5FDBFD14CAAEF4C3EA1CD1741C662898B525224877F3A1907B492EB2185486B30C8D455C90473C61C46B61327CDC6D28A5E713EF27D85D3866E405AD8AA6150FAA9C22589316B46F6A1857A07DCE99CABA8C8D8EF71EBCAFE7060A3534828737CB0B91B73FC86D838D4B39CF8CA882B6D5CF4BA7D288A879D78ACA8967EA4D292B652C96B35FDC75D7645064229A3B5805E9C3D6B24F5F84161A06B85CDE2E5635115968FF92D76D13700E20868745BDD02FD6C3099844205ECEFDBAC8126D3B7414036C77A79F347AED366CE015D77D4471F535AF7CD380EAF9FFF22598DC59481CE6BCBFF5BDDB3C5AA946A7C55873554663A219094723AA13CC54D910B2A9214C55D0A2E5559
T=$2

[32]
S=$3C6413
W=-$4F170BBB984E600DD2F6A559C41C5195C3BD977A5A504AADF8851FD03A61FA9D00E3CB710BE94542F0AABD2C3D29A304B586CEBA68D01A3E60273BDB41BF19C91C515A86CB8EE688A2F813308EA38A4EE3023A46BB8EFBA72C3E54DB040D449545952DFC2BC5C01C9A8DE62C997E534807EBB26FD185ABB09ED22032D849724C25A444D4F51770370A532D7BE7587A81B
J=$68BF83AF027B755DA6E8632FA2D6E6D6C5410532F68C4EFDAD19EEA90EF93434B88FF3AB08DA15EDB72046ACC95B0FBA0CE16F010BA8FAEA02A90E54B963B2565EA8E0D1639F11D885640B84E04A8008DD0BA72F730275BED0B0221D2F72961E3D26A807701508DF606D8A3A5D438407DC7C297F1761C3270A1798281C809026EF021E56FC6C10309E8CD038EDEC01EC5059A9A4D9AA9068354DE7273A5FE74B6E069D4378721F7366A507D082F9A8EABDBF7FE72CFED487C7493959186571159EAF64CEB696479C3D3B0E8B66D1988FBEAFB144E585882C4556669F23F2F412490B48E8897D24520EB60B603DE73DCDE9B95F9C0A39D59D55F8C0FB6E821883CAC943CFCFBC1C15470042929458D5D9A3660AB3F4CEDB075AA21E852C39AD31
T=$2

[33]
S=$36B5EB463E
W=$629776523F59F0EBDFF6BAE2844530BDD17BB1A1D8776577929FEE0BA94FE2FC0CBB2B7AAEB0B6B28081211E663C8410AF65433A3E32023FB8C78B70FF0FC380CCB2583761EA6FF26133B845252A881774C4E489291DE11A1616791B33C97D9596A238D7AE4ED7928D215899A3FEE20D5F12279EA7A43734D2070FA8933C3CEFE9FADA380491CAE27B328015F9A948
J=$1AB3D95EBF860B83A2A0690D91B2F83C45277FCD7E2D686B94EEFAA56B9E20C0B130B623C0C1C8D5768B0EF46166D4D5E1AC09A6AD450F9DD4AA0FA6C7027DA979034A17D7FB5950FCEB91F8445A84A60BE8C38F6DA2BE9F545B8976C4FCC7921BDE90AE163E7B47E61212A469E9FA2BC14E38E79F107C6ECC82DE17D6149C18F74F2DFA9AF6F78C9694D1180F3E3954959FC13284998F16E0579BB6C9FEA12133E453B59585B60C5A85C47F3C5E6BA29AAE0B75355467C8432264F68B5D291A62BDE5A1ABEFE7ED015ED771C21074C89695C6680C2899283F66A597487BB07D2C66E164C4B72558893A483E994FB322E9CE5A1729DA36EBB4249EF29253281C04346FAD8C217FCA08C29A36F714992308D5B92992DB4DB29C4EB5AA4D23
T=$2

[34]
S=$2FDB9D1
W=$20C72749486D63BA73AA29994A9B6F3F0F9C0A24B0A481B18D04579B4CB354B9BD944413C0AC7E2DA95E3CCAB507619F3294C2D65AAF6968A30EBFF8D02B3873DD2532A86B3E6EBC5DF2A8706B6C77A33C504E3E7E40FC48F95552CBB7F54CF22FAF9A0125B3FA90C6577BFE6E88B34AA217DCF02C6383B4E9BE6BAA6EB335431B2F5F0E56422B23A76B2D7439
J=-$EEFC5C5FFB159BA4A326DECB2A5D3E987AC51CE9718228F13EF9C7722E58A234C0775EE8F6017E1E7896D5B58E4189B4466073469AD22FB225D5891DD9B651D23B16F32870A035EBEDAE2814B9FFA13723A81A12F7C935FCD90E19D8083D95FF24981E2A365D1027D6C7FAFB88BC39E9D0C93E74C302AEACBB9160E5A96EBD5CB6E3E68BE6DA9C74DD2CDD2EF09B04DE5F0D3FD47772015FBCC58DBDD7C95ED7F47E6435FBC4C28AB6D633E5DEA45E19931E2583B82128EB960CC3E5FAD84D36B377B957B630996D319E30BB44DA59DDF5203935888F9C445696A7A4C6459ABDCF80CE8C999D59D6FC277351668C8F025056B8CCE6E5CF7494127BC6915126157FE55C0DDDBEE89D4C5DC517E6B1141476C6ADFDFB8C61B2B5
T=0

[35]
S=$3707E7DD7
W=-$557ABDEB055452DCDE2DB7FEC58FD4C68AAFC158B6937C1B0A26D6B32D8ACFA0B3F4E3605232CE3FC0C76CA39987A61CAFF6AAFA33A3E3C948B970E1CB9E07ADED85454C812521F36CEBFA0B703892E3E6437AEB2A87F3C7F5798A498BFD5A8872115DE1BEA958A962512626804CA0B59F881C2A003524DFB1F2C7E69477297EA75BDAA0A74C5C69E80767
J=$37983CCD9A225574D762B181BE7203F7AC7B1D8037729C501215125B86693A90C7BDF6CADEDF5C840F7AE388F8A293DEF7F8432AA613364008EC692E997EC41597CF1D70137416C564988D4F1CFCFFEA4072EEC49356FB035EBB6C387D2651140635555B092108BA32ABA7471C34FF04C2085AE8315572721A08BE9135D44B3E13DFD5EC054333163F2D4BEC3384C1386039DE06E6AF0D2BDC7CE5241F5272C6DB111A81636354FE4D1E4D4BD6B4473799738271373D27752C10D4EE963261D84490E7D41AB3D61506A3805526391646985E472FF44DD00DEE7D7AF436BA06C845D123F3EBDF90E933E240B2BAF14F94F7AE5949C6EF240BE3E5133B9B61459F89495EFBADB79BD55901F4E3B3CD2888732133A26502
T=$1

[36]
S=$57D16E10
W=-$D1D4D82E0F96C476DC3D717182728FF6A211D3F75E8CDD73E1802AA598B0060BDEA8AA08B66083987B23DCC97A7E6C4D24FE367DC182DE984F0B5255962B927D4E976ABD9F9BE9E142DE73EC533AD974F1A9674B00ED906E68027544AB7AEC85BBDF893B3D873D8B76F5E8B6F945A3970DC1D25985F787208E81E937776A4533E4E179B12DCE496A60
J=$173EF1E2CF8F0B24192C1D70F98E8FC7989041B3093D1E6A8639CDB81416167E6BA4CB9FB2038FA071AD66405352F6227E702CB6F162B267CC27DE7A5172B21D7AC8C02C53CC94CABB701201362ED4E0A7A73B5C518471EE0511F2905597C80EC353F876E613E5117E53B14815F8DDB28C724B8A2D760792FAB789CAA1C1B6A56D922C16A1E75A27EB3810B72E509B21E66D18A20B21180F6E4927792CBACBC726FD95A032127E5BF4B0B3F753A4F6C951DA2EEC663F9D5ADAA80C79A2C5397DFFA2CE31741F4C73A956B9CF647D51238C006B5A2400D0280B6049D1F538F64B94AB6D16A1F1E28CFEC6296E04E025A6EA76093112705943CCFB37C5B7E03E2EE91C9C7C947C175D4AFA0889359C10931F16
T=0

[37]
S=$52C988DC794C70
W=-$12CFF784350E9ED434688BC683863C2F1AF7B4A9ECE9B4F1E8BCFFD2801E956F1636B9CD9C26714FB3FF43ED8A5BB16258E77E8323C27368F1EC2AB8F1A9CE8BF0A3C4DE6F0800255DC582804BF6FE6598DBE2EB13138B595D5039CDBE530ACF24D3E401F2DC56636585B1F9C29E7789AD031575174A732643F1698F6DEBD3D8036FC715C5C193A
J=-$456118DEB9BAE5A9DBA3556065A3A5E968027A98CD81B7E05CA16F35D1F168C6D57036EF4274E4851ABB10577D3995C7F4AA748074DAD0D77ABB519FE070C957A78555AB9BB2CFE6660875E8C029A97AE728289ECE563214736A84331C1CE7051B4B635F79E231407E773BA0E163251FBCCF3D66033CD5F89F85423A6D6D0D86567ACB080A9E618778AEE7B84EC03DFE8F580DAF7394A0E33018A064E44CC4FFA0892980DF5312E5343E08F6D9D19DBA61DA676CB42DA03309F70E053B021A6001D924B453B5681C8DFEE3615027D5DB4BBBBF3FAD8E27FC470E57270B3A35F31D5341BABEB9C8714E83A6105C81A44961D1F1FF33E59E156BAC4C43CAE1F3267D5465C4BD7B89D1E996818F063
T=$1

[38]
S=$55D7A2A4
W=$290F988587A97E7DAC290A52FC03D3480DEEA702352B99ABD4DF22B6F572023112EEF1B0341C5FBBE04AA7C053D8E55E090DBF06FADD78F7EDC43AEFD2648C94D4C4E4B4EB83859729BE27CEEEC5CA667F84252AAE2133A3F971B344A5D5DB6E695A131BD7EC8C1AD04B8C239F2AACD3D5D62C03F9C3F68604D76E9E52BE1EF756F79FCC
J=-$7BC38D10D3D1A35A86A54042904538F46670CB2B3E26F2363BDE976F8794529845171555AA5414D8BBCB0749DB14AFB7485C9ED72E9421B8712D28A1680518F0679A6D58BFB2F775388D224108F0DEC177F1B7EEB691EBDB9D0CC2D58E3DF29F36A13F428FFEED8751D388FBF63921B84A31E0E338F2F798B9268BDDBC3A1C435BD053DE28274B3E0A3874ECF3A5E865A11D15EEC9A9A2621AD49364C8BCF3EB605128EB22AEFAE5EA6833CDA11DFEA09B362025A25E2C1B537D79BC935AB286C0B524952CF367CD5CF1BE9C72B6E97E78B5A8C7F7E4B3209F3C5921AEE38D209018F2C57ADD934E4361EA9193DB2B23334CB4FAE729BA9769ADF0D43C05DB1F5B8874180698A8
T=0

[39]
S=$1ECE6FEAFB70E
W=$49D66A0434AE6A24B2A97260B9A1FF74E5C830C64877329A9BF3E01449BDF57BB597ED185AD53A9C2AC68AD0157337A793F2EE84769B114D41A3CCA34B91A1858AFDCE11200F1D0ACAB141B5F7A27164B8F0ECF4F0940CF831DDC3E1B3F9BD6E8D8013FFB2168B6849FE6E1712CA119340BE56BB7386880A1188A384E3EFC8CFBAA0
J=-$296D5DD1AB78450067F8B7B01DF906F3CD09DC803C63FC9568D2FB942230933AE0220DDCF71AC7F4C5E7004CF17FB65F0287C07DD060E8208EE60B3FB2F89C86F8C2DDBBD488915226026364FDA55BC9B44E52F61B6DB32477769837311BB634218A2B60B1F2900BEDC107F92602977B34193BEC8132F25635A71EF366DA6F7926182622F03C2BE680806F0F289B7A7D4DF77EE028DEB547EFCF0218252ACE181ED8E5BBDC5DD088D2BD8F424AD9690F158FCEDB152CB4BBEAD0E87654E86CAB17BB0A15F3134F8CF9154C67EB327299167AD067FEF2D5B63C85210F5DF7B0075D8A7D956C6BB2A0B508E0A1AB425D14F54294DCBCD5C74AF4BF47D23C5BA1166B9FB47
T=$2

[40]
S=$27EE
W=-$35508CFE118D8820BE44B3FB517944D412FC5A4DE163E7460D6EF49C1623122DC25FFE41D66BAA276227A671074EEA6F2252AB9256188C02F72DF44E0E0FBCE37A4812A33C781070B6CB92C1F8A9E49F013A30254FC635821FA3D2EE5C6C7AC07ACAA4299580560BFFB963BA3D746E1EE6CDD9334E5C4312885415BD1C769E
J=-$AAF54DCEE905D01F5FC16BE7ACF9DFFBB9B0E95B25598F43F8AB4A0E94F2D1588950A37AD03B4693B016F16980F69D11D28A2F3556D880C4B71DBC7DA9694D071C620EF835DDF45798689FBF79E96D32A924EB1E0563B316B580C8A3C7125960B2FC2E66DF498B77F86004B7BAD6489796DD888C93A96374F7A821F9B1857D5BDF2F7B099C1DE3FCDBB2B1A7CCFE61E0F4E38827433FC088EDC7D0D3737E0D1EDA7765F6FF23E67CD09EA0558206F82BD783E5B769B145599753B0D68147AA181781D819C1661D43D1C92C2F05D68C527FE8D1094F9F908701214483E1E2613CCA316F2686428C8B2A2C23E0F9DBC439003D39CBCA43BC9CDE2B2F245B
T=$3

[41]
S=$15E0
W=$1F2864BD4799E0C855ECF5B51149A33C3C1A1DCF3F3E6BE122A972A8C7DFE8632CAB1BA8E234EDBCA611673C432B42372A0AB22CA8DCDEE4F7EC0F91AC2F6D6081C29C707F48CA3A01B4289195E54B99ABC3A0E73891E92D3AEE539843B111E5FD60372EF7EFB9F58C3BCFC9E2D030AB307FD318D8643FFCA9F59294A5E
J=-$4C4B953A96175FA14357744ADE7EA489137C83CF6282C0F7834F2415973F044C5F96144FF84CA223706B681040398328A986C77CF9AF4A515BB5C9A52BC0DDCE714AD43EE41B0BB4D6838B002426470FDD055636C0F214EB4B484D5EFE803571A732A0C6E3D47A62FAF2D42BC986EED8441BC29953C4698EC0E44853D425239E7B4BECC42D1FF5BD19E099AB5505B212633F2582D729BC339FA97B2412B9FB30C202D90FD8D9049A2585D3135A7FE63873DD0D04675CB0CCA8A89F2C30123D92760AB64865F01EA94835F4AF6F05C4C0B886A7A7FC4591AFB5177CC8BC6DCC0F61B69DD16867E699DA7ADBB28232903FE59F0E445DB640B829013C0
T=$1

[42]
S=$695E47
W=$EBD9CFCEA0930B7E6FD3D5E446A4E79C7B0A1060C1FEC60D20F1038E14DB567CE64B6F25B54AD100C9871D1BBF552E5E6FA2D5539FDF6277F84555CAA89DC03C973E681D4292E1836DC6E31E9867FE10EF6649D9F4B0ABBB78647815AFC3A51D5453AB8B90E98BFEDE31C69AC79BBC5DCD8C2D6EDC633357C6C49261F7
J=$3F1F1B933CA10556E2912331FB7543D6F2F981C697E3F6901DE635A381157951B3E23E6BB33C2BCAE3F160106AA5819E7A5E478A937EA1D2D51CF2E1E34C7B7A18844680444D113D87BE552F6DEC9458F55EE68CCB1E50D3794F4B782FE185ACAD9A116DCEF0B7AB80994B978BE3FBF4991604CCD22102FE64ACDF2F146CD678789CC2B1629B5DB798D1A63E40FBF50C1BC857B1852C3B0363726E3891761CEEB3A1E08EE7D4E36619553F60B38101A9ECD4A9C5EF9195965F42423CF077E032368071A075D6186FD59217DF173D984007966340AEE20770DBC944A28E5B3BCAE6B14B672F9061DAB97528D811343F770FE9B25B441FBE563C52
T=$4

[43]
S=$1E1A5AFD
W=$29FF2F704B75388B3B4818621A6457B83BBADF03CB5E8C662E22F240BD16FB9BAA9298E3AB6E063FD43D3B38BB2217E86971D4352FB9BE3737E684177AD0A8BDC479CFA7A358B205017937295B44115D6DF590C8EC8254458E1FF8164C2EFA841C839454CC6F9AED93BAAFD6DF48899B6453D6340D9FBE79D1E18255
J=$CAB13474957B81C8310E57E9126994BD174F445E487CF6CE956737945DED47CD637BD1E058F90192534448CA4BC3B604A56CC8494D4642EC00FAE1B10A39CF9DAE74D71824AB4F610425089944A41E85733E99E8661EF289271AA92DDDF865D83031E19A002E05B5A3D45A75F00E686CADF32E94CB6F3A454EC88370AAFADAFDE1827B9F2A08D044F377D2B4108D3DAE0A8489AD0567FE54D9FCB3FEBD70F196DE315E1099EF81F7FF0DB9580BF8327B4DEF658019D38621887F9C8CD39BFF48B0F2A20FB45B99BB2C4792EBCC42A7C26A2DF248E529F44B1485759943B1F04A871C74983446C5A86701B9FA326808E32BE47190B39A8F
T=$4

[44]
S=$2500B3
W=-$31F2B204CAC6D62315CC133F8388641DF6F67E24398B619F94A67A7E31A4DCA9B7D4908684A006AEC6A06D2C51466DFBA5B7B8A5D949C4EE27704EC95B0E3D2E017813DCDA55A97AECE0F3F8CAB45A0D11B81572684D29171038BDD14833C0C309262CE6BC416605B9A0CE804CC1B249FAD64EB8839B45728AC3
J=$279F2E032E23FD5BD8A481ED965F39C31379DBC903B14E2B3726C9E78B33C456BE8778C0E13C486AC515032B89B699A0E0C8A90FB05CE30547F4C51626D9F75CF94172682808A8023E97B8715518DF5917658990E07193A4FAB1205D0ED8C3994822017C246FD02F2BB93C5953FDC1DACB3FF34C877DE209FF083541E2F51A8F316B05E561F144E74DBDE90C3DD2C6780C8C11AE9E13ABFDF6442F556BBA34FF0055A148990EB57F05CEB2CDC59CCD433FE561B7A426661AC5D7286C8AE06005D6C77B5C902909945EA48C3965421D54B5BF77A1215B5132CEC6192D20F6155CD339F71D84F5BBC5F3622DC44E79222A35AFB82
T=0

[45]
S=$17A859B2591C
W=-$CAD43426D817CE727E8B6FE0C5F82FA65376E84ACB960FF61836B67C8C8E95178EF1DA205377F57BF7C6F46FCC1C6C45D590E5F0A0B359BDC9D8FEEAB832D4A85E4531DC368977887B200FCEB8E4107AA6F5BAE2ABEAD5D38708A53E22A82C8DEB13F6B22F5C451F287DAC8EC98D21A290BA3579F64C29FA
J=$31B31AB8EF2F30B7515430A4D738F0846FBD20112440A9AD92557131B1C921B9CD1908FB6FF36203934BDD725AF25042B861E2C1C438BCE5448301EDD42B0727BF1260156B6170B1FDB32518DC70C75BD703A42B149AE6B900C5A0D5F13ED18D99492DA8B874AFAB2FD0E9CE16CCBA0FD13430EE498E3B0F446501510378B88B5D7596DC9BCF88A898B61C4DC733079E01DACD310F87469532DBE6AE66D4301646CA0F44EC59D2C5FE5997D7FE4771EFFAC713E7260DB61EF16CC9661D474B70CFA52AFFB5DC5B0876A79D432492BF67F5FA18D10F817FE2054585BBCEA7E07FD526732A5E249E06955925C10350600DE5
T=0

[46]
S=$8F2A8D1
W=-$31E10ABE89CF54BE84D72EBF74C677C624E30018D133A235066D1C960004F3C2CD685DEE54F8FB0FC13413E779294FF92FFE49917A349816471A72EDA7E24561DFF038EDBD469D61A59E7648192ED26AA05542117FAFD7B4C62424666616C4E390562BC19D8DB7566E4B6AECB12495A40E06E9F8A3A3
J=$DC0D2E626EFD9514F5E839E14D4F1435D439D4B2E80329B872178C3079C355331D4DE86FA9BA073498D657A7E946C6871513C86DA325A97AE49B56C4A79910E097BC35901DF33837B34D9C3046D5671233D639797843E25693D261D4428460D18B3D1F220E43606BE451F0D53EDDB8C1977CF0A095DEA47DA16F48A2D97075DDE7396C6D0D0B536E61DCEBF7649306128F0C237CC10BB739960FFABBF37A6504F56B3F1365C979631DC6B21FDD880F57D3DC9B9B0E9B006E11FD827822382551AD7F84F6BF55F4460D836737100EF7C7A5BDDC36734A0043D1FB92AE1E2BA0473940680B8204249CAF3894
T=$1

[47]
S=$20023296
W=-$1125FC05BCCFC39D573D8B665310E17DFBCB1CD1D0354FD6096701712DD9ADCC129EAF64ACF53C4E59E4C53D6945617FBE9C1D85899F4754112D08390675210AB16089718E1C2EF0D38BD2A60FD46341C1DAB371CD6B82AFC97B3DC53B09B02D8B925AFA84EA02918C787395E81094E3BB41FD9AE
J=-$3F85B4D7867168867822EE63B993BAA7CDD8B7F43D56DD2E2C8C2C510FA21AE81D38BA365F164E5AEEF2CFA8A6693EA507BFAB5635073E460A68BDB12F3306A0DC1B01D2A95F8A249202071AFBAFD5ECDC9B3DC7C9C06457D1E484C2638868175492811BCDDA8B57B1516AF2EC8C770B6D98ED9AE598F1F8E840BCA929ED18AB0A21EE127DB786C32FF7A84D3E6C33889742C7E29EF744C286F44C12033EA7EEB90411E511E53888FE8414BEC8AE47611111B7E97BC3ACB3D4E74AB6237AF4F4AD2F1F0A331B4207ACE3A65CABDFD0F595B63D22281552E7C5AD0BBFA01C3335CB77D54CBF0925C5
T=0

[48]
S=$A202A4
W=$34E216983396943606C3A21DF552569951C6FE335A853BA4660A4AF18702AAEB485CFE6122A3C88AD78937B6CBD98937B82AA886ADA92C88E23EEC1E7BECE799531E9E1E0D11AF119E8E2C25C856BEC391BA25D1803ECFCB054DA4A72E8AD6272050961FF41D48A995746451F92ACB2CDE400
J=-$1D6DF1A897EB0472D7500CCEB515B96693C3F2FF953CBA272F8836C69890570A91F935E53DBFD77445AA68B3A88DE4CC17A4BCD442CEABCC646CDD2E3F6AC73AF504E4C45A0B18701C732B48169522F05B7B4EB13AB11F7AD86C4C271019ED76A50A5855613FC872D9BD3FDDED69DC403823F71776919C697529549E3A9CEA61B9CD53F894EB4DE49A5541E5749788AF62475E4FC02666297C24C1C4A05ED229F525DB496A26E6D184D011AC3D3E0F4B1236A8B1C0EDB85A5E350317856063779F4E54CCD0B94C2F9CB456462335BEEBEF909D00740549D5984050A7874F5A294A8097C06
T=0

[49]
S=$9892ACF7BF60
W=-$547780993EC4FCFA342F93A8FFBF55BA386E1CA6952751C695406E2F993C01026E06FDAC1612721038C6B22B73B0BE929E5631941CEBC8B8658DC1989A389EA7CFE0D4C4CA79D2F3FB79A68FD287F41314AF42E534C4D5DA861D294FE1CE6F1A85DA51B762C5575639C6A9B586675FB8D2
J=-$330A1C9D7468C45C863C1B82B834BDC5359296CD353D6794A8CCF563A59B75E436E7B576659204A0996B8E2D658F8FCFAD76F0EC51CC00C05720BF2D05BB720480B49BF8A0EA8CD84BB3C8DF1B404356FE0C3505C56B1882C9EDD4FB5D3030E5FE3020CB284851826F297D531C24014E988892C4BB29A040832B96D786880FD1AD95D26248C285E19A8D4E40F009FD0309157FE10C4548F3055FC6530C28BAB5F7A89B500F485AAB55124F4EEC2B47545046B1EBD9AF9F9BE37B5D320EB381D104593F9C86D37A1CD6FFF56527E9FEF659C64D7BC59198E706BA3C27236FEB4F0B6
T=$1

[50]
S=$8
Q=$3

[51]
S=$C0314
W=$2697892BC83C142DD0F108951BC64EF71A7571089F33709C81A6A31E0CF35CC71637A9887C8A88CE7473A38D7228289F820B26199ADB0C35957189CE629EC82522D48AACF2621292BD03EEF0B7D4B0FA891866601AE480C3519CA294468D6BF2C4750E8201A28D016132B6F558D8
J=$AA3CEF6D5B883040E76FC324E1C581344DAB1D96BD153F34A594CF8F59F966D7C9880F3926E36EC92ABD5AD9AEBD997CCE1CE7A8CBFEBDD3FA6674A267FE480F71CD774E717DB1D6EB9BCC488C95F8AC87892FDE31B7532E8872AA594AF4579422FC18DD1C76CF3B35FCA8B5BA3DA6094B9F32FA8251DA80C6C5D12A9684EF429A37DD494D78B379198B55A0ACDFD99C3E2F4EABD3AF3EADC3E6DF2726A7DF81BC6C9C561BB28F4BD98B5DF2F3657296094DBE41FDBE489B0E72C813F658FE5186B6368F7E966489BF3038277937DBDA616EA8169AE038DD4D42FC
T=0

[52]
S=$357574C6644
W=$35907D3BD76110778239DE32C2E27B5D3930957AA30AEFD05C7B500A8DFB50F6ABBB454C742E8CD0CDDE803735D15456E5F0708CC20B13E6E00351CEEA0FEA2F0EFD1680691DC216DBC020C7B5C0FE22774471A6BD67D6E366427E879C8C283DF72A58E6EBF9F94A44BF47702
J=$1BB1065B0360357972ADC1245608D73721ACC11965696A2B732782963D3649BFBC13939ACCD9FAFB396BF1EA46A58A3C6746484027CCBAA39837FF117A213C4A49AB7F7AA14263C64BB3435F7ABC6E512E54D3D0FF3FA8496E65D23B36CCD42496771056B7464C14322FADAF492578E35C04AC53264CF4CDC2952DA0D5AD5E3D08575C4EE83B6E4A5976936BAFFD1388FE2D0D4B53F4E8BFE8E9A7B00C581059DDFE9FA385EA637A8B5A15D7B63795039610D37D41CABB3FC49EEC1164FBD548BE7C2B97EA9675261626F2B3912FC638AFE2801F296FF1EA7
T=$1

[53]
S=$A57
W=$2C4C2FB1C9D570D91D2958F7A9D81D121226121B8382E84A15494C935D95CF493932B1D0ADDED519448C468E735C65A80ABC785CA03A11F0EA23B639E6A95432CA0B09754A9B49FFB3F82DAAE578BA509838B04A5BF28FF56B24D1A676279AE02C531D72531258E4F791
J=$FA373B4498750A38C4ED67CEC8D06156E1F57E9C79012DA4E93462F7AB42843A9928ACDC86F797C162F2B4F1A097556F2E1A13691B0685A8B3F3A14856177425DFE0B4878E7AF0D18507CAB138B944F440FA9C04F0F9A47BBE66A00FE72FC8E447352F12F5734B359A1901A7B46A5578A906D0304B2223D8A708596A9140635BC57E216A5BEE2B21BC0CF09F58E3DF68DF960EEB57EAD0B0BFABB7AB9C88583CFB4570FC9C27B9F92AFD206F517F61335C025211B3A10F1269869637F3C2F6FE525B7244DBB8E6D59DBEAB115D1BFF4EEB8149
T=0

[54]
S=$F10756
W=$FBF1C3786ED7F953025425276D2549086F41196EE4B7F98D882AE8CBC7441479D8B98AB76FA5FCBC13E63E00338D01C42A7742ABBBBE50C61ACAB28F917BA237F51187E379FED9EE13F2AD5103EDEAE5D1A91EDB671177BB1AE9F7D6566D829211D71246D946CDCD5C
J=$32C3FA7621EAAFD92C645DC09E1812ADA9E4D3CD30A29C0D7CA54501627D728FF7C8B3117AEF1FF74FE059D865F49B235310F281F20DC6F229A5C31A4D7BCE373A46E702D4389D6B5C0A1AB05311BDA4B8CC0D7386CD9550D07CF57A819A59363ECAEA06F2797BA510A0361A0A7A7FDAA3F1185897BFABD3E279AE9F2939AE1D779A1870BC28B4272B3B6B7816E925503FBFC63626CB8171F82AE37EA4D830126454DD0C6AFE7B290A106821E5C143D17348C2E114B46EA6512C99617BDB1818BBF350C103B6BFC9926C88AA398851ABC5BF
T=$1

[55]
S=$3DCA10D25
W=-$1851CE8B67551B5D2B46AB0175A8927E2650A01251604031DDD7C0E343AD5487B47DA286A11B821D98CAF7EEFE41074D52D7B33E14D1FC2B7790E56C7AC7CD56F09DADD82569F2FAF984C7BE3B0A6A0C794425BB2F9B0479047BA31A3AF0372B016639EAFEFA4BC7
J=$A631299827455C5528F8BC29CDA689C90C41084835DE85D8B54122D90EF695FA136AD23F0C07138FB2B36605F3FC0D729CD007B8CC4308392859449D9401FD09FFC57BBF2670B0194868095D1F8ABD767265DABB56F76285F966AC306C3D8ACB26851390B1DA87695B0DD7B6DEF211477A343541D60F9AE09269F8CE6FED97F6A349FDFEEE385E62884084A9F6FD95DC4DD6671DA7AB6E1631FA6CF9C810981BCC854FF47A8E377DC9E8B428A64AB24D821E3DFFEB4CE738067E748879B7ED6E2A5E4062F3970CF1B7F459D913AA9
T=$1

[56]
S=$2091BEFE45B4
W=$9FECECCF0B9964FE7AE81A903A13F733A9A33C6023FCDA350DD7988B6E95B115204240E19BF30938F12950E16F89A135552EB101D02CBEF414AE4396708F3206918527BE1654707E9C0CC6A654B24C73542490D3BB9D73E4D57E902C4B6FAD72FC106D30818
J=$1C4A4F7D40C38D5F2DB56303EC330E80AC5A323E15EB517DD7400738230E8488EA3DCBA1B60CCAE28682AD1A1955C466F44943D653B15D399D93BD635D19F966D0AA688F3E1E3BAD9E43F47F741F245156591E9730D92979D17510BCEA3B23EF025B141CF83AD9631D8B1EB3BD0A681D4DA3C5849435179C67E8B5393977786B1E2330F36804841015427A9F58865B650749A66AB465264F8F9B91A0F3898B975295157D6F2BC108AB4D07D4E697C1B07DC700D39D03D508DD7D01FB7E8F4B5E144113E745E2E52940AF7F
T=$1

[57]
S=$15D5CF
W=-$302134E3C1387A263D481DFEDA5E8386FBE72B9F00590EB83EE11826A563C64B35B0952523CDC82F60C009F7A53CD1536A39CD584633C201CA668BF4A093015B12F464BC4B696AD39A54468930D8EF9B511CF262574429D45CD335E96FBBC6ADBF5E5
J=$6EB03F4445CD0F50D629A52DB468CD4D3B3E4D07C6DD6BE47CE377D24EAA81813557BEEB25E2FBF363FED8EB2AB6C0DAD89212D9DFBAB53785550AFC01F0B7993BB1DB65C94AD2F6032D972AE73948C75FAC59B2D05E730B96E0B703187E845DBAFD094B9EDF1C8558C719FC940A9403B0D1EF3AF3112CE283B5743D5F5D41D06BB069F87529DC0985EAB5AFF8F0E3E014C11216C8BD8E19139AFC585E8052437881BC69E08FE23E37AE0687871298D068F6E73C0B9A55C256AB6635B4FE46087218DCF8E7
T=$3

[58]
S=$405140
W=$98FB7A7F54487385EE429B3BB7D4DBB654DEB34C876C5FE344619077B8561FDE66A3DBE929D8EEA0710C3DF206227D330CE53F6747EFA5FB968296DE57BE1A634D8D9B509CFA5B8170231508C00AABF3D4F305017A8637432727590D8466CF76C52
J=-$56303CB8FAFF74C585243761E7D57CFD62044EBD599796645F647830D562565499DAC65BA194A9E25E9F34CD64589FE4DEA6C683C321E29C79BABC4B47BCC99DBCEC79E3D5F663014FBC01E84E45B645615884ED3EF14F64D6DE53E52C9E957A6C8E1E6DEB2D6961A3B02A8B8155311B708A68FE85E4BF91E3FE2BA5B55109A30ACF868FE432EC7F1465EC90A132FA2EA40F58D1FBE6A0772BF6D2E63B965BF470E4C6C1E77067E02A437B8D8A7760E78615777BA3D7068456C8734116C4741456FFC
T=0

[59]
S=$2108AB8D4
W=-$36BF8A9254CD7E703FEC733FAC6C6F7ACF7C169FC8808BDE0C365D1ECA14F9D4D5892F14B97CD5566ABE74E9A238D4D764D91367FDAE3F4C5D864AB93F67CE69BBAC4C834E39E6A32793DF1E9F33C28DF0C59853CE437E625101CD7BFFC834DA
J=-$2D70C287228D46279EF82EDA00EB92F2FF5CCD13C048CD12C9F4B7627C72CD89BC2C663E3981CFF28E6FF198E46E7B13034A18E844FFEB7C0EB0A562C950DEB8732BA008CEE515F0B2A2369F2433EDF2999A7C4C34C2C48C9DA338F91725F647C1D1D459D51BB589004FDCF28236A9CFBC14127A60C64DF0241D7B841334D8D31756A213E7B7CDE046DE5171E92023440004E8A528B86AA8C42AF1E813BD21E6B6CB2431174923D18E2D728E7E94D98DD1E562AA6C6AE7814752383109806B3C
T=$1

[60]
S=$B0911
W=$D3B6CC1849326B86034DCD0E79D9A65B7842FC6C2784E6992968D312751DFC357B1010AEA3C515D25BC45B8296FD355CE2525D9790BC4FB19CB60CF74F421C3FA7F500E029A75107C30913769ED8FF16B2D733DC60AEC265C5887A8AE1F5
J=-$107B67D74AB1CB0BC39EEC388DCD227FC8854D402984E301F131C33BAE8310C6F253C187A337E0727F6358E6C04B8ED3F59973AE8A237114D7B0C7C9F93E6ABCDDD09F550B11CFB21EAB41A1BA92B6196815B990BFBFF53F9E2DED0DE5A8F35ED3EEE7B4C6809E8BB4C03D3AFF9C100BBC0D843650A9B831D18EDEF8C810E2E7FE6651D952D6880F58AE5083A0DF108099D943270C728FF0FE5C276D2424C9BDA2F5C26B9DC9D12D4C78ADD015A2F705C3548BD623F51A4309B48D0
T=$1

[61]
S=$CD5FAC56C
W=-$2664E9A32BDAB33536A6261C6008A0A0D12C7BC12CE97271F0E9C8715ED2EE9D43A052A835C854B3951376B8D68D3C1F36AAFE2B37390C42D3831FE9F060538FC68B6D690D90BE892C8EC0CA35450DBC4428CCC78D56741739119C8C3A
J=$88B4345BA4DADB0785C7761A17C51350E742D72FFD393FBF176E14E909D12BC36655CFDB1DBB55829443CE718028224F56819DDF1C279458C7149A870B75401365F3A6724AB2C2CAFF3BB95986285990C2D7DC585DC271CBE400E9106C624F51FE147AB7C3829A1D441FE2394FABDB5C0B1624689D6BA00E4435B9FF9B47047A8DDA2A629F8F82A7CE2A7E4FECCB41F65FF27ABBEF9543AC90FD3189CE39F12F07B02F30143DAF993B57AF3A134A7287218E97F77C1736FDCD
T=$4

[62]
S=$D314AA
W=-$7EE91DE22EE60A6E6785777C9E95204354D15B38E0494FD93C0A7B8F72C4CFE12CB0F66B5A06FB2935FAC6DA57C7F9AF9D1ABECB19CC1950DCCC7A37F506A476B3C32B8068C22C373D0663A0DE1CE60A055D6CDB7A4A81FDAA706
J=-$5AD58C542A08E57EEA72E01040126BDDE375F36D3DF1042F0D634F7F1FED95A225B2C1441D2051CEC94CC939251307D30C1782F4C382F4BF93C76F8924167A4A35E6CCE609CB0BC1BAC207296E007F55DAE013DB6F92F9E1EA1B9912A6236F1C6A8E18D260BDA2C81184CA7135B60B31A34237C083ECF9ADA8C73423D1F7A13B693A79D80C57F5099213EF1B7D266CA4BB7E10AC52AA34D62F846A79BD3543262C7A9D5DB619E2D88D919A755C036ACB714B340C1
T=0

[63]
S=$6ECCE2
W=-$78ECD87A4508C5D0BEF8231D9CBFC2433BCD4294BEB5033C2A8AAF72AF55ADB784ECCF8D69936349ED348C6B2E73E9BA3A5C1686085EDF5C83A3C48547AD17CEAC902ADA7C183CF2A6D4DA38FE17875921B2E7058B7CBC6B24
J=-$F08CA03776F1C12BBAE010A5235ABD3B2B5EC28F0FBAA293E65E52EE3439730DB11E91B1BC8A565DCE3D23ABC383251FAD9246DD8C341F47CAF98EC16318523771D1523C96007BEB7DEC7214CFDABD27721BC624227299033CC991834A32D51B0C43C267AF93581A0EC47D6951CA87FCCCCB0F805AB8AC15C8B52E413D0CA7CAFDDEF90A73767AD4A68309AA4D8B85E285CDC3CEE3B0B81DFE325EC485F9C7E70345D95C3E05C789FE0DAB6C70B8B7A8033
T=$4

[64]
S=$363543
W=-$19B02DF7718C18F52DAC9F3BE955C2469C9E2AEE3115EFF33DECD6EE18B4C749BDEFFD19F2E9ABC31A8CA76B4DB8453572B95E820EDDDEFB510DA423A4C0E8555E602653CBDFF76BCB5198377D4929A2E0EF965B302883AD
J=-$4EB311FFE015665527D4010644A77B74537BFA2031C8A8719AA89C53D3497141FADDF58C4FF295B6574F9B5E5D876D915C1A4C61E1E32EFFF41DEE97A2EBEDA44249C9D1C245CF6BB76F1F2CC1F10C3C009CE3B7081291173FAF215B9985BF8B103086F92C1D6CB4B96469E68ED76ECDB2B7B9E33081FEBC31B240F9B49F569BAC3689E4B03E17851191B26140DF5D653B86742518A8737017D46F52BA3F73AF2A39050D5BB84326F2380C3824B44F
T=0

[65]
S=$BF270
W=-$400C5C9207D743F3041F3276CAB549B7292166C9747EB79407FF18B7F51F90B0C3BF1689FA2995718997FC8EBF5DF5FF2AB154F945EE48AE073AE0776A051D4714A97B8091943B28BD705F59AAAEF719191F3D3FCAB6A
J=$713F2DCC88BB982019D14E7A5E9A78EDFA3BD57F8D442749E8E9EF095E5FB31FE45360BFBA6FC86657DE88C2F127589426470CC784230EAB1ED8E4C2EF75DE66BC59F81EC935CCD59AE56A5A276CB645FA092BA22E36AA299FC20568A63515D82C0A6DBCC3FDCABF73B7BE2DAABD7A0F14005C5F9EB720FE150804DAC16E4AB9F8C3263E4A6F0C0A088F1B768DE02068292CE0A29CFD782ED5523333CEC3B5B51076C7D59438DDB429E4233D
T=0

[66]
S=$1EA566
W=$A3E8D399586587E3EFEA6F6B0844795F67FB00AE0429186CA80E330D2A511927E427FF8324CBEF09371B7A7E7A62E9983BB7A2D52F50E41DDD78249F0A681D8A39538D62F0CDBC07B3BD6AF37F3EBAEA9EED575FE6
J=-$1F61C03F5D919AF315759C54CE67636292E06A5A46C738A55F2CA39E20582D6A682E57900981DA76E7C883B1E1DD0248804FABF524DD01AB60C90A6F991AA7393619003AA984F1688BAA4B8BCBD9095632FC1D102E94D6A73BBE4DD94638EC2B6DF04D93D3A40069192A0EAFA317755300C4015899B5FAABF115C559AD4FABD7AC18B1480C9F3A91BDBE551FFC9063FCB90003F0EDBEB7D7DDD7AA81C9FD933CEE623481D200C69C2F28
T=0

[67]
S=$1170BC93A04
Q=$2

[68]
S=$757FA03D9
W=-$176C3C8C6D898A29B298820FBAFE7E88ED6A76FF03D488C4DAB9E83D2266C0BA5FA88BA3B1F9804CA460D5FB5438653C188E56B5CE773EEC6D520F61B40AB21994EFAA223E4E48B0291E48A6FE0644E8175
J=-$1280264B9239C3E34E48C36181285CFA48C0B3C801C4930B32BA7562142CF6FFB0EF90C49C0C0F36A767A3F725A97529E3D2E5EB07F8944087D744439C61EF3CE75206071011A8EF581E0B132B7760C5D873B447490AE4C8889CDDF432B34195D1E4649BCA2E3DD7B346FC7D00DB1D95A30177BAD8CEC0CFA8AA9222DCE9B3AED96B9001999D1D486D005E1596AFC50974CD362D350E4EF1486CE91A621DD672D2780
T=$2

[69]
S=$3FC0F61
W=$10B053B5C20986BE8274C40981CBEF77EC975B4B76D5AC5FEAC0129CBC8D357BDF35FDB6B426DE863E8FC3EC5E5FAD39441BC2E6E617B45B769830584D33CDADACA582311C41F5DE8FB7666CFC80D1F
J=-$5339168005DBF71A8EF4E335C962C37B9DA7CFB4D1189C7369BD096A5477EE0534AD4D0E53B12ABFF6A5C609CE4DA414AE2C1CCFB67F4AD907433B8054FB24806C6F55526CDBCEA9E161701C5D22060D509A98222C522BA83E35C1797EFE41E0C932DE6C67E2BBBC286BA58D9B960C1AA40DAB33DA062D539064CFC4B5CDFC6E4D4F1BE7A47F430C53253C28BD3E6AB68B1F1FD50D9329661A7F70CFFFA
T=0

[70]
S=$25B2D23B20A
Q=$28

[71]
S=$36
Q=$2

[72]
S=$31E74
W=$880DC47FB03F40B55FA2F9EF5CF380221C4B94DCEAD19A6E9881ACA258A5340A290C201EE2E293600531B0B329DC99FB935C97BCE6C2CA6870BEA4D9B72576476AA3B14C9CA9E386DB92A
J=-$C9083DA927624B067217F9CE52D00E4A3B60FEA7CA88C1EF610076557598EA55E7BCA2CB550D5E3AA2489513F19D7AED0264CA26CA830355A73F934060583F5BBD8021CDAEA9EC204D3E97E6D835C2EF3D7BD228064843A2D8F0674D7734706FF0F8F93B18105789CCFAA1CD3887ACBB16328E0BC4D6851AB21B10FEC71F13CBE9A4C67274906A2305AF085762B84F29B5E349404
T=$8

[73]
S=$10F22D
W=-$7B3CF7EA09B0D882CBDDBC0B48DC14D3705AF258979C165A7A2E50DBD47C8D2DED283227D2C818EE70E4074F310FFD26CEA2A69E3D10697A3D89F05888B9C01BCCACE39E9A7F771AFA5
A=-$84B750
B=$24C7B73A2
T=$4

[74]
S=$22C8B2
W=-$1D4D153D2802C915D26E86897A9ACD1F653A25ACE4BD386A6973E5DE20257DD4E771F3A9C9EBA09AC26EF38EE5DFEC007937C86E3C2B52582315B6222D85D0C438B82098BE3DF2814
J=-$618703E46616B138BBA6B07AF5FF732EDEC900A422423501E42C626BA7E07180DE521B95AB7D8B1892C689AC0086B7A38DC64E72159995003E2E3206BD992150832E9AEBAC1709D28D729FB1189939E5B1AC8350387EA87AD22F5CC4F12DEAEECA9EC3AA14EB8B15BFE9E09B977E6DE4FC0B72333EA7F3F482541FEA192A227A44AE5F9876F70174E0ED367A49582D4C
T=0

[75]
S=$6ED81C550
W=$3940837DAFD5A4234A0DBCF472D86690CDAED48619DF169E7B69F60BF3A2E506E205AA6F986B927F30DEC05A35893744EF6A2C8C0D281A042CE96413D7D1C571B58E33A916C696
J=-$1087B200E5564D98A6E0FBF39643CDF9CAF1C1B9A159A373BEE944CA797645676DDA28AF9F81B469431593D526EB471874240C739EA2916A4BB32263976CE2A7173A8D978E3FC75AAFF4C4BA65EF942B7450383E5A3D547FE4CF44FBDE9BE5A529594D66C9DEC9537EBA898355A530613B3FA4DB80F082198769CD3D322D503480595CCAE6F1A57502960B8FDC9
T=0

[76]
S=$7D5EE494
W=-$1A854B8D203F672D80EA1C803C24F1AFC8CC9A73BEC5BEC11ECE217F73F9A3C509A762A43A743C7D05A8FE1B5FEAE95D23109E483F56614E4BAB4FDFA794F2563E6871151E
A=-$98
B=$2D2
T=$2

[77]
S=$8F0CB641C783A3E22
W=-$1C7DA8A6E25D85CE93AC7AAA88C81C851701F98384A25CBC91DE0DD2D72881B05D65495F9BAF95F8ADAF6A3EE5A4D9F816E0408A7D3C31FA61C8285C805DF9CBC13446
J=-$439C1059CB6533D386725B4CDF8A8B74BD8A1F0064EAAA2B3010A948998CD1B75971FB1C00D746588B2334EFCC5D43A376A4FB82AFF0D1D66B3FD18F63F4DF67D0F014C8D10708CA12B403EDF9BC633707BB7CFEBD42C88F751205715B0B08D7FBD5672C11DFFCF303F8C570954EEFB861F962784D2A974D8884285D38CA281680535CC706
T=0

[78]
S=$66BE6
W=-$B94EDCE9AA97FB438A81045DAA711F7BC79EC037B969658515C8219C35728B6A7DC52F704FF7DA2717046FDA671FC65FCF8A6B2469A7D7D76C411337505DE
J=-$69B67D51F3FB58298461B7A6F6BB059C3F660C326FB882C55A71704103F084E72142D58A425F4EA2C013FF57979B84B461A0ED16BE7E1E8A0162268A804CEF7C371062223C29329A6E137253520157086E98B1F801EB87811D7BA7A5788F1989721B237B18F940E360878BFDC3A073E2F0C98A2FB91F4D0F20281FA90
T=0

[79]
S=$33ED8
W=-$28DFA1167FD93DC0243B73A98F954CF10FF8C0ADA2391ABCF3ED4089AB5E2D53924169E6FDE8E485873B6EF5C2FFF2C43B808DA813211097906E2EFCBEC
A=-$23
B=$62
T=$1

[80]
S=$173719D4
W=$207187D6B8AFE8D0B2D3812C699AF93D5D5DA1A659E1CEB76BE57F4DA9BBB17EAA335AA878CB3B5ECDD6BF9C436F355DB5139BBD7C2128F8FE90D1EA
J=$37DC84E2BCE7D1DB35794B6B77B026D3590393A0F6B5F77FBF3719238A6C5C7195A366389D377BCD01D0835CCD9B7EB2045921AEFB4FAB497784F4A05E4AB8C066B2F692114209FB7A42887B343605C1641B2FE434CABF8D301D20FC146F4C77C3A181B418EFDEA5EC8CE33A323E2BE1300351A71046B6BE
T=0

[81]
S=$17D04700
W=$A808AA565F193E3BE94D81E6E733ECA22AB86A17B76B5A2BDEBA073D68C46C072F7A49277CE67C0E3AA3F7FAB82C90C57FDCB4DDD3817401C895A
A=-$23
B=$62
T=$3

[82]
S=$196FEC
W=$BEB95D5BF519F3147D5E5C7F921F71C5A2442BA9771ACBF15BEC9DB4E6F4B735A2D46B63C1A876228E2EB8CA57B8713706D410A6A0E6DD278
J=-$56A4CA6C10CFCFFF57FE098EE6A7240B803C35C2C28BEC54F08F2B527884D8A28B5CFAF5C1831FFAF5423B43FB2377AB998094670C83F9A1A5EBD988FB063A4D6F832D8C414268877EBF9B2B0C6B12CFE92BAE95C51FBE9EFF649A9750586FB060B6C36287EF3D4467320979410610021E
T=$1

[83]
S=$27F45A
W=-$6FDC61FD2B7ADDBDB2013F88986F267C7D0400540E82781560BC1B858295FFF59D5852EC3F431A071014CAB784FE16865D43CE0BF2C6B18
J=-$3142B7633DB9511CF343D2C2D404AE57DC629A811A59A6BC419D8E46C57AF2C9188DA3F3347C20A85458B07A8085C3375507B575F41CE19231CCCC823A843ED82810910B6AAF36D0220A68F2B1E0F2E88FCEA809F9AAB540CF748A831026897DC707FAC41AEFAECB6EBD26B925987
T=0

[84]
S=$1CD3BF48792F0
B=$2

[85]
S=$2846B4D530544
W=$CE9C22217BDC6CDDA4258A66935C1C00ECD9485B8F8A5491CDBD297AE8C75DE457843B4F92B5CF093BA304C26E60EFAB49130C
J=$140E309B2AB93FBB7C82BDA4CB646C052A460877839E5B198876F5B8AB177EC40D984A8B6B08951658E5CEEE689A521B886249CABE12FF7AC9027527BFAEEDFA1904D830404933298B2177A1AE3467E324FAC1CB70F0AF34A45B3C7C3C7B13204029F2507052
T=$1

[86]
S=$35C80F
W=-$81CC3880AF794403948E5186C6F058D72B9D56AAA9F0A5932DD8AECE1DC564B9F1BB472FDE0B351149BA799B70DC01C3
A=0
B=$45450101E8482AA353DE4445BC3473F5A02507C7F7EFE53A45391DEA24F3E86D2AC671D6FEB3CD64595F8B794E46D3E2793A31A484FB471BCCFD3E8C9D56B47D738A6F5B216B132B6C44821BE917F217BE31A236787DE945CD4C6883345F3FE
T=$1

[87]
S=$41A69BE0E4116
W=$E2364404705F21F9E8A3D6081C293FE47FC1EACF49639BA674CF1249809B254F1DA5E1C30E59E05CC6F795530DE86
J=-$1C357DB7B6144CE9595488B36BF9ECF88E914B23E9866C37F280E033F7BA7CC903CD72F9FDD30ECE141964F2458561243F1FFFF25D0417B2FF4B86EE4F22F8A6938B04C3DC3C488B1F32584C5F6A4EF63CA775C098DB836194BF64E7C6
T=$1

[88]
S=$1512050
W=$53B14B2A6605595D0A9C006A767995D66FE042E2DC29C82DC1F8708982C876C3B18FACBDF0192410C9BA0FA
J=-$8227FBDEEEDDD2B7A1CECB303E71715912E5918BF55050B0E1EFAB35CA9A9D46D0CFD5246224985F0B8BEDA5E984397194000DCD0664C621C0014179D1AF2E1CE7B4B6B3BB143CD2710B0503AD5C0846B9D73AD8D1C06
T=$2

[89]
S=$DFA83DA82
W=$EDB5D16331020366147764DEEAB6E1289791001ED91F730197228B62145A67EB62C5EF8A5A972B79AB4
A=$2
B=0
T=$1

[90]
S=$26602BD
W=$42D49B0A3502940E5C9EAAB3558A5F9EE624CD722A869AF5B3544F552F6444F2E97956F0935ACB1
A=-$98
B=$2D2
T=0

[91]
S=$1F756CE98
B=$2

[92]
S=$1026AF0370F
W=-$DB93DA8E53572FCE3DB4F9A04495E47461CAE9D5125D14ABF301FBE720584C8E0BCF071B
A=-$84B750
B=$24C7B73A2
T=$2

[93]
S=$2925BB6CFB
W=-$22CAFFA724E9D12D8287B5B109CD9CB3E782800CC9AA3E6AC65E20946FA7C849801
J=$15792B1B9733A6EBD57057CFB9B34ECBBF0913EACC7D5E0C54C4AE01468C12E88026BB044D50271FC67AF449BADA61A23D536DFE352AA28A761CEFFBE805AF39C6F7AB
T=$4

[94]
S=$299D520
B=$2

[95]
S=$28E2B5C
W=$11367CE5B8100B85E0C23274B8C7E0C621FF85AD54F3D02D1376D7C8301C
J=$3A7BE480A5FFAA8A3A0DB09FDABDB3100CB1B6C5127DF3A4AFBAB0670700FF926D7370988DAE0D715D431022514145292177A17F569FBE269543DC
T=$3

[96]
S=$B3099B
W=$B902FCB0F5CAC9B4B7E811AD775FE0DBAD86696970519E2F0F3F4A4F
J=-$11CADF8D9DBC3B85DD2D7EEC7EA0DB3F89251E835A6E0DCE3611495DCAEE3237F4EF90DD99E243EB31D26374D0BFF91418CBFB238D73BA2
T=$4

[97]
S=$F0444
W=$101E5258C2CFF44CFE052FC9A56F1B48D5C6641CDE25727EB0415A
A=-$23
B=$62
T=0

[98]
S=$2
W=$3F672465EBB3092A87367D101CE14198DCDB437EEC1E12F89CE
J=$15ECCF5F749967194DA53C3DAAD8932456C137B3629068CEA6A890FC969FA18C6EE6D731874E2BEB153CF7193FDCC54B236CD
T=0

[99]
S=$24380994
W=$30CFD2E91918499DB7100635736E9C136A75ECEBBCF88549EA4
A=-$84B750
B=$24C7B73A2
T=$1

[100]
S=$1C8C8
W=$68F8CCA08108648BBA70542ECCC3270E6CC391B796E96DE
J=$B57BEAE0BF29E3C7DF2B8B1C7FBF1A0D1F40146F2A91C99B838F17045764D16A06702B17D7475C265010C42D69B8
T=0

[101]
S=$1DFBBDA
W=-$4026A221511760B9E066B1E0501B5E2B5AD639D8BCCE0
A=$37425E49404A3166AA5376DF86EAA48BADA813E4F11CFBDDFC6F876CD02A16D109040F4FE592835CF838D08B6
B=0
T=$3

[102]
S=$3A78D8
W=$3F38824346D107E136085F95EB9EE449BCE763A68E
J=-$D94DC2B69593125459992B8964073DF68A5F30105ADEFC18D1EA82FCFC7E81854081782FA794DD1182
T=0

[103]
S=$20E872C
W=-$93730DD8079D2F15B6A21DADBE5F57255019A32
J=$49A7DFC042B0E2F483072D4D51655D1138E0D1AC4EBB5883D4C516CCB9904A9B7B6B032BB7585
T=0

[104]
S=$D07ACF4
W=$6A67FBEF66597D073F54F394719F04C6E41C
J=$5AAA52AD5E31CDC876DFCF14BA452DE82781CEF35C8ADF47BDF73EFB5606492CB11B9C9
T=$7

[105]
S=$201F60B0C5
W=$1DA83C9EAF46D22C9959959B41931FF51
J=-$1F5D491C49BB1107DE8D22CAC19F8EB67DA2429B7232A6F6582B8C82DF22D84B
T=$3

[106]
S=$CF68DF90
W=$55D7F8B9FE6015FBB2689C98FBE0
A=-$23
B=$62
T=0

[107]
S=$1D795C8
W=-$3A8D361FAEEBE12BCA4667D2
A=-$1
B=0
T=$2

[108]
S=$3CC
B=$2

[109]
S=$3B7CA2
W=-$2410F999DA93368ABD4C
A=$2
B=0
T=$1

[110]
S=$2F67177710
W=$4AACF3B6D222091B2
A=$1
B=0
T=$2

[111]
S=$F9979EC68
W=-$2D1D7794E9D2
A=-$1
B=0
T=$2

[Signature]
1=$402862B0933131951E9534D35D5ACC032EBEE02FF3F683D3
2=$1FD88176879C31E07D61F97A82F0EA45FAE45801D11FBDB1

