[PRIMO - Primality Certificate]
Version=4.3.3 - LX64
WebSite=https://www.ellipsa.eu/
Format=4
ID=B49780390C646
Created=Mar-29-2026 04:44:10 PM
TestCount=115
Status=Candidate certified prime

[Comments]
Put here any comment...

[Running Times (Wall-Clock)]
1stPhase=37.57s
2ndPhase=5.33s
Total=42.90s

[Running Times (Processes)]
1stPhase=268s
2ndPhase=40.71s
Total=308s

[Candidate]
File=/home/lappie/Primo_New_Farm/New_Group3_Prime3.in
Expression=(4797791281552013327613)^47-(4797791281552013327613-1)^47
N=$616BE0CAECEFAD2E519C8B4D31280B560E05F73B19CCC8BBE73EBFAE0FF94749819B44AB7DDC9B85EFB15C5ED3C6F84DA8F9200271B7686D7AA6232F4E099FCD3B9F8F5BB0589C127E029E04179A2235B1807313AD5687A66DD82711059DCA141702CA2FE2639AF194D12E76728092DCB0257B52AD0D0721249AD65397B094149889258235FE49DE68C317EB2A1F71D6607E2EC1414EACDA466DAA3156A1CEFDCB162BDE39CB0271D0248DE94739CEB1995907AD047B0C5B44FA07731CFB13D27E0D0B384B02FB82B5CF45C66DDEDE1008F6271F372BD9EB07B785CA0F8537B705544A713110836419B7D0CD7032B90CF617E0FA1FEAF8E68DEBE19C948E6D6D7B2A35A6F74126F19EC3B052A403A3B6635C72422D54626C729FE94539A03BE2775C9BBF32663B3A67246D44998FD99EAD390CB6E80DD3B186F0E0246B3289B87C1CF2BC07325CB74B881FC50CBF52B64BBB84DF3BE3F990D4B6C8AEC217F9AC75B81508C04D6CBF70515C65E8A82725CE8127075ADB8970A333EC038CCAFB4DF85AF7E5A73DF173CF2180A913D78AF2DEB4E1BA48B1B3A24F3BB2DCEFC915
HexadecimalSize=830
DecimalSize=1000
BinarySize=3319

[1]
S=$1192
W=$13AE940E61406CE3DDFBC484B568634F9F571CBB14F42081604D4D04C678356A100A2CB64E3147775AFB261DB3016146DAE1FFEE8D19D8B75B040D4352E7F1A8222E3400D2DC71AD324B48F20927BF31AD43C2C241C6D3BACFAE36C693556775E4C2364EA128F4AED66B42F9EEE118FE76D05458FFFDE721B857548B689786A10896DCC730FBE1BD2B228D70FBE16368925E7607234CAAEEAFCB17AE31715FC5C1E73885F66074DD1E92F40172C539FE65D132CB04DF002D3AFD96C775C1F2BAB9284E9E8E1BBCCBCE9FF0CA5DC99520
J=$2253D7BBF523B63E611BCF75E5C93BD00F8F4B400042C46CCB54EE25D286BFB95C7C50BF56489E1417EA496961A5C848988685F61F0DD17DD8E3AF0E238B6D70BA98AF84E57CBD5D3F1A32A06C903E296A7AA902C6C018A60D2A0777155A72AA283B45E6B2CF67270DFDB0D8C82F84A4E6692650AD0C402CFBFF631E35A009D2CDFA0723411832C50C01C1A4B4AED1948E27993FBB8BCF003085054FC5186FBEEF54BA023B7F479F4A1CBF2B8BCF01A85B92DD3E77989183CABE0C7D9705B31AB3A3AA2ABF830AE17460AC4126005C71DA5C60AF003D25227A642A3F06305F23B5CEC99027CB8490C30E12EE1C11220648367A19A3D09FDE39D0C18C95A96B40117A24CE354F052146C383538890E1D2EAF48C4BE163DAFA55F711C0C18C6E035B1CC3CB91435DC4E14604A1AFED542D9E79E0A52B85FA5820917743431B339ACA63E822285093574EE7AA9E05CB10514B026B8A9437A41A78F0056C58711804062DB8F32D43C55018DB039287B8573DCFEFC19D1F56A546C54F6654FD48DBE434DCBD9F033A2490651C8A5091A3526EC46724718B3CC206BAE8527FDD03E8
T=$1

[2]
S=$1E4E3C2C79E2
W=$307C5B6B24B2BDF5545F99F222527ED0E43084E219C51DD19CF13661FA49D4BBC9E57A0D760DE3EFA71B2FF407E9C31C18B5195C3FE4F32BB1455BBCD0EDF66D10F728E3DF7689DEADE386FD9C4AE3C7FF1CCFE8F8A9B2F1660316EA0BC11A73F435E8AFA73168468098DBC7D21F923F726BD0BE3C6B54CF2566A972CEE2ADCB6E3F36C5D8962E1339A95801D579F83D0D1A7671A231E679DA242381C2F099CA1F5978D980A1E5D79DB7B3BC9CACF79917C9FFFAA5E5E69E2FED7E353A517970CC93F591489D20E2DB2385DB903F6
J=-$F348FD4A2842C9006862F9A8CB62FB5A28CED859021D62FB1AB761DE380BB7E6D1AA7E2FD4FF509629A4A670C5C2D1F59E017F19D080581B2FF7FBAA8DE0529F2456E6CB2CD8886F18664E22D5586882B8061DC6AE555347FD4E3AE16903C51CF8E7641D0ECABB77EF0C9BCF074BD4354EDBB4302FC0644285152BCFEFF3E5DAB48634FBF40C9E70FC372AEA6EB2814C7F3A1B36AEB65515CB4E1B7A703C2817944C85B9492BFEEB9F056DF519C594AA59A40D0AD64CBDEA70B2FEB2913B2C788295CC11A69373E80B9F95B3EFD2C8648649DEB65207D4C2C54E1AC476E821782AA887B93D03E7DC46BA2A8F7B3DDEA1D852DF08F97606B9132A5D9855BB2A3F2759EDA032307E2C1A00BAE9EB9FD6FACCA9F61921EE662CB1D4F0E43147F2A4AF613CE4124EB951BDEA5F15091E0F64C946D84D4602A4852FC446BA3785B6CB58A087A1A44E4CAA09A1C8AFB3692D42E5096AB49942200DAAC7FB7EA377017677E077180E2D5A64CCFB8B0DCCCD11FE0B99276C24E779BA41C0366039FA12DDAA66A680AA6ABB82654FBAE8BC5FE763B567C665F413FF5AA55BA345EA
T=$1

[3]
S=$2094958158B9
W=$7F183996909E7BE89557E34F21DCE21C8C3C42225CAB0603368C4EACEF9AF0C12D4AB86FA907D46C080E307A76BE78E69434D8B2D6704D9E22825E2E4356C782B5ABF28EC55AA50FCF037249647A151F3D9C73BBAF6ECCE80441BCFF556D86BB06F7AB5973C9F719D8981CD2EA13875E53B7C7662013AC4D5CF336D45E38A9E66206810EC5EAD1691EC462839C581A3A5B9F73E6E9808E5D4BFBD6B4D151A011BE1413B01BBB4458FC68D495E3609AEF57510162DCE8882B13CC2FAFDE25BDD38DF836AAB71E3C87DF15CF27
J=$3270758B9C350DC8B2F20F105964CA9AC88CAC7B5B43F822C54A0FD19411D1FBF1EBB8736451EA5D4D85F89B9116AC0B98DB35431A70DE4DDDEC62988069F24B5B84BDF5874ADFC7CEAD611FDE8D8B08FBF80174354254F02E0FE4B822F20684BDE1D3A00C05DA859D7CA42B25F2320F3E75C332E1036FFB0AFC9ECF371281448AC20999E15B6D09688F7852624CCC10CDD300E1CD0FE0B2077D6DFBB05D06B40D12250A9A685858614D80B70217ED74B55E0AD3A41B60393071F741DB61ABCCFA47FE1317C31276FC48551AAF7BB7025311539D0702F205144D7355C8B84668E825691CAA3FE4F7C9BE8BBA69038DE304FDD20E5067979B7C6107BDACECE6183190661774959671967370CDEA668F65B8D3496DE6A643238673C1B717290378EA3119E6C2A25E52E06C8AF6A2EFD693333F16F6FB6E1DB66333F95B31E20D07E777E4C506935AC3517EFB2535FE25C3617C00A4AF70428732EDA24E5605084F4B18298758C4F8721C0611CBEB5C682D89F8D751B5461B9EC893D1613A0D9D21D820A9D78DEFDC90B439CA694B3355E5A1C475CC1E0956A
T=$2

[4]
S=$622894
W=$2558C4B7FC37241B68B88B767A72A8B3ED05CF5A990634644F4C1F714AA60AC3987C219D6C222566D4575E2187438516CAC095EEC2EAFD0BBACB57ED96F887C7A9DB359A1EBB3D78D861E96CB6A243AD122B211DD44D1553B1D6DF43B5717885AE1C7A0FBBC6E7BFD0DD867FFBEB3B8A66CCB177B70A859D041D6A4713898E349E9CCFFD9C366E4B25494B0A6E6274EDDD3509E7E330115B1958B70F6715F505DD1B010FA046D8A045D6C6E35881DB86D837C5F89438DC86A2DA092F04321393573088A4DFF18E97E26
J=$2E5F0C82E09C745C82862BEFF6580F7F3628B216251F687BB4A005415B1A206763AEB716D8546141565D7E28C3C6005069B5A0FD3D986EE6B2753F8A3D57D0BE323B3DB29DDC83AF953FDFB3561E5EDFE2DEBC8C762E417DB667C5079EACF1EEF416D1931F36C03CEB442EEAFF7F5BF900F44C2FDF9812014D3D7895C1FF0F1A75537A60B3E7D595900FF951B40E82927BC1CE9FCB583B9DBBCD0C1DE9BBE32D794C29F649B373BEC19E081D193E4886D00815B52A0E8C55F752051BF270C720C6C56A49295C812B6A868766FD7AB3A8D209B516928027E2ED14C52C05DB4AA347FAFC7837178698E6F4EF37AD51D11A3228D005AF496DEDCB0BAE339AAB200A10A8EC0F8655318DFB4CB9F18BB6958CB5685E059795BBD0383F5BC48A3465C6C89A8472920F3AB6D16C6264B11222B18FEECB8BD697BA36BCAA7098E11389D2F3F094A642F59AC6ACA2A4AF10EF9F6FE3640EDAEA542F02CD017F95B8FDA34297E41AAF64AEF310A9560CD700946A2F8BC113E6B765010B84331A6A47783DF206B5A41569A23F434496590D70C741DDC49B
T=$4

[5]
S=$A7
W=-$30978D5EC42120A021F99BEFB327641D998C7B1D291E84D14006790662B9925C8B88A98DEEF9F6EA7B0822CBD39062FF88A077A64C6156DF1C432A26E9F96E125FA71ED70EF9704D5A7F3A3F0784C2B413B968BA3098E89FC7D8DDA9B986101F7A50DC721F99B01D63C709AD4B6973AA9E83735327EAAE17ABB904EF244221A79F02FEA99A881B83D7C0F413E71235DE7EE4A27797DA5B7EA169354EBE55728D66A99F256BF332049413D8C5C464CDAEE10640FF9FEDAAABF24E0AE8223268880DEB7A71DDA95D0D
J=-$B4023C3D40BC19C411705295476CC3D94BB7E194152FCDF61F865770BFAC476EC7CAADA66436F7205172E8E852DB058AFB5FC05BDE9356168F5BFAE13627F90614EFA8F0C014EA5D62F8CD5C368F95786C4EF07E8824C558E23835C6EC85F56DC984B83E04C25F344F4EC2D115101FC9E9F273BF2131026DDD235970CB82EC5E01EDA54639B54819F583673427F471904D24B7B832308BAB475AF6CE7D2602DA38B4F7055896F26F255D8232BD60A70F0003144731D04323E8BB87EBF48F84B824C8E2F22ADC6A360923B42A6C2DD5FA12B6BB86FF21042092F07DF49BCA3DB18E9C22AE11659850989142197DB7885E26D40E9D36DAEF5F71CBDEF0D7637D0F44CBCF2A58D395F5C9B53D4C3062E90B593FDA9FCCE5BF0DD5F414AB7B9F6FCAC747A4596CC1A0D0DEACDE18DCECC1B9D98C883A1CB620FB07CA553D71535FFF57E9CBE8213DBFC72C74C412F82BE2C9FCD4809CC518AF444B92A212F60A5D562A1EE3C2ABDAA01C24028FF48ECA03B2CEE006F524FD19C7A3F42D1E9642EA8AFD8104527FF3BD5644F6AACF127E94
T=0

[6]
S=$2
W=-$2BE5F616561E50EBB97F05B31429A2B407F648DEEEEBC893CFC4BBBF1BE9966CCDEC16983E59577032240BA1B3852066414C570CFFC8F3828168C923643BD6300782877360F3D5C8257B8708E0F4948A459C7FBFE0B3376A7AE7024AA1B639577FFA5967D7915B11924E82DA0C5DFC5E046A8451732B54C06B293A2274AC2DA221D63BC17B4D0A4E9B7B8C9B369E515F9DEE01A3F06C1D2233F4A758305B8BA5BD5EEC169FA44B1E685DEAB68DDDFF21547B11A58451363B6D30DC521D376567754FD81ED682E70
J=-$13777D3C8A953F6880D7AB9199ADFAA74FEDD1D066251C4423097926ECC7CB1D8F95CE0211AAEFA3E5A224A8D1F4F12F49BF51C7AECCCE6A604D3B1EEF90D73466128A2F8F6D851F725163CED3D1E55E658C4C61E8C3DA4B759B3C8EC97CE4A813A8B3B2110FFA9F2F08DD245B40EC3AD7130D8DE77C84950BCB03A4DEC8EC2123B1EA9FBFA79F582F4754F69AEFD156E472C7264474F52931BAA5A8B27D16675A7C1B7DA3006BC36D011E94F359803372B3E23DE24311D04B239ABC347503C62B56FF4BA9C8C62F50AABC2E06679B0DD7C5C5F17292702F97E8BD8E09D6D3CEBFAB716167FBA288C2CB3A4E88EE988F4EC52A6E00C12C5EBE6E74E063A9301A55D36E6ADF8281F234E9E592B9819DCD1B7D10008E296A12304CC41BD76882B5219EE106346D96FB0B4710C1825B04E3F57E6D3655CEAD792FB3CD785428D9046398F53C953EEEE1821048F379DB44B9A2924F73582624F8D43FD4E8A78038E91099366CAC6155A5387D33C98249ABFF7DD37641F64421FF0EF0436872DED5D62867F475386104C7964AB4B160697
T=$3

[7]
S=$6F39A0
W=$CAEA5D66315117F8EC324994698A5077668E39CBD8CBE1B2F9CB50BFFB2A25ABBAA713DA18069AC4071398B74D9997B5455E4774FD2298B5B130FEB84B54916CCA34263C2CB0FA35D1E569DF13A81B61B5C43D5BF4A1CBE3DA6129775D0961EE6B05FE739E1274D42199B80F828A1965C7DA319FE4739D2B61AD8EDE0CA9243495E2DED8DD49FF576F55B314C44FBDA6FE6CEDBDC86613D5534C52DAC47001817E253D1E639BCFD6F11F31E2D033D11EC39D7CDE3E3CB4386E6C97856B350E3EDDCC05FB3DE700
J=-$D54806094C83C9C66CFF2F020802358CCC138573CF4A76ABE6DC71500EC47AD808962F19AF37131F2757E475DD16B978201D8BD125FF51082E7DF80C1DF7869AB35302FC1F91FD1A4689D3013480B3117AE954D346E8200F07D32548FEEDE050E45DA3377126633B627A162FAB009AA70560D4F2406260469EDA984122F27240801378126A0BE28475F53D910FD1E4C817082D2917410DF164BDB1555A403CE5A7F644A37239F2319127A4634D9608A7C5FD6CE0583742FFDF76F7645A3C50878C1BD9E3E7B34A71D26012084D78B308C34B7C3FE049E5BE98263A74DA5A5C1708FA51F6829FB36727567A0969B2BFFB5738FD6AADC99FFEE256EB1AA2E52E67C860EA747EE77A2243B0AFA12700D001BFB3DEE3AB05D565E36D26131F3510FE962F2A50DCE2356B573F67DC0AC140F46BCD3F9EC2673A520CAA34FD51278C0C98E48D653396911AC729644FEBE8E80F1D4579C9D161B2A9FEF587A23FEAE04AB3B33F41D0FA9B70EF2E0FE89F8ED2168F0E6EF4285EDA8318BF430118B6DE94381056EED41B58D9195052AC81B9
T=$1

[8]
S=$9A42C26D
W=$38A11B7D4EB32F9BDD9135C7B49D264ED91AB616EBCA72D34AA70D5A5E0016FED620AAB7C9A3B662282353632B6381124FF40734648C457D4BB723DD45C2FF007B8BCD94C481403CAEEBC0E2FE513388918C668BDB15F809A09D1C0A86928877629201292005F448C012D46E3E6AF0900EA37F1A76AEEC9075AA91981304398D8F52309121EF26CCC9A2CF35F1F43CC5EE41DF77BEB4CC1EF0C0E1FA5C49C68D230551E203F472C9640D0DEB059C86C0518082DE053207867258C5B9CC905AB0EFF3FD266261
A=0
B=$1D
T=$3

[9]
S=$5A14F1
W=-$5870D20A4C15F4E3AC7F6A05C353738660F7903F076E374B78FA1A280A941234AB8D6730FA65E7D9E0C4FE90D07B8B43181C8B330CBFE521DB1852138C3533EAA117762BAC03EBEFC6AF990DCDBA2DB3EA1267F5EB8E307534F99E592C5BA7ADF69CB758D890F8DAAB3ED461EB9DCF660E592A18BF1E84618ED2EC296C0A6FEC043BBC70649CF31798DD4BA4C72E8A6AA0EC65F7D825C1B14FCBBD1444ED559CE2E4782EBB52AE56C1BA0780AE22A4D62E00145F6E56CD7B372642BA39C3AD74062E881D
J=$132877F4B712D743149079AB9047F3D84444204AD40DE0E543689D9C8F75DFC1713CC77A1E886D6963BE7BB5112388A86363CFFA11352BBEF2A7713BA72C040D416552982B1D83B2E673F748530A57C51261C3651EA21A56BD00C819A0289C1F6A026E621710100D80864EFE0215B4B7A12100C4410A84EE0E6DE2AD8619C4BB9DD84A2970FB315C671E2F7E9DBE9A0AB6E5AC48382B50127A098E9D937A312E49040C250AC335548E66F70D718C3E2F459EC9B931195186228AB8A6D0AAB431605059E6AE855F0F94632CF05C061FD7B06A81027B89EA960839D86EA067D9E494FA8C2F67A0F7650666131D1A06AAE95A75081932A6F539193BDFA645D483A6D6036A86649FA9FFA6DC0ABCCD872DFD574B5780B8C9E415CD24A9CF390C1326050B53FEB92CB2F8B3D8BFEF538DC09278E6DBD809F7DA163222C987A9BF9AB08032B0B86A5ABC65661CC04B711453F4BEC33D7EE3013AC90937361C426706FAB2BD5ED5F02AA2D34D88C3172B9C2F06C0CC65ECCBEEAA406203226F9FF63B3539D931030BC30ED
T=$1

[10]
S=$33540EF0
W=-$A24AFD7E36D2A5457163C80A529A2840CD584BC28F52DF1E8D48CB4BF2FAA8A950314184D1B24C33EBEDC354E0F2FAEA465F2B24817519C2F91EB7B1016521452F8BE6E77DEA3F1AA489F5B1C829F241FB5026B0BB787BB2D07B43C652539DF968C9465DE6A9C81E584D5E548DF9677F06004402785291051B57A4C8E6EC5D1672FB041DC584226D84617818795D97548682451F35830797E4CF360A7BBDE28C0ED99FEC0937A7A945DC062829A0C3EA31ED996FE911E8077B389A9F284F4097E2986
J=-$B8A2BDB25CF1489AD192AA00463C4F27ABF3B0AAC2148608A98C99A07B2CA647B0461EE432E2B5E09FD9DAAA98A50729E1D06853B112A818EA9060522EBFCD7D89A5C0D116279659DFA9C1FF7A4369A728F0F4BF050BCB9D0A8D93412370C7392AEC18EF4556ADF315494AFC9DCFD00BC534236160AC046BE0B789B213A4121530EF2914219A8890A5C1D31F9C051CA32ED025A2AA2394A1FC15DD9D95EE57F9D7C56801F7BF575F9662E36F73BF963A16EC5391F7377DC64EAC01F6A8C6A5882BFFF6765BF6ADD6C916956A3AA044D13EBDA8BB889060F2D696DEB54FD7D179CB146AED8558C217BA7D294E6D65F103B7B4A66206A5B8E0E41C1DD95E3957CBEA894A03E818AD878FE6D4F6442036D067F6DC9F4DE9A236D00A04F41822C2B5657EE3E6FE6FC7B6C6968EF46110D7F36CF755B19A74BF61FC35646F17AE645BD11A176FFE692EEAA5020453B6E341E191990F1A6D7471992A8BC4F2AB175372354A6F9394E0A401102062CC345BAF60BFB7FCE799D6F7DFE31F16999751E8E63588122EF
T=0

[11]
S=$30FB5DB98D3
W=$188E03E29145715BCF6C74C8AEF5EC58D0B8F57CC2F3572C414D2CC62BD09D45B58C2859F9CDC4ACA89E854F5C627625ED1FEC34EE47A1D1C10FD60B154D76CC40BB9B0325E866007A2962F26DEA6E8D47D968CD003C0D44416D72738FA94C1CD46FD49D14438832DA64E69D6E748D580C5599E18C2E66F83EBDCDB692D3C9C165CA769C6E5CA5937D1A04375ECEACE3DEBA1F32C6CF0A5C8E36028D0858CA4887E64432CC499CE3E0D13A7B197DBE31B3EE53A8B63C9EDEB98EC7F893AB15567B
J=-$3343FD681811160A2F7EA66729FC5E8A7F7510909D69200DE762F1C0356F648F7A225CFC8D1A0A92BB10D0B4D97785E0CE448A97148A970B552722762A8D86FD7D5460AD409F4C05E327CA1B5E739561754D8F81EBB8E4D0D7F5DAF9A4BAA2B3F2BBB903E51414006130BB8ADA86E087A4BB12768A0DC3876A1938CB114ACF07FE8BE09A71272EBA8AFA71FBA7B6282037D5A7C2273D826C6914322C0F77964D7E94B189557B573B14F66FB161146821B16B39AEA8CED25FBE35E9F31ED10604E33A4C570466E29435FC9B40AA8E0A4BC702D952FE99782E5899A52BD22C91206974BDB6FBE7DB40FB5F0505413C107E2EA8524CB6A8951AC3064447C8136C747D80597BF26E302EB8F070F6B4ACF19B7077C1D8FAB0A9D5416683A2C447FF5BD83C4664402B02A29492398D16865226D8E655A370601DE9FADDB5EB59541ABE60ED4A828D86A08D4D046FC42ACBAEED1527D0145977B0735BAEB1050113333A93CC44AC24BD4391DB8DE05C1DF5F6FF946CACC4C120B25A88077E3A4342E4F066
T=0

[12]
S=$1789E
W=$DEBD76A3F661CAC4E81AFA247C664191BB251E7BE54D03902205D3EDD76A8847A0F47D1031EBD52F62884C92B676485DA313E513E5E02DC9BA585D6A866D849313035536DFFD58E8736788149F75F130364384A781B759C274577EB0D432B981E73BDD804AF51D65F36BD8CB3FAF4BFA55F00D13C732A3F3C29EAEE476612E2DF8997B44488C3A0DCD23B2E55C1C1975D6A9F70D3392572F698E1066542BBE18F9178E65504D5D6CF3693517163C9AD8D54A60D5276922509E0FCB561966
J=-$1818306DB1ABE8B6A007250E1BCB3A67F58C07C5788CDDBEA78EBB8A72DFC62907E1310A0553A7D64DC8740E3A0CC683DC69A46246921C190956E82F9C27E0BC46FE9035691ECE61981491465A91AC7D7B0FE593204C1CFB066A231A66D8042CE091851FF10D690B0C75669A41A42F9A57D8893CBFEB94AF28F531B5D919B6D0626EBDA641D4FEE1C1281A33519D12C28DE7B80AAA7712007883CBB5B97444DCDFFE21D2B8FFB1BA780256CA18BDBB3AEE6D416DEE627162189868A8F76E38D9616EA037AF37A01327158FCC043EFEF074FE3F4B0ED90A8E058671CB708D98B3F41AC1B9735BC012448D67CCEF97072ABAA858D8B8FD09D129F23F3CE8A208C328C0B2B0CA01BD98776AF2D22F7D05C6BEA345DDB909D5955178566C25337CA7C98359408D76ACE81C34FD43AEAAB1EFE87E5779847BFC3AEE239C04166A270A1F828120E3BBFFF96D0B2126FD308A73D24D9BC09703A5575037002B144C18BBBA3FC0639B7494E64071BE5C4D6A199B76F17F7C58071C73D627B82
T=$1

[13]
S=$210E0
W=-$6DED333A1F74C7C3621EE82FA090E553202E5A40C4786E35DF39014DCE2A179038AB7C782C01B8F50868137D6AF86D2271BAAEFFEED8E3EB1A9B7BCF7FC7E21CB522B50F1B099C2E41C86AA71CD0892A20AA93C9DFF0E14609B8E33AF639517E75F7478251A02A3969D12C644D084BDD752C63B4BDAC483B5F35BA9C623BB8B3F519DBF28579BBFE5CE68C10ED7AD55B764C018855A314631F39E32C9CE1BB73369EF5BA5507FEFCA783F7447635A5E82D1DF30C7058D9149F26DBF606
J=$A58C2A551F7C5B051DE0A5532EF484CE13E7F6CB48B25C730E967D4E043E3E74EB62516FFDC0BC4FE6F54B2ADB47B8D2E7C8FDB93CBBFE01F3F4E42BFA016F681ECD7F02EE7BDAFB66C987F1D77D4A6A7BDCA7628A5BBB45FC086BDCBB2DDE3514F383A1B795BD7B75C89B397C2B6CA3CC4CEDF8AF50C0C122BBE183D476DEC03219D36E51A9E3C354436E0135F29784E2F854F639A876A8E76F7BFF399EB009E01BF71D963CDC7B3617D1613A344FBA077BDC71E958A752498302B0AC0ABDDCFA5ACCA8439507A3BF07602004A67CE96CC336D00FC0C79D42AFEE4CB3E1C74407C00230714B70320D3FA9F69D23C929D2476FFB725737FAFD6418E42EEFCDC6F3FFD76FA7E0995E1B693AA896A0250A740B3B2471CCE761BF1A9F76E7640A7BB8D454589AE68AF675B7646419FC24E18112DE6A109D1B230A2A02D8384E1180F50F4C750CA311A10E599A5F2154D317AE1631543595E76FD0277A5D9D6DC80CDE71C0C755A8D3D9FDCDD503CCA7674C1C271A89750FF72B07E
T=0

[14]
S=$1B8BDEE02A156A
W=$3EAC4638CA07D171A8A1351CDD9B5FEA465F25079D5ABAF9E20DBC44DC72DCBDB08A7F73FD788EEDCE1A6C4C30A750404DFECBE842A5A84920BEB1D14FE1F3DA349E392766E9357C1299993ECFFAE46691BC208D63C831C61F5D8B547FEBFC30D82DF28C8EDAFBA2F5DB8209E51AF4E4A5458DC9789DCF10350D89B49DB61EA8C11FD3181AD6EFB08F21B5E88903D217FC72EC7283F6DF81071D5DAF63526328A79B11BDD2080759A1D5B63EE0D0C5D68BEF8773C831A05430190344
J=$6B5D1C762055C48E3C338FD5559A6B16C129A52F369CB3CF0FFD317F33228F5E16AAE35069502522857D03CFD7E5F123CEB50FDBC9974D4D86728F2360BFE059E5A5C58BBDE2D0A3B9045A20812F666A70EED94C09F66B5E386CEE6C304D0E06C9749F3427E74CB56B03804E6CB14FDBB5A2553EF57ED1A0C90DCB6DF7FB7BC93054AE2AB5933B7BF5E41AE9B0BC4EE20C547FC1B07C296E74E3E1F58EBC6C476A8F047977B7848186D2BCF106F874C3B4ED3AD443F64DCB123646B3697883EB02D39E8251F13EE033D29A0607ECE0D5E2C0096EA20827E77EA19477350FC2D25E060DE29F05FBEC57A60AF085955050D2E31167B80C52CEBA2D5886F9F4FBEAD5DDC21B2575FAA8DD5321FE4035DBB595BC8C92D189297D692B7952A122307BEDB09987F1540259ECB79D4AAFED37E5D3D74B8AF8D2F34EACD3866BCDD7F1BD8A08E4575E38B6B9180857EE742EAABFB7607AFB4CC350FDC3B2737656493B3DB5176BADE436D35866DA93BA0BD947C82EC34BDA1FF1E6
T=$1

[15]
S=$C9B4E018C18034
W=-$F6F0BEF0E79E078685905D6E5B8C66ABEAB2F4E794DD678DE5718F95D197E95AFBDAB73B00895A13E53C35F2380A61FE6E82E8FE1D4E903BC9C637DFD3DC8FF6A0460815A2373C40C72D8133526EE635A23FA2673948DE36AF17ECD22B630047E419CD7E7D42F341482DBEA20D33AC67D3730798AC925408910D045615979B1C419E3892876C44A2C4EA6270BA2EC45CEEE6591D2B77FC8C7426AB3F73083D4B22EBF7E1CF5B2A38DAB2F94B453959C6FB9CE30EA53C44DEE
J=-$FC8ADF7AD2EBC1D3C2769E47612831CB04559CC81289F99AFDD2A98B501AFB4A7BD72751BC53B0B2086B78525BA1F0E7453F3EAA21F6106CB9412FD1AF7752414D74957067ADD8ACC7975FA6BF5266BCC991ADE5271BE22C842A5B54B1DD80D0F9A0FD781F9CCB42465A7F5F800205B6367A87A47187454ED7971EF005D3701072D323DA967DE14ADDB7FA1AF030136E3B1495CB055B7772D65FEF2E70B75B9D26D8765065E8FB90DD73F7EE5807057E2BB304B024DB25309484AC64C7EC04A106C0950A034C126935C044F7C889AD0467844619342766E146BB44C18B3A9CBBACF724E94AC638F78F0463E013A27DC41411D5213B6E28FE3E4BDAC229F2FCBBF72C74038A99954FD1E5057C957507C96E4E1A2198AE743513A20ACE66BC9CEBD474EDE57EF0BFD0A6042B17AD3D8D52F3B58F4D5BB7D95EB64CE2C747F9017A24EE50AAE464B36D681C618568F43973E70F6E5AFB58216AC7BF0F5A8C2B77AF7E44345AAD93BD8385BBF534A766CF333
T=$7

[16]
S=$5A4923
W=-$15D7711B923F61BFC41428A08A70F2D8D53D6F5537AAE8689191F7AEB93D4DD3C771DA31BF884BF4AF9BC9D18D65BFC97519FBBEAFF4544E61FE5BABA853843F669AC7B9B3824DC85BE8B28A109DA224C5FAC81061336A686920C092901E2A28F87A8974ACD493AB0EEA376AD3FC269BB54882DCF27D0C1A4D240662F20D24562D085DD766618C92A3D8D79962040E95AEE3409B6EE51D67A9E3B816131ED35F72329DD1822A735D74DB8DE6CBCB2245332B5F156E1
J=-$3B3EE3195D56ADD548283D67CCA96947374889E3BD47D125DF36FED4D327A0716FFCAF325897E1A88F416BA0170B086B1101D50DD9E6F1E7D31C6D392605619A307F8B0DF395D2B7BA56D7DDF23C89BDED4E5B7898707C0FDBCF34D15378A0618D4758026B061BBA40C64E27B222416A90C6AEBC059793C9D4B2E9B73D6C1D25051D4612ECFC55138057EF78F2B6A8B77FF02BBC7E1A5054CAB98BF7D025D53201E7B4B877FDAC3C790C17B39FC0D9D9FC4D21A399D4D244D0EE997672644F883E7470771E6442061F38D604990C10A6B31BEF45DA9D8A4C85930A74793736A7DDA2DDB647CD4AA6F28E86F98468A3A94F468A39C5637ECB5C50F652364ED93DC9C296FC171A0D7ADA71E10EE057AE6FA3BA1A5E9B7857A591F8254BE83A35AF5AD25205111E5ECE41A8BD9BD6CD988CD8963BE11BC8C056BE2E2C33C9CAC20283AC57E52F82E9802A158BD1C72130AFCBF2C55D95ED3C50E7947F4C8B585B06EBDDBA59FCA5F9190DA0
T=0

[17]
S=$288C2A8F764E
W=-$661A387BF4DFC29A69248519EAEF7083F08491194C007C369FE169EA916CCCB855990A023B33EA903E1A359EEFBEC39EA0A5BF6B6B9FC7D81A60F5C5A127514031AD421070C183AAFE7779D5A496A9A9C5E5C477EDD5429182E30A4FF80652034F681A6ED6D205468216F018DF800CDD93AEDBDCA899D710358FE5AC31F525CA18B6DB2DB471DBA4CD8BC154452F97A86CB5CD55C32B8C8C3D79D9164D0C4D31190A019D2C34ED8775AA3ACA1473C3F6B8CDE
J=-$EBC819D353CAB7CAAC9815D18C83E34F66F69B84F789E56C49C46E92A38793D874B7996ADD71DC0C5E00483536D7699520A7D450680822B326D6A9DAF3212D2A7E4BABA3959B8AB28D2B692D136E9E283D6D3036618E8DDDA4165EE70B34D0820FDC29F2CB3778E8C1FE1A8C6D6CEF23D03C053A20142868DFC7B5D1F5DB5D4B0D9DBCBE435AB59B5A693FA1A105CE8E9434359B451D1D2EFB750005C36EF50E319BEABAFD12BD7CD25CDB189248DBD1A166FFB57A9C8B888E3BD678A7B94601EB780B3209D3A06A6D49DDDA66EB38AB529C377DAC6D7E94C3F67B12EF4C4A47DD1694F1F33017DBDC08289499DDD5308A17EE59D4B95745E97E86DD59287974388FAEE64AFF02598E58B5BC8531D6C073D96FD972E907D9889FC171DFCC3AD3F7B37729AF3F96E669BB5670CA5096409C188EFDC0E516AC978838FB2BC13F90CE896095C5F8B947EFC0AD9386B6368C7DF44814C724CB87E3386F3617486A617650AAF1E907B4
T=0

[18]
S=$10DBAAD82
W=-$229DD258B1B8993A96A934CE4F4D6772D453C4258FA8106856EAB75E6CDB533506A21E9CAEF3FB9A7A51769648359FC005AEBC68C0F16955EF350C2B115E392BB6D99AC97AAC059CD3C7D1DEA6727B0812F94FE58AED71807C54F4E92EAB6422978E585F1DC2D71B123AD4427D1FD00DA44EB751B9BF36ED3FF24CB25BB7B7854F391C5D31D9C10C8E66EF151C2B7D65A853937B37C79DDCD17EDFFD60F7199E9FCCF1CFA0A5FE0A43A509F59EEE962FA8
J=-$B60A800A87B477820A3C1BE89F8E2DC3F7F63B1415AAE7F44EBBA5D88CDF7282FBA726CBB0C0C1A5B73E258D2C8AC94F6C46334AF95904B1FCDD7DBBEB25D38A0D5EAEDE0EF688082CEE571F333A3163587BBCE24A9E6608A337723DA5CFA824F15878926E2DB1D35F80FFF852D640A5695D3EF864FB8D5AD8C05441C4F8E775603E1C61C5933E1B54BDAD48491FDD66AD5FA7C0B7A809194161C45C1A634839FD5FBF094F623B35FBE6466A0B1FCE34F5C9AF823524F580414138EE3A663CA0365A652C34B5E9CC7E4248073F7B95A3F03D0CE4B0DE7955FC5393D98DD27D6967AC6DF7CFF4A1240BF4A0F8E93EEF0092F688D9A8124FD24C56D462E5D47F8C872D98E99D297B6170FB71BC71EAF10CFFA9DB27F0B049338BDAF265EA79826802B632E0CAAFB786A44C6EEB9DE9A008E3AD8E35F0B898C6511BA3EB3ED66C98BDCEB9CE0CCDF904F10AE89DF9069F429740C9AC7BE0F9A9DBFF0C26A6142AE9A8
T=$1

[19]
S=$D8F7C4B3
W=$762A414475B24E9ED6033A9B90C718C984D607761C862418AB01DA61420CEBFDD64C81BCD0454ABCFF0FD617D08C61364330EBD0309173FF6024EC71E0811F3D2B2C2E6732AC2C889F3C05C9469F32E4A9B70B7B2F8660EC5ED82DE09941950481DA96416100A00D66FEF18F0B1ED1B19C219504DC82586A67C731CA9BF3A3AD2796B936461219B216C2F1FA9D7B61B1D4B44678EAA2561C115D2E3F052FA204660F2BEE843DD89EB6A0F5AD0EF5
A=-$98
B=$2D2
T=0

[20]
S=$224A049F5
W=$2F9135118F2D397DE5037327937716238EE1CD6ECF486852DBFE25845A74EF9A57DF42B370BDD6FA03FF390763D91ADB484B239FED79CFFD1AB06ADACF2CB89AF9C10226A511EA36906F246B23CDB2C0FA8E39C6E7AF9DC6D04EB11DAC93F21A39923505EC8EBD68029A84A5A17F8ECA7A02133C1D327B7F616216DF9479FEF060EB5D26DC2BA691765A7D8E5EB20D3CCF5A4C9764B61550787A9CB36BDAEA61F0091CF40E3A16EF5E52F0DB3F
A=-$98
B=$2D2
T=$2

[21]
S=$675EA8
W=$3ACA06673B6AC541EBC94AED13272001D88449D710F683BE41AE10EF2F27EE170242ABCCBBDE54C955B9FD71D6E4D96EF3E0712B5C7D3004B76370D4A96338C280E36C349AD290552B34D8A73894BB43D78773DD58BB3B0F7CCF05C0AAFB35DC75BE72EBDC98E0B137C659BE199DB63D12AA111722B5A5B05679DA0FA9C6ED4EC81D188D75C30ED7BE61E031ACDF299021EDF34D6BF80414079E811127D48EEF94F9263A449CBA2ED6BACC
J=$2D2E463F9466424B5907AFC30CAB356A92D391ABC874917DD7FBA59941393FFCDCE71ED820E4FB550802D5AB0C4F964389CDBD17FA4B5AEECB65878D9CC5A757E4CA2BC498D8265EBF8593E06B0B69B101DEFA719DB7DFA00C495A9A2118CAD62AC4EFD06F97CED506AA2C9CC5053883DC874668C36B09AA458AA59B2DBF119FA331841FB1600F71C8282567A0EC6BD909D629E6598FA05E36E85F8D6AEB2608BFA222BA0D6A3CEF12372634DC4A3CBF27F13870F5FFC3FE0564DE9264CF18317BEB03B6E665F4D9B295DC95B590F4A94363A498D5FFD4C79342EE02D88DC03C8215C26244793CEEF3858F53B843AB26E6B39EC7CBD3C6787157EA9404DB5DF8F5BA3DCB1ACE1869C98FDFCD44A77ACB9BA3ABE8D1379F012C9705EC77EBD322ABAB719C3929639FDBF82EA16FFA920256A03A08B1F36DE8741B33C5E8A3A16CFABE0F560F1C086A50FABAA60BB9EBA338C8215AC91
T=0

[22]
S=$9474F828
W=-$77656FE84695775C239B8B795E55C2DD59ADB1921D70D88223A8F344986121FBDE82A684EA5D4D1599C229CAD2D872EBE23279DD869B6D7FA23893E8D80B9343C1DA022195EFCD6763C3B8D1C9435B67485B9B31169302FDA382284C9FE4BCAFE0AB82CD4E1071FE56DB3D6D414A4A44C3B1C543F85ED6B53017A069E196F854EEF5DDB7EE89E63087D18D7D8F8C91FBA02EFE6CE4E43742F15F1C0F0575E59A9CB078EBDFC82816B2
J=$6798EE08B1F276CED0E81DBFF7762146D2BF9A64D5022C9207DDAF21321B328858FDD2EC6611A5FE22E8FF30D8BCDF3BD53725D9BF9A1F0D2151863EF9D3C53FC4B6A9631D80933159261742B7D8D61C94A9BAEFD2C988595716DB7ECBA1546420E011C7AAFFC50830B8F0E5C2F800A6F23BA4350F5DBC2E533C4008A89881E1FDA0C728F07E5FF94EE46AF2D332392754BEDBE797B0C22B7150D8D650ACF1D01B7D905139040B48B49F521B798FF70FBA6915DF704E4881C2DDB8831CC5C7B89847E5A750F7733705208503004D0808E6ADDE85670B4088D7BF77AB9ACFD9A3C1D9727141CFDD2E29A89CB0F35D731FBC045B20E5F4172E225E966284403F9D601C6451C9B5C0EAB52848C74930C2C1FB886C1D547BF0D94EC3CFF75CA6C176F2A651FA0DCEE99DF03A7A80AF554DC6DFC26DD21B3F3886BB01EBB2B8CB550982EC8B725AB2126796D48ED4C54F976C21873
T=0

[23]
S=$21A036D
W=-$999D24FBCCFC24321727C1573AE360D84481FBDD42492D0324C4D03B36D79EBB72F9C5F2D8A27383081D686E681C533C50307DE20917B813E8F15C05E1E84A2DE9EFDA463A8FD4FF43A5B5EBA53519ED4D9E293163CFA335B9D5900ACBAAE26F066B2AEC5E49BAF54B71E5746434B8BF371AA2C87D90557A9414B844967B1E2D8296117E5327D1E3F5FF09D8ADB866C527CF46CA5BB43E15B213872D095D9C44ECF612379D91521
J=$4C59FE2B5DEAAAB9DAA03EB55917F1A3B0E2D492FF0938F1549A6DD25460DC65D84953EB922ABED6841C0A5AD72612069D3FDDCA7219C7C6DA913A51CA3D781C6352153C7DABC6405C397C3BE7250630D00CDCFE79AF003444A726997D3767FA734DF4F47FA07B2C9D533934D524C28BF4506B2D13B55676432AEFF55346B3A990B25A40338E639B31752C96837B4E5C05DDFEF9B8533C354160ABF1C60D363513EBD2A274597791EFB31CE567BE0160C57CA5CD3DE139A618B71806F0DA944E49CE643C8CB7BC9AA7BB52A64AAAC9450541A34D9EFAD60FF2FC78DFFF285FD9D66F4D1341F564D9F5119B2A2AE5EEFB25B05325F4BCADE702FF0734B5C0FBB2B3437A6409BEFED087A75D09F351F96E733F54FBD4EC7D7D59DE6E4D5889BBA61E33999501514AAF78A0075D2851A48A6318C2D14E35069D98E149F44FD49A5F8A1A95E3C4B909A6AEC699BC88D21
T=0

[24]
S=$F2A106
W=$78C00713068495DB0893EBF2BF17C217BEE08D213A2758786F2044910AEA165BBA04D12A6EEE4E4CD151B08E7279E0FAEB904D3312DED4409E2B2799CA7D544B347D215320C545BDCD06FCA2DB0278D0EB917519785F32BF500E80E145A601C5E65FB812E8A457CB414D887891B6626FA898E26E30A5DE23B7AE4BEC89FC3E4DA9028B36B6EBC44FAC5695584B99F99005C4C3078DA35D58D7621EC441CEDBB92F5E86EF2CEE
J=$4304857C255D7AF457CA77770E94CC30CFC6D649D5CB228D9951D8BF095CCAF0AB541DA375F3C361E13FFDB9C2E17457DADE0BD453309B4DF848FF5C0A1E539C7C0DFC8AD779F76D93C7CB5D5C948127F69F30B3B9FC15247247477E47AC6A7E48B46A8328F60C97D40D464B7FAC732C7F0B057980DDF4EE493F4A5C3AF25A28A11C318040378BDDC0AD3A483D06F0D4BCD48D051181D4DB087798D7FD9C9A33CA1684DE4236AA00643154FA333C7C4CCC2A6644CA2221DD1E467F7ED27B97BE32C35D9577658FA56E761A8ED7165B1570C85B534DF284F21D361128B222A7C34CE68BD22D3D6977767B0614D81E3CBA409D54C141C5F8388C20FC1C2F752D5121592B2A1504C87BA1DBDFD1E9BD0548AF223B87EED9CEC63C3CFDD05A3B87B74E80CBBD60FBE4111D951E013C31BB6BB81C23276C46A720FFC26A93664B0DE0F3E99EDE013305C96E761F2
T=$3

[25]
S=$B27D68F318B686
W=-$49D73EC983BC2A9D4BFBFEF82CB470EC5167246D1EE98D4B9B9559DF6C60DC94F46258F9076CD76F65915F29D2DC6DB46C3E686FA5BB0018CFCCEEA4E6B2A4C3C8864953DD9D09683F6B48E9943FB981439DCA457368BBC76BF1A7A650EA0695A85977D99B7096D0BC61F904BD831BC4C0853E29000B035978EE1674E92584C36F778F249C1029F37EE3D3E07B3D924F543A7D5E4153E5BAC2A4E068264A99EB3CA1CD698
J=-$2687004AD51032484081CDF9FEEC63027E811B844A267EBBFB69E86B2D8BF2EBACAC22652C076278E39E06C2282331F20E72927E5D69051A91510466F4BEBBE096631E6CA7A0C0547A7B17E9F7DFECD5FA456182E597AB2A5FD08DDBC03DD195A4CF30E25C47BDE23C5A0DDDA18C42154ECA0CCD7263E0A507471CEC07A97EF579FF7775EB3BBB9819970AD60470BD0CC3DE266462A2DF0D20A993D1146A527F1EDD08A351DB6688B4E40650F580FBF8152596B55057FDA79A5925074A1122274219BB09E249C026069288EA99B9D7C05F98E92A015C2A2ADFE3EFEE5682986C9691149ECA93FF9D49EC8433634352B41968B4E04D87EC77B1F83AA8BA31CC02D192BAA5F881CD3AC8FAD4D5209AAC66D2F5F66E2B951DB8FEC7BA41FA711DCAF2558A96859CB719B6B5048F1D9FB01989EDD555B7AE411CD11C9D6052CBBE9C0699F8D8809AB7A11
T=0

[26]
S=$1F1E56E04C4D
W=-$AB9BEB7EE98178AAC64709EA3521224AD9DAA79C31210D7BBE48C024946EF82DEF805611023F6C044FEBD74F205A957300B0F31FA310763D0F697935699943165A9B313BA8B96D29CB7C6D80B59BF56BCC7242EFE9C249CFAB4227B24331FDA8572667D60A68276C5F42726D0138B0D7E76499C96EE59E16F6AB2EA95D0DA1201525A9F799226A37A622B384236BD980DB517B6AD30E789FD3FA37B3B8D8D4235
J=-$3E61F992A4AF88FBD382C2AF8B5C334D2CD52F163B31A1A2BF18C19838455514EB3527B952EF7B6FA3F86E1155F857E24A5A5C67464802F90C1E5BB5E3C7D6326D5D6DB1F1A210B8F6525E617C0AEA688C0BF653794E2232ECA8F0C9472D8719220A50E5BD1E54EF001B347B9E94EC35BAA7C8F26D763BBF7A975615A94AB586ACE6A55191F3A923BDCABBAB1C5782F494D47264B3D206C666B0F6284E7B1FA665EEEAC7C9654AF422F0FC84EC785001BE3F0A45CB2B777BC6D6AF3E5F761CD4A9DEEAD9BB22493A58BF3734C8BD20EDA1599E8E61E0FA17423E32C16454EFAFF8CCAD9F6A4C54A22081822C07B359A8CF0C4A3ACD1ABFB9243147F37EDC1ED7F31DC69E578B865AE8EDA0A0ED8F9E93BD3E238F4C3273927BCAF483CA2D182A2B193994498EC25E8C409FD23AB7A9D849F7A95FE29D2BE47127E9E64C68D4203FA
T=0

[27]
S=$2992E23B0
W=$1AADAB1CD0D0AA3DC4704926CADB61B87CB1C3E4DBFB70733CC753C34D314917ABFE6301E0F4AF043D0B0CA307B3080B6E9333AAFCB8F2F49DA590D134AA5C38E7670B581DD38569FF1C56E61CA9283C6B3D968C72B9E61CB835F215FBE61794512158423D0DDDB55BE0BAEFB01A76CDFFCE3001E5591AD432C0A676891E1E8995EADC967646A586B97DD035020FA8F65E4F15D0362CF68636DC7E3CC7A4A
J=-$3D40F9F914C4972A396150347F8F1E78F6B181966081F1A5787454D336FB8AD84F31AE499B3B2079AE99CA77826494F52CDD6B26FD350187A369A10D372C60A127F8D1B74C8A0557A10663AE1439B8A129E22F637DF338876FC9DBF9A6A4A0B0C690171FDA2E60519F0B1B7CF5316744CE0F0C9F1E1C92963CEBDFE273A9A1B365FA636D1F75E2534FE7F58395D93BCCF472A168ACBB23B773DDEC5D48C17C5D66FDA0D015F71124F739BD6A67E378ED894DC220D13BFD90395479D031A7BFDD0DE754A2730DFA5DBCEA9126B9440EEE043F7FD97690606BA735AC819489C05AF6E2560C88983052C8DBEE0F70E1307E9522D60C0D8CBEFA38D64AEFED4BC4B5F49E968E19477F624FDD3212683C798D6F60C6632DCF5B571BFFF8965BEE0B473F6E59CEA684DFF7DF0653D4D3A0F895344C5B3D258D8D6FA1995562
T=$1

[28]
S=$8E1BCD1
W=-$270F4C4E257EA252030324EA2626789DB05A0CAA1319831B06875CA642F85C7E9BDE11A1780EE1AF6DA009F7041A4F92F210813DE30A8A4CA02BE7C8482F40742AA2D27B953B21C82C60EE649E2C3EF4BC50E4DFA0B740A5E1B1B2174FE1DF02C42FEA84D1165E5AAEA56E69E96048574807FEC462511D0B5C4D5E26CD01812B972A7CA0016823459AA7C09001CB494DFB7F03687E850BED883574CD
J=$1DD53006D909785BC76B8DDFCDA77864C0121309BC9B860C0908F2A1EC2CA36F4D97E6BD5B48B8F203FC9B7B67AE8A830B16833821CC2C4C589489B5D1B65766F6DA221B9DAF2CC7DE1BB868C897CEB0242CB9B1A0C4457B234148C115A5997447AD525A35154F924A61FD0FC2C07024BF974F60694384ED3B6349276DB70F8F7937508885D6B221BA83264CBFB5504FF380F33BF3FDF764BBAA15B9E4D0F04A10BF797A4410E19D822E78CA7530165145907E4A65C833510A7DECE554081E2C1C82604803F241871FE0B4A4E122E39D799B72E807CFEF1308347CEDCA6A00458230594134B82245A1E2102240F5C04DEB143291F938293372C6AB4DD673465E4A1FC011800A2C469A3D2A37888A648DAEA721C1860A43F8C92CE4AF9BA1EAF33E3974D2818C9837A6C9E4D09B141343614224F75A751CF8
T=$1

[29]
S=$1877FE
Q=$A

[30]
S=$53CF05D
W=$57E52AD1B166092257B8E37E38DEFCC8DE644B3E0EDF2A728CD8A7778FCEDB6D86A0C307909F12A0BBA231C2B494EB2B572683AA1C06A8F6D43E30E5BB2900AC2ED4DCCF84E721B2CF8F8FD64F347D89B173F9D17992261B04F387F3D69EA6D7E2300849028CECFDADF41AAFAD80B7BACEA417717AC5F7EA27707A2D950AACEA9D92572851B0A417F434CCB35D735FDF77A7BC1DC91412CA0F
J=-$2006247E789DF706ECC6F2DA0FF29CA2A9A2AB4BBDD08F9F37E676F14F2473E16C3CF9A4ADC43A77440A731A62956CE576560B542E7E9298F190C4AC76D9723154FE201358BEBCB0917CAA0D67D8FDFFE36414002CDD1BD071F076E0F04E973E97F9154037C35DE9DA7E685D095BD07A019F27968763E26B5561D785368D4B61C3FE7BCE8CF7D4E6F4E46CFAEA65505F36C0AF3F37CB4A34C1E141E6AB5C6AC20495788BD20556914C099B8375B23AD743F796AABF014EAB098291C0A7FF3197C378D1D1B9F12FDE4EB0F486D36EB1673D3DF4941F316839ECC1CA2FC9BA4C3AA71EE15B26DD29D1A23B381E70043A88338B5336688F331CD1D88F770C4B2C47F7D2B4AE48BEA595B449974739FB22585778AEBE8506D1793545DDEACE99D6546B71459ECE0498521086A0A4C07E35012FD7
T=$3

[31]
S=$179703D0
W=$7207AB9E0F0DF9ACF2332DF28A0F9A3BECC27D1E5726ED8787B089E08D287FFE8F9D27017A426974E923429D0A4D9EC38E93673575F0E71E38B6E03FEDD74DAE0736C696D5CD8C7D5181BA3E72ED07A7CC00DD3FDBB14669A55E173CABC0E23CA434767C34426A6823B4906E8B878DF6DF3CCA973DA3B357E191C079FF714B8D41F21E5BBE25410B3DE692ECA41AF5B37F80B26F7385926
J=$747E9683DB0BF79843F3E36E5B3290E6A04AC070C14AF648B47418AD2DCF8C7C9428E4CE25878CABA324D333991F98DBAE6E985557016C91E5BC4BEE6E5EEF274D74DFCB65FD0C47BCE8E92A4B163B2E4FE6BA0B35413E04610B9C9D33B933985B87CA41A56527422662C0BEE0B3C287D0739045E134A643D77D2CBFAF3EDAAB32A20C0024DCAB0013EEA76B84F598D9197F5AA1A811F3631A8E568272FA9B09E09562AB5983E1AEB68CBB9F70DC5C9A8609129E5D822670766423FA08888A6C87FFDDD19C10087858F9EEECAA7D73040A497575ECA0EE856602254F2000986EA4A0E67AFCC7ACB67401CD31095AE5346CB3D91D22ABCE64017185B9ED9D97DB0ECB52B4756A1BD6A6FDBB5E37E9A5A18A32E1626CB478193D855C8DCA3F49AD7A74872DA1BB70DD759F0F6A26CDC
T=0

[32]
S=$1145002
W=$85D47F9E15CB932C515EF6A6A12B8AFE8C630EE8D2F6DC34EE32DE4DB092CCD3771C62C7124FDB7B1C1B4841D449C255B5B3A3F5BB08C9C1BD099C949C63795FA84761832AD675FE86851D9C743C24DC35CAF7D0C308B7EE5EB9E202114A8DAE223AFE5372F757CF5936420BF8668BA97CABD43208AC08462FDCA6BBF9A8F3E881CCAF7CDD261F7957606F51AC09FD1FEB02AF41370
J=$1C5F65535FFE04FD5A6D6914CE6917086DAE5FBAB669F568BC53F69B29E4C127F2ACDA9F22483EB2C43E9D480DD0F3D6437546324A8E0E063D70576B9ACB118A5096766C745D1D9B41D87AEC6CF0F51AB2C811B2A53CEBDF249E61380826D2C4C10D16E859186F6CA77EE79DC18E5CF340F3171397415B061098DE0FBC69E171AEF1D920915A0FB0AF1CC571C1D8085243D101A755D0A0E330C6DE925E16165DEFB08101727114E7C8F35E3B5F42188AD53D0DF0FFD6451361F6CACE86F075B478532CD426D48088710767A166A818F57F2971916FC4C6061EDB5177D3284E765FDE4CE4802EF8568D67973E3C1DE6CA74536E96D93DC1E28BC26984EA35C1ECDA7A029EDD648BE03EB6DA8818C3250F535571D9E7E70268D083A976C844A048FC9A178AFE9A3522B18309
T=0

[33]
S=$1D4F598
W=-$19055372148ABECBF655E89729E123CFBF162B5AA27C326287DC662A0CE1DD0BE3E60761A63D8B18126363188E7F6E6B2B21B34FC98DD4DFE2093D6025C18BCBC2163B756AD48B11F265A33931DF0F93F3C649A1C448135CD168EBA9A06FE0861B601F12BFAEF777447EED83193B55640BB93A38610346823B4A7669DF438CB20B026AF644FB91C77AC11DEBC7850CEC79E200A88
J=-$1B3327F5482E8AEE0BB090676817416E6F6F5FFD9D040B1428468F60719CFDEC61F2BE725CE3C2F11C69C9852B31442992F87B8E6AC09FDAECF2E7695C7C9D6E221EE3C5F8A5E834E4A4F9D86120229970F51C54196FFBAF6E7717B248564020A56171E25A68364A42E9B31E599B6ECAA05DD2B54960198009F21F7B31AAF4042E9F8A94CA3D80C5E53C345CA71E851032B2A3C030970CDAFAF8D7E4D95B70E589429FD32C131DB4C3D0C6A1B722BF5170A8A4565A151CAB1D790956779FDB8D2924F8B1E46DCD61D7BB4D3B498F32349CA332DDC1468F609DA2B6C5AEFF73412E9C12965BA7A113E38A2486B2C43A262EC95BB555ECEFACCC5864382FF3ECDDB47A28B90D636FEEEA9A0757C441EFAF593E5A5AE5194E2588E9C7C233477CD85F65F5E8A33BE566
T=$2

[34]
S=$1AFD69EA6
W=-$12793C44B067B7807D3910C9601F2EBBBA926B62442C37A683FE0D05186901A09B3622D3AE12892BA889F46BC9C4D587766ED2FE2807922A33E2B7E8BC3B6A1FE5377F1D6DF99C525486DD64072E3D5986E3AF65A7C1692C36E56725F5956CEDF303211ED50693A289675C05BDFF61D7D35B4E321A047222580E2D05A5FF019FE9DAAF0532999A8F2FEAFA768252D50CE41E9A
J=-$1353F10D0F47601C24FF829DA39A91082FA4346897A78509DA8B60FD91F63060CE4E90F226FA8FF5D0ED22F35E4A9788691AE9C53CD6B28C9A85C13B01E1A9014CD494B02C739D50325D84C783D79D47225CE31983309909C7F8B32E5DC5336995C27BFCF26F0E92898650AE3D8478ADA64AA7DDC4A0977E2A0909B1210546DC0A28552AB568488EDE5BAE3E382B175AD991A3743B297355D968BA829A0DA5CBB0330E44E6D11EF78CD6FE3977CF9B44C45B93DA946BBCEAE0C6CC997C36EB0030EC1682327460654113DA386626262CFB1C823BC685CEF4BA752FE670FBB221A70FC02AD6798EB6EF109A7E1038A28B11A2E396D5E40B3E39E6CF078F31CC247A4042B81D4E817181C4BCD0B6D226F375D67FD7EB7DEA268893111950C89E409C7193CBEB
T=$1

[35]
S=$2CB9EBA2EDE91C4
W=-$25269BF1CDE85C0746345660D7B17D63BA7D643B04192C69FA766E2551424A475B93BFF17738CA3A3C52464F305AD5E55B0BB489BBF32C742843F35005DF0E38FA0300990F4211BC6C45A0F18EF0CA0C3F29B1E8C88048F4B0AD1E1B27095DC093E8329D8F26C146F6B35198F0C64E472E22B3D34193CDBF02004ED18DB382683E2B3474B6ECF5A15480A586226ECF602
J=$4A52CADA55BCD940AC4AD3A3935F5D5C2601491310ECE40A3F8362C4E9B27BB29195C4C3494068FAE0975895EB998F444A19C5D3472CD58635A25A8FEF5448061065AEFE5A0A717A4148396EE804D6F658F3D4E570B176784C6295098EB7583476F8600BCF611F85F9B5227111C5D9A3FA641A3237FD138406CD929A1496DE52ECBCA289B41AF3F52718677E1064D4B06D87B9AFB4E55E9F406F5056411E092EF67619A56598C924C605DE59E7131B9069F1D1A71B4FCB6085BDAC53DC53F7D2471D743648302E2E1F1DFC7F8A2FA378F451CEF3D8D0988643A66FCD6825B6AEBEE0F6C058232A81BB32C3BBC653955CDA60D3F7F7E699128843910C848E4B08742D4393A64C37EED6780435FF3E62D8010A54517E900356AEAEC83E7D5C47624
T=$5

[36]
S=$D4180
W=-$4C4978E6479869CA098D199C7F830DBBD07C7B6F97504EFAF1F27058B32B5A043AF239813CBCE224C4F65582C20F3D5B6C8D04DF8F9A4A29A5F9762E72A05D3D8A683A5246E57B6D29524F9746E08E14D8F6B4DD41F05B9758087DA3470751BCB924DA9007320BA092A9EFC8A427EF26EDC45B4CCC5D16664177AFEE11BFF49CB723C2584631781354EDC49C6E
J=-$2AEB5F1BC49D5405F767B32EA67EECCECB90CC33E375AB59D1B6C8BA1FD12094AFC04601E8F69627AFE8E60A49113CBC8BC674AAA9DBA6BB52F52C461201AED293E95911DBC24D94F751DC3452DE3B45D7B73D286A38F83DBAAF37D5097CD7BDCBFD1ED79CC51FD75EAD1F4545790B54F5A1FDFD031D84786A20DB37250DE18413A1AB8D3464D1FBD221252576B8606F808E0B924F18452EF58089CE3A9148ACF28039A922B026F930349C39035240885732DE3A081D76D18F56271F073C60ED4947E020E3E3FEC3D1512D64A26E48F1F4C55CA236E055516FEE25EAC71FB14D05C56D732971EB984A6D6E9B5418B57F94DEB15494D431F9CFA5DB14DA712F5766A86801D413690245E8F08A75FDB6D3493E899B1E104BBE213
T=$1

[37]
S=$3A217BC6E727EC
W=-$67DC51213E5D9BF66059C9E05D66AC9CDBCC77E586848E7251278AFEFE4995EB012EDD1662083A550FE3C1D4C5B80B04E48A83C8B0DC2551883D7F86ED416D4740C17BDDDA607437F7668F19623F33C36DF83B234D462EE8C6095F3147A9C644DEA8CCC76C4C6AC391437A8E562924905710DA42E6ABEDC4AFF56CA822D9AB7E50A2C7F84750DD02E58446A
A=-$7328
B=$1DBA42
T=$1

[38]
S=$18803D14
W=$4D7A6688DDA7D35BD79A38C45C2A51A29F98546D8239E1CD718E7DDF5D1E06640CB50A0E1C138AB758D8EC46536101B67E7859697ABF22A607E6625915DEF2D83C487A7B13B9F80923A78F36A0A2AAB830CDDEABCDF9866BE6B89D06371570C63B06B332B45D95A1181426842421E1C597FBE62BE1F90609CD0107318A82C2F62E7298145F60B36F8
J=$DE46046012AA380142A465D1F277A0E70D4B4950B1B8C8922AB4EBBE3CC16075FF55D9500CF162C651DEA003F73C704216D2AE6CDC7CDD9ECB0A7018137E9BA463153B095C0A3548B06721B46EB962B74BDD45FC2BA718B35C3E00C546B5FDD919049F14B2A5E0395CC01336AE515006CDD8ECCB8D2B5697FBF32F1BA73AC090FE34BC0CDF41C5DEE183D29EB5AEC546F05C2FF815A6E94802B54DCCF9CD6F8C0BD28306F106041B11CC72F59366C2BC793FF241C2849F8389790F1923BAB036DE20FE127C3FA57A3B49CDF8F8BE824FDB6E37EC54A8BBCFD6BFBC0C902792D171052DB9BD337A4F3150D919E77E910A3869A6824AF19CB49614AF1C2BBDB90FD2A2CBBDF104436C457E040836C3C597
T=$1

[39]
S=$E3B2F55CC7D34
W=$6D480FFA853BB72901DC14D721EB849CB8F2665C13BC0A83170232575CA48A1ED436DD77C02FE9BF7A394E221C544EA600E7362A2EA7C3DA506CB8FB78D58C79ACD1899FF84260DB7911D8983E524BE993887E088BC13668EEA33D2ED86B25FD9A01C42F1BD526EEDE7D32DB385792F5E87EED96AB65C5AD7210D5AB035D92205EDFF17667A3A
J=-$1C7CFF3DD3522F541FBFC0FCAD38881B376C339D18F8A1901F73C502B6FDEBE5E4535C22A04510E27328C9EE070D4F72723BF762C16E33F9021A3B52D5345D83816F69AC5D1487605991F6C8CBAD218F4E9BE7C5FFA57774AE57376C2C76A9E3462AFD5102ACC4577AA82329E2B760F9EE27CA20C47A3B67F3F06A2EE96E4EE17E4F762294B489584B861891B7D09ADDA5468F65D62A85DC4B0F099C6C495CC3AEE3F1D0878BBD49A004A53298E5666F31C84D90783EEBA10920A3B516738CC5F9F30BB554B7DDB3EA33CA5474749FB6A96986EEDD3A13AB8F4EB96E1A24C9C92BCED655A96E369055DC21FE1A9E2F4DE528147382112DB14A60C86CDEAA571FEACCE3E4858D21E81111A81124
T=$1

[40]
S=$30BA32D
W=$F4C4EBF27CA44CED1D2CA8821B2785CA492889F03E001DDA21699994D5F5DC7CAEF2FF33E86A7C19919D4CC5C04486EDBBDB3BB2B54D668EC891AC26D0E82B46A91C8FB2672D6ED8FA7A45D61C65228C58B6F5F45E3CAD08E0613A29611388553BC6AC5D81C784CC441DB9022783F168E187029D9A4E99A25D3B69E7C5AE3999C3DA8B
J=$9FF4B2B414350F7928168CEE002A5B28AA01E0ECE8E18037CDF9ECA5BA497D4278079A5B098EFCA8587D5607FC2554F6E46203A7A893E30A65D0514449A1107A689346D6CC8B0F74DD2D492532E47B721A161CAC2E65558D322C0741A1E9716133F710BEB4B1B093D06C6BAC1F26C123A817CCF038B86E0A4C2FF5416594DB2ACD9584F79A8E16BC3148B16061203FDC28D8B9B2AFEFAE0C6354C8541AEC62610709D551C71F51B10F6949DCB3B67871DF6ECB9B736EC6CC48419DA0216D508FE26791BB9FFFF14CAB7151FA153294EDAA4739A8655B705FAAB097D2B52E14B4DD7AC683881640A7E15DC63B02CE0A38C3A882205597C5DCA35E5BCF60D671BB38A7E2C9741E
T=$1

[41]
S=$2C9503B1ABB71C
W=-$9DBDEE96E0FB1835022F3C515B9D4DE8A41A876BED7792220424B322575776FB468D7AECF935F017E3719BDD84414DEC8240FBDB5087C1FF3EFE52B9B3EEB1CCFE56FC20776F97D1ED1027B82395572A1CBAFA5ECD0A14E9B5F265362245D06EE089C65ECF9796168EDD19D2B14F13FC94DCEFB287CB30F1A66982D862618880748
J=$819EF21B8EC65E556162027836EFFC462E57D12A21EBAE54A85BA118EB44CE1DE93B841589FE6449B320F5DAB46CF920139BFBA29E08D3CB2D8D1E5056C91095ECDD4690A35BAB34DC01CD3A4AEC63DE7960E9911C6767AEF5712885D6C05A3668892FBEDDD3444E0A69DB7B4DB5052AF46EBDD20004CE5254AE6A9B0D58D3DA7CF88A48BBB4BF5B44698D93E5FA474B2B286FDBB746B1462C9AF6B7E3893C9103B90E2EBDD2219946E30743A99A8A38E97B6C221CF49FD1DCDD2BD0C3B680334BABCC959DC01DDF4C6BCD098FC5E8652B697E2BBB51E4E376F8ED41A708405268EE50C6890C1C34CF96FB08D6DCDE08C84B2D0E4D95DBFDB168A36B1579B5E01F75A6
T=0

[42]
S=$4C6
Q=$B

[43]
S=$BB5D6
W=-$DD841F05ED0D2CA4404744932567382ECE1C64FF18EB1CA4C7254B23FDDFA76FE077A9BB86CC77F85F6E8C606562677FE4E8D1F571034F96744262BAB7C2756ABC05D437E0358B8D42F3E0DBC09B0AA5B7FAF506573CB9E94E8696B7960D523DA8503EDA0CDF1574452455A9C688773B836E6BE633D52224E6144AD7432
J=-$5F3290BD01159E4388EC8A0002D8B436731F63A31D14CEAD1AD0192DA928BE77256B7B7A1CAAE9559330D096C6CBDE5CA676F01B65755DD3CBF70367E98DEFEF00B08775011DE79D2BCFE28ACF241E8D86E084350313A077A4A86CE2F8B1B48E4B2541002C62C5DCE45830D4E780883CD6BCAFE7C9DB6CB4859B07E117DE93AB16F4D4FFC7EC5AA15AE3E2FC433C8F8238E482BEBE857DA8EBE124569C75B93BA85F88CEA09CA2F82A7558B7F8C70B124E62B33246FFC661783797A1CF3D8D7D72759B9753CE3E086772160273CE611E83133FB8893598D191875F49DF7631CE611719921367FDA47B7EEE8DCF5763F3FB6350282F574FF81DA526
T=$1

[44]
S=$8A3DAA5B
W=-$C653B4103BFC774D820644CA5CBA76C8DA3979D27F0C8C515884AAA0663714604B5C8197DF13B4329AAC948ED72FCC08ED8EADACCAFBB51D56C6F77EB0CDAE78396AF243A0CDB107C3B7576A705518CB4F5471DFB9CBAEA4826664DE6B5B9920D057204395F25D32A897A7391E454509FE9213A07016F8C0808594541
A=-$98
B=$2D2
T=$4

[45]
S=$9ECAB3F3C02
W=-$EC7612FEF5CE581A875B3748B5B644363B59F0835B6AE8E091F1378E50FEA88F1F449750BAD9A4621B1E8200D4BC0B7DEAD1A39CD5CD39EA59F797AD0D0D8C1FB8184F265FD1CD0D83C21254BDE4E6655F03616F854DA6ACA12FACF7657EFBE5B0A35F289515494C410F6C5D2C664369AA014CDBC297127A110D8
J=-$5922EA3D9131A60C353F007FF1F2AE01D5EA32878B9750DF0E71541C18F67425A03489048F2DE5DDB89A103B1D1446C3FFD8B743B2F01B6FFC277FFE7847FDC86368F75BC4F7114A65FAE8E64B8ECFF1DCAF3BE4E38AFD6B8A2355B51DB8A0EA23149D9BF8B42E8B4D27240E15D2E1381DD9B60CE740402CBDB501E75F14C1BC7F4D07D6A74A2CF748E6872F1D0E7646AA6B85C530B602D26E341548A246CC22EC03E992DAA0493EDAEFFA1359BA18905A57A413C4848C4EAE4350E0F1681659D14D04BC12A90ADB74649503EDDD86634C31AE45515D6197B1436111AC033C8FD353B8F6937BDF1DA3C521F3506001581679FA7B2
T=0

[46]
S=$B303FEA
W=-$468161488C950950A00CCF44663203F1C3FC8FB1918DF9E60A2FECD70B47DD3D84D06D3E8B3DA8ACB5E1F37244B8EE7AB777963CC2757C8286A4DEE64E5347422BF3B50CC7BB887991314A2FAFFB5945561FD69D0CFA39A4B0F12A39727F2E009D70A162A938296B87669E79C7C4D9BB219288E34BD780AA
J=-$53FAFEAD4241C6C83AA6404AAD6EA3C563112E8F83E185AF1C24389C9E043C2F7B378C643DA8BF6305F725F87F6A0786C9C8AFFC91D4E1C0FBE4098CD78D5A6FE22F3A6B6415677736375370A84C754C412967FA82B5E69BD62733151F33530241D1EA507B40A6CD44E1764A02C7EF7997EDBDA8F82BB4DFDDFA5ECEA4EC308B77BD420C756FB8C634E147AE93642385A127986A4F76ADC1588406880799EE3554BED343F407B4F6130D9E81BB8A2DA87CBD6EF692A517ACE9D0EC72675A23B2E0487B5F8EAF0CA8242A33AE428E276EA829BFD68EB737CC22FFC26C49CCA301F9528E64E78A6F9BFE762C49735D95
T=$4

[47]
S=$46666E9
W=$462CF4698BDDE1D26439254CDD0C9272C27F81DBEC3555636BBF17E2ACA1F726FE5FB024530A87EFCAC718C9C2A7D1132B30040B8823E0F851EDC82609AF059B3A732BDB80E0A3AEBC9D65C887276C670558E99D2DAEEC894D606C9583682E9657EA134AB12DE6F09A87231B005132617CF783987BCB
J=$9AB5DECD3707FE8ECCBF9DFEF4D669FE5C7C0204B6975D4D1CFFCE75EE24A343A2FAA862CA42A40D90B9BD3F3C254AABEB68E6A7FDD0CC80C877E148829383AA91EC400D6486CE4934783EA98D59A3A04AC04981478502BB418A060CD2776D7C15BEFD9F35270F44722258F8B254E6D7500CB0EA738C9136A3C4B5603E9EF04E8322021757EB298EBAB3D929E21FB51DBCD57638C2220447E47138B1D62DCF33E9FADA4B6978EC08CAA7427106A0C91062E6948EA08D22BFC645700C50CFAA63F98E2636CB907E70906D6773D16C07FF970B5162CCF0D79C71019754C98E98A2787364984296CD41401B78E
T=0

[48]
S=$25264
W=$BD90AD90F912D177784E9FE952ED43ABF451027CE751B5B7601C18874908CC6FD846253482A8D3EA2B065121E0E2D604541AA12F9210947B0266D61488FE60FC166B7E561192938044948ACBC13C88A35CEA334365A31ABDABFEFE555CB941E2D8669E9796AF3C45CF10461E4EC58266EDD7731D2
J=-$117D87CAA99F8354F5369E18AF069DCB87274C01A597F3E8C7E20E876F3D3ADD20FB1F36EFBD52E7EABFF1D1D7B0A3A0F59CD74EF879DD220B7B15798C06B1E6D7BC7F0914B62E122AAA4A55046DF7E8F20BC675FF482558266BEEA3EA39B53F56F945168689AFABF2A8B3B4BD78A4744F873465E6FB98C4E92E42192E3B4E992A7950826752C9DA6568F25DBEC54E1FE6A90FDFE9DEBC070FD81EF5CDCDACE2DA9BF3D7BF0D03EC8C43B2B142F8D9836A2378D5C31342CF74E264A2561479B142802D776E31D50AA5D172F12E110D6B2D2792863D5E4ABDB9777C4FCBC42F5F57C4A211E61710B33D
T=$1

[49]
S=$11FF3E7
W=$3130D2BFA9B0F9BDD6E78F1C58BA1BDF1DCB6943CA8315E98F2357C1C748AEB8A75F559E5C09EFC34B1C58795D4AC4ABAD28A54379FC0374469A1E0C330376444B456E17088042465E8CF5F2FC204F0E0A436BD65F33ABEEDE1FBC419141E11ED5DF70F82DBA1DFCAF99206302006F3B4252601
J=-$15F607677A96A56FC07A520826CC9D2B792DBCACA11E2309457A397F6D680EDF381A604260AE5020D7E73AA538219DBAEB23D4D3A791B04DE769161DEF3A7A467F7856BE7731474719A64BB57A1D9BA55170CA775515B754BE181238EEB061ADBA3C2A6902168867CDA356D05759F59F59D3A3E76629190E2A61C218C22044DD0388E005EA7886973D37CBCC063EAD889B5640F1B0EC7C7D456B05C0FFFF17D05611E31B3CD731E82456311D52F2DED713FC2647C8A5FF6B77185C3257C8F873287C659C1DEA9D73EF14BBD61BC91E89FFA2EBAEFD39615B977F5B35F66322C831482C83B058A
T=$1

[50]
S=$4F1A326
W=$6FE2202E130F0D88413AADC3A6908B3C4DACF7BA080B827BCF8CE8CD19268295D1372F6D37FF08A321450E266C00508E6CBC4688F35D3C6211C4AC11F42721B208579EE393BAAD8FB7BA4BB028B00FFDA6160960737CC32B4C6940C09F6DCABD9E0EEE8A645F925B7B560AA3F2B079E706F4
J=-$69F6EC41CF52B957D9D1EFEB85C8A0B82339047CBCE244D6BBF32CAC4438768C683FAEC18CEA6A2720D6E016B63C02B30F890CF95D1043BB95F73DC51E3609FB55F444ACA6D3C64E94F74803D5614A3F512D8E0F087753045ED6803305619F2976A5A82E365E7CD8B4F07D69222D040386C2B1A856F9D9F70916AD7589438D317E00432E3CAD2581B1B026B6943D5A67B9F1F84BD36DAAFDAE451168551A1A095E3A638C6B415FC9B7B815101A568CDC1489F2A6AF147CAAD5763537AC4F2789F676ABDAC9EA58233BDDDF8DADCF3587375C281DF1389AEF42429B2161155ECCA6291E6
T=0

[51]
S=$19F2
W=-$3037CF645494043FA16F00CDC7EA90D3EA67DD6FA57A329E4E1F35D0999E1A0A32328D5B8F2C8D82B20AD2E81C0649724A3D75FF484FA7904B23BC98C659D7BC7920543F577E4AF5779DC582E1777A61AD90F0856A21E1E482E338B605B7E7980240A4FCB8CE65A06413E98318D06B29E
A=-$1E
B=$38
T=$7

[52]
S=$1FBED8DF140
W=-$A72859DCD06E626B17F33B69727013C7083ECEAF295346E899CE4FB93BE06CA2101D9F2FE14D817F13475CD57517C66573A07ADFBBF3752FE05E8A05B5F89451C536FCCC533AD2083F1D250C2CB418C20081E620E646F9834A06C9AE85825EBB01CE159D777B7CA6026BC7D43C58176
J=$C7C7FD175506657C16C489DAE84C4C42C9449ED3BDE3EBEA77809EF10EE3075832CA3D3EE4600A8BD950114F05BA076CF3B35DDAEBBAF7A721F0C9565BF303B0F898F3E21A8352FBC01EE75AABFAC94D5718762F885ED9E5215DE973F603DDD59E4276C2AAFFB0FE14205450A954C5B3CC06F80DFDF680AC7C61ACCD8848C637A0D5599FE6B843EF33BF5038A6D6067A60254AB8FF195712C4B7CBFF07B13F6DE58739C49B6F5818D7FF4485308417B836DBD0BDDFB191133773BE4DFEE3CEE1A80F4DC515BE50988A0888DC9FD8D0848E7AE0EC7C63B6EEA487370A55008
T=0

[53]
S=$58F59F172A8F2A976F6
W=$6F532B1D43CF0FC0982611BA5905E191A34FD256BF6D3C0484C36D9A2B28A53FD23B019C9391872D43476476BC495964C8731E000A299C7FB0A4EFAA76DB9CFFADB53A071D5050723A7D5D20775CCFC398A5147D89D31C51C7DC2862B964C79555ABDD4EF53839D7E3D0D90964
J=$27A5FF4D3DB871FC0036C86861DCF2CFDF2D5B33DFC755CDCF830048C905B579E10E261BE40DE3408469A5BCB23975661BEFDABA0201EAC3197FACDAB901A656CD8D990DC1B4276101927BE1A9163E12AC2D01DA30ACE3A5D1727BCBE7FB33F192419FC4950C0B33837206C3EDD9E71FE5835ECCAA7BF037EA8C26F95FDD7FC6053C51EDF3F26C51C91FACC842E6EBE4BF2AF66894A813D0D5197F98B968CB5F63EAC267E3A09F0692F0B48C25968AFE7BB71D49F4B9FE94DE8E98986E30ECC7FED5486BD7F5A15B8E40CA0E41DF46299A98EE7E2AC2696341D
T=0

[54]
S=$46B003130C6
W=-$15697415806F0CC8C381A3AC3A2445217CA7314AB53052BAAAE24643855F5459C784DE973A6256013E2E5C53B991AB05A9B98E99257C73FB6CCB47CC3793376DB6B57F8253793F9954D8ACF1D137F52282648FD4ED2D0D5E77B25B38F3A88A61F7BBB50131D91B71A
J=$14B6DC3436F4C90DEAF9EC956480B7C91FDDE5041B274D80AD02C1844BDBB13E29B711BF417D08EE8682139CD2E2E9CBA8647EEDA7AF1D25B5370DE138C767BF67376ABB38A76121E55593E9C4640072F681FFD8B566B298ED6A517669A0573782D8EB0B13A8BDA2F70D693BBFE99B8F6C6B32C9AD9C2C039C995ED7984B68BBC380EEC8CE2DFA6177542F789F325ED080647F00001F0BC0EC394A37FE2D560A632488A125CD733CF1FCFF172A409F52B64DCCA9CC6B2FF35FC8AA39D5A861F09B63C0FBD36EBD2BDFB0E7812E02EAD02
T=$2

[55]
S=$640B55DBE654
W=$124F9BF6FDC61A3AAFCBE8F1458E504563E9DEF46DA0710D7931D3C46B1B4A22E22A8A3B55DBFD328A1255CB6A8A6D9B080D59BE6B7EA96568BE3D13E2063F6A6D0BEFE7127C6AE97358FB55E26893C9E885ADDA13CB4416F267217F9253D8B9644A65FD29B6
J=$29A799F357DCE6D07F33C2228E0DC60F484E4B152733A9AF0EAA777041F9955672A03E3797EFF8DB6A1201BB8B55B18CB22B3FE16D8B945065A39D27B6CD604799313C8DE3A6CB69B11E6A92231841FE3C5F967D6675ECD4769F1B83BB44F2892ED87AB594213DE8E5AFD08328AEC619CCF81A74BAA2F7F44951222D6B3E922D41EA6A15800F997A9E9CF064210F6E0935FEE591E4D42054464A04A60ECDC2B396205A7AB8A229AA5BC1420F826DCC8C9ED56828A1D63CED4A23C5DCBD998CA9F42D73169D449693A44ACD
T=0

[56]
S=$1C651587
W=$26267600B3CD3F8850CC041CE4D12829B36156656A7F5EEB0FDD828B53316223C7BDB2F12DC9F43432B9DEC96C213AFADBF87AF590E9B97958650C1884C2A780492313A5C4A24A8EEF535F3000A060ED15924AEBE3022D93552CC1FF8E5EF91361141D
J=$A680F65F5CD26E2E78AF93898D6613F4F16E092B9AABCCA6EF2B133F0FDD56F432169CF74A75BE21DC619D031CFC2130A05BBD75FEB03A1012B93AED2C4CD17422C98B95C73E8C2780D1E95848CFDC1EF692235DFF4E76109C8922B796AF7A210BD9498E087E1B7A1A1349430F1F9339534323795F4C846C616268455AB73C78F60AF5EF3B01C97BB8F0BAFAD08ACD0203EF4BF2502D0860713EE1C862A5050F58E41CAFA8FE0329FD96633362EB3069FA3DEBD0896B173A95D52CDE1EEE8737B4453C218F
T=$2

[57]
S=$117D906
W=$58134F96EC9464973664532F8F18C0BA07D1510A8D3B5EE1AAFA878DC11393C182E1CE8DA315254B21229AD3A9C1EDC6D6A6C945EB32F3A110649078D8C6325CE82088D1AD82A994BBDBAB413BEB3657486FFAF1135532F799582E8AC447203A1A
J=-$34EC87E1FDC0F052608042C7C1B315F7E5C2C25BFD0111F99DD8EA6C2587A18964504DBA69CB40993C2F1EFC8D33F8CE1A8847C3A96F5EDB8658D9CE266F8599D728FD30EE5F04D87317749AA447C3830BFE87E7B5CAEDDCBFD24313F29E31475292B8D02A4673F616A653EEE3169E5F1E7019DFA7E6265F1265DEC13C124B2E9F5774B25800FA84D5500780E0A058CB5B70D81A5597F6FCB6D4CBD18F877D90CA89719ECE9CE178738C92EB15D1BE29152CEFF1F262DD63B5BFB1D41A4638A6EA6
T=0

[58]
S=$3DF43E00D
W=-$5D68115A54506029941BF6505CC0F78F12DCA5158A3C33A75CE75F0C102439F37C4459058C58F7DBE557ECF4A679C80045897EC51D7EFD1B2E318C0038A111725098256E9ABBA67C396ECA54BD899B6F733D4FD5E7690E8F3DD3E6613528085
J=-$100D1388374159D53F30565111A2795D025956FCAFA0221AFC941F593FFB67EB41454147DCFF480486FCB9F415FC5AAC51A018C40A53ECFCCE5079808A4800BD1E29C4A8AC31C58817FB71F4B09AC159AC1A2DC25A8302BE9038304512E598621D79B23D692AA4639953DDD8EF9468015625D639AA53CC819B3151E9901B6C4DAEC4EF992C83DD9E2CB4CE16EE24BC58382DC352C2CB3E3B11F1FB216D57403A4326920295CBBDB6D3056EFCF56F17762C8C7F4EFB16C1BD34D140EB4A49A
T=$3

[59]
S=$F874E25A
W=$36EFF492B5CDCF0A1A9642C73C21FB196C483B92F4BC689E22124FD64F49379303E8B11027826740CD858CA65993616D8DA36750A106750FD33D6F1706A09C74B09C9BA397ABA1B7ED9C9EA0A7B8B44F0E3C00CCC927CFDBD4E1194D186
J=-$102A4A74D03245282E57F78ADB4D3CA1A919ADA93F69CA9171BF58505EF09188CF73AAF8E4D9D3F25CA89AB90DC57DD8F4A195CB94D37B8A72EE7E21921847EBE6EE06192732E5C63212C061396B7626F7F2E5BACA6570CB44500BA250B5548A0F8C0FAF6670937151D2C056ECB887DB32CB3A4F85BB0587574EAA4DC7D332B72E636D864A01066773030B7206305C53355F3F8785C673087A034B566A3763FD0F37A11EB0B006DE371A1394CCFFE650BD4BE1B25E67CFC701A74
T=0

[60]
S=$17B52444
W=$12EC24E13446B5B5BAA06EEFF693102DE469E78E9A1279F41F956932FFE85D3D7644846F0BE0A82A47AD1C098EC96FECED482B29290AD66142D5C82DEAF8D25D12F15E50C113F966FC60A64D0B7AC97A24AAF576ECF7EE6D89B579A
J=$528AA752FFF4246EB5D30D47E24FA6F16A0330D4E2F1C3008034056B1888C11E6D209FE33B671B0E5A1E336DC7E8AB06DBC26873389C549320454ABDC7B56551CD02A6689D64C4A4B397FEBD2C011064D1BB34731BB714CD489CE6C6691F5CE0846F55D6069A6E864424E97D0D629B21D87CAB137F2DE48AE8C7B69915F011756699633F928C6ECC159AD1DDDB12B229DA332BF681E78F63DB484E9B43087EEE40AB17C72EE2B6F8E7294649CB903339C40BA7E2550D
T=$1

[61]
S=$A7838
Q=$7

[62]
S=$20FD104
W=$33EF3B62D41A7221CF466B334B2425173052EC2A639FC090D7C21E9D780107728C64FD7346A5AF593D7D7452717C064BA9CC2956D56B77877F18CD34E72984D2F6E327BEAA094702D2C56522B933B7CB1E3FA1CCF43059AC6
J=-$9E2A7F35C67041BACAF2A3E87FD77EEFA9A96842F902E40F96ECEFF7D82DF8AC138235A31BD22ECCED70D45122FE201F93EEED32A1DB6263CE260FB5D92A6F82277B1DAB3E740A8332538AE5B7205B4CA7D52AE677C81A91F0F901B955A85503142273B372F92EC586D8023C14217AB33BB15D3175BC7FA23C1EE9FA15F952708566A421862EDE77133AD5D01572C19C78D8DA2ACCE7824E609A8EC5167589F68EAFC201627E3EB7A26C0D8A41218035
T=$1

[63]
S=$D5E40
W=$24AB2413A5C2B06C2A17AD09BCD07D94E6E0C947349166A71D39E2F3DFDBB151EF57F67604B46C4CBEC71D94589E3EBB79BE59909599D0F1510F68021656C9EC491D9905B6A4E0808F79A9F07B69EFD75EFDA7FF907682
J=$189608CB874B4899C0993C135D4CD3F5E5987E71E4BAEB5EA0263584910F6471739FBB13A391D374B16421B6C4FA2124978B0F5E0AB1370D118F25BAD9D22F1BB07E69414874307007BFC6B5A5D36C3002CDB8462CC8CD912D70CBE0737E6522C395C000401C1562936FA84C2288057BF0FA2466BB3EF5E6474B80B8C05A74015FA8E0B1F8CB54587112CF5F5A739D300C7290236F577F1B30FC5FE0600DEB64A02986515B0A82A048255F21C3
T=$5

[64]
S=$71EF24
W=-$1C7ABC4AA3A2ACC3B19F77D11772B2C938EC7F0AF7B8732B42167A06EDC8DFC01D158A558A3E6AB5BA2C70AA3A55CE3C70276882EB47F7B70E5149AB3DCF03B0F9612C913D9B58DDED3B3D9A2860BDA3CF8DF1722A8
J=$EBB4AAA81052AD34E9375EEF9C891010D603E92BE8243A7B976495E48F875CA56E5B5ECF8ED413DC1488F33F94159CE82DD2BBE5471E2B2B6048F7F396F175A38338C54E0660585A6DA97DB3F15104A8CC73736139F4A9C76694703A1AB78AAE69B7CE1F0EBB388AA1A11B8930EF83BF13C617FC1BD6EFBB23FA1A696D039A088DB84B31AA8F99EB9AFDD737E69B08412E0728240A77D3F12C44E3FBA70AB3EC78C6E41B55A815F95B04E
T=$1

[65]
S=$5403C
W=-$ABD62A4EC31B2B4D6F0396914039B7AB7460806A6230C2FB14A99C63B77363964DC5FFF0E8F6F6FF855D3935823179C8289EBE8A59F510868805FDA1C7E672BFF7C94EB487CAF9CE6EC677BFE770E8660697F996
J=-$BDC64E6752BA641AEE5259A6BFD1A2384B0553E1C9AC1C997E2BF4B123211F6104BAB8C7DD51D87BF8C74F9C9F2EDDBBB940417DF1B0EA40745F49DD94818B392F077841AA68ED61E55B6A9ECB12BDF294A7A6F685C8BC2A92C4F96E0518F26F723E5714724FD47BBB2E9044388B4F9C53DC0B07150F0BFA7EF28DC0482E1AE05A3B9667A12AC3ED3121929C439F33BC2F73BB6560E7F74FFA0202A72DAB87CBC15A96CD6084993
T=0

[66]
S=$4159A
W=$4848AAB624D265B9832CB6A417BE1E8D8083387024344FE788CD31F594E421C762A7ED710D4D69F44F8127C60EEFC71A3ACEB2B0CE287238F0340A8B3835ACDA62E93A2A6BC1D7CFDCFD9B6159DB0B6D13322A
J=$220A498D2D2657796BC22B37C6CC4F4B922BC87F92A3F6D4CE3CFCA8CB1845E0BF1F255C5A946E65574402A60A529C4447276EDBC2B81C90B5D85D64EBC6501382C54243F1AEA0479C4F989A6C91F4468895A6234307F81FC109930A87D943E9C3450791705AC524310320807433D29E87C65151F6D9FDD328D58CC99BD307F8717C88C99B22DF312C49D0C94514DA7E6489E713C900AFAC0818731920D46C1CD8017B2FCA3
T=0

[67]
S=$170E78
W=$38DDA1C1F11E4FFA16E5B75236BC968055F7319B9CB1575AB767962BAB5DBA7FF614EC0D8414F716FE8D4B39848589A908975BA7901A5CCAE81FE725F4CB040FA72A1A9DD2607A13F9CA9D50A780307C82FE
J=-$CF5D874497A1101089C1EDFC10F31F52ED060AC07B2A6FD73F0907DDE05F31EC4C9652D23375F5AFDAD0F59A022837D7C76D5B5A7C2146A0DF83F671B9F374B60837DAB5F981D797DA501B7A749E50DCD6A67BD091F0675A5F351C5218CAAEC3C291874531046D988F4E56D991C523D1A2C4B5F83D29A9AD0856861BEFC8617A2F623A72C32D1E8FF0953603A4A977BB7652FFAFFB2AD5708A0BC8E9480F6962F1C712
T=0

[68]
S=$DDDA569E77C
W=-$6F31005D924EE91799F9C2A43F95AFCA03559F40363B4471997DA7F1C2B751AEFE0644D41C07DB82CBC1FEFEA902AE0B9A6AFD90E7FC23E93BF9EB8D31C810740D9F8AEB23A64F4F122C7277A670E3BE6
A=-$23
B=$62
T=0

[69]
S=$D233AC4
W=-$27F02D94EB6975D6E8A0574970D4C7AF12E5E70BBE1F51534F2300AD7E42040C26D5DA89B1D73E1B1B335F030E180E7F04E539EEC96F62C8C66A6AE55953AB3655DF28E419FF49E8E7167F05C756
J=-$B7799AC5183FF7977513BEF34566049CB67FAAEF8B84B29035C08EFAFD4633082E81DF4AEF6D19B99119BFDBD8F20FAB2BD2E8EA28FE95AB5AAB35C2779A7055528F276DFBB1BAF0529B8E2254F0D2F4ACC79AF5D527D5FD2C04E5532F6B16F2899689A53E0C4E37A859DD137E7BE2E6BC31A61CA0ED869F64338EAEAEFAD27B0E0A66E953A7FE833D933CB0830FD77BE43F75BF5AA5DFE19549D1
T=$2

[70]
S=$138121988E6319D0
W=-$DB4880017ECAE46AA886B3FD25BDFB3D817F526BF4AF037E116DA215E7A9C0A7F2D5D6739D27FF07D9DAA2336B303E5B61085ACE38C06558D091B97D166299E35BE65F704E61BD5037A7CCDE
A=0
B=$10
T=$2

[71]
S=$D05A5
W=-$28F1680421C8D78B00DDB7CF1CA432281460E728C091B6104F66EF1ED2286A96FD11E47E9D7F73355642182877579AA2B7AC4D9EB7D7FDFB4CD7BF7CE4E2BF2E1636344BFE82F2B87
J=-$8A57AAF2F6CAE58B91E0623BF2C913E3BFD6AC5BE23D24A5ABDF34887E78A847D44C07FEF8DA536746D0DD12637B7407F888025AAA1AE71FD73E0763FF4FEDCE8ADB28D265E1FF1E70C98DAA8C0A71F29B8067A347FE8D8F072A7CD55C79BD794115FE7F491EDD9D57FA999B487A5F081A47A0F662A5EE527D2D16EF08ADE567A9DC294ADE0833686CF2DAD3AC5FF183
T=$1

[72]
S=$B58F59A
W=$80457D960AF27BBC6EC514C9A43EBCD0EE540E0CC4D151B63344B243A3F8C983795E26A7835D6A4E6E8AE2DBE2A9A7FE78DBAEB05DADD39636DBF2257B8969BFEDDE4D355AE066
J=-$19C884953EBB6B9CDA10D1722A4B5801029C7CA246C8DE793DAD4457056BB7085866D760F0AD57F21D7E69EFFC65BDCF6F81E98BD34B495ED71274594D1FABF31915163C86DD5AF930438E95BF3F357D1553A60843CDC69A85B2DCDC40C87FF3714267395F107E559E9F0A5B0A9AB5E1275AE6D224677552369ECA29CE58E259CB59C1CDCAED61155FEF72D5B470
T=0

[73]
S=$698486
W=-$1B08E6DDEA9D3A52636CA763D569254F7B96507E521240F98CA6135C5FED15E1CA69B527DC67ED7921CB2F19F2F11817374AE6A87AFF9F7E45400C9AFC2A5D0576DAC252D76
J=$12270F9908BC3799EFDCAB6CA6684E25EDC41638F20B860701FBFBEB61973CD2A2021E6E9CEC83F81D2CA6A77F6BBCF2651166FCFC9C79B1A37BA4C4AD9B8F567B8BC6D732113158D3FC4669FDF176CF2608C731B02D0E49F9D6AB254F50E79AB6CEF4A6F1F09F9096ACCD57F584FAFAB323DDDBE225A388689B0A5E62EBC4DC5AEC28919BABA1E1A5ED9
T=$1

[74]
S=$42E81
W=-$90A300F3B45D532CE0013CCCAC1E845BF658804D3A5D1044636B3ED73C5D826B8D08A12802463E249F0C116A3CB64D63B8ABA97968D181CA8668196A992E3723E00CC47
J=$1DC574AE38AD42AAF0B991AC838FCF1020667E7D7E069885B12E6C4A96920A72B89F445989F1BC3CD1C6D7D84BFD412C78D203BCBA4EF825DC91079BA35CFF5AB59F42E553ED8C2D8BCA4C71997865AB1502E62E0CC5288E7675A8E7617741A79504E72850D3A090F95C0DD5235B7D5E0FF92B9D225A2D517B08FFFF766313F91CE4D7E77CCB5A4
T=0

[75]
S=$3D0DC
W=-$A6F3635E9E4C0D0F81F947E590C54524FC35E43778AD0E8B8C9022520E289A582D5A99DC4F56EC003A5730513E3452FA411E6A84D42937B1DDC9F28598B105A5EFCF8
J=-$955D84140A44BB30187BC3D8CCF00A14BAA34E7CA899CBFAEAAF6D70F633CC8C11AA14CC9117331D259E442DBF648F75622CA89F50084982F375AAE7B7B77BC6A0C3284E6E208A4B0DD17229AAD55E20C139BC13061EB9976EC34649A7D261DE885AB0099FBF1B09C8669B965998CF316390BDA98BF896ABD6A31AA5B5E5873E349414AC09
T=$1

[76]
S=$4E358AE35
W=$113EEC1F8F4306E4CFE65B44DB1C348E8DBC9DC33FEFC69E1563120427724C9AF4CE31720709AD1281499F1EF0B761FED29716D7D74F3AED225CC8ABF7C74F88E5F3
J=-$3317706A3743FA9117B2E031C7C5952482316A798FE0A0668A9C14BB581CBCD759FEB9EDB8560039F5C8987F80273B4380292223F1DDB2BCCA76E08972ACC68A3F54F7AFEDD25C034B2CD6D9BB7649463489B8B332DDBD74285EEB70E2FCE40F893CB3433F826A30E79CFC2B5F37E0D22B2A817E4B8A0121D81754BB7A50ED0A60CC65
T=$1

[77]
S=$91B90
W=-$BD862B8861DD5ED8050B0CB3EC761E8779C90A8D8DC2875A4B561C77166D7EEFA5C31DE4AD5043130025A62420AB6221BDACF0A4F0D0357898161C0018C0E16
A=-$108
B=$69E
T=$2

[78]
S=$6DF480794
W=-$3D74789A94A88F759D24E2882F8030F6506FDB60D561CE2E6F768AFC5C16023AD61AA9682710AC6AF6D0BA93C001061D6FE5A722A3478A2FB281DCA71C8C2
J=-$6208E1E8F8D9287AB3C4F9B92C51EE7F9EDE67F01DB0D6314BAD775DC9A34CCDA9D5ECB8ED625D584601CD00164347CAE8013CE501EFBD55E125820F013B9EE31DC236C29660BB0251643B33F60FC07D4D5FDE21BDF5BC31064B04163E9993DEDC1DBC1B014EE9D7C909B9ED4ACBEED14FC7998D4831EA8894A39CF7
T=0

[79]
S=$3A6A
Q=$2

[80]
S=$93EC1
W=-$2FBCE667E1BAAA0626434F782E7F8CB3E390E0EA2E1AC6B6C56EA513C928D07A052C34EC989E9DDA576023FBF4D78E7B54535B9C8FAAF0E8D56E745
J=$B51A9C41E3C1FCFD098E7BB65F862BCE417846EE13ABD3892533C206718BFE8E5142F5A74DB31163B6DB9AC4F4470775AC81033CA70CDA3C60991D2B3C70C906D117320E57CE92B3AB81D1B6490BC042F951EAC6A57981A0BA1724330C275762B8F46702BB3DC9FAC5583A9AC14CC76AF3329213F268
T=0

[81]
S=$14A52250
W=$E2A0A14B2C9541FBF76E6B073E6AD5CE3D8BA2E3E90CDF198775C6F54EBDBED70BF658960545883749BD3025E42EB6FA2E119177D640A6ED476A
J=$1A587E769FCA23D7A5414CEE85EC4D15830508E7C9699900E69E2A289D487DC7E2890268EE4103BD167F3D4AD50AB99D12BAD5DAD29E21419105514C2B423F7D57D5994336D683EB2F19824928C3CD2DA47548DED65F823ED0C369C1BFAD7E87264D46EF2EAF12FC613E972D54E8FCEF7F7B68D7
T=$1

[82]
S=$42D48
W=-$370D66DD8A3F7F73F9C02BC5D4BEC493219C8E88DCFD9E8437FED44C04BA5C181FDC9E98B1A5FF590A3F98D06C54BABBF7320846D0B1D6822
J=$FF94D9521AFA105032A830A71DD3556D3C1BEB5EF31D5102C89AD4A874172120D57D21C9EE2362F719D3FF8B1D148D636825967093D3E306415A45E46CD5DC1B0ED5430A95774A745D3288697B8AAB818C9DE1CD3FECD3CFA35F6FA9F234271323B6BAFCFA344651375A5EEC44893A4E
T=$3

[83]
S=$15803937F12
W=$13481EE82B07033610E11F90C2D437BF56884A80BE883B6D5C8A3F9463F8B664772A951CC1D7194C887CE3F17D020AD5EF9086121FD57F6
A=-$1E
B=$38
T=$2

[84]
S=$37A3AC4
W=-$18114250F8B8EFBD4CDEBD141291BC2BDA581FCE58002FDB0BB59776588C5DA97B8CC42CE548CD8ACABE72596649A868D425224BB8
J=-$1F4ECF69086DF44616F863866C7C049535072E8FA55CF1F26E3E30B8A2CAD34E173A19B96BA09DD57A9E2481B23D8F4511276B9BEE0FDE719C7E61F4E73D593599DF825EE53CB722510D08DC48ABAB2B76868C17E5A0DDC7F07427633DB3D1AA8EF22235E1436A7237
T=0

[85]
S=$1C7F59A
W=-$7763FD83922DB52FE534B70AC8C1D32F233CAF2F423DCA13DA3FFA2C08B870D2DE033DF3156E0AB849E4EFF75667215F2B7DF6
J=-$3F2EE3A21AC8CAC98D1E02AB969E629D1FEDEF717B0068E158CAEB98D0236BB3470BDF698C58617B67AAD967F1AF3A8D5292481E197C1ED7D57E65840D9E49BAA10AA0C27707D72546D599558DC4A5E2364237BEF51FBE384A220E42A03161BE66B5348D30E
T=0

[86]
S=$15E
B=$2

[87]
S=$48B52682F
W=$89A0B44DD11368CD2BE79BCBF926290AF6EF9D1D31C8AFA5CE36E78F7CCA647CE5C46C4AD6AFD8112A659A3BD6EDE5C521
J=-$7CB53C6A6662AA8515AB875E2D4A64B5EAF7E22859F4058A6EC1CC5A354D80742F677A14F7D2F0B64DE13BE0023AAF5A8A949889DEC8F58BF49247E547880F72AFEE3B98EF1B0729CF79B393836E6CFD3C0B4D2DA3D282965760694D51962218C12
T=$3

[88]
S=$203E2A6E0B
W=-$3DB18DF5BBF5930428A489AC01F5E6D1046C109C9CAB4C530EE4CFD2EA4BDA84CE663A04392828EFB846082F6E625
J=-$1DE162B04A75B12AAE7724A464295AD7FDD61E10B195154814746449F356E356399F8A193ED9AF3DD448C5C7B163568F4A00005F2884277D2F876B2801C0D3AD7B16FB375435E468433285266A8813D36179C0EE786659C9D52D187484D
T=$2

[89]
S=$4E198
W=$5C7EE15DB7FE5A83EE7046F309693D16E8732FAFE1140E4A7B1D67DFDACEDC6284548BD8F7A2E72D270C59E84
J=$DD5C826CE0F9C5B4F2744B2EBD711D23BF9A1E5E301DA3CF617A04184DD15516423AF2A22EADE3021C94A8A296AA779386B4DB90306FF484EB5000E435D7B64D690324CBFFC9977249680542F87D4912F406631F7948CE4DE
T=$1

[90]
S=$46
B=$2

[91]
S=$FCC67C
W=-$1BD04CB1A0EAA011F7CF405025A68EBB96B50A9AC5CABAE78B7302AC821CEA0E424D0A5CEC0A0442AA6FB2
J=$A738474F81E37C65635669D0A3ECD1C182261AA293321A548A8E71A7B4AC64153A0358B84EA4846EE0AE757B70EA4952B3F1BFD6977E64500E64E2F2427F88CC63BFCF9AB8B5C788E55B7650543E220197BFE2A0540
T=$3

[92]
S=$5897C1
W=-$5DA788C9C4E47E8ACC14EE67151DE8E6080F7A8C67669916D93FE9918C7F07855B9720965DEF6993F61
J=$776B296F0ED8854E016E6A3D71EFA812A69F18D1A0E4DCDDF0762C164ABC1042179DF60848D2D81B2A5E1992353B4744FB0CB84C0107F87FF06FF4ADD180E40C31F82DB6C935F88A4AE694B5860BBCFC3AFE1
T=0

[93]
S=$5A9B468
W=-$B1D5A9C36205B41273FA1B8FA856841B97BABE92E47C6DB2ABA48B25F1512CE1E3FE42073429EE2
J=$1B6F0B2E547EE4D0AB3E4F5862C6C0583BDC8D559E538A56A9ADB11579B05653F7531796150B3129655E0C8CEAC3262F5F07D2B60435E5DBBE791D382B3F021AB18EE714AA7951DAC94F2C4E0FC9544C
T=0

[94]
S=$9EEABB
W=-$5909109D7496CE51C9D7825B7AEA76BC862F068AEC232908C32BB03C5B1EDFDEA42954C35BE2F
J=$63C5D76784F414D777DF2B61DD5F6CC34A4BF871E803CBA5EDC19E660D92CF0DB3D24E70515E9CD7EDFEA88DA1A501D78E3C36B28EC915EE684E4D904DF0F6D8F448CA726B7AFD9115ED14A09
T=$4

[95]
S=$127D6DC
W=$8E03346865299B7A1D8E7B03F5F3F0E547292AADDC507A7F576570454584C63765CCEFC4A2
J=$798FF23DF1D505713D7ED1474DF73E3E10C11B61F81FC1AF83E8454D45F311573D3D3B4B3AB6B5CE57C5FA08CDA6BE322C79F4F6B8828EDEA32FB0270C76910F9FAF82F466EB2FBD0AA
T=0

[96]
S=$4AED327
W=$17187EBA7ECF7E325A8354AE8E3F2E6EB39221BC56F9412C66B353F1E2C39485FCABE9F
J=-$206BB31B0FE811EF782D95E5421507514B9DECB379D92887CBF74F98CCC35E688F4833F8F21464A58714AE1DE5A42444AA30613C081DE45AB804F7289BE3218DAD822FE08F431
T=0

[97]
S=$4781C8A3F7
W=$2AD343E51EF0B2D6D4E477DD69380F1338439B610B9C879ECE9EEE635FEE4EA27753
J=$1AF05E73F0789FFFD835E4CA4CCD8EDB7D6F8BB04CC9DFA3928691B41ED35BFDF42DED95243DDBB55F404A7DB961C3A230F48615217A08E0A79E0820CB95ED6A4E601BD
T=$1

[98]
S=$1E065C
W=-$4B7B83F7A23C6BC49DFDF070C16121D9C2546439BDE62A0ABD29406ADF0BCA2
J=$3912D3ECCB96CA3DE915F0C0BE08F72A72A2BFD9A98BF336B72AFAC8ABAD096930A614BA9CDF114A9CD0E42DCCBA550B159144CF3240344375FAE12811AA8
T=0

[99]
S=$B5C70
W=$129005558766DE5B8439F28B64F97C9FD365DC805F8BB68B0A96AB583C980
J=-$34109B3370A39150A136F68875C375A71BF821D76D0F560FFF242F8AF8D99B2508C5D67BE39C176889425DC6340C4707CB067DF5BB35283408EACEB1
T=0

[100]
S=$33C2B6DA9F
W=-$1D9D7DFF4EB8861700A50A9FD51E2A2926B68BBEAF422D6EF1516F21BF
A=0
B=$D
T=$2

[101]
S=$18A48C63
W=$E13E14ED5BE051001D7B43F8DCE9BCCB2737D8A27BB30D0BCF9FF
A=-$7328
B=$1DBA42
T=0

[102]
S=$6A60C
W=-$38D5A7DC26F098EC913E91669A8152BF71FA3A268A27DF594
A=0
B=$6
T=$4

[103]
S=$4EA5F28A7F3
W=-$9297D409A4EDB2475B0BF19F33F6A069C30CB5FF9DEE181
J=$62803BBA65F17DD93D67658B5A5F146B73981911235B55634F542ADB56D85567CB02DBB29C9850CA4B33271EC4D7
T=$1

[104]
S=$37514B9
W=$1E52BF62BEA46F3605B055963D8AFD04594579AAFD
A=-$108
B=$69E
T=0

[105]
S=$8088C
W=-$327CC3E650B3C3E2622831891659F6547FF0FBC
A=0
B=$8
T=$1

[106]
S=$77B2
B=$2

[107]
S=$5B09755
W=$22E24A16ED9BA6D775B60B921209856758D
J=$5B1387D6E7F10C8DB8E5B015B3062C7C2D7FA8A185EFD48F92C7026ED9B7C8F23A9F
T=0

[108]
S=$C9330
W=$DC1BC9A77E2F7780D140E6BF8F69B76
A=-$108
B=$69E
T=$6

[109]
S=$14
Q=$7

[110]
S=$16C25AF79E493C
W=-$5E913842A8D217D420623F5279D8
A=0
B=-$DE31B65E17F75859E971B00EE9DA12475A532961D4AACC4F8DC6769
T=$6

[111]
S=$57631F5
W=$2D2F3325C74E9D64C70EE3
A=0
B=$19
T=$2

[112]
S=$B365D65
W=$632D715C6EF0DA5483
A=0
B=$D
T=$1

[113]
S=$C
B=$2

[114]
S=$24
B=$2

[115]
S=$786C240A4BE6
W=-$221598496D840E
A=-$1E
B=$38
T=0

[Signature]
1=$479061C9BCFF63D2ECB94F368F97099A8B5F2772A6818160
2=$539744C9E93D011C64BB072C8485E4918A73DC3D95AC07CB

