[PRIMO - Primality Certificate]
Version=4.3.3 - LX64
WebSite=https://www.ellipsa.eu/
Format=4
ID=B497703821324
Created=Mar-28-2026 04:27:14 PM
TestCount=116
Status=Candidate certified prime

[Comments]
Put here any comment...

[Running Times (Wall-Clock)]
1stPhase=45.61s
2ndPhase=9.15s
Total=54.76s

[Running Times (Processes)]
1stPhase=303s
2ndPhase=59.49s
Total=363s

[Candidate]
File=/home/lappie/Primo_Batch_Farm/Titan_Group3_Prime3.in
Expression=(4797791281524132682079)^47-(4797791281524132682079-1)^47
N=$616BE0CA7D163D1C04D148432594936E50D603B24195EA078DD60C735C0E3808A48D577856B4AA525C5E964390D24E29A1ECF9B2147A9B1064E54C77E579E4AF50CF142D63B4342C71D7E40577FB6985BF975662616A5F75128CE9C900C76B1675BAE3707EE552D50278FD69783ABFABC6B8035DC8C9693DA17697692B2AC98E425FA3D9BD74491E022C70BC5717F239DF780B55A35AF0A05C897BACD571583D0D3832084D857215FB49051B729D2AC7F5F2EB02B16014FA52082BF28F13FCE9D68107C7C40D574B679C7F9E5B59D8A20B1764315CCF24094DC6A65D076DF1D841305C1276DA13996EF53B8ACBD2990183ECB80772DB41A4FCC2410E50A4D14C9933526628E76DE4BEF7DC167DC579961A96395395A03B3F58D07E1A07185B6D2D367260322E408523A8045C577579F4EC6FFEEB29E103BBD9CD4DF0CBE264AE9C223A83A3127AED41308464FFDE41E44AECB62AB843254D9B0F038AC62927AA9AC2F300501CE99531AC47898948D95620BDE1EC4E73F2098208DC5999D95E460654C2096B5BF556A0361AA41613BA4CD15702AC24551CC8F5C887F75B649F
HexadecimalSize=830
DecimalSize=1000
BinarySize=3319

[1]
S=$B6
W=$846BFB0577ED5894FDBFF62032B70184071DF4B0CC22762D0D133A41656158B8BE0C9FF58011B7A630948B4BF5D1E7329969CF4E36390F6B701F75718A3148BCF3863EDEDCE8E520DA18D5D261C677CF5FB662AD0341B4EAFAC8F84EE23EA5223F10A5B6A8AA9DC926B89DD1603699A9EA25586BF89DCC84FF05A406967017A14D5259B257EAD8D1D40013C5FE8D79D2DC8E6451C4404915370E3EA877E6286311AC2B8052A85BDFA84D65592B7EAAE63E95C1D73B88B715147CDD2508371389CE685FF7CC9F372829BC0257848BA66
J=$441013A90B138DFA8BBB0D749ADC9785FDCB8AE69F2AE5F1C6EF01A24E4BE048EDD08E37A11E665B4A22025C81758437276D21194231B1DF4D9B71383B1F61011BF4BAD71B88FDFD8255E5A403861E287D13CB462314C4A85D58DBB6430A2B9019C2C106952C387375B489F8EE23402363E78EFAD61D451A11A538C7925F98D80A92A743130A02F16D86D21CB5E74713F9BE78C43B46DF57F6D9D5FCC8C15340B569DD6AC1822B5668560AA25744C9381C279A76E3BBA1ABBD5894FC7B0D08D906A0A6C88DDC3CB0CFE3324DA08D93E2AF633BF3C5F288BFF9ADFE2BDDDB22643AFB078308952808A78DFF5F18D4FB80AC36B59B6F739A277AC78EEA57049D2D96A3CCB992EDECE157617E8AEF3D299E9A568850D157E3CA29A7CEEF72D340D83CE3BD3BE568B8462BE920FB0B5CD9B6BD8C39ED303CA2A5F782B75968B08A1C4E870FD5C251093D8A06744606775A69AB988BD224D905610551B683E8E20C449A95499D23A859F83B5F81D0D05C245CB4EB4BF1A05E8CB77484707801E9D7C8909649B54078D19E5B0D28548367E64E4B27BF84D32EA4A3A31178A5DA812
T=$1

[2]
S=$E661A9
W=-$1768E76EE3492F6BC29A4F7778943B4BD254ED33149F4DBC27E7FC1A7B68879D856B57DFE0D4BFAEE1C8653929BA375EB615927DCED6ECFB3B6A88DBC00B3F69A67EF9043982084175BC8651E773C734FC0092913837FC6F283DD9ACEA613BDAE742D75C21CEF8942F9E384F5D7F411E75918C9B8D0E6281D981B843CA9725B04E7A3D708C675C2DD65B336B3BE99CE8C7B4FB9C952BFABF98CBFB4E057CB7A9CD25D5C7CE99F2D0D37B1AD96759175AE94C33E8EBFCA2A70D1633A1E63ED01EC10E401E576983F89061FAB3A0FC8E1
J=-$35DE3EDA74369EDCE5C7A87F90249EDA46D17873AC55B79B99F31A55D90216BFAA96B857B7B9D3B60749DE86B8016D38C790581AE8882DC3354728EB9A091F655C11A9C5F11E933CBC723F8EAB4BC30CC44CB55EE7E0326DC6DA786D07DA20D55EA12217FFCFCE642F5686B8A300EA204541C04EE42A6EA0CEB325F87876565E9A91AB3C504AE6DB720A02D1A4BA0FF0619AC8707BCF33372886A0C37F1643155486B0728565A99B42BD75CCF468182C81994D1A3C667B2DE88DD457690F98FE41FA2D358489034F340D1708F5036D881DF6377E98517614AE91BEC6CE695B31DD7CA80FAA7EDDDFAF1AB8F344296D180EBCB86D5F585EAD6EC5E38B35BCC4BD79BA630DE6257235578599403B1EFB8EB1355FB47E7BA47F2D97191398A504141A85FC1D2FB47B077C2770D922997D5914C9FBAEDBA4F7632AF7635B76F213EB036D26A22E94ADD99B5999AE02A41AE6D6A75F1B0994C96B5C370CE25D69BBCB30AD526988A1354F0A419D1E5C3B98B47ABA59DB2FE68133988D9B93A23908FE400D74A9EF6AB822480F791A8F6F910387D8B6AF817B30CF9D7F82C34F5
T=0

[3]
S=$C5126C4
W=-$51D1BF4D2E754AD6CA2FD3451AC62AE39C2F198A8C8B8FC27AF71E76557010A675484FCB3715594D33C095B7F81D9525D5294833AC9274744BDAF78FDD19143D95D310977192285E76B4D0E32F2E1797FA028F3A0236A4FE85BDD711FF26FE575014CD22BD5DD42DA3D9AAF671BB8CF5C37E417D404BE5664ED364E6BE2BF1EF4E433D97E0536F495EAFA65D1CC54EC7A86E32FA72A094B5913F4757B3C0B2F4139AB5C578AC0A543FC964769F4B6A3F19A280163E8FCABDFD79A8B3AE83B2571FA02C415AC29227EBDF638EF92
J=-$3C04C75EBC84966323935AF24B518C369D10F2D1261EC88EDDB0CF1892FA19F5B4B0A4685E08602FB2795C08C225F6328AD98CB2EED080435ADC7B0AFEC3D05FCE94064BE9A2F8AD376FDD0D2CD4B99D8CE9EB2B44A6A360BCC41D2620BEA7B30EB1DB2115D80B7471E6D34A00E70D66441228C7D42CE714ED941C1D42AAE7DEDA5E6E4BA8E3264971DBB1DD979784329CEA448A980C86406D85EFC9D20FF27DF2C9D10CFD73E83335ED80EC767EC66665BFEAF367035A15684437ADEC98CF54A91557D18271073CF868AC6DF7DCB58E71816D47D4EF9DB3F56CB42D1D8BDBD6292E7B395BE21B5AC469A202B9DEA9F072317A045866B5DEB90DD3D47B3A50DBE8697B0A53C7FDBA28469C67D03D8B52FE63230DDC8EA00E863746CC17A6E4FBAC272F6FE616EAD398612F93CFBDEF65F4FE86BFB47FCE442EF9E80B78BFDB47034A3D80904ED864D695173C1B51B69AB8CA735EADB32B2C442D2CDE39225A5824732A82B86DE51702953C0AF5001604577E20DD9A064CC741EB7ABB48ED89E5FC4FDE5EA4BECF952D3D16879AB78B8B08A5CB4BA2BCF5C5DE4C3D
T=0

[4]
S=$839337B4780
W=$3E168A8EAB761FE67FA831DEB9CD57555314FE9F82BD9398B848970BF6F5D6AF45A5812BD699379DEE6B8E1AA3B0433C0012A5D86ACE9670531311CAB085C9F65138BEDB3A9B69E55C8CA5BBB9EBC7C54880308F097CC80BBF7CFBBE436B51E5F2D8C0A2EA854DE9C684F0062CB747F9A977AF2F77CDFB6F08FD155C8096830995ABB881D61C97DC01A146A3C6C5C6E103FAF320E88830DB36DF31D6BD04A4DE0EDAF8DFB133CFD6EE8DA395BAF71AF757EC996B030BAC04F9CD15A88D4DAB5E805323262B54302DA30E37E
J=$431749561772A736377D63F0083C92F2A24197C7EC9902009267C43B23F764E3D5EE4E7E380D7379DCDD58A420C1754C7A9D673AF3E76133CBB152BF63059ABE53AC22202ADDDFE5991BB43892992AC7D8F8696FC5E36CEE8889B818362BF23AECCAE65E0B207E9170FD4B6187221E09F3C6A1609786EFFAEAA7E605B193AF4F47F144A7E51F5FEDE8786E1CF9BC2E5401D8F73B5798297429F0F3D472AFCC0508FC743FEB6512FDC07A8A8AFE0BF8DF24F81B1EC53854322AFC3310D0DFBB99958443D893DD13D1A05877A10F6EE1CC59B217541F20DAE75C968A90C414152AACF6F977FBC9F106BD18336548049BA6DDA437C6E9E081B38CBDF44C76D2447FCF52CF7F52626C58AC27877A7C7711C4C12DD4B31D3A8B71BFFA9A20DA639D6182DD6C45A3ABEF23F4AEA62174654897BF354E5855F9264F5A16653630D02CF85705E0FD84DB63620B1706638B24844F686E8EAF65998FE358EC2AD5822D8372C8E73C9660D8353C32AB23BC00164B3D6401181064DDFD54C8DACFDEA8F541257275536AEF10F4FF1186EDCE537E134B0507CCF9168B000
T=$2

[5]
S=$FD4AA6
W=-$D416CF39CF703D756D843A18F4EDA10C6DF599800F9CB2B47090E367C2823AB755ACAC98D87623B3A0C76DFAC63D5038E37CC4206AC7E1C9A1B6BDCAECAADD84822DD1FD69C76EC83178A674DA4DD8B2282C7769C06D1035CDCDCD5DE1923EFF74BB2DB5DEDE7E2E6AA61DA50DB23F874406A6EA3DF452736550201F5D9F41A6CDD4862DA9896D762206A45CF02C4F7561DFDAA22418E20F942C41D0F5692FD01A035E778473E2D28E22AC3ACD401BA57C04F7628E835102F96C05181614DFE92E2EBF551AE1317AD6
J=$B1C4EDC0342FFF7BD1D1AB919AC26B0BAC64037F81785917CDE979B4176BA58D61D50414B3CAC7D2904EA4A32958C923F3B6C126D60B7AD93B17FD199787A290883ACBFA14E8FC96857591B439DAD22F16A6CF8A730FBCED49AD8E4D55A580D3CED64C113C88639BC426B79583F2BB97526C5261F7994284ACDAF986593B953B73095F14DCFB50838C3928C7D74D6248E9B86FC60F7A55038828DBF179C3438445C64A01EEF44EC1861171996E5B8663DA300ED91052164BD10A8E3D0E133EC5D8ACFD21C192096A950E9BC63EC0660031054A9DE7C694FFB15B1BFDEFF3A8A2E9EFD2F6E41A28C036CA892A2A061CC16EBE2BAE26CF79EE8DCBA1125CEB80C0B804344C7BCE888CA113954A9FAAF395A60EB37F79F28E6AC727805AD71177CD30CEAA43A26205A014351E30E4290510FA3971C3F2A9E674A2078EDA4C69BCE0359BD91444A354A73C0FB12DE91D7320C0A7889C169F9A5A1ACAD96F3D6FF31649F2118CC0F83CABD463925E8FA92CB7728DC46FAED15CFEB40A4038211DC1E0868A9A0E062C73CD90A71A890BA81483AA48
T=$2

[6]
S=$25A
Q=$A

[7]
S=$1063CF5D6C
W=$DF9B904BDE440E8AD844E2D5BF38FA14BE676B9AFF02726A00B28E5201610710A7B2FF0EB0B867C7544773C39995F4368596047A0C81259ED9AFC976ABAA446A1DA6B9E43F8B6A52F3CBCA5B34D60B87ACCEDE5DD57E077FDA33C6DEB3860DBDC884812628F4DAA2B3B87C3D52C8CD5E535DF7CF3EF6630B4E12A32E890C32959BEAA0CB28A1ECF7CD42244FB9516991DB38A34DB5AD0813A037B88BC62294188DA602608BD9450C30B6D048BD5F0922566BC190CCFE2F75E669CCFC681887E815AC34FFE937AE
J=-$3B40CC7C5B539E29DA5AEB1B575A8B64BD78E09EDBC3121DEEDFB5C982658A2F057CB052826AC7372A7E0021C81FBAD0EE4B5430EC739ED60EFF920923C4473006656D37E5CFC9E617EF64E6BBAA894DAE2AE3D9BFD3209C2A6EEE1A93C30FE40C914090D67EC01A410412FD27D74CD74E7CA20577546504B09FE255B131581B6E7E63077C005A4BC79B0BC6AAD4E8C6E67047E2FF41294425C5D42378A93170B097DDF2072987FA10BE6CFC4C8635F14A2B3BAEB9085C5AABC8404A30049DC6C0B738841B8F273C2D140219C21A08A00A7E7859EE99491173E0F4094DA0D073266DA045868CBE09721CAB174FF45B7CEBB8FA1A2B7ADAD365927D600CFED2E4BBAA9E7208E96F6A8B8AC7E79F455C4D2C5C744853327C224B8C947B4010CC61FC5E047CD5EA3987B2E072500A9809C0A22312805C5589B295F6964EA700EA05B1E1FBD35688A420F051D3E6DBD238015C4F8342B7F0C7F5FDAE2A156ECF0D26B4FE72C154DB2CFF7482B82810254E651ED1EE330C78991E4E857D52F7231601C8AF38AA81FA613072456C9E5E84
T=0

[8]
S=$185F4
W=-$65A39E45EA786FAE78FC4AA12BE3D5985CD25FF0D24D6798A68008DBB142D86972E13ACFF07E2CB61BFBF36E1109C7B5A5B3FAAEB506B3B4AFEBA990750931AAE64AE061C838273296C909CC2DDD8197D9B74425A2B0EB86706D174CDD979BD50B02CA2E734CB0D7FB2DB6E6B79495D96A5BCA46FB396C68DF629389FE18B240E3A7E7005224995A7E3D220689C118E821334AA30A1F5A6EFA148BC7B351F9B63B8ECC60DC662BAD7530E64BD91BE7606C87841CB6BC709DD29043AC08159C495FE8F047A8
J=-$51B5DF7F6D867F217CE1A69ACDD3ECBE3406BB19A4070203B22962E1C6283BC51F181BF868F7651CB5B1CB5ABA9398E00F21DE968B7AE0A760D3D50B286A1BB05861D35F38E902C8E32672F99015F185A47700083E0C4587A2835148D724E3848F2871B0320F9F17AC67A754C1A7107CB580CE368AC41E9C24EA7889F202E2F1E82942594DC845CABF1754AE431611DC0F9521F40117D4C284255038540247AE106B4F8DDCB3C3B8979A04DDF1EFD3331B6D7E4BE7E49379F0639E17DCC86EA6309FBB6E0AF006191E77B02F2EBF6F06F253AF63681226C1973658EA67A023B780273082E9489F2AE5EF1701C59DE878C6D04D2B522ACD07E7E1DC31549113407018B1E8874E03549E233840C2FC33CB21D7CFA2B284923999804EABC15DB48DDC916803ABF42A50F68A6D7B9B83596584528C712F3907BC4411A41E8D88CDB5B30F7FDA4442D31FAFDF0DA8B54F3B04F02100E852280A2C56B7CDCAE3ABA85EBC794C4C5A1446D974DC377A06828ACFB538F05300ABA9E4883D9C888E650B989742919FFA05F50BE5
T=0

[9]
S=$55DDC018
W=-$4E5BBBE7F75574804A05AA51A7AE6CB3539893E24CB97FE2F1D56D8DECD06842FA23BD3D17C0F776B87DC0DD98C0B2AC4EBEAB5BC47FC106EFFA99AD4E9EC096F87F8FC5D8B40316BB89463F10EEC196BD81B8061938518EE5F7B160486E43B0CAED645F396825EFA1CABFE273197EF5E598D9C30E36DE1C7B15B2285B6E6F22BE25F3248C851E014BC107B906945E2C5327F2F205C5FBB392E2584E4E97A1A09AFCE52763834B7E94C383EA7824F092DD49F1A8FEA00D9F0C111A06BF99A64AA9119B2A
J=$1C9331F82914C77498AD4C42857017B22A531376FD2F0133F94250C84FF664EC3DEE0B427A44C0D893C41BEC5D9642724494895B0764909A54FE6A075BF0D29D85386EBCBDFE1F8B6D24DCCC275C21D3AC0053BA547969EF2559C9C7FF048F8D9D0F63497C38257528EA52072224D4D728D9080378FED6541DD440398FC9806B112A51A9E27F27C9F988AE8B41B19AD1BF9959F61EFD083DB480482A50ABD154FEE08D4E45F5FCD5647A29F185DC5A39BC68FC4A3398E4BC1BC85B3B9B4B2AB93FA16E7DE7BDB3B2D09BBF74F5241BCBF9E8464CDDEE0E7B56B22F84962211889AE797A5D2AFB695997F9E271BEA41C88E527A2593C86EBB6171D763DF9D82812D15CD9A80008AE27F9C4F1EDB83C417EAC0973D7764E79FF86235F32BF48C28CD156501E83A058AC5DEA6978D5750FCA5FF9E9A0249A27A74AF30855FC6DA3387614B61AE41E7A6731D7F7F8ABE70BD3C5618697B9629B4F54522F815473DC28927381DEE19F0C6BBF69EADD690222AF218E62A4DF8DFD5BE3AD69260BEE453B1ED4466A76019A
T=0

[10]
S=$A89A4C9C0CA
W=-$1D77AC82ADA279B08F7EE9CEB46B1019B94520EE585B03E2341E4565C80093D68D914E43BE07A7B8E2D39E53B0878C8F24F4801DCEFFC8148C204502446B07F710BA8564AA57DAFF833B3C7372DD0963D8A02DBFFAF274383169ABE60B9D92BBF18FF7F7F18927E3A3D15AC43C3B0D2189680A65F9D0C00E3CD691C322942204B37B3C7108D4070F538CECCB1A5E095A83E1E0062ACAC53D415213B4840264AF099DD0A2E45D2D905638A9375314FD136127932AE29C44C6F32F0BF119179AF0EF7A
J=$169ADDF854E9596FE685E92F0E1FB57D889373B315AD6E26F24F3DE004A07B42E6829FD27AA08287AAF6CF3CF45D75F02D5C2EC26B00251EB206FF27A7DAF302D933AEA595A040E09BBD4422EC76686A8FC9ECC1C69450EA65F102848761430BD1852AF185C11174B8D312F80C5044B61672B48E35B2D76E6CAB611D86900C1366BB6044470935E33A43D91F890106CCBFB0CDCE8147FD78DFDB55D2A4A80D7397173D874B3101E5F1B2B5F9D3029C5E9515B2D83A58A9990C86D8879A9FEC16573728E96CB99FB54B23C1EF18A696534E4E4067D361541642BCE05D730AE8C4225967B72440F9E384C745D90C78C673352FBEE42B7EC6D64F3B7CAEE9D7E40B482FA311D5DAED4FF95E7AE1BC98C9BBCB320028F09D1E4EE13BFB52185FFE1A5E3E115C8C27F71F91B79D509DD4858069E84E9B9CA8CA2FB65574DA04E90CCE8E3B4B99CFFB7B047428FC18199BB197802A8458E22585C9187CECD0D282CE658CEF8CE9ED8B232B4F269F6D1FB962533011D0A2727D9D8F30DA5CD0D2E6CBB36E8332C
T=$3

[11]
S=$AAE4
W=$233D341BD4DB94903FB9F4552452EC8CAF4E43F69E70FC6A8EEFB3E8ECE447D7409FEB604CFE23719B41C160DC3736B8B5A760E80F3BCB5339BD33914F2812D0A297ECDE1BE062DE811AA693467765CEC2DC4BC1DE1F2ED0A641988FAFE28A1564D883AD739EE9B507164AC93B79FE8AF8BE8157E4647A243377041A6E266130FDE9EB664E6C9B130FB26E23674FBDD992F87C56ED9F4AB3E581CEB12CC8FCBC46EDC2A7CABF1276F19B10F3F0B468647815A77D3C2F80B0155E6444DA25472
J=$A50A528FE7DEFE3E57F32E3ADBBB4A2E28A3CAECF9C572BD1CEB643A62117B4E197D33ADACFCE4A59DA2153765781E3674876B1A0943499A307D68B5D40973E490579EF2943DFF80F41DF7B99546BFF280190F371DDDF687069BB5DF5731728371D104DFC400FE464415CA544944AF84BB668CAAF34C7B51160D6BCFA0AF3DD0B6FE3800FD9B4494A1C885718C22188390EF154444450B3320144131FD1519F9B84F9CA5A9068736AE3AAD2FA2FC7BE5459CA4D3CAF6B963211E84295F43A711D41A86C21E2B1682F2D0017D370BBF1362A42DDD1530DB50568FF35C24FECEE1BAB560E9E8E3033007AEE6C5C42668E8FB4D1E07E3FAE65C48405C96410DBA1177A59490ECA359A3D3775922A3505356B7A584D3FDE43AF56EC9888EB0BA5054E38C73ACCCB0E4C1F7E1606DA458A019F7F6A30DC4964533628CD6718C1133E7678D26A75833602CE9063442A512A5C615F688508C332057436F31830053230AEE712C591BBF35C9A7EC3BB7605967974A3B824A2C00F09A7164295109C0
T=$1

[12]
S=$35DF49FB24D6
W=-$25BF1176B5136693E97B8F36BE251AD866AE116E4B4E93E523DF5C74F5A56463A254FE659870532D49124FDC291BF856CC7A538FA7857C0BE7BBA737D650BA1EDBFB8EEF8880D559F5CF00D1903D741EDAA708EE60641942B28EB6E0BCF18EC8021DF874A8AF2EE44035A858350570530E9886DA634F6A854CC51286DD57A7621AF55EB84538B08ED05C2938F2618BF92F36532CB4541DA1F33F0F73DFF6BC69A0D4E6E07BDB85DD9D83527F4DC67D44A414C945F931E3836423B7F7F4DFE
J=-$E9FD47F158CBBCE73B6A7E7939E93E9DD1A654CB78BA347543EA47F82671187C7FDA5D3A8D7A96C59B4DB1DB76E2902B93C5A5AB2B596A70AD342E10EA4E62B6307B1DEF6182E37815BB310293DC1383376C6D8AAA357028C70EE37D019E73F1ED9D2C6FEF5F908450626116D9851E43BAED7EB476627F5247EF67294D0BB1FEEE6C47B415C141C939E818E764EC3AB32E69B20E5C3A7ADBF0D17C121E63142EFAD75B4108135C2400217A8A9B5704BA24561594C4D7C46260D16FA7D6A3E783989F974C8AF8B282CF82259FA48D4D3EE5198FD7A8D612117DE499C2E157D6F01D5022BDAB40B7BF790C85BC356CDB6A45275C032FA1CC528724808A6127CF04DE8C55DF467CB7FE427D515CDCB1567745FC47870D6C6498216A58189E0C56E10A341098651BADAD79EEFC271D002DA625C2F83C3038FF5BED70AB219455EBFC02671C0EE4A33C79DA5A32E2726C44EDAB9C6B46EF5417AAB36970339985C425BD8C3752118A991F0239B792AE39CE79C7A03A30A60E172D300F04A9
T=$1

[13]
S=$2E2F2ACC8
W=-$2EBC741D75ED4512E55FAC2B453C46078FE0FC12947C192619BF0DD1661A19EB44EE42866D325F42BFA0E3D82C929460A8078A075C57C0555D6F6A0CCE94B9296611A450D5F1265CB09796031E6B9168B1779B83312DAB0E68D0CC279AB0BA200330570C51B88DD050D82F44D48443B46F56C8E240700545B5B6A34427C8334B9D36E6476D44924E1D40AFA52713F2C7B373194250AC98D299E8E9B656BFAB8647014490EB989AC81904E8F5BB2BB35E8A332357021236EB4A9A54C
J=$3F65EA07F65A3C8922E834C4B7FE40D87D17E282FDE26CA0FDF291CD719F24D2039722A5F3B72703AA040A17EA51E8C807809ACF7FAC0E9B3B1D66CDA58A26E7BE754193D65417321CF454FC5CBFB1521B4CC64842273781DC5320B514C51E94B858421866A6E2B4495B3D4510463F51449156EF9C7E52B822F8F92793DB9D3134DF630ACA9FF944E13572BF4657BF6784453C23F7AFD57DE44E1A06ED62DA4BFCB94DAC24BF5A6E86F15D8CBB7F88C414D858FFDF905E56CE5B9D3C6A8445E84EABDB98A719BE6A0C3CE24967788E63A8FD6972F179D9078800EEC503CC60383F1D3C723E5A11EB0B9BF1B2515C193925000BF66C15889441876F5B04B913970DADCE1D73C46708042820E103A79EA6010B72251A4F3820434ED9669C0BC33E91DF2E47D2A435F1A7B0CB1B9AA6A7B5ACE5058C5C8FA4F5D240AD10F30D9E1F9459721FBB4A7AD5EB2F971805C9DA28A4990FDB45B6B22BBBB1F79663CDB39EC45F7CF869C945D1779FD9D1DDED9072AA0D8809FD433
T=$3

[14]
S=$25
W=$384413105578FDE69A28CBC29134A875F64180BB03AAD0CA971333028D5BC2D4864489C60580C7B1BBE62DB7288E2E0DD11F4C31C5A203923489316F700A18CEFE04E37E63CB88459E3CCAA63999D5CC0A0BDD2F73FEB02D3AC6E700A4921F324B3571673C7482F27C2A07B0C755ADFEC5530E94F68A710157FCBDFE9CFB7E8547ACBA8552E30F9E6ED1E8A406B2EAED610771817160FC92D209DDA935F669FEE5F10437395AD7CC37894A7156E1FF061279C46C341E26B242F
J=-$3F6BD63813DB548F4FD3F9C2545E692BAFEDF919AA18954B56A6B4936DC272AD6CA07A429A83F3C2214831FB679E4ED3A237B4ED14E834D7F577819585E912E2AE960AE5E0F4A61045E4F79DAECF92C71AD6BA7DC7E9AAB5A98C7E6E2286433B75DD747AB7FA54A2DB689B9273193CCD10E4218AEE12F6A7EF042D34C8E26A9C8D8170C18BD9294545D10D956840CD5391442ACE8A83E340FA22324B4BF57728AB7926F2C7A732B135DD971A855065CD995091D01485D28BFADCA9691CA26A628177D07FCFD3555A66770212B5B3933DC49BED997ABA1804F144B8F73A0826C88E8B086A119A593AF6ECD3D6347BEE713C6D149A36FBA79693722C4AF60C57BABF70417B7F02E1B3639FE82967AD0B118074BA1F39529F3A02617BEDF20142189AE47B3D5BCA2A4371ECC96CDC3E6F04EC331362AC84EB8BA8B0DAB2F9287C7032E89081E43741987122F82A681123C4DF067D40CCC07C4CE7A408566DD610F4D7F86BD70877C9926632D9F1E2E102442FED
T=$2

[15]
S=$ABC7638
W=-$B1A8905EC053A2DF08E1C62DEC463E41993BFC7D0EF6F77CAF00179FCF3032893024E98FB0A61F7400C866A5FA57CE8D7852C450DFE9D7F9BDB67534B23172AD68EACBD60890CCC0AD711250FCF799E2AB031EA3BD1D3D4ED720B9CD8F2943798244659692300E30C7411F00486CF4176593ED91FDCE5698DA55F80A50A9C412D2C2F370A28EE545721CE33DA88A28B79E70550E96ECFD53CC29F5BE8BDC39DF265C9ADC051F140E88B4F30B4F9C05F4FC7468B5A994EBDCC2
J=-$1C0DC7CC456C34373DB9C99660AF6C21201979DA93C71B28C57EE17FAF0C449608A645411126897CEB4398305034E2AA9AEDBAEE5BD5C9628974587F351297F42E0CE7C412E3116D4FCFA0A31C8209546DCFD238CF35F7577CCAFED0B86D3C0F69F8949CE8001C7FD2103E8ACB17180EB9CEB744E40B6E62C4293FB5E851C848F7E5DF7FD8E4D1994F357C45504B64068AD82E8D1253B56C29D813A09FFAC82D9E4245C3FF6D347D324012F208ADEE84761C1AA370C93233C3CE118CDEC58AA40A6A8673D122EA053220C603AA89E157F0D1A8FFB7C5F59CC175C812334AD95696F77FD1CD03A5F5372608F8B9F976C12DD776438B6D5F8DA3DAC731FF1855B9C60AACFDF9D3F3AFD0083D4FD7C3BD40E4CBEFB0BC81A9B55D1F13C208DD14204BBE69F0203B5E17FAB66FBA5E34DBBD9C872CC55E929E3E55437E9EC080674A45DD8C1B0CF4CA1DD55AF2C768044EE5BFFA99AD0D9FEE6344CEBBF9AD71786EC1877621A8E975F028203FDC8EC55BE5ACD
T=$1

[16]
S=$AC1649
W=$2EDDC04966E2ACA1910614C32E7C5024FA8728C7EB49DD89C88E5BEC2172A2D24001B6943F60009EA95496B66CE441D40427885F0A05239F5081DB6F5F91828E8D251A22F913AFF4223B9558E22B8306D312FA0408B584A19C0DCF18A16FE83BAA0CAFE02528944710B566A19FDECF6BB4C8493CD4262C4FD26E28BA5E636B779C547DF74E18FBCE0AD39F108A87E7032D27FBECE253D7F03BF6002F03EAE095810FDC1A2A566768A2BA6D6E98C07D69EBBC981241BEBE9
J=-$D3AE9794C24368C3510BD51DF641BEA326B0A9DD0DC6E03A20A35CF8FC927E288657973D2F9081E1BD4D9FCE3B322504622371066AA9C1BB6416CAE6734CEE70C2DB353BFD24787569E7F2C4462AF0CBC261EFA16E66FF0ABA633CD914FD99BFE11A3FE86CB2E8D9FCB8E816AAE91B38B395D28126D17B288A7E015DFB7ACB8704E6B3EB019A50DF367E76123A071E573CBA86831B7DFA98B9BCACDB60D53D23832A1C3B4E2427B5518499DFA40B6953EE28A0A1B68B045A8EA4DB1AA68C7FC4C3CE36E8C5AAB5072C6BD729F655849DA8B439715534312CC0E7B60EE116B83C63FB5733C5A866D4C308D2BE5EFDB3E6465A6C8C3DDAFC2E02AEFCF53A7B4415BE0E01CA70E876DF980B5E6507E98508B0EFE26164A514073FC3405FA1AE0441F04A5A1436F54655F99CD92CB52B3BCB683D50E32F997D83C2009ADBA21063FEB82D152624341AC3436D9E133F692A86399572FA99A2EEAB3A00D79E21D22ADEC6804D3C2C2C1FFC7E5C04BB5ACF
T=$1

[17]
S=$3343EC0
W=-$41866063F2968EEEF9DAD08DDE589331609082B08630E2118822CDA4BE292F93C2D78C9BF3E7AF9C475ACF11BFEE998C7B9B1AB401F6B1D254C31EDC6C9A2E5A6ADF5FA6A59E7749A8D181AA5A249F1D988D55A43131779B76A6149487B7AE2750F571FA6E18259307D39957C3C522880B9C8331A95C32404715EAFFEFC96B85AB0BAB3CDDB3ECD194CDC1C742ED18F8FFEA930558CC7BB49CFFD98378699221B0365DBA1F5B23B648E67CC57056F0485A0F09FF358E
J=$7C6082173E4FA213F20DE1B8CC344E3934F0B9D15E711323ACF0A53350347D101FB70AF3C2B7BEC31DEB5FCB162D2860DB828688C539F1B09AE3FB96F05B0752E511D196FEEFD57DDEF590CF09AFCE7B9EC2042407ACDEF31CBA09C8037FEA8E29A79ABCDB30788E5B77C359FE98769FFD363866FF284B1CC512A662A7D77702266DAB2912E4C469D3E49E3C21871CA5ADF2B9D5654E4011006B5A5F9D8AEADAB6CF6F6AFBCA42F69FA9198443D5894160CE7E7B01C3C5B5442FF40B738DD79014E4DD05B5A302D2ECB514C7B451C1417CB2C932A240B8432985EB4633F91E1586C8F9232D912D65D5E0056A88DBD2E95A8662DF7D4E321ED27BD48A380283196FEC485AE8BCD12959F11728323CE87594B85E10A73452BB666FA3015161B62EC69225A656E30ABAB11912116B20929CE8520D36088E244ED4D1F5B288A634F13D81A39A239A8C2799BF9D64A13BE6597C0C8A43AE2C457273C5D705E693A0A4734837F3478791A609ABA8
T=0

[18]
S=$100A3A59D5D8
W=$159DB68571803827A3FB16C6A3E111C990E7310604569480C436CF2EF0050140775B1C752398CDE0FB5697A76EF4DE4A48885C8529AAC4EF62B474B428F346EA4862F4A7E6C6A4B82DECC71D9F6486CAE523A330AE340E42BFF4731AA4DCD4C218ECA96E7E2D6496F4EB47CFEAD67D071F528988B34A1D8B4548989C29BDD17645188F96DF29DDB5A4508353E78F1D05F596ED7FF56F28A261E5F2542CAC3121B5E95881CE7D5931D50859130C38B4E69B9B78DEA
J=$5DD97FEE8CAD31560716AEEB62CF6FBF1EF06A322C75D0289FD7BCB168671A1575AC9D00A2F3C716D369D3EE47B97B5ECCDE498AE09C126897E667D787A14EDAF195715FDB033C03AAB546DF9B231EECE52B97664B9614CD8460D7E5F50E5754B5E663009B219C893A12CB606BF9EE68AC6C6839F05B0F497F21401D1494EF9F5D46830F7818BB3A51A9C6D49B5C2C53515B5C269EDCEA34CCC2686A50ECB69A14167401AA8F70401EDFCB89F37E41ADB2AEE5989AC9568920D6958211D0BC1D0758BFEA734AEA81D2D2359DEEC9E3D2561EB72A52C7173919A8B71199987C8CB981B2BA3F31D5408305257F4FC133E5A70D5EDD5793293A59886A062C6BE8B8429C6AAC6B670C5A9108CD00CCC69B7DC1EA185C181D391A5F729BA03439717CAE470D55FF82AAA16365E3215C5E358EC530189D80148576036F4B525B54E20964CD3B73DAF322663BDF57F0CAA4E22AF8A16F5979468B0D1AFD9516304C65E875775C4E105DAB59
T=$1

[19]
S=$4E793C
W=-$6095630788733776E9A5EA40B38F88DA03EEE1DAFA48F75ED9CDFB0F54587CD757FF6B9C973B2DA1A75A7C269B1E1A4CCF715FD744E60EB6E0D5B90219BDA713DFC1B03742308BC59261BC1D2A8B9699FBE5347C00439C5760E02828554460F210BC879328EC7FE9A1E651180DC7C549930E74B8382E5B3F10333001EF552D7031DFBC985A89AC5CE411399BA2711415B778BEA4576D39DAF9B25112EE7DCB97EE608ADF73494A6521BEE9CA0AA5C75AF4A
J=$392C654D1C6B8FE0E673F916760102504D05903E96A97FC7C436055E5432D02EAF748E77A1CF6FE10278D0FFABC915F95D4D45ECE91CB039BFD965934F5B4BFC2B429014518455C62E7844AAF14444221E880159A375C28698F798A8EDA9EF1C88D280A907E164B12E6B26A03187CDE1982007552669466DAB57ABB195AF5A9C080068FA342C95E722CF1D2D8900CD677A7C173E67BBE98AACC72ABBB635EF089029C3C5B91C94C4946A28FFDD63E953A51F4D75A2F22CEAECCC1B112C5F30FB0CC567DC2EE2422DACD738406A289EFB94534BC3BE0E25ED53A3C5E3461EC486E63E9044AE084664E181F7D93608E9EE36C0C0C9FF51C0777DA286E3252563B8CED62869B0715373C03F125149123DE75803D643360AD8213820099A821840322D90CA879D32344E6C53F1A678F9DF7BF3FFE30849F2C84A4EFAED76739BEE7E8E91EDA735D6C1E25DE895E29DD9323BCC4A45BAF90C660C9190932A514762378B5FB
T=$2

[20]
S=$4D01DFA44
W=-$67849BD4A26593913EAF6A7DCF7D930AEB588A01EAA150369ABCF7A54F98A36B2E535125ADB19579497611F7B1970390AB6C51C85FE390E7F73203FE48A42F228A303D3052595D606809EFDDFD3E7F2A9024694C9A2039B29D3524FDADC7FD4354037CE126F00D3290537E1FEF7BD7AA2AB475527385B0D3300405487177FD325ECBF27940EDBFE32D08E518DAFEF69E5058AA42281AC6E0A9E1B2C3F14EF405230AE49684179B4E79B454208346AD62
J=-$1AFF59B51B8B5A5BE67DE695D4BB3B10009F355A2F27CEDB78B35754A29FB772A4E11D437697AE33D9A758864A721CEBB194F286C8E6E74180265CA329AEB493D97DEC90DE962BD8998447EAD49B5FD87C16F0FD3511E6FB962EB950A97064B266FB5C8D3DAB57237509C0E2812C16166D6FB8C6B2F0F940700FE28F24C45724AE7D85BCCDA44056039BF4E14A1BC51727A313C1464DE998B03FEF1487701D55A69CCE8631DFD81DAA4242E2F088A5A5FC8ECC15B8661962A8323A0D9D4D5B5D6E639A8B3D7FBE7C69D692EFEC28922982447AC9B07BF2D484B7D3F5315ED29E62874F13671B6D348DCB7B3AAC8CAE3E17D875E4D428F121789B69142ED999E72219B857AB21011AA98BA5FB215DE8FB3FC62D1BAB4FAB063DD1CDC90A45556CDB17F6FBEF8F532B933D4BBC3F9D9E12F565D27BCECC07DF723ACAC352CA11F472A2E4E935F83D2B78082A969AAF11B47C280D2A22CBE17260ADBD4CE68FDFB8
T=$2

[21]
S=$7F7D37
W=-$6B851B5101C261CAC84750BAF6F77F0C1B521C2D6A54C774FA7F360AC2AF01DE57C2D6987D395737192FC76F7CAD4C1C87363046BD3A57FE9A0E90A80738D336DCB38AB00D8F1064E51BCB3B9B7091ACF48F92AD12322B804F8B76C0BB620667E1067DDDC09D9DE8CF7C339B3170B214E4D2802AC00C68223FA44F24DBB6B406962C72E5E6BB470A2E7E771D5BBF606F2169F427815B12445AE95B0DAF179E3D2E39AE81BE8543C5E5B29CC1E261
J=-$4C2026D2F23F1A054A5E8751850FECAC5970F90A1E39AADCFF43CC8FA90518E96349FF4BE63E2FB6BCE07002A7F0441B9947CB0CEDCAF62CBCAB509195CD0364DC90745DA3060CF904636F46537AF265BE6E2072FFEDD4E4D2EA4C21673E85685CF8B8E29D0ECE92029897FC8A0E1E924FE2D438A3A7A7D86DD3A140E155A88BC736B4F8A0269BB135884F6371222D2F266C5B80F9D17CA2A26F2B61186EF92A469F26A84BFE64BEF470E6F1B42DB8EA0BBB1C058ABE9C2E26BBFC43E3FB2FC0C010DB1231E51426BBE70EBA185FECA167A589BC156F001A3D926F503893879BFA777494D2394B026517F4B4D533BAF7CB83327C9ED19649AD8F39C6F3CD5A8ABBF8B5E35569DAC0462057ACC42DB0401ED446B10DF35F959AD94BE19CCC9C4A4154320E94DA586D548276D8343C0474F0D601ACC91865291107402E55E20188823A5ECB8DC12A32015DB164AD4EBCA8128DDCE1EB20667A87697AE
T=$1

[22]
S=$EB284B9
W=$973C9277E377720DCC0DCDD4E2E02D98E3A7CC6B8F14142DD0E59348BA93214662D42DDF4C67BAD5BC34C4304484B606E37B5776BBFA9EBC57520ED7211BAEABCA873E4C889F456EC60F4536D3D22EACF6962EF2E86F943AB66DB54B4902C7F2DAF20A3109960AD6FB6F9E417B338FF42EE29AFA7E0D9EE86A2B71752190F3CFCB3C6DD26C76C412493CFF43117C2D1B232808B1E54BE2D6E7138321C731E6CE9DAE6F2B65B28509C86C26F1F
J=$EF9E0EEA892011D134E6EF0C9E6F9EC0564A152633BCA34C11763F65C33568299712B77FE996FD2B1E78A46A4DD2A0EF5E695225601FAF2A0379ED05D718811318D50868ED6D8706B3DB1B4327CAE4E67C8A72590E2926EF6EC6F19972291CEEA8449AAF7FF17F5D7944A8BDC7E28526FDF1B1D0F793791E387F2315E461AD2B62C70C25867E17FF9316298596D5775C54E8454A206B7E51E8CD6B6D67E956DD9DC08C147F7D0642181E3A53AF4DEE8C674642774BCB2DB0C5F1ACF4D0D327E3878B4FF5ABCF7A6DF664F7D0E09337FE352DA5A321CFA44F7CCA87CAD6A5F5AE082DB26338BC9B8067CF3831662BD7BECAC5456D64720FC3098BA9F7BE11DC7D759A4B3E73EAB8EE1B1C728D98D02994C75175FAFD575CE1E48E9CCCAB14CD0F200E2E7A22D10E864B5ABCB07B1E03CB25E64EA8C20001C84FBAD9607D359ABBDD70FB121CF6454F1D310F9694D90FADE5CA3CD312F5F559A
T=$1

[23]
S=$A312F9
W=$1C2068600BA4E413C54014ACF001A99EB97A74A56C6D7DD6E69758779F8D6EF6E9035B77A6BF2F0EE82F9E6D5E4FC8269B7BCE853D37309C178E22D2503E8945867B0CF7F48DF71CD84ED63B518744172CBD443056265F3251A22165DD1FBD1DDC4D12C22D43AF512FD4333AC5D6F17D5162E1036210AA5D4136436FB5D3ABC419DA994EFDC131A0D2E6B5A6BB5BE07A6B16318059681671EF32A4AB28BD263F7B4F55AAABEF9650470C01
J=-$A082D0974A6CAC0BD4631A57055782BE41FE174B2CA620D2E4F719D59E2B52EBA596C22BC829A38801FA90E5AED6DFD8CA9793AE5A99F287EBB2DD892F8827EF1568C8091008C8C2369695072D0C297F0E7814C927DF2BD4AAD048A77C0FEB579DD7B6657888DDA955A688CE49FD069DB32F0B6333D62B6AEC0599C720A79DC7A07D65CE85184B6DB094DF7A12CE7F492964AC0D086675BF5139D8D480490B980D6641AD2FF938B31F0DFF07CE7113DB202148079B5BFA880EE809811260D379CDE398C97C4795B109815E3A25DB4ACE1257EC1AD849F9D21C1FDD0383EBD8C6DFD1E0CCB05E388D6340BB303081153219A0379CADA378D72B5E430CAB5DB73356DFDDAA41986BD6A9822A573F29FFD3B06F21B411CAA477F057BF376E01CA04144703EF159A06CD5D9A37E4B7F13C4F2E909683ADA27A7B825F6CDF6F6B246563C3C54405900DBCB99063CDF7CAEA5D470763222E
T=$1

[24]
S=$14063857EEA8
W=-$161ED1344BE36F53672FA3A3652A39204271270FC8C1C1F5BF54D987466C79A6BD6D6B7DA883EB505FE82100E9AA308998D64FDD33037476D117C426F2E21146B8BCB89C09DDAE2ECF2441FC0F0B7ACBF8E9071A85FA5579D5B04EA7D4460E4DA64DEBA3F988A8FB9333EE8E6C5AD98778902904C72173F072B554C8D8549AD4F8F736BB4D158332DB5C99C0DB7349C669228D2CE9E7C114CA915E3136038CEBEC2A81B95524C1BAA0
J=-$F14F1990E761A28545EA7E3B06180F4E6ED2FEFEE09AECF5C71537BD7354E718411246D066AB576FD96F734DC527D3638CDD18A5B600F6A5338962F05F98898AB689715F635025F0C7619CDE3926A68FF3963F3937CCA3AB4C5B226BED823DA5EC2D9C1A0C4B67D2AE3BBF181A44D78604F33687CC71BC6BD89583D14992AA0D1AA163B25E6F6984FB564C6C1EAA2FFB82692522C9573A20D7AFAC8C13A9AAD0275C08D8CC8222FA54098C69CE2FF699A433AC6DEF5B482092ACA3F4839D7D96E05C71D173E1856622E4FCB5B241D6BA8A443D51AB8C4F32ED77E8A61C19E1144199DD86B444335B41CC6BF8A969A170C7D469659A37FCE9BA655DCBD686DE62A2B54253039122C9C22E7D7EDCC090A1EDFCF4D180A163D57C2D26A9A9D91C4300983C0930D46C38215623B9E3F0B24AE092FD0E1DE1D7176670A00DDCAEEB95B029BE20A08DB62CB429D6440D7720CF7FD8
T=$1

[25]
S=$3C7983311193
W=-$6279C88BBCC2689CB855F641FF642C25B1A9374036BBDCDD91C1F3B62B0972DE6D44BE879326707D5259EF8B92CCC90F5B479828383C32013FF181AE9606D0FEBA437FDBB9E0C81EB5C5F74CACC12E61BC5763C6B37306DADCFF0CCD0C3236308CE3549E9F36F4CC5E261ADFBB939EBBA059871A01181898A5CCFDBF6739E7FE74513A34CC7F6E2A95CCFE9E3C32E3215DCC2A288D157C20120C2218B8451904F2A8784861E1
J=-$CC949CABC6BEF8546ED0F1A42EDB8E3C201A312F4D158EB6BCD2B068C21E85D610004C9D37193E461363A15C127BCEA5083FDD06F48B1DC8B49ABA2BD1DA3F0373CAA949DA4AE8D6A58116225D4C0B79D0507378EC84291CA04123BDF7389E6D45F8C9160B50E71CF036465E0B272D5771A9A44EDC1D07ADE8F81CD2E3DCB084FE2944C48D5A23B273F87CE692A25F75F50F1803A0C406741DDB419C1E8CA70B2CD6AF5E6E55EA356D1B491BFEE388C6AB3A25F126F26ADD2B608E4702B31EB9693DE4B1C7C0551E6C40E27CDC10EBB0CC8067877D060DC3BBCDCE69AA18550BD24223DCB75C99295AF3A0B274834E4207F788052A3BA894A812F605FBA45F5FB0F98F904CB4900545A0E8138A206E3672075B0124D6D679F9A70E27A2116071FF2765DBFE07BD5B897CF68B776D264F19898374B7E6603ED83151DA91C4DFECE628C1547DF22D5F2A336E1E1
T=0

[26]
S=$1D746
W=-$1944D2C639D8F19A59A02D664952051802A3A9F4A10BB8909540F482789CD0497498612076D65E01E62B1EA67512B52560E0014C14160BC13E31AE2F176F9E6EEC1BA20C347199C03033815D335DFECFDA7BFAF6E9B98C363C90152A68BE80C4581D3ECED2F75D6FF9799E6FF3C2492F8265D8620F009FEFC038F72F671147574EB9B201C7C9735A125E02A70F7F2CD2219355BF1753F431C35E5B57A56A06346D30C2B4
J=$110956397817349BFA772811CA8D3D6D8B8253019B17BE2BDE06F544F6F33B5ED7A916D80C59A13AB0B66F277DB5EB5D1D130DF2C08FCFA0345E29F915C87CD491649CE01494834D540A88BAA56AE76B6BD133042C300F01506658453A624A9FE4102CCB3E4A1DE0CA4ED8C4E4CFA4ACC3AA5A0F7C89B99C7BBEEC2AA810120C7E1E361E9AC268C0E786E3464DA57709EF34C7E3CF19E4BD63AB69F90C305DD6325DE3DE73F371494EFD3781584B88923FA3308EA9DF26A8A5DB949FFEF8EF756F47A70A130C85F8A79B0BBB3A42363D634FE61947E9F511EF89373DCF374D0340875FAFEFE794ECD987867F45540F5D92452112277140BAD98D807EBD98F43323EC2F5800C84B5175D1E302272528D12B2AD87A06C6CD471EB240B88C28587C5BBFC813E3A3FA81E760D827090512D168F663832AEE325D13DBB024659373EFE015EA2E7F90CB
T=0

[27]
S=$36A27939
W=-$11D1EE2EE3A1BDE26340C7CB4FBB6974370561AA28D76310C23CCC55B70C683DCAFE28C9F16BFC394ADFA6588A0CFD1E8C3835C7BC46550E346EACF599466E09528907F6C54AC13DB9486CA6EB5CB9A56E9C0E8FD2F06CC271AC46E60C7375042401D49DB9A0D66FC7F081BB4318322492776342665D2B23457307599D14156E36A965279B9FAA0BE62127208CC8E4D16C8F775715602D793BBF4FF4BC0055A6081017
J=-$2339B9E2D6FD069376D6C7D25F8C2D743F2A33B1A5D18D29FD9CC999BB5CA66C7EEFBAE9A325FA6F722B247A4D3EA3BA66ADE93871BC4F4F7E4F65A9B0B0A6E1F1D3546CB9F5461ED3EF456CB86E530F1FE38393175EE51944212088380281961469B79D36D6A782D2122A79324A6D59B5663DA76E005D2EA1C5CE329F6DFF4DF48B63469024E1DF4F57C7289FD6FE108206AECB0255E60A3F9D800A83F0045B26B37DFA32AA8391EC7041C2E0EC8223C155FF5E1C552927CE7E8E5237CB2357B849A61AF893D3FDF5A5C507AAA807120D86DD913B8C9B0DF7130C9B4BE4C3AAAAB62D51091630E724E188B5773877EC116A650F5084C7F28D81B5AEA5295ABDDFA9AE8E5B63D46C85A97B2D8A97C79A683C785ED2901920BA047424B406BC02224EACBE10C0C23D1ECCBFEB2E058F71772D439BDDE8CD155B9C977EEF6D1D1D4DF76DD6B8
T=0

[28]
S=$3011B23
W=$2AA3712F67AFB6AA19607FADDDAB29B17BFD7EF65A016A17A8EE081CCAFE5B33E31D03667B7154D5CA80DBE6C0F671DC56DC62099CFDFFA9E5D484BF2287BD0030F2FB75182ADA9A7D745F1962A507D1FABA7ACCA0917B074B1626A5E297C65B70BA399DB27685992C9E12EC5B5FBE1D08408192F320F4649BAAC06A7F03E7ABD7DDA8F647165F2897411A12C9267F725232A3C43A27CA14E6939A1D459DF5913
J=-$3F3143B2CB938C3DA6E3E944C2C34936CCC4489471D25CB48BBF30C4A71E16831B3CAEBFF08F0E926CDA4F728C8F675F6BBAFDF8EF6B21FE1E1E3E0C98F988BF21CFC61D5A32BEA05AABF3A1A66D22FC814F09AFF30DA969AA704EDFDBC3C3ED420DAB20ED0DDE83B7598CEE3F6780BB35DCAB7E4C6AEB49D1201AFE60E6F2D59CEE3EFDD049C59EF369C2BCD61ACCA360997342D6392E92BBFAE4128D68C0C657A2EBB67430E0901739C2A515621FBA50F86ECAA9B144311573F62E12CDF6443184F9ACA80518B896C1BE50026E7166D2821951A63649BEA6F6375521A9D29709ED81A3ED37675EF8D470008721C68CAC1160F444F2246B90F2C462429FACD218CAB8CB312A0BFFA39F202B4835695666F79CFF62BCD4FFD7EED7F334C26E5DF3382850927F023B6558EC16C4BE944BA68721833ACCAC28B1AB38CC4EA685D3E9
T=$2

[29]
S=$49DDD7EE37A
B=$2

[30]
S=$7603
W=$2ABED4324E76085118164E8F0093021A335BD7CD9349A65235CB6560EBBED67C2167BF22D31B1A59D845C1AB765192F9B0AFA5084C7100AD9F5A5DFAB09420355411B53D8122E46CDD882E0D53479440D79E4A5759593F2616127C6436B62D61F7E42268C3CE6032C8967946CE94E8BB9F6698C36F169C3B224F7C2D1602DD2BF67FCAB24EF32625CEA3ACC0AD84A8250041D98B991A20FE0B2DA6A51
A=-$84B750
B=$24C7B73A2
T=$2

[31]
S=$4D0A450
W=$5E2FEE4C8F258CB566BC2260DAA5593E148D67C40D5BAA139B53A277968BEE0F0F2A157020B339A1BDD63075C86C4110F7E09B5FD8E4857D420FDC75595B0CFA6BE4C45E2F9C8E7489B98863D4DA01AD862EF2C48B9E83CCE89D24BEB895E3D2B37471D8A53769626143B001211BA609E905C12C4325D0A3506CA70F76C109A5762209C3B633033037972ED96D894A48113EAC5D9542439C652207E
A=-$D70
B=$12F5A
T=$1

[32]
S=$10C
B=$2

[33]
S=$960F4DA84
W=-$754F3D3EFECECE2C28CAFB599A73D2514C23AB1FD9B4BFC68B55A1163098225D43FB5CFAF2A111E06A847207502A37A7FAB5E40717CD7EBFF8E66875A3BF64C0EAA034C2192F2907D7F7E7350458D6A7E8154142BCF4C50D902D9ABD298B2AE4645CB3AB1C18B48A6782EBCD1F581C558D2E0243EF62470B25D2D34DD5CFFAB7DAAA9CC9B580C55462961267F9C9052CE7B4C045FE528C7C8F4
J=-$28D7F7EB0AAD1BA2950A0BB76D5F86DF5DB8DACC656C1329AA29BA6F53B42791D6AF3E97878B819FA01E62A3CBEC389BCD62BB467F5BF04E2DA7D5687E46F620038B01F8D8AE2FCA5B81887D090C53C07DAE8E95BC0ECA0818271D1815EA09819BDA6B2B30AC064FCDC6BD8CEE02E39EDAD18610760360223C561C46D824E6DF58ECC7E8EBDC817654A6CD9F3161CD71C4FFD5154F77FEA5A9F273F6E18A69F600550B243A6A64D04717D8EF6CBCE651EEB9FC95441ED5A7BD6840EF61F5FE518BE3E82BE2585975D16B75F061EE274F0D44FD05FFC142F220B0A85574236BB0D49718BD0DA0E21F4CCBD67EA9E7D78B872D4917E446589CA92F977B84EBCE20AA95A9C064B58C7DCE0571F3DD81F2DAB87EC02D143B450E64BBC5F3523EBC2CFFFDFF2881F4476A4AD35E284E32237049DE3
T=$2

[34]
S=$104C52EC
W=$1BDAF3832DA4F4A7FDA7F5FE7068E2FBA83EAC1520B75D014650AB85767E08DF6760DEF7901C27B04A774B4D4E24C46DE1709425AFB83F7667F660E0D10EDE2651531A220FCBCEFDEF8ED348B0630192523D46BE89CE10D10E5A9881FA07AF8FFA26B7584A14AFAA46BEE5183E88F6E0286345A6E709AF263CEF04E474CF3F2492B263EBF8C3FEF7192B3E1E6492A8434A94399872FA50
J=-$2D58CEE8BE1DEF8ABD075F25968884EA51AD8D1E0098751563363C4301E4954BCBC44C797F3C5ADF155B023F61E8E6378AE014D94BB69016F6DB4F92958A98DBF31D23DE041FC21B0D876BFF0A9B5142390C28ED5A40ED8B8A742800B7A0FCA19DB05EE03D36FD142C4372D668FF2B36EAE79E8888963F04405BF65AB8D220A6F584F4947590F93E85449204375DEF11D92DF6BD606CFF58E989E7EB7F20E27F7EBFA984B9C3AF0620B09D94F8EAAB28F3EE3DFEA3DBA6111F7C34D0AC0256DE55BD0A94E7DDEF246E21847EA5161A0A81CA9A5A9503D18907ED2A68DD5F40355686D83D216AD85D80B93A7D007AE458166224C14B9C6DF8387974E30155514DF3C02262838876DD3C5209EB388C7D7CB33E964834401477F59A659705526DE79B99EFB0B0F2B3F7B1D023E3378C
T=0

[35]
S=$2023F358
W=$5D52A0D6A03F93B94B57FA542963A10512E6240D7EC7FF1CE3842F81D39D7C65649BE9E82BCF279E46D6B96609072FF416444B930F615334CFB1EEADF158363B0CAAA6DD5070B8044C74E1AB36D6F2AC1D96E826CDDD231A50D46432EFD5A354650E5AD9A099B2369433F977A74CCEED977AE1EC8848AEDF3036064B82D32E25F26E6A6E980101C0FCA1F71332C292E03F77DD8B2BA
J=$3EC6A792134FD8F788EF9507C9912FA250AECBF31A0DFC7144EE83CCF3C378B00C838AF1AEF1D47A88394FD1B3E226F0D070AD68FED67D24E1BCD712980947A2E588395049B21AC5942577EBDCFB2E49AB2F6CCBB7B784DB6E1DBAEF11CD1C8F833D731E7B89603907FBF6A32255CE43435C3901C01E81D3839D4753681F6AF556AD6A096B4BF6F0D58DC373D58B5A1A322B65A38AC347FC1AE500BFECBE9F2A5F55C5EB46E5AF98212D7D06BF0A9E368E7F915D28E0C927A61EC32F1E1973050A5EC88327EB0B4567F4C350ADA6961E5B64E71D5EB561126122FD682EA0E46BF21805646693511BCB475DF0BA9F4D2EE8FA87FB4A8C0635154E8E48B5F21A6302AF62B1DF3C0BC46D3E7D679D358665C8D5258597E9C1C9ED26F52029343D4AFF2B1EEAE95FC122A88FF
T=0

[36]
S=$C543ECCEC29E4
W=$E43E93D74D48C6A28FD34EB30DD0D288150B7136AC3D7C0CE913EB8FB301FCA9BC82217A0CA47D3CBDCA9AE695B116C05EEF1439E455113F77C47D311773A2630685D5F82BDFB71573EB850A8517DC916961EF4E90213E5EF07291D3327796316A71222706880FBBA26BEC17AFAD4D83E952E867000EF135C812A44E716E36603955D611F229F84B9BD726835EB65A7B8505B3A
J=$33EC98632844B08AD8DECDE9B4E6628DA846187EFFA8CC147CB8BFA80F089CD1FCEF876D06659005D86149FBE451429B16410E38152E584FB2F8EACE13557C75F9DFBC53C6B1E5933EF8A553AB45D776550A5BD925E2583A79F6746FC4D4878155E852D9878F86BE6E33148FCFC701FC6D931D2BB220E2E798BC69B78FA19FDCC8215BF97BC476B9801C7026B586F1EB92ED72D2076554524F521BC0BF49A1EB4AE71986CB74F9CBFF86FC49F121B2806801159CC7D77F584BEB846549B0A7ED888785BD9372F42C67070B08127DBBC15433CC9ED117BEB1612315B261024ED77E6A4E1286607B6D8FFCFFEFBE21E422426103B52E79E8E0CB9F40E6F20486512A8A2AC5E538068FAF0E23681F3BBD1D1DAEDCF0AE2E90A14C0824EBDE7E1515C1BBC6800AC52E
T=0

[37]
S=$14A0ED39FF
W=-$1BAEC1304921D79B48860B5ACA1DC63E56746C14F6B5151E8309778C95987DAC40BED6D8E5EEC1F6CF7A8CFBF6B2D3D4F5D25A23133D3630C7608F62B57F90690F224E900EFDC57FBE4E211379B18FA765C732A3A2060D610E12F9D76E4E5EA8E276D8C973EFDC6E6CA5F76847957ABD48C1C17578D6932240252B3DE1BFA1A7765AF0733279442A6961F8E65717EBECF
J=-$98EBE3207BDA27A1ED9A3807C7900297B2D34A5107303E3CECB3630D8B6177AFDD7D75CC64A65AC45489E4F38F703B7C1763188DEE2984B483DEEF59F3B252DEC440C402D13BA8B051B6E55D19C4AAA23840A704D9DF47757E44507ECB01614F8FB3D904128197AAA80480689E5AA8EE420CEC84DAA2486DF1F2C408CFDD12A077408D6D9C0C4776C482D6BB2743DCDC01DC4C05A05594BCF2BACDE3C58E7B500C4944C4C4F97D30C3434EB66107FCFFCEE18DAE6C141AB9A084E62FDA31A91DBA5B2D40D418D74ADF05C58C0AD2F96C522F87E893CFC38A75BB315325962565E934D4E7B14F4240E82E2FE1269FD0F0DCE0DAD3DF27A450CB600BF3141F857D40C81DF300CEF7F55032357C0DD088FD4890D09D8790E6F34D43B25C439448DD
T=$1

[38]
S=$7335AB9
W=$2719024999740F48C8ED59F61A0C997531C30CC173903FA58AD0AAA2C36EC8D8FB345D8547463CE1F41B36AD74CB86297387A68C247AE42807C7F02C72F00390B78B7E1E7748BF7BC31E48482AD288AE521E0D10BF9B40BD490F997AFE2801B357F1377E7B5628FDF7AEA0CC4330D92A768E1D3690A07DE776BAED030892B64DD38434C232D24A8BBD4E9719B75
J=-$F175546890019AB1DD258AA9C23967D9C42C95ACDF25EDA306D39D3CECA7DF79D3C68FCA7CF0C091ED78B58036D35D5B57DDE300F2870864E7D13EFFE97C36E5D73FF0EB48CBE7255CE639A4EEBD507BB65A0DE406243CBAE8C3D64CB31040AFA65348BD6FBA2B77803D74D9F3EE6BC7320DBC9B60A20C3B8D0828574F6AEC85A2DF776552CDB4D3FB9E18F1F2D98F4CC68F484FE1F342BC4ECEB6C2C95BEA34757550B076B14CDD5A9F93464E5254F511015362EE33346143CD8D5C46F454EF300B0B993E22E148EEBDF3DB5BE7BB3820B696BDB5AE10E0DF34EBC07D3E5363E78EB2BF4D74AAF170260533B63C3427B36D6FE442B6D07E09E909B1B72C8890F8D6476D24E1233309757251BD78E514C0A960A2507A3A5904FF999
T=$3

[39]
S=$B58CB5330
W=$E26DB21783D92B30EEBB4F24B8ED2C165D6A11EC1C34756D025258478852A59D275C007D254B427E222FAF6EEF3D905083BE137B8522B8E11BD8C92B56BF03822F701D09EA0E25A8BF9D0B09D914A19AF2356665CDD852491E9469B74250CC15ECF2216181680A86F3849F82BE5F2C8F67D407D6E7F36880CB074992B9E5C32B605755A06E4B1E0D744AE5BC
J=-$8454482A8D05B1301ACAAA935D8B80C7963A5FD5F7348EFA210567771A1630B3A50B74DE3764343F221036B6D728DE78D9A2890B6697D7F0AB98DBC835027AF20348DB944867020DE95F5B8A8F03E09445DEDFA9C885909C3EA3338A8C78439E37958FF3B043DF6C46FD84E8624C2CCBF4EACA9AE12E3D05FB23C6106376450A7E4E48C35ABBCEA4302342D7D1D0C4130C5D8C39C24C25393EB40105DAAFDDF81C0E553E920C81C3AE61686A71B047E88658C43A14B0C5775FFA2197513B45F31209FEB8146CDD3E4F998A4A4DDE5900BF4FFEE4DC8270CB87BD23173A7EF6B8C11EB0609DCA90D059B6F4F6C58DF104E6060026AF382DE06F2B5C581259147B9620B85783E74322559F8B3E009122D342F0A90256AAE32DB
T=0

[40]
S=$4D1EFB
W=-$300ADF01589B6D61638AA564588739AB1A1540A8301442D1E8F5758DF90F01B854730A8CC6348C2AF3B007C7575619A009BB5A94560CADF024AC4B2B73A4A380C539A31D1410A8C25606410E171CDA7F9F073CAF49645B51A08E3FF2469C47778FE3C29BC5F9210BBC53B56E69BB535D8515C6CF0F69B00C2B9E1EA409B6835E13D9A71712C4ADCAB19D7
J=$4C96D1570DD87A113D69165088F6F5CB64A20D02C2029E0B3F5FE7C8053014BC4B94D9E4B314AB7566E006551ED3F692B70A01C7FC0BB63B725E718AA39438E1868B2BAE832B792B35606EE5C0029B26388BACFAA2CE4C04B7CFEC2D9DAED542230694BF0C7AAE9FC049D240C55055F4FA09B22D82EF33599DD54C0B1DE3A5E2E56351A3781DFDB9182FAE7F84EBD7B38C518822F40049F9A2919DBF1FE1E0912E05657CE7BAEB75FB2A868E7D0FF95A428687FCB123B9BEE6E13A8DB855801B60A4DD628A9955FD0067A99A33A4016015A359EEE99EF99327BD84EC9751EA0B6A756C93122B632D5849221C12E340F762879C227421F7E16FEC58903F6A7B43048B1D08FEA7A5F4B8849A6756320C0CC56C1E89
T=$1

[41]
S=$C59CFC150B
W=-$2D893FE7EEAFBFD3D9086881339E4EDC4383B9D4693A61954719415D13E570F3570FD80B67870E144AD9CBF2E23068177EC860892ED08A4D6DD4F0584B59DA88CCEBABC6208BD674873889F4D19FA441D3FE1985C0ECA2401A81C1D25062D8788198C0265D254B59C5E4F04FA050501D22AFF6C7E01AC311A8569DD0A77BEBF0AF3909990CB18E99D1
J=-$F984EC65CCC7DA2F319B732225EE827EAF2363A0EBD0EA480EA54B53C8374A5ED5BE182F8A0D562D44AADDAA06D15E6A6354C29FF9BB64A5B26CC2AFBD9368BC69336D198679A3FF82242B0DA0A9872F3CCDB38B427A50CD370FC0DA47FE3FDCCB075D28EC18F38BC3CC55259CF8323EFCD0267489B41C40FE48C2823E516D17C3DF32383004359541F2432862F2CCEF799FFA6E9DB8FA57FC47FF785659A9F33AB49A134852F3071E5A67EAF9A6D0AA6B2C7E5EC33AC32C2D088818F44D861EE0EBF87E9A80ADD11E4A3CF09CBA4C18223E64F029C853AC05368901076E05E0FB1748B662C656CC6E24B755901E79631FF2C0409F87A016C0E3B85D489D7CE6FC43D126843D9BA256398119E64F920835
T=$1

[42]
S=$986988F5
W=-$42A6C0F5EC8AF20315E31A512270F559643B01BD7A39412D0BE0383A781CC8A7444C05B6F09ACAD076F60B100A87FF8FFEF37AA165ACED5FA1F51C3D73026C6C4DC704DE2678CD66253665C6778C6D3E586C24655040E5630AAEC591427EB8FB72ACD18EBBCADBED68BC88D4911BA3271E2680B93319F064DA42B1E8A176D9620DEAF701F47D7
J=$3747185022621105B2FEFA7991227959612FC6C031A7881111BC115E1955176CA79DC05C505785CB459C549603066E757AD77E05FBF238918CA5A36453999BB3E52CD163DB0BB7DCF63B4A9DA4A7E8CDF863F0FEB18F13E1A1142AF0FA21E63620709C232745478D9890F802FFD94671AB8F3086187D535331B9195DD6DD40B88E16AD2442B1278A6A98EC0C4E335F6A461C0720081D16199730662D23090EC8FB865D46E6AA478585F08ED89167D4C25C1F8A9DA538C3A1AB25EA6B7D039928E10597C9E5F48D455E21E858FDF2386AFF19F8C0EDF31E338E704325362A195B4068EF4182AE263ACD041C9CFD1264FAE9F084FF9A496D58152788BA99F08BA92218E3722890247109C0D91D7
T=0

[43]
S=$24E55340
W=-$26782E4096DB098FEB7D0FBABC0E443C6C36BA891DF623D6C454A8CA2A800E23759C3B69BAD8A781DD9C6B0DEC62D459162A8EC972329F8F62971EBD9FA21D9F4B30EED899871D67F512776B8FE595BE75636478EC55474A6B87DD7D4137ECF8DA020864B2AB7D3536A133963301B82EC09B37DDFE8F68D83B4DE52232817F5EFA5DAAD06
A=0
B=-$412059A05EAF2A6451CF2B329EB38EF1F96D9DA6A10294E0967B45CD3C9A3A002BD99ADB6761C1A6E870A77AD1A1DE65D31DC6F3840C5A10C4C39D9C0308DAB45FDA8BDAFB74819EEF15A83C6A9931EF442AC23027FD0E0A18DB375A4EA720ACB5F797DAA09286F83CD119EF4E8A4FD811CA0D55185C6338591954D35181D4549F8F3B54CBED07D76BE65079FE7C19DC95C4F595DD87F30C430B5793BF4749E539256F519F82291000921F73326FF03C531D2E195C0B65C091ECC1880BE2860F4D5B53BEF7829E338B73BC74A1B0B9956DFE26C487F9C7F0CF321325FE6AC21EB0108E4EB19FC26D50DA82EB887FE5A1E117DE05AC1C3E151A8B24BD5B3BC485950577ABD8A84874F
T=$2

[44]
S=$205AD9
W=-$A29D15799F69E3C382FC00E6115610E145EB80637067C7B94E47F15BF700EAF268795530B4ACE883FC503D3175FD46DE2F04CA1C25301B9DA25F747FC8C7BBA39D67F7592738C67312A36F66AE48FE5BD19A41198B4E76FD24C5962848F6EF7EEA6C204BBD580656C30F8D27704A133672EA81F89C3196594DA2E546A74D0A6903029
J=-$14CD5F5803FA17FD5557D69C76947962CF0FB4981DFCA4CF73FAE27A26D1F79AEA1D4F763BC89609F65DD932B16324465557972E4CBA2BDA04592CFC06A336A9220A787CA552F8ECE2B6C9DF005EC1BD8255FE7F83CE011AF32B444B66F4CB55F92A36D6DAED4044E91801A522393BA2290E427A16A7D793963F5492A9BE90ABE1737DBA4472D28319C7B01CC06264789C95895DF218F356C9E0A65FB6D06D849AEF95871FC7C27182BE7B4F8D45D8D5E5CB0C55EFA82A4062F55249DD688571FF80C35620A32A0CCC91731C20CA00C25265E0E8485811B2CFBE4168B8243394C33E079F53C04074DC5A0A46F5C7B1FFEC820F7AE9F7706669542360797BF1654AB07C5509
T=0

[45]
S=$7A971DBBBB0FDA
W=$A72036C3B0846836C682BAE0164EE7EEE527501752603CC4C15C02880EA764D396CAAC6F22CAB6FF0FDE5B639038D5685F10DAFF3041C1BC5A287A6B3D4A9148813EB23F330969545B85AA89035489DF442509BA71218B4D74CDBF584898ED0E86C784D0C397536A800FA39E297298F59AD660163AB23814BFBA8E11A2A90B8670
J=-$55E99466E576B924186214706FAAEEF3D511320A59EBDCA92202C5016BC3506FA242CA5D92604D1BBC91A04F22CDA871B8134B8B07D53984AF621430E5E0A5934656D1CB32996F56DCB9946AE1BBE653D4FE150463B14EA2735D3B913D0FFD05AB13905C32976DA14FCBD518EA85D4D5F4DBD68EE8ED06B912ADB1A23F4A2B1B4891B2C8F6A34067B13051A0572983D0BE6210476E6B836EF338E4861EC8C5D443B151782E676452570061253B58FEFAF41A32FB50D1AA5DA52CB67F932E9740BA19F7414343C1F1EA7040470D5431C3B696A6D90246E4E716BAF59DCB183021C872AB51DC11729FDAE4374AC875C131588D0B3F6DDC80FE7B6B9DD1AC4D955D000
T=$1

[46]
S=$4AD9452DF22C
W=-$32659D6A9A449B066B94A27CCAC7E9FEE1D545DB28C16B0091B3720ABBAF8387093DA48E9A7A4AA8DBBBEA468F998C7801F06B062BC800BC588F094308E6D32403F4283FCEBAC702AC71B0E0D628E9FB300A191EAAF33B0CBDE3E300EBF414015D9BA47868EB45C959A5115E5BFA4BD5A3C6BFA2D6EBFE917CD283EC9A42
J=$21B0306D3E0E1599A53F171809665A5EB7D59E6A373BCB45601CF3A6278FCB1BAECBFA867CD8EE863D4C8616A7327208FCFDCDF90E7E2A44A37212421C40DF173932394A0DFB3C520F52D00621B328190A265C80E2DECEC22588AD332A1AE4784381226036C8DD9EE907DEF84ADA3E8FC537E07F76ED6BC30BADEE0FDC08A4A1111E887DBC8E609A8CBE4A37919A6E898FEE347E1B2424714A216B805C0EAB640AC0042931D6D1F2938FA8A18014C01D2D62C8E473A5B7AB1399A6D7D761DFA99A1407D9ED1491D21B68DC86F87FCAB27D95AC3BE3570D90445BABB27326E7D5DA59FEEE54C6FFEFE36719FCB052D20DE60DC31CED5C2F0696DAF30
T=0

[47]
S=$104A45
W=$89AC4783D7F8794070BBC31FCE5F16511964185B8D7103A4CC056CCEC43C6A84BD92C98D2C9DDBC20820FF59603BDB223EF45149B3FB8187926AA1EAF4068BB7153F05BE72319C06D63D1A437B417B04517DFADAEA43B4773BCC0557F8F8CBFA4FEA88155D370EA728C169C962DB06A375D0112D8060B1D533DD7
J=$77BDEF6F840B1E7CAA456D25C730B77B7DFF6B5D426164F0AB512C27B8BD09ACEF237899E14417C6561DFD97FA39C415EEEC3C9C7BD7A8283668E2AE4C1E8F713282A79CDD9670AAB93CEF05AAF4FD3DC0E0B8D5E7FB9449F0C8C9E29433E18B789A76A947E0B3B390505F9826281C2B9E101C97A15C2CDE9844256D8B9958172A2A4C2AB5E4054FE17A7F181187BBE1BC5A745FDE066492D6D7F857674015F60DA0A4F5179E5A8C9D2E37D51DEFCE64197327937EB0DBF1BC96F865CFC1F82BA112D2B82BA1CC7D9741BA99C4576172CC193BC527F585580CC7CAEC141D7C27309C71028F6E6A74047491A9632CDF0EF1B7AF053F4
T=$2

[48]
S=$11024147
W=$278763911190F3BAD00FB706A663F0CA3DE5FE687B10042FBAF8B9AFAA2E9DC533F2445118ED561D2E348B2A5C43FB29E906C05F875AAB5A4D0E83AE483161352E49CCF992601BE8CB97625E04797A57D1B5FB5E56C09A9BA7796CB2568C7B5FF7AF63D98363472B4FE7179AFDE87CFFA5E67467A61E4556FCB7
J=$A82D04B7EF4ED600976F235CBF5683684306196B9C2C4CC291CE16E646B0C2BBAECA7C8E6E0E96AC8D24445BC3C58869316DB00941FE462B5282628BD54E5D2DB84D4AB0F2492A9A9922F22B0ABC769AA7AAE70A0E5BEC786705E3B7488E615576B7F06AB783BC7D748E682F042E83E65D9EB69C6492A8F6736EAFAFFCDFCDC068B1FBC19F5CABAD9E2760C8B027A9BF0DD22C55C6C4D8695C3488C9F7697D6D77310BECA7198A00F8C1C7EC8A767C6E815C27C9BEB88FF7FD0404D3491405FC47A1008D55C2BE63FBBD3A3DC27417323B18A537E7DD09E5E61BB3BC1FD8B82F028BE1F999265902B62915F1C5732618C000AA
T=$2

[49]
S=$2C593
W=-$8BB7D61DB5B83D05CEAD109EB144C07BA5FEDA84CBC82F541C92C65A8D8338FFBCC252C7D06BDBF9FE8247A95B6874A5FF042371E2C3596F2D0246FEACB0E8B843347D3A4FC7C05137D5EE6B62FE47B764A20810AD00B43E02AD17B34C15FDFFA09FF6AEAFFBF308F9700C5A488584FFD71C9AE9CC875253
A=-$84B750
B=$24C7B73A2
T=0

[50]
S=$2BA4400
W=$5C3427928AD8E0D7435D1D96DCDBD594948C8AF875F0F0DDA65A1142D0FCCB872FA76E025A4BAB0FECDEB69DA7D917C5EB94F3AF4F7BFC2D6753C2D9229C5891B39CB7DDC8252A4A8B1BFD69246721905BA5A00F73AD824CC6C3BDF4B2883B45181882C37B5086D5AA9A3C142B914CE235CF226F52BD10
A=-$23
B=$62
T=0

[51]
S=$51E1C
W=$36F719C863F5F638EB0A1FFD14AE2FF67021DE7D713AC2FBDC9449BD925BF692543DACF6A3B178191C68D92A1BB252ACF32E422D791BE7E3B6729F15F875AA9E35A16F512D39144CE2C0D5F21E2A660C01D3959226D5B93A09152DFA43FB075D3F2EAA5EDCFEE56BE5A1DB2E85061715A0F6009348A
J=-$6BCD37737874F1D70C0D57BC0688C1B3ABDA001044F560E81EA68B2B16D355963C3FE651812406A3DEF59F59BFCF1A455BB75D970FEFDE3A8DBE727C4B065E060373E8F66DCB2120A1B9408A972432E3F2BF46B7B6E24B3FEBD99DB85B7A39990630D531B36F15E20B9BAC6DFD01974DC2BB8B097B1F169C113FE63CB7257F0B4C997165F17F9C765182308A33318A2D583352CBDBAD55586E4F45045EF447607F3E2085C630863D805FFD80812D770D9E366B87CCFDEBCD28EEE81CA1EDB044CD70CA2EEFA5BE629F96EF1885B71B97EEF029728708300EF08F2FE80A5C6536BF1AAAF234B08749A78D
T=$5

[52]
S=$2E0834
W=-$17A42EE1CD321068B36C57428BB659A2C85F3FE2481253D4C0EDB2D3E04E67CC19FD819E111E1462649534C8ED83C14BDF0A88E006E20ACE61898F8BF007A007A61599BFED98DA761AE13619EA5A99F84C8CCB9B4F699298BD627907E46429BD624C51D110414F9FDBEEEB4F028F12BC284598FCC
A=0
B=-$261CFAA95B6DE754CA5EABCB5EAD4D7B8D28ECFC3834F61EAE4EB31F118013A7B9995F79E7BFA26EBB11AECA57EE347DE6FFA4C1DDED88C83E79861FF8026DE6A207B1F75DF1478CF7EBB9F50DC2584D42905CA6E4DE03DA505AC131A819A7CE25D87505488136DBB24FCF47571210A2D69ABEFE49B265F7D41572AD356EF15385B79259DF3996EBF086B43306BEFE1D18088B9AA8E56963E9AD9291639CB933222F4B36D5A19A0FAEA820B18FE0837ADC229FF31334C11642C1D6F80AC87E2F821AD6703FF1ECC4C95ABEBA89A771B3DAF3E1F40B82CD5A465842BD7798A3E569B855255A6131E0
T=$2

[53]
S=$252B70D
W=-$20656B5A1E45D830E3EDBE4165C50F184471AD3695E514ADDD5EEA3213CB0B11D6B524C9D283DE6BA6DD2345270B209C4F7C1741E1E3812BEB80F179510AFB472E9928501DED5D7DE294E981E33ECEAC01E9564B97368028042DB8A8D40F98E126B231268A306F576641CD73D80915DA591339
J=$4603FD0E80C962D5440342E0C387B4BA43FE5FCCF3A25D4D2B68EE2189FADD9B0C323A3DB8ED00D7047E08EA3DA42625008FD5D8878C32E9C1E6A43DA28C6DE3FCB1C53DA274B679229B4998CDEED38ABC75F912808BA6C802A9376ADFBCCFDED7188716D4339A4CDF55732D938C728A9728341E89C90202DF34C5F6CBBF34AEF4C0E6EC49FF2771C7FC7D2106290889E6965901751A0256270B785C0C458FF804E6E35F11C74B5160EB80B3AFFB480CE0C8DF6A02F7EEB657BA241162089E7CFA59BD9A9FBCE6683D4395DF7BE01E8C3A48426390C839A3148C9CDC353C5D0942AF608EEF
T=0

[54]
S=$397E7F664
W=$1F3BB0C6E9ED005CBBE27AFDCAE21E94CEA1391C6C493A0717F8C5B628A182D5288A6940334451236A9F1F87C2FE90A028197D2171F5FEF8DB0EB0213E9AC56ADAFAD5830C91DEA2E5BE9B1590192078F60410E63C286F94829B83E71040213561DC2288AF35E0E0C724066373B5AE85442
J=$A447D1E0292D4FD33D4CF32A2AC97A1BBEA2C74BA6E190DBE4C32C463CC4B399D950272EE629FFFFCED00396A0A6DF47B3E3DA4D10EC012C70C74C390223FDDD7A42AEA55DDDB8782F97979EDA73CB1BB11CEA254AA5799FEEEBA3798BB26D91F4DE2666E37E6E9A36316B01A672D8A216475651238CA7C1A01B16D1B5C7967755794B7D3DBF621B5E5A061B7403F636347F2F96D4F36A8765D7C6974A60F8DF73A48E7FF229CBDD5C86CF3F81417EA92B46AAFC2B7BE9CA819DC07372E7582CA0468FF5225A5AF61684937E1DFCB2E5394D45628684740182C8EB1A2CDC9D2FBAF2
T=$3

[55]
S=$21CCE8FE0D4
W=-$10B3519562CCEF7572203DA1F9ECF96B5A8A84F9EDBFD01F9CE4E1F81248426D82947F2F005FDBBEEC71A2FEE8A172D592AC7278C0C524A1A4D443FC93505E2085CF6F5B5B2A911DE1C10434DD2E845CC4511F3BFCC49A57E70730EC616BAE5EF0E11620B6307162A57D900469AA024
J=-$6ACA9CC7FC93178DDDED911A506EF2EE6CE2FA2F5874EC276C53C413626B0C4218A297AF72109A15B98370B41FD70EF7BC28AA61C4D83C6BEAFCEDC41B5546BBFAC1740E40F2D6F4A2ADE0122FA06FA0C77FDDC143E6A6FC040AEC3932B382E0CF8407635E5118D19E1A8DADB02BD6DF509DD8DC0DAF87BB663D6617179CCC4ADE9E2EE0DDB7DDCA38CF4530DD94A27877CAF6DE219A27EB592CA99AD874E68A5920D1139F956E08FAF034DCB3C9662BC82A873336ECD5DBECA1A1B349DE1F84CC1A7B9096E606EFE44C98E04C6EB43FF06B9BFA41474BA62B23DC9C81F
T=$1

[56]
S=$96D6C1FAC
W=-$D8ED7BF43B83930A6E4035F9156B2190ECF292B09E57735D637D3E4A393ABDF0CA1271463CD19E1AC5614276FA75CBFDAAC695F861FE123099984F5A963427D19EC58A6F90D59B01A6812A8197F7F2E00C9D6ADE148DE4DCD980EB2FEF7959BB267A43D9F5D34D50DD656CB90
J=-$162B419657C93976456949023E36A5B7D3F59DDA755541AFF3A9E9824BD37C8C6E935869C882C9B74319F297F3DF740750890931F5FBBA88A5DDA15C579C0942C609A9FE93BE415AF136F72EC9510973D26872010159E014DEBCAB4B1B377513269C69C4846BC5710C2494AFFC52152AF87CF987A8DFBDD6475265C73C4A8F91D3161033738555A7C99F36964E98ED9FD3F7F8E37CC0DC552B24E342D7479B2D562F298D62456863F2647EA0D979DBBBF1177DDEA4E352A67925805B28AF73CBA0C4CD4BB8763539508240D132D892877A04BE1780DA96A9CE
T=0

[57]
S=$56D04
W=$6C8B1824E4790CA163067112768295E6FD2A988312BB13CFF56A74F74E7398AD1828871D50ACF57B23092EDA356D8323482EA6FF2BC2AEA2253CD81FEAC5A76F70ED09D3A892A9646BD2DF08B1074B075500F195B1F17732AC0505DB52BF0171F6FFC1CA21E906908BF2
A=$1
B=0
T=$3

[58]
S=$11669C
W=-$1BD3E2049652E4D8F285EAF4BE5A0445EF023ED51B28D1A617F60878BFFCA645BF0163CAE3D07E6BC04EF51521103104377FF4E6A36AC7696881826C4216F15CD857CC73376FD1C7858F874D8C3A492031B419CD9628385850D5664D320E5F099D7F3632E9B05893BAA
J=-$2587E129CEC658AF49A5440DBE470BEA49C0C82B657C3A744D9E0DDC0085B6652651D309DA7DFF17662245E412DF546DA58C55EC568189EE94171A5F83AFE99ECCA0BBA853AEE56DA7D782C28ABFC7825CA510F5CBD2ABB35A3E940194123D572AE3159A04DB0905410D65AC33A73871D9B065187159E91D852D816965AFC4815B1D0E6973A0C484FB9B781374EC7BEE788ED6877F90DF4034BF55F51178D9396CA79AC28844434F9FC9B3A82B875A79EC05D4D8F0B0C544480186B553370854F84B0EE392E37E8DDC02103A46E8AF87E8DB
T=0

[59]
S=$138E5E3C6
W=-$720A65514D3C9231B2C013A07E309BBA4B1C376EDE882212736534465F8F6268726985C2C0F22D7C656CF6BB6BCA93E4C03DAF39D04D3087423719D589E8569F3BDF928D688940D61D39A990529EAB7ED20542E48273E205093562CEA939237F32838BD53214F0A6
J=$A9820E0B85FC954BB0DCDBD844AEC87E8106E16069E27777996A46AEB0710CB949BBF107E0D7EA3C1F3B70B09DDC57AC5EF788B8B405EB1DFA474B1107EEE9D30E05814219D22CAA34E0C56164BD21F3393A2E38B5F5C2597BC7893A6727787502A33624DD10B4644CF873E4340A5912D8FE1008D89C405DAC06CE06A832A65BF43C099152A0C87C3864F7CEDB66C23393B02B28E084E0743ED9011505D55FDE3E381F08064AE79FAFF150754C773FF4D01B08461C1E31F3514F32A8C2F8B53BA4FA030C77DB9165995CA262295747
T=$1

[60]
S=$73839292
W=$37313757E467C41F6A28A558998D6EEFB639310C6C0F43B549F3D030F9DB61500C8E0C72C2D94D343FF8862CE80A025700CCB7CBDE27EA5F1000B2CC5C0F68F6C8DFD6D9483CDA2E29E5A4E545A1E68A77DF8D75C5659DD52CE2D643BDE90A1E9D0B00CD8216
J=$270BA5A1A401FF75C9A100D147D5C38730E23FC4ACE3030FD55317CDBA89624698D8219DA98F7E4AD4D73DF5087D13439058EB4A7EB4331EB3F2A19C0D43FCBECCD7EDFD85C4B0066C0A04FE86F5F38F71976CC347916B888ECCC610945BCAFEE73974770B233C7C4687EE62E2C7FCE48D018FBE9BD4FB2A0213A5D45F4406207AF8BE0FFFC1292EB785C1B256A15C055857C1DCC789961137924807F671123435A6F668BC814FE608C77F980748FE0DF3329D9CBC3843EF15FDF77F8A759F0DDC16C23684EA46BED7FEC1A
T=$3

[61]
S=$2D23D94A
W=-$9A610881F7C2C6D4473D72A59AEDECC57E2CAB6E091B79A85C751E0787F33AD871E4011B9552E0992C17C86478659965D1A06A09940842F5FCA090599C1E8424F8766265A0B9F0FDCDF718CF86253D17CCA4C06D5AA6C28BE3996F98FC3ABF856C971E68
J=$9AF8AD914D9241F22A1115BE7EFEEDB13DF021477227DDA09C22F6A19BE25D91FAA7EB5E8F1C98C6FFD0DA94FA6532ADE1C4798D104B9F254255A81495439F71B3B0162996B9899D9C507DADB0BC8ECE6CDA2D7456BC85434D63915664307057212993A0D97FB9408A57FDD5F296F76A2277EAF3DC80DD93160D3484542725622EA771781559780070AAF01B80FBFB026434DDCF28FCD5EB541C325E016022F511819F900AD39DA576FA75D7D74298E171C68F88324BEFC775A42CFB1540159B6A687B0A683DB4
T=0

[62]
S=$49763B
W=-$40AA774E6F15F8EB4A280F514BDB8AABC360E581D159BD3F77531BBDEB6739EB261F2A04AC0372EA500A0830F3120A6CD411C6D2FB12402C270E1FF85026911A7D72608DC31F0CEA1B79B499E9868807470E4AF639CC6145470FD55C19D3F357526F
J=$232107C40BCF4005B262A14ADAD999792CE6747040055AC7C5991C85A477DA1A5E0AF8661B489700C503BBF73E370D2F18C3F0ECB8FD5627560D5BD2919CAAEC2485F55DD3648D315D7B1F1B2B4365C3263FBDB4630DADDAC0AD2592A0C737B220801E3340D5046401E4217B9DC0F938DCF5AE8476512F6DF5BD8B7B7D9BEC64154D3F9E2D1F7E1937A37C57A0F1490CDF36AE6D5CDC7F06849423181C867FCE51CE2B1C97C35607D1AE1BFE35FBF6F438A44C26F4C2611A0C8AFB2C02AC9CEFB5A59E7B
T=$2

[63]
S=$A2A9F32390
W=-$173AEC32CDDB1E8F02DE4F280514963BCE4DD5BD0C724FA63B682D91CBD37BBCE08D175C77AEEBD9F15B5A3CD68D69DB220BD16563C9E490B0FDF7EBE3B0B43598CF62E9463BA4A8A88775BEF249D42C4F6BDB06BBF08E1B6D87C3E42ED86459A6
J=-$576DC2DC34A9767C2E9179AF669B650C9EFB48D834E9AAEB3A21706401AC07E4FCDF507CB70B7C5083416356C592822A6852834811696637FFC137C118F4E54507C7C0A737DBDD7281FDBF888F8C4644528B97FFA052A8BC4BC0784FB960728DC69DA1391C9443E8A8C2B78708F91BBC9EB353BF7AC7285575A3D71FC3F0DB81FF588E8A6C77022855375BB04BCF8F50B05E55F8049F8862731AEBD00937A1179BED68615945BCFFA86686DAA770A6F3846B57C315B41CB1E2520760E3C8BBD80
T=$4

[64]
S=$8550B377
W=-$37D8E6993888A990353C07BB90CB9FAC53BC61778CAA839F72194341F0912B67F90E89DC2A37D11C75FB6C0F1C67C689CB3495988F6BBB711A6D85B81354608809C2C71EA646732D82A2ED8A3D831A2FFB8C8D3D7A172CBBE2F6FD48D2A79
J=$A7BAF957E47F104FF906097EE64FDB9E4C4EA2E4D0FE0F09204947EC12EE9F06505EA4F3BBB348C3A44614A735B736261DF64B951225AF6697844F050A116E1D079B49681D91B71E24CB23645E3A3133C63286518094F3C010EAC8A5C68747B590118291F1495588247E31680AB49ADF3115B5B76872A4E1DA82FD97DAE3864C84245F56A181A3C014E8462A90CF0781414538BE9A2B8BBE263C15FDF7CB34FE063896D2CFA95F3A127149F7181FA9ACDF29809F0478D8210E19A972
T=$5

[65]
S=$19E97B292660DAA233ED0
W=-$14E811FEBA4BF368199EA0A6D3F09CDDC6132B83A299AEE997C3902AC3581F18ACCE659C309E97789BAC0B1A83098BB7B91524F0EC777B22C270DE0E10B4A33A0312E4AB0F8A91C385D4D1ADA398A76FD617139EEB662AEE73F1FCFC
J=$23E157B05A60B91FE77903DBBEFAA3B518CA1951035812C4EC2137F929CC80EC41D0D850D099E266CA6E5703B05A3C2D43D79DED4AEAAE0E321C82B206E3E798C73599FADDC8845E94CA40E8CCEBA168339EF81C8FEBE7FD51AFECFCE7CD24BA1FB55DF6AEB6B013C7400487239CFB12F60A1ADFADE545841EC4923D91F1452F313701824C7101862328BF4B840FF2C4EA6C8E4624661AE83A893832FA0410407283467D47EF0209D20523BD8E369EBFFFA88B1EDE9AB9DD3
T=0

[66]
S=$26337C
W=-$FCC40BE262F727D966E0AB36AC0C82468179113C4A49F98B204F5FEC7B8E5ED442BB092020703499E7E89F44DDE0AC43F2F2CE660D926960C4D13A0FA9B4F89FE142B925055B82321BCBF80690BE37A059A8B43ECFFFB0
J=$1C5FBA5C77DEFD57170EF89F741BA83B2602A1394B75CEF9C9A06FA43824A089A37396FB0B5E6575B3C09010CC530BC1A7A9CDB4BC53C5654DF22068D67026F3D10F1CB958B8921B890A175E5EF2C3028D6834BBDCD6CEF22AECD56922FF30F684430D753EE9FADE7C91842CB72FA732FB7B169C726CE5B182B9109F48AC9B9322DD1940906F97F48230FC55266093C55D7359C30FBE5EAC69B55B2CB4562B03818E547C844ADA01D124B534EC26
T=0

[67]
S=$2C24E7314
W=$73B30D5EE0954E97C1567416BB8963E0E761C3CB520A0C6831A5B3A7F089AF1E26C0B70196DF9538D57CA42C139E0279CFB7FFC107EA40FA870EF9CB5C34D65260F7AB256925C3FC16AA403459B67799EEC6D1C635E0
J=-$6F79975CA5E17FEACAAB4891FD48EA87737A4BE9B1767A9E4480E0CD4E2C2F46F132F3D2147B284D862DA1881194011A31118C5CD7011EE2C0DD74749861347165EC26DC167EEDA75B0938F1CF375F8B11F1C47B9CDB93FB93F4237B545152084E0AE69FB5D2698248130D753E6316592638706DD2EBF6C21F8A23E013709C17B2D02F9587828C1EA842E61CAF67C896C9F825B820B62A3D6E3DD7830DDBD5D63A166F1A1EB145129697AC3
T=0

[68]
S=$918F97
W=-$4F5835A54909218D71AF188CB49A8104AAD11D0151520A0CDCC7881CC8813A9269AE80CCA777692290551056ADDB28576D66A5F9BEBEE1B808928A066E6D3B99948DAB49259769504E7CAE0E07B527C49A374549
A=-$98
B=$2D2
T=$1

[69]
S=$4CE0A6C90
W=$1A4277F6BD65374FF1774D00CE87FCC6A821A4FA8F26D3988728D436907B0419890C5113B8A7DD50EA0CD31B79D33547749B83D420E82418D460506D69F8195FFB2BE78424DB1AFE07443B6B5A04520E17EFA
J=-$29DD685D39880C243CD8A0432581E8BA8179B1321518DBCE4DC52ACEEF9FE3E8C600783B17820D7A2657603BB7F338DEEBC81452BB6DC0CCFECA0DF9CCA904A2D44B5CDB31CCC5BC647F1E1D2CB1449B2625A276369357CE8026ADB16CC4460FA686627429E943B0374FC1B1B467F00BB8CC9475FDFBA3F470450E99A05100E820CEBAA426D28A9EB551F81139E7E6B38FBBDEE9CC50E37F0F14624CDE5A8333BD98ECA75
T=0

[70]
S=$54418
W=$329FB0CBA0669E222917069EE5672B75626B4E68015683F267931B740E3CB1E4E12D136FFBF99DFCBACA8B7A0A9509874BE501267D335D96E3917305FEEC18F64173D800D5B75D1B5F215662FFDA07852
J=-$A531200F651161C10900901A9856EEFF8B77AA85143C0E56F09ADD6314DC36D0B36EDE48F962ADC6C822F78C5BA3FDCACF2F03238DCA1B0C35953FFB949B564A514F718284C3F34109433A3FC7868DBC3A26F1FD308B34CF2BF303694628ADCAD69B6970997B3DBF76CFB2D1AD19A5013D4EB0A6F05898092184B80B84CA191C72642F564DBEA8AA45A76B486501AF01A27AF63F4E0F489B1C300718FAA5AB41
T=$2

[71]
S=$5431
W=-$186721D41068CA4E1EB4026DC999ABD9FBB61420185A4F9A2EEA2111776A935BA89D97990320EA8F9F111503C4D59F4B7A640153F9E7BE92D4C0132DE8923F96AF0C55D3DC6F61BE3CE41F23D28F9BB
J=$1ADCCFE791209B88640C53E7BACF57868CF76B9F51794CA2AF1B2D0339DD798EA1FEDE1E72E71174B353D2E322A44FC07A89D4CCE479DE68B5F7CBDB62A28691EB79731A09C68C35604BAB7907D87B0DB2D53BD121D11087DC58B30A5341184E0D1B17FE9AE798C6B79079E2F439603743B63879B22B1BA932188AD35CE3BA26FC0431025BDA078784B5CA8C184C9B5B27F4E512045BE02888815B5DF5E3
T=$1

[72]
S=$189C09C
W=$25681E496FD3DFA31F578448B00E0667B57F348734C700E0CA0224E6E0244FC01B61DBAE7F4D7046D10815B446E72FF38257B181DE747BE22E2D7801FB582283EB8C7A87CE5B799A853A3E93AE9B8
J=$BF4CCC6422652C08623CDD3D5D74670F336A7865F6DC5751A54FD72833BEC48747B4EB0CC93DDA650F764C8BC12D22FFCA5C1B7AD68888ECF1A6A403B948C1D4D8732D0153951FB9378036F9BB6402EF5EFFCA8AD6A888D56A14948FA56A8472ED7DFD48F4BBD324A747305E9AFB9E213113ADDAD32021D968FECA0B4F13A9EA0CFDBAC212AD6818D3FB9A457CB809A68F9F6527A91116CD8300D9A1
T=$1

[73]
S=$940D97D
W=$22C25AA982A80DFD1D7379EA801B59A5576381A7F8FD24B8F9B1ED865A08BD1BF4959C2B2E4D1642C7E5C37439F77D38C3C179A19EDCA9E6B639723733D1A4142735601E278AD4D7D801412967
J=$67E2F377274257D6B10BC23BB154DC0101B8C10B7C8399C620017EB9E0291837484CF4127E654AD5E37E814477E26E81DF53D610C31AA1A4411007263E727C4EC1361EC166694E0B4F39A54ED5987A50D2EF199E2356EA996EB8AE7AC2AC251F368A6C59FD68BBACC032206092682DA0C9AAA8EEF4881E7522A7CDCE8A7BD1368274D4F53EB98671E5A939EE361A9A6905637BE55197DE2719
T=0

[74]
S=$C7A686
W=$A7E58F810A020594D492F2CBCA9BE45CBD9BE9E083267E6973FBE7AF048667452289D5B082C0B03E098B0D399EE13567E3A8D54BD10953F24482164528C5FFDA11A15C3D974AFF314A8360
J=$7F7D57E510015BD540E1F64303864E7CF8ED60BBA7354B284929FDEC59A022DA336B0B783CC724DD7990FA951EE5770F8D7E3976BCC7A488355BB754653BDCCDDE304C5781685939D512C6BCDBEC2FA1981174E45CEF353C34E3671ABC538D1E10754B22FD4C0FFFD72FE5C3843DE6F1BCE04421EE99C20A174119A4A956C33058433268685C4378FF338B689997102229FAB729883
T=$1

[75]
S=$4F7B9
W=$5A5853BC3C25C7B034B4AFBD79C3A3BC01A319042664EDD6D28CDB9894DE4557255C37548028CE8F12FFE42CF7CB03950CA31F11ACC47810F7ACF23E222E1CD159E96950E3E3213F023
A=-$108
B=$69E
T=0

[76]
S=$984BDE3
W=-$3E65AA7F11A6CEEBF76AD724D0F48BD52AC991CEDD178F2A6824983B7E4BF609BDA5B8D26F4391E07C3693E9B916F903ADF183016CB870BB115329F6734CC07AB9DAAD77B35733E9D
J=$1EE69B8DFA1CFF704B9769706EB6EBC9F4CF37ED3BB32C60C25F61270B46B0204526B104C857C8F5F24732D1ED28CF78F748EE260666364969C82268074E6B96EF8C664C55123B0C3A763BD33322B7B79A3A8DC2122504A63874B90C5869150ECACF7D24286A1453133EBC10D5A46AD187FFFF4D458C21C52EB8D3780C5E85E7FD26D7B8FACCA48B91B79CCFB1B53BF31
T=0

[77]
S=$AD8F2CD27B
W=-$5F102DBCC5F4D016A4376F3BA69F1A665E8245EC4EDAB524FCE3E55595F34E4B8CC7EEE54FEEFDECA58FBB6E59729CC748251045B7214E36DAF89EE53AD8CD746F07501184F
J=-$49FC520C244B0B2D94F0C2F601C527DD87E1813069C06119201843B457F479AEF630C2DD82559A4DD6DE6BFE4F4D4FE7FA7DCC55D11BABF4FB0B294FCD9B3D9DE398F4A9E5F5ABC3AA2F5EC8D4CE0724A526AB271825DCEE13005A1C81D15209403F0AC822CD33BF5A969BAD57624175DAFD77C6B1253AEE6DE48FD38CFF39F08C3CB655CFB929D01C966C714F
T=$3

[78]
S=$3184EEA
Q=$3

[79]
S=$17ED25D53
W=$14AE6AD521A03E3AFB928CFF03680141D8896674C39AB73F90CFBE1DB99EEE32B8A2223806B7DB19931E6935F367ABE41FE0EB406D59764A697634204E0AA8B8AB36B9
J=$9084E2EEADD8023B29AE372DD801A99BB035840E8642CD77F48D0E4666802B3EE7EDADAAF2DD723C1EFBC31F4BC40D717F79676BDCA464FB7278978FABED744AD54FA1CAC883D638585712DC0DCD5C04539477B4720C3D286C85277D4663B7E3A0CC00E28AD197A540F901C9CD4B9F1CF81C0C012F070A8CD8AFF3EC0F02D7546EDFB20CD
T=$3

[80]
S=$4D55DA4
W=-$300515D77C49B279142B9417748B703B28EE7E255AFCF7EF584683F2794E106ED6197A086E2CFFDC4071D6D807D76B7043543C398F2381564212CBA136BE9C47E
J=-$615A89531BB1E528B27296B462626CA538A24CA90C2DDB9E815B11DEFE1B6DC0D383136A3E0E6A823A838231B7EA94EC02025209D698A3B730257A754A4FEDAFB56E1329D4355C1BE629A982EAC12F358E9D8826A4C8D98ACF3CCC0CCF20F7F4731ACE01E7B0241AC951EDB83C4FC0BA6F7445C683C1660E03CE6BE46463C61FE
T=0

[81]
S=$2CC95B
W=-$594F072650D14D1EB44573ACA534BF451F4326C7212036EA651A2D97378406ED35AD0DA009DB3C724AA77D8808469C99C2267194C6A50BAA44A2BD3FEFCD6D
A=-$108
B=$69E
T=0

[82]
S=$300F75
W=-$1212E4B55C36FFDB2254F1624E8A7D81489F250D8E479D0F94F6674FFC929BCC9E3852F4118CCCBD207DC8BB062F0C06427B2A312DE88DDF0547D883847D
A=-$98
B=$2D2
T=$2

[83]
S=$31E9AF80416E6
W=$11B3FACA901B619EC566F8BB42DCB6FB5113D2EB3B21957502FF0E8B5822DE30D6305DCC9FCDAD26ECCC49A19E4DC6D5D618E478894CED35DCF6A089E
J=-$230AE642B29F1D027BD8D732843BC00E174C9DC630B42D8FCBC280F1587C899997498D85F7B21205F1CF2970F507232785ADADBB8533CAF4BFE993C38761B0D3DD70B1F8125B4EED8AF6237CAA4E241FB1915ACC37CD6720E3722FFFB45788E790B21C2CE262A21F60AB693778C9925DC80951054D435E8
T=0

[84]
S=$C77808
W=$180FB812E1440BB8673691BD84AE40618CF2BCD47E52350D80664FB6C2A6D8911F8727D9E0F2CCCB23E0DB842A2AEBCE29E1586B7B878595482
J=$1A68A1B79FB7D5A0EEAB5FA7B6974B4F7DEE56F044381FC768DF14106AE5BA23F31FA4B4F93AB27E6582115F5990F06487E3719CCDC5641CE949041901FB13159ACA9D8D24F3B170AF213C73D1237DB49BD3EB8256A922331C4D75C2D1B68776A3F072BA5EDB3F261A0BF31032998738602D
T=0

[85]
S=$31E63
W=$185CEC88895EBFE3569ECCC2E3CA911DD046946D7252ABD3F0CCB53CAAD7407EEE59D5C34AB27E4CE2FD226EDCB383C4237E12122D37E4D5
J=-$BBDB5103460B939B76A4E782797F565289F897C7E69C5763A447FDC8455A2CBDAE87E71F1D4D6A22CF6AC1A9EB83B9BBFE210B28F810A44A042F50EBF3A4CEDE94062F8815B028230D3CB3CA78A065EDD433A693441261A330A5C33AA48A9D88B15517B6A99A4DFDAEA47F77B69EF
T=$2

[86]
S=$3D8A0
W=-$BFB4DDAB521A7C0C2A160D53B24CE71D04BD30BC75A4EEBA019EAAE1F6ECE6EBEEB2F1F44C0ED2A095D2B187568B79A54834258472BDE
J=-$CED9BF59E6FD1B7C802443407F446976708998A75DA568A8E82C19A92FC0D8C25D54F923BDF43C941DC146F86E7C7F556DF1109F27C59CB86EB61C1C851BCD1FE5E3B393EA147FC276C2D85D541BB68494B2FCC1C7300A7B2E63CD1C97195C9620B6F9B1DB18A6D069CC85170
T=0

[87]
S=$6B8A0FC1
W=$3F267A808AF7ACE7FB4466A3ACC297E21989B5B71FD92FE09ACC7185FAE311737D3CD05DCD62F731112429B9F7A216595EE1EE239AD
A=0
B=$B
T=$2

[88]
S=$AE
B=$2

[89]
S=$11EC4DA8C244
W=-$5F34A1B9006B14DDC6944DDAB6F10BF35898C7F60465EBF22898E16EA8362F3BC4B22CF0F2680C22B6629795041F2FD439A564
J=$18AF8D774C3A912A56BF94276A5AA3010E6153950FA13A3FEDF3C051294528D274D888D93C292DF2B84D4B777848E3005C4C566EAC7883354A76D4AD67A06D8EC994634F8318F05FC59DDA14734B4A82D8542F1BB9B392DF8103203EFB5AF20E3A47B0B62CA3
T=0

[90]
S=$90A2B0F6
W=-$148715C943C70ABB2A73CB4C77FAD1E84A0B5B70CBBFA14D598A9AF9704C20CC7AF45850CC2BA4FECA745BD5EB0163F9E
J=$1974C54A1DB2C4007F5031C36315771D4CACDAA07DF07B8B7479CF8EDA99CC0D36523467D767F8E33621E8D9DDF83B44188412048F093E2F6088F85B98AEA915C41D296D25BF34AB3AC1BA5B126A427F185A0F26A3AC46DE55D3968F4A5D7DEF
T=$2

[91]
S=$1F2C4
W=-$17A327483E9431C517DFE5F42F90F0B8390FF8A2ED48194DDBFFC60B53816B97AB5256B4B50CAD20B7061EC9A779A
J=$2BBE535234D00508CD6ED81A69C01FA5940C26422EF6DDE2AD34EB75F2E7C5B8FE10DAB9B744785905B9D2381DCBF9ADC9A972C0DD9FDA2EB46229811E8AE168E2570CB0F2F5EBCB4DE2D1D34F97E2872DCD854EBBD717F58990E315F
T=$7

[92]
S=$18414
W=$11A9EEEBB9474596BB55864FAB52E2F0FBA8AA002C489BDDD7FA1E078A93C3895F33A06569AD455302BFCA0B82E
J=$92CA6243E31EB8250B923378B06FDCCAAD043680CAD77617899827D193CD58516E081D8B69010153F7EC258FD83267F11020B69F5E05BDE73B860D186E1CD7FE50F4EB336265208462DD4FD2F5D7511F577D36937B81646EE1CB
T=0

[93]
S=$5345FFFC
W=-$26D0AACE9A33AF34BE4CF9ACA034887B96AC895A08B1EC5EA3BD9D2DC48AA7130EA0BD66F96A21AFBAFC300F6
J=-$DB0910D22DFDDBE2737A188CF8002610C6FC26F43C096CD38E4EBAA8D9AAF3AABFBC2DE07DD97133F054F7872FA3935E9638A937B8893B87FFE4578217F29F976EC4E540EB698AE1ACA3C085C76A2742D6E78749AFA03FB6
T=$2

[94]
S=$2F99BAC
W=$67430A1DCFC54E928DC86BE4AAA229D9018CC2304C194F8B219C89A4B24B7A00B310613B5D806ABE1B06
J=$167343E868C4639265FBFA29BE6F882A3B168D14480B8AEE3494EED5A1791E6146E9FCEB5B5236AF8961AA2205A5DB850A41D82E50E5CA948483E739B5B7532D114007FE154E4FB1E9D989B1BBEFB0CAC936647D
T=0

[95]
S=$1E64B4
W=$14DF68F1B2F17CAD32E32DA2BB0EABCBDDA294305E212E85AB76D06879C515980D4002FB6F767E4058
J=-$E17ACB3C575762611ED0B6B64BA8001987A772C890B9EE860FD66B05E6AD36BE0AA1A841ED2FAE9BC196C3D3C7CD2B85F6F6C7915B45BA2526948EEE741C7C1B74A8AC41760DCC5A67ECE45D8D3EC28A45
T=0

[96]
S=$14B3594
W=$11750A31AD3DCE061A91EAADE55CA16579C33AF5C91C8AFEA05EB57D2E4ED95CC32DC66C664D928
A=0
B=$3
T=$1

[97]
S=$1134FC09055
W=-$6F887758E7AE36161061CCC186A13EF02645440DAC38E671BEEDE7E07507EB21B92E2FC482F9
A=0
B=$1D
T=$1

[98]
S=$43E
B=$2

[99]
S=$B3460
W=-$1AEB87B12CACE6A5CA55839B06949806C908C96703FA9365CA146E271E928E63581402
J=-$E0B9DBCA78B98C5395F58A89A93A6DEBA742F13618AAC2F6B1E5E86E8EF2EAD5AFEC7C7400DB2F37D070F7A6411E977FCA79F8C780D2D075F6A328362D92E47E34140D242B
T=$3

[100]
S=$34B6F7EA
W=$F25A75C81FDEB6631927A30A5AE486CC3088B7071630DE1903DDB599604A0FC3548
J=-$85393DCF21BE63808FC98411F597D75477BDD0D0214F2ED955BEF0E2E93C83023723B72AE9EBEF6B7E783F91962D076726C5A4C4562B4CD024123FB02E073A55B5A7A
T=0

[101]
S=$27EC73D2
W=-$B33AD65AD2DF86B6FD670E2E4CD317529827FC703B39310404990E8B45591D6
J=-$71CFB1B456AABC11CDEB88DC16158A5BBB6FB4516504209D4A51F7879CE778AE7E53C9847AEADFF368D43D01BA2439BC0EBD454A126AD5122E71B47D1A94C4
T=$2

[102]
S=$6EF61A1
W=-$586C56BB5582B316CB04E5AE01385FD813D7DF31258509D06464D55AD8EB
J=$39F9964DD7C6FC5E3188693BE9E2A3D9FB6C843D7114711170F85BC6C9597A2ECE4982583BA5B6762B78D03B5612FAAFB029C7D742FC8D66286B0E3
T=0

[103]
S=$EA79DC
W=-$F1A1BEB8E45598966C9CD59D252A99F6FA2CA0B8FCCA309F83DBB990
J=$206E8B151D37462DE53058DB144F897C69526D28220B476ACEF867CB050400973D52CE1CD944D1ABC86630C6A2A746BBC0767BB56EE4BFD3
T=0

[104]
S=$2DC5F5C
W=-$22D80EA861CB4BA3D987A5719F6A2661453E2A2CB82EE04452D474
A=0
B=$3
T=$1

[105]
S=$327C778217C3
W=$4426EA2B07202D31E0BD515BA8EC682F52D7420880EBA1B537
J=-$2151C15F834B7EA278C64FE95832E6ABF89A95B7A49578854954A81C8AA1680E45BCAAB08D12D98ADDBDECF9871DBCCB6CDC
T=0

[106]
S=$9479AB41E97
W=-$2E769BC7C4F4D269E98C7C4006E6024B9EAB1ED0F1179
J=-$91BDAE3F71B321CF3D7FAA6F299D19428D680FB4CF582F2F59CCE2FF6A2C2BF729BE6A60AE1B5465C4F64728
T=0

[107]
S=$A24361D6C6
W=$B7A013FA5B5D019127810B61F89BEF9476D6812
J=-$155B1AECDA64CAA2A91B3675EF82C06C1032D6A5ACEEC1306FA354A0F53A46CE9F00016355E26
T=0

[108]
S=$75CA6EE34
W=-$EAB0EF472657D8816AAC84A0ACEF548816
A=0
B=$10
T=$1

[109]
S=$10754EC
W=-$6D2108D3582BFE55C00620BB718100
A=0
B=$8
T=$1

[110]
S=$652FE18
B=$2

[111]
S=$6E8A4
W=$26B21EA08B8AF9111BC3BB66
A=-$1E
B=$38
T=$5

[112]
S=$843510
W=$7E4B54E816DB0B24AFEAC
J=-$16782AB8649D9FDAFFB8AB6B6FCEFEB3AB3DB6D4D7
T=0

[113]
S=$DC759108
Q=$3

[114]
S=$5A
Q=$7

[115]
S=$4C17F5D60
B=$2

[116]
S=$2276A978
B=$2

[Signature]
1=$643E2A8CD1B2F868169A0E22FF9719B57D383CD9BF35DD1D
2=$CDB0604DCDA036EF5057D56DDE4C1ECCCE0FC30AD4B6F921

