[PRIMO - Primality Certificate]
Version=4.3.3 - LX64
WebSite=https://www.ellipsa.eu/
Format=4
ID=B49780390C646
Created=Mar-29-2026 04:43:26 PM
TestCount=105
Status=Candidate certified prime

[Comments]
Put here any comment...

[Running Times (Wall-Clock)]
1stPhase=35.85s
2ndPhase=9.67s
Total=45.52s

[Running Times (Processes)]
1stPhase=261s
2ndPhase=58.59s
Total=320s

[Candidate]
File=/home/lappie/Primo_New_Farm/New_Group3_Prime2.in
Expression=(4797791281552013327612)^47-(4797791281552013327612-1)^47
N=$616BE0CAECEFAD2E40619C467F03673C400B7DFE8BC60C2F7509641505E603D7821E9F412D4872DF7B2C3E08E1B72401B4593B8582EDF11853F2A70DCF2596C7E207D15733641E7BF8F591E4F8E3AFB4E044518FED380E0E2009143E80111FD89D9A05B723E11C3B94DB90250F812CBEBDEA90C8BEAD89FA1A25290FEC855A97DD539446A3AA99DBC924499D899FBC95CB80892A2A2B9193B36972318B7BE2097441BB96CB67A7E35B27A311CA288C1A509A1030E11CE02C49E39F89D6721C53D1D06B00C796AF121934756CF46083CD5718BCCDB6254A90A1D35FAE01C29A2F93AFA9DC76799C1D67A88B78436ED0468A8A6FCCC208BEBBA9B7FBD65B30C647BA0FA369675DA4F38905E2279B296FB4E316BD92E5A4A475F2EAD3624CF7F6C0F5E0C726F39D043CF5310CE9786FD05811205BB35D0ABDC51B1F327B32AA362F40BC4C1BD08CFDA6C244C6CD5BA49DF55F7BDEA150152ADCDB741C2D65B60EABC50B5D6586C58674AEBFAF66C51161D83DC93D72403E16185EBE803354559D28656990A2452B694B29BDB9E0F75EB719A99A72639EE54EBEB7D9AB5F5F880D
HexadecimalSize=830
DecimalSize=1000
BinarySize=3319

[1]
S=$E44
W=-$601DE29F80D2D7846F6CC8094D4B52503A96043FFDABAF1FD9485382E5DBCFD8A88E6223B603834D074C6752D2FBAD686057B3763A0906E6BC15EA99E9CAAAAD8D4B9CF982EC24FEED1B33576C9D531995E30BA4120E39BBD0E5FD1E0B207BE9139E19C28E9EF0DA52848FD937C85F1AFCEF09EFC917F11330FD54AD498D7386FD60B85429B122AF093E833EF29A7928892821A1DBD1C77AC8E606747AAADA108B83BF312088EB12FAF5232CE3561AE72BBFD73B78517B808C01FE541948A5A1FF096EF3D0F783D27A9289D8ED1BBBE
J=-$16C61FEA1FAF0CA09161CF0CAA828CCCDA65BC075FCC8CCD279E7EDD9704D04714120E8829D535D65E07591D080F07256FF703D14E87D8658FF23463E6486EBE1DF4B152805FC1439B17292679E61E944FD685AB3FDE00E8025B3205E36B617983C375B3004353FB572BB318C0658BE9C33A10471BA6350E1D9625E34050DD1543EFBD2BCD07253B355B1E0CEAC23056EA9951BA65CDA9B18EFA9D87BEC85D25A22EC5588222E256E6C9A7B39FD4587CCBAC9429528927D1F0F4B63908D34B616586C0CADD334DFEAF13E605ADABAA303FAB43601300D92C3EC39EC5FD1930B6A3E175D0621C639040613BB87D8803E73192618DEA0DA37ECCE7FDF2550F8900849EFAD81B74869D4AE80D0537D31E149D2E927AA54F59D21D6E43D6EA1275035B1BB8463D523DB184302CE52A8A80BB50AD10008960A19B2CEEAD21FEC0FA675D05F146365C67FE6B7740E5027955BDBE38ECA699924E9F7A1C12EBD442D5E6C4EC4C9F3625523A3A169CC749A1B8555AFB7D1D7D17E389230A1604CC0B57CA797C7C45F3989E1E5A20893D4879630816B7295923B3CA4FD1164D4FC06572
T=0

[2]
S=$184D96F
W=$4A88FD8C044F1DAC01643B94107074D4E23C7BDF525261B3AE476A4AA6855E2F1BC5C76A385CB2E3A12DC9CA07BA4ECDD0AFCC65C72C8349284913849F0F325BC998BAB7444466E1447F63CD3E53892BAC819A982E0839ABD4FB008701CF90AD363A359A9209C8E47327A228FF864CF08DE457B13584DD489AA3BCBB97A3A4DFF14D406F14FC2F4DDC541D4A401B71D1AADE82F4BFDC74BD88316AA5E11D49183E90D0141FAFD56E00A7796165F8B33C2973B42D797D5D28C6BB37BE25CDDAC0E28DCE831E8F76C085E051375ADD27
J=$7231734A849C2B9FB62B1A1D5F45E465D105FA7886F9ADE6ADD79F25A28D6F32F1C4F588A3871C5A47042C59A7980C29070FAA510BFE8B3FD9B696B9BD3DD90C896D74C6749B8317E0CC5C75B0928B0785A7F953FFAFA8B7B1D442E3788741021E704F7A2135D1FCBEF1B4D0EA6E2FF577D5619FF37771B8E5608EAF6FF334D146FC3B3B676B2395181FD4425D70904DAE1C44F80E1333D83CDE9349875D42A10E3DFBB444A223159737AB5FC55038C2F1CED0D86AA39E0D18A66D7D75889CD65E54F19EBAAF343AF7FA0366FD4756BA5EA97BFC36B2D5A94DF692ED77669B1EB67BCABF7055CBDE5246F0B0205B591ED051A000936C547EB54E6DFC095F88A7FB828FC545335C403810574196F47476DBDAB6AE9BF6A79D824FF6A43C948D65E672508410CDAB15D5C5544431717B91BF2EB302539408BF799968EC3815D666BA9C24904D8EEA556B1EFA966AF3CED16D448FD7DE6223A35B18F99701059C3256DC7ACBE004BF1378DB97FB8884236D72BBCACEBD7D6727A4961D4E114561CED8F2904E47854E86A39447B14AEE006293D5445635E5D4E087AF0421BF
T=0

[3]
S=$33B4FF
W=$41BEE262ECC050101744B393ECFF3E77F4B9BE706D784FE3A4C6FEBAED808930A65465450CDD8A0BE4C7B5C3A34BD113ADAC8C813027ED23E135A20FF68E37D5AD0773757D7FE5D9F42CD170BE2A877CB2531C6C9168F5EE2858ADCC4034AC0B128F1BEE690860527A485FDCAAFFFEF7C61C335B3E7C216492293A5D4877DBDD612CAF4473FD68E78BE9863A562A32853D89E345A8A30E2A883D0383F48662D57AA85936DC8FBA0F52F41604A47A13764C2164FE73B1C8A5DD5A98F04255CCD6BADF4D20B79128719ECBCE82B2F
J=$BFFB5484E504527F5A18DB23F7995F4F95217CCD3CBD2D2C6695FE9E7F6ED81901516936212A7ECE8D9A8F8257A33BB6584679F988CDAE153F48637BE16DFF4C12A5062E87427EF4D396E549EFF998B13EBF32E5C83CEFAA31F68622DBD4FC2F7BE068023503A69BC92CD0F816CC93F2D7D934CF18FDC66973B653B346019F4EEA364AF40A56E60413CEC03C9BF96679446093A3C868442BDAE0E3AAC79C58AEA822D0A810DFC876AE22CD111945397903ABF04BC43A3044CCD2C20FD3712F06F2AAF5B8154FC3FE81048431E03719C9735C8C85677F616549F1433A95D12C0AD8EADCCB2A664464CB13A1571B940829B62B2B2B536AE5ECC189A415FDFD74C49219A98DBFA2757D3A0FE947916C486CA0546A37F3C7DCB9292A9F16A4A97518F934C929D46E2DE9C0D01475B0A857B82F39303D3B1FA3DFD1A8C1786879256B139313D50DF3520ECC7E54AF8CDDF0F8995940E8A74D566C15898921518325B4F0DC60FF3CAF49A4494812BF0596509D0CEC8577153BC5A62C086BA178DB9672A2590CE4A1DF6F04E745ABCA8BC168048566C0C4E38DC45834C
T=$1

[4]
S=$5420F2
W=-$E28388B43F5DFE9983FC0E664505B103D4EC2F35EB1EC37BC788E552B7DF0B8CC6FEA28E9EFABAF2238BC176CD9928BAD086EEA1D154A6530025EE1927945BDCA166AAF9D12C331C6AF0453F5E38CC17DDF57CAB7C70234613726E82474E0027FD03C0B86ABCE346E0B36235B42D7723F3514BDC8F28778518CBA27E1063E247A9A87300B12642D8E9E3B7FC73F633A17D61070B7F372B373FF5210B0FE33CB46298D62C1CE435CA61F77F39FF1EF8A7C63304679C1F051B31209CD99A58C1AA5D29BE09D9208792C92042
J=$7CB18A794685C49E90FFB2E4EA137EBF742FEA0E11AC9D54B745E5A73653722CFFFF8F491D991A1C5978143A19CD5F28B076F351027A50F8F4890FE074C98AE584FB60A8FD5E285956D599D7F1EE2016D53F945D8C1A8C0AD63BD50A95E360AD554AB7652BCFC46D7E679F9B78B91E343963F0CC5C8CD71865AA5A9A3F1C685FF5F8603530503FE1C59DAB093319B424452441B764CDE9ACB7DE7D8557AA020DCCDADFF0F91754A560B295FF495A4332E61CB0EB1BD225397B49532334464E7F96BF30BBE582BDD998F83DAF23142185FC77FE8EFAB0DEF5B6D2B107BB35B8DC5DE41DBC1531241B5F70C026E617B25340D16BFE113998CAEC8BFCF953B4A8357EE1F75DE4692226CF7895FFED073E1543814D40C499AC019766A152C5D4592AA82E5EE3A5216A5CDF7383022196238F579151A215CB29F87303AC01A3787DA037B79936682173E6D119519A679926BF2B334A0A99AF18ACC83B1F1E99ADD1A0D2DF5BBB9BEA449DDC6FABBDAB03433F349ACDDD75B79CC4F025830D98CC5298C2303356E4B3B88DAE809159C609AFC871FF6C2430C6A1
T=0

[5]
S=$CA
W=$E905116EC52765EE52374A920A3176D91656C354F13C2E2EA5569088DAE99403EC90CBAE8F2D51A7824FB9565B0E90F7A668B45CF427F204FDC302BF264F1092ED831CE84A7E1A21B6B0D741E24336933396F4F6B77B762242C93AFF823335EE7E905BB3CB034F55D33F8CB4EA26E0D9012C33A86E866C56187E31C06070969D889C6BCF471631D76D05A8FFCA4B500E22345644DDA045313F51BF99261A48ED75F88D03513AB602E26A3E0CCD7F81AE17AD9E855C565D15A5B44DA6A23AB7CB97272D3DDCAFE2D75B79E
J=-$1633CEF7A7BB996CDEC8596653472BC0BC03839E362D82D94D5BDF441BE065684D9C017180594385E3FEEA1E9203269167A22B485A8FBF2362DBE8E90FEDE31861EEC9B8CA66970443F8D8585C435256DFBF0B211B1CEFB0D2B844F60B73F58D43DFD54B04DC804C9597DB33CAB196CE7EA5CD6C3DDB1CC3DFFBEC446C4E3D0A83AB7F15E8551D6F16AC9C6F14EED02389583F63870560B463424C67F4E1D63410B00DB9339D9CFD3CB6184ED62312EC9CA709CEA22840FDFC1B55C534F12F5FBECD77A5BCACBE6814C0485B80698C25792A013F2FBE7389C8ACCD0C8F4AF31C921131443437DE8AE2DFD504AAB9A2E7885C1225CCBEF4760149576FD3350015872D6DA8AE92E6AB00EFDBB76B670F2BCB75F76B89C003171C5474A2B30051A9D96ECE6F74ACE5995E51726EC6298534524EDF20DDE4832171DB716A45C97E42C22617026DB68C41A6020DAFE6783960248C0F20BB5F1E169B706416C34FA8CF3C7990408CB71CFE61C94A36A8E1BBC97297F05D031A6339510BCFB7E127345C25BB9E6499EA7C63DCCEE3ECB815A7AE999629A052
T=$2

[6]
S=$597E775C
W=-$12641016AA0C492E33F6D37641BA9274019AB8FCBA7ABE2E7AD4B02BDC9AED61325C1DC4F02823584AF3182C7448F0CEFA0B93359FD20F370D6E749E4C1F629E41D87980D9D874D758FF4000072319CA8C92DB8DA130D43698954B7FFAF4005861DC519ECADE3DA679F704CEA5EEE8CB8847C36B30ABB5C836E1DE0CD39245B67A575CB5DB8BBCA47676DB0EBDED2ECFF52657A13578167B51CA60DC4BF677FE45B1B19643CEC7772AB1BC6F9E4E58466176D7AD094AECC5F9B51879848C668FA565BCECC699DA3EF868A
J=-$211816F835AC0BB7403A4C3D8DEDC658458568D03D4977F25917449DB28D2E01B15826836BA7F63EA1FCC26071DFB6A050FE10C7FEF8415D10D068844C8B96CB6CEDA2B1A5824FFE2F3270891EA04D5F9031A99DBA0C3DFD021836FE3855314E2E265426965D1268DBF3832E9B7C5F8CE62DBC7C8B1957837C316A42064D2479513381B3D2BCD533747E34FB66C3296F201196DB8E2BDD49D0CD79CA869017970DED46F05BFBBECD4858AAE2EEBCB978D3489086AD4CC94E816F88C086E0E76869578CB623CFB94264CD5D0EBF367D51D5331077169FBD14BA5BDBEA0657A25EEF9C4F252076E593F9BD24CD5C193BC0DA580C2F7EE81D023B01742559BF3A95E6726C3B8C252DFFDF63BB4F0E343CE1A4997B2B781A573016B03B0BBA6E9EC51FB7D2863141C5D50340D803B78F0F36CF7244AC9C9CC498F488EA66D0134B75AF02B676362F0193E9F1E97BB39FC2AC27E3FF582AA24E0F05190AB40DA264C17403DA190FE295356241751798433C5F5249EC132C915EAE92E745C2FEACBE972A665D90E45BE9BCC4F68FD2BEF36B6D4E63B488
T=$1

[7]
S=$3117E8000A
W=-$1F45EF7E1D73C4CA3DB913812FC38256825C1D021CCFF02E208B66EEE5F0F4A4CD18C7A6FD736895FC1B7F779F6FE987751E0891A57AAB5CB27515076C57A007F10DE1357BBC7CB2A296284E6670FF1B324DF278B608740CE47103BE894807E0CB738F3BE4D7CCC383C7B8FB5E685990741CA8011A916EAB1CB44885C7CA22D1C2856D23DDB913944206DBD27552582E98BBA684DDD72D7276FA651E6952A8C2BA2FCA79E55E50C7B11C6974D29DC055D41CDFCE6E88F3FFBC42F124E6FC1946F2B834A62AEC1A846
J=-$780BEF06ED6EECBBCA459D39E26E76A95E7848ADD2E7842E6B8BF7B4CC4064F4A638B5644C7AB62AC4C0A8105334DE356E3F093D90C63981952A4F52055EFC7D56B9DD28E0B3608CEAE980A97BAA69F1A5C364C1662F5F3B1D410C48A672C6E46A816FA5AB530DA0F4C6044557BA672273E05FAE40EC509B4394923A34B1865E3D7165E3EADF94E6CA93F1E99777DAC130FB8B1874E007BA6E71A4ADAAF6E6AE91E76A5273E42D15DEBC2EABAA5E495A25FEA806912866D3AF9724BF85E4ADB6D816851A208B76FCC04DAFCF37C07016C8534DBFD5BCB72135D745BFEA60701ECB9A9F8117541276738AD65AF7C4A3E82413D966BDA7DA2E45191DFD49C12623B1646180419718706A69F19C199DB1D2596AD5283A299A7F309CD657E98E8C0EF7DC1AF7EBEBDA621C436BE96AA3BA5F701162D999E69853FE8894A8DE4BC7C55A217741148CF21E489EDE43BEF8363E31A9F9C15A5250E8F897F67554F77FB4B71689357ACAA732A69B6083CCA4E6CD7F17F2FBD11193810D2C1DB776FFE3BD375BC14282C9181D19EFF7084854CF39
T=0

[8]
S=$ADB9E68A
W=$198B97DA19871304C6F856ACEA035E7DEA7FC37CB1B1B42A6369D3BEC3E459AB1D650224727BBFEEDFA27416AC6DFF4DDAED563A4DFFE560305FA31DF729F1E8B0905F76A85FA333298C6287F6AA2926702B19D1208612883B78ACA638E8658E2821ED85C5A5919C3CEE019689A78813CF426D548D107D747AE129AE54A7911ADD259CC59C7F72F7C4874108BB6700A032A4F95E4DF35E975048A717E6C9A4DEE1AB54A294FE26B206B380833FBB900DEDF4C9E2ECCD690C4BB5FDC5BC0A180AE9AAFB045F1A
J=-$5DA62BBAAC95B63843FC00EA4111AB6984F3BB57F5BA037FE30EC013C21135EDE46D14C937B5FAC19962309F83A1C0204BE5B01130A2616589EEDAAEE1C20BA88DA65CB3BE61559B897B4AD4CE1CEF4993FF8987699316858CA5FDC3691E4F5C667340EBB84A58FF0BE18E1EDB4579D90F971D64FAE954162267AD8F098352793FCB7318FE3E9A0CCC8A73F367F84E09C07E461F9D2924FBE5B57A98379AA8A7BD8E25F206DF31B1E85AEBD0153DD80CAD07DD82E1DF976817D057574F1A4685B27FE54679C4ED2C25BDAB690FC58899D3C989CEEEC31D857A1A48EDE88B8E8F27F273EE5CB1BF598C736315D6880C558E5B6C75E6E7C49BCF61D1874BD4C32F0AFCD1910771539911BA3941EF3A3FFCA00DB3D6A54CDCA65D82621166E521D599BB15304117407C29E64F1D31975FF3E81D5B3BBC9BDD3243E9E38E7F0089D96786C9BDEDD39EE457678DDE02E3AC52932AF6E48B9B60114AD228C65AE3EEA5D074A8510F2DA6038FD5C6F35F4324F5765926D1A03F0D2EDB6318B66A7D62DA32695B940608DF2A775854
T=$1

[9]
S=$6F63D080
W=-$4BCDF9D9FC0AB9436588F6B66C57CA3BF220F5CB290800E376AEBCD5CBE80A6D4B472E4DF85E5CB03C8EAA792064194CB10122E8410DA53445DBB3404CD77382DA727F3436422ECCD13F76C52CBBA8245F0D45E6516A2C7D87EF48FEB507CB334FCB58B0545DA1BA5F7C4F26839EF77DBD442DC01B36A34228A10B76AB9D464F266FF5F05254AA2BC913E76001BA278F06D7CCDB199D99E04214CF9922C39D9663113C51B803FF633436C252A16C269774A7295B98C59E044FDFF6EEECBD218A9DB6832C
J=-$992521F1E8761E7969E595F169F679FE7C04DB2B60184CC2B5B70DDA80121194790E45861C896393626FFA8CF8027165A0414621A339764CDD4797272304A9E3524F21D951CD00979345F7218C6EC53C69323E23768E5105C0086329493F2E246D3BAB1CC15A858492BAAB7775D7244AE0C0CE42967384B47CB91C7D7FBBFAC7C98504F42B69046DBE2381CA56A47E3FC9B4ED531A218A6877E1B0C551D245532FEF04BFDAD85B8779124BBDB4BF8DF9FB2D8A07808CC3E7D856B481EE084924F322F4E76BB21800CFE674675871B62D7D070AF6E9173EE4665B126DCF3C98948720E96DB245D1CC9B81718A71597004CC6050A470B807F3C89DD832EE37078FD82473FEBE7B78A23B3306AF0BD2FFAFAB159F09C28A6FB80DD02487BFE4CA3B072D42FFE4FBA62BD28A363D3AE63E2AE37853F2E8237BB1BA320C41869D9F60C19EAD63891BCB34D7B05865729817ABEEFFBCDC5924CF96B82F57ADBAC8548A7D80BC1890EF17E7F5D70A5B3DE8CBBEE0673D84B052D6AAD8F8919D69954DD23A58D4FBD97A64
T=$4

[10]
S=$60829A6A5425
W=$18B406DC1BD24F4624A6C9417721BD52412E48AB32610A4779C3195CE947C3403AE12568F9A7D60E4B25D0E71B5FCAC23617A29C6F0DA4F9EEA9A35D820DA70D537010E929629DBAA0480D2F33FB5F0E85CBA96399897FF7BBA1A75CB0FAB351DFBB1735EDAE30BCB16F40B42652D51477B88CE2B7DBECE08CC55EABFDBE165259BDB31BF044657A1FC204DAD204ADA1D33430704D5212B0F7A6AA5DA81689A461A07E8F097C1E412DF442E301D0F96D8A16B4F671F47227685B1B28202B7C9123
J=-$68FC7B64EC92B47C4D14034B695BDEA459D7661D47DA0F4F104F29D14EB54BE6C1760AA66D5F3F74AF60E144B276ADA7B44F2B67AF3E5B4A15C1F534BF55614877B85D5BA63768F7EBC5DB7A72811FB0CAB14C350FB6BF35E8C211F3C9FB1E6B98486C549453479E8309AE646DF948A62B0A568B098523A9AAE4A37941CC551C5B499AF5EA1D5EDFFA03475E0027D234780C264557A799EEECC39BC372568364FC67BDB2B62BADBB098338FE8AB97FA8BF0587A17B9115F7269B1BDDB33A734365238FCFA89C203ED4FD50CD3D6F5FD05475CBACA383C29DE5E25929DA0B5408B678DBF0D767B1B23D9230BA046FBFDC118C06F169F58DFC1C7E2E38E650C329F6B661E1889E0F7960A9C96835C42C253F6F9A2CCE03FED97F9CE21823392AD9223D15D116902D7DB65C39037F9574A9E73E27F6A6A9F10503080435194FD144581F4B57C99B6CF3909CA034763ECA416B511831BE8D64845B67D5BCE25190D015F1F9CCE8C5DA98D7A1FDE975332AD256A511C1C20047B5AB8C3CF40583C629D111048
T=$1

[11]
S=$4C18C5A0
W=-$1423244F00836187963160F4607629A3DC1F8394A0185820E6281A1CB2B903B590C93CEA754E9E7D684DABFE2D50E2C3D66F3EA1CBF3EA5D5E7EFFA2CFEFCF7F0EB13240FCDCDCB30EF2CB44559C09EA9CDBAF4FC72131F8FF398D7AE162A7F77113B6874FF4B82C44C033E5392104F9F3E9BAC6814FBCE91BBE32EA4499ACF1FC26A4131043BCA535089DB42897B27AD67B0E91B87090B689869F126873ADEE8DC52D8456C1E60B8D58C9AF900CEC0B90C34E591FCED1BE295D2543E0423C
J=$A2FF5CEF6896F9504EA2886E45B92FA21063687317AD3377CFB426DBBA2696E37CB1B600D806D20DC01F7D0087682C632CD9F9291E601BD11A9C3D23C55944FA89E5315E518783F9665F6EDA43D87B92FCAF2804497FCF710E01B70B7CF56A5418B9B329E0F97A3E02F13CA14FA1C93DEFA38CFDE5BF2A9A87442A732F1AF962D145FFEA66C36B8228A413B4B3BCC75263CFE5A55E6A3BECF95BFAD08DCEBE39706A7550A652E1D08F373DC06C3A590E39FFBE3C9073D0D06E277490ACA1E3B4EBF249C1D269B26398E17CFA6C4892A67A279952FE038A1A4B3A7654C96FE2526CA1D735229915D9F3042DEF99946F44B4C6BB674F135CA932AC085C37EF64D55EEEF441C806742FDBFB6356808AD21300BF3946081561E8AA8AB682ED63A665D79837622E2FF854570D1993D3356891EB35C4BA6FF8676EF3EDD774D105468E56E1B16A6F310689CD758B742C88DC7CFE4C2BB28656F96AAE0F848EEF3D5150940AB89D3B4ABD0540634B5911FE81931A0C686C2A898D46DF68F447E59
T=0

[12]
S=$427597F95FA
W=$AABF050C266870B524A5ACBF0B2BF5FC51A7B269C36F9617C224AB8E9ABE251F5C54142F406713E4DAFC644961FDF898333F583CE6B8A10A5D8C1BEDF0C7498645194841DBB7CA609377B5421F06149B41C98A6DD87278B0265D9797262BAF33CF2F81D0D33CA91CF4DA39461087517E5529822B99B90A77B678531C4949C98461044D7A6158AF44D210DECAF3429C61967EF08ED95444F8C80D80C5431F6CD640A272CBA1CF06F23CBDD2404AD83438DB22468204BABEB7C90482EC4
J=-$20270EE5D3862F8C835AFBC0140B480747088566E0564ACC4497105E6BDEB4B7DA71E7B4BEE5FC6ADB1C60842929A5AEA24073FBDDA93AB125F4746C79E575420C226424F88F7ED3323B71F78745349B2CE40254134ECB5748199CB05EAFFB0A0FBDF79BA3776BA55DC2AFF1022091D0BE5EE664EAA95C91FF354BEC4DB1AEC92B8411C9D3D22687F4CEA7DFCF42AC4509FA207FCB622D3FD0B1C18DBD443F17989368FF90B6944FB081AB99EC77AC760009796B16F8D99F72A3DF0B9EE751F7D13AD64D811FD175DC4F12E375F8C2967C7AE5643D5A17AA975500184A373592B4717C1D6748659D4C00E73719ECEE7A8417475EA2CD8437E4A7B906BAA3DA6B4138E91DCA5E8BF28E458EC77306F9AC930700A9822C83EA73AD976A05319D53ADC628C34E2DB1DDDFBDCBB5A1A157D1928721AC0B2A03EAC9832ECE725A7C3FB39737CB785F8179D9DC009BC34603B575A3A273A1EB365CF64573BF16AD5F2028FFEC0FF7E4139C2085E0311778BB446C561BE205FB73766ED4
T=$3

[13]
S=$1C8EB0D9EC02
W=-$52E2C4644D671431A0DA5C769A9F73846878CECF9D33A06A73835606B8D6209FB312222EE634FC92967AD930C9FCFF25D8A2D9A5BA1A09B910FBF9D5DB88BB42EEEEF27B4E27133291DB8137B65E9DE03CF1763478DEB4EDCE02BB307DC1FD382B20AE69ECFD558FF240C382EA98894446D26C864FAB28290315E816975EBE20EA176E5A6AA5BA121EABC01BEE309F64854E4D7CA42275F0122D5DA091BFCCFD3675D461EBC5A0EBE0D5B206D87E23059BBDBE2DA3968899FDEF2
J=-$CE9F3DEE96D772024F3ADCE893138465B51147CF437870A901A9E9CF533DB8013F014FA16A7E947B4B3F9FCB0CE6DC7FDD71234D38885526C85625551AE88E49E27498E08467FE9B173C9463376196CEFFC0A2A7A80ED3C3DEC908F86D6493815121A598B49843E882E173EB82365C8388C299603FD8E1258C916F73C99F407F7E59ED4D8897367D04C3E052122EC3504962EA040838E8B5C27AC66F44406013EB622B27FBD7B785C6A70CC002548A748EE5289E992890E9A0FD280A1AABEC2A73A1C8BB01954C74B108D122E79BAD79B913C2E41B66EAC5334ED9A41FE2A711CE9E4EDDD1F808905A1ABB16042A06D304222772E8E659EAEEB7CA5726A5D4AE35E3A3950C2DD59123172A2E9BCF5EE4ED9628438B5C86A6BCA25E4677AB5178CA48A1833364A0D6A52DCC6024DFF3A7F0BB0F34A5AF26445850BAB7A28F09D1B40A7EBE951D1C621F659525C4801B5345778BF0A0FC4E6E624E97CA4990168470BA16946D3120A5932D113C0D7AF621FD896D072
T=0

[14]
S=$14584C2E69DED3C
W=$222F5D03B8018459F84EE34675B2CBE6A172D5DD32A712B0932E4794E7A166DEF0DD53542AEF59ABDCD8685F8FBF0E7D49E4A58E7AE0D6B4CEA4AE5BE7A12ADCE81F8320F0B7FC282C55BF0AE48A0612084188AD9B130C3F88E8C23E1D0C2ECACDDFD25598F898E77B61025B9D5167E15D1B8268C74E3EE13846E052EBF093FFD5289053CFC25BA57645CAF0DBCC79EAE80AA3F43A38C969FD0C9C47CE50DDE4AA10FC0C7A5B7B835530FBFAA12CFE62EDB4E8428B39B8D6
J=$33E249C01E6D4E8F6AAAF21DEB802C2AD5030AFF35F50F6881D1E8273BCA8859BDF3B328C0DB57B29BD044F17050E041E8C93140E4A886D48F247232B176507B7381C49765DAAC236543F03605D309C75A8C5BE6EBE35F17F5DBF803ABD0382AD45104D06AEB6BF95FCE2312D074B07E8B10AAF82D0F79743D8F608A07F05F0D5707B70408C662FCF3298F06749287DE4A9CD9A93D5522910A409A9160643071A0203C310BEF41DE84C64139AE0E18F93C82EBD9379EF51A62A5A4ABAFA94421643A2F69036A4823C182AD280CF6EF50D46BEE0ED16E9FE129D4909393ECB277EB4D8F834800218B18CDCA4AB3952FCF096B4D8EF1B73B232FA6A7C94682545AB47F4AF6A2FAD91C828F34E593E1B0BB178BD57EEF23E00873067382C974749984C045A2C6C917070CBFDBD745970F34F6AA01D8C7579E3EA9A41B3053BFE00CF73492C8C2A060270CF1C7455BB26751AB02C9423ED37D28BB57695396097C76D46FD811F2A7CA02BC102102F92202
T=0

[15]
S=$75464EE
W=-$1D3D80972D74E43492D384558B60D223C8229D368B993AB48B0935172BC37852D0CB81BB9DDE0312A5AC598491442F3ADE4E557739D22FCB9E40FBA5FEBEC77385FFF86CA40AB500203894BCAD298987E3522747497E976BE6929C34E0B57EAE0554FDDEE3900E7888A0123118901C4673F1222B5B9C57AF89C408C17930A88C6501B63B167AF6D570A35C6E1335A06A5E41F355A31B8B404F7780549D67692C6CABA6C2166960E2FA4EDD3B3FEAAE15CB64A4E5A
J=$6F2A632FCAB3F3A9A76431957658DD88FDB0CB751E0B417D73F2148C052DB7E9B9B3842A8CAD426262101D5A19569804240668F14860BC582BBCB5C17D25A5813C6BE4576D85B3F79592A5570E4656B04E31F4C72CDC5491A3DDA99062F961061B35A2B28B7FBF062C0DD3551DBA6EE33AF55868D74FB7A58F4A2DACE2FAC7B40AE8163FE60598E979B275C82FC5C5DDB255649CC87C7B779AEB19CBCD4FE370B5698F0D14263DB124ED8135706F999A4921B944A295A12A13BC0E9341C8AB82A611E2CC7E7C464811036FD3A6A02B0BB155D4817567CE433BC4BEBF82F2FA7477E1B4BA37C0E9D121912E127CEE9FCD1C2010AAC42A59E847C8F26DA17A15B5220C149F9B33DF8455DEA7F908359683501A83B110C27054E11A6B5FD591DB14B3B2665CDC6143283C291DD23D8A6A39C4E1E526B4EDF084EE71E314BAC09CA204E7E7109EBB23A021331B2BC0F0098109C89B494B7AB59F202326434B77CBFDC8E9545F1232C6F1
T=$1

[16]
S=$2A3FA
W=$B296205AA8335BDABF63A33A76B72DC141FEA3507701C07B8CD355A1C2288677F6A5B73848F9EBA30077652D44C4E62775305F64029AFDD64B6CB9CAE2A66BF2605C08B1001AFD8774728345723074E11D73F14FB49C314393A788E54A99F5076A685AA72A0552FFD477C8F85F9A918A4D62E465868E1D16DDFE79ED8BFC45EECF106ED628723D436F11E1E3AEF300003FC6E0C5BBBBDF641030B1D5D81CC25A441F73BFEC04E9DA5C173D41199AFFDEAE87A
J=-$114D1976D1D7BAC9839220545004FC80004A89EAEA85AF4D57E0980A8A3E10DB042552689B0594869C525FAA2965802D8F47B6021D293789729F2F4A812C0030E11CA46846AF7738FF648F1F638330240EC1BAA8C6972629B3F7BD2209A0FDA0F04B71CBEFD0EC3CDAA14A9106CF2792BFE0004B10207328C20593DCF7AFA8118FF69654475233C38CD09210C2DAFCD638C22497D4BFD8FBC808B056572EE2B9BEBC990333CC6152185D5F158F8F57365ED3D8D666704A8285E5553C6B524372BB823A97A6100404BF880C48770C78B333407CA8CD080018D0450CCD212FAF8581070F21D75310165BE89D99F6D045E8A7B741129745613A0BE66CD1038159B9D182A38F385D69F3C4F00B909903D6C885B0E0EC65C03F1F9023E5B12EEC2EFE167438F8355B788194A6967C2388876A62C133E633DD1AB68526E911C2330753743F837BEC85E9A328F57D75F12571597C785E0A668D1EC21EFFF08B69445A89DF19E7107F
T=$1

[17]
S=$138C2C249CD582
W=-$12B63447F56BEF66C2599715E7C95F0527EE7B5755C6D61C8D8AFB5B39B93E8CBE4979C726B868E70D3F7861795375D1208D1D49665C6029757E4106C03B1589B964FD54B1B2E9E59D4780D0DF4E902B3E7814DABACA9B156CE16C0EC61EB12E543B3AD8D4FCAA0957062225DAB1C90D8FC7DCCA6D9F8EAD52C894F7C7C0E835528C5CA92AA9E0B386570363541DD6F6AFACDAFB364F0EE56E0D381DA65A299174363A84B77B6AFE90A94F62F13B4080E3A
J=$4AC608C8B88B1866A39ADF4375FA20BC368371C7324D4B68B898D1182C01EADDFD1308813152FC3CB1743559FEBFF1BDB3ADE4C8C77EB7DFFE64BB95A14E1D2004CA080E11198B9F3CD78270261910B7AFFEA42318FF809C5809D970CE513F804CF19160FE825B1BA3E13044E8FFFC0A3AC4F7BE045ABF330F5631F6E293DE4488D19286EE8E7AD637ED57A4AF2E652A8C33CECDC0BF8301C4F3A9DC25D5725524580CA7888C1F6E3030A66F142D39B45E171529723CEF5651B39F410AD7A11263073101A84C366BE50BB91C6A89E1347E0BF54A02646B73A24BC1BB78FB64130F730ABE0009C41A986C4714130E58DE870D4BB57245F4ABD7196412355501A72EAA254F709D0853544B722783CAD644872086F82768788469ED6259D8EDD35AB18FAF4B415DD9E9404BCCF7355789CE6588561C6118293F54872C46A6EA3D0FAACDDB3D570CBBBADFD657AC2B4498BDD746C53076BCCE8B6CAD82A0A69FF7974DA44
T=$1

[18]
S=$47DC2ED94C
W=$15A8387F79B3FF074346C335C051919ACD35C393C24BD03C67DED70FBA114C0FC6F0FFAA9358ECF7442C9A5485820A00386F19046326136F38A7DE94F546DB66BDC3104DBED6AB1EC36C8826A5C8EEE0E29E7255AA0B5B516DDD4A7D5F3B34C84A7697B698C9F45520DB3B8C14CCABF2D5FC453A141B15240DB780189C14EB3CC770FC35E242D4335A3987A35FF1290D4CEA61F51DC93623D8A1A71E452CA72409CD182D6307611C9FAA16300D740
J=-$394D9E09339104B097752D6857E6B69FE7887F6F3F0010B2C55C7B13B898BEBD7D50E42355978967F203EBF101479F1C55242224C6FB3260BB9478428CD2DE69E81B30F087B100784CF091237561E54F0FA64F9C404CC859FCDBAB0AB309FF3BD5C8F1450C432B6F5B460FCFAB499AD9F43D5BDF86CE8DFF075B3E11E162879F40D7FA4CFF53ADE0FF7399896EFC2D95AB83FAE52BD13DC648B64A56DE08D1DD3381A3FAA3329AA5F7296E48CED5281FD6FF4C895D79FD548BAC560406C16E35CBBFAEE7249E52241903CDF4DA24271FD1C1FC661C161A193860509AA4C53E239903F8970EC177D1B2E1F1EDB7A390400C1C43C7336CE00BC19A1176F6CDFDCAD100A3F3B71D0D966B8600B624D88B8D46FD350FA8381EF7B0C3CAAC8CBB3A97245FED6FAB505A8998DBC2D02F61287ADEAFE580D2CB992A0EF1CCAC418051576DA2DB6477BD3F53EB118170FC1BF521FF774A10C864C787B2CFAC65
T=0

[19]
S=$5F430558
W=$F44FBE8D5E0A13E80C6D0BC1B3171A5FBE0A7EDDBD3391B43B366A0439E0AA8E602BC76CC077612096D56A95C01982D11079D5E699D9657B840D6E4400B260019808F8ABCF2619E988CEE284DA750DA52902E1387E25D469E51B64D23080421609FA0CE734EFF7EDE94E71D8478CD7FD83E9676971FFDD1654C4FFA866A4CBB446D135F2F66B9325D172FE34E53AF708DB29A082E4883F0E5DD56ACF676EFA49C74662F2B5A59C2D8D465A
J=-$133593EA07D0B92EC2CB9CB6E5E9651B62CAB3B73BCF2397AE6845CCD7373E93F51BD4484CF49B3259470481B8779645620433C1497C3B8BA9A5BA68BDF2B391B9A3DC9D51771528C8C9CB09528606E0FF5990BC75BF6F2FCDADD9224254AC238A52485EC03473CDDDC46A2EAE9B7D47517C88DCECFEACB2A3BAE241416DC15BDDE1669B929AB3EB68806704F7D3251FD3E276A0383DC9FD3D37CA4E43F4967CB11B496E2434B0F0F725A09A7DD3FAA5B50F8F387BF6B5664DA38E2591125AC98D2CFE67C11E4275850CCE1F49BFFE0E98D61764B4A6D38D83375E2775EAB34DC0D5ECB82DE3EDFC8B8F0A08ED78DBA3ABA29B36699EAB3AF4A0C0A56F6A9BACD78A6D0301CC08B57520D58BA5D804F2582A70033B0C49C4F83A829D0D40072994E6B522DD96382A6011D7A1D61388DCABC90C317715EFBF98719375F1DD7D610708500486B8A7BE3110479AD60B1217560202F097ADCCC
T=$2

[20]
S=$153DBDECC
W=$3A2969DF730BF252F52BD60DDE52E6BDE876B7CE36F1BFC784A425F8244FC22FF1F255F6F78F6BD0F4E4FC5FFAE7B52DC1895D35103B2114E24C0540C1BAE7AE485AC253DB8011762F4DE942794DAE98D436C4D30BDAAC603A3A2A98C1B0D7E5B94D4BEDE96AEE66188C26CBA5DCF0E4D41A96948BF659ADD0E8B802F2F7F4310BCDC1F2864FE5A3557FEF778333B60799238E2B48459F4FC2CA066A63D27D416B7F245ECE76B4373B24
J=-$1998F9288BC27CC87F3993A8BD925D2C8991886C5BBF0C1FABAD2623C3E8263683CF7C88D2117C3E615E7A0B3EB6D21420D778F6FEBC8019ED6D4311E93C653EE23D97785B38FFA78563BBACC456A2380E39D9F12D7B33A04BDEF98DC31B15E221B816B6CB85B5404149DEAF46CF8C6FDC1B0EE9073728559E16400A6DFAC8AFE662843DCF0332C8CDF466CAE9BB25D4CBF460835B4B4222B96CBEAFD47A1ADC51920441F44DB76D628CA4CCF9044683AE36448829E6A26165F957E4C5D8FBE075F530545C6630EF37449438F7837738B7EE6BB67C4EAC29EBD208D93E781C808F3A253BD4ADCEED2CA04D388619C4EAA593DC414AE3C9DC52534A735D0B4C776FB9FBFDF4C14AE669D95BB3704504A915E8226AB52C628D7AA6EA106659F8F0119F96DE4D5475ED49F6930D26E924712978BE38A045F891A6AB75F167B82C224DC9A0BDE45A075E0998D709E216C4402B0C48D
T=$2

[21]
S=$10E5CF0
W=$449B960D12B4CEE436AE620D52339609AA4F894F0ADEC3FB9CC0E8B0D4A2026CDD05C9C5A8DFAA159E50B5C81183CECE19E112B5B5392D5E8D51668EBE5BE57C6503C0FA31C32A645045A4951DB3918F8697FAA2EA7275544AE1E8CA59C0D557DF06DD9435E00B8BFA7D18CF43D43C3FEE773AF351B928FCF4DC748CE1114AD1F062B1698FAC4D9FDF9FCD02300E43C70D1644E04DF0CD3451C2EE7F9EECD9562E16E1511C150D6E
J=$BEE65F063016D3A8B3FAAADF25B9C4EFE27277BC5124D702F28EE7430D048B6499E345FAFBCA70DC0B0B5B6590E9993DBCD6E76098E738C75DD3E7807EB9CE1D2AE513D67814A6C988C35C1F3B120BF9665DC6240B654EB57019E3A1E9D71A4B030FD0F8DE198215A09D88032B6EE9E237F3DA653A56543ADD41792FEB2075237A589A95357BD6824BB79CD556EB97B1D014F1C00F7BCB223F91B9FCCD6147E4C59FEBC9B67C3171B29DABF6B747574ABF398ED846A20722B771305AFF4582A389073A73CB1D6DB79504BDB521277D6F55106A0E68BF86008F0E4BDCDEBE4EA8142F6A8EBBA9EA24461B1E956F78DDF490B865CEE07DB4532B8AB0A2243DFAFBC02A5EC3E66BC785327E94791EDADE17009B594AB5EEBB12F13A4286293F5E14AFBAAFDD86AF7D8876C9C7CAEC3A8497BD7D27099E13F0A71B5D8AB7596A73EA62958982DBD71572E08A34A88BC06F
T=0

[22]
S=$200AEDC
W=-$208F1917FC55C4A72AAB7CAD06D2007F5F5A057B3C8CFF8E78B1E3EFEE2C2347EF39DC7C9453E3161A9A1479482A5D49D2D7A21E1382346A29AF24A212763B3D2E6D6CB209DD79A63F8841671556F907A6D294255A2774443E371C1F5FBDF03F7DFE626BE8A5E318D13061812A7AAEA93C5C18FB5192BFDE5FF5DE085E392325A17D4140A82D06B18891FA8F328E080AA7961062D5E74328B37044C4A7FCD439AF26A6FCABF42
J=-$8A8373106662D9B43BF425263E779F1E95D6A402132FE86BFF0A6791DFF196C5E9ABD39F21811EA0740BD3E04CAECC83B153B415FC8F5242E37E008D51707CFD50E13C3259C6C4FA6DE865E551E173C7189772F43647F827FF22363766AE83C286B96F55B53CCA94C98B675B86C7590A2DC80581FAC446CB5B1FCAB01F420DFC1DA1C05AFF121C6E15AD1F2BB86D359B957B5ED0FC497AE3600662E61F52A33FEAABFFFE63676F82925603E14EC2EE8E3AD3CE68195708DCD03D9F57B60E969D045F948CF9D203A278BC046060D3999E707635291938A18BCEF294548AFAD1F9D36E21777172108211D1492286B6F2B47F2BDF61BC08FEF2F37312E322D457A8F1AF0B55FB17F8CC61D8C1C88496D22E409719F0BEE2A5646FDE795FEFC0372C79514DA08E14FF08072094ECEE49A9A1BAA4D93510140BCD833D7F6E7AF4448B54B70275988D065333D5BD15
T=0

[23]
S=$527B25740A012C6
W=$2E15E98E8CFBE5ADCDDEB5887EEDA0692788B05DE4BD01A6A3CAF1DC3ED2D4E812F1AC6A9E98AD6940EDA92D78976CC013F480C8132DBD515CFE6ADECFAA19C4EE210B494220C49409D13CA5A85AB37D89C2EBBF3E182D7659C853B985AB7B48D534E338F2B1FC405378C43F108966ACB668220CAA22A9BD9BEBCC7DE8107B8DB59B31A86C2E309F702A1651BE8AE11457424B9D42017AB5F1B4CCEAF47C8EE2535F27B550
J=-$FDB59D86E70A1CB3979A9816DF3203B2B56521BF8E81C8176A585C183EEAAB543D71E64E15CFB84B06628677E6CAE6632773B4F3CB7829EDFE7B53CBF85975A1FF5874BAA05AE994960B5D4EDF7391816AAACCCD71F24C82335150C92FF4EFD3A5165E8085521318ED29309177AA7EFDC426C332163E1A7EFB9A1E70C9394E9E522BFB1121F66DEB28162F0BD7CACEBF5DDA44898A675C91D442E18D106AE7FBEDC184CC80BD848E1FEA48249FADB7440EA3472C1DA0326704B313619D76039EE5AFC63A352E6D4B13415FE8269590BBF8FF96CAC80BEDC9E0587C8CAD9CBE69083DC5A970F3F396527E598ADC9B0E5B73CE9EC045055C8DDB0E0716507DDCCE9452A2C93E3C777DB37D1D7C4A35EFC5988852AAE3CC7D2405E28BA53E649ACDCF7BB49AAAA20C6272B2316F796DFC02CD461965331F93126F3207665F40E6E4DC1F7EDFE8EB679DC0
T=$3

[24]
S=$31258B989
W=$10EEA523E57CE542A8E708EC89405F3034D918C101258254E6AE7695796E3D4FCF9CF1162AE0B36042238EC067E9B86BBAE898E9A55FE738AABA4962F6829D0761A109C80102C94E2CB7DE1650031D60AE1053758F854F5EA7EDFE7F66A5170DE47C7CB7B327506C49A92357338339199FA92120A11F38AFBFCF6A72244D48BD5DB1DA9699677E5736A044554990DD48B745766C31CBAABB6E319EC5132E36F8E47
J=$29E28346E8CDB77AACE2F08B20D9C97B498FBAA35E69D51F9127F85D354DACF4FFD2B746288B0C835FE65FA2BAD822CF950807B416B639C4983D2907DCF81225AF21E874D67BC2A2DD0D74A693168D0101B96829FA4AF718449FAF39961842D55C8D9D98A8CA4DD0264CA9348E0A84AF72FC5AF9AFD03AC1B709D06D870AA8673ABF61249858E07BA4EA77F476889AA43DA0F9822C713239FA62A2958D99D39DB943A828B02FFB46C2960E51947A2CE4745EFF71D1162216FF71B9CFDB29EC909258B2103C447BE13C031C0380547539C720E4ADD474D1162807474431F4F6898A7399BB0CED9D2023A48C1710AAAFD34E8BDF284AD93301FB60AF7A1A726A23D15EB76604C5A49AA3578885E12457DE8136254486265572CD81C0F6EB224B29C240427EE486AF5A32EDCA0523F94AD5062288A6A21DE04FDAFE5BF639E45F3DEC6E
T=$4

[25]
S=$5419746BB0
W=$B4BA849BAD3A961B2DD92973E5A70159D3C7B18EAEEF7DE884A003FF2C13EACE3BED49C7C76466B4A6CCEFD8A7DE3ED428DA10113E6E21277E2342E2636742F825CC5A2DCADAA01EE76439760FE52D56AC0DE815414D5E0D03CED13301D9CF3DFF9708EB83CCBE482C0F3FBA913EB1BF0285D645795B97AA935AAC628C73C9BAACDF3116E6E3770ACA3DC16FCBE3E02D0402BE4901EFC688B1699EA9F1E3AA
J=$6FCD990058828EED59A38812FC339C6269FAB8C6666EB8EA93CAE317FF9184D391FFD63781EA31D3EEDAF27B88B13A7C7351FD13D584CC4990D8CEFDE6230D182C63788620A7EDFE9CA951A8D0D6F1540DDAC1BA7C3D5FA057629C9A02F84398077DDA5AFD2DD0FE498D26A525ADD7CDF1B0F7E3B749C3CA5F54518F5FCB5061D35C3A1799F9787D324B3E3AAFB212AEF55476CD7E4C0EAE5987BB7D876BE830D5732C8F2DFBC9D8CAFDCC4F1535714D196653BC185D69A608CCFA20FCC67D7BA04FC0820BA0EBB44122B4D632B311C2C83376AD35DDE10A5E96D7819BFCD9CCB3AAEED46F77B8C07146D32FEC602F43B4659BD23B8620672BB8F1E3DA53BF142565AB1FE0A4C40E6B474E1D8BD274309A4577AFDFD4F7BFD43380F4BFC6A1CF469643DD602F4D46AECA135122F94E70A28E1EACC391D39CCE9AD442619
T=$1

[26]
S=$43E80D2D0C
B=$2

[27]
S=$4C520F4
W=-$1BE7B7965F30A4888B3D4DF93D027DAC51B6F25368D5758BD167A3E1236F7F7B609988945D5233A89220987D2DD73FE3A3D8085959C1FF86D970BE311E52D1A031A42FE2D8DAC956F28CE2707E51EC403FB6166295A62718635C0A105022FD1D139A57EC9D16F9907952F04BCF3B2B53451F28CDCFE262F60D808C20635E3454DD9641E9F7ADDD4E9A2987E63EC54773B34736D9634DD8A3AC3B0
J=-$5686766E7EA7CFDB86D80BCB2A1B031715C4DC1B58B91E543180B1D3F2B36317AD92B524497171DD33ACB2BF2ADB54587BE426150F034265C87667AC071C0DB8DF3ECFFA3237051274981FCF448B88AB635EAA1A52DD39E8166B1D6EACC870D0B74A3197608B8B500A0461CC6EDB5F75CB208CDF812037C4348B90C62102C02C564112132F3006A83EE3CADDB0449C00592F36433A30DB4E354B0C2D648158491AFF59440BB3E4EA3C7C60274E075CC92EF156FEB216CBC1C4AF357FC1E78E2A20107C3BF7E3E2A7EF312D242DFE401DB05D96C3100EF24932F0017152FC1EB25B6CA8C03A40920555B42CF5424DC70D302BC4F8E3B3A9F98E1038AF256992673AD2BDA67BA90097A460C95EBF650A7BEF1980D1C12BBB7E9EB7500E44C111BC1431006FE278D60E5E441AB451F3EFFABEA61B34
T=0

[28]
S=$C9C425C40
W=$CF4B0992BF186B295580743CB61E2EAE07299024C98BCEB085DC1CED8D8B41BB1D65F9DE4728CBFD3845CCB7524DD0ACC2FF1123AAE48CA6A80C74859967A0084B8C1591C049557C5EC9DE58A9C94E9DD6E779891565161BE2FB6C7C36E4737F5795A1B57F0606FFE35A7D7FAF030423E588C583ABC5A600FE41343CFB21EAB83C72A9E40BC5AD436CDE29B13397E55F8154AABBDC33B2A2
J=$1F5D92D87EBC17DF4CC46F36CE94E3D7211B70886AAEF7B72320C4791D834E45A7ACEB6B2ED5EFD92D5393922BC51CEDF3582A2F81C29FAC7660C16C7EA1C49722B2F38FAEB376A429A0FD696C032A7A6A76F810C39CD01B137F333BA54639FF563FF4E90B5596C4EEEEDA1E7387EA2387B7DDB66E5A1CFB99F6220BE25FA51CBD9EDAEE19A0DE63ED5D1859EAE696F37D59425BD818CC023347FA420959B3CC70D1FECD991A8C9B16C96A2071BC5E403C7C7CDBC292CA34693FD763892CA553476BDFDA672DDA9B9A605417F993A3613B3385A9876D461E46E50C970F4A9083038CD3995244ED4BD7F1980C4A879C618CFA4BCF84CF57845BFED425FDAF8E337EAACCA1E63B677206C9E01B96DEB85961040C2E386E3519008B5BFD319947F025BAE4490C706695685320ED3719096C17
T=0

[29]
S=$1F8DBB636E80E019
W=-$1ACC463A538CA96F5115FAB8DA68EF474736C3110A59E1773D996468D72F4EF53A66C107BD5956350E7994588F0B13B49D8426CA2E604DAD9732D2B98046C43D4D4525AC01C0C2C7049DF16508E553437051B32C3488EF400E5160E4AAF522C219FF3C8E557E80DA33DE04CEA4979E65AF78A43B906BEB58C0373BE0E0B59E53B46D9AB21718839ED7CA9F414551254455C8646953C6F
J=-$33DF8E1C3F313BF86B122A6324752E036777432F69021471EA9908FB1038311A5365C0C35925505A381EDD862EAE2B7A3717CD428D1B323597033D15ECE84DE6EA9284E249FA16EF54D42A3090887C9181C4A9990D8230EF4DB5AE22BC51C97A01D9136BD4BE42B350F03F1D32F3A91DD76ADEE22CDD88F26F4337F2B1978BBD411EBA63400072E3BB6B36578A603BB1B509BFCBB285137B3D433B7EFB121B64944F30CD917F8860FD630ED284C9FB1C49ABBFA535EF7C0222843F77E958985CA0C1BE8283B62432964233E1FAAACF5386D3FF446E85DC5701855E8B3AA22512622BFFE1F10A7D8774F4486E4962461549B046FE5C1B1E724F67461251524620F519E31E61879D7522A3079AC1A7A510722C882915E3F6DE2D3752D7610C4263EE15A449F1820183BE5536BAE
T=$2

[30]
S=$72E7DD7FF3B44B01
W=$B593CB0525509198B54D933B5A2BB8E0029681EFA7511931CC14629A61DE20F57D605EDDAF4F8986DC6F823C7023B71C176652FB28902E6ED227C6D7996DC3292F88ED8514485C70BE6C6144AF6853B70570E343216C9DBCCE8B3795C7BF87D934C3236CF97AAF2855297ADEA3F43B08BE88714B6E2D1AFF9E2CA053523F845CA7484C9F867B456E8B9193FF92F3EE46C4F71
J=$519440B000084CCF891844FC6E17F5C2104542FFD0DA76820D26C5497711A720418D430F26FBB8F39EBD766E8BC493497D7658E65BA8A91D73969AF2F9D9D90C2AD1821BD32A2287037E257D49B8177F34683361D355244EBF0DAC5A45588499C38BF0696925219D53C43E9993E41909D88AA31486230731955FA7B422C9F4C490BA42859ED1305AA2E8A803552A31DAF7B9170B081F241868EDA669BE1B61D8527F1CAE86006D0BB054C8FF128DA8507F2539EB1C49EFE6EF1EC392AF46DFBFB38844023CBAFA990713D2C8C1478ACE65A11580C05A03B7F2C08815B1B01124857968938FA84CB481A81DA90CDAEC6FB54CD5FD277B6C026D98DFEEFD18E4E444C52F67F1D9399FE0CE97390D46E51B3094C035FF95C4B8B30E804ECF3894BC111178D21
T=$2

[31]
S=$6AADE7BAE5E68A
W=$6A6E2B95D8DBEAC0EA4753FF8D21912AF7693E195BAB08D5EC273716DED9AD813445E671504A923D9F799831A2F83D5BE829EDB1A2C6F984A17912DB702D6CFBFF6F6FA6F3720760C347F47DB4DF190D648BD75F59034D4710C92AA18C1ABFCF6E0B6180253F95D1115FCE378752EFEAAE607B2FCD5A40640F7F51568380AF2968CC27E0178F3D9F6B5B221AB8FAA
J=-$3EA74E61061A92DB5FB90D765E23002686D169F50A78BEDEF44ADF4F857BA190FFC280C5652FDCBE82E21A70E47EA550F2C4700BB5FF519040EB28C8F5556ABB306E2A7CC7E8040EBB6258838EEF5BEA14E80F22A8B1CC051015F03F0E370DF448C02B5665B4A78E0537A3F8FD3621DD90A106BD7D1E1CBD2D67F81EA7CE1069FD9EA2F39DD4E07BACD7DBBDCDD99671FDB7358339525BBB69806C00CEE2829D0434AFD88CA6FC74217807CD55EA421445387C145C89392EA798A4B53709C4515A4E3EA8ECA33186D2229DC910465E8ADF4D906FF1CBB2561376E1A64EBD77DE971E7AAD857BDAC98B8C55CFF5F343A4352FD6F41242566926909F5D8555A42FFB45B222BE0EFA3C7568AD78F6B151144FBD4EA3F046FF6CD482C2CA25
T=0

[32]
S=$BCC56A
W=$1685B1CCEF468BC22238D83B3DD61738309FDC046A80204DB3C5A11B86496FD6B020C7B315DCCA721AE65366AA1049FBB259B065FDD32589A13679B942D0501543CEEAECB2277E3D8AF6ECAE729515D0E4A89E54B71781D035A74F206F36ACC3F4CBA3F8BC82CDA14998F450B220B48FE53B137424CB1EB67BCFCA224190F46B83CA6CABDE1AEE4CBDBE51C
A=-$9AA9A99624D9C332EF40D90C2B8E727438BEBE7E4C107E6E0B4A04D2688EEE969EFCF233A9EEBBF18A323FDB4E77EFFA4908BBF176688A13D6C24E235445628CF2F750E6D2EB90F8A78FBDD8798AB3D4424E46545F9731CEB73905AEFB1D72C6B358E27E7E30DBBF595098CE1973A2E747DFB95E733FAEF0C1BF033B92B00B20DF168ADE0906D873B3E6A97BD1C5DE1AF24F7748DE34BF6512E72A3A481AD1097E2F8BFF9AD9AD01B6D42A074E3352E73C4DB562F0FB80A3D5CFE5B96DEFEC274F0756785B5C51C059A437638846B06653ACEAA44C8D3C3147A233806F27D2CF2C74B7A623FE7E9CD0A1CF8A0BB20BB25B0F08DB6EDAFF303BBB85B4E0D24BB305C369FA399E214B204F84AD9C19469D7039C224A45E
B=0
T=$1

[33]
S=$3734F30C
W=$13712F40D0D332A212817D70B6852F26CFFC362FD31A8FC8983E66B283224DC7871E0F182A6256A3EB89F58FB5E0490EEEDE7ABC91CA6337044B2F93EA71B783BC678AF6FEBB397E37B16D1BFD6660CCCD0790EB5C2B8EA261B553AD5D0736F7744814C147B34F423EF5DFE4522207C066A57DA1276C02375A5CF67F150B1420FD0A245015DD64D2FBAA
J=$8BC2D8188337FCD6E04CA5C9DCF2714510D36D30D1E983AE0542999C02646E0D2FD043B4D2C8DD814A4059C5AA12587600F7E808F767E6393DDD9EB52014AAB67A153017E57E66F46DFF22FF2B0FF48D1AFFAB6C824AA7C83E41B8D1CAB5BA5EDF687F4D8974878C584DCD9B7C064A26104B988FD93C16A6DCA2643AB356796EC464A862768C1DE0EDDE5520200369357204D8311B33D9B0F93A180C75A1EDF8CD63CE7F1493E22275A37A026D5C10FF110A7DA1C7F956AA029C6832CD5C871A49C7396F6146D4A7784085931805837926B0901B51D98CC89A29217ED2CDEFA7872EE15E473A5EC52225FA4B8B3725DB79467A448CAA734384ADFA0F098B19FC7DD050E7937AF0BE42617DACF8429DE526C846
T=0

[34]
S=$6780ECC
W=$58352D698759ECD4EB668A90F258B8169215EEE376B15B78D5F7CCC7826DD8696F241D1E022EFCF1A388997CDB3BD2225164323284D3DBD1785A86C7C45BC374C24A5CD6EA73DF2C55D0D865FCF563ADA138EAD6C72A7E38D40A085B7C8AE645844C21E044DBFDF398404A175CB3B899A1A959BC4D248FE5B85FA9A90392298447A31A78C61E6098
A=-$7328
B=$1DBA42
T=$1

[35]
S=$B6C4F8D
W=-$1D066EA9ACEC61B34EDA1EDF799BF53D5B37A66E33E512DF38F6227CE1AFF67F25DCAD699CF8502310A53D6067FFFE595CF9781EEF783AC13376077F2F6485A644509920BF908CBFF8873B24C63F12C507C1DB2F048B9357F400D09ED59EB988EE90F518E133B87EBB595A8CFDC2C288B5DCDB6D853BE2DC6BB707E3A0A9FDC0F13EAF911B309
J=-$E3CCC1A6BFEEEF28FEC01261CBD0063DCF60E6371A8FB3FFBC18E188722150E60AA03CFF3EC7A4D37EBC5F0D327D70FCE81BEAAC47AFA6F9C568708D53FFD9CD54BC562A5471BF870E7C468761AC421007CDC8131CBB4E805AFF8409D5537782A4E5BAB56F41825B3AF62DA075E9BEEF833E206B289DE7AB8273B0F8AF881359B2974DE18CAB47EEE059BACE06D79DA13C32FF29CD27FA778845C297CEE69CCED19BD01D4A15CEA7CA2D54405E49C27C61990AAA8AD0E45D1192939BF5E79105BE272E6D8AA331507B7B60E5153B39767551CB3AE3DF48BA779348C44BF4DB2112C23BAF26993FAFC427A5F8A7F9DBC85EAE57D474328C7A103BF65536C19EBB4D3E496E909A93F0C8199DD
T=0

[36]
S=$28BD64
W=$91849CE5CAE314F32C150CD8954B3E89B3AB38A30220C7501A75D597F5B6932844CC5AA305F4386B7AC08213980DD967BF88495B92A31697E16DAFC4362BD9219AA44426944E1BD48F4A5F82E481D42D2648BD2A4BA69C39E7C044DE744FD6E29736BECE722EB7454D7901BFDBCA9BDD9255980ABADB45A77DE8BCBCD8C48965A5D2D1BE2
J=$8FE9AB21D7A507B8B02320A283AA3DB0193EC038F7A3D679E43CFDF524E4DBCCC19892AEECA3391AAC40714A32752E044D52167EA1EA0C8C1C6CDC23D1BD462E87109626B2400DC8F597FFE95FB6E1B46C06613FB2ECF545C82F432891CDF73DBC99A63608A326FFC94ABE07A9FC44185B4609DA5282C66E17F346E182E24EE21BFAB1797EB2B3BEF8EB358BBE20192762B32238FBD99F85D93AB5116AAE4C560D6584287DA9A5BD5F7D630FDAFC23043B1E82DFDD06ADEAAB2FA44EDA28090130CFD45BE1E69BCB86B2ACC2972011EB77B34EE22524FA43F23CDEE0946BB1B0B5C86B301FF59EC3F89F70062261FDD099CEBD3CA1008D3DE9F5B428738CD958B84D331E3C0B0D197
T=$1

[37]
S=$C49279ED23D
W=-$114BBBE057302165CB12C839FAC21D2CFB7EE0C819EFB922229EF759F9D4ADBEF964865247C79DF856AEAC96A41FA5C6BDDF1FEAC7845E7D9A616A66243DB92A5798460E41BBEEE39082FEC64075D160D861464C79CCBD779A6C868079F6A0281F08EF428DC58A83E8A48CB150519DED9A2B5A7117F6B75FA78D1C6164358605F4F64DD
J=-$3AD25C0E482992559EEE5C74B8D9B0DD122E44A24D4AFE3EB8F242E103B8E4EA5732CA3A053A0745273ABCD1F89540BC5B2B328B2C32470EE21817C2A5497DF0CBAB82495D1625B91571226BF44C370A3800E490ACF2F20F1CDFAEF70B597649AD5796CD6676155B5E3C021C2142E440D97AC5CAEBDD3024512D88850390394121DEB2B30FAEC0775E1C66C24BEDFE6AB0395F0300447EAFFB0E1AD511A618CC137AE8C2C81C1DF47E01F24D278A707BE0FDD20B8C5C86BF4B50718FC638F8547ADD5C4016DF72951255DE574D1A1A06B7A3CB3F1D457A3EF30A51A4934FBFB2C19F1E637BC9642D2F7026D1F4D6B0C5206A476CF044B5C2D6B40519ABF04146787822B2965D
T=0

[38]
S=$1C5FBE1DC
W=-$5EAE3D2A14355A7E80D7A5696B4220DE93D8A756E69C7CFF54461A3CC07120CCBA8504723B50165E8F50187DC156B19D4200E80DD9C9B2BD1A697D71A0622370E4CB51E2D2C443B0953579E80A8D90FB8991A6BF8BDD59AD1DC9E4629D2FFABE46AEDB44877BDAB8AE158FAC353FE03B418C1224B441B2AD331787CA2DB99AEF6
J=$68D4D01DDCBD6D273C1D480AA5E57BC8D7925D21D66AAD50D568828982586F888A2615A6B836D504DA4CB72B8BF8F7CCBBD443365691F916A58B770790296BCC2C7B1BC219B174713CBA3D8B69D3026D3C71F83E54C3D56878A9C6A462028ED2FF9BB6FCACA37F1D0A8EEE01A46EA9CE918FA766F2E0E3D249D976FE9687A527CC422A5EE54A19DB08069E5A0514B3FF8074298300EB5461107CDDAA9AED9648E6C6246F4F935ED11FB378301C29B6349A5D7E9891BF9DD6E12E1DB977255BBFE142F34133260C002FAFDB78F41ADE198281827A274325935B0EAF92B4A559F919AF010975148A8A183724D7713E66F8683EFD5F86F07C9B02DF4247CBC07B669
T=0

[39]
S=$C95908F50
W=$464BB04FC684036F85D95CB4BAC8E71599F672DCA4C50DE809307EC3160117E40515F325A4A5FBBBBA4E9D8B2804140EDB2D417BA51404850EB6B8F2E002F29AE918F75A0DBB96AC51AE4F65381665D216D629615E1831C820857C8F93490BD7441A500308A308F99BF57AA8716C5F8DD551E375674D56BD20D31E1317B9A
J=$CCAD06267D2357A5FE2D34FB4EB8CBB9D48A44E49668089BC3EFC11E2975DA0A5199EEB20C1A8CC97E09F41199B351839BE170ECB0F16DF05BDCFF962AE13A6FD79F3FB4D66B1684C255776DDA9F12E0BDCAE54029B76EBAA9DA3C86B188D1DDA10D6BB5348DD64456CF148396433DE166E27080D085B5A285CB776E3DBF18D4928F9EE93E35DF1904B9953B540195270E057E1523A37ACC7A7198AC86E9E1DC4D231A62AD7A865A1C25F0EE06744E9F731A908FA1A58A5D416FF42C57F719B9384C686C182066A7E29623649056CD05C102C104E0FFBF1B7B59B3DD6B19280B5C71B2B2B858910E204C9763FED0EFF2DAD38D34AF9CBA2DC41A60CF
T=0

[40]
S=$82C4482
W=-$177CE114E35B0AFF2F7BD01CB2E699660069AC22AE9146218B4AA70234210B0450135F8CEDCB35FF45699AD6B95751F52554351CB878F275806049E11235E2509BB242D27EC88BEC023C72435027CA9214E9F0980F2950623F4D3E94AF5EE3C0030ED5381216421A8E53AE586B2667D70D3FCC6BB8C09EBAE7FE1B38C
J=$20A7D9925D82094DDC6DB611559C8B3625170472C67E69BE7AABE8DAEA1EC78C8EC3C9ADBFBB9C39E7F005085F4751F1F6FF41EEB300EAA4DBE62616575659A8F7EBC7C2AC6FA3619AA3FCB81A9EB243BA4C05F631ED174C2B93BC201E48E4DD077B65E986CE3B216F4C5D5EA7144AADCF91C033F922F90759959ABEDFD38298CAAF4560D98F11F828E956655FB8BF3573350C201B1D698726314B7B66AF4182E866FA08A252F5CAF3A55AA1492D31D7DD300D0BDBE665147234A78F59C501743D06830EB2F45F04D1F85C56F4E76E4D49E9181E1E286028916496B69E8C6A30EF1C3F224F07222A1CDC159CCECE3A7A4366A5A1610799E
T=0

[41]
S=$B407460518D98CA
W=-$80ADCF671B69555A9BC2676D0D7710023A9164811F816290DF858213BF65BF761CA9C821DFF047DA3182060939E9648B4102178927DFB4D00F8E34E92F8DDEA22A554A10769AFCF72B448BEE4A112C92D0DD837CE8FD1E858FA3027790C26F4BA50AD84EDF0DEAF1C28846C32106220A0D1F0BAAF26CA844DE254
J=-$5131DD4E5C9B2AD6105D4A1F402856D184E0D9C915796B329882489DAFA888F3B0357031F1C606593D39D650B204DEC5E4D2A68511A2FF190968DA93A996FD7F3A5A2C2C2BFA3EF9B90D56FE09841BC013FC2AB59ABDB42B62311CEE528628A333E51AB7AD8ACD658AD5BD35BD78DC9BAE4F252597E513F16CF9A6734D97D2449D08BAE9F916D0B5C67AC77163A97CD8926741F003832D762A7443163AE2C0070FDF7149D670A363A71522091CECBF02F20970F739BCA4A14CD9AFCB129285778E47C8865689CA9353FC37D3A704632811E2F3F5398D9E077604D88CF6D59DFD7A3E8CAF233D8703E8534D19CBE957A34E539225C
T=0

[42]
S=$1E08673C
W=$25C8B262E76D38CCFF11E8D223040ED1F3E2F54E1FC1FF90010F309AAFE647B50043BB7A08C43985349DC78658DA66217FAFD67DE1F7FAF43911B237EC9B1E17D21F88BFAF78E0FA551DA72BF1222F7BC278E4DCB58C3AA2A824F765262742B76F60235A673569886C6650668F0428EE4BB6B0161FCEF2
J=$A56296D145B6C088D16339A075011FB04936848A3E6D6097BCE2A714CA9734F4DBD56715D3565611E904C6A71B23575498D9D04161E0872A729C198F0A183AAF26937D54B9564DCFD05C9B81DDA030D000D7BE59BBC7B0B01FD3BB00B4E3C6CFA3D8F5507AEA072D1EFABB8ADFFAA007806C76706D4178702F816BE4B241F8613F8500337187721AA3A8E5B7642098ED19E4AF43BE1C723673413DB717C84BD584F166FD56B65CE1CBBC894FE49C92F9EC94F4C12765266BBD370F7A1EC920491A51A4F4084951FAAFF0DEC317ED1252C2A767A618F9FF0396C901347FDC5A8B0F39BAA6CDE6D51906BE0583D4
T=0

[43]
S=$4F27134
W=$5EF7E2E2549D85AFFB357E7555210EEED9211DBD6AC8AA40553ECA1EED0F50F45528A89AD4CC6D898853A90BD1F736894B5619C2F512870B14B60774A4BF01B5714373F55B6180E82FF743E2420DBF63B1C620F161C863D4980F8DF1E61D7F293C4D80F11DB35C1C6B77DD69C9976B9B933702D662
J=$6F89DF7C36E0CC01A96CF1CD11871019DC88C55BEBBC6418EE77E5A84401BB99EC13E6131DE84BE8DFCAB215146A77A82EBA7813E11EFBC324494195EC0C7EC1A609F44D3311B06CC375A4A4A9A76FEB0A5FAD90E8C40353DE6F30747C6DF067D73D1C1F7D09D0BB6B44D17311BAA87962EB04DC593111FE936B0AD88C959BF6E56109B9D75E3D47F2FC85C51B9D1F15BA4D1DFB8EEAEB3274BF969500E3FB4981D757BD9B5EE22E789B85F3F5DD487AB8CAEDC371410B3AEC35A5580355033697E8666EBCA72A9227B45FD36E851ACB382338AA4C2344F810917323257AB702649F87094F738BDB5EC
T=$1

[44]
S=$3779D5579
W=-$366D48A4204C84B6542D079F8410F35F7888B0152AD538D4C6BE7A3C2CB1E4930C96B189E71EA1FFD4BC02B3255ABB493868352A062C03A8003ECDE8C30D855CCE0D2D4E78C9433ADFE1479E9CE78F7C5C70016B52BD20106313452A4BA3AD15F803B81031AC48DB2BFAE93BAD3E0A9A5CD9CA9
J=-$1002FD6E4C2A742F4DA1A2CE6868B4DF37E3994A39DB98A90D7670522B0AAB8FE5EBBF4FB78C1EDF59633FF04F39103DF187D4AA1B25118034E875073EBA4B84A30C929DCD67E83F4A49EFC250E986F89A202D866FCCE77AAA4A871930FF241A783E94E3AFD02983DC700F8FFFFCA26BCE81EE793CE31E150D92C9790B7243749091BF1F6B37887278748D39B9D063930808B1379222FBFA38441CF91A79E36B407E33FC71E3E0B84322EAF43039ED509A93472E28A1FA84560663FFFFA9176BC6BAA97624796F3F106C258E029176A389B5C23C7838B5A0E2C412346C3821CD3B100104B5642
T=0

[45]
S=$24956F
W=-$12BE5960696B3EFB6A6BAB6162F1159B03A5F2124858EDFF7E9B6A5096911ACE7373841A52D4A3F75EFF099E4F70CB13E33B12C0D94510ECCCF8EF595CA6028D589E7A1B85CFB26B38FD25F06D900C632A8D915C417F0EB924ADC9FFE6517099D345783AD91DB15013DE57076D9AF6F356B
J=$4D765D29B31BE437EEAD98220312BBB682C59BA9E316B7C4B85F8EFB73CF4C721ADD5C5276F47DCB58E68E8483ED897386584EA1ADA193920020987CC41FEE455EFB9847371F6A119816ED3CD1F90BE0BCA313DBE431A9E5D13CB5E73B682FE1FEE6E51969F8BD7D8CBC2C578DAFB6B820850588978098B2C52DD3207E69A2F6CDFC16DB0F665BB825715E443F459F2F9703D0C97286A99042DAFAFCFED4D4AA76134F0AE2D26F5FDF719CF9B4E8EEE8EAA5F95C76FFB76C2F16459EF0F9BFD80594BB88C9B43F35D07BA0954385803C1F2D9E694852F5716B35F1B42E8A2662CBC4
T=$1

[46]
S=$18E4873
W=$186FBC5D9FEAF886836D21D9E14151435B5670F22EEFF56E536C15AAD1B57F0377CB49FFA3A885D0FA756DE4B4771B09D602647ED9883C1414F82B50FB78368B9ECA9646052179B501C153C0BD14D5B479830A575FF3A44424DFA82E4CE29A151C55F3BF73464BAA2ACE2AA990A7C91
A=0
B=$5
T=$2

[47]
S=$2E36E9453BD
W=$2808005D59C48C8C4E45866798133117676C61457893240A3DAE7315FC784CD740E04D27CF6E34A60EE5EA1A8AA97C96FA984A407AB7FF69E9D7CE0561B7DCDCEE9E23EB2B5C7091CC2CB3F3D38C1631C673BDAE7ACD47DDFA12877B754D015AB02FF2F5791053CBB07FCA8B1105B
J=$169009D1E0F8DEDC391FDD6534076C8C358F870728D32F1B9A030A1B2458569C47A9B484EBBE45C75F81EE231B31C89A5FC182BD13EB3369FE4FFE4331304B81783EFDC530AE5D1B4685949031D4CAECA9DD5D1EB4577144C256BD341B2041B2F0EB6FB74690A3E6ADC6E30E6711ECA576343087CC60C23D23166C39EEEDCD237783F8CB444A40DCC463BA73F6095E8722C6BAF2C68030EE7CA8509D28FB2AB5ADAA405F12000023559E7368F1163590EAAF22304464ED0E5ECED8C3C65FEA0E460C3795BCF995A8AFFAAE90ECA52E8CBFF341D62CA98DFAAF282B2DF
T=$3

[48]
S=$5C9510
W=$D94D8C6886E7EF9590AEEBBF2B0CAB38B863D121E48E7185CF64B9084007103FCB74AD92E1103572EAB116937A677E57EE366C963BF98FE84ED57D13796F4646F2B13BC47AE92180F5C539B40E6CD2A8FAFF7EFCAC8BCA7475660415783C4103E751CF97A83C9A7507B2A2
J=$5BF9ABAF7513858BEA59C38F0555CEB0742B4ECAFEEB553707CE9CFCE343EEE86EC10607CD858D76DAE92713D1EC7D762A2A62631FA8DE7ECA7186D4A3ADDB94DDDECE06E75991CA7278194E581EB8BC827BB0C624BCF280AF4E9D1A18EB04913F76FB887E7A96A157B80B1BCC2FFE15660FE95E8BAC5B49A54DAFBE388096219BD9F016A2E25A621FA4C038D31F4575CA1B40BC0711A60BFFC60B92598DEE88E502BD000D2B9921D23DDC51F089421E81A5B8996034F1E3F924054707ED335CFA09F230DBAED89C039F75DA309FC7F7BC65ECDB82E95D
T=0

[49]
S=$DF0F238BF431
W=$351EEED778E88F689B0E9FB3A2316B9A2DAADBEF8EAF2FB571A1024A3FC3396BD288B45ECB0020E4B48DA07FF3501BE7DDA859C0601B698AC4F4C6DC13C1BF2D5021C480AAB4A12051772134386B983DCBCFAAFB3A61FD0E7C459E807646828D9564630D8C9750335CAF7
J=-$1A8840859F705EE3B9337C5F9421D0E93C12D0F26E09297C45A9D1B8A043C19B1A33CED72E77DB6D82C70CEDB93DD92C70A017EBFF5D709858872B8A9FAAF0E60C040062CAC107215A6CF382B8CB5A148A440AB4ECB8D76FE3BD6C0B3BC03A0324476E771F660CD430E4C26EEABB3CEC1D276F107CF9F8B05EE460C7165789246DE7199BF46D761C309CF1316EEFBBA0A62E31625924C022681B1D080340268674DA0DA42501394010FC82001BAF3B5C3932AF922960E98133FB8989A4006923B64A0754CAB8C56FB27B9059E951D9DE4EC36E20F
T=$2

[50]
S=$54DE2E4AC74
W=$36932A4EEAD26B2E71930D2BC7DF3A44F3808BECE9DCB90081B446B4F43D0BD5BB631FC8924BFC35E939EF8C16265D3D91A1E95145B91EBEC2AAB2AA98CE93BFBED68BBCC607D948228B1CB22FA75760ACAD466138A6F355F2A645903544C4960A78EC1D65AB432
J=$215C82ADBD776DB7DD42E99595D3DF13BD6F100054037E7B0AE157D09ED2701CBEC30DEA1502831A1E280B78869AFDDE42B916133687A73E6C59CE09F38D94429054F6F21D104BEA6A0E21F5684CCFA0A39D7AD4B8A92237E9B935A47FCE538137972D7389674DE27266890F594A6BAE74BD7F918E86A6D046E08BE1D7629B66C5B21B35C81C3255ACBDB6CA8DB87C58E0455AFAE859E3137BC34EE7755A4738A471D9985035C3ED0060BF42CC8026809E13FBDFEE558BA16ECB3408517741F5AB6953F8C68DAAB49217ABFE58B0
T=0

[51]
S=$B61AC0
W=$5938F2E09D0AF7B91B217C13F0344EA36F30801517D56FA9290DE1CD26C86C01F709808AA2055FBF8AD0E121FA378E11F1575E629494A15056345EB34FF564350EE8361A214AE29B945E810C2776AA4AD8BD467C28445B29B9B695C07AB1F6BB8772F7D2
J=-$2D88B314959B33F6EAF8F7639A53276E5A65BE684F2BAC35D9BD29B147CAA34C6CB1C871A56E3CB9AECD27D2E8FB348EBA2D2852151E250886A4DA31C1868332BEBB34686349C5A4514B55C6D53A756F4907966AAD93881596449AAA985864CA9D615284C8DBA907C766705CAE7856786ABD89F850B3EC8DAF7C7458F118A5DC794B8AE6365D5BC9357C6218571FD5FE6DB45B3147344CACC37F71DD0DC7334634FF12CC5A4BF270CB559D758B9FE2BCE81C12D2BAD46BF3A0EF3AD6A06A6494992585E3B3F796D022
T=$2

[52]
S=$25621DF4F
W=$213C4F73808A4177E2043129E0B22A11D2EA0B477A4DCC489D8BBF457869C648BDB244BEFF38E5E47BF7500BB5CC52E251B2925B65D2CF1D51AB9F94AA215F48E605114204DC2A5943C5B3C1C5D39C4DBE0D97AFCC0E56F8E91D5AADCDA6C5A90609D8D
A=0
B=$10
T=$1

[53]
S=$AA32AE2
W=$AD7A184974A925B1EA53926537E032611DA597AB871CB0B1262FCF6A33765DE2F07D264E99162674A4DEF2399D09F71895849EB6F748BF7133A40C55511A0627D99628C7BEAEECAB8FBEB0503F2616C61DDF2013DDC464F11797E3132466041D6C
J=$239A00260A2B8442152B7C45730DB75B6FB545B127CF286D25ECA988522C16B56D010D580EEDA2A40C9311AEE0903878FA39EC53FE3F91B58B78C6E2AA3723C5F00377AC5AA4C5B89B02AFC43A954702A844E2BA5BD07322F46CEC6E73B3DFA9E4D7DDAC9E7620076CAAD2F5B0244F7266EB7DAB9DE6B02DBC5D74110A3F8EF0B1913F5D78F8BCE19909996DB2E0342B0F354FEED4C3302124AB8F0DBB3A7D638370BA95C681F26D3AF0DC2F7417CCDCC1D6854263988318E5FED32B6331B816C7D0
T=$1

[54]
S=$2100E758EB841AA664
W=$753833CAEB74C0D8420E118B344CF5572C641D017A155FF50067CAF1AF5419AF0952CEDDB9CA93102B30382C54DC67312080A2EE2637F036D748DFE6A71D049D1BC24CB4B17C0CB9F1EB3F2B0B2C310E7A35BAF7CF8687BDEFF9F3ECD4434E
J=$537F74546BEC0F24E75A691253EF27A0FB9DF9D5C7467E5613C36A18717CA043AE9A9ED9A4BA11390F5B4FF2F791A9A528B9280D70EAF9CA01CC38027E6D9DD423915C1AFA58D6717B53BAD4F4D0A9923C34EB8007379E1255CFE92473A7DD9692494D9B86838D4EDC3E2885733CF223F599837BFF9DBB7B00A450485A6F6510C9BB470E2977901C627A93DEF959F96A0927A054F688EA60D93AA4C158488F40806D6945AC2B6DE63695C6668E595A3DBD7B48A4AE48A3AA48AA47B94611A
T=0

[55]
S=$24E8A07
W=-$297AFDC21BB5D50FB3B7E49A0E1CFBD8F8DC2D9A01339ADFE69C3B532A8AA0D4C5987257091BAE87F61F94DB6790570C524185A608C901FA09F81C286E1DEF5DA22884FD45A9FEDAC1D4E5664B672C412DED618636194AE13B1C5F
J=-$6B5DC2290F0DBFF46A49D95969CB2A245F96F227F2A5A83F1061DE7B8669356F441F0D6C8E8D251B34F45F1C1D7EBC9BBD71F40A94B6D54D5AA16E1A70D5C70C5E0272B8E69B96590A671FDB0F613E773F7C932C4C5D32B759EF6DF42EE4F98E95C358F4944B9E88849CFFB06E8EF80A80959ADC3034EBF7E44EB2D62D2F3BE208C0B51878F3D9195BC56C95FEF011DD1A968ED70CA0B77F5F461C7B725855BFBF2DD792781905840282C7A857CC7FE1EF930622A9C
T=$2

[56]
S=$2085A3
W=$5207843A137051215F9239297343ECE71ECE2ECC3C36218FF75A0F56E3F85319909CC0A17BA9D30CA93504F1AF3ABFDD5CE63D83845881E6DD7065BEB603EF69065F3FEED7D5F8ACE52793C3C0778A145ED4D7277C7599D651
A=0
B=$12
T=$3

[57]
S=$C60A3B7
W=$224867F83BB6C3900C43A600FCCB3C36F9D6EFABFF0DBF8658FADCA05CCBBE81E8A7981025982D88EEC77CBECBDF50C3D8B87B933047340A92FE4F84834ED760F33520CED1D5AD10BDC76087FD74932B6D4FE8DD3D241274B
J=$586E1C058DC4417B38C09F87B9AA85D7837BA157B75417329C037701FDDBCD6BE4A2D0D5217489EC374AA4DB39EC9F5C992CDB676F7F0114FA3FF920B6F4E17DAFDE3AC9C382001F26D5D5FC3941B2199EC1CCA3428D8F6CF835FC400408044698D232E284AFA8120F3F9C37C7D9110006F8935E9591B6F7FEF399E3997FC63ABFF1F7A4179715A02570F9428E92191344216A68220DBB9FDBD1A213C378274E3F16556E927FD4203E7930AC1B9B9CDD
T=$3

[58]
S=$8B038
W=$95305771E87290265CFA69715B662D2B94B5970FE7560DE8B1CB7424D45A4D91D5B55B677086B8870EADA4FCBA4CAF008B7D6CFC5F91E5A99C5FA7212760699836615CDEB1565B1428389C2BDC801711FB14DA12BEED4
J=-$15308B1367D8308FA237852442CB614CFF91FFDF5690AAB4C6CDEDE0E47427CA69A21C4207E0902E492870A63BF9A70F7405CEC2D11CC315A8C6F1F49E54A6F78C9BDB11B859B56CEBDE6467A040E1AB31E031CE8341BD61BF726B4DA9688A1284597312F774777B59A8D3C5EC7D7F28953858BD295297D6BC3BD45B4044589CCCBA95CB616C7C5266147CF3426839761B327247D92DA3952E30AA130E434F2A874BE0A122CDB99FFEDD8B68C
T=$2

[59]
S=$1316E2B9
W=-$26C1A4270F645A5CB3BD59346B6A6847146E12B4AB37FB1EE19D10A13BAEE1A831F70C59E0B7FEAF8228085037703FEF5858B607D89FA158B1A7BE3BC77100B87CEE6E9C89ECCD3A33BE52BC22A8E2FB1A2A6168DED
J=$4740A9E8D979FE350A18E8408B8F86E44CB65B52A44FE81FA0C14BE7D43EB35702929C2CE021FF9124B6C4876B7AA2ADB9C37380351FC20B8F0C6516241E8CDF4424E3DC1F78A299B24111CDA45E01F04828B7FCABFE66F24BAE2DA572CEB212A8832FC2E9CC85416245DFE731C63D78A65A661E9E83A50164DE83B25976BB0D64D4244CA46FEB0B26C96E90811560E97869433B19928D568CF16932CDB18407287B62B7954F8A1DE03
T=0

[60]
S=$10B715AD1D
W=$6473F047172B9483171E3CF5F1E6B7CA99C949A09DEA4A794E1C5F8EA2716A69C86F7051A77FA01D048C3622F683CE8D83A7DF560CDCAA3C6ECC308DBA62577DAF8CB895DAC503914CC090C34CE069B20EC0957
J=-$9F5366E3263BBBF1DDDF883365858BE86838C2973094F221F98499DDA1938203D061FF7EA2FD2138D6D3C0DA13EC9ACCCE5DC0E69925FC6BB7C0AFB8D8F4C91BB817245D3760222204F80B1AE46CAA12E096CA69B3391154DA52EC07234986826E7E47D71732C8E6081AA45E07BDFC92A5790280F517D3EE25990F1CA79C1C80B9A8D52395F87DBF6053AFF62792F6AA0A73F3970B35289DA009637EE42211B9A7A73E4152141
T=$2

[61]
S=$3BB451817D55
W=$2F9B25CF057A3C74BB364D388C645E59C505F293895298E08DC68E5902409226429502FAB4E10AB555BCEEFEECC0AAF7180C63BB98EB00F8195100932DD759D79D6A0A06F1ED68F3B4B66B0861095442A37
J=-$B2D248CF9EBA6A5CB4F8BF135352325F330A2E47338A2CC84AB2CBD5DFC6F9C12E31014A5FF634E87B9A9294BAF2DCD491B153007141183122C1EF8335FADD1EAAA39C6AFA89E64508A361BD0E9332C5740E151B210E7E24256702D0A790ECDB72CC92C20DE58D3EDBBB39F455E8322CD2C273D210D1B1FE5CE38D249E3557B7739CC3908F822214B1EE9DBCC3405FC54BF730DC3899321BF41FAB606AC39B8B2A0B
T=$2

[62]
S=$A2BE022FEB32394
W=-$51F1ADC8DF97579BAED8464D50CB4CE00B66604DC865B6874464280CBF9BC4E58A5F9D63F2257E261340C8F44CDCA8FD9DA695F5D932128E1D984AE298434DD179114FAA5037530B10EF6193FB5D8
J=$F1FD2FEDAE3C6CA0AB971DAB3B4AFD6DFAFF4BB8F0B9ECBC1901A657D36B33A03B48E12E2316A4F2668AD6B74A433776C86B204061F797FB4E1EF2794E921B6FF22E5A17A07C76A94B26F39A7D8FDD5FADFB06D13D17B848678BCAF57F31A758EFC257624675D31FBDF75300B9529F7AF8874942F2A88E9A7FB20ED3AC731608C5AE4234430DB070D11357D9A5392E63A3AC5705AA6FE3582870706C
T=0

[63]
S=$456472497D
W=-$475229FE273C73549064D2B9D69D097DB141231275023B53AB75B0A19B7BC1AAC8E89DAD65ECF15FC3F775C4FE116DCF7B9C0C78751D956FF805AB07065A741AC2F110631AED595A973DF
J=-$6757DF0C09417AA9972554983FD922375AF6A9E3DD58C7A60E1DA0FEBFD90CF5DC630FFE268C645547D109590BDF932E02B9F24BE27412929E47B617353371184B788CC0E46C9A4BEC4004A94A10FF075D0116B8A382ADE39A2AD69F7693C94A95C7052EE6969BE7A8933A26C98B0CC850BF78369CE36B78FF5626884CD3BC1363281A38FC23AAAB8498CE754D86906FDB4ED5982F
T=0

[64]
S=$4
W=-$2704F826040027C888065E144716C2AAEDFF6D8EB188C845C7B309573C1F3D6B454D971A48D004C1979EF4FF62EF5A86D3F80815AF40797D3C9D6A442DDC6993EC7417D7333D0FCCC
J=$F4FEF5A286D872F2BAD9DE111BF936A62624B20F132645BB4C77ACE56D19B7513309B54EBEA138F2FA1F9F8CADC4C1D7E2542C5167EBBEE870003B30949762537AE579481C3F05ED2A44DC3E270A8B94C79DDB50A71EB1E615D2B33617642B1C506769196D88BC6E1F8AF1D0550D24F30967FD3EB9BD12E1F686A029B84099606A5BD53602D2090A7417F7454A76E3C3
T=0

[65]
S=$40054
W=$D1D3B1B602755F0682525647EA79AF0E3155EB50991791E5DC8A96793595076F37F46CBC4215BF171676247E7A6806BB48F45C086F864663FFCCEDBFB13D07486346C8752F376E4A
A=$1
B=0
T=$6

[66]
S=$775CE7
W=$53E31564E250C7ADEB033B50E42E4E1867A23F369047AB7DB44E5FD210AAF2F939F670114D9326D476352867F5E089E9DC860E74301FF76782B3F15B10BED87D17D43A7D03191F
A=-$7328
B=$1DBA42
T=0

[67]
S=$3B41F1
W=-$5ECD9EFF64CCB7594184B04CCDD9D9D830E55DB6732D5E76C0ED3E6423880084B13EA2CCCB71405B180223E24441E74CACE1DED09ABBD3F8CDB21E75B3B2F8D90B74DD7F15
J=$19B8F20961798112AC3A54933F3E54DF313E174D4C87E2DB34983C92AF872D20FD7F418E88252C2C2F5316A5101003261B4654B417313FE51C74DBDAB75070F36720D5F4BC1E2F8B8EEF6FFED2BF8CE9BDF3DFD7AB42B3A29FC4604F6007270618710AE30C312CAB5C949BD6CF935B9DCDAECC94BFC5E3240728A2CEFB228BB43980058AA899C8E25B9CE3
T=0

[68]
S=$ED16C77E
W=-$2AD6867A6C82723A48E594F49FB7DBDD1A297D31B848101041F0ECF8CA402CDE7F7C3EE381E9B9213A39AD303AB5EA59DED576D5EBAC815A0211CF85797D97D64354B1866
J=$7E5B6BEBFDFF183D1EC1C013A7E6067CDBF26484A504621A22DA2FF23BD9537A2C930AE73DC52781C8E1DB978D03D438D1E06B35F4C8BC6DCC770C7B42EC23A34153FAED3DC881733D14674C2CCD8366C0F0415A6A292DA2F541E8B340D0EAE8458DF01DB21A0C4685AA3A63DB6838C411D1F1D47DA82E95B8263848FA564399B1EF31BD61AE731B
T=$2

[69]
S=$189679
W=-$1A1CDDF5160A409B21AA50722DD8EA4B360D0DDE2D1CEF6BDEC5B7D8C360062A761B9935E1399F00030AC590613EC8DBA9DD91AEE163CEBC69EA2431560C55FEFAF41
J=-$71323F1CA5AB70DD4E4FBACDF633C5840CE510AE7B847568383C74CA16EDE38A7CB09E73129881FFA153FBEBBA6D7B143993C0C01BA276CF5ECF464D2F33A84708B5D421E62014A3ED910E67C4B415E60989E9804952032EB81E58C29E6D32145D2C3D08805CBA617B512A78CE42F122C5FC84787D7A9529FDFC9E4876F825162F7CF72B
T=0

[70]
S=$3AEB0AF
W=$6C2EC778DA682F00106CB3522D264FC1EBCC89C2BFAEF94A17E68DE4CC20B8009237D7E766987F365BEB369088A93C7822BCA910962C76FBEBEE955400DAAA6DB3
A=0
B=$3
T=$1

[71]
S=$1F6A8AC6
W=-$AF03823C732B90DDE1C9BB01D842E9C2CDF2D7D534EF001E46A10FE57CCB98F79DF5F1BC08C61A518A84864E7D253A33F9F58C079B6876CD35A8B4666D0E30
J=$1736C9B9792B4EE7E5AAC59782B289328BDF00C1F78FC98320B975650C0294EC794FF6A18BC380A40884CA74DF06FCCBBF6500EE5779B5D5B106F160F810597717EA146444B76EE1D766AC958430765D67C5E08CD368787DC148FE60927D8ADA7DCA5E58CEEB38851FEAB5A2D2F9AD8B31B1F8BC803B3018FEAFEC0A5E9E3
T=0

[72]
S=$905F0BE
W=-$47E46D9487C9DB5957E7BD034EF1BE8EE68D79DB83E65D8385B1DE11A0C8781AFA877C7EE072AE4436AA622DCC90B3012C58D5DC126674B3B696132D3DC
J=$10D638B49D40C9311211D359D61FED68BD88C184B60F66D99912AD2DE22FACE06F45D31D11EA84666AC8EBF60C14B608D8CAAF2CC26F6D6DA941992C898433A718A7C18A82631C8E398F4B98C63FDF6360625AA5944EEAE03F1BBAC45F44D24E259ED4B6F7A4D3678111C724855562EBEE2E1E05D023A93A02D8F6
T=$2

[73]
S=$E260BE
W=$A9F43B374E8BC30587EC4E39F97A1AB430205D0C6BCB21E678B261418F095635D289029F38A366C0BE962C6D1B655CA0D7551D7B6BC9F0C8A2A1E0C
J=-$1447483731C05CB2E571BE6ED9F3131CCB0D797646ED764BA2FC2B5E6B97CBE2E3C7723CAD49A5B5E187430B5AEE81DBEF186BF0A8EEA608162D5A10DFF49DCDB28499EA4201155908A23F61AC091C7C419FB534FD6A127B7D8621DFC3AA045412E7EA78BB95BF47DBEDA3D01836ADF175EC786A671705D
T=0

[74]
S=$D23D4F04
W=$4FC3B3D18929D65DC3378C4EE741C56CCECC62D90072CFF08E642DA36DD4BF2908FF4B149AD90AAA539479A965F8DD7D5F252A24C92D9DF95DFB6
J=-$10183F254F7704A51200C615F47F8A19FF019D3F0DDEED3E27632AD2DA0EFA84C3B0679D7EA89CCFC38DA591EFDDA2F50BDD21AAF5E4071C38BDCE6DC5E54CCECCC2979190F004E59CA2798D34BC299518C74B9FE5DB25E8716C323310A34D4E98EC5FBF002AD7842C53AFF3B0A575819612F01A
T=$3

[75]
S=$14338BA
W=$E9A58B81F57A9F51239759F6D80FC17BD8D10433D15BF56B7D5C30D3AC8C8FA739D9B7035EED62D5FBBE720F3B01F4B696B74EEC3F9E9B20
J=$1052A92FC7BF633FFD433A7E095495651FE5624DE90A0C3E69022F8CB6614827EB8559740DD2C0A27D659AFA906FE18DF276FA85BF0E088B75C59577BF56C1408AF65B6C98CF2EB4F07D2471CBCBDDA9ADA58C47BA2E8EE0F4CD5B263B606374DA606D89E374FD3513B108E8C575C7C8E
T=0

[76]
S=$10AA84
W=$44B62DD05D67FD3A56F139D08A0F6F13C52F9A6CF16E205BC348D85B9DACFBB3E3987865B089E3D1E8A18396CD7B83373237D2C0201D58
J=-$2A5E9CD2B83B85033414C8870E96B90813CCA30D4B695C779819E6AA6C90D1D19B6A4AABBA2A266BEE38BAE7FB2DE38FE14EFF5DB29C3191DBE17A6EDBFA8D737637868DC5F27CBEBDD40526F77D931FF5E32BF5EDB26A4377A7818285EC288BEC1E0121DBC4CAE64707A80A289
T=0

[77]
S=$84ADDC
Q=$2

[78]
S=$2695AD22C
W=$17516895C58F41D76227DFC712883558CEB9D43907A8D79BF9081C69EEDE2AB25787917858CF0EF9CA5FA748FA7903947C99E1886
A=0
B=$1C
T=$1

[79]
S=$297FFC0414AC4AEE856
W=$10F998056FC5635A5FE083F965674E29A9BEDA88D5F5130793D33516FD4CB5223B65C6CCB8E1F667F7FB55EE0C0A108AA0BA2
J=-$1976851B277202A3B001444E9389D76FA9F82EBB80C2E70142B567DB4B2F55501EA9FBB299216F903A9C94DE080B20221ACB58FD665DE53AFD34209228D05840EA0FCCF5432DD756912C33CAD13B4439416CFDD935F2A3E7E7BB068E44828F377DC619B4
T=$2

[80]
S=$4C69EB7D0
W=-$AAE207142FB55AA01EE877F9B6CB6C011FEEE8A6B1942EA252BEF4A4C5C1B3BF3F56741EA2649B4C437CBF38E76
A=0
B=$7213EC17B01DE63AB3EF80C300E67C142A9AA8F791639193E4932A0E7AF26E08F77AF8F7CCD76053BD915C2B914E90045FA0B9145FA59495731B339E66824A27E483568DA591DB7BAC40D92563EDB6C9864F80A02E062E1B5A53C
T=$2

[81]
S=$2AA4E5D1A8
W=-$1D2B1FC81E77CC467724B694449C58CD59EF76986D074C0E753B6766F42D222FED38409F8B3DEFC801F8592
J=-$CD37A2CD56DF5314F2FDB28F418B03BEA9D3EA9E2187A61F2D504B49F8F8B81C5612747A3EF30059A9EAB3061F4AEA2D5D12A9F2DE858A285421F217BA26E817A0D782A77CFB7530236676F06B8168DF554657E0EFED
T=0

[82]
S=$49784A2
W=$615E0DF6A3C685F4251B0CD76057B97B6DA5338760462A61EE211DB4DDDDE4B200AD611B7759974F3C
A=-$11EC9A0602E0A2177DF4D55407EFE0A4DB0D07975B3CE354FF01F954FF5531E9A37F64D8A9F43BDF99981EB908828BEA0F18AFD1057704E0FC0C6B86D7BC747F03F5226078AE6818673BC4A57989B95EAB0E
B=0
T=$1

[83]
S=$86F2D29AD
W=-$3300A5BFA445B7689D5B45967FBCB495D5BBBD6DC78F691A744336021DFA9E7D1760ECC140AE1C7
A=0
B=$4
T=$1

[84]
S=$5BBDB
W=-$213A2C889198B605F8EF9E7B5327856C53BCFCEE3685D8359F17C17462892C8BF79964D345
J=-$40F433727F8027BB502D5A09DD14DA44C2B17C48A12E4D788C1ABD1260DF22F2D98F854F5E650AD298E8BEDC32E9211F1B50AB3F00223B7AD67F6C28D93B297DFA07C9DD7308E9CF52C
T=0

[85]
S=$301698
B=$2

[86]
S=$10DE0D
W=$1083BF086F8865CD27F971C95C6596C489FCBF0DCCE222ABE96E17D5267C2C88782385
J=$639712E3434CC44091029148AFF70492C25582C6863726E0767C084E5A57F794FB03115496564DE9BC37257C83BAF5BA69CED6FF4268932DF7661B3C86F207C14F2CE85C6
T=0

[87]
S=$12F1075E5B2C6
W=$5191E54B70868C8BC95597F66672B2932BA4B8C63BDA6EF021B4AFBC13445C01CAA
J=$1390CE9C047311AD44B0E7D7416D4DD62833F3F4E1ED04372C44B8A58FDB09AA64A6C04275E9FD6CD88246EC6FBBB48E434FE7EBEADA750961BD8299BE67334BC48B0
T=0

[88]
S=$C13A0
W=-$2DA4AABBC88B368D481B71258C09639D1A87C57835E93528FCD295C5F1DEC
A=-$23
B=$62
T=0

[89]
S=$822FEC0
W=-$2AF379C04B2D5650F9FF7C2EC5CD2989CD71D84BAD237BA62CDDCAD896
A=-$98
B=$2D2
T=$2

[90]
S=$57220B90
W=$5AE47BA6FC0E3C0D18770485DF4119E28F1BC8DDB359FF4CB1C4580
J=$B80AB897F809649C66F3160D022245FE42961478D460D982AE623DB5C4940B8D3838248B66A3C2CF268577F542E466EE8BA35D8C0B7CA
T=0

[91]
S=$5DA56C
B=$2

[92]
S=$68AC6EA7CE
W=$5161C8C91A031DBC719B90D45940239E671894951B213ED6
J=-$154A03593B779E233C9AF159C74673DC9591FD4DB8AD1EDD5238F5E1670FE454C69523B9F0E8DA0E1E76975F982907D8
T=0

[93]
S=$B627EC
W=-$255CC5FD34E60EF73227896469C0CED54E5C65CC8EFE
J=$548BA5645AC6F75E4DE18C88DD542807D9196CEAAC50D33A4CC726AFEC19ED82D587103616C964E6D7DDDD
T=$1

[94]
S=$1AA49AC53
W=$353EB08755C80BD358EFD704D168DD6B6EAFDC4CF
J=$380AA029640673A7B40478501003F810C9DA8D33A1A81ADAC9C7089BB1AE9AF01E68B5E5750E5D39
T=$1

[95]
S=$2F74012
W=$5E11AA00EE144AA42317C53D4DCA0FD45564
J=$3BBE5FBCC2FA1F0BF6792B2813CF8B569E2465C270543B082306A116283FEC7A0A8530
T=$5

[96]
S=$DF9E675A9
W=$10D13173D763B396D5494013B8AE675155
J=$21D36C1987B55435146610FD7676ACC289544C082BD2AD7DA281E896DDEF2EBA1F
T=0

[97]
S=$1EA73B
W=-$6844A22E16C807A1ADF6D81DB88AF
A=-$D70
B=$12F5A
T=$1

[98]
S=$28EB50
W=$A99C476CE8410D75AD62C56546
A=-$108
B=$69E
T=$1

[99]
S=$11C7C
W=-$25B82342136002C6ECBE5418
J=$33F1630F4B506EC8EF48A7B1023C79683191629C813F46
T=$1

[100]
S=$E
Q=$E

[101]
S=$3CDCCBAD4
W=-$8A4255AEED83FE53D0F14
J=-$3DFD2447C0D9044129C41781C05E42A12AAAC5AA
T=$1

[102]
S=$1A2E332A
Q=$2

[103]
S=$269BE6
B=$2

[104]
S=$180E
B=$2

[105]
S=$25A37E3C
W=-$8D8A61234
A=-$98
B=$2D2
T=0

[Signature]
1=$DBA6ACCA617447283F9C19F7CAE89D6DC9790B80C6EDDC72
2=$E9C926984403730D9C42A2FE0B73F504DC01AE7A9351848B

