[PRIMO - Primality Certificate]
Version=4.3.3 - LX64
WebSite=https://www.ellipsa.eu/
Format=4
ID=B497703821324
Created=Mar-28-2026 04:31:53 PM
TestCount=112
Status=Candidate certified prime

[Comments]
Put here any comment...

[Running Times (Wall-Clock)]
1stPhase=36.41s
2ndPhase=12.64s
Total=49.05s

[Running Times (Processes)]
1stPhase=222s
2ndPhase=52.09s
Total=274s

[Candidate]
File=/home/lappie/Primo_Batch_Farm/Titan_Group5_Prime1.in
Expression=(4797791281530274224314)^47-(4797791281530274224314-1)^47
N=$616BE0CA95B99B18CBD44561DCE27395131C0CAAE7C4392AAC5CDE149ABED77CE125B61EE61F7CB043C29CDAF68B4FFA92A3B7AF3F9B86BF23E16C90796E5C79129115E2CFC5440509ACB79D68DBDC548334AFB96714CCB413290CECC268849BE7642AB7DFB1E49BA9AA0CA951F441863A58CAE025A5811E3E56166611333D01CAC61156AC36ACFC32D301F0A56CA8B50F2ECF62A9DBB0EB61224C77BCB56F2841D95094D646B7FE8C0830AB674540D07C6FF602E4CBB7C3E79B233D967C3D51333040CC09E555A1D5A9315D168DF69FEBE87281DFBA8854508066DCAF79F935F046B79412811C2DDFE1F786BA1CA3A044977230798E849112D1AEEF2009185C6F7CB4AAD8D27E7269C0A11415FBBA33FD038B42CF9CC7329CD78CD69DE281C8B99FFBD287F8CB6BAC3ACB6B683B8AE85CD1FDCA4F1B839FC2678798601053E70E49ECBDFF34CC978EDB4481CDFCC9F3DE1B5DC3585E443E37B9E3D873A6855F4DC0C1AA537BBB6391D1F68951C463B27C273F52830F831AE19A1BE417520D183A539D8F5CE6883D0DCFDE57E16D8FAB9CEBB5F5E6E6D1810AFA873652F1F7
HexadecimalSize=830
DecimalSize=1000
BinarySize=3319

[1]
S=$9CA6F3B
W=$C01B847224CB407BA987D3DE0278204D2B2112DBBD7469981A8A14F17C01615D1B1FE78978BD9E0BFBDD3B456C10266D65045119FC8893F2D23A3B4EC91479BDE8AD0108AC6A7D5FE2D05F0B53CD811593974319F9435C8B1ABF827CB3494ED332D9C4179C362F9D8D20C5F5AE5C86F7038D4BE4B040667436BC2979391A0014FE0C17379D6BC6463E4715AEF80DF99A690664E819691A18E6DA54F21B1B94625493CCEBC50CAB1ACEFB87490F86F169351306A051987B8F77E458602D21FE91912D38371D7925761A6CCDE670F6ABD
J=$26DE44BD81F706864F9818CA1BD1073F515566E3AF0DD88A677D43F14ED4203FE73565E7E9ABC67003AC25290CD730EE72A3D0219F7E39F8728286FC3F706E5BB026413C99FA9E8773308A5B9D86AFB6ABF733B4578832DEC43FFEDBA141ACB1110BCD9A1F99A3F75DD0BF0E128F7F6A99AE8F0E63512865ED45D61C226F47FEB81AF885A65FFC10930AC263B4DAA8951FE7FB9FFF5D28F290A433F1FCF469BDF53C2A6B3E3B31922F25FCF9D29AD3B588123E38909A5550694BE49FEA9BC6926F9E29D95268B7F5042FA96DC698D82244D5EF67F5FC8F8DFBBCD5370A6A2BA361DBD97176BE37925C3061B377E85578C3481477E5B57B58BA992597A100809B8BF73B909F405BD0A3B2386290AF5358B3218A986C28CA5AFBE3EDA8FE21B35561CA848D53A27991CDC9F9273FAA38C77CEC944D521467BE6559159401F7959754130F836081B707CEE7C5BDA2201920CB45296182776CC55A5B980AEFBB6BC0A33AAF5F33230314FD564F6C56BEB95872A298A54E9E7B7B1CDDF7FACA7C1C99F53CF0836A594F5CC3BEE91D567071D72E72DDD4D480CAE6473DAA7BDBC2F2
T=0

[2]
S=$15EE1F479A08D
W=-$604B2B372DC775B32590382F5D06DE8272F76814CB03BBB28724C49C894B915E3DC1F859B2A11806C5CDB24770CB900D777E3E6FFD574DEE474295BBF9FD5A17DC9AB2A72AEE47350868B6E58921EA8D4C9134DAE7551CCEDA6F8B56D75809FC068CA51F18E02BA2F5EB9A313FF9944957CA17029B2D4E6A030E00424569708DC9D4E125F5EC6DCE393199537C67F1F7854D083EFD9B9810918F575D95C526194B17C41E95D29F4E9230E3A80563E16F2154503DA2CAA374BE3FEA6D6E2B9B2C3C714F040D93DA2AA10CDF6E4199
J=$8EEBA1EB1BAA1E3646F86FE629DB3AA34677542A345454F0965E805CA7D0BE018BB8D6384D02389EE426882A98102ECF9E9E2CE9BF6C370B4B67D882692A7F7ADC4C6AB11A613EAECEB5FEAE5714A83383866831BB09809994D769F3295E1955F8FF0DED51BC1FE30F1ED12E31AE5D56789B9D44B6A6536E00A13E76FD7B72705A3FD1FD904007414539C67780A67A9D96C32D1C0F960FDC07EEAAFEB9EA4B2AEC03E0C6DD1AC3ABE8BEFB0B1D6F67EAAC99FCE031EE04B1E3B5367209274832EA2196DABF8BF13D04773C369763AF58B5457A5E3773F6C167414AEC0E1426A60C679A7DDD42EB6BFB61B3D1AE6A74CF75C35FA41FF2781D6E2A56EEB65D956F099D543166819590F4F38B9AC2D27D9ACC9AB8518F9B39707625165774E727BBF5C4C553252335F4D372757C6EC04FBED4AA8F2A666A92F65AC80DEB80F5488723231C1E40EA590C5728E2BE0F67C10610A622C838C7FAF5D243AAFAF4FD8E88F1D064130A217D34A0E028E621287E11F85FDD27D8D6B19E4EFCE00D2C9F0267BE3012543D20A8686277F350CD002B6B3258D90D45A13D07869C27
T=0

[3]
S=$12A438267
W=-$16F262FE387B6F7C2E653F0B6B01A104370381F99F58B74C242225A8003275CD53C79B54260C9BC045A16C4A379D07443668E2726D36B96D55934A4C775602123069AECC0D7663D41FAE9F421C9B0B7F471CDEB3181FEF5F796593DAFBF6C468255F5936AF43A918AC78908F284A8DFCF516F0550E00E33B38C06420F8B7CBE9E550571BB3B73C6E066537A8872B86036887AEC7B0075DAFA07289CE0B3FC26BE2CDD0DA43BDD7078238DFFB812131EAF9FA7C25AB9B4A637B41A8DFCA685A783C4ECC50FFE0A2A88CB743
J=$21EB2C0CC36CDB9697091C11BA4DF1B01E13F14FAB0748CFD389B5C3E00F8899F1B06A7EBAF89CFA6DF1DC0E536813B4F115BA42675E3AF9974EF51B1E96AD4AE7D6F9672F260F017BA6FBDE719D619A86E91860CD6E070083A599F72CAEDB5D5D42B7701AEECAF48B8194A4FCE3D93859751DA2B1FDA77B75184CB3FEAC01183AA19BF5D60849A5BB63C407D92AB2693AEFE80A43CE130A149A2EFD8B72C197D1DA6383865ECD6F39AEADB9C42B52383278C44AF7BC1986A5126DDB9DFF8249B7A21E7B38819FCF1E34F6BB7872A69430F834F78BB41391E726068D6497629806007069AE0BD6D7ACF3C48D27ED6913C7898EA5D571B3AC651EA4C69E9D6E495A40F01858FA6DB68F48E3E5731DE8BF6EC1ABB11742653ACBD0BA8927812AFAF7AB5BE9FF67FC6CDEF555CFFB5D73D001C193B4625DF3FCA2B49CF53807770B82CB1A23E9BCF3B3A4A2C0273974F1ACA4C3752D6338CB76245BA81D4594AC48A96B4AAE5B0A50301D113A026623806F45C627A4108357BD1BA0A34E475353DFC475D72BB594CE33D50163E8FA5817E26FC2E5DCF93
T=0

[4]
S=$29CA604
W=-$1DF9516E68A474E6E51CAECC53982CB998E55B02F67B731CEE66F8AD341F25E623317B6C030AB11B6CEDBF7BF07778980CF52F8740EC7D5D9D32A254C9A7EA04DEC98848FDE60E5316A8B157DF9E4A386AA32F757D6579DA5A84D47EE616EE930F716054B7999D6714ED2C15F62CEC70F447B61EA9604D10A3127F92EA8677D0CEBD3BF8C5A11544EE123CD69414BD8FA8457D6F97DD0BC0AE734E73291090F7217DADE247ECBCD3E8B8BD5E45F4558E8DEBD6AFA75E0B03D313A48AC8AEE5DF7B1972BC34765DAB06
J=-$B1B79CB365A2534858960AB1B4EC93EB8CA44C030C245632A1841970B712A2F7F4C7217C8634DF0F16CE88D86972965E35F2216FFDAA66E73606E672C69C184CF7C1167CE5B51D45571F72E83D4A1C3CE5919454BD2617C35397104155BEEC9F51BE503590B2ED294C77B8AD3143FB23F362E8A9846B4F3553820F0864C743403DAD2127A7F02F649DC03BE4105D603ACF2C7743B5283EB6C952992F0A2FDBD44257737A9E11A498DBC82F26F329AD15CE4425FE9C776B086BCCD85B50CF6E69FB1CBC574373B992293684317E0889F3BA909B4B40F81FE9370156525974EE40A0C3FFBF96F4749A13F68F7D9687919FBD36540F8A243286DC363789E9AC7943E9E52439ACFC2B108F3000BC131463EA4746EEBAD8FF96FBC7F990959061D60F8365998D39E9F89F1BE1EE230E8F35FC1EAD321636F7B0D4113D158DEBB025769BF8A517E4A91C2A261AD401DD299592A3E78C063C088E2E71A89C83FCD01825E690E09E3A0C5996C49122E6E8E3E5F3AF65A0B04A1E0F8BCAB46D871E870D771C7C195A049181A49F4FAF3B720C607D1B
T=0

[5]
S=$A4489F6C
W=-$2FB1683395B1AA7739A4D36DD2E945FB0BA78D7336F07445D7786DC7618AAA7FC78BA4FE5D68D96418F19F46BA62CA827DA64F108FC89A03BD0D82D3FEFB4A75C49AAB96211A968BD170FFF027F0820152FF5DDEEC4994714083815050CEA63C57CD94A14D4407E90097A86E7A2ACD731AA1D2F30A6482629FD5F8BB93EC365D6E6C0B8D4D903EAE984BC6B5FBE2A82A34321D0E609A1ED773CBE7DE6E5E038F097BD570773D2A74151FF14563C288EE0E20399A2672E7F15B63C8FBDE25739DA299ED007ADA56A
J=$3F65B32254B333FD8D1F2CEDA56EFEB805297B327380628AB5FE07E5CABC46192369D831F0D367C586FC4A7BCE3BEB0FE3A373B18066B5820A5D5310223A22E833960BDA8D8DE49F40B45634A7F57423FB812C07B498265F8AFB4D268AE7A035AF3427C929D08977509994AC68EFB9EF64EAD56F16419D69983CF9BC27FE287CDF032C18734FF8B05DF6B9ED65372328C55289F4D33FD816A2FF6D01B3CD4D922C3828DC121B7F8DEC7FEC945597B9636D68B6BD99C5DC4206E20150A27955E6E3676EA50CFD88AC9911AC3D870CCD52EE2004BB0B6720D924E9194ED8183211C24BA321DA26FC1ED23DB313C7C1059138AB224B227CE94AAB314D07E081CAE25444884C9E1578B927A0A100AA0BAEB9090D53B42E919C06C203A90336DA6193049568C69D2D296A19B4FA570E8DF54D65DCEC2E416B6FCC951172529D37752DA78BB56F9F77F240B0714C2885D801D2514FC84C8439F13C17C390C1A2A6B533C50CA4562407FE3A72675FF957BE96BD1572AFD7B29234D052878F431B27B381DDFBED424E6B6A2D408E18DE3337
T=0

[6]
S=$7234EC
W=$1AC77AD0800D5FA295304AF57D21EAAFA913D73A116D865C0B1B6AE807249A8590C6AADDD068EAD64BB8BF07FCE05998AF5D2D8A1BA9C9BF055C3E58C61C905E72F516532F632468251AA817C15E920FF4BDA7B25EDBA8BEED2CF609951969610D18AFD772D8C437D98FDAAA0369B0ED60FB313C3ECD1B2BD69E7BEBC15DF43A4D6296AC99B62D96D5F373817AC28E7D61C4E632579B7B77DA3DCD9049FA2E9A948C035F9D54FB905A1AEAD01886C09C2A1CE41849049C2E47A80A7949A85B75E18A406731A
J=-$15AFDD2A32772342BB8309D25EFEDE39F2F86D2FCCE3D6E455FF4549BF65E664B757BAF0D4EEAACD32340ED0D091E6AE2D5740096BBFE66DE6C26584C90114789DA41E94B711A6FB0B76E8529B588B142537444E9DA9DFF871D5830469DC08C32433B1991F4321E0FF0FACA4C56FE5503E6909E1EE0409135D52DB515A95E6D8FFCC2B447E1BEAF68ED4F20A8DBC266109477445EBCA303C109617DBB697DD35EB0A15724016FE42C747BE3CF0DEDD174BE6C9C431B0F2FC8248579CA4B61D7E76E5EE46594BAC3709DA69A5099F5AFA78C42CA7C6D9F2441C6BD9116FBE6139B7DAEDFF3F5D29C3A754946D97371F571E247DFB0BE6C105A552E7FFC28E616E89CF8B45353AA86A58032AC928778353C8490C6D1D08F75C9A192F2FF437865DE54F0F44C84B06C84C97AA2623F47938290F2CB5FABAE1C5894B8CF88DEAF1817B04859243FF59148ED70AA4142901A46A5AEA837B43C2CFFB02C6C809EEAC7D6A1338B4AEC0C51DC4AF3D5367DD5A973AF05035EB18F1BBAF97069E8564FFA0DAC3F81203605C7091339
T=0

[7]
S=$174D4
W=-$58F59B61FC3DCDC3E49853B98B923DFD35DEA294D39DA5159FCBA56B36DB246C8C33DF241ADD105643D2148E8FCCE042898CC7663AB5AEA22C515EF494807D218E32B49BF8A23F038AED61BC6BEB9CFF82E6C5C1086D39C8CE974F8EF452768251C00E140B6FBE21CFB0D5653BC729A32D38FB994907088086A14959D0CA30BD8F389F25C517D13C75047176976101C555D567E4FDC37F5772771E756020096655531C26727F3BADFC53121B342156B3F0EE44EC68119C7CB956997FD6F9435260412B2E
J=$1A49A0B81044A78C59B4165BB1EFF4C15D05D9FD0053B2D6EFE6EBA1710BC559B47E65F1EF5FE3BF92C1E62A82C79FD58B2D8F7614A35389FFCC9BAEB7B812A65E4D4F9527B1B3EBA51F62462F6A800930B061574B438903419D5D582BA37CEB12E12AAEA260276A948BEA74537C21F58B8BEBEA2A7828077F6B5BBBB3D769B2B283A7084E78CAE2FE863A75DA3CC60107410854AE7D225026FBC586340657F47E1619DA50D964040ECEE8E76575CDEF24CEBC6623EF1F1F21E78849F16BE7D546ABD11E02231C0C3832FD4DD2E26C86E8D6FA5B57A3C80505236CD8D4A6485F7042AA9D900D242BABA4495AAFC08A88A80E150E24FE545313C33DBA50CD03D832053680C8ADFB913671983EA0317DC0DEF77ABA533CD4AAE6EE5A34C331D8D3AA21FE83207E9A72EB7D4989496FCA01BCE910222BB9215BCD935442CFF5D986FC95E21CC02BC2373AC01236362D6FF55D5F75A9FA5372B36E37CD029498A4269E452183FD7EC0D6B1064EA0A64796E4F0053DE959637E52946A2E92E667383AE194B299A1E9A20
T=0

[8]
S=$1B0ED704C50
W=-$44F73A97B8F2E0C6CF8DD63D3DA363A03955053D92EE9145F9BE50E56DBCDFA70610ADAAB6FC45D85CA03EECDB11362F563EBD90C67129C04BA85E41F9F4B4ACEE8AA50175E5885EE69224245B1C0D1EB9091B3A5699502003EE639840A4F33DB02E0FC9CE2B06C743370E9E7B4FD43456543A9E84AE10DC5334DB2CAA4868666B75C248EE054A16E3800BD0036A1BC2D85E9E03F7D12FB54FCF4170D60A2AEE4DEEBB21FEDE82E146724722595880399AA80AAC7D1707FF676A9C035930EC1D8AEA96
J=$1FE6F9494858B53173339AEDB0A1C5BDDB0D6DBB9F4E4970324BD778F3F93A087DA76BB65A3BA779184D07761A5E63EFF457C5A6FC4FAB8CB7FE76B597A93A47A287B0F896995BDDAD440CBDE108E308FB5E92729591E26149308309BF67B64A5A265F5E3E78B39110A7F5DB31FF0D037FB93B5C3E16E6C8B26D6C27B7BF6266A95853CC72AFA80B58D4124E1764D59A73838D035922A230F033630E77136060099965DFDE1E1BB76DF8D7AAC7528DA15287B6CC32FA169313BE58787340DFC3789DE08EACF374E50C4BD325C82BDC8FA70298568F017DAB592C93CFAE86B6AC354DF1ECD124DDC9E0E5BB5BDACFC2750C070796B76846C9540396A872854DAB05ACB32B4B8131542505E16C83F6F38E094064D330C6F16973C4AF466D12F5780AB3533D6481EDB082BA74AFF3DA0EA03316902A1E5A2551B1ADCBC5FD94ED132A42CFD6DB576A66E16653942121DC2FD85F7A4673F817C52CA3E7E721ABBBF298A9287FA8EA3657A9F6D6ADC27320085C0859EDDF564F907457B9F4FE5BC14B9EDE5C1D9E7
T=0

[9]
S=$3053F1AA7A2
W=-$291BB792577A5971B80D9240D76D72BF73BEFCD2872BC506B1C708CF40F31EF86A984245876F174A656A8F63A8A8466866CA2F09BC508196A7F68C8727A3562BFC46729F0D098AEA3AAFB397DFFB0F05E9AF3FDE634DCE062339F779508A19AF00DF198108258DDFABA57E074556A757A553406273285A5C5312AA33BDCA194A90DCD71BF095322822045C31BCD9EE89186B264AC873082916ADA07C0E3C5FFD63B5412525BBAB219C732BE468D5C6B5201ACB94AC20BCA9DC39E94581E9CE1D8
J=$E190FD351ADD6E2DC2E5EAF468E5166703B4249719AE96C8396976E4131E83F96028AA5712BF5872E1FAA186026280F3C06895EF020C9B032214062A61EA1BEA95ACCDDD6AEB994D4193357F38919928AA2F5BF27C690A2B8F284C52565E606C8507CADC8A84B8C787C545133F9D38C618B9A798E0A7667C5585F0527CE366954D0B9F1E3721CF2425A0BDF1704E3125238E9A16D344569AFB2CFA980B3E606B6FF8CE83C68FA6C7E0BF07504CE9B5F54ED27F8B699A8C8AC3BC86956E36ED5835F7E723FCDD1C14C53B7D7AA3CCCB245A6E7AC633E862503B22104F8A26D686129BBB4CFD41C6DC67F145731FEBA92689DD1D1BB7BCD4A44C6721590F53F5D060D07E90CB1022A6A5E46712DDDC6E637226A15BF5D18F012AA1042B297EE47C7FFF5ACC2945ABCD71F7E0CCE6A18874628681D8392CD79A1641B5E2C9F07F17D1FA6E356093F35BEE4748D50947AC6F73E62F31E713B15CD6AD0AF02A40409EE563DDF189B81648211255ACC68418BD786D73586F199C179F4D081F64DBBB15
T=$1

[10]
S=$653E66F
W=-$1B1B9462049DF3FF2F4A85A284F762888DDF7D6AF839AE84C2B08B35CBBF7B4EE4B9425493ED256E6E80AEA2BCCEBF7EA157E85530A7694741F694CC9E8A5F0675E799843CC6CFFE115E8931C70A99101BD2ABEAFB7F402550DC833F1426047B913338A8A78457C85BC275C83ADAB405DB7845F2445DA1AAE36A9C3F50CE684535236FBAB92A3B598EFA52E10703B597BA1E1EF41BCD4187B2D3D6C4BCED44CAC6735384D35556C823DB39E80E654A5718188A1F1B08E0B59CB9E7B7773D
A=-$108
B=$69E
T=0

[11]
S=$3B52E25C6
W=$D240CF5E4C57F9EA1D38BE10F3911AF148D0D0428F51BEB40B1C897B8C803CECCC66D1B590EAE1BFB03A4D8F214A7014F3EAFA925A8AEAC6A45B547B6B62B080446D9FF888BFB5CBB55D88C69613ED1E6CADF42DCC0E18363124DD4C234AE9F0422D5AB7AD1E5D1A0E1EA48870238476FEA49CC51DACA29426D903F00C653F153C3EBCB2E1A619CCEAC9CBF4286DB517A2F54AD02C3646EEED09A22DA9BEEC5DC93E2B6E748CB127EF9019B1CDD7F408BDD498FF330B2B590CE304B2
J=-$C80A3E9637BD80D8DF2048BC7BF689CD90E6F2ED72DDCD638B6CD51389EC4ED58E18F96A3F2D878A3D374B3370C282CD4BE7F130CFA30DE227B4848A49648B1516922881860D2CE701DC9C48FE46CAE6072DBEDA837BF0D332636798121B245468C7A1C628A1BCD64D02B8D57DC91DF7301BCC3022AC4066FC79AF577CFE5A524293E1CA550F86351C2A7D0FF20E1E474E64EC8DBEF3740CC31A8DD1C85D0CD2164DF33398E0037FBACEA99D723399FFD5C148A29F5A861DF318D58E2CF576F596148340E754337E6A705F9FA257C642B147BEFFC0F550EAB47D90B0989E7EE3A23194960486F57BF118128A8D22D3A25595C226BBE39C78F530FAEAD86A7F642F49775FE5530B56636142CE69D73D889578D6442D00D6F1B6CB9033813F423B606B4B969D5D71DAEF7BAC7AB853439E922390ABE140657B6988C6B00E7E5DDD4D281BDA76ED3853B9AEA19C1ECFE3307B094FA58B6A15078ABEBB7C34CA293DA8A390DACEC7CE07BC0865D3EAB7B04B9C3AB7E3127B581
T=0

[12]
S=$15B1C432C
W=-$4FCC87D76692DD69C230C13C0CD196FD075ACD2CC64C5AF07F9B1BD82853EF5793D115BE63A8BA9E60016889BE9CA03CEB0161A64FFA0101C284B4907A3AE554C2FBC9A8600C371CAD71FD84F791C568A0D457D7CF08B5F00956A4EB51A48B4042FF4D6A046775D820E03B518AD728230C765E71A20B18D5236503A57FEBD8E132D62DD05851EE28D7B2D03555D695B7C0AB2F96FA657D9779B204D421FA1065243D8700AB56B4330166F6D907F06373649048C1ECF1EF23393E
J=$32A1CA4E3231CAEDA25728C9815B186BB1E662FCD3DCB944B7C144649FAA187AF4EE4E0D43743E4BB3F327D2C89F83C1896F6E8B2B826450A8B0F936838E3B3375077669120FC68D98E723FF85FAD4C860152541E744D794CBAD555C38E31C9F2B3A0CFEE91A7FC589A4E462E2107A10B6B2122F042AE74EAAF828301D045935E512F279A4354295811EE94F465C429951B86834262F714D7BBDA6A43035AB6236671C7969729C23F3BEAD838D906ABC7F2CE6E4B3938F7DE026E51B84B5AFE7944A94C7CFA49CF184AD2D31C9C30EB2ACF76B41D69729A4AEA42AFFA9F1DEFCDACCD9F4D781C98C8E930F316CCAA481AFB4DE430481522F90E3DB9177FD2F1BF824FEE394F7D49C07DBCC5C48F1D06CC9A6BB18FF6E26FB1919B30161D125EC68DDDB9FDB5DC153B79C1CC9CC133EDC088E16ADE5491C580B67252F5740AE5336F9733BD017FADECED0CE94B3B71DC5BE9055522ECC9460037C167CB654EC185F836F5FC6A3A2031A911156536592B83551C12
T=$1

[13]
S=$651E040CDC
W=-$5C9D1AC9158CA109AA9778AB63F8B2BF2E6B4B6136EDD9217E1A4291EC7A6A8C6B66249979263149031BB145D19912F778C13C20E8839697D7273C207874EBA86402BC237B0A8F936DA82F71A56A81243E2BC2F331EE86C1B10F77319EAFC442CD8B77A2A8A46ECBD3B100E3FC526E0B1EC4091BE6E19E816C4C205F5F947AB3F14104FC7BB5E97E9F3D030B485F9E8F1C9782373D3CD3E984543EBE6D269DA695EDE76F990E711E265262AA6B6CC5F30A8F2BBD26576AB0
J=-$37411CFCDE3D0A9A57A65C2A18609387633D832AEBFAB9D0760E7C12851B52CB393F934291BABF7525A6FCA7CB6D1AE5DC8B7BC3D85B11B6AB281DD652DFBBF42AB488047639BBD1E552DF751FD1EEB2489F2518C8C1B33DFDDDB41B3324CDDBDC2E7278BD8BC66FEFB537B3BB8DC8040B83AFBA06E778371B9C8E4E0B4EE63F9DFB392923B909F79C95D0D0E3ECBBEDAC03316B9DD104A09B4E63CBF9B21DDF7D616F3C43B3D135C70301E7C42A3573063D0F7619F7CD5364E242EEC2D5D4A3EAA7BA51C9ABACEE29562AEE552B33D21D0780142A131835E443BE07C0688F8B77448D2E54526EB89F47D3F73DC5672E7B7055824A9615B5A7C47B5C5D4EF4AA2E98966868B584A9DAF5967F9FC2BE0E1611C0EE9D7CF47CE6B4DC9D992B9138E4A82EED5C1178765A156D2529F8B1E2FCB27884A62BB56AEEAE79C94E64FEA659A1F4C1871315185D63342ECD4E83B13F1604F784D808B5006CD639E72F668859156A6BA16A0633A325E915AEEC48C
T=0

[14]
S=$6CBBBFE
W=$92110887EB24FBCEC1EA9A05934A52CAF7DB24EA8520F60B1AB6A47512BCFEFDDE64714BAF82C1EDB0CF4AEF50BCF806CFFB12D285E5BA093D3B957FCE72DCFC5494AC0BD945D71CD0BBCF88FFF6E41F17A3C365B8CA9BF9F84645B460238A364D9032A252F7DF7F2511123A42DD6539306AE902FD85EF59B52B6F7CA896C6655F50911F310E0353BF9E6E98081A9AE40B343912EA829CFC7C54F33157106F04094BD00E7E689F4D787BCCDFDEB470F97FBBA46C980
J=-$A144275AFEE9BF04C1EC04D40A1CA503352541CEE9CCC59488626924CEC0B3E60CB8397B6F3087659D5B6E9CC3C610C6CAB0A28032E00E3E85DE1F99A2C042F79B40B5CC1953B9A76C81590330AAE048F1236C3274286078D4F9749FF0A181C5F273ABEBC7BC8D06D1171750201C971A0E34A1647AD04BDB6A424CDF291517EFC1CECDB8BF754EAD7B15969A80D032642FC65D750128C3BCDEAE70C2EEAFAFFA9AF9D49C2DBEAEAC2A907673924D580C2A08F98784CBE2F82EEBC591614E3078AFB3A34AC5A8F13BB76EAC13140574013A2AE90ED4B1B8EB941D0B4A7C2E6B745293CB7794DDDA038D861D9A525C07B74D8AA4D0B795F65B2CCFAB225B395AC3C8C5D336BE20A7D3B9339E60454F4512271F352CD1E579207080774729A84A4F9736EC58499D750D51504185E26926AD49C9EEE1C258878EE0513C380255FD5EC0679D29E984061EB781D4CEF85C7473D6D72DF0A27573F8F20D358B05263DB9DB0D83C8E9FFEC1730C91
T=$2

[15]
S=$68A4E82
W=$37BC9F039C2AC77AC249264E339661AD09DC6D71FC966BDDBF298F3D2A401B516130477A1D1496E3ADD810D0D9F873628706FDEEE82B17A5B092877113BEDEB9EE086CFBBB85F031E0D894AF2563DC23B12B60B316C7F74BDB8C3C9744A2B1B20FF5CE0C14F54571203840969EAD2B26F15D8C278442D8E66ADB697D447AA5484424235ABF9B881315910D29E034982129D43BC2FF18C721D6DC1A0782502C21A67DF80492ABE57F06AE8AD425A6C246272CE8EA
J=-$AA9AA187EB8BBC2551BFC7CC6DA0355BC994CFF45FBDEC857990246BD6EBB1C330AE33312037DA5B68C72624428A4C3ACC9D19BFF9A9825324CA02E20AC2B7A5F7A6F50FDF612FA865183A5BC06A13BE9EEAC0C16AB29AFB033BDC22BEA4CC4C3BF2D43FDA5A67473F0AA5BBE70BEE339EE8AA9D1686D8A29D4FAAB11F775D6B0AD90CA3A00C42E7C529C3ECD56440B02A7D19E9539DAFA03D71EAFC3A1F716419F9A53943AB3DB70479D8B59BF40B26FCC180C4F6993CC0E4D82CB0A5EA8F70FD9BDD4790CD998CF22F55D11F683809F66F113FE7A17E025659522F69D6661BB303F0D2DEDFA2E224E2F6C4AA7071CED16D570A78BD9C4A90977B9C1B7DC72F5174217ED558DB91298ED6815B6DCD515F9B2A43E30414C736F372A8DA0F564654F48022B54F80A914FF7F37F7936BE587CA429B005ECF433BF36467C1E7867540472D757ECDE194986DD5295AB3206DB5F280BE32B0ADF050C45B99CAA6CD6CF4530FD2754B7D
T=$1

[16]
S=$1B81DF93105DC991
W=-$13BF569F92C6EB67E51095A0D648FB2D90AB49FC357DFA02D92E0CA7F30D012C554EFA3579E95D971685A1B765894B28585E52C67475B22D25BFC352A7E705C1BF5C0F5EAAEA4A2A268CD00194313BAB4DDE4CDB319CD72959C02E4916F6381FAC317025E4B7CFCDECDEF509094EA80D0D208847D3060AF3276DDE9A6C8D9074939607CA49FBE499813C7968590B6743FFB00D0F18F1C6770CAAF2736BA8A70D322013A91AC3E2216C41D745234073A9D63BB
J=$3E8F1541EA99D37F334ECD4FF06789E73ACF353AF5E8721230E60345657E38F6D712D1AAC9E834EC0BC3598F1C8508B870FB63F84E73D52D39DE09AB23E466D42E371487618497A3F43345E1F3CE705661EC40AB196E71B6A6FA6FA73D1D99BE4EFD2A3BDDF6E0B8037357EDF9BDE51C3B43DEF7801DBCFEDB9E2FEAA60CB08FA27DB576892956CDEFB25335450CFFDAFC9D4396375A7F69064B27D9BBE85B4BBC847CDE7C45D5EF11FD27A568D024EA876082B62A0B2A49A58B1515EEA6B5358EE6435A636F103C1D86725922B5270E62FCAED4C8203628B318B271BD3885333D513048C491C89076DB7BB7992B5DCAAFD4D5B3C9843C99892D6B704616754AB17366B64A3869DAE2F8F1B18344F7060749F2C0919017C9F956468E302598BF073C4725E110A12DA0A4E085A262A5AE337E4321F029EDEAC2AAA27FEED02FDE0C7DA20DB269555C38E6800DDF2337BC57C6B3ECBCB20C0E94E05E095C4B8E8EC03AAF2
T=0

[17]
S=$ED0FB1FBA4
W=$3A3916780F0E6142C0C94876ECD45902F792DA6D486312131EC2E804B09769DDB14BC51E0DF1BE4396C8FF658F6379AFF30EE765E17A80D153473C15828B5FAAB84256DAEA7FF9262A4B7303492E7FBC85699100033D57CC496AB384B5F6A86D060E27806A8A555A12B5A3F1686AF406CB10EA5AB0E99C3626FFC20A0FF265186FF817E2B87450051496225286056570037ADA3515A826A186E5D49C5164E7D6622CFA9D047C9E7DC4A04C8A232F6
J=-$70EFD9C2EA9A02641F179942DDB28DC0F92111421D4D0A70A44724002061F1DA286D5A94B1086ED93F570FF6512885ADEAC5F5A7679DCA82856F55CE3D5D71BFCABA2D7AE8D3B17F2C75A947F1552AC5289DBC1486BF6B1F7A536A9F5361E486264BA9E7927B948AB080016FF68B8B1E45E126B0BA305516EF577518D01037659DFED9C6DDBF605F45B0B92AB44B0F149831FB1655D4C9690C63A2EE9477E3B884C54F9ED1B4B0B4383A8F22A8F911537155B1CECD82B2E2D6BEEC2451F04B2661A33CD46652CAD7304BC763D40A27DD3D16A465927A916C8D409C3685AB376F362322F8DA35693B6976D74363F0F992DD7D57A5ECA65DAB54A2E3F184E4CCBA6BBBE79BD1D84314DBAD803C855003446ED118386B33533576C72023E44B61BD3425B2C58119C3CCABA850B7E3D870AC8DE51DBBDFBF98CBB197CC3DC4452457E9CB844054E55C07515C51D23BEDFFAE3D39CB3F62F10B182D88B67E
T=$2

[18]
S=$81C3511A21EE
W=-$43C3835521B860EBFF16112C037C110C5E669E13ED9367B2804E5DEE19031B5AB94C39BBC5BBCC485799C81CAEFF081E3A9D84FE7B2D0DE20A9829B23A0093B404286B68B92ACC7AFAE3CEC61F1994BBF9580C5EA6E46A3FB872FFCDD7881510C8AA3A87680D6395C3B69A48FB5AC77A56115750029481909D2ADEFB00A20B19B076069B0DAC1D70BEE245A7C2D5C17F6C58456691174D5419DE028A73805110D715F68C4C96FDA72E0DBF60
J=-$21768F95D391C9E82E6FDDBBC8C03C3BD3527C15027A4648FF4B7A6C8FFE460A33007840741588482094C48CD7573140565524F0D071416155A1DAE042DEEFBAA72FB0BBCE7FB178D0F3FAF6DB45471CAD3FBA093C090AE7D8FC8B38EB369B1F1FAE3EA79C14C7CABAEF56B2C51D3BE89F734FD0A586A25A6D723BDCCFCA7D5FE76A05581F0F79D09A212F0FEDBCBD2BFA8ACF9D2F048CCCFFDAF82C89D769B6CD80D8F3001308713B7E8A0BD3F51399CF820B3D390021459FAD23A7EF7F0CC8D7B1EE660B4059E82DB42667E30DAD47B7949C13BE237590A7BD11A142716EE8FA562625E409F93DF17D896A11EA95CEDB4E81D2B2BB48F17B5D2950A6108546F1C1F6337A856F5CF3AE0AA007EBAFE6D302B17362A23287DAE5847EB30C5D68CD38581E56357121267F92C8FC47B67090BB5B6CC3CFB77F31D5C710A35812892F4731BA94986D40DA8EE6A9327039A580C96A0AF678D84
T=$2

[19]
S=$182379DBA3A76A
W=$C1B0E3B4BAA7306D5A39F67701EE713065C7C70385B12AF020816A6260BF6B47C8B91BFF148AFF89D9942B84DE8EB3FE12AAAA620C4106D7D3836478101A9B414EE86D27D762B5A8F18B3DD1F12521EAE7CF60914B81B1CE2B6DB177E1A5C2297E7955101C122DC8D0BA66536ED1A0458D1B43CB5D24B56CB86527F8DDF3EE2810C766CD2173108D613874AFC344DEB7EC6C4F645E0E686DDAB2C9EE9665E74A061777D0A16CAC12E
J=-$386F3FF995C0AD2B792DB249C45E5A288FEB99A48B2A5509F918AAD68A9CD9828BC6BD92E0522E8794A3364B0B436AC7F31F3D21C1D3252BD83B1D1E287539837EB197EFE7886E78960981FD042F893788CD347C1DA69765400736728906B3A942EBBC557F856E3893ADA73303124251C923FC1D8BED4F91E99BEBE09938569D02B58C7B885A728D66355E71BDDAAB360BB8BC0C4B8676F35EDA8A5770E6004641BB55E75CAFE9F5F93BECED6CC70F58533A43D7A74C7607374E733A7495311A7134C0BE410FFB6F7584AB2D477222C95C40C2CCC8C2283C7FF2841F58096FC2297ED38C50F8BF5A9947EBC86897070FDCA4DD908A4E7253665140B2756E8CDD0442BBD7D88626015E6637679046846338C7F85ED22FEFC281D3C2DF5D31F722A17C0E0B47F60048FF9417AEA35F8032B844C1218250826E5B889E19E3B332B2E1CD23049FE6BB5267013A05C85E41BF3B9
T=$4

[20]
S=$132C8D0
W=-$4A74E8AC11DBE3850090BA32A87FF790F6ABD3A365A7BD695B5DFD01B422459508D739F78F1B97F08CE33F382423D331BD785C935393AAB67E07CAF0AF4AE48703382510263EC9132ACFDFBDFDD51791C6D11ACCFC582BAB6E0EC4DFBC5F503AA252DBE66865809DC338F4323E44352BD39A1AC82DA7755618D95B125C7288C3C84A5B22D70F7BA53A8B22EC29EE728BDEB97734E8B523774CDF567CA62723397B302A3A3D6
J=-$6B9AE15F5259749369FE61EF6F1E3DBAE63FA74ABF1C269DC17FA17C66E52ED1BD9B1413AD2D22670AD0333BEB2292BDE936B6A4C91132364E5071D7074F669ADC6ED1DC1D960054066235F0CB67476619D0D395925CFB4810BAE10EADB19A47FF71F721E2E1B7C8BEFFD2EB30EA9EB676193CCF63101C9EEE69CC45D93C2340A600463BA64F9830D187AF586A8D9A5696934FF272A8C862F0664E86FC828EEB847BA076F181FB411DF2FCD55FAFC00FBB828C4723FDDB4970222096F102CAB7DCECEE7447BDFAB9425C1881403367CE9C876443F200943711C48E215D9BAC3C5D2669979DD0604703D396AEA8B224A3C6C367ED4B9D2AC06CB28EE956515CA9D8F20C22CBB8194D6ED8D9BE72BBB6385B033F5F10F1414FBDE2C16778C9C0C1FDCDBC1A56E1D4E2542146A2C8FFE60AC0DB8132BF48861C33C75AAD8077A41CF27F5CBB86F2D6002DE64
T=$2

[21]
S=$D35B00
W=$4D7C74DE53CD83F839E72D76B1700DD9435EC1E0FFD38CC69590E8C8AA191DE4CCB00661865AA9DF929AE7A4FBA17A94F4FA04B7B56010DE6E66F629B46F67A4D6310AFD4CC656829ED93C7874E60B9BCF9AAB24F06E7783988C2804518C2BD53023D9846550407B5FA920A2818746791AA4317AE5E7F737A9B98C5E5D3A87286D2511D82B2577D3DC1CB6E549518AE1AF98C9EB7D0DD7ADE8AEF9A43BA9889844777B32
J=-$C38DB6BB560D78DC3DF9879AE022A0A52B460E7BFFF6FFB3F659B0F146DF4F29854DE2260FF02E8208A62416CC9D76D129587EDE4EADB99FFF33E1F7D7C0B43199C40306732650E8D23507DB05AF8BBCA68095AC122EB179AC382776DF4AD629942EA185243EB2CB8B80BA53A0715F8985640082E1AF61975AF70175ADE6E5DFE4E411CCCE591651C1CF5198E94B1E0BC5FF723BF9621322972807551C49C0CEC3CB9E4C8169DE755CBD58FA65BDF9195E3EADDF1A62AD24CA137AE7EC5BFB4D9B29A1BBC6839C35FFA888C40483386423C011B982F446D14A4706437F104D329E60B61EB390F0378A695F18BE029A541E77D25D7FFB39A5FA10903EA7E2E4123DF1D107339DEF41D9271535D14055219F186288F6E402ED2BD4A83D2B923A3DD60380C88F2C60D2D3E8A27B5378AA3CE3B5CDB341F985AAF82D75C80232D35D33BEF7EA437F4B4
T=$1

[22]
S=$13B5F85E
W=$74588A159821C0078EEFA1A49F37DFBC8CB3CF5AFD622E2DCD5F7FA1830160EB69EB95EAB2154D6342B7EF0D3DD8C399C0217090807B3A3084C081954D4EE60D152B89E240DE1FFC1DC614985797238D46004EFBFE168C7937B9A3B9466A5DC3525DCE4387C32F9C19FFECEE85D62084E4AADAF19BAFD480A16EEDC19CA42BF718768DC22D61A8C8A719466CB8B0C6DE31C87C2C047C283C3CA8BC9D159D8A514628C
J=-$3AA6D269A60FCCFACFEB54C1D6E3913B6E4265E2690C88D4E42062EAA630F21997A351AC60E06391376B7AC7753A2367338770ABA556967A40D883F820370221F5BC64A8F0D2C40BCB4C88715BBEB590688A750701FDACD90DC142C97C986AE9E26D9D01D1FFB744F1EC4C86421D81996A5071B2788F95FD277EA2F8C2C3F4916D4EA43556BEB83DEE06BA961C7A8C619CB69E6DE88DB013B018AC31AA119A5357F766B624AC321DB1D615D51B7E0FF311AEA33635741E03F461B22099983D9D1996C30A5678FD7ECBA28EB6BE722AC5BFE431D50BC967EBB768F9D8F8E4C130AD1FC80B52D663F6DA868BFB098F94E29CC696FE89483E2D7B797C26BC15AA9DA9E59CBB4D1AEF89766D3D656409CFF73EE5104D2CB26F148F30876A5503F68BC22177A6546BC4F6DAD3442D1E6DE29C6C1B646AD02A381922F732955E9042875BB4744F2
T=$1

[23]
S=$2E7BCD64E4
W=-$3C7424239B690ADC61FAF761622B3D1D0AA18C965DA238D991FA2FD9E11EFD714C15AA32637A839B002B91DCA6BF43871FCA6D1488E772A2549D8B5F65396188E38A4594C817ABCE46729B76F305389B3F124B517F0814D4A2C6962E5999FA5FB2E8A513E3291172FB2ABA42BEA79325391B4DDD6D1434B30A9EF4402AE1B6879B0D8E48F84C5424DE0EC1A791774B1EF50D092A66986669C168998B257C8E5FF0
J=-$22EEB056CC6A5B07209C7E35B18958A0205BB5DB27F08B293BCEAC6401F81DD00561182E3F29A82BA5541B85DEC733C1FCC1D2BB581571F2673BD4F778661E96AC01DD9CA6054E5AF4A52B0D1DF235432F7CC65FD7A24DC0D40029B743C157B72AE965588B9977B4D2B88003B31D4D4D97B5C606BF88F64E359415F95888C36F7BF86A9B843AC47DB9C84898AC25DA19C9A84F96DD37F506A53BF81CB76AB1667AA62D5B5BD21D9A2A6313BA0B78EFDA80CB269191012CDFFBD9EAB88119280CFB0FCF01188103B970FD02F216C78A666DD8556F68DC37776F0A9C35AE130DFE68C8DD5741251A6FE7EDD83743E64EFCCC7116FE071CAD081DA6E6E65FA97471D50802A2A5FA561CD8F1355A21D440E777B128F4DC76B755AFE3326A5DCA05D6A3D5753AF372B2BB1A34ED0A9459A253C5D7FBA57A89DC8AF223270A1EAD306DA97
T=0

[24]
S=$29BAD0F
W=-$74FE6EEFE24229C1634C845269C3FF8D79B431ECB3C0982A9C8B298602D0FF64DCEAF853668465F884F478A29EB73334A15FD9BF8C2DECAE719D3DA6A17D52A34D1AF491E1F1BE06C8CA4E5FC6E33BACB22C690B6F937B621D680363363563B788D441357DFACC7853A8BB9E7F3F33DC4CBF854695D10854E47605E6E10D9C463DF4E4BD279AB1E497EC788B78F7A1EBCAF109BC36B2D56E81D46CF45D853
J=$1D392914FEC8C58BC7D03EF87A7D7EE734CB43E82F9D73297AAD93891DC4BC4E95FD7F19F24AE996327C5E430805AD952BD45B6A7ACE39498427F4F17D3184B22F7C20AD49F1457F999CF82F654A49A486C7F575074E3FB236DA7FD982BE9E27BAD04AA9CEA5BB9854EA53D96E4C79104DBC7772047F184DF50E738D2BA1AABD3CBE49E2DEEB57DFAE60B731599D981C7B1A89DF5B70845556E36EC56DF8ABE818F345807B0D7708E705BB867E7617184F23F942D35EFD64CF0A4E7A365145B5D6DBDFA7ADB13E06A93183BDD07831505BEB95E2CF4B66C3B361A481211110A4ECA891A5710E08E1FD9FB11AA62DD3C0001C5FA28481F7D4CBAA5D898EFCDA0F7542EFEFB485852DF86D6F87FDD16A03F2BA5A86D75F9F5181439902B371D3DA00E84AD5444211DE07A1F130C753398E62AA09760095D887BEFF2C253
T=$2

[25]
S=$2E4B04
W=$542109ECA07108FA43466AD3DE69DCD7C27971CF8AF09912855C21BC1D583C46A81D78D057C3A7AD656A0478ABF4B756F1AA16DE45BD355DFCB5E93A1F5B7BE8C081485E41C2CBB273B0D3CFE77FDC08F9BAD6D7BF33E6805EDA996EAD2B6F7A0658548DF17D87A463CDC6F816CFFC93727AE2F4BDF813C1D60448ED81A2FB3C323834256341D79B3E783824964F59A0BAE1F4518872C56A4182A1D3E2
J=-$58E7315FA3EF3FE2D7B7F1640F7588BE52C5F46AD15D4797ED44A2F68BF5263F6021296A1BC998854F79A3201EA7E196D5D29425CE6205D1546F9468748E67201BA4B3A392C1BE9E83F2AEFFCABFFBED07492AB3D1488AAE9CA4305CC096C0A0D333CD48E557A2A34EB5B4D3A5EBEE9D15D11CD09382BDB321DBA6DC616D9E4A07BB266954FA38B6C7CE1A14DF55C3D741579ED1078A7ADEA43B9505AE070B3D0B79D5D469DD4F437778AD170B167B7C2605200700055A4E242C33EB61ECAB11B6DF49B20A24524C77ED8A1824B6DFFDCEF7AB4C5B7BC5EB1D3F94B1AC2DC1B8239F2248948B2C489637ABC5C5FBE0BEF69EE1500B20DEADCD10A8DCD7EE71FD4432159AA65BCB96AB393CA6C81114197BC8594E2C55E60B8F5BCEDE1F9F050C8194D788E24480A86EAE1502963C5C42756FB6D0D44B3228F06
T=$1

[26]
S=$22D790E2F
W=-$100A3B595A6912DC6830A08A5F090FC6CC1787F7AB4482F5425911E3DA51CA3D19E416BBF0CAB5BBFB1ACA3CF657EE880D3CF3991532E074B010155E1D3D6232FDABD1E44ECE053570A88DE271D9A9B94C88D715A6260E9D6DFF872045ACFD08C2EF56869EF0D57801C9053B9D9E0266389524F2CF64295594B7EA58FEAD1EB811F25996D4260F8BB073BBCB2752A2204DDF46B64345C9CD524DC283
J=-$9B28675B4B36AFBDB233E231884516055882980D5811190191920020F9E7BFD496F51C3D19B1E1E199EB62922892971BE774B08A63F6F574B1D1F48422F76BBC5328405917A7E9719A2DB000C4FFE78414AB8A4E2A32CB76DDD31F841F38B0DA8B1D515482609F9897FFB9728FA08004ECD6191B17D318A58C08D48FE2DD4A007DB216DA1D5CB1F0C9DEE62D24A54801EF233460E94289CFFF0F330C33723C051854E4CA37E504735C27FF0231DD93FAE1367C56F1D54576401E5686F1D9998640D3329A02588B2FAF78B56D6FC774C7AA11F053C8F5424464E2460A30769FB16B6BE4AD6E5D23ECCC082BA7FCFAB97699175746B07648EA327B0AB2DBE507749A6247F8BDA03EFEACA38DC2D91857CDA3881987CBC1E63DC8B1F4A547C8993D3B62B6DDC5182CE3181EE19797F744739D9D1EC7C1EF9
T=0

[27]
S=$E7E3ED2E0B244
W=$4B0A75C26A9256B59C55242D4091977B20E982AF6F187E95FB6E73FD54A0FE1B9E02D60F0D486B9CDB9433A7BD9864465A6E50AF9015DC756C00A1B4E6D4BBC67B98120B516C25DA2D931877B2D1F95CBB4EFE8A6FDC7F51F919296C31F4B49556863476EC36EB17E416DAE5F7D9EE8639CC9DA6F268DF1B36B1E72EFE5E55F78E47A70CBB4CE7712F6D5DC42CFD3D8AAD37218B134CC5D09EA
J=-$7A7EAEC66AB4D3376643E737305F6C1BA94269E9255C5231CE1E6662ACEB1A48954946461D42991D3DFE9735C4AD2B2C84D532D1AE7E0A978808A0A4512D20EC667E17001C0F7962E9223BBEBA3E6D6C8F9CC4D1F0C4C005A507C59149A046F1BC085DC77D57AEBC038AE0A9C1EBE81C9EEEB22C44772200EF78DE740CD8C960F67EF061E8EC81BA63E08C83443C904A4BA50B0E425E35DADC5256588C231548BF12FADD97F4820FFAE4EE11438E25FCFBD53D5B0DB666FD2B69F76665DDF0C20D6D2A02F9AC5A413FE0365B5D627E25E4EF91F3B1412CEF6C900C23C73C16F976B158D93923D017C66AFD35E005DCBA18251D6DED0607380ACE98FC473099CD9285490A249F40821F42135EBF846D0228C11FE5507DF186041B0B44D8BE183F365885F22D44601C900E19F747C47B4A816ED
T=0

[28]
S=$C51121B506E698
W=-$2D700257321CBDA456194A5D8A22DF0EEABAEF37A5C7F73714866CC48D2D5B3AC9306818C046EA16D0C54A7C3D05776DDAEC7DF40ACD0CFDD5512F3B205FEF279E313E78D3988ACA2B918E2CE88A01E87D70AE859395D6B6BD58968EF05F7D66F0EED1DAF8C53BDFEA6429D275143F802B0EF86C19BF1762737AC1490807BA156589B95BF874065280DA2DA3C4464CC2D68125A26C0B6
J=-$BAC3501C4826DDB7C96F4F767F60F6FD83E2637A235E50D7ED5502EBFD869830AE407BADF4608D7F40685A67188119EA8CD6E9DF3E3D16927AFA93ACDA717F747F8D9F6C7AC2140D44F82D85B96C1C08827B2644CE15D97EEF3A4E59E11CF42F61FF2CB3539E5A30AC1688290B0CD33E0985568ED6A1D5FC381FF391EF3EDA31C4F3FFD1C8A0A838121C957A342511D94296ED1786525056E59C9CA8D686108FC7143D4614331F0DD9FC955D770535E23608A239111D001DB6386456BE9E628E73FA30048F09819EFAFFC85278E1DD2098F0B79D41BA525261B8F7EB5AD176A6D5A419BC24C2232AEA7E56A27A236089FEDBAEF846295D84080CDFF8B32224D8AF46620808CD9A51ACC3BBAF052E6DA95946C2FDC3DF4B5B33F269B6E1ED108DC93024DBA5CC89D89FA4B265
T=0

[29]
S=$2A059B0
W=$3426DC9F2DD27DF84DF170FFA8A898494851CEE4F11C2C8EAB89DFF205FD49CFE79CDD66CDD333A19A015B71FADB077FDEAFA34999100FCF73CE664C836CCFC8A1169B696052AF21F1199DF0830BAE058F2D32E2A40FFEF61D624B4B67E36BC186F5258008FB0954681E952A76868D43721F683785DA525E56B848F948A15215879F906E6E14E782F29FBE0C88D84149A220BA
J=-$BA3274D3E03572B954BF75C50A089B16A325AC66F11B4A762FB136AA23AB3D1CDD7F474F7B7C2FC1ED68E2CDDB053BFC39CF1E7B1AA656DB89F0C0CC0D544361F3FC57E52D363E636FC24BB4CE0114700540742D741C3713A600E291F3FA8EA76554D06BA4A917A7E421F3E734C5980D6485259D46B143A571DD15E377FE934BF65083BCBDCC9E4672104D8D0852FD55C6D3045C86FFCDDDF6BE7AB64FB1DF43EE1858B25CF17159CB96809D8A7CF4241CF8EAC8E0F58A9E1EEB945BFEDCC2DC0D335B19E4275051E9304539C81205B0B0294B198A7623F85954B19FAE1038F9FCB41B66B4F88D023A08315EEA5503AFB39C57450DFEFFA062A8FD8439A265B93A350FFD079E9BF2CA92AD8CB251B9F68AB6A92DA5C8F6DDE5F3C01EC601D05E7FAAB12185
T=0

[30]
S=$7A7913F14
W=-$1B0364D3AD59B9BD732EF81DD13108A64115F3B2A67E1F6E0E1D089D2DCA3761AE4F68D142242137EC3CB58C7A68288DD1ADA8F4F3E836ED41398861F6F0C8F36DD7E88082E4E984413895BA1FBFB1CD7895B8B5569284BAF9FA5184F87DAFA21D88649C202864CA3957A43491DEDFC898D19F8BB2731BA34AA6EA1BC9F66E71EFFAB0652076CB0F411D67D37C20EC23EEE
J=$5B7667CFC2591A2E314AA43EADB2C1582119A3C2ADB32C1D9F6DEC63DB1079F61EA7C66B23E3C8E7BE832C0C4E183A0188313DC76DEEBE96AC258CF4241320EC6AEB612A178C059D732495A1A7EF3C2B0B180CA9DD47C183BAA617EE523EDBCB7C153E4D3D454BD3D222A073D1F5C30053006280D711268351612A03F67342E048BDAAD8B18827AFAAC17B96274C87CCCA45971BAE9A8489CF9870F13D42D8DAC7106EDAA386A73A7FC9FE90B3A9E091F6B7C7E38FBB839F4696D72FD4259A537AA760E0C0A754FF08B77399206A32C5430B67979E192536A3AA9229F2EECE96B2BC74BBA4EA17656E0AC7425F95F76EF7ED8165F44B048934EB059C4B1727842F3A1AE8395B29D61AA7E21716E58DCECB575E71A7FE72E087AC3F11F5CF1838704C
T=0

[31]
S=$D3F3
W=-$B2E66DCF827793DB8ABFFA6379EAE6E292D5532578F0F18BC4F51DECAE9E2186D985887684C3BEF607AF7892050FEEF0E3473CBD881FB8949E9D064720202F13CE6A46D0156347A6CFDC2CDDC849DCFDD79E2026BE23BF73736C773A13B2EC45FCBC94ACF554FD136692BE6D3310713329439E8BAAECE8FF09F6643DEE744BE111C314E52F52668A0F4800B3634771
J=-$6C3CE0ECBC0DABBD78EF614B0CDA6412AC36DBFD5F54659F8B26322EE2A85BD064F052B15DA82AD8664CDA58FE2F680B9E82E771BA2C85F1FF6BAB4BB653161965E43B3314BC0F00F1CD095705F690B14D09063096DF9E491657B605F5D9139163832F23A76071BDB41CBF0442C7B97FA22EA0A334C7099610F16DDA54151BAE6028972759219DA7265EEC54B965C4964FEF5F7797DD4DC823C69057A0E0C05456EA8D1A769BBE406A032BA6EBCB0557C124F71E5AE5D978D83EECE1C3879006DC47E8A33675419128BBBA292B33DDEA2FB3A605D9A8007FE2A6889E8CF88B43002F2ED47EB0CCA5828D8CD5305F9C0674E934F9500663DB8FA3FD618B951748593D3FBC982A83584A0BE2F27A98C4FF3383040795F92531D12186AC497
T=0

[32]
S=$D4CCAA6
W=$94BD1AA56158BC737AE5DD73B20DA44D843C32C3F591CB623E46578FE444326C7A34B0CA5D8625172D4C350EB4FD0724D2FC2851E67E2AE53C73D8BE4F5BC303E4A50D0B833064C07696A77EAFA2B10BC94698FC684F6653E0CE48844FB1CCB8793C8C600B817CB9C71974802B802B5C8C0C5119EADFA527EFAD300567A1EE6AB14B58A9450CA08549BEE17ACE7A
J=-$F0A6A83446DE44534FF9BF40F597DA6E258F77A17E857E47E0998DB7EDDA5C44337DC429457CEEF830BD621329E8F25B8502B78491F1388E545138A55C0EAFE4A7AD6DA687C2CD6EE82FFFE46ACE304ED5A6F5C66391E25D1219DE47AA57CDE2307CDE71072037A54EB351EDE4DDBA2BC656D42F93269EF23EB25B6C24B2E86612C90CD274DF37A27585CEBA0DBC5D5E109E9892B9A87CBA706B51699B90F6B6BA395ECE75863562E1A75BF43C801C50BE879ED022315CCF48C4BCDCE5B1C9BDF2E90C2A1E0D0D666B99B4324A14A04189CEA35BC162DEDC7A679758A9B98FC1A0FA55E4676E3541130072DF94A4F33DDBA4EF7913561D374F3D9BFA1516A7D1135DA04AA884EFEC1D793B5A1168D0EBA6DDA3FC873E1771112F6B6
T=$7

[33]
S=$161683AE2E8F7588
W=-$344E57C2D313494E10A9062338A1A444B391434B7AE381810A7BA0E3E464284D99D0330F10A146965C7085C1E689790B28BDE47ACB26ACA354B5F25B544F10FB7D7CD09A1775CC7029A10432B4BAC1273C019715E13505D733CDB73729AAD2F6CC958C6EA261759C5346503EA795D17BA8055090BCFBBB4A102E665020C64E669DA3D749DA074983C45808F84
A=-$23
B=$62
T=0

[34]
S=$881DA7
W=$B3BE85A1ABE520917449A02E72AA8E5C1C09FA82EBED0CFC965854D8CEFB940B24E43355EC1530AD7ADEEE166C8FEF3040384413984BBEFA32FEE519D1C9F6B18C42B6FFB82A25096AAF17AADD0F37501C926DFE608B42E9F93134AFDB186E533AE48A8B6AEC76B171D6A47E4C0FCC83D8870992E05045F4418190F7704F8450195A30364A6B6B521
J=-$CD4EB89131A06A4281330E1BE350575600666B78082FCAF8CF51CDD000EB5DF12BA774120B2A12DA07539F7C05931158B61073E1EC8570831372B2CBAECC771EAE8D65B279B48CA1208963A9D0C2EB234D005EFDD5E237C5B4C54A4B340FCBC6165CB44C827B9D11973DED92E4E5827E7C3B948FC51EA03270EABE60325C3F45E86BCD551578E3C11F15F371407A5E24BB7D5B137146F8B8A8B37CA924C8C64F601E6F83C0EB8FF1144C451619721721E6631EE6959C8DAE441109795702A87C46B6CF941CA75761CC1FC4FD26F93D57102ABE1B71517239C34E32FE060FF1EE1E73B6F0FCB7DADC7D2B6062E90302FAC5703371D016D0DEAC2DCDDFF800B443F23089306D33875CED9771ADCADE3B10D
T=0

[35]
S=$3912A
W=-$D23F748317DD9F3DA85975667AAE3115571974D30488819A8BE2F66AA37D3B910D7168D7B8DD9F1CD08C65B27D663F2DDA19DA67D1BFD1C82896A31550006DF032A65533524038F8BEED24E5EF197354C658DB296590FC825597C39EA5E0A1FE1CE13B7F2ECA623D4BDDA646B76F14549D3845747F9DAD5F27C959E66A4577FE6A85B1A4D89E50
A=$165BEAF52AD9FDBB7B919F01C4E4ACF00B07B9C945C2311AFAF26B3EBCD46BB0E2139969834CD442F08BD932BB7AE5031BEEC31D174E8528B5664C64B909916B0D83518EF075ADC9323BEB654BE0D4C5A107AFE6FE930235744D025EC0B1F3A5C1E64A2B4B28EFA42624E4D6A9D0C11534CA26169CA4E50C410490FB35FC10F1A62B91A5BF4E41D6D851D570F0FD750A84F3D110F2D157C4F02F036616C085CB485A4C31D3FDDCD997BE0DA7511DB6491C655C8A9FE899196612A6EF02756F26F0946C83379960D7B37A949D260CF49B9F720926C1ABAC2BB001BDAEFB2DBA520BE60D7637E257AA26DC517C44921E8DD4B290377A843C7A437A3E33521DCFCDDF23AD0D27082C854D13F9AC3D3E
B=0
T=$2

[36]
S=$2D1D6FE29814
W=$84BB31BD468E7857F306738E17B714203472AB59D3E62AD6CAC6735AC6A91A8F603293EB6B7BA104CFB13BD8EFADE98E42E8E443ACBBBCA6B3EBB587EDBBE749F7D00E7966BFD50ECDD8C1E9A09FA61D99845DBA220FA4B02B3BDDECBEB47B9634B9106FA4FB5B94F96FBF053E129755026C851B515A633F7C8D40AA097670C4D520EABABA06
J=-$7DC0405E4671900A0D1CA0B9C059CAC24DA2B5F786B83D25B32D873F8F28AC71F06D41DE41059A0612EF042B57C9BBDBB35BA37EAE27E27F4CD523FB1BEEB9B1945599400203CBCAF4F0A3E25C58F16BDC72FC629328D46CA0223D27EBC22B9BE2CB14D4DF77352FB4F0A2A104F8406C133EEFBC753391F13399939BF81F61A1737F323E25BDD136A3BF63EA873911BD407E9F10873E893F323ACABA7DC0306E1AF93D69AECB7B5480F6BA262E01EF357ABFC031C5B3D8C65BA2FC7B1EA3D676DE0F303E7E704875DDC414462E4A1EA97BFB40E04F3527087C37EED80950A1B7F52FF8B868C67971DE1841F977DF4B93A82BDCC7025E6DA45CF0830874D4E0E6336C09005C9EBB283A37B62
T=0

[37]
S=$A5E59914936
W=$1C692940DF468BD936A7D39BBA8E7D585A25F9C978E27AF2AEF6C6C397F7A88A4189A4D745F6BCD1BD40AD450894E6984F0C424CA5A8C67E87B938960EE214B83C05C9FB99ED1F96AF96D42178084086328E3AB92EDE4CEE5A796173B794BEE89158D5AA9452B267DB8F28251D5ACCE4B080ACBE6A44B888728AED6D85E1FAD1E6C61E
J=$1932A9A138563F6C16470C3CC39F0B4777379EA762E8538FFB66EF4076578B916B3C883DEF68287F8CA6E54DBAF86A907FEA2130231E353EE119EE7E25A52FFFE43DC80B370629734C006414C7BC5A5F5967CA937E4F74645607EB1CAB0590F0EBE7A0B1A3820C3242485A1B72EF3017F57CFAF918F0F1457F7DFA4C370912A02E3F7F3B7329FDC00DA13F0F62FD2E379C1062F8B1AEF713180896BB9A2BF8EEDF2317ECC954841419C9B78AC0D651B8AECAD0552E4FAE78CEA4774F5772C8328D1FB77B0DF4D0FEBC5051ABA07165DA2A86A314A46549A6E884A7B7E2854B51B9CAED4449054EF0A98BDDBDFDE2954A59A0D9DD5672FF14798A3674C47719403D686DED195B
T=$4

[38]
S=$F8741D2CA8C8B
W=$55A91CA973D0470191E2EE817A5DC1A95718D699E362E0ED7D00DDE6E490FAECF0A78AE880EA34737D0E81E5039E2C7BAD7CDCA5CB5D7755EEFBEE4B52228D11D184131E2B04E7513B02C35320BFB6B1CC548B1C06B253E6F2E38AD6EC71695F79AC2B1E9E4BED749F2A0E18429818800131F07DE4E21FC8809BFD3DD422E34DD
J=-$225CE093AE2626479B093998863CF7EB10AF11D13795AD44E989358982ABC78A858AEFCE81AFEC751E0AB9177E1ED9E4896AF1894F7271B5E52D7077101C35FA89D0BB148F5BCDFDE204B097400694A928B40477EDB4363BCFA665E442B9B8211DC8018952C531107DF14F61A4EA51E18886E35EEE3AEB7B3BD1452211C7905D8D5E039C5B9E165EC3388321C0F71C30AB39FB482177FD36689B1D82AADC934521B1B540F1D06E756B24201DC4612BA1452D2408E5D6DEA135CF52E235961C6DE4259CEB8F01B9FD19B4DEDF9590E61528F220D0E702580D226C3F08B4900A585732C4FBDE7F185B386E6C73C0982A429C1CD5FB43777AB686D51D8FD4D6A0D2A
T=0

[39]
S=$4
B=$2

[40]
S=$D0FC5F5DE88
W=-$CCB7F6555C0FE0E3B398C3495270D8A7BF24C66677ACD31ACF8578E2A5E3A6E89A9253881F87C312159DE5656E440E61CCC69B7D896CCDF52DEE65326A2904B211DFC56E3D70CA490DDAD98167C04E79B6E4ADB105400C5572CC57644B51E3CFC5B71B395E1D9B27C563D92FFF5D24B656CEA405C58BE15FE82B6B35EC
J=-$1481E07C31FED07205B4D14C1F2B9C3D15B6F6EDFA51B0E4D8B40846C201DBBFBFCB9CB2CC8EBEE8FE7813752EC51E506BDDE378C197F1D716613C1EB32B5E768B490267517DE4427018C4757E55C05D3096F5AFAE3A9706B0BEEF339009EFEE93B1DD85A1B97BFFD65D7597ED4DBB75DAAEB97A25FC3BA0CCCE8DFA32C76A154F4F7022BF9656E2C61BC5D604D93E829BA4952055761F1D2C78A00D26D18556FFAAA99B5C3C53554590404D810EE34AAD07A258821E77E3F710036F81B70C15596C8B7D0B62D661A419735FCF614E3DD1CEC83BD2B68038EEC9E5638185CD983CB8F5E65157945FA20DB336CE8A781AB9F97C530A1E5084C0B5
T=$1

[41]
S=$3530CA
W=-$263680DE7995E14731472E09E858A0DF3B84E77C0C5379EA31EB1983F3A1F0241CDEED4DEA98176F1F6DACE1F24FDDE9821B58E4DF0F7505FBC9E8B5C11AC9B0C8120C6FC74D7F97FCD16185491EB26265D05D9D00A18358934190887F33181F4822A16C85436A9D64C7DE11D0E7C6890DE0EBBEC9D975449CCDE
J=$1931CEFFC77127DD5DCB6DABFC0F706881BE27E4046DEB9D50FB4C3C536FABA30A229348B6E926D7CF1E981E4AFF232200D2932B4A2E93B06E7F801742EFB07D4493BBE8D053EC73FD404E73657BD6C83227FAB08043578EE204136E836967AF60B2EC8BCA2B8F6F7AA50B4292286D1218DAB84956C3ADEACCF37BA7F46F3D3F08931053553D5E62EF9E29C87C507969BA5F4194F0A61BA7C15CEBADF0C0A7F7FFD410228C0F7216109B8574FA8FBF9B176CF09151E3FD86EDD76938EE6C840CF8B0F195E8B43A55FA25EE97381D9F5799A9578D5824E3012952B7A33DB31CC8699BF4A461B6FEC4F3DB039A6111831AD34B37634
T=$1

[42]
S=$46F06A7
W=-$1AB7ECC4F88B7857B0CE869A6BA8D28BCB9A3BAFC22E4F1C8CA0287CD444BC81100E3BA3715B4B6041A55DB21AE1B1E1E66603FE789EA65196304D99966345738C746A48DD61D541A9F269D4201E8DEAD2A2F76E2A8ECADE9B21FA30E67451594B07B9E343B34B3C7BBBBB8C8E936A4507295EC4E19807A867
J=$3AD72CCCDB9FB20C8E84A9EB789189B6E89A1DE553E2984EF897C827A1985D798AAF6B0367DB7E9C2E405243480147C11D6194ECD05FEE4048B6A0173FF30E233D5F2ED89459BE370C5534FC92A1DA2178FFF9AE89EFAC7133BA30FA36E20020E8EC49B5D7CE005EB89FA29BE2719472FBB9B82A36B95FDBA8DEC5CA901D43A26E693770B22DB375E1007246FDBDD61178FEA5A664B3730D79D7882EDD9A6A3BB84A866A05DA3F75D7A36F89B6B5AE2FD0624D338C13333D559915E102888BC179BF5B11F4AE570E1BD6753F2CD47639524D1DDE946A33D9A5E8073918A6DC146DE527CBCDC5D1976FF310886C9D5A168FD
T=$1

[43]
S=$46DF4A32
W=-$5D2061A44ABE254D61767D8BEC9538AB315A7290B3EEDAD096176711CD3D774D458DDBFCC658569BAEA31F7F26203E92825CBA5539171232FA7552252CAABD282632C6321E39B62888AE45440A1A71A7A7255AA3DB6D7A7647F43FED44295CD1662D3FB356D3133A838E5FA2FBFA830AA1CC92A904125C
J=-$1C24A14751225A97B455EE5894ACFD1BDF320F38710C5707F7A5CF66ECF454BF0D7348F32A56082FFD039B4387EBA7236E331126543D6DF0D36205752311FA5285260D8593AD25BEE0E6588040076417E46D9F6355E58E6C6E8C2C94D68C1B54E872C3D645D01D00274F1A668F5F08AAFE9727E13AFF63F51F55E0932816129BF41DE47ACCDEB448E33054A7C6C919C1CD1F423ECA3DA6E5903C9FDF8F455BE56EBFD0622B54608C1059C23C05072837959573A0475AA03DB078E7958A81C90BFA6B826E0866549AD23ECA7EB84BC49BD1E87642A99DD0D99A109C6F2A4BC836A9F5AB3B389F8BE1287D61971A3E7
T=$1

[44]
S=$5D90BF732
W=$70DE92283201F32A3EB182FFF9D6D335294B1EF48D5834762BB93AB142607483D310F97F65CD862C28E3C5BCAFF1920876ED8772EFB44DE72BDDF8A389FD855FB09A857CA35A98940793A7409D8246AAB56AEC25FA2E166219F88317B7EDC0E1C73C05D7F2CA55A71E66CABAEA9FBF96E89055C2D98
J=$58F2E304670D8776F29389199179A514D0BD26A0D6968577CB0F580169297859264A6D9022F3A964B6A77E7905A6775742723024D47937B9F0707D250D9B4CE59AE126478D56BFE75A7D2182385357C838D75B0E33BB4647E43F0CB5CDDD3865ADF3C8EBA08DC0840B52B968A4B4AAD1CB1BE08C583F84FB7B353D907B9C2B7A72B5C1EF0A49E6D44D5868F3914AA5D02B2BCF705E1DC2CF8C5E9BDCAA4E1F2B4F992B2385D371F6A7495D73075E81317586EE90D356791672986297616765EC047ED2369D578E8270E82A85ABC77EE4BEC841158F8AC246C33FAD2625278EFAF255BC0909CE57550B0E
T=0

[45]
S=$8647BFB22C
W=-$2C1885E5C0EC0824A0A0C76C57814798CC59153358A9C625728E0CB43891515F5EB399294CBEF305D75C56CBF9638B237AEF02E5C73870901C5F1790D4B569DA27DD39D4AF562FDC795314739EE3495188A16587E5FE5C29A64473B23AB4495CE608B92DBD837B8C98A3109740286D50F38648E
J=$5A0D56A78721A250E2468494FF4A6BBE47F2C8743CBD2F21DEEA578C1587867C679314A9E861420C1CC0D8A492CAA5AA30EBE94B637A763C56B84BCCD622E660CC6EFF6A24683ABED264E46DE3D76F8286FAB397C4944C0157FCCCBAFF816865C46C318353FC913C390CCAB6E326D082F5DBCAD620BC7EC5501D70CB47E5F1B2FA5994F3FAA74C0F3B8BFE96B3BC0EB0B078CF90CB40046039456CEA7F76499CBB2755565106CA45282F1AC908E591EDA4C56B2E5DB62D8FBB2DFC7748EB6C9E2F82ABB1D85CFF7601D960D7563959894D7722E75401D9F957222D96CEA7D84FB1CBDC44E215
T=$2

[46]
S=$ECA842F8
W=-$37680A122E46D7A42DC58D73E42BD7259B0C4D7FBE85274CE6516A3BF1C0B4FAE5FA56777207911BFE375E67EFD1BDB6872192453452DD1CD650F29CCAAAC43E35BFAEC9F27FBF05CDC0CEA4086D41B51F4C0E1C1588C34ADFCAB1961D36B275117C53044FAD0B3DB0CD472BEC489A4558
J=-$181A8DC8DE107C14B55D3906DF49FB4B6D8D2A6FF5FB3C7A328C5420613354652BDAD4CB732AF4D246CDDFE8266BB9CCACA962A455C748886A007D94D7ECA236474D8A64244D73D9373A4BFFB4B7E3C3568803B0B819E2237D223BD5CF15074B70CD93761519FCF5237B1D60FBCB3791A1CD0471D25506874D06B6495ACEE7D1CD0E2F30373587DF3C48DCC5958E3B79E59D41B5CA5848037D313384DEEC8AF56F6602FD713594755004848F168AB848611D0F0D0252C17C8408074D17A473067E52F4E3C834161D2B3549D37A12CDF5C04CDFEF005B363464402C87A1437159058
T=$2

[47]
S=$31926CBB9BE1
W=$405EAABBAE6B61914F3214A9735B8C736B6D793777326011A1D7DF68357AC5DE383B9BCBC32D0B514B09FC59E0ECCA4DE2CF3536C85B6BC4B98A3C567385EE8957BB8140A481B25B4EFC54050D0A510A756950F77F42B12013D91A7D32E31C6AA122CC3FF60946DEBFE12B74788BC3
J=$2CD175E758E6880D15B29C3F0269D03B00BB216C0CFDB1040E9E05D1144DD9E21C1338EBBBD00DCE02237381394E8B37D83F4E1F838D5AD5FE3AF8D4C7246FAD83B636AFF0FB00E93618E5045DDD9E2E47E8344447943FF341EB4C59678D107AE3E5FF5D8B6418EB2CA273C26C7FADB14ABDF5FB583F0C2721594C389C6382196258D64CF33E9C6D21B60792B258633C8714637A0FEE43BC065948898535A466C5DF028ED07725B378E52B5A170A7457EEBB71B72C536412EC5C67D5B5782635B51BB70BD016AE3131BBAF262FE4086B810EBD5B2DA9EFE0D4169CC5B
T=$2

[48]
S=$5E18F10CCE0
W=$38D8E8FFDABAD6294398494E3E5D540C39E166A87F18E8270F3E3758E27A08998010BF39EB2F920A69D03F29D4D169655128AC064379FC34BD4E22F9023F63E39A650049F0EA7D5CD0FDC6A531AF9C446196FFCE77A27A644F728A61178FE4002DC09B4AAE9224A10CABE8DA
J=-$5356AE5D8814474FCC60D7CD8F32F8B1FF590A2D54F6CFFC4CCEA9701DF65B41CAFA25276A9CA1B1A57A38C94845449B9EDF8FA66622FCA84B0DE1C1BF35D741A1BC4E7750AEDF1D1C756F3475D57F52B3DD82146434CCC2EC0924C04E3DCB2EFCB77DFD625CC30E938267DAC2F240AF89637A7777658D67A003B479BAB949D6620DA17F7E090835324D645F3CAE64C624BB9DA6D0A4835B2805F8A04B95D77F805F15C63712B08B534C564A34D126B7408F02D87CB16054755D203D2644C9FD914447E68EB0809D150B051E8E2D2CD84029252E4941A7B
T=0

[49]
S=$1B1F14FEECAC88
W=$1D872D386AA9CB2EB9CBA9DE2FF93A77278DA83CC45AD1BB527582A8BF4FE21A5000755ED082E22D8EF098CEECB1967B6B163541A1FA15FF1EC1BD40915015D5CFED33026C03F79A05E9778FD1FADD41FC1DD4954E45FE6C642787310C195C4517C4FA1DC327DEDA2FA
A=-$1E
B=$38
T=$1

[50]
S=$7CA98BD04
W=$30BBFCE0088C422BE13F12C584540AC45E13ABBA4CD51CD6776D8115A37E4E3B4A5A4985F1928372B3E5654C103F99E89F09FFA4854E077827D50589024822818823B494B87203FD2B65D409439354566615CA3D492784918F5038CB2256CE35124CF9820698
J=-$4BE369FAAEBAFD7599F03E4D14288735F1EF98D7A8C14120A5E9CFF241BD0D6122FE905FAE2C99D1BD7FCFFEFD24DFFE3CFA83D9C4855742708F47EDF821C51955746660A50B85A563CA4BE60772CC51D0B158A86572E5B38A5AEAFE14256AB378058869C9525F04897540FF427135AB5F55FE904AF7BCDF8B13D893E5612F454547E8BDD7C7EB6335A42D9BB133498A05B4BA6ABA354B4CDDA054BF7CA019353DD788BE755CFAFB664316F56405A2F54749DA4CAC2AC848351158A37384E20AF3816870865102D322E5FF4
T=$1

[51]
S=$1AEA968AD
W=-$28E2F7017E4F451AE3FA6CE76B660BB44B9D084003A92CB4CB3740DCF6DBFBDB0A162D71A2BA91E2BC5F1BA487FFB7E0581B62B46FC588CB972270B596B3210DFBCF4DD660DDAF8916E96A6CF4558E9D2A121DB3DD92D14F87B0F9CD48BF64ECC13FA097
J=$F8F01EF708DF8218EDFAA8C2948BBF42292C51D3118004A49D876506C09C6E114DA0B76FF6C2BAAEDDA0609FCF1A2A8B9D7676C80D02F07DFB1AB2207DA7F47F3A2ABBC9925504B459FB05CEC8B8C7502B2D4CC7C2C6A48A1843621B79E505A7406AD95BE6943601F3D3A218CDC77AA7F6C6CF055FA3FAF2D327DDE470B4E87091384E27EC0EEFCAD6F12FBB44A221B3081648F06492FFA374818DE3C4BA21CC5886A232A5C3F3CDFF061DBEB52E6DCDF1A2C7E8B08E2F35E26A52143A612C72916717101ECA71
T=0

[52]
S=$21D28
B=$2

[53]
S=$7A3201421888036C
W=-$6640413AE06E9758846AB1BC44F11FB6C601EB3E234B64FC1F120FEF219A43928FC4270285BE1E1546223FE637F18F46CBA92A1B10C699DE16D97B5AD12E30E3E2B16D86C32BB389FC8E6829F074EFA0D9EAD3EACF1D4DE26865EB0FFE40902E4
J=$23204DFDAA13E662B53E1535BC7FB122E35DD26A20BCDD7E66215BEAA13D02B596A45C9FBACB8366BE404E1D83102E2120D9C1EBD547BA83111029549585D052C82A6E7A0A17B63228EDAA49C66F99C0B7C428C8B2DBA7169CFDBC2DC0038BD53212875C61B09B5A68CBD6CA689E7C47AE7A382EDCCE532448D32259BF92E43371F3474CB8279E4F00918548EEA55ADAA50C71D65E6A152676A6600B859AC5E4F1E649D944A71D842DDAD8C02A6DA2ED642E3751973C8D6D81FDAB00C6CA79EF5F
T=$1

[54]
S=$124DDF02768C
W=-$23BE7C631E6F5D35D85A938B22960100EDD66C47CD20631549F752818FFE25BC6DBFE563540C1053FD89B6124B880EEFB4BAB4032FDCA5652AF9C28F8D86B800E719F62645BA89CBE55B40C16B82B88496B16E467D15E0374F5779DAFE
J=$1EB36C09976DC1F6F635C82EAB24DBDA9C49E5AF68B50450EFA7E76EC3549CC07164BDAE155C722A254AE182B4A9322B669DBF8C7872B2C090C4BAF8FA96F8B76D43C931382024905076AA68C5F34D847573910AB76066600492172F7C46F9592784C1BF8E1D54FF45311F534D86C37789E803644D5FFAC4B0F5E108A9A63E654BAE23D633E4CDAD1AC1A304FEEC1E38849B2091141A57301F8CFDF30D0B4CE7C0E2AF995EB24FD5121BAC928353777ACC257F968BCF2F6DF1
T=0

[55]
S=$589EC
W=-$D154D4ABAB993969EFDDBB3C70C8DFEB3B5B4E18C7D5F19298C1F83A6ACCD6836D5438F511DD5A04548961B6B2EEF19BB8E58F827EA18347B092216D847E8FBDA3B7645877C427C2D9A26D1B0F9CA7EA83FD63C683163AFF80A
J=-$84930060E7C114A3242F78E871ED64BA70B5B4D8061D7C5A1C56F7A06B4DA4D5E386198B3A2A6798109A6AFE642792C4D2AAEE527D8FC58D34BB8AF5EA9948535E376B567251913661F7A8414703E46CF32821EE710BA1443495735D28C69BFB5A75D79CCD13B306972B7F9038356323B2C710995A0BC33CFEAF3BC028326BA08E0B71636495056734F76D5E0C8BFD811B0E2CF14A1A8EC9F3D1C3F820AFB8C6847BD0B17F8D6ADC7F68293E5D8BCE0F43EA3A
T=0

[56]
S=$C1C1A8
W=-$50CE4AE0EBE0866496373C4AE88CAC09D4041096817F0883FB72E73D711C7AFB8B8A07AA67104298866A5D45623AED86837864E11ADE8D9847A214115226EF6EBFC719F6A4EFDD3953DD1B190881315632696B3A42C5EE75AE
J=-$1819983FE5454F40DBA7A9B8C5444DDE4CE1F52D3F945CEF4A48A1F5E3177D5F8F6E1DA3C4DA143B1BCE3C9CDD98C43570015A263029A2A77DE91EDA9FBE57D950EAB23F594FA475259D7B7C8CD646B65C6DA2874D9F53A1974C48718B8FEEE1EC4018C65C084591FC615AF83B07161472A5FBAAAD03C65C96B364E24AC25635CB822A5EAB1A4714DA303A01BC0C035D37C23624DA577A3879BF34CFE028345A02FE76301E23F0225517E13651BC8854A85
T=$3

[57]
S=$30ECA402C
W=$2D2E58136D77088D2DE5D4C90FBE375956BF08B9FFB62A7E9584163435FFF5791CF919AFBE5B08526DF5758EC2880AB4458DFFC4AA6E492B0E8D4470510EA9D4DDCEF06E0892406CDCE8AAA16E9408665035C2F2FDA90CC
J=-$4054F322913E945C1785ED0961A82B7A5F1C0118BD4131690B5490DEDE2A9B955249D4FA0944B5634F63DF293AC4605F9618A0E69FBC590B08FA25FDEAC3FF52DAFD8E8D62DE45C91B80883137BD29596D2DC651E88D53BF85FE2E3471CF4D329BC6506F5DC288DBDEEBB08DCD1757221DE1B0CADAD76A5C1FB3EC723C1A568F6B05088CCAB62A43F6523A7B3F03C6CFDF1F9A344F3D25819B835F13D9CE00F46E45398B986270EC0BCCBD9818E48
T=0

[58]
S=$23F5C24
W=-$1F9651AF1EE96BA2AFACC6668E245BB084B806E3E6810B2F3E180B8DD9D56989524C48E497B30972F142062BDF6CF6F03D5317AAD81E01C412EBE70391F14ADD92A66D2D157C12DFB8E0683E8D2C9CF1A88FF5DAFD4
J=-$633A8C8522DF81BE0DDDF8E3B818039A931850483D0432C8EB051CD7AC924C8A46F0D26C373625EFC885534480D59C039B60FF124995344586FFE98CF709DB68C932C68904012F17EA00E92E4FD9A3A3A01E370AB26AF0755DAACF20EA81E06D7005F387E337AC9154CEBC090CA79BB9A603C9540B3FCF37FC082173077BCDED148D3F1EE8406584B2382F084EADBCF6A61E0C745E55004392995AEEE71CF5C650736FFEA074A4E21D6B
T=0

[59]
S=$169A70
W=$1D95322565C6734D50446D807518A8B30FEF713E86F7C9EC28C6D3BDE580B4D0B5FC77E6A1EE916F0411CC369146C95BEDBDDEB812820357D62CBDDF7914A03C8DA150D4E7F12D0EB35DBC09C746572DBF1703C4
J=-$849CF268848970266687C5423568C5D458A43567F9278BC289CB5D62B406B40081FB4E1A260DA89E1F32D0102CFE988E67BEEBA4AEE9A44E90EE30B2D293DF0D5AC79B7429420FB7D0EA0352408E19B4C3954D631226BF0B45817BE96BF75C587E9A9FEF3166F1D4F40A3CA2426D2848312BD245B09B38D360AF63A9DAA0B713505025C950BFDD19595AC604CC83A0DEE0C8DC880C83882866E4C3EE8583815C8DC94A159584C4
T=0

[60]
S=$1B3DF3177
W=-$57846F99F4820E04BC607BDE4FC8F3C0253B04CEBBEA85F0860518114B8F33F08B7AFE3C6F19841C3474B2433E5B888F34C1C3767988391A07740335D3A0742BA4EE460579D05BF0F4CCE8AF5FCF7408AEB41
A=0
B=$C
T=$2

[61]
S=$7F6065E15F1FC0
W=-$18A28582857DA4555B1A79CB4C7D229DD080186EADD64C7AFE2C3A1CD153B671F4CB76FB9ECA042B8D4B1243AC3D6C9BBCF272980FBACA2E19C579B77C9823030CF2282E3A330B0B1E7A1BFC66B4997BC
J=-$3E4A5F4CBFC33924CE3946159787072CC7732CB3545CACAD8A83C93022702614CD5C6A48AFD6A9CB3B102B5EEE24F2DBB79967B5C4DE35C32C187CADE7F8214FF1CA987424C022763D5F8BB1AFE1913CE57680D54719443BFCEAEE0BF1AFA6743FBE638BB2BAB66974ED859E1BCD705D2AD7F8205C1E6BCDFF25873BF113BD0037ECCF777EC5220251CFA5702F6E32CA96B85BB4638607AF646C28E29EEC0FED5
T=0

[62]
S=$18DFA
W=$885FE44B0E6C126EB94E3DB2D7A5B9559FF321506AB083185A9DA6523FE08815523D1AF31AEAA9F062B39AA9B349B456A9FE9912851DB64D4B26A724F43EDBE73DAB3D04CE4FAA4E8AB16548C0
J=$2888080EE7001E254B4360D5E16AC986086E2ABD9E35C4F44BD760B2C365BDF65C41601E199910814A8C4CEF8E35FF875F709A037C25C223C44014F06EB7B6954972D1463E3627FB3C2B8C3A74158472CFD0E9D9C7CA98E90ED7359D4C9F8A7A2B072816ECE4DB943778301116FCDEFABC9D2F39E7A950D567E6F0B9870B3EF4B6FF6542C9A9B869E49B4D36510EB370B3493EFA7F0EE108BE8
T=$1

[63]
S=$5225D18580
W=-$282F96DF26F5C203851163EEFC18E267D8191535A8DC022342AC41301D80AA1887CC8F4D7FEA73D50DAFEAA3A0F88700519BBE61B094D0A275887613EB703E57048B315BF1A939435483320E
J=$15E0720C972F10C5C294A52B63BBCBD7A41B13E256781FB3D17F3EB67ED966C61854AE02A998A1D4464DE6DB059B211E170867FED5C5B8D40D4F4E2E263A3ABE64147091B9F5FE26EAEFF8D77F29FCDFF37EF47B597290BA385BE9C0B829F5F81C4A7B55DA396A6B3047E994F07C9F556858E9DAD0C2868876F64DE2C4D083EF8EAC52F9304686AB8A2B33649C86852AF14F5878FC0485A
T=$1

[64]
S=$38B974C
W=-$A437A59F332058E2493D3628773F31AE8D24EF53DB66BC7E373E52E09736ECFB8EB78C92AAF188237AB997D9CE7B8F5C2A7B198CEE6317796D8FE9AD824A0E47E1310A597782731F2AE
J=-$F34DD425BFC2D41CD929994C5D192B93CC178BA40D6CB52EE80071131C30687E957F50C1F2869945DDFDF9B3CD0B06C21F11A829D517B53896FA422CDBE254A6621008E4139F129F8FDC8E28F9F8E5D363A0877BC304F2BA68BA9643252ED00D3FAB6FA6DF7F5A6E9B474206EDEACE53A335CAF5E4EB67C76049E7524CB58BEBC277A1C35639377C2D88B38414EB5CAC7D9C1
T=$6

[65]
S=$81C627C
W=$3F7A55A5BC1FD78E9B00352F21BFA33A12FC3E11E468B221D16EBD66A7D10B9AA822DE167931E65CCC040E8D9F6C2A2D9B9E55343E8D5806951BFC65CE98FDB3E015568C483B1604
J=$21F40D9F783F491CD81AA18A6B044F088D46876438A8FFAD1D12DB08C846F750872719E6801F74D6E7A4B5EE05DF82E4CE86C8DBA6BAA4701CB06CC80B02628B7E52C2BA8D5C98E89717F34D0FA8363A133FC618470B4FD04837755970D44F6556E0B393ACCFDD1123D8C29670FFD7699A55E96453517EDCF8B8B42516AD07C366E82673D122CA4E9FC0606F95AF10F
T=0

[66]
S=$128B2D28
W=-$33770E6A1513F0261E75C2B366E252F418CC86ABA00FB1EBAF8C333FB39C3B232D668E4DD1283CAE082E7AF2D716A87C41C09A2D65119CE80BD17B683C124B0BE48929C928DA
A=-$1
B=0
T=$2

[67]
S=$5B4D25
W=-$85ADB25017C7C33E8333D8CBF91EA9BAA3ABAA011B6F184B5D65641E2C4AF6872EEEA65FC415F2E7003661F36102248B09AA299036E300E4AAF540A1EFD9DD8040F9DA50F
A=-$108
B=$69E
T=$1

[68]
S=$B9058A
W=$D974F637E569EEF2C131EC574F3DCA58BED63A722C77E8D3423BECF29E7EF819783F29DD0731DD38F37259940A7D93FA7EBFF8CEE2C70933E0B70786F5C949069B2564
J=$17115901062A85A38DC6877151725B8E26445A8857AC3CEBD30DD7B0983174A4166ED3536CF17DBB538776D4C732CA018BF8A9545C66DF38A26FAFF92EDEC79E5F69C4C73CE9A07B7495ECD09372096EFDC699AB2116CF631D68770E2575A181A0E1DD1DEBC53104C3898D74B44D1699C28D1EA45AEEBFD346A2D21BD64D4B82A3FB2259F590
T=$3

[69]
S=$9450BBE
W=$D3341B51A5F0F2F12B540574EE0B12F5C3C5AB8EDEC65058C545A3F411D9AE95CD31B677BC3FEF30EB0C5EC1DA00840721C79BD7EF8EED79CF8B16D4528ACDEF4D0
J=$1A77DBDB96D53418C10D123741387EE29FB0A5611346CD4D4DE7D823CCCE75888CE12D8F9AFCCD9B684E6AAF8F6D944C4ADFD542AB4A3E4DF012EDB06AFC6C40142FE51893BADE8511A988613511E139D6090B1DC63CD2A0372C70685E3F2A5210E1E39F3B36ABA95D6396ABBBBB3C3DF76EE802135B848CC5795767525B4FFA3EB1DA
T=$2

[70]
S=$67892
W=-$5446518F345FA74EED68555947CE1AA9B59C4D4668C81BC64CD127B2966FF4B49FA8911CEBA3BA3A4E33EACC091F515FFAC70809B704C1F72491227D90801860
J=$2E768EA339F7C2005ED5B42783F32909EE3A94B989D604C1D9353CB69A0303E4E5F4F216765D6108C70D491D27E2ABF1672B810362C3AE62D95EFBE5E086D00653F59EAD72CCDD8C1C9A7DA2B63BFF3A2E54971BFEA4332D3E1B6075AA61944938D52A4315883AB9BD56D22CD2E7D459D33E401FE2F782EC8D821E5D9355984
T=$6

[71]
S=$FC61B27
W=$1B053E47216D75D738F575B15B82C33B7C7AD0445C203C813674B5F7D60BF0A28234DEEF82467D263590269CB9BE2DA666AD90517E17654997C9F636241AC9
J=$591ADA101C2EDB91491DFFB92A1DEF83FEF9F85F8555C817DEF66E665E45502933184920CFF65D1024EEDACD7492FDCD56EE377F44E7F81F015F384880930F2D2D4BBA675127E0460883FE177BCF2D35FBAFC219A3A9A0B89EE160CF90154A62E1458708A839562453B868849139873E33ED641BB526CB6972410F820D
T=0

[72]
S=$794
W=$85EAC0F96274143F7B977A4FCD5537965E01002B33A8442AB6B51EEAFCA65A67BE13C7806DA0094F4EB5FE1DD3276965D912178437F670D313DE6CFB8A
J=$4EA8D8971D6F61B228918CF36D91FF0F94C7700A4B34CC9678C8D5495988226351FE9B8E689A3E83748FB8BE8EDE89EF9ABF591878CDCB8130B7E15592597A655DAABCE991F1C599735350863DF58268FE62CD194A39274FC8E309C299FF1E6D3F6B0086736132C6ED723397D366CD31131408C4040AC98311C
T=$1

[73]
S=$837868
W=$30FE5CD7784E1C802DE899CA8A3EE92DA51554D857C15417558FBD8A53257D1AB7BEF5848C7C84148EC070A15C94FA12B5EA787437C8705FE29D0C858
J=$12F67F93A05E6461DEE55D563C03349C777CC98E6DCAEA073C004C16F618A55ED875ED71015E92167FC6B9586B44E8718FE5A0BC2E448F3E82608F6C6509FF5C14566EA1BB97B971AE7146C0C8DFFFDD6E9B963A52CE8A9EC7F4977C33EF31E7939FBD9CF33E67CF9E950D8318265E19827478D19B4B8C875
T=0

[74]
S=$350FDA99
W=-$45AA59257F9A5C9780A6A064D22E59181B62AB0096658C632D21335C66C950E26AD5C0609C36EAAA9B3ECD64D7599107A3A3AC5DB1C33E1013BCC9
J=-$105900BCB4F288FA991C0C62A97E7DDB4D5D08CABE0C26420BA19335EA4EEA43DD10B6F183A8B0325CFD5763EE7BFB40BEF05E1623F61932978BCC7B8C10ABEDBED865EA3F8D2F9075D69C8467615FA6C60F2B5EACDCF813F01A765E7D434E8CB1BE8C27EC872A35B1A7CCC229E3483F2AA71DAE735
T=$5

[75]
S=$3C8240C
W=-$9880B279CF49E51B6CDAE309D142E900724DBB8E40E53A4278EA7DC8700980269F0325BAC634E1B7DD303DFEC93E292FC0F8F068064857F4C0
J=$1D702EB6F37633E3839442BD084E11D424485AE6DDD353B96F19D5D05BF81EDBD35A3B008DCFAD2445DAC58B6E2370CE650EB07D425208A1C602C978DC5A2B452D0CC83DE97D4A3CA7D9334510641206C4615F764029E32BCA530840C9CECC07434BB044A10D195EB00567465291ABB2D82
T=0

[76]
S=$7C80581C
W=$D56FC87CE16A8701D86E4A45D29F807D7A4ACB5C477A82D027B3B2E054155D78C620E06D3A73F9F07030409BF9408798ACDD6F159AB61C
J=$117AC86DFB94D0594316CA2B9736FE4105A749DA7ED56174287FE71FA97C805B0FFE3E373A89F75949D17576821A570CF8FAEED0F1DA3443D7A44140532F10A201432BFCD8933B438138C4DE895F06B2E3848831C2E0D515359EB97651C4DFFF76BDA829F6D3B1F5C91A8D676D04
T=$2

[77]
S=$8B9
W=$2DDF59E7299BAA56CEC2D37A34F5BBD255FAD1AD509D9C71C6A8EE0EA08C52838CB150B66F0B42855B2FC314122F89B80A84EE8ADE5
J=$2EF6AF06602E7FFD7219132275975B4B009529F705264FE578FA2ABC34B661F6B5D53B728F9DE1D181FDF6C1BADC98DC4EF266909DA59B009ACC5CCCBF4B57B71D6F74A4A52ABF04DCF0C19595714EC337E6908C0812B6C86E23E193A091C4D491876744E834C3B3B5996
T=0

[78]
S=$48D4C
W=-$137F83D584D460C08217FE717E4726245EDF0BA716F216F468640C1F0350BEAE3989D9FD3B5338226BA977767B53A809185A176DD4
J=-$6E799F794FC951052710A93D2DF6B4D40C80575B7B04BBF7341025673C183D33B3055A2A5E63ADE5A302B1E7F240F4633662C1D9F3917117349D639483FD73C16883EE272F35A581DBABE29EFA14C3D46DC130F2C7BACBB765457CDDB92CE319A455BB42BB2A7E65A3
T=$2

[79]
S=$E5CA5748
W=-$11E542109AA199ABB91DF4F9EE02910A20B59916C0D8B46C06D48E6D8F94D73145E81B83885101AFAD71ECB9C685469E7FA7D882
J=-$1382D48A88CCF19300BD57C2424705EC0A22ED238ACADD1BC12315C37B9267E423311C923DBBDEA99351231E3050A42682AA3F07E16DBAA87FFDA052D69C83C39BE99F8563979D11A08108A835B30ADD8963D57540725CD4550DB4007C98DA0586A4118FE4BAEC
T=0

[80]
S=$14E76A14
W=-$FD79913126DA66569A397A1BA8643CA6B0E57F2FE886025C562F1006FC138A4BCC8AF6D440038930D5382DEDB9BBE27038E
A=-$23
B=$62
T=0

[81]
S=$91030
W=-$407E0D10DC9A26F3012FBC03BC9A39E73DC6BBA07C6EB8C7581605A9E5DC93C1FAA824888B3814E683337B24C9BEB53C
A=-$23
B=$62
T=$1

[82]
S=$29F2EEEEF6C8AC9D3
W=$12B144F0542FBF68D950BA450EE9F04EE1814EB153987606FC878A883F647DCA9EE87160B8027016073AD973E75893
J=$17B79FCD37E2C06FC62F5D6CB4C2B59CDBCE9B253A49724D1416F2EA804ADD72310AED54AB2953A4237502669B37E60BF862EDAF76BDD4205D26F6E6DC45BD24EC4807563032500DDC9771B1772C275972B5AB85A517A46C36CE22E344
T=0

[83]
S=$B8ACE51A
B=$2

[84]
S=$167210
W=$B64794649BE6A03CCDE607BC75974C5EB49F9262C7C3F39C9114A0F46D4C56872B4995F249F5E7A42
A=$1
B=0
T=$3

[85]
S=$F085587B60
W=$35D752FCEF18784E11A3803CA8F5C2050597B54158B708AB1401B81DD927F4AD1CBFFA9F3BDDC02
J=-$D02E69614FDF2423E4AAD8AC3C2427E710868284899F85220B1FE0D94AC8BF7E43398496EE5E2617B4F89153D9EC304BBF0738F26B5F3A3E03BC0523EE4BE129353F4FA461A02F647F472794AAD7
T=0

[86]
S=$2365FD83
W=$37281B7BC9314FBD0A8AC6C53C3D87624B4737EB5EC07A379117E5A54AC8431E45AEFE9F75
J=$8743060ADD61E58E57AF8E277F664CA1A267F6761BCADFC166A5563CEC6B8C2395FC826FF77CBFD16B56338EFCF65F07051C5F843E7E930898B661AA5242B0D0CB3E7424E215C04F5A
T=$1

[87]
S=$4BA8F1D3A2E
W=$7FC5CE5D9128AEEC0E84412A2894C6346C1C4AEE7C3E642D642936AB5D9052CBB660CE
J=-$99FCFFA961587DECC6F87FDFAF2BA1CC09EBD17F8C0AEF6A19310317B9B6D80E9D0A1E0035DC3C5B105E79FFAF7BF6E5E6F57C9F78FC1376AF720A6242DC8352E83094ED290
T=0

[88]
S=$2C550
W=$440933EE4A4F67FC0DBBF8965C1BF6410BCE4F25AEBB5FBB2FBDAD1B13D035E7E
A=0
B=$10
T=$6

[89]
S=$28CEEFEB
W=-$25DF7B1D788C11C99D5E79D3C2CDA935125CE63E959330E77607EFEB7542D4D
J=-$6CAB2E632301D4D759D8D4F7CAD0E703C66510ED8CC91AE868756BCA41CA54A86F93957934D40F3DFA8CC7B2249AC62AFAB3673E455F967E66B5C33C4F91
T=$2

[90]
S=$19031
W=-$5C3E5CEF95DA1B721AA2621F6F4DFD01623DB2FD5F83A66AE89A807E5C9
J=$11BA5F932B0818A4FDCA662D37F89375A71E6A33785EC6A94A7E51A29ABE474830B16BA03C9C0A9F0EA240A86577C64DBC869A0AC5F288E3D7FFA
T=0

[91]
S=$931753
W=-$3D767C80B7EFD03F415EABEAB879731B8B262E9DAA4A0BDFF3A5C98CF
J=$2EC0A7513261CC6650F4F5D5EFDB0BA6E8C500DA33324F8B697D7D92EAF2098F56E9BB9E6BA5EBF98E79BFD599B8F9087D3DFD7C92D5788F0
T=0

[92]
S=$1214A1
W=$6BA25F71871ABEB278E724421455A24AE895CCE5B12AAE86FB9929
J=-$2FAA0E4EC1CD19B39F3C5D1745304F2601199C6E453BE8DC9FBBEE3DC46EB415EBD10B4747A1249557B39AC31758BB5C32F7FF10D46
T=0

[93]
S=$71F30
Q=$3

[94]
S=$2E4051D
W=-$3025CCFC86FA1D7604D16513B9A630EE03663F50132DCA08B
J=-$3CE7710884E34339733BD95556BD0C54C254067AF414360B7B19A38405289F65C92C522F216E7A1B9D8BC419394E68A43
T=0

[95]
S=$18CE66D9
W=$152B6F46276231FCFC37B063A1E7C27C973309A48F3E0D
J=-$2481F5324D4CA223FF1488B817111AE50890DA5FD39FEA8C1AF12ABF6D003825B11A8AB5D3C2C5ADED1D8C48B9E
T=0

[96]
S=$1779DC
W=-$100BCAB39BC1E4E12A72D63B929F8476E39E8AE2CA8
J=$14CFF0057CA88FD6E076DCC86A49F848ED1246BBFA67B577DBBB6DA8E6D361845B1A73D140BFD547FDC4
T=$1

[97]
S=$290940
Q=$B

[98]
S=$12ABFB
W=-$7EAC122108AC5461E29AA78788C74D435EEA7
J=-$49BC7E84254EB564B988555D72215690BFC910303E8AC8E0DFDAFCC82E71F2E0A6ABD59F4
T=0

[99]
S=$A110
W=$12C51C45DF09E2717626DDC18BCC6B79346
J=-$53DF94E67E9C03C0375F25A573611A5BA6DA422A191E65ED255BA70ECF11A9641F91
T=0

[100]
S=$2BC
Q=$2

[101]
S=$49C55
W=-$1A7B5B9497151739D610302E8E76040D
J=$54E307C13D18C92D6E8094B57DA576659E06689800A1F666E31A72D32CBD38
T=0

[102]
S=$A6908
B=$2

[103]
S=$162B8
Q=$3

[104]
S=$9A7950
W=-$2AF88BF509D53A92703966386
A=$1
B=0
T=$2

[105]
S=$35C51E9C
B=$2

[106]
S=$FBE76
Q=$6

[107]
S=$2
Q=$6

[108]
S=$4
Q=$2

[109]
S=$3A436
B=$2

[110]
S=$F970
W=$1DCAF6DE84EE
A=-$D70
B=$12F5A
T=$1

[111]
S=$156F4
B=$2

[112]
S=$12F14
Q=$2

[Signature]
1=$F742159EBDCA8B978A3D348AEF3315D1A5440AE0F7B97885
2=$C509D1D7436D318043FA1D196A1CEE8F4F081E8666313C8E

