[PRIMO - Primality Certificate]
Version=4.3.3 - LX64
WebSite=https://www.ellipsa.eu/
Format=4
ID=B497703821324
Created=Mar-28-2026 04:24:24 PM
TestCount=117
Status=Candidate certified prime

[Comments]
Put here any comment...

[Running Times (Wall-Clock)]
1stPhase=40.80s
2ndPhase=6.73s
Total=47.53s

[Running Times (Processes)]
1stPhase=238s
2ndPhase=45.60s
Total=284s

[Candidate]
File=/home/lappie/Primo_Batch_Farm/Titan_Group2_Prime3.in
Expression=(4797791281522654273517)^47-(4797791281522654273517-1)^47
N=$616BE0CA7727E98E78A80948347C2A2862E57B823EC28BD91C48FC2C3297ED751187705F28E386905F8952D37DD24C7D27877D0428DFAAC0A7696AB53187B7D732683A47E24658A122E9642CF99606FB22C69922E98FDAB8CFD2B1079F763F62475CA665445A491269387C44127FDBD2398DFC725A496E13B33894276D6F898E6EE92D0BEE982E26DD990BF7118DF2D99128A0D85D8AC1A581D069D1808F81442E0AC463C86071AFAC9E7826B322BBF075DFB0DE989638E08DF9579493A7806C67C0C29C7C27D677BA4E69DF2D5EE70B351923713DE26254ABAD8BD0E8CD32408E65DA59D71C49F7F6EF7E630A367428AB8B23C48644588B8401F7E0CF9A1A2F91838854C185B5F96EB7E93B0E35ACA0E01195148F36E2E918EF555922EE70286D040863A25DEDD001ED789E0A99A0E53BED509C7362970AD8A1A5A3C413B0059C1CC2C9995110A888382BAD9AD58B8F995DED56FD2BA0353BB7430D421D03619CB09E92BA32F8192DA77ABB54F291113C6EBB8B9C3B73B9F34CC578ABAE94A2017EF5FEAB4B9409B19619937265192B18886AED21895A4372911A96C117A5
HexadecimalSize=830
DecimalSize=1000
BinarySize=3319

[1]
S=$90E5
W=-$1384D357013BDFD0E2398987B25D6860F2192949ED166EA13244B1592FA899C3916378D49B4622B7004390F75DDE9E69BFE9A4E6D6544BC69A8B34A6ACC26620B4728EB07F8E8BAB3802284A364E2AB9112C83E735A3E6DF522B3F0F3BC6E2F31C49E3A6CC8D8FE35CF86995C5FDB39E27C4158E690A31F571ABA0E1ED5B2D6597924DB7CF76905D3404708F7BC89B9C326E98A9313157ADBBDA384D3993743350624E0BA70FFC5A728C4174E5DB742D85084D20C3FE0C8EC3607D44344910722D343ABE6874127F7D86F5E5235EF481
A=0
B=$2
T=$1

[2]
S=$5CEFDD786
W=$1A23BB13D38F26BCDE86AEA66BD25FFB66055965EE909A9B1B2D8857322E2062E84CBA2357A65A961BC0D23F95A12152457E392CE3BE3B5E722BB043D3EE8926680C2F52A64A91622D456DCF5110E552F2F0BDB99DDD8403E006A6CDBF1A99FCA0DE656FF3B4A5A207DBE704356B2C252FE21DC31503C93A71076ACB71522712C4C318C5EEF0E56E900FF15933B9E4E2F3B2A1B9FD89A9B1719E6412D50AE33FFA806C609E5335F71BE6132007690F46CD6EB54371E0CBC7B3ED897B85A3BF2F7D10DB607B5E916B2A237EDE3FD5D2
J=-$2D3F3D04F377A16B01F3CDEBC1DD48FDA322B5F18D1B54F7B715C7AB544217DED6F752E727F188ACE9BC73686BA7D5163C8996C65B09B317CCAC3634A970C41BE71F4EF04CBFACE6FC2CF0652412F6A5D1EE03CC510CA90DC5C74FB2FCBA1F9C5A8056CA7CBF1BC80913C98F992BE51109A865E817685CDC642B155B4983B9CD5DF90621B1ADACDF252C095447D8A25AF8D39AE3745F3A03DA62CC4ADAF4542737EEEB80DD4678625160AA6868A39EC06BCC0F7F151228835B1CC1BAD3B63551871A17F3DE23E20CCE96D5777016A77B0648FA2D0CE952888D8D2DA070F92CF109335A8933B49B8F0CCFDA5207521235C286F03E76FD04BAD06B422285E4E24493C563FE36A8BF2AA8FF96F94B31B01A5A41710676990ED66E44CBC7E776E33DDBAA2032F30A7C531A9869FEA50F391CB45BB384EFF468E539C1413664ABE86163AC294726F72559058B2D59E709087B35CA0C147033099CBD4599A53898C5FF82D418ECC8FFB1A0D4CE85FBF0AB978E9025F1759225D15358F10BF8C34C3B3B34364F66D59CC47D8545376DC45711B44E44AF2190CEBD07DF1E60B298
T=0

[3]
S=$28AC
W=$3208F4F600F8481DEEED1FBFC332C607262C883D0F3DACFBD221A9A60F2465CED62027C04502ED583E91F941C486B2BE4B8A7DB35C10439DAA6A0A62FF5BC6310FBF9CCA2E6C48B3F5DC33DFFD04ADC7913A51229A589E83E3BC25F78EB71E1408929CD6282EE2738F10DA32F8D9802B1E4FD2D37E4EEED0D548B43A888EC6F5B6DA182B611829B474825D26D342DC0C122632CCEFD6C787FFE9A4EA57F792A8BEE56E94693F73E31D892B957A0E656CA8E50FD94B2EDEE0E746263412038E31615825013CEFE81AF4BF56FFC
J=-$803A5C48E6DDA33B07E4423D5C9DAFD430E17B20DAFC2F29D54E5412550928C317C09B29F00523AAA71AABAC845F513896012A86A1C3923543CB04ABEB06C1469DC01989984470A1BA5AB496E3E7B04550CCCD0FB565FFC5CD2E43406CC4DEABA8079371A68A83853CE2E94D10BDB4FE41B7C205DD5ED725A5F897740956B2A4742401AC571083A788E2C9A8CA381D6CFE14E16A4EFC6939F8FA15E3CFBFE52FCE0A8327F2912D7B6F222365E7DFA4F75EC656D85578B608F0BCF9BF967EF07F3E8B86979EBED7F9B15B102130ABE37D61A125DE697DD834F6899C4C20CF6B30A1728FBEF9D6F33D44C6EF7BADB78A08FC7766ECB95CE7BE3505E4E92BC4504EEDE15BE397FDAFF4D04EC9FC3DACDBED3B6CC9AB9B49CD79231D61406A285964E6A8D3D8734440B5039892FD283ACA1D938ECB86A34F571030CDCF0F2507502F72617D9B8AE9C5D4D924DA927A3CA45C04A9584EC9E536E00285CED09C9A75BAAFBF8D0FD61AFC2797EF0F824CD5832E14961B5CABD97BA26C994280A01962569544967A72B0FEF1ACF7D5339337D33C624D781283822733D
T=0

[4]
S=$1A2CC269A0E
W=-$11DEC193E24505E4CD501195D5F526A7675095311D84250EBCD0B23D7641B328F2884807E7839BB140A8FB07890D10EB33ABE70C24215C8F0087894C1A872364BC8B1DD3502C4ECC33A8EC8C67F76B807B0649194A1ED40B8B1D7D3D2BBEBA126B41AD1C5374A0CB5CD62FB9498BED5B41A6A76B4F3F38BE20E7BC98B57D2810F51F6A71DF26B8562BD0AA606A0B19BB97D77BF0891D8B35CA1E8BCAA352A4EA7200349DFC9A2675F80447A58633C95A383BD6FBFA148806BBB93E211933C6D95E7D87D7604A87D15A9ADBF8
J=-$480DF2E3D8167DDDA836CAFD9666CD8730DD95F73BFA477C807D9E833E22E5CD32CF45321017A342A95D8589EF016BB3DE82599717A614F4D7285C5D4947712761D237BA0FA8A28615F57064A9ADBAFA59E4C2E8E2E5820BD9228D712A6C45F007C734E078476813355DFEDA7C41EBEEDC73A807A95EE7D8B865970286E6937082A53936DE3F96EE755C390C1892D8F7BFE3D575DB4E87893014AA3E126F262663B096F84CF886C80F01390ED28D3BA19CDF472322BE2DED0F4F57B653D593B79744F1C3E9A23777806F3EAEBAB2DE0102FC2287E6A926E190F01E1E9D4198FFBD7AFF2DA57C5C693DEF6E102F00F08393AC18C64F03910DC10FCC361F55A8DD148976BBB2F5FDDD2125C448DF2CB0FAC1B69AE34F9E54624F1AD619A13FF391F4018BD95A8C692ECA055B569143454004BE63A1493AFF7B573E6254A74E3AF7D67AC925B80BF425F97EF7E2765AC63DF6664D28EF2A86DB0CD1C3A6F9ED6F03937F7224877D5412122905EC2E1D32B14946B454D906C87894A93E5BAB44117C10BB563AB0013C8953761FDEEA1B4190D9B91A68FD33CB
T=0

[5]
S=$267FCD2
W=$1069791C258D798B3ADA83DC245B11A6E6F7442226525194CCD29CA15765186B97587DE68BB735128F1DDB790112466BD3B74C3F863160AC2D5F87C7DE07386B9A66ED526D5ABA81E629E380A94564841716AA5D8F62B5EFB9F34EC0B1596B2AFE4337E37E2EEA96206C4AFA913F5929EAA965C6BB2A1585BF2639DAAD603065D31738E3CFAC441DED10697BCC36157E3ED94DBCD6F858B899ACA6841BB0CBAF995A9828B69D1F1C62CB89BCE801409EF9FD37525BE206DF083A36607B27F860DF1895ACCCAD3D493A0
J=-$32FA5103E00C4D93C73CEBCF4599070F02BD826E2F086F64F5A0B224A6A37BC4ACB5542A13BDF5D46AE9C13D733A69FE2CED72D1ECE75166CC6399C68F91B60F27246F8438C50BC776F21F6BCCFD832670F9C635A5F6CDC0CC021C91F02AF69688140C182BF1ACCF4C818EABE2D245582990B60427109AF79C5B35EE7683C24B4C43D49E024B18FE33AB4A4F66CC2EBA81D3F028FB0193C2E239A1F3DE4AA0B086B55DB39FE9ED2B414F91752B1DA7833B2E85C87BE7655B7561467CB5E8E761CB1FEBBAA10EDE18406667C933DD061E8C7BE58027A3E1F1D5082C3E68B3DA081A17455166038221DD7803890B57C429D3B7EE24FF0C137B3ECADC9A2B8E4739496C0CDEA9A5A718EED4E09D1CE32FD5F9A25C69893F24A5ABE60E8AE29E5437BA855F540608CC96A4B769F3B595B90962052C1FCD1F3E5B837721696029595C5A3B1DF7360ED5902ADB9B357F1F1079C27443DB3DF83953EAAD7FCD25433DCF2F8C2420281A3004C453966735F5690ECCDDA290C2241F9192AC4FE4882F4BEBAFE92F40C84C126D089B910E0A56559BF9E
T=$3

[6]
S=$25CD4A170
W=-$4DB17E3DBF7BA9446702AD9D5DF36401377B4C201289BFECD1412863908EE736C4B82F8EA7E159BD7E53832E1B1281842168F38536FAEC28EFC441B6BB8AFD5D2AA46747A51B2EEADB64260078C25AA4A906DBC5895009DFDA002990F560BCB596E89000D928AF844CA2F101CEACB0DC63C2A46C453C57D16D1F59AB4763D3FBCE0D083FB6040A9386D50C70714D50C3B4E010F9CEAB7FD4EC9CEF34C73E98352954A253BEA11F1D2538E06370AB531FE987085DCD10A45999878A7A620B7205C08EF1995985C50
J=-$13ACE8E89B5810720FBB13D27D7553DF1831E1768E3DBE93A3CA604A6B01D8DE576091F67CA1B7A3D160126AC2C30EFEA84D3294CCB55C6FD0BEFE4C0A2DCB40EE5D382BFC9BD5819A7F5E4CCE00792EB162B5170B4E109577201D02CFF2D4B5AD1DCD06823BC248CB73450AAD333B6ACB9989E795DB37D3A22BC8827A880A861CC292C8039A3E0C42E887FDB57131EA9DF41AF292AB962AA289CEFE9D0A560E49A9CC3C56FB73DE8FB7AAB7F60EC72538EA875B14057535D4B6E93E07466466CB3CDB2FCE272FBBA85C66E22C289AA851F02F9BE74B041A5DCFDBE7C7D2FB9D42D7183CA6B67F8398A3A2B8AFB7658E0C174C6B43B8F1FF9D6E8ADBC2F359BA0229722C51831E8B3E561ACBD826B9AF3E7323F531B1E7A2E8B48EFC302434D0820C07A5DD5B77E657BF27573BC0A480B17ADD521A0CFAB19695203080639AD11FD9C23074BFEF71264D306F551B1DC7134D20EB82240419CEE68E65869D4AF3B235ACFD6A456ABA35E5953BFACA1B11ACC8D65EB24AECCE0128BC338DC31D07900AE2AE92ED12F384392541AE33D9
T=$1

[7]
S=$1C28CFB5428
W=-$8E465821997AC51D8097896DCB671AAF32D49FC1E5AD46FD2F7F08E057A34D2A31AEE89563E24BCA305A91E3FD5F024A8C7EA852849A64C4DB6987E83D00B54F780B66730EF2D6517BFC23448163E7B978116A9ADAE4C7B514F9ADD7162C465119FA0E556055FBF97672220E4900C2D3B64B30274C9F75319F1BB29E9A62913A249494EEC84E97A26E489BAD8036865066AA2443FD56908115A0D43777451F1234F19E3520498FDD2E7C1EC16FCABFD1EED4C00BD72252F29EAFEB0B700169C1A3E09E067B2
J=-$4DDDE0813336BE2EA339A2ED796334F914D72A60364CE5875B8962B7D4E370B6557A6609FE05FB73DA1BC0F3E0D24D58D3F7EEC56A8DE150EB19648D58ACB058472A7C3E11363581B190AB302CCF53F5353617BAE9F5C575A8E02508EFFCD1151D8BB2B92340BBB560CC87AB3142BA90A1E8F711D04BB062DA88F10329D6B6521B85C64C5F0635899DB0AF31DB3DDC27E00033960E0557FC818BCB3EDB1CE8BA43C2320A59971A68D0B76E811037BC526180AE51EFDAEF14AF19CB799F5D59EE1A71F234A6DFFE509853B7E2BB0113E60DDE6859E3F343E7F851C2CA5C47249F02AF72B243CF06F0513CAD0D283E314EC445467FEA29908A9F42CCDCC3C9028B131EFB8D2456524EF7DE172DEE2E5C1A5009BB338E45242BA2A701EE8F6C03DB8CF49EC382F6BD7BA7F5A05F25B0DAAFA9770580F9BD0F15A79A41A46AA700BFC4B909F2C1CCD7AF6044AB29F61708AEEA44DB925A4E4985D49C6F25249A9F756835288F2BF5D5DBB558DDBD5F8B402D226B982F5A5CFA398FAAD4FD59ED497B6BC4346B8056D6A01E7E5
T=0

[8]
S=$8D14F1A033697
W=$372CE73DADD3C09CD66B3868C2B067D41D262122E8B6C908668CB1DAB07276B5915691860A841EB75146CB00BDDD3693712026EE4F4F0E2D2462D184B50A077E1A9625210016672C33DDD72ADE3C378DFF28881BE7C505D182E362E6C4996201B25FAFE812F20DCB7B668CD9CE77B4ACDC4A96CA63E64AFEF8CCF1416A589235255F7DD4C9AF80D9B94A726D1511D46B7250539B499CAE9548C77F2C7FE2F133CE546A0FF2AEA703C4DA4B99F3CAE76AAEB117B7BF40C6AD69B3AF7BD07B60807E319
J=-$1E337EE11B704953D3C57663CBB7DC0DC14BDCEA301E6D0D2E31FB8BD20DEF8F224D54BC60988882DAF2C78DFC6FEDECC2B11CAF57C564DF82F283686FED87D165585C844A3849A4E180D19392BB1F6501152E063CAD940C0419E9764C0BFE0D990BE9995B730BA3B0963EA9A0EC8A63DC3980D6B7E24EF5DE8ACAE30EC8CE25FF0439720CB6DEDAC0769F5DAA97D4BB97B1C744BBBF790228BDD9519561CC35F3BF31C50006D531B33DE1081B916D841A6A2C35CE04FAE7967D5EEDD63D557D98FE8AA41249A78A5909EFF9576C747E375CD4CF33635E48466B2D9B9AC8C1869914A388A3FD961EBF3E3074E032F3C8EAF2554F910C432CEE3E13404169AF29CBBC5E6AB9F0349CE42E5FA21A1F63DA68A64B49ECA04FB2C7894CAEC1DC2451C2FB47BD95E86AB059C15747CEBD83AD8E366E5FE137DF31F62D0BFAE7544CA6D13C4C391393DC6A7A1569332F052B64436C819CF8250721092DF952A2D5EFEDC2A58FC0FA22235229F478B94207935D8A9229712A0B322D883A2E03AA0DF424DCF31947FB0
T=0

[9]
S=$E64A3618B
W=-$1F7E3A3C2BF068B04A23030495C26DEDEED3E1C0BD0C389791390542993B3A641CFE4B381B2BC2435719A179A51D487B2AE747935EA3E17B3C1F2B7C9FA8265F0FBA64F1A2CF4FEA51E1CFC3349B87049EBF4DE4FB7AB7FEB856EED8AEDD81AE187795919812E539E8B03DB02B2BD5EC34B005065C8BFD6593C89173F5359A78074E95E349A71C7EFF21E228CB60BB5AC85696EA24575B69831EDF0D6DF5E8DEDB98B1A8FD8090FDB29E94CA7825431ABF0BFF683FE38AAB0B69EB49D3E995ED
J=$3D0347D6AF6B82B7B63192676889AD8F2CE6EA15208A8E1F87E5B7FB3C59BEBBAE6A68E963F40DB325A50BC5CB3EA19697C8E69F298B49ACAB827859B923847BC8311218AF84758F68A40DEA8A73579075978770614A885575A71E832A682EF61B89F6DCE2C22938C714CEFAED85A7318867FE131598D3EB3814DB4C27FABFDA332F7204D923F686D322C6495BCDF284DD89BA1910478E0FAD0E4DC9D9C5706A7A4DB8E4A8745F149653EFD6D21322001A716655DF3C0F35EE673BEA5057B9C9EB0D42F3133D867D171DE1AE1B2436A33F4788EC31BEEAF4DFB6A5572DD62012B38B6B856BB8C1B8FC33BD51B1FEC7E58FEF8BF0277403BBE7198A7D7CAEBC38D8704CC0C5ADD9CB245FD221C89A961A372978483C42B519DDCE8E953B0D862903283610BE33EC72F3AF07EB281A8D4CAB3F297807878B7444298D0D2C703C5A3D498005C8A2A60B7C261A2FF0865EE6D201D5AF6C09F5AF7E9AE17D671AE26A250BF033A6061703933027419B7CA9FA1657A9C226A4F3AECC491BAB40B207
T=0

[10]
S=$A2D2E9D49E6
W=$8F3A72DAC119F37037824455CDE1739D14F2ABBBBC77B48A296F3C87FD69583847695BFD2E8F9D3DED2BD005B4E092DEE20564EA8DF0C220014DE51157C16D83C2F4217E8DD73B758C8D7E2CC43310B94BE4CDF391BBC85A881ED12B5EC51E76DC2DBBF11850395B91EF805C39C679F3D0FFA60994E365B28BD7E3A65E37BBBA44EA1B3572416B1A2144386C0AB2C44DBE4FC6DCCF362E6E9B4519AF4193C84D6034F6B28C11EED9573816038923D8AF5B62ECD45DB8525C697118F2C96
A=-$1E
B=$38
T=$2

[11]
S=$BCD812630
W=-$2D366043A3941C974FE6E1954DD071D344306C97BA88747780907C210FB42E6F648831C4DADA632E6D2DF1CBC6AEEC19E03F037022D5C86772C5105AC798F3D02ECE4BEC1896E166C6A3EBFF9CFC451FA36C4A0CCF218961D63CDE279297F34CC64A5D5C164D2AB222B559C590F72BF32BE4EA413087FFDEA5A01ADF488E56714338980FB8CB696B7961C045D6EF6E0C40FBEEAF304D1DE98F5A8FFA68566FEA91774EA252969A28A73E4E9E14A42F209E6EE3E565A2E26C232566
J=$EBD65CA49E2E200396B55B42D4FFF43601430DE914372F4469B2E187487E74D86B03C5C42E5E87A809B5F2C3FE0F23615A6243DC1DFC34AF7C3B2499E01784FBD53743EC2186BC8EDEED87471CC1260F307E2BE7474EE4E7361FDF1BD41865A8A11301FDA99CC2994B31DBA564FC8E40521D671810F68FC69F3323B471D47BD593743DC3A7823FED308C15E875D17CD277871DE8241D45FDA2A763B3D81EE23D16121B9AD9BF6F8C5FB613055FAE3FCB2BC9980382F884D3B91A1AF384CF26D99E898159C0308781A54C67FDF283178DBF267DE5C1525687124B155C9D21AF96560093124540595042CD7F7CF50D1EF0B4EDD21A2ABE66AD82128413B4C826B27A302E6C17198F69A725096B14108764CD0697BE18518B03EAAC37E716CE23AE048D893D7E8EB1BA53119BA9C5E7DBDCBACDEB283A78E0C8BEF9E533930508433074C3106E5C829C447CB8409DCBDCD4787D472C6CC217EBF7B40658939CCBFBBF2B10A8F99B984EAD2251E7DE8E82F6B0C1F0EFFD
T=$1

[12]
S=$A8DADC2F8
W=-$DF7654C6387FBF3E30FF34267F02A4B9D58EE58B0ED07CEB520CF25FEA0F85635BB6A7CE04E07A1A838E79CBE15CCC8A148DFC6B5FA62F43E1E7EA9A8F0332CF48ED942567F5102A325890CF50BD365802970A692AFAE88CE2F73B879E92A86C6E9D13CF5AB589AF9A7C2FE1480EDC64A959C6167176B9E8E40000CC9970F5CC748DE7DBD179B6B09FEFF0FBFAAEAEAB4CC5BB678231991055F97E230A9723E86A6D8A4D3AE7F03303FFC0415FC7B8B737BCC4E3214548EF6
J=-$659C6BBD5F686F6F6DAD5C9FDF0B7E15255DDF1D244CE43D8929CE499D9CECBD8FF30D451E16B1949AEA8644449A48C104E474C92DEE6EFE7D79CAFD6B3622B2D8AD36F70C5E892E8DF086B2A6F0B454118803256C2BE569D7DC6EAB3C2885B6563B85DB33861313EA3ED1A460BEF68BC19CE33FAC0A84960203A1426FD787C6B1078EDAB6B88B587A4CCBD272300E205E39B1105D8F8C404175B57A17ACCE4242F082F8719267F09C9494EB42D93A3E31FA481B5E8F95B736F9162081DC94420CC032749F89B66BEED3118A8BF9A97656BB9A390CB26EBA2D7593420A8C554F7F3FF5E6930DA44C8B7C5DCAA599F45315BAC8DC36D85F725490C90C10A911ED4A3A4FD40F9AD9658D3786237FDBBC4DD8B435AE2AD9C07DF623491CE78C986AB9C9677BE93FD50BEA7ABF144E95C0B25608E6B59BF8A5469386E00CD8B5B12227BF19A89CD535B578A78BD3E94095807B5EA5E56231C9A6FD3E543C3D613A0F4AA48321480079E3888133836E1CF565A
T=$3

[13]
S=$774F22F9E7
W=$43E5768C96B27C83C941F58016F65F75E924F6EC133A31D12449D1A0ACE00CA6AD41F3F745C7587FE9F49BC72B64BD7E1E765716C76D6FC8FF863FEBE8A4ED4FF2ABEBBAA45A3933E7F3A11CA0AD10FF3355513DC2723D6CE4E038FE984A3E9EA31AC02ADA640968680CBC77E974BEC88453E2A4D7CEB256756D6D4A28D11FFBD3A6E283F8529B3B16DE2C5D00DFCE2DB7EFD63D98FE0463C30028F572E35E1927BA71217B3ED456C9E842EAF84ED468CC222CD079523
J=-$7A19F9EBF23AB15F21316ED9A2B38DF07351135602334023950C9E64262312BCD453504326BB5F8A68FC86E213A5C96DBD00E81569A97CCEAD69174E29E5561842BF72B11A918075BC2E620ED5DCD5AF1F5BA66511B2487B569D368A74A7EF14AC96F71B5CD8FB27B4B38B6EAF378FAA348F5289369DE25D62F3EA0FE70CA12D824968B0CF99E99F745FDA790A2D68FB3CCDB16084B9DC2B69C6D4DFFFC2826DCDCA51318A8670F2F22F0BFA3375A5BB1701CB3B9F6A59F164939179D50D2267A992064FD17296E862A94B39F7887A5589ABB21C2347CD6EEADD922ED725EE4D331D895FB3245FEB7D8BA5E34D4E132C9886AF801B913A57B6EEAB9222046FF2297B425686C3753734F9997B07AC6B7C2AE6B154998D75A784E813883A539354AF1DF67402ACAF121FB0E488DB17387D0D5A95D962F5B73F7786D82F3A74FD3A1F3C54A4B874C88195909DE4336B65C03154D70D75687EFCDC4D9481074EC485E0FA6AB6BA2C1EC65FA5AAD
T=$2

[14]
S=$3293B4A9
W=$2BA04617DA1E406D91A5A3ADCA4906E25F90BAF1B292F892167321C14A4D8BC9274BB62E3802B4821E6890734E5E8CCB4B14FD621B24F2CB474D38B508E10E78A27C661EE98DCAE855940FBB21DE0AFB937A1D66424E97652FEFA26CF1073790B994CF2E651C71909A9744A9A14CA6648D7943B3718FDD800F7232A23FFC45969657350D0602CC7AF92B387E1F12C88791F84A097AC1D6C9C23AB97599E5C3622CBDA87C602EF9546C43C0C0D0A02C8A24E962CF
J=-$198DB662F9BABC9A4D0F567D9A2639F52418D27BCB3381A77DDAEEC13A2572864CAE6F2CB4AAAB8D5AE7D00603FC7F21DEC8FB6B690ECAAB4F503EF0DE15271799B03E888A893C6D7BBC430E1AACEEE5FB045A95CDFA4071D80259F6B83862C13902AB29B808BEE9A6EF81888F7866BB144B4AA44848F881BDF9B1D824DC7BBD827A3D53E3FC89E310F019976A8E5E21B0130707250BBED458BEF787D5C0BF5CDF1BDD4ECD16C59349789E29B53F5C39AE3A3ED46AB053E6CD0F05975987A9CE2357B856280BA8961E828A8A875434CFB8C6D9D09043B4E07D1000DD4DE51508C3EA951E4FD0614E33FDEF9CBADE243A84D023495AEA85A225E496C8D55367B4360911D30AB529262A5289FFB7B1F06423B2FA8C6DBC5A8CB85EBEBDE48E29053160C059D5F4A673EA50D45E0620968F69803C24E1D10BEABA882971C86240032497D1AE0E28D792BA6D27EA119DF6D98E8CA18E517DB07F6D12B7335FCEB7B1CF3A15AACF7C6F6
T=$1

[15]
S=$30AD73E96AC
W=$E30D3178208BEE22AD91D0DF67EFA1D6B0DF3CDAFACDD2A703B50FB10AB04D95FC1298F516B03FA64CD52CBD4B9F15DBDB89718F454BF5AB6702900E5D76A91CE30C7CBDDA921E035E9684AB05CB9F12352DF232F6A920492F6DF02FE65FAB5A53ACAA752C12AA4C2DEF304E61786E1C23EBA60DA9799F8641033C11E816363C6F67E832FB62B4F2B8E9164613BA4D07045A62947A18CF6F992673B6E65CE0F7AAB579CCDA6A695B9F9D9A229AF35C485804
J=$1029F6AE3D0F4346A54028B3CE0B28A828D4C5087DFE0E3F34C3D4161A8C74DCA9095301B7BF655CFC0DD648DAE0C77A8CD939754EAF27F191083E4B347FC7969CD46456D4634F90FBA693F414DD3A912111C85CA88CAA891A742089424FD46759CB84034AA0B34E9E2250D6BABE91AB41EFB8161DC2664AD444F00935B0245788EEDE982E26D8CF91A62516843403B9DC7B698E96058F728EAE46EBCBBAB0EEAC96B7110798A4DA4CF27D3E70724C3330DD04314F5F1A3526418D5697A2D8F744C44F0A378997D1FA6589A16DCF8D81F0197E701133D58859738C972EA97152B5C4496067269FB537F0E4396FB72A49BD9AC2E0543A9C21298DE60E830F37CF9C6C96D37D98C71C77672390B5657503C79933F7D9EF9092A071B79C4A6D3904211849E283F31C322DC5A76E742EC44FFCA311726A84CC2F4CC0C0A4953BB6467473B09E24CD7949F629257D126C10AEBC37B5C7566D92FEA8D5B409C7909BBEAB4D5964
T=0

[16]
S=$95A2
W=$3A7344E45E421266E9B1D7048A2E477EC4AB64CD17152BFB23E784CCC51ACD77F06279224C8EBD8226F861F3E29C2015FAD16182B438A7A9EA4F8B8DDF2F8D214244C366237C6C1E0765248856AA94BC616A803939C537B3921DEF2B8BC0E7DBA17E786BF72CCC7CBDD4C0E072AF962CF962919BFA360F595B822649E2BD4255FD60669649196929603E80E6937B8BE629DFBA18BB4BDA00E4B7F46E9C37E31065AE5DA2F43A38640FE54E3A0019A86
J=-$75D5D5875490BB8646EC1D2B80F0683CAAE4420DF36105CFE994D625B1947916ED334D3565D3AA096DADE343F886CE9C7F8100841858905250112A6F96B078CA42555E7A6A29321D68DF91D729A1EC62CD11988DFD08853518E180E1DB7545CFBE887716658DD29BC3DB06E1D5C1EA62E707570167D3C07E9E418AA73F42AD58502324846E7DEFFCC8A69D4E0ABAD10B768AE14DF6CFDCE85D5A9EC0C85DD6F617105DC2BC62B008FA2A80879AB0B8459E764C7DA67633389D7A53D703C3F03E9DBEE29CEDBA69F98FBF801717CE3951B16F5468AD8EA70CD18BBFB9E80E1B49160B78DEE3E4035C6C02C4C07961ED6572CDE326BC252294575A279F7D8B3594DDA0EBC86EEA6050EB5518F5FFE241B424207CD1D64971311E7966A25055FCD120B3208B2D8710511569EA14577B03713DF781DF99A3B8A230C8B1D21844A762FBCD5576D82B660B1FF7D7745B125FA69034E89CFE1A5BB4EE27FF54AC6A0
T=$4

[17]
S=$BE908CD34
W=$7A03FAF839F9A5A5485B3F6195BCDF85DBC43BF99FAC7C9B24AFDBC1350E0862F36F646427CC097DE554A2D0DE1668883C4CCD52527859D002BFCCF24E49272CC3DFDCB3BA6407B27DA9F6E5563E82B2E8D400CE9DC106D87D536DFD8D8707F2DDD639C5E369DF5A2E0AAF5D4B4DBE28C30D41E34134FA193D724F5C09A3A8102D01BD8F7CEDD0F4D4F230A62C205B032E0FD55A93F6E249338909501CC1526E04B158EA5B01CDAC263ACC8BBE5A4
J=-$5760DA3A85621642C340DE5EDCA80B9F8F3740F8E5F53EC5D309C65D51B2B3D1B750C53347379E3E7C30AF775482CE26A27FE8D98F41B71C0D585DAAFB07EC2CDEC5D99D0F3F59D795F9EAD86239F54907C98CF200917FD77C70A9B0BDF43215BE2FE8E1788CD33CB4B3909FF6C7C0CBC33FC0BC8CB1CACA2A4DDA2CC287824526B9B2952C35128ABF4D43AD817B1DC76B68CF32D73E25B8154D2C0E52E6AB3BF7DD7002A768118A0B449BBEA32096974FBB7B3895DE9910965EE6B249DE5FE4D9BE4BA9CE2724A31DFE24F46C051CB9E534A47840A8540C67FFC79ABDF30698E8041FBEF3953C6EA27F542F79C46D88A38DA7D7F4A418FCC032743624410C39D65044A6C4D79B03716E10FBCB63E124D87686D60A2AD89CFE64814960055CBE7A153A3E69A7920BE595B134C908B09DA9BB1D5CD6764C21FE92FE641DD17B2208EFBD88B0C89BBAAAD807BAADB9030F72255D3FDFF4EAA3A9CC3EB0F
T=$2

[18]
S=$474D7E2
W=-$268AFEF910884FC9F46856CEE69A32B44645BDFA20456FFA4DCD37A24A414F14306648C5153BAEDD63EBB0DA24607ED942DD6B46C493FE9DBFF063B7862A53A1B7FA04EA17F2317599B8B79BC583D714428A08EBCD639E93C992EAE2FE43CAA253A7F3256F3ED8A4EA7815FF899CD7719F4C493C3837F05285BB611E44CB2C08136C6BF8FEEA67F16F537055F35ECEE31B1DEED1995C68274CA59DBA877812668DBF43050D556FEB6929BFB92
J=-$6E2233A4C9A3EA2A3A13F197A0DDE41A6CAB053B0005D4171F418A71FFE969D1A6EEC8F33035F97418397D261087F4D2D9C2B278853847A4F5E798A9B0F18D3F256240F0CE24D8C9D06049E7098A19A88ADD634C9B316C303F982452701D463797840601B162F9A7D56C043BB077B55ECA73BF0C6103346A2F8B3236A62F4AD67862B0288138E655A1FB6D8D97ED87AF8E9020E488D7F08BE292BBAE27BBDBFD4B3898E111B448BEA939BFDB204A78B6D8C3377875008005C0EEA3CBDB3B461D98E848034CA6E4FC144C5646BCAD50125EFC148420E39FBAC193B86205B137C237E028A95219712DF47EE432F7DF52AB7985E08BAF0A45C53B64FD0E3353155373697DD1A3A64BB345834E3E938D44F6748F1BE795621CA273ACD91A23D93547E31EB69309EDCEE469C6116A43F76EF5325913DAF6A8B187EDF1B49D86BE2B42B7F53304299639C9E596AD9AFDF2F517998078935E2395DE
T=0

[19]
S=$6B5F7166164
W=-$13CB54CF3336DF75F177421D412A101D758FA8E71B3AED03D293C181C48FB9CC6F1C8C8D2F22D4669AA7421FBEE1E3B29B626520E8806B5F799A830318199CCE7F51970E9B9AE4AD93586F2559EA0DB3189B8E238CC1BAD9F588820D5C30E6995DDDAC3D5CCAA0A583E869D9FAE2EE6E4406C419C16E9AA431971D56F911F5821D42F4FA61AF2545D1B6D9988C6956ADF2F3DD0069A7C258A2EE7344962621385BC8B110F2181BDA4568EC
J=-$133EA41106AFAE8CA7040CBD464D0A6AE9A42A6ED4F3E957BE79F01BD6A88A94E7704D48ADB55E617BF83F34DBF5A34E491323EDB636283ACDF8315C2E9156E0EB438E4C0D9EDA40811F5FBC85636575876AA63AB195785731BFC1F3E59E7959102A6BBA88D41402156C8B03D604C6692A67A1218DD7D64758C2F88BF8284F0C3FEB5D9A3F0C7B3612AAADE1A79F40132EB8B13D6F697346FAFA891333BD6E93138C29DEEFB6FA76CE360878C552674C7770CA81F34B4EF702088846E7B0CCA28C7EF87EAB1499DEAD960BBB2E63CC9D95805C761746B71795FA171768D887E5A7D59B897DAB6420D29153410399EC09175BD3C76EBEB640BF5B1EB53DB90953D98B14056D195EFFA72ED9F86C6C965BBAC2840F232CE2E1445DF5B90F3E8616A33C3C6FEBFE14D4DF1178A7CB6B8F6CB25A4F6AB14827D413FC405628D885C83051A8BC370AE22C8CE5FAA087D63A2EDC3158F10B
T=$2

[20]
S=$15595C
W=$37AEDEDC0DC3D2E3E00EC043DFCBA2F228709B27421645028F6DDF5F6109E4450822F7F9EECBF3E1278919E72C745D5B4601F1E01F355AF8E4775239474F65C1CB578141D71D42D65944328AFCEA70017D720BCC06A28DB77EBE9AFC07C3F2FF40F5A857A4FE22C908B781AF032C183677180C2278C6A82B39BD2B7D0AB39A2F8FCCF7DEADAA79A9F9ABF39C4E09A90F01B85D449AF0D41F653A11466138FE5193F478FF9985B8AC
J=-$8D68C0833C3397679B23550BCF95DD02CEC9D300EF8986CCB9DF1D630E13737DDD7269E211DB266A2E7410996B82B12AA009BD57A0935BB754D21629442F466AFED4A877BFC2EBC42D90DC2DFA4869A144D8E8266601BC41CA81EF99F08F2194E8A92953EBCF38474BFD9BAA7A17B95EFFEB6EDF72F857088E8F8271CB92AA021FE355649B982FDB17509FB4F0B8958E07DC32459BF0FFB9245B2CFB54977A7C818C889E8F36F2CAD6C35F7E46DDF3579217DD852C89518D802B0500E3EBC9E4B1051C00F93149E2C6E2076A565FDE8FEC7E54571F1F83394B0F50573BF573CCD5BE92E5BB9098912CA3A5B2F84ADF996F639BD9B455A653F28786135F8D2BE9C7CEBD28AB0CB3050B0DEA53F2B3686564395A13F17CAD36085F6A802378E966EBB266C54D770FFFAA27FF26A9E39D5ACB4268D6259E36DDC9A755D16DA7356179A1C076F06217BCCC64C878187E38A
T=$2

[21]
S=$224587
W=$4FEEAB717F0C53DE3CBC37F4CED5AC718C324AC3B43809544BC319030EE4C1093D9A05E476E615F7753F72EDC345B10E858B4EEC0834BC36C0370BE6C7AF726F9E6815F84673ADF6B899222D2139A227C2A26182DE426CA6F0306360FAAFBFF2044451311A7AED61535BC570DB4C6582FE1BFB307C47BFBAE2980E311631D1D57DF02554F1D5D5B8BE794F58A205A69C031CE76154AAC948DBBCF66C5CA2E53BD6A8402757B53
A=-$D70
B=$12F5A
T=0

[22]
S=$5121991
W=$54263D715F6D8E21483E8FBE11A1B287D1A78865991D6DEC424B96A078C9B9B40B0C00E70FD86C7A676EB0783844B59DED1E9896595D9B290FFCFBC384BE39CCEE5BC52C836FB677CC743F99A4253103ED1D0A8529801F00FA1693984DE2DF7B5482679CD4391E0055243AB5CF9DAA0550D04570F9799A2FAC92C7158815294E431585046EDC2087CE1259B0209350F9DBB9330F2EE14EC5F251AD7CEEC10307F94AD72BF93
J=-$19CFCD3129F86137309FCD2AC460430B79C0665D9C917A25486371B1E58430A35B256AC43B82AB86D2EEC62C175EC22296F58B359EC22F78211E1E0B41627CB2DB55D7F077E15E96A344963CAFB79FAD9C014814E459B297BB8B97DCB539F0E6A08149A551D4A2CAF29E2FDBF212DC663A9E25B74F518C750F3048476ED1EF3AB698290D1F12EE6987C0DD73B0E63D32D66ADE15E91D40D66FE4A2F148734080AFB7C685BAA4880C3B16AAD712BEC79EABF5515D4C8CF931C4687FB9B07B54C4C9E5F1E3B4FB72F6691EFA7F734543BC54C9579BD59CC1B58E6D59B87669B20CD5C53E66AAC5638D6A7C8A43E589FC742BD57DAFEB1DBC4D78E82FC7EA11B22FD61C99A976801BB4FE833439B8149B67CE61012D0189E38568BD4AF61533DAE4647E982BD072092F7AB34D2D95ED734779AF34EA8E7D2BC8C961AB2C2812BB6E80EA832979D2B4C780357
T=0

[23]
S=$2C0A986CA8985
W=$8AC230C97E0666F67BBF908561B783105B80873EC4C015C5B42340D5082E40BB805E152ABF2C76D3C58EFFD290768F17981E22E007EDE31D2D2B2AFE71915F441033D3DCBDC02AAE05C93EB5B5DE3086E35BE9C9F166007A317A2D9796BBE0F9EF1F4ABBCFCCB0B23E47EA35AEAA48F6B25FAEBC4D40B4171C7D00CC05A0B4022786FE3E858498EB74F85907469E45B7FBE2DB84F36FEAA9088B903FA7094BE927796BD
J=$66FD5E9554FAD32084FE71A7C493891D7AF1BEF40F93263F7D7E55683042056129D21FF39631440C846CB30DBCF3EA2AD4ED7F55CDF348EB29BF097637508AE8674ED10F7E62D20DFF7F3F9DEA931AFFEE4B37EDBD8BB3DF2C6A9E4B32BB95B49529E6CFE73C009D027A0A8B6808FBDB8590CC3042DBB417361C8260236DDCCD748A8AEBF0E7C3867522F7CD257D1DDDE2DE61F605C5B25868E191E417347E1094F11E38A4CDFC53BFD97E4244BB283B7C94D882FF4A72AC9D279DC1EE908090FBB55E7E9A37EECFFE70721CF9FE7860E797400963E84A0CCDF2CBCB8166D673F738AE4DAB9CC4668E5E233FE5BB1BD021B2A94988054BD0843D96818C3AC98E7C748994F37C563E5FEC1C7D50399F234E9B31DA72DB277CC15432D46A89755238C33DDD92718AC32BA815178BDC6DE61AA4432B0D4E6395F8A47CF7BBE45FDCA3180729BFA10B
T=$1

[24]
S=$300DA3
W=-$F4A7FFFF264F7D7E7608E9EFB4AF5E00947ECE573B9FC1127AA18EB5E9568B2767F590913D967141469CAF16B7A4FCE39C95B71B8CE637711AA49C1BCFC5AC7987C8ACD1AEC7A138BD630C49BD28A0934CF8738BBD2683E9FE1E11E9F2FFBEAD201B88413537633EC9430776CFE1A1D06FF1729D5693EB3DD084D590A5BAEC48685FB41E203FAEF9FC336A76531872C1021151BBD5835AE53399E19E9CAB66B7F
J=$76B6C3F031B5559CB0792E68E3DDA2D6223E5A84C09654F90C44A5D1C8F85C0505A5B275667802BBC3073E65833882D2669B6E4D88EFBC66CB299276B704587798889FADC4CE79173B3CBCF655A123C2CC6124DAE50A40F6AFBA0217847AD28D125FCD16A2EB2B5F5AE3C29FABCD22B2F5EF1A71B003EB587C5085F74301372C34B4772CBBC03E5314795FA179D154B94A87E1D71846ECCCE8897FE06D0740F081D8634763FA589490A54ECA48846BCAFABBA9A65803828253D254CD6A20992A7AA2A25D3E7D3BE91FE699A84FC4DF6D7EBF64BA8884A43C5C6C1CBB741DB9C74D21798BE3B4C6107F291366D60968AFDC5462CCC6A0AC948A528ED7FFA749E351A4CD20AD44A57C0748D9001B908DE3B6B8636336B549D57FC67DA898C12E2035E8A59377038142582E79BD6507D297848174FB2490ADF11FA46CF20A52CA4C3
T=0

[25]
S=$8FC1A27
W=$31EEA1DDDE2287D671B4D960444B6422F6CA3B0ABBF413012CA60D0B754C029D3739B2B13378522378243EC2751284E93E119FB7E00CE57B498173581B5C7115F6CF42A205AF6EB487FA004D00EAC08D8E25FAC1BCF04BBE80ABF96E2FCE1F90FC42CC7FD7CE211436F4E4E905BAF99CB5E996613DDE31E2625EEB5E4CE2B4B6C55C418E639D17EB83020EF22856CEBE0FBFE491535BABB8B76F448ABFD3E3B
J=-$139F988BADD781614EDCCF5D5C33490542B33C60972BDD89D107B33280E542C4A08B60BDC9E300245306D26327E89415869945E88C1628CC02AB373A3EA74AC55AECB078C24B0253174F79AEF9514BCB89F2CE6F9208A432C8EE56333D608C282F84296A97E255FB60A1816BCFD46A1A9B9D872940A4CB499F2F5DA135043B983D789DE3D544C68207597AA0682878BE910D567FF8E9F72600610CB8322D3887EE3B94EB6E2693490F21AA7364C1366BBAF4F081A53995478735AA9DBE5FD218F07A25A79382D052357096B436B5C2E26F3EFE0BB493CEB5CAF8E95DAE5FA30FD7FCBB7A77EE796C8D0E306CB5676DCEF882F52D6EDF073018212BA07BBE890D53BED8353104D0A2F9CCA2961D7EF654EFAE4CE1359372F52632968C95B13756490DF799BA59477C24D7F3E05D2DAC9926F9AC5B0912E29FA057244ECF43D
T=0

[26]
S=$16C06E8
W=-$E902234824C7634C7C7DB834FB95B0534A03986F6DE91A8ABC11C2617CB042CA5957ABFB815B1EBC636452A86AFDB3F1DB4D5EA3E8DB2D96AB1701C3A7440111688C67FB5DEBD1803050F7C6E576FCF096CEA95F157DF2F368D961CC9E0458FBC121B469BE31FC9942A19504B6470C4BE698B26A3A4DDD6671E5F2EB14999A2C0F66536BC56B500DA2E004E039BC5FE7FFB2B035E7FEB14F73224C16CE8
J=$AA803573806DD4EE6253F2446C812F75756CB982464967AEBE8BAB95341433373DCA2012E1A2F7FC7D8295CC450F2EB0117ACAE7468AE7045F34F3092B62931D0B3B5EF2F5E3EF1E20E9EDA3CCD73A39AA0F94BE90F8A990945DFDEECBCA3E7083FC57684E1BF55C7E8D55DC447783E5C21562246FE3FDAC6E514693B37F29F08038E9B228242632B404D94753965B370DC66E00129174190E3BEA43999BB35BD408DBF8FAA7731CD0E5D35FB5DC2F40C728E2EA55E0067CAA8F2A6ECFB006F3B1C42526452AEFE35AB31C645F8CC3BFA0C02AE16B0B7051CFD4F2E1B5A4310AD511F662FE71FF23CEFF6772903EA7D3EF0DE3FA25679484ABE2CB6A2683E4354F1A2FC23AFBC426DA87F84084910F8DA5A02BF62B3E9B26506FB03A574ED1A124B4FEAE4370D08A0F719E27ACFFF4E30A72EA680301877594819
T=$1

[27]
S=$6685FF2E
W=-$8483F302910B6400CF61562C8993AB1591A1FA75178267B979E7FF92A6489B21EBFB65FDD5BEA2B87E874AB9DB41BEF402C159E83522C5EABDFAE215F58998ED30FD50948C7DA85E48CBCB4D30F2B1F88D1CA63C6A003EF32BF22D7D861A5B1B4A8AE1CC75FA0D8C2544A29A5E89F90ADC09CC521F6EE1B7C899844A4BC67164AF58D2AD1A69F45F5691BBDC5CD68476710EBEAD3AF33C5CF1B4CCC
J=$1B3646C6ECA84AA9CD36B45EFCA17A0DD68AB32B6320F6E7BCAF0CBB0B1DD86E78578719EDE7E3FFBBBAC9A253ED580EBA9653E6A1E557238760590305BB3AB8C1870B04D51DEB1E677210BD0E4DA707050D7EACC93A7667C5395918835645227C3C837AEDEB324739BC628B15424C73CDB3919C6EDC92305541E0BE427F30B8F9393EAB3E8F064F65E4344A242FCB308DF28BD227F5611BF2AF6BD62BFF5BF9E2DA2CBFF5C262C42B568D2E23D788DFFCA352A3E4060FB6D036EFE22A4E7196987C8AAA7FD75B0F3FBC593A062041E73C56B1ACCB00265490714B865F91948A5DA27ACD6C1385F2FEDF8B55C7EAA8E46670537F3922B545F3C0A4EE09CD3107B257C228EBEF039EE29A70C6D247A8E79815A931F91EBE040BBF75E0BF4CB917A1934B82EADE8E89E8C10A31EA3CDF453B3C0BB3B2F57186
T=0

[28]
S=$4
W=$11A3FF95680EBFEA2B480C9956F965755A4B36C76B7E85931F01B3D456AA17AA76E37E1021E9143A0B8565927E403E72EEACCE80C92ED7D93973EA8BF4772E0E2506A706B20B599070BCCEA2F8C330DDDF3921A3F35D88C7489121E4B2C1502C868FA3F49C3BBB2FCDC7EBFE44BC72FC7AAB0F79970827B7604C1BCF33D724D8F887B4F1B19A4DE0096118CAF3F9907CE2EC270855E658BD400FC
J=-$AD650ED1725BB3BFEA06BEC5972EC2F6B97D890A88125CA4641D5D008C34A98961A6D1311BCDBC5A129445947B529679CF6D12699A67DF6E8D45FF29384A5A598FEA5316EB7E694CFAC566D736C34B153FA088E92BE45661D2184764C98A40232AB9480CFF33F5E23FA7C482848E1B91DF759C995304720930DB744A81065DE9B6C929160844AD2BB46D18C2317C57A3C2B81797BF3DA60E0D4936FF36924ECD65D8003ECFBFB2D9CBC3FA8C4E5946622FEF9319EDBAFDC45ECDE7057E42BDF0AFDAE51BBA63E2E582E256667F0E025EE572CB15ED26657536B13E0F54ECAA8504DAD8A910C90B550B83E282651E2B5D90B2E2D5D21E4C37F9419FDA492CAC4F71EC0E5E38341F77DA10244E54828B283E8AEC8943141768B8C12D62EBED9438EEA80DA7B867D15EE5A028D5B29591D54059155
T=0

[29]
S=$115EDEAF
W=$42A4F2F03FE4808E1058B4AD0F01BB151F71C0D37453627ED2531AA8AD450D3058544401FD097E1EDA8CAFBFDA165AAB51F7455DEE2DC58C7BFCDAF9890A19546227E3CBFB041E6FF26BE39E8CA1AEB75A5EB196DCF5CD4FADFB4B8AA6EC1C8C9907B67FEC3BCAF2A88D740ECF0F89978C0EAEA7B10A8C3A049CFAB48A2F26084312086C5E9C42578A69036B3C551FF14A98B08673E4EF8C560B
J=-$10D3A50A976A56B1A3CF76E4D8C2CAFA784AE05C18FEFC8D6B3066BC382B7C35693C3E68DE08DD0504D88EF9F6C333C6E8E07DCFE72369A7D963F2E8EF8BFBCA7A5E3A08598A4DB0DBE162F34F0D2C178700BF739299A15FDACC8A33BD9EB4935C06CB456A5C197602B71678AA6DE8EFE55804F51AADB6107ED431AA6870169E1E5F71B7646154FCB752B6C5E16C1B15A4542318FD3EAD8D614642402AB075E4B575CCCE28687FAE438D734325C405195B6E7EA6094F62678E2F4E215693022429D240C10DC2D6A0BCA342991EB04F0A00D16474738228A0D25A9BA565D7DC8D9FE5D9C194A94CC0060299E0255B8A047A56DAE7CCA32BD2791ACA8C20620A75DAD7FC0113129D0C6C3CEB2A7CBD40BC360EC8C48E15525EDC187E78083FEF049107CC9FF1543D5937DA724EBDB7DAB068888BD5
T=0

[30]
S=$2591
W=$E063C2910DD6660E300EF7EC44C3C2F0C76D99F05A4521FE300A3C08A25C64EEF77C974BCA2546A98F76149B9B94E4D383A43BD6E4818994C0293B74D8CD74ECF6AFE8355F2AD689B864DC33F3A27116B58274F13E89EAC252EB4A6A69CEA4D3AD9DD4EAFB2C5AA19D864EED9725D87D877B9813FF6DB67D6FBA308977CAF7B184B1E2445A27B4BF513A86AACBB05851E1550FEE193C5EF5
A=-$7328
B=$1DBA42
T=$1

[31]
S=$4D39862
W=$3FC1C39FEDB864F0729BB716CDCC492507D560BF2AC79D60496AB7C3A6F9A4BE484DD4BE41AA27B9434ABB5083F18CB5A83D817BA801AC9D5D6394535B07CB4540B813EA87EEAF9FFF0B4E13A5D2F9AA8A14E3FC33E09CF7384A70B2F45F64B567677BFBE13E596FB6EEE7731E983E3DB7A1F2F9853867CBF98B0BA3F7DE75E15A424F9413F0B570EBB8D97F9289758AF1EF27BDE2E582A
J=-$2F7682214ACDF90ADFC966D75744E04209C292275314DA127E14D8E6CC9E3CB179D731CBC5EE321B7E938C18775F7ED57319D265F8C165DBCA8A18A16DB6E7DF295FD7E1E774185F10056E49E044E5EA1BC88001CC835D5747384687BE5E4BADFA42A38D34C2D9E9EA24BAB2A3F67B6E624FE761006DAFD78B5183AF136EBB537164FEFB7E96CD93FF53D62A2FE09242C1DAEFB0D1C611E26C1B436B72B5B649254141B0D504710EB7791A75B8E2E285294825C19411367366F130B4278695D4B1A2358C6295D21752E29A5F563E67BE59AC090470E728B8F25088F95820B77F0D168919D3A40F25D181C291A04665CD5DE71F8DA4A2E4F810EF80A5D1C17B565A55511C7E401233630057DA26173C0D29ACBA6BDC0373864428D160413F629881B6EE2FEFB225E6F0B746A1CEAB6
T=0

[32]
S=$7B73B81445C2
W=$26C5374D50893622CE5F4088874D51FE5A76419AD902DCD5E7138751CD8E91C90D3C94F05728D43AED6ACE108C1BE27692028214D6DF718CCF6BE3E0E0B54D560E802715F59B06F7B28F1733919AF2CE2D735C289980122AC9F7E3A410A9ACD633F9D42166043D15531221A77990067B68C35DCA4AED98EA96E474517A8CD2CA94031FEC90D237CE722663700AC8204BD77DDB78240A
J=$2FA0CE35AF47C4577AC1921688F54E4D5EF0999D59893A2EA704B0A71FC84991E324337DAEAC40CBD5C9812DE063F885E36A0A9E68D8D400852C24E5AA8DD4BDD53D1DBBF632968AB4939909FC90019424F4A5373BCDF11A6677DAD2D97801F02AA9ED733D5702AB7A30D6C18DB62B45772BF463991071269A46276B3677CCCE36082513AC5446AE4781CD2AE1C56BA8B5671251BFA5F0FBF90320D468B36F8D78D87306DDB98FEC1DDC65C8AAAE6062409377F53A2C71F599190DA01B0691BC811A4B2B704F07D21B6280F8BC9D45E0CBC44A8CF9062E0C3EA56A16FBBE7A184E3D87B0DFD6DCA57C4C8FF63E426782EE62EBA0ECA6D15CAFB57B22AC3416E4FF781CA17CACCB5BF44509516F9FD4B24451F58355325402445B4F7BAD1286E127241E904CDEEC4B4B6E99
T=$2

[33]
S=$703A44
W=-$3614DAB25F4310067DED999C604B07716833B97F1E1210F5003FD2C61E721D3F4CA21DF303E09A1F044C2FAECB856025363AD7F827AD600AF99F0105D9D1994FAB27711829D66BE4EA25C018A6785D90FF90EB071A180619000A5D55BCEF85331149524F6862C0C12F6283068818CB83D14BE451A7A4154E2317FC227386871AD6748F9688552CD9EDB959CF470252D55D41AA
J=-$2D8D85E0EEB0361270591692C46EE77E58B33C46B48D122EDD3F3753502F94B1FDE86743EE41F92A7CEA259F4B114983B1CB25E7C8BD30A3E069C2741AA6ED30E4E3FE4539F6E924C9DB65B9668232BE0E49CB3E867D76365A088E56F1FAAA01E93F65925DF9105E9B28CF96FC1411417F3F79FA0C803960AF57F648058DAD8444AAD28BC3152EB654DD768315A5B16FC08916E13C95E9269AE0B072F2F170FBE1B7F45F6EBD6D5FA4EB36883E2C7E267692D306832701DF0E08A2168F5396CE3C84ACD2B37CBCE7B737479781B45DAA4CC8F63617D963D7D1D910247028A9143857628025FA3A438F7D6B4CD0EB4949821D06CD6B732D86FD8B37C509FAC137B8914E18338CDCF920155301DEF7D6342087A24171C6EEBD098CCBB6D0B71FD913233B44642
T=0

[34]
S=$292530
W=-$E5E4F6E5A84564CE6B6F060F87FFFBF35CF79786FF1D370A62104E1D8C164831FEDF3DC8BB10DE32BE016D3C46ABEAC03F1C269676D8341562A41F0B7263D9DF38EF6DE6A549EFAEA02AA12359CD120885945B004BC7709A01E0235458A6ADC102712B63626BE63BC3C419A3FED4726EB16DC9D17C94D5E2A01B8607087A4E91215AB8C5BA9A5E00104571EE3934A9E7A6
J=$17B83F0624E7FFA7AF0C47CE23083805AAA018063356558F4BFBCC6E0820C9171DE39F7C00E926293EC4349EA2EC8349C9E5EEA03820BC1B9DEA23A2CD0F6952F174815436D0BF8E7924FE569C25DCFDE36DBC5C1DF000398763C5704F7E726CB852521CCAABDDBC1D3F70EE78A9B0C8324BF90644D15802C79C6FEB61A86A460FD4B88C3D67F5E2BF4D7A50A25A0A69DA5FD6E3C15ED4F3294588195494F02F945C06EE492C79E3369048DB23E18C3643E9CF45CC71059888A4B31FDD5D71B3C7F74D05EE9F79FD8AB4439546E5345B225CD433C52F6A4F3F4B0766CE7855D0D21BBC8A146744A451192F85C14548202F27A124FE5CD086C4F47D7FEC64E902597B558B80395AE7D57434CEE61AE718C59A21468561A4D162AD5EE4CCFF38FE38BB4
T=$3

[35]
S=$244F2A810B
W=$7F0564638326F606BC6F60143733276F24AFF492650CCC24DBF15F34FC604ABEF0429E27C76AC43F1687FBFD4DEFFF1FB790EA92CB64CAA748BCAE838FCEF285708CDCF13C3447270D15A3F7E4D79DF4D8AD8F18E2673B4AF3E3591C6852339E97FA5DC37082438A53B75BC7FE7D447088BA38E5FF2C494E747EDBCE251F9C12CDB980B5E633BE2408780B2B9DEE27AF
J=-$B3A7340055FA5AF23FB035C6973EBEFB8910A2E0DF2CD709047FEA4D16387A5C94F06635954ED59386D617D2035A90201C1F99189CCF6BBB19C9EABE3671D69FF7DA10DC3BBB762A8FFEB3246A41A16E89079F4BD1BA001F9C6E1CF9B67895DC1B0658E34DFBBAFB6163A545AE13A6F3EC26A8F935A7948A975F7DE44C0BBD330D33AD14D2633741D39090C0407AFA1C304E61C411B2F0D373BE893ED6A19B6AAFE67B53AACEDBF2283A09E5530200F05DFC3BB7FA38DBDC6ADADFD5B409FA0B18008EAA772922ACCCAD4206089D7FC1028AA6E606FEDB88A99D26D23FCFDD77374CB7370F0DC6FA1261DA0A9EF921D3EB845EAD6C85353B09F23531324D2115880DE31F4223F87C3DFCC4E31EEC7623F33FBEBA4043ADD0ACBD0F802BC2545
T=$3

[36]
S=$6146BDA8
W=-$2A31C99B985C61AF022779EF95DFB19378C8B2BE9AD071F6DC0C8FEE5927C43B0BEB34375DA5E0D80D1EA68DCA0576F6DDD2AB1B0238B09189C21E045041552D52797F06FE10DBC29FC4EBED4B16214CFE047C1A1732B517E59FEF479A2B05C15A1D865AAD187FF0D3AD547970CB20C44A15FC3A3AA1DC43FDD6EA409372DFBBDC592DB1756C0F84E6275DB94BF8
J=$FCE023E9BD5D418E406BF6E9A4B546E6A67CCEAC89205E15A92A3F0DD948CFCB3910F6B9A313078AEEE624E8178B957F6E92D386AB510FC782AF45240D06F21FFC9E2A25A47BB8D7A28FEE5704F5EE6A91B4C7605CDA92D681A8550E50B486CE7EF5E1A909420EB8B88C497BE8BCB2408D1F81114DDACD38E4B6B70667F428A1D9C313B34D07F525D7981E4D853509FB3A31AAB54DFF415166DACA0E517F90F49F7C41981F9757CAD1CEF7A99DEA7DEB74782738477C6E5DD6CC5336CF0CC60FD26862F1BA953A540E5AD008A2E5C5084B12BC3B1BD27C72DB59B04F048353EA79E6A4FCDAE53EA0D979C9FAA9D782D1A7BF361FA7ED01139EE22223BFEE78BD1B40E4270A73787ECB0863A3E563386B32C92AC4714AA9B975436C
T=$3

[37]
S=$2BF9D0B512CE4
W=-$12659E2A98ED514857C28DF03D0B9937593FB1340A86411437D58545CC473D05867DE8EB36729E4A1F456C6B6EB20F8DDF9BCB4B588CEBE4734C0EAA4020F2C2FB6119ACBF26375031299CA8B9427A35C98F6AD4CDC3E894041064A8252BEEED59A06949626B15C7621BF7F050F7953D6D3FBAE5D2310BEA397AABC2280297E34A2D51A02483476BCE6FF2FC
J=$16FF051F99EF5087829974B164404CDEB6C00336DFEFE4661BC4162BC8D25BCBC7B7482EF8CE2B88EE9382E91805EC82119DE407D0C26EAED81E449C4456538ACE18F3A462FE4F6608AA4446F97B8A4DD656B304F311655259BC26DCDDB47AD7E85E29E4DB13C08D52EFEB8DBEF809535BD3F6B06EE3CCFAA5C5A6E8A768519F865651A81E66671BFF68E5D39D286FD6E210A52913E320BEF04AFEAC6C99EE103D82D0771C6CADE9CAD59EA9F8E4B23FE28446C7CC5A2FAC3A967E9CC79DCB6A54961D0B47FEF3968CECA30FBF938F6E3FA670EE3611D86FB15CCC1A9B7AFA451B8BEAD67945F6F752EF10E9B2E9F7FA871CF1FA4C13EDA4DFA4EFE5C717D05227B688900046320894618E6CB34C3BDBFC11BC81952B67D
T=0

[38]
S=$1DD518A1E4
W=-$114AB06D5D40288D9F83F0A1A036F262092BB8BA1CBC4101412E1C1619E52E28AA0ADFC5B2D2C2F04C49AEC2845CE0BD587D92994E846B19105AF34F09B178766A6FD087FA48633DAF3DEC0EFDDDD5FD319F2A27C6B1A959F4E5721FDD348FA9027B8FB3773E67C8E421AF1B10D3B27707DF964992BDC6B1A542C5B09DD5CA3492162F4753E2B87C10
J=-$E0166C99F7D2CF7BE99FED0579A1E6149B0065DBE65EAED3FC631A338BD779D31C6266739CCF3CFC0B63A6A1F411C1E783FB81CF330B548CE3C3B79BE82ACFD9BCF588BFB6C087BDC750D47F683F34ADDED8E82A2AE4121BF83CA859F6F087D1B3523527027282C063699A18FFC6A45259E1E8A3EAD39F2F9F7EA34C2B52F274F235DD3FDC89E120B63BD83E0FE7CE671624D4D977AE9E751E2C294A9F5A636F0E6BF42607818634E7345EFB1DCEA4A0D5A49582D32FE3EE2852D6E71A95878D6D00B705F95D566E31EE63C69F2AEFAB522DE327E0C31F1410D62C3A64423FE2C4CE83C25F321E9AC733C678480A469CA70E9F1A977E949A73DBEBFA67D3DEE3CAC5C7EEAD903FEA534AFDF5D313F97881
T=0

[39]
S=$31FF117D4
W=-$43FD2CA333463A2550C26029F0409BDB0F1BE15E1EF8F7E58198504854F2BB5A7C389399E44ADAA7B5A411DDD3090F1C757106B842AC714763F8BABEAA28589425C3C7A823BEAC27EE9EE0416B98460F3D1470C08F661942A0F3D73EF41C108DE4D51E1835833374FDBCF1B550A2B2F179336CC035176E2C05D0E8986F0EAD139D76AEE81F990
J=-$2362EB3E0BE725E2075B6E719DF55674057858397371B56AB8AC8FD587D974D230948DDC3B2700269825BD5F9BEEC7314134CAA97D6104F016D72C6C209E265502B5ED34470FFD7EB5BB6B517EB62AED90D8431FCE1454D202332BF35D90E610E3872C8E53A8FA0BD9830AE0ED5F9617C0D791AB46DCB9E3CB531616F666106E489E980B6ADEDDFBCC91914A2E8FCB8FCBB9B57CADBBF9E13CE3E2B613B3668B03FC3DD7859594F8EE4828714D9148C5923B395800BAACB9B076E753B96FD1987E8F4895AEE138820F16550466344D410590553A6FDA3EB09FC5FFEBB03F77E9A6C7442BB03081F6C5530C7A25B42F64938F4E2FA02FCF4A82D957C3EEA00D9BD892044A8C1B1D790ECCF99B1
T=$4

[40]
S=$D9E7A1
W=-$1E8020D520D57D0ACB946D742B61BE92BD181D308083920C3740369441A36A9622DF44BD951726139796207875B6A59A0E8EB78FEC1E5AC2AF39BC8608AED81EF08E6D8CAD7B74B9F4D6634EF833E2815FA0D9D793C3B8DEF6814A90F4666064D092D7D2D48F12940E819B4683E967332913CA8374E94FAA9B9E384847DEE387C346CCAF3
A=0
B=$3
T=$1

[41]
S=$66057DA6
W=-$3D3121EBCDFFBDFAD64FB7E38AAA452861E084B207D0B62AB46171E097E26B35CEDB46372E257EAB8F9006A3AEF51F25CA94B309F081BA6A34061CAC992E4B2D2E8F97C66FA0B94C835AA6B9B8DED4F8F533073D21E770E4D689882AACC597C899B0232FB40C6D6A4192EB0B1BD45BB0BE75B15AFB05AB3336A17C1DA006EC2AEF544C
J=-$127C3E395629C319184B5F807FBD6C45270652B4FEE9A3E0AA150D150CB815EDAE7CC46619CD7B2CC7C9C43CE1F04B45321C1AD73E6429526F021B060E06B848037DA422249583E8B1F05E751273D0814362B5308780CEBA1F596534F9CBC8B9C6029E9E317A40AD515C1CC2200900B3B2A9142FA835EAB32393C8B96879F664FA1E6ADEDFA7AFE92D8385AABB8D9E60DCE466631507539651E89EFE55F0CBCB4D8AC5424111F73BC56973D4B50A344A96B08472A45AF3C00A0F3ADE9391E01430003F4022F025D335A42F61B46D17B4E2F2FC8CBC7B6A9787082A679EFF0321CA1E7D7653D9D6FAC561B4F8CF81F8524B931B478FBBC932280D76E66DAF53855C66F3113E5
T=$1

[42]
S=$17DD46D841
W=-$35920E5436775131C5321C919D2A95172C720B16DF52057C2C80D3D6C9B79F8AB80F710E13AF47FEE83D6BBD4654B87B427F6DD989EE61A51BEF36054F12C4D5C34FA3C5FB00BE7DA4FFBB66D4991C8DE50C0E74A9CE60D5FD2CB58FAAD2B7C86D9C02F82E5DE4B68DA6E566E5192E024E88C18900A066E9BB61BEF04B885A6395
J=-$5A9F784F806155E10640C1DAA108EC71987E52268D13BCADFD5AE97AF4486C35B3FD17843C218864B2BC3E291B9DD7B6328E6B15D9418F8361194DC0E10617DDDE96495259AEDADFD01DE98FBFFD7FCF4E8F32F6B38C74E3EA5DAF9DE4EFC64498F1E72C8AB62FE6586452486289EB6C21E81963565A3C424A77BE2555A2C1EFB4CFF85E3FB06F8FCCFCCA5F44F21BB36D316426A8F10F13496566238F0C96248C7F12E0BE19FD527EC02B008F050E2C3C916458356A268DDFC6B5F99E1CD61279571BF11FC209CDC03E4C2A740F99E1B5AA8262B87C25E6D9B8A502E4781E041A1989006C038294EB691A24251C87CA79FF1CECFC63AD2A3431CD1C10E20975E21
T=0

[43]
S=$19B68C
W=-$38C05A9287150789002BA0D8BB061E7EFF81732270323813F5AA924F3D94213CA732BEE503FB56C0798DDE6EF73B7094C5B5D59AA0F83F2F330C1451EB60530FADF180509A63F5230BCBE2945192E63B0E8CB12EF926CCD74D98EECAFA981DC7BA04787AF760DDCE505F103E2EF36F80400C406DE5B8B57F3FD698D9165FA
J=-$4C8A0F91C765A5556C26EF60890312BFB8F0F7CAA2CC5308EE781E829A2A231B442F08DE587B6E65D441FF2558B5824C8A44220C8BAD8C6E1E42CED51A2FE91814DD0264DA5F404DD3D8B6290BD6A01CD37C6162CA41B58E2B9B1C96FFBFA7CDABA2F77B82CF73838CB6B74BA61EFDB4E0A4453EC14044BD7D8A66F92EB9F3F68E6729CA62AD2BA785DAA0CDB015B2891815AF17721035642C354498114E0EE4D2F96F9F488DCA0342E15CCA5180F27AF9EE89F8A5D93167D899140DDE45CA2561C427E309C67FCBCEA931D6C39B53D951FF1E2A04374058443A7656DD7BC74729DD799FC8ED9D81FEFC0696B94BF15936696D721ACEEE456A1A228267
T=0

[44]
S=$4975664A
W=$3707079F5FE819E09AA5ACF2AC4D8CBA793E6619BBFAA6E994A55F90AA8FFA156EEC8A257481FA141B1B35E6334B34BF7922D655992B1561B994EDBD151D0B3C34991BC98ABEE02E743C9A2E9D80C02C2271CD1DED1A959094C6D3385CA66656B75EC9AFE2139D07F88E1B0C8702957E2E22E4651A840C69899752EF3D2
J=-$3246915C19E6BD3E24A89E7209F13C85CEE3107B2484D39F16ACE6D2B98A4C8D93A668D60EFAD8F4C1558451D2CFF56BD07682A8AF7D845838AE12CE276D94F9D98157672F5E5A2A793D97B05F6060D8ABB8C66876E8B65D7627A3645A37B5843DDD6BFB6375A2ED3030CC43745A85928E836946058F34A5729176432605941DFF4FB74D6CB2D8A13EC2E04BC783C11949A2CF5BD1A62AC99E4C46920FCFC45CFBD39C6E0C0F74E18E8AF5A04B4B75D211483AC0F3134239A74C8B9A1A5BE558CCE6DBA916F0B472BB0F42D60BB64F43C6116005190453CB8FC7B03A81C2777A036794FC7A5538B94BBD14C6B0B7C19146F220DE5F55B8972146A
T=0

[45]
S=$489918E0
W=$690A22FFF8CC819A2D004F11A6DA875CCA9AA4E9E61E68FB52BB27ADCA24F8691EF8D5BAD59F68C0511E7735C7589EB5673C519DE98217D846C89508691E010613A9FC0402C3CA2D551E5315FF330110B22BE44CFD7A9FC499B65F951360A726083AD10CF50E18595DAE7615A2777987D27404A21FFA9A3C54F475A
J=$5B2C263349B50B73768C90F060E988757486E6BD693C3EAC86114EEAF18DC197E7A05CD1878B70E4FCB05FA66A5FE9AD6B839BCC861A156F06B49B15D07217F9DABBC3EBD4BC1C6DDF224AC54B4F7E5D15D73631566DA29FE40E6722420C5F3762A2392C625220F5F3DFD8BA2D87121F37CC577F449072A9E8DB577A221A5E8686C261749A9758E3750A9EE080D68671593FEED90DBADCA72C8A916169206835516B09A59DD28A7EE9DD222C9094BCA8AF0D2C53798FAB57788A55832CC91DFEC0D8968B8EE48B6BDE6267851838A3A5E92950472ACDBFBFA5ABBDD81E7B87DFBC6E283D9FC151BE28063F5108ECAE3F664C391A9D2BF
T=0

[46]
S=$B9D2B4
W=$12D4DFE113543CF4BFDEF5D9C791699899835CEC4C692978C5EE18D9D369E063032F1E82AB1DC9ACDB01AEB6F7C8D57F4AE408BA1CC121AFB6864DD5702767C0D21781F6693A359EDD7828FD0F0112F98BF9E5E608EC134705B6C0B65AE089EAE24EBC75978B1643F2FAED5A298890D2F1BD5C71669D0E493824
J=-$19B97C2D1B72631CABBDABEA037CBC1D0F06C6AF8ED9C6A276B20C1CE89703261C654A24979DD5581248156A368D8D58F6147497EA00C9707C91CCECCA790048250D7377ABBB875D6E85AB40078B53ECD9FEC2117ED9BC0D80D1F246CD70E64DA2F32F1D0FF576CEFF2C9435674CA854772727E1B38895D558A0B825A9045A37215DD156F7DB0CFD70391E1597E28CF3CC10EAD07B42DE6D4DFACDE9107661B4E62A008A9BBF1765998D074E530AAD91C885F405414D9C0A545830E282EE2C5FCBBFB1612817FAE8D09365114DCB8C04DF409F8C58D681B41FF2C517DAA0E550DFDA036DC1A576D385FBB2776C8181559B763E
T=$2

[47]
S=$E4C6CD3
W=$1616816C78CE685753A9AF6FE665797C9865DAF3DA594102C8D13C7DD00E91AA98E1B870672D8BEA7CEBC97175F1888036A9324D3ADD77A37F676965B4CE6A1A7A164CF2593D7720E37FD61779B78EEB0CBA7FE8F275DDB8086DB6001351AB4DD3C64D09490095EBA60098C6800BE824829B017DF1B6CDA6B
J=-$277CEDEE1763141EE2CA8F1684156C267F11FB62013EB93676E58D4A9E2109BAD6647FF65240064948489EC5C0EFDDA53202E9BC3E370989F8193A3BD6D4D78352232F540E8B9A3E7707E399491A87E40CC110FE3A7B3502D9AE6B22E3DC214DC2CAC2235D2611F38AC3BE2FBB5D8713422D4090D90AE87FEA99AB3BDC73099E8BF7450B66226D0FA6EB521E39E012EF2FF78AEFC322DF1C3F3E0A812E0B1879094FF4AB20324C5B513AF79CD65F576CC17F21A593B739BAAA0AC7D71472573318F432056849E7722A0CF036EFEDCFBCBAE318EAF910B27587610F8C052C89897498D62FB91E9FCB72B37BBE7620811E
T=0

[48]
S=$190724F
W=$365F9E2D79B47183E7EB4A972D7AA26E2CE902B1CD22781E2A9AFDB4815F93E7CCE3B0F5B3DBEA38EC74AFA9384F5047285933B96D193B8EEE2A379F944564D1779496F4329E1B7A264ECE9FE2A0F1E87D8FA7330CB5B675FABABBD6A6E5AEB22681FB314D6FE77C5EC1FBD58F8CBC8CF8DAFA4B4D1CB
J=$17640AF2A644B656257C1C758700407A76AA8FECE10D7D768A1B33695899D0A3BA13106626B2FA47679B0A7A8728876706E4D6CE5D0F9DFA1AF0DF0BB3EAC75341C020D74B5D9E5DF0B7BB71BCF85B4D4EF69432AD3D835AFD5ABF548444E467EBAB6A910E4C072FACEC7D6B81AA29E3797E76E1806DE33346EDC0DDF4A3227CF49F148A8B0CB5A575C4C40DC7385C72D9C310A9297138011FDFB84C887E0113525984574BE5A65EDD624C80F1271F4C500D3A2058A83E0A90710E10C9AF127C8672960D65E56ED5A4C1717A95377BDC2DD6AA55AB70E51FBF8EE4862C632C305372EDC23CF871044E62B2ED1
T=$2

[49]
S=$164BD073A
W=$2E5D6A49DED61F535C81BBDF0456D0C253637464372A0DAD56CCC80018F09748930819E828E4B9F22FAFA1E4DA398B205DF0C29F8F22EDA55B16C806BD4103D38E402E7EA242085A828B0D1681E4DD930FCA5FB13787E3BFC352FC5A624B430CD3D3BDDC57E75F4D4E03F3BA456F7FF8EFCF82EA2
J=-$1E75018A8D349C162BE72558522378E04FA86556EF926BB229BEB506ED517F978C287B026C29E7C63DD586511CCEF984690577A76E0546BD2E8AE603E5437F0881D14804A4ADBCB1CF6E3A68CEF8847FCF686D82A69D707ABFBBF4C1F1D057ECE7430FD65FD166AD69D6068EDC709BFE2E9697B9A5CFE035587EF86BA945BEA2F953BBA470DB6FE666A11A3D2306CEB1B392F33B1544F5E151706C70AB338AEEC63310ADB00C089B98014CC03FBEFFEE4AFFFB49D99084C9A5666F760F69F75CC5AB762DB8D918D1E883CBB76B70578F1188382F51C890DF415CC9D2C238DA21636D70FB43AF7E93424
T=$3

[50]
S=$11A9D1
W=$39DCDC62D14DFCB2B0275CB7070720903CC4DC75B423FB47335F639E44223C2B5141283BFD2DD5599DBC3FAF1E1BE30ED9EC9C4AEA23B59D3FFF75915890B7E7FAFC2E766CF05C480B5AFA642B61A947A5112F103F36A18ABE0652FFF2A0FA36C0C47CD32A82527DB5E2A5E2E370F5548C9543
J=-$AA229EBE7803A1A230DFE9F5A8CB37FBADA150042581063F3CAEDADBF1C7FB1006BC263C8821BFDE77EB4205C2951DD95F30311F66EBF769779E0D034F5207E86587F1067566B288F02998092BC1028F143416FB2DC263968AB4EE0C79BD8D0EF53AC532FDED265E893139FA119C1948D4BC1D16F61C514FF53C1AAD097FEAD7CBEE493B8C174CEC066F6BCAE5F486FAFC297FC6C2115531087FA97DAD1DF13BEE874F6A82DB986788AC794B4C3083AC9A340B8ABA5D5B297E4738D43BB67F5BBD2D089F73ABB2A4FF2D61229BAAC87F633264D70219AF80C39715657FF52B857C7D051AE3
T=$1

[51]
S=$2A3F33F02
W=-$DE5E8F939C4F1D34ECBA62544E6F9DCB2FD006C2D83E698B06E59A46B90C6BF4F90B2E4140FCDF84D39DE3C87750E710A2E67C2E71AE794417575ABFECF7FC290E68E31AF622F99B3EE81DD88029ACBD04B5E1562865B40960A28CEBCD143A106049D9037EBCDAFC5575368E979D3A06FFC
J=-$B499598AB75519AECE5BF0AB73BC92343A3BDB89C472E530B40B4E4B6E9385F43D6C118415E40A8EB1A9AB1CB1C2F8C8B5F2B949EB72EFDEA1171F1385103A12DEF15F51CEF729250450150AAA8BE4C8B4AA2502F3742D6BE2918E8711462628C27179AFA5C757951C1B7D3F4EF90209695865D5981F4DE10AA83E029B1189A0E3131507374282978FD65C31282AC2A3F715CFDEEB4D5AC22B154DD28E7A81C1C8284635C72D2957900822D03BAB92FD0FA031C43EE0E9C61BE98C43207AD18F951251AE1B8BDF74E5C636DE13DB4E73BAB67C1325CC8186AAAF37522189AFCECCDC0
T=$2

[52]
S=$1E7B226F440F
W=-$84E19D0BC769978000439F5C377F8258CBB24E20CA182C7EF21F256C65CA4BF8E4E891C67F58CAB85CB78E782751F28CDD94DD674C864877BE9DA51A560F77667499C8CD067ABD3FDFF30059CC5CBDE0C67208212BE972D22F1E706FA4C71E913422609F5B7AD95DF2866AD6D0D1695
J=-$43AB4D0475D3A2C71BC4CF14C45978148564F246A0AF6A751A69E01BC7A6E1381FA2F561A63D0AA828B27AB990577AAE138C67F438712C9A98CD01C2C22ED78BF83E68D43450B1CD7F73E7716445D65CDF7AACD91F4FD9B4704767297A621B6391304B49F110966EAED8D035CE5CA275E13AEE5B7AF59C95AA3F52CF731BA2C6C6CBF7EE7158F54FEC5232A71FEA3A7CEB5055F02AD513B6D87F1230DE1B0C2DB08AA9DBD40521343F2942726F868A1CB5751E8201F22D6C7B3577590CC8D78BE24F68E653BE8787163ACAB459EA79BC2A7A33AA29FB8B2E64F245F5D735
T=$4

[53]
S=$655568
W=-$1AEC2D078AECEF685F19D3B8E8FD6BD3014E44BF67BC7B397B2AAEFD4EFC291F322823E096CB2AECA6DDD43F023A9576528D728770457FC0EBA9A8765472982BEF8915051BA99869BD3B2FACB735C2CCFBB02F244681D9E2D2D3D85FBB485F0C322CE641BAF4A35D79AE68239A
A=-$1
B=0
T=$4

[54]
S=$78CAEB
W=-$208C166D19906A99367C7DBFD20E9A5015354BDD468AC7FA0B298E44BB327C9232F6BCF4F21B22424FDEDBE80D68A3A5E0BB4001886A2C11266589FDACCD516BCF728D65624AB67B03F69E3F978934E7449B583E5F067338662464BB5EE63C401C7D7D88B11297F4E4CEC09
J=$864556A2C5991F4D9907C0883A0BAC0F5237DD82C76DF6F1971B2A640160AB35CF9BC96D95B3D1173C0387B2141173624652E92AE36C2C56FBFF40DBB87C91F41EA3F9E6B19CAAF3D8A606F75680E15AAAB8C713AB75F814B00F0154B521C6257208F70BDC0E35A6FB58DAFFF435EF7F85FC790A30C1CEB2807F7E44E747ADCE78A3B4C666733839EA3D5134E934D89613A72FAD1FF4A9A9EE213D816D15DEAB83921194C1C2AD91A8782AC0FD978ED9671CB7B302642934DE88574043F019AC0FDD4E88FCB8EE0C59E2CA4A5EB98BF66B9554AE2575
T=0

[55]
S=$38F44D937650
W=-$2C75B04FF797E14CBFF3EA97C3B0A6F09F196A35E8444ED8EE19131943E6E4C94B65CC2D2FF8B6F29F4132DFDC8F8C037567ACB70297A307EFFD2219C52D0E628D65AE01983B1A91EC02322D8C26B1E388B629B9812B4B0958C78500375462BC59AC6C2F6340391809F6
J=-$8A20B5FA731CC37A7DE728C515201A6636D56B130315BED34AB6F48D5FCE20ABDD369B1F6CABA0DB61A59A7D9F448A3FF99D17FE67CD7A775EDC8F7D4E9E18257FD6F215E49F3C20A55084D04143638D46E289E6D47671443DBE959881281D5E4BBE1E3150D851276C81A807C04872BB16DD89EDA8F6499561FFB28BC8FC4F97C27AB9DC99B9D518129494ADF17D98491A347381B1A3E7CA95AF0CDAF885D0FD651B9B6B65D494F423CD107AE99617DC9E6F3B4C09C32FB792795F0259E732493F4C39F09FD75FF05F8E0B0C51E09CE564BE2E
T=$1

[56]
S=$BBF5A9
W=-$39373720C5484D8018946858B68251959114E8216D5069815BA272FA02065C33E47FEB45715CC835E3F31BBB4507794E5093A73D613EC2DA6C0C887C09BE6CC9511E9AF3A08FAB2649E270996996C85F242FEA791272208161CCE9817EC18EEBCF9D1942E37C8D
J=$57221BAD351330CB4FDDE0B2DBA35F7F4B25F5BE3C73828A685C0A60D672AD9A56F490207FB608B3A82A6CAB949FE583DAA890943352E5A144C68900C4CB67F1F5E9A6B46EACB8817CB543C5362F7E18E74E6F520B9D99F6B7090C59054D39340A6BDDDE10504D298D476C54D0EFAC60B79EB104FB6C73D43D5A9A3873652791D84159B8B260CF3D84BA64DD908BB9F181A7FA75EAEF72AB3004EB095A7AEDAB8CA1527E3F8C40D9014EFDA14E0B59408E3B33100284CB23F2283007E00BEF4F7880252D2AF04E4BA1A40E5D0E3
T=$1

[57]
S=$5ABC84
W=-$FDF539DE4A22B9EFCBDA28A0ACD68AE47404D2E93A72415D3A632BECB585FCC462FFB6A2309D36A9A0F658A52329805F2BDA32FC430971FF0692C41EA13A0A47B26C4632FFF69FF2381BC45B9DF8F1F51ED2A0ACF6BFCCADF52BB40350CB72C2D5D437F8C0
J=-$2CE12DD8D9E69DE5EABA588AE0D25F2DD61D03B1C8BDEF1B4FF9019BF366BEF4F39D5C843F10BC09B1448E52186D5D0D3358A2468F51051756A9AB11D544422F41E1253B3E3334E41B321BB6CC37D3460852723A76751382416B3C6F160BE20F35693FF4458A7828D1C5F7C28D1ED95B72D2B55602900C417C5739FB986590E76BEC3E4D399E7DF3877D2E809DFD5F23ED18154AB7AFB4CE73802CA21F7E630D58244D7D7FE8023C172D4B3BE81B1DD7663724FC4ADF2E51E8B10245321C730DBA12B4C9FA3D1CCAE0C5C
T=$1

[58]
S=$541B88
W=$8620758ECBF43A61600AA82B1FE8C1C6451DBCF2BB4AEB9EBE84F633895590E49FA17324BD66D915D2D8F1A70F8F6085406756AF2D0912706B11648082C7DC3149DA18FBE4FE52D72C9BA09D530F0C132CFA4367F95130CB0D8BC2015E11DDDCD29F1DDE
A=-$1
B=0
T=$4

[59]
S=$69B32
W=$126BE011B062DC7F5280F88F662114CEC00DC5FCF0BA03B9FC826A5E849A76BC168EFD9F718483AD7B923FD4E71E50C825FC5B9E307E436FEE24C3C418F44E86E4E7964B17F070F0AAA54FF76CEC97A8252C17510C14E2AAF1E740A9D0B78CD834023C
J=-$2B34BB1D6984A027B0E55F94D734576447238C2A120943DC563CAE6619835C7B7EC52310F27FF77AFE36B69188AB532CD355209A4F287D943ADE06BFE83FA26CB8442EACCFAE09095F2FBC9F6BCD4AAF844347F5FD6789495D972481BA8869571C6C802594F283F81B31E49179E4ED5E040947C8728FBF409454573408B2752B6F673FF03CABC6BB2BC61B2AF31B04347817A37E574012B5677408EC068B91EC797E2BD5B85E6EB28622F3807F9E94052313EB9C96C4DC06FE10C6D6EC514590B392D24411
T=0

[60]
S=$8DCDBDC6
W=-$3B91A73C3D6728E43E0AB5EF9125E9690C6CBCC6A28C34033D2033AAFAF9EAD24E8381490C665B180F55461668C893B02237CB34557BFC2BC4F5054E40698C721B6EC48EADC8F8CF772B90DFDDF22C85701A7C732B1CA55517ACC4B1C19E63C6E1E
J=-$CA75A98646650935679E8451781DA6D316E10245C7E164CE8A6A2AFBFC5E715D79C8C14DFA3B4E33303D1CD3EF671B91CFB11B4B92661B719D2897BC70529210450043E4EF22C0CA636D5B2C840E9CD051041A0D108C89371DF6CC255C5A0AA874EBF58B0AAE9CE1748723D7CC86AEEB5C28B22E74527B6F72DEA2B32D63290D698AA18532EEBA829852E0EF2F23FCB200B4FCA1F0E0FA4554FB8C1E2FED4DBDACCD202746B413F706FEA96D9A6133A16828F7BEB2AEDAB0785F8864DD71CE3A14D80
T=$1

[61]
S=$420AF0
W=$4322E38AE546D22E7FF99B03764D4541BF783084311A7F85B0B652CB310A4257D816446A800D4293BF1FE11F8644CB235B4D64394EF2DA3E7B7ABEF6911D25E828A30AFD40CFA676D7D5AFD7EB634CABD7E1D36D73D2EB73D72F67EE08B8332
J=-$A7FE7421E7BEDF3C2445F44F59DB2C19C54E364D099A60DB869B96FDC82435856D5CF32810E76F992D56A4130E2D0359911B8F529B006368C5C4BD2E50403F8CC4BA50FBFFF80F08F2E4D322935E7F3F9904D194B1519B5082757B888B328F572189197ACEAAC1DEDE63DE30083EF85517D1457F241340B57B7B754617AFB275662B07CFB47D4293860C7B5D00709331FE9C8302E0637810FCD881DBA7766F7B8C9E182057094035557410864C16B464862DEF7A8FB3001591BD3FD428289
T=0

[62]
S=$DD2EA24C
W=$1CE19C4FC1661879665220E5614C12016CB9E957151970EBF295774EC66B7F953475A34C7D44AF501626478B592F2ADB267E02AC2D76CB73F55D0C83BACC7F7713C19EB886B8237B0D474C37D118CEDF2B5A00AD18461CC13C803CD14A2E8
J=$70447311167D715EC26F0CE8D46B34AE4C6389ED09876F809913DF87F0E91FF2AF44130CCDC38E7ACED6E400FC1177FB372B58818D76FFA3BBE11E638F0404694D94CF73AF818AE20972778D218F9EC3578EEC075942E861195006FBA2B82DA096F88D9F683DB94786D733F2F4C476E5C610AF9B504471EEE9F446DF152ACA1C0C9095D532AF6B573EA689A4B6B0674DC4CA30088EE557582765999DCFA37F22F9F13704A35FB2FB37C48D4EA6E24C765A1D4BC652A4FC3E7E07629
T=$1

[63]
S=$D584F
W=$105A1DEF3EAA1D54DDABC515343F0580270239AEB2612E1EB7720735B6437933444A6A57211F4591A3952AF90CADE4C96EA87FB8D2337FB69257C4092B328FCFE3A0ADEB8594BF7C3534C30E4AFB7D8A6A74834D5924255E05F8FF5ED
A=-$7328
B=$1DBA42
T=0

[64]
S=$12D795B
W=-$218F6B30B30876E6BA138668CCA6ED8C3BBC5C6E0ADB7C6B497AD6C41304E12D3369F21E54441B5446A9758FB55149505678E2BDC3FCD475287E904E44AC0B8E5639E1E5A3D52C76DEB88EE29B6A3F96E73DED7C91C191CB14E2A5
J=$765A8429C8749A9932CB77F503362B684F3DBC770143010DD4D4E00A511554D8BF05E9D25EC0A75DB31BDDF2F41F87F92DF358D461185B60071C44DDF71789768A3B89DBFB9DA5972218D54E0DF95A5E158CACCB750512ADB8C2FAAAACA58328AF3202F0F4D767FE1B32FDC572BF2CD307EC814070AC66E429AEF9EB1420CCCFFB825EB805BFE7E40B1543351CFEBC46D2DA1FC49D17F33940E11709F0BFBA4C2FC5BBA790AFBCF5A0364FBD3E9D840D75BC954C1E7
T=$4

[65]
S=$171C7117D35
W=$7B65958CF602EE6350CE311A6B693EB7F37CEF2CD73136482514C52294171AB731B9AD4906037BA5F4A4FAA5C99C16F0AE4521797E317C8082C4DB817805DBAC4ED006AC472BDEEBA39E8C809089CAFD020825A63408DE8BEFF
J=-$546B5A8699C8A86EDD0E9C02F69C42810FA7D3BA2E645EAB76D15FDB1C0C0F8F3130986AF523E8B4AD8F9A19F00BB0B1D51868595A14266E4569D572B8381FEADDACEA818CC47AF63CF0E8060A328743D99F631ED46A4C3AC66BD873C4DC9E4E65A460AE4945FF151F957443F20A0A7911D666FBC1BBBA19B62D30AA0E56EEEAD99755D4E8DCA6A55BE860917A0B55729F2150CED5B348B3487FA9B41A10B1496FD1E7494E7E9E89BB6B9CFE3024A80A29309
T=0

[66]
S=$2737021B
W=-$1AAE1BCD0E3D8542A02339554E2ADC9971D171BB56CE173A697D47F30EEB5FF2EDB8D081C643ED1B6E1A56E221DCE5AAE864709C67C8EA5D21DFED72013E47A59D1CB8FCA050348AE115B652C866436CF9D5F9F6FC3F5D
J=$3D96D75C186CA0AD08A544A7056F2052B3C7A9DD2F5D4961D1D759C9DA6EC9B238BC4559FEFA63E9C04649C7319E3058EB41748D1A60F2081C76D13FA3AC8D0DA267EA47F2B4B82F5C0ADED8534A9224F9862BBF5D07153FC313362504C0ABB5B176440E67C6095250C56F4B3AD2D5135A9DD655AF1D4FD365B192FF071BBEA5F8C18D7417E50F59568182D3649E79A3FBB9E002708CD1E3065C1DBDF5E77B0D873FD9FCD6BB19673B4EC355B60
T=0

[67]
S=$1641D2CCCD263
W=-$FE685660B0A05C0C0B19C030FD40D2A141117950AF33B21B09684331B8857D9E941AB8F9F9C92B835EA8BD98E7CCA5C9C7127E0623188B9C607E005A9545CD401B61842A21D8C0D6C8532905901258983B3F382AE5
J=-$22C735423C0F429DC63ED975DE8ACF83F5942AC5766B58418C138BD6AFE4DBA0B331A2EA3B1788B5E6AF9A50E73C03871A9C7346E3FAD403CFBAB78016E6DA684B663AE54ED9E1FB90293121CDD70022FF08C56A1D44C6D05AC57283B8E0703242544597E23CFA7BB6CFF4A0B4BF189437AB25E0BE75FB8FB3DE0757064437F242ED7697C40E9D86E256A3475E9099EE54FBF0B495E002B8A2FD67435549D53FFBD569993650644E1576
T=0

[68]
S=$614EA1E6E
W=-$8B1ABEBE143C4AAE73E0A8CBE0C511F22B3E9810DACE5EC1F182D2B7C0175D477EC61FF90DEE7838E1B5AEF238E8301C1BA97BEB18A436BAFBE024E130F73D3C984CFEC8476CB83E3E89BCAEEB713FDAEA7C
J=$11AD158B32C2434E442E9AC6B534773FAE7B399A004BA3C8169DEBF2F1EAF6487825F10B05320A1DF8FD2089563CBCB99EB7FCF1D20DBBA3026ABE271787918F0E2C5F865AC8FD8529851D970A3CF929D7B5CFBE39C817A72533072BD6D41BF8F1BB4CF43C9856255D4C8D4B412C268C728EE691E4117B4937C04AC5FA0090EE40C609A5D67070F3683F2A9971641414A57BF0062D6A8F064431579BD3B9CA473DAF5BD6
T=$1

[69]
S=$928BFD
W=$16392ACA51D70AC593816C0E74976E8177AFD9AFF0EC63D652478DE348028AD9521FE7916B3BF07174F0D12AEC08174E7EE3740E5CC5E5912241A189D0BB7490EBF2CBD836BFE27BD59BD02BC30AC3FD
A=-$98
B=$2D2
T=$1

[70]
S=$1396C5
W=$52B16F1EBFB14475A17295BF763F7BD76C12B2A259A8D1C10E1F10A32E637EB064B5303C3F04EF09F81A335CB052B1F70990B64B0425723F618BF53884D4465DE9EF0D186F68D308FEDC62836C43
J=$3FADF1F32BA285C19964B72167D3C489EF8BB4B3651C9C9438860D80D4DA74D4CF575E6470CA83421C9D820241204B9E0A6B325A9FAAA426A13F8FBB4F03B635202BE53EBF58078EBF6EA6160D1014250F8F7B00075515878354224DEAAFD6C3972AB6742315FEB6848934DD63DB61A7A6934A10C2129510AD2278B6CAA1541B7B63509C91F0D226254BE1F99C7DA9B6BD50B7CD35B90D0108E33FC8
T=0

[71]
S=$2A9D625
W=-$1B90C0CCDF3DE012E246F255CBA32A8088311530E4B0BF9D9FC96BA2332F1E2A06F408EC97546259DB1BBA412D8C4AACB0B3E5906B5ACFBA8FC82A1BBDB39A9B55095EED14E0AE2037949D14653
J=$1A5D7C370D1C795E6EEC2783052561610822C2885BB2C180CF2D9CF87366FD4A927BDDBD0A3BD04F6B9B46F4FBAF3E304A466DB1E5EA4EAB49EEC7C47541AD4DF9B844D46C6F3AA239B124624773A71D46091FE5916BBE9A9844992CA7C6D99DCF2A5AD20386C49C6C58EAB6DCD4F1894C46B17FFAD6B7091473679D61E853AEBF33E0EE682986AF410BA7F4197D2F33FDCA651A41729BB84C89
T=0

[72]
S=$23E6D20
W=$F2F4AEF0444A383140CBED9BA53F438B60B034ADEB6E6431EDBBA683D0C38652EB3FD3BE17CEC868A02F07B178398330E2AC978E3DA6C7B00825B37C878A34C2735F57BF12DC8F13087816A
J=-$3BA684E494851CC14BA38169D6A2E23190F1E2D479C46586FA1A53BFE329A68A045B3EF729DC24B2ADAD87B54A3454B926B880D12DD1DD68164CA5CE697AE481BD7F0D9BB9EE0783DDC4ACCEE92BA5AA46C4DE34FF906E9EA2909F6A9356EBF1108C4BC4D885D102CE4E0FEE5467CB387B2AFBFC53D69D40731C550912764B8B99A33DE2302B0276000412397C30ED8198A1B645ED01A
T=0

[73]
S=$1173E4
W=-$1AFD1C0A53A03CDD55CE04EFC5DD46C07148C603DF6AD5AD3124095B3B7C373598221073888EB48F18A92B8E9029B0A8AC4CFAB64A8EF210694F6CB18D606D204C56DCDAB430E7357D30
J=-$6BF73CA96654968BA324B0A05B2C0111DC2E6135CE7466CD5D7745A1E55B1A756C3ECEE7F1970F8F52E4FADB239AD5E7DAACA66F6FAFE882F87004D16B6C8D2F817DEFEB5C3AAEFC564217C220ADDA4353122D3EABBD0F03AA0C6D89A6D1C250F0348857FE9B17DC528E16BE8A94E289174A9572CC71883D2CBC6A7DA053E88C5B9F819B7ADA2E91CEA5235714A80A7AA84DE66
T=$1

[74]
S=$DB53B
W=$22C05197E79F95E6A249C77601F5829F8106E686105D8C82FA7B9F5210DDFC2167CD08CCADB660DD92F2B6925BF0470B2EE577011147412B1F6F76A9531616F6873F79DAC42E1CA871
J=-$56A79ADC3E9A43EA35B2AC61A1CEA6714AD4B529E80DF66964177AC5FF288CFEBF288EFA790393A3117A4842EDD686BEA145536BDE2A3975ED397BAB37221543EE6518F7C65AF17A51085FF13E5B6402AFC2421AA73EC6432E643FE39A0C8F1191B6AE78ED3230E7F88CE24FF0556E7B8E0B46D2078AE432EAB25A6BA5F1207276F6CC8F5F3C24EAFD343D26E819902A37
T=$1

[75]
S=$8ABC2F223
W=-$BA9E2E171B9A13C038A76930359869CEBF670793ADB4BB5D9A78AAAABB61C1749F0FABE1C1D91E5F967F46F01C9C7EFB79AAA9D4FD7F47B453969B402EC0810A42F8886BD7351D9
J=$B3B46CB7E9E6D5ADDE043A7015E2EF4CEC166C007BE337A953BDF5AAE290379F5AC64A73D74CB9C544B5BF669BC1EEA65F3721D79870ED76046CDD037D110BB73404B68CAB1F224F1F81767261EDAF521198D46586ED2F298FA58CFD2E9C68B2321982FFE44C368014B3B45C3DAD60FC4585A148CAE50452CEB4CED66A50E3724E93E0AE8CB02BB856B3C0763A27A
T=$1

[76]
S=$340BCDCA89A469
W=-$36A9B397B57A93969A60627AB8CD83937583BD812DC9919AD1F8C124FA904C0DB6A299FC347BFB5F0F3E68C0856D7C39AA5DB1F40C28A55BF1B3200B8ECF980C8EA2247CCB
J=$1EC0AF7509E69806006FF507238EBF7546E9F73607769ECCF1BCA96B33E27379C91D6A169417D8587FDD16C2E397068B3A35C55D0ACEC5E46A012DD4334CD04A0091FF200932580674F6AB9CD22E69466615198A8D602DF128939F42EABD93D607B618F67AF891A081822F6920DB03A4AFCC7C60A7139B49EF4946A85E3702D41001C7EA3AE2C2B104F30
T=$2

[77]
S=$28FC5BD
W=-$650BB58E752BEB0D47FA822F48C8DFBFB30F5EDDC6040A391C6CF1C75147B103A0992E26BED990F0DDD2B8C82C5107AF0223705DE46C558D82C47FF8C7EC37B11F97
J=-$3A80D6E5D7331A7AEE4F1069ADE36511887AC58E0F720C9AFE036DCF44D3FB5DAE32B731BDF35CD929FE283713A1285A3BAC9BE255421A15782E4B43D227C4E915A328E4C23CC7B1727C14D0E7908D4D9112460CEDB0C311DAA20B04E740073AC58B1BC4794A084C1BE7DDF881AF7873BB299E7988307345A3A0352DF6B4EC232A2C121
T=0

[78]
S=$E91FA5D13D89
W=-$2110E676A6FD1DC377A1CA153A4181631D35B768BAD9EA66A939727D9878BD8053B682F2F0CBF3694398C1590A7A37A91C5FCB09C919B744477A496C3D4980E17
J=-$343921B52C8AEB206255E58E09EBC35B1C0A4E5808698FCEB208842D39D94F50ED7042BC847F3ABBEA79E8120AE6250FFEDB830D943B7C2A578275515A025556446B1EEFD1EFD102D96DF2524F7778C98020671E5A29EB8420714218858B2BE1E0130F79A4082C9FE35E9DD4EA08E4ED789ED0383902CC5397955AA882F246378
T=0

[79]
S=$309A6C
W=-$3EAC28B05D1DCFDCC79E9263254B82F4DD59977CB4DA03B4BA4ACBEC1CE0FA48B207B11A3043830DF1F2F2BB267D05C29DEE240951C7BFD39690237774
J=$130E36660BACC9D580781A78AEDFEB57FFE50D1381BA7915E7D5628A5DB1BE262B1ECDE4B6FDF8377B5DD2696275C31D8C60AA2C62AA5B7C916C09486973CD374699A113011B5901BF76E2EF18311ABBD6CB3450A5EB84F0DB8B92CE5A02C2D9C7076DF573792269F4758FCEFEE8B51FA72D2C6EF6E969D94C1C8
T=0

[80]
S=$1FF5E3
W=$5840A67C4ED279A6ABBC199676F18E9DEE6D454CB2B378C31A5C0F1D1C3C83A72D28492F289CFE42414F87CC1DA3C401CF85A26573CAE82BCF8DCBD
J=$12806F0365747105AA4331B2B97B88A8AD4A465DFFE089808A7E15339072C1DC08BB6C411E0E08A1A671B0D0E20517A90C115F02DC8C958F4E85953787A3936DA7ADA00DA096DA9E27A74306618BD42BA5393D7AFD9DAD8D5A15BC5FC36716204F3FC6E894FF724FB73DD29E83E49C8434214F94323D2938
T=$1

[81]
S=$FC2AF6A64
W=-$8F0F8269DF45B5EC2CC3FE5065719004AAF34DC447B821DD7FF8C792F5AFD0D9AD4C30BF220F4DBEEA884941182BD85BB82F731F1201501FAD26E
A=$1
B=0
T=$6

[82]
S=$C8BB35C4
W=$1EBD47B55F92DDF973A8282CCCEFDF2926D0B268C0CA84C7505AFF22D159CED61975DE2275F89E8B14BCE24E54694D31F2676A26B1AEFD526
J=$95394DD99E3E1CBD0E9E4B0E17A1CD489BFB513BBAFBF80CF850D42B64C896952D9E38880FC6A5A45435E6CA6CA103A76987FA556C103A9AB7000015B89AD8EACA6A4C7AC3A2BD1A01ABA0745D3BFE2B462DFB511CD9F70DE57420453ACA9337FEF3E98ECC0A4D1B773EDB88D9D239EBF
T=0

[83]
S=$99CFA9
W=-$14BC2D0ED5B7F1FB4C572B8A9EAF5D1CE34B7E1B1BE1C1D5485EA061E917755384E847C5228FA30F1EF5AD3FF5FDD725BBB78E40FEC4D
J=$D7524FD293109B2B76C725AB82EDB11E4E1E8DB93C30D356EE34E5FDC9219BFF713FD8A5963A12E72322188D56F7126E54B00B6782D22A58F14DBFD0DBBF8911C91577C4C5EE672121A89B1F176053E2F318321DF257FE840D7F9AF6D83FB4819664A16912A5E99E1F362257B
T=$2

[84]
S=$3C469D9FA
W=$9C58FC3277D2E8D7E02FBC1FC4CE60076AFB5187593242D8702C4E5E7544FF84E563EC0072D536E7DDCA870E7F9C898BA1F867A162
J=$1145CAD2DCD48970E547E76B82B181BD7FB07173E0D3081F531B1C4CFDC101614168C3F91C0397B10F14D14273E4CEF1F50DBB8848E26218E3DDBA8FBC236DAC78B2EC61C6F88156AAA48A05771497F7B17451E9EC580B95466E32D42DEFB3FAF69AECB6C90DB0479397
T=$3

[85]
S=$FC646
W=$6DA699DD68ADF7F5ECE217AD667409689319A9157A7666EDD9DBD2B05484DA210964BB67973B75C7BBAFF0D398F10BA0269D52
J=-$35222EAAF28361EC9A467D4D4B60801D736583F3A23916743F48A36D40F97763800289E6931A226E1DCB56247C8D9808B43C0206990E6F28BEB18088CBC807E88720401199C1DDA48ACA786E757CA491FA9648B11950BB2319588B6575B34787203568263A8
T=$1

[86]
S=$86150
W=-$10E321D692B57224BB134786E3D5FD27AF41EC130ECD50181ADFDC5F84DBD687BC734F79B406781B2F78799436267763DB1E
A=-$84B750
B=$24C7B73A2
T=0

[87]
S=$1871A3C8
Q=$3

[88]
S=$8734EFF
W=$15501E626A9453C015045A33BB9CC96DBF68C6C75C2254AACA664F2521B545AEEE6214287F401DD0B08E0B3AD14E8D
J=$9E79E5B8B18F37AF5C724DBE6CA291597171DEC31E1CF201981F694F13EFBC8F5489382E79D3D2FDA2F581F3C15AF01C0322636B8F442F6CECB34B6DE98B086C03412E3D33394A493E37838279A47B69A397DA5EEE01B75D33F5CBAF4
T=$1

[89]
S=$8405B65
W=-$457D5017CA9D2097DDEAEB1D264776A7742CAC8A3055C245936BADE67009CF8F96A166A3F653C9D4FF2EDEF687
J=-$1526CFC3910402852F0D4FB45C034816D7EEABAC51F45EFB2A6D096CFE69AAF13D7410CAA103E152B38BCA20440CBB49295303B70D34134844908E908E1574B817A6D076BB065D6BBDA05321F34831200E0A40FDE7453002AD4
T=$2

[90]
S=$1E5FE
W=$2E20C0926E5B3CAFE6A5B032B66A54A54672E20C07062C18B04B676412FC8F01DA4978F6A0B95A2ED4545D6
J=$12F441C5CE836DAB8E4699770281F1B2C7ECA5BBBCC10E1B2EDC2D2676CA97950F0FB54F751C0829140567BD04133826A4A03C1ED476C7A203F3DA5C9D58968FC4B33914AE2DFFE3E91AED3B99845798E595C35779010
T=$6

[91]
S=$176F0A18E1F05
W=$104AD4E21AB79B02E72FE6D08E3678CCC8657D08B6A0D19D004BAEF550850E1E1AED0936BC358C455FDB3
J=$A4C8C902FEBE50AAB564D84733768A1EE78343C2925A8577A72D45516FAF90A77B745E2312AB799D329B15ED35967EB769535B6727981DD13C5816196780EADF469007EF3CDE7011B2E73872313EF8471C270B36
T=0

[92]
S=$39989F80
W=-$1E88EE870D9F43C479875DB5747B1FF3646E60E47235AE46E77D929960AB785AE01FD3F7DB662AE
J=-$726D122A8B6645B8DEBD8F0AFB940D906E7B0EF9D85B35ED03EEB49CFF3A1AC2328F71EB1B6F5C1034073501A9473C2E9FD4414CB25A487195497C3C6E51AADC96AC639CD500C7C51BC8688DD49
T=0

[93]
S=$493D2C
W=$3B9058E4DD136E1223600D97D2BA696146AE469A01A7C8EADF2D79ABFA3B620D24119245142
J=-$1CF5B56792529EC22E5BE4E193C064913A381661D229391BF533A80D2A3A637CEA18422450819AC74AB70AE8D02C0F6D0C9A60D2765A3AF94286B2C3F0ECB929D77194AD18115BA03783C
T=0

[94]
S=$30242
W=$82AE7DF92A655ACC82F253DCEDFB5568EE7100A724093C598705BBF21F648747DE35D0AA
J=-$8BD2A64DC70F4E9B2A2DF907599CA92284C5F3BDDDE06350B4BCB98DC78B1B33D51596870B921390CC82D0EE3E30F8175D91C940E3915F8D05E78072F20C8E0790AF05EECA1A1DE
T=0

[95]
S=$48AE221
W=$4C0B3D704F6A5A1441B232BA0AA5B97F806C925728800FF7D3E6E09FF1D9F40A0D7627
J=$10B13FD29E764A68BCDF8C18E72D6FB12D0AF447A7F7AD5C48CFBF175EFFD87513F3800984FD06D47B9C7C187EB8669FBB422C8F39F006AF9A0D1D014278BE23CF5497864B1
T=$2

[96]
S=$64C88
W=$48B527B1AD35CF8AA3C63193F36E55CF8261C898C2A37102B3D2CA2DBAD9753AF6
J=$582F2D74CE4FD2ABC7684B0BC80FAB77A560B1EA16BCC2B704D2FCA64E834EA71F3654592A740D91F956126EEA3E2A518A4BA537382713A15A8C91A8F8D259CB2D7B
T=0

[97]
S=$5DC5529
W=-$95979F2475987695D74B163AB03401792590FFA2BB3EE41E59E3B86E0FAF380F
J=-$609A3ECA2AE96A46E53BF50D73A4DC68E05015E17EF1D0C1A2178005F66F857B0DAB9F1A7F56839389B2338877D29EBE0F3C612725654331D47517B5F4D8A42
T=0

[98]
S=$643026C1
W=$4BCDA7B67B21F8A0B298E252F263FC0F3827022D3CA90A4B14C196F11DE1D
J=-$36067C1096F548FE4E08668E28D404ECF8996EC707E6E755841B673B4EB48ACFFEAB237469B954FD6B4B747315FE71CE2BF9DCB6BD99D4B329944AF38
T=0

[99]
S=$1428B50A
W=$8038D875B91BD19E02D05D97209EF8FAA1B7A08BE1DDDF8165B4FE700
A=$2B
B=0
T=$1

[100]
S=$29BEEE
Q=$B

[101]
S=$3DFF80
Q=$7

[102]
S=$A5411C0
Q=$5

[103]
S=$B8E0
B=$2

[104]
S=$C
B=$2

[105]
S=$13A986287F6
W=$1BF3D87069206E01CB126396D2F33C9596815324AE
J=-$1E7A840554AB56056AD843EB0998F8DBCE7C6EC07E37C3780500581306C5327065F5176AA3441A07327C
T=0

[106]
S=$190CBA3E11
W=$D5CF68CAF053903167BBD6EB36376D93041F7
J=$17AC2F81777246286C94E1EBBC965CDA3849727B2D1701C806107A6C5A019EC859F3080B61
T=$2

[107]
S=$21B610
W=$373B9C3B14CF429BC48ACC59488FA1D5A
J=$25995436F5707A90DF5FDD5B890070B881CA9C7A0EE6FF6306EDEACD239FAE40
T=$1

[108]
S=$23E
Q=$2

[109]
S=$9E8
B=$2

[110]
S=$2
Q=$B

[111]
S=$37705
W=$15F99C4EA464352ECA8F1C501FF3
A=0
B=$A
T=$1

[112]
S=$27DC0
W=-$6A17BD0CC5CC8280E4DD129B8
J=-$C099ED51AF07F823FD8B475D98EDCFC2457405D5A68656F
T=0

[113]
S=$25A148D
W=-$7C8791532E76468CE96A95
A=0
B=$2
T=$1

[114]
S=$175B2D13E
B=$2

[115]
S=$4F506D4
W=$3AEDBD0A23DF8CA2
A=$1
B=0
T=$4

[116]
S=$790FBEC8
W=-$1A4EFC416CDD2
J=$36D64AF35578A03289DCB15B
T=0

[117]
S=$D80
Q=$7

[Signature]
1=$F6AE8E9F495304731AAD41A50CFFD0D9F74FEB7187E12513
2=$5D8E6A53800BCF2A0BF99A276EF216273DD6700293DAC48C

