[PRIMO - Primality Certificate]
Version=4.3.3 - LX64
WebSite=https://www.ellipsa.eu/
Format=4
ID=B497704438BEB
Created=Mar-28-2026 07:52:15 PM
TestCount=110
Status=Candidate certified prime

[Comments]
Put here any comment...

[Running Times (Wall-Clock)]
1stPhase=29.48s
2ndPhase=3.68s
Total=33.16s

[Running Times (Processes)]
1stPhase=185s
2ndPhase=39.69s
Total=225s

[Candidate]
File=/home/lappie/Primo_Batch_Farm/Titan_Group1_Prime1.in
Expression=(4797791281515731837961)^47-(4797791281515731837961-1)^47
N=$616BE0CA5B62913CFCC6377CD74E44D8C1730FECB4B07FAB2D2BCE7E4B3C60DC2DE33F20C1149F1E2771A9FE6FA0B7CAF4055674C64ADA415C43DB6E7C651F09CDC5C33CDFAD47DE96BB737FB11DE32938588D8CC6D4D01CDB84F64D30626FDB83CCCD33786D685EA155CD74E46C11DA6C363F56C89712CFA99DA1FE1C91A17BB563630F68CE0EC4907B684E3F337C275D15AA71CD20256FEC4C6C8CFD73B7827023E71C79893413EE9E58256B806CA8465EAB60336BF579E16A313216237F2F1F0DBCDFF5526DF5D68A5DB9E3AE09C9A558C4336BC214B74E73D7D26C387E454C840A22C6F75C74B5380602BBBEBA5CB0C789A2F0FA8B58E993E7ED34F32E2BE12F8CDF00741DEBD496F7C535BE21A56B802B5A2D4156DFA5BC2D8925C23BC54BF463ED80C6BEECF9A3BA8A976912F8F01E0993B481A2F1012540261BCB1085A46C99CF9DA041C26C79D11077ACB8CA3A598F7A07AF698BD4165726279BBB3CFCEF3CF32A9DC707FC3BF2ABDB63D5E2ED69A752064F0F10C182458E37622EECEEC0FE10459E8218E35D7F752DD1AF50538371CC0F2FBA74F0FFBB9901A9B9
HexadecimalSize=830
DecimalSize=1000
BinarySize=3319

[1]
S=$198D184B80
W=$64CA94B2BD95A0366797E4B1433D9B6352AC05607546CB307E511670C83282AF0C4A399001AB187D682572B43CD0D0889015B429CBAE9F3E0B3F67943D995D1967DA11FCCDDCDBE36389CDAF674E0F85710D10CA7E742308F21E1379008B29D373C8D297690F813723CBFBA5E685CFA3FF2989B9E649BB41152DBD0CDF8AEBBA4DD9B2B65D178C830DA118847D4EF5D987EEA75AB178D0735439BEB5ABD910C1A5A86AEB23D761B62B1930CF4CFA1FEEFDCA95E089FA489738399477313ED9876E65A16A127D27CDA1976879ECCD23A
J=$29BD1E0B63A266428CFE8EBDF1DA46395E1765097B6D50C6500B661DEBFD41ABD6E92CEFFEE7087E368290FED6464526F43AFD8D6991BF0E3D0D99B687830FF52CFE5724440503F08BCAF3362BD0A7E60D551ECED2D7AF72E51ED559682C99759897FF60C4C0796A5E6769992990B78C5B64DBB8A73C915ED0B7FE8B36A7DC238E8C9781287FC81579F270DBD3C6BBF37C951151405F09232F4501CE633B514DB74934CDBA7486F38B61FD3B14F2BA68602FE38CDC85FB6408CF2CC82A790F85D5AA2A6ABF339CCB34CCFBAF9DE79964D433339AC8C9ECAFA9B87D0A25B3FBA473BF6D667B2BB2810E527A70477A530FE826EB86844D7A1541DE73D0D8588158F787C3372434B3CEEE39EE92FAA93EDD8AC7B62A839DB042E011B31CF0F1390A14D64BC54F13E77345945CB3C2D95EF5B93B3A7D926371F357159CC3B11960D9D6E6DE60D07E2DF68ADACD4CFEF3FA0C3EA1D9EDAACFD246B45CA30B0D17D785DABF8F43F7FC1EAADFCE59F287A8A1E0B5DA28FC37DE4D95CC9E4B5249953D4D35A53FA61D6223D26AD7ECE128B931162483D1E255FB6DFD55DBC2878F03B4
T=0

[2]
S=$3EDAD260
W=-$15A60A1343F34D5420390D90F29E28CA83677086B62DF8CD1E9E2E3EE7816300CB2BEEF926CFBBEDB6014AEC656740ABA71A172E53E449F1CF5D01927DD8B6E6D82BA193B28BCE999CB7BEBB4819D852629EA645F003A3C3ECC2D514EAE3B92C81DFE6B0BB369A59CD119A3D63DEC4A0E0BA9877AB29C155F0451C6A3DEE0FAF6203F2F1F4411305D89AB87BF7F81C65ADC5055DCBCE5002625E769E62B37A147ABE52F4B0186F6469FD0DE58E919E32EE83EF2CB84FA034C3EF6070F82DBEF5FC9560580AA26102F3E5C45AEF6
J=$8349858D693D6E122A55E022FE195EA05ABC9AAE4CCE17FB8FD569FA402DB1954EB27FA584CB6B618F934962A269E70A5F37E01739757F3321104A89BBD869CB9E9E986217595735AE6EF33D0531887FA58F573EC14971907FB302DA8D59B1457FE3935A89878554143846858442E1662499E3BDEED65DEC642E8DE3183F8FAC1393A4E17ADD77E44D3307FFD397983F8EE36E2E29B56F28D18F9724B9DEFE182A9887B09B78E75626CC549D6921B309DD3D020C762002016D80505D2DF8D53FCF89A26EFAB7464588C04A40204671195D4609F92BAA195B216743439EBE61B322B2CEE75A3A704B7EFB8A59D5E0C0E2D5A73790D4513A19B31C5F10934C49CE952AE2C6FFF3293E47C76C475E98A729F4B8F5F8497B856E369BB3394AA1946E16B6241304573B0EB6F108B17465DB33FC2E421FAF1775B6F08977DD289B7302FE570877D76FFE8F2778E3F956569A90FEA4829F4A6036D0724BCB48DC72066903189FDE50DD7D57617D14A982E119A628E3ECD4DC5C356C067094E1A2EE1A10D030421DF28BBF798C3523F62B61943FB03CF5EB5B1AAA3BA23A
T=0

[3]
S=$CFE3D6
W=-$53ECF93065A3B261D235CE4EB36F3D7AF026BE244D7095EF0CCCE4A7DB65597648F269D7E8B522C943F85D83E95ADA672C8522641BB91EA84D64471A68842AAC325323EB817086536574DD49AA48171DB26CC4D096A4DA49C575331E710E5E74828D55A94A085E91D262E0A0A842C19944C711D22DCFA4FDF0F4805F3C03D0F6D47C4EEEBEECEF39DF1E5AFE0FF9786ED898D9752AA2BCB10AE207A0BCE5E383578C442B4F132BF84DDB180003E3B72DC31CF814F9E56AB245BD4971F68CF53CC36C2477ABD443AD13BE282
J=-$349D53C7F408FC4D950F1D79A132F4E64C3B02BFEA478AD1C7B3A9D6D31DE589D5737BF18A2424B3DF60B65B29DE3828360D224FDBBF26B9EB0739CAD0FC611D3C9969D166A59FF42C1036A4CD436ACE4FDBEDD9D96C70AE5F15929041AD59B39262862F9B1F182911EDE643C819FE96D9DADAC58D994296104AFE9F1DB5C894020F20B1ED5CEB3B8AA35AA955947C384085D7B47B33F369ED45095AAE8197C6A6150104BC42F7C2C4BD1C9AD6F1684D738B3906BB5884CC51CBF49242B1F39BF875EF10013C7CEB87D44B6E18008C3060E38AE2DCE5A971655DD09EB33826FFC4E24103EBBF35B23964EC95C48149BEDD93BCC4D35A89799AA0A61735E314BD9FA695EA0289C816B3291C462D9558A0DA89CCC7CF9B66BD0DB10656DA21FFCEF38705AD80AF172E2DE41F0E875BC9F970ECBFB37BAF2682ED942AADD9CC22EA1FB17BD0516C9B60BAAF142EDD624B250910E7936551A0D068BE83515ADB92710C27EEAABEB83D4CEFF70F41329916AE1D9CDA2AA44C305DCF82B6B08C027DB1994B8AB3C9BB2F75A855D89CE14DF7D7C1738B8280C54
T=0

[4]
S=$42823AF4
W=$2261D45E70CABC57560BD40D284FCAE2F0F5E4797D70E3D53E068A10BDD46BB37A588220BACF83D3B1F5688A0BD521C2EEE86107EC31555D19ACF951A188D6F1DF13F9D4B2D10C4B131E863807B16CFD6C79D3F606A0BC23F0946F054BD60E44F4A85977F006C39DDAB60289C1775650D3427A335A56911ADD942D86556E25E684AB29EC15D89E0E0D2FDBB0D6806315616BEDD6C972FDFED7DCAC68818276A1E087D34B4B71F8DE1DA32D8F765EDB827D6B148FA5FEE7475215AF09BB9042AE312D41709A7CF99D2258
J=-$7C76882A00F3D0940BA608A82BDC0FF2637C75AD461CA3499B7228D554118C3DD732AA4DA080109F04951AD6BF69FDF8013E570B0361D1D31F01386199CB0E25DB66835760D087300300A180AE9763B136F95FBD10BC4C30D3665D8EBB5ECF8819A78C90BBDBE99D86FD28D51E82B4224B73DE40B0E0DD17560096613B21B579061CFF94B135D0D8848460DD03527A0FA8D7B3FF695D0C4794395477319B1359C0167DBB9F8DEC97C5A40AC62545C2D8E571BC3CCEB64C5E5937ADD9B3AB7B17D1494595AE0B32BA5580B912B9521DB887431F814F7806D8D5A6393165CF86105A19C78357743B626D63028328D55BFCE1FA4A97EA6E00E3DC0CE0544B0423944665EC214B15A57748F2577ECD1D69BC7CE31FCFEE8F1BE74FC1C6D9D93391D194C0EFD338684B8D604FE0816D0FEE8DFAFE8CFF7DE9CE9858B57AC0E643D3720F7B01AA3E946EFB23C887E84B042E94ECA69BB22F091C88C6014A9AF1B528DBC9DB53C68B19AAE6869545324A4E7A6508B1C842090DC42B1DE675A058448F605081F9FA7730552AFB8877E860B323CE9AD40B6
T=$1

[5]
S=$38B09766D842E9C
W=-$686D813CEF337D1D7854DEBE14FE10A0BF135D6F40484185CE6C853E67A6304B127755B5E088DF86ADD194BFBA8136626313A95280D7ED1FCC3983A6CDC91272BBDD1A30C4A11BEFFEDBAB6A00907BCD9947BD7A758AB364D53529913DE02386811A1B987DE7B2DE57D6C0C2D52F7762516EDA67D0676B265B603E57BB56609CB74D6D4AB657F8B434AE66CF7CE067E9943106B4BD7C6A68C1502F6B88918E01C454A6F4EF15B97FFD06A67955BCC0AFF1E4BB1E60DE4AF49C749255EE8971AA7275BA93BB2CEEF0
J=$1935D91D44A1EAAD7D3A6EB7197E4A26AFE97B3E42E9C97997A6A38383FA53AED051BA0EF03566FBA560A5F7AE24C75E7A41CF1D7978B9CBB1BF23B9A75198631BEDA4B412EFBAC98F8D230A03287130526167968F2000E7C1C7B9982AF938E85885ABE3FC54B47E5DB9FF4FEC4AA3A8919B2A7B6A72F2D09AA5E17800A0E5A53537C18FDFEDAFDACF132E07A1B537140ECFC958003CA1646577EE84D8D3AAFA207E15C667E6E6E159C033060FF2E0EEE6A8C3813014D97FD8E6534D74005213D007876C76A047D761A803B3E18DBA1EB6E5876D687435AD10B8254024A1FB15528E8DEF2F3AB79AE35FEC4CA07FA9726BFF64048BBE8FB93A4FC940103004FDD5C910BA243CC71D2162EC79D4D9DA19640DD7B7ACE7B75BDD391DC57FEC5361AC7746D6E1AAAB713462B43122832E28F9A48D4E9D755229CD5331C475052061B90A44219AE3E0E05AF677BF3842FA2943AD2D212EEC82F1DA01D3EF4021547126B167513710D46EA68A321BE5C8EA6874746CAAFA4959339659CD0CB696C14751CFDD9BB215E40C9F6FC30DD0D5685F
T=$1

[6]
S=$27802CADB9
W=-$1E0AFC9A9872C8C87EBF508813A7607B7EFCF529797A279036D8E93E11BD6F36ECA7C175DBCCEDB6EEE255994B0DD44A7BDFBB72511E3C2261BF99551100FE319EF7E1A23806C94CF9143E480D368FEA44BBC88D3DC1A85856DE944D21BB5F3E52794580EC8F3996206B14CA5F7C5DBC5FB569AAB0496D19522C33460433202A50CD18DB3F8E549F9519EEB6F466B99D3DFC042096FEBF93F3E9D43A96E67BBF6D905962FCDE88FD0E97D9FA5863544C5646170D3BA0C61640512B66E6A776D525A394DEB
J=$9C0DDEBBE4250179AB9C8A536845E08CE7BD553F4865B581419D6350B95CD1B2F4C67E8A69CB9F15BCB84D7B52B2480CEB48CC34D41926BA9BED0432D6BC34A3B79488F61075C2C79A0FB1A9F08FF7625B5C3C29AD1AEC223310F345EA177852705D00E0C04681F959CB0D3478C7E0DB4FB35B745394BB13D1D6BD66DF59985072C0B0627846D93D1A5AF9ECCC429D4CC9BA03F708824EDEEF1BC78B859A01D9FC5D996736A31C06CB5CA88A114704B98ED8D8ACB1549932F5A0CA27B57B755A17948E5466C47DB710CDF8591216846BDAAB3830CAB82C85DFC3C36F0E1C7B4343A1F84E76EA648A8E8020682A91F9935DE0AF6AA66E09394A192DA29127A894BA9261E3DE3F64F0F5409D2B9EC5EA65C845B8EA4396FFAB49EB144F8A7E7C59B55C97AEA2F1266FDFAC2DFD56D469294CD91D26AA068837170E40F59DA4370EE7B15F5851A8438D2390A12D5230AB1B9DB273FF7B40092F688461A4DE0B534A12D19FEBD6122B837CA22923AF7A6CF79191BAFB80C19C21AF499BDE2D9AECA9FAECB3EA6A4644224
T=$1

[7]
S=$98DE95A
W=-$12CCC5C059EC1897494A651F4D79FC8E14F9A567726CCE76287348627D4FE4298B9EDE69A94297CE32BEFAD7C93FA869A37E19585F611291EA15B099C1769C5EA707602B42DA6B83C1587E6CA68452E4597ACEB32E77CDB0E4037AB710A2BE82EEC1E51FBF84992E92379C7AE5DB3A425A803B619D4C7BCDD157FB74EB5391B7359061E8E677C5E38ED7B7DD2D38BADB98004D11468A8CBEDB49ACDE481097425E084009BE3A496AFC761AB54D6D47D2952CF105947BCE21311A049CC98C6091B8A4E
J=-$1B851CADF09419B77D6B750D16C56000BAD412E8C0EAC0E82E105E9A31E292AF44C11680D741987DC5E32664A8A89F9BBB3F0F9D56A3CB7DB6982028F0E328D45C0E92AF38B04BF837FDA69C4444E8D1B2B83F675D13C79650E832EA7FC012CD75548A9878F38D98505D482047C79CC4BE0E14F8B485BF9A1A1B731595D111D47D9C360B25D70AB069E6BF73C0567633D018F3BF57BAD9A2A3D9CA0B12FDC091D1763F6BA78B19B57E2C3421D47FE74E45990D89A20A7C12A616D0E9C1B5520A5FAFA133B922AF19DDEE6BF4F7FDA3107E659F225ED76CCF6E2C72AEC7F78D2978542B3258847BE4EBB131A004C26E7894B085F986C9117954572A9C7253DC5D1AC139C7D922E72AA1D15895F825EB054467E51AADC99E43231E03FB1D81785D517E9ECA7C256FA814ECC31330207D9FB801C75244AC89B0A8966C29DA55E983347D0BD43F0B19612E0E880BFAC766A627A5AF96244E6D6365710F8A448EB59CB2D59A8F1E487D50B8C261DAA8CE969267210EEC612A7A2CF4263EF545F6B8DBAC22FEC4
T=0

[8]
S=$3A68B60
W=$61A0714A0D8E685CD778CF42AB0FDFF73DA6E37E83FD00757EBEE6D008B48C38B711D6578F703473F8F2848D5F6B8BC23094502D45566FF374E6B0114748EEC8D7BCEC0C9032A7A61F66B77B6DCB97FDF3B7FA379826DB684841E09D7931365B333B0C3B11AB48858C71FF6A8D262F43BC5689AF6DF7367D8227B48EE9ECD621E1006B7DFBD80DEDA59C65F66F9ED1A8CA720CC626F7DD8650720D65BDB2237E3A5A789ED096019CEB7ADCA28974C449A284AB1A548A7D356F9C9420805F41E1E
A=-$23
B=$62
T=$1

[9]
S=$86F8CC9B89
W=$385B06F67490E68CEFB3BFBF394A14F9D336BC317F834BEA1208E9FB519BA375E073F0B172F7BE498ECF91CFF572E39956CFF774EF7B10F05084BA4BF24DA0491D3622E255A99FBCA10E19D48D0F9EB88FB3B98348C408F16642526E733A5E903D19E93C7A7B4EA9E31E8154900B945050D8F78FCF1299257B7B48204A5570021057DD8B2680D3C443FF311C6A41DEA51EC4B571ED017688700656FC6E75C5BD2AC3528816E22392CB28530C02F6567BB3344C1F77C35887C92D9A30141893
A=-$7328
B=$1DBA42
T=$2

[10]
S=$15547B8805D
W=-$3DEB17102B9DB5A3E6336E337C691A8B000D8CD561F3CB2B977A33D913339DA02D723405C6A83A22FB5D5BB8D33BF33CD82DD9457F399D4245871E6A55D0DB426FD4524A9C84708408C29EBFF9C02C04AB51AB73B7C17E7FE6ED7CDA95E5389C3061E390946E0B6F8763C4260283ED5BD364F1AA855D9876ACFFB282674909A3419F5EA8857603408510C9B84018FD7807E99022CE5ACBC079A9DE300DB35361DF2B18A07E0B0F42D1A5B5B9B2DA9FC47C816DDA32138EF2A866141F9
J=-$33DDA2355B1A734C29F20BBEB0FF299372259894ABC7B8FD682AA802F616E4012680BA0F22EC5BA65824F22A578E50B9156F7075520CB9A6BA3AB7D86FCF98BCC7A6D7C81C66CBBF7978B59168A32184D06B5C3A505B466EF0DC3883E3889DBEB04763D7DCBB2B36F119B85AC63AAF2688B3AE6B4D95A1DE7F211A6A90B13D61DE86B6AF793A4E435BA1CE84657E7D30B4056759D02A4C2A9EAADD6F63E7098B085CC24502D0BDED4FB5F5CB350C929B489CB26B478531C1A040EB2B56DD20E50E4027DA9FA592E27F240DBCD6C2A2F69420E8A6A2B1351FEC5B6EEB1CDFEF86C3F90386F09019E2C9440EBAA9D8C3CF188B00C3E117515177BEF12252D0476B500CF4749E836C46958967D2BD03DAA8BD8EF89C267E0B8DC1A3346042E852249DCCBDA83EDD43975F3A4E90E3167EA352FB6CAA3B8779EBE2F1D030357CDAEBEE72C420F9771ACA486457B391B5082E23129DDC7E24C896E509760527CD563C3932995CEB88150772D6356942351E761DABBC13DCBE01228
T=0

[11]
S=$42C128
W=-$27890BD645F63DB287528A3822BC03F429984BA7AFAAEC07DA158E2A0A7CC2C9499E2DC2DE25B607E30C6DB880DA7F26F56F15D1B57F66287BE6ABDCC0B6A175A57576FBD81EF95EE1F65173744FE3541008B46F3B1BD6FC68D50A0405DAD61D6B14A9092D58238B57636AAF64C8BE9DE5F4A2401D80A785CD8AB556FDB358FDEC6284A61E515B8E299F2DA601DBFDFD19DF44EA4DE4A3B0FF18E9ADEFAB3B7C4A5EBF4CB7CEABC27CD5AE4407C2F98FD48B47CF850841451612
A=-$1
B=0
T=$4

[12]
S=$11E544C2
W=-$893D00DF9CF237582938518A1A089AC84271D605D878315934D96F520437AD38257B25DADB0448240BF93281277CD664AB5C014CCDA40B6AC116244D3821697D77F55645E3ABF4A3C7D354087F0FCCDEB6D5BD8F4B10FC969C5618A296DA9BE07D4CB982F03064D39AC989B473392C80EE8E41715CA3474CD5CA1DA0D99735E1536F6067E1E5E1CCDF5C343390D74E81ED838B9993640C49E298C413CE8D08D6092497D22CACAE39A9F36EBD20AC2B01255A656CD11B74A64
J=-$2E21FCC64A85B1DD2CC05FB8256F8F196AD7709F3218392320E7014D7707A94C5D42758D6788559876BADEF9983D54100914B1CFB17023EB5984895D0D6084BEC7D103708AE7C112EB169887E64A6FF427690EDE14F9BA291B209F6F2DD85E64F2368E4B6CC2F4BD6E9530062E1DD218B89F5BE8B7A6283C783DE9B667733123A4465DBA3FB7A3A506E93BD97DCB3B53D12F3A5E031BCCA0F9C57885D12B1666B49DE523B04820FBDF266EB92C08A9A8DF991625E6F35E8869514CAA19477D6D54FC6782AAC7DA4415A77B99184F939817D2E3A01362E01F4C27F041D9CAA2AAD0F6F44292C9D75C52C588EC0554A8428200DFB02552DCB7C5A3A69545535D4F588BDEC7672124158D59DD34525EFFC66C59A888C73FDA4C187EDD7A4A6B2FBBEDFE70499B2BC2D98021C47AF1296AD019D5B61714093D2E870731D3CC25BE46F007CF6831578759922A1616580C001CC926E3FA0102608BCCC5B1A7D778495BC125B1C46AB117C206EC818B3C0AE335F
T=$3

[13]
S=$12E625F42D41C
W=-$1834A7E0CF490BF805D153A00717D7AF403EF9972A5BA945B3A35499774690C5F443379406B03731453CF6998285E597E3D5A64D6AB24C30E21EBC7CDA2D9600A8C32113194D8AEC6E74494DD0BD40984DA3D54C9FB82F8BC03A37CDE3B621A8DC5BF26C6D7DF831732E6C0F9FFFF877D59BD7C6E475AB9887006528F927F263074530EAD1C90D000D8D4B5013EC9074B57116963AA13C1A754983073B236577428CCDC6ED38FC8A9D73CEBF9117A5B90F55C6C36C3DCE
J=-$686965517E62BF18D19E5078610308CF3EBCC5ECE1C16248602D882380BD1986681163DCE06759D3ACD3868D9E27458D7E44085CEA6452EE2B109B33B5A42DD9BD72BAD80F604C8FF22BBA08C015CF393AECAD20B7DAF6DCD6C61BB5E7A3057467DC34336C3E328636AED583398BAC29F85DDFDFBFDCF531F1E1552B537B52C53560473E32F99730977F860F971AB23D996408DA15F5CD75E7832E6B27836EA7FDEFAF2B5D449A3F9E15E8043004052FF71E0EA534DE9B1FBA4EAFE69140924FF8611113EF009D5184126F594F6C1D4690DF57F4EB822CD34AE3CDFC6C6FBCDCA15D693CD827BB112E996023D6A2BF2CC12EBD36B2337433DEE78F2D961732DFC8F6F4E748B1E74581B7F6A4303252571C30833BD3D79066D1311404C134DA358B4774EBA71500EA98BC873EE477CF3AF2AD232540938A3CFF90EF81E31D76F922FC33033FA2368FB59E78699FDD75B690623CA36C623A952D6F85A4B6B1B9737C78BB50853BEC8EF0072648F5
T=$2

[14]
S=$D2F6DB8F0
W=-$1FF100E3116BA82163C535219551C9DED675CC7C248B40E6BF1FA9B8BB6A6C371D54CE406C2C7378C2DF9974DBB4DF05C51D9E13CC31A62038EAE2A91777FF4B17DA7379F5709E4BA87BCFA0C754F8729D82E46B6521451014F4C1E3A543118ADAFE3E61AE63378C8D6F92153E64A739917197970F4E9C0D57932922450E670F9CAACDD0FF249B6F8F9E4E7BC4776D53CAD1A3D7F14408EFCEAD6EEF3C3686F141F4F1147D4063005AB69CCD43E14AF031982A9A
J=-$3CA5CF54F7000C824A35F027ADBBCC749278EFBDA01AB6DB0016FEA1FC50B356798C5DAF8FB99EEB486692E734FDB63233ADC4B0DDE8050D82D1D1129855D1E7656EDE8E9B77C29F3AF3A6E25F5720C08A8B8E1DAD60DE4CEF4C828C3C5ABEE20A4372AFC42E01F04D9131584DB0B619FE0D3C2466F218DF4285CA57CC69E124306C7FA615A4A22EFE6122BD7FE1B3385ACBD662CA043FB7550FB952CE4ED25E6CCC012B2B26E2A7A9A199A18655A00E113391286F84F6B638978E2B29F69AA9BCDCEA950C678113EA558EE82F976FAF9D2195E8BE9CF641EABD31812409F0AF8616B4A50C5498FD8BBB312171B43D45D498DEFE44A814E2E8027CAE351ADFE9366AE73C22D194C06F30DE3DAB7408E0169A59B81D35C4744CCB15DC6CA5E76CD924064B889FAF71A1684AFF43B30753190E78D27BA8490E6ED6FF008968C13FCD0F8475A8BE160828E7E068205B91A9B9171B1632C2A555375354E54A6DFFD17C48D02BE39EA9
T=$1

[15]
S=$7AA489079
W=$47D1FA7FC49CD471D1BB8950890E02BC3A51AEF673A78321B2D7F47FC752B6AEEA9A99CEEE73A6E40BEF6661CA24903AE985B4C4A53F992F291D4216C28B748B31F6CE8D1CF6A6A6A9836BE0A91B30B5E6451CB5828500C2788119FE845207C6496E4EAF9ECD435206B959A2DECE9796E80774B24E925CE849ADE3268D0910855B65D456DB31E6EFB74BA8A2ADA73A363E7966CAE3DA12C6CE91D2CAE3C54210B5AA832DAAEF431716EB3EA6F91F00B1B5D
J=$84E1E7A8A6BF4B630BF7110C1E1D73C1DA47A1B1A9DD27D351062E022F131C57511D21EB86905F022A9CFF26BFDAD10BDD37410E8DE0648BB912A566398282A409064639439125381BB4EB1AF2FCD2DA186076B7EFE8374EF7D41D6C9EDDA794514C4AEFCE758567B96B6097D7F7B1C62E41AE0C8B00C6748794155CCA2D878A5893982E7A6B1EE3BEE8272B4F0E700447B4E5E0CB2A1DD0538FF0586BEE93D1273F39ECD28DBCD470B8FED2BBD73E9EF0301C3FC93061AAE3D9F64FAD483262CE1E15C8894814FD2C9971491E05E3F31B3EC903E2F0AD0FA71C9106C3B16D3EFED718127A2C5D3592CBEBC9F9F1B23A11F9415BC030F05EDB26A3EE53D6CC036C74219D3C7D0C8DEB2FC907B1ABFEF0CA58268CF440DD614310FA3C3EC913072C4FF21F3B28D7FC80E1989519697C63789EECA32F69D4B6D95E7E48ED3394AB8801BA0BC7C1CF2F8B57298942594D0CC1FA6A617AF4378458585FD7924C5322AEDBA
T=$3

[16]
S=$41232D5E0
W=$2AA1697AA05D1AE941C8963255F5A1A9E4596104DC2C898AD001A65F474B7F6976713AE6B66133D13F820E41D07022D4973F6E73F8E6F2105244837D7BD968015B9EA2D3ED7FFFF0F1781FCEC0BB4020C1F74BCF89616320546ECF8025943C5BAA5712801303155FA0D7A9BE26A5F9EAFF14EB1CD68DF75D0A117B5ADE46757370598BB2C80C60A6976B479A58C234291B4FD676D790A06DB1C80A3CB348313DDFD8DF6092EDD348F08947B6B2F5816
J=$C605AB427127D3C87FF441A58BD068BA9112D1A63506FDCBE3DBA555A6A7B6C47CCDAC15894ACBBF5B170791AD41D4C0AD044144BA5E2B19027A9D053D1C5EFA143CA5B245916527AC75D84A6C3E69BA2ABF9BE982032FC62AB04E169EC80FDA9EBFE551397974610B800BA42AE9581E8BCC46DD93B7C92E882916A9ABF729BC9AB587B1E87601CB89702C55B00E08A2B8EFA0A0F81B35421ECFFC52AC2876FE9BF1AA726F4C20258C967474F006BCA7442EBB9A440C7BDDE7FFB0D58B4EC017785ABD13FB539B8E28054B946E0F530EE1249706ADE8235CBEB172A5D68C37F6EDC04743F78367274FC3A50EEB9426D8B64E8D3BE5CFBEB588127DB5FE054986EAAC8C452DC3439841C725C840FA61C452B9B92D8B8B9791DE56A9147DF1EE913264891D419D3634213695972FE41B944C85D68FBF88C97B4F994AE5A1FF557570F84E11C21B1FCF74A0A8408237D13DD20CA556012C607A7BBE746DA855
T=0

[17]
S=$7B569C
W=$9928668B8FA631CF3767215EBAE2619F58E58B2EC773D48E85C302F07B4190F48CC381DB061924910107609F79120166E92717A3D6E8604AF3D778C7655346AB00582C43AC19F7092F96910FDA7ACC1E91B88B2603411A9C73E14920E960F89AF6F3130B138622D37A5BC35116D6817B6F8C1B59F9957791DC9870067EE8882B87681260A557D996DB0A5D95257F0FC5952A7B7552D9358055584156C645BC1316076CEE3A2816C6EB161FC318
A=-$98
B=$2D2
T=$1

[18]
S=$2015F6EDAEEF808
W=-$1B8E1AE6B72621E9D778411F93365CA193E04F3560D349A9C650B179ED94208D4EB72D20A77ED1CB7C3BF58E6F360AFFD9CB4A75A5AF22F058143518C2CF55BB0AE08A679825A76C5CABCDFF8F89D2C711A92ACCBBEF7E7B250FA911185A97D45F8CEB9C4B736F8E948A051910FE1DE633465916CAF37632BA76B5F9CBDF236064F2E1ED664228B3085FF14D54C81DFE9369F3E5F2999477195BA268E67003702C6712E52EEFCA3D4C3A2B6
J=-$11B9692115F3566820337FFD77232D82FB4CC5707466D31AE7C640D8BF08C1D6930CC22CD46DD1BCCE652AAAE53CDA14E441E6C1B2056ECF9AF9F61109E1C1EC856D1078DB519E78E26CB89EF1E25AFB6C376C175E6282BE5567B355F9E523FB9A97486070950D794FC9015BF5D946ED84A034BBEDAE435A00133E7C560ACF3818CE68B8317A39BFBCB5B726B66F01F67A2B4051DB1A448E6ED7A1C5FF59AB1259DC543737DB41615CE60FDB81AEE95D12BA8994D4913EA607CC15128F117DFC269003A29C8392E1179E32EAC93D131F54ECE702E0E6A494BD479219DE845E6C4B2B1E9465F817F167FFB876C2B9F48F7EF747127B1D14E9743B5443134A8C08379A22F5A120D30094D0EDEA46AF205971CB19E7C9A1D9E28A26E2AF14B1CD9182FB96DF3FB05FEACA9E0E8EFB4A15F681D3CA6ECBCF812BE86BA1088C91568C922BF2BDC860CCDA33829785A5BFDC1BC5EAB3B40FE956
T=$1

[19]
S=$16D38907
W=$595E90BA6445D69686BBE8450B31087D658FFA64260E7B7A1811C068FDF2AB19FD630CDDF42E03AE4FC0F38CCF91CDA172990297594DE469A8B2538BC1EE42B41F35EA36CE0F2FCF38128F1BD15364C0BB6FF7B2F9770A061164C67E51F22AEB3235EDC252076021B05BA15E615F120ADCA82D69ED93564EBD5501039D578E0F1801A27951FD1C5A822E457F4662EAE0092CD84864F3F467A763CDB779878EB15CFC148A81F525E3
J=-$421B77861E1B35ACCBD8D80CD0AEDD8B1BD85F29FD326680A39DA3934C3A07630A908768ED5A1E5B68535310342B0F71852157EEDD56859E50F8FE66C45A6C5D2C8F57729370C363047BB273138B2B70187F6F2757C511BD53BFA74B32D207855B6E40EECDC164D37D9A7E770BECC66C63502457655FF6EE3B4E4E7046287C114D218F50831E86686ED2ED032CF0A2272E2CDFBF30C59200719B22EDAF8C5CEF4AF5BA21E190ACD9B358FF1F66E72CCA855B7A41F34703A0A1EBF9DAEFF851F918CB071528F47981F9E050687737E58B023C9E786547C2ECDEF271C7249178A30EF1A6AC096D8C748E3DCE135F2660C26D0478ED0B4FBA726E5C39938A62E9F04C635E7AA6174005B7EB26C28B92159E11136D03EB1C114A25C1C9E257E26CAA9F00A1FCBF8721A62EA5D2E2ACDBB4FC35CCCB4231CFEBC91452768219F7579956669B5A0F582F9D958175C7211C2A1
T=0

[20]
S=$159713A4
W=$54E75CDBD42512855C4412F3923C09ACAC933602BEFCDEC01421976BCD247F6AFFC5C5B6A6052826AF34735B36B54ECE860FFAB59085C470AE21A14961F0250F21B7718C895EB010259A2AA177C2D5DBB14928AC7ED4990B75B1FA15B88070DF99584F747FABA4937178909A31F30AA78E966E225794FE05B115FFCAB73A23F35CDB06133873A467D95031BECF60290BC3B2C8AE5B2678E61372921EB74602641C59639C39A64
J=-$2B182C97751B9AF2C6A18DF7B5CC3A9185D563F8B106B6B445A870EDF3047892E2A8014941DA1EFAB459F873E9D9263E740EE96E398B07498587600E8DE8AC4261C0A77111C26697E9337FED8947047442F4FD6C31879849D76B9256FB45D35919AEB6ACA89208D1811BBBB25FAF5FA9637879C6585D4470CD7E45967E8022B001A18739317618DB3C9FBAC7800F149E2FF418D352F59815000ED5A449AD429F5400FDF9972BA374325B0C8D461C01922CEAA0D67941266F740AB667151000F076629D9ED43EA8FA080C4421E1DD0A25FF150DFD28274EBA43E9E0C4D0D124AD01460C2BE8571DECA76A3CEEC283850497F92D7784D868925B41902E50D1A4B82FEF0C7D8947E2FB1DFBAAA4102B8CF7C43339E86149BA70BB35F75F7C65111B2421E1825F05C2B822B862113EECF436F64C13FA3B96ED23B88BE97FC6D1319DCC97804B5066804628D3D435C
T=$1

[21]
S=$167A9B46D994F28DA
W=$106CD400D5B5B2586FD7A2E7D016DF93B429FA308DD94B220DC54C202587BBCE8440F29523739E80C0C8F77A41B420C9D2B9BDBE342FD8660B262534EAA923148DFAC527EC2F5E822B1277F9D516E7DE4EDA1D980F8D65D9FADB291A286792EAB0C733E23820B2A757FA9530417934D8E718BD4C7606F0AFE8ADA0202CF9C80F426B6AD827F94D385C3B826524F517C0ED85D2BF9B6324846299A62C72827611FEBF30D5C4
J=-$39100BF3AB882F3D5C2E9A2838635F5FACA6FD54AEED3D20BFAD57402938E6659675C05CBC108502AE1F58797C553F27B8D833A15F4FCDA9323F1AD7A20BE36E954C0EE6251EB13DB7F4D7653C4B7AD9491314F10121D7EA0ECD2BD776EC9E51A4FED2446F8F24ECC558B260B86C52AC6A2C34CF330FAFBACA7A0FCE1A6EB876897C905AFDF7D72734BF8ACBBAED47ECE57B1F834ED85AF5A1826F02B7D25076EDF47ABA78E66693B0BB6A238DC3EA189850C1602EBC79EDC8CD145AB81AC17D6025898B63375DA258C157ED931103E9C33E2B19AE0AB3FC2D365098A03B71123290521D1747326B5BC0409FB46EED2A26FA643D26040BB38502C886F4753125DDD0760F86CC7D8E31E5F40329438B18A7F7E7C3689F13FF1707D801FB9EA7E1EB4E925D3FC2AF9D7A1CC5DA2F4BFE7C7913C7DEBD8B19D5412B6F16F277B6D1BFD430E5ED1ED1693
T=$6

[22]
S=$3DC403A
W=-$87D1F48037CCA447B1C21252140A3861837D7A0621F1E07340937369EC99361A34C9A43ECD2A873333234E51A43275326890FA53F87B74FBD1CB850BCB779707940FA35FFE442D09881583393F15444EFA8FAC353F3CAD5DCF45865F953651835ECE8D802779B83A0CE2FBA131FE11822F216EB69D5F926499C391C60F9B63D386204D75F409FDDAF734C8D2006FB3272883FFF7D97B7341C9477F78D0DE926C4
J=$C8570D803D3B241D6C59A4C57B4F095556D03F72D6068E7A3570110DB1EF6BF26CBCF2D61D65F0AE632C5B2A445BE4980C3A71A0DF11B897A1E6EAC0B2DBCF1C30F6D947D332235F9EAEED19D36AB6C6BCCB3FCD65B68A7005C827F0C05F99FAF4B58121835002EB3B90978AEB4E93BC0C97CFEA08474292E182563EB852055A55AF425CF912FC905F3B7D09BB0E185748515E0EB40B0DC37A1987B9A7690A05C2103A3579433C6038DDC4F0B28F2FF0EE1FEB3A9AF4C65D56CC20487F57FCC3A62ADE15B8BCB6818BF3BCC3F6330262B72F96B44882E4C21BE8154647270BE4C9A2B715536ABCA1FE77D1C07131BD0936CA38A35D395276AEF7831290C1DCA02CB46EA806C3F26B770235A46FC126B141D78D374F215DA971FD9CA1BAD9783279FDBDAC59238173DC01D2808FCF665D0CDC69B18C423596D3FF5AE8A364F5953
T=$2

[23]
S=$178527A73E
W=-$249146DA88DD651B963CDED6D2E304B5BA331B0EFC6FCA68CC1892C76A9F9DAFFCBAE78D3B5F63679324B613DD9AEF1EB45EA19A124B656A81C5C8EDC6192CDA5C1C2817C4B84839250CC9E52EC67C48C6F8E38E8EECC7FE83218CC2C3888E731DC75D802A142BA8C8089FD410337616F3A4BE8FB4C3AE26DC0907E7B972EA9AAECA3D2ABCA02EA2FF9EAC6E6DF663F96A3650F6D9C2FDE63F097A531D0904
J=-$701F0F196AE3FD142A82CA3E3E9C2D581C90543EF2E53FCD3D5DCAA1B35EBEEC3B2AE424867F43F7585E959E43E8B8CB4971E380E2B511552FC2E3FF688602F59E143CEB3329DDED007FA757E4AA0868ED8B1B064573899B3DB6D36BA628C242AC3EDAD68BB40EADF75877906AB488AEBBE4F557849A318CC7BB45D78E2238FEFE6E4ABB037A7158BCA89943A485AE0245E9CA226D4766C95670D18C9F9140E0F0C01F9CA3D51E0F31306ADD99A31297E1E30B1590B6AA68446CA4FA646C425308A8C7000B60DFF361A46CED1D7A4CBD5F53DB1554E9C5BE85C9D319BBE15B41B29AA2D78E40D05D9CB795F06B6655AFBB2CA8C97D8ECB30A4033EFE9D5AC7D406783E395E3C543A7AEE967A5DE73E437479A0788228223AEA52066BA233D91AE3704DFD7EE40674A0702ACFC484C9B8441E4D662EBB454D9C38873A9B6
T=$1

[24]
S=$267D59
W=$153EEA37E610CEEB2CC2FD80C7805248058455F9F0F2794288FEA8C8D53F9908DACA6F96E76B2CF70ABA608590292E4BEA1E1597CC95154D6A4F931181BBB2CA8E4A695131B14CB94816CD2DFE680F28A250C8BEB8EC90999DC59ED9830DED53E303BA578FA34BCACE8C241357FED64A622A51E6CF957459F8CEEBF243826A3C808367FD165202E8A2C4914C02E4CF9F894F2A60E770D8E3F2A5FE870B
J=-$3D15CB04C8E66B01E2761743B70820E24C8C543452C6CE1BA2C67630ED8B04915AC1D19269375AE0F3FC7F940534A1022466B219A68B6FC0C870B255FE39E509235848C0B5EEB502679E1359D5C018D05AA1A6B16781ABB4A3B6BB8E3E2EC020E6F996C73A80CB5E169F24784952FB4E204DF1516FBD94BA81C1AFC06E3060FAF0CB334A5EB3CE2ECF6C02B68DF6F71270C4191D3E047F9969AC257BDF7200C7CA4DF303DB408065268312E3F9572EB814C7800115659CA5E807EC1AB514910ADCF3DC189632E31031D18716B800AC605555B1AB84EED6615FCBBE3D09EBAE4BA9432DC38E7A5F569ECE236E7B17330D223830B88B7A47602129F770AC26D6FFD2ECD508B1F898F14D3BD6B0921BA61D5A6244B94D29B2258BE5F84382BFFE7BCBF8B05681918C5CC4861AC1E07069C37BB67B479BF27AD476
T=0

[25]
S=$5F723694BDC0
W=$217F935AC6BDA86A62772A89654FB832CE32097B67DDE9BC0980BB87662C8F8A269BB4070232F0C5F2D8BDADCE91B4A92380BAFA7E5DA42B917E72D16423919D7D29F60EC209D57D62E838F124C7F345C9E319AA6F6D3ECCFA5F2382D8D2C662D6D5FD6761BCE7E6D0DB01E546036B3E7DFD532C3E862A1D9F1DE585B5F4151696ADD105E716DBEAA9540E5582C20A25618245196ED3F4E9E3B1082
J=$7683C7F093FFA9DB50E8ED8EEEB14273F86A1CB1F6CF739359F9C84052574C3BF95902FA839F9A9828B54074E74DC3446B947C1D7F111A1F50C3BFCB91B1E5D10F94C25B3F0C99EB5F1E7397CDBB92C9A24B87C7CE94D99A3491591793D794C17ABA62D250E4AA83D316442D8BD176FFEF5410A54E3C98905576E919C9ABA1002C28F6E38FE0479BF78AD477990C4263EB16418568D4BC314202B6972E715B172AFB71219EC719E99D0C73D9D96D6AA5B592BA4686FB09BEF24376D22BA1C0A99DD3BB2E523777250912D8A3FC81C71F47B5C6958414BFDF6108BD610FE705C85138123A18F2AD27765C2FEC540F1E06DC51CA65DE874166518219BE747F09BD5467C97FE6521D99A7938CB1EC264BED31B0594D2EF4455EF47B567916086F7A01F516382B62EAAAF79E9A1E206A1E35F83AF43556FE
T=0

[26]
S=$3E148D08
W=-$103AC6E5B54272C4EC0BA8E90E43E56499DDC4CF78111CCA6E93C0EBE48D30E29122AAEF3B4C7C437BCD7F167A69744A7BB4CC7668670FBE2BA047E9478E18FE43B89EAB897E6217B9BE7966DE2B0AA52B08858F4666928D251340A05C6EB1CC0918AF4A96BD5D98B9A09A493375A653FA73BCB605F3F8ED8A037B1E5F3DDB3BE134F903AEEA4BDEA75C1A9DA6E86F1C3171F0BCD70C88A8E
J=-$55253E87FEEEF760424EB17C06879DBAF61FE3B348EFC8CBE32ED58667BF6596F3B2674B2F161660E39BF6E8EF7F377C5DE95F3AC7B046850AA3FADA39B18DEBDC7994A1D8C079263E022FAF379C40886DEE8CAC0064DE0E48252524C87D018E86AB8F3D642B008074BC4A0FC017045532EE0F0EF72D53124B0BDC80A04447108C2139348EC6F7487B89EDC465DCD48698BB5637D86A3C06876A72B27385DE078DDDB013E7293AFF8DAA60D93E62A977F034087DB16E3C4B7D8F3AC57FA9FBD49FDC8F891FF1B04156E0F5C7D58C9175DA277835B85B0EA5C7630B5AED04B792DDB5B64D8CE86E4028D01266B89550F1BE98B4E83014921677139EB5B4CE0086CCCD6459EEA9DC1CCE9ADFF464A45D12AE969BA153F543A7A20A324934DB431E11B440DFB6425AFF16017963651C73DD1
T=$1

[27]
S=$B821367E15679EC
W=$DC9912B23B3CB4460DEFDC79F6B20F2BB19334003862A209BCE24EE16D2BA6B5F3DCBBCA2E256C66D330CD1861BB765D942585D55E206A089C435D1DE3EC849BCFD090797623F799921F1ED0015F447DE5562923BB909E63171162CA95EFE465BC49D757E4BD360E9797E8CC83F7CE0F3062AB462CB6CBD3B180A388037DBBCF373F0E800872D58B29AE4ABAA65090A3CA9A9917BED74
J=-$58938CE71BDA666D7F19C2C2D32061AC017A2EDFEE2DC6A6F0C4B5FDAA259AA7BC3C5BDB3E036D1ECA88B458667061991CD05C02711483DD4830D19F680E9A1AF683B1ACDF3BBC610898EC718389D61732CB140D0284D3376CAB67DC388E58BBF2E9F25B7AEB2EEF5FA3CE4B0428C4E573FA3F5FFC7BB4960BBEAC32831D60FF0D800B19E332F001DE0D3F1F3CD387E1D01D34D95D7B561652773C10B47147DD1EE1B4BBC6DEE64D983C34B593B6F8A247DC6EDF5DC4C87BED22221EEBC589C5C5F30A36B80F27FC308CCD8E1B0D53359BF12827A3F60EBB9E664D07F84951EA4A284E9BEFAD0B6624DC6519764902F37204FD3E3F8E25FAB7242829D8712FCCF353C4428725CE786AD0226D1D7A126EADA3C35BA29C85B5893F7E7B765DDE771F5C59E5F37B012C9655E26EE
T=0

[28]
S=$76F0AF38F61
W=-$4208E1FE6E180D6A55154394D42B7F31D4DF5BD9C70D1AF2C944B05FBEDB9C9CDB6074290FA5291F451C8175ACF814C346CE729F2A7327A629FD714A5DAFA1CFC966C8CF8F8643F6BF9616E9F1B172ECFDF581DA7371F770CA0409D4C310DCDAE601A9031490405E12CFEE6D60992F4714703BCCBECE71B48417D8952C732F73996923952EF34BD55E4EDEB604685BC671AE5D
J=-$15D977C00726A936C99A526CF65112D46DEBBF3789AB9780EBB79765844D16C6BE8C1E07251F461B972E80EC39743F662CCC13E267AB8094F66A0B30752B0AB84268D46DECE8EE1EA33B1C8B7FC8E37ACFFCD4FC76C43302844400E014D457C9CFE8B3A263602728BA7DCBCD705A66D0C14911997D4F7B2807161B2EB4BC68343B9E3AE93DFB4ED8F9B308FAB6FEF6DF0D30C71530DB92D977C4322C203E955C38025D61A7F18407E9C5D378AD31C226A19DDE734C6AACCEB7FB9D1B8ABD3642B75E4D287CA50756F1564AAA66FCAE7727C626E0F4885AD223EB98162BA53375E86197786B256A1D1D4CF3498F6EAACA1742535E2F94967A3AFD6AAB8C5C29A91F937C73389B249B5F7CCC6A9985DF5535A79F81A873D93B7CFAD664290F13C226DF58CE755
T=0

[29]
S=$D32625C
W=-$14164D2BE54899F347C7C5E4A5A07E04847F5E27B1C3571ED5459398BC39258FD514E325806C4DCD184DF2664AE6EA9245307698C1FA775E18ADA4CD5273BCFC79BEE6365EA187A345A5529733358FAD8508664C9E050239CB8BF84DA84E63C62FD55F61F9C83E8E04AAB0BCE1E1A223CDBEA5B799C89F0C68A0B370E0A179D60D1C88D02F92921DF00E2D094D6923422
J=-$1316C319B52CD8BC9A69E068E9B530EC0300825CF0D95690B008D7E7CEED532AF656692E08711279BBD4F12E562BE332C0B08C77201393B51C5941912A4B8CBC3676E8DBD1ED0106291259EA3F8252CF48ACE25B331E77A39EB3213913DBDE7DE24F14E9DB9AFFB74102ED62C1C9A51F36B5260E6689B7FBC5FD5E73A4CE00FA5E98AEBA46E60513689C395879818F05858E35E9941EBF6ECF0761E0E798DFA110EA53BB7CD7E05FDED8FB6D73DFA8866BC2E631FE3EA9CA1C24F3FBD3CEF64A7DEADB2E7A0144D068257FF8E29CA1BF17D24AE2A954AD1740D90D2529EA614FFF74A34B6698ECE4446059FBE0CFE47A18313DEA2CEA1DF6E6DE1933F9D8FDE5A6D85BB741D2881276AC6B6A5FE08331C7700D3E7FF427B8EB74DD06D525BAFD
T=0

[30]
S=$110193F4
W=$69EC44A315898EFE8E859A77075909496F3A81D6FD3E53AEF6D6F54B39F7DB6CCAD2880AA7DB97CACF500073D2F50B5D4AF8D8C2A64D77C7D9B5082A0D800381178BC9AC0CD70A0C9B54D30909E4FE506ACF8F9EE6082BEE82ED3302005A33FE1BA2DF3F23E7B65FB34E467F2CD952B95DA8DB64B5338CBBE9F1AA3F952652665CF288F929BC9EB31AE759D283706
J=-$33D8F54B32245B66F03B0496D5CDF2F4742C119622E1AEDC744C26996D433CBB47F993892F52F6EAD70939BB37501338BF8AB3873AD55101F43ECAD012C39E689F5987F0F7EA397FDD3B6C6D45F852B623B592A2680B01A0DE91B8B35BABB40C000811CC4A252FC9C86F0FB3A6F0D659CDF4796E4E9C17D3EF9DEE90C4CDD58A9CC8CDE74AAC5D0B41A91935EFB9E74A4008DA9DB4608275812AE24D75D3AF29F9BCFEE1CC8C143433A48BD16C43DA42CB5CB276978D58EBE32314C64DFB59DDCCDB01674EE54841D75CD66A0A8FF2FEED44A99C8371975EC4A6C0542AE37D06A5AD096C592E9A0FB215CF6BBB5EA4267AECC5AC038124337B2C85682333F8CB0A4661D9DF620E1214C57BB5A5EB9C4059C378F47E764A8E88E53C596
T=0

[31]
S=$99C3EE0
W=$DA8EE6174A7D0FC3599D11B16F9EEB472B7EFC59067047E7AE0806D6F21757477EADF13D1787C525E062F524BB866A0DE390F0BB3D92A1A7B6F9DB8F516579575DCFD97E1CD9E26DAA53A58E0A33299C04AF663370C335375946F0B9EC7B9402D483B5EB3260C1CFAFA040426372634B733E2BFCFDA5D5D1793412A3E41265E79534486EB2B1DFB673293A9B6
A=-$23
B=$62
T=0

[32]
S=$3E5937728
W=-$74E3513A62C17ED440BE341239DA8DFBE2F6B5B6947F29DB53FFCECBE73178015B78F3EB84F2745E03C757640892F0E7161E4E01E3BB166ACE9D92B95C8ECB0633F4FA28EE14560370D44322AB8A7FC40C8E4E9F735479578154578B4D9589C09AE67997782D9D7E73ABB9E4D0E66B89451EEE734219206BA650A89CCE2D9EA2F1AAE13F05F1FF1F29DDB0
A=-$23
B=$62
T=0

[33]
S=$BE934E52B35EC313
W=$1833A2196905033AA9263F357EA109A0EA38EADD4EB57A902D2C47933D7F79F523D74E5084602632F60F67EF2E3EA97EA76D800FDE6046D80FEF5D3BFF082ACC1079AFA298BFE403F9D530E569A7C5906BF557CF2ACF61BF1F7996ABBF2C60586679AF0B337C91B4355566474C1FA9867832C862C12F323580A94A999BBD93466B34F1A074CF74B62D
J=$116FE47E089619B7BD070FEFE52F46D97065090D6156683CFEFF3266D921EDCDFF04335BEC65232AD133EF177157414ED6460938E0D96FD74FF89DA9E156B35D92306D4E1CD2A48BAB4F670961B13055722E99E79818D2A0E3E24CACF6E04FEA5B765E4073D82C2B7DC69BF1B5C708D6F79CBD7B6568F97350EC9373D453201BD06D9B6408726D363E88ECA9579BA53FCAADBDC6A881E475775F840DD0B796DD1E8DC3421E21FA2092C38B94C23525AD42754BD23826C74A16BDB0899307F1B3DE6744FDAFEFC59D6E2B60065CDCD0F0DADB924C74303A173D086816B474BDBD48C4E66075A96CF61AB591AC0F73FCE2B3FD1910F3907DDD38FC74002D0D978FC06A119E7718E1A3592E4D782DFD73C0E8D
T=0

[34]
S=$11868B4
W=-$40C6DAC4A5A386F7E4FADBDA4D54DA0F1B580CBEAD0914659861AD10AF8F945E43EC0D2FF32073B323893DB2ECC2FF2780596C31E36918D2D39FB66454A1675DEC88D02DDC41BE5FC7D1E771EBE674433F954DDB9E74BC9822A810AC8A074ECF83816943794E0257263A689F38A80A67E7850A7759D2790CAC006A99AE0A29F9A61FB04E6A
J=-$1C4BCA8C2EF614CA0BE34880013CB54FD6808068C1DF67D1FB26198D321376851E8BA9CC10BDA3F9D49A1384394BFE57887D215DB0533A9D9F00C9BF3F77E48898F12318BFDE20AF3352FFB883B250A9A50CE4E6258028B5596216CFDA6EFC67DE9BA2C077B4AC880374630CEF49F1E4958CADAF1246CEE76948EF89CAE34E243C658DCCCADBFF62E18163DEB41A82EF5E59F1A4787F7A94D4BA9D3ABE52599A3BF351E1C78842835EF89C3CE67A35C0483BD698736DCEEC2B70DBC8F03B879E79CA2BD7566621B6CC2F0D273860BF1085518D6E86C6A242B1C4B0931754279B1A2677638CD979CFEB0D9F9BFFB9D0D24D5E7A42607038674411E65541A3EF9B31CD20F529C400E1AC4
T=0

[35]
S=$D77834
W=$1508BE10A8D65769F679E5A95CFC9A43B9996E102C7A56E5D3D056338CB24E22B8B2DF102CA48A3BA23137295DBF317B555A056B93547E1B61DDCCEF11A7A8424F3A59DBFD04E2BA28270F3F4B8674063B1F8DC9E02D00E6C4799A5203221BBFBA6D0037B093319980CEA626DC27D4CAB13BE82481E23A7D4551207DC0DDBF22E4A2962
J=-$E3C2FEEF408011707A0BD4938C5D5D98619AA1EE16036CAF3F1A98AD4889F333BEE85BCB0D226DE3CDACAF9592E285F0C25BE2ADC9EAB324648C77647F9C4A0EC2814EC75C574932BE9C403C3F33BB303491280E5DBB7A6564535E04F3F8058D71EE364A27CF04664C126EC4CC2E4EB1E472B2F8F910DB82DC18882DBBB352778E1D464A039126F9E568A9647ABDDBB6B9A8A455052C2804AA29511ADE37B8A8C637805120337323C7BB0BAA49BE052C731383C05782027FEBE52312C6B6BEBE73142E58028C2133487DBD7EEAA4503121B4524C8EED23DF45C96420A37B5D84842CFBED40C51A5CE03700ABD7C2A90141386D6C3C700480E84A796A0EB6ED1AA5D725F769BA
T=$1

[36]
S=$22FF154
W=-$2D30DF163E052F100617312E76A1E486885BC7E9BC1F7F839CB6396520A08953F6FBC4A3AD782E12151795F797A38AC69F3709BE504A2A11C8E9C6459C0731EBF782EB81CDC3BA69FF66E544E8EC5A0B9928BF38786DD663C864D713B447D3750F42F8E24277E0877271F24676C615452D04FF709AEF9CC256D5849201572115C662
J=$124AC4E8CFCCB06683ACC3AB2F0781E910061599BBACEF14CE745D8C269602E03DB5D89E5345E10590BEAC6900DB32FE811A36B0EAC7816C4F6A2E58C0AA009E6275B773146A7F19A3DDBABF7153988E037209C963374F3D1D2C0FFB16498E4546DBCDA4AC2A50E08C5D4B3881C36E79B89C79D316586BD45CE939D5FC0C80F7ED978C5328804597D7FB7698134F1AC1C2405160738345D222ADE2EBC898A8E74375E2716CAA5216108EAEF69076AE8A83533ABF80C7B518619063B3A58921B1480C6D26C4633D83419ECDA7532D4D7CEF8453F5AB7680B98CB6956F108988E803B0F97488917C1F5AA4961334434B10D189AA35B29C9E3F9F1ED0CDA08269151CE53EA
T=0

[37]
S=$110340673
W=-$34214F16EAFA358F4D3F578538B8E90CED75EFCA1DDA51A0F16979038C4C011C93E89E4743FF9008330949A1CFA4EE28162EA21689FA91815B94E801BE08334058AE62394ECEC069CC020B9335939C2C3BFF1A70F3DBEFA6ECD24A691609919A6971F16002E76EE58A62CA5EAF11C075FC5879D049BAEAFACF3637956DFFB8DD9
J=$A7E1E6D679A12D149F4A56FBD6D3684819C88BE6889170190E837A9D04480757594BA8835C7999AE254DB45667B4C69AFDF01DAEC2AD3CCEA0C111D8A0B799797576E2C5C327F7E6B54281332E2BAB584FC6CE72AD35E86DC1A80AC1B7236AC23564A8AA16C14CB9582FBAB082047B092537EEE2562E6D3C2DCCB4A3A0CD607E16FAA07193181F876AB408567FF2A1B1555C3BF43FED8414B4E7F3C5FE34C745D9C7226E58DACD6ECFF055010B9D520CC3CC5A7999CE0A1D88A9058651CE13D0C2348BC50879AEDAF7887D51FAC6B37A3DD7736981C3EEFE32EBBA23FD2FB7C073DE4AE0483132145F6E33DB9C8E66C893F24068FE09F87D2504DDF3725AD68D
T=$3

[38]
S=$3BC3BC3C
W=$29C1919AB507564B89B06D8371829FDB42DFBBAD60DA297C62B2C81AA1EE53F2D108679A7AE8CEE4C3B53D74158FE3720D30FF49ECE9A777942AEB6E5F115E9C170686E967613227D754AEAA2B5CB0A80E24B7DD98F32626594F824520F91F6BC6AF209ED462FAC97DEAD372C9BE35B9A0F9BD6382194002C8EE71F15FFAA
J=-$155BB77FBA2C5702CB6EB937B3893890CEEAA53465C88046F15B09014908D520576B76CA5A9B97CB751429DF9030F205AC283DB76841802ADAD6C30AB914A6661D8F584FBDC8F8A3CD99CAF3E66D2F445DA5F1408DA1DB53D57DD76343D40BE99021BBFC6C4D92733F0F48D939A23CCBC452CA84A39441652835E92B78A7375BFB6845E071C6559FC4E0ED4D9870630D1B8015C23188FDCA182BEE61117ED5C535F16587E167F706419A1BDE0EEE4E0321355DD5E75E0C17BBAE3274B130E52B4C066FE83567929FDF51B66CBDA49C73BD719873C9563975E02B67B10E97C13BA9E838EFCC4C8A96710FDF189D8D73B5E4217CE4A38477F9D20C85ACA
T=0

[39]
S=$988898225428D
W=$3864C3C5E9825B843DB9D4C55BD08E3DFE48C0EF8EB146C944F88ED22E4B60F8E56FCDB4D09E3146369D2ED3E2A7CE6F026E43F9900E46624516A96D19854DC8DBC84D3D61D58A9F240F2D5464DE44D6DE58C70F0F888810E042D5001265282B5128B1E707BD23E4FC9E9B4D7F7A0916CCD3028773A247CAD5118B617
J=-$22CE69E1C2CF4CD105FE39CC05904EEB713990BD7573590659ED86493EF59651556AF7CF72FECFC33017B0FA1FAA9834C126BF4EF490CEE75807F6F03240BEC1D3011FA93B37FEE093E0850DD39A51961F2731F1DF74B2AC74369A28F54D2CEA3D3C69852D4DDAE5D2C6DBBA6FCB48D62EEBF62FBDC649C36F379E020EAE52A7376ED116221232BA7487FB9947ED33EA5C2E597E7266A28A9E5F97B2506E075D3336888FD8D8DF2013FE44C75542CE4DE0E42A6CA919C2B77976E71AD719428DD46FC1650DF1B39B816DC2C93C1CBD29BEACA3C5052F65F435BD3AFB0324522C59B025360D2584AEC388F8A6FB319A0445CE7F684B524C907
T=$2

[40]
S=$8F1A78
W=-$1D73307A3B40D74E3C72FFF401B76125B19C0F30D990D53D3010C2445E8BD96216DFA5907684891169C245ABF879A4498AE1A2EF9CD7F2A82E6383D96F68C57D9172FB8D7C9883EF8F56CB1A6DB967F9BC3275A23AFD20FD956260B324B9C09B829CDEE8D2E584048CB347E97EA149269CB10F4B455F5499CB6
J=$4E14D6551ECDEC577E71BAFE709D4795276701F9009BF9D875DE679EA065B865073F83FF210397CC97A8EEA2CD759567C3384C4DE869D5F532899C8023F8EDFF7A80FE44D17D24D3EECA2D4ADB04DAA17F041FCC48B3D7D48AF7BEA951D9B0E0F982C4C2409E8ADF6F2FFAFA70C75262B09524E7C335279980910240921B4F8241DECCA0E1C49B0A3DE449487E8689F4E99A1F3030AE6C1FC688E19D828C7D4E5C9F99B715A45AB0E845253D496644997167D4D9E0A8FD0645B07DB1163D7673152297CEDB043544238214325BCDF931CB0432B68482C659A01026718F7FDB8E6C963334552E1A05CB747A0FAC32E35BF343
T=0

[41]
S=$52C8
Q=$7

[42]
S=$38F1177E
W=$42EF6D419D0284F24DC69CF55666A06CC481E9A3A1832C8021A4401DC1EF04A650E733B69B9C3D4F904C4513EBA3B24079D240B23C34F69EA3BD8060F27A262B45B92129E19CCD441247CD807758098A0371B0118C54ABD53DBE7A09583BF3A2E1C568BD6DD51A3F08A1B1B8F19F444D4694D6FFEEE2D2
J=-$2B057CE18C34F95B303405A45A21E0E281792AF7DCDAAE64D26DD213417C3AE35AF360A616C8DEE8898C68EBE4D4FBF6F93AB182C2854120AC719153F0E7AD46C346143E58DD8E92C101B6DFCEE9712A5ACCA9A5FB784B60432266D89E0C92A1AA93FE7AAA41839B1033F68327BA611B236E85AF8B0321D33A3A4CDA655CD2ED2AFD5FCB86BF5D80F5BFDA8ED12F2D7975CD8B5B5A344BB8E120B978CF3029864A99537EBE3666E9FF2BB277DD08CB58B1E105D711C41018699B5DB170388EECF388E418E38348237627B2C1E6EE2D4016931487891D60C5D137BB5B7CF31FC5993E5C33C5D7C6691C507AA2D70
T=0

[43]
S=$12944D9B67
W=-$37FC42BA9AF91469F00EEC63BA29B3071E204ABFD75F224D330DEDA7DAC17AF17FFD4DE524BBA9237EDF45E830D592A6405DEFC2EFB5E7DCD94DD2C293598B2EFA5A6F6B5ED7311A3D67A6881BDA4351D4064E1BA980B04723C36245184914EF9A026F2185A144A30459C637CAFB43A379C97AD86D
J=$80D4E1D6E128874A7132C665845514368199E3FF1C9FF27AD34997928192BC8A8628896FDED55CC63F61013B4C1E049BD558E351A9E6B429DC6A86BE9906E520F3980646A8AAE14BDA22C31E5DAA894061EFB81427A4764E92BED4AE1E981B34681589921A1845F319A5884C8A9D007E0ABFCC4456036D76D936B136A5ADAD9575518EE1AE209B828501330FCFE40B89A5A23E39D5564BF568CCBFFA4076C252AE8EA54DF21BC7DAFC0E2F76F0FAA2D70BBF5175C67FCF29CC730D23EDD5F77169324E28D23E2269D063CE06F5D6A1BAD843AAF773BC066600C97AC995A09B421B9F9B53781C6FEE551
T=0

[44]
S=$2363351679E6BC8
W=$2148C5BBB199469D72D38992AC0D1FF4F93C2F511DA697A90CFC37AD6C101CFB644C13FAE1C4AC2E6FA2837A1950DA7C4AE81BF49BCCD671F0806B004B56D73079745CE2F2E4B2ACA6E02C7D6FE9FEC4D13AE62CA85263F94D329EF1C82C3D93F1FCAB45D128C71245DC3F2E8207B5BD34743E
J=-$12C91F0326C0B79CFCB7B0114E20C18DB2977D75DDFF6D80672AF4453D4B4C38BB24C1D000B30C4001FC4361AB647C7F1F0321FA739A1DF7B52C667A2CBFCDA57619D2703E0F0228FBFFA31EF4BAEB9AAFB7FB2779F74DBD46D4F2848876ED9BF07EFF37687C63599C3C04887F3139806279562EB34F092A4E318AED3C3FEF18EBCC32206A744C69B79681BECC3D5CB87437F2D771E612EEA38093D76DDF05FFC7B35F124B638CEDF87B2EF28D5F8203F1274152EF34BF877DCE394F5488B57965714E1E5E151C16CCE912434996806108CA94C874B07BFD39D5507F5699C9517D40AB438C
T=0

[45]
S=$10460E83C
W=-$DFD4D2721751345463070BD5B13BD43037A5A8F63BEFD128BFD790AB0F9145C93D7874ECF4B459D3A605AB1A884B4C017C2C220AB02A1DF6ED3D53074ECC2A8A4E3517491FE8FE8043B53713E684A622FAAEE0857AF62D6CC1398D825F018D18548132B2E7891333FC0B1605D1D11A
A=0
B=$3
T=$1

[46]
S=$4CCA8D7BF
W=$17947BC64DE1B7FBBB9A76713A9388FCE57EA5DCCFE04A9DDCA4FDEB9362487C80E4DD4CDEEF5B6DEB3DCD775A6E68C4317AA4F408681A6585679201261B0241745080E070BAD00E50ADE378498D2C77B201CA5A50E4700FA209A1403DD5FB03557DD04350C0E707B4762C04EFB
J=$1EEE1D41C32B607378DA90E66B1AD5D3267F3A59B61CB75A7C6FF09539F0FA92DCA03BAC7486B7A1D62CD349081004925C5629EF084ED3CA27C3F78CB42D6279999D1492D7E7C75E2BD9935606167EBB4E6D04EC9D8D4DA5A53B3289C90428813EA00E96DF3D51EEAAF342DD3EB63050039E8ED96925018BB77CB363EA5D4AC5234D1AC08C4ED4FBDE9D625EEC6A7DDD381AA01D6850A2703795273F40832A3E45213B16982BCB39EC86F4EF0C479739022BAF794169422CC8F7F0C41D6E38C35198A026C36649155F6B8A168E76297DE3113613816DEAEA13B
T=$2

[47]
S=$23D3DA
W=-$CA9082F5EDB128ACC982E35022B074D68F793AC4902A014744EC31250D7433C7F5905282D3CF7434A7EA9519C555E2AF23754CE13AE9D9A210CDF59052EC56C1B3675B6C9EEA4548A861D38196E6D27E7CB4CDE8F7DA63E390AD6D5796FFABE9D81F8C0F4F2EBC6921989E
J=$19A1D8C97BEE7C3AD2ADC4FAE27CB642C7917E15F7B6931C90D5EBA68D9A2E6A3230555D9CC6933CA8ABAFE0AAB5F832DD925FCD7E3BFAE25678C2F1D4FD37908911359AC189116286E178121A10551DCEB8CB39C38ABF727E2B826304AB82DF1745A971E6A48CE753CEE5310A927CD70867214BBDD6AC646F9B4B897F0FE1A2368E2DC97F585D38109B4850CB586469582769012F70BEB757046FF04C70E94CA4B61E42A6680C71DF32EAFD8A68500CD5829AF8B4E585551346DA3BF066A634FB3300222CDEA4872C3D7C108C6255BB8BFDAFAC0EC
T=$1

[48]
S=$1185698DCE07
W=$2880E4D14F0C7D353B23648C2DEB96CF58183ADB2695890C39EB0B130AAD91F091608A9688EB9EC2790718572A11F987B6899F42156D47DB01F0431DA8A6A2FF8FA08352A3B9D919C8925A2C1FE83DA9C6BCD1DF2512AE0942F283B30C6AA742469A56685B48F2877F7
A=0
B=$10
T=$1

[49]
S=$DC2524DE
W=-$1B1E3A5AA51079F65CDD73D42F6FBBDAA0CE1165AE0F464665D155E01A51ED6A55F96A3F88F413A0B9ED91DAA595CE91FD43F46EA66F0C39C5DF0AB25FD448AB8DA46C2CB2B0CA609E7AA123EE92A826C5BE98365EC4D989F6EE07C37A22B2CE907F3A71C0E214
J=-$673E4749105F4444B778946132AB4496EED3AC163CD6B9F93584EEACE1CBA8CA2FA786CED449AB37863F5DE25C99C1C96B977A65C04B4BB7A5AC58AA1EAD6ED6ADC8B2D5126ECCA0731738A5C055AF12ACB739AF6B2A17D4188FBACD802526101022D0B0539FD3A2F52555691EE9E1C3031544896DF251B5D982BDA883B2B3DB0EC2B211E0ED1153383145F227090DA6F5D996508CFC4EE8398DBD183480BF432B949AE0894699F2E1D625E340BD538172267589B58B3682213141EABD7B3A63792030F793BEAB0909F935C0EF
T=$2

[50]
S=$AC192
W=$20C6BCA01417E06C7DEA814BEB95B2CC00751F0DE26F315860E5CDFAB35C721BE2741B8333BEC6D99A6A88201DF25A4A897E89309E372B7EA90247E103797921F7625CF437141663F4A3202B2075C4DCCFB2A279BED70F9E622B8DE35D5E74EE98A398B5F2
J=-$2E5687699A01D9FE9B0B15E0F6A383CADC58AEC74196585D2A4AF7F493C4AA66036A4393E80FD8B0DA6865FDBA19D60900DD6030E6D9056415AF8D599549EF9943A392EAAA601417EBC9419C073111EE2F83956AA0774B11555EB247B0CC337ED2CB2225513B6CCB7F5F4B303F018A67291D8DA4CDADECF64992F8C6D1813B67BC9B43EE82B3934A94268833D6BD153B2812E1B453A36FF778C8E15EFFA665CD47ED736B731F8686AFDDD52D0BB950247DA812594E3F5E57E08B1E24C6EDD528052169C34168D49A445
T=0

[51]
S=$3443E976E39B4
W=$D36A89C3F5BF1C797E45C25A31E4B3904F0B1AFF0018A975453F3D0F85AB2422BF1A1DF29A7B360E7C843C08DC923B1E06A7A0635BF3064D9F73E5A3519D10FB5E68CF6CF20276B572A03C0882F978BE64FE80E6087073418B13B45BF41184AF851EEC8
J=$AE4793C2F643796909147D01E0D85C70069C120E28DE7042A3D18F9B01FBF5A902EA20E0B17F89DE793077A870B595DB81051C8D96DB5A335C0E9A6D3ADE43E97FDE932251A386E53F3A1E514F66CEF639E89C914DD00275D841035BBC8CFE42BF15800FEB1CCA22C907E9B0994B01EDD709A8A2E45B32AB613189E0707BA59A93542489A5E0418626A60022CF12F1D61E1B525F0F59D37EDBAEDB1CF55EE880F02928DC1F6C8EF49A6BAFE329CB7C1B9D8E082AD36840C4A0E7157C6D0F46221D73904B227501
T=0

[52]
S=$1042039
W=$177A68101C8853C7BAC4DC8AD4CA5C889BFE7B32AA9099F635711FF54A7718C4C4333FC1FB7C96576864F3A5CCA08C4D9F58C7DBFC5279ADE7062C508FF07B4E4B551D225315FB9853FD3E6FC70EC3DAFEAE264E005697631EB598B57F304B87D5
J=$40FCCC7E09BF8F2A14EAAF32B62AD9BB16FC10CAC1A649116220D8C1D75CCEF7D00F59C79494F848DC9D6D4BC07DDC56512643308AA18EE153F9090BF7C95457EADE822ADC32FA782110C695786895B51A09A820CDBC3AB3E7218F0931C57F1C650A4B7E7B1A1EA0127B137B014FE3A3A5ADA852675F2A5D7715AC8EC672950F59F32B9EF64CE432B8758B66CB0F269631F989F2B8351631BA32F0E8AD1FD1F562C6D2487DFD4BFDDBC4B0CE452403EEF982BB604E59E7ECAFF0641922A486491F
T=$1

[53]
S=$8E200
W=-$15EC5709A43A72E5621F5481042A409926E5D31FEA25D9E5186C175A24EBA53E0378CD3CAD55FB3CE4984629A348A98B2E7FAB1C59A7F9E8447DB78DC9E99C4C45EB2287166E48696DF003063C4B4F31CB269D8FF21D9A0319BC57C575D1F0E
J=-$28252B8E43D85872FA0268598EE5C32DD06DBB7FBE66F8FBA437B1C462BF91B523ADA831E7C89E315EC32D55FF58A1A89CD29FC3993400BEFD89F6B0E19C2FCA9E7F66F4E42CF2DF3962333F4605F0F11E0AE3E077941664EF1D12BB4B745F74988DA3E5D14874A2C2184DC06CB384D567A65C62C7A2B6071F04D1711ABDBD6257DE0A988D5256CA8B353E0DB9818AB15067A0F5CA5093EA4D846FB4CB6D9E3FF6B542BF1E6ED599E5591F3E6618C8EFC4D39A8BBAFEA888657C336766C1
T=$1

[54]
S=$215B9F1F874F3643
W=-$4FB71656DBAC344318291EC1676BD6FB9EF8A960C244C7713EDEFFE3CC00890448B5481E26C5C5BD111C0AA099C1C514D34104A65B28DE11A760D8E5D32D037643EA5D72361B81C3E91F001367CA23102B61E4B6C8743B994F2B2C1D08AF
J=-$337507D3DC4C07C1DADCB43ADAA3BFF0C1A13C091D438283C353F71B7FAF5EC9666B925E8E448BD8C8BA2215FF2FA216415603DB4EF62198D8E9DC8812AEEE0CBB66EC89467CCBD6C01BDDBBD95879FC2DCCCF5779308B5C7C923BD7457181F5E2F41E8D3504135B1A8D83FCA0AC5140F6A267CD8CD1C0AEDA20C3A01733D310FC877098BC507FD7C0AAFBF7E0A5F6F79381BB56D65EEA3BF0874C8919CBB6DAED6E26231CEF8A3DDFB394EA7836AE1E715AE68B03A01D2C0DD1B6E
T=$2

[55]
S=$176C8E015B
W=$F65F721043DEC5307DA48618FF4C304624ABCD407BAEE1678D50D00DF69882D23F48B6601FDFBFCBA4562A10D2811918A4B5C612B220058ED8635372FABD5A0BAF3B5E67753E06BE790BD56AD3A22626B08AED019199FA1104A1
J=-$12700F71A5FB2E78D903267E80B0EB0B84FE1BD63900C119D4BFCED17AE8B2012FB6A8B1E07D4C355EC59959D563932B191708BA636A8CBD116A2F42C894C9250D4FB2B91B35A1016D5CA46EA2F4C127C64B45A9659A06500EC3843FB79FB7DC3DBEDF529AF5C3FC4E34388231039AB19849DE4DCD50A97A11A64CAFE00DEF065AD008E257163CA7F6C3486B972956A6A01C2F20A4391A17B6C56635309154CEA5F8928F401007F5809532BE2FB5C62B3E30BAA2
T=$1

[56]
S=$559E4
W=-$979BF2E88591EA4933DD46303A255398AD04E727E8EA1414D7C8686D9E24090A531025391C595748BEB65A095DF6281AAD81B814F3B03FDCBB350B3C7CC919869A363928EDE598E0D02A442B20DF783AE16B0E1FF575652
A=$2
B=0
T=$4

[57]
S=$26265B1C
W=$803FFDA2258297362A7B9B3B2D98112C966906946AFD18CE7FEFD72F15B298582A1BEE4C692A38806DE48B10DC91771ACD5778CD008431F1D4C6E86E315DB935F1E2CA28D46B1818848E5580CB631E0FF61116DECA812
J=$4202C99525DC398532ADC982C25FD05D0D707FDA75239DA41783783A353FBD4894D68C8FF1269C1F8E093692B8459193753997E8078CE16D32D0BA70766C930B7D6B19EA7DEE75955486E3AC2EDF47CA6835037320AFC39A3F623510AAEDB1E0C5835CB420F89FBF76005E0051701F921B757F8905518D6FB79E80321E103AB05FBE883B3D85D0D5E4E229B7843A13F191CB4D72FD08AF8D3234CAFBC282C0B8349EAE565F376F55244C8BB2D5
T=$1

[58]
S=$7DC36
W=$21C6D2501FBE6C2AAF54192A6E7A236DFD0BCAE897DA1A0A665DBD09EA3CA4EA650A380F2575514B69B6A589E5895BDCBF4F86695D187EFCAF78A9B89D8B5138414CD0DCCD3769CF48CA68D216A51C0E19310D3582
J=$26CC25B66BE8775C387262B3E0295C859EA755AB956CEBF6B8383E309A3A787E080E2F057FFB9F2A7F78AC73BA5A6A70333947C7224615484C732510B7BC93182F1279523D0150AA9C1F318B009DE4A810D13783E4326E0B00D9295ACCF824C19A124A30101D4ACB9C2C0D94A3693C82BF805B86154C38FC45D5340E550318A84C640B55BBD21BA1C78C1AEEC7C518DFE9EB17738529ADDA61DC4353D521730B19DDE0247032DB37774
T=0

[59]
S=$32081E9C46
W=-$93D323D0E73408E3C84EF7E40371561ECC9B20441FA4256C3247A3F0F529CB107916C5C671F98E86A22D0B428C235E5E00F1108C18BE56C0FDF426389A12C6239713B06E8180ED1882CB0A185C06E25240F4682
J=-$22632F5655E4450C05BEDFFF91E776D2D6607C6F5BE6FD5ACC8591944494C2357CEAAF892C2EF38289AA9468F7EEAC1E1D7DF0F503CBDC601127D0857E8F689DE0330086FF0121B49B3D728D0AD93128B89D15D70E029157945D6B6E06AD8F7F1F9FB724935B9113352D33D4A54A4C5CD1E812E9FCC86EE81AD55FE2CBA52478DCA0B97A98B1F6789F923323E292F4E1726A27E282891C94B8172613C6C41BD3C76B6B1AB89D35
T=$2

[60]
S=$7574C
W=$3A207742FAAC964F23219C4A8AA6B469F45C677290340A0F0936936DD83B70B508732B654F4D7C5DE346E6F0727227FD70BBC3A4DA63EAB43888F738D89B5E0649D95AE1D67B934420168E9D702615E8C84
J=-$1922EDB477E7235ABE3AB34A510175B03FEBE22045C6789A4C40795EA098B6F7043F114F73828AD2FC2F5BF20D486E6D4474E1F7603786EB043BA2600602E74894AAAF4CBAE58A8E79AD4856BB335E9C79F0F3650FE020D47BB0A61250F47949A941482FA0C01BA27C564E9C6D49C10C39D5058CCBCF5DC723FB9DB1B332DBE5B4FD1D5E7ADB3A4A14436295033D72FB793980C35DD591341967F11EC7E5928C733A1
T=$2

[61]
S=$43BCC
W=$722E33C3DBB7FB0DFCC9CAED15E1B980728AF1ADC1921C49A8DCE5ECEB9CC6C3155E7804EA1253EBB1700901BD2D3FF120745067C57E4E86E276096D298C29780BE2CBAE4A6F6E682843B8D1EF5A91DA
J=-$26001A6AAB9229398C2D381B4C1988B8AFF8D77A72148C135A6E2F693C22A7A3004E3A3A41BEEBD874A8A06A4A79128B97A4D25B0F21D25E93122FFD311668BDE56D44A398D25E2F20B600C8A51649CB288C242B66B221F1D39CAA8E8C73B62E2D5AC4C3DEAE4FAF4889BA7ED0211B2F6965E5D2A8668A16E575AAE814A55048364F540B2AE6CF74DD3DFCB4BB4103D24DCDA3BBCD788113EFEF331A32259768
T=0

[62]
S=$280247C9
W=-$4000E5477C27D94E3FF998EAE034D24D70B5E11867292FF363DDD89993A2196A70E7A3727BA3933C10CFCC243B7E54FDC0F6D402E7A472B1C124B097B19C7CD27B1DB1CE712E0B6573D1622929B327
J=-$802464C7D2BEF03145916AA34137FC8B1DEB24A06E943678475B41A6CC1B463BB23260A20F9C0030DC868CBF5D22BAA7F7BA8755F15B70DA8AB80509600B3FBECA7504B0B79E247FE627EC2368B05FBE9E0B19FAF612DAA3833021B46F9438F239459C4D9DBBFA4C18D19813D15A14D1DACC26EE63C5425F17CB8DB938B70A442317D394EC1175E1BF43D997B865EE29960661F2BDD6524B5E6A7A26C93
T=$2

[63]
S=$12E4C
W=-$1C3A57776D61CE419D5FDBCB15EA45A47A9228469F4F849E41CC04FC8903CA752AD3CA4B86FB6AA448C42F7CE03D9151A137EB741365F867F36FF1255B436C761B4F8F68A1364DE3EF95F2DB184
J=-$44D05123C0FC6901DAB37930FC120F0900D8B1AD7A05CD12DC27EC205724FB8ED36C669CB2A737E0D696A5DB1BA62C3BB023165A48395C83260A38B424785AD1588824EE7C5604CBD1F8B5CCA29615A10F1D2AAD370C24D4FC9C9B30E6CCAC3CFDC62B859B660F2F3DBA9AF513B8F5807D1C3E21D0F8958193865E02FC657D09D58A1A5C0D4B6BA73763BFE456FDD38913D16577C82B5A6AFE3C
T=$2

[64]
S=$F47EA4D8
W=$16988AB307ACBC1B0C1DB65E45FFEB1EAF73103FE5F010631DD0C5DA949FEE31000DA45C59623B06B36379B6E217019B4E13D6BC43DC0CD38CCA7CD0119C933A780F1C1BB2A1D7DDDC837A0F6
J=$1074AE8B349C5EBE032B36AD54B9598C18A1FCF9DA8C6B73446186E4E82B54DD5E8EE8D42F48779CF69AB0A06CD6146A74B07E015EF8D1157A8E6266D4ADFD52E6A73019F5661DE70166A2D99BCEFBBEE298CF5927A1FF879BD6A31081E16597CD2CA1BEB225D3C0F20B297E82F6B92E55DC82E2D86D43ED8BACBC2FFFDE694289D77E07B334F7F51ED2E79D215FFACB132C328C601DA312
T=$1

[65]
S=$5404B958
W=$1BAAAAA7AAD3EE09DD63BFE0DA7F82F2505F80D1EEE715B55C09D73D85BDF01C1374251E8497BC26A9354884AA9454D2B86EB494C8E0FFA2DF0222F3AF4BF0D7E3FFE921534725712034E
J=-$7ACACA57BD11B038878004055A0FF820DF902FB1AB2F5B2F90FED9CB461310E861FC6723DB01CB55F433FE12826D4B4EAE4B69276123D988B44EF6E156154AA6C1262D70D38650CD87C19F35715B9B01E9A994A96D8CE600E1817837201D4915EFEA4B17EB7CE0E1A00BCFC3EDC0B83D1988A0571FE76D853922540D73503D57292556425F1DF43EB0967D7C0EE28C61E662C72
T=0

[66]
S=$1FA435
W=$238882AAB3A4578E0AD6E0D50ABE13A4224756AABCC8541EA6DB127811E414DF467ABEA4D5EA806CA9904688C24766F6B7C372142DE58FEBA840ED2FDE7968763DBE6D60CC06503F
J=$ABC06A55CD45DEBBFB0A8BF2A0B46B608AE28FD0374C8CB9BF83FAC7DF37A26AF4E77E892CC6676C9C2E71C81FA58648D4238E584E772B5C1A4DDB42AD7D9C0B7A040250B6E87B5BF32F7E45203A1BE9703156CC9E2FFDE1FE5D078EC7E960EE9F0E8A49D64D7F746AF8C5779E9340CF85C105DA3355511D737AA79FD62394EE88E98E3B421FE7DA1CBD81AD265BBF58
T=$1

[67]
S=$3AAB84
W=$28C5642B7DA86B414C5A4943EB570F24798D7995F6A52EACC30AC5B27F47AB8D547E7CEFDE5A1227AC45EF6D4A98B27498B6BF4713D191C426FC09085CC32ADF1F1F30983FCE
J=$5F6BE74522C0761B05640C11A23948489CEC7231003DFC2A5557EBBDC2C83A305EB7907EA4C9C9F42E1E5C34A9947A1702FDC69D1241337C4FAB3805D6006903DCA9B7E1DD2107595F6099C5EC6961FE25524A9A5F4488F85AF13F88F4BD6B4BA956152011DC0FFDDFA6F791300CDFDDCD42F3E2117D284E2F6385EC0AE02499DC4B2B393706477F4678C227FC8
T=0

[68]
S=$2E1465
W=-$118D6EFFAAD8FBCE96B0734E51ED975D72893F1FA17D3A489A1E402DDDE85BC3BE1AC4515AF5E17D06D0DB76C5E237406C11BE6E6DA87E336F7F6B7ECAE472E094691A0845AB
J=$1DF0A9E7087E8EEABBDE2E77DA6B1F5935D6DE7E5A9D41EA1716436FCC20B8879E4A4F5C0A4CF3C3E00986E75D524BC0C0E5A17E462E7DC01E0132263D47E5E607205DD5C14086B960EF5DD41404F4243EE16074BB57CB1417A5623C9571E5AC880D2F1FFADE6BA78D43DFED78C3A2FFA7F98DA91FC3933F3579A3B0D5BFF3F97E67242FDFF32C5682DDC0
T=0

[69]
S=$64F032
W=$20F3F1AC10F6C9B05AB2811B5C4290C331F5F319C1CBF00DBC4DC1EFA39156B5075D42DD9F4AD6F6451008C980CC0CCA40C7EC4FCC222112BB2C2C815FA8AB6793F37EF4E
J=$29AAEBE6C035D3DE3C4418BB1154261D730B1632456B5A659A49A73B02FFB3DDDB904E18072668521514833382B3C41E497AC766FE66347449E8DCF8946142AA8305B34C3D873CEBDA8C097D603781EB0C14E137FC30136561E6810F4BE7A42D49362FD3706CA2069243256F17AFB04793EA05EA16D88042A1431BAB4A78A2FE3529CEA8ADDCCE00
T=0

[70]
S=$15F78C245EFE21
W=$12EB76D73EC0896560FFF89CE3B5A47B84DA8F0A710C775F05D0C50E0C2AA02143A50D9C7DC336FA1AD3AF7344099E82DCAFA6D4359911BE4200C430C2282D7903A9C5
J=$1D07E5C27CF30D0D9B4E175FB8097029BDC7C471BEC70CB6303E21C84EDE42282EDC773BC57B1FA1A8A4D37A89206FE1332AD66EA1D4D5CE4B529E1C571DF8B2012E599781797978BE0272E637070E63E7DBE49BB6E51171C994CA030E058E7941F8395189BDA3A4DB2799CCB268F2F6A9F872C468916DF9E6EE45A9C313797FB3A7D136313
T=0

[71]
S=$682D0EA
W=$6A4BD548CC37B1EF9C89F5D177A8E05211CD6B267F806069DFE52BD24421A1F265E62CE1742DADA11E863EE042B26D8B198EE845B2E403481714A9CFFE76AD4
A=$2
B=0
T=$5

[72]
S=$131911F57BB5
W=$4A6EB0CAFBBBB067B9BD05875EFE1EE3B954197BE746A501524EB6F0F601342297FC95D295C67313ED0E1C0511D89C2F1E30AB9BD99AE8630D8708436F7B
J=$298CFEC046C21D3F8316B668B9A8D53DE937D2A47357565DA8A1D90EC73DEDB20E86F4DF124553B07CE598AD923206654A3AE857A0D910D2C6161CB890FF45F336C92ED8FCC8CB7E4299F2A67E7076ECD29D26607724B3D409AE2FCC5FA5D52747F398BDE4D05185A4970B42EA532D7A24A326F94383FD762EAA4EE
T=0

[73]
S=$4952A
W=$FF007C401EA2BAB8C8D3F434A349B99780323C99DA4A14933DE84AADFCC2DEE947BD6348AB674657D3B2DA03AB268157F8FFC6B2763B83693D46A2
J=$287882BA0A95D80E8B1171AF445A63F7364A2801504D7F0D577E3AD18D20A2D1A350E120AD4F415C44F940C6AC24D30D31903F35EA43BF966E087824ACF18B5B2D16E9F47D933C7385D8AF592E113B3D3780F0E14E0A8838459FB756F65A7FB7766C89576395752A947EF6B20BC6BDE0CEA61BA66196
T=$3

[74]
S=$D3E654
W=-$97116BA5F587723CC892629777450764853ECA5505F71B88ADDA44A3D6726A6B908D9B6570B07E52A6D6A9221C2939930E7BD68D63C1C206D034
J=$423DF26AABEAC44167DEBF8143AE565A7E17C26AAC18C2B8043E1ADBC8A805D419E566690494E8D93E88557A6F68A726AA07BF61D51FB118DD2C1619DD7600CE5BABB3A6D2FCEB8878AF6DA010135CE9D01922433B987DAD2E872FDC8F0F9A5C168EBA1224BE95A14A7955DE7254243D6911415
T=0

[75]
S=$5D01F6
W=$7CC064A59F5A10567535AE250B96E7A4E25C937D675C9CFB5BC058B0ED32729D35B67283ED3170453757DC4BDAD420399424259BE5E4A9526
J=-$BF40CC186B571FADF425EDFA5C4A0F2466408C267782A5C66C8577166DC7BE87F31C4FBEB88FEE4AD938F469A3DF2FBFBC6C64FE5A59FC185585634CBF29E1791F6B02B4C4FBDF76790E108483DA4363DF469917EDFD42D2737F7D917EB89716F386A0990B4E47C3ED0CC99EFF7DA941C
T=$1

[76]
S=$568995
W=-$1005F8E0DC18D5031BC626BBA02B95F5F91EC26149B5FD27326C6DAB19A89EF8D18F50EE0C772DBA51A199137CD3060FF69F5669EFE1FE7
J=-$129A4CAD95B697373DD13BCA45B809934DA3080DA91408C25D6902C07ACFDDC762464DE32FE855454DD8CFDD0A48060F62F58218C32FECE24769D5D041A1F1BD1097F61200BAF86BDBF950B3E7BE7CD7201B4BD1A371D3069C375782385A8A36CCC0C6CC17CF0746EA9F0CC16E6A
T=$2

[77]
S=$11499CF2
W=-$EE1FD1A17829621EB844530B01B0A05D5C6D304F421DFF1E342A9F2733145DD3D3EB3C4C0ADD06393FB235C5D8838F9536BEA45CDFE
J=-$4664BE3A45D33AC7B2D6891FC99F394EBC8A4DEA85F63341B48D4EC760D0AFE0D2FCEA2AEAF87F86D029CB27A672AD335BF74D91B3E601DFDF065D90BC40DA8E35C68B5EC829F5E18DEB9B40EF5ED061DF790A7E70D0CA2FFCE879EDF976E63FE3F3344CAC5A6C49642BAF
T=0

[78]
S=$9BF7BA
W=-$489ADC1ABA01A373DEC6E670315C3E1C712ABC789C143E378824FB93247437C12375DC30951A75FE6E4073DB27DBE3EB1DC2B6A
J=$50523A1AA71A937D1423619A445864AAA0D6AA058680A23BC08AB03A47D10EC5408AC21CC2C8F162EFAFC14C1375D955B5442138465C81175913ADB640F05E7D448E294A2E8361B0EA26F54968A66CFF79300BC94E6BF410BEC4FB4C9AF89185C91525CA8ED4687
T=$1

[79]
S=$28C90C
W=-$5A9DB290A2A6382F00237F1F7DED8A0C01B92A04065F416294A1E3BD9B672C8E50B6ABFD1FFDA03F523EF3025B187801D1D9A
A=0
B=$1F
T=$1

[80]
S=$282950788D
W=$E0E516F142088396B0055EEA453DADDA1FE09BBBB5AA09750C4D41B8C47D150E0DB9DBB55EB4221B5E26F6D1FCADFB9DF7
A=-$D70
B=$12F5A
T=$1

[81]
S=$23DF4
W=$EEFB3B25B8D3C7C72F9F41DF497757E76DCC42853CB68382BA04FD02DCCD9C6102465F2A4364CF06B6FBFEB3D31EA
J=$D5451AA49BFF52AA76FAA04C3C9CF7D2A070BFF7086509D5173EFFA4EF541D1CE9D9D258F16B2638ADBA847E73897BF07D2FD3E784FAB22EED80B4EFB2FD2319393B1A163E3687E56758687275A961BCF4DF3E5CC6284B4489020119F7
T=0

[82]
S=$A3E6F42
W=$1D47622E3C861B4C0A7BD32586C6C71D08534968885B66027850BECD8A95E113C2158688929BA397CC61D4181D14
J=-$7B8BD381237DC02F8E73794E6A47D036E87E4BF02C9AE4AD0AF037DBA219106D8824FE77FDB6BFB29D63F4447D9B71EF190771840B1F2234A59B7160E45BB7C8C63EC955FC6DF4C56502553E0358E718B73F024CC37EA1E1793AEE
T=0

[83]
S=$35858
W=-$B572B6D7DD2FDC5427E9D3EAF4518EFE177DD15A57465988F76530598098558716215E600BA563626B2D94C6
J=-$B6DAD4C54FC52B7758C3F9EFD70326D116EE030ADA2EFD959C4134D081A1602205C1B5155F4B0F85C7D4758BE37FC2E84DC6468E98E25558F853438F4990E99BFF1371E42FC7E9B0C8C01BB81A943A8EE32C9224CE71362
T=$3

[84]
S=$4AC58
W=$34AC2C92AC37CDE238A1AE058D3323B699025826C24B012CF3FCA277EA17B7DB7AEB2524EF0435C6D520D2
J=$55683643248D3A7647BE4567F100FE1D888AB957BE246F1940111CA93E17825609995829336D06E86CF7E1236F85E39AAE76479F79F9C9EDBB2713488EF60D6735F31F09F573A6FCD63916D7B017BE2C24CDBEFAAF2
T=$1

[85]
S=$287A5E25896
W=$12FC61CAAFFDDF3BA0B4864238F3E5F32A6971AD028566BCDDC5148D4301F3E24F13CAB14305D6F21248
J=$3BF82BA1A9298D5C480D6118DEF973523AD390045073CA825EA1D9F919F776212FD1B9B76C416864717E1DAB9E5B00475AEEAC9BAF64754F34EE8A43EBD07D1C4E57E9A70ACCA9764E9834EFDB08B4EA3C4299
T=0

[86]
S=$59B9130C
W=$1BCD9E29AE33CC6C7F4E98248FB620D587CB295DEE377065CB0246D45834A95396C980C8635A2D6
J=-$7708EA290ED7D3F440680EDB6D2A80764B7302E9555F4DB60120DFC5D4D656BFFAE00A6B694C5E23DB46A4CE234CD540730273C392637C227A66AF662205578C98F8F2DE69242AFEB7495FD5BEE3
T=$1

[87]
S=$5B0C3
W=$34CDD1CBB6E810CF924A3D6D0EBF2AA04B3A5F000783F8CFF81724EBAFF7A5112C25AB8BA2D
A=0
B=$D
T=$4

[88]
S=$1184012D
W=-$5AA1A957D9917301176BD1A6E0517F4C486B1980D636DBFFF60A2D63CDAFD408AFD43BCD
J=$174A1CFD404389499E2D13A8C51F7F74570B4AFC5DE32E06BEBA53B6C0A2A92CDAA1272B9DD80E2DD1833DF28932FCFE0848C40B82C95A0AED9C64887FF46B17617ADCDACD57986D
T=$1

[89]
S=$8E52
B=$2

[90]
S=$2674052940C
W=-$6F51E375B4B499F5C7930B559F1FB7498F34204D8882B6DB5C7EA7CE31041FFE820
J=$1FB8611D9AD475FAE271C21B4159CFC3E51DA6FFC109B9E90CA61C5FA3F74D3107EA868B2E2A88990349048FCDF8463121DC7B9AA4309BCE4E3FE6F69ECF838253CEC
T=0

[91]
S=$6797E
W=$C2F833DA6406929CD0CCACA5DC28ED5B910279BC39B352F72B178E5260B90
J=-$258B13EEB7A2731BCCD3621977CA51EA14456216A25E1E7248728FEED7453B262C40D73211184D0C2D1B352A98F9F1281D506F09128035C0659CE7EF2F3
T=0

[92]
S=$127D44
W=$11B0BA9FF5C1C6F1200284A4E08D6DAC36940B7678310C0D4056F0051302
J=-$56CA5831E2F2FBBFAA547397D93DC3E302B57F4F8DB1FBA8FEF935136EAE56A5B0C1915C23A81CFD8C5630C47FB0DF76EA6C3A03AACD72DB30073B
T=0

[93]
S=$681580
W=$6B10F8F79868D5B5E25FFC25CB9CAB7FA7CF107D2AE41EA714ECF405E
A=-$23
B=$62
T=$1

[94]
S=$924D09
W=-$A65FF4DBF85CE04484F8DF36466087A22356F0EC48CF4023AD3953
J=$1CBC50CAEC6F6ACF1B7A89EFF27D3CD3C4245712296130EFABFBC41A5D5F923EFC0258C1EBC7B7273437B9BBAEC943DCEE78D4A6FA7
T=$2

[95]
S=$A0630A4
W=$9D0139EE7480C43867103C13C465A670A26BD9788A755739C14
A=0
B=$8
T=$1

[96]
S=$123D03
W=$E1E0572DD202DE9118246B3E3FA789E281C5892A00C3B2F
A=0
B=$6
T=$1

[97]
S=$2F3326DB43AF0
W=$B3906D484885B722B17B2119C1EC369389E9C4E70739E
A=0
B=$10
T=$1

[98]
S=$11E9B2
Q=$E

[99]
S=$B4
B=$2

[100]
S=$195A2
W=-$298AC69B96383149293E374B2D78F024C2EE
A=-$1E
B=$38
T=$2

[101]
S=$1EDB99F
W=$1821E25B215D78672E25CCE7C317F6502F
A=0
B=$4
T=$1

[102]
S=$56B8E04
W=$181658C65FA0CADEBADFFAE65354212
J=$2A6C3C697BAF39410D28226ECB309E7E27F5783E93525C0592FC182E632B
T=0

[103]
S=$36EF9E83C
W=-$DB3865DB9009CDCDD260DB87EA
J=$9EAC4A5A661944FD46CB928BC3603EE7FAD98EB1CC993E316E02B
T=$3

[104]
S=$1F8AF
W=-$C2370D52B680C224694AFD
A=0
B=$3
T=$1

[105]
S=$14D2D8
Q=$3

[106]
S=$117C426
B=$2

[107]
S=$474
Q=$6

[108]
S=$10E5788
Q=$3

[109]
S=$7181C
B=$2

[110]
S=$E4E12
W=-$220F510C0
A=$7763E82A069ADE16
B=0
T=$7

[Signature]
1=$3D2046F8735D6066E52D183E4B2566CD8B3483D7B4F4D016
2=$A571202F6E3912CEB401FCEF6E3D1362891FC38F38A19BCB

