[PRIMO - Primality Certificate]
Version=4.3.3 - LX64
WebSite=https://www.ellipsa.eu/
Format=4
ID=B49780390C646
Created=Mar-29-2026 04:39:07 PM
TestCount=116
Status=Candidate certified prime

[Comments]
Put here any comment...

[Running Times (Wall-Clock)]
1stPhase=44.75s
2ndPhase=4.91s
Total=49.66s

[Running Times (Processes)]
1stPhase=322s
2ndPhase=55.05s
Total=377s

[Candidate]
File=/home/lappie/Primo_New_Farm/New_Group1_Prime4.in
Expression=(4797791281549078478822)^47-(4797791281549078478822-1)^47
N=$616BE0CAE12995D0F5C0201218D6FEB79E5F4390B0E4B7146D4249FE350F7FFDA157B55783CD72BF8F0769323BA59C4917B80B0E688FFB2E84108EBE64680BFF3A841F63285808BFAE7EE61257EEEAAC4DB8E23719860870765961A8000C4EE83D76602918E265DA23B7FC6645858EEC0360E55C747A3E9A333C1B9511C0BA2511D87E3067F3A89B39A914CF31DB0ECD3679502A0AECD61EAD5406B564C12F759372E03BBD9270C643EEB130C1FFE9832045073F33454C12816EE6586FC0CD3AF2E2BFDEB9DB7FB90C7E784F126A907684177C4C2BCCA60935D1E465E102B25A4D4B862E363747D9CAAA6285FA8A129261F7CE49F4A74D13108207596901F3AFA27763E2F01043BC61D78B39AD0F6D68CF4F8FC1F21FAA7C1AE1075EE5AE90791687C54B2F08C2E680E6A9EBF08644E559A6487423C3210ED12866FDB2EC9BDF5106DC8D4B9EC817718953B542D65C55DE27DFE9605E91069D03620CCDCB9C09973F525F1B540B8C72CC1DC8E5181FD05DC8840FFA43BC10ECEEEFD3EEE03EE059EECD10C525B7A517F49F80583C0C9001B880872BE12FCE628442226FA1D3
HexadecimalSize=830
DecimalSize=1000
BinarySize=3319

[1]
S=$F9
W=-$32A621C1A0DCF1EE29B65CE1947E5FE0A70E37C0EA76E7D59F4C28BFDB6ACD53CEF17AE097D229A07619AACE74FA434A1E5C8CE7DFAE9206327875FDD07BB797E5D8C9B39D7036F3D1C1540B7E48F698DC480AEF79A9D36D2399EE9397925905C37571955CE75B022312A0E7FB0EFEA0FAD17095F9AC39B99A3CDFAE58862845A9543A544F792F2BA36725E8E33FB3BED534577607196064D68FF7FC9EFCA3929EEC6489A17ED502824DCEFDD0C8EF5E960BB000DDF8C223F4CE6132B6E5931AF98C6CD2853F75C9897CF1215CE5521
J=-$BECC9A3BE7EA7EF7E69E4B3D7CACB10B7E3A4C5CAF9CFEFFC41F0D2D79E2C7D6E96D3D25EC05BCF841D58D5F06389FD73A862F7DA286F0A0EC70434465E9372C8D69357A9B7F6362FCA82A10E9DDE51284F6DF08DD227C7BDA3CDC6194FC05D198D34E3C729AC56584A14250E626309F2D324B1B8C97BF87D7A8A2D5750315F5D8CF044630544B97FF0E7B5D021B7C9AA3C8C52EB4E4000EAB1872ED91D533FDDEF344AC8160109AB7DFC05F6B406521CDFFE74D6A1759B36C40FD1B7AC3BC38D32AEC596C39B4C167D88CB39EF754C0044FC5D15B467A0192A7F74D5F3385D967E943F7E52C8AEA34540051452DE6E7765DBCE2DACF74FD28A4D1D1C788477674C2F19CCA10C8323F65E1B64E1CDE8B9ED17194EC27A1181E47D9ECD3C5F9885534218DF1B10C88030C77FFC20D9C2F1ED309659CBA80B4862B3634C67B1EAFECBBF716A5B0167ECB22E35DC27B11561A863165D39B842D79A2C388094582E3051D6B2CD3503EAA7A60D28BA0DF0343D839AA7893CD6AFB85FC28CBB7CEFD5F24535D7EE1CE14ECF73C10DF33021E35712535F6FD918356BCB24BDE93C4D
T=$2

[2]
S=$1A2BAC58
W=$11064CBA7A30D63E37FD62765E57B78495DF23F0CE6B92ABA8C367555C26DDA4E8A5B0DCAAF650120EFE858F311C3498FCF89E909ED55E0DF402D0FD6A39E5CE5D01971F1974AE00611DE24E55EB6E79E7B7209EFFBCA90B8D1BF501BDF0D2B2A61535C74A37DD54BD2AC670B08A3E9D2D477872014C74522D8067D41C01A729C0989D965D9755E0DD8F3A07624B68DD4DB53B8E1ED8CB74C1DA04E52C0C2AD970B32182B3CC6C4050F70FB56E7D16B9E3AC5D5443D0D7B528CE253C3D648BCD8DE38E8D4A94AA8033F635511425826
J=$17BF5078DF1C73B21AB51C0260FB4E130F666F8FAE43CE0B56BD6DF4D9DEB3BD38DAAD2694A600E3F9AD23D62FA1797732294A71AA641E3DC655642C8FD626427403C9406AC8EB7F61919850DCC2AAAA01040D8066CB264F0A7D167AC262BBF6A190442D1F48B0FD5EB55B61912D624E37E96263C31902F2060C39693D94A10042B7C7D6D0CD817D25FF6FC34FFCAC17555C7579B74C5E3D4209FB8BCB9C3987EEF847EA2BB26EC6EDA132AC439EC8AE154CC0DF2F057F90C7E8D48F0760158EE13A0902D5241A228CAC751F2BEFF0EBF45D38D11A609F2FD1500F47392C2A5782AEA3BC158D8B1D54D9156DA344C86DA7D4BB7EBDFAAF222B4D98496A0DC041F5C02103F54B898D136606C6D97741E95E6D96D125662BDE0B73954DFE41210411E162B3B4BFAEEFB093EE367B8D3A941EE42B3FA1F75A133007AF0E3011F90839998E5BDAAB09FDB1068DDA9EEFCD1E1D5552DAEF116374AF2F6EBE2E0C467B235C3D43C3FD7B4B43EB4607076C0CD3F47601704DA0FEF08A836B4556B1C4A99B349C706D49E1C9C13B3F1B97B6FA1C7505343C4A4B9914FEA9282EA1E6
T=$2

[3]
S=$268E
W=$383D4B5E6C8EAD232C3580B1BF19BA6844C0612018A144A79C6C5AF28869FC36992531BF441AFBD39D98E49FEB6B0B4BF28F2DCDE2C718945CED60FE544690C2367D91AAC00CE386463B666AD237A3337FC83BA6E9D41D8122A5FB85EAE3DD59C4810BA72B7CD8460C09B141158F931AC2B233C2B146A0F8236F95D044009E2C63367272FF400745B4CE3EBA15A94161E034FBBEA1274E348B3440FAF8EF18DF8E78E9EB97141419F4E97BE7964487C5919E470FD4E8DF2734F0435CFF46051779DF3709FD9217AAB57F79C84A0
J=$9F5C78BB43CCEBB94A1120C69DB770A07DA105F73EC49459605BDE249D38718F132AC01EFCFBA87B930DD7933C714125D8C447A002F598D6CCF2198C02EB251A58228BD3DE86AA7859E3A1A394B58EB705F643504336409D7796F8B9084E13EF2193831B74550E395265CA2025D8CE8A730A1E9A5F79BF038CD824FB90B68F64DF6B10A023E4F72227A1A6FCC29CC05A385348CE4D93CEBF2F7F651780C7C4B6D0C52AFEB5D8014B6C2EA997919220B90ED48D8A4F3C9307567852477576F64821C8E8FCC81A68418F0543B701AB8388AEDD2A207E4898B7A076701A8901BA7052F7BEEDA722D2582249CD16C05A7342A986FA78B18B6254CE31BC47FEFD0CC58EBADC69615F39D95201A5ECD5DFA2AE48456D3CDE6548C265012E861029F935033F116C524A08A662663212ECB1A168BF643957E0B4A888347A0621DA8E97007D2BC9BE636AF2ED9D861BAF10919F44D647531EAF36DBC039F45E1FE9A36D901B61E8A9012C362343C05232FC3BBB595914AE775830ACF178B511DD7F9632E856EE31204EF526FECC4AB0A16ED61E0BD157214EE202600C74FE
T=0

[4]
S=$1A0BDC
W=$53FFF1D4EEF9D30530A8D5D7F8AB46C77996BB180010705DFF2B3E0F1964B6DDC1BB1F4FC506E615A14737A4D18E5C95512724858610DAF14F71C37752120C6177A5CAEDD1544409FEDAB76BCB7903346B74418A0651D57DD28E843ECCD99C8D5E24333645E701A3A2A5A89361E3AB123ADCA86F571EB0938957B698C169E1F5292D1F3F4FD43C270177674C01E0502953A01B04BF9970A3FEE533BAFDE564E86EB651D2A357933DC6D0D90BB47ED1DF60E1E81F22F430F268AB8B522AAAEC438492158C50857A0B6628DAE4A
J=$100458B0480A1B522704139ADFA705BD0F3C3BAD6E07B79F070E9DAE57C7F557986B759D2F0A44EBCEAE64E7089D88F3FEB45D034E2C5FE9D18A3210A9E1BDA67EEFFA79BB4C017398966E557E3049350EE8C05F0C01B2E717218FAA0DD96286FFFBFFBB27F7C3AC7DBBF92A9B7221CC74FF7AC26C4C1ABF924A426115A6470D9A28AB1682B769B5ACED9C4E75172DFBC9C0ACAF58F1F2163434A80ED40D4984ADFCFFC2312BACE6E058DC740257CDD17BBA5B413D5AF46DBEBC6A2BCE950F925DBF4C2BA873717B6455D89BC8527EEB695A6D29E5C334B5ABE9F30927626261553A7CF07D5D3552C883F47CAD4FEFE65CFAACE62A2E309900A290298583AC325876097BDA2BFDC8C75095729B661B8F4D9C2E576AC52577326A9EA6E0E63B235849702BC1C68069F1F993349EEBD712B97CB83B8ED09743B9D1546DD6747C839EF99295234C5D87A2264E621D6BD4AEF0193210667C1053EBEF15C844D13FF32180F910DA6E8C968FBFF73AFFA1E9294F8D8C8FEE740495FBBD1D1E7EED498BD01A60B5771930AE9636E43587C2BAF7D95D8C3525BE69702
T=$1

[5]
S=$46FF9FBFE5F27D
W=$12F84D95EED0893C4826198C7EF0284BCBD8D7034402AA942C504FC52205A9D07CC7744AD1C10308ACF56960CC3C3F05D63B5D7473305A4C1509F31451DA0EAE8A29D92809A529657A0E8EC161DC49252C8733C930B114C5D822B21C63198C85CEFC653EFE885644D8F4496AB08B57B10B39BA421098FF346403E7A2D0A4F08A386672E817B9C4DC8C72482F463AF0284A9B966D4ABFE9F25D706E998486A8963B72914E0E8C2FADBBEA1767E5E04128FFD7D79FFB3033D5B3EAC4E568C71024B43DDB0AB982F2472AEE689
J=$41DAAE292C928315960FC44A5DE3CE40A2D2B2340CF0B2D03A11338B342538D54270A45B515C4D163D97B7A137F7C0B437504ED517C08AE69F171E2D111B9F94630CF18BB27573FA577855E0ECB9E991E28EF65A303F944E94760C7DF2AC872A39DE1D0311A65CAFD7EE88B72CF244F7A66DDCDCCD8B24B9727481B6F201DBF6EDC38DD2DF7F786BF967710FEC158E84FD8D80E754C5DBD3301F2B6D9033D6ADAC80CC90AB82B4F799CB618FC0EC636E182F1C0AE67B2CD4E3827ADDB2346728FFD96562A3EF2EC6438B9B3A609636EAFDED475E408987DF80253AAA3BDBD16B66896BD9F66955ED1706183D1DC078ADEFF504E2A2F80233157D83812055AE38A105AED446EC6C2DF474005518A26A092D75B4DE350825778B25A908E6E611E718A9E532F22DD2319025718C46546468833B703E809B8AD4A281B67666B7F655A488926CF6046DE500C09DC30243D1493C215E55F2CC26F93ADB0A8EF8647F018299FFBE89E9F3E2AEFA3A3F61FCF0A6B018ADA45D160C7F86A4B14A28DA98B3D395CFF4090F93E881CD8E2DC1BD1D7910CFE9CF35F3
T=0

[6]
S=$48F970
W=-$2AEBF8033B2035AF2D13F2CC09C8FE90BBA9C66BAF572A0063FC0F15DA6A9CD1BFCBF22D22E2BB2FE3849FF6CF703AC0E4446FADAF6126BF6C411FC1069A95658151DB3E06D5DC25E9AAFBBB2719C31E13160A36BA6C468AADD57DE29FA99AFCCFD05E89431BE7E3A76F7D5D89F03F32582BBD9C296F082126A161F9FB57CDE07077485C776B5FC991655388C196340A8655805B8DC27863909FBC4A3B7B0BC582ED86001BF3547E26312728CFC53C3ED7932A08531640F3AD4CE2ED03C171B3050D5D70B93CC322
J=$1BC4F83E1A9E2F57A860D349A174647A28F40FD345857696B7F53DEE6F20F121E0E92497B87EC407170768BC3AD4D016ED4EA9339C91FF9569FAFA6886E7AAD4850934DFDA7530FD8E51FC909B3364ACE3EA75433CEE902B2D930793C4AC5B2106FAEE45EF5859327DD5DAA083DD00D6BD87C22616723F2EFE565D358A9A32892EA7C8F3DCA44C50C41E5858A68EA06FEA58AF6F289CC99A71541F6B01567489C7295E5F9FAD356A15AAC8621A0F08A9DBF19EC98FD7FD87B558754AEB5E625D56378732968C4CBD01AD17AB524FEE52FFC73F798019C42EC72EB99FE6A3DB028997695E5514C5E7613999C69FC8F33A71A41341A6E2527A6B02B7DDE88FF78798EBF4A71F97494D9EB22EE4D806201BD89A7C9D41D5099AAD3F88CA8B12DE9278710E4798E0A64AE5C52FCA124DF9C05A982A82DC9DC96D94E01C2504763BBAE7286637E1407F41616D2AB71DB5F4E383B21EF9469495652DC13061254873ABC7BC17C9B32F98FDB76D417DC9C471E4F8D1B129149DEB58957303C6FC86025B3641C5582D11331D8B89F23AECF60C2
T=0

[7]
S=$6CFFFD04C
W=-$47167134D3A71F53C2F618A60876FA3056F0B594C0614D8CAC301683CB1F4424F1D4E2324FE902A4EB6D8DC4BF20E4C2AD1D4CABF97461EEA4AB874BB4D6B784EC21134A5A62BA774D0B15A53282ACC477295C8E4CDC5226DC403DF76099F8BB1B0AB56E7E177DDC0A5F111DFD9F4D3B39387E1100B9DFF1F3048E8EDC9B66E90262A665A073D1298DE8385933D5D32AC437ECE0A2DF1AE8E6109A12700EB52BA85C5ED25DEFB2FF3A312CFBB75142DF31D87A6A4D970F7B2BC1A4CA982A610CEE9E0B0AC7D02
J=-$40AE3E9CAD880DDB4461D44688B9A9F4C83BF5D045A16D39C1D414CC1A5F5903CF53B0B7B3AB06CEDF883E1BFDB225337DD099A74AD4F525CE3ECC44B6B1ED3A3E31B83D00C2F7EF8DD6793A4C1EB6CB223591F2E17BE1FCA2F09C5B4372979B963E01B5931E7C98300E91E644C54837D166DE0F601B82CA0BED9E2A4B5679F3F09DA974F800FC670F2F0CB6A3CDA23168BC0C1977060F55AF2D22274B6D73F7702DEA64CD20CC78067089601D9C5DD2CE259CFDC3F61866F613794B06A358FF9A038FD1DDE49C76AC4EDC06F4D1A313F14A65AF9DDBD0D6E95148F552672E499C62890AF964FF47707D532E5A159F3EB7BAEC0177A18C0D8D3726B4DB357F43094861F1EDA5170F94BAB66A450B10674ED6A4DEDFE9D1282B33EADE5AD33750B70EAC56C1DEDA42D598F6D259BF9CD7F4DACED84C665A21BBD4033D7ADD9DD04B9616B26BFE79DE0A0C070039799EDF6BC701EAF188C38F9A23DFF4B973D3C174A820EF355391879F98B08F3F3395CA4AE81A97E67DD80FF6331F8571ABDAA1D63D067A26654E50BD57E2102
T=0

[8]
S=$3CA76568B
W=$4887C29217DA85444D49F6C66BA22FABD26DA491B3BD0095309CBA8807B522591408549AB9F00857E43A446F3920A1BB71DF131104D3754D708DCCAEEF34E05A98566AE01AC701D62723543A5A0D2DB83107E91F22467B5177F99F0E44C9CA5567AE43AD9E5A3CC908C519009C24BAAF2C8AF8840A916FEC9651CE867047AD121730C06EBF71E4F9FB5CF83AD8DB1086A49D5BF5706F474A81F2C02742BD2EE4642688CDFE28B49FA02FA63FD3B85623A463E7A7ECF7541DA316DFA8D232B045C86C9D55
J=$1F64EFD9470D311DF935CB511D179672F701B6B205F775498AA9BCE62B6647FC664130DABC3B47FA698D55D7BB74EC3A89F66EF867539510F20DF5AD74CF874661EB8A5C9A8EB1E41EA8100D054B971B6699A2A5B9F5A344EC6D41CAD156C8CBC02251E957C941E97F2653CB3A9F84C73B5E6D869211B0DB8E842E539B07C9FE9EA080D2E4BDD495DC72089C9C0E08BF5C6A458C0DE53F2E81F0B4C7D60E45F52F6BEE4F3602586578CE0309FFC96367582B7857698CC0A91E33B38B146A9A46511BE45E55145223598CA2DEA3451CA595786F1C22C3DFBB065B6E82776D86B42F0ACA3C032C2EB8769CD437A44DA1B403DAA988770A948F77321ACE516ACAC3D2ADD58B0271ABF2C6E794BADA338F568582AF950B304181ACA414729442F733BDFF7AE97DE2D697D5458F3D61E3F405544CF45131FA4AF49806310586AA8FD7D0E628A0DBF11BD38C0B5523B33BA818B1705C51F173F3620979CA562BE0FD41603EA43BE21BD7DA2C249D239E5A8E0DA5BDAF10B40CB51DAFA52DD224726AC5FA61EC1D75C4A41
T=0

[9]
S=$4
W=$1538FE7E8008C6D6CC61DC8A42868C67F338D1378C588616256E5383DB1C830DEA79944A8F6840987FD9C7460A9B7F654DDB4907E87400E2E492D9AB81ADC9C509DD7B562EDFE976612291B053EF2616F6C0DC270181229D34D7B72E7412E01F1714515926D050398B5E04C367B96AE68A494AB5659B164A98BA72AF374AC2760D15C25472D983AB36EF7C5ECAF41CF7DEED88CAFC9C8F8C72425869C3B1B4C9D3D21989873265D8AB659562A7B23644766353FC30E8721DF07A58FC2A735F8CD602
J=-$1800DE7F9D334505EB1390BC5711B99A3A1B916C17D401DEF35A918C01C3D4A1B8C92D2FD5BDEF6147AAC6BDE186CE98FDFADB53AB4419C6BD6CC92B03131647D8EB23E60CC975AF8898B85AF5229CEFC53ADF49A94F246564D5D60CD7AD5AC3C2D6F3D18C16A252837EBF805CDEEE1E7F62F61B08CE23D28B9CCC5B873412A267F5034A7B724604D099A015FA6B492C0FB7D69534E0A1F813F6D9C7767166A2F9BE33249E192C2549D5A4248D8BBD2ABA0F101F0E13F4C266EE560FCE11BA1F2EE1EFBE440DCC7FFCE284F39AA8FB30615AE33F5E498CAA626EC3E95836E245DAA7D9272EC8171F70F110A230959DF190573A82E3981C84243F68421C28EDB31DDD77F46CAEE128FC53092BD0CB7A4D8B4C5A20BFAF9493BE00E3BEAEA8272288E8B8026103F75D4B96527E931C041E852899FF570EB227332555911B747EFAB78F0DC6B891B21F4AE1243A0F272DF5D11F08DCC1BDE2B517939C37A4B267974A7172752B882AB05BB0086D970E91E5798C03160901F8C4D56B1EC55D55CD231EFAC138
T=0

[10]
S=$6CA534
W=-$600BE80D52FC159990B89A34C4FD50BFCE2AE9A1320A3E91B3D3D3D8B56C21956A848383CA3FC62D6E06402FB1EE95D8ECC6FD865F01CF16683426A13BB44A98D516B765A2671075B6AC146F62165F736DDBE6B46B81D5F50687B571C4E2F7BA3EB29E583DFB70FE04C0FDB40EA5CDFBF7CB1F6588FDC1537607A7B0E2589711F8D54A3092165E0734A3FDAF94B0D78FF41FEC2E08A7F0F2A4CE928022F5A7E63A54FD1C4F3F9CF6FF42A04DB8A1249913ABE56E9421564ADA9BF4ABD82C4AEE3198
J=$5A85A274142E819C21318D0300164EFFE19D8A822DF51BF22455A68F5960E1AF58E6BE23FBAC191515924E4D37033011E253F61F7303B242922FD12C16B6E916774675CD7AC04B085E5360014424E35289F99F9250D795DC807F63560474ABB3E5C596627F94DFE3486338DE7AA58DBA5C632871A2F14660A5228B8441D3EDB5A56FB2E5FA0547BC764C52369833C4FFEEE91E259A353BD7194D22655E2079C4BE5C7ADFE94CAFDF7D6035BB9F63A3E23862CE331BFE14296BCA2BBDAA5C9480CD44B68480B4AA59B87692EA0B3E881C1DE91E1908436680B755BA387A539515A097A7D1589BDBD06AB83D8ECA30A0A5887E988F30922E593BC468406853D33A5F1E48CDA623A7F946AB0C7F52374DB7B5D8AFB277F5D1BF77D5BB698186EBD705DFE5D8E4CC09C083A900C4D1CE5614205EF8B1EBA606B984AE3CE67ED1C7293984AF68BB9897491ABA30C7AB403790C6E381C8CBC4B854564032231CB25895D5CEB1B36C2E5C832B63B6650B737E2B7E81C7A3FE0F0848A56A4101693D01FDDBA8FD4
T=$2

[11]
S=$80E
W=-$10FA693D27AF12FC1B15AC1FDFECA2BA3FC8AE51E7F1BE6B7750F339601EAC05E40E0E762867A7F0D49B61F719926D5339BFFF35E50E28D786ED8039BA9E6CD9FDCAA0463E09F532F68F01C59222CD6AFF2B0FD584CA0B3E65735DF4044C6094C123BB2A1560B8EEE124CA284A055C7D15093851B38C63C175C150CCA827C1387BF5C9AEB1DF88EB8A56535EF5E3B2D968AF84B74E3041CDC3C4455104C71A8CE89F64B516ECBF78B9023511BACD1CA482D499FB5C08F5D09958727B2CA48D04B6
J=$20D1F732F5703497096471BD5A4374192F4BB043A99E81E3572BEFF4F984CC74A5AA595462461B2ED99CDE4DBC8EEC24F450CBAA67AF3EA67813BA2F5DA6989D650CFF66F61CBFEFE1C0B0840C1A4E01C5A09A42DC03285F5E3F0911DF07E5905D57419DAD4488C0C9C283FB786FDC474157C2FC595D5CCE8D252DF04E13AE5595050DCD3DCBF5A0B03304FDDD8002457DFAD3B2D7B7CFF8807F18CA8E3DF7F1B61A39A667794333CB377A956A127BA0D7FC9C99DCDC6DA4EBF43F9535E1A171D7823BCFCBD96DE2EC979E90D5F39A82D400D09CE19371315340C87B996CC83D35A6237E9BCD88BD474C26E46EA6AC38E172C8530236656F690FB2F43419E98F62B2AA888F131B9F97504EDEC44C245AA3D7E53BAC5BE221D15864C0B356DE3528F5F158EE368E7C65CF5BAE3FDEBF84B986AB041D860730A482113C6F432BE79EC604B71D302A4FBA6871D7312DB104AB586BE6326106A0E6B4628B1A579C319BC59B800190D6006F3EE79CBBE071B3A336D9B832FE5BE8F44FCDAE9175F77F60
T=$3

[12]
S=$DD82A5
W=$1A02257C57C46C422FEEDADFEF0C8B14AA85C888EDF208BAC9BFA60FD96B174D9827CFD2482BD6868CE29EB7775CD96FD9CF42F742816607DC019541729C54B9D580422AF968BC9736621B1759E02331B19EC2383287B744F4A0EB6E272299CFFD69F3E6A96B7E9A16E82020160D8886DBEDD6882895C22B719C9176A4A83D83EB74131B50B0B75B03FD091E7190C5D05EE957BE7B3E11F074E7392266DEE4B4E6B20E9C8B236E493831D505EB3611721E4267A60757D8B2E0BD3996A586115
J=$2EA3827FA520D126E64963A0429148D5B6896924A53F71DFF488A7804A83AE7E60EBED2CF84C6E504C3D6B04F290E555F99506AE97E091F83D1B292EB149100B6C85D737B7833A142472366759A500BAF5CE8CA76C7B7B7F3B115777CB8C09FCCD8504CCC0F60C6BE0303F3210A615B09B29AAD69E0F36105A329F4FB7A59C5DE5D0FB452621F590EAFDA9F1F5BAF2A87DFEE09B9C262A4F3C5BDB531C6D0EED4D0C0CDDC0E4A5D6058BCFC9AFE5EA8B3B630CE3ADD26BF53E01E9F287A02A610D4A9488987445969FD26B0F9BE3C1421C2A70021D137C337287602703EC6524FC23D6781E12C5FE50E7128439BE1D89C8BDA6C0858BD4842A6A92F1E8599DB12B9ACE47BE11EA9018C9215822537D51F6151BBD5780DD312ED36051E54B691F0816CD3248AC5CC41D2142E0C2D661CD7A52E70436351304A3E632E2C023AAE1C4800465500EF0D7E02559A3A963A1C7B1DE2B33B94847DD698E66E77EA3EF518F557687733945B3596BFAD21F1572C2844B42911370842C5D49F44440ADCF6
T=$1

[13]
S=$498847E
W=$1634031AA6122E12173CBADFB14E87F880CF3BD7D27B253B5A81C416DE50BEF63EC9E7E32293C2462A6FB682CB3F4B5423528DD018424478CFDD09581E3A4395C9D0F6C1F93C4509309A075359D48531B9C8F893BF63A46CDE243D6978AE20AA11B4178F173EAD031EDF24093B80880D611178741208596012B59DDDB8CDA6E391E55EE3957E9E1C6E36BF54C7A778A56426045A0D51A117E4DE3D5DCB45BC9EAA7C88DB29D7729F20CB2194336A2935F99E22497C54EB1448AD2693FF58
J=-$2999F613958D058FFB29FE62424020A542BAD132CC9A660C922986B18D5771454A5EB53CEF8E16FBA8707F1C2007A8D35F982512248FE65AAE89CAADBA9A0AC79B480EF9DFC8125EFD2CCB17C43C3ECAE8A2D908F5914A44FC01446DCC190503F51F391F2B44D6CBF90A6445F160C935DD88DC75DC9E8C442362BF868422AD827190B428D99B3BFED16C05350631DDD8AA260D476B4414AC9AFBB47BE0555285CA32514BD42A256FEC60A2132979D9596DDEAA27C3CBD87EBA017C434A8E8340F402E00CAEC54B317353F241DF841A8EFE97F5C53DDF271722457D5EEAC77B2DE56E7FB3CD8FFA069FB9184867422178439D7ED50D0A8117E6734B4DFD7DB80F2999424E24C4334E507AA1507B658F1688E17B6FD34A25EB3662AB4AA0ECBFF1E385518E417E6B7FAD9398A8C8A32669D1116A6690147DF9E20B6A61DA7AA2F974702DFD286AE489AA37AA9A86148CC183F9D70A74B60C246BCE9F11C9EB617573170EA11BADCC7E7E2A1801C242B2E571C31BF5403B51DA601B2AED4
T=$2

[14]
S=$488AD6D5BD3
W=$34C17550C46D6BE43905C29C436387125145DD763D4E207E591BFB62CC26A494C5C165048EE7EF136CEEEAD53FF090D5F35CA03FDA764611F0D3B6FCC8F1EDEEB69330B4B0E0B7BE21136D1ECE44F5369D53A04843BD2C15C5A1A860EEDDBE5A00D74A832CA0DC5204B8E70D6559B3A7754324FA820A6AA480C43D9665FB7AE8CDFD5BC1E08ACBF61313693F5A6AD4E7636163BEAE304AB9AC798D202FA2179477C5B4ECC99B7BEC91A2749EEA1C2D108BA29C745C71D9163EF63686B
J=$C9A3F4485F8E814818E675AB237F244EC91827A30BECF7E01AF5E8B98589C66A8545C2062A56A978A597A2830587FB529099695F72C3B54C93A5825C1AA2B66968554B2C8B2E99D84815CED542E6158E2D0DE6367F4BB3C7610B71D361A242406B45CD57A54806E34E4FBD571C3C2C2CC2A253C89EB9CF6A3EA029252CADEE370AC5ED7E37612CDA123525F32CCFFF327318BD02A18F07F1B4B253DB9CB23976B666567C7D2B152D592874A31D8D8B2BB67005E81E467CAE7673ACD77763697B4279FF47BC6B04B213BC9EDF871161D95E4810FF5D433FEEE7872171E54ABE67EAAC99091C0FCDD4E2014A3492488B3843A40BF7BA8B5D64BE08F7103E4B71B1EBC40E753A73886B486315CBA736833960433C93CF379E2C24B8AE672D323917002317BB2BAE61427F161A209B467F01CC1E7CA60BE128C39FF39F24B7B3B3432DF3AF44FD5AFAD0D033475500C25008A7FBBDCFCE8E0D72606B40C752BA2896D1CBFAC2FDD7CF3E8B8B0F96F44C46D91E29CE71FFC03C40CC
T=0

[15]
S=$10C73D66
W=-$14D8612A2D014C8A35ABEDCA9AD7D5CDB539A9A288B92B9897F8B2D52401B39828026B0137BF5358BC71075B4B8B5C21F78908D271348877A25DCC49AFFA0E6C26171ED05D748DD163EC78EE07A32D4EDCB169A78DED440CA50E12825753D08B5121E4A939D70D74EE5045845EB8A0AA506199B9E3A13EE9CCB82F70005FF0B17C9246E628EF2654432EF276F4224898C633A4560DA0E4DEC56DD6B4FF3EAEBC01794B45C74B3523044FBDECA05B19F242F1E8099881F04AAB504
J=$32A5CF8CDAFAEFDB2102F2FF44D5A5BF032D113BBE8D586D84D75DF9578792B5486DD9A0D5F3AD55A1FF919FAD6E803FCBFD92A66F8B1AA4B295BD7A4BEC5045DCADF48735DC94C2E6C1B3F5AA514FF6FAAD5486E5637267307871349D0BCAD6408F95A62D698623AB9545C50C1A5ED097AF4B81421904D611EDDFDEED1108F3DA1B57FAEA6E7ED53A3D05B17847A4DD69FDE55D5E92547CC76931B531E4B331304D2DB42726AA85F3CA53B59432E91B1D00154D3C61A1D48C899A3BBFA1D295B3309A2B9EC7747C10758EFEFFE9E5C2191DB4D28A1ED3F8EC8451708E31590223A65CDD6C46F7B5BA5BF9D82483EAD62A1A472096C861707189DDBA17D1B1E80A2B556834F232798CB956790200ED5260F0D61D4E1D8C902487BD93727F30CA55AEDBBB6ED4B177819B4A6E2C0D828FCF13250830D566F99194521AFB656B2E8AB7DC28787331A8BAAC5CBC79A74D77E60FDA4141A94A8D27DCF53432F2F99A8BBD5AEC9185B6FCE24ED3EC4B75A9EF84067337
T=$1

[16]
S=$54B3647
W=$1DB3337D45B6FCB80417013BC119084D25244A2036C9C54347FE7641653015EC46B819C2D54E49A8A2869BBF9F36AB12A7020D1CD781F421140AF03DCC9C67FAC8B3BBE832D8BA7AEDD24D4029F0D5FDD6F1AB027DB746EC5E9B56FEF8138275CD39BF9D86235BBC6C34DEB1BB299C5BD2E7CD1CED62021706BDA4AE7F6182246A6112837093825547C13A00E82CAE0B343FDAA77540B4709CA14E4904791B19E58DB74A5EAEF77674AE665241425ADD3B59F97B534108901
J=-$149BACD5F2CF3A9E29BED14476A186D7097DD4741587D892B72BD2D24B9FFD52D6F21514F3D79E161E88533EA0E52089EEEF138311D46E4FC921ABCCD391BD971030E2B28BF99755170A08FF85E31726797B7BAF043E03AE314E1B24ED19FAE49FAE8370D38F961FD3615C9A3B97FE9FDB62D7BC5472BBCCD903C7EFD3C5FC95499A187F70B1BEB5BB011FB96BB3DA8CA9735C78C45B4B1DBB30E65615E9382316B25AE71DA9E2D5FB4994367906E35A93872477DA1D1371986AC98155D2FFB4C5B5592B3BC3B5728270E90FD0CB708E102A331CF38D2EC011EE5A0B465F9E70EA2E6B0FC5609B1C4D7CD41FBA1689708141C4FEC7DDE1B81FD7AEE1DCD1979815D48C860E90AFB85FD023C19E518184A97EB9399C456C2CA573CE402FC0539EA6C71D4350F96CD3249E3AE60EE97138E1CDDAC6E4686FB4A33118A996BFB3711C05757603B025A699F89326B05991D15C9496C43A76E9F8FBA8D5DB64C742A84FA11A9C2593810B03DCA149B9186D8E9
T=0

[17]
S=$487739AB2A
W=$26408CD9C9E8FCA6B155F57313945B654BE7526234CFDB78E97B0D42BBFD3C2308D37AE3E5CC650D609A7D89F7B1959FE6BDA7EE11FC01EF4C607014F74B99927C15140C8B7540CABF3B29584CBE223E97D246ED03FAE6ED28A4ABD49CEABD86BBC4E3681778FA726DA90B049A376FF43387D38C05214D0C7C6C796FF773CCA3000D54E9A91A090534B9EFE0CD76C51D411058F42C4BD0C5665B2AD1054A9A4A956966D1A5F734C12BCF42F89DF69C74438DD22DF276BA
J=-$ACB4D647D503E8C22CE80C77753186636012B58F895C6C14E228B313A05E2B44CE6B035BFCEC02131CADF69BF9E9D3BCE5E638664E2AFAF970929B756AA1884AB82F2F697F854B64E2C60C2E40AC1132A1E0F4F62F19B06983EA2F16957B2833B4576BE6BC5728E7E4577EC19764FC6ED1C9B2A233164CE5E29C86844D1E447E8D03E60D5220BAAC3A16C4C7A0E2D212C5B51A53FA859A4F20FA03ABB9D0879CB32DC0601E390ECC15543EC8C6D464390FAFC9062C63DB500D54EF4C00B9F0FE1BA8AE6A4C84467E49002924B8D81FABB3039757FA2DC4664B2922C0E094DAF2C6EBCB1C50BA2E5F51A23C2703F67B8EA8D501439180840588B7F3658678EA0A660A7E4470A871B4EE71DA45CA10491BA878050093F0921BF56A00C5BC790A7AD14A1DF46805B4B61BF8085111DD8E6EDEFF62893E1C3AB14F4D5456BBBDF073B723D3C99C5C9ACF6FD18D50DA0C7F077EEE7C8B959F50672674E8931C7D1492B3B8C534733CE393A47BF74BE7
T=0

[18]
S=$7456CE1BB
W=-$1BF412D1B3F35B99BDBE2C8BCE79F9730117BBD0404932D93039B2D23D2E280B723F228FE84674CCE56A93B2501BAF31196BE27A780A9A99427FEABE0F49A9A95764199669732DBAC0EE0DB3375E7821CF790EA18BC4F46D356A0F622B1E94706946176B1617733B2BCA78C657045CD1AE7C1CE680EB1075554E95884DA3CD64ABB45EFDA330F9D0D1BE48772E55AB6AD0534D3E9A62F9FD061F101C24158A0F2542FB7109217A614C1EB372C1DAEC5690C8DA5A7
J=$5EFDC7FC8B00F3C8C6C4C0BA33EB603E64738AB06A1785A9A4F41408E3FCB7AC2613FC90E7A2932713ADCC29D9E1486659C08CF0E2958C2745E8CBB476B031EC8562EEA9E10138D0AD796AB2202787F94C435A0AC36FB8B3F0C49A6EAA02525547291DB2BE25B7717985E6E5CE04C042CFCFA002B1D9FD87F96FADCF96907FEC7BB0319E92CF6A9E87CDB3B5208A45150C38189B5543BC0FFAB2EE4DFA7AA9A4AE76FBF6CBFE15C68ED292646153C61CF66985D02F38FC945A5D46C16D21930C7AC80B96FF1C24959104A99BB8A0F76B745145C13B328486C2062D07AA1F419F198A481555C29D99F30EF52538F4EB8CBF72A69B6A0193B0E26A1E017AADA17FBA4FB71F8F8BD3903A19BB4E2F1FECC9964127504E42670999F0A0A6CAA88DEA63430856D74DEE53158B957DB2179D12D88586B221FE77A5F5FC9522A0D5C67EC52FCB6766C921272A900B8710A8FD5C797C5DDE3B7C1D549CC731B8A196D7F7B0E4DFA898F5587F
T=0

[19]
S=$F393B502
W=-$CA7F2EE0D4416DB9001862DE73794AF54FBD49516D6C591AD9181AE6DA1C8B3B26E9E57E76982C7823EB51A721E0E04F953EA4BA667B43F93425269EC3A148061A381B427E97A855F5C8DE089CA8E8AFF6ABA447CBF402C661DAFD94482A46ED930D883B256A1ECC1A3CC1B71F5F4A36AA1687BC2F60E3BE700EC348B2FA9367CB3864B2CE2B3158713D1DA677AABF8D970988DC2995070D21AB9598CDA7220AB07F349D2BEA2FC0EA7691FA3788CF9BD82
J=-$12EBBF2B627B35E51A5B5457F0A7E119E70ECFAC82DDA9F2ADC32996675FA62BE3E7E087BC17182F9D88D6C3D346316F3980C9A98618B7912D892168F5D24C6AA6EF3311610F2AA88E508F033543DFAD271760C3200C82C44D043311AA319806214188CFB29650E1F7568A22DD07FBE7C721E5FFA449DC45257F788DEE03491194C55EEE111E4922E9E35B5710C8E2182141AF80036D014E23357500D33E3403ACD6336F3A9A84D8897958AF2D6E00574D8903ADCB43DE27524003340F3F9FEAD3BDCCBDD9C900C9DC84383E1325C9852F760F2A1D9FA26370C8B7689E2A53DF65BD45778F95C74279E0353B6A1E0672DC94197CAB6C70E7B1C59CB46CA817814FEF293FF2D900345F3DAAFD71F78326CE9C9ADE7F357CED22E0F85C04DFD8D689174E2896559327C5DEB53EC0203E41EA53D406E2352EF7B27DC4E21ED2B3FD8B9DE0F0F63C3B6DD049CB953DE9BB575CAB95E13E94489FA41B8CC2CB99E7FC658EB403
T=0

[20]
S=$1BD835
W=-$18BB81D3FD1E09151D17244986ADB618C4B0595EEB93166BFAA162737F6B6FAF98D5871A3B9B5FCE2265599EC8A5752383DF6D896D436F726285B5148B1AD1E1211130ECFED1551366703C67E6DD874F0D80E48114FEB4405D18440460E2E67D7DC674BF2C9BDDFE68FB932E68BA17E7A74A75759BBFD9D674082621909903E84D04B4C95E2B61DF1AE23E3F1506CC4F4A8AE69D88491D31CDB32D9FC46DCD63C7F5364164180F73B0E492C880C186BFD
J=-$556318698C553E1CCA548E86467411957B41852F29F95F24DB8B02A1131721BAA6FF93754124D290B971C2327A1CFDBE068A667AC36D7227DEE9BB1E5862A425A4A62D793A4D8E9D2280E9ADA86781C8C1ADD7C20495201D0134104F5F025963CB76AEBCA6B42BC74D67EDB1F7C2E8868A678CEDF90A9E37B20013810CD2E88F822FD7DF633E51F6D61E75BFD3C40BDB2EF6C209E72F4C02B044C1A2F1E9D02F718FDC37B914FD62C4D11503DF8D0AB36523206BEC4E90D7E7C138B749836A0C0F74F52C5CBB1F03D2202B3E11ED884BCD65EDAE9613AFDD45CCE495BADAD36D6203ADB167BE543EFDDB47EFDD39BB1CA48D656F605E19C5563B6C53B7AF8913DFA1E387373B9764C8CAB3F82F0AD3D62CBA65A077B9E42FB8E58C9BD4A450FBB9D2C8F3F5E66E09E8EAECA19E0C037B07E491682DA4E0FFA20B859473164BBA194655F0307B0B9CB0454088E1833319AA682556C4E962DE954CEBC9DD0A1299
T=0

[21]
S=$11CABE8772C
W=$3FB7FE2790D7BE3014B1F6AC32269ABED507D2A7C2F0F888DFB9B759BF6B6E74196E50A1FC70C5C9C7F183A7CE74A756D32241FFE44262EE4C93DB1FB4494CACD97308F6063E05F8C386E285666143FB28264FE7F5719E52B945AF4CAE676BCA439226E0D3833F238029C9AF5722E12E19D85843027C0A69D79C161929AEA71E058D3B4DDFB1D3CF3F82CBE7DB88E341610854344F3E6AA6BD4F1931D3B05FD6AD55438E0E92F3A8AEFD1879046626
J=-$53298DFDAD1525F5DC862D200BDE7097E82C3DE297E209392E707276F050D46F9386A9DD3B9E48A6B7FC66A08DCADEA36DA5FD7BCCB32D9A3790A69FDB357AE5B5272AB60BE430D4AE6DA2F94EADA17930E46D91B4C53EDBB29AC26C7B0EE1DFCC12D58ECC90625C87D3666481BE39C14F5AD143386FFA8494F51DB4110F52E9E8A30B2031F31A20B255F9A56ED065BF8B04E3C6E716C72BF4B2C477D9B158078B93FDAB0886C983192B969E9A2AD22923E71823A95ED84C823C4169FAF741088AF34C23C70B0384DD5E798E521E0D79113B36902870EE227183AD446C78B8A6C5ED1516D57B3774C31A71D540EA0BBAB8F277EAEB4D5CD3AD731900B96EDBEAAFC9DE6F27752CC1B98B2D7C9B72AAC530787751B9B99F4962DE8ED81A3F910C8B59891559B12FB9DF3EA6DC8A7F17D7641E383F71F8D810624C187404E364EEC213EBC2A9BBE8130A74C794661606103C6B3A248CCEE2275278D45D96
T=$1

[22]
S=$179B8547A
W=$2706BA5528BC80048BD2CE028A487C49CA564995C5E6E1EAA056DEB98DAAD2599378781A801FD28B930039A993C6B14689CD7B60FD10C7420DD4614A7C769C5CF28370F4CD41D77962BC6C8A2C70E32B8A743E8407F278E943EA9534086520803FCE1ABDA16BA9CB992DBC485FA9864E3C6C11E056F1CE6A76ED23E177C9845B08050A0A13464EFE010E0184FD48E78015331F7EFAA60A49D5F529F9B69011CD29C078D22A359DD0C539CE7C8
J=-$17C15B84BFC9CF83631E9C197E8D8843C5146133CEE0E92FBE4C58BFC85C7F6572AD2D68052D4C4F18E7825597839C7A8FBA3899BFF036C50D2F81AEB3614327E2159BA54394DB5A26710BABB73DBEA018A542097A6CF976DF5DE9620CD33295B0B91CCB8A414E8B9EB7D6E9A5952CE6FEC25AD7AD7F54F94E8B87B5BA5B7F38D6B185227E8FBC82614069A6A29D209DC837E73251B3EC61CF5678BE57511F3F83995F5131DB33D2589A01ECD2294C6C259A24EB19D089E239B8F5A0DB6874BEED73F911D969AFF42EEF7F037673E6CB2B98063BD2B6461963594CC018369C1B1687BF40C898A0DDD8636FBC5862D7BBA7A7550F299083E4CCEB5703BC54B59B57232402902ADDF49B388837AA800242B2F3A74C16D6B578A42EC6FE52A4AA35308BD5DFF677FA2CC84B11A50E673154ACCA903279EBB346D22C21A863820277129BEB2A243A788C2A13C9BFF919273C60927FE802E1FC3BD
T=$1

[23]
S=$4EB2668
W=$3845CF09EEAD367B70884D5106A7FB41C0FD448F13E55D66A73EA7AA8E03CA40359223D6F75522AA6066B497CEA24D920BCF67DF96A09B6995ECB1A3633C7EE4B28C44DEF6C28A40AA1B82245BA6F577FFC7AFD88B1377C7398633EAB1D4E58273F1648F15A3F4DCF09E87390C01FD6F71AE8D7D562746D369AB0C8CD8961A7104A971FB6F8B3A02C112F3465AD9B6E48608E5421F01A1DF17F55FE00C188826ACD1A4D3A38A33D33326A
J=-$1BB4E13340B78A655A210B19B24B4FBD147B24C1189B0F3CAF7224D2BDA2A5E51A710BC3992089BC7DD2C80CABF4278D577E0A440AEBB0C4FA4D2072D4AA7141640543794791E33524C21FD7DB0FA7A843476B194CFD4B423A4923294C3F81D992B391B1CCBAD426BB4F194ED2E6308B1C1D7DD0F21C634251EE653FDA9D91BF4C2DB9668E3051DBE2467BE12A9E4B8A0B3CDA60A442C3A4D62995CF86DDCC3F5DD0071F5043151132D9B085D335CF5584A883E58EF16CF86A9EBAFDF87ED601A60D64E65B76AD59E4D77EA79A893097EBA1A94C8D90A95D563EB2788BCD89BE42C9947D330290ADF5B7BDA3AC81518BEFFFC5CFA768B7E8948EB407982274890338292EBE94F3C63DEB823F794DFBB0A5F08A9E806EC574B86FCAE0EB8AAE2802592A391ABFA5C3B26EB22525989CB88AF64B2C9C927B0E16C01D2F1503F1084C1BBEA10C9A609D5F51DA46D36137505E95592F2
T=0

[24]
S=$9EAF18
W=$1BF5A0B5F4834B4B234F63B87AC52B8DC4E35D5C2E4605F200B4B69751CD279EC868BE9904596CB36F5CFBBDFC0D644D387A0BD530411721CD69C54C26A8B43FCBFBF2D1F25E9EB97B38E336D205068911655F581225994D9A0B595AA1B06693CF1741BDE9002D11A02835049F0E8B318B9FC67F2FA67FAC61B000CDC65FC6D3C2B854CE23697DF863876F5791D87187E813E784AE6D2AF8B4B3F09C31BF23D4D538B46B2D474B891E
J=-$650854E4D806ECA6549A6715390CBB3EF19AA73BBA59B1A818C075A7DD07380E2ADE686A4DDAA5E33754BE3012F07FD4CCF4EB91D798766497AD201704E8F04F0F25CC2537F636617015C504AE9D80612C6EBBFAB098F34E2D1D7CBE3C84F620B5A2294D96536E21EF0655C2C7339E14BDFD547E3C81B2C6BCF03E993E21C1D5EBDABC53AE6F49D54D5894F28FD1EF4AE9ABFC7349147E552242BEC0AB00EC399950ED8C8815C0B5AD935FC16899C7E72EA21DC21A0BA77803FC6AE362638C795974B1D2EA5565BAE0BC527FE2C18DDF3C8FE6DFCDAECD7270A0306DF6935DC8792DFD7EBF2B383494CA1F16973930965C0FC5645C5339272BDBEFA4C81D078262358CD53B3A90D8494E7735B0385E5500531DDCD3906ECAF774AC7222CFE482290B34481162D4BDD1941E31AEAA6E0B296FED4AD82AFFAC81FA70D36C236DAD0AD86E88F75B2ADD265A67A0DD6A844BF0
T=0

[25]
S=$1C5896A2EE523
W=$7EF799D97C9BD649F5F026523B4959EB1F0BD87FFD7D6E847C93BB737CA3DE80C9CD1FA5A2676478F4F9B8515AD13310C53B997D48CB43A015FBF336904CB9A4A98905C3F8CCFE7633E8039F97C580FD5EE38B97F43B228B48523AE695B23DB9EEBDC774F9BD81560C5928180A682E6BDA21605EA309846CD2B9443D662809FAC151034B036AA2B39588B70C78FA14B187AF14BA1B82001176F3FC8CA79515A3ADA5536AA797A1
J=-$9FBE8D79D315DD7A377AD59A8FCBE0931838DB3B3B1A1FD931FA60558B6A9EA7B60D82B29723C1160F1BB264DD1D186AE4099E113670DA79C24F4EACBDA456812CA7D69BFA7AC91FFBF67B16C723E2AB3EF6517296F80E3CEE087EA29341DD66FDEF861B2E68B5113D48F90EC77B2CCE36DCEF441508117B48855B68B2E138CAC89096345BEE5E221EFD80E2B18EC8364F1AE2F6EAB581E909CBB835FAAEC91F09618DEF619C01F6EEFEEB674E8F70975A873E7C743EFB2F53E2D730AEE91DAB08D37644AF61DD257F6BF2DFF54A8CA72081973A5C40D7F16D1CB3AFE05D39A1FD69D4301310D0861A4A93C4A23D6D0E14D271FFE594FBD0CD07C08A59928701B92E505B4D5D37BE3566B84279909C10ED5E94D0E5424FCD2FB4C028E4DEF8A684585BF63D919B8B3C83212340CD65825CEBB521E2D182152D5F628DE215391BD7A627AD5C35EC421DF850C79079
T=$2

[26]
S=$4CF3A4
W=$18DE3174DF6EF9A6E4572D491AE19D45DBDB44F8310F88A6A92EFB7937345C9DBD440E2F1CA819B312DD994596426621FDED30624071298FA04C74F64F3B732AD47409FCBFA66751B48E4560364BCC9C3757115EAAB72A77A494EA721506A94589036DDEA04B93B0BDE2A51983438A48A1FC7CCF575232181B71CB8F06F26C2D2B7670D53E40131E6555716DD940AA26B1E29C91950B23970CF56748DBE38BE2665A8DFEE
J=$2EB38F03A1DE09564E1558FDC29D6DA7134D38F30B00C633838B1E061950B7F95D87669FCDC535255F891A9774B0F1352354AA01B0A35C38B1FF2EC5F046FBB182CCDC01C72D319232A4E4C1110A39F2E3F762B4110BE919B00DE229A5751483D2F80904CC606C39E647812ADF1098B8AF189E332B11AEA03DF93341BC9BCE0358D78433723B0642652D25BFCCC3DD9A53D9F45525AADEC8CB96758BA8841580F7F422B7EC4334FAE5BC881E5E79F799E3AA702384479F3664DB44EB5BF9AFB58C0EFCC0E63D6FE977A1CB495C7DBF1407A54BA3BD4BD77F3FCE3C361A90A8032F397302F53F72748614A50F3B98522CDE0A6052E282A03268071C63599103D56BA6B6232DCD048B6FB3CD7062C77AB632B719C50AA9F4CE0E6A091C64DA50BDCB133FBB7A3CD418B43228FAF6FFDA9B4077CC6ED7A0E2ED64A2AD7B39BE7B5CF09049914FBFD2DB
T=$1

[27]
S=$1AAF95
W=$2AF706DF5BC64CC40E9B1B1A2FB00250AA57CAA3FCC1B298986009D35753C263382AB275A91D5A0823EADFDF31940D538D8D974179078CA2200547F30CD28F81F3B42DB8AF2FBC561D7C5CFA9F3108166EF6D25897F1D2A18CAC2FD2620C7F88916D02C1C6D90AF72D6790581F833D1585A4F36D5F8FC32570CE7D9DCF1765207DF83C86BE799B3703B55AABD9BC937D328883D5FE15207CED32286300013BDAC31061
J=$6E0D93D925BB7A32F097F6E464E03336D401BA2AFFD306455743B65E6DE4D8B04832CBEED78A37818322033AE7D7737BA55193F4F01EEE079FF009CFD857CE72FD25A13BB9B683C900B6A6BE55AD4CEAFF9C6FD8F817F1A0053A35EA5A90AE8F62A14F9D309852D4E4109D56CE647CBE4E89D898C77957AB9585EAC90FC72C624981A6BC4FDDCEC419B309054B608F2B7CF7F8C09C9FC934A2A3252B2212752040C85E35248C8772A9F75E780A679EA06ACEE9E95CB04673F54F281CB0D37D7AEAACD9F4B46CAACB4D654737ADDA5CE1B5EA123B8FDECFA98CA663DCEF371396DC35556FEDFCC5A0352410B939063A92A1267A972A8EBAE2BDA20415123B67D285A0C0BD45C319781700E0A4C699A4D5DC90F7709D3C18DAA63ECFC815AD802B0133A8A7ABDA430850F7CD3BCF38FD42001568844212EEF09DA68DC5506429563F6DB3AB90
T=0

[28]
S=$14690DE
W=$1C8D8EF5FEC4A11F2753E45E85ABB7D4BFB53E6C1479AB96E82A6C4B367AAEDD889A101E4769DCBD50D55E7A012124182F2C801B7F0FA2694C3FE1F56BE6E1A2B5265DA1C0338D5FA260FD5D0D017210483BF2CAF227A327472E05C18114023E605F9A0D7F2659471EEB8A57FD8D0E4CD7F1EA63E25A993FED04FAF88F0450CB6566958F1CCFE7DDF1969334CC4EE4DB8DFFCCE749E36DCBDD1A375F381D10D0B14
J=-$185F3D985F495392D4E42881D54806B487F4D6D0003B3ADF52D716EB6713348EEA7FA2BDAAFD247DFCA341E7521E60F24F62AA65F884F3B0F2B9D1AE195666551285888890DFF8091B1A88B6845DA1BFB0320758F290B19FEE18CE0A8D133EFE76CE2772FEFED9156CF881233C9E61931FC7AF4BCCF704E7AE87C538059967E675AD5D9CBD642E09E56168EBE151808A333714C0FE00485218F02632096F1AFFA8FC79C22CBE1C298A5C4350C8ACEDE6665F1D36F90D5660D0F6C59FB37348305B85F2D6F41B186EC34A4FF6FCD572BF5EC413529D1732E2C7025D52A012885DFDA41EAA6A7C87214A70575F97DB1B693EF9F2C52156F030F6994F30A6E555F7E25DAE6D8CDF32B678A9E8D7576663EEA460AB6366A4C41F22B44D1302C745E039091AB4DEC9E008214E562AF35049353C14250268B2C13B5AA3EB76EE606C28B7841
T=$2

[29]
S=$26EDE909D66E76
W=$1CA116D5C1996962A6C628C43EB0D8BC608EBC13382D181B7DA11E1C066DC4275AA108DF36F003D0801B17DE456FDADC64ED1F1CCD76DCC4B51C7C210A14AFF355653990C4866AF4466C89857A45EFE2AA21822022DAD7D227456319A8104B6471BD804DB8EC1BB12DCC79171118553D0A671C364B80C58681F3C2CD886ED7A425ABA19586666F3472B64C3383E1A3BE341BD1FBB9518F00E40D41A7846A45E4
J=-$7FAA30B025A816D0F97D46C01DC291CE672EBE8343AD31807CCE815850E3858343F4717AA0F768BADE47C3E4168EE285CEE241494F85319AD433F7A3C5B08F9D845D7C3ABF47B8D64DFF3EBF733187BA4B9EF552780F208D1560EFCE667CA08033622F07A1B00A78EF90B1FDAED3CDFBE407B14D2279874CA2E7BF9D3047003E01FEE0EABB42E6E36F768F3AE32AE16708A44994A5449DD0E9E091510EC46133DFAE4E5202D52D2CEAF5D9DFDA0135365B228F964F82CABB5C01DB6F0DFB37A78740FE076D76DA1C29D5CB383647EED724C64F8F3209A0C02485F237BCFB6DC4675CDA9290E3B714E39BEEF2ABD99051010DA7F3117C1B3F35A03A83DEB1E9896550A5DA587EDBE50BCF5391892098549FE6660052B9E04C9269ED08FF50338A541A0D9289C2509847BF09B3E512EA038F0FD70B5196FDE9B2BE97A0060FB4D
T=0

[30]
S=$1831A1E2045E
W=-$8A6F979DBE0706D4474484B679273BC7E494EDDFC78829F0B4B0002A284A744875494C2DDC599CDAA35D4D1507B8EDEA932F2A7D34027C941534BDBA0242A05BE1046F7030A8ECF83B7E01B1B4CCFEEC21107F52CFB7883B02C214585B366B0F7D38AB75DB07017FB5BB8E83E5404522E4D43B4EDA112129333183795AF72AAB6BE0DE3C5A747631E687341F632EC7946AE6D7C44FCAA2FA0929AA56A
J=-$24AAD20C768071A6605C20B9C7651AC45CB45475DA6720CAD400230FFD51601631C885D932A5A4820A6F615BBAE0027B741E4C507FCD62340B618A9252013A60CA92E91244E575F0E0D339AF75431145A7F7EE591F47589179D8D0135A7F4E77804E9D1DEE98EC0BBE90C69779B6D2DD0FB8C8C6A315DE89547B25DB9D0BF3DCEDEA62A2C13AA9FFB5384D846E6D3629BD33762F170861481E9836B573633B6D13EC4C4B6831B99CCD766A7F93BFB2F94DF5663E2EBD854EA772FF349B757E390EBA52F17FD852E569841CE382EA49A70161F22C63B7656631296DA1C2355C9CCE1AD4EDACAD6D332A0BD947A737AFB491DD1BE07D87DD90039D6018D255BA755E83088834D1C1A83D7F2108B1034D5ABAD7A9FB5379A5505C68622E7ACA75F404F1A55D5CEC673AF79C054A6C8F743136E37DF3AD210344AF
T=$1

[31]
S=$2E9E041F74
W=$2B09E10AEB0DC6F5223711937818D228B507437DF65F945DF0F6225E7CA7408B58304BF412259D70995C441BD78A43B15A06BC91B026E5DE1C678FD1C0BCAF26D9AAE4D8C74052D22D719838B7AA99793F6148F374B7F14F28EF57116F75A55B38E782B8CD3BF57EC450D7794AC3458941640951B091A4E8A231BE0C5EF3264B99570F5796D3AFC4E0F341CC54B63D33D33F67EE74E0E163F486
J=$199075AC7F47741C24B5FB9A5F845D4251A7DBC2F8CFD8436EC5A732AC74DDA47660551638D0DC4CE12EAC97046EC8642498514F631F946FD651E135CC2D0BBA30E4F67EA3F7D683640E25DAAD48C647948B40DE08B633E47E348932B53579A54B999AE3FB1CF33CF518FE19B4AD236E8EBC30E8CD18978413C7DB5434E14110DF68029E4CB855A5549D4A2FDAE7E185B827E890E3ED81244611EA4705128EB6A6E3AD2EE4C7BEE19CD5E2559C75887467DF12FAE0B512576BF7024BC4907633651FD2E32A9FF15F9F92B1B85E4FFA83CAA0C15B882FC6C792766904481E98E6CB0BD1F37AFE2C69A7B635A02DAC932BBCB71058C57B6381E7AF0038C7D4849B641D1920FB0C4C363389ACAA77EC6D8AB7A52AC0D167B38F3DF751ECEF99EC6E6D0D28130F6E628D9A525F49B23A620492A8689
T=0

[32]
S=$9834BC0
W=-$74EAC11EC910042BA7203D367CEF449D3A125F91ED51C7C1FFE0F53792FFCAF12A8ED3B92D12916E9CD1B4EDBF54BE7B0E372FCA38B284E461BC1F663E992DB474CE53DF0141BA1A6EF603C9AD6AEE44F8E017CBEED84FCDB645BCCD94793B9474BD912652D275D997FCB28CC4BF9FF22AF5C40BBDE37E97D5336383E03404C0A411D025C79A146555C4A04EA23C7FDF59E16E2C1E6E774
J=$83E33194B99B03612AA3533EC469E1BE4CBBE1DC910BC718A7EA5A290A7FDDA56CEE7AF0BF6E6EA8B2A3480114F5869B85E4D7F817EF4AA1F79A0BB58AF1F7B95296BFC293ADEB1A83ED21FF4097C0D6F44E34C4801F9B42300462B5E629463A15F029DC8ADBC2D70719B23B340851F8F8F658053760F1C2FF15D934FA746D32E1C0CD4F3BB4B704376CF4928E53BB559E54BBF7287B1C41A63C70840AB7280C23584878BAE420360F5B49D52D0DBDDD0058D1B1574E2BE791DEDFAC514AF72C80C6AC36F4F1E1E0FFE91A3700EB184E8F6CD24E07BC4865FC56521BE5D86779E352136C7E1CF115D6636975F21BB0922B376C1803C728A166B15243EBC441A033019C30EA0B3BBA4EBC72274538E5222AAE1CF3B5A7BF174928F585B1FF53805F0503728DF65155CBB3ECC707572
T=0

[33]
S=$21DAFBA3
W=$3568F27B93603BE084A00023B4F654E1F39403E593997191DC01C9905C0848760FD7273E88F2D408DCEACAB14FE6E74DD319380C2819BC2C0E834F91396142787A4F0855067411C656D155FCCBEB48CD904461AB12927883D40A3493F1E55EDC28AE70378056409015C62480A403C4C6DA3958B3AEFBDA7D78315FBC9B283A74545672F7375204F45D5FB1DCABB4940B3AC8CE6CD709
J=-$1002D6F90267D2FDC83A9D3B2144E53CBD0F9EBE3D815F33F67413BCE53ECFDB0114F0E339BC3DE538367687517437247309CE38DBBF0AA2CD47B47D27D51F7DE1EC75E976734C13168AD70E7CC34BB7DA09F72D7704428DD9B573DB213C1CF48AF725A358A7E545499758CBBBA84B85F476FDA3D9C311694BB16C8436AFD2489E2E3123A72315DD9E1497F96586CEF5036CE36FB72C5B61F29F08653F34665E1ADBCAAB947DDA689461ED620457AF8C532EE20B779DF5A3D3070093120577EB5D4D3BC41F691481A32BD2A353574819C67CC0EC4C796174A223C632EFCE7C36353AB1718887BDF9384DB67445363FFE366E2D85EFB3F15931D8011DFC2E19438ECD561D0CA501CA8435C062BD6001DF07CB9FD8DCBBE0C78537CC6E0F0A2DF1BE8F6C5BECB71476DBA9CD
T=$4

[34]
S=$D3671
W=$6480B9210D5A91E7DD9B716EC7D2A9A8618051830CBA4750DA692976BE0A9BCC2A1497F402C82AEE7EFEE2D58984C291C8180CA290B22D68151B4EAD629AE5A63FE695FF512ABFDCDB357E712D0B72D397365B15DB2EF6FF1E6E25420637D43111CBA96BDB1ED994BEB5624FD42C9896859F3904E9DA25334FFBE5532B64E8FC5355D53615DA1234E2D963638B3711ADFA1433CF
J=$1E80BEDF9C633FE27582EF8FDE7D582214DAED915F0899D85D94A30071521E0EF5E1676421687627CEE8469A797790ACC640458D2394A8430EAFAF5E67C354712EC9175517E1AB199077E57077454E2247F4F8A559ABC866E929EA58AA59CB1BE3C2DCEE982BA81D88BBFEA1DA11C9D44DAB705DBF7BE71056C8D19F6563C19F2B82B4649E37A352C8A06636A93351EDB9427830914B23377F1AB595FE266871DD9D5AA1969B6E14BD387097D0F896CE433EC6BB81C1F98593BCD36C5C1988A0F45106F2540E4D69C6A10759567952AF478A3F4204C520EE924E60A45153D2CD62322703FDF5C57F06482BA3813195D1C6A297B080D322C86A527B9938E9D73BCD03BA350E5ACC3757D701A027D447833C16FF53EDEBEAD8CB097405183BF9C09075329F003F45
T=$1

[35]
S=$1FF603A5C917
W=-$1D713B39591149709C0C8D1D3184A69CECF97C4CF99C7C287EB6B11269E15D0F29625892E9F7464BA2E532351DC1FF066872B4DC95C1553456B398A6E33DEE1C87D3AFD1E9A13F73925F7AA5B15CA442E25715ADECEF14BEE38F97FDAB21760CC1E1C061EC45C7996E876E880DF91B6E785F4AEC657336DA2E6D4D7F5E18B275026D2837866D4790AF9ADF42632B06D079375B
J=-$AB3D754BD69668EDDD3377076C556FA599CBED197B04611554241B0E44B31237CF5D12E401DB4873556B4806E92B046FE7B09C60A7A3792B289FE68C42DEDC068E2869B79FD91E0C70AA9FA6ECC8546C565015025722A15C7F222D07BBE93E5952D11B0181F0B087F9A1921F45A61CDBF7FE973E221EBD140BC11C04594DE99781A9916BF2330D99EB32693274A7262890EA4BC75D2D7769BB390E7A5DF349A183A8FBC1DF6BBD91A971204B26F0F78021C6B978A10BFC9ACA9CBAE2D171FEFCA5E037271A88EE9BBCE7A52EE1F908276A17D9751CBFFCB506ACC74A07B83BEDF1212A880762C2D51D0C2027AD38C57CB901664CC57D7FEC1C0CE4E1485D6729CE44361684B47892BA9D2DD73B9AE7B54BECF7996DE64457686FB48C1A4AB9CBCAED7EECC4
T=0

[36]
S=$157DC24AA6
B=$2

[37]
S=$15D38394C6240C1
W=-$B5E0D6EAD65373691FA5D8522F150D2EEFAACD193BFC5CF9043BD21A0FB531799580689E20AF504A86A34E5FF8B70C1D934BD8809D6FB45BC412383E1FBC0BA2F395CE8932694A861ACC3C3EB8191909CBFDC9F020495BFF4543F4EBA080C2047B32B11E1FBDBF9CB4C4083EB9527E4C619CD021EA85D04EB72CBC1408F3134B6CC0679F0C85CDA40DD7DC5A78F
J=$2196707817F40A7A2D13583356668EF42CEEFDE9EE5B9A2654D3AFB54D7AA5F1CECE00A6C190E68636658C08D2A1A16B47032E4DEFD6A48CBB2269400A3F3F919C922575BBD15FE7C0A36CE51A6108FB07ABFA7ECE0F1C1CF4FFE61683E52B9C399A0E9C4761E251C839EE6D21D6F1D6FC18F4C3A7DC26834BA1C364ADA90A453C1857F8DA6168E2E5FC2F1826F9D372AA04E6FB4DC86CFA0BF9DF1CF49E336BBF88B0D2645CC536AC0E41FC8E01732C3CA0B4703F72020BE9DC77B8E5EBB3BC08EF40D540050FC8B356DF7261284884DF0D7BE01C9625969F488243CDE199FD2DC7B9F6BCD6961B44F17AD2F5FF9749B6801CB7DDE9DEF758C0BE8F03545EE51DF922B0E75E8A3BD298FFB8C020B464C41158237994AC15E9E7DD
T=0

[38]
S=$1F6BD42DD
W=$7E0B1C0737E41F0A58E5535C5037F9A29342B319A629DDCBFEACFDABCF89F83D29E592F90771D1B9343CA6A92F4A0BCF44FE93B122C7BA7C53D3E40BFB36764CBA3898BFA6D50866905B0D973952E8251A6D15D97E1FF21B241ABA3B81144F447E544E1332A02FBE9993C27374E0D8166857C1039C71423FCBCED6E781E2FC41FEB5082F446D783CECCF
J=-$254EB792F1009D341E891778001D2237C2317A767CE580FD50725BFDD5EE7DA984AF96AB9ED6EAF0C06EED05011939C0320F973B1D5CAFFEA82C35D282B728096ED729DDF555196A3CF825E522F95E516EF87940F1AA8695A607936DA3BA6202EBF022A3B35BE19A91235135783AB734D6571706F667B529225A6E56A9BC2CF71A3FCDAAA2FCCE6BD8062BE8CE57E04E3095247031B2CC1AF7410019511C5545957FF03F43EB02F57B2807AD3AA955F5BF2A8F88F9372550A2D4570A0B0268F6335E5256D1C3162730DE306600650D2A09AE34D3F12D28CC3D1E155E4CF25DE19ACBB6CE89D1B75AFF87F4D23B77D745B8CAE1BFFD4D2262BAE8731408553A12B862BF63A087B5521B97FD794F9D068F9437B275
T=$2

[39]
S=$A387DE
W=$94A58E38851639D00195B44E20DE5618B1051F8E643CC2A3B337CABD2209099BE589C41393E2F4B4053A7DED354B80FABDA60FB411FCCDC9E763D7360900B8CBBD30D0818D6C6D21FB6139196825FA57A9B59B6F10CCDF7EFCC5DA1EA91A9CACD5F133A732CDCB78B1D8A9328B66FF7887DBF22E2C0D10DE27F4E293D367A2DC5BA4990BB186C0F6
J=$1DF306153DBBCCC09D1BA82D5D8B7A93D864156FE2553729F65EA28E59380BC90770A8DE03BE78DCA8267119C1D4FFE327F0319490D699D2B9943FEDB7D21D62101F049FF522665B8E3D01207D221B583D5013025705FF9A0831314281344D63AEDE157F3933EFDAD87012F4D942C67AC81C7C90D6B5700B59212F40A326A2709447505EFF83E7314407610B20F01ACD4C5E4EDF33AFF41B99E4046E35F175409CF4FED3A1F1029082B567277A4659CAF126E49B4533CD288FBF150000ACDE6729137FB27FC0E27F22EBEA1E5EAE7FC1BC015205C392366716576E4B508FE8F924B057E6C42287BB1E85953AE2612EC278372FA940166727FAB3E405BD161513AE415FE85134F1F79B44ABEB83DFA2A8
T=0

[40]
S=$4757323FCAA05
W=$F41D9D9A91FFB8874EC0824896EEB8CE1753144E76AC9190541B43F18199D62EF48375410857AE7CF9C551A9C8B3AA6F4CA040ED1F271CB4AD0029EC7C98920047FEBA169DE61581FA8B5A944EE774C122131FF3B7D34A31FC4FED90FF18B27F4F71C06CCD4AD575743AB2607C05B73A2B75F077B2EC333F5CAA68208E5B7FC627DB26C222A2B
A=-$D70
B=$12F5A
T=0

[41]
S=$D9C47C2
W=$41048ECED031E77F439926DBBDEE41E6CA7BC3D475BFC5F076696529EBA9FCB00FF82581BA39AC27673BD12347C96690FCB2624068620EAF9D57D1F978120FC7068C4B5F819936C9586C420BD1B67821AABE436313E699F9882D7D84E12C108530430E86EAF0555265FED8F94A099101A8881688067827FC6B9376E3FDF6F7088A9E14A
J=$59251C20CF1E8DF6DC9F9EA150F7D8562782CE56BE9D98AACB61AEE61CAF5286A4E905A895334BB5AB0B128948E7C76588ADF7BB031D52F1B7D8F946497450188C280CDB662CC2B52256F9F8509214D85E401149F7834E4763D89012F1670D2933F91C7E34152BC8742B31E824D3A3C914DBD9D66B1BA415A91ABBC71454B61261E645F427DEAE59CB7CE754D2ABAF7B4746CC11F189CBA3BAED619261C311412D591DB7D43F9EE664E8CAE1565A1C8AEEBE53578FF9BAC3BF933E44AF4A46DE8AF18F1DB16DE45FDDBA2450D76153BC22E7152C8FE949B5987EB6AECFAEFD5AA5241F69E2E09B3E4284B55E50505A1FCD51AC227963F4CA6A7B2613EB45363C6B6817FB3CB4
T=$1

[42]
S=$6393460
W=$1499B93AC3D136C92B5B0F373660E7BE09EFC6CC8A2746819BB0E61A88A8DD7801E0BE58263E181BBFB517CCC35AC6E564D2F59AE64E86FC37A6D042EFE22E63C7985482B4346340535A6312C49F17E1C3540828115E63774865AD08D5372FF41BA4CEA43D74202229D085C473A1371A62ECFDAA0EC08D5CF9A70801811D3C93371A
J=-$661FECB27057FC3EBF7211FB71186F4F8910602B83E3B62B0A089AA231229A35CB90E5D93D1506A6613FF029BBD613A1F77BBFF67B58DB00D7A6B8E3E6287CC65B74F3B9CDD980591FFF9BE17F42FCFB8B09037C1698141F1E4EEB8B3E65E8FAB350C2E40136F6D3DC5FAF153180218CB2B039FEE625231C3E5CAF5730D111C83B923EBCE4AD10304365A7770268170829405BE13D901A07AA294A98B5B5176EE7182D9BFD201FFED3468E3042D2EDF630742A1F7B70938B1A6C30B533915A3F192AD522463015DF7990D4498B63860CC62DC21CC11D93E90F762F080808BC2635D33EDDED266D8B3E8390E448EA0210CF831C4E64303805EF2BC60CD2D6AB0AE9386E
T=$1

[43]
S=$356FB5
W=-$61B2B6C4C31EAAE55C2B1CD1F751378806FFEB3C726714BB421AAF9C147AD259FBF205323CE60C852925CF27EAFAD1185FB7BFA6AF342B4D0B2F3ECE42237DEBEF1F82835686A41DA6E11135899B6301F64FB56AA59B58F8667CCC7411794771040B9BED002A5C4FE15DF693DAF766106226AF7880A8A6E5F2B71A629CB17271
J=$1752B80133A0A02B05744C16E89F7574B36C37C112556E3FB79D24693B5FA6D4E50481B5DA4B627304473096184F5E61F022EC31DA1A469E9533D7815F70FF906F527B20103D6A4738915498B13572F2514988239E97FCAC90462CEDF45747A717F7E2489142E2FF682D7D5AC13DD04307762FD924059C1330E7A8272B745FD6968936C042909797A70CC40CAB04BAA16D46CB51863281C6E39ADAD8597FC5EDCC0430E6ED10EBDA5E42035DB6BB941DE8183A9C090D3BDC5808754025E3020C66BA04BB4A72087BB623B6E3FC567EAFBF02D6F84A54D324EBC89BDDCF64680BFE62D97FA9522C7AB63FB870617CC6A5A2B883F6136547D50B10E146BB0A78A9
T=0

[44]
S=$236C7A86
W=-$1585B3936F8EE4141A9F1E582271054B4AC53860469A1017D52E65683C9A5165F2196A64E3B418F807A7BA870783E750870022F53AB4A8499B3F6A856382DBEEF83170E75296695E13EB7BBEB6C9A09BC487D045F029259982905B3BE3B478BF29759ADC31689BD1E91AC831060E54C0C3181C9BA5D48FEA26F733C66E38E0
J=$939982E892800BFDAE58B97175C9F98597E44311CD13D5CDD82EECB5BF38F1CD0F60AE8D6F8EAA4BB37546FA845672E66789EC0BCD841B12BC24C8807995B393CDF8136D72308091BD3B447E944891751F64489A7901A87180A30AAE7878E49115613D06D111DB44B326C61D6BE8A7275CDACB300B9FB5B173E476F63AF870D15AE6233B4F37BE54558AE6907FF996BFE6DCA4B4DEEFCEA3D8446262B33A7639C454BCF10B100CF005C7327FF316A1CC75B978D75E792C5D24B7D6B3FCE4101174CE9418DFD53756D896E3FED01193E1371CF5F275D05A8DC273DF979B20CC01E568F20771310E2ED993C7AF720322671698B68269C26D594AFFE191DD
T=0

[45]
S=$7988F18
W=$589A92AF177BBD193B4A0EDE6D3FDF242FFEE0660707BF17BA34B1C40F58A447CD5C4B8FFE0D228EE8A9A25AFB447117B18A1323E56BF83715296647E1E35D0A69F0B4AE712118FAF25988EFB59915D621CEC4EA59E939E30185AB435C25E35707EB2506CD48C8169A9CC75BB3460A25A45EC58DA682BF0B6DB7275F56
J=-$7A5C2A80C2683CB65C4FF535318AC84F724E09A4BD802680213C194C9AD8E5E67B989CA8963D44FE4EEE884ED7F3097DFD2BBCBFA829105C2DDF94F636B8D3F111AB38914E9887D405260F2EE2E5E682D15B91D9B0AC731FCBE9BC42FB3F8B7621B448F8FA538B7849515862CB34CB8FAD453C6C1212C96F3FB3BD09F56D3716B3ADC577A10BEE3AD1F7705D34F8ADC85661DBE5CB25056E18B883DF7DF968FA21C2D6F6C774CF2D26AEF5E334A45943F23D5B03097FD7D076479DEFF502F27D25C0F49451FD3DB653517E4C988B44FB4C7E721542311B56CAD13BAF04748DAC1C6763805A017E6130DA647B131E529679ED301943EEBA78B2
T=$1

[46]
S=$A0ECB3CD
W=$16F8AFC9CF633C02A241A887AA9836BD57693A28F8230BFAD3F6BD2026F2D4F0AD88055CDD944E75A2CA11BBE8456FB974021454278AE35EB9579EF7A4795EE96757AA576BF1D96C7A16B9D54C429F8ECE3E0771CCFB6B7DC81FD8D5D3B6DE4A709E3AB7337201FBB94428298F623B6AE0C32A59E19AC6D58BDECF
J=-$7D56EA7071D915C264B98DDE90A6393DA9DAC8C7974FD54696A09B989A4D1B61C0CAEF037FCF27FBE77E2F1570F8CDD52CB9EFA3D5DE593074B823A432F007175EFF1723CB2C3ED063711DC9267F4A3420AEC1E2DADC4AF3969C209B16CB065CF6D024B62425F08BA38CDCCD972323E9F1DED06B24D476462FEFE3C24CFFBF54D294E2B63AAADA7C233B99150119961E4D55EEF8F6F7B0A1FE186B29D3C4420944CF034CB338F84F077BB4300A7A31E178538444FA7C549BDB62E15788BF7CC8E11E06BAA971B47D42FE5E39F040F0732214BD9E40E8F0291F7B9F6668A3477BFCEC8EB5E26182F86D7170CF063C33071B79AD7A8DFE
T=$1

[47]
S=$262596
W=$1F234E1A46B1BC6DE6B7838799A4B2B39823E3E9A3C9F4595D9FC899BBE1FA3A6D421AE013CC5A974DFB0794837E3F82F8996430ECE9144277E2BF2E4E5C9B2A3E36214CD0F857FAE77DF4E52A03176FEAE92AA2E2D243A6318E71AF85C954093A7FBDDB8A7F9462033F1E1E7263BA8EB7B00DE9C4805CB402
J=-$23B4CEEBE8C396B74AFDE31E2CE890E808E99DD04462FD73E0D88C5295EE245DEA289DBCFBFCBF8633FA39DE1E653063D8B82A8DE32C25ACAC1440345E57803892C31E059E2992B0F3994F86516EFDE116A2A6064DF8EFE447C97976EF6054B240370B8CDCC22FB9A4F87A423BF5BA7D5DB5FC70EEBFD2D555E2A09CB2A43F7240937207EDB00C1DC47E8AB4CB84D6D8C7F2C469FF17E12DD190FF740A875386DE43F3ECB117E97A4DBD5E6512ED7AF586759097164A6D65424928DCF9FD41C275C90BFBC0949453A0B274C2F6D63E9FB066002F2D4BC1E8B89494D795423C49990A098A6DB8B7376FAE59459052F52C9D96
T=$1

[48]
S=$83DAAA74
W=-$61D530D2EC4D8AD16D9267940BF097D59FC9D98EFB38AA84A019D486C869486785F3EC49BD4BC7EC3D77300B01CFC1F5F25EB0EA187C020EF37A22399456D2DD6FB7358601C3EA240AADA14E05700AA90028E771D2D35C1CE425160408211CE526A6664B08E634ED0D7C2F13AF3AD203C720FD4DEBCA9F5A
J=$1C7AD8C685BB312ABE3F1F0B2C4A7F60A5B817E1ABD0635421530836181E9775372F19B3115EF7A8286F5E72F240EE53549B522754E477EF82DEAF40D88395432B63B62AAE52E4D7A1ECA7929730B24088BCBDAE98C7A874F83550D344A616EA1FC2C494D9A30F4C2618B60BC024F994261489421D94677A24755DF8E7621F115A13B0CA4B4345884DCC940C08D1D6320C31A20A07FC404B56DD96EAB15DB9B32F66651A55A1EEC78B8138D428534BE2FEB2A8EEBE7D8E5898662D4C56C3755BB868E5F2E1DABD55ACBAC7B72410B0E573529BEA9EA8A0A8D0C25770926D1D722DACABB4A4E4226E66070CA5FCF40DF
T=$2

[49]
S=$24D703
W=-$9B14118425E24CF3DE6007B23C27CD875B3CE4933A51548EA895DA55F9EB65A5B8F062AE0B9B61748C737CA0BCDFE619CAE0707B18A9228CEABD4987230D2A34C712B2A0519337CF53DA5A90C96E7948D4B2D84D02D1DACE236BF180212C41FAF68C7244D6808C4C67D8938E97554C694931142BEFED
J=-$AE53BC41608B4ABFF0AFD00E56633CC9BCCB1B1C2D6E0AFFE8DBAECE53C8408B055C4436340CFE340D08E7C7BAEA08E6C520EE0B8432F59DE31AF5044F8E112E9EBCE6F4A154A0E94057057EBBC8C2B26BA8A59B5D842982546A977D285B805DD912CBF3421DE01464FA81FD66F36BCCA4D45A1C68BC9F99D519950C0AEDFC80D3CF7419A7B64ABE8EAB064BF93B0DDC153A91B7072C6DE5E4A920BCB609BD8BBF6E3253AB97119DEBE8538D08FEB0F128BA65575B4DF2DDBB5902F7AADA152755094EA6DE78F18E7CB239ED9FA38D6A0F26D1D4F3F5816C78A84078DB1948295BE8E01FAD1CA8C4865C0F2
T=0

[50]
S=$1523783
W=-$5C778EA9AB34FAE7069B6B22129A4CD65237754672B79E7F11866848A4F7B97B7EF8895CD98220BED82485805968FBCFA5CE171083DC3CB907CB4AEAAA2E5D2AA28D446D4BBD9479AF58DABBBF5F3363080A0E928471B8F07046A55F3E56FF0CDFA9F441FBBAB651C82FE3B37D19FFDDCE7E95F13
J=-$37F91A9056E2CC64BD0D99A414D75D87E58C5C492D5713E614F0E60373C6DD38B07E075F1BF5AF279647F2BFFD3E714016F7F6C51EB4CEE7F832C1E5CA229B97320B83D8DB6E8FDC86FAF92CEFF2CFF2E933F594C14B27282A546A4F5B49F9B3982474841DD79C74FDB96AE7AF2857705836E194A6E45B5C13A80CF838CEDFB2019F0454B81FF356E4B4861CCC41F9F89362FF5DB2A40A5126C827A1A56DBD11DD7505D5F05A6E1F3946F4D4200B13A69D04AF947064E842D2399105D379EABBEC542D9665BD1C95D94FED8470C36C3DA5CD7808E873F802C973E031D5B9EBD49A5840E4B14792E8E3
T=0

[51]
S=$6EA7B7
W=$12C03F527EC7F96B4CA973716F663E9C9D6CF3B0DF06D69CBB7B37DEA0F978273A5502788411EFB260586FF1A7574034105BC94EB1CCC1287A77EC401806D7268353B4DE200D9C65F22D6A46DBD4F012629B8A42059D92C6A260550EF814B0D13A9B50580F8C0C5346B74E59CF509CCB84BE781
J=$245F71E60193E19022F9DE44693C4720CE4FC6C20726B1DD45C4FDDE5B0310861FCCC777090D344D616CA0E37B5D4416592DAA16E75EAAACE3EFE656DDD92D655CE884CE9E473F2697DA6D8C09DBCFE5F3D61A17B4A471C40292844C16EB75D1C27A96B832C8B894DCDEAF9948ED7AD8F64884EDDAAA14C067839970D1A24A4F12AB158498C5DC68811244E5E71B938A84169A0930924EDF2C36749BDE07C4115B4E49E36AD8EA831BCB221E2433E1886370A817EB3960C04E1E27CC3AC907AF7DFDE03F4BE74B805ADFC62A2C2E33A25F3051DDECC72AD4F31751AC5E2C65531789AE1C6BC7
T=$3

[52]
S=$79266DD6A6
W=-$FE05B8EBBDE23228F674257389C0C91E5287C670E38BF574C2B8B23224D30070649451B79E30974526704D90440EE3BE69FF91756871576D8D954D9672DBC84EEBCFBC7C4DDD269A8335BCDF04F8EABCCEF229F8665C2785A61989C129BABEF6E8FC772AAC3FA6ACBE56887716B25AB972
A=-$1E
B=$38
T=$1

[53]
S=$5D2222B
W=$2EB0EFA93ED0F23041D26DEBE10978C004A7018957B1CAA32C9AC92ACBC7637ACFAF7578FE0134CCA9A293D42E2743FEDE8CA4827CCDAAACA77FAD082892F192436C27BC021F5610B14CF86C656CF6E62AED9D26A1320792D7FDFFB3B2D20AAF42B50610D4F84EFB0FD92654F2BB397
J=-$6134E8973A9ECAC6C0F0792604A7F01396D756BBB432ABBB42D0944359503A48F856843661825DB168AF2360A17E34AA490D660970654DC9EB748F8B3F30DE17E9B2C6241F633CA619BD6B5DDEECB554F8022D0135BE69DCE8DC1E84AFF6688745853F83FDC5EAEA7744A644AF3E4706191CE378C476B2FA13D64554573F0701750137D97B38E5876F0E481C1600CF68D6B6108553DF60940BBE4F68A2A9F3C53AE14AFB6970AA8F00AAE90F5C5F3676C768FF60434DB2ACB627702BB26C0CBB91FA54E72B77C3294D13C17B3BE90B8B4E93C84403003C96927C24F18B4B
T=0

[54]
S=$D0DAD
W=-$115AA5C365405AD4EC6701A1AC5B50F3AE9C992CA859C82BF46497CC451F2E5C4486280A33EEB45365CC87C917BBFA8D12F2FE9AF673BEA2BE5676C212528B4607DD885A9BB7B8B3CE0AD52D93FCC57A7B5D2F5B1D92C710601BFEB852BD7C8FF971AB3806A2459825C07909BB01
J=$7F53DC7E56B816BCF88EB7D600EF76736CEF3034597C43C66C0233268F4ACE5D608708BCE2C56208CC9724364821206300AD51833C7496139668F1285FC4F8594037153F3ED9BFD7FAA9DE0307EF23751204AF270D90C94A922819A22E23E4BA788BB9BB0BDFB7472CA83ACD8EF2DD60A4F9013D280DE5755115BC1EDD1E2A752E640EA41849993BA903393AD9A7258167FEA18881010792DD7D25C025C2C4C898910697B69105621BE4EC983A090B1F0D10A524E2849CBC93F7546F927A7DEE7548B3586C2AF894F8CD9B27331BD709100121B129D7A3D317D8F
T=0

[55]
S=$12AD59370
Q=$3

[56]
S=$1E7C331
W=$4F98F4E5A779F0EC3C972921E293C0FCD9EA8ABD218F72AC44B960E93C117A4453AAB87E90715301A924B0D87CBFBB8112153A7898BA9C1DA31E4DC2E91CC90198555AB4F987C92FF27176CBD87A00D1BAA8ACDD498F40126895B276A16C798DE759E610E8364E5F31B79
J=$5482DA5DD5DEC793C83583BC2C48370DFCAE4ED49C1FD9ABFA83E6AE9375290BA0FA0AFF38DFFCDB889712548E3BE9AD5A73CE6EDF6B5493E902746AE6EB8F92CC12CEEB64D7B9EE1344D6CDF5D5304829673297CA3A023C7B9332BC47098B9EFFFEA1634848028710DE62301CDD153A861D3443D5C5DA0724D90C38644A366341882E4E9978C73167CA181A0786BF89236BAD31415C3D8D13E719565CD192E5898A6318E404727E32E3771DB16EFA1028625AD1578E68B9F20D676F0565DFEAF15C51EF76D1CD2ECEA078BBD3B0E587936CA5C7
T=$2

[57]
S=$4F7FD7B
W=-$1AF18FB4610D0CD6A8B59FB13053E3AC446D6BA521CA63AC9577CFB0DB5B5C4E28871EC4DEA216B9DFC3F61E9ACF2CF1AB315EDE12786C1CF93BAB0214B57B5ACB841D1979D1D7A796534B7A39FBC223DAC945F81225DEC2595BFEF851D76CE3E0AE8AD25C09FD8693
J=-$26E55702A8C9ED38DAE8CFDAD26FFEA750642C122B4AD8A21DA34E081306A99134827715E17D13D300385FEBA2C57449AEE769CD55DBF08F2749ADE151EB9A451D4C3355F4CD64CC9BFEE9A6EE955C8E2DC4E1ABCF7C8EF9D853C266A238FECA54E3B1027CE4AC3797712DF97994BED55C964BAA97DD13DB0123470BD2C2A8AA95C3AFEE5586A370040CD25D5EC72273530E12F484DE4E6A27F0B9CD0902FDB8D10288CEFEA7DB6FC3A8FD6229F7BCE4CFEDC63F6E2BFE430AA7CB03D1C97FB27DD4F7924787FF513BE43C6D2F48AAC65B
T=0

[58]
S=$2AB1178962
W=-$1B2DFCFE33A7F58EDC14B072F447A87665344B99D24DA97C71D225A3B2B3CF51D30E16A5B84C3FCACB9549DCE0982248DD460D5E0B00D931AA5628DABA02545BF49AB039FD4F20B7AF9F598F89014547E7F197D55D94BD3745B94F9754275EA3DD6B09026EB619C
A=$2
B=0
T=$1

[59]
S=$E11F495A136EA
W=$26AFDB2469DB5F9DB6BA5FA069FC3D9D4DF2EDF836547B87EAEECE11B5611D984357D4D6B1BFA02D543EBD45A45FB03694CCB00399775206B0031821EA20B5CCF8434BB533ABE0282CAD8B19C36A59B5C2B15ADF24DCAB4746D48ACAE137AF20519F7E6D70
J=$9C96A29991AB4838971DE16A028034EC0B5B5025F8CAE81F5EF3CDD91924B3C0EDFD29FD4957B3166F09C90FA3F33EEED483EF3B2A813BE685D3174F9A76CA642103891F93C2C32A49D455B22BB4900F5140C408865A43080A071667D0E53FFD8C21AD82111F6A1083D96E382B6EAB3D9DAB64B448D4E534494528530111EB1C4164F37446C6CDFE4225555912DDA4A35656E4A078C2BB19EC9137F6238248ABD2567E4739B8B2E2EAE8CDDC10A2D375E0034CC89A9067E06DEE94A7D1225DC7900A20CB19A0B99F88
T=0

[60]
S=$5EA86
W=-$F52F64C68148083CFF2E2159CE51090863C622093A0670B4DC0F33AD7024C560E9D3D962BDE756807345FDD2D1E0E5BBD9F3EAB88B77C6587DB10E7E6B68F0698A1CC17E8A31424DFCE898F9A53F6842C12510FD13343B317EA177FD65C0ECB8792
J=-$14DF577F5686666A233B9655138AE49067A227FB9260CD804E4559E106F2FDF295A272A91EEB29092423C1A6FD9C9B09620E0AABB4DC6E6E4C3430228AA6FF11AAB90AB108698F81DA1A4FFB7C7ECE8AB4870BD279202B83E6D7686669885DD138DDF371BF6688E7156E83F8E7A3C0D1DAB8FC768F872B9CE990F153CFEC7E40B7B828E508009818278363EF4CBAA2C854AEF9BA2B13110D6CFDC47A4C5CD28EB0D031AEF526B3875C49542155C6D52AFB69DFF4AD4E029DDB399828204A58FCC72395
T=0

[61]
S=$16CD06AF4
W=$150B61813C6683290FB4A20E65E2815F15E05A74FAFDA4A85761AA351EC90939674B7D1319E67EFFE8A9641F1642EB410D469D6E6943D9F3013651BEF786EA26181362F280E522E830EFC4B3154814F279F1115DAC5E6DCB7F6CE05DDDBF9A90E
J=-$14FE03F7CB5B6865D640A3748858CCDC8B1400E095D1FF18BE06EFDC035537DC58A442BE049C49E643373E97563C438214702FE045D136DC4D50ACD6A8E9EC4A98234B79E6D044C407AAF5E14C76BBD8C89E71C0DE84F3280E0AE70EA2814730665C8F0EB650441CD713A9095BB71E1A9C478FEE51F1D7A5FC77C458D4740BB737C53DD403F2271F96279F6D54B97BC9889630D438EB0F06206546737B32E8C3907AB299E0C71356745D42C4B207EF116A270F2E97BCA770CF64B4DCB4609F77B
T=$1

[62]
S=$BC0A19
W=-$4ADFEC600E43D7A6905FFAAED2C5C810AAD97B65BDD789C979E47420FD3D4A42B4C639C1BAE35E3DA6BE8EC9A9B85757D65B37DB372264AFD1BA1E6D3E222F6F6715803A88EE5CA995FFBE886AEAEDBE7E5C3922F4EFBE558FC9AB9B57695
J=-$15F13A46711C991057E0EE73A915665A6D611F785E4838B79B5F70F41FFB78588B17F04AB2BAB218E5452B0C22C51D7D405412B3AA6EA8FAA3312DE41615697431788641308593521FA5D65010EFFA1E544B120811BCC37CDE0D034597F3CD35FCD78F58826838A532E4F25E9EEB94571219D6DDAC88ED6D0A7DFE6B64526EE9B672CF4DC3E1F62E0F9E677F4D65FABE9DE18F04C70A22ADF1F73AF286059F7CD9FF4544B99373034156B80880D873DCB8967166107105D36FEB1E2AE
T=$1

[63]
S=$C184A7C26B56F
W=$3682B2211282F99014CBA3FB2227C1AD1D8E60EC07348E0AF9A6495F0E70116C863CDF267F592D98AF2D47BDABF5E3B4CD6671936BD8D29CE4318045F619DE43A8C626457BE15D53EAD41B3557B0E8DC53A3A343D1E1A968EE97E8A51D
J=$45B8CD760A27291CA9BAA82A132DAFC6B9A8E5ACFB6D5A61BCE6C16FBAF1BA88B5A3C24FCE1140FD16B365A166BF8142657C670E74A3E01E230E82E7B250450D669E62EA94D69E834BCF7A746EEB5A172A0E0C1543091A61850FA4F5362D59021E1AF815E60BF4F3DCC479D782B757D8A3A738139C532D2334F996FB70CF90FFCBF613242B5426AED4085F590B0E664E051AA1878579901D9CFEDED173C0B3B1D27776811925E4291FD6CF5C580C548F7406ED58E9A52CAF07D
T=$1

[64]
S=$5A5BAC0
W=$F654BB7282B23DF7A89E0C6E1DCF9FFD57BE212DA2A76888F3616F1D7B214101B516FEDEA56F6F9B0A251A88A4C8D037D5D8D380FD2D17562D7E89C2A439085470A8F1A5849834F40F9C5AF7006DA419022DA09B890EA47C732
J=-$3B18E6BE3391D2CAF814384C1111792B24323A159D426F4BA244F50BB1A7EB0B267752C34DE961834E5414B2125D3B80249326355A4DA5BB853DBD658619F69274D88E43E0B1EA37328355A1404EF743AEDC1B602B45144768FCB2BBEB38E0A29CF5CD0CD2FB1BA37B9E5A871E49736DDF8A2B15C78E4C6F3FAEFCA4D07B3097E3E7875A4F41D7AB60E6A9E3D8113C870871FFB77B96495C047682FACF392C92CD635D376967991C97A7AF1B084E96BEC49605
T=0

[65]
S=$670E
W=-$D4D1D5F2ACC305273F9632809BC5E77EA599D71411BE733D0BCA9D6BDCF438F49CDF89E929EA421DFA9B790C97DEDF79CF9FDB739C8E3D54C6D4FED993CB9E6085F00DB8BF5497BD4F49D443E550263D0FC50A21EB8E52AA
J=-$457331BD0B9319284B611F1994FDCDE792B771670C6A7215BAD501AAABD6F7F49DE62ED052C26A36EC16EBC834006FD024DA03FA35F30463D7D9062530EA59978C7955E4F7FDCA055F01208B44B1F812BA6D17DE475F76E825691279B0A0C75A2EAFA3F15E25827BAC57963E8BC45350F3DC3A2E5060FCEBB36095555F2B97DAED388E284635D3F65304C95242334941A3A0ECF73F1BCCF14B27A0D8A9C04E83C0B92CCDD8A35F4940762A4838BC13
T=$2

[66]
S=$6
Q=$3

[67]
S=$19F8D380C3F
W=-$8376BD044C449DF7C7F39BBA06BD2D6DBEE21941179FA49DCCC069F3EEE6D5A7CC07784B4FE7228BE5224FF3FA24601291344E87ECAC48C5386D0F4A7D3F24E4A5EF86E2F8D7B9E9D910CA42DF6BE427C7B50B27782EDD
J=$57DA6DC514D4DB86E5CC335979E279C3E7AA10F89B71D12C75747FF67B688413F795F053DBA3ACE26154D4C403F68BAA1334D9375963AA22B03322298B7E98FF4CE6C46E57FDEE556606749F871C345F90CC09443FE48EFE0A333916399BB1DA3A78BBA0D6E9CFA1A815E9B1445E1643D4C12D7552C89E0875F01BF6C269512916C3233DEBF78EBB5E209C74E9EE91E850CD139FC2A9B03AAE72023E95AD478E4E26949F7D1630C6D85491B991F
T=$1

[68]
S=$34230F24
W=-$1CBF1B0BDEAE362BFFCDB5F86D5D254E6EA25D5021A9F32424F594A1B7891BB637B1D8835E0E239F3A64A45BB3CBA72164CFEA2A1DDE0D31F1747B6078DB81E3934D6E05CED43158BD1A79D906EC489B419708D16
J=$4E3F7DA422BEC0118400AEAFB34506C62FCED8033606CC414A570BEC30D9DF14707032164B0C238D5D89C5DC9C85E350D303B3A182D75372A75493C12B3D9459F815CB29E4609E7F4792EEF346E3E1712626B7453B979B9CF25B473D64C305BB3FE2B79BE49105B0B25B4F9D6BABE426FBCC2214B9379F8EAF4DEABBE5C10872A6F9F913C8B2532A0E3ABCC81CB1BF97966D1CFE53E596D4CAC722C140FF716A9C607DC6FC0A4D4BC
T=0

[69]
S=$69F59A1
W=-$8A07BD875D0C6B6C215484D02D32A1183649E67456D24A08CF25FCF3856A817DB3B325D2C5EC0A3A834A092A1921F7BEB603CEED79BD9108A55F0D281D1DA97C951CEC23D22E74E521FA36F67CBC5F3C200F3
J=-$4AC6ABE501192EF5C6977F28565C02DFEC9CCFF74369E474681189FC7F866A241D5E37920A438305B5947D0BD0EAF3F8EFCC815725AD8C3854852DF6BB9796462F878594FC30AD76F33DD768685D60EAFABFB3503A06FCACD7F4E2D214608408444EC4323EB15AC4138C83F7017D12E6CFEEBBD7974E08FF99481F2F19577FE626AD11CE8F662814D4D244CFF6BBDA3A4E5CCC0B524C9C095859A141471635AACBD39E52E
T=0

[70]
S=$59E19A
B=$2

[71]
S=$571BFB9
W=$A20B67EC4B529ABC60802DEB9368F310CC0882711EC75A07067FAF60C1B05AC72019C17A2F3631F3CC68D88723A2874C84B8BE486948AA30EE3B4B7DFF9EFB6EE22BD5EEC4AA61B81239588B9B2E103
A=-$84B750
B=$24C7B73A2
T=$2

[72]
S=$225D22D2AFC
W=-$3D568A9E8B44CEE2ED5908A5704DE6B2BF66DF3A04FFB02E680F11B1D678627D8CA48F7A5BDE4D3E1054D58C88F70FDD23FE2388884E5EBEE61C8F546365EE58BD84C74F9DF0E98BAF900D08D620
J=-$1F184CD82D3F4F67A41B15FB35638BCE549BFDE18280B32D1AB8F012521FD1F8EB4B4646C6FFEC062B6874C448775BDA9B1720D7DD324B8BA69BEC9709187DB441C7D553CCC35A0818A7FE65844BD47995F4A616160C96478B91DEF63DC9E390EA7ECF2D22C1861F2E066C18C29EF9F15EF64BE980E7EDB6DAAEF4B85066EB04AD9C5E4ACD3164EFC299E6970F38E3017AC86ECDED4F99AAFA0E988
T=0

[73]
S=$AE09C
W=$1FAA0DA438E40B9530A2B88C7F87319C3D6B2B439461F084EB446C08E44E7C61EEC4AA61F2269FA3DA6A80C4E8B380419FE25E92C33AC0C5093CD7E998A7ECA6602E9B9E9C346168F76A9FC
J=$9188C2F814B5E05B3EC68363B2391730DEA19E66D06A42136BB670BE22D80A00A9BDBEE2B2F67A4451877645853425C038A79EA86FD8B12DCEBD58E8D301252F7355608650236D1E4E6E665ADF5528CAB1776466D98BCAF1D10B214A81F7DB8707ADB746334AB21D3A6C3AE0161C527E3DED9FCF88FB5CDED6CBA45189963C96F9F3CA51D3D0E1350CA0ABD639CE29FCBD692487A9B0
T=$2

[74]
S=$886AC
W=-$6E9D8C73D36A100BFB037283EA9DCD37D4A3F3C4CADF9C96C6887F4C9C0AB55B5F2705244E4BCD23FD2FCFF6682A6FBA06DD80750D2040CA9972E3FE84AD46518EB916631C79F1BCAF28
J=-$138916F3A56DBA5001A941D29AC20270D5B4733A84B86EFD325E4DED013766A8E67859A46B802CA46211933CB3DA535F67FC337823DD6D2D9CE9981CDFE9B73B33EB24F8C8E91BDFDE36CE486150581BD7FF8C612BAA83D3B8C8449A62CFCEFDAF42C579E6D811631E0E766997DE29A8B80AEB0A9399C99A2FEA504E6B81F64ED4B7D82F4ED6FC968B26E5CD79E5D64287FB6AC9
T=$2

[75]
S=$399DAF6
W=-$B88547E01FF4BDDF8DE2CAB939EABA556F46061AA1EBCBA8A52F0337FD7635BAE13581CA19AB6D6BACC886F4DD111C472399BBF68B44FA04FD2A8FC32F29D238C88A9DD1012DB71BE
J=$A191267EF2EB44D80D7B3C76BB5D110F5386F4A3F3ED5DCA3FECD60AD66F42364271A27E462D390AA224E057F0808E31317B638AED1942F8520BB61DA6F59719D40F12C5B905A6391FB0FB5ACDFD58A71DF3095C69E3D385ED86E8D743CABA40D16D43E2643F5ACCB36A39C269368DEE70FD7D639D19AF365B32B95391E95EF930EF3CE4BF542DF993F3B4960940EF4304
T=0

[76]
S=$3EC
W=$1E9416A72D99BBE3FDE4DC1909DC8E65726E8A7ECA73D51F978D1DA4795EAC219EB5D918260361A35C801F0DD30ACBB5A750C2B891289FAF8E47063A02CA32AD44B5D5BF828E380
J=$7A53CC6E37212BE8A30E4548338EE9881F0CC5323F45EFAF19F725D447540E9AFA01FA3A284DBCE03651E77BB22E9C24EE6BEBCAB7E71946817DA756CB4B578D22A51B3A0F4DEA6D519D5F1F36C907AAE4D07263CA2AE36563F12E7D8183E5A497967B252A4F8B4F085BD0275558AB610F7BD4E5A734F460755BCCC860C04FA7545348F6E242CA750854B1167B2F
T=0

[77]
S=$1D0
Q=$3

[78]
S=$57835724
W=$B36CCF15CFFEB2873B771745692CF68F1900FA6F51BAD7047B0AE9967D2D992F32CF00F95A1A224C055A3FA704268C8B2D8DCFEF3203E50FAE20DBDFF48F19D55D31F66D4A74
J=$AFC36F6A49BE3C7FEB2B97AF9F6E929121CF9D1C88F1600A0487AFB61628416F0D26BC0B121F7F4131C4EB03C5506A27D7561FB9B481946962114C8CFF05DED406EB28B86A4B2531EABE42FD93B1BDA483FB0F9ABCD4A425E7F67CBF730A64BF24ACFB8749427E0616FDF47132A357553CC8580B59A188661DEBC3BFEEB4DA445AF66F8BCA6AEF88610FBC6
T=0

[79]
S=$742F0
W=$1889CD9F91840415EE294C97F647F6A448497BBD06E3E9C29C209CAC3E646D368690EDDD6F0C91A9D1BCDD134309EA07069ACAD12A7BF17122B06F5DA378FCD9069EDAA62
J=$1C689A8F356D028EEEC877F41765A535B2611457CFA1A40B8A1F6D8546E505FF6381D5EE43DD712E426FAE9CAE8DA1FF1E9704A76021939D374E870D74C4EF50F672235C34BDAE57DF8983AD3A89743D7DCFD262038E8DE2F96D1133C4B0DBEBB627D35BCE6E5C326339796965EB420DFE79378C66DBEE6D9962104BCBB5CACC650A3F3640877C53
T=$1

[80]
S=$5024E8C
W=$7C75D0B8BD7FB5E912FE8C3FCA0F36061A733AD5AC45C495151314C0E72818A942D1C628B37261CE6CCC9DAAD5AAAC0140B4A78E9981BFA2518BA131133E5F9E44C000
J=$2543659C8453F58EE2E66262BB1E8DB08495399C3DBD7327A30125DEE9501D7863FEC503F116DC75FC2A3BFDE969B1EB61824162432EDF741010BDD628DA962E9F41FE52F0ED50470AC607C75856FC6F541338265895B3CEFEAAC18A65547DC501AC252C412114129FD92475B33D42E0DA2DD73630BD170BA91A059A2990399C712AF685834
T=$1

[81]
S=$12DC148C
W=-$9535348C7EDBB662636503E28A500554C44FFF9586CFB977F3FBDC07C2F72E2C4EFCA0BAE8FE8609C1A540F6B5AABEF230FB1E9FB4B5267FE76ACF519C786D088A
J=$1AC42525A4585BB35676ED6524F4D9B9467633D8789B10A9BD7AB09675E9F6276F188162965AE3818C46B7F0E311AC3CA31820A062BA67FA6D3ADC0573D59E1536F79091EC8A4E8F59701DFB134A9F0DBFFD574D6DAE7F360DE2FA29599DAD7303160AA370072F6245025CBAEB19103644207C53337FB6EFAABBAE7C7F0FE259E3ED5
T=0

[82]
S=$BCAE7923B34
W=$8CDCE1E80EB135690AFC7311AD198CB7D835E8EBB44C991B9AD662578F14F57EC36C480533887EDCE3C10450C898E085182F528C714B2E51CAEA4924B120F0C
J=$11003C141AE06F9586B1B75C30C9168FECB42FF4C808DC5571B104D0771B3297A4CAA212872FCCA79225BEB1712F681FC8AE660B524C0A29856D239A098083B6EBAB4F8DC75D092D3FFBA87204684F23D61F2FFE403BB5DD5A9C971B099086D19E2DA85CA070078C1D0A8CDE3E3658DFDE1F975F9D604969E86DECEE17839A
T=0

[83]
S=$27F33C
W=-$1B9E04DDDCB9D927E080BED0DBC1847C176ABFB3C7B444D342115A067F9FA7E62BB53173C77BB4D22AE1E4C3EC8AF69873BB1CB60801F95340A5DF05D8
A=-$D70
B=$12F5A
T=$2

[84]
S=$EA9FA06
W=$AE883337BB0503AE5EE7A6744200B5D3C3B52CDB2EF4753B4C0073E112BC98B318815D86BABC7527183862F3E68D72B690241B8759395E606F17A7C
J=-$A66E581D0C22F6D1F69481E7E56F5355CF601C3D847E3CA8523B7188AD6E927947F26477A8C1CAA84B12D0D10DAAB7FBEE78AE0DEE8487FF5F938E7AD1E75C9A0D9E477B18089FEDDA01A4293D5841722C92C62280019A92555C3A5FF0363E6C6752633DB26EC1B328337E38334F38823528F82A91416
T=0

[85]
S=$10FBA742
W=-$11319B16F24CC782942FB1BFCE09F2E1587A7E5F2CE6B7865FD68129569393DDAB802E63EF5863DD255BC482EA48884C33F151D81976BA66A1AA
J=-$11E3F7B638A6B47A9BCC51989D543E17A486E3DD288DE2FE18B85EFEF8A07D4422ADB804135F54660E413D0CA701961BC97196A6733D0F6B2C06116E9CEF3CDA26B034DA508E062928F9EAD4625B06A8F2DB6A522B8A813CE40206A3AA13895A6244F2F960B36FA317E7494D913100D5F53E1B4
T=$3

[86]
S=$46CFC
W=$6C78D179A2D154E15EF21AD140B51BD2D90F9B12DDC933EE2F7FCE33C7DAB58C148980DE5CEA098BCECC87253BDE4A0A1476E6DC91A86B28
A=-$7328
B=$1DBA42
T=0

[87]
S=$B3CC08CF
W=$4CBD2A44663BBF4D2BEDB37E2416E7426740B25EAC5AC70599D9B9F0E75FA87B87DD4509A0749FEFC759D85A38B99B5B386C00A1112DA3
J=$1F2559E7224AAA4CEAAA1F6A9DA89341D0CAC803E8BA1E5CF912868EA3342E4043814D43746FFF3148D3BA2220F9D7DE805D6D7ACEC95554C9FB25D891955262AEDCC30A858AEE091137B16F44E37B14B75C4BC5101DD7A066A1689CFFBD5DCCCFCBA8CC03FF3F9CFE4E432615B
T=0

[88]
S=$4BED17
W=-$63B7F1194013381A7B155CF6A8779DAE48785502ED61767D09343E84B859523C43DD106308818F00864954C8A5D28C1EF0BE392A65
J=-$199319078EE94D34A125D57CAE2558A9623EB4A2F3B395AA51360ABA963C48A21EF0B902B997B95C5063084915F72688F4A1B4F25E43CD739679A028A32E5749128E3BD1A15CE6337510D6D0F2E70010878403CF5FC44A296594A3031F01B6639C98C55A4D60811C4E5
T=$2

[89]
S=$180BDED0D9B
W=-$706B502CB6D6270A495FA3A6FDE34DCB9AF091C1B3AC370AB33C5AF60B816CEE00D09C1E3A85BFE70F3401916B9B159A2558D1B
J=-$115361753E6AEE48690A6AEF9FC43D78F0182054F0CA2FD36935A435A29E45CE0967A9F5B9C82F60D06CC6E0E10AA35B111EDD43D7532C7B9219362546916A31D874936174F8A8E431706C49D17A4FF32BA478CAE7D4E25FFB3912A5ECB96CDC8F7AE691F2AEFA
T=$1

[90]
S=$1817AD8E
Q=$A

[91]
S=$1E6316
W=-$1044E570F179755C3F7264C56567344C0048411808B7A5C90F460C2D6704C8120A75F300B509A40FE33058B81EDD28A
J=$292CF8A1C2B77195FBF30C81BBC0F1A97AC8A6A26162E754C05BE10C9FCE576F2745848303DC5E9EF2AE0B9528A2ADDDC0153120B545D52418131E1E82E4D95C9228783705A5B8D93021A7A26F08B388AD37B950D82E58949A1DB3533DBF
T=0

[92]
S=$F9D78
W=-$534114EC152DF66A35475A64F21F0B68E7A82C9B52236F314214E45D6539479D2153DC8A28B3DD6CF35EBB152E90
A=-$23
B=$62
T=0

[93]
S=$3133CD51
W=-$110FEF91C1BFEA3A1C901B04655C15DCE6CE61FE66C36F5102EFCF0F3D0A6A5AF7F3DCCAFDECF4AB043526BD65
J=-$19DB6B8C6D9E411CBE16EC48DD3105CD0418DBE25B2487652F760D6FA70F054B4B7737C2FB036156680722805510FCFEF1DA3B2280CC967D9E45CD39DC00374492A9FB46859FEEB8070F4B8D6469D6D81C993239CC10AFCB8E
T=0

[94]
S=$1CED6DAA0
W=-$389A983C87A15D26CFD1087DAA081D90471A9CEED9D99E5F57BF4EC2FAF732FD272E83305B7F5C9CA4BD2A
J=$3BC313FC6FC5BF5EDDAFD11AB62EA9EDA303794FDE4266218B52CFB3663EE030DCC078ADE0888C66F2423A9ADFC525CAFAF7EBE0BDC5D0824CF5670A9BF4DA17A52F775D9EE1459B96F208BF156645FB378336C518
T=0

[95]
S=$B81FD5E628
W=-$4D315A76F594FCA61CDD0C396F1E5A1F84B3B2420586CB77A913F753C475FED2B480FDF537DB5636A
J=$781B12BB424A1C85C65653971FFAB685097BC3B27DEF454520C7C7A17A2DB8D3FAC13BA065159721107C0872D67BB803D4131F5615A9F6F52D3B33F63DD848F5861DE3E445298E932131A9282751708AF5
T=$1

[96]
S=$1E2AD6
W=$153EC15C1A4E13F7AECBE8B50EC9B31E1B0DB89099B988CE8CF9F7567521F9789A3FCF5C58AA2
J=-$135D9528B4EC9FBD5B37D9929880B9161830F308F2FB6EC1A64ECC524089D25A6CF7410EE29703147C488A7FCB432E9F9B94725FBB0F28A2CE1D68A968BBFBD533C724BF7C9D7B1CFD45AC33
T=0

[97]
S=$38C5C4
W=-$65195F65942F435BF5BBB24F6B8E1869946189BBB16BAACC114B53357790D0E0B07ED8640
J=-$93A5F375AC4F403B5D024DE36A08D66F5898FBD38A61474FD0513DBFA91EABB67D4F8FC9F23526071CFACDB244051F189A5D6134255CEB5C89263549E5AC39E7C67C0967E83A017C214
T=$2

[98]
S=$51B00B6774
W=-$2AA30992121357599E724DF835DF144CC5F9C7AEFDC73285698699558B24DA43D98B206
J=$2E8B8B4B75B9C6916EEC6828F8B8AF448ECF456475468E740332CC986C58B54E1D32BAD6A10DCF5F0517FB57F7DD40CAE94CF5B6ECBF8871FD98D87107900D15E65BAFDA9BCB
T=$2

[99]
S=$FC2F2E
W=$19BAE275FEC79D3EF84147887C597725B53AD0C29DFA09E665675BA4098BEB4E318
J=$31488B1FDE7258B614CE81A650039B6C88C4785AF9FD87510E72D97ADA65C8783288F8C4FD76116D594864F1DB5DF2CE7CB8FD398A93699C6F3A1C2C84867871BCB9
T=$1

[100]
S=$A3B922C
B=$2

[101]
S=$6065E69
W=$3A3E6E9DCD5200316A62B30EA24935AF156986B109FFF2E906F1A48C31F5
A=0
B=$A
T=$1

[102]
S=$2D62B8A9618F2D
W=$D5C26BC11B15EA5E2A98681AE90D88967A02CF8B353F0CCE8F2454A9
A=-$108
B=$69E
T=$2

[103]
S=$A61D0C06
W=-$2972C408A5E2237257636049B7DB89026BC46CF9AD8547CD8A
A=-$1E
B=$38
T=$2

[104]
S=$5E74D12770
W=$AE36436F35DAE4394E48794514AC43437E77D8683A259A
J=-$540AE7F137BF0BCBFE4B20558838D1BD0DCB989EA88A83546ED25FF651B8CA05E4DBB8EDD2378F13FB8358C2B11
T=0

[105]
S=$45294
W=-$6A678B39760A46964F09F3A7EDF5DAABFE397792C
A=0
B=$10
T=$5

[106]
S=$6A1DECF
W=$1AECD7CEFCB7BE17BEB5FC4CBEED868D0B7FD25
J=$CD8400E41DC64060AC49FAAA1B4DA4FDC0C95BFE64EFB2B6B1D04EE7B7BCB302ECD6C7D49DDA2
T=$2

[107]
S=$B90986
W=$3D8F2AE185D8770970213DE722296B734EC8
J=-$173E760BD3122BC3FE9948CAF8C7168D54891D45E013AB8A352F35CB9A168B542EA16C5
T=$1

[108]
S=$1EDB56170675660F8
W=$11AE6D0B5E794EC3B82C68FC91867252E
J=$6AD76431D500857BC3FC2E4BA6F3177611FAA0BB833238B20073AD8011E15678
T=$2

[109]
S=$2AFA38
B=$2

[110]
S=$19700
B=$2

[111]
S=$2BF1265D
W=-$283EDC85E4F62F675ECB
J=$345570E0A354BFA238AB20409612CDA49A98C8C
T=0

[112]
S=$19716
W=-$E75A47BA85605E92
A=-$1E
B=$38
T=0

[113]
S=$169D6
Q=$16

[114]
S=$5C
Q=$2

[115]
S=$84
B=$2

[116]
S=$4BCAD0
Q=$3

[Signature]
1=$04651F7414B5331A720E9352B3618E9237E413EA9DCA83B0
2=$158BAAC1F7F7A88683466943F51C85911BA79CD22F9EE1EA

