[PRIMO - Primality Certificate]
Version=4.3.3 - LX64
WebSite=https://www.ellipsa.eu/
Format=4
ID=B497703821324
Created=Mar-28-2026 04:35:37 PM
TestCount=109
Status=Candidate certified prime

[Comments]
Put here any comment...

[Running Times (Wall-Clock)]
1stPhase=33.72s
2ndPhase=14.28s
Total=48.00s

[Running Times (Processes)]
1stPhase=208s
2ndPhase=63s
Total=271s

[Candidate]
File=/home/lappie/Primo_Batch_Farm/Titan_Group6_Prime2.in
Expression=(4797791281531362817968)^47-(4797791281531362817968-1)^47
N=$616BE0CA9A17979466B3F95039CB714C1DAB43BEA6030A3AE4D95A1505B0F3CFCAED7CDB1618493B63F2A42A25DFED1A3E6DD45B52E68795D7DABC38F3B9ED9BFAA5E58661D8D219366E54CAC1FB2F50BC88CE700405BF15FA73081E6BFAC2171E61F08D3D0BE3AB9F8D9E4A0441047B1371B8D96D531A5E679E687C0701555CB7FCEEB2066D6C49E279DED2ED41403EADF1D2EB40750D6080873DEDA0B1AFB5CB86CB43E9210374E9BD35414DCE9D357B61A44CB3E6271B46076DD745E486186CF536C240BA0AF955CFE5660392C6A97C6A83515940F405AB4AAA6B72013F27989A0482676BA64F0148D3F0FDD5F3BE7ED029C5EA00CA0A710308767979AC20F4706715D5D90285CEB0C613E33B903D2909547888A93EF0317408277B96823700285591A4B03E9DAE8B38A270351DBA3E42D27D5623E4BC9DDAEE71512F75F54DC09A14D4A27F775F2FFCACF10C750819DC48525643620242ADD3EE971C7F6CFC1C1CCB707353451EC05460CDC05B7C6D1BDC7F14E5835D99EC6688C6A1DD3EDBAEED0E86A505693400B0E96F7173CD27977FB690113316AA4353576A07B1
HexadecimalSize=830
DecimalSize=1000
BinarySize=3319

[1]
S=$518A0F09D86C0
W=$F97972ED0AB2B152DAF92C5E676CEFAEF130571369054134CDEA384B9D28A2C3054DAB417742E46066EA84D958F93A33028E4FD48A7C66BD7B7B8ADDF59AEB668BC0001B861F649231743DF848F714428CF53A984064D94A1C6CA5DE9CA349A85A74499DE384F49C3AEBE547BDCE6E0C15CD6098EC195589AFD3E7F52CA74B17FE152633CE0BBC357EF172E6C863FE5B22C004E308AF468A3DAABDD9F3A428655C1EAC4327BEA3D38FD92787A1C1C0AA00F5BF8803155AAEC5DB4E95C6696F31BCB5AC8988B7C8CB32A49710EF84B72
J=-$191F19C13C94DF4EC3B726D84CF9780B95AC956BA23017CD29D0FC13D71FB8A9BB04699A09C73DC7299C41D17BC2544DFE89AB91945158316A81B11718ED6FFECBCA7E062F8080A2F4232D6495EE8E9EC08CC08D0B4316D038DABCADEC692AAC9841BA87C179ADC45C043FB8987206AA62677E1C331421633E7B1EC4DD97D54F30E7FCCE1A08692625E5C555BF57E806BAB97BDEA10D4DC5C3DB52775D70945EBC090089D0C692DBC202B42416BA30BE0D0C8BFABF29EC06E6C94031C3937C6DE366F6E0BC30695B25A4E41980F9EF932EA44EE58FDE9F78EA8E26F2806301A04988B49A8E80962C07B4396FA3C353416BDAF9A33B949AAA50D4C95DB6F5A82F0A376183D70C7D56FC543809BBFB58C01E4D56EDE27840782228901687DB25A937DB848818FAF96CE31FBF5FE7054902DBA6EB114F3A7A1EFBAEC5AD79CCD6D5D8BBC11DF58A64F0DE7D889752ED53F500643B17A8CEFBB6E4B48E66D2884A93B598ACAE5B8896BDC5F538CD3EEAFDE9D19CC1F05ECF609EA2949708DE53F68708FF910E71FDE7E0669D081F95A923148EB30CAD5C1FD2022DB2766853A87F
T=0

[2]
S=$49CC9CAD6EE71E
W=-$3F77DFCBC79E70CDF035449F05628AF8BBF725DB57C1076C120834C26D3C83882BB763A28AE147EE541CD619B1CBAA3F02E5D7596A4ACD47C3F60F7355E67E44B04FCA02B3839F2A8C8F573CBC4120897952B22FC47E39728631563DE54D04B2D3ADDE7D076A7481E0A6F31ACA36FC049BBAAFA6A72DE9B2B1032D5DE11B9AF547A108058EF1CB28175D8F556CE9481E399466F584D3945B5EBE89F62BAABDA8289FECEF60EF0803DF882030FFACAFE5754AF369933DC212B400A1A26B277F168EFBB19D5DFEB767B1BFEA486
J=$8CCD7BD7ABDB5449D7DED79B1F83D046F26D2646BB0E4A8855262D2ED3B7E0179229A049364E06EFEB65CFA6780BFAECE6B5DFB417A60147A5928A2698D9D96A0ADF5A96C0520F258C0B422A8C38131F63F23BC9649B9B13792AC38F4A9B319AF5023446A23F8B76EBB516B7D8E9AF7318BCE5D55229A8476DF542D58F1EDFAAE45EF79E963159E1CE93B9E5DC7EEB3C69FBE60415281CC168260A39F0C9C5CA2B1740ACA8CE7DBC47C2F222006E3B666DE26DBB99DDD213C03C964F9F7AD9ADF8FD31EF06C457E7ABA500EDFF546838BEB1D034101A09B14EB962666B4492D6A7D0D5C815A65B8E626D11D542FCD601526BD0A204D60233E986483B37B62BAD042FA46CC7E2FDF0F2EB61EAE373D53EE3BF422AC46FBF8977F168266BDAACF0A3863BBA9B8A276AA2A37B3377A72E71CD94D051A8EB13273FCFD429797AC2C6B0E1233856524DED4E12B1D1894B4E84C18240CFC302EFE65E7D295686B2A73CF4B7F58C72B18B50919CF920F1445565A1E3936703C38047CB85BE36DF1C8DD1219D51400D11E867BCE8607295E5254276DF7C908190CFF33
T=0

[3]
S=$B6C1BE
W=-$F3C78C472DEFC4524045978B5CBDCEEFCA8D22D706EB69A0455F13A6DD61FC020641D0FBA9E8A9DEE91515A5E5C8053778DEEBF99DE94047A791F65244BD8DF7ADFE447F9964C4808704F9BBA177B4852CD32E9012F6234F803BED2F648A06A4ACC3053D89C16A57D66B4B9C5815236EA6810268DD81E02C6C2045EFC4976230965A883F6DDAA22DDD492854E4D62D22CD3A93ACE0EA7F7C8A6519F92E2377C9925B4F9501569E4BF15E7F25383A2FE43881A0638A9AA7363895B0E990CDF716DFA1A1CD4D49A2F236
J=$B36EFF043F2B2441B0F29846973CBF63F02F7BE5B023FA8DFEA4A072AD4A2172A0C80DD660FEBA8148781423EDF571D8922AD3A78FF0F8A9895FBCB520AF01A4008A9FC56535DCB62053F1275E7190620D5E21C4F1CE414547010ECF06D297E57E9F1CB81C9D07CD57E4AC84A0C85486377FEED231372C2CB2F0CF7C1B74645937878F591DEBAD11642D6ECF3CA229B624D7534D5A30DED5592CD40487A65520DF065645860FD9BF8F5A495721FCEFC706EA515BC88A5276634ED936DD697259B6E24BA8C3429DEFD58B2EC769C4EE05BD9782295DD26AC2F27060D358425E138B423289C2EF0EED8E9EFAAFAB96F47CF4FCB7B23F999D1151D9225174C3E772F28C4CC2EE29A890827718C3B54F33781AEE9D573AE55084FFC83483FDAEF5D59AC80EEC8A400CFC6DF410629F785987B108155B6EAA898BEBE29EE6DFEF928A996A01B1FB114639D2E12D90B1F7EDB6A194B026D57B754D28251819EAF4F9333F49E42520D5744921660AD35349AD296A89E33C15E4A127B919CF0A31D1E6038032B6825EC6D75E2DBFFF4842BEFEF5867
T=$1

[4]
S=$29A60A2C
W=$13441E6EC8BDD053A77BA7698C582D699307E3F5EED8AFA30DC16BCC05452774298C38408D7C820812A4C8D06183C630743D4ECEF0B09953FD924FFBF3BAEBD5D58E00FA5DFD725E45F51752DC4D584CCD2144716D2B563481B3BBC35FCBE21E41E4059981BF1DA62E8C2461663D443144DE4B44BEB883409A1CC7F137B51C5022F56D5F81FAFFA15993DFA0B41DD99100C264FE2754889182C72E51EB4989636F2E2D7E8763C7AE70149E54482A9374252A0B8CE11FE54F5A832651781B20549D4D343D67BA662C
J=-$2733DE1610BC100FDC104769DBA5650B13B631EC0C92907BDCE24196FB767EC0FAC8F90070D7415EB64649C50BCB0ECC49CC047E060DB6DFDABF2C612F8AF6F1352B49A0CA53ACADC210478A10E8FC78F37D36850C56B709396C3B4983094BCB20DF618A6C593E5D5C87814CDA132ACCA2E2CFBBC2B3EB51D63985B2A742D4BFF1319D557083DF9B268259B099FEA0051F935B5665046963B42929287BD4AF94DF8DFF38922485F1C71111F9AACA72768DB97823CBADE5C3B4E260CC3E7264BC9DA13D6057376F5B19CB31E022A5271DA0C2323F4CA16CE648758242E7B85337E7756D6F2F9F1D6D68439C5B3358955C1CBEB68788A9BFF79FA60F8F078CF92F0916E64733750AE5C9C143E9832D371FFA2B8E850AF295038E0F4F9F09B2935DE1CD7253520685BDA1E62AD12EBA2F14F01756F714F92D43ECAE976494E9AEBDC2CF1C4FE53998DF752C26B1BF8CB83ABCFD5FBF1DAA3EC1876D2F6195C6744E2BF2D3ED2C3F601D3495E236538330CE70C6530A09ADF8EA460FA934D7B32AC8617C05487F534005C06131F4F2C87C
T=0

[5]
S=$821F679968
W=$1F328AC39C903FD3821EA0F2B19D216C63953593F3090CA183684B2E028273E2916E071F45C7FFDBB57F54B30023FC6C77552BB2C9D3EE0AA947F01330C1018362F07C6736DB75B1725CD8F7A8146729A5C3494317F0FBAA34D3E5F344CFD1F5DD8A2835C56FC6C6408143DB46EF8D48827F3768DDD2A54023AF59064A64207A900E5176CE7AFF62C7FE3D7940A43BDA2E068E739E7D2849A3CB8B30EB5B778A6468FAF678106092F6E789D2DB15DBA36DACE233DA05D7F888829344956D2B53F34987E75FBE
J=$3E6D429A46B5D92B856BD38819E86F24E2E0539172C64A73F7D8AB60456A2AA9A13EBC57509BDCF1C1A4EFE17F0924EEC337BE07AD86CF516CB9143EFB76BCA189D72DE693DE434DF632AFA124CDC46B1762234A123793FC05BBD505CFBA6A117E0445F51135246B34DD3EC2A3F92B76F8843B028B8CB332668C2F57F98FBBB56B14F35925E72A894B5EB417BF1E35B5E285B935C4BF033EF79AE7B5F11D2A41D1ECBA8094E265BAC9CAA1C70CDEF6BBB712F58EB2E367AFF0083F41E0F1BD0CB9EE545BE8EAF06AC2ED507B04158DC7FD4AF2C6703F69B55E9C7AEFCBAF1C9EEF0CB4D7435D79770505049D6963A4399E2E7CA8D19A11B3200595B4E219005FF0173F03F36D3AFE4C2ACE84B33537C3982B6659BDF9086B8A267F8A7D1D50CC190BFA8F59C6AD645519C2B5A124441A3D0AADDAF7487DED72EB17B6DE80E1ADE8CFE4334AE89BA5B7C7592AC5954D4931DC5D3739574BF6053C584D56C85DBC01CD2F0241F072F56A148DA871373319FB6A2A45EB49C676894E5AB5B5159188BB46450391FE6C65AC9D0D
T=$1

[6]
S=$9A53ED4
W=$B0B6221D80FC9B4AF86BD0B32081D2CFB543AD9F675DF354E7B3033F70965526E85383BF86F3CE6F6232A708D5CC8C5AA02CACDC3916C8CFBD6AB8E66BDCD8FF0A501B6D070A2345D090F99A4893818ABCC924B8BB8308C35A72B4EE9F6F6B8AEBAEDA128FB53A1C78D799AC8CFBD1C397B730C84DE079B0827F25D3AB3863EEBAC7D359CF2524B26CB973F750F9468ACA65B0A2087E03D8A789F352A283CB00CA4E808A67D657126593B852E0D70C0B176F0A626CDD287D59038366F64CCCDD8C2ABA
A=$1
B=0
T=$2

[7]
S=$8AFF7DD8BE4CD8
W=$AB87230B627367798CE6E6234983564EAC3C31C3E2EC4A62669378786F334F63E7A4CAB04E5DB001D56C2CC5F1A61C02973070C414302D5F7EC14C937F3F3BD4D9AA87B4D1A44D80FBC02209ACA884FF68A124337B8871586B54C628E980020D111B090CE6F3D4A25AB030E879D594415BB032AA1646830ECE1170D13226B0EC76A038A9E4BA43FD60AFF60218F69F82248A736E83279BE7CF1C60360B11560925A61A050480A53B331BA55938267AE0655BE31D92F5524B019649EBCF7F0D700C2
J=-$2557598BEAEADD3C42107CB10C2FA36FC5043A43B373D0734020B26CF283855C98F6E1D7BD047251A2280F9A7FE263716A8466056AE3C9EB3CD8738B7447C69EB68090C94E59BA225B9B861F3B3E5F65611DAA5470DAEF56F414CE2F40BA41CC59A68C28EEE84CB106D7BCBAD75E1A29C05FBB64933B9E16944BB5CAE2C2614B6BA387C87BCBC9C9859FFE622249404EA8ECD982F9227A83F3D8239ABA6C04C8DBB0047D053D7A6B09BB074C917E95399789A1E305FA0C60E604AC9A0DCBDE9DD7F0ADFD9BF9FC13146BCDD3EDAF5B651EFFBA347F98D3936F1766A2B9924537C7B3C5108C8397BE9CE1A5706DA8445AA529EA9B11B7F701EED9B20629B97113409C1426A997E6740197C1A7FCB01B307F1E578DF7927FE5322060B926FBC9C3D5399277B5BC8009EA1E23843CA7FAACD775D2114E7BC933E4E357EEA96D16377B3D4A611E29DDCC6FB6E7603D529EFC9A69DC6569F3D015C2BCF379F537957DCE063B0EC80794D775B630E303B2E4BB60C51E7E7369A0655FC10F0686390EFE2C09DF
T=0

[8]
S=$2C2541FE9
W=$1C0949CDCE42F85FEAF7F70C2B56953E80BAC2786812A3177F800E9B5AECF14A990BE1F6DC7F3D2B297EC99430F19DBCEDF74B9F0958538351A6E8214B527A8F428227C8D15F0545C7E972347FD6E4C32FE4EE0B11686FBEF8E7792CF1A2DF42380FD6CF45380C412D41DAFFD6011462A055CC71FF153850AE0D530F1E4D22DB27E4285A58F39EAFC63F9E0838C049D270B0C9763CB3B0FF9A558CF9092DFA292D851C8DCD968806CF63A27E3C054A3EF7C7EE20160744644ED1280270E0F
J=-$68C856DA4F57C12F50C9E67C8A7A2DD10741887ACF605116B23FBFC96BE0B12F63A350EF070AD598676B6D1529B6778BA3A9D7CD4820D4BA3BE4A20ED1574826B17D714B118E58B30031A5737C6CC52C734356F747534FA87E008EE24403D22AE993D1EAA6F10BBC8A6C06D6E61D4A8116EA50668090F3A1706D39C35F2184B85003C9CCF6FD817658A084BFAF68F374A3A540F8F269B15E6A4679D39E69D84FEBF15EC9C5E5DBEE809AA988CAE1EF71EF7A28F2A4BCC87E18BEE4AB1626741878071B0BB6622191AA2C9B772778CC8869819B40CC87E6A3CF87D7E3D266346F5530EB6D4A01B1A8EB8C171F121206DD3B1846729D909B73BC6DCE8779A8D52B7AD05C89FAFEDC55B7809043CD8B7BCAD46AAEA48FC2D21E450D3E77ADFF8BA70B01DBF5307AF1487858C44C30EEA683242F002D9517BEE1F33166AFCB0DE111C114E0E518581FF2650FA6C508C99F4C6391A30E8CA80D5073B7C1DB7691995D8B1AE8E12CEA32ED854AD0BA08AC139A228EE97976A65FE955B30ECD
T=$4

[9]
S=$DBEAD
W=$E551266676228544CF2AC87E1C90773495A7BD5FCD326B7AB01B04F11E7153F9A2D305B83F5B33170E6787E770D35DFFF691AEEAB1D2A5E3E210C73553C89E4043171852C55535CB8FEE6B8540CBD7950322869706CEB4E1F21676851C3071EC814EECED9E0814A51EBC0CEDF02EC80B040F30B6620BC0C365D7A574B44B31A0F090DF5B360117AE3C4C91B5ABBE2B9C08E340AF2AD016A4857417A9A48991CA8DF4C587A1275C3C898EF0DB17975E2A823A6AF4C6F92B4420AE75D3
J=$253F25A0621900502D76706651775E9A3BBFE299BE7970D1007D41D6E13619078E47A11E1D6FD61B7BE2D07B9331B5E16100E82094AA6E3A37161508B338284F1B01B3536BC2378B6C37B77C8DE396EC2509B6A9D80EF01A8DDD727CE99349D24D766743E2F38BCF611A82C00BBE66C4D8BE6A6E89974599C0D0EE1418A4121FE9771841F4B1C0E2ED93ADD3C194B4BCE9BD96622D61F4FB6B3AA55C410C8920143ECF7F3941B46202C3B211937793387ECF68AC470C23EC662B91AF35785FF3C9B8BA1F3545023BCAEB6FFDB3D63F4104AE9157B5BA37315218F8D94CFFD56CB0A5E11A61A63C1D59D62D1D891359161D937728F8F588F3BEF6DE8B1847DA1B05294B0128676031E8C242EE06F809185FA81CA270F3359A107696DDAAE740801A7D3F9A65CF5FCF1F7FBC6DAD36F7CA377E4445FE017DE34B13E4C0496475C65D7A6F3BD149C5CD321ADC7A08D2EF2D1AD2DF0931339E620992FE95288D5E2A5E812F0BE9EE25CE5E9AE0E7D745B6DEEC8DFA82A8E879E2
T=$1

[10]
S=$16D0077C
W=-$4BCD4D8DA80D57D1603FCEC692527BA57EA1061B481DAE3DDFD7BFE625A02936BE2243041A9B904F925681E2B3C9924338359C9E3E31D2FB97AD313262CD7C791658C51353BEE781B541D3AAAB67345272FFE9A814CB98699F26515E5BA0D827301116B1FD7496C9EBA908894492F38C981F426C0993866F015D613F74A676150E08FC1ECC6F28FF22360086C26DADD93BE8F660BF0B811B117FF19D23286179C946F9A3381C5E24BE78F5A26F099088134FAE2FEACE0C3F06EC42
J=$658D09102B035009BB83EFB1945C197F9BF388D1B80E7CEB3501768EC297E5844B6C77FDFA3BD97D6BA4BAC1B4F987DD799D1B131330C7F23696F6E8604F7A0686B33A80C3A3891BEB542130B77CDA0A78D39C62ACABEAABD9D1AB81385B11D1B0E7245A80053C7965C9D74E69F768551A88C82DE455EC49964DE680C92349F514EED49A1B534EA275E56E764D4B9E2ABE231E7A17CE51A8C23A9752BBE5D62DEC8BFE7040655223543DDAC69ADC3F3F03D3A4CB813857F6390D9EF59172053C539B4CD1E0FFA4A35610F388D5F7A9BE3A12EF0858401F5BFA34D1AA0D96F6DBCBAC371E7499F30CAA3DF24958E5A5ACEC3A9B51CA3ECBFDFFA473C03FDB98F17F17153F26231769B5FC1916C20E6A79077D3DAA4E1845CDD31E0F8E1AF0E73D9B1C25D1C3283A30CE0D4290F16AC91E2897B84676FDABBFAB15A8F1507F6C8302CBAD82B672A9D1C93B04B7AD76C880213B3D0C6CA00D0A929CE573A3D22349C69BEE43778AC53A603F447C7EB0514BB791DF46C0
T=0

[11]
S=$140129F3
W=$FB6DE22DEB3076A13CFB25C143AED0533B5919F2E6E26BE18AE34EC53E0B6F224EFEC9A17DB490BAD7CC2655237B2F6C1A53FD4DE192F77F1FC05457DE2A398D21EAAC5DF58FB0C939B20EAEC99462034EE7A99747C0F45D9DF0A1A232FDE9CE824D5B6BCFBE439B2B92C62406786A959113D4B496BFA0098C51C5035EB5D78A13F11584465385DEF87000966F042BF32EEA58D9642915F70A9A70A2AE90638690CC60276F7836DDA6E5A972A3DA623A78A0FCE48F83D619AD
J=$1A964C284D34DA23769565C2A84D3C8356E7EF5A78439D55C5C9030F62C261994B14968A58166B48B918618D524299CF4D442B7F757D1FDC34F85772F22CDA1BB49BBAE4BD8B87ADCB2CCF02A581B75C215D5CDC17447C96D8F80D683FEE5A70E93C4CE3A610AC8D828C570F49BF309C93DFC21DD9AFAE184BA1D534F706870C3FF63CD0DAA567E223852A4042F8A307EB50480B1CF8C702B78952DF5220A0D44B872B5A98DC0C48FBCAF7028AABC0519DA650C85886DB8953B339B6B11DECC5448A95BD04B4271C88F1B1F42BE60739A08B97FA960179C8925905708DB15FCF8D8584CC72DB6A90D3D05089E4A3065F737A8272F9CC5A87A11018B4BA34D5111F5EAF36A3328662FF1117DE05557E4A726CE0509ACA1979400109005130F659DC47514A2CA5E20CC9F66D2193F3F4765452A8804188E2E6BC74C01D57743E594A19BC5ABA4E80628CA14FFA955E4BF591CFBFE3BFA80D183C0C0D159980C1955502D8BC68818C5641E2205E90B81D38AC2A
T=0

[12]
S=$425A812
W=-$1DD2CA82939793A254C07A5ED7EC247949C0E8ED65A78E254602F23A389DC1EF1E6713B81E89B3DE684D4388D17C1467A0301E8B4965386B07B4B9F4989CCC68F65A72343A9A8932A8829422EF64B08CF4181CC3D76A38161D129D961711FF04C162C3CE6374E946B3A46A8F18AA93D904C6CE4FACD29B19B357C7FE4896A8E280A0DA722E21087C7CF37552CFC67BC4D1F21BBEE509300F80A7A767552C07D77BCC1C174FF843085CDE1EE3BD98651121FCB837681ED6
J=-$1462809FCF06ADBD358D8B80F36A8D9980027DEB00F1B53547E1DE486BC7795E2677CC7912A6F408719E729E1FB520C8C20A39DA30B3014DA1F998C1301F872C16F17798192F3ED62D102059C498FE76F45FAE323F269FC48E795060A31FF619DC7B94E6CF6642F33EB64E014CB1F11725F23DC8D79BD4ECBA8F4357BEE3FB434B89577D0B77ABCEB2E39CE39593A158F42C8CAD44EABAC6CF7B828496A70D679AE7AAFE78E3DC65A96070B6B52A15DF2617840514947E737FC4081DE1E31C7AEE8ED55C7D176D650E6B8A03C55BEF78CA0A28B300C73FB34F6DEECB952CF196DC1EAB7D6B57AF6D0CC545CE444F31A4AB1F8163D0A3EFB916088A8A1DA425C57BD0BD5C1663513F956B26BC62031AB493ED2E32465DE0D153EBA7ADD062A48E4EED872FD29C35DE529D534B0873DAC9446CBF4D1CADDC50FA9F2AA3FE997755A1B5023D892CFD54C830379292A4BCB168D95E701265B8DBCEA8F1E4FB96D8B4F11E752947450E2494291DAA808FD
T=$2

[13]
S=$4499017FE2
W=-$5A0C7C2E511CC501C4E47121CDDDE7D8916026FD9FE642030E1C55E5CCA78B630A1411D57206D7D61DA9EC4EA02AE1E24E4834756F259515883F5584A92765A06FCC6E26158AF3EB9CF15D739A92AE78F12841F82550144FAE148BCF1AE773BA3DFA89B95A906F5F52EE01288E8DF03C48C9506AE4E5A5D4BC95B05F0ABE448EF3F1E1C7429E124C95A39E53242DD77FFBFA3C389CCAA872B4F3B261EBD001864A821C1F47091D26E52FE1F88BF82211D415218A5E4
A=-$61ECACDFBC1DD025FD089DF69379F05A5386C88E3D7102E0A2F3FAF520DE736CAC81260280A2725BCABE4EA36C6EDD8CF6E44D1C5AE39016FCBF5ABFEB63A780C4D621910193A030FECBAA5000FD2A98057A7A9AF0B09E13436967F2F652828E9CE9568B1907AD3AA3D8668DDC0E86BDCC8951E0112F84378F44892BD140B602BC4014BD0E4CCEDF728BED9F63A7E8CB87D51AB08C9BF7B7FE6A9F22D389379C1CA2B0D6E972ABB2FEA8E67A02B5ADC16076C5AF24DD84185911845F4ADDB05049F2F70199DE847A037FE3B256FC131286E9CF4A6480DEF2248961C3C552613E3828627178376C87AB3254567408E23E59AFEA6D544A358F8BFE8F0590566DD498F79126F15B5D197F6E56A3B5D2D094CB4B0B1D1E81DCC066411752EE560DAC759421FED671513C331A3558C28658D40D3E0B58B8B1631DBFE5D1F54A2D2EBCA7200018352D7C7BB6EBFE6C3352C784712C60FB1E736AEA1F6E7F2BD62608DD1CA33845D1ED6148A7C976
B=0
T=$2

[14]
S=$6930EC7
W=-$2F1F6F57793646BCB767D02847C987D6AF25965AD0F7524789CD7B75DFCFA01F3257984EEE704B175173E342C057E09862FF1CEDEC5DBA677AFA5403C0BB5D3829BA7A36D1D709602B1DBEF70D69DCA922EA3477DBBAA508033B75798A7AB15A5B719C721A73007ED6EB52191710879A2D2D84F0A7FF6FBCA3F3FB46B186FB2C67CDF709BF51B3E4D340FA579B462271DF81C72507EECE144A2E9B0A98A7658BA70EADB72EE8092B98190995F12CE7B686C15CB
A=0
B=$4
T=$1

[15]
S=$218E69B796
W=-$EF595F6B519273B3B501A3C6ED6E8FADC5ABC6E2EF1A0BC7CC4163B364DCD575E6A8D0AAE447C89E025E3FDA9C15E0DCE93807EB45D4F37039A4D998FC94A29E3E8ED5335021CDC6FCC594516C511C20906D3686DD4F7C425731FEED4F925FB053694906C8A007148EF38575C8B7CFC39C218C616D94A42F13EF44F6BFC18AF469AE84FEEE648834D154504085C16A1A42895F70B276A42B5F2EE211260A5EE83B7F0BE4FA2E98C3996828E6E38A7563C2E
A=-$1E
B=$38
T=0

[16]
S=$3F7D0ACDD8D8
W=$37760EA9D2483E2E6B7BDCCDE46DC8DB1927F31FBE8F208D010BD0E18D388CA32F2D311394D7A9343F65D234D07461F3E7F938668E4B2A186BABB72FAA9453BBA87770782C42941F70B19050C56780599B35C46419674D52B55CC4D3ECC3DE788C05136FCB275F648569B9BC9D392F51B6E1352AA4C92E408A38A3542472E40DC7B2906DD3F4216A88A5AFD36CB56BACC5E91F8172BFA27EFA980B1AAC90E9608CAC2792E217B4354CFE09F5175CFC
J=$855C35BF6056663DD430ED7736A2144735C45D819F5C6147EEC97FA799A243A6E13E8FDE7703587B0729A44A9D2E212BAD22EFAEFCB58C1C4100CE3C705CC56494A21A5E65FF617F0025C03D364CBBDE4E30CE71D6A18861B2DF4C5C66C13F744F6A47323BA4040E56884CC8EE6C5F7C5EA2CD8A2EFDF960D7D0F00AE0F578A10F889B3EA3C6FC602649A8E310A39293BFF15B2D1546915E9F44C5C710B1B3792491B35D1573504B3DA5EAEA9E3156B515D3F918B9B6CA3146E63ABB532054EDF29B17C4042A746C112E423CA59CDD86DEDD6A4B22D5A4CAB7ECBD4412473A166CA8EB76B57BEEAC35BEEDA99CFCD09893F00573150906B47E912D41D73338F7AD2CA3DC5D31A55C915C9B632526E274D73852ACB1010453483F5EE6640EE0A2A05D46773A812039A5EAC348784910284F4F7C355A001E7D7845B7228A63EAA4969E1EEE8101D598990D4DCCC88581BF826222DD1F41B2DF59FB7F4426A3
T=0

[17]
S=$2C4C
Q=$2

[18]
S=$1517B7
W=$C89D71A781EC55AD9FB0F959C32E7C1FE46EF62418BAA76D3F9CFE2E10DD1FA3A4400F81B2D23205D5D9AB8DD9382094D3B54A3629B0DF94FD3344878BC9610E8CE3C3155D9AA97BF68691DDCD7CE48FDDA522D6F69E3602B4A85262A6855E8FBE2BE7BC7818E07E188D14C3D4123EC2BB13CFC7694E9B71C856A692290311480DB90F3748ED43B89606D115F0A21390B4AE45E8818FB6D9D1DFDE95138238C9589EAB691A869A6FDAEB109
J=-$15D18933927A9A465BE5940307F243F55F02F6F3D5FFA346C8AC22D79171C0B4FF5396B4E5C6975A3B28AFFA1411F84BEB22AB10934F7B9D72224E46AD88FCBB48D51F00A2460B5FC5D277C92EA75F438EAC52144B4CECC72B01C80CE701B42B6ECB4D5AC0515FE6807AD37BA0774D9F2F3854FDDB84C0588A28D15E9F30C84E04E52E5F4AA1B9D922C5ACF60A5960EAF39EF94E98272217C7F3C9AB48E7FE008B1AD1F9699EBDD19E2EBFF37F29FCD7D6C00AD1ED346AB8972E447EE2E1DF09DA8DB6DED85CD6DDF0A744AB5A4F2AD5A635C8DFCF05A0090CC0C08BE86E197C1B359429FF0801710CE1F95543C0451804932B51A315092A03239A870E8B45C41FB6CE1C8B07E8B101830AEBE6412EC16AA17C7CECE96F243DEB85CE4F91EB8C395EF5D1E2AC2FD46F5F5C14C8CDA126ED81AB38551A3560280C1D358C172D15866B2826BB20997977D644B095CEB4C9BE678194B26E8F
T=0

[19]
S=$587E19A93CE
W=$28D4BD95B111601BA3C1C3EA55F0AE02630C5E28C3EE43394EAB506F4034C20243720FE918C5F3C990100E659118D62EDBABA2ACA027A3C3DDE37DA47E5DA25D7250A4BF6C949D5FF458E557823F6C0EC52FF521E67B16091A80C86249012362EE1E8462691651D7C91AA90F04762D78E979954A99FB2AAAB565FC477FEF9FD3D67EB6F33582C44FA30E18CE6798EC3A7252B2A72244AC69D6A5C2A77B95495A50FDE04D5E22B4A7FB50E
J=$277480F53411801EB139EB482CCD900C5319B01FE4439B57F0E0DE17F67CE3D7BBF308272D99A4843F186A5559895AEC1AAD3DA7DDDB5966BCCDF151FB3AA49D0688BC21342E088346A636548196068863C542BB0338F099D4C0A91A7E4533178FAC999CA0D2A7B616F07E18E06BEA1B13748230E780BE0A5F84B67E6A79E95906478BA5858821473902A29B6850F96F79BB6D9343753BED0561F2D0C3BA85F2E0DDE3997F1F1544170CF21862D201D05963235152EA831E6C76026019A98B9464A73DB12CF244173FBE015DE17959E051CF7EE8447C0C3F161A66AD59BC8DACB3774784192B26CAEB008F89A7279A75E56EEE2ADD5EA2D30E829C0EA1B650B7B3E0B5B3141974B99EA171A631DDC9F4935D9B9402FD29983DCC04B06CA0605B59B40FB938F4D4ECDE5D2A3C322C5B5AC6CE146ECD70701994D7B1373F7D9A89C456950E2498B13D9D4276B9F8FAF2F9543A8964
T=$5

[20]
S=$21ECD4D
W=$111E457F86F43374DE900B4B9FAD02F581A474AA3371C8A0A98DFF3D0B69787B3675CC8752E91F573F0861E410B401BE2F1C02ADDB6C69EB9E354FBA6C9738E5FC442660A05C809202EEEC6D3E12936A91FEC85DC7C94E3A604D02287C3B68BD35DFD5BA0A56E7AD4BB4D6528B2AA632DC1B0F99EEFE12CD7A05EBB435E6757ED873B80995108779015C4BBF124B3E89B573AD32A7328DB1CD84F03729E77252558065A21CA0373F
J=$6BC31B3A9AAE67B08649022D853CDE5BF2BD5D1981644542B4FB80770817598C0F2BCED1E6425CF93F9B0C5FF10CFDBE41B9256D6FACB6EA77C1291E48FA447F364BD024683B6106BB2467D68A0A0764813BF9FFFA9B2D78BD16108EFD393106BCF83AB881A1F395FB6FF43DDC8F9689C15684717D724CA688D7FCB22079D9AB549CBA00EBC01FAE4707EA5C33B1B6C76426C880D67EC20D5292259A1C2C3A96CB599BB7109048CBB14C57589AB76EAF6CAFD9A96834ED6ACFEDABD03EFE259FDF0F092DC795284D7BF6961A3F39D746E67ADB8E01934E5ED9EA8CAB32B55906837705F51DA982F195BD58252C94DBFDD5A441DB3C00EB235B8D633402EA6035AF16F0812EB2634CBAC21B59CE56AB360550E04B10547326FC1F6A35CBA049B31C76016639C787A9E9C11B63530D94DFF0AE0A9B142E7AC6017CB806A1A60310C77469D7B83F373B82B691F45771A
T=$5

[21]
S=$1F434675EE54E8E0
W=$A6B53FB85DC687238344CE41474B399B673C7F473A7E1C1AAD2D91A07328C2419C782F179CF3020C9FF5C5D0C57B73B37A9E51D55A10FB8442DD02B5B3D33F617D13046031ECC83DE55FB953110EE4665BEF761AA813C8E976D9793041823290BB9FA113688D4A905AED475FF3DBF8811AD465EF0D1F4710D6805FEEA5AC53DEF89DB11E602194A7DD7C55C041BE0B77B7FF70B1E425B8F9874174A1A878812AF31021C6B2B0
J=-$23AB74438647D7B5BE85C033EB0BF31C43530306C91BFF0F67BE3CD2E67C0E09972F780F25DEBF39334655D762D7433E9E4E664C5FE0D8934097AA3ECD1302BF250E675C8353FA34942E211DFC4E9858DFD73B7652FFC2ED6F415F35F1D46430EE80D9525CFA5A235B524B5295ABAB0C87B709986843923D3C5402DEF526E20E8CF2201EE36B726CD0AE0AB690CE7FB73C16383C423AFFD824A770699F7AD91A9CD9F8BAA9500C4B92927C3DC0DA54D6DEA7F14FDC6040E4019C4E46EE082DD93E1D7D7EB333B2805A4719CB27416F49A3686C743124A4496D8E850B585B51FB4474071A353BAD584C4C4E48A633B3DE72CDE5AF25CFCC37230FE92F6B807A64EFCE7920D1C670E9B4A574AE622435FF453DCFC8FDA16008FE2BC018145A658AF44ACD89500DF96ADD5E58CECD1594EDFC7DACD83CBBC1B1A99C94AD030013A0994A11F85C77C37EB14320FE
T=$1

[22]
S=$DCEE1A03
W=-$2EE8055FB404AEF539EC01352AC6D840003D54514D5C226C31DB791BF5396FCCB739FD324416F453A3C913321E6777CEE14BEAFEE02D51B68774639D699EA52A364C198FCDC46BA50F0BC295D2B9F9E946A04E153ACDAFB5F04D87B352D6C5217AD56D0158B2C5C60776210D19CAC08DA06541B3AB9F512DC32563CAAEF414BFCFF3CAD2646C4511CED4A9F4991C4C5D15C86A434F4872D0ED1F4196F65681D942F33
A=0
B=$5
T=$2

[23]
S=$125E44D
W=-$28EF242254FAD535FD52DA2AD57A01F0DBCF6CF502FB8A1D3E42EAEDAD960D39A58069F53AFA9CB009EE78C0B90EED65613B4174FC4AE4781307E32BE31FCD0588D069133183E5648321BE7462AA4CE34039714E1DF8CC1DA9ABBA694A9D1543F77511DE43364766F1155EB4AC3C601EA0B72EF27078AE7E5DC17B3FD9C23D4844224D4A578DA25FFFE00D0BAE3D24A1550B596239D668CF884D8F3D8A6734B81
J=-$13420F036B8833C87569E2489D60935D5BD5458AC5B9769AFC97E71E910AB457A96B36A04DE53394711B5F58FAFC7CB33474688FEB060ECFF523EAA677F577D4E267D04FEA64700E6B8D4D638B6607F65B7DDAA99633A6FA3569E655DE904C7A53662024C083E13C67F1691DB5AC4C8E36F4886D2CADEE24E5B03C196A30291DDC4AE5EF683EB3D0BF71084B61EE764B285D7B9F6079EF4A64D1337265814EA283D059711674685B3E94A5A7CF2B95CCC9F9B09EBA27D23A416CFEAFED70228F6DBE3C2DE98D2DA04DCBF25A8A844783F952A2DAD301332DA327E87C225323A6D630EB4C3D146E3812E89E84B63C9705C8E58C20775920508B3AEC7420A5EE33E2BA41687573A9C42AD15D7FA2D8FB50EE38E72BECE268D869A19CFA21911878B2585994BA0715EC9D0B28E3D3DCE7BEE6E1B8375E8258CE0C856EB1E66628E11
T=$2

[24]
S=$2538405C
W=$83954BD7F268772545261A51085A3FCF4E4D59787A6CCD9E29DEE950519517CE79C46E3C6079FF0E8FBACED89563355EB0C3E6889466DCBC4E4C3225E109F761C5B5C9C4A760F2A6706A7AB0D261028A8B9404362CF4F96438911375808BCB50CFD792DDE19A4444F5DED43CFA58888975B00C7EE1E31047A86AE4F15B9067FAC5766EF6118399C98484332755EF29A2E34FB425C431E9EDD8A2D00AABD06
J=-$5E19863EA38B47492AAA09169142AD59F1C1A4F7FA30A182F7DE098BA1F76AE849FACB29E21C4C468D23A8D9A8801A92C6010CC39099B44EBCA73288B15522141807C7F287B731ABA072572C1F21065A6B7247ADD7532E17D22C7F2916A059A3F7194E17AF644E124C289F9D6BB7E922BE3A8B6A58689B5A069C17865D35DA11EC586E9759F24585A096DE85B61744DDCBAA174DA74C4F4F65E953D79CE4127E88D8A315083567F6D7ABFDB2EED12805305CFE15F8AB10A4389170190546C2118FEBCBFA50CC4D29E2C924B27B49546A24ADE7E2AA6513DD552C90C3738E9385561E0E436F44A5DE9A376EC3FFE3931E9BCF6F1813798D40D57A9CC4242B6FB617C062324B9C42BAADF4556E9BC10351A35104454AE3F0D5CCD0F8BC00F3977B5B5050299F3F5801E1C3F60101964C50324E4ED159F685E4E37ADF9A5E
T=0

[25]
S=$1583EE3E5
W=-$59A0F73C50A3D999B0029F9FE6787CAC9BFB4DF547147466D0762BA6F948919F0488BCFE558846D77F703747C74AB9BD1F156FD30B7AC9351B40D3479713D64A1FFEE51765866C210FA81E9A6EA489AB7F637510E64B196CA53F15655D5030670BC893F4028D3CFAD78082CB48F8C4AE3C312201387022FF9BCC342FD3CF41C5180AF6BCF3628D3C944B2CCEA229AEF298A84ABDE2E5C05BBE21015781
J=-$158A8025DF54BFC94EFC0CA4E2A8C0CEF2E227BD8ABF5A731007121D3FA4FC6CAF4977A304504F230E475D7FA6C83DDC7194B1FD402A8551282FCC7DAA02C7EA6D97150F7F1D890439A892ABCD18718F2E51FE8EBD506868766B2D7EF102F273D005299705C00DF512DF3A07BDC6EC2AED1A50497E0AF39AED80C01B880AEEB63AE2871971845CA4D1F43C356C45596855FB92E1621707730F1731B9E7873A4517D532CA52086210E211E249BDE3F76EADE5B99FF64B7694180291248866F8FC6AAC30FB18659EAF0AF83B0E561912149AB4028ECBB90D5EF897EE403991AEE39C22A25225860F6F0827CEA4E5F8183D21D30884B5C6D07F0D4F9BF716B158C71FE103431D0DBCBAD570F09C81C29FA79C45E0C59B0105F81267ABDC7C55B229C5C437D9EEE9F5E3090DAA82C6B49AEAE33105231E458B249CB
T=$1

[26]
S=$9276A1FC
W=-$46EECA77A0DF6A3F0486DBEDC60563FF7B7142BA88FBBF4C44A6EDBC29DE358F0635587095629B3F44BB232E473D05AEAEAA8A01C986E14A4801BB4536E6AD8F9EA59DDA144CFB16B831A2CEF6C86E8D6C966FB049F0BF640523BC72C7D0D54DBF48DC3CFF06A7C6D379ED2095225D87EB7027179868B399071E22F99ED65D46B3F605368D62FFD015FF20746D025D4B0B6CD60C7A9577931B31A4
J=$D8DD5E549B69722ABFE54F0B50557EA513EF939E647585CE2B36EAE7B8034690152EA5D0A4A7BE60FDEFE356B2BD403AE4193351AD2516C54C17F3008F01004D34A2E89470C8BF06C9AF22C29DBE20368C2D431D82CE2B25C3BFDF9119F3FCAB6699B8ADD1ADB5F629520E8D3F0F3FF88023F119C7E7E2883CBD3E18B200B80B6933B80FFD1FF6436561C082C4364FC8B29F0A6C420E35F7287B0BD662B70733FC8050E6538544CF1CFA952D18E27597BEC17ACE7EF2932AF1F1F82E45BFE2F4614F9D4EEB3698855D601FE7104A6E016254E950AA121D25F2008DBC93D9581AD6DFACCEA4ACAB841CC1051C25EBB82BBAEF1FAFCE3B71AD5FAB3A9378F703C24A73F254924D5E8FE23397447695A040CB8BF420F1E728C913C8E62B5E856CCC2E6DEA5B5DAD3B3BB5C33496CAF5D30DD0FD55BAF1
T=$4

[27]
S=$81C16E12DF288
W=-$4631BC24BD3F8D3E69E1DE1BCB2F62DCF3C96D6FB49AFE5A2F6E377B3C1747F15C6A1C4E437FE17DD17CE455709D915F06C4368A2A271F0BD16E5CAD7C815F89AF5DF69FD7210F964ACA6EEF1BE710B601C38C92D2E71369DB0FB41196E794A5A50490B295692E347AB11138B286AAC89CD84F9EEB068E9B1C3C844AF8F6346BFAE342624E81C9C78D1488E8F613F7407B113C0047785D4272
A=-$1
B=0
T=$2

[28]
S=$14A907B
W=-$2066B99A3E5E61E3A94698F58A94FCE41B79A546FF747B1985905035551B9DDFDBCAE3C673416E5478119BC53A21B35267B143D0A892A9E1BC47EA9A680AAB40957F3D613E2F5FCBCA3CDC4B553E0B4A740571AAF7A672B529EFFF351BCF6864EDF192E21B863D1A714305C159C1A3FBF6DF883924AE9E95AA3D80965C7C063B389F9F1FBAA765071DE1F0B8E2639F7EEAD160165A79
J=$539945D144398ADECE90719C1FCB2B67DB23F6E65A4EF941221E5929AB9EA4C6F8B4A357B89218EC9124514247F6651410D0AF4920456809ACADA607CB2CD1D015C428D4C572C203E3145411F68A93D4734F3808C633DB4BCC45060BBFB14099B155FDFECEA6A8E944CF025F2BBF9538619CC7960203BFB733B0F80BE218E150FB7BE0969D9E5AF122C44B36F0274C5909E637ED60D11A18EAB32A48AC18A7F54B9B09FC240E4B7BAADC863005104EC6E4505EA6EFD4650D4DCFB154A1631C457BF8871C07CF1DC4E004A9463CA190936B46A9CE4C43C11FC6E5034F0D404313756EC91EDAC00DDD7DB251D1F018D00E31E3364AB9403DA11190DEBCC0922FB44E379D9F3879FD6620505F1297E3AC301FA0190442FD5D1A92EFA5414DF1CF7D2E57C0C80FA5BF3E1DE508
T=$2

[29]
S=$92FFB2C6C
W=-$BA1053B5620C75CA46426363CC0D24BD19C4C0FB1BBDA06716DB505E6203F71E50D96B9C6C98F99C277943775A28A99D51CB102D552B6DC25D51E9692B8FCF39AEDF08B96E7D1A7349EFF73A310A1537ED5BDDDD6C1F418FF232B8209CF9926A6FBC98B7E8886C819CA3111B78014909A7B337FBD2BEBE9B4106C732DAC80E97EF6A65AE480EA4F62A94FF0F13DA7D4BBB578106
J=-$2044DA55A7E39AC2327A90E7684519F52CD3487AFD7CB8CC97A02395A946ECF5EE02BDCBCD3B99E543A7C56483754BD753CF940DE403C41464F678CD474D0AD73A23B59BE04DD3E3E8418660F09887A092EE65A8CA2EABCDB4C232BF17A54D3B750B7C4B9286BB41210251A736C8BED0A357B90AA940B5C7824657A776D0E8390FF24AEE93F2B789C2ADEC20DC9BCF28E0AF88666ABECEA458575860A13CA1670819E9274311781F160BEED99DBB98816D35E7E922133D7687B0F0163007A15FF21D7FC97488DA6FA185FEE7304A66872F7DF39DB0787D37BBB73E7520D9DE554E0003CFFEF5A9A471400339781F3A71FCC6C0E98ED3102DD8178F1ACCF7691EF949D7A42EF5F9978DCA8BF12742E86DB365C2F467261B897E85EF0EAA421356A6DC44DAD16F3B12
T=$1

[30]
S=$34AA979
W=-$61459EACF9D70117F1746D34BF9BACD0FDC95D10B0DF703CB116D96A41F0EDCE4816F378CEE537B4DDAC419A26B347C64A73B167001E8D3490F3E8CEB5C9C56258D465AD318A79994124CD43CDFD3EE0528827A4F997A4094CFACBBADD3B00ED5D81D07BE1853E0E251C51E1A3241F143462330F5ED9D38329BF0EFFBCFC6D3CE1CADAAEDFD54B8F1265B89C1C8B37124883
J=$45D5AB2E9C89E91C3B6350515A0646A7D00EADACF17501E1E6EC2AA25EC3B991B2223B818D7EA5FCC4067642BA7B1A0A55664BDFFB4D053C1D0BACE7168198E65E4BE5DBFEB7D07FBA883A821B3295F1414EC0745D9A64F3695DDD390A5895608225A8EF0F05E275B3B0E28E93AF03D88162BC3E40CC30F392D8C2166D3325C3E14E2315D09235003C74C022250112D3FE4F703007405588EADC1A25261530D84AAB409503848C2EC0FCA74D0F8358712AF462670D29312D8055E7788505EE535352CDA7A55433078514518048C2151D02F8D8047C10EE2CE5CFD3263AB6F00A060DBC115152DA936214D509AED1D698E23E4254F73B6E62785DFDC45025C535973F74C92CA506EFD9BEB71015F4FB2E05A4A7F54EEBB99CF7710CAF0FABEC2B7313467
T=$1

[31]
S=$28F3DA88A4
W=-$890D71FE861B63340512F0549507D94C822B92E87F3046A12C2B25B41B36875CCF0DF681FA5E43FA2BA6A52371C9D2BA4F6935000DD06DF60FFB520B90DEBD395E879279AF1B0893105D6E7DC8C878B330CA2C65173F85130F75946EA803E04169990CC63E2739A8515B4CDAA741B38892278E23ACF26CB9B8BA9BB47B5A66B7F3417FF6A8BE3E0838551B86AA44E1FB0
J=$302FCE035BD728CFE03A7408928D910465AD31B3CBA74078E7E2E224D1E49AFF89098AE160F5D05DFFDFC5BCEAA9644D92011568597910E00DF44FFB54E197C3514F19484F69A9B563F37377B343227ED1981D7B69B36091316E2D33A4B64093898B10127707D119462A969344A5C93E0A29FABA6BF5EA97154068A9A8AAC54C5EB8F1889AA3AB6F4F10C077A10DAC88F76C15FCB5C6C2AF4C998C5541D5C52BF25548B14F5DB2D12CBFD125383AF4C0DD29A2F4960A99721639171A581899E10C79DA78D7AA91DC9FFA7117CA61826B0A8FD95E854FB56118AC54A1A3D288B40B7F3A4CA5CE9E2D1BB1A53DC4968D408356BB2D3A305F95CE7ABF3F3C16C391BD712EED9EFBCD3B09D6E7C9B5F4491A7491DACBB5466A8278055E9069674C48B
T=0

[32]
S=$10DBB14
W=$5A296B6571C846B098803B592BCA7B5FDEA9CD211C9082E67B599BEAAAD1D62BD1120BA1BA8FCC6BA6440DE48F59D3EC7ADE5AB280643DD344447232AE8A0CA026CF1B0F18A8556C72451083C16FFCFC5B413414F07F1112BC9D61B352365E8600075B90B8C485F23268BEFA535C7013C2004481C911843D3BEB2557ECAA4BAEA52284E1354ED44E7235C6CAE03A
J=$25B59D6E8233668AF5673C70EE2760BBA76D8F7FE127B7DE5086A8217A92922479BA1C4AAEC60B63FCC928B11E30C0C632545CBAFBF4059933FC658D81D7BD6BA7EDBB018374178C3D4632D48916A31AC6DD6C0CD0D2EAFEEFFF770D66467397A070D18110513102948BF3E613FBCE35815733E74E25D1F7F6D300ECDA814539C8377DA4AF75DBFC1FD84D453FA0C7B057FC2B0E5CB422B4CCC2DFAF6D7CA11E0B3FEF591A1D06210D3DC50019F7F3C6757478E58DE3055F9437AFB49BB4B5912A46B460BAC9C7B32749E1D0A3CB45E3BB94DBEBB4CD2FD8EC49CBBE955B6BA76CCEFF433AA360C3B34068E2907A60453FDE944DA114882CA7E6B6E4CA66FB200E32B093D39736EC3CE92BEDB8060A444C570E01BD0B1C696850F563
T=$2

[33]
S=$166270
W=-$2663E76A442D68B3C082B4E96D5520C5B1FFF22F42CEE58A288391CA7B8950198228E86DDE0A8C73A38327D68C41DE72209B98FCD6B4042DC8120C38BAB33BD6413193E7616863DAD572130DC0BE3B2A12DD1BFEE24AA81BDABD267DEAF75031289FF68976D267B028B6A6FE3B14AAFDBF9F6ECDCA5015D87EF5AA26FE4B3FEB6130CF021D4D4777F79DF412A
J=-$29BB3463A106F424C67B44EC6BF8E5E441238A3E606E44CE6C14E26BA0E7308AD4B38655A788A1D1429B9CA9ACB6CA5153E14EDE68A80A3076576032D0E97636EA4D20F94130D7BA2DF5E3D2BDCB4E2E673F206D6F6A3C9702B7E821A68038F2CF262E8B016EE3FE4AC5651F2D1CEFFCA2B96F8FCF47843AE5BA6EA9089255588976C496EC6A22B9F532167288638CCF3F17F08FD3D2175A1D0C90F814CD2B9936FB54574351626796893BAF2DE0B89708477531FA767B94329BF32F2105E0206ECA7B116E652C1B4DE5B17EFCBBDDEFF9C6627825C39C15D8CABCEA195C0D862FB3DE19F742EC7F59F7081523774E4B52B47EE67D55828B894201AB3DB22D88B47C2091B75ED3B62827FA4F19BD8F102977A6EAA08FCFF8B
T=$1

[34]
S=$917634
W=-$94A44B8DA4549A0E87C36970AE905F21908C0E52D5087B194E5A028279131E7124F37B58BBD0B2C84F93FA88D6A8EB880F35905F37F2EFDD2BAED2B58ACDE374939C99A2083B91F204CD58904858EB07109D943765C37703755F0E7B88F8BEB22E253E1821DC8C12CD2476972872C0EB318736A11B1185FD6830334EC2AA8D1A83E8D4E242DE6AB88B6A90
J=-$1A38B6EA2452AF0D55743E15C5C17CB8DBEF1846AD4CD380F37A091978AF581A21DCE14F9EDD51EAFC233C36A26ED469F99272B03F9200DA906A99D1D565A1F92B2EC2C5E9E6C141792DCFD0308AF6618764F1D900CDB7A654B9E529EE035A46C5C381E63E2977156E8064C9CF6E77C3C0CDC9059394EAEFD6BDCF937A8B424294F00753B5097D4FCDB6C13810D7C0FCFD513CAB6AB5FAE3CEE9053FA3962A663BEC9365B115DD255A02B3E25322C14541B3B6A9071B5225650EA4AB0CB8C2DC9E2E0599134619D74E96115D90F7D0BE81444A8C3C8BDB22FC61EDB6EB673FE468EE808BE07558E4E3BEB40AD634F0134B360D12D6C8FAD9AE6C0665FAEEEE3C761118C2716458BD6204D215C7E5ABF9F042ABB1EFAFE
T=0

[35]
S=$CB9156
W=-$513D1C24F466C50D61D19409CD8A62019C5CA220AFBA1C496660B6296302E05BD90A65A7B4EF994CBCFCE5884F0B83B8CA2F1AE905E0EEA88FCAB429F0AC97B50092F2BF71A7183F24CB0892811D21B49AFC61D18FD7DB151418D18B6A387511C1F5FD812884DBB9C3A1BE0E194D182F6774B8449B02CBA539D21B417BFFEFB2C5FE7ACD5715B9876428
J=-$2D4E6B3005F8FD7FE5ED8DA86B4E8B774B39A74546CABAA7F3869C62184522DB4AEB861E7D4FC8CE2DA92F5ADC1A30ADEA310AC317E61A2C393419CB6562A64A373CE0EECF598E864D6181000289A40BFEE0E0E945C65D1FA04B10E1BF99FCD752F6CB9019C9846E9BB56E42BF7B3B5BD80FD92699609B11319AFC8635FB1C636571779DF006452E84F9BA7776BC84CACC8E7ABE63EA24988E6E8D9CEB397F95B5E5CA7385BD2E87672FFAEF4106400D87BB8DA0C5D6166794A6E61663465745B34F41DCFFD6C708875B8A76329971F49B9D0F562B476F2F1F18BA5521BF0558C59B56A697283FC99C53775952BBA28D105C7E1423615BA523BC01B398D9206BDBEF12503B2E079D0D8D64092D156CBFED18EC9
T=$1

[36]
S=$75D8AD
W=$699F5B652467A8569D28CB0E0CEB68A09138BB548A779DB0E16C8C3CE1F9BC460530BA31E39090733E3DA7C3AA81797063E6C8AA718853C9FA34717D827EF8EF6CEEAB9E520EB13EE7288C43645A8FB3EB14127659DF03CF6446A5C96779606AC623D4A76C898D4147EA276335A6EE9EAFBEA91C316D4F4F6BB02DD031FB6244584A4BBFC3101CD1D
A=-$7328
B=$1DBA42
T=$1

[37]
S=$233D0138F3BB68F
W=$91794A4802DBAA0EB6AECADEB30921753BC090C516DE4BB3CE60FC1D7E727B2A17F7051DB4147E08B2A46CD03AED4A222B6A5F2B0F92D0522E391C1A377B99BEAA7A52834E0E426F2066EB9B7913E9BB53C2E9943297BEBAE08E1F881E27C70542003792A8DF24AA40B822FEBD9EB316A28C3B9B281708FB1970D21A7A87F9AC35826C2FB62E0D
J=$11189C7A504D0B75EB3D3CE4FE7AD4B16BE1ADDBC3B028382DC8E31DF3C0CB41FE9D30086FB464AD2202E6F63BFBE8A80E3AE9E015310B7FEC3FE824585E9274F372072309EAB99D36AA0BE72139A89D8E887C5725014C302886FCCDAA120CD253C65A5B7C7456025B3FF043781B9A7C7905BDCB107F8EEB82881F13EF51A09B7A7301EEABACD6EC9494F34444332B5BC5F47F2272BA165E20123B4D7E3B132DC8FDF412D847D9D7378D1B4DCF74B7E952C0AB21E0049866E64CA7BD2CE039782C93FDD15C18B8D3750DF40B4C6A1907B8C10166D07B34366AFA2CF28FDB0D27D64176D27ABCB8DDF4BB38E395E07FD6ADFA20AFDF971D9CD0243D5B4D06B3552C04F67A06B11BA53BA13217A11
T=0

[38]
S=$3F1E186942B1
W=-$4DE11393E3F5BEAC13223B5401ACC37BD038447D7849F8E1E08DE5DCE08C96383988AC04DAF94BEF1FE038B64E66D155FDBC2D25E4A93E0430D7A4B10DD830F1F2913F143A27B88534C80BFB2199F9ABB260F6CB93E0F8AC1FE7EECCF2E5E0866D6421ABB3114FBD5F5E117623819CC8EE1707D65AB7B325C34784A4DA02CF8B151FAAD
J=-$2795004F652EECEB53C56C4FB090A0317CCAAA1E070B669CC5EB3BC86FE2256D04A9415692DFCC5F4D45AB87AB39DF2E3C7F46DEAB154E384E626C70F395C8660883CCA9E9484DCAB39E141183579791D003BF9A1E6B8F87332E2D1C09EEDAB92446C67FFD70EB01FC91B7D8776EE469C90DD0E5D2D2EDD7C793E00446B012DA0F08192A6EDD441EDED197E6D372EBACB82BCE0311C9178C7F0983E1F69532510802609E7B09AE416A125EE27995F2911E1D3880485FC339038A0A61DB1DF76031ED36D2B891D9CD16F79256E16AA4FD7C49BFB7F0C84ED4665EA6F32DEA0C81C3369798ABCA0E571D8FEFE64323BE66A3A95F09E95792642048FA61644163EA8D8F1384E1F0D
T=$2

[39]
S=$65A59E
W=$6A565BB8B9FF01DB3E4924AD6CBA4A5FFBFBE6E083B2A5D275D908A21A33C232FA40E6579D20A0AD2B8C6A283063C361D5F6A427CBC07184664CDC0AAC291EC753E0FC33B92CAAF0B590DDF0654AA3E3B1A528CC9656B25669A571DF5706FE5ADDA07A8BB92F726AB5BEE6DC1246047EBB10578A491EFB4570679B1A5AB43BF4A
J=-$C7EC25E0F262460796F4AA5C3FE2BCCEF5FD298FBD879687BA8DB81A785E2D6D62999276440664B393E5B12E4B34E9EB53231174FAA30DB31D4BCB8486D07A5A7FB8EBFC01FA6919AD1C71756A0337B966F5929EF76BEECE47360671C970188639538F45073F66D8605B3FA6E50D1E3259D6A696BEAFCBC90AE6CEF58C4AD41079AFEC49E9A1894B2EC0A52F20057756F7D699CDC5D182895A43C550D8806BFC47404D803682BB9959367E7F804F6610FA0B9207EF72F0C36F9B5727BF55135DD32C32EC30FAC2B86005AA1B2292E84D68BCB0035607E68C1DC129AABAA8258F2643998A0A0D5547F75002BD8713A8C06E21B57597058BB52B7467C75D23B466E
T=$1

[40]
S=$42F08076
W=-$6AA376AB20C3A77C42A66EB91A1DB89D2E3D8649E0AFA0840C04B4BF528568AFD93F0AD6AEEB706FB3B070D699D26185F2FFC73BF776150054BAB244822589EC293AB197500909263EE223469DDF1CE80E6894C518616D7F7BF9E888F0409223F32FCFE049CBB90B6E23CFD43B2C0C1859E0B18A788FDB7FEACC73A9FEF8F8
J=-$1FC5AE296EE5DB067E42443123D9A78F7AF9A741445761AC63A2591D2DB3E97524FA7EDE61F53822C29805615D515A02E6DFC38924CEC8CE090F6F9BD9E80ACB798F6E62D889D59B292ED943AC7A0797129164C30ED84AE6B6719D8F2EFB1F1887F15938DFE618BD4EF7150F86CFEC711CF032EB9EAD696B26365718DDEE70D22AE476B1B8FE760F6B80E34F05481907EF5E770D3BB0C0B5063C96E7A996551BCAC4BAD9C923F27B3FE0C5E2E7E9C2F8B01923B1F854634BF4B98E47C07D005003611F7BB05076A3AAE870424AC625BBE262C3B59C10FE077FFF855C9375E1F03B3499C2EE6D155A0E92D86A1E618A17F372F5028194DFCC6D9F6CD9A0F1
T=0

[41]
S=$19E4ABB5EFFA
W=-$19C0214F49AE600302EAC53BAFB552818FC99D6D7D022938212D67B863B9D46B830041BB34A23157A2EFD17EA0D8795B85EA0C21427EBB0C7F61F1D98F6448CD6B065149E6AA63D3946C28A7A618B060E31D2FB3029E4F7719CBD8F07813895FA455F7DCBBB373632FBE7936C79D598573474291E4E9CF3041E9CC79308
J=$24A490489D27AD4B1780CB964EFD7F3BEC11A85401CE6FDE74AC4DD8BA616A04453A874649400E19085FC5FCA7DFD18BC24DB2ED7636942FEA10B904F0F813BF8009CBB1F30219EC6886E1A47A051ACED9F1920409361FB29B25371D71EE2E5D9A5B7065CF0663B66EE09D667D9A33C1CE188A81E24010FC136CED37B2CD28E506CC8236F0A3F8DF5A1E8BBC012A18F5FC45F5D43DABAF5FF3098F4AFFBF099DBB6F6D68B0CCD8C1BC349ACE2EAA1F9229CE172D995CFCBACB2E07420E27D206A59F40FAF92B99516717053C2D50064EBF385A84D8FF8CBA5B9ED36ABEAF811AD8D83131BA92000092FA24CBF8134A02FA0EC56F383590E87B67
T=0

[42]
S=$18D3256726508
W=-$235A1707F6C6516DADF31CEBBE80B28B8D366027ED66E05D86EB71DBCD259C02AE67589B4398C1C481C819F48ADAB6347C9B29538BF572382218AD2A3D5FD4B210FE3C2D26346B2B8C1A58082BAB42CB7CAC0A9D3EAE92A7C32018720E4972356F8B0AD133D63D8F1347268764FD9B0AE31C88AB311DF907F4704
J=$3910CDD1948A8E236204B76712F58374ACDF9AF8F7D9E1C0B80F9B7B31802E36B75F356AB8A61802DDC3AA6BA122E79DDDB7A2E13C02B44EFE4CA94E56109CA1DD42B0D89CB0BFDB0C98685FE2D086DC8863E38238C9996EA6AD62D595B97C6CD838713603CB0B3359B43DB5D609FAE56A43D4EFD4A27A5C4396517FD9701E3C336F39AD4FC44A7A729B76ED7DFF718AEC5FFD5738E9A51B66CE109A9DDCA58A1AAEDBE308F2B08555315C5A199EDF23C9E9550BBE789004A52751E7F28367D9C88019E70910DF5FB03D3501A3A29195EDBA6A930C58A5E4B561D584DB57978877CB0AF03D08C99A37E13ECB05F2EC6780C8EA6EA
T=0

[43]
S=$C43F7D
W=-$4E03D4DB76605CD5DAD99C65D8386717BEAADC7D23C4F5E6F92F7CD27990375124145A75E77D1472D8492B802642A4CBB96EA682D5EB6FD4F339FB2278167F9EE8E8ACA1D55F6DCAB98668A22A36F865BF9F1DF6BF4552E9AFA9A538C71CC5696A20F3C16D0FCB6ED01B0FB643C62AE84A6F694B5F2B991
J=$3EDD9EAEA39992E242F9D33A668DC7625F7766A6B5DB5B4E05BD0E448196B8EDD95AA3299BC48DC76CEFA922F293F378FD34ED51192001DA48002FC3A0AC5AD3D1E66C75471E1210A78EC6F30FEE2022AE4B4466A5CB1E7933C725931937D1AAAE183A47E99BE1F12B8CC5670AB641516408F7742CE0A5C5EF019C1025CE4BCC977864160CBE055A74B6FA5B8893A21384598F3CAE7F347338449644C403D0860613E3F634244C57B23AD68C3796A41533D4A49F2CF2B0D52558A1FBA7FA16247D7F0956B24CEC379EE2162CE359E0093421B5F1B4D3E90AA270BE3A6918CFFCB6EFCADE1EF7BE7A68882439BB008
T=$1

[44]
S=$143AB75FA56
W=$635B9D355655F0A6C13C11F82BE7EBED7E679A3159E01C24210DEFC63793AA9E0472958DB6352D5D84088E0292174A765B50D56C345D2001147A71E2C3C9F427B8E0F0CB5A1B9400DB0F7E34D8DAD56E1AF7C909AA9520AEF5EAD5B306932802AACDC6C8F2EC63BAA5A6F5B3A73EA59FBF3A1572366E
J=$3571D7DCD25AF000491A5B42ABA2BC64E7B2F51562813809AEFFAEF88BFFE4C0225E0339A38485D38A3B4CBBA1A197E1E18699633CD3D44FC29B819CC8824DB03BF456B26ABCADFF71A06FDE04B2AE8D612FE1ACBB4D7E385D98999F296134BE2ECF31691C70B701DA56986166EA3CEFF666A99D77B19AF1B2BCC4A5C0476987DBDC1B532E258A78E9B10F997C42A014395DE6EE2C9DB5EC8D0342E1150B596FB03A3F0C9951DDECEA159F4DD4A2B722BCA6F7B5540F67954561B3C3973BEAAB49AE0A310820F1803E94EF2139F96F7814AC488F4B97C3254E8941EBD3CA662E0F86974134B5E2876BDA21A
T=0

[45]
S=$4070AB
W=$1A566D2B01356D0C7AE8279D90294451C3B67709D93B12973C7A6358D659809D4C38096EB087A4D3D405611B0BA9BEF1A074CF0B5107D71B93252D97DBDC0181322C925ACC2D47EF025C8D765A27901808BA6A38F932DE94284C709673C50762FA1729560BD53096278FEBAC380F7ED589F0541
J=-$214E4AAFF9B0E62D03EFE9EEF917261D3AEB2307F3E346F0E526508EEC23571F88F13657D5362AA7D86CDA7CAE90A6157CDD8BE1AF6325C7D34E35F4F8BE7CB7A1D66492277C96A93D8C61319F3037F01A695CD23A80795B3B1B44AB9B29EAEBAFB715B567FE3E843EBDE70E97BCCE0E1AE614445DACB8D0CCA69BB1311CE0C6AFDD0D8694D1E3E98F749662F61ACAF00200AF8E62C9A32AC574E4EC7756967FB203D5D88CF1FE3688DAFDA59049E4A84A853F8D5F8577C7E7E700AC30414572446C18D8AF44DB5836B1AFC58FD635983ECAAF1B7C9C20AA716C8B4D4524C92D336CD8AC84C8
T=$1

[46]
S=$A8BADE
B=$2

[47]
S=$66FB68BC02C
W=-$F6FD9EC51B32BBDD2676897BD1C81FBC27E140D7BC21CF5DBC6C854F5CBC433ECE2A40A881A070860519E28E2287CE3C7DE255032728B3D79B7E51792DFE25B804BAE227A5F43CE5766EC56E8AB67E8D6A668DBD7D6EB0157D3F1D96A0DDEBFF2E2C571629D26E8B4E6710D7A7BFD4D1E
J=$1AE6D41D9775A6EFA925152510A2E4803DB8EB5D268C96E919C6C1B63718E8ADBA2F5685D60F03455480C5E38F72E9ABBDFF1B51EB88935F05252A894BE113F87FE46F331A593C53FD5C9A2669C36E050EDEA27858535CC68E201022996650ECCB8AEDCEA053A97ED387AB3A71D2B90F5B4FE94140F2387C474B73F60130210099C5A3C6BE1543626C12FF1E0F6AE578440A908FB201C461F0966AC53F8AB46C3DC33853F60DDC7C4F515943E3B59CC84F9193A6A9748A4C59D11589DD76641FFD003E351D53842CEA445CB091D115DD901DE5A87EEF75A485244FE53890A9FCB5
T=$2

[48]
S=$909A03
W=-$5A4229CB27AA6409E3A676FF295ADDF66B2461C45B6FFF68CBE33817B7FB036F8C260A23A048FBF617E55E39DD181CF7856B74D87580523A7453E0080C0577C1C3E24D2919873F5C2AEA1C573A89DE0C9CF0E985F1F94F4F8F40A041FA1F4924F1DBBFCBD2A614D23E5069A3DE71
J=-$35736A060582E1FE988ADC2D89D901AC4E0564D8AC3865E7305CB24FAC85D7C2D9CEDFB4783EE2DDB4DA75DECB972587F9383598A37EBA60633C2440CC8375077A82967BC2A51D198EBA24FBC19786A442A2001BBEE2DD95F18D3A0A935AB3C107B48718D16152CC2D56F98D466EEF7DE04B136B3B380D1816611D74B0929D530E379E8F10A1F8F9915B22FBEE545BB2D4482AFCFE916FD8CFDFBD06CB9D3977E03D0EDF6BEB8F84C2E306E171B5429D59AAFA2BE252F54475E55B5810D5314CD2563C063BC3B5E6413B412921C379C94354AD19D637E699F333EF
T=0

[49]
S=$7FA576255
W=-$840710D0AB5B6181F585BD7D60F03F9DBC4A8CCA19D55D45CC7AADC3642C988670F8E3901ECEB9A2705E0C1C936DC5AB5D08A2C484F5D05D111EEEEC38B2704825F6ACE705FC5DCE93D9BE724531D1C4C9521965CB16F28E750B8FEBD040C8485A05395B85E17ED52FD450A2F
J=$466DC961EE89DE466152C173306139F7D241715CBE7A113D30EDE13626AB77B51DF8DD9C8C8C47DD6C4E1C55F0829B1DBC72E5A9035C5718D1ECF0D304D5C51689BE6D0E7B8BD1FFAEFF33EFE4E48B2F3D5A131AE69B0E47AC364D56B4C01A03B3463CE7EA3362EF55323BDE14FBEFE9870B492232C93C9C3BB949530D267FF3B412AAFA1DAA35D22C6C7BFFB08318C15E3BE9191906C709D7BFDCC344C255D613A4282DA1A55EE2FA510D822E4F61B7D4B354FC044D71CE54D9C34FCD63C62EC7115F1C2B4F7A02FB103AE3EA175936527CDD29E6BD39852
T=0

[50]
S=$47C6C6D0
W=$22D4683CBBCC0E844F3758BD814E75735EF89E7C76FA019D59A0032227656275177414810A75C8E35F0817D7B1A26797E9161DF7D571328AF75903CA0DB9C937A49E597D23922BC7AD99565E5C6698253F846CB3AA31727CA7447B784E03EE020FE7168EABD740840D6E8
J=-$3CE0ADE7A45CDACE3DF3435E8A7BCA65916D121819638E9A8B8D251F6D55EBA369B1A414EE569A529959DC6F6E13AAEC90F42B47FFC3449C45C4A59888EA12C3C1AE455CE9FA052DB33CC827B2E2633A91C88BE1CA687FA8D540313A276BFD2BA3519ABF3F294166A2ACD0AD18EE605BF4947D681EEDC888487F17F5020F9E07A5C1E4A76DA54B4489148601EF294B344F9E5DCBB490B15F019DE0DD48D781268E264CF0EEF8839C3496FA5622120AE5EA1803F5FEAF79CB367DC60AAA382554FC73C6D265AF322F4F284E59BB001075759F8755
T=$1

[51]
S=$AB0018C
W=-$4219C9AD9144973F51B343A5BCF31F2487C2B4A1370123E05D176C4BF93F596638F11B5ED621BD5623418E7C9108274B2A3CF31C651EB6A8EF006EBE74BBE806960A9410B00999A64DC1BC28E37C06ECC331B77E065CE651B538E7AF41392EDB9C078D7E60C4FE4F6
J=-$3AE91D702DBEC2D2CBBD1924D1294EBEA25AC1D9F407CA97F695632986A189311EC672D1DC1BB368A762A839D9DFF4744680C698E4AEC463016FAF4671215787B04E88390D55D297DD859C5E7A9B58FAD7EE0B35731557E176EFEA79EF9B46A3270F453C7075D642B4E8C269DD354A48BE47A1253C207AC968446D3EFF7C3D3CE00C789EDB839ED87F922D2F02245050A9B47237C48A441264842F3112768C9B0353415EA97ECCDCF803A814A3D5F690DB1716BA8868FB20FE294FF351620B6DC6D0AF14B45847CF6C5BBD76A1EBDEB6D
T=$1

[52]
S=$FC4DB13
W=-$1BB56F62AB4D0BFE51C5A36D81152F51818B3F0FA92B3D7D90720C2A946F99FD1146D0E4BC3424C4F1527791C78C1E2957E96841DB15439BF913F4C998641EA99AF48BDEF56D54CB12C18F88B7E3E87FD3930DDC5E20E5ADDB054865999F31BF1C1B6AD91059F1
J=$2899796D26262E695A27C9D31A2C6220B2757CABFEA1101B3884279E3D973E65F4E211D94E3AFE56CB2C30E8A167A607573300F1143DD51940268B7658E1463166C6B38E8EBE20944E1FB51B282AEB902ED60273EEF26E01EEC543808FA3FA1F717713DC419F076ABB69DE23A0F2A7F2E062500B02C25015AD8B3A25B595791767DA9EE8925AC51788BF69FB8E8C14B8F31A3B5EEFDB17DF263C7206C033A77C499BAAC54A59BDA103061E6056E74B6400DFCB0D28C6D387D34857CB580CF395F5AFCA49090EDED34171E85D14
T=$1

[53]
S=$489696FE6ACD672D31
W=$64BEC19A9EA0851A9B9DDF82111FA932A3FFA66DB99AEFA2BABFD3988CFC563F7413E678F587FD0297319E36254A48AF66130897D4A2F801943BF85A39308C180BAA286E76FD486E28E965AF873DAC0769BF8AED55C0023EFFAC28214EB50A96874CC088D1
J=$1A28CAB17CF670ADDF39560E295957C4DA77D50D77D5A29679DA8A9F426C937825B494B2B0F0A8521F57A38CA4F08B0CBC9423BC3D48DDD7FF0449E8F96CEEEBF15929F1DA3A2FE46A86E24005D648D788D42A2C053F71473FF318F7852C5F81D66A5496C5497C3EF8CA75CC54C5386D8626917BA0648B909ED99C08E04D3CBB5D50B5938EF6085C96DF227F4DDB7069DDBA673D2BD0142D4D03DDB47AB194EC36D97B244F6B76BB46EA94A77F1C187A45F6555A902B89603481B86F54F2A99B108893C2CF1D099D6EB
T=$1

[54]
S=$6E6C988
W=$85B1A31F4646DEEC2A416EB87B9E33008CCAED8952C14141834C1750C4121A98B8DB924E2C7990733D97326586BFB74E7B9E08E12442E77F0D41A93CD272EDBCC1621DF0B71EE665F5DD912BE7D67B065E59A523E85799CF2768B75C036E8983E
J=-$4F94AB0D8AA27EE8C5AD710444EEF42C8DA2607C27C1C733FA5E3A4BB6FF5476F3DF63F57028206579494C028570E16085F84F2F4770DF65A52BE2F2D3507A859D99EE83751A0CCE12C64545B18FB80AD90F50A4B410C6616DEFA121EA64E7E33CBE3973C3C2C7CC331E275E90D02983745648A3DFF4760438557A81816BF43B7781A3124E2ABCFA3729EBD69AB28D329FA7A010B730A8B9BD2892D7F49630DEE38A71C241D3B763CEED7D58846949E1D82D946E1DAAC715DD3AC3669CD30E47F
T=$1

[55]
S=$B5C649C
W=-$2D888A68B85F41257AE5697D2C4A0BD790993CAD146FFE3912A349C1616578CDF6151C849F4779F150957DE70D36ACC928712DE0738B4871F0399A1B0CB21AC14BFFB1469C7517AE7C5938912FAFD7C4AA9A9CCA5AB601D3B4FECE1A8424B2
J=-$11AFCA9AFA08C1B7C285976A2661A43A6785AB20100F433B243D165B6D5688EFB4A201877D55BBD967F11B04F98E9598C5E1B88F9276EE537870581F9173B2773F046F7845F352B4A50709165A06A2EA8DD61B57A80EB97547112853185B441993BF04FEE4393CB808CAD0129E59A13F6722280713A4F6B2EF26578BC0F1798A3C1C6865AA8F28794F26B94339FDE2C66977B73153769C9E8E8B31E9299C86B341D6ED97696379CFCAC61A3CE3F4EF0BB0462086AB1C86D2C7D3B515C23
T=$1

[56]
S=$55B76554
W=$1588CC90F31EB39C7C7D9FA19CF4686F4B07499F9213D7B17AADA49A1F7418B24EAEB09096B402AE03E10040670A02451D9B41646F7FC2669F189D4D5059F869BDA505732CCD988486070DBFBFC37C6E54547D5BEAE94EFA8297E1128DE
J=$A75D7F17B1DE348428A9CFF72E435361BED9CA8B687215E628480ED3FB5455B629AEAF9B0B657924F1D15EE56DF728BFB1934E2989E1B2D04F2C579E3677564A2CF205FD8604EEA86930CCD78EAC7D9E608199D2FE25721AF1BF5E209B456A72DF6B145510B808069456460A047070CABBE1F5D8FC349064372C2987561F79B493CFA8036E43F9341114275B0DEFB550811F728EC7E58081E6EBBF9324B21C11931E2104C843584DFE13D09AB810D7822577358A50FD7F64A8D
T=0

[57]
S=$18C8A9540
W=$2732CA840F8352D5E9AEB3F3D39F92E8E6A95737F8811B35D3B0113F5D690EBABBD1DC93835075C814141A1B19A1C319E5FD49797422B926334C7EEB174B7D43F852361E1B0E2089F45998C761D7D9C3F9A2EA371578635735754BA
J=$BB98B455FBD7C97D184837CE853A2CFCAF4BE36D4DF3CD69EE276F17DB20ACAF28B4BA903AF1CDFDED66BA36B334A2D1B5568FA90610FB5D3FBC3BA30DC45FA27CF209236D4B71061140E56A904F68C529A0C335118254294FCE4EA6003CE8990A456164BC3ABB829029123B3BB2CCD66D1FD578C596E4FCE2A4A51AAD5D08E08B2BE631B85E84F88DB4369B9B89163218B6EF909C6C2EDE401A9AB31015C423EF8E9DFD9EFEB207AF85023CF4DC0BD5DF07463BF477
T=$1

[58]
S=$44082C7
W=$D33204B1A1E2294117CE87E558473DF4117297518D9DB86CF5B2415B5CD1AC4B6444CD04E570EB8103D1F3991926C072DD800FEB975554DF9989D1E97BA882DD46A785531F6874AA482F561CF707F9BA596EC0F836EC051EE7
J=-$7849D2F3639A1C64A6ECB7E5F194BCDD539ECE1E2F1565C2F8347D7987D36B33064687C86F42E5158AB5C8CD5DE185BB76788D940F0A5763A6E617CDED061DA53929E6BC54E2C1D50F7DE8DF4B00137122781AE5276B31CAF4E18324F106F6798501B341FE5DA430C6DA6E909A015DDE527C72686254CDE69D0BD96A768873744B0029B23CC5347CA3C5C1BD13D8E78BAF467E26B6E5B252F695BAC9A4F9D5E74F2AC61D8BC778F6FF6B6F1DD4FC4D46D98B
T=$4

[59]
S=$B00B1
W=$E7B388B03EFCF9C536B896CD22147C473D211278F5CE8628A12DC45F29C46109E50E44C7C08F64A782BCC1C6565B66D490013FE59D75F918E41FCDD9D773F648DE7504490573A8EBB010CD681BF02CFAEB0A4418E63CF61
A=-$D70
B=$12F5A
T=0

[60]
S=$8A0C
Q=$2

[61]
S=$217E8004
W=$1CBCF1A0111D21021E91F714E968BC11AC371647060C630F52CD72C7D012F2742680FD844E22F38CF2DF518C50EA71B8ABAA32CCD6CA47EBCC46E72FC074DEB2426F441E689BB9A6E3AB1BCE87D94A0B2856BD89DEA
J=$DB61DFBE85D4D6165B68DD465585A187693AEE0895E9F8A40E3566CE25BFB7D6EB8E46FB8F2BD154E6FE73E886EB89649FF55D25A62EEE92091614CE17C8EC9F6270123BA96D8BA327C7C0C9E4910472D77FBCE7200F02A36511E2921A3652FD61881847CD4E66F729D7E141A24BB49F990D9D93420D0C85A5B9F2F8A40AC05F30AAE275FB1D046DE211E7BA2A4D9BCFFBC1D9660D94CCE39F104B0A79A926C983A3ADE242C941EC9A4B
T=$1

[62]
S=$1AEC6935
W=-$73677A6FF61667F70E097A528A974D06BF90CA03DD878130E02E693E378FC5836203B3B22BEA016D150D75B7A7FD894B7E0FF92979CCCE455B2BBEEBB9A81FF8FF5B3BC1B9576F8A9B5198E2D4CF769DA02BDD9
A=-$98
B=$2D2
T=0

[63]
S=$558434
W=$1B8175826717E60FDB0ABBBDD831EB7570658A2042451DB07914AF3EC4F4D4DD9C97618BF01A949EAEE9F2CDBDCE6436C67CBCEBEA88F2BAF71B14A5A604C3E257B9FC8841CA007AD41AA42558DCB4AA1DC4
J=$CF1F2F182E5F91CB945D3942233A94418F741DAC8F399ED625469CF00DAFE99C4080EBF53C2355B7663C7811BDF3508E204D0B8800DDA3CC0956085CE7AF09899CC3DDCA8504BE83633F547176A4D565F25B31C4265AFCAC41CB91256B85D4E0BD82E40579C8D81BA091359464E5B69D1829D2FE900B1C6F7E632DC2F2901A63680D75CA24888B3263BAFA33BDFE7AF3AB7DC3552C1C7E490664828A824FE0D1240529
T=$1

[64]
S=$3B438
W=-$53B70F744360F3B6F353E9FB99511CCE3F195EF3C8601BDDE3BEC372274552CAF38089EAB14C76FB5983473427961B333C915E6F491A784053EE84694C95957F609C438E1FECC71C3C8C71A1B4EA0B446
J=$19E9314288FF67FFE76DB6427F0F49A5F6008EA08C25B432BC86F197CA857E36C407603041769AE42E5D38776191DDB961F2CDBC2C1A24059701FE2AA8AA78C478F6E6FBA25CBD355006075711A4C77C08C21BE4EB39BFB30D53955F8E6E608656A5AB0CDD5DD0C42ADDD2F53875A30F60836934B4B177776AB0BA1A23FCD951898C29C5E48FA132FB31B11D6B243701A849157B4D2F04ABD7BCDF76E436A838C
T=$5

[65]
S=$135DD3CD0
W=$277AB7298B4E5200AEBBC8BDA2490E1D0FEFD6729798E4BE7E7FA2A91F5A047E4E36164930B6B296C1D53365DFD88619A77BC2B3A26B27C01832DA060804827EDB928ADD50B024E6C11AA964D0F54CE
J=$AA963A6F443549546AA4E92A08929A44C81BBEA52E5A28EB1F187160576440F372A5C3983F0C89A6308C04B877398EFEC051FABBE254C34CC2B6BE36271495F6237154E0143B06B42153817D10F62FCCE388C567251FAB1171BD16B5385E48F850135CD7E433C9790154B78C9C57DF3E0E341D9030378D5411885DA5105F8C00C8AC335629E00359D032E8D6CEB1F4D358B044273B09523FD9C0406980BF
T=$2

[66]
S=$2455818
W=$38B5F5EE49DA3B02752E1140156895C299F861A9FE55714B47A8B189BCAF18E326A66D316EB5919A01A446ACB9D6404A60D292FE38A1E38D2ABA68CE700573FF3E7892BCF77133FD7572B59658
J=-$6CC8A47825312C0AECEC6ACCE97CBD3BBA51D581F20FCBDA11595D7872F93A6C008DC8CC3DF476D0498F9548C4ABBC1181FB613CAB6103AA7070F43857DCC8D18DE72B47EF629262DB6C82C3A3690234C412DE0DA319D91D15390F2EC44C3E9F235F93BF1BEFFE4D8E3A160F4CC2003D17ACD02BE6DF3FAE87B0AD48759AE3D78216EF99210650516F81E40474D4A8876A914DA23E87FF80E7F4
T=0

[67]
S=$1BCC399
W=-$13688C031F338FEAEFE479F7E2F3FC34EF2DDA9AE9D47C653988442E9A238F80DBDE93224CCEE47FF949C4D135D3A7CE8B63F0A3A487BC34AA85C460B1F9AF5CC92A2B32F57358753B1AC83D
J=$3322DCE5795CD4FBED405394D479268A5D59C0E712F68BB0FE94F26F7A488B0293CB1172315AFE109A624D6EE673C063B800CDB6B076E6C05F2A4125F1DBCF6F0FD1C4A5685BF380EE352DBB17A398346B69B3A97318F63B753040D0E79C74CA1317312129CC3A3FB1DC049ACDBD4BC9271134D46D84C5F6AA67B0287EB61B3CA66B577C7C63227C0C53CA354AF64034055275A76B2B9E
T=$1

[68]
S=$1D8AB39
W=$1647104AECF5D73EF4F5EFF0931B244AC779F30671CB9F46F9038621C9A906FB67E5BCBDC39D5481D62B9CC0426BF2D578D354CC7097A081E8748BF5D92D265D7149F2F139B46195527F5
A=-$98
B=$2D2
T=$3

[69]
S=$19468DB0A
W=-$109AC8D8C8D6010201EBF9C6DF81CE8A4074D27CEE8A8562908AE49D0E9F8897AE2443BE21D8B882F514C894E91FA08DE5687A7A07B90E15C42ADCEC483640E4663AE6355B5F33E6CC
J=-$1A16DB45153132317C3BC71DB1E1926E431B34D1005506EABB3E299FEBFD350CB5B4EF1BEBE18679AC585430725C72FA18F1AD90318405023B2FE2CB8F51731A4860D76E30BCEDEAAAA8D7EFEB99AF5C8A6511ECCBDA49F4C1B77D5AF2C5D1B26EB15ECD27AFFAEE963627087D27E596BF9DE883AA4C49F5C307B178A22BCFE86E4FCCE9C8D7B9D760E3F194AD24F5009D
T=0

[70]
S=$6697990
W=-$3E84A21C46C1A90BEEA47B7B30AD2376CE858D13DA45FA89D153369E32711BB371A074F80B850A2AA4849E60EF0EAD491EAB8DEB3C10E2AA6F39856B7E545A8DEDA4ACAC69642
J=$134E28C01674900DA528CACAD44E3AF09EEDA2313416212B51C09252A485E494CDDFBABE88EEF25B5B2BADC72AC3BE8E198598E2467FE6ECCA139BBB3CB2FFBB5673BC061497F9F6CF49E527062733C9E7CCE3C2299B58E261C9ED724BBD54AD9C419EA880D7553366B620F988158DC70B05657B21BB614C9F2EA26A5D8ABB27C3112FD6D9B3970CA9B0CAD663
T=0

[71]
S=$2BAF4D76B
W=$3D06AFD9CBFBF1E8669CC024719B0186CD25159478CA846EBDEC0C16EF4C57D35C0EF4764796CB35EF5087BD39533979017C2BFFAB463948849DCB029DE5CB9656F84B945
A=-$D70
B=$12F5A
T=$1

[72]
S=$1A68C06A
W=-$7194DEDCFD2E09CE3237573C3031A6D74D6354B53B29A912B1CA37F59A514177D05CDFFB43A906EB1D355049F9DD80AFFC8C4FE8DA36B1F8B804664661621D56781AE
J=$C19EBB0FB1933B3E970F236D22A9A4A5BD683154D858487D5555DA6A16364E587AE9AD2FBB919A6704FE88B8BCA68FA819154026375A5E25CC629FD483333800DD4BE882E82A80A475722C5175600586131993F6214D7073705471EA260B7FE08042FBB7DB6D2008113365979CE81D43916761220FBC24ED31A9738E69681B1D41C2D454F8
T=0

[73]
S=$546A0D85
W=-$943EBAA61938E99EBE886ABA2E7FE13EFEB0992E810C3B4A36A3BB6D78898D0561B2BC843C92F348698842ED8A18B2D7DF75683CAC1AEB286EC866A5696E0E2791
A=0
B=$3
T=$1

[74]
S=$13FC4C8
W=-$2BD4EEC4AA89AB8F866DF64B98F877E7316B20B12B08E44011312AE8F99512C8CD9F4AF04404349F59ECD9208D3A2A92E738BECB85D47A211DF9BC150A5DC
J=$250DD7C53F89954829C62DE746EEE49F7A853D9DE1E7FC78696C667504D5C6BA038CC98426BB5932A5AEFB7E669380D1D6063481A929F7C596B9B40C4425167E7F2CC87ADE308D988A6CF2102A8093BD35BA087F9662362BEAAD77D66BE0CA66C8870D945C81470F1FC0BE916F59E8FE75B023F7CFC289BB45E6D284FBBB
T=$3

[75]
S=$1E0A18D
W=-$64F4AC0E52F498C2FC67B8089AE32F6D09B5B37D4D04314D6191B617E57DAF728CD313335FB74ED2713A36E911B3D160BB50C77DA3F6C5175D1F4220829
J=$C6ADD31365DBAE555A67F7A5D9981F747CFA7B0470341E35378BDB4566F6A77E646998E9AEDC6B3B791385EAF1D4984CE7DCBCFC9A1377989618E544D3534C820AC972C64C0249C65AF1F39F0E1A6208D5E90BA77B5963D3BD77689B02D40DA6AFEF78CD62815BF1D488BBA413FE9BF7CDAE3BD9FE5462B5794AA
T=$1

[76]
S=$2596DE2
W=$16D5F9172D86224C55CFC15621D0D2FC89742E4DE7366086072C30A2169FA262DF01B8EF6406DF8CA7873284A2D0C542DA4FE8D12774311D2EA2A7E
A=-$1E
B=$38
T=0

[77]
S=$1BB260
W=$6214F38C966E680C97E2974474CEF0D1256F01D6DFFAFE12E188B421B71892E33DBB6370F08EE603279F3E2D628FD0213712B6A4D55ACF96A072C
J=-$5725F75A8201A3B545CA7B3A356E9715249517C64E1A928F01B7D37A3E96F0C06340731179C09256770EE26ADA4D28BAC36F79C49F87ECBAEEBE6DD051D84F298DD7DE73A7091A6ACF0BE3714B3F57FE55B50E99E911284A2F4270B1C814A56FD7469140B8F9F6BD721F7F8851AA2DBC2B4EF04B8
T=$1

[78]
S=$4F63E3BB9A
W=$A2F226436576E0052208F7C4228A1BD80741287DCE3250039626D8F488435A321529F3E2BAAC0F92933F30183B660A9E6B8FC490E2C503ACE6
J=$1F72E9A8E2DBB1980443CD7FDCEDA78A4964F903A7A21C25492468072FF557ED8FD282E95D8B17AF665942EFC0A650B661050F251BB44EE9EBF217A66B2341DE771015DAFD926A6FB2DDFAF0CB3CF8E2CB47A15D38342BEEE38678D2B8834F1F82FF7B7F8DA30E06551EB4E0005CAB0BA2A0
T=0

[79]
S=$122EE4
W=$2727FFCBAD3839610CA812379041BC6ACC4E1ECA87591FCC4B29AE5D2CBBE237E412120712877820CC17622DE2B078311A14FB4529CE68
J=$1D9E4E68D2E7B1A5DC58D17ADBEC5F7CFA5640D9908C6A358BF3F8E251E075EDD86CA8BE9F1744F10664FC734CEEC968D0B34B3BA7EAB39017D0F62F612C6B7073D0FDDD066CF7179F7AC21395692F9685EF29E479E16341022EFF093839F81D11D52EDF365BD6D02201933056
T=$1

[80]
S=$1589549CD46
W=-$45CD13FA02804B5329EB3C1BBCD146662D3FDFC1125641FE60E027C07CD1854127BF34CD79882C2F8D1F94FAFAF69D33440E26614F6
A=-$1E
B=$38
T=0

[81]
S=$1BE476CBFA
W=$78BB82BFF885615C7F0004D9AE31461703CBD900E1FCD5969E2937B3A0C9DD04DBAADA5047632B398FB41234580029B490BEDA
J=-$1F84AA5D64ABCE341176E6C3C32D280B6E11F19AD90F7A8F3BD8F49C1E62604D496B126830B1375D824D2AD6DA67E2B78F10FB46D797F4B4F9404A2DD6E47C0B401F544A9FA5BEDD3B4AACAB9B3BF2AB4211C43F150D212442EB55A6F2EC493EDDF6AA80641
T=$2

[82]
S=$191B765C2
W=-$12E3C1131F385B4A7B34CCADF628AEB815A4327ED6FF2BF2F4493AB6BAD9C8E2F54971582B3AC59AD6EDCA4509D33730E0
J=$1B004E5A4F18EFAD9BD405876800757004F190FE86C5F6B6ED5037573B7B9E1F51B33C77E072D90C0195FAAB8F2AFC11A7E59B3C80C062461ED621E2D798FA61E1ED98B4EEDF45DAF9E25047C3F01790941340D5E552B53A76E9AC5C22296D6C30
T=$1

[83]
S=$240A58
W=-$DA3D5839D4C0B5523C99650CF3619420558C89B8E6DE20B6BF464200A938256559690B415896282A2E1D82C9ABA62
J=$2F7EBECA870F9CA73E917E3FCB7E3398546F815D704AE1F9C6B3EEE078E0454C0E1CB7A6F6D9A962A270CB8F35919DF53EEF7B623C6DC9A51DFD295C41F89B30B03160C73A3F6BCD3B32ACBD9DF9F65096673FCC8705D489989371ACAA
T=$2

[84]
S=$483ADB1
W=-$116BF9DC6B7FBA7D18A2C1004C698D18C9095A5722651C14165C26E667A6B2668693540B252079728E6A15C2B2D
J=-$100A17DF32F175CF147964AF055E37E48D288C4C65D63C9576D4AE9ADC627B7FA427F71D822B8FA6BC71703DE6E5AC6E1E5B66822418BC95E3FD27B2791EB1D0CA1EE0781C4EFF65BB7288B30FCF252537F0F1915151ACE4B6767
T=$2

[85]
S=$EC1EE
W=-$18A47477F0564356290A408C28359B6329923B3320F63D55940CD0C368C11EBD80D8A2AA141C918DE794DBAA
J=-$4B65D25BFB9FCB3772B8419D850412F5695C0912F3A65D0526816D3A3E85FF5B96BCFB729DBD29A70E0D11CD641C9EA22194387266F93F5CBC3A41A2CAD278E02A033BA69984BDD8DAD6AA78B171B09911FC89F4E72133
T=$1

[86]
S=$69466E
Q=$2

[87]
S=$EBB6EC
W=-$678F7B081441A3FA0B552A5D2718153F46C7FBB2F7CDC76D7D051D17E1BF3F62C2A3D6FD0D95E1BFFE
J=-$383F11712F919C68B81B5EAEB875E520259F98279CE0752F15537B263047EE2208A8E730FC4C138E89BD57095EC6E5ABBF56D6DCF966CDE10CABD639956BFF1F41B2DCDB5E1964F0A8DD4D04D8DD1C0BF4F
T=$2

[88]
S=$1A35F7
W=-$1BDD1E8F5F19860723780F1873017735F7A9D8F415F5AC295AF5667162C7D0334DC7AEA6393EDDD
J=$D28E2E6B91364347670E6A867DBE276F50507C9C0C99DB8FF9F8C68FA02CBA80668674EFAC48570FE3F6365B3E52282BA8CCA952881CF7749FF69B23AC5E4E64FF5D11A7820F930FB430F88443E78
T=$1

[89]
S=$9A94C
W=-$134D7199B68F4BE5CDA574DFA71F77E8C4555277F68C709B969EAC731E5D69630DE3B80EA69BC
J=$1A44BBB00618405F0B4143AB3E0A5D5B88C8DCAD1E32EAC64A30E28D35661BEA84955A23D8C031BD98B50EC6A5F56D0D9392FA8DB3E559842AF08F3B721A3823B8CDCA92BFE728DF24551914
T=0

[90]
S=$EDED745
W=$BDA8197E650CCAB2418781894F6B2D5D413EA68B469B7F8F10EE1CB3DD258D511C439BD4B
J=-$73D334E089648825EFCE2E4AC80A17D09107305D83D337553C27A492EB12375D3D3FCC75569343AF217E50901DE7AD2F25061F61B45816F998DAA95DD433FD821B0EA01EF98ED7E1504
T=$1

[91]
S=$3532BD5
W=-$2B1F2857FBE1E72658DA704BE52FF37C49C6C2471F987F51172E7C49ABFD355E581B2F9
J=$33CEA573CAF949197EA723D970D73C2804025F07293051039304854639C3E72382E61F734D87C5E544E97739D3CE44328F448B0D1F8BB74121309C35B0F3F35ABD7878613FFD
T=0

[92]
S=$1A7A1
W=$2916DA175FC1BDEFA5AC7E0B0A0476933BA1FD31B4F65C34410DD0D1018199CCB83
J=-$7DF7498B041C1BB8B62DA0A748D3C7219625E4CDA2C2583FD8A932733FE7DF8E5122240E84153E2A946506349466B67EC163BBFEDD3EA212B521D5BC5BC92C09804F6
T=$1

[93]
S=$2BF27D7EB445
W=$12B0692D6E8FB4B3F3146DF606B199B673750AF3EB4717E41F5B6657297066734D
J=$245258EDE0F4E2F1C76852B46558266773E318C5E0F613E6F6E2FAA28DF424F2056BE9248A8A898ECDDDA75A20C7E4A3F6EAA583FE3467F3998CD1AF4939CF099E
T=0

[94]
S=$8234EDBB
W=-$22226D35A902A3E03EBDD7DD50EEC6EEDAE7E2E43DB7517FCAFBE3125E9B
J=-$78E4292FA4FECC58A9385D6856D7D443FD40D2EC508E6760A93B22FABEAA03C4078B867FF54882344D32740891111E37332CA810866CC8AA3B6E4A
T=$2

[95]
S=$6253A036BEF
W=$7FAFDFCED7B442FEF99741BF6BD0332B3EEC77220EDD0E626D127A9
J=-$1A0963888197FA03525E85629C9386E33FA35604B3E809D85075A4AB009A599B7DBA0379660D3E0650862CFA27343BB4FD9A39C72992D5D
T=$3

[96]
S=$2FA
B=$2

[97]
S=$264597E484
W=$C5261F3A9C066CCCF8F804DA2B07BFD1F5A367B01F69D933E
A=-$1E
B=$38
T=0

[98]
S=$15522E0
W=-$10EF86AF0008F2B4DA2C2B56BCEB8A45FD79DAF781A1E
J=-$1BBD99FAA20AFE3ADF095065F76BF3FA30E19A4FC1B7BA41CCAC52410DDC49B378A7D7CA845A25DA2EA8075D
T=0

[99]
S=$1149839E8
W=$119BB04322757FA0C1C82C19B5F7429D15A6EDDFAA
J=-$801455595780323F275E1C41BB2BDA2BFBC5CEF54DF098D885988A7EF1BEE84AAE165C45E1BF2B4D09
T=$5

[100]
S=$5EBF7
W=$136BFAA933195DD1CAD433CFB44347D709BAC3
A=0
B=$D
T=$A

[101]
S=$23FA28F7D681
W=$C369DEAFAEE282E3FEC595874DE4C102DCF
J=-$647C982ADCE4F71AF754D5B4F1277F18D12FFD367E92FA26563733517CFD63E985830
T=0

[102]
S=$67451346
W=-$20838F8E44DC0592AA4BDB6600D68E
A=-$1E
B=$38
T=0

[103]
S=$1BC0B
W=-$347D453109DA884F7FA3773B67
A=-$84B750
B=$24C7B73A2
T=0

[104]
S=$E2CA
Q=$E

[105]
S=$52AC1
W=$2B83421C18A5D94A7D3FD1
A=-$98
B=$2D2
T=$1

[106]
S=$2E8590F
W=-$AF45CE5901853516697
A=-$84B750
B=$24C7B73A2
T=0

[107]
S=$7DFB4A936
W=-$A2F9452722A49F2A
A=-$1E
B=$38
T=$6

[108]
S=$A7C0
B=$2

[109]
S=$10BBD
W=$259494C8E5
A=-$108
B=$69E
T=0

[Signature]
1=$56EA296426E8A9C1DE563A501E3187D11E7C3F02F53D938A
2=$E82FF351A01D0483015344AB9192585F609B315D3A8E00CB

