[PRIMO - Primality Certificate]
Version=4.3.3 - LX64
WebSite=https://www.ellipsa.eu/
Format=4
ID=B497703821324
Created=Mar-28-2026 04:39:04 PM
TestCount=95
Status=Candidate certified prime

[Comments]
Put here any comment...

[Running Times (Wall-Clock)]
1stPhase=29.93s
2ndPhase=3.47s
Total=33.40s

[Running Times (Processes)]
1stPhase=150s
2ndPhase=27.79s
Total=177s

[Candidate]
File=/home/lappie/Primo_Batch_Farm/Titan_Group7_Prime3.in
Expression=(4797791281532851794739)^47-(4797791281532851794739-1)^47
N=$616BE0CAA010C5A49EA91FB912CFAFC3A75C0895F5619B43BABD02BD8826220B49A16A88734AAF9FAE7F0D57B67935ECED50D059E8532C75C8061C138FCD54DB66B289F96FE3159B5BD9ABFA89BDB93D784699295A55D5AA79920955007054A79E336821CE1C734A388617342AE86A5FB5D9D9E8DD0E4F67A18973BDA200AD0649D4C55CDA5BD907EC78EACF233797147DEB35E2D2ADBC5AC50222B284E6988669D29EBA1AACBC45FBD6FAF23AF9DB87B56DAB77DE43B814A58369B3DCF3321068C9551C1AADE637FD4F272F2F2C8346AB2E77ACD93788403084568B2A0B7845C95605F7461230232BB577A4EC44CE7DCB799B00BD5D8523A08D197547A14513B04C8E6AC8A507475B6E4175F50F41957FB36763455775F3DFFFA030F7552FA492C49A8A70AB0F4F735FCECC1842057A40C32984F711D459A111EE4812F08AE505EFC39D90CBC2462770DC52ADD4442F3A8E9C878E47AA4D8E2E08A934A9D8126B836174E87952EC0B28F0687D2CB2B114E7D1996E0A2EBE913160855AEFF41F67D37369E4A68D078D60CBEE6C2F7B85972E9EC5FE69185EFE0537B4F4AC3B
HexadecimalSize=830
DecimalSize=1000
BinarySize=3319

[1]
S=$1CEDEF8A1C6E84D6B45B6AE0D8BA2A112D5EFED357E47AF2C530D994DB9A744368FF54732A0B95FF60
W=$14D03F7F207041671E2DDD8104B42741F09F64AD705D3F685CC6FF264D9D91AEA2C8A0EAD6886C32FBC63B6BA41854387014D03E7EBE6221E2E743511D029B0DD67F0D849B71A55EAE6087B29F483462CA40F3283557595913FF7B0E928DF29093353B292AB5C909EB87198D905CA70A82D2A31DA59DABCB4D89D1972AF8AD41364FE72169552C9DECC02D74CAA91FF6AAA363E72157963152FADEF42FCCDC6A30AE32055FFA5052A92B96FEC1CAC5B3750A59607112500242A1C8002F94399059BC1247FF5B29C
J=$2428322B5C799D9A0C82147A2C6E6D8F089D22B06FADF374CCB84DD997BCB7FB04C994364077D572C546E309ED915F6105634096CB7F3C1DD60563A56B28F5C74C7553FC42974B84379E5319250B5687268D774FBCB5A2F228511120044339E300C3134AFFB4FBE4E1A957274CBE0A777B9C601622653D1505483377671F94E65A9F7A912632EC7B8194FCA311525DAEF6AA2A5A90B8FB3C3E5D8E8313C31C901A1A191164757A1F3A1480F39E85068B0F1303E1221F382A3A1CA018A52A71B2A39066CC8CE653DA456C0AB4B6E04DB90671E269FDB68CB94DAC3B861C2ECC9BF529BAC197168EF6ABCCA49976E6BC5F0A29340F1251B5C1607B1C1D8B417FE68AA0054F2D581DCC2EA5C9970EBC65349540F8C690C71AB7E395D91B779DE9BF0BFDAB3CD722CD4AC72FA182169FF60ADC0D83F16D63F8E0C2EF657D29606DF4202637EDDC14EA0BC028116ED5DD3A4276D087781AAC58E3B55DB272FF38C65A7506081213ACECD2B75052B235B4CE3835155A4932B508CBBC1E1CF27F827F466E2EF4F58728E9171C45729153C564D0EE4358526903674469DEE83ED640F5
T=0

[2]
S=$C4BBC24AC
W=$1039D984F21B0C5272C47186593C4E424DE44DC46DEFF8836F09D6974C971C58409DD893F831E8C06F991552954054EA4F014A0D34AEAB5243FA8BC776EE761709352B1A7352D15B556A08D0FEC2A2021E9DD02EC7392FA75EF65D6664D5EE40A86C8A0EF09B3066F5824DE858AD1CBADD3F6F0F50E8899460FFFBD9421D617CFD43488B3BEF08090BF3AC5B5913FDCD73D92762C1F8684D23D377EF391493CCCCC555996B11368AB5EC7E2221E8397416FEBE6B02C640170B8349C
J=$71DD8F9B9A990C29713430C0E31D1FF7AE36B442E105A8F36AB772549395097B7C8CDA2F3F17908A4BB7CF6DB9439CE4B91A113AE8987FA01070684335004056B19FF12DD2E6812216C4AF0571FC8BA0AAC1F040D0C8F10653232E2C9064759ACBD8025FDC43C90A2047D1A74E3243EC97127AE57A8B190BFD2538C2470547CDBD1372ADDCF7584C34DA94A8471544895A4DED050CACDF57AEF66BCD44ED2761D60AB5C159DB736012187CC4793373BE7B2AEA787E59591ACDC2751A4FF8CAFC4A3A9E46D8D5EBECE166EB0D87CE8813FEB9F8E2A95673144544AD9FBAE92F296A7B55FFEA2DE7D051DD2FFD6424390C9A4D085C1A1E2404CDAA22D03A4A2EA0DE3B6862870500C89A06B4B784B959A6847D965D9CD5D95D3D04B23513FACDA0AF17E752B7C3C88499D81E3960ED438CE594E6F5DCD1D3545C27A940715FFBEE9FEF06022847F3E517F660706FF9D058F38656AF6345C555CCF424687C63A7A0D366AE3AD0B491FFD919300778B01E40531EF0F49BF8
T=$2

[3]
S=$251AADCFEB2DF97
W=-$103FD0D50ECCB4949C4072EF04EA285ECC158321702905A223925FCD5321CB70924BA62FF87C8AAD5718066AD9C1C3E7FB2ED01A8AE15B1A0AE12D2BF577E9653C021E244E2C3CA3C2050A8C8E13EDBB7FD9415142C7B00F6099B9BFDD5C59FAE8C06E20B50CEC023F10B570963664D0CE5AB40BACE3BFDECB26C08AB39265D6BD60A62A2020E41E469D51AEF3A879A4127D3A1457755DE460CD58A7822601217C4AC6B3FD876112F9C65E28D322C941A53FAD3475731A96B3B
J=-$19BA1AEA27B447B382EB7049AE877E03C32433AE0C96B51B3F9E0E68BEF599298CFFA45D9AC493754A6C8AA0BF5E96C23AAA6CCB0C52DB6AC55D7DABF02E5C3AFB6BD07A8193ED076C7926856D53EE8EF6181FD5F16E16B58FCB01D78FF7B24781ACB40F6CDC14593988DCB3947C460454AE1EDF127C581B20F4241B71BEDC2261C3DDF4C2B932541364FF044E1510A333D231451E31F562764078234FC61DEB904DC218EF87F477AD1AFF72548ABCCD74985120413E4737BC68ABFE75BC268874958776283E600521BBE0566EC6F5C3195BA339D3A1BE707B1273DE88FD98086F234BB36DF30F00B0DFA70444C3A408C65B683B678C413442B0DF6A660CC6B5072C49A946141C6B2DE365CC97B0F64FEBBE775ED37C1D1E11342093AE92F1C2D5BB63CC166C012016710132DE98B2E3FB4F9658A9FF33776F897C72E957E5055587F083CB94EA20D6A6702FE46DEE948DD6CAA3C415BE1AECDEEB86E670113720E9C5D9CF8BE71FFF1D5277A304DD36E8F9
T=0

[4]
S=$16979B104CAC09ECC
W=$977EF2CE05A10FE2468FAB96A03A6E9260DE5CD86B8BC13388016A42C884C08CA784CE3F50A25A15FA7E211EA06FC4E41ABCCCF8ACA1AA20B8318F8EBB9AFE22306C5CC56530C875BCA69D995951CFE9E140C1E0C3B5980CE7F721D7821CDF1887BBDD03ACF99F99ECC463E99D9055B2A74D7A84A3B04364E4C9590667A29BA267AEA72608836D1347D5CA2E649E305AB372EA08F8A0B834F0F9DB7FAA5BF4CE6055B9039798CD8013178BB5EA7F971955CEFF5476C
J=$8713E003C3AA6F86A41BF6BDE9C9E33A4EB04DDA9A429707895A551FC6C05CA1DA8C0770555A003D4196A8907EAFE8222268C24B7FA6F4A4B695D7DF68F92141896ED75061AC8265175E2D9BDDC13E083E6486C548FFA95E7DE2ED59EA5044C213FBF1CF989A2D963575F94A795499AE4EE267502A815F228EB1AFA261367491196CFAACECC3999286281029231A2AE795B295C43EDD074438A48CFC4DA372428BA2DC982CAB9BF7CA1A299CF755D7992BCA666E49A936B18E96C1B939F96D002A7C918F5F393FFDC674CD3DB36977D5B863890C10515A6010219472818840D27927A6ACA208CDD60ADFDDCF68B7048150D16D7E208618A7612C9F7C0302A8115F876DDA06366303AEAC0F8E4662700A0DE150432EA6842F95590A0F3757F243AC5FB94FD4EDF46976166578C304360084A332CFEC341C85C283D3ECDE1AAA9315308BAAD9B4E11C840B4BC96488188878E63A961340B7FB001F8629193270931696FBBA49DF28E55A598
T=$3

[5]
S=$1422821C0AF
W=-$5BBF00A9C181F6888350DB13CFE0FA1CA1180D5FE17AB5CC601EB5C5A7ADFB1C0033F42CC83A4057B23ED62917876EE134B4F7170EACFAC001AF00AECE046821EF0FD25BFB376F0F4AE9A54053BA3F1DC5ABDA5EFC0691FD366D16135DF9CE25A84CA18443CD5BED45A31EA85DD155136C61FE366A21B68D9FD02BD0729CB7D6A668CC659C4CE427499D98400124C9759AB2B1B8ED229FA0AC2207678D4F13DACCC2191D4A0E839262CE43C05FC6C1289D3
J=$A824E7374003D0EBA5434FF39B9391B7C1EE1B900E4970ABE762F514330FA49F318BC4A03B304E6FE0DDF59F8CF036FE74F3C098D098A943880B0613267A24E45EDC5B6F98F62F7F76301CD2EA536B27DA2541D1B3B4CA6CF57AA06B06E5567DE51FC43C9ABF5FAD4B362801F1A91E69A3BEC9ABE9A7B7C6B0873D6075BCBFEAD70A4E91B0BD805C8A5D852B8BC861BF3BCDCD04CA0E0B5EB0AE0EC0D512AEE4B2A25A866546E45AA48B8D0078D2F4FB7862BE0993389C3AA0EFEB01888F6DBA163FAAEF232B86039E59D65A26DCD0E91F69E8325F06224798C8173C116A387245FC38D51FADB3FE489E17A11DB9D09AB1D51BA3A4FC246C9BC1C852F205028A758336764F46440354EC5DA3D3E1CE3DD7A07D6E1BA4AAF41C497DA772DBB307EC2A29AE10FC4AA2FF2EE66B5B6C0E095BB43127B0B2735115CEF3AF9AEE0EA7E7142067B2189B187FCFB7231E5292E60DCA2BC9A5B071DEC0528011B41446EE2C0EB
T=$1

[6]
S=$67B4F3FC
W=-$60C38DE9638672E0BD47AFFA670A2CB25C785CA14E71BBCE8314899626A791E26AEA8B0491119399E4A774BA8D69030E7305D99CA7D2C7671D26736FFB72E459F9711EB0B031DA4131E2C235EC27DF172C3E9AC6A3C6E7C133CC1C65C693358CF59D89AA64EDBFB860D4179E60B896BF803A9FDD680152BDF40EEF10E4C8C7881786C3D2DDA4E4B33C75343AF8D1BCFB8CA230CCBF2A02324E3E587D1929A3202AD96EDC9923CE80AB9E8F845C0A26
J=-$7083AF7B81291B7DA282F700DA129CBE6C626A758A47F7E7D0F8ABE40D4710DDDD87809BCA922E26028967EF36B5D0C7F1E089B20053388298498F489B4E2C7C006E71C179FF26AE7229B6F1EFB42D16ECB757A5841F140916069599101101974923C87616BB00F27D0B3578DEA3F6AF9EA6DC5C8EB484DB0C09A10182D40FB52C4B8F9022940A213FA069ECF4E493C505D5F650440082916BFD1E763165A7CC77AD737FF913C50271A658403C8FD7A95C96EC3E3DE4212D7DFAF013739DFA83A74C378A93B50ABC5090F67F8ADD8205891528C81EFE5ABBB96DF6E11E139B810751E11E88EB505205E2AD5B520FE8ACEFD5C541A2AECD78CDFA212461849FB26493ECE636A4F7B273D3DFBCE7443845DC29465EF742DA925193EFC916BDA8AFC9C8B45D4F1DB78072DEC216C05EE8EABCC67A950E112D4016A74BC5DBD9B4B1E2471FB7F6A963B5C35B4CD0D61EFFE70A212C9705F78D4B168642A905D
T=0

[7]
S=$2B8F45400
W=$C216B0292015C38D1FBCF5C2C8970D127CE42BF98DDB82220D62070FB6EDE581B1A42884367188BCB9BDA29BC5DAF45812313D572F23B2D9377D2F6956F4816C266586284FFB7B38CFB9C82AE18801CFF91F620A7E20FF356802E0F6B35E6C0AFD31938868A332C15A626A0577DD4FBA987444E4B27BD570DED10AA1D1F1B7E5CE175EB5DD8362689C69EE5590796E1FE99AA509774A4160604009761D2BE92779D3CF6ACDAA3ED8527159543A
J=-$762EC5EA1CBC2A0A69C1AB8001C155F053083521FCC1BBBA03D0CCC0331045D8D6FE6A7BCF8CCBBF4AEFBEBAA4E444441E2AB09F202DE7C94F30ED05A4F7F2B3409B0ADE014557986DF12F079D4DDB46B3B2EB8C60C4303E0FE604AA22ECFD732B83CEDB1574E47BF833E1223A90EA6D065C8A38464F8185BA93A6E9CAE542AD0E285B7E1153ED55D40BCDD92EDE67876CE931DD9931B30D1BF3E5421F00C86788EAA0BBAB78B818BEF2B7388F450D8A177FF3F7B260A89C876CCF11660E388C9C59BA8C0EE48BD657FDE045996CC70BF4419E1E11A28E6BA0629EC9345FE4541527D22614DB36E1C92E0431DC509A0FFDFA6C7554B62EE3D3CA61E3B29BBAD7AF33A50459B862D96AA754ABF06F88680797EFBD675519C879DFC6625E2A9BDE2D54440071FBFB1F03E14BA11CBB63D11CE4AA400158DA7F596D88960D601B0037B8A1EA089927C8655B9DFEC9EBC26159CDB91C38B7FD92CD4
T=0

[8]
S=$CBB94D
W=-$7D48B30C30F98EE2E6033B77564D020D0955455554CA862F03A62B718666A1914723EDDB0AB53C8543AC69B3F0C3C0E74744E2B948E581F5B9DF71C3C4FE02DE729D2B4FD2518452E27F03DA28C22A1E499C2C7559E2BD31C488402D08E5873CA252AC546C5CF5BB8D77E5D0FDB9CAD36A81E9C40FA5EFCE21855AF8EFC300BC174CFAB794068CA7364F39E50511597577801DDD43C1C64CAEE52878F2B2CFECA1C3CB7D77ADB5DFBF4FD3
J=$730D212BCD11EFC3393113619FAA6E017FB8EED07CBD82EE557CA25438F26834366E28CF72D32D53AF2242FD0453F8F1C99B973894A3B86615D0B7805A7543F2E7F9BCB7C58EFE3F4ADFD841C161B908BDE6EA803A05989A4527ACE7920856930DA7D63A510F9A0116A2B4B8E633142D3A0F9F97D31C0AD6BB2D624569126A3851A1275A69D71542F030A8476A86AD7594F3C940B0279B882F42F9383252237676A3A8557DB160D5B21ED15431E5BEDC7528797809DB7983E2143B12A6B648699C5CDA0D1EDF477C1C792B89D18712BA91B8F2D9BC0F8DCA1895E76CEDC70BD9ED841B82D6BE5541904510E8CCD92580B0DFF04DF3A19B0C76B7C05EF421087335E4C314F561E460ED45096C4B77CE7F13AC04EACCA354110999277060E15EF963C035C5925423DF50C66E19D87DC4721B623343818D8419A8FEC8E69A293B41F65BBF85687A90F72B71FD17A596C6742ADCA9E8E44
T=0

[9]
S=$482DA17
W=$89A7BED92DE1A85D19C6209912476C28D02466176ABB6072C9C40BBB326BD4889A20583F06B485D41349BC35DC4B51A322EEF8ED21BA4A1C038AE314A6D8776839BC158A9C175F7600D59849015A1C1782B20B1EC105670EAF57F82CD523780ED31E4DC2F30B15EA9EE3A3C17C54390F0324DE9FF2FDCC57730746E8543CEC9A95DBF122FEDC1462E578E90ACFBDB4A300D9DFF6D84854CF914D128FA49863062B9FF9CDD2BEDD997B7
J=$6B1E1BE5CB200BBCF2F37338BE654C740D54D919008DBF5E217D9EF3CE1DA20FC7DA17357B33B5712E4CC570682A30ADFFC94484A920C7BB1AF74A033681CF2B3E185C9576661ABFC418F41B9EDA765BB7BA649ED6E20139FCBDCB24CDBFCE9D06A0F17820A4A7AA7917DD1E9B1861D3F7723946939E5E2EB989D982B9693CC42B5FB3453D025EE83AD680533343F3FF25B59312B17F14BD52620AF0A9D68351EF0EDA2CE0847E8AEF67B4FCAC8381AB7D408D7466FD7E97C58F9E23624C02889AFC651F3E21D96C337AB0BF05CE9DA7E5A3B0FD9EB34E4CA89CB33FF6CA0EE6E253956418BEDCD40F59A132354255C4EF04DD4A616DEDC9B340A87EE77E8D1540C3633EC18478E7B3130C2DCC419284A8D4069B47D30D9403A6B082ABECFF40F8CD6230E01D41FB090A51D3326B21DF44DE0E171CD6214D6F67B10E75996084BC83EF43D6AE2319813C061DE2D2718C47182
T=$6

[10]
S=$66E4B62
W=$3EDEFF77A6ADD42F490286B6876B8731BA8FB1B1C925ED90247CFFFD7F26F3097844031432F4978F8658D56F3E5BB76A2C73CE275431295ADB5DE7281F508EC7C66A6154503BD6988ED51D6326772E95536DA0E1442CDF89582031FEAD95AC624CC82DCA07E163D673DFAB367C0FB0E12B9ECC67E3C1CCD10B42C4B3F053B5EFDB8AD693B10D4C3188CF1B54528A2DB3BD7F4234E1BCA43EE413C0A8630530F947C13F448A880A28
J=$1737C81FF2AC137351874BF0181F5DD8C1B8FFABD0DF504CD8961A88BE96BB33246A11F00E4B91E80155C797CBE46AF8868E503C0297DCE937F44AC78C378A0036E4D28BE95D9D14D9A6B63A1F06A0176C426A96A92CC168A18C8912E5D34FC5E64DA556D9C9191F817313633754300A0BCB084657B1B73943384148C9E5377404F9C1A33D71C8E7AEBEFB8407B43CA5F4FF8CAFBD3EDDFC5FC0295CD5E7ECC148B6C36A611778EC8A74807A72C55C8CE5F2F5ADEEF14C9B01D9917AEBC48050EA7660C24B9FF64194291D8F61FCF56CAEEB01FEA8563040D73EC8F198249CA4BED560325F9CEC7741F4989FC68119546B0F51305589B5F67C38E6059FBE07A14F5672C2B13A9C6F182F0FFC42472FB562A031B36513ADC7B22538DA1BC124F26187D2CF66908398E622E4944073785F91ABD580CCFE31D1831022F944DEA230473593430270FB790535C023D7B23B3
T=$2

[11]
S=$3160E8BDE6C8
W=$F847B75BCF3BD5B1D523B47DC3D978CF9E54E959CE374D4EE89E4122A1B7DA82EB2C04E360DBCD5A997B790AB3282BBFB8503970BB6C72D5FB0763D3D05625882930F26C82927B8CAA25A6E3CA40BBA603CE3AAA2885890FB3DFE6222A7756BEB430B4C83173699D499E86E362E40299265C8CAA785AD2840D9C24FC6DBBB8311D538CD10BDB3D3095C11EA16F6E8360DD47D91B891A32053A01394AF47D37C9D6382E7A78A6
J=$2F1E857E7CC51F0362722CC65FEF5CA05D1DA5B7F5794E159DC4A8FBF009264BD5AC34D9626C67FE76531700C810EE4EA8E36F9196EDD1CB52D18E3FD3006E0A64A3DC8B7292D12EF0D4CC6CDE3D076DE1706351CF72FFFFF372618F4236C6E088A9BC53FE535CBAC048DB8190A6DBD43A9434239BE880BFD73C43316A23A96E5B991F1280C55251319EBB7921743FAF2BE72C910517F0C270B96F201FCA0F3BA96D2E6BE139880ED4FFAF1E4471AFEB4F6D01961B4BF8C28BC638976EADCA8FA9F06658B312850BBDE48BD5D99868D43E5E667265C5FC37531CF4B1529597361044D76FBF02431D4E9E722E12280DC24232CF967361697021D3BF4738B3B81E6AB4705659BFB60F1465D9AAC4B2AED1E7FDC0B90233D8D1D27E23698390A60BA41D604574EAAFE5A9CECE8E78665D6B1614AE92F83463D5DADB8512B4E761A0C66293FEA1B2CDB7EB09297C
T=$1

[12]
S=$EE82410
W=$B827A071CD33769BF6DC703793BB945267E12D2741CA9A4F7B718211AA8A5C3FC67F0E1BEE6190FA7D663E4735934FCB04E67A5865AB9422D752A02193FF0E1C6B1393982991B0AD0A5A4FEE308AE25BC695B19EB39F66C125D743DB3F8F37B41651C7FD0F2831AA839CE68A03069B47A8E22789A304018F212EFD42F5ACFEF626C3F7833E87F9D6DF63E3138A544EEDC7CAE32B0D3D835ECEFE3BE1ECF82C0C268D6
J=-$115FFCE7DF6708E8100ECAF49988FDDB5F2B1B81B1C0FF3F0DE619264325D978FCD65C4AFBB41BF380FF544BB685573C22A515A575868312F36ABD490EDF914A4D99A24152E36A9186BE829D4926848601BC56E1B82896592FFC9F3AFF382891E914A6398749635D23EE955095E14EE3D9978E90D030EA50E5FFC5A701575BFECD243947C241E1FC8E4C921F32B22CCF1565C64820106A62145CE9F61DF09F1064476C671E369878F36F2E6888BFBD4B78BE0D6508700491EC0EE84B761BCF3EA838FA6A9605279985E8495273BC92306FC573804B59213BEB829F810572298D9A9EB20F76168205B444B910C63E5916B722C8F64BCE607FCDBDE8FDE36DE3B31F19BA8301E2B1E1AA81CB792C5ED769D0E3E0C9AD8F1F6765925431727511909B0D852E386A39E492A27EE90636A6D862B3AED6F53FFF7D6A33A798170971E017B66699FE554
T=0

[13]
S=$1A
W=$E3614848F2FE0D1DFDC9D8150AD47BBDC6A5E904F16B790DD6269FC53A6D3810DE8F6BC27E7E6E11D2EB8C24BCF3B2227599BDA4688D808C0028421E052D3228BF9492CB042ADA9A7783E8F747BB32B57CCD906C376D1D22A653FA498659552977CDD4A994C0721243432475E9522150CC4C9EEB86AF504B5AC2F61F3D048A3E26701850C93C1D907940104432D75B83964E27B76C2662FD16D3448385BAE492722
J=$D338CB0F17B30FFD33855666A54E18A7D3E306CC25F75A5C92F97FCBB8C87A19CC9CF5BA7886F079153A867917F9C44637A6FDF420D00A896451D7A49D0F5F758C75B3E80AD311888161807E224EAD7C7B545E861CE59D99D3C2FAB7EC0734BDDD1C3C1A519B50801211AC849677172E311E7F58EBE95272943BEFE15869C793A10F1C0E16B8F45191C0BF5685EB150F9163084515C923715E5C5C207DAFFD85E2C5A13A0DB42FC8100FC540E9B079A4573B250AE8C4FC6619661B798E173CB639044C6060BBE870ABAA4F4858927FD4875CDA9F715F9B830950E0E07103F1EFE4F7503EAF5639BFBEDAD44DAE4C17DE8C97ECCB6644F0869DF7BBED8A07FBF0CE33DED86FB6A446D226441166DE6043234003FCC1D723F22C2D6F27D8ABAD82CEB2D20734FB527989F63C2EA389A208C785A5AD90612AE7EC4A8E03F768AAB56E07B
T=$2

[14]
S=$17347D344448
W=-$DB5290E3BA9AF01B1035070731C06D3254BBCA92B6EA5161DA87F7AF47F2E8D1D12482EBD8E04567D790258E98602FECB38EB5B27FF5A6480909693651F33540F858CDB40AF1EB70CE8F660CC54EFFC4961353E6254A8D3209A25AC91E31871D66E5816A7D61C4B29C06FCDDB9F733FD90B09E443E18027AC31C44898CCEF2331364431FBFCF20DC5FE5EF3BAB7BD524805FC7AE6819614D5AC2606EE90DCD58D6
J=-$261E4190985095E2DA77B7DB4947FC8C4F0D16CACD38108BF4BCE358D95B30AC0A2EF91E3207238BA8ABC6726D5F99DB0D586E8D3230AC9C3EC4F69B7F55B11C82A8D68A13D9A36EE3237B82A3DA23174BABCC881B6D6ABF812383EFF271DBF98C4A1A5476E50AC6A8177357BA8B078D85AE60906F0ED6B63BF87BB431B73E5A0248707A2BC1537F6DC901809216198452CDC77A908DB093300915B1FDEE69EB40FB042FE1D523B80BFE49C1C14BACC577E6A1D4030D297821F0F4F2E90DC0B33F7DD514DA7A30A6943821801E7CBBA3FA2280EE6ECB4BCF47D656FB511C71EE73AFDA49A8ACB0A1431F0B1D851886477008B1272FCEFC781149AA9D3D619A8457D189DCB247DE580796CD1F0395F58C2F877E20D23A8903A349CD567C11572B7BD2E4C89349634CA0AAE9970C2BB1A2A8593DCE9355967E42DC36ECB4089FD7F8E1
T=$7

[15]
S=$1119D57B
W=-$9C0A5133293C3EDE5CE45A930057227CCC68313A3EEE98B5755081FC88F67243E6686661FC2029E54DEFE9AE314DA013FDB7630C8009C37913C30363F7CC0FEDA351390BF9F25B857ADD8060D4A11198365E9343D85FDCCF557AA074EAD8CFC9BEB69B72BBB569795D459E58D7287D2524794A8E715D161B3299A1940600EF5CFD7DCB266E2FF37993CF7483F7F9851E0B1C7E7BA1D5A7AE44E0D2DC24C9F
J=$C9E1C37B1A3659598184C0403C12E4FD9FC0882423D14512AE51C974CCF6ACE8CC5298DF0641EE414AA4A10CF97BDF470DC9DCAA358CD28EEE1A7FFA3EB122444305325C7987D4462603521ABE826E7FFBE97680FE4F73F66C34BC32A316580C34041EC99F672321F1313A4F831F4B210C1F4D1B3C03853AE624F4B9A8B997927CF28C799F354707525083D99C9D0985A22260D9CD6920E5CA89BDE30207B7E06EE7136850CD95A178A28239F03E8AC43F05790B827A48ECCAF3BF3C568987D07CFEFD9A5B7C8D4C6B8F1CC1CF8D0AFEEBA059B96DAA87834A88314FB1080B0F1A06D18EDBC0B33205DE1F782C32D1EDE8BA59335ED7E8E96DD142DEB46DB64DA3073445B84C4F16A86630BB72FBB5244611ACADA71B633363AE2BEDA8D4719C70469EC6EF17FA9AC7A72CABF78DDC65C289514A6D970AC7A42D1D599
T=0

[16]
S=$12100873E
W=$18140E8F834056252C555C45C6F4D096C862C09EB4006DFEB10FED5E86E6810168E16EC922EB8ACB1BF67CC0EB03CBDCA57DC8E7B58DC358E96FFA2C95E843518FAB23272F442975724065F52A7FB720B79C1AD3AF5047C146154919FF848CDABB206D17FFCC0A52A37CE618FCDDA09A748B16A562A52B8C20C4D19EC95764DA89A94FB83380FF12C04CDC4931921D67EED57785D189D00485E2DE5E4C
J=-$1F29336E9EAC1251EDC5083ED9D386BDE9F0E98298626C7A1876CA524B79C759AF12DC1CD88CB51198A3FC240935C80E69D79B0C28668D32EB45983558E7BF2A7E611A05A6E3AD84EB57E2067EE2159D318A8E1DDBD619BA4C5342F5422D1AADFF1485876F914B9ED945164562699C368D6FED63AE37399608B85C16BB847703B45DCD4110E96D3500E7D594DE6FFDC9CAF19A159D9F3A35EA5B426209B6D57129750F99FD1E1AF0E693420285DCACA838DFA3350ABEF4E81195B7DF447FA150C1FCE95CD6FA0E5B7A2B60CF693CA7E38B6366A1FAE0215B2165AA3EEE56C3F568C01E966880BCC512C53866412AB25098259FEEB90AE8767C0BDDB1634589277CEB8C92CE986AE885BDB9560A4C208C72830FCEFEF2690B103C845E8F73FB139AA06376556473FDF4F27B437577F21D9D6F23035D1256968C
T=$1

[17]
S=$5C6892DF2A
W=$CF85832D9EF000648E9D5CBAF44EF64E6B46F29BAE0D2F47AF8A0D2F30127352622412A3658AB84FE7D27483BF63517E1F940B8AD5923177209C03CF39203BF660595DF77DFCD25841D32D398A6B8A40549ADD90B23A138DF82377EAA196C430E91E71ECA49265CB58EFD547F0ADA442257C4D69EF8A5E88A8C23185BA36F6A0B2F256A09820996564183BA03649B80A2BE6D3EEC6A4867150196
J=$2E45AEBEF65D534F8FCFEF12E8F1155B3B8AA18A75EC2C875BD28A8D5C7372170D22414D4DE446B73890C1AA557E80F6AC6624FBF609ABB389CAA5E637D44E9E2895D789EC92B0E27BE9F6EB40A79A19A8A159262E44B75532268B5FC1980E9A128541793B1555AE6F71C24A500BF33EF98EDB00FC1F4A2AC608ED1A9D3E542397715B9532DC74B04D6E0D90744E05594975993A996F99E3E984A1D1D78F760CA9AC92AE9C856FC47329D27E54C0758758B8756ADA4585CEB4BEDA31FFC665F448AE296B24D9D0F2665EAA80CB623AD46FE9F11F4B25E5BDCD8132E2261FB94E4A66BFEBA5E406BC20A892191A22290C1858183C4CEBD4DAC786B24AD558E274BDDFE675912333FDB1F85238C1E498C27D082AACE0432D63F3CF61B6870DC133B40EB33A73F64B375D2C479DB5A3773920AD2C450A
T=$1

[18]
S=$881281
W=$229BBBA63C9BF90124CDA4BF21BA4F2E8CA33F700CC9FD6B91FE7F84E1FFAD0F9B3F83B002A7D5D76A8AB604570B635B6564D2F4AA2C3BB245EC3AE987B4CD8CE567173730B8A021774C13B3AAE57AA354420B49A2FB70D6406234CE04654C2D517A8EF8C0E0619FECF5A6FD7148C5A6345D1CF7F3842053140FC6068B0BCCD2F09C36FB750A6AA8FD422FF823247979A1C922A08CC6D2467
J=$1CB5840771963753426DB8F45CE18FD96F298A028CAFF718AE4B03E5E2A81C0278EB472E81B327928B79D2F5DBAE3DF337A634E0C1B26A958E51367156FA86E062CBC45FFD6FC413FAC8B56EDF4EB127F1DC2767C92CF4EA7A273F1E0AFD4B1BD2A6791D23A52F314CDFF2898135DA43366B5FD4EBACF44A96A07A999B7FDCEA808441D9257108633196FD3F81A0976928A8B4CD60D5A859CF1296B6569C6455323E60F6792E911CE0C8A0C24A34E7DF1673AAD3F6FBCDDF52A88E800C2AFE8623C4E320021F8F938963A3A79D9A3684F666F0685154A50C3E3377CDA2350BB2718B53BE04F8D058D1E3C30E23230A37FB1208FB81A2129E081257D86D1E0A82868F9ED4EF64598188E6D87D0106938CEDACC63AEF60DCF05C90CED242F7EF77C27F1A7A3AD2C0C55F69A40E2AEAE06E6
T=0

[19]
S=$548B
W=-$3A9EA205DFBD4578120821CC4933ABC58C05EDF76B3B938B0FBDE590DE157CDE6EC7E1BF7624292CF77C2E45891B8162A3D27994891897EC4665E96912A7397323BF0701B1FCCF523862B711CCB0D0B91CAC9B3F6FFF728BCD0488EFD45F5A3F6D38976240A8560663178C6AE95CF0A3A7071677EB29D4E87F66CD4564FEA310A97754BE2F7BFEF040C5D6AE180649BAFB2D4B17A9F4A3
J=$244D4A0D1758ED035D855577002587C7C9A6DE0F564EEDBF738A06DE635F59C0BDFD4C326804FB8BB23F4399404CFA5F00B944CAE7C60691301866229193F6428B64D7A545A450C6A6E361CF0D205FD36F8BE90E9684D68EAB49550EB4C0AC68EA7C986742BD2EB85678AF5853E66649E617C8EB946CCC4614C391AC1746B3BC815F54A6D39421DED12212998B24095EF21D1E4165C8EB95C336339DCF2B99BD1F0AB69ADD6733DACC8598E8C2AC954218A7605F1B64B4E1179F2F1227BBD12DFE73810BCBDCF01971C9CA1993AFC48B162EDB4DABF919E1BBAAF910B9E069115441DFF5761C08BE1E27F87E4CF059F3935B45BFDAA65DBA514735EBED80AC095EC06C7A11F457F88087782077643D2D5B6E4FF9DEBAB08FF9DD73D87975E2FD85C5962D4C2A868864F788CEA3E
T=0

[20]
S=$1ADC7AC87E24E24610
W=$8E51D5906704F2E7E3E3871F9DD1EFAF3DBBE5C7AA9B607033E5C6DECF0D123FB9CAF73A1FB1444EDF2BE42908BA807E6ACE59BD7F489386D90B69453848F451CBBD00E2EEC77B321BB9FBCC98C496BC7C7E3C3F3E9AABF943D33FD98FE2D1726714291DDDB716389F698FBA24E788DE55C6C34943130B16FFC4D59D897839AD4AEEA1129945E542F4A12F192ED7DCBDFA804BED8336
J=-$9BDFA2DDAEDFEF845340BAEAD90C402D4A953D1254A98B2D2E594B062D40D05EB7D29B10352F5B53987168953F9A9F0D780EDFA63612FAF563CD40526896B568416CD9B2B539B16835AEC0E1FFC067AC539EE24EFAAE4D123D4D3BE00A2A2C75CE870EAB3622F9F4306A0B740593AA3DEB02DAAA8072FBA9AC14EC68B5EEFC6291F5F499D118D084E8D0E4F822F739547DE6DB94C8360F348E0E343E541659250FFCD2EDCE37F2BA87C1D50046609CD587ED0186DD4049BE34C58B2C1C1248750AAD26ED6B2C8DCFC0B770E82B0EBD35FBED4B6EE0A8D3DA4C42CBA53CC7480FF422AF93D7E5D156B0FD0D3E52280505AF727EE83C3F19E424CE3F5D6D0B01BB6A0C25B99E9719037F870D2DCCB6E62B123AD6F001F10903844152FFF46EF1A0E73D75FF927EDE32C6694C6
T=0

[21]
S=$D7EB564
W=-$1C08CFD865925E6339EB358B14BE743259BD649CCA13E925A40F95B38B06B1E38AE24D463EB4F7E2A7306512D9AC06A84444A205D4EFE22F568A477650584994903D0C9E94EFB3A5D2F6238ED8373B2EDD61C28BFC9BAD75B49D532924D1FF2F8DDAF69CB7A7CCD7F419880B0B436CB99006F85F5DCB30682DB1391FF526FE66D015AECA438AC3043341DA0C84AF96BBB38E
J=$F048D1F54A647651593C8B9DF2B1DBDB414FE7C15E11C20A50E553D85AFE9A183654D9CBD21464638BB24942C58B7D5762B9EF650F7913425D6F999BF9309A5C15D4C26F8648AFF74F43906545592289DFEE70B1E6CD299E8C66868490BCDCEC949503F548AAEA756847DD90556076CEF70D9E3291B20B600366A2EB56E76119933B760E770E62709FC3C8E2303545F3CFF1F0932848E104D6B45B3A724001190CB4D3C01012DB4B9EDCFCDD1356A5A8E2A8F7CD95931F09CB81CF4479526F2731F38AD0F6CF24F1E6464C710EC0EB207A7A69330B05CDB58657F455DB4EA2620849737B255D47BDD5C74596AC70ACCBAE3B9ABCC7AE46DC4969BA0D5102E7977DB268E222AE78415412A234C73A9ACE39F1B2A0ED1D59C427D34DEDC6F9B78DF0F62
T=0

[22]
S=$F795739D6D35F
W=$4C589EA724812115E95327A374B2E6F69CBEC57621D357B9BC672C7DF4A4F36B0A4A69B0EE4D872CCFDBD6618A48ED1D1C2F13D1DFB9E6ACC7410804E30D1BF1EC2CC7DA578718F77FE34C6017B029A31C405A8C1D406DE634D28C70BF8966962734947763FD6912AC88F1868661361409A99AFF304FF8C2DE62BD774DB59C4738D43520F2C88C28FCF4B7DBB559E437
J=-$1910D6C3AAA1B4DDEA65F55040A36D8D4E858137A0D227C27516EE02483913634A03A207FFFF0AD5868B8EC516AFAD2DA54F76F061C0F23BB0CE744C8CD49EA00A194FD52580B3EE7D1BA9AB593C2FFB413BD9D817F0479D54FF85E703938FA7B825D790B32DDC56195B18133E21E86C4DCF71D1BA9D3C15F808E385085CB3ABE98EE51B14862389A7FDE4AA8EDD971D812FDA7C16559C35FAAA9F01EDAD9366389E8E791B7FBB983F24D6B53687960543C8972D9DD815E6BCB5F56049E814C9E3DFD8D64BDA9736424FCDAE39AD9D24CA164EC254B1984ED42F6A61443E53A8B5B2C34184CB9DAE72E5C0E91D86E2F074BD48239885DF83865D0D1626BCFAD864CED2EC5C9FBBE9A77175FC148EF733D9DA0689EBA58F2E4431F196A05C8B
T=$1

[23]
S=$11F704F7E1C
W=$E3744E41C3D1ED131352160353B289E04D7EC1B3F829EEECD2AFCD43A8E2DF1C57E67594D4C137661A8C80A6348AE8E9C778ADF1C253525E4D80C97ED7B1C9385B8F280ADD548B7D88A73DC35F715CACD7906AFF45345976F6DBD76925718068C755C24A3FD77E87AA96E339ED238335A76E07AA2FD0A1F4B702FB6A439CEF411519501C126436CC98B3C6918
J=-$4E82618DB5119DE7DB719BC0B22B519CC153EA5F508BE9A7E2F7CEEFE08DC9EE56BAE9D16EC89180C461C2F78C45B9B7795A48CC2C8E99081FD60A43E10BF039EC088E13771AB40E5CC653A931B4386A321F5A4A07BA97CC6E59B5BB0CEEB3B53F9772997F34876E8BC2763947A60A840E7AC96D367C04A3A60840F3C78457198721F51B5D900F5D17FAF2A66F526BB45B77401E23683204F3D3FCADC797C434A2AF3CFDD455E1D8698C4A5FDC126CB6B973EFB9E1311EB047C1D266D1A479FD03E1EE3CB202ADF19F2FF62C2D0853A291FBFDB5F83B4D2AD8160A01385F16D350E61DD91367E6DBAC1194A3E6F4CD7D8EEAAEA87F7DD3EF9935D22BA6FF10FC75DAC6D7B9E17F5492698F2735C7AB3B3230FDB9BF7D1A631F
T=$5

[24]
S=$2293B6DF1AD0C96657
W=-$D2941418274672F83E988E3969544C62B803EB9A692DDD825CADEFE93A19C7DF04E6D51706BD4537F269986F99C485035C548FB17B31517F694492E749D81E234AC5D09084B9BAA042D7F651B2835674C2BA1C326FDC3D5F7961A53146024C7E6AB2387E7896CA75AF0B22D706D38FA378EBAD08FA05FA6BCC8FD7694C730AEC0F6F7F412D3314CF0CED
J=-$14E8AC0E3B043A28B6D52A5F69C40071A333A042A55AF274FB668F84768EB687CBA003737A85C8E71D4C83F17B297061FE83E56BA12A0ABB5788E69A424AB98FEB11D2D550EF6C29A9D009FC92CEDF072C20AB91FDC960A84C4EBA9F27C74CDD07D0ACFE39F2C9977C1141854C5300FFCF76AD1BE24DB9DCDCB73E43F53B1DC16335FD677F0CC56D517AAB3C9FB676805C8A9E65A51E5611260246CEB82638CC5DA9AC7D9768895D79AB1D07196A4BABD845F2807DA1B42900C28EB51F09A4C76613BC3B0629916BADE45094608C13708C3F86830010A10C5FCF0C64622B2E87729FA2AE3445624A41B7E8E5A98930B8605E0D11ACFF06559AF07D89FC9C8BF117AA3571BA556725F072405FEEF8844FCD23A5ED
T=$1

[25]
S=$2B9FB4B4F404
W=-$3AC91EC201236C9F799189E25AC8D5A61E781D2C1BD36B7296F69DC5E993A3C501AEE3CAD2F1515D315A0E09DF07BEA7C5FACB6E977AE730E5066BB810CB6670A052EF5635CFFF67361C3A25C9C071747A797EE50202BE867C8B55A1E329F27E335A3B70B8A8AD8A1577E6A62E36CD06F2CB9E7DA4FCAFF2DB61C4B26CCF94ED8243D87E5D0
J=-$293720E5984F5F4109703F60FB52958A4C1F7E9AB784F09ECB3AB5EA5EA19A584E606A3BBCFB7CFFAEDFBD69040E3639F07BD4BD1A011BDA90154B1ED3316DD44A08EED4091A1264333DD119D1631F1AAAF346FD52F71EAB20C4F3DF43C86355534190888572913265D2EC89AC46756308F9AC3297FE3A268BE62B7CF5C1CDE8C52B79E38E4BE6228101E14B67C83411FAD798CB5EFD79E6B67762A1D0EB87ED534DCC1C8A3528C24749B3E4F70BDF142E15F5462D9D20AEBCA73AC873F10A168330BA110737A305F9CD19E624B1081B2921D56008407766F1AC13A93D30AEBED9008BD7A3E022C4F26339BABD60CE7CCC44E61FC0E3742B5C6994326CE5A78AF9A2E7F635653FDE1A4A1ED
T=$2

[26]
S=$1926030CCB
W=-$6FA76E42831C44305D00696D6C032BF1580B4B0B2DB512B89BC5E10866D54F2B16A2AEA1836F3EAA68896B2081660C3A518178E078F82DF393AA9F9703F9B387D668C7117AA4D601E615888B1083AED637FDE32959DF18FC3C531A0641529059EF8B5BD31F22AF9A0EE5EC6A61C2751029123F18731903B5805A6AFDF352F6A52EFF9F
J=$C00BEBF7484D82D645D14700ACCAEC77B9EE98044B8CE59B5D6B87EB349D55F757E1EF49A2A9B8C606B84FAE3BB3C3CEB1113280D327BBA1D5E91210F8621E8431A7501E5051A90AB1BF552D204D3AD8F7AC06A5EBB4F5546570D6F06740507F4126472AAB3B8E88BA556E158DC52B9981A94307BEB0C2B847BADEC3D8E781B29232923288568D171D84B04BBCB16C8BECCE319A9A4F53E35BC820928CAE65D3ABA2042486F16C53E6FD6C93621917A6B204EBD5D686397A9ECEC33EDC27969BB5BAC4A2B7B9BE94ED72FF2833507E733DAB4EEC085A139C5ADC54AA7A8A31EB084636D93B153C8F9B50FFCD8903619858D8669907F0E1092031CCB220AA0B9CDC8B4A50B53
T=0

[27]
S=$476B74416
W=$13E71EE3B98D4BB1C19DD4C0E3A357AD22E191113F54F36AE60631D7E63412A025DDD4ACD08FCC24D55A90B81C9A548CF61B58AA79A343ED48AAB87C56FE063441D25DD8197599D51A95D379408276D68D859390B7D7A5F168044B3EC60D8D6D8994422881EC97A059446914F99901814055305ADCE5A558D79062ED5C397063B2
J=-$42D4EA69A213051CB7991D1B4787B08241AD359174D514D6AF55806B7144685872FDCF69DB168BE6C73C3C2C516F25CD258F74F3F9CE73CA3E0423E6DCFCCC375E464F19C281302F80AE0EE404E7E7EA16A27B3F9884DE43206F5D1CEC572D8AAB88D9EDBFB9785A07354A667496DCC24C49F372EB72F2A79F06612C5FBE600D34F00A34EA240D3EBD96DD5B4876D3E3D241EFE19BBC2927A913A87ABC91250F74EB5A39036EB602A3EB34452AEC8A7E8215223898DD6885D54DF2756A232E8553B059B5D30076F77627541EB37B1E068CB1077A86366FB8A64E3B0C6FB3465C09E61361B2994878584385F090FCC3E532C90C17A01AE813FD028DB9F72212220
T=0

[28]
S=$9C46A0
W=-$8E6D4A0859D4A6B9FCF58F59A71A55A4004FBD183EC2D989586F0A12EFEF87E4CDFDA11C8DC4F990AED5FD49230BECC95B288213F51BA23938D8F793CB741D6C4AB9B786633224B2252081D0221B44E1E412EEA584882739BF6DDE8C0891A3C48607AD5CF44DD293E8DF22471D95EDF34CD01761A65C16DC0B7989F16E3C8
J=$20B469B4E7791591E4E375BE949F1D7927797053D804E1EB9D465137396F38B38DCCC73DAC2A902A4181C42A1D962F88729E76D6EAE4A8CD6D5127DC3D6FEFDA6BDE6F079F43DEB21B99F0075BF49F02A559C91F13E2A0A978B132E6D1F38759E9A66443B988BE21AE43BC64D6467CD12E4956CA0A0A30FAA7F650C196143A1E8EA93819A20650DF626B029CF568E889E4D0F87E120F22971655D5FCC582AF98E4619BEC46B9CAC372DC3118B5903469919B4D8F89B8781578E05AF2C4E2775C641D2F1DA6C2AEB93CD17DFB1BB08802FCD8987C9A2C8E591787E7428BC5950477D1CF541FE56525205B19259D6D4E29869027986C7570E1D0E18EBA47
T=$2

[29]
S=$6D4A25F56
W=-$C1EF5CCA3CE7D889E5F50E46E4FBC089B48B37DE6E6D172937F90E6E1C53DBF3966E9C692691B6A4E6D141BCD6EA132B555B081E1D476D4294E1011F13F05405B8342E8AB7760D4665B055B8D12C8A2639272B84F459DE28CF672018B81CFB4B18E7F4D66B45B81129D2D0DCC1588FE8C0931CC5427A038C57FDD312CA
J=-$34D6E79DEE094B6CA8A8F077F519953EAED7E766AC31B70C2709AF1B7CD67DEC95E5368F7E47BE2212A71016B487FDD22C778294A43566E7732F7CCF5BAAC10AE01479808B983D050F242955EB2391D485D052D25A91B2A861F2800E5E3B687C256AD81F14DD4BAADEA3BC2CCFE6B6B84BC66F146AE8068E37EA44834959688488A23C06FCC9B5E2BA33E488303F1CF90F3D89DB1CDC16CF4F8F8AACDD27B37B57233666CEBE2522732EA8D4A819B3287488C90D0C3B415AB22953447A2FE6226F4D78F114DCED0AFF25B1D57C05DAA3C104B22D399BECE15634936DF5E146C9473230452CEEBF6718E43B3245730DDB9D20733A11D4820B1E26
T=0

[30]
S=$8CEAAC
W=-$54FD751AD50E10FA218F1A91CDA7F8DB38DF656A3660ACCE9E4B2B0E804AF18287BCFD9110F74873E76D58F2E04B3AEEEC6529B3A82E44DBB69241685F0876E92699F3CF8835A595D67994C17DC8359D48B1084382253A99D62F994CC12DA7ED01619B4F9F6AD5AB84955F9BA7F7C56C0539B5A1562D4B869E9260
A=-$D70
B=$12F5A
T=0

[31]
S=$39380F
W=$A769DFD12CC942409C3CE073608DCE98C3DE2E5EAEC2A8941CDE81C55CADFD1E6428D94CD3944E142096827DD6F2BA7232D4E232E49FCEAF51CCDBC4CF439D91238E93F97C21D05D3E61CCE54EC975351385550F5FE6E6BB9FDA6D2B25BAD4881F29EA4FDA1FAE743AA0E74D1DDA3375B6361D4B2B757801E75
J=$499C843881F7C5F65C9B461A8B61706DDD97CF13E27E9E27AA56332C0A85B4D039AB2BB0F1C9A30BEDE2BF8B45D12C4E8902CA487ACADC4D66E5985FD053050DE482FB972B9ACB7F22E40DB84AA0DB3BA107B102682EF691107EB339212E58C2804DDFA09325092E64F1E725C2ED448A41DC73DAD87CA1BE3BEFC83EC0C420C8CDF32BC7A49440542559AB2BF4BD0A358DC30F90BFF65E21AC250930FB16328481CDDA45A1E2B03C126F9D78F33A5F16FE91077EAC2C5515A6C1A9E366B337361C9D8344C31F8F7161D8F5365D207FAC6286C1643A47FD8258CBB63416A55F9F7FB1C16A708F6994EA72FE9B54540D95C9F67
T=$2

[32]
S=$D01C50A43D6
W=-$1970E2FEF1EE872F374E83E62ABE37F3D9387C8D8B7AFCBD4B98D10D6ECC12B372ADB4F5FB6B1A0EC95050D14C252933F859A759C82B3F6BBD420C2C55E268DFB9F759C41C0D08B4EF8FA924E8166946D08981D53601EA75E93532A9AE608BF3E3F4E62A08602DE13168DAE05CFED96DEC97D227B9EBFBADE
J=-$31E8E7173B7D83AF407BFCB0CC709A99A5F6AF944C07F7DD13F551B37A411352FDBF343D8B4F4B2D4DC6E97204CB1E1AE120BDC018FC754AE34ED58EC822ACF7104CD5D2EE573D29D8ABA3D3CB816F1D6E568F93B2ABEFFA620939854992031AB875B3112FC6E4E030C4B79EFD1EDA4C9B8D7F88B5BCAEFA220AE05F03A47E5D1297D1E70E9C32B52CD8835CADDFBC9987432F821CF4C1AE880F2ED05E83C54C8D039F3E84B5B3EFD9171C97EEB9A393F40E6213B85928B719AB17354D0E22D76C2E9616812292EC18A9178356602B43B329F4A6FF783DB198D3C8FE667042FF6054C40DCFEF9E03C185A04E58BEC5F5
T=0

[33]
S=$6440C13C2B3D90
W=$3A7596EB926120E2BBBBD6B8C15FB831D920EDA9E205D6458EACA81975EA0DB95A9A4E305BAE8F2BC047493CDF190863E8806DB32C0B100756C9480EBD849EC768488DEE3113B50988F72A384853B04E51A28A117CA4D76B3E0303BD983A1162EC1EBC3C4CFEC78F143EF79DA8AB94BC7E9CA227E2A
J=-$48BB39E17DFDB141A5CD28C2E74A431478CCA9F0C0A616A7DCCC5C7441166797F557C49E7D20C2B459A3F3FE8A2FFDECD523552CA25DC3D47ECC44E1C4532D2424C94F8D21BDF1643FC59692322B7A7D0F701D7F16BB4C166880284F032F1B94EFEEC3587A66C43A7C68DFB49A06F2ADC70E929B74BAF1C9A44F0247A87316FF9FE101B036C4336871881616E79A0BC7B13313DFA1E88FE9B64750D08C3CC8904A14694647D7DBFFA75C71A91D3A0A806D839DAB693B1FB1026714ADFBF2916609053DC03651FE051F5F8F9E15336945840BA7ACEF3737C9A0FB211C98AA28B360B5B4742E67A82BFE92D
T=0

[34]
S=$680D4798
W=-$AF7530153CE8CD7ABABE4C72632C0867C5B18F3091EFC681583A9A13E74C8AC921421C2E5B82B18A0E91B8A0DD4238970120772A402D59B368C003286521B12B418AA2217165F129B7A3D5DF44FA33C90E6EA83E538B2300C18FE2EC77E4A589864A9D6FCE1F01A615838929081BF0CACCE6
J=-$14550BCA90849CA67352A679B53E1FEAEDCDBB003620652AB74AEAA4B83F387BC57E6D7689D9B64291E39EBD4CEDD156408E745E934F7520116CB80A3BBAA11A5CC4F0BB17330DE466DA6D30BF1DDDCA91C5A134D7A5F73728E8A1C7D7EC7A99F7E12FB2249269B2D19ACBFF3D5811BB5E5FACB344C3B3D037F3A637898021433795804CBBC53F7568D8BDDCA8D6C8805E4A668BAD0B0F9DFBF61CEBBB3ED9028CCE7B94815D7C3CF18443E44C9B20FDD4CBC8E0B308E735D11DB62B37B9AD7EF54E77F785386DA14D27A8BD1F4BC282A2503D1B64A653CD22F1BB4A28775A50D42A49F
T=$1

[35]
S=$4FF5
W=$B5E7BF3BB152A58234CEA6F568BA7B561268A72CF6E2D1660820777D9B7665B0E9EDBB443C03A66C886C18BAB120994FC985A8EE8768E680DE95D72504BD93B0363501B4C92884460C24B24F0F13B5D5F01615C46682016C8FB579179A8BAE01199B13BBEDA4817D3EF7F6EBACAF2D79
J=-$943190AF5E87CDAAF519C9E9275F4EF8BD042357C526FE4898E82981A115B2BFE4212B9DBA6DB77EFB89FB319A46CF2FD02CAC3A87F31D9066464BE386B0790059BA3C34FCFE5D45E5711073F485DDC5172BC4B545115892581281074D17318F035357ECC7CC2DE0437E295B214A33B2A6967CE3193859DDB993E9F4125EEB1F78C4729E74B5E1551093908A40177C10339C415FCF817465EA319E74ACA402FBA232B5EDDE840A927B6AAED0CF53408C0EB77D5F4EBAEDB5ADC32EC0A1A767A982CF0172185A003EF294B43ED219C9CF733F9AE3AC050B777C80D6FA32B0636
T=$1

[36]
S=$BD961B50
W=-$54BF322249A7577E635A4DA6E3B3AA42B771528ED3323A3D4206DAC9592CC3316AD46AC87E9CAB55394B549FE8816F29C879668201B5D7B25B1D394540D72B698BB92787D980D6D1150C8FDC18EB21B0775B17BE4FDE01A602E86FD017B477039C89B98499ADA58FCA94B6A8E1D0DE
J=$2C487FF2AEFC8DFE966EF1D6DE3FBE3BA52B670AEED43EEA1DFBA336C761821181BC1A0D37810FB4CBA5F6A4CC3637D5DF25E57FF6177DB596E4FE12FCF27766CAAB49CCE7BF93EB547AEE53DA6A0DB9D1A214644CF10335F548704D4CFFF09C314AC69B6218DD29ED6055BFB824DAD82FE160EF78EA2B3634E08491F5565D57C03B346CC0EF52856B08BA45B1DA4EFB7554695868D1AB2C5AC8EEE8AC38123B62ACD3D98B5DB9F3C55937E74E8FB4FD85B53E2EB822583513DA7631A5C41AC951F887EB981DC32ABB661A483927FFB8CBD5D2280CC9454E8506268463FA
T=$1

[37]
S=$3B945DC
W=$24050059C6CE423AA5E1D83EA04FA64E3900C14810B1474DC2FF69FC864CFB3E6214B36E06A72FE318D13A2DA9C9D2235319D245BEBE8AC90A5466D77AAEE66DFE562860DFCBCAAD68035EFB88E559489FE3C40496BEE6960145D72671502A99299BEDB5E7AFF5A863D49292496
J=-$8C745498FE19D4F3D4075C2EB19B4D38F599B0510F732DE7A39412CB80A1E1BB617591EA361890A6448720E18884C0C1F203354B671FCEB4040F38820ECAE124E3BA974F96E50204CBAEBCC914648AB47A70FCA18A1DDB1EC315AEBAFFD97C7DD9B3091CFAE194E5CBCFACB00085EBAD809DFB6471798E4434F9EAF1BD0E01A0C849335F51A9C748C63F73D0B7B543D8645C3964DE8E12F906C2B6A7224BE2FFEC4CFFA71CC5D9ACAA7CEDA1E89629D447B051A5A02685F3DD60B3CAD842CB6797E36AF08FA8CB0D8F7AE64D404230ECE7DB3B3E7F48AA231385
T=0

[38]
S=$DDC02CB
W=$10ABB857C017915C569AD6110DA51969DDBC1B57D42AC589327147A1497F4DBF8964D82C9207364C178D6A77B78A18755A8E7ECAF689C5FD1EDCC727166C7314F092D1F590D72CE5736E4F3AD67EE8A28DC70EC682BBAD774DD0A10505E357774B99657D2003C88DEF656AF9
A=-$7328
B=$1DBA42
T=0

[39]
S=$C6FFC7
W=-$15A25BEB9DEE4EB4789422E4900EEA3550C50C8B6D93A5224AF174351F0D725EB0B04C8F71CD349C62A69B85F8532BAE8030970EB65F57F9DB2EC1C636A7919DD642F4C4EEE95BC9D0CF14B63969BCD1C543871CDA47987EEBAE8CD69CBA37D9C479A28492A038530351
J=-$2039281844F20C9B42B3113E3A9E5D7FAD160FB36759308CC0829F6AA6CF885D04303E015AD37DBAAF49569192FA136AB2B58AD5DEBF376FF219712338ABD47DE4BE4D16B2F10D29ACE1242AA1000C16F29BBDE19D23EED134E475DA473EA19BDF8F72015474DCC7C4DDDE0C8006EA01303F33253847FD5BBC70B0F8B6CEFCFA39B89F33E07D0CC73A0E2B490C6ADFD01FB6DD250EF192144A2ED7FA54F3F8DC773545DDA2A13C6DC06495329592E1E450C0F346371F1CB284C13744B3F00BBDB8800398307DE3E871C0B096696E5AAFC0F5330
T=$1

[40]
S=$2CDFDC
W=-$4F50914873B3648A2CB284778D339C1B535BEA0EB3B5DBF94FFB226A92AA55673CB72DBF8788F14CC8142650AD971B07EE27175D5ED8281170F4510A99F8A9C6A3F2852B5E5E5357383EC43B3D2A58088A5C577CDBA282D0EBA5DAF83677CE3E729AE7B457164FCF2
J=$9CB826171ADB0BC374A4BE835F428EE61B79D92B7A57CC634C10C31E8617ACBA2077ACED56B87371D5A2F0C02E376042461220F0E4B942BAD60EA9CD9AE0A4E31A94CFF3C48701B8D99BB1CC3540272FA75B1783E0CB95A0D41114CBD6B99014EEB110A20BCF25724FCBE856944A8BAECA391D1505A21210D291B19B34AE1273B26AD77C89FFA520B2F5E6947683811E7327B8D1B44ACAF864144AE3E1FBB242C6A74078B0464B8C5C6B4C2EF9238BD4A6094DF83F9484ED9DE5551C5AEFF6F467FCEAA16DCC728B23AF9E5229C6CF94
T=0

[41]
S=$49933C9
W=$C656C439AE81425C40D1BE424092747237B84ABE4243F1DD03DA10F6385A9AC5B7FC16C576819B9EFC4CCC5A73F2B8111D90343E56A3CB2FFC6A734E7E821CD7336699A155F34F4F776BA22158B1A8809A127F52F9861358369BACEB76FBE28E8656AE69255CFD
A=0
B=$5
T=$3

[42]
S=$27E3D1
W=-$2E29347D5A901C664058854004B4F75953930E6069441D25825D978AA762A0E67D107C02D7464EFC8A720B6A8DE4BBB7945DD6F3290EADA010F825D0979716BB05C0913EBC799AE0A9C3F500A9AAAB7D223590E7F9944C09C2C9257C2DD9BA5995B4BA9E905
J=-$6841C9CE9ED7D8AD966D1F417430B489C77243ACF2088B4205823E9339A552FBE158D41F0485092840508EB305E5326D86B74E548C498162ED7BFB0BB789C1A2C51970BD262E90F20268F79B410ACED22F68FC229ADE41B425A98850B136F15FAC04B5A3C912A60087900F94656C9ACB7E3223DA7D7CE3BCFDF63511A70D7E46D74493456D968554481EF22C89C6409702A5834FD17519B268B7380A92699B292EFDCFD785F42BF5FE65E47841672E123EBDF0069FA8B5177A40904ACA6544FAC7F5AA302E1BEE78DCBD
T=$1

[43]
S=$26543B
W=-$3F37EA04EB30FE416F1C9F6419834A36D88471CD7284C428F7CA16D1AF44260C595A05708EBF8DD2C8ABCEBDBCCFE5363EB8C4C661D7189DD86D7F1C08B25824919510BF071804C5996325E62E64B98186D1A8679EB208C4AD8AFB1ED6003FCD6BBAD767
J=-$3A2A098EF99E7452B68BC6EA48ABB0DA09FCAD97B00B87736230B9160E4705E4CCB59FEFFFD41F762EDF3FC6795468CBD401903B6069C2063DBD8645F2BE082434F7F3B1C0D7B9A454964C5EA9511BDFF3780372F3C87FEA54BA3CFC4D52B36745643A664401EBC39540255CB93B8CD21BEF8E332951946D9F6C39239C49A239A487C65A8CC3FBB6B637E8C8251CD6850E7AA83AEDA58C7235EA29D29A26FB504924FFA87BA92D31729911D9AC8567F3FCC8E001D47FCADE126DAB401F46AA89EFC9CC4E3C4FE60
T=$4

[44]
S=$2EE62A7
W=-$29EFB9EDC3BA131A868E67067975205BB1F45BA28E4BDD2654B0F2401058DC812B55DDB5E498AFB5E141A4A48ADE6F251EE1BC46B4FF0674BABD22F68386E0D73D87545E1B06ACDB15BDBCD180022B033A5618588DE665FED515DCA65112BAF795AB5D
J=-$7FF25F49E4863F3BA11B38FA5A060E437EC919EB7546C458F629B88C748B872AFFBC6C39D469973B8D497B4706757DD271CD3CE77A939A3B48D07738FCA3A332444D0971E242A88AE97BF87AF4AF6A8937F85B5EC01EADBFDC9247434C506A0F4840BE4CEC6043769D6B9824A35AEE48EC83DE6DEEBD28508D98AE47FAF2A1D1AC09399B0B973DB4116E4F34EFC89D66CD75779F5D9253099C5D83A790E19465473C8E0BC1CDEA3BB8F7E0E9D60FBDE315D03385C5B4A7E024597B6FE7CD5ECDBD2FD357F3
T=$3

[45]
S=$22FCE4C5
W=$7AFFE048B381C90ADE0358693DB43BDE37E542191F3C40FEFB0ECDF6E45BAF8CB5438FD4AD48C80D63884CC20D00808B745148E3AF2C39234C30480B7899FA5615ABEEC84CCE449D0FE251AC0A5DE9B421FAAB27839A178EDD4C5D6D92D6D36D31
J=-$1D5CECD8E1585E07B5E027C9C08787B67B425D6497F24DBFFB6C3608F438E4966AB966C70361731EEEDF3335D48F552E2C22A82D3149204F2BAD955FB4DAA159ADBAE888CF1B56ABD2CC41A8A037B6BEED069AF8549D464F5DC1BA8217A737EDDB1EF8C7AFE66E3D116C6A6665F4691C4FA3BCAD53EBEA5F6013B8C5AEFDDAD902EC69826441E39B758F6ADF25684614212B1AC0D8BAA83F313FD09159A469669B4D7BCC4B0C4C2F972A156C10CAE9AAB136639713A79DCBAD867A6B3BF7C8C68F64
T=$2

[46]
S=$2C507B03
W=-$2ED82544A68B8E9C1651AD8A006953389C62B88246999C78923BBCCB4F84124C064907C730DC0BCB88D770AC01D99314F8862CF3A6E6F3230CC1E0F9459C03B640584FC896061D651E68B6EB1F5904AD803381137F1EEC9B7C2DEB4C6EE9B9B
J=$67494C1698B199AC86766619D26718A7F05D4B80D848B29566DA43D0D5C9AE0C84EA318748FEDDD78A302A62A0BF99BA8910BF5A9AE0B8A0ADC0A38B32630D5B3DEE143EA10CCA4F51A80A18D41F2F6B0D2F5632FE727E655F7F97BC482BC0031D45EB276DF3F33F1A2BA6AA60A1D7AC78B7C627750ED74A44EDDDE953F4E6A131EE54183DC382582C196B02E3D31D17A82857B9581E99163206F6B03DE544DF6F260336599F91793D9CE81815242A41CA78AA24D26A6705A165723EDF0D
T=0

[47]
S=$1863C2127E2EF
W=$9E861AC8F4CAC389164EB58D145ADDB699500B15E00C9D4B14F0E6BCBDA95848DEAD4E04FFBDAE77578D800B58204BDC6CC85228B831070F247731D8349F37528E366CCE0FB24D2D6F0DC9CC7512772624FF3472AB039474EE0155E396F
J=-$1323EED67E8F73A8F847FA7EEC9CB06C078929E8BDD1FE5390EE1A859645548B775EA8BF0204B69E497F073C897E12070AB90D278D77C6CE1EAA244BF00DE58CC65BBE4A48CE6578100C44D29E675624C72D2A3096B5AE0E38E5F5ADD637A6BA632290BADD4994E0FCA6467D769974644A86EAF29C088F3791AD10C90053BADC063DA4F8B5CA4FB1213A2A78A0320E5464FF71D2769244CBE3665CC63659F5D40C6F368C924DC11688168C5C253987118478B175B6D571D0A8F8B
T=$3

[48]
S=$4CE023151
W=-$803920E3051101D60C2F933BB09C540C9B3D7C03CBBC1944A4660BE5C6B31FB5DC7E08221D115BD6453DBF1E082420529E728737BB6D86F80A51E720A736D034D15E0BCEA47EE4254EAAD8292DEE7C212F672E6C8A025D8412069
A=-$84B750
B=$24C7B73A2
T=0

[49]
S=$2777
W=-$122AE062B23D72F8871C2900D8E37B0772E1A3C997FD7D7AD02597BE61B3C571DE0387C7B8241DD4E4B01A943D17DE4466E99A2E15D596909D9FA24F123D7C9E66433D3C5D5E77AC7F3341D2CC3698A970E9FB68F22A9DB89
J=-$14FFED4E6BC18FA2372B81DD96934E1A9830BDD348EE1D5D6DC4AB58B088E91C66224646170D6A550F72303B77CA3F865DB9F89E2040F230E3FBA247B80FE07B6B66280E7E691C60660B4A6D7F65B5202A666E8F62DA807FF0580F52B79846ED1E8743C1B6B44D3EB556703151E55ED5D55E8FB2965F482DA60490517010B73CC5DB914E7F60B612364871D345EDDDAF8B5F2FD1052190C07AB32F4C6D486FF9444506785304FDED91305CFA9C2EEDA58
T=0

[50]
S=$894045E0D636
W=$9719BA0E7DA112F8896CBCC51EE00F7CF20AE1771C7EECABBB45B3753A6FF693163F586FC204CE917C01FFB9349D1F475E93053464661BADF71B500BBEAD273DB584EB3A880E398986823E59DBCF8420719F57AB3D3A93A
A=-$1E
B=$38
T=$1

[51]
S=$5DC08084B
W=$8B9E5DFBABF0C82290B4675680010F63B200903A635A95014859E34DEE7D5FA5C686B9932601D1494F25A3DC41EDBD2EB5FB98A62326BFB75A799354B03E907F20C52A7346874629ED928F1D32D23926CFD85B5C5
J=-$2B6801BC68E12BA8839F8CCF29A8D64E00E8C0C35E7013166C5E8AC09ECA13F6C617431B844881F169FE90CBBF9008D15CAC65F3F7DF66D086D7428AD3490E5741DCCCD85FF442038BC843C091C1C4A0EA997C38BCE1A0E00E727DEB8A65B4CD8A921967EC3791CD7459768B2160BD66B28C19C89AEA24E532BFEC8D6E5A9481F578A4009D838FA8AE631034590789C290ADAA82FB16E9AF6A5443DFE16CBAF2631E745A7C6C824B0
T=$3

[52]
S=$EEFF4F4
W=$235F0B64E3DF53B70C00A97C390EBF61D1CE91D0DB2C4F7EDAB83CDC0BAEEECEC1A88A8144A96CE59CF2E582F9F857ABF2C093DD52ECA97BE746C79507899D363EE0A3010380454D10ACB6DDA23DB0F9784AA
J=-$1B78803AF1F11A2EDD4188852FCCF6C1420935F0E55BA21B633046E493442071CDBA05604015FCDFCD78537770BDDBC29BDFFF0FCD9FF45614279553B59FD84BC07D39E6C5658C14F94C1E154A9E5A5B5FDA2DD369ECA80858768E432FD4F1F7198CE0D2E79DAC09862D40E529E5BE9B19B0275DE1D078DA243ABFF2EEF079922DE2F80315ED116C32E59DDE985D03A598D73708B8968C5B24C06723B5693A53DA5E6B529
T=0

[53]
S=$20A7D5957156A
W=-$B25792B94C7A0F509011F12F96996C407DDB7312DA9AC981E730C309804DFFD1B74F90B9973759D65FF6C2EBBB7CD8CEE2531D20E056254E34758441C917BA32015DF33E4B6A842F78EF2639DCE1253C4
J=$1F3F94C7BCAC344007DE7F26B50CA7D91906885D1AD54A66E3C1D089C124AC4EE466C20AC69E1F3BA9466836F7C5477180BAAE58EF7B22305A732610A120E420A1ED1B8BD6EA106D9D7F3436FB55DCA718BC03F791356986E41C2FCCC8BE663D357ECA589F5E5474B92D4E4D0AE7591FC6241267B1BFD0395F92D12A839596B650871AA318970F1E42FB22DA62BA52EEB7951B2A07634834CB26DAB3395E96A2CD
T=$1

[54]
S=$3E673
W=$F28FC84F338551BFD6D876249853BDAD86096594F8D6C11A25984551BE05B291869BE47D13B16EA0A2A12AE22AEA2656E7CA06434880D2FCDE9571A52B8ECD829BDB51F007DA7F8FE6C5F172B8F
A=0
B=$4
T=$1

[55]
S=$1D55C7A9D6
W=$39E58D2487D42D337D3FD11D1DA9437946BAED621A6E0CE1C1AED5CB0BA5BD753E4ADBB6223B4E0A554D7E1FA9574D4C0576A27B78C7506D3521A509C2245C0AAD6660EA5221BCD4AEB1AE56A
J=$2C8D2F051E0718454D4E7505A4347E4946AF91F6ABE4CDF251220F671A972D91DD02264C8F7385DFB9FCD6D1168B22E7006AE55842308F7F84540B6FEB69772476D942FCF1031E606ABD2F39E2A9954F6B5643C64F029489FABEBFA5C0429BB37CBF6A81F3E5741A53A17DF582CD75E5C58A925A3859A04E12F65FC1043C5E03E801694DEF83A305D193B578568BD80C737355781A425FDA0
T=$1

[56]
S=$D02184
W=-$8ABD527923F967C372CDF783B0EE8224A539DA0ABB764D3A1A8B1F009140628D8F7C45FB102AECE287476316FCFDEA5D9F9A869ADBE473016F3DEFBF8541EA201F0EB7AAD79EE8F95ECE
J=$218F489BD2279025A3EC947232E45F4E8E773B8C4705E4CB1180D8B9EE1940CB3B9B0686C2D3C0517795CD208D78FE265787F5CD7E313D4D2D4B7ECF0B39D39BCF7E2331276076B0892C1C152A3E2300A9A579D22EEC5EA086F0E4236547DF92A9492016926F31BA374B19D4FAE8D51B233ACE95C95BBDAD2015A45042B44F392F54563F6C833B6BE0239312428A0B4A58EB0881
T=0

[57]
S=$6D4A1
W=-$143EB8191AF4442B9D6507ABF0FE3B08A1DD77C686B37D0636D90B0FE707B89841FB6108074E7AD8A13A669E4F22401DCAEBFE7E6DF5690974B3937A97ADF83D2F49A261FA748F13BF
J=$252875618C92F255F59AB3C461AEA4AADC4A6FB6F5112E45A3DAA93F6CDFD9DEB28F245A2D49F485E11042D46BF79BE2201FCCA6BD632F0D36192A6C7B8AF025FBCEA6EF30294140855DA03F9BD00EE7B17D3F554C3F39F3EA029B06184711B999FA646F159E684792F5FDA648B0CF9AAAC5CACD2CBAF56967F4D415D52FBBAEF23F9342C2F6960C2A40164EBC3D77511C
T=0

[58]
S=$2B28F1
W=$3D39FBBA73F7B0F370A62C5D5FCAB425CD9FF6CD896250145C6B739E8DBACF1218D944A138238F5D074A4AE129F7093EE701836A629AC5ACCDB0FD05529E7610A6407D2E9F8F62F
J=-$6F2137806022E683E23F5664792AB4133D96985D61046CE3B0EA6692A5645F46F6CC54D979949A1A4D0AA6C43C01830F58F2584D0D960FC2D45C09D8484B8E4B49C48CB21FF1E9FA29247A4AED68B2A52E064AD9154608320F56BE65B2A05E2838977231AC709832540983393EA72FFFF02025E03A14CE60A710DA41BF3BF707F688BCD1BEEF0C5BA0A89FF562EA9
T=0

[59]
S=$175D0FCEEFCC
W=$1612065E5C58B0804352A079C84A69297CC12C4FD309A18417EBED2AA6C44D969C404DC48E469E67BE28CC6FFED84501485BBC23B4F0B9B8950127E4F8E1B76D592AAAA1A2C30
J=-$170D3F6221121EC48C253F9EBE36BDE1249BEFBAF74B931D90D831131364E3F5A399A95A4A293E9D121ED64D9938414DBC4107F8F69843A3D594A0C9EE13B8A82D6C9D255948BDBC1BDB7673A417DFD96DCCDE1116CEBE25B527C775BB12DF5B2761D03AFAE7504CCD55DDC3ED0939C1E78E41D43273704659869B47A736C46AF168C55A7E4B5D905FFEDC5
T=0

[60]
S=$428A8896
W=$2E5DA4EFD30C841B8AE9FF6ACD68705DDB8984FA47A11D05283FDB30BE62A8E451ED9041E1E51909347D7D842E7AF4990B53D6A6433CAD28C6495A943834369CCB5AE04
J=$2E8DA95FD111AEA7245AFBFC2E06B14C2EFF5CC4103AD36833DB431EEA310CD9348C1F8E551A2477CBE72853A1FF24300DC72725ADC0A46C7825223AAD86931924A00ABB0E9028792D86DD8B8EBAF08438311DCCCE823BEFB7FC30BC1A41627DFD255335A63D595ECCCD4678C0875E8CA533C71C64B8621DDD74AB5E3303743366C2E96B297DA
T=0

[61]
S=$E5BEF
W=-$365CA0148EC61078C3D21FA16B1E1D1AEC9319F9F568546551E8FC3C1DD47E63F1F19FEE442A197B05F2D2CEA83281B2F5178CCC103A90C3195FB58733DCA5368C5
J=$2CFEA6E68234E3BD8532F90F67828F25E294620B1484BD3799B1BA490910419A86CA577D45A2D1B85636011E77A5DE0DA554825DA8B2CE32804919BC9D8E7C5F32D99880B43100C5E98A40F47D92046AE64FEA4194E3B75C5DFC46823B03BE0D77867888982E52466AD3CEB6CAF563770EFED19F7833C125BCD0ADB76688F9B83391B
T=0

[62]
S=$4C5A6B4
W=$F0B9ED4AE3459A44FA8C255E6DADA7BC67425109A9DBEF574D6046ED892B3B6C99D01F9A731D9073D67F9246414AA9A63EA8E5E0A7B6BEA2E881B48B04482F74
J=-$6716A402D21A7B3493E434DFA514B1E01464076CD3B7E1833F3F891B07F3F120BE1E067A719A1B78C8F4EFF8D5038FA2A3031C987BDB8B645CC5E2097AFF2FCD92C5088C9B2DB4709B3796B3812B413BB74F56C24670F7CE6B583B34F3697CF5E9733DF7F63F12CB51A1298C30D274B0513650C22BB9F7F350C573F1BD8CE58A
T=0

[63]
S=$26C9AAC5
W=-$8B5E9BA794097297FD86EF70558B6AEB8909EAC84679FF66E0602BF419E9D512E3ED6FE676621199D5AD64EB36B37AAF54188788F79197F4C35382AD0576B
J=-$26BC5402037488140AE3CD48E59FDD9973919CE4098841D98934C401DC9CB3729746FCEA0F43A7DFEBD8AE46190404E1BB7410A5EDD9962C586AE96FA5B2D1FC57E6E7B3DFEF595C52B3503F95BF9907330F26D32B87C824D14AC61AC5D98D87460B7753AC5CD0C55641B523E803F4D841465B9170A4D5C8282EA3D509
T=$6

[64]
S=$2A7A4
W=$23BE9FC531AAD068487C1505C276922DC9F364877EE47CD9C30AFDBDCD91A7B38F0404EB804785C0ED9DBBD163A8C2A1C76E4A68C9F39862D9BB5312F2
A=-$108
B=$69E
T=$2

[65]
S=$3E0454
W=$DF59E27C0A1319878750E9DAF93FA05F2DE067B2FC4A4F69BFBE1639F83C9F163AFE6F51AE1E68DA7DC973B16840AA0464D441E0900E2CB211F3D60
J=-$5DF6CB5FAC85C758795346C4471E9FBE997C750CDA8364E36991405D2D915C34AD20DEFA728FAB00A912EF4D9784EA77DA99F147B78FAA7D85884636CFA694209A189690742DD0F962639515AE9824D82712944E853A5D5CB37A808A1F7A5CB76D6A6A96EED6BE9AAA5D15F4DFEA7CDDCFF7B7D24FF5B8
T=0

[66]
S=$15616B6
W=$28D414E7D5F2D57300D74B8DAACFCC11BE2F063E4A1DB12E06D7FD06281EEB4BA511B74F19F3A8D0A6D25EC791F23B8262BFF3FED3D50FD2ABFDE
J=-$F54B92A85E3544C49CBB9B6866A96B900889535515EFE117CAA674D92BCADF870B84681B1A6B23FD188230451BEEC342D0E114F80DAF6266410C74432D0141692BD4B22C1709584D0A2AC6C9F7355C25BA31794B0659DD65F66A7330CDFCA8937F0A9C8AC1778CD8F9B600D3AAE928F1A46560C6
T=0

[67]
S=$9FF5FB70AF
W=-$279937E3454C836B52001DF562D839D3F3A954A9DF0462D2653E5A905BA6256A0BC4C810CC1B954650CEB7E82F54A0A7498ABECC1D87F6EF11
J=-$112F668E71A886ED217008EDFC70FFE2976CA81430AE91DD2ACB56575B8121950EF289211556B9D70F6244D48D2AB3365A3C1F47C43824F59AC7B286D0FC4BDEF874278524117F9D6865DBE7011C041F19DFF6327B3C7B3A419EC3BCE117147776D95E523FBC753D34A7B17B0ACA34E8043
T=0

[68]
S=$75E8244
W=-$40D2AE89B4AA7FD5B07402C8359ECED98BCE6024E39DE5EFDA2AC5F6F95E719B63ACB405E8E37ABC001B108DA62B5FEED46ABCEC2F18A
J=-$1756C27C8D85F697EFB3CF7C1857B93F7BA4DBD97C1E4D066B01616852B72233290FCB1BE736012998CD8058371D64AE351D9B4D7018EFB5C351645710E862AC2BB1D6F083E7D9471D4C89580775B1D8D4B96081FE3690B8B5DE7ADAF8F74CE34063CFA9B694B7E7BDCCE77D7
T=$1

[69]
S=$11051290
W=$1046985C90A7F216E7B84568FE49B773FD3A88BD95B5A17E21E49E5619D72CD7E9D804952E550384D51CA0F7E6964AC29064FD7AD0
J=-$46646F8A6035214A6509278313257745B2E6B37828DC4328529C3041C465E74068F569F61A897026B70935B88B481E91B3A8C2FAD9B42C05AE62AB5E19DDED95908727252645019FF193C6A2E06B6AA16FB2468937DCAF664FB2A7272E486C4158A2935347EDE44A45
T=$2

[70]
S=$191900E
W=$49AF33301545690928FC8409FADC55A09A8D3AD5DCCCADE8EAE9C941A0050F69B44762F607FD6134F9A6278C5D8165D083FC70
J=$1041D3CFF5DADE3FEBA301BD1A84286A0EF45361B939EAB1F2F7237000692B5F5C8642BEF1BEAB8898A3D8B80E71BD80214BF47B5EEDC1CEFDD5B339D80920DC682AA03FE96BD632E1181E84007309BA53DD35D5D29A26C0E71DC3E0BF96EF9358A5BED2023
T=$3

[71]
S=$B3486
W=$35AB82E67C66EFF392A6A8012BCF04F842038EF877A1DD833D1BE1A34CB1FEECAECC40EF2ABA094544D38FAB4BB54E619E
J=-$DD4CA8DB55AB544EF2AA990FC0EFB5660585EE545C682F68431096D3B085AFE22DB7DCDDA74DEFC8FDFF37DC8B80337C9083FBA1B11F302703389A93A09B44BC0C2FC5A30658CF8CE40939E6DB9CB9BDB6A5ED4AF1BD29D19BBA3907B3A524D277A2
T=$1

[72]
S=$FDF64
W=$7807E8A1E8757D6F25AA5073AC61E50D9C1D5C9F3FADD795444DEE7031031E50C8583BB8C7B489749C043FA71ADA6FCA
J=-$3A86170532E63A7034149BEAAE6BEF97222BA1A2194C01A3E674E5203CC54D6AE15AEB5A56E955B5E668752BE5863FD9F976A5B48F8B2F52DFC2CE085CFC5017E0652FC023BA83FDCBFE5974005D1E8F4401F98DF4D5D660798F0D270C012866
T=0

[73]
S=$47D11CD
W=-$168B5C4B644BB92FD12B3B36A561866A80BC2B36989A600E988B0632660A5B996A760709D00A1B9749C128AA81521
J=-$2ADED3CCC6DF56B80C9D4138790304DB1044D20F0FBEB7DA5BA72963BA26895A0CACB2B7733AF456BA3916773CB08513575463AF406D1A335FD34514E91D4FA5273DEB7AA331C68EF05E86FE2C0FAD787D97FBB1073EE7D68EDAD48322B
T=0

[74]
S=$1677C00D
W=-$2479C7BBCAE6DE997A4DFB1C58613AB70DD4F0AAD5138C96D1C9CA9A3DF4C4E08A8394701CA161CDE4B106DD533
J=-$840754BB46A41B020529B43675AFC41CBDD667E8D8D546D8A7C89215F9D1C5CD8BE71915EE9A894E0D43DC01EF2FD2C8CCE5C620E7757B6F702C7AAF30D851D0ACC9B8FB92F7BF01B8DEFAC5BAC49BD8C8134E1303138FD7E508
T=$1

[75]
S=$A7E74856
W=-$7E503ACB301E1E30D2CA0C097A58EEAC5A0FF67B669D883BC1035779200B3924E4309A4F9FE18C27567C3FA
J=$67DB43601AE4103A9643A6030CADF0C293F3B959EB2147577A6BD51497E05E2911DA17506F89CE85BB66F863F4C0EB2D227C6170EA712BBD426E24D8FF873D1264D0ED38A1926DFEB68CAAC89C8B762401364EDD317EC
T=0

[76]
S=$3978B99F6A0
W=$AB33220D406575FEE5A0AB524D20A0DE9473F4E34C0AC3716B21940455A26A7BD25A85CFF73EE7E47C6
A=-$23
B=$62
T=$1

[77]
S=$1006D7BEEAEC
W=$5781411E19E5E065C9D8D177525BD2111F83C9D22AC875D93B5E44F93F5CC33DEFB23C6B861CB4
J=$1184C00486076967302357799E1B3C893A703770E9738A7BADC3E763ED10080B36EA79DA8BF1C0EAB85EF2E07B09693D6A2FA2C438EA2A980438FDBEB0E298873CB06A8926D5CA09C118C34855E
T=$7

[78]
S=$2DF98B
W=$168C488AC485B7301F49E8778911338638CE45A61AE4006E19C3EE6B5B7B43C1EF127990B
J=$1316671C0FF99EE311336E1CD6278FDF80B516DC67190E8CA3A472BB2FF30645BCD18A1C44AB5061BC188A4FCC11F2678A814FC1F0E69A7B0CA3C940F1B073F86E6D17866449D58E
T=0

[79]
S=$2B552A
W=-$402118605567005ED5FE13D22C58EE4CB7EE1F63F274F7EAB97CD123360BCEA0783A8
A=-$490DC2F15B8C9B5A07AE293CE422526BCA22F3072EFD14EFC44D80FC82AEED6D411220BEF3FE30B8BDF1EA716CA5DA7CEA40316E9474EF41C5A6D43633CF069EAF4563DCBD
B=0
T=$1

[80]
S=$2F0BC
W=$4D84119E2BDBDFD8C0F4531F68DE51A886BB2E0E06192BCDE0D649B6D9E29AC8F66
J=-$2185E707E05B2504A7CCF8A55E4C49A9A2298A0754C11C9F29336BB98CB9B86C3975E24F0F4D3089A2BAB336E008134C834408FC96E92E0D222B40D9D817ED19C199D
T=0

[81]
S=$209DF4
W=-$1F7C151256190B63A0323B242F70AE4AE5489B1E19EE59E199E2C4E18D05B976C
A=-$84B750
B=$24C7B73A2
T=0

[82]
S=$4C629
W=$5CEE160896B996BBDBAE94560FBCE839CBC652EEDEF4EC124CCD443C762399
J=-$F573672F8F4DFD5137B3374C0A41C29F3944BEC4C4C7AAB9227CFAE71EEF9E5B48D1F578B9826C6EB39F2C124C36E7CB288493FAB9ADF75EBCB01B6D485
T=0

[83]
S=$1084E4
W=$43F27AA6F02BC04CF5242E6F35C41AD2AC7B0054E23701965D3CAB5B3DC4
J=-$25939C7BAE5215EAC1B351C1703A3BE9A23519DAF40821655C017BBF5AC739CFC823D3754F213162E1312CAF3C8271B36C5EDB953CB8EA0B9F45B43
T=0

[84]
S=$3691CA
W=$11548DEAFEF9211A7FF59B79451DD9C0AB09E93D75753FAAC8009632FC
J=-$39096763644AACECD69E2CBF52937DD0FCC02067CDCEC2FADE1468CA55FB63BEC43B8A9D05F94A059ABE7B50E014AC44166B7C9D652AE26487
T=$1

[85]
S=$1FEFBEDAF5B
W=$BEECA8DAE5291203AEE1E5CCE32F05892765F88EF5E57F13F56E21
A=0
B=$7
T=$1

[86]
S=$4549EE
Q=$A

[87]
S=$14BEF30
W=-$3C8C85D1353CCFA336732A1CD081FF1405F0CA6B04DA6B2
A=-$7328
B=$1DBA42
T=0

[88]
S=$4411446
W=$1999F2E3F2FE5DA224B2FC3E891AE5678EFE167DD292
J=-$16C30A7DFF2363E3DEB39255907C6C751FBDEB5502F04E15622865EBEEB3E5BFCE8ED7AEF378933BBE01FE7
T=0

[89]
S=$1C935
W=-$17BCBC87CA19C2AE0644070050B5879B58B1BDB91
A=-$108
B=$69E
T=0

[90]
S=$2D071B983383A
W=$31A5E20995C27A3728CEA40D83B298064F4BCE
J=-$9FC980D48A57B6E31E82CC64E41F57A0C9CB3A7359353D30996D530C7D41AB269D8D0963177
T=0

[91]
S=$3194D24A2
W=$6A437C433FEB36BAB160200F37C7BB3A
A=-$1E
B=$38
T=$1

[92]
S=$9316AE0C64
W=-$11FC8BAE280B2A2111418CF055A
A=$9
B=0
T=$1

[93]
S=$2317F67B3EF12A8
B=$2

[94]
S=$5BF531036E6
W=-$53E8DF4AC1F74526
A=-$1E
B=$38
T=0

[95]
S=$12F1581
W=-$2DCA6490F2F
A=0
B=$25
T=$1

[Signature]
1=$7498FE032E1964B9FCF6D16B1393162B617685C6D27814E2
2=$32B28609F9684BF59BF1B0CA664325192B339564EA4CEF61

