[PRIMO - Primality Certificate]
Version=4.3.3 - LX64
WebSite=https://www.ellipsa.eu/
Format=4
ID=B497703821324
Created=Mar-28-2026 04:42:32 PM
TestCount=117
Status=Candidate certified prime

[Comments]
Put here any comment...

[Running Times (Wall-Clock)]
1stPhase=51.19s
2ndPhase=11.37s
Total=63s

[Running Times (Processes)]
1stPhase=295s
2ndPhase=71s
Total=366s

[Candidate]
File=/home/lappie/Primo_Batch_Farm/Titan_Group8_Prime4.in
Expression=(4797791281543386627007)^47-(4797791281543386627007-1)^47
N=$616BE0CACA540CE5BE7565A894D875BA0F67D07AF9C070F23CDFFB91BDCCABF7F64F5CD3A9BF36BB7E8F2A3458F56E496D87EA8F1B97ED56BF006A3F2AF0F27F90ADCF50A582E6B7D7C61288944543618F1658E51B158CAFA2C2A205DC448DD6CE157D6DA58236DD5A8D0ECB99AC2C7E94709606B81DD2A3B59F78E333DBF3EAD577059B59C2A2A07A302F3A7DE51ECE56CE175E68DA69F28E0898F709DE6DC2F02CA28252D24391A08B77F603A3CB2FE73C6457C699373E32085393427075DCB63E5B8D37E56F03A2170302E9327CB9086D5AFD87928E859AAD40C4918723FE8577F6CD211F15CAC42093DAC90226148D18EFEF8EEF93ED0A54819369083F48D746B75D4F280DA09D8B2DAFDA13EADA7D191935E65EE4F4DEB06381326B7DDB50A64CD43973E0F9CC69AE7F025DC13A8E1679677045AFC23A6BB6D699DC283FAE2E5DA98D570CEAD4614D625140D8AE340B47BA6483DC32066C267C4DF296B40BE82340D54B95D034D290755691BA74C4B3DD5B9CF502487D27323958E63810FC33A1C1AAC4D7402C814F3E8B5762F96CCF9035A53E40C0BC29C2FD87A83F
HexadecimalSize=830
DecimalSize=1000
BinarySize=3319

[1]
S=$157F420C6A
W=-$55AA68E888FBE0C7F8B4F87F3733F4C623D2E0299A15D7BAEFD9BB89313576D925F9037455D577D622072A2746C9A261ECE54F422A84F8FF15F09D70FF9075464EEA802D4AC5FE5ECEBF4F9740CE14A8BA0791A8256BF7E5CE6DD1574A237C9BD744DC87DB0E1A10BBF93BE3BEC02E9758CBA91C37C728256FB7B1F199F2C0106290EA185CB24926C0B50E557A05CD6A48F7EC3CA22E38F69E328395D963DED7530CA5CEAC201E69F806D810A8752DD1C28F2F3F70242DF9614CB3AB6708551EBDAC2A678D236871580BEC2A0EA7BB6
J=$4AD4C3D923FF6F1D1987C9CF6E202F915C6EE23C49030932E2A17072E163EEE6D8AFE80BAF354E7C1C2B27AEC491B0FCE7692D73DE2F463CF448C5C70FD11257557319E27C04C302B738ED240289381A6F6F1F132A17E960F0A0AF8381A40324A04DBD9FE1678D8FCAA97D921E35BD76CE84C20FDF1E7811FA8C4F2476966D219494C1A232F924F8CC25E163EA32986B724A959DFF3E70EB04ADB7DA87E95E41F7379146AFDB353FCF5FF2B4FED42308957A3E6A2BC133DAFB1570449AF0F876E0F3A314B36F4437D65423607F734ADC1D574FEE6143ABA959009C8DCCDA4F8B33B19BE46BB9A9B99F3B0F54EBBF749052B4B806AB0D616D749673F50798B3066E3175AB6A75F5261D9F1993264819C0D7FDBDB54415E1F9E0612B8481935BA79268F37DF657BD32D4B036B0D9A8DEC1C91665CF38D7155ADD9336FAFCB21FB9380F4DD40ED5F22E0CB4421220B13A0D89DAEA96196E298BDA58349D60747CED6B227B06071B5B55AAFB8964E20C4162D5822A2EBBA310026BA41597D395D281D02F2696A03C97DD83BC38EC19565C3FCA59B1662A81C8DFA84764F8F5F80
T=$1

[2]
S=$2AA261C17275
W=$F4D32F40B2638C6C9178196DE350A8395531F1618ED84BDB9EF0632608B0D878F81BD09B24EE6886BC76E60C20CCE89A28B3B2A06E2A1B7B4C8734178A68756594F11B72727F175572EFB14265850E4EEE6931E8849A390400CE8C4971B97087790DEA5A28902451CCF9251A16110C48C69296883F5A4C38CB739E597A25C91F4ED70A01A4C0C3D22C1B64B822D8D95E9C8C228DFCC6B442E4CD0560E6F3339AFE97AB477C4554705ED3F06ED4A4354035B681FD498ADBFE618848FFBA657B9C8C2B7A9D140ECC55A9C9759F79
J=$1F3A496D8C74F0561F3ECB757B605FA0E129770383527C6B9B22E573D4575E01597C6B525C88F7175699BA3344F071433170D06F27ADB2FC0D600EA9A34BADFBA24EC12396E022621EFE35D126E132B996CB64036D60ABDEF781FBEBE8B8EB149FC94F01F2225B63D319ECDF89F1EC6234EDDE10DB11D986DF5DF1799513370CCFF574A5BA6D4B4C8306060B8ED62C26D31F316EFA6100042760EFC6F9085BE81131BF6004E68FD3A7E85E19CE81E813B20D7B67C311DAD4178AB8A657043C3E4465AA7099C97B173905FE11D0F177C4A885748DDA1B91F79B6F5D6077360E6876AFE100B3046C07809828ABD80BE418A8C8B5585B1B3D582F4D2D0EDED7C9FD01BBF5A584CB2BD168C6E8167E735B4F5B6AEAAA8881CB8606BD15D0A728F31A502D4F55410592E31D7D24F0BAC12054A60B52DEB2E5F38EF9C41D666D4B28C40AE11CCBBDEFEA2521ADD34817EF464DDC82038BBDC1873E7410A43512C7A02B3A9D5B8C3FC9B9832438BFFB0AB282A39626BAEA727AA7243858D9D1C23B057FDFBE22179657A7F0A83E6E4ECBC32179C0A74184A9712F93E2C64
T=0

[3]
S=$3CE0F5
W=$4DEAB13CEF6AF79AC1EFF1627226A4460CBC8277E0455A679694DD6F06EACF8B793392254E4FE9B15B7896CEA23304FFA08D0A65195517792755669B266B2D9DC3F6457164093B2F174E646D17798A4F15353F274BD1B0396D4C742F68C528F72F640CBDA7BD3BA03AAE1B211A8DFB46D24DA72477613A936794120A6C0BF0B2F91A902260A7A576DDEE0BD705BB29DF088BBB5AF2734EDFC4052FDC8EC1076C31D4F8FC00C5E97CEAED81FBEB8A281621CA9CCC6C043C5A91DB696FEEC25A6205B0314455335E63CC70D
A=-$7328
B=$1DBA42
T=$1

[4]
S=$2FCF456C
W=-$1542A7548AA3753AC6ADCD47830C3ECAA973ECEBCF394B76075D9482E823472F16E6438179A5922C8B76F47A99E6975DE0BF80A836ED39B8A11B6B614208DCB2235A7F06CB895C76B76FD45ED362CB763D0C5B059DEECFF3671A3FD9B30A2FD84A6CCFBE325F248B8850DA7C3B1506DD9D55F3A1CAFF37EACB174F882097797734E7AAB988511AD70E2E85CE73FE8941EDF786CA32EC5082A186742877759C7E6284FEF5CFAB950CED51D184F2314228F23EFDD714BA1717B6E9CFF628268B716512DBC984FBC656638
J=$20EAA4BE0A8B7D44F549BEA335F68512EA5F80289AA02151D1C454AC20547FEC853374614CED13E37118CD3588B8C57E01D5DFC4320F45D5C251E4D81C28A7E03B6718CB460DD8B7C4A791CF3D5690C16B1DE78A4B33E4DFCD816C8D77B02ED209E405A2CDE53EDB5114C8E00E654E0C07E67128FD09F04FFF2F5637121FF6504D7007B3D20BEADFC99067A45FE185FF141C53591EEFC994B811F2C4D4A3115C1F8B82EB631B6653E9F4992384AD52E70E5ADF17E1C3F414B66A4C218883F0D17E60268E914EC78CB6633343700BF5CC8E56E4CBDAE9F76A4A5A5F07C4A27A05FCED9B607764FD3739444D0050C0CEE95024FB8A8504D124416938B9325EF7F18E087CFC164CA5DF27CA911609B1A050395A74DFE56B89549EE00E18B6006A3B5AF3773BDA7EF7F1DA7CE2FCE908DD9B2E68DF04F18327309F1A7C17E7513196D2E35DBEE817C2CD52FD7F25D102F6C011D0DED49CFB694FFA70D207733C7796325C6963A398DEEC952E84A58D2D980108FAD3A0ED10BFAC81943128D1754A6BDC3AE099C6A8B33AF3E16DE483C835F619AA
T=$2

[5]
S=$46C1C64
W=-$74BF58D4FA250E951EF5A422CA2238871FC6CFD088E5935131B37B1BDB29F626EB3E74E829119E509CBA3CB30ED2E47D2FE1DF9927AE7493D6D7B8FEAEE600A07BFDBCDCE12511EBB46748F7D6E5828A4760965093BFC041864D21A390F89E1697BC0ED3182F58EEE5B75135F48E404F379AE957B7BF909BB6A46585ABED32F915451EB699A56FA7C4A2F143231A2600037C0CE0C90DF23EFD066D14C1020940161A02804BEBC35872518577E4189A6A57ADA48D90B040F3119A943CCD9260AED4CC8576FD6E8A
J=$9790362F7DB98367F94E00C4F4BF5AA10827FFBC2C034CF6EC8E9CEC709C25FD948FBA169B75BB1D02A1BE0AEB13086BAC34941B56AEB11AD59C115BA48FD2CCD78B12820CA2C1F5E4B28DD1535F1FC39D5CB07AC9B3CEA3425128F9B03573506A7F29C902B2A6EFF4A81C7650A9B228799E9FE97DF9C61E850F324D767E5E1B64CC0EA47E4543F7C11E2942FBE153DB076389C4BA350EEC4CD049DEE7EB66FC5C78BDB2605A059F0AB4D31C3C7E6C0844B6129AF92983FD0DFDE76533DAC74FB96E3F9F861691471F0698BA926A7747BD1A09248338BDD03B7AB8CE7188439225B1C1BC11350021C06E8D3E4C7BDF686436E9872F939242B043D2C50F8F2D41740AAC7EF66E507F5AF41D88468CD90F9C3B44F128EB62C54AA44901FE6C043194D1BEB5004DE5924D65E716D4C249D2B828B13C98D50136FAAB17839B960560210D709107F8EFF8F38E678B1C9C795EEB88A51435266067D64B80BBDBF361E2075D057E42190AF512ADEC756CB4CD805B0E3BAC0EED93C07F986BBC70E73A5CDF09AC6F6BBC6B170F3DC4BDE64C
T=0

[6]
S=$3FE4C79
W=-$8425BA94F4923AC9F8A1071DB5A17C84919CFE3AEAD0E96B406F20756A8CE2F28F15FAB42AFD5B7BBC74FB58C32FB78B90B6DA7666058D0097F4D60541BCCE1FF59F3B19B79ACD70DB23418ABCE9DD373D0F5E7F6D2B02C6A287AC571A71908C7A4FEDDF72B322A62E5B48310FFFF981302B4A921EFD61088EAACB63E54B592EA5C20C2E9074D104CB659615E234E7B9432AD23D710D5658D1D065522FD4F8A2E72B25B3827F73D0C8200EB4F57E2B9AEB17DC98F9600D3E407F39B4930DA144B0759D1513F
J=-$139837FEFDBB07F2C558424C0A77ADDF1C70CAABBE63F8F185A5F8135DE74C552A5F031900408A3F9A73E977124C9AFD6A1D4DD65F9143EF30828301401C672149CB88079EB1408E1D9C2EABD7FA3952E137FF1263503BFEA34E2CD97D850DB3124B3BEBC7493E4E4FB8BFED1EEFCA8C736D2B0190CD95C95A64AC5C3BD11F87814B5F9C68D575D4094014623A47CF0CD1C05B6607283E4907D071525A395DAE5BDF88A0328EFCA5A96642260D68E203321F75664C58A67889B752AD65EF898F56F77AD9DD87C98C5EE0BFBF674AC9931FBFB152BDDFE14A49BD0480BE79E7C071A580FED06C53A45B1CD17FA2F7D33ACBB284EBCDF1B42942F4605F3EECBAF6F13C0524E6E4E4F3B787570D9B7F809B518D6470FA5E0C0485484D4A9C71C0AE0722490FDFF0A3E1C5271C04527E9519E1401BAF7CBD185C3DB3860EF2B43C5E82899694B44AE6938C5FA502AE89AA79F59BA73F4BB0B09C6D838EFCE3FE2866932EEBA8A9B8E4D3BC540E9AD0F066E0EAA1782986685F43FF64E8BEBB4B53BF0C00CF9BE559916728E28
T=0

[7]
S=$449D2AF84332360B9
W=$B7C0E743DAAF2BE6A17BEB2235126C2FDFBD955403ED6D49C11D8CB64FEA59B3413907559DA9E0361A659649D02911C8FDFB54E386D1257170C1FA997D9D7E63416AB8B957E7E160BF5D5EACF52EED077757C36DAD0879250DED750FC5E58CD70E7E5AB65EE53ADFD98F1E2EC7F0264BD97AAF2F9127EE26240EEB94E1B3E239B81ABF802AB9EF70FFEAA0DE65FE1BB8C42EBAC477EEEA6F4D541DF421F76C4C86114FA8896865F598AD91DBB6D36B8F1D0F0CA0354B61E8D6D2A22A66D47A56BC298D01
J=$D9BA8A089EAFDCE81B1B792297F0DBD4B26D7E0BAB6A0325C219DA779AE29E613B553C44C1C3F243CEB2AB8DB6ABB830B8AD6EDACFE0633326531A2B0CE4F93D856A416903E48D2A97383AE95D0A410DE3664F6A740C8CFEFD82FCF9DDABCA5C261D1103CF79CD4C7BC50CBE5869EB229682AA516E18ED154EDC116F23034AB833E8BBD04FCE682E086CBA87F900A549E5F0E6CDBF7BE2344BE10EF77E6A5167D8AFCEF79382BA244227D5A68E29166E8974FD0F0EDF36721B5D82406F68E9DB55AE1CE996C00F45EFE7549DF5CDF5D97C72814A6C421551A314C334086EA80F6FB0A7EE66FAD224819AE66C1D7ED71C2257A27A003830EE75881694A7567303D2CE17F48746C4D63EABA032100835AD740CEF223DAC75FBAC5DDFAEBF14760C7C29987902C5D6A9466AE7563F3EED7D40624133736BD77F55CD95FEE121117460AA9B73A0A90D8C74D792FB74A436414CB1E59C24F54840D1C09E7EE231B4E0869D2FAA8277DA04BD31C78D46C4016555C5EC6EA5A668D66B7870FA0CC84B49E4D4F2755FAB29A
T=0

[8]
S=$1FBDFF7E9
W=-$236734CD72F33505951FCE393F8A793D764AFACB024F5948FE99C9EF7F4BCA374E1650E4F97F11DFC088ED903553960555B9B37E429C236583FB601F8300BC07339917B633114A6B73491AA5E537AA88655DE2D0656FD1611E415C18534D83176B14565EB72A2790BDFBFFD62CA0DBB1608FF06E6ABCBF351B516E35AE0549B54F425B59E943D836E294CF6E57D7AE792C0CF07232D6B4895016A487674F11B22E9B7C4AEDEFC64AA2F93B4AB1B0A25C21A737B81735D4A37FA592A90077F7F
J=-$226D4AC3B7DA9028E879EDB0ED0C7D8932EBC52142885983098C72ED592C67A7866199009721736C6D296BF7A9AECD26AF93DF8FBB281695EC77D83B767B56A0CAE64937B1EF337D8B9CF0186E39817CFA53E06B64C8FBCBEA5B17E375B57D6A04104D7EC30A0C0CF4F3D94FFDFB627D7B94C750ACEE3C705040CEFE1CBCAC66CFEED1ED9D65A059B83812AEFFE4E67BC86D47F92CD0CD8A9318C6DC0353614FA949F9D70842A7F9F5C3F7967B1379937C6A0763ADAEBB0C61555CA7EA03B662110EC1A3D3D9D598D1F22E8431EB4F0A93F79FDD4FFDF28669463623B67FB280AEB766629BAB3C93BF21C6BEC87FC0F693BDFB3864B2B35D3F2BEC35D3827E9CE995B566A343B0B6FEDD3E3343F6D71027913CA2D3702BF451672E132662461F8C3A5798E47E1F9E97A259363A8BDAA7B3B3AF2A87AF270FEE56187CC25006A3AF4D838EC13D69A24CDAB3EEB3F047B1BE8612E4391BC5189FFDDCE3E202E70203083F3BC398B622254EB34DDE3AD3FC7A8E518B974DCCA33E2DFC1DC96C7D2
T=0

[9]
S=$6BA6D8
W=-$A80D7ECB4F046655266D4B41056680E9D3B857F64FF3EB86102932D800C42326C51214FBF9E2C076C954A9817549D51B2E7D3575675E908805FB5DCF266C8CDC5F7F55CB1537367E17003148BD0BAD39075C517702153AFDEC4BDDEF20DB46431ECD72DBD0ED28924B636E8F70E60BCF43D62F4ED23C7F0D7496C009FD3B6B4C7E8BA41BDBE2E55BE47970BBCBC3D89F01C29B0EDBDA098058DFE651F0DC2395BEA00628F7F1262681DB95474CC01914DADC6131A29245151237369933A
J=-$4C33134266CCC9D09459F89E77495627C4E53FE33F19F53C2E5D0AE4C30A9BCC291F5816962A8E7ACFFB8C3A2DA5565F6D478A7F6BB8D760C13D124E12443DCC386B1FE7216936B938EAA37070887FA0B76122D832661009CD2C9252DA973EAA3448AC337E9A67BF2875CFB33F2B164094389597B06F16744B4AFD3DD8AB048445B575CB138BD8968CEBE2A4D3193ACBBEF6598760C439F7C370C82C9FEB366D0D8F203BA1B9069CC5D435BBC80FEC6BD04A95310446E5A2F70248073C3F597CFEF22E5CFE6B913217580BFD72B634C9D5F992BA8C805ED962D94AB985CA105D15A7F7616097FE0D47E5061613AEF05D05B4DC7A923B5EE08DC314BE5C72C3958B722279D8D22F236436758EDAB15CB4985DDA9487B50B43A24F5F3E4ED56C4F80C9BBFB1F067363648E9455C4F8467A6B35E877E4F5B882DB494F183023C54E63C0A6B5FE1FA7488ADD7035F81F669B2FC2E1DAFCD6C3272C127E64704E3A99F9F7B067E31162ADF7B38A133317609A209061D46A5B1799F8583D
T=0

[10]
S=$734B04275
W=$40777A11052C95D53C31105B8DB7FF6A40348E180E4F1541B5242EEE528976EE505B63BB704357AC87ACDF9AE575611FE2EBB1D853DCEADC4B032F1C824B7240209F75D73FA8C67F4B520BEA9B158426777C94E4634A6CF48846ABDC464DAE58053064D8B8BD02B1CC483AD2B9FC5B1151973039E341FD30B5C1FA9F90244ED064783F81BE0661BAD205933B59A945B55A311D5C612F0161D9ACD2A3F775356EC74852FC735021405E98F8B37E7F08460A7F58B0FA619638088C1D981
J=$284D0F661B8AE0A7B1DCBE2AB4E3B76727456A8F60FDEF6DCDCACA0FCD7DE7AE53C68A613ECCDAB9911E705F5324F110615019C7EB7BF59DDB264FE0C07904BB8D81ED43A568A4C0768E4372F15764E2C87CF99A19851E46A197BE7032EB5A8F30E9670D7F8C132C8E0573CEA770A29C6EEE437DF981E5ECE2EA4B1E97CFAC28735CD88E3B72B36EF52E47311D84AC651658EACCC0A87EE65B7C5A0FB69466DE63F346215B92E84416353BA4235DA67CD6E3EF80DFC51EE7DE47AE7FF6839392F22F31F348F72A4CFED1D9788376CC423CB49DACC70227F58C18E414C10B63D907839CB3041FD4C438879C1FE21B60612FA0944901669C437F8BECBBC693504F85F41C937EA7B29B83ECC1DFE93DE5ADD1DD26FCF01A991478EF597B166606C9619E3829CB28F6D2484256EE6FFC324D22A2B6A8F97FDD059108C49B1004B73FEC43D59BD6302BA3D5A698C4997A35D369EFF01B3833AB8F7C884D3D5471BEEC948A2E21597038EB8D8E4CC7D06543328D81E13C8C5EB7488
T=$1

[11]
S=$34C2CC
W=-$12BBCAC16683701257FF043250FF6ACC8A151B86A22332AE614DFC83BD17FB42C156A0C159BEEE4ED7DE88A6C51DBFCA73420D8855D5D7048C1E8309F35FD4F1BA9CEBA9FB6372A635E273D184BDC98254C172DC81A1A95A991DB528ECA38C5555722791A399E86E3605E0832442DBE5162D7C82967B390DAFA5262D195F8BA4399DFC924ACD67D2420F34CC0306B3A7E3D75409D558B4308398A290E405D9EDC298047B9C57771A1D6B00A111B5475BF4BA3EECAFB0B9975D8EA
J=$438A90030F1D21ADF6566507A29A2652A78580320D13416A70BA57A2DD04051908D4812BBF40D4584FF2CE90751E99D68B6142BE5ED48F8C80104F68428CEEFBA152D488C49E573C8AEFA1458F09D4E35C0B462B9C9AACEEEF93D8D416CC7269A93531AB998734FCF231D7C1331488E0CD14E653B83307AE64484A4BB69E0EDCD17BFAD2E798E34984537631875C4E29C567E2C3517F3D4B44D314D4CF0F79C9AAE9C97950D4DD76E4DD5F21FCE96415905E8F1BDA2B6B7A392272772668C778BC6A75DC9F8BF0B34EA4DDCA3B6B52F85EE3C48E386183F744AED80B58484827A9F337542B490894E8236A7B05265799BAA8AC154FBEB349E6BFE67DC69C56B4E7B26C32A55AD4B107166A9D159D0BA89E168CFAF3B6332360504637C17DFCAEBDAB8EBD40BA1EC36E81CCED7BFEAFC89337EA6CDD49D4AD58CCD464372F6870C2AC0A5BD65AA71C10EA382CA9ED3E7A1ED9398997509AFC71DF5E0E43800E4F4D6DB37ED573AB9FAB610E0DCD3B2A060C8744A9
T=0

[12]
S=$45E900B5C
W=-$515E3B1FDF5BA6713B2333FD0DF06B308235E49BC99EB1560FBCDC07E69463780897B3D3A490702597E2D35EE19423A0D93D48ACCEF5F379A5D5F094E4142808C83AE37C3107428BB26CA121C794F57F50487BA285445773C9063DADCD80F689D481D3C75F952D1B3D3C77E86AB5706B47080D77FB8672D127A105616E219C67686CF59BE25B331061E2F3727DCEB5BD399F865FBEED16EC0C49027A42D09D068E48E3944126F89980E4B9F721301EA149B21B2E1B5759BC22
J=-$24077A5E402DBF2EE13FA75C45C36071A46B6CB160626A2925AD5554F0B7E808C2F9A10ADED0DE954E09C83D2C09817D9EA40FD6C35BECBAF180D04FE06DD73187F37DE77CE5C067678D53B9DB6F81E0876E8260B313F7568CBA56DCD88A2F6A2128E4078C662E98FAB0E772207576669077FDB733A740868B8692114C9BFB87FDB2BD6FF8DC7FAB7C6279D7200F12A59A16F8E58D9E287A50E244BBE254BADC43555DB3AEA156F85FF948B3E36047A6FEF016E103F3637361B5E565DF46AD01CEDDA95A1987BFAC9C132BF8B3A244B1E2C55E0BCCD6ADF89CBD3026C016C57EE4D6425FE2E1F47E06AB6CF8BD8582470AD6B0A0011E4BE49BF6784BEC8BCAF9E2A0CF303D43EE7D9B69C26C7292956B511427A59F9648FCF35121481A9C715D04295E7E3D6ECDC8392D7D6EA7B9A53B99C51FC8502E32B7939EBF486DE8E9957E5A2D1D7CD98E4129B02694B5E46518A9DB249A0962BBC35663A8D988C4FED54A7993C2D59BB30E6128412372FE944968F
T=$1

[13]
S=$133B684
W=$20F0F5F85E7C1DB7A71604930730968B0BB778C5BE748527EDF4474D1F1A2329516C9BF913F432E193B2BB2581ABDFE4E1E62071D92571D3ABC2281214F9D0840E3C3500438949106C32E48F3DC7BE5C9931E30E5AD69EF859EC8F6BBA5BDE1A0E13609ABFCD1B4F5898D13355C61A0332D7F04DDFFF9408EB65799B0AA5CC0A1BD1C6C363CFD69B3BFFF9A4A3387B3029F5BF85F1DC34322F427C5DC1E3EA385D17025177464B802CA61F5855D598EE35CE0DC0DD77F0
J=$FC0C92DD22507D28F62FEF2634F5A1BF4D9F050A8068736D04460A91E3E924418EB6D0601FAAAAD851AB7D79FA6FEAB2FDDA50A1CE38DDF8E3394D8F5AE1D43CA33510F006E1735FBCD5A0667C6345503F90E3106C76C10D107A85D5A9D555D62E2E731D16039B008C94FDC136DECEE890395503BBFC0061269B60B2046996EEBDD31F91920A759A519BF241428466E4BFA0AA2D1CE92C4CBD5750462D315F063D47710739FD98A00A018EDE3000E4A133A7CCB1AE784922063918D23568EC9F808FBB53D29FF5E25DAE370CB6F909E36EDA8A1C407EED1F44CC0EE1CB5F883E83870E19C9084A8FD7FDB911CC64498E717885E61A0197D7963EA19068DAA703FC181E0171B838683C801043CB3E125223B6FC0D291F93B8FFDC08451057296C379C0842D32AA3AA72897E3DD977CE739ADE16F8A4FFC7D4AFDA466FE44C3891A355C1CAF374951140F18527157116592F864D7ED474EB9A6E8023A9486A19425563043C09946348437161A99
T=$1

[14]
S=$7FF386D
W=-$2350529BDE0FF8BB84319FDFE12648C3C462EBE656D02B067E0FB1ABD2E81101628742067F4621B570454F512778D529473F65C06839074476DDE2A7EDBE7540111FD9417575EC5BE1037AC969166FD42DFB653840FE69E6CC6F397E67A51A4FFB7FE2D4485D01935D42F38E4652FDA4F7D99539230F065C0AEEB82B8F9E90A092D005A6A0B8B1CF6885196F3943A35B10A8CCE7D8090C3C5AEFF745E215338E6A792E4770329B6287715B13CD60ADB20AD3AFD03E3
J=-$44BE3C86291B3893EFE69FD4A41138566064461A715219550C692C3A5F34E3767122A3C1B8C89A1AAA75A18C293BA922A12D20A1165BB648291255B7F74710C7A98F2BEA362741401C5A8E9111033B36CD6776BF2391A7CD377A87EBFB78AC581473A7723A5CB482896B4E945FC635E73E44D0F91123382A9020001FDAA9B98DE2A44269E3E64CA841EF747C9B9E26948344D6AA076540E11510A8F3E226FBA6C57877F57B908F7EE11E26018498BC06A98805E12E94E229CA4FB960DF1C292C4A81327700DE080116AFBA0D8A483041EBFFAB738E2F0E01C2E44078ACA9F19300EC3B61E53294F61F5354E35C3EBFFB651949646F130AEA07521CEB0FAC5B6AA0F95F58193E685284780CDDA846AF41BFA5DD8E1AE61213BA99EA652F9C6E61805C5DA3F1E7306026DC1F72C560B56763E64496DE2F3F74CC5FCE9AF1C96EEC99D5278B11B722D1B2BB0FE31FE99552BAEA4A33C1F93CB40E4FCE770F351E649F322595BBD7C902F130
T=0

[15]
S=$2A55F9
W=$B0D9F7C0A1C0D4E8A4C441B0FF896C7B18CD2C1FECFF4393CA76C23E03CEC35D7004FD50C89A231C800DF9F9A7EF626E55B84CFD41650E581E45F66A1D397E5C63923C7338CF8DDC7A7B2D63356428B1188E247A993C5A0DED2B2A5F9ACAE06307B6685EC18BF5AD5BED3DC086F77227AA11188DA161099B6585AC1A432C693733DE6F47519CC456C0A5386F8B6DFA06D9DA625D0AFDD1A063499DF63A480614D9468D9CC45ECE603033B79F02FF00165B8557F
J=$4554AFC72B7500B536C2776DD77D7BC98808FEB48F3B8F9140597B568103941148D6CB3B472CABC608FB1799F029FA8608153866E479F69C975947DD96C59C4A17E439B8DB62C15178CA98900B2F3B12C9B5C735E9FB7D8A088727AA3F08B119F8CDDE42B74B7EDF71F95EB10F9DD14EAEE08536059876F337398D22E1A05255B364C482B017B56E24EDD2E6A2F6F77A411F0719B45AA40C3F314F1216F76C39F68EB3BC01103877734EF8E8B57BCBDC607A035B7115D9407587B572D4848BDBCBD45FEC05CD951D6D69869326A913F48203A9AE2D51E99858325129D854050211A951978E860A438DA96F3FF9DF0BB79D1FA12E494C8D3AE060FDA46A8D2E99DF15481C4CE8C76A8237CEB19DC12EAA6C191881053C7E49FCC8C50A1FD715E3331FF63ED81F4CEDB88BA5D7CDDA113B64CCFCA22E01AFFE900101A26C17C47E3AE25BCC03478D8735F2EAC8708C2E8C4630D4F7556AFA70C91701340EDAE247E63776DF93D32
T=$1

[16]
S=$4D3767FA60
W=$17CE36597F236889BB4A5D484DD81B5A466BDF9C9D9652846DBA0117A8934CB2297CAE22747D778C915F97172C72E3CEE80F0679E165C148F1B02FE3AD0102394CB0D57E4A1D038F25F1B088F85FEDF6C580D8FFA1B2E1A75BE3CF73B6032AE9D38D9BD89DDBAE1018722393FF172F685D5A3D39AE3515CEEE7C0B1A20730731864B9B9438F683AF3D19FCC30A4F01E374FD9AB6D94BD5CD95BA9CEAD39D6990220B2E337F7FD157543709566D2BDF7772066
J=-$2BCA5DDE954405238826ED86B0C55030CE51EC91AEA1F2F2A6957B5C9CFAD0B6D072D9EC2193070A27DED3539F9457DA341DC3BE6057E382A8FB889D5A99FAC4D5DDAC4CC5CBC2C34C36FB0B2192A957A5C093C7C655076A0826ED61A709A5BB5E517B126551F1BA060C5AACB160787F425FC1D41BCEA72A15F505EC80E2DDA780B2E51BAC52EBDDB3D743868527E930015879E4EBF30FB438DB27209FFE0127D665E51ED0205A62BED2D0702EC97237594131176E273B1D1869E18832059DD91F7BEF177321A8330E6BC40DB4B13F6B293CC5D2B0F05145996F827DC33FF91A0E8DFCABDCC0F0293430710352AB62156EE4041DB2A34F598A8A83F44773E1DB0BC6BB7846277EF8E2EDA6C1A0EE651EF05372B627BE13DCFDCB41B672EE05F2464F6A6B7F9DABE2E657F494E502723C2E0E296F8C75AE9BC0B15B4775276BB189D54906C6ADE6CACB9F63B633E7EF6032F92EA5749EAE00FA5DD0524A914626CA30FF59
T=0

[17]
S=$6D7B2645D293
W=$1B01A530DA98AD19EA117A18D948E5530AFEC5676BAD96E14E3263E6279D045DF38AE9894883BBCEBFAC7C15CD6482408B960B49E8B287858F5CA37A503AE4F2D2A70D259715D8FA70045E46F11103BF3EA9B2C0BD429E634BA86BCFDA2B61FF2477EDE28A51E2CF7567A08D85A74A8AC8C69E2D6D9750C102F78EC43F02D1776D39D1F8D42024111185BDFB3932D9BB0E6DCC48ACE2C6A8018FD5007307206FF338783169BCA21D6C316636C094CD77
J=$DE1047DDEB3D7A7EA9F7AB186412CAF04C2ABEF44FC8D63A1276F3FB091E4DE28AC69E04D60EE4F0D7EBF466641F22D8195340FFE04D035296FDB063AFA2E43F6A42FDC386445480B67A956E8033F8CA8A2F044D3EB1C6D148A19DD1F8A39CFE14DCF29314E8D41418FFC532E9A51D2A37EACDE6FABF41886AD43DE9D9BF7175838800E57515BBF4542CB492041493F60E6B88D661508BA4B20B13CC809B30B2574E102771B71DDA8F3B37FEF8B543D4581555B1AA313E85630E90982A8CF1662983D968C7F9910B71D4154D16FC4F20CB8C65FB92AFFF786342D99E9523C0D090698C3A4DC0A8684E6A65596AEC01B9D4F2D46B15FB0342C293E44DCC869D705A437F4D8D1028D19C8BF6E92685DF8E0DBA4F6A41D788DDA2367E9C0EEECAD43F1F61109C41ADE8706C2412B5DEDDAE34E9ACF7A6696045FB67C6A70C05A952E365B396A63739BFB2DC8A5779FE98F478B62DDD983D0A3D060729124AE3A7
T=$2

[18]
S=$5BC5B944E492
W=-$23FC20099FACD55958BE320BE353AE9627A4672D2E75574C994F4D9185723BED1E9C463095550B31526AC4ED55B7597ABEFED88EC478CD27E49F78BBE2E5FC1EB8C82D460E4DC35076E80D9954FF4CB9D73A1DD358A7C634B13F6B37724B64C25D28AFB66B077EF7C8DBF89757DBFCEE9C8F63A060E5F979E46287BA2E8EE5E2E333E80F6304884711B2E62CD5A4BD98B104120B0921C176D694967AE9B90BFB88EBA85AE1C98477DD0AAF7F9E
J=$11391885DD41C708692A621B0EFD08DD7E79AB67D16883721554546C0A0A63231C531260456BA2D342D3CC5C77FB9CDA0B7B9CB73D9D767CF0F3769B8402A4363A5020C3A45A4A8F6C4104FC777CF892C5268B4A9DD5FABE764AF9E0892ADF6BE81BAD71AE29E3B34170EAF761AE9B58C0A930C76AEF5453A08B97835756D4CAE3DE40E4F71F86496C163D44618561049761341D8C9FE3E092115A529886F7EDE0DFB98079F3A32BA498810F04372CEAE5CE43EA436407F9B0117C71AE614A929AD9C3078B7949EAC0DB4CF9EBB062354F29E85E2CD59FDE7EDC0682BF98D15240BEA20832BAA64FF600789812FFF59A00A99A49280A2B89E88AAF85FF3AEFA1031D989317C4A1F90272BECD02F6E1928ACEF7994683E56D990DAA4DEDA1C1FB1D8514D2859E09392CDF7AC2EBA40D1EEB8C8F5CB3BD3682CB5000D2A2A69FFBE707584C7E2B6ED67C2CAFBF9C8248B94037D1251BCF8EDF459
T=$2

[19]
S=$F038E6
W=-$70617CFA83D13CE8993E27350F1C1D559D304A58885CEF775B058FD6DBD2C222498DDEF6E47F3805DC8E09C5555EEA01E1E74A780A567987CB06597C0E7CA87092C81F7112AA514CCFD008BE636417658D38467BB214CD6899B28A8C06F7D7ECCE2F2DE801A4A71F65C682B6BDB699BE659999CD40DB754C31B4C13D86103926AAF3B0221AD2E0A98FD58E0727F84233A8470F319F8778625B104EA415F958F9F1BAA96D2EF76E6ABE50
J=-$82D3C71DC0B3BB4F566A8ECF88C0076E88AAF0388800E39E4020FBC704B6245426120DCA3EC6AB3BD415F232C2F57DF4C275C3EE3AAD3329B65D8F017BAB3A892F848C3FE64922BF0C2ABF9FF76F040FD5AC9FD4CB04255059801BBBA01DDB37139935C2ACBC64F34FE6A1DECBED17B892D924DB7785F6450844432417E7CEE2241D5C7B31FB0F79838C55661E816F6DEF1E7A446829D355D2E45C7B26CCA2DF5F7ECE8500F8C1C984AD66EB1CA509F9B3F1A027E326C80D281A4E215797E4A59A10CDA2C7A79611DF94B59E9F50DFD0406137DD53BBE89877E5B550CBE3261EF19E89BC34900E80370E0874B8D763C6C012748A83AEB2BBD6A872DAFF0D710D931C7ADD3EFD652082BF0DF7787E99F18363E0EA1CA6C2F111F23449B7C1425E26E59DA51239C6D9100FE6FCBFA94C6B3F2B2F1269B89D72D59FA54561DC5D6CE1A39AB6E1B9D5056A07ECAC18D574143E4D814
T=$1

[20]
S=$7C42966C41009A74
W=$3B8203F910D95E050A17F0D16F4E6D99C2F96562A048281A2120ECA7059A884A538C62B180221703AA89E15DC30DAC42A6407C5F1AB85BFF692F881ED7D1930FB29AF3D1988503FE839E07688C2E468B2EEA651E1937816B5A77BD328E20AD9CFF2E76DE709B9D892C3FE2BE0A5CF0782157BAFFBEFC16CFD52971C9BA4D5AF0423C076DCB4768D289B99BA8C0C125BD5524DD91BB64E24F4755C7E95E47D00FEAFA7326C4122D162
J=$6B7A74A70DA4AB329DBA0330591AF893E8DD402538B98184EE846CA506B700E33D7866DFD7F8E4C5C342CF82B6B02119C1222601A4F36CEA68A401314015094D85B907B6C0464E0664C89BAAE41E9F98DFB39F78F32CA9FDDF9E5D91E0E87BCA4510E58034C38C3B51D3BC8AA03F71D1725994151E105E6103BE72D6A902C3365D2C8379330400B0D6FBC3F6EE0B0EA8EEC2DA23B5EC710AA375910F6B1E6731B3FD4A756687AC48D4FFCBF782726799E8800EA4E1B94758A3D9301872806C069BCFBA3E03E2177F53C7A6A9015B9FC17F9452E826CEBE66E75EBC1BB716E222E37AFA15BC98E25D63A667A9C8771F9FF12F02288F83489AFC01B239E023A5DFFF1F264AC6982E520B65A6255BB01CA9811F905B2AE8C7CB56AE8A9BDA41C5FD9C36B003401F389C2B943384AF63011F3D0E1370B560D39AC6C90944B372A3CB540E8ADBF42A63DEB9E483E48580B1A85
T=0

[21]
S=$44581C
W=$BB952F2C164839DBD5B58323D400519B327C2943F21571E819D204DF9D60A2ED9AE9328B19EADEBA4E0D92B4EBB7CF1C19A2D71D16F038D00BA47E9D2E04F9E31A14218391C30D1D3CEDD85C3C4AB919C04009D4D5524BB51E86D289FFDB4FE0678B724A1EE0F507DF51878AD7216430577E88B99087E4E009A0F61BAE704630823B85370F0B81B951D318D9AF31AA7D3E34FE28941C873CBB4A91039EBE50C6A83697288
A=-$D70
B=$12F5A
T=0

[22]
S=$1C75A8E8
W=-$8ACCE309FD33685927E1E0DEC351E8003CECA02F1382B258D85654155C19647CFE916BDD9DE8F64BC47E1E0EE6C49D28403B9525C5BF92E29771069D9B3CCC1F1FCB31D9499BFBCC295C6EA4901DB157DD4253A86E3CB5FBB1069E030E04978DEAADC46978FB0AAB714052DD528BD9B9B74ADAF39F2CE1C17EBAA1D474535E38460D96D2B70088047604F99664545FEA3B3B10C6B377D227BE33BFD6AE52B2909EB62
J=$48922888FE3DDA088208201F665DB8CB640D72B4604B152C288569C715A79FD9E96F8B43BC3FACE264100A0CAD66BB5D7E4F737B54E339C74B0DC01F7FF3A0880EAC74DE4152DA2695023F6021BC32A759FA3D726A815ACBE2C6DE4234B41489A719F3C4CA5DD0CA722BFE3C832B724E7314513A2D1B039903DBF9E65B0EEAE04D2C6C07ABF42B7DAC4919DA3326923D81C84A307F17A9C01850ACC5201F12FAB0C178B3A1180AD01FEED6B7F09A3A3F2818444FB4E6D14AB52C3DAC219C023F19CD617ACB8361534913A381ECAFC0243081AC43BF4B310C6B650766BF1F0DB01E7833CD6B0232049678BA1E25B7A4C8E2370033BBBE9F165654B7A56AD38F0C3EA5E949E241996F80C1138B8C4E26850D06D35063CAA68287AD791F189FF3D15E12C9E9E075CDE7237E1A84DAA899BB99C4BE9C5DBE58AF09302D677722A85F7E88325A05D2
T=$3

[23]
S=$1082BC79263F0
W=-$40E76797EA322AAA0C4C1FB5D20DD52E122B28E5C7F51D180E542832B43DEA9F079E8E50376D252B5C77CE4F5729FAEC57EB8AAA06E8795D288FE8E7A9A437128D267D057ED32E53D1BD8B82F39DD9126F0C5728790A7B17DB3CD01E9F2EAE18099831628F60C5CB131072EB9A63F633D785B1EE0AB486EB950B28AC235EE5309AF32C0C6A703231968B59D25EA5421709DFC04A9B3B7B8920FF0D5152B77DE01DE
J=-$216889E928AD3EC0B83772F85769F1307DEDF782A5B3D76ADA58C1308E1A77FA5CAD938D75A24CF201BFE6C5EA7E7DA301B7C6A03C06F57ACE9128D5858D676496A1380AC00E38F873C3A17B7B8EE8BCCA2190606B6F1C36F06BF5D4C29364378144E007320CEACC3EDE47518CEFCC6742CD3BA050E0F9C44258D15584BF99D153D5B832EEB906911A948B85AC7F1E9670E593A49F92FC6D698AC7BE3177DBAE3440979AFC279B61425EEC87920982325843554FCE902C7B7B951F9A32930306A540E343CBD04D381A07CBBECB1E305B6EF5D0E9B85637A931AB0771D3FC2F603DBF54CFA22B4C8AB1E173A273A8158D97E27E2E3628A7749DB17E712F3AFEB1791ED367B78AD46A89E1B7BBAA219D4AAF2F686CECFC7C9D5EBF24FACA443DF5C2F3A56CBB75ABBDC507699BDA2E6C77446B1C4D05B484BB4ADB6E2126A49823024E4
T=0

[24]
S=$81CA
W=-$2D82F42A6B7A81497CCD30A8ACBF9A8A00C2AC7E6CFA561FBD12F626FC451046794B044A6E06FB1FB3CDDE7813B78091696E0C3C1D6D90E122F4E11AED99CCE2D62964AA3F8FB81918D70FFE5E749D772D47F9F580F4555FF518BF713CE41DC5276A62D673BB119DA7DA7070033578877EF5D40D1DB9CE3D317317210C73F2BD7073134C643CE51CDAED33AA79241FA9756B74A1A884B0AC025EF35D06024
J=$6F9EEB152B1A9D5C490D76C1CC84D61B911190BAF99D1EFDEA9DDA415BA398E1D83C628B840D23E85FEEFA1E9EDE3FB68B42110B948406F07F2DD5F323C398DD6DDBEF54E69212DD3083F26B0EA19A1892355814306B22685A27ED342ACE5E5EC5F702CDFA55E70DDC7A7AB6E663F0F41A7C6656FFDFD296DB8DED6BE484C5804E4EF48F150DB910194A19A2E5011B551A4FBF74A22B111D54BC1DE1DE9CD3C5DB94772B548E768E5FE2C896A7C801DACC01506F4AA56166363ACB5D047CEF6B62BDE8E58D1901743BC37754F4E36DF8798B8A99ED5002D8CF06462DD52E9635772F20A2975D81A6F73289D8245563BCAB9FC2032FB7E50A33E386E71CFF3E06DC8AD177D5B51F19BCAFEFFE08A6907A5D343E1730C5C0B7A7FE914C6223C71F0ED2D50E0D5C39E7783882ED96D8DDBFD6D581168359358C1B2BDEEC
T=0

[25]
S=$135B6B3
W=$513F9FA4CF51F8F4E7422308DCC4938D865FEE4A2C34C9513C9811E106809D6146D44ED3BDB9CFDA284DD555C7A20F2874ACDB01236B00A9429C713689D9CF01548307E7885CB7FADC82BEE4686A7E040B9D9E91D840EF0EC15084A93FA5741CF3DB5C7AAE72A6DED5A99CA1A40A0998568450586227ABA62E6C98CE65AF3565068226B3433F8E5A9B1DD00E37138D78FC8273587DCD07924D16E17DEF3
J=-$109B2422A4E3C21249BA9348BF277A2AA6E2140FD675B79B0354D02EB8BB8D8695F185EAF3CC4D5FD95DF7024B0B97C462B5D4C1481E6393D3B2EE015404AAA84F2B6998911C16EEAD7F66302E4FD500B5009997D6A7F7ADEA7D5CD06C525F3B719BE708F8145F55DB00B201368E5457FE714DA3E735A639FD6C3EEC76A12AB6D71ED038F054387ECD4C30CF37B682924A89B87914C97B2C84D8A930FC985351CD4E75AA11CAC3FABF8A0008D9942F4B4F07B36E83A4CB10C131AE506ED18BAE38D939753AB145908E0E765E66535D142A94347F9609E527ECCB6BBE091B4F0D722D4180C08F834D2D142D3FBE60571382BA3637187D21D86A2DF13F959BB00C408B79A2E6E498C9A0381F1CE669FF26FD19354181E5C13B1CAAEF33EB3DEC9AB6A4B48A55C36893395FE4D5F6664C0CCD559783A0C0C727C8DD
T=0

[26]
S=$30060B0
W=-$A12BB5267E4974C857E94352DE922E296153D0626AC73FC636030EB7E72DA0F5E6B495ECD7811978F2F0E1705D9B2FAD725C2E4177C38C6A9ED8EBEB65A75C8D89D277C721CDDB18ADF324FEAD868127834D4152C7C51836755D62086CB44BB92CCACEF1B933AF1C60F6FE033E0C2840478778BF21E2252FEC60C84FA5238F3E0E947A310E50989B62E8C1F7CC73DA51DF826C8C1FD56FE9A870562
J=-$13E977F6A90C488914A5486583AE641CF09B190165E214136F276F593227F484A19AB02DBBE963A3FA758725034F29A7089AB7CF55B7217EDA33358FCD8DDCDE6BD36231F8A1B83DDB58A8D706320B13433A3E5A08B7C3AC8F73E7F88726567B54E6D5CB4FFC200F65315A689B88CB7320273887533BA2449CDAA627665EC774F0D82E66F445BC78FB2CAC211F401828E0ECD8141E54C45F3B9FD80B8E1BE0E085C1743B34361B08C2D10B94C745663892EC1704E35C36EBEA909497D3B23D2DFD7D73273F6859F07873AB9FFC309B5EE7836BFB1A70F09E9B063D4EF555DB3156F5585E1EC5C7B535F43572BDBBFDAB62AB00B50960FBF21BFCE5F06D278EA85D91355A088039A32B3F300788267FBBC6F791DADAB2706AE6DEDE6DBF6902367F4A5FE10844E4049422D1E09875DF16781C32E4CFE1314
T=$1

[27]
S=$4
W=-$89079C8B8BEA5ADA98E4BAADE96C37116F59A0A799AF93E589F7578503811AB32AAE2C959CEC34BF18DA548B6EB987BB1A756351043F771D09694416432E9063E4F761B67747E066AE09D6090C453F201DAA90EE628A5F644D6B23B79B371D0FE16505E8CE34656658390FB2068EBDBD6B32FDED7F309674D7F161C2DAB4498C934EB95BA91002A73C400C693A7FAD05F246B3695DE21360ECDE
J=$9B0ED6F13385393A0FCF729B52C8B376248B346607FDA6BBE176F9D9AF1166638139C7D1836D7566DA2DD8B24A42F4BE36038E9B1ED209B26DAA65EA093E60B4AB405C1F75B03DE4636D9DC93C201556826CEE60BCE48BD994E5AA5DE1405EE29266EAC6A402DB4599BAD6AEBAB49323F10E12267F64A1F69575471D63E100B323DA9C8781548C3857EB878602B92AF582327331F7BDC592AD3AA06FF67AEE3BFB7B47FA87E2187C2671A079E4F3ED7CDFFE9809336F0134F9205F634153698018FA335F299E8AD9EC2C0E571A781B485629022C96A2D6CE3A00D6122B38811BA10C4A92D0E59518CDBA25DA20B265BB4B22C7FC42CB24C2CC258EABEB2EAE35D3F0A4CE815A003F479080A3F44FE0E898D84D50D78146D7D017848345FE3CD26D7EC43485E2BFEF665123ACBC92A3B15E5FCAE0
T=0

[28]
S=$422D3F91F
W=$179B37D715704E8C2DD2646C000578560BD4475D15B3598FD13D0A32108C2825BEE13DA01E0B5FB80A25596AA7EA8C8A2F5458DAB8FBC149FB600A12747692A85A463D295A45A0C48BD860477820025934B346F152C55E6A77CCF678FD26BED7BC63F66E9E0FEB1F7A5610B361F1B3C145482A786A3EE5A3606868E1F61D98FC83CC57F7FFA323A5FFEF3A747331EF83DFC050849992645B49C89
J=-$192BCC8DE3987C9AB8CB87AF11066DDF0011A09BA31639D854A5324A1EFC6F0CE5A32ECF26531A4495D0D667A8394186312686E0F4029615B68F0A17A5D63AC41D969BE2E47F1996FED26A8D3E4FEF91219C87179817B53A0CEF377AF5A7010F5DE6FF2F2A63086BFE6B3A9E54D3B2237FDB99918742A679BACAD56CAC9615A530F644482FBFD48534949C173279F3658F7E1C5A2CE4FD7D2B4E6832B06B5EE201D4909265B9C5CCC758D1BDC063D0E46A19E1B00A6B6D9AB39D9F87EB00323541259D8761615BA26A71BC140DF5D59C8B6BD3B5BB4E3ECCBA970DD0046663D0BFA321E9BC405F62962A1ADBFFD1D9007136D06B0148900EF645A97192EB230A6CE9AB4A63E12A8DCADB69DF2DF98B682787340CEB6BAD640DAA81E6862CF29E81E4427530C120F1C218D20F02F8B02FE9606659
T=$1

[29]
S=$8038175
W=$4E6AEA07506BEFD4B3E2A895E09C23321435DAD23BE3311FAA060DBAC3B0485A2B5CD29C70B43BB8CE2C5505ECDA59E149F215A7754C714B32B0ACBFDC159D9CB92E343BE89A02BBFB07EBD738D8A8CDE6159D748A538624B1E17987857556EB6C4DCCDBA2C03E1777A5040304019A4B007004095956DCC3190B46D15EEE7A7942A60AD1B45A6AEAA980A7CE54998CCE98846AFDFADBE795
J=-$76BE27A54A19CF6D9F73D28658293731A12212E1223CD0F6E7BBEC11730B0EA1F241CA71D2D2D48902CEC46DED4CEFA782E120906DE70B7EB11EC5D8F06A8537BA854150992B75350A1B11089CEFC346B3A3D62B62062FE26CF95B54290F69F36DABA3CD023BB58823F69AAA8D9847E9DB8AE327E03BDD7B0561994DD2BBD2FC11C1C5A7E02BDBDF0A1BE4390D1F71EAA452AC43B475D224609CFFB47C672CE020A244B55F9FE6CD7B97A5A9B3BFFD81A4EDD53F606F3B715CBE24611CA18E0EB7C5EF359098465CAA1D5DF3BD9E0735612980C14191CF2AD4EA09F772412298F9D1E510BC56AF42F176E021FCCA928E6E45F0EE117DE330F264A39D40488EC4EC3F2845BE7C07E08528ECDDEB8604B5AEB1BE6DDAFA755BB4D75A165FC691BEC1B45AE41F69689B91416885E7524D8
T=$1

[30]
S=$41D390
W=-$466F3AAB78C768BCBBFE70533FEECDEA84F57D6ABBADC023B193B3D8E690014A62891C3F411CD850F78F28A3E620CD03464AB6D69E3F8B4DDFC5B3172B2A1B24C84D5C509AC868C6EF29A1CC438505FB5A78890E6C0F5BF76692136431B5D8AB0517656D31154DC2D98BEE3A4D1D66143EAB4FB39B7040A2800877D2CF0D89830F265C78282E9973EB412154E275EB6F44D85228D96C8
J=-$3F5FB7B9BDB616E7844D106D6B199F90E930B63A5DC7055C2B98062AB2E459300565D801BC04D8B8409F8C737687661F0A00076A2E7AD50F1969C7031FE1444CA04F0C0131B627793D6F299046A83BDCC7A62FC66A505354FCB6A45AA1FB42580981665D9FB8E725A61F71F22572D70384A1AF2D208B18CE231AD95DA8DA87714BFF8E3C428B192C83092FB86AE8A297139A01C186475DD287CA1125B3391EF442B918AA23FEC719EE5B498B42DBADB995BC3643C37A79A5625319D4B5C8F3134FED4A841B6D25EB6DFE29364FE7AFB2FE9708FB438B895DF25BDC008599B92E55419B058914C4213FAF370CCCEB1AE83BC7F4B43AA25B28C9AAFBBFFC5C2DF21A18AF4473043496F06E19455A9EEF21DB0EE607FF33E80A49830E6C16FE87B64B8D025456B913B032A526B4
T=0

[31]
S=$1A50CF5D
W=-$652FD4B8A52BE6AD1FE8F144D81E68F0DCB906B6063FB4EEE95C68725EE96659E977842B6F5C5B56BB983D6E35E877B4DFF1B232560F61D4D10A9BB02293E8359CC547F4FD43887674ABEAA9FBD4EC9CBC38ADEB329C9A6A225EC8B1666D060FA23BEBBD6FB4B2D613CF1713BF421D7983289F2C6D3BA7A1637BA278235BBC2FC6921018DDC6AA20B276D59E74A2537CAE468F3D29
A=-$D70
B=$12F5A
T=$1

[32]
S=$3650B5117
W=$1CDA101128B31792B55B50599B878F5EC86105E49DE4F81088D611DD62E2EE4789B40A685870689261FB00797EE44695B37ADE7D2FB568F635A2504ADB08AFDCBDD187B3FD2F25D037EE457BE710F58F2B43B53F012350A9A26D781D8B689D5D4CE533CE6C7575C3C95F33EF5F7DC74C726F80091461C934C01B02C939FF7F807CCFF8A2181F2FA4D7AB3B920D54273483C6035
J=-$24D6205D66B38576B350C767A98D3971157BE7F26CB2360F6E6D61DAF77028CA15F3C1F1A4F323CE5646BCF059FD4D8B82467203C0E02DE74CE56B59B76A71C1E25553A6DCF9EA1A914B57CB1A661836531C2E6D150A642B3EF6F117DB0E11E98A46285F1F028923F1089A2351B06721CEDAF6F938618908FB06E89BCD7599D5B04AD9594D41999857E8510CEF739D37158E35F3FC9AD5640C78E7C9FE3E0B2407175C04630375A764F9D512CF052A5C882830F66CED1DA2D9192D05A2C5183E60BD40219CDBA68F0034616D0FE26EEE56A32B1B118FAED495D9E8AF2504A1FDC8EFA37F74AC4CB93006399BA2F33636883E361500A4AC7918E4DD2AA536FA2A5B39267C211C332C20C9DFA37C4038E051FCD0820CB8D29194931C5059894D4979518CD6F48F
T=0

[33]
S=$A7DEC
W=$FE256C54471BAB40C56141582225ABCE1258C909B340DD908581497DA252FEE92C10BF577A1FDB52C2026C347CB3AA6A411F45392AE4D5A77733984D2EB5F3E79BD94CF23B89994CA8CC05298B5A663ECEDEC29B6E04932069682704A4A0C0CBE163E8444D0ABCF49E9CF5FDFF8A63A6541ADA1AAED0E982CD17C596C3DAF7FFE554600FA40A068C421A131E98E7E640A0
J=$1EDAA2F7BE1CF2661211D959898348529B0D1AFF0466D55FF3A8C278E26983BAFA1843D2D26309B09029CDACFA336CBFD63106684AA82090B8A81F64DC37A44F32E963BA187B9D81109D932045307DA9D981E68B7A0BBF4E61C83229F1E444B445E0AED7B7FE7D90FEFC5026F5CD329A7BB0905D21F5A5C15FF7EF4EBCD42584BB1D6FE24F24315151BB9C4DA3A383ECCFF5814B84C51A061023FB6518C538EDE999880A59B4DAC301472FB839A50131A3A6CE23723FD633724F79377D528B1CC6DEE5115B8536085E98BB0C377FA5631F203E7A2FAFD4C4DFAB339980D4B45D4E2742209E40C77FF14426727077DBDF9553CF6B9251C2C9F9CEB2965B7D363863BD11BF5E0BBE741704D1437F4EC0E5D060E8415251AAA487D38843A07141BB99AE
T=$4

[34]
S=$1E2
W=-$4498400AB858D80564CC727AF662FD1D5F9B07CECD4CDD5B397FBD8F8C7040E82F2B26DB707A5BBCB3E1DB854BE8EE3EA70EF6CDF7CDA66239362D8EE1656BCACD7DCFA6D6804A25241F22F08D88931C92210EF91AEC959A7382ECC7993DC2C606E1023A1238C48D0795E85CFA6ECE2F9732529B52C8D2E4CEE5053240B6125688186B7FC85A173D7A065509E22D1FB2
J=-$19D30CC7FF92AE4BDD02A8183916D3829D77A46181FEE8FF154CCDAC4F818E25F208008DDCF751C4F62FC69FA2F51F272B54ADBEDCAB7ADBAF9FC709A7A1F97D313A093F3FF9246EE294AAF7D8D5A39B56B93E6B6833DA3EAA2EC8ECA8FC6419514D717684AEE139000C2D2C461810A7FDAFDB563FB770FC7A0C81CF5356D1159DB9BE49487F21EB83DFDBFB46173F4672DD35862DBA5F6850D697FA0661F345A4479BBC734AA68FE2282A22F65E4B0F97DD2A4A19DE3CE6A6372635F70F82A30567C7A006428984E5A11E27D2B9D8971F9AE5A1816C19DABD6801705C331486AB89514FEA07A2D4885B8E75F82D7642BDCBA648A0AD566EC235E6BEF193700969CF19AB0FED67FBC9909C64A6931B7DAADEB8F610EA6258DA314FC079E86A2
T=$2

[35]
S=$CB7466
W=$359BB374614895C6D84300A84DE11E924C4064D9E72EDAB940B932C139A4E15C041B44BD5FCF5707EB6C90649B3F57AAEF67B7273EE745CA57131E91A8238BBC48D6F101D20CA75BCB21A3CE06C1146DD1352434138E33B90491F8E714FC570AA40F3C44110212021D2D64E515346224CE6B743A3C63C745AE710D6D4A4FABBB11F901FE156C14C40B79F51DCD37022
J=-$2FC65F7A31161E6A3961175790479799FE5F05FF8A97CB94F9F862F9B7E84BECF44342A928E8A6293302ECDA41AB9691ADD3050C547A2DEFEFBA2A8064AC35D8750C9559785C87093A64C66FAC9C8ECBCF356085AF094A2B25CCD469CA479F15AFC62D1B87D6B7AE0D05C5646A80E6619802A0A562F4906E7511573C6DC1167984AB977B82ED0983B3D29ED606B1C176F12091442BE9E10EEA46C08EA7E9E6072CBDAB16C8E4246C7D050F987E81AE42ADED811A4C24C22C4DC2EA394074AAB91856CCCDFDC15DB5D696FE4C1E779AC245F1159514A37B2D7908CB66629F312B156C3D782CD2F529C83379F89E917C89DE8CCAA1E8BFA0170044A24F5D2E425BA87BE6465E13C522639478689CBA5F0DB05287B6EEAAA352BE0E2D7B4C6C
T=0

[36]
S=$49BFB
W=$66EE70C38D9636FCBCA12F9816607F43EF84948C1FB5AAE9D220E8C7D5BF871BC6532B56C048D7EE4B0896C1518298CE98B82807BE29F083FF3188F249CB338820DD081EDD10D6B6734932BD84A28B628060D33E47560AFB5DF5F0E1955179DFF548EB3747BB8E0FA1C0C255CB53A0E9F7F7A1FDF35F3A0E8C5A5B959E606354A5922634A7AC5B0E56666D33233
J=-$98997E067C8DC07BF9BB3D4BDFA51425D09A40A1F6693BB210EF5A829103719125226DE5E6C06C520FE34A2D980617203E94E81BF203B925B03A1C6EBFBB7F123A85CA12E6E60CB35E6361843ABE7DDF3F36F7D9A59F7F19AC023BAE72FE0FE7F6066FED96B881C0D5E2835542143A3211FEE14D1381F29D16977B41E80C01FE6944D0B29C05FA83A55C6D62DDAF96CAC5E81A4FC5B7EC7D7BB300FD554FA22027A7AF71302D069063FC916A7C07F4C20B1E5663C7FCCDC7B03529A5808FD4C5EB1F3FD4503743D8021D3C3B4F6901832FE73C44FFB3DAC706CD2DD469FFD9458F38B91AC2467B4D23613D3ED49B801F8F099F6ADDD0E35460DF5CCCFB6302C4C0A34C032B79F58C82A3640A37778FC0FAE1B8696011B3033FDFA6
T=$3

[37]
S=$1B1EE0
W=$1EABCCC2E69DCD1F181A7FAA608FF1A4FB44A06CFF91F2B5F1FBCBFD63E4D09C9A3FCE59BC064610928469A6B1B3FB846538E4BE3372F19A5D7849C7D9C04E42AE9B0261431964DD231B8823A7DD7C2506339E0895F7323E52C088D37051D877DAFF5DDBCA098A7553BF74CC8317887A4F310352EB0420BFEF71B995561732A95994E7765D4B45FB0FBAAAFAB8
J=$3C957371ECD28C74840750D3D3C5AAC4EC946534EB361117F0C6FF133EB8AC3D20D0B4829CB13504C206AC2F6A8E75CEFCEBD1F60DC3D713228AD1D656300ADCBCAF84AD286565B08C7BE9C40FDA914A81AB8D27098D61A1D1B739D7F49710DEC91564EEF8A25D0D0D95E4FF19AC5BAB2236196DDEFCE461D3E0A857A59526D4248E26DC72A07DC7E8ADFF3A1005F616F25C880D47389C6436E79E061330F52E7C7B0EF1EA3224255F778FA2C5E74887E47D9347C0D7277F5C2D5AB011D3FB2694642F94D47E51C5E038559DAADAC6CEAA88F7A23F91CC9431A216012EF46D56C1D231EABEB06FAE7D4241B45D60AA70741D9266ED744E23713A2DA5DF0FF2DC4169C9FF61D8E535BC96C8CCECBACE91AC3A5D914512538C2D
T=$1

[38]
S=$120CB1C
W=$396400C4C7FAE93CAA89FD473278CF2ADAADC0DD6BAD9BDACA81C5C833CFF90AD7420C71A0C64123B920E2458DD8B8B2A33B59EFCFCCC827BA87A22F81ACF563B7114855294B9F67EE3729F5250EEF4B50CE850204A5831945CC673596FB6C2B02FD8A6AB41551728EA86864C84DBD4DFBB6EC644DF7B1133335C7F7C7C552BA40AE55ECC4C0D5EA0040B6
J=$417A625924AC7573866DA3FD52CA30EAB46227315085DA3BFF2DA5E7B9AB11837B39BF2111314983B73F9690EF3B4CFAAE8C3B94FB5908344A20069796F8C9703CF45F77F031C60AB0A6864526D398253CF5C6743627DA4A6F4330836F5047C7D9F1ED03675804A99EF7146709111D5A8D2BBCE900EB8724391C9D192FEC884788C95F5E9A16820AFF44947C5DF1AE499E7EE5656B53B8FB52C4125113975427891399FDB6D6600D3DE0AF32AAE4E6CD5884D4DC2A190556595079F966F6C178FFAC1B7DEFEC15A4A00CBEFA20FDF47A0187CDCA6B4C49F22967FAB361BE8E203A8E4C7E4332072CFE33A4EC8E9C6C242132918E9A02B02C42B2C0C0B1484FCCA06E52FE54514ED6143133DE1719A49A382DBC7E17478
T=0

[39]
S=$C5C687E80
W=-$18B63F7C06A94EA558F5AE6850B72DECC4DA6101FE647B766A83FB793B2F18AB4653181818AE14B59CB96257CEC57FE1712496D0258FFC96A869D9FC368BED852E37C17B57C53D783A2D7A3BE9118B34867877F3F70957EEEE8666A06371F0DB2DA08E8D62E15EE5BD3208E35E25872A962547B0450B568F6C619DF40EFE006DD392825CEB8B6B2A522E
J=$3B9BB124AE10B9EB54E1ACA6E9D57712FE69BFC11F2838A83DB2726E3D5BA21EE160868780FAED1456C30ECE66F44FB5B561EF0EFAD3E450BD5F24915C32FB5219235B095712A23C29F3CDD2B593A60FAE48144FF54F2A656901C1BD6C9A1D4D8064D51F997232479EFB247C8B3D481B8D851D3874736765564AFF5D65CBFAD91D64DCED1106936BF43BC5ACCB3C7E7C6FDE6FAC4B73C07B5884C6007802378613D0FED2D7F13B3AA210BA23122C017E703D2132ABC791B11A567D127D23DB123C35AF7DAC558594C5D231CFC596AAC0BE346251D57DB355F0C40A7219797FF4C24CACC5CD92B34E7724738CDAA0BB6AB3CD0A072296FA85890FA7741AFF684E1EC01E149906A64DD56358F54AB216B55D252E2
T=$2

[40]
S=$63406C
W=-$4FD953DBE902E4666F24FF45C4601CCD983E961D52B313AA87D54998EE876DDCDB5C502BDF1B1DC21463E3F4A90B80B56E545C70DB49AD5056560A193CE3BF11B54100A0831A3CE95365DAD1F4B734151A51A6A4BD5242FD6EFACD4818BD493EE8AFEF63923C528AD889EAA151E7D7F58A1D92B4497491A91029FAA56EE0B0175E25B587B83910E
J=-$AE64D014324E61720C436EABA4EB870821D0C457E5A6D312CB4BE41893C8B401A76938E37A3546FCF8909A80CAD996AC51772F1E5EB99442F423BEE63CAAE7B1DE283CB8C2658778FE575C3776E1F5DB71CAF507D55B6FC0B6A35280C5E9176B3210EA80F4E2A869AFFF7EB4038D4F4221C7B18E26019D60424BCEBDA09BC450425939D9DCD630817044149783121324DC0C641C819976B6A7470C9A4AD485B4412F37A8D108BC1EC9184555F9ACD71FE6E79C8A74464999116C853685DBFC70B1287B0DEE18D7AE4ABB3611508BD6D1433A942563875D0B9E92AEBB948C3910F40791670630E311DCEAC188AE9E9242B9DF1761AA357473A6E3B661836D2211B2F30C7AF6B80A516853F26DD27F4
T=0

[41]
S=$571D
W=-$1559758A909986ECFCAD5CD6AB94A3126A9610BFFE373FB4D29CF07BC6E8B42CFF01E624F008D14921282298E6FB9FB2034FF29F99554FBBC537A1144706A94A97E3C78449E519CAE6669E5FBC95F74211FE203EFABCE01E1A047EA573D7F9268F68F8B4FC5405E6E91A70C88013F8BC0892FC70FC9B89AAAA9FC195EDC6EE3547FE1E4BF05F5
J=$7B766F0EB41422BF9C904A63D9D65936127269B3EB53AC3BEA24C0026ED71F18A2DE1D5E96A9DB75B2D43A1FD7791B26B46B108971C32BB67A3BC896BE78C95F494C2D461AAEFCD08F9C4F074041F4BEC4DFDA2ACEE7362AE5800E672A854C3EBC0859222D872494C698754A198AB7D3D34E62D7EA6E8E76833002F7E79C50A9810062AA766A8BA94234FD91D31924574C21F6E617953FF82CAA72DACB8A14CFFBEC13D03CBD7AF466BBA84F4058BD0BB8FD47DDD230E5C469E6F3F5621C3824E199E2AD3A92957C4503108748BA9B60C31FBAE190252B39C15461DE303D0B3E7CBCA39CD8D4AC3486E3AAF5621943F4F74B083C6A8CCCC0D3DD08570CC3C95CE9BD4E2B154DBB6D85D0E2F2
T=0

[42]
S=$1A1447ACE
W=-$32ECA1843F30184D65C58AA291FCB8EF397D0367C950A417A97493E75E1CBFB54262007A1E6EEE81E8F9C71DDF2D2AE2B43FC94C17E84996D0E9E704033C0B8C917DDD1E32BECDFC5AB756863CFE3587D8C30AFC2407496526DD2AA121887456EE139011B00E70D74EDAC264E882665FE98845D9A9F7EEB9EEEFBB57ABCA9B05C2DA842F3EA
J=$24793B9A48F374FFF1985599E8CCF1583A22E289FF1D94A1618AAB824FC9DB26B7BD7ED1C13B70426AEBD244E354081A7F18657EDEE6CAAE46E36F0BE2D60E80462654D0C286DF365D5E736635F01A1E2102B88E61345DCD02AAA5ED067F44225C416A1E78D6D7A2B229371A9998BE01886A44A377E3662E38818F59785A2EE3131EE141B3151800B37F0101187C1E66BD48CC853E5FB13541DC16B7BCB28F1A44ED7A311E5E790E91E8F581290A77767F71E09C323B3E5A3230F805E0BAFC4201939278C8906E13AA426E0B8D7325763448068DC2562F653FB9C8F40DA3FA0B3C988E0534B046AA5B1BA8882C3DA1FB32098CB60C6B9F2339D5FE327B806DB22634A274A772EB53F7231
T=0

[43]
S=$270BEDC
W=$1A6B2C0DEA48722D57989736D8ABF4E5667FB7D391CDA916E91BB1C5EFA7E6831F09549A328D445ED32F56588ABABD474C29E32B8458474946B0D2A6B9695655B1CCB04F1EB8667B404EE8084B696EB13EBCDD8E999686B9A3CECA9C5764987741673163A12BC34E01924AD05ACB78B811F55400C61FA58C19DD1FCAFFBDB856EF62F28
J=-$1560A7CBF7A6E97C05843961E6C1FF21C9E4D680FF07A82D6117233B7251FE7A359B51E332E5B20EBD85C3B5D836067E657C5169F1BC2D722E8748D3F304616EFA2ED63B3AFD758CF97207C0D43FC5B96CA224891A8BAE93EF4169760AFEEB8A42AEA1704C76DDDD5CEEDC97B07881BD0E2ED7222FC2DE89A191FA50C2BE2603EF771853E85EE387118B0DB2E98A2FFED5DD1CA260371B4FF7DD076C4357E089D4B611F5472EE653C4B7946CAB8C102F33E91998036C700966FE8A8591D6F69DFA6D13E161E6A85612981EAA679D2E153917F7C0DC79C877BF554A7D88E3658D7191DE8E2CF01EC656E282D717B4BC71E32C11984AE39C0953A6311A0886EBCAA007945C75F50
T=$2

[44]
S=$2D317C
W=-$E9C4AAA334D3338F502FAB256A9AA0F49C08E85149B66259C14A59F066084791DC43B4A3A209313248AC9649335E3AD863FBB981A58C171DAB394B614C648C5267E375F2BD0C72545585EBB34D768A0AB722AE22F03ED0904F46292A2D1D9C283026AA6F5D653459F8D3DCF8C97F4D9AC7F55DE12D9C6AA74CB61FC5D56F748E156
J=-$AFD818F3B655CF52161A8C496592E4C4F7BF762919F4B3F28E74B6582A878AB15249B2F9DCFB0076578CD416B55AFC16C8294EEBD1734941A125E30EF4F2FC19266FFA1308DA835A7E1EF9A2225F2AECD948BD1C54A4CB322A3642056273113813A38ACF0C39FE5D376218754070DDEA3DF6C698CAF4FF10D8B0875590673C525421A5E73D73795ED0AB9E039D00A5A268063B8DB06B304652B4345A8807FFCE74E6DCE019EDBC30D0BB0375477E47FE4EB5FAFA5BF28F3E2C7C10C20057FB64B837B9BB93CDEBECB620F47587785F43B0DB7219936A419413E7A1507D7F7691D1EFF18F753C62629D1DB0BA93DDF5C11DEF8BB8A2EFA8934792230186CE82EA9AD59
T=$1

[45]
S=$4AA8F1
W=$38FE852DD7CB96B56776AD9762DE97E99BB67D17050176AEB54E423A5C15ADB28D5EFC3F572172317DE3F117D65790552DE1EECE950AD2C86ED0ED6E61FB3C2458F5F3A2AE3810AE92CB209915B17744FA8E34FB8EEDE1094C8C14B9867ADF0738A6743CB3B525ADCAA295E593A2AA2FE561AB7520E85CE8EEC3BA0A697049D13
J=$8A5B65FE4B1E6F4AF01913AF6D39B411566704771140C1A8E3B61B364542A845424FC8DCE6C8B7B2B872FDCDEFDFE11F9D3E0F6601649416E3D524250E5090B0F8360196889EA9B9252E430B8936327D4A31B4944F371D4609D5591595A6FA8EB7E4B393C6BD2F600FD03F20F333215955A2B914C66E787FD73C21D35BE8108444B85C377B4B051343C71882AEC4369576A002C64C02DD7550130E44427D9130D822D66D6E1E86FE76FE6E3788A38471A04409F0366210516B4E2AEF199DB4F68AEA5F3675DB0C60FE1D2E3DFD7D9AAE1B79E55D89FFF36CD35C53337B5CD71438DD8A0B8FB428D48D09703E670F0066754D12726366B671BF1887E08B4B7859
T=$3

[46]
S=$30BBB15F9D3
W=$9968F4901738409ECB03BA5339EE58956B8018B18EF30D564CC05CB8BE7F1149A43D7505ED4D64DA22F677A88FE06BBE27ADD4C10F0BCF7EB00C2CCB14AA9A3DC1AFC5DD5A3265158B85591194F35C636E12883141A70D6CBD69ED984052ACAF72E4BBFA62A9C7A0CB6B58F06C3247ECDAF503876C78DE82E1FDDC8C8E28B9
J=-$5ADEBB4971CE209F1417B69E14BAB8DB2EA8AC6C7D88BDAE0D910D217F29A1CA36474E6D1BF9B08F116A6DC43617F66CAC26F1518EC990DEBB391EE50009B73FBCAE6278AF77EC47A1AEEAD58BE187A18A0EB9806FAF7E02F6411591B497148974D53422B6C881A0AF6E7E359A0A529DAC7772CA588848F67E7C0A87AD3255E63293310C911C0DCDA50E994C453AB1EF632DEAA2B847B5E2B815F6D38D9CCF9596D682C631C50263B793409F9EE2AAED2B58A2D7EE7933C3A4178E0EC5A58D3F0C890E25B7787E8BBA7F698FF74F041FC17C41A64541D337EF70A120A6218680E521890A277FFF1ED3AC37884458CC7463ED51C78EF98D2E6036D223397
T=$3

[47]
S=$3449DD2D
W=-$4485279CB9807DD1332306025FC477BDC8B40C3160A9319ED999C64F4D5FCB558EC4C669333BA5F490BF2BFBEC019D2BE80FBC5400D0249B7ED23909D8DDB181319F0C80F35AAC55D7F0D42A4E37D9D83AF0FF8AC65B75DC4D868E8F4DA3A11BFD3877B6C871A7277CC3CFE136BF210D23F36795FEC41A51C1AFEE4F
J=$1A49209998E625A5777F02A1DFC5E9D4F89AA06029E1F47F6F1FAF8DB8DDB3A9703709DA7E56038B0EFF00879CCD870199E15AADDDD0326E456731FF526050CED9F8AC01A9E849E942CD89521E090B4FB908E141CC76035083234A13C82A58496061DE246068EC639A6E48E759686D5FFF72C99D7A7D5D1786EA1EEF889E879549989931A7B3887389177F9A6D419B70395B75D1160AA59153A61EABED8E7B47DF08050507C0BC5CFA476F516075A936633B4302F6049BF49E4339A79A6261FFFBE02A761D44F293A1C1EFB2F43E45741E64E1CF1A6F134C6BD609829163411F213A86620F349D65DA0EAACE2F04801024B4267D147FD0B58
T=0

[48]
S=$6A7474
W=$18F082B5A5563E7EBF64304470EC32B94AFD64D850D780CBD5F69201ECFBA5DA8C9260D76D583F34C9AC599E93841E79AE2A182C4E785672AF9125BE763D5A0D481001FBB3E837BC33A137766A2EF28C854CDD4A05B8564E3BA9607CB0FC93C21A43E05BAE656E483A314B140E2C50A645B1845F3EFBBDE390F7E
J=-$114BE9FC20DFF77AC156C56603E4801144C00CA9931C414549EBB2B11E8FD8343763AA6D71902C474A08A75A3CC5CD874B143C7CB11D2FEF0C96DB119903B910B5868D4E622D2E7DCEF2E87BF85FB5E906055666BABE45655DD12EA94AB4FF2A20FC6DE9E7C7C1C41ED5B75BC357046F473998ECE1C4BCB566A930F2698E555E8EDEC6D52424B3043B606C78D9D73B9566770A8E6D1B12E000B18AEE45352C4BD2267909C8BE5E2962A243AED2BA8FDEE96550821216A2E76808E8D33A3846813A90C66264F3EC650E847D3C86CDDCCF08C7CE99C9B3E398C73FEADC4C9187C07E9D1CB8B35279FACE0972DAF83555AE0816711111
T=0

[49]
S=$2C9CA6
W=$F7AF61082D9F51D0AC02314B3C75E8DA82A2CB0060B62B58B328A2946FEE6510259F609012891CF64813606ADCC1319CECBF67A16B250C50840BE86F63115379CDDAABBD01FCD00BA2360163D5A2A602AF902C2049C1E4B794E4157661CAA70C3944247A574341E7A3F0213A178173F881E39A83E9EFAF61AC
J=-$9237E0D94AEAB787D5939C705F642AA2B9F4DFDB1F6A94E707C65DD18C2DCAB370195073EBB9544C498A2F7B84FE6802C8038844C29811EC2433AA34EEF0E185D4783509134CDB52D904A77CEC365FB37E09C721C4AE8C45F7928FB4E31AAE4E8FC76978875C6293880F7F2A65B2B8F9A105ED7E30C5897899F54004C058F57DEE21E43AAE59735EB58F9615BD7F82377B8B1A19814F0A1C824AABBFD45442D060C4198CEF9AD9A981FA204006D7F469C5B2C6CA4F80D4609A2F02EA55B6BE145B53E9FA3945DFE2AFB779C20A9A8196B06EDFF9F8BF795B2CF7470D4781AC8E6AD7893AB2988052CB342F4938B6F506060
T=0

[50]
S=$63A8B3D
W=-$8783C6F3F216B0A4ED8D383B847EC4588EB37B9A385ECC16332CA3F4EDE5B0D31B0094559E47C3C33A67A948693581694E1CD2AC4E6D5A75632BC801ECECD2C08105D9EC10DC72ED0BFE4E04249FAD154E13068C280E5A0325A2A4DFA88109310E519D651732AD2379A4F4B5CA112FA5E98E53B76C32D0B
J=-$B42897D6E6409863D518FCA360AFBC8D67C93C8521702D1E42D67BC496185E324EF969BFB3F4359609258163F8977B7FC45A2ED653C9EFC16803F11D629D293329389B37F3EA7E51F640B74355ED289001AFB85F073F9CFAAF607075EB95C1BB685FEBDD373ABA6DDF26FB9FC0FA6E55315516FBDECE5A29CDF7824FE16616DADEB2EE70BB7C1053C00B805C3A1E8B4AAF263424600CDB763D13AFBE2030D94981EA07C1FDE18DDE0E8198B93FA1BF30E903D27C7B09B35314A222DB5895FCB81EBF510AAACEC8912E59A22B20015E04DE349E536B5F82EA007D864885D17EEDE94D8D2BFFF4B35FDBD62240CA98A2
T=0

[51]
S=$2559B72
W=$AA0C6267FCB926CBB39A0453690435B1FFEB1176EBFF2ECC96BA6BD2C38AF23599CE50A5DB5FD811CD1CF130B9CDE344189F418C2B0E1779AFAAD7DB1B09701C67FE37251EADF49C4F684B01C7C76A4B6A2893295A4A34BA5159CD2523DADA49972AF6C5EF25982BEC7B05F639A764A3EB837DFA133A
J=$28C03036614F6DA3E085830EC54B2D853CFA9AA65C8380CDBE43F902AA91E87755F5F14610E75791FE61C236D6E84D1D8F22430131E0C2CF713BE318079F263E9E84EB8C79D4E98C46EC7E9730679513BE653BF27B970155DCFF5FF5759A32113E5AB5D305D350B54436770A6FA98B0C33E2A2C2E8D26C3B1CFA14A78146D8C7EB4EBB18DCF2BEEDFB9C7BE9C6B7288E4CAC6DBA7B8708D9E40928CA05A40D7ABAEAF666CAB0C1A51283CAD72BEC78CB85B960920DE43C2D41D07F5C76F8A5F406CEC703A694CF142B499F878666772EE0E3E510C782BA77B518EA6F3B521E5588D405428F1AD159F8FC4036
T=$1

[52]
S=$117C99D
W=-$1B1D9913FDBA52F0E868794C9487F232E90337CA0267083FCBEE998B5E9F2B24868B7D344318CCB392DDCB6438D3EFB4EE2DDE57D5695BBAD9D9A5B8FA2C5E04D0AB691D72DA406486AD4F6DE8320046302CF7625C53260F553E25F22E33B5FFA3A32D2FA44831EB2A60AD55EC5E24599EB6F4373
J=-$118C9143C091FC96457D6A5B8B82C4822E744EE85FDC9451A3DE52398B555E1D2F49244089B31EDD51AF13E87337571192B3632C52918323A283D162675C8CD745BB847C0697B558831FB362F5E212714F4FECF1030285B4A9367E91CE98BAEBD64CAF585725829A8107074D9B9C6703A03A4955C94044CA6873AF30E596B77710CD2B4457C23D78A67463123BE2BE290DC9003A56A692C4DA62946B20B4DF2DD0989B8672CC7E9EABAC1672A0BC43893A51F92D84C920F46DD687DC474359876270A172CAD02B75342A103FEEBF132CC0766828B47C4B9FDBA78A24A644E3B9166C5DC47FD3BB018
T=0

[53]
S=$50B3C8A
W=-$7093DEC07540DBC56390C4FF65B7072FE3B66FFE2ED48120DF321B07A9DB92B8EEA6DC096F780C0E75C54A67DC84FD22889E3D1EF4204E4CF8561612F3FF907BA24DA823F8A2E0B65495A8893970D1D1509808341ACB213854DF03BCDF0C0E9B7E62011B37DC8E4EAEC51A5422BA981674F6F2
J=$18321EEE8EDC6353FC7E415D31B21BB86ECB612ECAF79B09B7C8EE19C7014C17A743420F01DF64677BCE8A10D02CB85195B1BAE3A05E45621D02D4E2B2A0AC3BB83932F2595997B1A77BAF5B300CD677222CAB489A6C44045FC1B480D9EDF0F40A95156C408E0132F01D10309D4A14A4DB913786E7906A8E597FCF6D573D70F80E6EB4B918D213CF457A3FA5EAE302B2B8C28DFD43EE6003AB6604DA4062745091A2229F09BD46A63EF8D950C7EFED5AFB8FB60E90C756B7C5081D4E7ED5FF1ED347FA195E3712FEEF6A89FF7C2DDB20B031415DD2FC4A37F2316F332D62C9B3C0BF900339F
T=0

[54]
S=$3DC5E426
W=$2C054C30E55FD90FEAA20E380B6A8D3D7DE76200CADE7187BFDFB8F683778A40C9597D914C8C83D7518AA89CFC8F644B85EF520C42C30BE99A844098B26147FFAEE286F3BF676E13801DCD191FF9CDADD9375187D260B08E990CF61F3B3A120F77ED5A214856CCE906AFE1BB482D9F33772
J=$172BF93B1A154F59D6CE3FB080E6E8667168228C06B1B5C43C62B9350CA9044AD34F491B3729DAD4351A46A3F0358486A603A6B8283D32BAB51DD120AA84087C476B472DB81A9A03B00700AD31C141695A98E9CE1D72E2CFC408997FED8CE74D4C94FC595213DC54FFF9601571FD470ECB80F95A44A35C62F6978A6D42182B53E879F4FC10FFA400931F3975CCE9EDBD8CE77AADD8404A7D00EA5F5DD8B9BF23D90CC0757C360EAFF75892DEA524C8A9B5649038988C7F78EC8B7A6E4D53FE554240D441E3A9BB0BAFA36B0E63B6F6693EE30937E7B7F3882B96A0A78A7F57C740BEA
T=$1

[55]
S=$4157290
W=-$568C432548D09EC5FC94DD58994A91E7B9F7F8530596F22BFFA6B6F9D6210D8ECD70DB5B76A59199DFB5188112796B842C90B1BD3F1F585C538A88BFD0AF1F0B162632A5988A172A7987865E79410E68228B1768CD73435850C4D6ED6EFC1899C513F45441BE0A815D37A4BEB6F15BE
J=$8CA5E51D0304B5B6BA51BB654D9EBB2A519B090341B1B8496E28349CD9627093385A7D5D3B6D678B1E8CD402E720EBE099970402465A96C6C99A64C84A0760845D304097A553A3DC2B55EBFED99C609B4093FA377081B9FC0778F10C414C030AF69E1567D9464C6E67059E83B2A220CEE866C29FEC56B3A5B6CBEB66BE350AB2E5D4F64FCC045C7895F16D6C89776C02131A6D613283E4C252648F259118245495000AA88B1F651E54EC68F876E9CEB93E700F468B2F30049FC0882EE691439E8B6958C6E0605A7C81301DEE5ED7E01761BB68FA90888D40EB91C1EA8392E
T=0

[56]
S=$9594DC
W=$4BD9B75B83A71AE49C439A34932AB2586B3E13A320931FF79DCC5F871E5FBD7938DC49B47AB95ABB30842E192B330CE4FA3D77BA10DB7FE7AEAE2B04B0A2F2326CE7355DA8DA97F9B4A29C60D13186990093D3E7EBDD645E302285F3CAEE734B81ED1DBE17E7EB7993DFFC98407A
J=$2E22D098E4F3689F208F6AD3F4209279485B05DEE6DA5C7E9D9F8ACCA66196D2F010FEF132B48CF77E4DEAFAAB2CE312982E8672570410D40F0890FA9B4EB05705F7EFDF7732A026F81840C83EC38943AE32022FD0DD43DF4E376D9785204315AFE49CF7E6BFC0B8ACB137C8D4FCAEE85163F5B64CCE37ABAB010AC800A42E68A89137CAD4F3D396424707B0A09CBFD63261C0B0E1256D22856998943CBB894452A01DE1AF48E7D9876CB5227C5410C0263E6C40C2C2611AFC2D3B9DAB851326AD6688E01FF144DA7CD23D7DC23959A7623A1E5024CCCB55BA4FDF1
T=0

[57]
S=$72299
W=$491A45D03DBC75B33279108446AB91AC269D64283E4DDF66C1131D28D06C85EBCB85A607B1152D769D1BA38B93D71A051C0881A3BF97E189F59A1332D117F1A61FE5A3CF92E231CDC0B9FCABC86C0E1D594084E57A46D24CDE5E07E9A053DCB113EB0AA86355C595E7161F881
J=-$30CD89F996820F70563CADF9D57D83E105FC3FF454527A4C708BD5F151FB1880686CC3F12BE3901CE2103886F6B132F9DD1D47FD73851386565DDF0FCDA017C5D431AC4D7AC11E8745801B0F18F1656A882AE69B558DD1C4C47766165812795073B378CB5EC47E82810405A08B26E807EC19C554DF324442AE97E6E0B254D3496EA6BB3A60DD03206B7423806D9308C80C8189FCDFA8DD103135E0C72A2557FB309A5819F1F7E2AE96743969354107880F18CD47033CAD23A1DF146DBB6B641E48459D950D246065FF289ED4CF4826D110CA708ED8B79A98F
T=$2

[58]
S=$4EF6662A
W=$35378FB1F6A418B9D1E61CA8CF285C55A86F7925BDCB7E70546D1F4663F7A70D7BD45CCF9A96BC82C5E8913048E70E54C30BD15147F61F3C66FB311D885E0434E76332FE56C52FE758594D2F638FEA7BB1457467DBF071B02F8E3D69B8ED912FCF15528314A4AEAC426B3C
J=-$5D23AD761C1DA3EB917DB1CC8F3D334B8036C5607F31081C457FEF3AE29A937CB1DDD9986C47E1CF6FA1CA1FDADD72E5433582341E9F283671DD14897C763697AB39D25D66FD6796D39058FEABBF34DB0148E85C3B8A02E7C31956C1F79FE9CC19F3873DEE1DCCEE0439C7CF2A33DFA54683ADA695AD88A7581F301553F6C66D86838833C46632D9904CBF3AB3DC51A06C6895EB18846455EBFE91A711CFE8F41804B057A02E379053880E2BCD26A7D88D16B234BF95C559FABCEB028335391846FACE170E1A0E1580F10FA010635C4B1352581FFA5F
T=0

[59]
S=$200B4C
W=$2932849E69C8F35DB7309D54103DA81E42BAD4A0E6C8C91525213534478D4E909549BD6DFA8880D78B52A82FC4E412C0A323437FCDE8927876D6F7C91D40BF9E162BA6FA87162D55709C91893404169FDC312EA5668BD5812D1D6E44F336213505F5790DFBB851D852C
J=$6F93A093C9C044758BC9DBA93619088C2578BB86A7E006C331228A90EEFD842472F4C42B2B2767309BBF6B1479F9D9AD20FA5DF98AFEE977EF5FFF9ECCE82468D7CF4CE69578FE70328142B151DC4212648B18A0A209354BE73FB462F95F8A5229FCF2F912F4B055DC45FFD4B792A01605D5930BDFEC934ABE51C11AEBB04679913C67C3243B5D6CDBC128D26FD60A6EB5FC0737AC9435A25A624505B43E08935AF63543D8376ED2150E5D1267F9A16DCDCA7FA7BDD6CCFEEA615E8AA887A3E70CBEF9670BC7568F93E529A4F4ECDD3CCB7F
T=0

[60]
S=$20BF54D
W=-$CA3275809238395DB8FB96BE7C22C18F69CE38280BE633BBD92FB90D40758C2215439D524ECF720E4F76F80C0A16EF0B8B889474469470BA86D00FDA87E8FCF6FEBBBA4AECF176C7E0967D8882B505CA30E0713A8D942392CB0A51CD05E91E8062AA054D14F843D1
J=$102B4764670FCAAAF975B9C28F9D8776EEF08FA16B408EB7C82AF9C802302C6D00A0FA203B1BADB0DF57291E6AE0EB044C8259DEDC765ADBD2B6BFFEEA4ACC576910C52897EA1E11DDBFFAF3FC718AE0E3CE01BA1D7EC5429EFB648D3EC4686364A8D4FBAAAF680668EB899EA8D5099ED7D173FE99D22BA3D7F15E8CE8CDF8799DB9FD7872867394D495B3DB6ACA52CD49822F357C1998E542441519605074BFB6BEC28E35ABB3450E84D1A222D14196B191F3BE0321FCEAD13362C442A4CF378F78D5F64F3590B46CA36E9CF82BEB73
T=$2

[61]
S=$3FF8F4
W=$6F963022801DFFAB151D1F5601653F7A483E243D8B77E150EDFBDC320CFBF05C748EA9D8588C2FCCB35D40B374AE98573DE5640E13F92607E64692EE8BBB47079DA4B89C1A820047FE79A1D8008729239D7AD72F10D7CC925AC70FDBBAB476D43AAE5D91BE160
J=-$23FE1E289C45F0DFDB87FD23E749943B43FD131E47AFEBFFC1D5E4FA5563E5A48E108E4A6C23AA5CCB7CE8E7A7F006C97BC7FF4E7143FC79A3E2F9A98F3483C5272066992E9B2586C874EB934A5C4CC55910DFE40AC1DC6C5153E0F61F1919C411BABA8CC3484D8DF8B7164F58E98F93AEBE7281DEE1FB5D12A73A91CB546AE535B3B8BB77954D6BAFF0A2E56A6235BD0F1B9BC70E466BB0C549E27A6E5B4837AF6DA04C7D18E5CAA7C09F3CF9692A6A4CA792FD9CEE3D017A9F40791F63495701EC77EEBA8726EB9413F943C
T=$9

[62]
S=$1157986
W=-$11BA7DB26661E58AF15652984D6F983EAC6EDB15883F780A1B5F7522B6B4A0B7FD27037BE693349F05B18A8AFA2C5F64E6AB7A57D0677628EE7FEEBE11EBB0CCDDAFADF3AC8F5F9BDABC815521CF285507605C6D32F7C0051185D18D5E39F582841A1083312
J=-$185EC5FED6028376FBB5CE6F6AB02D8BE3E2F8184735E72AABC7997DA5B29C860EDC00D3110AD06A27CD2FB49EFCACA25D2504172186ED8DAFF6C34C6086AD540744058AC962DE6C4419E8E38E013EBAFC06F9657F74A0F68AF950EA3D350EA6EC0CEE942F5A0E52BF1F4D84E4B611FB43A49CD499833577869E5A25C8EEBF9AA36ECCD6673F754C6020B161EDBE6BD6668D739870F6256A7EFEF5973ED8E7B26BF45730549E6493C7F9DBFFD50CDF6F117FFF79E1499F0CE680625534383BE37C5C25BB55D7E4300E07
T=0

[63]
S=$40E780C
W=-$E47004289BDD2D4FA22DDA421C58DF6D83A386517118ECFB3827B3B6D2BBC6170E5D64786E4A2799E5FFB3C68E886F8CBED1A4A741F27688ED47B62ECE9478F2CD5D40C84BE5B60FC62272EEDDAEF61EA3492A8FCC56D7D560A6D8C1AE6EB91BECB2B92
J=-$B39B6EFFE31FC5B0F62DE67A0CAAA5F96E1A43F1674DDEBA5E98772E671D7FA00C968AC8D1D186BDBEB4E7A2C6948250068214F840B90D458CA6ED3F9F94D8D966F1BD3509E271177D3E0BAD489B9C67F01AAB9D24F3D12D4D9BD6518B07AEC5063A8375E39187C82BD0D0B2253FD2B7C60711995750829EB62C764C8CD69E0ACB31A4E738ACFA3EB9CBA74AD67950F68B1A2C52575384C7D2C2DE8A8CD3255E5849C972EDD825BE517C75E65CC65E06E1D38DE95CE2D2BBB965441AAE7ED5124C04162E189DD
T=$1

[64]
S=$309AAD
W=-$84F86FA0F578599A50C0A67D70E55CB5B9BB2619CE223CD8654810A150D739DAF8608B97E75F88619C63D90A42B7F7E6FAB7B8ADD7EF0FCE89F0A103B3A596F6F6679FB05142DF521969A73793BFE6F88FBB5CEE5415451EB35500E6A813ABDF3323
J=$1A2B362FA8A25253FB8C3B2AF2FA89FEBFC79A0A3E4569778B5BAF5683968D9E16498F033F899242411CB0ECB5D4C63ACAEA10F32D1DCA019D7DEAE2D8F73842076F8C530940244E36849807B965675E7F208F0C03AB3B9B5133C6ED2C2B70BDD3AB435FD68CECF354AF9A23D5D1883BA7199AE16D36484D31931468CA26B11EC0B7CD17280332C46B459C3F68D5D5F7D2DA21D38850B5CB382C906BBD371D051E545989564C59A66A6FA919FA6E539A54B6DEA54343AC3D30F07724D64F950F4623E05
T=0

[65]
S=$4542AEBB
W=-$7E6AA841F6BE0B258C24074C9F9BF61A80D9D1EA697E0AB0B7B477829AD64BB64335FB3B94A4955524D84DE4C34055A098EACA92860F8174E27BDAF32234930CB0960C1F60078EF1AA1F2907C66F39E830CC4CF48B39A185D033CE5BA67F9B69F
J=$1B8B45AA6E23A8C2BDDFCBA79840482E93FAA7452AEC8E101DD10E506E36DFEA4D7DAC3398E054AA6610D8314DCA7E76FC31F7F3083631081E9CA02CCA80AC4EDADECE64FCBB37C41C4B70A95174AAC6BAF7F6373B1BA36B27ACCBCEA2933C13063DAB92E057DE7C7B4E6B24A77C79B437F9BBD80E87735FF130E1AE50AA1B6A52FFE90F1894F45F3500FAB4B2B4A28C4132944F0381C39EE8101BCD7FB01E1DE03542B9ABD1B77BFECD7CF1479BD40B837C70ACAA419D0C1ECB7592F82299EE47
T=$2

[66]
S=$752C12F2FD6DC7A6
W=-$2369CBDF2733CD9C48B2D0C49BDFC6FDFF60EDE35E012BFEFCF4BE068CC728E501CE4232FEF6A20FF285B909678D7C6099C70900346EFE4923EAA6C13CBFC1B1EC19FF439285921DE8EA3DCD6FD7405DDE0520B8336480DC106885D5DD4F88
J=-$2BBCA4DDA3201DD72A5CB6DBA9DFF004E9497095BCF5A4F6EA28A8653332A6356C8D16D84FE64CCDC76557C5466BEFD9C40A8727E4DBF26D20BF0BBBA9EC97628FE788ADC1CA597C08F8E44107CEC90919CD84086B8DF340872B953F33547C8FC816CC92BE4E01BB60A5B09DA87CAF99BE308E53F4D196197E014B3860BC66AC23DD20EC2D2277DB9C009EC798BFE79E4AEB119577E03CC5E64054FEB516685EDAFE4E0CC655BABBD0E75BF67ABA84C281A5F43A088EDE039F69615655
T=$1

[67]
S=$C87470E
W=-$19DBF432A6FABC6A109DB4B98EF65AAD94A9F3368ACDBE155E81E2A7CF395A07581F495833D1AC999CA5470CEF08D299FF6199F5AE70EEDC638F4A3E49E1317E689B7ED1E7FA67D23D01EFF386677D0BB26AE171EDBD3795C1C3F6
J=-$17A6FA6022FD19BE70D99FBDCFFA3F6E4E5C03E60D8A16D0FAB2BA57FD702AE8473E6DB301355B82FCC994130A4CAD64782C907794F3652244FE2A8095DD6FF8089EE415A6FD4760D5F8398B1A2301310465549346148CEFE27E1371F1EEA03609BE4215A59D7A1D9370973E5E931822A168CBDFFCF33A1AFB5B5779A452BAAB9239F7243EFD513C8B37B6F964A0DFA434E1BB26B546073025A6E06898219BA38FB7C52A17E62B2BB00E02D5963AEE1029867BFBBF
T=0

[68]
S=$9E743
W=$1079FCC5F3AAAAE6607A7060047BAF77474FD9EDCD5A652552B1F52802370437EBBCC7806ABEB876379A17EF1C7D27F4628E6F6ACB37FA8E7CF1002494DFA0ECE02C64231CB0E144BFAB2F32EB7D299AD4B7743DE11038E18D
J=$1575560B3C42F3A461B27FED54F1508A6EADD76395E75E53F9E7625461F0DA0FBD7C2AAA3401BF0731F978743E51CBAC7165595C6C31548ECBB251A6845086694BDC73D9F93D3281E3E0DDD036704E674BFC9DE3331BC8BCC0C709C0A3B18D2DADEEF6BEDC9DF683250621F41CD8F1C64274DF26818F3C1641D8BA7A014E5BDBF653508903EA99C1CD2F7B9F2E87FE1F171E7D8792F023CC6A3F31009843137A635BDAD7118AA2D0E6A06EEE5528254EE05D
T=0

[69]
S=$12
W=$3BA61C156E19CFC2E0FBEB2B1A8EDEE64E47637A821E5BDA258F43454874E348B26FC0A27479D868537B8E3A6404491368B78DDCA212926E1A5E155429731A8B573E2D26C9826E76E072AAB7668B3F94DB58F3093F59FB0E
J=$E8957D814F8641B2B545E1CD5CDF20D3C074490F59F4617840EF5C34C0CBF9EEB7D47A3806A32097DCF392C1244FD554E18EA889B3CCBFF47551D9B34F1F3F9DF09C0B7C53DB7F152653D3E92FEE11068D5D0FC6845081AF568074587A38993B12671D27A291C2F07B34BC8DE98C3A38A4723699A20664003D2AB8B3C4E740C266D7A4218EE7C32980B44A479202D284ABB6AC48CEB5FB558C8AAEB50C9A513C8BC8EA026A79D074D34220C125913B
T=0

[70]
S=$D7BDC
W=-$E530CF022BDF181C96F802B2CB96CDD79443A9EED5BB344CE8E4276D773592CAB388E24F3017DD30BF581D566A73956F314C2CBB2F73D2E27380800DF80A652356F91F11B86D5F35EE3BB4BB772026ABE4C98D27D4D4E72
J=$1FD99FF8E2E92C34207E091D30A41368176AE6F43A7FABACAF97DCA7C530FEF1F59C868A0D22C8F28104A12A07C0F1999DE4A62C9516FA2D2C4D6F5420FAA77E3FA176BB0440A9408B5FBA28EA7071C8FE18CE44EC41A64698F7906C767B45D2D91C2A48A6847FD13A1C9EA09EE93443143DCCB49D5AA691325205EE4D91D5A49A14520D3365D42643B6D6D42E4904E29CC4D8264EBF3ED7A46C9216242E1719798E7B4A3B3D584ACCB26FB66FAF10
T=$2

[71]
S=$15F54E9FB
W=-$5158997746D1DE9D17E2D34AF6BF26B82CDE3315112C7CCFB396018FDA733D0378997BEEAB37E798EC0F79C74216186D931B15DEC8219FDE5BB3E257747D2A51FD4BE8221BCA6FD46C705FF98CA0069E7782B1FC83DF5
J=-$2EF9CC1A2014ADA690228A9677ED94FDD6517F878E0231D92390EC7D74C1CC666567C17BF2659FCFF6213602FA6C70C7333D695B8429339AB5E48826DEDEBF2513C567E564160A6C7B1F92A777DDF0016C1172A4CD2EBD2F85176773441EE3BB7B392BFF4EE21F4C322F5D5736796D5334362CA71B5AC133A7697D6FA089D1DCF2BA14B6EF52586D1B949D508A3C1FA17EC73FB41E8D6FF376AA97B25297D8F5B7588CD4AAC54558177A4D81B
T=$1

[72]
S=$1230DC2CC
W=$11D0942D00D79C5F6EE9E475730D45B228DFDCCB4DD51604F7109C481E825F4F059BB8FE05113008C5DCC448A5CFA0D968C462300809A1BB602C3C5616EB27B38D90293BD2EE425789F04CED6DA2953AC5D416EAE
J=-$11C3FA48377D71185CDBCBD95B452B99D1BF9ED6AF458C35DC703224CBD68F935592F9DB99974C43DCE15371290E6C75B53B35D0DA5C88A8E90A94AE9B992E9C29E8FB1EDD25DF4438C87B958C703E7054E7500F476504596D88EB122AFF6223B353232748701D78516CDEB1169CA8B59171C7C826608664A1D6DA650697BF08D572794AC91A656E87B73751E75FAD681F8D45CC62C6D1BB5924DC9FBBC4C8319FE26406436153A74
T=0

[73]
S=$15554B8F
W=$37987C04ACADBE05DB8BDAF755D0D6F09C22F0F433564E34DDBE4190607A4B71DC1D4624B448C86102EEC47D4334AF7E94FCDCF4D80555C913D6BEF3EE26AC3F310B9DB6704D551EA1FBDA6CBAF41577EA093
J=$15374A9EC3E8DB8DA3ECA08390A80927D8525C025DCC6D6EEFBD978C91C48A3904F423E7DA084303BA64E0053E4086AE1A99C50F43B5A8D18A967F9038468C9B1D80FC5DCAFF98ADF8FF83B7E12A0B6288FEDD663729CA8428D6538786F192EBF9533CEDB76309BAB7BE0DACE85A09D50B64350381AD7572BF2EA99C8F53BF621F14BE7AB998DB866A6C31BEA26F5136A99AF8AA2C4DD6AD39825D078700F892FB9B038D2
T=0

[74]
S=$19C5EECA
W=$5C27E94FFE05587AECAE2EDF8090C8ED8BC16C8AB4A5828025BB70E99CF80492EC8270E0DB41177BE067D787C9D04BA22FE03CC682CA9BC1E9CE4A7BCA5D4B4E17156080950E0FC3C64A738C331659C0E
J=$12983000CE7F363FC47CC65D0896A50E02D196719ECE14661071C46D91B4FDBA89003FD956356889B085233E1C4688B1475C55CF4FC23610016586692BA2FFEFA2C3866434F37CDAD42C840BB4E132632857E184448C57F21668CCFCE31B52D8B3CFB353573E67F202577F8EA63DD4D65CEB5DA2FE403AC9439AC62406B7EEF8CEC304C318756C5B2E3E68818A75C9499166C19E5D9C40C1355C17A0365DA0C711
T=$2

[75]
S=$10B96BBBE65
W=-$1C7ED3220589D6338E6921DA35B7316AA23FDF8D97E01C789B187D9B0AF15843B2BBD55BB444118587A1EEB08851300432A87BED47C020FD61E15612A0BFDC6C5EE0E0196D0C52C88E5BA7C2B183F5
J=$C6FC087EE2FE7D675A10D4D7646C90086B9F7BAC1AB4A148AE17C3693C4F41BB6FB64D2504778DEF976603AF065B35C626AD18DEFA9BFCF47111726247DCCA659635F8138F635F9C7BD3CCE84F64B0400B43107D1A5692BEB177C4F3E27B8620789FAB673C166621C9F26D8FC53318D52F2D155BC6B520D3BC63B8A76DC9CED3B6937DFD651AF9F12023584A939202650DF05BCE076CB37F4A0BEEA01E
T=$1

[76]
S=$10AFBD55F
W=-$4D06794A69C16B80950C350C4ED5BB200B45A458C477E9C3D8F7AF9D47A46AC20C2D9AA4B31D1733A6BF2ACF4C878387A47310477318CC68A75556139848D0CF1160CED6FA10CC7D89FE4391
J=-$C88ADA3EC3122D03310F9E3C15E3D4A7A521130006C4883B0A23A2DBF0B0604F7D9912603B71E6CF51F1544C7C5D425EB780FEC40517E6B3FA694229704C41033E79E7F48C022FC4908346F751199B671211AB32A8B08D8F25B84E83F298AC8CFC49F97CCA16FC8FED0D3B7DB7C00751FD75176ABD8BAC70B745A8FB2939DF8C75F61219A650FDDADD90E1030A9D57078C5882CAD1244213
T=$1

[77]
S=$2A
B=$2

[78]
S=$2DAE12E563
W=$2A56743FF6B49AAE63477A01AE940E48382FD4994D65917EC0EF76F6F6456056D04B32F0EE03AFEC62E90E852C9439FB6AA2D560C94823C930289F2ADB408B3D96FC1155B8DA4BD12C8D
J=-$52680214AE55A0C52F812837BBBFADFFA5CBD25D660DC4082E85280F165F1A6B338002A65D96D090D2D423570041D2099CBB5AF233F493540F5317D45E8C9813F83C8B926810AC5699E5884133FF2192E6EFEF46703318DA50AB34CD805C08C8FDD3186325FFD9CE958E6B076C17DFD54D1D10997AFD8B93C25ACA1123F9AC1A4B21D31C7F354C9AFC9E05A24FA56C55CECFA02
T=$3

[79]
S=$1198E064B6A4
W=-$54933143F2632F59DAAE56F80CB59F2D5955B830EDA3E8C27930C4C3207533C50C93F87F93A955AEB3F3F3C66FCAF08F170FABBBB0256BCE0D73A878F763F3620687EBED38D7876
J=-$1BEEC94B8713B168C4601D6FA76E70C3ED2206E1C4F2F61693A34433BE5BBBA3F88EA5BBB38555B7B5EBAB53B17990C92780F894B3CD45DCB21B25854D5B59D63388C3910B75D0C00A4545FBB0388E21A88A55FFC8D02F8656670DDBFCD9F9B4B067638296E0D819B56B1276B88C56A9BE3BEA84B11739165999EA56507DDB243D5709D4B62534CEDB4159D880EB96
T=$2

[80]
S=$8ACBB
W=$351D18726DF3CC906B39C93F92E2018050557C573D72700AD0DB12F8732AC4E909E35C89DF19517AD966A94AB1A902C182BF19F2EEB706C62F97DB66D388251110F75F4351
J=$E7D0759D44BDB888F87081C5C180D55E8B00DE5EBAC1F5B795E648DC47B2A20AE8ED67DDB5FF950D4BFA814F0C1C5C6F018B3917011F8E6F27ADB7E1C75D734FAAB5CBC0DE65B43A3CACF36E7FB78A85916AAFC26225BE1661B5CBBB1B6FBD6D54C5B8C5D8EFDC960A5CED2A9F7E71FD41D5161DB4C2BF5B49C9FFF424F20B399BA1C4773FE66E20B7
T=$1

[81]
S=$AD0A8BFC
W=$138A5BD28C0145BEBCDDC59B3FCAE52653A909115386CA201AC48967C706B066ECB6E6961AD613FBA418B12F3097E523D613E1D0AF081E9B63AE4946D0FAE4B3EF81DD76
J=-$134D8E77B1E9EF6A710317ADEE503EF46CDA6A645465BC5F3974BC74CE4C33ECCC6AE9F6D952AA4DB6F0CC2017719C11C9983E5C921AA561DE5615354C269887DF68E817411C8A4649AA28C306F165DAA8C82EE5F4F5FFBE56DD62E7DC8AD7DE456A13EB10698A7C9972F0290F71A7C61FF912CFE0512E6CAFBD7E9A1A307CAAB3847B730089CD
T=$1

[82]
S=$311A13C9
W=-$1495CFF75006DC5671C53DA9433075E9C1BCB3CEDEFD4B24369B32D57B56C1A6A4485C61C034C147E881657D995FD35B5C4B206C4E16AB776663AEF453A1463779
J=-$2DD0E2FC846C76CC7997A2C0F6E27ACA1D03A210D2607F9ED5852E667CE43E1AFADAB30ED5D10C4695E38775DA0792022D2DF9DE2A64C78FB4AA51C52136DB2AD92D72D3B7D277EBD6FB7D371100EBCC9616656C6E01CEB294EE5AC0D6B6C60B7AA229912405186C2467DDD150B50BC8BE3520D89E7C46EB31E1AC88FB64F869BADDE1
T=0

[83]
S=$C224650C0
W=-$E5A6287EA8C4144B96180CF3EC9612BDDBFEEF7E738911F693F4F32B5615E5562E2387B2B8B318EC332686E4CB33624FA67BA10F4BAA42FA2056D0CF46772EA
J=$C3FE3D8445D332E48BE38C5C600A219CF6880A8719315336A60688BF7FD0F7EA4C0232BCA29924F03E49C0D6BEAA202DD069E413ED5323E33D0335F9303274748473D44784AEC7453DA46B2B82C511D689B2D5DB0ABA294C159E9D0EDF811ACFE954B4B916F4367AD4EB713ACBD92ED8B4DB70C730825ED677A996B0DDFC21
T=$1

[84]
S=$41126
W=$FD9026DF34EC00961D95E2F4095C5EC6EFCAD1568F5DC3CE98E68D9482492148E694A644D5A5FD8337AA32BA0823657E4EB901855C5DBD6B40FAC872B98
J=$19A07940BF8A41DA78A292ADAE3248286AC45BEA32C2C79663A27EABF25403A081BD6C763DC3896EE61264C03A48204A6DE8FAF0457328BA46AC13D3CC594294CA6EA0A178DC5AE155FAFBB51381E3B895EE297B082A4E5DED5FEFDEA3FE65BD30F8B0110EE58A9464C0DA86FE28E1EB845DA663BBE5CDE1EFC458
T=$1

[85]
S=$B0B042D506B8
W=-$4850893F22ABE26C8BAE8CE6C15D865F6811D79C8CE3CB4249DCEDA6F161225ED0985ED8AC89722D4F949F015CF6B5CA1F0CBCE19BDF831921E4ACD32
J=$161DE48685A9779527A029226D03A4103E6F5332E025194E2512CA2B00E46168A296FB12159A9861D5813D2CE8DBAB9D5BC9261598A8F8EADCA8E9E6FF9DD11257FF1B88712BF62F24ED8292C20ACB8AD6A75CD531BD1BEB982F703D6E2CF64CE624132DB24F5EC819A0855BE80B573E58929D98CD12845A4
T=$2

[86]
S=$5B746C
W=-$62A64591BCE32EB976D3E50E065967C9A2E44C182B5D3F078D3105C9B35A73CF2EEC061AE23606B6ADCD381ABEE786A81EA6616A6CF32EB0684
J=$23ABFD4B3BC452EE432E1E3E70ED1AB52330659C6D98D4C0D9C3779D00F53FDE63F7685E945F2F38EA5D2422EF6A756F24739D384F2515DE3A066468BCF5B28FFDAAA16A4896B407B9CB0078DF434B7F06A81EFDF8F20C3206FBAEEC598E6D93B7A4583696A24DDFBE58987911C2D4F43C235
T=$1

[87]
S=$1D462E53E3ABD
W=$ACEB00250C13A785F12D37935D1E7EB59B80F90A80EA46964D3B26FC7AF135EDA108046996F884DC5B9ACB84AC51F8EE9F81A2EDE66BF81D
J=$73D58A543D85E2E0E8BC1F80ADCCEC6E22D9C0C15FF3B9CE40A11FEB9765335C430C3B2829EE56E17FE966D481F8D59F4CF2154DEAC4D252DE9AEE93F8D6303A6A26819CCA0CE8630BD4BC571989098D2134C1F53D29D94FE2ADE0D409CF7AED778AFAD6A52D9DD40C00C17D239D985
T=0

[88]
S=$732FBA05C181
W=-$6A6ED8359E6DAE7DE6EA0DC371139EF40191C8C46EDAC5ABC601FC74F55665163B3CD1566CAA1750C4E1038AA51E2F0965BC244271
J=$E36D08290E018D121BE743D07488A805731062833A01F7622BDCA74EE85A1D8778C51A291662C8A030DFCFCA6F584BDAC7227340B6E6573034B296D066CF254B113365EFBBAB4E60C73CE3B4B623338431E326D7E1B81A7F7AE9A4E5C6598F281E8C7A56CFB01E5B0C2
T=$5

[89]
S=$44BC
W=$EA964B0A7CD177230F2CDBA4B00005895AA1D93DB70BA4A465343744B1594C04CBD91E6C745318ACDE2A236A620B7437EEA4
J=-$1C0138F864EA98BC405A67935C16E1DD3B7873BDC7D65F12544BECF57404CE25A96B5311606C07C420B1520553ADD6ECB7CBCAEC01520A78F387FCD5D4EC272F52EA0808F0FA5A0DDDAF361239DA6113ECA08E40A372B309A1069695F82BD86E720C20CD
T=0

[90]
S=$74307
W=-$221938949E89739CF4B411E819B0EF5F9EB4F8A193D306C6DE8C617CC46846BE50C679E21A449D6AEDEB8E4398BA2F8BD17
A=0
B=$10
T=$1

[91]
S=$27F29
W=$41F2E26391BCE0543805CE173494F11A219E20CF1728E90C3CAEB51D4DED71B18ECC4FEA6CF271E5260910EEB3162E55
A=-$98
B=$2D2
T=0

[92]
S=$196B0
Q=$5

[93]
S=$43121551
W=$5A1A90021036E72A1EAC3586A323FEF27F177DD7EFDCFC74A13C05B2E97F20244D7A6DDBF97C4EC59AB48D032743
J=$1255BA3827EBB4DF3490FBB87C8F33F35E5B2D64B54D033D0F24A5F69F65C146036F24DC4DC539C010A74001A992D6D3CE320B51488994C641419123BD65639E06001C569EEDEB811AF8438D28BE0F7BC385D444AC7775568605F50
T=$2

[94]
S=$A0C758C
W=$AF21C447C4DBDA27FDCBF9FC92B5FD22389AB97835B90ED7322C664B593BC4BAB75B5675102891FD422FB1E6
J=$60815E2941962920D4AFEB0FE6C9253632EE5694A707942EFD631F2509A768168BD48A6028A362129336058CEA2ED5F5D538656F6482D894604A56C52D2FBB3B52174C34DA3DCA4F82192936C7255F516BC1C0AFD92C76E
T=$2

[95]
S=$1D754E
B=$2

[96]
S=$6BE7B710
W=-$B8B0B79103975965C3AB5D3871B90E7FAF437F1CA758B322D9166EF3270FC279B28022319307C0C1F6
A=-$1E
B=$38
T=$2

[97]
S=$80339
W=$F1F31DC3A56844B467324C665681A88C1B554A663BF3E636B3A71C90DACFB825CA9FCA341EA1F7
J=$1B8D2C29AE5ECC5AC50B4B62679537AFA36900D0951A0843B206A9B877B94E486F280F8E68E1C8632E3CE7B0A0FB4E75A2D270579F10D1E3C88CAA603EC57342A4F1BA550C182AAB7383893A7F1E
T=0

[98]
S=$45393405C8D7F58
W=-$6251FCF2FA2FA29775FE87439CE2FAE4D9B0EB31BFB415F556C004EA64E7348CD58047769892
J=$ED718BAAAE5651123E4B75B6FFE02F146CFC4C3F68F8D1B37EF2CFFCE2119759DF44243760741149CA50D62B62125DD5D34A0C5F4FBBDDE66653B46CAA96E729DD8FC2F99BBA2DD8B30B73
T=0

[99]
S=$1075541CA
W=-$19F34D9527939F5651F381F52E284E13AF5F394E4FCC201298009B82C177196CB7C5E
J=-$C310EF385BC104DE8194EAFD0010D75CF04996667D6E8356D1A12E55A02872A1E9E1BD6148C8778859A9E87DD9125D0329A6FBF6B5430395686649EE0F6A63CA746F0B21
T=0

[100]
S=$890E949
W=$1483971820FB4C4CF6020341472273E3F802A6CBCA381FA9A7C9E5CEF263FD9BF
J=-$55A350E889247D26500781A7E9213C4FD2862281975A830BB03F4B6A98963F8443C2CA5E37D943D129BB1A447D8593CD7C21657A22A5C04C9584D14361C77F71
T=0

[101]
S=$2A181
W=$E7276E9BC1F6DC2B09736BA32906F445881E23BDE9D24C0E12E7646C404F9
A=0
B=$6
T=$2

[102]
S=$23187D230
W=$4FFC8852C08123AF80FD543E9849ED33130A2CC459F12FE4C1EC1C6FFD6
J=-$8E119A4D5FAFA9CC7CAF8AA009385BA92CE94F0F9DE0A99D26297F12DA2DAAEFC19ADC2B905CE56E809BDB4422DF282106D7221B62B20DDDDF9EA
T=$2

[103]
S=$394DDF50
W=$63B58265BFEF2A79920D4E1C8F4953753C34AD6B8561B3598267B4C
A=-$23
B=$62
T=0

[104]
S=$1205B44
W=-$178905BF50C330AF2B1D612429E40B93B9D761380FCE41E4FE2
A=0
B=$10
T=$2

[105]
S=$25A51D
W=$17F8C057ADB45638AABF7416525A7E878531B0BE9F852A6B
A=0
B=$3
T=$1

[106]
S=$1A97BF7ACE
B=$2

[107]
S=$8E58B
W=$5B9AC92DF13C9E90716E9A9584BD5744A953C3E1F
J=$3AB1A0921857C9A1EF1A24AAA980885D1F7F3517404342E2A605BDF5B8E66356901AF373206538CA
T=0

[108]
S=$300B64EC
W=-$249581987B0B8B9243C2578C33076C3D57C2BD0
J=-$47D888F614D25A234C9840205DE733FCEB31F1240BE070918040011C1915C5534AAB7DCCE8E1
T=0

[109]
S=$CF0E40F
W=$4D5F8A0DE118D8352F4D0D0ABCAC96C1369
A=-$108
B=$69E
T=0

[110]
S=$32629
W=-$224BDE912DE68797869234E44D79C95
A=-$7328
B=$1DBA42
T=0

[111]
S=$16C
B=$2

[112]
S=$1D8CD08
W=-$A6229DC6707C303863D018442F72
A=-$1
B=0
T=$4

[113]
S=$A5F54681AF4
W=-$7B2AB1EDBEBA7139F91100422
A=-$23
B=$62
T=$5

[114]
S=$5377F0
B=$2

[115]
S=$44C39EB2A4E
B=$2

[116]
S=$3066A
W=-$1AC7E9194FEC
A=$2
B=0
T=$1

[117]
S=$A72B82
W=$BC6C3059C
A=-$308DE72AA6254FDE26
B=0
T=$1

[Signature]
1=$02181F7FA896D3DFBD28B874238C02E279A6A458B10576E7
2=$3AC5AB20105D1E68D19EC5B3C5F41636762D0768419FFD31

