[PRIMO - Primality Certificate]
Version=4.3.3 - LX64
WebSite=https://www.ellipsa.eu/
Format=4
ID=B4977046F3C9A
Created=Mar-28-2026 08:41:22 PM
TestCount=117
Status=Candidate certified prime

[Comments]
Put here any comment...

[Running Times (Wall-Clock)]
1stPhase=40.95s
2ndPhase=5.80s
Total=46.75s

[Running Times (Processes)]
1stPhase=264s
2ndPhase=48.90s
Total=313s

[Candidate]
File=/home/lappie/Primo_Missing_Farm/Missing_Group_Prime3.in
Expression=(4797791281515011781318+720056643+2)^47-(4797791281515011781318+720056643+1)^47
N=$616BE0CA5B62913D1F3C158A0939E0B3C52080E2D5F5F98BF56019A2177A46887F48DD4D1EB3E828D7340C45CA74D7D50B4AC50D6B2095FDE4E0D5DAA5C91E21CC1F9896FD1C441D9C44D184279A117A04A7CC973B721063E0D1F0D0FF2B9B25575993DAEA928D61122A1AEA80BB41CCBAF03DB7F0712DD4D41B98C4D5AD7EFB163ADEB71935158B9CD34811943DD21C007513693B86CA35CE7B499326BD190CBA4A83EC4E5C630A1CE0B092E02E396D158EF84ADAA76CB3438FA5A48D6B07FC3FC10B25D854C7AE78FA83A4CAADBEF19F7D63C46CA45AFDB281008E2D622A7D89258B937FD5DB72BBD6E9C15CE5B726AEE5E8D7CBD78D3A1A69659DB5E6947FAF8F01B25FB98B8BCA697393F5D1DE8D14F9ED7AA5B7964A160CDB50056B0FE2876C3A65FDF864E6D625FE9B9769CB4046078563B3B3E18282033844C1E4971742868B7371476979BDF131DFB1D5A72D10B7A7090E6B8B13460C695D41887CF6C1FA06EC14C9DEF0E380C71A2B33289C533E7D87020AA51CF75F845A0A02DA98515E2368DE03EB963810F4E1C5294E801D4B5250EA71AF9026C9522E03B063
HexadecimalSize=830
DecimalSize=1000
BinarySize=3319

[1]
S=$22
W=$12629B066B8CE706E265BAF167614369726A8A81BED130E2BFCB3409BF4AB2EFC06C14F8BC9C0C299CB8320C68D4E63D45F92540176DCD1A1C3BBE526BDCFCA29C0F451FB5CB9AB167F9D43B9EAA4D6594FAD33C0BD5EE945ABA53D549F9936F920CE2CD1C4A4BA12F1980AF203057CFC7CFC5A6A46898A2E5432D36B07B2072E9E86F7FDFACD02F5C66A1B3930464E0F798DBDA12631AE2931272A97EB3F817C37750012FDF5891A0520E6E94FAA5F82D30589F9DEE935C8FE588C431C9ED30F83D4F1BC65CC829C560B0F79A4C4DBA
J=-$13AEB42900E4C0D9733EC55C3A9E46050A037F080CEC9A82B53EBC5B80C19B33FECCA1EAE806EE15F2CFADC08D3717B82C656C12C186BF37A8AD983E9D985D874DABBDEF8DD742FAE59C559B8586AEE1F5B6BDC74DD9E34BE7D07374D6EC759325CF732DA17F223DF3FC1E88B72D0A4F3CD59FEDD22FD660BBB322A920F3CE1BCCCEA4EDB3CDE9612A11D702B0FCDA58174B549FB2B3AAA0459F76FBEAA8F5B1F10B993F7D28C05142A23DC9D54D2C8CF3DEE3DAE7847EE73FBF28E6783485327A81E527A61B8FCD5710C6ECAEFBC7DA9CAC260FEB51D128917A49113926553800931DDC8AFBE9E30E6026EEA18827AB3EB7860BD6DA96BBFE168214B5665D90D6B28D2547E3B6CD476FB35DA3F6A0EEEA284759346FF75CF580EEAA1A3DB7A8D0E361147890D2E557CA23D5EA8132608154D007D4B215ED7F731A70A0BFE46BA0CCA39B0F26F743241EF13B79AADC517881E81A40F17ABDEF786979B3BF63C5B59F91FFC1C4E138003174EA61F0E80EB9C7D3223E1848C2AA144F8E225B78BDCD2D20697E8692C62CA7058E278CB12B7B93252BEF60C86DE05AB9551921A5
T=$1

[2]
S=$1FAFA61A
W=$1D524E6F8E1F2A7CD98297F383652A032976944BC8575DAC74CBBEA0C32E6FFCF46DF61BEABC1909AF5D5C0088AAEA93AEE11EAFDE00B01EF4BA6420B931C40F763A22ECE83E9BC6D349646C52B25DEA7DA7933ABBAC3C14DB9D04B8CB8B204533F16FE0509038E682F02F85462D5F5DA569F97965D5A25DBCE9D7FE9E0599B0060A72055AA2F2151B63A777A69249E2BC505CD03AADA1DADF5714A3E8C267DE8B0ACC933193C052C58EEF082777DB44CABAFE9C82AB2C508206B9F98D5AFC64A173CB9EA89F16EE290B624D55763C
J=-$2328DDA0C0F04D4FC02483CF376BA53411AE48C1A6F301C29968864DC23D9D4827EAD20306970F256822C3FDB6EBF458EC4783900605E14D3E71CF4D86B89B4802CB6DE5A602414B4932950A264DC8F85FD64D669E65043C0D64578BD66C1D13AB8592D75237E6BCC205EE0BD7504F2EE7029FB4DC4053E8952BA2F6196841628A4C41E4A1F42DD8326E4384459E74B4119113396A750CF20472BE79EDDFFA227DEF2F0FD3A970A838590FBCAE463D61924CEEEF692D469837C6D40E56CCF43F298A2894E166BB31BCB08D558569500454DABE755D43673610A161B00CFF007A62B906349732D7B6658E67793E29A6D4678EBAF6BFA8314873BE26C645AF3F810836E01BD3CBACF262177BDE1F44D51E6EB41CED696C67B6E462359201CD5A1BC1B8573FE139C3C53D0550C97F76EE2372C1C4EB79042D556E04E05C231F5568995B3A3694D628B7D92A27F82BF00C709104815FFFCF6AFE8519A28F74C39A1F729BAA662EE46FC12668A9ADA2A677B55906B57BBADB26B4AF837209606AED07D1ED2EA676099F89E0227FA5D7EFD035DF8913894F952E14409B3BE56CBF
T=$4

[3]
S=$2EBA16
W=$97494653AF22BADAB084458C1D1284579830241AABA7F5B900B9E78C3D07E1DBD54C827DDF615A6FDA989D9D13EEAB239FA19309001F6543980844ECBA7F82C109033F10371A4771DFAD5EED062CC7350DE127ABC394C8A9A395A8CDED0970BCA1A1367811D7BD4A6053380434076E43022A665A8077A0646CF92CF14A3D15B9B1077C9861E86A6412067EB9C5C5EAA9FC17D4CF05037E018579C55C9F4C013773E940EBFA3E56C995405A1DEAFB1A863FA0C8322F0A3E39B59B7848B4B219847E91BD10AAEA79E99A2B62C0AD0
J=$1AE1D9843BE3B7FF69CAD480400C867C8FDE4E54332464A11C3CC62DD82EA0521A57B6AC1D7414F8A44CD97CE3B732A55F00BBA0D0CEF9DC86B5142BD46869D3CB636BA7D95500D0302C84242A29B46F42D3BCEF6699EB15521FD877E9118B36B81C1472E4E3A5CFB1092EDD06BAB2331ECAE4D4618065FEE1061435251BCA59BD70BC079A329843509848AE2885A285E5E60F968A07F6F8F58BDB048E39753840C1435CE5C3D2D022FAA1C149C1089DDC74F0F1ABC7C92B62579877525C0751DD50BB4394613B84AE105C1EF63FD69E89B59A2ED9C713DFC3453FEE3A93ED1C2764F10D37E3C2161EA771050256742A80B484BD9E48FA72145128C5AAB40C34BE1B457EE60823963CEE65F014ADDE0D09ACE24F08E0155AFFE021D8E98498D8313E7B40EA273AE7158981AAFA1AA22D60CE1CF8093DD4B98D0582624AD654787A04C0358F1C64DEDBF43F27ADDF46650428429088B325B9D67364491DFA4CEA95E311EB4B4BFB7E7641E953AABDD91F7A5DBE84D34FD1C40509E3D46DA8BBB5AC4BD9F90B015791EBF21DC8BABC75AFBC96DFF004402CF04C828
T=0

[4]
S=$138F2C
W=$DECD6309FC40263A33284F951A9C9012881EACF20E4238E1DFEFCED8065E36855C5943420B4E12B1AB408C8B84859EB46A3A2371C8D6D05C5486EF44EE05E213EA5065D2AC533C93A236D20819959FD80DF9ED10FB55ABE128473E29CE1700FD52393AA38D6B9CDD762E15350F12F8F8C9AE296C1125FBF7D97DDD1360915C12CA268B68F66CFEFED4A44EFA5B865839767E9C76A502D5C0AF234ACE3F91080A80A61A8472432DFE890661A58DE53FA400B8DE2343E73F77DC27623898AD49430BD9DB5942A5764829E11F4C
J=$93D619356A0CDB209F848E2055F7222C7ACA24ED68130AC3DC0117E58950C7899C3F3829C38B37CE17CDC775D035AB55913E8413C5C866B49A9A6C834745A00033473B4223D4A03D9F73D1077E1266E8851F1C854E7D8C22815552EF1E0547352071EC6F225023A2E69246B6C9067B6D87FA47983A3BC07507EF5763DE687C7B9C6E4F38C05C8396E6633C0BDA1F9101F60CF69A760E12AD0190F84F401E60899C778AC0C0DC4358EB57C369710581C18DCA5119533C9B681837DED47E84DEBFFFC15F630039821E581015483E1D7DD63CADD0ED91F1C3A2DCFD0FE1FE147913438F18030CE2D18828A388407D0C55187E88E26396953332BFF5C02652D05A98329C2D1BC462680998DDADF7E97BD62414D2A756A1F8962E436FB403B36CCB7A1114BE45D691BCD51E70DE0E922F3FECE15CAA6F507B8579EEAA40650342607F8039BC5E048AF25F6738AA55BFB401B2BB7D79DDB09F13FF33C60352C3BEA8CB3E214FA8E96972A37506E8180CD30C152C5E6B3D40A5BE574F1F91406B5D19F15D4DB07C627820FB1F6C5C87BFB23F3AC532ECF548B5E70
T=0

[5]
S=$81340CDBD6
W=$3B63F852A84D580C60B16BD168B67CBE1B54B800A8584A5E6AF98F3B3712894C63A6F61BE77B9AD4961D84F4901C1BFDE4BA40D7E4189BDD020E6964ED2FED36419CEBB11657EE2F8D4F22DC93A0C060CE1913444198E3E934FA8F8BB74F8D8CD60CF4E1C36CBC8358CEB8F20D1FC5B8EF9D9EC6042849517448D5E56801632209251C66D97FF071B643303789CA5E22E01BDC08CEBBEB201D37A78BC55EA6A486311D02086A29A666798345363E71B547E9A25F8E005BFA96A2F7889118B4C377948D627B04C02AEACC16
J=-$32D2F674DCD8ECFE982C7A2813813080AE3FCFAE37BFCD8D3D97C6BAF38B0821E2104EE7E953F12C9D830AA6DAA0D5A9E736E2D799EFB998AFEE1370C376332A5C995842AEA23940026BB26B022DE979C27FAAA7AF4CD01F4E07689C8A7952DEE0A24EBC4AB0B98E80D36974AFE7CB60C0FDB3D51C88AA931C3A48F89FD48883D66D707BD18580ACF18175D0BD8BAA3147EAB0CDEDB66D4DE94D5F293BDE50ABD27726DDB95170308809E167FCFC0376DF1D378D8F19630FCD0F4E60894A3A9353BE2F2C18C8ADC970CE747C36BDB76E4DF15F2D16C0A7DC4AFF7A1A5EA665BC1E767EA2BB0CD3B69374587098CECCD0B1694E5099E6E57F0D2B6A4B037CE6D561D5F23ED30AB4DC35DA845A5946AE31F46A61990A266FD1C5D262BAD3E684540756FC1CECBDEA88C4A3D00405A2CF86B1BED17362B404300EE4102E599CA0815F92A24059DD678832B9BE938D9E4CE643CAA250E126A7C15457BCC574CD25829EF2C4D1D70B1AF9A73DADD33A00CCFDFCFE59173E37FC909258EAD1D377F904A574B76AC27C4E1A404BAF52B9E456D5AE7C7AE85BC
T=0

[6]
S=$B90530CE0
W=$717F90FCDF675CF430A518ED3A91F7A20B649FBB101A050A06FD17BD9E756A4F781BDC4089488B46E2A8B18A9037C314FC025169ED8618F72E20D02544E8C6ADF7B19CBD7556AB20067F12946C60BFFE50EFB96F3BA36BA766AA216616FE75B793E3C0AD9F47604D01326C7250EAD36C6E3D88DD6EE44B2DAE5695050639D5228A81D752265F08EB43B77D48CA000F0B725B5FA34757EA69834F32EFA797ED28AEE6CC99E4382DA14E7858A159746A35EDDF8844A1CA99EAA7C7B3F51E3CBDD1FCA34E0FA8D913D8C
J=-$33A0D9B698F8D3F80B2E2AC78F6CD9EEC7CB56B60D75CD1763DA6BDB49A2F2C0EB70811DDC46E89B5BEEA5786428316C62D0E3802F41EAD0AF91FDAFE2AD75B8C4118A22C0F6FBD95C8AF043166B33BEAFCBDE46E91D9E9F1A1C00976ED0A1A477DAA3C9ACE38521F7DCFDF2949051B4C95811BDEE70408476867316F33E5DE89F5257B6B2DA0297E0163588C2C25B89ED255C4FCE1261E8457748A89D7D59E167FDCFEE91E12EBD6116A7C8BC6CBE0B9606F39CCAABEEE421BFA8525EAF1725035C4FE05EB04EAEEB22684DFD476D0E8ECFB3373B3A97B06572CBEB2767B67AB8FB75D57B49301FEA16B0559BAD14373631289A2D32888625BD4C8E5D81C4C3A065B7C4481759AAEC807E46FB35CDFE6862B11D8DA8641398A9CAD69AB8E7E9A14D6B440D3CE26D4204C711A7E6E0335ED8E7B3729B0346E74135E4E4097DA193B2838FE9C1D35B92059F07151E983E19238DAD4C9287ACE30C12BB2B4ABC0F65D33CFA08465BB2F655ACC20792BA2C73A5CD92D862614EB541D4E4625C1D76F589D3A83DCEFECE559F92F98C10D1BC6
T=0

[7]
S=$21C832E64
W=$72E2908C8B416D6F94E194A80E4C1FE1C511DCEA69C8EF165B5D784551AD2E01FF3374F7333EC2C50C3E718F29FACD1132EF87FFFACA8EC32F7C2E509AE4E3E4FD7F6142C3BD29A67A91D4775F1BE69DAEE8BC7DA4286D974919609F822DC116DA2473FF641CA8993481EA847150B44D187FD904C6AD1A3EE7F12AD16F11BD14E3C76E63F81554CF7A0435C2B9811D684AC740E4F78F7AB4475B31844480CB911BA8D7466AF9509A60EF0DB08AEA9253F02E76C4156CB0FC85B5031DF903345B4735C69AD95E
J=-$854F723358E0377EE190E489C445FB630848BAD495A360FB3339FEEBF61A8EDD435A600E6EA7F55F5B9C5F6B7658FBF38C3CD3601B997E94910EFE3C23B74085DA91F76D6E85862DBCD4374CB1597DDB3BA23C148BFFC3AE0A3796A5CECD8954D750B457E046CDA323065D8A5CC396853F8A22966D2BC9581A843778E2EB547A4C5EDF7F5C2BAF9AFD8EC359434640DB74011CEB8EE05EE2BBAFB39674E92202E785C05849C9D59F33C027CD55D68089DC63C0307E402ABAD9B62A6C9ED17D533161DA7F27A1B4BFB4A6C78174B6C867F36DDDEB3EB9BAB495A9AEEE5B350FF9AC3CB108B7F81BC918CAAC14D1E1FE723CE533C32E77A7D6465B2F56CBADF5FDC8C9ADC43F036E91E3B3721E35A8CA85BF92B1E493C50661A73A73D6C6A3354E96EDECC5DBF765583562096C34DB925F8907328626E655778A62AE91CE2ABD5E04C727A33D3FF41063131E4CCDDCB3D72D3FB7BD23C54F829E8EFDE06C6E34582220397FA4DB36973A51C0735EF92C5389E2C5F21C91AC4E1EE0A805690DC45BDE2D5105BEEF5BFB3AD64316
T=0

[8]
S=$17D28002B9
W=-$9E96ABBF6B1EB81509CEBBD5CD2EEA081C9DC9E8B62836C3EF9DA255C7BFA2A5AC33CB2C7CA6FC664AF8D71FB15E0D1EC5DB6A008B2252E0302AE0275E9EBA9720DB0E03C325679AB89472CBF67FA1E1A7F0C8604D9E98398F6BAF008C6A393FEB473F508618BA020894A71EE649714313B4428A789369EFEADA883DC0F748AAAE6E5BF31D9DA8B00BD82537757DB52B777711D8CB82F00FF6FB1D44A3102110DEEDA11407360FF76CA2DD4EC7E885B80944F2767F0D9C676B73535E8CE40D203F312859
J=$3630E85D4A6E6D8DF89CA0B9CF5F2AFF7BBC1132C1D12DEDDF964B8AB7B1FF2B6AFB60819DFB70E11C0132595E659A6DFFA7BC912202D12CBA870A68CA6AA7D28B647EB3FE581FE169C4AD76BA5595644C7CD2DC8C218B322BA4CDC92865CC80F27AC135C5747F92A310E1F9C5F2683960355BA7B1B9CA159E16F058D6455AD0D970AC28AA5A5523E7898CEED734C096ADFC0336BAB03C75CC7A1CA4C3733C06FDD683AD812C0FF8D9C9226A04B81E4A1C19704068568CC3FF42AD6687F32045341E6B3F367D2C98AB21E1E409A4BB43F7B7F9A5EEE2DDBB5A4A94214ED60348672ACEC61C7B6276D6AF687615252A37C11B574A11F7CA0A743F45AA497AED0CF0339469D2F1B9C6BB22C76B13CEC70AD93E8B665DBB0135A8EBE708ADAAF9AA25EECE736E60E6E41FF2C074F915FE9BBEFBFF87A53AC29AC28163632855E7E4EAAB8310BF3B9CF40B5B54C338075B4F2894A9906F7D2827EADF31F87CCBDC8E1992B4E9A2E6F4658E94C01D6A4BBFFD5CE946B01EE44072C96561B1C6D1D0D7DADEE10D45458F84
T=$1

[9]
S=$21B
W=-$4BAA4CC5FAA907D948CEB55FCA5D9DF02D3E72207184978B49A6BEE26767529F309E5341DC780DF26FA7FF8BBA87621DE9B9851EE8DA066294FDFBA0C722DFE5017944A294C7052C16AB3151FFD69A7140C6051434253C9A5678524512EAAF19CA3CF01A335D6A1A72F52A45E1D33CB415AE85F24B0ADB4B1ADC43F6C3C9E9E2B69B0BC235F7B6A099500459769E09B5424A8D7691A2A0125AB6222B53223D772A81272F1B97649B0EAF8757D93AE7F532AD17A8374FE36EABB6F061FEBC135131CB
A=-$98
B=$2D2
T=0

[10]
S=$3B2078764EF7AEEC
W=$2A85458C30FFA2C073987735829C1E6C2C0FEAC647BB3CE5D98CC401CD277A4FB87BA8FFBCF5F62E3FF3F7B78C82D357A69D9810BA4FF3F701978D7CD4DBE7C69966980A196F59D8B7CBAA5E463D460DD8AFA35292277163720B93AB479003590A253C3C357B5D558791F8531150CF6B4A9550E1F7E359734541054417A5ACE1546A575E6CFA6070AB65BB12610E9A1E438CCAFB7D5119B5FAB4F34E42D720FBCB52B713764AF674B2026DEC810110111877AC6B3D3B40D17F491287249DE5996D2
J=$84A11D3C6F94879944969EA8535D0255619D8847EFAEB75034CA95FE921CF6CAE493C61B5F24F5244FCF0E404ADD81F575C6B6DE2DD88BDA6E434BA9730030D94FA2CA4D5D6063DA5D0372A0FA4DAFB23E1BD7A8CAA31C0D9A4F87EFC0BF94F9E010756DC293BCC555E11F37786D4341FD3891B25A220B9274C1D553865B6E7D7ABB57FD92163DBF2A2BCBF95D58F45CEFCC2EB526EC4B588823CC18837BE7FB4B5EB90A19B3A9656BD02C4DD88DCEF9A616EBDC19C9F171B01BF3C778ADC6909251D6E3F9F25A67A4A793F5B8E00163191B49C6A72883484CEC8FC89F443C52259598354C16C7BD8F181FD8133FE67DFC5FE8C7BC4E694DC377277C068E950F70027491A63672D33FA442582A731DDCBAEB9983300D770216484039CDA5A30FA8BD527287262C4E3DC879E82EAEBD99C020EAD6BF2114A9B4F49D80A17137D7ADB277EC979C9A81A8B984DDDCEF80D6B14BB593D0558B73BDF8C43DA235195081CFB804E03C050C4B931AAEC4BF20DDD8174A719227DF9A316D3FCD7D44426E44B9
T=$1

[11]
S=$380D2528705
W=-$109AF2FDC25430C2BD0110239330B539317BB88CE9F7A4A1797FAA18E8C460B8FC212BC2DB73EB8523D65B75B7F4B53A9E212236B5B0A1AE95AA189CFC5825C61A99FD67B8C42549C68BA5C23FDB33AFEBEE53587471149702BBF424821B1FD206324CD7FC582A9DE4B2147F0BF979EF45FF84007FC9D953FFE889B8BFF0084D4896C6D56D095C36A43F99FA354B9413A3B90286ABD40129E534CDE2FF48DE2C5FB50891C1435644C3713246448B23CB06C8043E8C65AC90BFD388F5829
J=$490F713F7CE26B5FA6F32B8EF5AAC5B3D93B9BBBC3AD438D3F806BEE12A0B1B1F9B5B561A7651FD468DA8A98D244BFCE25246BEECE5B4C579FA74BBE8DFF5F1DFE4C69088D5EA6C145AFE32A0E1A4EE6005B6C8B62EB4104968558D62A4290290EDEB889E2D5F129AE4D8312560F7FEFC64CFC1C11DF5C43490F63CBDB7AD606E4E205220FA8B8FEA8385B7CF5AED71C1AE0C282619A869A7B72EBFB03E5F4CC3C3ABB4D914DD3302DB40E0C42E6E999841AC281053B1E3B144489659ED37F3EA96F503003A22D21C51BBC1D053BE5B03C360768D574B8DE50C00AE297A34C0CEC683763354AA7BF37B784EE6693927C9A8D0F050923BAACD4DC1ACD1CD69B2A86AE3C3F125EFBCC8F4FEFEC88DC85519B70458CFEAA00B3F6A9724C9DBF836CD6E4E0B33B735C927E0C0D474B5477CA9DE325A2A0671875CCAFF5CF29A80D580851A3AD421B9683C69A608AB2DC64E9D6760A7F347F61B88371B3EAC9AFB151F6B16BB1EC9780498E3106DD4983498566AC77075A75C421BC140
T=0

[12]
S=$C6C2380015AE
W=-$35EB220CC88C3A83204ECC7CB37D0822BB98063D32EB67334A5BBD09B3039DD0BEC0062F79B1EFD99AFA273752122F9E42F25E88A9F1E9CE2B1AC61E323098687A475B9276628ECE2529728613A62D9A21D0F7B95C2C5B89CBC5245050251EB2FC8D990FA68586EC7CE4FB7C3E4CDB37083CFA42BED80815B8465DF988B40DEA0BE890692BB35E04482CCF99D52B6169F44507B36BE55B8E629EA86581D0907AC2E0A3B48A9855BE3EFFC23E81BE59AAD4D8E1E2C4C76C05218A28
J=-$EC94419D89E36FA12AC25D0E246682391ADBAE3482A36FED83E99E3BAE43E9DC8176E17C1E90D5D2EE2455EA1759A24D47480454F369D8A92980BDAC3A7382808430079A6FAC2E0F110B8283BAD8E0E6FC88711437CFF0A4DEAA3112CA88D8679A3B9E5ACDA3D854ACDF260DCF002F43872E7B6B395B8F21E4C2F8E568E9E630909C4F2199AF94E5B504EBCA728C1720D940CD20BD6B87051725DF0589E522AB74E7FB6860A6C0C889BC8B72223E547229BCA3DA12EA949EB4DEB315ACA5E47D8C957D9F7C00B84E667EF46D194359EF004AB9777E81B7F102A71C34A64EE6CB6F2DB265FAF047B69237F1011AA40F9F124C21017A71CC6F8DB48DD13428E881E51F03D6A8B49A28F50F01D3BB66EAA822F4C80F8B1F7E8F2026DBC1ACA15CBE1385004A20386D9741439F4D1D103CE8C5C66763A8928B0F97A14CB14ABF0DBA2EFD26C631DD05C91D5898BCDB6E8E467932B1E43133171E7ED6E6E11472FE105A72C8151405A675BFA83D0E67E210E525FE7A24B1
T=0

[13]
S=$9713661E98
W=$1DBE76D55D4C6F1E5CE4AFB313A665BB4E58EE00EEE0A6B3F578BC885F046CAA10C44869C8B11DC60BC0C52D97C29C71697F5E278D3DCF48C45366FF03669009B90639634BC46480F5AD5F569FB8665A870DE33033C7099218D1C0A65FA75D9B917B0E54D3673D56F474E7B320EC8B47046A657EAD4520F75A9F87941F0F02F48628732C75611D6464CC688A8836A76DC0EB9B41EC29EAEF49BBCC833FD6B8E65D7DBE6B0F0C04BCC4845B3FC0C673202229C55EFFAD02A6
J=$655585656C1F42C3430E7537A982B5AC3E1058B6BE9A6F025034DACF079A6150DAC0139B173B57EF6BE88E0271E38298555FC63FCA5406A1C29EC98A62EFAD6391ABE4D91B0F4C26830E715430E72A73388833F5A2BCEDBA827A4F44C1446C84D7C1B63594A1A6D118D592824A6190B5AC53E705932DDFF243DAF35484A413DAE478620B218EAEF332C9A3AF6C9428423061D08EDE47BF389FA32C3DB0C226EBC2120598F79AD2660DF545E05C3A80ECFFC6179C48956D58D5F7D70E2E081A369E3AD7E04F2CBDB26AA415D7B843709101D12B3255D1B5183CE002FEFEC9D3415AF6F918AB1E719B4E2637527D2A193E928B076B93AEE61D9BDFD67E7CE569932B614BF220142ACCE0D4E1108BF70C840156E975FAC9339E3B3465C996E9E23E3665D753E008EE751E58FD6CEFB37458F7E0DEDA96EF4EA2090E2391BAE1BF436B9A7DA5ECD24F590CCF543DA74F3B7E9E57E00AA4EA0F6F9F8BE4A218375802C787199D836D0C96C05F4F8559F693
T=0

[14]
S=$A88CBEA83
W=$4570842C26B10D1436151FE023667E4DB621A4EF35D35BBB3FFF0DA357C20B76905D4056872DDE9744C62D08D4C583013CFB71DAC90C5B45AD906948511375352E983E767EF523AE02C060E71F3537ABD994D87902B2C2646D8AD0E56041ABAF15650FA0A6FF85F0DFB15ED46849E3E463C6B98D88CB11455022B0AE81FB616B943551C3418201B50C7AE6B4631945D564384A4F1790943E02C97009A016E303BD3894416838FE3847A99758B39716FFB28B449D7F7
J=$255EDBD2064C5B138C774C8972A985365D767C7F7D61FDA5B45AA4F0C71B419B46F339EBC486D39438112C57C12BCDB783ED7F3B14C2F512373E2B9494BFC776E8D19CBF11859E5A35A092B5F1ECCDF964813CFEB7FAED80F55801FE31D3BA3D108F12B4302BF0FB79CA077CCA143D5399FD2B0B138B1B20FA49383286576473EC11F1152BA36DDE53484E53BCFDDA510651446728DA959ED536D35A7DE8C52F82ADEB9CD34DDD058242AC328637783483E591C7C11069200D3D2197F49269E7654624B6C13E144A1B39ED6218907CB4C90969F6581D18FC40D60EF90B8689E513880C26064870ADD7936CB3E24DCD1FEEF50B45F97978F2E07A268EA3C17290B3DF83948B5B2934DE6DDC6A8F82CEF8EA3EF401448AE0CDDA21E7A8AEC4A0CADE0046B0BF8168081C5E9067A30D00C504B32984CD10DD89D4D518188EA0DC945CBBC1D1ED42653526E42C850ED2EDEC7B4702AA433BCCCD28395B8975DFC3048E1DC0BBA00CC45F529BA
T=$2

[15]
S=$A3BEF20
W=-$78A955D8F7B8CCE846D680A52752FBF508BEFAB61AB8578D605528E63BB687BBED8FA7F075DDE45599F68B331B4D6F9E8754B7E50DE3E777E1A88962C7BADEAD886023ABD725DDCF1C4247B0085E592A9477A7525423C6EC3CCCC62955AF6779A2FA32928AB5736125E2A96C5BFA092096D1FAC0E51BC1AFC4E490528CB78E203B7CEC33AB5C939B413D57E1D1EA469D7BBEA429816B360B4213E9755405266C50F803051A33FD385ACB1643340730B29F39E4
J=$313F6F809DD8D8DA2F690853A556DB280363AEB40DB863560A74F1288AD8A3F2CE6FF587955B4C5F2063FF6037C03FFE7E8997473A17EA233436BFE94D42C0CD6EBC5EF4437917852367C4AEDD6077397CA989143D66EE3E4CBB61ACA731224E0B873C01FF93ECD6310D0CCF5F4C7AD8E47231FE7E40069C3630754BF35A2713238FBA7A08D137731C68CDB74F25F3863002AE1E4AB07537480041CEF75F2DB2B2FA98DFC3DD38661AABABA3F3FBAAFF5CB1F3627CDE3A7794F07A4FE7F6DA5B5B497012586729D7049DDB2A50362D3FA8BC6D64C60E62ADCCBC2A277356C99B82C7242D2E29F7611F062A5E01C1FD379EBFBC88F659A7FC27B5823EA10A179EABAE2ED95BBA2584516C3BADC924063ECBFCA1D20D57FD0E27C28F9C54330781C282D548692E148A50FFC98671DD6EDED1D74D9A9E1BB0D8F017EDD6AA51027EE062FC58ABDF8E07A8052ED16FF16B03388C08A9E3193B96660E14544AFCDFA925798619175E
T=0

[16]
S=$41A4A4F
W=$6BC17B5C478E1E42B4419DBFE42EBD2DC516A6EAEBFEEBEE1523A857C4CF62B6480938D7CD387DA8EA83C849151C48184A1BF1AEB7EAAD279128FAC23091E4C931E81BDB719B090FA56F8262D8B090B24130F45328E28C17DAF447E86041D3A06734D57F3189194DA5D61C784C59DB35D992BDFFE5265039C13C4839D11EBB58BA28A5F7AF6FB1712121FE198B5D850D046A8A89FB4B61286CDD9F4F8795E0031E63603A6C26ED9B9ABCA02B8E5C96734E9
J=-$1BD1463AE64AC91E88ED632C81B4D0D3C5FD99C6DCF31E956F00019788B64075CB93FDCC37DDADDBF3A5FC4F08B0821FFEB921C1635D1A1BB2590108204CD192A1423946CDE8918D5BFD7A2DDE6039E05F1C891AC15892B9FD0A1B75A89CEF443E350B420B99FABA6A31E707C0C594AB55750CAEFAD4186F01D2D576797765A5B74E38F2330A6AA7B7CF1CFAE3D8A79B5025286563191D3801D9ACD3739C3EC1A896CCB9A7CCB45C8684B1938228046F6003696AE1F0A49C0BBE892336F16C8C52DC6A47133E734871C73CCF3195B12DC8B30061B60C122EB59FD07AAAF26947B00B96739449E7E6E8F832BDDFC032973B4482BF78E4A05782DFF3E765E001B561170F081F2A00CF08FE7F6F848C8C20FB6C4862177215EE6E6CFDD8A2D1AF7B58F5FDF5662F1DE295E214B520553B710A2AC4C6786672C4DBCEA45F14B476D9BFFBEBEA5193123FB6988D1379E7C3CF6E276E277C74A62D9CB74C71761E13FABF8FC
T=0

[17]
S=$89BCA8
W=$546DE54FD4F0F47155E91BD4EA1D170051E867DA07996635DEBC558E5C66F25FB21058477AD5520EE63E5CACFF9BCCC7AFA6D34031F63A96C42EDA20289200C0D33B11EDE4C02DBC4D8843C08CA5BB07270754F17D5B42DCA90CB41EC68D64EBFB2BC91280B8CE5675A9F7D9B3B9F07FC1CC8628EE3621BA9C71C67FD83DA7B3FF651AF02796508D8ADB23E9B279A969CED7E4E17BEC7BB9207A92590B8558E9876DBE8067265B0280BC18190B1BB7A
J=-$ABB60C9FDEFF4A0DAA6BB5CF4031CC9C3D5B705365F9711434361AB3C4467BF32ACB76336D6B574C25DECDECD36ED8EE28E5D8EDAC583B4DD0FBE795858E3FBF767372FAE2C78EDC839244C899C882F5C2ABE8E76E007A9CA199E983A95A4689F435C92C3327A6A5EA9D5A85A56EA66FE555559A56F1098A0EF593875272450815FE9B0E7DD3907E36807A1D4B9E31DF5C94D5B1C3D308108D1ECC290F4197A5061E90EA94573895A073B2FB8429CC3953557E20C5B88151F4C03EFD36E7E8490CE0BD87278F6DC2BF68C9DE9C59B5BB07AF4624199CAED33B7291FE49D6FBD210F18BA8CD8CBDBF64AC69EA4201E433707ED2010DD0ECD023D493D8E16BF990427E63C60C129FEC117439B41AF2840BB144AD236F05FE42CEEEB01338A48D84F4AF4785FD2587F450D693CA869A06CA110AE8F79B8A9B41CC88A277B2E902EE4EDB00F7EB0B9EFE7612F5A5D922E803CD6673B9C62D3BCDDD060CFF9F213A
T=$1

[18]
S=$2BFFA1A3582D
W=-$38C79295C51C661D62B75FB29327672FBB23C910871300984AD7787359E0C6E37AD885DB676DF175994B98E95814F71206C86DE6F5E0F99773B1984664ED2DE8CFD403369D91C58CBE1F26D8B2CB7B7440896275E67951C713A38D705743B5F2A2C1F4A9050D58795BB029ECC5954BB1DE8E5C9603066DD0294BCA2E4E5FE28B8A4313CF5E35FBAAFC1772F4E6113B25E053E00486530AAF6CDBAF26809400F215B741EA272121A1522BCC5E5A33D
J=$2D146A2214FAFE03DC096FEAEDFC8A19F599C5C86A4DB3C5E57B0BE5AC15DC81F123FA8C41B3A9E7965A22A49390795F5FEB69BDE9230D4D36B3D2F3DDF8174B1EE2DA4D8BD948A64AEF88D1475275081B80A83FAC20AF08E6D0EB967F5C24C4E0C2A4B415A851E263ECCE2DA2D99368032BD39A3F379A38A5EF303E83DB64D716D08C0580D9993D0D81B6E23E3C9A0F1296FA8826AF42FDCAF5465E479DAA14600ECC19E437D35FF55A70135415406B7825EDDCCB02CB82A892845F705AD446A46481FD1198660227018A6F9D4BDE31A22E7911C57823224006F46A80992539D3CF33DE86FB3067B64B5DA7A21F7F207C68AC722232926EC8935774FABBB745CBC525A6EBCB3C2083BD1244A28C1FA943F3FDA8B23681D2B4575EC069C3DEAC7BB306C5FABEB4696ED2CE019F78C6A9800CFCD29BE6E4EBAEB1A78352AC5EE51E5A87B6473BB73876BA3BC716C5C6BE72CAC52404DE66D32F39C20BF
T=$2

[19]
S=$53761E1C4
W=$D55B07C2DB0C803E5FEB5276C91C999F26EFA1EB52393A84B3EB5EFA74058FD7524F6DB71B9A87C2547BE3B87CEE42B68DECB788F6FD441F3DEF45EEBF013B2232F3DD9BA52B34092F13CC4FAE598727854CF262ECDE704223E53F49656AA641F0086026379C725B0146DEE7F0F0AD4B14B1EBF5FEDA73833559690F2CF51C037EB35BE4E48463EE1F1EB370CB22E6F75C2479259D172C879B3048E19B9F08B45B1C9560811CBC56DC9B33E
J=$C6B11FD9F6949F83F73045A800D53E66B7A5243BEFBFDD3660D6868E0AFF0C31176B839575F04867AB75A76FA595745103B97401565655924EEC2E0104A099169A2050C5F5E632D4CCDEF00FCDADCB1283E6430E4A28AAD612DE9404379B35515F69A22536ED06CC1F415464EAD9F8667906CA395F59E2B3BB5BAF420C92F6A4A8B176DFA71862C78DF625CE7AFED9F7F79FA9E0BCCCAC9A1A03EB560A89D5603FF63650D153B5ABA7CA7C049850FE8E8F904FDF1F0A21ADCC9B0BD42A8D8C50D363C5C449EEC551531064FE85962FCE94925517656F3FCBA6A94FB13AB4A3F83B2A8995EEAFBC393FB75AFDA69A33C8C14A7DAE2859E7A247A405229CD623D69055D6D68EC6D9CEA4E955E70E36CE1CD300050A26B01D91FC9C67E83E576B24D9CF9451A41FCCF827F57829484A6DD3DEA05EA619745D6E1F52BE4DF18B36A7AF67AAA03BFA842AD239D7BF5818F8D2C2A46C508EA30
T=$1

[20]
S=$15870541369CD
W=$2B5FE2242EBD0556F11C0EC2CB066F5C885F76DE39FC26A6BD34B7208580F523DD5E53154AD63232FFDD7B148D48433CAFBBDF91D2E575D6DF6A99FA5CB8B34431491C7CA95F05282D5AF7A3A11A4C78DCB70E061D0B915E2A53124719EB7E9A1ADB8D104546D01CE149F93CA631DBDB3B9D7693534BF7E8757276484CE47331547B130767B5B2E3DD281AD3B18F3BAB568A81B05AA10872F12409E8C677978EC0D51CD5A71B9ED9873
J=$38B1C408D299184256E9E005B78D4C6F19F8A5195B8C3F1F3FC107A2BD656122CF3F6A91B04779EE211BB8C798AB322F927F6B50CE7E4AEBBA2FEFFC1D93F66C1FFACD819ECB962D5270373E4B073FC1A1B2C92C5515B8C7D0CED02B30F76D52C19BE915DB9B0928162E03CF22FADF523459BE95FDFBD3A7D1BDDF8B08DC2F1D0D2F9FEE418D23EB368D80122936F671A8DF1BB91F3D0B54C735764C0C0568AA5BD30D3BC876162F8C3F6CC346C06DC22ED74354AC20314F8D05B5BF6DBE2C61107F3E85B4161CA6C2E0C7F3E0209526E2DB7ADC610928106563FB943378D3C27B43322E9B20242183C5B93D38FC9AE5E84069BF5DB3ACD28D0CBF316455C83EE647BB5A2585EB1F9DCB0B3A6A08711AE60D657E669711B5F01B345400FBEC615E9987A5E325D8F3D345E91C6FF97016646CF955F95961140B25AEEAEAF0A993A9E0B1A336ABF3B38FB627806543DDDD56F13
T=$1

[21]
S=$11925A9DCCC0
W=-$4AC4BFB467F5374F253D960856370F7B3B9AD0EAC082B4EE1050FC235229A46FD1295633CDA7D3B5D2FD5CC5CB1F2B11D8128D5F32F70CC5489BA0FED94FA521DFB9AEC2461787BEC1D899FA4CCE2A8B44B002A1C1A0A84614B2070862BD41F2EF7C363363D0C580255C5020E1E54F5F0D8B983E8559706B34CCEE6C05A83C2258B99AF90F9DE2F40F3DBCA558F107190DA2CC2CC4258BDFB8296EC19B90F2AC73005467BC088
J=$20465D20CACBD28D14601FAB17E48F671F2CEDDBDE19B5BEA9A400B1200684D02E71AD089C65A90F6D75460E277072ECE1A7A2FA51C9E60B495F0A69156BB9D6EF15F758A29C2EE0D798F2F8D6A06472416BE90A0BCB546E59313B148C028AE17743B00A3F083F80CE3F1A80C8E60523DBB79B0DDC6BD77D02185225248FCC10CF80FAD32F4959BD654E2038AC3CE18B89A39468B7A783D83C4536E7848E3906915B976D90C7BD90BE59C0175DCB1AEECA9B5FD0F5EA2D7B6128CE4B01E43A4B05DD10BD1D94DA8B0EFDCD059354F87BF85F10FA6C74FEEBFD954584266712377F06DCE28DF907CC2FC3637F72866C43B26E7F0FFE45C802F016A3518BE97EBF47432AB67D8A00FB6B3495380679C1F52BF05CE9306019190A975D21E2487820050A953C21B6223AC61685821D486F5F4E82EFA868A2C216D33A041E622801CC778C8AFC9331A679E64377096
T=$3

[22]
S=$3E9B175C
W=-$1DAE6BD85F9616A690286B26DBB736AE8D86CE64F6CFD76EBEEEC4886C0D556A0D93E66D9EDC34368CB9C8F924236561B315CEC3C42C10B33BAB39C1F442E500272A119CB70356870B93F21F3D1FA0A1844BF57DFFD3D8A58D840ABD1B41F7D5EBDAEAA9D4106A3849A11FF570BD29430C089364345346A6F03DA29001736F1FB70B47A2E0FD5583AB22C282ACBE4E64A47BADB0B69866B1B8A556A6D988C5C545C7848
J=-$1B16991776249D0FC00D371CA211A197E582D0988EFBA32A081A92244E18C7BA00201771450FAD03C64C4310DC07A09509D7D585255AF13A5312D9AA6494F353857730DA37B60DE0BB29CB5D891E4E2F0A7BCD8D99D04CC8A484383A82293EA889187A93F5E9E51BA7AE5EE54FD0A3B759E11706284ED21B3FC4E65DD2DE2B83B98A5E19CC49B8E2BFF6E4BD3E385D62C375FF00FB5C4CC7AA3AB025EBCB7DEC3AF6219DDAEFA707F5A482AE641FEC4216837E3C89D7106C87765B3D3BA253D4F081B62CF659F8FC8814E6AE2342D67593BBD44C4A751B20063090EDBBE1A2FEF4D41260E50014272A7032802451DF0C14E24BBE3D9555B54B86AF502EB5F60D1B15C705BB68BC2A482C34D2C1AC7061AF4872E32BDF44518423FD55C932153C42F0B2A84BDD4CB4613552E893163F404DF49C95D6C4DEAF9D8695633CBF50866548161F492406
T=$1

[23]
S=$5C23C065A2DB9
W=-$267360791EDBC639A2A639BD2F253BEEE7F30BCFD2E0D3D81B75135878C8FFF5FEE173F5A24C11B0474353C286ACF5CFE09C4BA7E244E6D6D3B441C12544B99FD17E8A0C745C4937E7FE8ADF8F05EF572026109F9BCFF5B2AF56A8FC9EF58E6471AE3899C392423DA5639FB6171958503A675A8B9D6018446CBD1B4D70CBF7F14537216F8592052B75D520D2FC54A3A685540D6F32562F7D415AA8E89C2204250FA1
J=$7290714ED79FE265E91729F449063C366727EDD62A02DCD4D707FDFDEF6E9F3622442B5EF27A34E5AA7793968FEED03B00377FEF2A292DC6BE6DEEE569091BC7E0BBBFEBF5E222B6A9E41C6EC3127103DF3C0A137229F6F0CBB25D4A675CE89197B728521491E6BFB320F846270DD861C95494773030E7D321C04FED0967BB74BD894D8F9D155C1E07B19ACBA6539FAC7933B42A0DCD986170385CBE9E2D4294325ABACC4053898AF66A46B9830D52C60A097F3FDF2FF1153CC92A005CF9AD2131A0BBC173ECADB6BC743DA7E9B62D598901E94D156F017207FD7D4BAA265C8BF5FA8A1A4E78D2CDD4A864354AEBA13E0DF47584C007394C4743674045F1F98E55F143681BAB85ECA1018AAA0709C9B2E9C8544A6D7AE4408555BB2E3274EE4A34036D038CB2CAC8D46077F94F53B6FD255D5A556F6577B48898A9580C9965572844AE
T=$2

[24]
S=$48
W=-$530663BA7A0E1EC5804F7ACE3DC3C772F2798A879B1F4ED01FA6F60F055676AE207C6E0D11909C554F1AA6E615EC6B4A294CD285DE363A90ADDD7D743E033FA5F79F6008E715C9CC7224E3F9CFE4566E4CC0F553D9E78491C514240BEE4DAA5B4B62B055E427EBFAE2DDBB9EF47D2DC45B18D2CA70A20736DE83C80CC0B19AA1D8442EBD7C0B805DCC96D3397A7BE7DFB6F6004E98B0344F9EC50D4932F02
J=-$1B41B2EBAD4EC7972C92ACE7E7AD8D286667C4B90E05737DAF8720A667263E0D78C0D80313CD00348E0D509D9648AFA108C76C6B5043C4769A2353B50EACC6C5503572D31352B581FE0618D710DAE4F151F20D817FA0D5494B6322048AC9B676B4B6BB0941EB298E2423EDBADE63F725C2BE456C303E99AC1E4030E0675EC772E4A6BA3A589A377ED79BE8E55DE6A3C018B6A9B9E5FE5A2664E577D14C2BBF986C10C5730700B411A15881F0820B551C7F1336A7F1632C7F8C1E5FA55C79C3133410A1988E30EE3EF9905BD3C984FAE7CFE6EF10EEE57ED804B9E1EB2FE91C180523D626D7BAA00ECD382B558B31D7D2787B788C00738F7CB7CC3AFD453E9216DC7E5312920064AFAFEA9FF4EF43B766E44F2966CCD4E820A7555F96DADD4F089020903D82357C5D3C6F321254557F149CD9B1788404D4F4FAE166463A
T=0

[25]
S=$5385
W=-$17850CA6C84E1B91944FADE5FD872DE1D91F5D5D8538567D2CD8B5298928D099BA15B253D2010F79B2C06241E2B24EC772B4827A9C8407D0BCE4D72D9241105A51CF0B2A8D37F6950907B4F4AADA6B323FF942B08ADE5BBF0B3CF147BE641A1194C89AFE347266AE3FEEAF5984E0BEE0DD1640EB98E8E0C9D0839A56274CC6CEDE7AC962506CAFD69ECCA5E82130F5C11C21827714B6A649E6BF0032A3D75
J=$6CAB98A1D8657B3F2131E53C07C83C773B3D931FF93416BF327D4D7248857BC87859A8939BD8707058D301BB4D481379031138A41671F536ABB67161A404C5A7ACC9C86A091A731F594D7AD8B90004AF37004950F132D088C50941D88C61F2BAFD005547B5738732129FEB42A88B65B79B7FCAC3A5A0AFE389B0EC390A862AB222EE42E9A01066D6A8CEB80FC7FAE3D3ACA5DFA09D2EE713563B16B28A981916D3209690DEB66E3E6DDEEF01B89288E7AE79A0EBC18F56009E006DC478E1610634258A248068EA097F41577F5802CDCE7C3FAE8A9F60A4F798D8FAD9753FF0DC5007B5D0F971BB00B1D71D24E8448D2D801837EE1DB3C9C64F695BF485FE4C68FD82438A35B7D46D21D7B6586896F7D523210E54F1D4D3E4E353979B28AE2FE3BC89D33B76CFAC0D3CBB9251F2B1BF9F657897B480B89D8A019D5EC4
T=$2

[26]
S=$23072C78
W=-$35DEE36D161B7B645E710E97BE267A6C642CAB8FB59254F62137B07CBB37E637EC843CAD20F25A3ADBBC94EF0C4B18C14E7B3468CC7C7BCB131886CCAD9C25930AC0E76A1F4FA65D3BE1A3537E5440CEEEC5CBDC20B663F23C0560B99FB9584ABCD92DE52A813393257702295FE5388F058FBB0CDF9E36814B308B56BE3676AD512C93763BDB8B3E16E69BB075A6DB7A69D03F7CAFECF11D5FA74B744F2
J=$AD22AE10BB833D1FB6944AB424BD983BB4446A1003A2A30BAF2A2E9714CABD03A15771D0FE3DE56CF39C49BE645B8EEC24261B8AE4009E911A14FB49D3A1BF29310BB61549016FE1AE9E90109C9EE350E1DF75224A44F5515535EB8F58A36994DD9B32153BD8114B86D48267D2B581FF1A1DA39DCBE23597382EFBADC2FF1D5EF81FEADB594DFB563F7565EF039B92D0BD69099F3E2100D42AB2755B3E1D6AA94E224339848E9A786FE176756D016AB95CD89C948A32FBA110EB2D7864A3EF43AA21C73501AD95D032691D550A0CEDEBEDD8C806D717EA9648A849F30FCEA0F5302D962FA46F5E17953B0D4090FEAF7281A26E73407F8A8AD6ECA92B01A2B58B5DAA9A8E8EEA401685A9E35E868EC6EA5637AB0B5BAF5FD20B045A609D4AA4EA54C5079AB6D09F197784F9DC79936E674F6A85B44C2AAD4DC3FF
T=$1

[27]
S=$4FD1C
B=$2

[28]
S=$1F4890
W=$24614B1200D25264FD4918AF36B752EAE67AC894A5EC9BAC7862F53B1122739FEE8E19F631787C0AD57A2EA6662044FD3D4E30E5C2EF307B779027880DE5D4D57125B53EA8892E9A63351D1A2421C979C9BB8DAE4C37C82968BC6B24D6BC7EC7DA3407D1BA4D29A4D0A4F3F5AD0C7B534B91D7DA9176B4C562E19D52A9AF38819F15DA464B3CD797DC279D398713FB851DB6688C486C9F164692A
J=$1A2832C2C887401F187E14647E15391D989D0B1A6EC4F89DAF8B9CBBFF7005A533AD05CD78699BBCF07818E048BB1B5702FAFA180053E61757F6D6072E25BEBF9795503F1C5991630B699818EDF749FC94FA797060B979D05E74C3BEFE13099D69FBE4FA6BFFA1BFC324BBAC768769121009DAE8B0F5C6862971DB63A0B852229069DDA3567F4FBF3D7A660D7DF49C00F11B001819DD6A9B52C50D5B86C0FB447B711BDC6FEA9909AD03A666AD9164107142AF85A7B8073530DD3777CB7FF7B8AE4D90E3263C87CACEBCA2209F6C4BEE99BDC5BB4AFC582C7FF4715401C8B9BB2B09FD7F782723ACC3A743EF711720BE0EA717328AAA9517B261E2D884F1B43B39D5DE5AA0B3273D11B77CA21EB8C051B6BE01499C348ABDA8DA0B8F77E1EDF05E7EE8AC8796309610696E171CBDE70AB1690E72A
T=$3

[29]
S=$133896
W=$9B8622F196A966659CFF729B70DC2A457B05A8EA6AC49F25D7F6E6AD2D3AA76B798AD61554CE3F262DAFC5653A3D6B8ECF11F7C083CF80CB1BFDEAA2ABF9D10450DD5A5EEA07C038094337D33F01E56563E220F93DC91BF25FA4B5D8E2BAE715549FC5AA96C8879DF0A3DADEA30483C145A3B8FDFF05395F7666A357EAC7CF3FD149FEAFC89059B8CBBB69DDFD212BC507C6AEDB87A576C2F6
J=-$D3D5C5BB515E539D283EB13C36A5A01ACEC51DFBA736655F07F9FAC25964563F2DA92869D0AAA4E09882A91235B1250385356C0F17D407F9FDD2B9B5E2C779E5BB73CE2CDE83A3FC593A2376BAE6DAA18FAEDD170EAAD9F0950D3A3BFF86782289E03E73C7C465EC40FDF319C76096B64E4CE13FC796731D671EF42E06FC67E1494CE23A44E5142C10720ED44CFF4CAB26A58DB66CC78ADA10523942F067974D026E816AFA8621B29DFD2D4F5DBA6C6BC3C526D725B08FAC2155091CEC83E1DD5BDB316A6B906DB077C87AADBE2F19B4FE42007690E9EF4C9C6DBF112A0EDD08902AF81B92F6610584EE1DD0245DB17B0A9710A7398A0204C5552E2E50DDDB2B55BEFFA13E5F45FBFA61902CF1223D0D880C04621864DC9621C76FB17637458432B383FF207483FD498D9236B916FBF07F6
T=$2

[30]
S=$E5FA81FF
W=$2A827B8185A359DFB0256E5DA376D397D8AFBFB66E55421021C190997451884C9223BCF2650A4F2384B2A836EEE4820158FA9F653F55D700B96F4D4D4E207AFA07672D9ADA7449CEFAC94D8B56CFCBE7550466083272829A1BFA18090B35A2F6A2BC7A8A20CBC654DBA6C4E9F52DF92B82C44AC96EA5B89E53048D1F3E017AB90D399735E50D7E2660040CC4C4DE15CEE7406FC98D0E10FB
J=$194FA992C9242010935EF5C78BAD253C00F47E7CFB431677F2EC5DB2F7C6522D868806E6AADCCDBA21E324341F2E808A271B7F8635051EDD57A3C523B5C78162FAB802D04545C17F1A01E50606D26E1639E2EF507FA7C1450EB247D1BD05ABAF6F8BB3CBD4F7F7DEFC702065134A66CD446BEC00B8F43D5504FE6FB64AA95FBA2CFAF34CDE076D71F45234402120B9D0C2A26BE8144C9220D59F46E48F76D83FD091E14214FBD1A07EFEFBE818B5F0C0880FCF18DABA83121B9D20588DEB26DAFDEF2D503DD401701713DC4F709F60AA73FD2124DE306088EF9EA306EAC78BAE109CB95DD2912CD55DB80340CBA5DE4C4A41FB59F52A105DC97D37CCAF523730C6B72A7A0A372846A4C58E7D52037415566A825CFBD83EB5649FF234030D6B4DBE4882BB57D0C468918C99C97845F5
T=0

[31]
S=$412F3F3
W=-$1738AD10309A4C864FD7351AAE07AE056353C4A9662652465C2E86393D9732E3F24D91CC81E61C91AD49095D0E4F58FE31DB7146B70E3FE89F4FBCA06968FFAEFFDB2142A7844B5ADDA3043F2F6B00A98EE0E1817C49560A1D8F2DC2EEAA490B6C849230AA09B8111A5720409E42F91445173803ECA8A7E8826F82CF0EB6666E7CE99E7CFC93315E1FBBB6D85B41FE40230DF3F62A89
J=$42B3BE1C0A258D1AE6DCF1C890681B04273A775CD967DBFD54E81B64E9F863F5F7DE2AC2CE13C888E955C5E51C16D073008A2AC4D8D445CF4BE29DECFE1227B07F71E77FD728058C41BBCA54CCA74917BB5D2D090BFF033E37610ECFA90ED51EAB9D66A436E590EBC86877636602A62633376EC0F9D664289F0B0F4E0EBD0D340AC7FDF001DD36A7A45A0330FC1E9F6C6A6C7A223F3DB7850B651B652BB7C48DF2AA9EF73447C0832A0C94D33898A2014CDBA4311C150641C7CAB28A862022F79C98D5F999E71658047CDECE31CBA43BDBA5CE96ECCD1CFF12766201D609EA4550496C6AEDB100C24D831CA0F0D24D7E09791CA6CD6896586F7D22A8A75CBD25470DDC25E54609D9E663BD7A80ADC0F44CAE977571CDFDB7F12DD2DDFC8FDB84C40E0A937E2BBF8BE76EA4
T=0

[32]
S=$7C9561A810
W=$C92FA9CAFB8D3AF5889849B73B5942DF398D96D768CA02906CF30E30A9F36B266F2112F18196C66BDC2661C4AE11E1857F1A78EDB30579165A11B7BD86C62D027607E319C23076F4E63BE3136F8EC2332608FEF75A9B4ECE354D19518917CE1554A76923F02765368836F126AD1152091544456DB126020C939002AB8C92F9B66A1EC7B59CF7763EC2D3EEC1E0397B09915EF3BA
J=$23EB09906266CDA066EB78A7ACCA33CE3DE53DD6CDBD2B95908EA714B2BC2C6B727576C495D33F4BF56673985BE1851DBB893A4BB3DC2E7DA3456075FB3C8A262E9B06D5AB0CF5B866905145FA4159010B946AEC335F1F9695DCF00E5DF70364079B6D6EA665069EF60A4C7882C815B6DA6EB1754ABB4FF8F3FCEC26C0FC0F91C71FCDFE46088E26F25789FD390603A637B87E09C2FF2C956446888DFE7F0B23E1D46D244661AC7E38F80709F4AFAE70F07CEDFDD8EA12821764390E0BB73A71BB5B3730A1A7C4ED8A66A5D92E549A19D46458E26EDD8B727A072A0C7019FD58429B3E4503473BAE48B6C0496B4CC366E7FAA55E4AB5B7C53C49C553214BB0FEB70EDA50090DC667DB36BDFAB89F0C7F9F9BDADC71826446DA098B9E3B479699775A41874189C550
T=0

[33]
S=$3D80CE5EF46C
W=$1CD6A1EAAD7E97CCF04E1E4E4B7E11F33F51D8390569D079EDF210E06BFE9BBC8B9F7D9B59A4CD232505AF2E2E79A5F5F5BD16C71E761E1435A95BD8A998C3BA14148081EABC489CC75AD62C2B4651D3EB7A982666579905273B5E0D8748B0FF4E377260C904D9DF3AE1832BB70A816C53ECC877535582B07C2D301B8243A0456D9167ECF9DCB45062C558E62883EAC31E24
J=-$7C60B7915166B31BA072F3CE35A4D2F2559DD920403B0CAE70D8C36E569561B62D4BA357FB479EF72AE136EB4FF4644D2DE03CA754D40E06786806F294B8641C03A5F598ADA1C1925626E006FD71BAD896AAC1D943696CD1631E4958FDADB8B56FE0B896AEA833100B522971E1383693227A85A994080CE1604FEA24C59954A8F217046C59ACB168D8663153DB2B5A6D7F6B83531018A8108A49F391F79AF8B6352F34204FC1EDF9E53153D7992DEA982C596FB22ABF9B4D69C21CA82D7646A7E958030DC47B4F8344D0B40286D9C1C6D292DCD620D061FACD0806D739E73ADD70F4F5619B2A148FD2156D59B6ABF1A497632FC9945BC729E29B535D2DE028F4E8FDC450BFC12A1F6C0D174BB69F21BEEF1E9AD3A1E7485EC32ED8E57E872F61BE5787
T=0

[34]
S=$1B16F6D83
W=-$2FE1A8DFE60F5B45B6F81FB35092D9FD4B256ECCFF64A107E160090F07288CCB4E15F5262A06E71AD732E93156AD29351D262C835A910F8109DCC4BA7522AE229A802DE6C796010CC530151A2E840C81E3D76A59579BBF908DEB7D75A04287B05DF9412CAD0F44B3A5AFF26FB74120027025D72C5EF10BE98D61547DF71C15845DD1BD5D2F285EF57190C71B4B078D
J=$1E99CD4F3239B2F10E1EFDDE139208D27C311D0432D922FA3AA52726BDA2511A5A5385F1C0D457D5545EB3A347D4FC85AB8CA3A0B737493D401DE7C2ADC93C7740C6CD0D49031F63B08EE8F43CDAE461FE881EF45E3296DEB4BE3651457BE76D929DAD3F387F3F79545FAF50678FF549BB11C25C258634F9D98CC7A70D26EC0C95A21537A8437F15DBF52A9611A211CDF022ECD83A1C0339340647A1E6B8CEB847FE060DC77334B86A339CE9B5C8DBD3693EADC76E5FFB0F4BB8E3280815354B11B7D589D8E7DB27CCD505ADA2310BFC3D8F05973F50ECD166F49E08594122CA056D37493D8F90ED8D0A5545CA1AA4D8AD127ED21867599E4105BC9007D30FCB4E62EF363A0230E87010ED93804B7DB0C2840DB800E921F2304CEDEF5AB
T=0

[35]
S=$3908413
W=-$248678558EE8037DD343947DAC7A436AE1BD97F02FDA07E6E1BD980DF63B3193C7B444DE2F30F34C588C62FAE903454291C9EC1942587BE8477141DEBB4CE635075885164EF8F8C629AB2B0B4B411F0977ADBE2E61079033BD86EC386CE45E3745AEC9C34F1149ACC7B27CFB6510BD343DB607DC7FAB5509E4DBF7621B5A497B01D434EB24CBF3BC79F18D7403
J=$797F8E9DB84E6C458AEA5F98DB51097C9172133B88A4F047F03FB2A77E8987AA761585F0DA5FC6F4EA12B9A5F040DCF136F97A1090D5CD3EF7FD035A3CC1F5D547FF5FE2BCA20BE06D5707E29DACA0AB1B0107AE2FB86380806980EFD4D03CF939674E12D16450A5549FC5ED490422F5415D5F47BE4006A6902B8DAF20C2E466F14C9FE4E0AF10FD06F355A8C244FF5C331FFA61A4368E1501A3AE467C3FC40183A35E896CC722EDA8D9CA69A936F7679F7A88C942340F66D38EEA8C75AD3B48D1F8B95A22CFD11CF6F55F13BB0BE6C2C18F710F9CFC6D9F7853E28C0D43A1A64AB1C35258003EF5F9390E653698EE2C39BAEB864CF691EFC2C4804C02C190DAB236AF9A41F7D0856D2D37A522715457F5AA1837F3990C8895
T=$2

[36]
S=$15D640A56380DD0
W=$1A6C67D8AF16B31EB2953C57DE828A4AE339C51F3A43652E9CA2034CD3C609AFE99408E68C5C2958612DF7C1D973598EA933DEB9B6C12526A888FC1C8001B69538C371F06EEC8971D74C76F9F900156DE33E3D04987D5808350F1126AB5573DE2CDE48DFA57D9784D27FE2F2D8E068558F61640D3C735AC2BE6DB3C0D2A1CD40F1583F1BE8DB816D85C545A
J=-$45BC9A7C9246AB5C7F9DBE4C72C5B06E1E8839E6907B820B0E7936A218232F276E8B18EEF7F1B7FE9D2658075991BB541F7EF0EDFAADFE92611CACFD6C8A57F7CFC246647FAAAD4DBF43ACAA21FB85321098D4561815E172D144F64C7AF8C9C499581361211437E1FCC0B15B19BD1BFBFA2B23C594B8A33356DBF8D89B9E5BA47CA87EFF2129C742CD956ACCA659D86ABDFC5149D0EC51F28511205A4A8AF8C4618B6B2A346E7E00B12583D974D748DB434DFB8084C337F0ACBD48B8DD22ACD02A5EB3ABF9B7D1C49B25A2B3333530E216BACB14D80D52AE9A5B78BA8FFC1FA24EEE33B84873CAA1E6529C03BEF301C254200364279990B36DBA6C299ACB7BF46FD5EF153432B67F105E62AC830AD56894CDDA93223
T=$6

[37]
S=$3F303B361
W=-$40F7D570C81B2849E829408818A5F8E582D4D2D5FD19A2EA69E7F85DB3D07190011251B342E7D46EAD476F2099A5BBA5F20A672657BD011227B9581576DFEB888CEF49EDED97BBB0B7DFCD6B1F640040B47CCEB443AD897824987F1CDA8E7431E1739B92F4B9A03CA0691060E28AD73F6B0AFF11D1D20B2E55298B3FAB6B412F6D9681CC68C5ECF
J=-$1FB2DF6D940BDE3857DFF3BA997544A2986A8E38CA4A056EA51C77712ABC6A1E9DDC922671428D4F9305354C05D0C5A441DBDE4301B0033952030ABA9B02124DA99C1876C111FC42155F4C468FA0AB3146DCA06CB2F1B183920B52762EE1C5DBAEA4D02261F1E68D13A6F3D06088819B82BD46085D7F2DC4A39DB38866809BF798A8AEAB2E076808A78654C86032E5DB5A00FE0A892E064C8FB7AD385E275593213BEC5C96736694FD2B781B69D751AB7D212B73259CCA418FA4779660FBEDB3AF364619088984901329D2C3CA8A6E4463D205A310AEF4B44A6AE86FF87278D849690CE9BBD0CCDBE4CCFFDF1D05C07E285C1556FEAC520E7B42EEC39D9FAC941F1703640C8E3F478B5DA7AD4115FB
T=$2

[38]
S=$2198705B68
W=$551AD2B773F2A3D2117D9660B3FCFFD52A6666E471C64F00DBCEEF8859D9DE65A2774314A2EFEA47DB83CC324F4D76F44AFF1184009C3B11684022DA1777F401DD4A3FF62230204BFA749A3FADD7DC7F17A9ECFF73C043853DDB6AB7EEB3B01ED453989F25159DCAA0B47D128CFE8225EF039BE9C41A0D7912EC7DB71F4DB1504FE23C9BA6E
J=-$672E5EA1D406A81453DB6A861669756CB0BC2E199592866C2CF6B96828CFC8B2989EF9C42F24C2D880868FC4A1AD7C48FDF651A64FC5C601AAD78B52224C50AA5D0F5F33CDCB2BE7AA80B578C5C7F271E01F065AA66DD49AFDBA21BC8A9154308F2C8124AEE9F7C6CF2F53DC9BF64F4AAAA5FF6F9D591C33F2A2705C7A4A6EE84FE0F681B32242F1D4034363C8D2684F69B1589772ABF1A7D6CC31C13FC837856E392C6D3D5231B49EA9CC341610B051537307FB04EB324E8D1B508C53CEF280E66A77DA07A964E19850053F23498CFE63E0445D5224C34D2E25A9440602C43B8ADFB3121AEDC0127F62A850BF53681C8866732B8F1723DEB1945766F3EFDE86BF001D617FFF574F1BFF9
T=$6

[39]
S=$1CEBFCD59
W=$E6C770EE9930A7F5379C171F7961D96AE9312960278088775D85F035560C794BF9459BC003DA29FFB5D91AA381B218736CDD16D07079B6DEB7CB6322D18BB91707AF4C1A9A37CC347DF0DE6F319292081E2ED432F15F14A9856B3CA45A09BB52484855443863BC97012FEC1028C93DAD4A5E47568082AA169319B7D762D508980B3B53
J=-$1995C321986847F393022D1D35E718DFF0006E0EA5B973A97BA0F9ACCF830CF14E7573CC599E2EC7754CC00F3D609AB4E02C08CF0BF5275D3B0C90A08B36309D3AC65BC4B89EF5CA7BBD5B22D8847227A41093069171CF987478269BD01210DFBEF8A620091833B923B7BBDCDA30A43F76113DADF87F2DEF71AD10D182216A217F69F7D314839B7528B2E9AE21C9225F512DAEC5172BC6988C3F98CCBBD6C16C495AEEC4827DE0629C4FB1B5818B8E010E2BBEDBE03540A5727FA81962A1D21921248BA0D1D8BE91F49475215E9CA5A7F4AB395880E5239F6E21C4981351B7D52C8A0DFE93E0F4AFAB50B2CD887434C1E23FCC5164C9DE8B31EC3C4CF84C0F93DFE8D4E3CEC4
T=$2

[40]
S=$24EC554
W=$11A4E0FC4D256B6CA407E63C13A2FF4CCE9FE6B7A5716337A4DF5DC9838EC66A4E800F283EC2577769C9617AF1811BE8B86F66AE69AA3C9E7DE61D7812A599EEC8C4A10156E087B5D91459E49AB6FD8F150634E2B83D4F63CE8065D917B631E834038751985A4EF7BDA6EA3991B6720D2A511B3B0F8FC2213C0089563855201512E
J=$6E2F2495ADBCDF41786B4E054DE188F71B701BD5AF8A3604558492D03D90B29FB5D31BA13ABC5993B23F9424C8415C6221FEDC62E49FFBD416A9DF2A80B984491B2AC05C09ABE9C5CEFA6FCB7FCABAD7F2134951014C428579524642BF6C2E36EB7BC67853DF3F3E302C4AC7C9F84C209B4D698E5D5F2FF80CBB0ED222682B53A0BF9E05B49B9B178508E5150913EE153DA999FFA9341D1F031886A783ED7F9169D297F5CE83B33F3C38E5098347CC09B7BAC572C757B6899A079FC6CF84673386B7B9C963E2AF57278346EB261729E40AF9A908C8FDCF4448A6A4ED0858DAA628ADA737FAA25CA476C5B2E79E0B7EC82870DC92ED67888EC39FC0603F627ACABF9
T=$2

[41]
S=$DE723261FC
W=$6130FF6F1271B7B68838F4AE7911EA7F1BD88BDCA2F72A5D6EBCD1C634EFB66A435AA9A760C98822BF196BFCB5952F4F174F300E4BB06DF20902E53E781524730EA656F2A2DFDCBFF6858826EBFF0E6B2724B213EA75258A06FE74CE2E1B5F7BC31FCDE3723F6E3EC5ACD988D7DA23551C58703FECAA6408E56310F77E6FEDE
J=-$126EBEE5C10A8C8F1234F87B360B2C2D7DA5E463A467B4874AC358C87EA6294CCA4EA528DEE4663B6C484A786B40FCB5F141B0AE2C4C7CE1FD5AF1F0A2A79DF8162CFCBF713048D924420CF09142FB5A1CD40E0BC853BE36F1BBD1B65ABBB4256829D9E319392E3C7F0CA9ADF21F1BC8BA4278782556EFED54C3B23B0FC4B2D5037E4922D885AF789E65930369AB1D95614F9044706AD6C0D504D7D31480304DE3896A676AA135DFCEB822EE6FB0808D243F659D5ED04736C939ADF80C7548BCD071B85AFA15572550DE6E5621B9CB75FD1CDBFA7ECE94909550B7FFD311AC75B2B8B1F8A766BC58FEB4F5727E070B93AC3B1E65474B6B28BB6D3F14316E96
T=$1

[42]
S=$9483D0
W=$70D255EDC311F717C6277B02D9E6DD8D2C95C7E50D9485830710CD6AA2C20B6E12E976C03CAE7B59DB581B39500088621B302A272337409D70C15FD99AFB9F0C4C4B00DA919606E6994B524A5693DA2B0FC0FC39DC4A657B3E381C0BC69553DC7803E8E831DFFBB3EF03F4ED15628DFDA25C8A43AC0ABD453AB142522A
J=-$1532EDBA3055B99A6C7507D522F6328A68B02304CD9928B2B0B0A0BA0960B4F29335850E980A65A4C27003186F638FBB1302B8929012B81FBF71701FB661E7CF82992C63108C99FBD50F826E8526F2019A98166D07BCC410BC3899995AF6DCCC71FC3D43F59D1F9E56F14FB726AE19358913B8BCE438DD3434C5D515767FD2B5345AB354431654DF3D5794C194B48F67BCED01636A8B150F622604FE2EBE021A7331638785B68E19D2490160B8F2C48F2091271B0F3519969E95DD5DDD4B8B149EF929B193F204BB00D9037C9B7E5A2A6A2D801E575821D839235916A5FA454A3E3C707054B37EFD2BA2DD37938B079C86454ACB5905A7C4DE86
T=0

[43]
S=$14132
W=$11DF612C7766DD350FD08C51E894F88C412335620A6780B924285DE350B8130D12C2DFEBE3F9C34491D54D392DEEC8F15C9125BA97E9E6CFD52141251E164E4419BF3F3F2EB7D846CB91207A96347E701DCD277367C826531F85D463E6DF7719EE979F91FC5FA4099479EBDCB3C59D85CEB304803C9F7A332292183E
J=-$1C5403DB6A12E787BB1A28DA5696B7043409D27D9617C9712A77F08316ABA03FFE213BB06DC48CA8C203143058800B0414D53F2147AC1902C8E441AA9E7219155CF6D2CEFBEE9AD125926CD9FF69D0B70C004055BF6B5E58919000ED28BC1AD18D9467BFB243B4B816C53D4B6C842FDB440CAE5406789240BCFF1ECCB35DB14E0153F8463994BAD55B3D2607EC8FFDE9940E8B02A69839FF1E09978702DDE9B74DF0889F2E4A1C1EAB6270058D97CC4321762CA815049E4EF430DE14F050B0C62E726431055DDE7BE4187A0B598B2B8E1746F94814FE7D6FF578574602F35360482FDC78D161386F678F1FEA8E371BF033EEEC879A1819
T=0

[44]
S=$494B30F30
W=$132022ACDDD267A5D391297E5BA86B320D0C0B24D7BF62EA9070AF95460ECE79A7C4283F58599DC3D30B5388A5C64790C95956D15E05303FD9F7F4AA7B7C010576506F5D39E10B08DCFBD3686328BE5B8EEECAE24A3EDEFC55EDC3E9D1301E94C3D92ABF7B8473245D6C0F77E9F2C003ABB473E15232C8E537B65A
J=$16AB71BFA6E750F9E8A88AC83D70D682BEF59C1EF93B3FBF534FDD9E708ACEC2D263B3509FCF1F54B43DFAAA8D182955F3848ED2533DE0D521754264533D5438DF22FAE7F0ACB617416ABF674020B926FDC09638F75F3251BD165D189DE72BB87700A58AC741A2ED7CA4B4DB5734214491FC6FA8E6032EF4F4318C848856E08BEE65DD7E90A75C563314A50693096FE945AD0308C4E5C077ED431C2E6A7754E13CDA78628617FFE261D7986D410E177CDB025D30A7DA77C94FA9536DFA9CF76E710D4968F78784BD8EF0143D9FD3463C5784790E05B8392E5A624091A718FA6769C382185DB20D538BA7DA2BEC940FD8EC72FC3BB5
T=$1

[45]
S=$C43
W=$7B6D81E601CCACA7A05CD7AF7C1A64E1D5F4040A20FCA4284C18A2F0555932D9DA448D3BC900B4EB29B00B8456F0597E4D54B3B65F7FA12BA69C8809A2917403B743ECD22A78F397EF6D1EA4A1E9A171BA2381922399E90584032B2D2EA8C10030160B0DBB67D187F629CAD07A50F610B5BDBD2E6209B1C97
J=-$9FEF56AF6CCB29459F75B01033F54CF0AEFDA2392516A5417BAD0C4BA83155C0B40D1C7FDD57884DDBF1FE633F609D7F29C9F63B3983DEFCE1C8EE198876D4249C609F1C3028A818598C94AD603144262D21C171DC709C85F7525B637F9788B158633EEFFDF0FEEA2A6F765A4B4B20D0173F856F0525599E190469F9669352F386A00D26044F345AC65F854EBA045B8E27FDA4FAFF09751ABB35574BFB468FF7CE453CB9DB00A0484C9C781CFA360DADAFD343456334C7314BDF114CC71E583316EE16CBC8197C688CED0202EFB316D2BFB4928D9F3A1FEC587180418FB81E619DD7D03F33FE2C46E61356C16EE9FA726
T=0

[46]
S=$25A339
W=-$27CF81B038B6F4282C65DDE22F668C2E46C0883A04FB04BC5A144EAFBEB797713054FD6983BB6A53FC7D1EBD3398C54D9EF1E87F235F52236258A8A0617E73275A34A40D8AA4348D20D6233AD456DC562717E355CA2B7E89BF0F2F149336EE19BB47C01783AA2DF9171A1547127ADF9056364FD796D78CAB
J=-$54753CA501310EC53056920E720FF2E5DE45564A850812E59AC7775FAD74C872C92885F2004DD075357EA4071CFB311E63312D99D91CEA73C586742E9857215A805F1BD19846D92C21FFBFCC50ABA19094198A1C49E671097A4F113447F6EC8D5FCC789335FEFEF75FC7474332DF4E634ADFC3776762D5FD064FB6021D36A6CF391443D977C9A750BF3C0899061232F3EE4C94E8DEB60AA9B041706A0FE4D0BCF34B284EFAFB1DB9014389BFF89987F673244791CE61DDBC443E8CE3EA39A9B81A458805C88338A2C29139B772DCF5E2115AD2D9717537BF90BA926603E384F74BB200D0A6D124757B1E30D97B2D81
T=0

[47]
S=$A299AF03
W=-$6BA1A14D9E5A291FBD94B1F75040CA98AD3546FBF4BF075148F37A977FF6882533F9130429E0D7CA0C420E756B3A8332A21EF2F8C0EC76BF7D6D4DD9683CD7137BDB42B8FFB26C2544BA131CBD7798893D72536857C7531B19381DDAA3D42346C2CE543C4B4C6366866A79FD4DC40087068FF0A855A73
A=-$7328
B=$1DBA42
T=0

[48]
S=$6219F02
W=-$1EA84B6046171DFFCB04ABCAE89C5E821EB94257BDC37EE9D2F382DDE964832C8C31F5E6D4AB2C35D03D9EC434D9B1D2B4E8BFF082B253022FA1949D76F86224710CB5707EEAC513CCA7308C4A167BFDA8165CA0B6A41FF7043B5A33E299C08871576D8D2932E184AD993D543A77DD7C95F87A780
J=$612157A4C8712AD47B7E0F004CBA9D55B30C72FA4E37079B4A67371F4F2083EEFCD3405C94DC23D436A64D14043A0A3D2EC6CD90A75FCD401E1AB1B5526A0BC4DD6C3957D281438427FDA68F32D1071D1EC26444B8F8EFF71B6F1ABEF38E9D60A17332F7385A6A5A71BD4D9D80858D7C669A6BC450AA5142AAE4F3AEF8381AF129E8D861E782E295741096CBBF0BE546EBD4B46E19C2CF21A350A5DE403DC23A05B74D714451A7C1F7271C51FAC2879186314C95CA5388FDC517AE52FDBB501A92396BFA3ACDF5EB12B3652DD529A6A9CCFCD8E8A286459279CAFF74BF9FA6381AE9CC7138089DE20
T=0

[49]
S=$CBE082D
W=-$912ABE4203A1E10DEE724AF6F7B119365ECD454F7537DF7335EE61E8548132507CF3504B10B91CF94BB64718DC09FBF3FCC3B0FE397DB976728FFFD8BD0D65402286D56DB49BBF7CCB6343A5A498EEF5F76D382F934260521D5504BCDE324205CDF72B3451306455C7FBD0BF71CFEB9E501D9
J=$28DCEE9DCDDB270B900CDA0AFFDD9895E096D3ABD8F4047F78D22DE1455D7034089449F1802FACD5FBE114A6E55873A44CC746DC7019A076F24977A7F5FE30DE163BA75884020B509F1AD2E0DEDA66E6F17B4E0C6BD6FC8855009F6BEA5F2221D705C38F3918C4F03C28D4E23F4DA83596F1767422DC434AC796DDB7BB1A3BD971543B07432CDE09DBAFA6D15C3570347966D23068183AEF21E9ED5E79F5750BE824C98E634DADF337080957293C1B23D928D4856265AC6908BA7B8FDEE3233EC5A4464F5041FBF0618771A8A789ACA1DDD171297021E7DA7951F96363033AE6920D1EBD0A
T=$3

[50]
S=$B67F0
W=-$F0F7BC3E3C632EDAC2F81067F4EAB98B198C1FDB807AC86F0EF7B796B1C3F1B0A02CC09F0C4F2B09FA0FE95F521BA1DB94A00C21E861C5D3901F3FBBD00B6C3DB9522C7130568474B5DBC6F046C67A12CFEA4B32DE55425587204948402A2432EF551AEB8CBF0B1776A56420CF68EB22B6
J=$C87D0AD2F6CC1AB7962359CA3165F274A1C7FF0F1B7E061A9A82C5212C6F4E9510096A595C1CF336A2B71B5CD4F61759D3C6CA7D66238FF21CA2390752AE8019093212A4B87B475AA35379DF6551A591D75348B700162F5AC3658D7D133F16B83A3DDBD8E09830C88924C9D5E3C60AF90A160E55699CA4A5AF60BE908A9229407C0CE3EEFB2727A6C6B810EF959E92D063544A16520CF82350DC7A54249AD8910ADF29E2AA41CD5D184DA9356BF7CB7AD18B5F1D1BF9258F2B5B1CB3BCABAF0EF8012353EDFABCF0EFE9A3E475B7DF5C0ADD63F30E533B2C88D933E61110A312695
T=0

[51]
S=$523521F13
W=-$379725295218B7DBCA6AB0503A87AC70D95F16F5AD34A80A6A380320234CFEBCF202FC23C66AA671CBB63D08C129A1748459B24AADC7F9E9323C30649410E01C5B5C4B71EF5AD3AA05DD336657F5C771E98DAB3E99EE4932090294F13E26826CF5412FF444C2F7F25ED4D6E550D84249
J=$2782B7A2E80051002999099C9819B6FD8756BA9FF94BD40ADA199D520BA8E9EBA45896389D204AA5F53EEF7600FB458CD561B3930C8B61EED9135BE5366A309F31A8D86463C0E4DE95357487256A6F9153D3324EE8033EA81AAABFD99A5690464FCEDF1722BC7ED2161366298C4BA62ECC4A464EF7875DD998F99B249BB7A29121E50B2CCE270A955F15EB09016BDAF8B201F42DCEE9ABEE80DF4AC7F32C457B5476EDD24AF4D061295EEE4E0FE592B48138BAFBE37244BB21A75E8A5E7A3F741B738C9CBFF3CB701FA05FCA128D118A90008D2E847281023BE373C0F371D49
T=0

[52]
S=$DCE8C
W=$1D2ADCCA82B51A2A84210C1E2F65E0D5E246EA573049AE047841A3C4F8F6F6FC95101A23D80A30B989E11C8D2FFBCBC1E1F05161CA1B9F9F538018DC9A69DCACDE49A7FA56CE9B48630BF064C27850643FCBD67CABC023235028840C8D59C10F4B328976C85CAB193C20EFB79CA8
A=-$D70
B=$12F5A
T=$2

[53]
S=$2FCC
B=$2

[54]
S=$2ADA079C0794
W=$79339F64792393B6EACF8AA634A062A8EDC0D84DFB928DD49A792DACF112E0D3F87A3308563CA77D5723E87148E6BC417E703DD3B92099FCE27AFF255EAE44E94C9B349E98F58BB2AE7DC5709DDF9787E9283036799A8452455E16BE32DE8E8C28AA2AEFBDFBEC5C5D78D84
J=$3134EAD3C217578B2833ADD767C107FA3BDE70DDC58F019477904D43CC97CC6B405210D53FB511F74038A90B3724DF726C49850D7C21C66EFB2575CB094E3B1476ECE01540BFB9274E97C05FC87B02D9763399ABA4EF0C2BA0B61AC5F9008D63659666BF9BFC9D99A58741B51201EC092E767A02A8492C284641BB833F7EEBEA46811CDC0E89585B74B8A12272F80C06F4F258C6F4099AB6E45042552BB511FE844A5D077448ADFAA204F0F9E53CE381E6D6511001F97231537FD20FCDAC2CCF0474599984ABFC6705862D2EBD40A3B428E6F06D0D7528
T=$1

[55]
S=$7C898B3
W=$2EB5832C3A034266A109F3113014B58BFC12A0B50DEC0AB929618773689453689C7D79F17372C3A6D58F87F57D03BCBB584F3805C71CFEFA02B8939940A19065A3C49CFA9D594853C98313CC001DE966215734131EC87A511871976B0B3DFE28021797DF1507300C11
J=-$7621A2326C2227C623F6E9CBCDA795A60641BF3896E93350B637F8211311C4F46C5C395251A91E1AF93E8F1BC42E727BBAAD7AAD3B6B39DE3A3FB5743893063122D2A22D907B93311B6552114CFBE36722B3CC7212896D39A9E203EEC5815A0BA4406806BA6ECA47EC9E0D48729E2C2820F3B5780BA00383E25657F43FBD2F39EDB78FBCBB62AD0547AE153DF33558579A79AF5C35E26768B0C021614751C0E4FCA4998E0D5D352F780331F30F46ABA0419C470F5BCC01001D781AF967980F68F5775BF28747AB2C1EFDDFD0E41D673A9D
T=$1

[56]
S=$A73EA51D
W=-$427C62F8C964968D320AA94BBDE350B7A27C33C991D68BA92B1CCC102B91DC009D4C135427C9C464C4B4B79B91FC91A0E83B71268A341573B231F2ECD480B2AE53CA9C19DCB83DB0A0DDCB824A9AD1B1A9372B443C7675BA139DD297A91F796DB018E3C32B50B5
J=-$22D4773510DB4F158886AC3C02C941CF848A885CDDA3B672786D1C3ED36754640FD63DDCAC24FB2D883189CC9A3743C632510995BD4210670C7AE4B6F43E0087B43FC570B20EBEB46D9365237B5CF152D40CF96C2546177BF1850B32ABA4FC4B1EE6C3DCEF89B357F1CDF9041B5E64EE1F55C6C0EFF85FA7726D02C227AB6D399080B57B227C5910C20C12E9B25692CC9E40A9749CC9BC9AA2BEE57746332AA750450D0E9E14E30150FB3046722862FD56A2A89911EB8662CF32A74BE44D7E992B543E2E9E12CF37DEA268EC11DF
T=0

[57]
S=$1036F01
W=-$593C2E29DF1B5CDBA16E1262251A9A82378408194ADC5844BE7C7B154461291F949A0DDF77BCA67EB35B81F47CCA9F306CFF20058B5BA5F68C9B596E0E8BE8113B13208C3D5A874029141764B5E8B14A9F002DAE3338F10F11CAAA98DAC2AD077F6AF2B3BB
J=$2EBC761636553C7A95BDBCF8218244BD5A8AB473E372E8363AB0D0EBC8FD12E73498B9046CE78726929624BD480938F3764FBA804A604D905F1B52F302D55857F27CA6DD2ED5C1A08F0D388BD13FC5EEA490C3DCC8837DB7FB8B962C5FC2BF39795AC628E0BF70345081193DCE4A2A66CC39537874B22F28AD534091C0F247DBA2E5265ECC925D2DA21B9A788B4A6EEF0AEA75871705C66D38017A80014E460B2000E046BC6B61B1391EB50AC5E69D81B9D81204CC7F1C4F0B841F1076BF064FC662B16998DE39D0BBE2
T=0

[58]
S=$1D8890
W=$41F5F10AAC9B2EC9DF5A9AF3E7A97E5D13560F0A0F9695CA09CB52A0888048709B44F56F372DB74FEEA4F600FA54650118C16DE867CC129153DAAD9553498E70CFF99BA3C43E7C4B72A6918B13F7DA013651B48AB8279E8AD9BF9F4CCEA3B4EC534E266
A=0
B=$10
T=$3

[59]
S=$CA6B5B530
W=-$31879CDF3C804A406E612599F907BA6A2F3F958F992B09C71F60C646526FEE84A6EA15D44FB016E7807CB0B5A1B0663157953F41976061FFBE8356879496E903EF0075AA1C0E2BDFE9E16FF73AE8263C497338C86DAB796FB437AF57AC95CB9670F20
J=-$B0EAC884D02CAA4FE84DD7EA8189809396E35C69E616FEFFC66E6D75820F0FB2EFC0BDDEE35B3AD4D32BC6BD7529BC5EC3166BAEAE828C522F9E45D971406377F361053EF07AD89642E53D7E213CBD96678C0C2C8F56AB9AFFEC8A503A912787BAE384F338E639D8DDB495D7982226AAEB6F7126B7FD76400366B8BADAAC82C920EC1247FAD958948D36EA67FC427FEA246055982151D72AA248EB609126C3DB2A1C02792B5F292A986068E7FBE517D9458E314EE9F1276B9BB178DB52791614F28AE3C5
T=$2

[60]
S=$227F58
W=-$C7FD6B98A9E3B3A4F1FAF595F420F9C75A424E8C2E832E89FE90B3B4024EA909C1836F383B6846BFAD79E90AEE6D4CF6FC33D0173DF0A66A4B9B745009E83F3BB2C1F8C7E74569D5C92C59177EFA9FB1BE8DF00757AD2D4728C01F70AECD4F26
A=-$1E
B=$38
T=0

[61]
S=$372EB0
W=-$306A1E50847B4685CD4AC6AD0A83021B49FE27A36A07CB6F2410E55B5E78FD55E5D2159ABFAB0C1FC40679C4EA5F4E41465A19FDB41622006C2C2663A716FD90C79F803FF4DD18BF20ED4B71025D3364648F059733A955E33AC86783B1A9C6
J=$10EC31FF634A32624C30F69F0CC64303ACA61DFBB639D713722A82FE0DBD8AF9E0DAC4A7E06AA64AC594DA8FD8312DFD3FEB86FDFDA2817C6BA8BAB17532B7D4565674120AAA78164FF609A5A3613F6ECD024E84B629FBD9CB388ECED02319FC3E16BCEFF10216F7BA164136FA8B04922CFFE2F3BAF971B1DF9367A42555A9EBCCEEC337DBAD1BD6C068B3E727CF019E107096F543E9EEFBE80EBFD77399B77C27B347F0CF8840E104B79FFD06436446E59C4A42AB023898019D26BDD53
T=0

[62]
S=$36335E93
W=$3335D6568B4C0B0EF900BDC083CD39F40480DBE0B88A4BCAA8492F6337775A4AB76951C2BE1BEC992476D3288B1884C4238C43A0AEBE554144838E81F3B425B4EB3E2619E21FC4FCAF52B65B39FDCEB36F2DCA6D621A14E6E4994C3AB05
J=-$123BA0F32A9E21B18891662EA647BB5782DB40C1D3EBBA97BCC96BA9986CC4DA741447ED1FFD78C7E3667419CBF07DEE1AAB12FEAED398B8D93DB872A8EAE4964692E26CDB7B865350E11E5300D0995E54E1726F0B266FEB36166DA9480751C2009908E88477AFA1612FF94F7AEEC5E99DFC477682162D370BDBF32E7B6AB32FA8DF52C3F20D969B758190D5660C1429B2B328038D937B2D9F5A8BBFCF4F69BEDB32AA51CF50B3885A2F0B689A53683CA7DEB39B579807F58D7DA
T=0

[63]
S=$916701
W=$B2243AA8C4CCDFB73E54D8ABCAC046DB4E9B8E46D32E5497FC5AF309A4B5C35A9BFB5A0E6F9F1F15888CCE811E66CE04DFB695F72FC0EE7697F92F7E7241FA0278C410EDFE81956711FCAF6FF663C7018972374F3A8C3BF9986EE6B
J=$3F76AC5AEE1C4996E626305C86E615103FC8F7635E1F939EC9CDE7CC14CE99811C3D1A529F2A1357A93A02E7A5E9B32F36B29E0CC33ABE11F6C92836450656DB397F332F609E5541792792C36C4ABC8F8B7C12DEA251E49D72A379C85CD6BE63355B9094E2108A9FA2685829A2C4F9F2A2F64764025444102EC7BEE9CF49FF802834CE64EF9EB2B412892D3AF8A4BE193E2B4D2B9F7162CF2D9DE3A6E21EB5739F32952DEC6DCC5DA9F21FBD44CBA6807F3D7860C8AAB
T=0

[64]
S=$62D97EE74DE8EF
W=$62CFC499610EB1E288CB96785904442D519E36E9E99A3A2E7BA5F659E7ADE4DD6FAA27B3E9D0C70FACAAA3F6B130211C501D0149238BF2FF8AF7C147B918860021C38295340BEF2D4874E9341EB164FF11C5D49AC31D840E9597
J=-$A7B86A10BB1F290037E15728D94A0F0383B922FA7D8BEF540ADA35498E74B7221894A34BA2C63849A408CB8B20891D861E6928D89E7EBB885925D1024B74A7AAC689B5C407FC9768B06612B21FEF8A25344A2C95C6132157A6C59791729FCEAB8E608E313357752E4341B9F3115D91FFF417CE797E756693368502A5CC847F75FE5C4DB7DA1053EC5857E1FCA85D9F2EEA0C71BF2E2AE65A007371D12E691E54984F5F3CABD861F0E7C252C02BC8631A0BFC916
T=0

[65]
S=$CC32752
W=-$CEC9EAFF55AA5859511E571C46C83C2B24DC66192F67140FE1F3A1C27D0B0034B702CC0BCB01D99D90EB8DF17D98F67D7A4545C17AAAA062DE06500A1E59E5DE94194D0952C4659F4D7CBC103B1053EFD55020AF220D6
J=-$5B6FB7021E4DF3A4ED8AE64CF49CFDBCF9E2528DF15A7553E12773C48CD091B23FF34555D88156C833C2B001C67FBC9AD025C741EB3399DBAE38811F7A59855091C91017B04B0B8CC6DFFD17D8D820176D4BDEED5A087BCB0448E99B2290CC59E3BE5C07832C0DD2705552690195FBC11A3650429121AAC195F9E4307A1298F63488FC69D13DBC9C472F4192B3B7FCD52E9F3DE6C011604918B7256C11C55EB08E23787A3D8833B4A87F79F49B
T=0

[66]
S=$4AB11034C
W=-$7167B380934334886546EABDB725F9582D0424647A90335EABBF568658D87305568C8DB49148409A94DA26EE2A3D0C63027CDF44F07F3A86A5B817411A6C8DAFA9AE8BF0DE6A6390AC163EC376DE9CAE2069F72CA6
J=$7B0582B31567FAFEA34A843EFC585FE7973227334B83D08E967FD5661FDA26C770AF8997BCD724CB1A9C5BFFCDD615DC7CFFCABC15E7827FF66FFFE36C17277EE438C8DB6D1DA3EFD0E9324D3FD9BEE05A0821B05B7B2F54FCE67BC71050C38B7B45BDE6606F05D5B0E836B4774AC33530208997888399A7F4512D3C3077F04DD65BCBCEE24F27AEAF2A93DC33CC6DF826904B2D1822D02C591A58A8B2A79A32246485E909C5E92A98D
T=$1

[67]
S=$21DD733
W=$3BE841F1041F2CA3E4A43D58D59D884E0134D8BFA18FC381CB9D6EA1B6F123A3AC4DD79D1F362AA1E608F2593606714B928306BA8380738827CA59E8914603615A23254DE59C7F964BD735D783D15B5D221265
J=$115EF588C94330305C14CF6722AE06256192534FCA4796B234A07D40C285CE24DD629A8ED91D4624F460E5140F78983ABBC90CDF8B3DC63899FDA7E761FD4DE688E3FFE6CE2294F42BBA3D72B966413B8514A4BEB3BB609EC9135128AD4F9E14461560DE7AE422731C27A59B07E51800BD05D3BEE57B3615D0EC5BA466D0A88B93432012F7D9013D433B65DF6F6D48F943EEF0934B684D7350768072D735D5EC2482EC6A256
T=$3

[68]
S=$769C8
W=$2297F861DC5D59EE75CDC217F0249E7FDB48A2DC62D0FFD60E3FCB13E457CE46B2688102263E5D539D05DAB2F3244F0FFBD65390576E4B66C720239225FC67BAE2304B3368ABE645A8E442BED0D101098A6
J=-$D0BEE2437EE511995A545F2AB3FA830A73D8A69EAF4AEB7451D2C115EE16756441288C70AACD14433317AA5F44F2BBEFC7BE135FF4785E05AAB7B2C282FCDE0C0D488B25381EA164A548CE02B4BD8DF819AFA7803C647D79847A273B75C002A8AEE3DB9191250F0A9A842A1C4BDEA703B4B19FB0DCEE7B574214587EECCA3B436E58949DE27C3597F4BAC2C9E52C049D54998718DFC426B7958FC9E73FFE02E24976
T=$1

[69]
S=$2EBC0F4
W=-$F9215E321E9157E1D0ADB437C37570765BF6B2FBC52FB2AC297AE35C8B1AB7EB4573D8360AB2555218306D986E6B33AA59267FC9C61FC396A3DEB4547D5B8D1B4FB437AA63597C967ECCFBC0984A7240
J=$1BCD86FB14DE42ABF8A8E88149D1EA1BD96787E28765B83B14C17CA3453B8E25C820C2C17440A9959CB4A8463DE27F1F12573263D2B194DD8F306C0970AFDC4D43849CD6F6AF7AB2491D6E7A13C14AC0C1D114C82DEC798A5F90C76479C2597E3B3843CD9F11D7B4AB35F6284E32C08FE50CEE514943348C1CBC40EE6B92A55B932CA75511B45E8B45F7546281C3DDAEECDBAE2D9F7A8477B551E3BFCAD0EAB3
T=0

[70]
S=$12711C4
W=-$23ACC1F06D3057A3C5810F47F383078206655AB0C73C403ED0B38E963C589B1CE692BDCF28A7DB7CB5BE59FFD56341789B9DBFFC8F58B2FD4D1574C3189F0740EBBB2555CC7C073640F0C7077B476
J=-$17560B5F31150F854617BCE06508CF681BCA099312431652608D06802F12CD6F5453300A5738A68B44A300A91EDE3EC8ED81627565A7DD8533B41EDFE5B85E0AE488FC24621447D27AADC1E944FA8B6080D9492796BC2C75C5226504F56F88C55A16D80906A8EB02E2C21798F335C2DBF01DAD103FC424CA31143D24BBC0773C74906E1245E6D14C305CC13BE5F35A51BE822C100597B1D1A42DC38FD
T=$8

[71]
S=$D9FC20
W=-$DF734CB3230BFAEE87F4AF3E4BC6091F5F93A30CE603312BDAFFFDE8D58D93B99024CDFA6F11112C0F121CADEAECD14A28D181F240A88556125B85E313B8F0B402407AD412B09D27BA2480F6
J=-$B06987E2C669DBC661F6E56BA2C06520ABA69820B8CD770F97A8394F9053A028D2EC9A1363BA8BE97EAC9CDD7AA9ECA5732EB44C14C192B6BCA10C33A94A7A38994EB69E8A51E0F69C5A6D5DBAB5A3AE6EC35C758D55A0458905F26A144D7E0A5846556B3E624BC0A5956C609A0268BCE96E53C4EE782D1AC79D21A5ED4605A2A29EEB2D4D397D39BC59FA71A317687216748A3006C3D26CAF
T=0

[72]
S=$30651E
W=$42D559E098BDDAE7BC85755CAB1D94A84931C21108C7B3F2886F75BEEF605B7A15D21EDC6ADD2A79427FDB48A0B1346AFA70B50684151171854B08EE67AAAD0D85C46A65DC8B327C9DB4DE
J=-$73569C57AC3FE2601805B1C43CAA78E65C95E98B5A03E6D842FB7609090B2A4157A6F8C2452A162C6DBE4E0412C9B2ACAF923BEFCAFE77855CC93EA1A1751FB50FF9FB23CB5EE4E449232F0B3A2E358DC2A7E19172856DB35404437445EE3781481F607D43BD92C8EE3A3A420BC30BF869C231035C01F3F45A2E14A5FAEE48DAB0CBDEB37D8DA276FA169F2CDD13B9B550FABC3F3E846
T=0

[73]
S=$2E8D8E
W=-$9E7077642F938C824E147712EC1B5ACD8D644326170F98476A9BC12AE2405F5B5B202ABF193A2FBE87D1627B575436D3D722FCB61CCD4F7D9865FE5069E4EB4E9877735258BCD192C1E4
J=$1C318C0C25AC55B069FB1A53C11E996D29267596808AAEE08334D9DEE3514F77708F9A6FBF2D94876045561C269AF9BBC08113056B98FC5701A574F5FE0A5F8918196F62BFB231D3D5700A3F11F0868B3AC948DA8BA9E792586AE42E7FF1C584B4B9011F8FF4DE4765F57D64631BE9222E4D67BE1A625CA16F08AD0C5BD87DECA6C5C2CBAC07276F526E13F2537363775E2E015
T=$1

[74]
S=$117C5C1
W=-$241E37FC3A31AC4B0B77C5C845F84F1C960ABB5E873617AC303229EEEF7FDFF75988F1C9F85128386CF916211528D6813BC96FC959336C749751FE4F0E84809AC775C4ABDAD3AD7137
J=$280B066AB320072F38E9D8C72EA8BC8D885CFAC4EC2A03BE16DA87BEA1C25BB274CD7EEF74E45FA680000B9E532AA275F63AFFE577EAC485AF3CCB44545B93A2D11FF3B7927A79651DE8DB288F39702EEFF71244976771499FA42CDF9A9E1F687B5706DA87FA7426299E3842545FE76F92EB85CB3742761288E2FC6662B1D6277B183D13745262E95E493E482CA4A140F6
T=$4

[75]
S=$8367CBD
W=-$1C2FFBCB79EFC17EF4AEDCAE8C6764D45B99F11AAFF541F7931E91CF79AD8BE757AE67DADAB35295C79A36A2D72E889741B76FBE90B0727FB6A2964F73A6497EECA7DA9163E8109
J=-$592FE22F0968D8A579E9949681D79E89B0252D7D014EBBA0975FAD55E0864D57F3B566B8A7ADE80C7CBD7E5CED253B15A85A3FF9FB2871C5DA0DE8DD17F657E246994E17F49698D905D04EEA969312CAD39F6F1546F8A8C698A1F969D9D340F34C5E34D49034BCFAFD076A2FA20D02B237FBA9B8FBD25CD95AAB64DEB03629CC2ADEFE3CD71E5B235B9031A410A3
T=0

[76]
S=$53B966
W=-$C38375B1C0F4071EE72E7EA90B0787C3BE739110B2FB574E3FA12632753E5953A3E34C2A743AA7D0A6D1D516BCDB214BFA456542A034EC9C8C20990A214002AA352D5B6A8A8
J=-$DB7E4A5990466E523D24EF1750B6C60609ED21127171F8A3C74CB7AEED556CCB1F9932EC7398EFEA32CE5EBB5D5C59832E84A8A3A2F8CB8BC0002D9B82BB01F531DECFC10782989792B3A787425FE24F31BD458485CD36B43337EFC8506786FA2080972347B6443F418A79B343FF07E38866B37D0D35F0CDCD4B00351186D72ED27647B384D7E915407E3
T=0

[77]
S=$9BC08
W=-$1BEBC5E7E2A56EC55DCFCA4F2195A0196F4F0DB836FB01AC4B164C38C099DC2398A8E6A121CC82AE02EC7F686500CD831269CF7C64A6305A84E1890BA48B456DBC20E6A5E
J=-$1DAFECA5FF6F2599FFEB432EED482BA205A27A3589E57F0B3554459F68F9D767F016768C4A845A11C551EF89598FDF901A6C75188D83D27CF1751A5E82A185446E548933A3214E6D04C6D836A6C1900FEF629C5FA67056CB8B1150C389EF0812B96D8A6583B2F1B2DB0575B4B0975EEFBF9553A00036898476FB4804AF17970DB334587BCF5A5B4E
T=0

[78]
S=$417E
W=$357E1D5C0AFC9E79535A34A02153536C0741A88C84E1512532FA60D320FF896746C245E3099174EBF2D1A48B421A980E38CEBB95EDC49B58D7750E0634FFE7960B9E62
J=$7A4C642656FA35B9268A28FB77B0C9410A114F1716C96D875BB684322672F779A6356DFE23F5472293DE36F4AB2E869278E0CE3DD78C2340063CA0A6DF125F86D12DAA21BFE5710D7E05F0DF133DB5D49039F4FFA3F5C406C39BBC73ABCAAF67140D92153D652F8EFAF2DFF83D85A87266CDA4EB2372681466C0964A76200EA80FFF0C0396F
T=$6

[79]
S=$25F70D7D0
W=$12A9970CA6AD3A79C45D8370D3260D39B2C05633144FCD341CDD0BABB1E0410150C265842A74A61A5E215D07A1F58319476E25DAD0EECA530BA07FD6C3C95AE1329AA
A=-$D70
B=$12F5A
T=$2

[80]
S=$34E9F
W=$99BCE0D0FFD1002BF5E0AE936911F8E98E06A8375471C9C039C10E90D5BB8BC7D4B3B16D4692CA17CD7C28277B91825C95A12AE633C4FB4831914B00F7762FFB
J=$D073E218628ACC5038A5ED9156C2B2A9D5E0CACD312659FBEBBE965B4E5FDD2ED3A51E612CDB8C2E7E46E6703959793B4914D8FD94F72D96787EA9E4D0F58663B45D2571C3AEAFC26C7E7B62CD68710B347C6A3458DA12324C3C6C09AAC545C1F8A78DD2A7CB346E54B3E9897E60B7C141DE06DA5EAFFF88EB1A8979299749
T=0

[81]
S=$45088
W=$620E036C985D289CE5202CA4F34192D3DCDEC58300AAC73474F147CF6C1DF057B313A43987940D8385B9FF92A9B52044408F4E3D47BED21D3870153C92D436
A=-$1
B=0
T=$2

[82]
S=$68D6B07
W=$264ECA395B6CE5BC6B5C2B24D087BC9CCDA4A597483D05CCE77DA7380DF818D508FDE9B73D98B244F1F9314C8C8B721122055900791C930DC5083E0EDDE7
J=$37CE532C1C64FCC874C29B933DEF607F4E6F21AA6DF25D2FC970ABE7F0A072B686AA131FE574DAB161FFF719D11E19DFF1AD54AB99C61BE9CBADB06ACD135DADB935E12D6F2DAC6EB6E7983B0B380C329083F7C228D2FD92D28878AFB90117B1F792145BF2C564142B0F85E01FE8B7CB693AB2DA4E686F7FCA65EB
T=$3

[83]
S=$DDC0ED95C
W=-$D760007AFB50A5100AE157DB2DA180FDCEC63CD02DF20172AA70BB6C20AF5A0702816AD86C45B6BDBE03CD1FA23B9FE686FEE671407907857E5E7B1E
J=$7225A87319E2C787F502DAD6986674556EA9E6ABDAF17D8BF7E14E29C4EDF7A7A1383E3D2E99EEDF6475F64E601A6B30125D2DC8E0A869CB0CB76E5B533F6DEDB183FA860B8833B87F81B9F425AC17EF10F58A5515486D60A9FA8DBF1296AC1A65F6411ACFA7BFBC2F5BF7813C5F3976D2CB81C12A6153E
T=$2

[84]
S=$F5854
W=-$35D51ED7E1C9ADAC8238E417EF17853CE3120D724A05222585CF153D12AF250559F7013F642D4FB1BDA279D30AA9A2FA72C92B0B83DE0F4B0FF4
J=$322C3525C94068D5A4D3A3240139EA65CDC5620A3D6D8385F7385F0224F6F271A82B9A54128C10C4A1F3343ABAFCF32D2D885097919A9C4CE974FECBBA55BFE7F6A4F2835A7674C8A0A40967094EFA76E0BCD0F253F8945359A8077B2EACDFE82B54DA685BC3B3933A5333810C97AC7488E818B
T=$1

[85]
S=$67EF8
W=-$FC76E345F65071D16518C456D66562D7EB7815D81EBCF9C4918C8FA9466DF9F148FEA54847B1BF11FFB89F264345C52F9A4300B2AC5D1887E
J=$2C151E69F6E41FF47C173FF6EACA63A6544210E3ED8764F1BC0FA47F7D11F3F6D29A6E368574B98C2021B931801E47F484202AC789863DB1E9ECE92FF22B97EAFD653E7A674C7B13D512E521DE70D0DF7AD50DE9CAFC5671D386C83EF587586A2BE22D4C8C785B47B62FE3A1D63C3E07F
T=0

[86]
S=$26CED54F
W=$8555776B44487B7352DEE653991D2B510EA79FBA3F47012B84E70E60D789F0501B6E8970CFF859BA7553E90F57795A03AA59050256BA5A7
J=-$28A273DD36B3A75914777C3C84915A05AD702849D44C26AC616DD08DBE6E505B147981559D389C49AE0D7675D8311A3117F4B41B094DED30A874F1E31040F77E009CC01892BB8E3651B7DD294BB3ADDAB57E57C5841848EA0C2AD317FCADA34F2A5EAE53438491396C6128C5E5469
T=0

[87]
S=$5512B8DEC4
W=-$E908F670410C82AD8271B3CA04F2CA41990F9338EAABEA062CDB6D620729B569A02A1B415E3EAA4F979941E779A1B6A4F0E5D9F25FC
A=0
B=$8
T=$1

[88]
S=$13FD710E3
W=$149F5F08402C2E9CB92AC75F4A49F7CEECA1AB7AA8543111F62B8511138648FD2A85AB0D82741B23E8D92442769A6CE79A17D75
A=0
B=$10
T=$4

[89]
S=$2D2270
W=-$A844B53676A2CE52869D9ADE4D8C16379E5BAE108FE66B2D5DC127AD8F711C61883A9A5B2A4468B72919B70C1CC91C9076
J=$7A002D213379B267AC5C6002EC75F324E9B4ECBFB7DA7E30DE39218FAE488B1236270A6D4279A4819228F826B9E244B114D0C4CB3A729F81359B383DE3935A79655E078E5A0A568F97F73529FB5C4BD6806E304FCB163085F0F53981DC7E8E3C22BA
T=$1

[90]
S=$14749D
W=$501F82953CB72FDF97897A67D86BDEB4650DD63E90C46F6C18B6615BAE03AAEBAEED9AB85E6B8565BCD5A41AF7852193
J=-$1FCCC9636056853482122C940E7F00A20846EE2CDC9D1434BDD13123C13D3C7AC7B2C4D7E522E5DBA523420F3F2CFB32365FB470532011FAA52F2B37911B41CFFE1C26AE4C11371F40D1212076553718F0C952D4E18524C869C0CF9ADC4C970
T=0

[91]
S=$12726A
W=$12217046E204D8A75444C5D4FA647E3FC71EF3F1D10757949CC84B3DFA4BDF46CE0645EC508A391C6D45614E60ABF6
J=$1FF7C8BB5ABBBDE0E46786B762ECAEE4DC6120E2FD9725A05D2B18A70AE5C36D69DE2A5092B1C0EC751FA6CF600141DEF8D233A076BEE4E41E85DBA53F5000F58E17603264F84488D78F222FD5EC954A40C27A4DB675A0DA2D7D28C265
T=0

[92]
S=$50B77F58F
W=-$2D4F45CBA31F1601FAC9051D560F4E72AA50B0B4D7536DAC830B43BC368D4A194492451655B699BC53215EE3FB9
A=-$D70
B=$12F5A
T=0

[93]
S=$4B1E64C
W=$1721635AEB637AF048AA574AD327DE31DB8A4ACB83ADF6E802BE9FB13056739D596A89AA00FA2C6FB354F12
J=-$30A1233120737A0B8DFCEE3E2E7A134313E54DC7ACE2FC69C681DB0F0DB4BF6F32DBCBD8133B74C5545AADA1168D08D24E0E1A6F832A279A0E83D6E9044BE0DCB7528B9547065167B1EC1974ABBFD30A871B4BD7C76A
T=0

[94]
S=$34C69A
W=-$C497C9B59C5CEA58419B33193FC18E6E4EBEF2141D5513CF139AAEA318D436952EC0582DD904FF9CA1C
J=$3EAE8944B3203B1BCEA50136D779FF40408B6DBFB7A6F6A562E7A207F0FDE417E0F926AD652546E0D8AC4065B0264956654694553386E5F4411FA30C92200FF3D8D5C5A13C635D9902A4959BAAEBD55B86E95
T=$1

[95]
S=$89D3B904
W=-$11F8AA76173B09394BA5B783E4D2C28ED64780391E2B84C313C0D3885AC6E83180AEA0620E201DCB8
J=-$614060487139F8F80BB76457BD18D9D7D362F64FE9880E0853879D0C4010BA64EF734BA1ABEF77A88E3E67E998A5681B54D18D27668A6DE5C45DA3FB552D7BA6B9F809E6249C40D7B6B174DA60EBC259
T=$4

[96]
S=$966E197204C
W=$21FB6990EBDD2278D4B0423A0189764323CEA9F4B35ECB8E438D67522DB7CBB0EDE4FCC1BB5E8
J=-$44329C7D105751774D061DD3DA9CE715D5851E6A28699B97DB8F488AF7FA2406AEE33010903ED7AFBD57E1FED485EC9503CF36C01D24BA2321A99DA27214B2E87543D6E075DCA97D3A2EB5D9
T=0

[97]
S=$14E3C4DA
B=$2

[98]
S=$16C
Q=$2

[99]
S=$263754
W=-$2E657847C3E5627FD414851E5F16D0FB91501C8582FC0BFC791C343D2AB0BAD784
J=$20CAA0B137AEA929583FDE37ADF8E17B263E0A078590B625FE7249E8E2B65E2EB010872ACA6DCBC877DC44DB9B13D043A76A733862D09E3ECEB81449A17A56402423
T=$1

[100]
S=$15BBA8C
W=-$2C4AD58EEC61438F3ABEDCE9AF515C5893BD04B0551D2FC8748BA215E05F8668
J=-$3B3BE9A2DB32653B6C947E15105200613E6026D7346A98F593B2285CF94425316DA3DFB68A446A621C56467330513B69DDBDF5A00E58AFD8DBFBDA1DD721D2C
T=0

[101]
S=$272F4EB
W=-$5476860B66DA8FE9983C702FDFCCCEEB557058266954C5D8DE2A683F34779
J=$73AA896D28BA89846AC50AE6205F9ADE52367F9A37314B50749731BAFE69A1B333B1DB299ED02AB33FEEA559809366264B35895903146A3F845A1280
T=0

[102]
S=$4A36B
W=-$E0966C41D0F30113BD0A68AF9555EC171FB511003030759C3E0C88DE1
A=0
B=-$C845F13B844FF4850A82A1A1EECCE187F394DBA222DCA36616EA77124C5B13C98945FCE02D68735F4FE479CEA23E7411DF0F341F12CC553B9C
T=$2

[103]
S=$153E44C
W=$15477426A1766889533DAFD94164BE9EF85D6AD748BB6885394C1CA0
J=-$194776EF98AD8194F120CD7D4D4F6386E02CD89D54F2CE3D51D573B04C3A57965EBF6875324B56A6C343916DA5A1814742B7320E9BCA9A
T=0

[104]
S=$A2C29
W=$164B759FD9187E40B67E30E52DD12706D2838F3B9D33745AB1809
J=$146263A577E605E8BF60B434D5C1391B838BB7C8C3480D3BF57CCB8F38646DD410CCDFD4E9FC384B163B64A87A8BE6F30052AAF
T=0

[105]
S=$53C92FE0FC
W=$71A4BD7BEF69C4F5BAAD6B7E5EE3C90739E3167A928C10C704
J=$30BC1215A8430270D447F8ED90620AB34D0225246293A041E42CBA27297AC035A27AA53ECCB22979A74004531E7D22395A9
T=$1

[106]
S=$B30730
W=$82A51DFB501EAF823376D93A1766C1106FE3D101ECD50
J=$121CAE058F0EEAFA1A8C260CD67BE03EA67115E5ACF70FF913AE6B1FC61AC972C7C097995B4A972E44F92F841E
T=$2

[107]
S=$37AAF0
W=$D27E6C4B5F83864523B1AF636C428629FF312B3AB8
J=$48CE2132A5E43CBC14EC95BC9CC1D825A9201EC56DACC7245F08497B68B7F6CE7C03D98DB5457A28A2B
T=$4

[108]
S=$F80660
Q=$3

[109]
S=$1C1A
B=$2

[110]
S=$ABE605E7A4
B=$2

[111]
S=$1F21D
W=$2D6F6DE54F91BADB260F275BB2DB21
J=-$4CB561FA35B83B0636ADC56D70AED93D634F84B93DDB0B8634EAB16D251
T=0

[112]
S=$335BC
W=-$1BFE91EBADA2B8110BA90B12BBF4
J=-$9F5CDF2E3A5CD873ED9D7CD4448F3E10825918A5AB90F039B42FEB
T=$1

[113]
S=$62368
W=-$285B4FB589E10AE3DB3B3F6DAA
A=-$1
B=0
T=$4

[114]
S=$250BBBF1B
W=$8E48F54F776DA635E90FB47
A=0
B=$5
T=$1

[115]
S=$12D56A54B
W=-$76FDEA70C935C1D914D
A=0
B=$10
T=$2

[116]
S=$8EF4E2
W=-$B67224DF88E481C
A=$2
B=0
T=$1

[117]
S=$45F68B2E28
B=$2

[Signature]
1=$F244FD439F730F463DB453D0680DD1035B7C89513D136EF3
2=$3441177DF0B71517EDBC18FBF8C435C9527EA625842C77EA

