[PRIMO - Primality Certificate]
Version=4.3.3 - LX64
WebSite=https://www.ellipsa.eu/
Format=4
ID=B497703821324
Created=Mar-28-2026 04:31:04 PM
TestCount=110
Status=Candidate certified prime

[Comments]
Put here any comment...

[Running Times (Wall-Clock)]
1stPhase=40.73s
2ndPhase=13.03s
Total=53.76s

[Running Times (Processes)]
1stPhase=265s
2ndPhase=58.01s
Total=323s

[Candidate]
File=/home/lappie/Primo_Batch_Farm/Titan_Group4_Prime4.in
Expression=(4797791281527982559539)^47-(4797791281527982559539-1)^47
N=$616BE0CA8C88109DA71383D02130B135FBAA0910A29A02DB8CD22964F32C129FA71E78B82995557FCA1C47BC34986BB195030104EF32E0CA1E83D2B3F54B3DD61D09C9ADE70908D510B92048A45AD7B347A05BC0F3632ED18EE77EFE5762EDDB3C923F24A79BDC7314B21FC0B63A80B3DDF84E2E0B37347ED50AC7407FC48C689974EA0B081639821108C0090E9C83DE02435E9E6AC65880BE180D46E91F67B25F9A8F1BEF073244D4E466851158DBD5A5AD4696FD65CD40BDAD34EA1AF8838F93141305DE981FD47A046439C06782E6A25909924916777FEC55F5F42D918A485566D843B50C39B466DC9639E4E6B62D6BDDD00E432206D44B7837DA30052AF6E2013BDACEF56B08CED660F6D7F1D433AF282F69F2D726B1741C4730ED9C1172B8E3EB69A6EAF0514AF3851EEE454BAE4C04701880693D3C458FA5A99D1B0DBE2951F21ED8102EAD0CF02D8FE3D4DD35D946F92A996EAFE5EB5424A42225AFA11FACF6C74C31895C568D32727B56852D4E0958BD26B66BDF43975F627E242396736CEE9F85549DC24E24A5FF41A45BA4C63AAD4B7D0445E6D5F6D72DF89E3B
HexadecimalSize=830
DecimalSize=1000
BinarySize=3319

[1]
S=$1CD06331
W=$D5D3602AEA95FE774CC2F36D18B35441CA6221EC1B46EA497A6A34544DFC4C47AE6124900C30AB2B01DE4A02D7B76B0C689BB759B60E033836F8919DD012D5EB44F326A4AE7AE58B1B896D0F2CCBF195B555782B598D5C5E4B101565D91B3C1551CF9850AD83113D8FA2EED9125DBC6CF507C13AFC8F080F84A12B3A8D5EDA82E95635EB776B6A62FB6175A164ACAA821100FFC8EF7D97595B6D1A597F8A2F2DDA7DF35D78EBF5B888BF682AD8A542F60ABF4F64326E38A37836B8A4683365960AEEBC64093AB9E1EAB5A966242D489
J=$11ECBCB9FE7CCA4AD4E524927DDD7F2752CDB51998777B3BAC64ED66C13EDF9F2D55D46BDA905C00356F6A75F2C8645D354EB7C92166ABE5E0B8912831207D73045E9812C700EBADDF0453DE68BC99B90495B39646178A0DD0745C01E1DC1972735DE1DEEDCC88C5D0F3360FA89A8ED1A0CEC53538DC08B6648D725CC9BC9E086B2D3B40EE454FA68E2CDCE7201DD13C446EDFF3BFFCB2826C2F94AC572E48FE0D1639FB7E913DE75267BE2C2644872884C5F4BEFBD79F5757DECD13729F2AD1CC0BC2BC94CDDEE2C6C1BE2628915AF1E4DEFF0DBF233C338D1A61B6A2DFEBC9802B6C43ECEA97B5D80CE170BC5893D8DA28BFDC577D098AE0A70339A74DEA21973BC746BC35DAE50C0F0D59828E604627C3E3B9E591744F0FF915411785A2334DB9E7EA8C54E18EA9A94B1B1F94ABEDD840466268341B5EA3A392034D1D7DBAA718E980B9ED7BFEF683DE483AC073F1C5342661DBB84C694AA042866589D14426D087BEAAE3DC6A0ED676BA786758D53B15C181DF65609244CCEF6AD26C299D88651D66689EEE34709EE510F03786E8DBC1D2613E21EB80F00B7DDEE8264A
T=$2

[2]
S=$84B844F2
W=-$35495F53D370B3CDAA1DD30A92B9F255CF9EC2FE5B2F77454B5BB6604E72E1887315A6E14EAD1DE486056FFC05172C89D4CA79EE87CD04639099CECAD42A6D31DEE3EABB0FDCB6EBBBBF4FBF922115C50D90869658FF2E9C0C53E62E4850D067EEAE36A46C25E07F57445F04C1B2CA94C06F12B17CBBF65AFD84FB54E88A02BE88091B07CA3343D5B3F873A4E37D3C60EDF9AC6733C97AF09ECC44042F093FD081F1D3B6BD86478DEBA041644EF1FDEF3E2A22F53ECA6A4F5AFA3EA664B1933D65A78730A93FEF9988A8BAB8D962
J=$45BE34AFF99935C65ABD3AD496C148D291BC10DF5D2632FD68AE23BBBA87E0594E117C5957740BBDD4AB9485FD5C146FC989B584F092B7045813D54A2CFE392898A330C7A270DBEBDC391EF349E83877B67E5CDE65D8571C31BADDE21403D0FF40505A41DF9B40D525A00DBF5D5D723CB49082663E295B5B45CE714075F4C998AD9652DA3E10A7447E2257CB7371989CFEFC39F7C8B808D165672FF64BCC847563BEBA9C8390A6C12D9CC1BD77F08960BFE9CD0B510E795BEF7FEA7BFA8F42181F0F0A3702981ABF942E0CEF741846ED82DDE1A59358797CB60C7104B415D45DADD0911D280694588AD5E81A2016E8B49B47B91CE4F5C33FFCA0E66E48C9B6D24A0CAD7349769502187003CC470266E981117ED507ADB497BA10D311BA3D0EE2D583BDD576AA389F3AD6A4888DFACD08687AD2A02BD3033EA467D97DDAB6626E47D8CEF89F75AF18D585BF6788442F1357775602CE9E097159EB5826B1888D10F004C87C39ACB7752CA2E2F56BB60F5404AF18B5AB09896BA3B20042FD4139F1E1804EF1F8227F77AE8F77887EBFF97BEB75CA876D6144C219A544
T=0

[3]
S=$71E
W=$50E0E92F8266FD0213D94E68BB95276C320E4D76C014BEFBCE678B41C9C8793E8387AF8A4EE909FE316901EE624D57264B702234623820743509B1492F5484C22683B137C8449961746208002A8BD139D412E8157C5615A57EE7D0D5E0E361DE91FC71FFD08A642B12C1F11D2180A1625E677A63FD4A76232BF10C6BA9195CC059BE351081875A2C29A6A9C50C486F06BAEFDBDE571BC1A98C68095458F1EC7F84C498CCE4D7FDE9300D0010C878FDE89A5117C8BBDAD609CB7BC9B9ED431A1E451808AC2C049161752EF922
J=$26C5F002115B7751D885D4A9C7AD6BC065CE85808897E5723649D75380391410E33C376CCE98691D3C02275826142D9F8532EF1320E37FA23FD46AA23D96FBFFEB04958028A183B01D833EE3076DC53500D3A0EF4A9B9469181BAC252DB3E629F1E226FE8882EA4A0B1F67EA9886B7EA57A56353007B319E8803CD9CB9E8587448ECE34CCAABB35846A7CDA81D7914DF6D88916D36E94E0286ED2A431131F2622B8FE2210E5C8B924FEA78292C080B342E71F74BD152A25AC057E931038F89D55FB2CDFB08979B4FB8CF7BC0C63CFC6E0434C7D8EC98E947506DBB1B88CAF5F5628BEB35F7D50C20ECE646B0B37110C1F403659DAE2C79AAE43048B7CCC68626C6D5C27FEDF1AEFD814CAB7BE4411C1245E7926478975C699626A702F22A78C95E33ADF0F2E422B09295ECF84205FEB9A99F7EEC8A1552E3A7C32B71695E6FDB7D98FE6C17966264046E726BA4124A83213117AE44CB5009D82C23AE4D567ABD9FBD2A9CBFAA4C97E523AD556B5D493995367CD1E1CFFDCE4FABE48C34A5944B4334936982F3B389C48DD34F2EE1F799C42ED1288A39EAC
T=0

[4]
S=$352BCC
W=-$17C23A91E73A113EB6707163E260FB60FB6BC948FEEF746E7558D9B33ED1BCB8FCEE606027A8732111D90A5B446B5E1A970C9C5B25DA4867A70B8963E9585AB02B71458FF5A68E650AB624C98BA3FBDD52AE291853087212BCAC56BFD986EBC24852308986E41DAB235C42A6E1CF83AB786F204A5C2545F47BFDDF82F4E50FB3EDC2B883A476166FD7776B3C515C5D884901339EA6D074C942350A1F6A15999C488FDA4836F7AA1489DE235E1F698EF11C1249D51E4EDC9ECF71E3586115A8A49FC10AD73979DF212C2F2B8
J=$37EC8CF4AA42DFA18108D62A22423B38E7EE88FA7D5F0655024803B32E9229057A611B9F8D8764A8EA385B8180F422E0C54A7E7021CEF7FE59F4F2B8738620C4FC878C3606760EFDFAB8BA657B6A206633DC6181BF9A62B54E18B6E7DCB7C42E0827C94F22EDE31DE5095D0729C17D0C3D58D258558179561ABB3744CB1BD122C296818C2BB8ADCDBF4F8436A73786005A933EEEB42AC9293132322564C0E618B72D60D084EED268F93BF377F2A1CF552B5453496551134F100DAF6FBCDD044D2830A53E590575CBF20C6ED1AEFF53DB9D78174601661546F409469AB95F1ADBD097D14513E5BB37DD2DB48D7E867E4CF5E291A20090CBE2A102A0617A2383CF5B8106E81D1F8DE8E1B725870975D83DA572C950406D4037747D0ABE2890B31C3B66CB9C136E256796DC63B0485E56A0FF55D7E173D10C92FB2F1376FDFBB94058D48F9CCBBB82B78F0439C9BCA81FAECF91AEECE0B73E7C0AEB99C02AA3E8FAA06F931A87B2C0A77FDB8E3E181E1A0E8A6039313FC7A31DE886F9A1573143EEB64E83CF6459B99A25B332B87EBCDB66E4CFA5E8D4DF
T=0

[5]
S=$37C26E76FA6B8
W=-$3F75B9982FDB8F4FB1C1A09698B7B0D5C1F91A4E008AF0FAD317D43802AB08BA08A2D6F9FD9C6020A3748BFDBA281229CD0D26186450F9EE6834E617C4F0FE0212C03AAB3CEE14B1F054043F7D77C037CF917C906B8E0B47ADFC6642BEEC9718F9E60F2DA65359BACA7E77C90C8626BEE9A83C4EAC145C30797FFAED3250FF19F8C5BBBC4E2FEB84CF1FD4BF9DCA6A4C50EB3776E6F01941295789B0CCC6021C3F0D4531D5AF075E0F455D76D1927631073A20C440AB26ECB80AB63B57C19CFB860E65D3352DC2556FDE
J=-$1452BE82F06F43BF74A424100E43175644555FFD887397307B813AEF75B500DD4F18AA6B86D80021F859C81FE6F181F3A16CBD57194A62CF01D991BBDC3B6AFE99D76EFEB15AEFB4781885F2C1A49797BE9B25D0BBA26C32D67704879DD32B4E314AA901CD57E3EE4698AC58DD45D5D956959A6E39DB470AB4AA74F20DB95452361A1F6E9A0CDA63581D2B120126616282754E5C31A187DE10A037597EEBD15B4C4D309F93652DFC8DE33B29FFD36649947774042BE604B48E51841B9B9E212E75AEEA3B193ED893C4D7F293B028A330BBE036EDACF91FE4C307ED775150A34A3BD006635763550047219A9CB8ADF7EFEA8F86ADB19A3AA37846AB9F54D9A0C233CED04718C588F01D35A57862F799CC92ABA82C6D784543CCE5DB15FCFAF9823AC4DE7A026FF6A69AA6D5F1936809B57E94AE3398BFC254CB9182897D7ADBCF536C9467B2E298D31EF53DEC663323D91601C383D42E651160B9AC3FE33F63100B06F73638C306B551C2B29D0E4AF6EA4BE8A90109DAB3B37FF3D54C93E5B41E9B63AC5FC8D21DFD65AB1F2867B08209E06D6
T=0

[6]
S=$540308
W=-$102B611DC3ACABD47437338109D4FB09A89384D168F21DF2D4A0C50CA78149754D8C1E201230E5150D53A3A65DF4978DAFA812772C0AB6EF67B471EE5B2FB46D2F05885390E44FAE93B36576FAA1FA17DC20FE53A351C02ADBD3F2CBC136609072D31603131A23E2575F43FC360BB27D31BB2571DB43C0BA5A26CF19CA66DDED9F8142F99FE11A9CE257C019406C744F7C96FAE63FA5C170AD2963CDCEA1DC585855884C3F4401AF182BDD85E0392B94C7AD02045B64B021F847703D7EFABEF9D1208AC3C8F04A
A=-$1
B=0
T=$2

[7]
S=$14916F906D5CE4
W=-$3E8FCAC79092DF933A674339983A2AA3842009C1C4551374D322A6DA5DAD6763F66CF89198887EF2DCD44DE3F23EB8A4C72A142D95CED2CE93251F2AFA68D67B3F52E64EB83473ABC206BB142D42C53ECDEEBF005D7DBEB55113D023D826D8C4E2E8E54F03291BABE7FCD7756D7025CD089DC9FB9A7E1F5A13116BD917568101EE189EB70DF0DED7AC8E32BFFEB30F55C2ABDECFCAF6A64B6B3C605CB8E6D162D2AD00EBD1E1ABD1C07FA386587686EE789EC84100EC84293042FCE2B8A83C7D155BF66662A
A=-$1E
B=$38
T=0

[8]
S=$80E5CCD
W=$3E5E9C923F4BB2099BC84B647FE5F8F808EAAABDB24431D7D083866FFF5E6AC6491C23CBAF9B5CC259AA525BC414424D1C08A28ABF75EF7FE07A828403A853051CB36D5323B98D064839556425E651AEF63FB39592590D117A2CF7DE410745EA04C14279E34880115BDDD0FCF085F8B000E243A167DE3BE73C152CE2F6CA75A10984AF2E183B3274895F8EE5CB839BD25ECA1E4A2D834861E82A831222450BC3C0A395523E578BC64310FCE091827E019C94456785C376062FAC3D82FF3D017DEFE1
A=0
B=$C
T=$3

[9]
S=$34B0367FC6
W=-$4A62F30AFEA2EEDCFC21E25B918F5F74D8C365EA7D217385C0006985F3D08A9D433190E4777EC000F859491BB5E9B6FB7D62F0FD4D0A573E73ADA23B9CED3E01E9296A926E33DA8A2049B3FC743A2173700B3B973946CD9FE12676D994C0FE76DC7ABE0618B716E653A488419DA1B870996B2CED9BD704C8BD0DF5BD6C7D845FDF947F095A0162F920F7CB0503D0A3DEDA475947C6C0F81EAA5406D38990646BEE0B756FB744BDFDB4D56D7D1F40A946FFDE38E9B17673B3145F1E5387EAC1E3A
J=$6E286C0ED07A4CB06F6708C38B0F9FAC25E92FD02E9603D7913B55214688133285F4CB6F5116BC85E4D732ADFF3344F11F144F545D5D5E2B5DF976F156D722D4279D943E3BD96AAF901DECFFDE89F1DF5CBF583BAF9729FCDFD5641F51046AE46D1B4220AA4775E5506717FF81D8790D488414C4F6738D97F331C110668DEA11F58016484E706FE3EC6FB79DCECDF600F5CE7367FB29B1D46D4507E631964D7B594675D4010FBF4101D8044398FCABB6DACB9878C7084D3250AF3BE0FB0186AFCB331EFFF9EA40F13DE132FAE2FD0E5C56F48FA96918F886A772192A45F03F6A438A43AB417CA3C7310A299108F58C0589CE07D77EF887B40094CA010984040577F1ACC46F0D8020F5D1DA1F2258A8DDB2A63EFD71160B3FCE66F3B456D22D24D9897EE70CE2012486D056A8732FECACD63E42A08859DF17FC69DF2C6B813D82D3883D812D04F801C64693062FC94629F527960D4A65A1D89CDE8E32479EE43A9151636634B90128D8E96B44E93325C3FB0DD27E6BA160013386401F04511E65
T=$7

[10]
S=$55DD44
W=-$95F1DDF94274C69CD46AB4942B1C7AA657E20BD6ED1713FF75D738E1177E33E1E32451F2BDF766D6476A001395CB390527DC802FCAFE8E381610E10E80AEA0AE60267A97D89F03B241529A8CF0650825326C1227A514FACBF591FCE52861ED625628F83E61FF07879C9F6D73CCBA8FFB8C2768614192DF5308AF56AF0D984450CBB02CD99D0E8C1891B1CB8CE3A82494470EE5326746EE7B1E729F3A143099AD41C7FBA4F0350CD1CEE6A701FE500F808D5FEC0B167CB63379EB29B12944
A=-$D70
B=$12F5A
T=$1

[11]
S=$B57
W=$1132BFA7558F3741520475F5D3EDE3BDB60020CD1008946184905C14D084D850521F492321B0C14C5B69ACC33D1E3D935736B8CCA0BC20AB163B394CDEFFE4D95C8F106A4F46278F26E3479E5D6587AE45F738568677A739992F6D60ADC02F1DA7919D9B08FC63A6A78A8EF40AA136226F0E039FA5DCD66E16CAD50C685B05EFEC420332A044345B430176D182BDC6D9630E613BE5F5488D8CB9ABC2A0047FB2F537BB463A1AF8F79AA94819C1A3D0DF605E1C7DF9A74E67F90F062AD7
J=-$F6C0E78C78D00956D2B2AE96CE0F95A55FD42D09B3A9802F78DAA4E58F81FDBB1E668E8FCB3FC4C810B1B99D16BC12FB0A895D57F671466AF18DD35246CDFE2F8387429198D972AAF304271460B2BD5CD10C8576B4F76DFF141B03CAE403820898F1E3429E70492DA518F9A8E0CA22E0977A66D2695A2D4F96BFF1FCC364880BEADCE06F0B6F7E0C1F3B307389120F486BB9F5F7EDCCD6794A82D6C89B6590E596F6DB6FF99C47CCC08FCA94293938AB953D19DEB33FF69FDEBC82E1415BD67BB572CFC507426D2B4ABB6809CCB5F7C70670BA059EC509D7C8BBCB6D35C06AA516E05A57125CD1A058670E35853EF429ADDD824F46B83E0F14ADCE95426235CF3C13A7B764F8821A22166702DEDA0D8340E5F244534D0565B1B41007568FE1801442C7E81692E732F1321261075D660207FD69DFCE5CA07D911499E09791DD26EF03FFF863E4E70BF78E2A0C8D67739FE1ADA9F037BEB90A721A54B547836FEC2DB65898FFB8C0FCC46AE679A6DDDE8DB52ACC0C34021FBE2
T=$5

[12]
S=$949DE5A207470000821
W=$49BFC3C82B7AE4CA5878EB054616C6CDB983002BDCA174D0D7BEF95D62CB92A2B5B08BF68B0F6BF156201973C47C6A3D780D4401F28CECB0951D507BB94A62D7D0B83D55699D38D1EE88D6FF48D148917B982BA8BFB7D285B6A97A8B70C7DD7E7237086E9423879C4AF11F29F1190AEB7351B0FDE9FA9472ED289125CE3BFC37A32930E9DE7C66A6C15DF8784743464E8EF957B589CBF6415A45BA94225031EE5BFF01486993B2ED9D3244F0D94B1069ED3889CE2276323EC113B1CB
J=$22D9EA7E5A364EEB8771719087E96838DCBBAC280949F4B626F81CBD98C3D23EE2ACF3F3C74318442DA331A79BE82274A0F53E6F85B73352D2E003F001E595229C1F011DB76D50D21D0E5BBAFF07742E5A648D3E76A1ACD7FB623BDD5AB7872CD513961F725FC7912851BF7064D5E27781707ED2942EEC4B5824034241099E142FF4FEDDE823F4F353127E6341F30DF6C47C3D0E3A61854E88C4B2922B26800F4F9D79769D8F211B0069ED4E271FF8511AC4ED0AE99B9DD7D5D952E06F069C3180FC278DC565C58F8E53B2DD83EC76B0E03C0827F00966A97319DCF3FB9201D04BD9871EF0F076E7336608E397871DC17D1820EDC1A1EF99EEA04B2FB1B0DAE8ABA59E5C9FB94FAFBFAD8155BF1FBB160DC82B151E0DBC6EAB38D497BDB8F7159BCCC519452142DA9E4CEB27A3FBF51710A13F7127F94C69E430E3239ADBC06C369EC5BC12483E5371BF1D7CA1844AFBDA4842E9E01842E556B46BCCF7ACB41431D4B6EB6ABF82E01E7E5820ADDC0D7D0530D2127EC113E
T=0

[13]
S=$3E51728
W=$10580CAE6882914C81DA07B23D5FCB8CB6C145137C1F6D19393CC6E5676C7A68FE3E5BDF769267B9E47D24104DC2011C4C6BFAF5AE528269C5BBB78334E6848FF752E4EE0052B0344416D3730E0A55081034CA1C042D43521B29F07A5EC3346EA433C2D44C45DE6BC5DA7E2A7E0A603A27ECD8287519189609775BDA1B7DFD7815F6902337D4804682CC7DD8319CCE6C1E866AF0B677D90EC2FFD9EF029BFD2FCB3DE06BFCA62CC6F300930EB3C731F1CAEF4BDD434F09E
J=$146C1CB37D1EB11A0769ECDA382E714449C063EF40E928F6A80422EAD232E79A5DB4D95D4B4B1A40831CCDD92598CB8BF495691992A29BB53AE9E28D8CCEEAE8A4ED701CD41B64BEF11EA66AC872BF18680E12F4798C1903A87A30D3051BAD1DAF7A1086BCFC58692C3CA03DFAE0336EDED79D6F326BA46AEBBD804DACE801E7308A3E922D43286C2319F7E32AB5B6152125A9674DCE69D6FE89A2A2BE824AC2727E74B4A10FDA8F23D472FD78D04E7A4392BB7244AE1F20C77E75F439C2CA0216FFAB7E11F514F968070FF07FA009B9CBADE34E93940FB5A54E25D2543985AC3361F9107198CB443615BC0D0696B66C3482443DDBF85D54043D996F94F1094294F163B9BF6DE6B46E08B3F33C28FEE49E4DEDDBE0BFC5F18575DE3208244FDF74FC89BDC5A4806D0710A18F81B147D51D020D0805EBEFE88D48C41285B36594C538235DA1006D6DF4F7DA3211E35775CE059C56F11790104CE5AB34942E1F13440C38241AD6151FB9D0B770254E
T=0

[14]
S=$14E47E088B0C
W=$A15E33077D0C2B12B6EB663A24F7D260F760D242B909BECE93932094BBE3F3AE767E7E44356FDD3D9E42C307BC8E0992370335A568C6AAECB49D4AE7839849C95E6E13D5AADB544028E4DB76E9222531CA1BA6212C9AF3EAB5D32DF6915C97A3D9389153E7CB07514BDA5E5C630BCE854495B38BFC9A521D663FC2EC03EC3EC7E80B20D18CE7118CEB435B8C566844898CCA5956CCDE2A1B99E071D1AA03E7685C72D75F43146E046241E79670650FB14ACA03E4B4A
J=$F0B6A84B3DA1EBCF03418A37A10ED6C6A58E080E5852B124410899EC81187FFFBDF9E4AF3DC7DFB5F892637CE0E4A8952508697C703FBC5CFE1AD8F01BD0E4B85049C42AD3DCE931499044DA02D5B08DB3378CF6C72FC2437C1285226EC612CFE9BDB92F927E83904CB2C760BC1F704DECA8EE468CD539EC9727F93EDBD5461A1F7065FC3F9D6BDB7996A2978C493C3164DE0F784F90AFD4FB1488521935CF332FE0E4984599BDEAD1B1744DD6A5D2C1852046F69E4399E54E12F67C89C7B25B90AB99CDA7914102B876C4B76282B2A2B922480FBB422154D3FBD72A5BEFFC16A5A46864BF8AF38B379EE82774FEBE47669DAD772115755350A6A0641C1BFB4F4B01DE06D0EBE2787B409859C30DEE4E9E193973D93B71FE29AA709FDB78B724BD394BB83C416083AA9E2E784A586CEF451F04A1D599DBA4C3DF3AC0424D9A6CA529BBF6ABBF847D3F81F0302FF5B8766A58C809023DFF71235063DF8CA40295185E1021B62D743A54799
T=$1

[15]
S=$C9864E
W=-$1427FE8DE3E07DFBEF70DC1A5E627607AB3C68F367DBF4F92B6FA65BBFA594AB3532F67A2FFE45576C81FBF4E4AE9468EA959FE3B7E660E5862933C885DCFD9123AA78ED3F572F4C8CC50BACF04346F0EEB9B986100D68A06E7FB3762FBC441F22F7580DCF4A71CB5AB521541A9BBEDC5B1A8E5F71956F569B58807B4A6C6659D5639252CAF5BA5192D332A96622671C0E658A25C019A768340BE2FCDF5B8525136BE5DEFD9F7907016B9D301D9AC0E3A430A2
J=-$11759619881308AB884818599696226DE0D2525B41B8B927E136FA23ECDDF7C60F195DD8D5B05EF82648F90EBE07B9837DB8E5BBE09DDE1EAB41EF8C2CB32AB89979C62C7C036132B9680317914FA7837DF2E0036E6FAABF8BFA33DE40A63C2E18B791CB2D7F75B267BB4EFED3D6E0CB9DA1D0C0D887F4F62227ECA61ED17F4189B220FE417D3C302AF0115B2B2AD3825C16E7F99FBC7FC510916448733C4C4563776C2FC5371CAA31C01AF48290228B7585D11CCA67B9DDC2801E1FA83A36619631546C2034CBB9AA103CB8BF906CA50414BFB57CE95F80DED7A0A9D5A7F89B80F1C38579C627F76FEA3FD460D9792B08907C318B2FEBBA0D1D2CE3D953D0E8F4D72F13F27F9A7EC539D026CD0940A4AECADCD2A0B2DD849456DB66283E18CFBAB37B65365DA1AE74D59581B5C0B6F342FD78FFA12ADBBFB1EF42886C34F26E1B00D67E12B5DA75CE2052D507B6C166F62455A913B5C91A4E32CA971F17D078BB3D61478AB
T=0

[16]
S=$5AD4
W=-$1775CA57C33FC02F6BA79CD3904FFED319FD5F501E9A90362832A9E4E8615875CD152E360B4376836E7AAD03BB2A76EC24B495EE60477C9B83CABE7DD0B572AB4ABDF89661394CD3C10B6492321BA74DB710C04332BE62C8C73C5E75E423AD1BFEBEA97D1C1E54EAAE25F81AAC8FDAF190C29F3AF9E05E8B6DAC6E55012342D581885BCCBC221E87FEDEB46157670A8B02381EBD42FA1DE31ED3EF9A6BCA71B5204E7A23CF5123D11965E490FC5D4A6D084
J=$593BA27F178297ADEB840E0E7ECEA31092618C5915C4C8D23B7C1239D973CCBCCC1B3C86609A70F60278FA2E97ADF988213AED90252D61FAD63891A3A513B1E3A7BEA276A0001CCD09A9522C84EAD381490E6F0BEFE6B7EA508EC56FE27596B918EB375250ACC6B6F1194AFB28FA59678B27B293A696F9A0B5F4EFC77643560DC2B71F8FBB6251301D5B908A92D3D949A2F5899EA3E6149743CAC10F26E0341627F514C00F10990219C8CABB00C453C2148C4C3DED940AA82A347E1DF9A5385C92AC3AB924CE9631330441F50F920A30D133E5E75CD8C4F087DBCE454DEEC299488546FB0F532D1BD9DB3AE6FE0D1F2941055CE22FA580A7BA07DB62D98D588C78170D5BE93CFA00919704D8AB9822E463C30BC18BFD0E0497502DA8C38112D9E82D45A7866AC6457F48A347B8A54EE0B0725E0BE1C6063D981EA8367340A8A619B667450521BA3BF7389A720790C96A36E262C606166E5B400BFDA055B8FF7EFBC2
T=0

[17]
S=$1DBBEAAE0
W=-$5FF97F172BDB69068B5ABCCB557F5881A3306343882640B274B8B7F4542752BEC8B12C81C93AF6E43254439DB2B0476662A2FF89BC35D98F793BC2D1262CEF721475AF0314339E93D136A5AAF424B35AF21E93BCFA2A4BD280F1F0C4B2A85858EA1F44F17655FEF490827EEB66774E37F92503BF84BE508933C07646F7EABD86BBA78B1ED73F5A78E7AABD350C0C416197E9BD4B53F7237490F01DC7984F00B982201F640FBA26A4ECCC2B5118479A11E
J=-$1EC8075A9BB3B7843B2941275189FE4AA0E7A93AEBE9EB983EA1FD2EDD30BEC00552D538B8CD15150CAF8B331177DDCAF468144F88120B678EB329755DD9CB49C2477E1EA2F0A1D6ABE20DB2FCF1D8D46C1BD0C225183A8BAFBFE15FEB2AA2D20C6C357C233A96D03D420772F52D99E17A40209A6732BE73476A21B745B2361D01FDCC6AAA0A61DAEE52836C77058744C2DC95030A3071FC4B6EE698679D6C12CA725A67775F3D8726FBFB0AB6F1C87B77ED1DB3C3EBC1B02E7195AE2281A3B2211799F3149070DCBDC3BF6191FB2C583963440B89F866FB18142EE1698371045D7E72FE9D03FE34E716C122C6A5210690F3532EC8794A827B229A8943389B98FC9B2CF9EE8D0258CF7064F23A96634B4EAACD0DA325F502E7E67E0A4C5222ADAF47B72E371081865DD76122993BAA5C3112382B430C79DECC1DFE3A75A993A2BC2797DBB3476B480B8B74BDEF4C677E2D20DCF3232EDD735F2B6198D3D4E74F
T=$3

[18]
S=$3779AD776618C754
W=$3DA7A8093DD71E7DCC7CBA3594B40394141F836E147A8A083C25F94A9D3E09C805567BCBBDFC13BD04BF87141C890DBE6285805649EBB2154B7A4FB4369AD36002327BC132AEF12AED70365D58ECB3E96240F24B2254AD1D3041C4D31E4A6D9138DF0362C70E56973FB692DDDECB694333C648D0F8695B46DACFE443109FD51F8C79FEB6004ABEA5531EA2C80162407237C508A207652DBAC42F82DC7F232D3EEE907463FDAD1914C8B2D6CF8B2
J=$8921F81C07DA112E7D2925C15B417D20EDEC802FD62C9CCEF1E214475AC8871B9CC7D76CB2F7935BC9EED756264A75AB573C72860E1BE86E5ED5C32E1EBA8B45C91312EF3C439F03FC3BD0071756A3403C3C8663758DCD5E85ACF16E74D3363A1DA69F9719476638E99234070FAE001CB4478EC6D8EE5D38B320A9C17E5AC464B5FEBE331C94346A99B419CCD53F381B865BD6A3389B9B215974856E034ADD68E0410FB78B91DBD473AE632D3055059405B90237292C4F2C3C25484FE5408A002560DA6D355C5743F4F7595AED8B64F118C26EAFA0C8275E4005613CC3A3606F1AF5A3EED917A0FA946BF8E6621770937B92F9EE50B8D30495EEBA75EF1EB935712D63589507A847CD794ADA61788C4710BB99B92CB0CE1CE563F3E70AE6CD9E508C885093EFADDB4503229109EC6660CA0EFAD853F5ECA65284FAAD0C5BF33BEA420B0DA5449C8FB6743371268CE8D7A2871647755CAE1A8BE8F682
T=0

[19]
S=$26AD236C3
W=$5CB25CF3EBA887F62E8B17EA0D0DA79E8208F0110673F7CECFD1D0013D53C1DAEDACF455457D0BC480165608AEAB31EDD0134FFB136EA9807FB619769CA111C937FE4D15B8032FE5633F1711DEAFC8E76033FE1B24988AB9503E99ACC23DFA4627D90FF9000DAC323954BB1FF9074F14B58D36058B15A524794C470DB463A0DC94B636F468480CCC084A2522D892772060F1D0FAB72129659F24830D85E4F8FF3C23A0BC9FC68CDF4B0FF
J=$530A6A45B114B7A3B343B653A8FAD48A422F23B2EE93B0C891AB31EC0AA173D625EBE8CC8D9124DF3A67441D8369FC2054EE51426781B92EB50112CDEDAF5945CACC6BCF6ADEC89907BA1C31F519F11818E212D2B1B1A4086A9A6922A3F8E05D30C5FE28865782105EAC5BB35D729B64C55D9FCA988C6537B96E54EFD2EBD983EA2EE464A0CA33327F62E0D7265CD84FBF3E4FF4B938388ACB73E8F0D0E9BA224B3094F8F05488178AD43BBFA6FFA4F5F2AC549E91F4FE4952AB30CBC80595963728AE5610E3D50B17E75D585697864529490131D53CBEB3593C278A424F55F02ED64B6EEEC9390BCC249DF55D068DA82178FEA770783BB8D7CDFE38590566CBED028211B7E079F24ADA7D3550FF472F59D34E96F17DC9DD9AD01C050B8AE29887D0E5B2B6443F94E77769E0502644C7A77A9F117ABC45966E15D12D2AA5EEE3C2F3C90C35A9DE211F7BD20344A841C53C311A785
T=$1

[20]
S=$12E4252
W=-$5DBB8F519FDD00691FBA73B8B92FFD45170CD5EA5A84F519FD5B941BD90D038936AAA4D0285D718D6A2C3C8EBB415F8EB56F623F87ACFB3B092C49A01CF3C68A3BC37F1B10EEE5A77FF7F56786AF4C7A3DCBD3073F91A77E5E7ECB84306E8B983D3F240FA14E47F55277BB591261913E8965858EDA5B2A14BD52929A148102D64656D3B22D33B83ABAD22C39B452A07131CBC649B577292F85EA8EEB38507E19B1FB58F6E46A8776A
J=$19EEE32DF44F2010C43EE88ED33808C0A54ED6252B0B4965004D7E4DCC2E65A30D6E8E9ECD11618CBBEF33484DEC1D8C48A03393CF2E08C82A0525865F4574415479C39379FA451B4A04B1E21D7795A67E7A377AF4E1EA817DD6251FDC7AE84E75FD708618D48F81962E133CC24CDA4E519A506CE54B7DC810B5E134C5B4FD2CD5AC1EE5FF132C3C839FE485052FD8F0E24707543072E253A1F3BF120EF548708B4CEDA7B8875981822A62E390EA4A4AF4B9CEBE57C162D4852BFBC123B4E0C5F2D8BFE0DBD897C7906E85698DCFDA6A90BEA273FC6A8C24F77BD3A2EC5A63B98D406CC003395390A5D77E9F4E7C1BB25583D48AAAE5804644805A4D20E57625015A2489B867A737FFC1DE60BFE444E8B8377BE45D455A67B65D65CFF1376B6F0B7D3C034DE5C921A15355749149B5B6DF3FA050083FD833736678DE25F6D5CBAAADE53AEE5DF38C9E5199794A2B7D157
T=$1

[21]
S=$1744
W=$37855DD61F360061FAE774D569FDB48904AC8AD234F6DB462C65F4343D5CA6093A875B8A38CBB18DB35C6D1A3E25C515C8992780E908AC7B1BC415666E113A6624C9EA2B8710EAD4E1BC30A4A43F32AA0CE25B58180CDEDA0065C1211654902BC5BFD9A15D55580B04435D2A5D099EBFB97531C06B0A26507701847CC329469D93152EB49CBA2657A8C0892221B968AC55483111C6963CA1BCCD6FC98E3D6BD34EDAE54A69A590
J=-$19A290FDB72D113E6C79D87F593F1F9FB827579701EF24B2426E468AA1A5D0E29AC35A9ACA9010AFD54362AE950230BD9D4909978A0636C1A644907E4A469052F3D5231C030483C1CE68570885E8FDC873619D9511CB891758C18A490983EB12DD53D2E105709E35A1501DED718B5E5AE2E7CA428ED341ED48CF5F8028E08836AB38D7285CAD616DB3C09C449818EF3E16BE5836256F9E633C6D6ABFA73AF1292F7B02CED36CA2DD5B7243D05F774C69751AA0869729757825B4EBA8E8E541EDDAD0B5BE7BF580AC949697E62782FD68AB2A38F8307D6DFE2F08339DC31F5BC369E004BF081393F6F71927AC3800A00CFFE1C93AE1B108604B0DB354A2AE2D1BFB17E31C5604E3C8769AA40CD282A7235A3AB953DE47F68A5FA8B83FF8174697CF64DCBA4242E5C7702743713B354B992328A4C539B72CA97CCA810D2D6C51C3CD7E3DEB3AD174F18CBCFABE65D
T=0

[22]
S=$1EA0EA
W=-$12C1153E26D2B99A9CDC378CE7A0FCD7273D7BDEB4AD38FC2A793D1233C163B9C7B550C4963F7E79432F46C6ACC4DF7A7C27D27AD7C71D6D2856D949C4EFC443624A7A90FB69835EA23C518B0777B4D814E4F43A7E0684A130775005099C324B933A3383784969C2106ED6F36C4B80443B8D8BD1A3FCECABAE27FA8E9320506753EBA7362EFDB1B5C74E0B3ABBD3CCF4A5A9A98BE15CF6437EE681E002520975B56EE30BEFC8E
J=$2ACA23ECB4C35743A4C669F34C9DE102E2380BA254C1AEF1476A6D6011AF426B0C8EF05ED9514DFA987C2BE0FD9F11073A5033EB6F4DE164F480BEFF0DAF1AA6DD7EC9FBB3F443E425D81E934238B6BEA37060962F1BF153F1E585CA1B9EDBE4240554498447B649BD3A297A5DC5B00F62026415C98FE44D0BEB3D128D44D055D20E4EBFE07D97631B47ED4A04DF068D9A9139CF7849A010DF0B0926E3EE0BFDC9DE920D4C7CE27A1CB29604512E4B446A277A3A72FDEC474E69093B05948DF185B072F77FBB19718FAA54513C0FA00013C2865EAF03053555D61A2FA9BB62EA72E0C3AB66E6A4608F73C5440A8A3C3FB6BF746BBF43F1784474EE2A4017B49DE3FFAD25BE2B741CF728435A23F11155856D48FD51673A4AFA25E929304A1E64A84AE73ADE618DF82B44E133687F8464989B3BC587044613AAE460DE94A1FF08BE1E4592168880284E8613C5
T=0

[23]
S=$297188
W=$349E44CA162C573B0B9A0142F4890EBA9290FEEBD4CCDDDF60F818FCABB27225950EF97325B1310493A4A920B97870ED780D4B4BCEAEBE25C0DAAFF4EA46FBB252B3B75B7A69C814608EE81280FE2F2AAA5345C37730B5040C3D5BB8789CB06DDCCB2FD2A91E39761ED01556A104D44FDEC2650A6ECAC56A08B35A7D81176331CDE4BABA393602386654A2C961405086B56E2EC964D850BE63363FDF21B4A5A0C5EEBF31EA
J=$39079F32754F24257FB9B1C0E21A443FB130AFE8535FC7F1D594E12F2640789932E7D22FFB13BE8E25EA50EB1C2E06D2CC0D25DECD11656851A1B59A7DAB7495F948B3E9696600A146976AA7786EF245F2EDC96F1C3A895845E2B2E5F1DE0F05FBF9B480D04F3A5490BB5E99428A94E70F6174C20CBEA96ABD015B658CE26F9576191FF5165F017909F0FDC5ED1B43ECE0E4146021CB9BFD2F250E2F48A155464A19A907F836C36BF52E7EFCFC9C2A84FE7CDB2EC72D771408168A1488D0BB49B8220D19E75BAFC90E7D6FEB37CA85D346870A06B30588E4C1A314EFDD8615B6842D46AAF5C8AFD944740813F9D79CD8A03A9A860F1BA8466048BDD6E81EBA0F203C5303500705A26BF7144490D81B0F2A8B930313FEA8397C5F8744CBB8933FE6FEE76F77AA0237CD3EC25D68A62070CA0231E07AFE31F79C89A11A1244BCF30A72DEF2E14A93FC2C
T=$2

[24]
S=$16C347
W=$85BDE6B5A3E021BE88F9EE4B879867781EFE7F435DD4A59984870A37678ADDDE2ABC2F0A45223766DC77F1F8BE51471669109A3AA544F76C1B5D387C9CED7AA5482AB229BD54F7B6001D672BF59ABBB0B2C708DB65FC3B0B8B6D413E14684600DF5424CCB9327292E7F5B27616FCCFB03AC21887BD1BB2ED6278FC505FD274AAAE673B4CF5880B41B29D341CEC00EADDD03DE46565463B19C56CE9039EF69D4676F2BB7
J=$9AA259E860328D2178FEBE84B21155C2FDEF6913C8181B80B172B947B3E871D9FBC155DB7C3A367C517D901F71D273DD402CC137A7702EE3EB3C7175BD7987DA2B46EAF9E4C656F7BE3BF38EB04A9F9B279B73C6E78A39BBB76DB27CA09B7F95B5B66D1EDAF43E40B00E5175521B5C4B8C9FD0DAB00898736D9A32C363CA57AA4FCE8E5BB091C48596E8F78543088D33DB1399C85F420F976F49161E2FC2BB154C570EF7C599EA72CD4B57C1734FFF2E5C9F7B15DA37D9CE199710E114213BAF52B9D996440742F108EB1019DFFD401508CBA21707F62AFB3244C8CC620D3A12FE5DF0D621FA0F8CF2A41BF64B556C10C5A2E3489BBC43D604A4E14769508179DAF3549082950A33F43325EB7A631C1B1E538A422352781DA85049E79F4CFD845D789D8167E6C3985BA7270146368B3009AF7B7280D26016C28E5132BE0DABA6186FD73E18C1
T=0

[25]
S=$39FA5CD67
W=$17C8C830402569BB380EA31FC9C9B9C8813D217B07506CB9194B9A281B024D74E36CE32B19BED65A901D4653E7A40219B7441F9E3CFF55B4D31942D26690EDAF949054FBA4FB7481A4831F1B1C5BC813DE1B8DC0447325860261D4C0E74D0D107C9D24EB0A3EA397058D5E502A55E448C953342E0A59E4669F14D776444E08AE9D90FD57B7772E0EDA4E711C45B5C2888ECCE76593C13F9B45E105F92F9504FE08383
J=$237B902FDEA3810740E05477D5B6978EB39C1A40D1259AF1E3B186AF7E45EFEDB70D6D55F15AA154E2E911323D87C380ABE00454A0363B25DA6787AB0F93DADB252C7E704F0017A88D50B025438F2D06247D47FB952D08BFF0BB0F4949769E8BE1CA660CF0BE42BC5B382ACBDD69EA5B06F4C573E4DACB11890BA43815E6D1177C70AE7D903986A5ADF2080701D5913BC9DA7BCD463E064F3DFF2812F83B81D133E555D96348722410F76435DD61515F512296A42D13C3D1A5B4D60275D4B0187833F525991AFF1ECA67FAA4C47CAAE4F44C254441F755379563BD46FC0A59FC20FB3CC2C8D1F04069BAE18E4C55EDD31D159442A03D940D2F22F244674B9E964F22B83B22AE63162974DFF78C4995195A7FA51B79C19C315431B48310A821BDEBC6AA5FB072BE297CC965312A2A7E6B949E88FEAD51908E15FCC42AF02DFAF8EE95C816
T=$2

[26]
S=$1342DB7
W=-$7819CB4F11CFC33CE45383CB5DA5BC17CBA69114E068F5D2F5DCA358AC741DAFD92112A30EDC1C28C19C2A4D3806B6F106EE92BD0D2002C28FFF16B60F7162A493F6ABBA898A9437D5D7D3E25917E08FAD382CE4ADBCC7FC7DEC19EDA2C9A0FA33483AD3EAAC8164C59FD9DEB9FD1829856800AAB17E82466633A3427B4F4BF3E5B8F787D08D3C3E37ECF0F1379963AD734D91CBD695B0023F4AC14C313B929F
J=$6D50B9E5D31D87082B8589BC1EBC03EB9948DAA1A83CAF262219248F5DDEF0B675ACFE6A431074173D19AA7647BD8944CE2B869B0922F27DE34FD9450C48AEE134DC1803DC0873F459EF37A4894AC11E52137ABFF5A548EE6FBC2A67DBECD819EF7B9CCD1BB108D6897B6AA4C5373FE253981084F5FEDA4ABF79C92760776B4C055F9D6930727F02380B9D3CC2BBB78133354684B8326E7D24840DD04868BB01F51B9907827ACF6697988F252B19AE73C73E571A94419AADD29B030DA9ECA5E0D369058595952B94BFE72DD535AD2ED32703574A949F73CF22CFD50C539F478FCFAF28B4BFFE0B317F377D7653D4090E3B5B547D0219427F168616029EB8943172C39AB217370B2ED16291FF14DCE555F51D49811BA90F5BD466F0786CC58868FAB7E1140E0A4DFB02D7DCD2C4A853B97BDD41ED174EE0C32A067DA95C7775B
T=$1

[27]
S=$61F83576E
W=-$AA5E5E5EB2759E6AD65E8E001EE984D21AD1FBBD649DD260510EF521A60F51DC073527271EDAED235C94B04D1A7758D414DB6AC8EC7EFC2323A566A232A988449075C6567862D544566792EB4CABA6CAC2550978E17D8D0C26B305C8FD2B39FB844FC9D356162F0130B5C81D292E8BB8ECEA4301CA8114579EC7514A3DD6BC8597CE9B514A1133F24CEA844BAE11EAB27E97C44B1C42EA9965A7CF336FE70
J=-$11461F3EED2ED577DCCCAB136E08743DDDE651D56AD22AD5466504E6EB75AAD69D1875C6B32BBFF520EA3760838C9BA0C0BE0A6A2E4466B0F057608CC4E69E10000EA54C18E6BAED836D9CD5575896085BE31FF19699A3717F1E4FD55791AA72DDCD8C15140356C6A0520D9C22C19EE79A3ED5D126D8E3F50A32F642C7E0ABCAF104E4557B8B7A7CD99A9B9AACE97610784430FAAD39E9093D179189782BD5B897DD1BEF4A45D2417826FAF586924F4B96DFCC3ED9A2AB32D180CEB50F4921831646F88659A279986D4A576902E4D6BE9944CB3172F00B875BE0BF291EB14387E900CF6477DC507A015B7838F1C4519C68C52A3729C909066E0F0BBB938283FA1F08B8E12FDAB7017A92270D973465240030B132979FB3E9D553D095B6A2931C314D7724290EB8007993A83FE378B9051147A3E95B03FFEB3364DE599E
T=$1

[28]
S=$3D58419210
W=$1294459E137B4EEDDF90BE45F252D91A0DE386D6F0CE48DA596009E4FFDA54B05B05517001F78899F5691CCA2CAEAD9EB8C0200203AA4E0091365761532B11C8125974562492A6B9654828321733F71C6F9F1F88868A8148875077A33F54267FEEB3709D40E8C7A04F8F70B6707D28350A04D209BF9720AD212F9508BEAA38B25BCDC0D030211E394FA81ED54083C40E728B125AA8DEC0D1600073452
J=$26F2A2D6496FFCAA8B9AD2DC0B8A1622767ED6A08AD2C9946156F82E93DFE80CAF4B8D703B0260171B6214F55567B79FE45AA905D78792B57D36260F7EB8728C1B47C7D848A7503CF29F046B7A83C9B97643F6366965CD68F9DA7E455BFE949A951306B812B81E86CE1841E127A6EFE52269BB2D4B8D60F306A54D5E38F9A8A1149A35659EEC7A29A8C07E19283E0532C20A87A6E7B482A7F0E7596A2BC37A76BE2293F0E9B84678F676B18688B6186D110260C2F8CEC23EEE2BA568CCEC9A00AAB989E50D1EF956A3F40BEA57C035C47B4763FA3F8065CC20668DB1C0002193ED774B39362C1CE1764FA1D72B86CAEE8693C3C56E3ED238A66FD3DDC16C8F2E106A887BE5D93255027BDC5F86729112F67F3B50390B174BE3F0360BF335D3215152E0E5FC925C038E98AC200B4AF4BC0DB3510C6A64B3B1E
T=0

[29]
S=$30247C8
W=$97EDE183EFADE4880CE243A20F93216094F47438F616D51641A6253A5A12DD7C933B1CC7D13BCFE5A144F8DF26511D3499FFD4BB28091CE5DD5DD43E054C0494F7D59064FABA46588DBD781922EF621A1A576152D1CF7EB3E258A7C18F9874F20D38752AF5F491F7CD5DDE2E3222D280A3C21982FB224A6C14A09099849AF2C04235FD1F0AEBF74FFF7ED0910DAE66814AFEA794D9BF5B7A5C3A
A=-$1E
B=$38
T=0

[30]
S=$22DEA5B48025
W=-$2A034AB58673E20F45CD89F602ADD4C06F9AA3C9A1615929D118543AE5E841BA3FBB679BE155F9842B0E79939E4D78DB6F8985DDA57A65A56E8F27B13F7CE274F794CE0942F3C26DBD73D3D2FAE420051AC413B8A0C7B96EB8CFD62325F8B8D3DABC0EAD4D241AA707A889DD7BA1362E50854D451546A5FAF72EE31354C1BE734C0AB9BBABD60EB1CE401BE0A8BAE8A9968708BBF6D24B691
J=$4AA72808C4A74E2A56FF76E76DDCE0BEB98EA43B6AFC4ED5A88D2A242E92764D1F732E1BEABA29D99252A2471D8EB801A6F3452E85CD3DC5F3AEA20E3DD23E1C05F72C4ACD07CD009405C60A0C8BEFB39A5A7FD09BE24F8421CCF3AA5CF6B4B2C0BA2DB1389EB7F54B27824D18BAB91118A4762C1265F682091F3F563ADE3B2E008CCBC8EB385FB4D34F570BE640C903A6C1843707C751C55FD5A9AA27A0F50FFC778EEE3E4D4D595BD39B42A87549271FE3E4026939490909E94C447BB72AFBB28214D977AF922D7CB4B3077543CC42DBA21871E94C5D1AA7C6A8A79FF139C196334DD261937D3993C9F03601577935FE56B4CF0EF5E9D653B3D1865921B6B8F0E59AF8F8FF037102438EA37AE82A9D11702C375DE4B065C6D6E2A95D4F306DB8806DC5690A9DE52CA774F8CFFF5CA59
T=$4

[31]
S=$1A28630
W=$D9FAE9A2DF85AE4E8238042FA7F7BD54C66FC4169A12D58257AD9CC9CF41B80ADB5100429110231AD1368361F172B1E7E7F3834697B3C4EC45FE0CF86CEC5A80D045E663B7E93921296C2FEA4E63260962F0E6AB417A5E64E4F5DA06396F9FABEDA18C5A14284C092E058F52EF6EAFD939566E98995B9121397C8C9580A23A048F86E0D769AABEC9943433F275CFB44723EBFA782F2
J=-$B017DAC22BB423A030CC058EB5BBD4D99A77854A16A585D9F85A75626E594678DC2626B857B8B55B08447EF153A2C3B4EBB5B464459FDF87DE634B6B8A5DB10E8E799D2826295F7E11679160AA116D8E9237841A658E774D69F367BE1876BD51F0B61B76C713BC32C6C807C33B92DEA5AD1D03AA2331131BDF408200B228BFB40A2434D0E009364CDF391D294695891E0A52BE92C432F4D84D278F7AD97B915B8ADF7D860A2D676F5E622057975A22E633CC76EBD489F396930008E0CD5167CA9DAA573E2B5ECA69E66DF4D316267B258510A22D48F383555E3887C1D278741831B511C26AC6DB9F02BE9FE549E577FD9A3F5FEA79E619C66D503CC027066415FCBF2BEBB84B3EE8673C97A1D4F275B3A0B3611823B90776ECEDBCBE242D9057EAEE6ED04178256C31C08
T=$3

[32]
S=$75E5B7085D
W=$D997346683A76EC59844ED3E2C9336C7461B2DC1DF7784ACD8CE93634545391625CA35DBC1A5A2408AD325312D68A52DB6BED364EE56BCD46F997D095AD56624C25DD910D701833BBF5E4ADDEF640487292C8A9EC8BE503C4E881F744C0A21E1AB4779DC3649BED8D444B4E644ED492BD67E74CC067480520E98EEBDDEBDF34202CF35743B7881C9E00AF85D3BCF6373B49208D
J=-$149D1D798A021BEAF860ACF7D98EB5C1C35AA4A54B9C86E786568622696E60F45F6EA36AB4D6F74F9718256B6E3FDDAA45E93DC51DEB1218CAFDF4877EB83AC1CC3738639284A2DB16C6FFF16DAFA44755BE0141F630FD19C78970683503C675DD4989A1E60408772E89C7E684A1AC6E4E92C5189BF1DBCAFBCE4538F00C0B77749F36B5142334E91D8E019F9BC7DAA2F3B8A6B633B1FB10C0558FB46722D489921B7F719B7B540D315736A774A76A821831D974C804C7F8E626F32BA2853E217AD7A4ACD8B683D33620F865F9C1762603D6AB80CB48226994A332F695B903D1A7C49BC20CC800A9E499DAC8052E22ED46D4944AAA863FFA731C2768C6A1C0C63836745FE355541000F7A60483602E2185C7FAFBF62F0012E34DC459E02A8584CB1A9AB77FD95B06
T=$1

[33]
S=$364EDFB
W=-$131C56172AB7CD7398BD2D83F249DC97EF06DE537F72F05236CE5A0E10C34808D96C9AD7FD8ECA4A7C9402D761B4C0E0FC2B39AB81128A3AFE1223049B9BEE7EC0B1056E15E4FE67CE821263A34A743F5EA3045A6DD4E6FA28294820F9E3489FCC40BCAF0D8AC96A0470DDCC8C4AFBD8AA723F7A9EDC44B9C03EA594903DD15E5CEB0EE7920A23324C5B066A3EED6B915FF9
J=-$2CEE9E5947F70893E0B0801EF3DD5372471DDB1163494FE12F3C342C9843868A2338CF8BFA42EF64D5EC961ADF0AC44AF8EE54B6155FB26DBD0E5C9FBC3987689FAE67D80AB575310551624FDE5597007FC5D4ACCABA8D4F1F3FE568E6CD709CDAC74D3D105D76E45B4401C06F8DEFAABB59E91FC832FDD2D9A1027DBDD02BAE65FF779969923133FA3AA03E3E26CCDBC3615B939587B4693DD590AA5744731A57A5061D0A18810607CF7442E23135BD53DC549AA8E8F28E222D51142752C09118C97C7C96693C2EBE59ACAD7818876EA15C4B86AE76552FA0CA1714A347A4A98D24DE72A42964CE125C5D215AC81988E6E641628B265622C6F76B7F2C9ABD90D99436C218AEAA7F7EA57624FE6261EEA0D10123D22696AEE8BDC5C5564845E0C3BC7
T=$2

[34]
S=$12244C
W=$9CCA7E85AB27033E4AC1444C3FF5C31C15DFB3475757A109A81C7069E7497C420BD2B62B8B5D0B2120C9DFDA756997DBC7A42787C7A666539054A2C99F01201FE6937973F63715F77A55940FB23DAE7F954B663E198B853E6344AC760035E48B2E3C7E26A29028835C3687E39FB1894A37612A5A700A53D78511B9ADE2A1A3B22546DC5A6A93A2655886C3581C5AC0F8
J=$5004D9DC859B32D5022B0532394B6E56C61DB72BCD566CBF0A7357F51A598E3DBE6440C30F228F60F52DC52502955AFFF97B04207CA00D1242AA13F6E558A7AD59F2900D3CA7FBB632803DB7291915CA3377982E288260CEA68D96EB80177D47CFD58307A90B047A8D3C1A622B62170559469BEF0AEBD7B8D4DC9F39469AA41CFEEA6A8D531335E6517B1E887D98A4A18DC439FE423E130E27CA28071222E7BA6E93CBDE1C704349DA251FC1AFA52069F9A6BE965740BF695E7A36411F5E4D032656C143B6D1E9B3E813D77E38C33013F614A4E73F65B1BCC692A12AB2FF7DAF4F00437758CD5829AF033F741596FA72F076387704D836EDB11D6218F2357A863401B6F3DCF8DED760FE2ADAC88C6ACD91D9D24E5A9C5FE59C667C4CB92658C
T=$1

[35]
S=$20E16DE222D
W=-$1901887E81C05A128F7F6D1E6118835A56E1065102B381D32D802AC2215320EC1CD9DDEB8E2B309B3B91C2B4EF6EADEECC56B313FA8132E83EEDDD79BF9C652F9619B6F2BD4EBC159D3046976890C108D6B180F2463FAAECD25455ED67E235A26976EBB3292225F384FF5079D1C6018C0DCF3246BADD2FDA60C599760A130683794ABA157F08E2C756ADA8880C3EAD
J=-$74A770177538BA04CD0D2B4037FD8065E3F68D32025C60150592E740C15491B1EB8330D3C5735E5F5E5A4D7046D02FD9268A1D5AC0FECE87E2CA1F3A4F5767437E22735DA960E5C368D5E6C449E0695D56C64640C403814D25DA9B518C4B05A896A755882C77B2E091EE10312A82BE0349F320613050CFE9FE76E248DB44DFD40E2B4DF828ECC0822E155371F0BF1054BEA36AA046E1A5C853E95C11260EF4C783C692BA961CB8EF0BB1E600222783C461FE372724C79AE903300AEFD2FC271280F362B044F1668EB2FD799AB0A9F47E85F945A7D34C593086EEE4481CCB8863CE7756A222D3F236B2D260A94F2EAF2598B94C24E47FAE355C70F29D3486CA10D8F55555330B96B362A8F320283DFC3BA6C765AEC58DC206F98C5EDD7D
T=$5

[36]
S=$A2F72A2B736
W=$D48B96D49BB1FC5D73E18FC987613379C48D08ED629E29FA80EC9FF063B01E0E26C6FDE947B6A59A2AB3EA9363FF3D18BBC2CD59B30F740707A4E60AD0BAD728C89D74E2A89E4D339210FD4FAB399C2978875AAB78966C2EDD88EAB322D5BCDABDE16FEF8F7E7810FC09B17E77D11746BB4239E2FA59FD735C575013FF86A572B135D3386CB84486827B7BF2
J=-$33F3470A3CE2103291257A0603C9A5E54E5C532A0ACEC21B302696D6FCB210A00E83D79E572E2B0175DF000F92BD06B9CBC4FD2A87F5C769D229E4383DFF886D6E78A5FFA41CF7045E44D9D54F9595B7E27E76A1954EDFCFF6F1EBE4F6194CBA764862207CC1FF6F2CDBC44A90B338C64AAB5DCB1940D23CBD09900B36DBC7DFE01B199CD91E76A839F29FF3B9D01AD4762A1F9D057BED100E0E3C7226D88CE80CE5BDB42589C31722936D85A514CFA746A0E091B85D6039D8E44359E07C612BEC1BA1CA82FB130862A063B065F0ECF448581B66EC593B93F3FFA11AB5CEDEE2C1CF64AA62F7A48EB08BF7E2F56D51D8CEF651AC5C854C99C3F3A8512EF00BBE66A34E2964B6E3AC265579411EE429D54E043407C3F31C47
T=$1

[37]
S=$160620
W=-$8D3D52B08C1B27924BA2C625BED5A90C06A52DE4C5EF17666B7C2495E128C8B7208C03C43C14E72DA8406044DC47E1F39DA8FAFF9BB738BD75FBE0194B8B154BEF6043CBD4146EC5A55D951AB764F0A4955FEE1C91C3E8EC098075D70B17F167BE2996A31C64B18B218C9B7B3074FF87ED86D7A45C0C8AB14EAAA95C6F0173CBEF10BCF0526EA90668E
J=$96FC64FD07F6125BC551D794F03780607FAC513BB0F081402225E6DEB07DA9BE3D8F92CE468A759AA2E550BDC3A23783A8550A1146532E2E5C1462FFDD063306843D140CBD3FB0DB2753F0D67A8984D6620897D6842BEEF8AC3BC975A49CB64507EF2E3D21F3EFE42E1D6229F6848AC6B6BAAC358C12A0ACF8184D8D0FF93ABED54D36E3431527FF06E496A5B2532F2015BB440FB8DF66B0061BD0406A8A3B4C27CB7C0F7FF0ED992F5F96E34136B3CD6CEEE19207A89C2CD98B029A265588A7D12DF7D8108379DBAB3C789E881EC8415447F27392E49CD9D7898D32B71C8DC25CD37A6ED499A1E756F9A39CA27F6807451EDDDAD6B628FAB76E7B2C1CB7314BB815A0CDE100CC336AABBBB6CA429DB5D0184
T=0

[38]
S=$AB25
W=-$F1D3F89063530EEB1C800CCFBB41BCFEA4428D7D47AEE0B747036C4C475DA6B1096A41AC5618DE918100A2C089BD16D0C4D0BBC18A0746DA8736135A56F4234EC9530B1B297AB42104DB517D24DF6DDF944703C158764D38E43A9504A5857BAA1E8D5951C344B00F2D1172B68C84FA21007DE01F76A02282AE3969C5738CBC2A5F11D1F2A32FA799
J=$5894D66221D5F4F7ABC063895F5BAE1B6F5D2A94DEE9574C97EE874E342048E64D6A2C5EE53319641229BCBA8F970CC66E221CA4DDA1612E163E0414319DC38166E9883D824380131FB94583623A7C4FC22B7866FCAC6C77EFBCE23854ED96070625EE274BA30DB0CDD99C2FD244918B1675D55734AD8993E6F6E86DFFD0107F66140B8C25DDF40889B8DF4A89686D0A99BFD6562173D6BC84F4048C38D4B7A706376AC0639E7C66385137A1D8772CBCC61CD86B369ACA0BE2F66FD655CB2AD55E8741C858A8688ADB1520B5F815EA27FAC3DE7D02A38192C9AB4BD2877243E040D63A95005BE1982363B7C9323BD4739451D88CB250768E06E983A800CEC2C3A6D63B7B63DC3E4C33046D0A111761A0
T=0

[39]
S=$8F78DDA59532EB
W=-$378735AF1E55A5229E3F0D2DBE76D0ED459B40122E349B4C7186C1403A3F5DBC525BDFE763467BFF926D034BA4E1A48A4515126E7C643646F3B76FAFDABF972CC5CE3AB58A0E28B0DA462865EC04B565D4A4D423A668735A7E7EAC3696A122897186B521C7C6CAA807DCA9EA4D697955339F6F28736EF1CED5BAB06423C149D9DFD97E8CA6B1FD
J=-$9C64C3DB93359F8B85EA52DD746405B62A4F2C03D762BEC79CC75AFDE728FC676C848B884473A54F99AA16044C4F1FDAF2E6279740EF429C58DCFBA72BEA55FEF0A28888563B245357C67814A5EC95E45251B660B53959196F4E887E369AC5D663EB94B55E4CBC873FECAD47F26A6036558E03BDECAC50598DCE3A4C6B255CC84C3F8F176540FC592206DE356EB8A63859E26CD2417201937D85FA5BF8ECD6FCBDE092352162204D6C7BFAC9E5E4A56D816D6D9A31F2AC9255EB3BD62A76C86A1EC08AF2C7B1D5521BB23F6E5CE4FA163A7015A03F3D098BF3A3E36B1B182D96ECA7FEAFC367B3F22DE1726ACD546BFEED37478302622FF8C5CD7D11BA3D4B09544F4325C228A0B73CB88744F31E
T=$1

[40]
S=$14C976B5C
W=$14A64004F6C620615BCFD13F8269450262EA39913FA8CBE0DC873A95B55842DD069009AC486632C32B08648F939E3937B69E501C3A7906CEB9F1EF9EB6085D261F11ACCE89694DAE4AA918019D50F9601E61D48B754413ED43199099337B6B650AE193C1FE1DF339BFC4D16A13EECCAC6B388B1FEBA1C76516F515FCAA2E97BD71417410
J=$693801E9E3195D2DF9835558C4B9192FC2440F0B47966166667936B8BC1C767C25001493CAC6FB5F6D5F3EEEA92CFA39DB2FD4F7C164163EC2EEF31A4E2E93B009C48F7264F6AA65758938F08C7ED9E8C46BD1C1675B8022E9A7E449A3AB148DEEA09E4DC3AA5CD580A6EEFA27753D976CDF23F72E123566D7ABC6298286899690F4110256DF08C6BEB00FFA7D3D6903E4C7B1B0FA83971F83F4DB19CA85D91C94F1049CF27BE98D7B06760BA3BA01B49269BB88FC7D7D41F61D39939FCBFD56AE8DE1E6FA32BC688C340B5AAFAA512DFDB754A53FF43D119FAB034C42115797E93C2D89FCE3A70A672A870879E97A1A083C92AE1102ECF4D69B0539001225D4605D4B0407135
T=0

[41]
S=$1061CAA6E3
W=-$1E65797BB6C372169A28F3B9F4D92FDDF681F57C2D62B2D37B56255DA130B194BC4CF5DAF218D0D2840B2D2FA29A72E5874DCD193CFBCFBAF810333EF37FD8ECDB92ADC558D165A6D1CE0339692B26CBEA78583088BF0857FD9682AA36D235F03B422CCA2C32BDFD7C46075951BD341E3A5E6A251FB1522FACE9DAB8432DBAE5EA8D
J=-$DFB3817F62D50E22003A24A8A5BEB165386265CA685DC004487C34B9AC6A54AB106B7F41A8815F3623DC1CB0B610EEBE25234F025FB1478EA25A997A78CBDE72F5DC7C1056B84F47F04A427A71D5404C389D6A6D235879AADF133B3EE7661D1E50DE506798FF52749A4F213C0C66A93DE8F2F388D96F3CE6F98DE8B9CE275F652FBE1239FAB384D9835312245A2C87D279FB427D2507201A293C45E75F84A7A2C9A53905AC170D8AC4BE81E6AC6AD4C0B74C6E65B75B2D0E2078350B32DA99071D5D68939691FBB36E0A5D8233CB972538BDCEC06EE0A3872F1EAA9A94D31C48DCF26A8FF1440AC1D7580A1FFC3D6F55E999D89574697B682174B074D98C202BE104F3
T=$1

[42]
S=$4D94FD69
W=$470F9297E91568C2AE1A3E12060B46C605E4B6B8157545276931BC92CD51A7617F5BBFDDA3DB696D90F0EB7B1EE53A94839DC9A81DB889178B9EB1CB55D940FF531D6E22D27371BED3AF7B88D9B510CBC7AC148A335EF7D0174011FA761DA551D8AE4FD6DE763BAE0FD144D0E35DCCE57DEBC4088EFAA24B7AFBAC5650A58D3
J=-$93D7B5EE5AAB39F1AAEF47592A119E48C15F60AA0014A887923AEBAEE8674A370BEB2198913C8593037FEBF485D4FFE78AA7E70109E6C9EE11C709951685A9C0452E23CC45D69C37233F21C97927ADC51E9F9BC60B7DA9031687805AD69D3E954E94AB75B705B49DA1E846EB9DA26DD2437BFA0EA8B27CE608596DF496D88B8D5E333CF0844FA4F7473A1B417533AD5D7644F4850CFF3DA0DAD9DED2F71CA0F2E682C3DE15FAADD195549F57D0C77B72B4F9E2DB5227E525FB76C56689D9D93DE7B965622106F7E5873BB9CED406035ED2375346DD0C82BA2D6C2FFD5D12D81D7F3436F081349230A49E7EBD24376831257FA0C94EF3156976E8064A6461C
T=0

[43]
S=$382160
W=$84BA1A4E91FAF8DE73D93D4E945CCB94872335386B2C8F031304BA49239D610DB9468CC12DBBC9CA5CE4514A7CD173CCD83F2632945B80617F2FDC81E2231B36934F1AF936790C7C3F1D59AB379C7159A32FDD5E6963D66772F44402D7AFA22E3D722AF264C436FDF1E3C3788F9AE67BB19541D20404095014BD6835FB6
J=$28AE4630F8905F6E2EFF9D1606A5A766F74C9254D5E5C179D2F1BC190ACD4D6FFC0FEE82EA730E25B4C877287B0E29B7DC9F67EBCE8F42BDE81FBEDF92A2EFD77D38E3DBADF7806CA16A6E79EDA9A40109B9B186526F317FE15BCF2570CE9B5B8FA4E6D26E67E30D69CE113F85546AA59A6C8F2544ED61F9E22B4FA9836CABDEF9B506B09539FD4ADB4030FA92655DF45363DBF7FDF85B6CD2DCAA38CB572BDEF14141AF1F2E31607BCF8B7111B155B22BD3077E4DF5CF7635F0233DA8F8068EDC976184D2B4C664BA20556304B9E811408C8EF390294B03A32BF214785935871B0458D2017386E193F39E5965AF1368219A3A06B0FEC12AE43F88
T=$2

[44]
S=$5AEA9E4
W=$1BC10308E74D21D5F11D7B7CFBBCE255824267FE1D74199BFA532BECDAEB8ECCBD22A2B35C6551B073E301E406501378C73C3B7219F5EB741AB81054ECF8D827CE7CCD9B1F2615725A5143FD81065AEAD45E460F1CCCAF94E172D6558ABDD1713D3784C585703A18BC76FD0971E208CA8B5CEEB0138922B3241A3616A
J=-$4379E96EF06259E5A2AA0338D89CFC056EE99AA554CD04844F657A21878F8E74D5E7A0E9F79CB92BF7DF2CD3E01809A7E3CF2DC2036C4F54C05187008D5100F2F3F82FF89571B1DEBB110E64755D4EC8DFADBE21C7D5E31009E102E85943D4D3D0E240592736A735A12DD63BDCFB10D1278BC8EFE431DAFD6A666C5AB889BFD6FA41A870052672BB543F6346D4CAFDD65A5CC66E69745FFB8A6A03F2618F0B9B25C91D6C9414A70196F08C7E71D011F59CDF6D79F2F35F653CF3036FF04FA2391A0EFE0F09CA00AEFAE0F96ECE77F5282947C2682E9AC2276D759CF9E5B078DBF783412ADD5C57AF4BC33EB515F9C92E35709A010E196039
T=$2

[45]
S=$13C4C620A7DEBAAA
W=-$119B12DB48A39BB42762BEE2B574F86F28280E48B502425CFDB0A4A7F39949228A830DB4F694509D198E7E68E0C11A006574CD304ECE77778A943A082D4C8AF186826DE7442BDAC58257204C135A88F3B37D9171E1CEBC77708D8D49CACC57DE526B47EFD36E62E1806EAB37755BBFD5A7603C6760387818980EDC
A=$2
B=0
T=$5

[46]
S=$C69AF315
W=$3EECA0A0FA9D9BB9825BDC16FFD85087078A7EAFDCAC774E49433FE288E80DC4C4A32EE58F05E7314696663F544BD3EB63F1930F4229E6B347E6CA95DBACCD541D459376ECAD5DAC50E410DA2C449C0060FEAE2BB5517E17C3D6D91C8543F93347DB7719C90F6C7224FBA89B6212D7F39997BE516A3BC7
J=-$B1EABF1D4BBE79961FC941E146848D6A8EDEBEBE79826FF669F9F2E6DDA63AFE9FB6494EC0C46F6AA84A8C8B5FE331191347DA83567EF4CA76540BBD9803283A11F1C4C97E30B9E95EA9581EAEC0ED942F160FA67235F094D2A4AA42BF6A046D1006CAAEC9C8BE2ED2B7DEC48305F0E878B804FC5A91352ED270197E4629BEC5D53A759AB98A8759C8B69AE8AAB570F4261433012416A3C7DD6FCAE61D4154A5004CC7D8F87F423F7F7775C97426EE070B849850F6BB3095062A256D8B6FF8BCCFF997A1686CA914205C9D79C84633F7B52423EECBCED3445D10B89B2E389BF924CB085AB871F93B34B32AD866
T=0

[47]
S=$184F1B95EBE
W=$268A694AA8A005D5950B48B6A203B9844A11E5597D6D292FCA10B9CF1B6BF3AFE1531931861C54575CB7638A623FC6937C09310F71E9E2CED80E2B86AD531A029C42800FF0236A17BF8C94C93F86943FA510D4BA84BE5BF6E7D84C7889986469DCA4FAA87303C5146916F9F811EAF932AA9A254526
J=$329718988E96612F53C3BF94E7B49B723E2C5E1C8028F6158D31B40C527C997E20C9998CF5E8B3ADCBA7D7C7236BCE6D248D7473994A38A02DBD0C1CE90CAE5FC4882357B6CDB2F88C3853FB630DD6DE3CE483C133D07A757E2E470D3AE1882694FC7AA7342A1DE2D2C70BEC7181583D1D049C9C2FFCDDD460BB5C0C22D247D9E314086C1B5790C7095484252897F1E192D45B79BB7C95CE3A8D66B227E634FC45D7A64CEF974FB7BD34D5803731E95F6CB9AD00A65744C3576358F91CCD0E53ED2E07A7ED27CC529DEB491DDC2319FA72E427BC7B930FF2FC3424210AA8DE722808F392F3772B1DCC
T=$8

[48]
S=$36DA670
W=-$35126D66F47E6FADE853E09AFFE68662F6E5DC79FC43D9780287C09190FDE619A8849AA1BDC2910AACC4D8F8E381FD1B289E99CBCF58DF0A2997BB3631C60D7E2B1279525F1967C417F6F3A763CD964A671217017C1AFC89EC6084DB14AC6EC62D68E1E0818ABFAF6D794AB7EC738D7B5B9B6
J=$1443F8D508F9534E81C530D30D8DC05632156982DFBC3AE8D874BE731AC74378E1EAF8F681E967FFB173F69B45ADF2688C82486A7E1BCA9323A3734BD6AAB46E5E088E0A2394373310D5AFAA0704AF3C9F91B3E82C0193C1EE25F003C6226544870F2F54279EBFD737E18E6731C1AEC6B75B935AB0DD2632C0317EEDA8EACDDF5C629C5F6A088D54624B90EE76ABD8530D13B10F0F8FB13E6DC6C27CD50FC48258141237368B14166DD08CAABF2673B8CB9F8F6EDADC75278B1B8CDC37FB4F5C09E53C379E55C87C2839EEDCF0B57A3A9E694CEE6C6778A0E339C64658F55B349E40AC6E3
T=$1

[49]
S=$1CC57E
W=-$158F259217F454C97D94CEBE8C54D831400E79A5E1865EB170AA480A2E9AB73E0AFD8ECD527242C83C9987428B02274175139B7D154ABDBDCA624910B3FDDA15B052865D58ADEA58D518C60E2179C6AA623088765D78D36AD98C812174BA4A1DF82E866F188B689C999C332899569208A6
J=-$6333F3369CF95E5E1798C6F5FFBC4731BE518F0E6E4BE6F7F7DB49BB2AED8272D0598F5A0E7D434E4DB510D9ED7B53A87DAE426B42256229FD780F3DCC31AE772723B4A84919E3F6D3A9A299A6311EE6E7C5812FD4AA7726F4F2E5BB45316C1CDD9A9DEC0508DA1CF66A70E64733FFBE9860878BDF7E58BA63C3BFB4334692EC6F8BE7B0F406517D7B28197A2BB842D775DB96F9356AFD78ABD49AAF68F3ABD8BCBD725AC8321102986AD37B2B9CCDA891CBF782A98CCA851BE9E901B61AC3F45BF4A67DE574825D76EF7D6302ECB2CAEAD8E504929E64CB297E96E0FDB8CCCF31
T=$1

[50]
S=$ABE391615EE5
W=-$5E27EC399B5FB9AAEC149AE3313751D795E704A125779DED471E84788B692CC843B2491AB8731AF71EBE2E2FA69A3C08D9FF6DC9CE4F3DF6B06DBA261419D886330EDA4EC7B44BB41049A04A65D8D2B4B96631143A6A09C6369D863F2CF41CB0F23CC75A9DD0464E149A52C615DC34B
J=-$3F535C40FAC30DF250AB32BBD92EE625A1E6FF9FA97CD20CBDA17FA0C2B1EE38D9F38218536D27E08429D57A04491EC4E8E0A276175F28599D6645FD57E13AE240FF56F65081FB0D84BFB5ED2F033E8ABC9387008C6689D79838F50930597233216F887BEB8F5AEEA385044AB2A6F7CD3BBFCA1792AF58DE33AA48F2424DB7804CF3CD83A195FA7E5533A280C0F4CBC79847E042CFAE199EF1912D3D90D8600AFB430C368F783BEC075E6B32780994AA6DF0337AC12D630AF9952ABCA0630372A7FA00087FE9D512B8E1C3F5AD61F8839B7E902DE494DA1278D36EF3AA096
T=0

[51]
S=$181A3868
W=-$446AE286ABAB54FF04E089B55EDF9FC19BC82C5C74A52BC75F1BB080B9314BB6CEF8D471FFDA22D1339F82FB47E4B7EA1208F74209BC9816B77D5125ADDFE925A6B5EEBA48AD104A7E83498144B1FEA1BF35EAC492281729FA530A2315C4D0A56AB5D43319ACC5F92918E2656
J=-$426DEF87AF68753BF955C7F18F14833714E64E8C48DC08D6D6288F322A13F8BDC9A77A75043BA1F82E0705C008A193BAD6DBC667046DFCD7AC7C1FDE5C1BAF4A738CB0D4A8B7C5BAACF6B2935219D786702EB39D4433091B683C34E1A81958DA2D0FF7B811713015FC79F168B593ACB4CCD77DC5EA267AEF19F642502A595A94E8B9A8D3AB81207EFD30E33F40160ED6844264074D44B661ADE9C52D989EED59623AFF2D985F11D3924F627BC089712C66F1D2B33D4F46DE1EAAFBB44205DCB12EDDFDB285699753585B8A74943678B06B9DBAE27F0841D27
T=0

[52]
S=$908F1B301834
W=-$175F5C833F7BA44B4166314CD32365EC1C2AD95C1A1723B68F4F117E728E6732D38944C0AB6E4FA129DBEDF8EC5ADC2B4D8B04171DFB2A42FA384DBDD888DBCD4F43CC7946DEAB706E49D96ADAF663F03AFF0CB3435F9186FE488FAE0022817B5F3E959A8A684FBC5ED9D6
A=0
B=$A
T=$1

[53]
S=$18C7CA56FA7
W=$B971B16DA4A6384E20D8965E7C76A93AEAEBE685AFA5CA6691B644F883A22481083EEF5B1B79C7A2C29D0D5852493F2DC63F58838458207B2B296223DA90E3E354372809E078A5F639650CAEF127B8DCEB1C9E8E700D023A07B1F965E4C0C478BE020F483A87AF3
A=0
B=$10
T=$1

[54]
S=$5169249DD
W=-$1457CAA73F4AED57365112FE3AF0CC9A4670DB754A3A8CF041D0442B8EE9F464A56532B46D7C10208356485251DF7F05692860F66E5A7FD5C31E272138E8A62A05D1CF7172EA45007F82F05E021D73576FA617F7BFF4A129E8F1F1A2492BDAEF08050493C61
J=-$327DF884202AB9D7CE4F5640D405A92963344F48C516CA32797CC22AE30F6629695B8BAAA26BD8BF410925AF6C7879B1175DBF8959AEC844DFD6920D5B78D0CC14D602710EFF0AC686CF566E388BFDC628B873C01E95CD4E69B9747D8F8EF5A4893F1173BE3568B9EE0946E21C12989336E3F3F44CB5DC09F167730A5F70B18343BB2A0DE54C5510849993F29643985489A7A73B0E0EB9603C660AF230B9A89314A0D743D72E9B57BFAC96BC1C1E6E67D5FD8523D51288502D963B9898D94A293EAB6C3DFC4C71CA3B40
T=0

[55]
S=$AD6522E
W=$AEAC3333F9E2305FBBC0BE37398B773657A2CF63073CB4BB28A9004E402338D4DF1B34906F1CEABBD223EECD2FFE0CA9EB2D73A0DA3F49CDDE5DF635E5BC0C639F79D757F6F9E03AA918EDE3AE796A63E38E9499054AE2CF932C1FD8A3BA156EF26EF4
J=-$5BAB1A0BAD4E5BEA5DD8364AAA043986A11EEA5EA09B3C553937B6130C38C281E95E2B42904B7BE35C524C3E66BEF41C7A138B67F66C2E4308E993F05BFA3C34D8FCD9C9CAB1910AA2CEBE2BA14C960809E28151322A6B17EB2F03D7832C97E05CCE34B2A455CD38991DE1A562ACB86FEB19D43BA07F51FBBCE917025D466F95735F38E092FD312F31A64E39DC226255C0865E1C540BC5C6C9AE934DF0E9BBE8DAD96B1C9E4EFB6D6A6AE3BA688CF284007C58D5490733E03C5F6E057AE81F0F5E90B54E111
T=0

[56]
S=$13CCBAB6A
W=$31D826A414E3874AB31468FB46BF618AB94D06F549F41EECDBE7CC2D685169AC94007C0FFC566CA5E4A9D61FA38DB5C8E7DC55B1CB8146BB037809C7C66B5313B051632B0CA5A2961F8ABDEA9D80A20E18FB2FE45833FDCB57A62EFDDEB08163CFA
J=$1063A0FD4AE02D6816EA1A74036744FE1B9AC9A21BBAE98A8A3FF01711E9388B3DD5E3919E09BF4EF879BC89C0ECADFB2C20802EA0F2CF4AA946A808CF0D9B2691F88CB67CE240EB08FAA3E77456122AD98664962273E8040D3573CC01A829DE504CCA1667066BD8B108AC5E71E2D78A15AB5803BB11B4124E6765A4F244DB327A6CADEC78C628F33ECD70A1E10B880D171F41E8E14A253C10A06B4246AA798E5A6CEA1D0490C1D1A8FC2EC52EFF54706CCB05D9274C83901DC8D0443CC583B58BEE0
T=0

[57]
S=$82AC049
W=-$2A6597519AB63940D7EE42FB2FF3E7DD7B46EB0F0670111DFDB7D1CA897590136D6CB36502D6F1A8D2A156C4B92CDD57A2A6A1FCF49394C1EAD50B1D1DEA6529965504E9FDD025491415258AC0B09F94B038523145ADB1F0F9DA7BD72DB4725
J=$6B2565EAF1EEF4C9B615CCFE2509279DD43A8D6FABBBD3832A0DAF7B20978AB9F09BEE908D17CB42912F4C36023DDCA676BA3F6CC3FCDABC9391B97CE0FD6EBD88770D271559F948D4F1D14D31C862988BD2DD1F425E8DAEC95572A6D1D306669774DD35A3AAF0D1FC748292E2C0BAA90659B9521FCB60960C4C83DA0654E5D92B65867D9FAA3E13F20B258966919D7EF994A0836B526BBCFD7E4DFC00FB0B58E6C3D34165A083BF52B0A1AB4CB6BC1719F04DCAA1AD819DD3FC989896AB
T=$2

[58]
S=$19DF04FC0
W=-$F7393E93A8BF5AA70D963A766D941B0BB9E3EBDCA7B86D799187EFD3BA9D0389D8AE9535098AC318A6FF799BF2396CBCEB5056DFE6A5F2530F83484171E72E2145DA2C8ED0845B60BA30056DF8544665DE2EE449659250C8B64088912E6
A=0
B=$10
T=$2

[59]
S=$7E3F7B98A
W=$A69F4E424E1E5E03C4E2C6B00779CF29E1A607FEC96C491BA6D9997FC3582CF4CF6FF610A5C6EDB7DBE6F1B6A104F3CD6E01D441CADB78E8AE1F1378BBDFE6E46E0C158CF2D29290CCA9520BC4E88C84C55D49D6295BBDCD52D2146
J=-$E3D77322740EB32D3A3350BBE4670C5627577DB353BE22F1DF4AB0ECD9253769490B1F7992EA7D0B4F27E28DE091F4EF3B860DCC9B62821E45ACEAFE9BE18CFD7E344852A57EEFDA675DF9856CCFBF70782D29AB36840A41F57DE1CC98528BCD04FFDFCAE491B4390EB568FDD93DD541A48A886A4ABA7FD1D4C13E9ED5C0E1A94B424C621B37E4C5878BC2AF7FA8E4A683B0A0DC8654F821709D1A1A280D3DD83192C9D97104381A3BB0D7D4AA5A5A0D7579E0C442639
T=$1

[60]
S=$D5F50400E
W=-$2022DC3FB0AEBE5B93DF8522F34D62002930DBE2E0BAD0D0541D2F6F178FED2FFA4C900C893D06A2A9A98F0B991BD1A9563118C7C5E893134AAD9C1CFF70BB5CBC8E5A7132C85031A110C6C137B8B09D422FB845F932BA6167A
J=$12DA012F1769B516EEEE0F382CA4042A72F1FABE280D9100F84F3FED029E134A758067716301F96BD6B960D88C84703841C5AA72A18BCEC57379532FEDA5A15577070F2E3D9D681376E2E41FDD17E02206852E0F368C96CBCF08B81CE573335D01FDAF55523CCBE7BCA209616AC0CAC4CA3BF1CF15DE019A22F218190E02515A1BE676F23C8DF8D7AB508431B748C07010FE3EA74767FC367CB7CF5E0D3C44B56F4F13F03F25694DFA721F828E35C126B7418
T=$1

[61]
S=$1E76B558F4806
Q=$2

[62]
S=$1E389FD7
W=-$F1186222FBAC5EB942492940A846091D4336399C4A560C4B977AE0C57227D44794D4ADEBADEDB1AE645C415B7FF956AB8A69FE3C02C992E1B58E840D028BB91812859673D10E6E7BEEA455BBE9CCFBCD25C99CF3
J=-$D77803BC5A344490726BE6E655EFE393AE3AEE76E3D963D1951CBAEF6709558B04AE5B657EB8D39D45E4D68A84D954A4915BC9115E60A20BB3B59FF08DF864AA2895F17B139C1CF028455B52D52DB019F3FF23B53556205FAE53E4B935009629610B4DB8446B6F5095A21306FE1437EF680C532F9FA1EBF2F503F75E2314B884D59D1FEF6792BB5AE963F6422F8055B60166F0A56F10901068678364E81EB54D289667408BB139B
T=$1

[63]
S=$74AB6ACA8
W=$C5F1AA9B79E842C7842DB9F8006CA47D32C29F3B1252AFE612DB9EC49DEE80C183F7B16189B314BBD2E15BE14AC61CAF6D96A29DEB1670481B1B4A3718DFD5C43173C449A1B20A19E70D93D9FF87F86FAB80
J=-$5424A9DB563D96479429F4308DDE92F4E061161DF3AF1F08A1EF07BB2BA08BE79A66AE0FCEB816D72FFC667C818E25852DE929C9875E9B955D5A63E6889DFC1B4928D34365B99842D610C636FDE16CF1D5D7E4FF295708E3EB03A920184DC230745E9FD7B5CB83EEDC74F0EC1FFC535B88DE3DAB32E150AD792EEE9347DC0FFC42D8D602ADB0F298F9595E996735EB22EDA1950C9633368F143EB525757E55C53D761B97
T=0

[64]
S=$372
Q=$7

[65]
S=$AD072BDBA22A093DC
W=$3C3233B5FF94793CBED8A0801F78F4EBADD61E81DF016ED62AF4D5563A81384894587AA1C57CB5908D4CEE070C59D30F95CD34712B560A351759E0DC559D8C96603F5BEC90395E2054CF75AA0B4708E
J=-$2C788F60460EEDF7D601044CCDD2AF00E8F937612717EC974328443E4F618DA176E119125F2FDB49E724B15239A939E41A94393E358623D7FCE3C278585CBAF90884F91E76623D807D3C55522B61103DC50304CB5B67465017D930A7F7F36700C57FF6A065A90A9FC8D3B54D6013B6FC154144C62627C765D17D69D0D90D235CF304A6218EA6416C2B4D2C2DF8D48A1DE75F51C624547A548D4BCC555E1B2
T=$1

[66]
S=$288D17
W=-$ACA1C3B836EEA617257AAB83E17EDB7FA90692332B2803FC78F51871840981C42F302A9D50651726226CC37910BD6782D7D610043434D7FBB61013AA035EE05C0F8C7A1BA7D65837B10EC9
J=$27A6CE36D3C014F2B4B20CEB44B723470249D3F9A83636B403EB17BC70EDC622B00CD170AE31ECE3BA2A51D09A319B0C9311F0D252F50E2243621710599A27DAA3023AE2E67B3F1F5163644AB83C87CBEFB9AAE7D6FDAE712204354D1373572E84AF861628D9130CE5F8C9AF6C3D2EB35F820FD599BF1E822BE70E7FDDDE04F0E69535B6AA2C76371815B08F1E7C3BD75BB32B339900
T=$1

[67]
S=$2528A8D
W=-$345BC539C06FE54C8D774139F50DC56806D9C67DC73536AC1664A8C5D78D9C6A37E54C965CE33BCCBD3E821B674B5ABCFE6701F14CBB6D0D98B6AABA5BE284F2DD4274FBB7B90C95919
J=-$4388CFD20A9EDB655E7A52FA8687AFA53A3C8DB5492030CF6C9EC9AD57FA04E02CA2E30BE4154E8CFA0D2A4A56B9B60AE53B8148E85BBDE7D7134507163E63C8BC634FF0F5796C28D968A18C018A571DCAD15B38F672B43A6C8251201483E94FD3BB5820C151C579EDADB83B5373B61B1FCE4465290E7EBF834CE794E764ADDFA685C1A542D7A0578F310180EA5AA07A451B440
T=0

[68]
S=$12DD300
W=-$43892F752C481E7CEF1A691F1C4A47A578FD453741B1AE58FB5ECCB393777E002BA1C0A498B0370B597475B680DAB4F5492FD842065FD7BC5F537392B3D1F557334E14A63360BD6DE
J=-$1183FFB1028B69DC269B8E297B8FC9961E6EC65B4E297B65FE5B6909B09ADF721077F2EF15E3A27EBDD6B66E2912492AEB3A3E74649D87ADF47555A04C19B2DD44F53E1DE35E39386B58129124F3D7114DF59F3481CE126B1F4EF9A94D94D7F6DAD1E2B4FA4D8B94B2B1FC1659230076A404E8214597328987F4FE691DD60DE571E940AD526C5A5D2BE7BD4D2D3E4682E
T=$1

[69]
S=$2C4F02711
W=-$242474EF918C74D047AE2DFA6FF3A38571042075E2650228A37334211227B1228D40363FC80AA421E18C0087D2B3D16A192C6043955D4D730BBC2DEC84A6244258321EC5CF33C7
J=-$1E9236D20B1C293EF6C9F33B001C79AC58EDC8B7A4A9A2E2C3504075ED3A2DB8557DE76E8A7484B2768710908E790AE93E6616A3F8E99B57A2E07600577A1511F56057EB6E81E5AE5B83A24DC4E852381655B992E52EC439346F44B7B90C6477886DCB25E8C467E862AD0A77C5F3A31282ACCBBA2F22036DC2444A71872FABB36B1383F6179853BF47FF6037851
T=$1

[70]
S=$1B1548730C
W=$3F9C795177FA9729E1C7C05DD67BBD822F626B96A31750A562A8A0622F70B0CAF6E414E5F23BA5D182D23435AD75489C8A66DF497753ABAD5806CE22299D1D34A4728820
J=$B5B1E87530F7605FC49B6DC1944CC9ED666D31569E4059E03254AC8BBCD1D7A23FFB649F985F171A8E5D0DB655FFD5CAEC6CDF1A1866DCFBEC73E26CBCBA08FBAAF255D3499147A73F89F81DAD20B9D94AD9728E213378FF91DC5E3E2F18D36B0E2F5A6D64E22F919CDFF5F183954920BB5DA3B2FE6D9D2AE1EF42056695C5C1B02F203A9B601E88DA
T=$1

[71]
S=$19C
Q=$2

[72]
S=$2918C8
W=-$B98F72D7B47D7D5505B3E9C5CB1987955362E739BF27A6C7AC30C7AD0A9F789962CB63291D440482C63C53693FD1D4BEB9376602B8D07265B9DA6F1FACE5E1AC99C
J=$6905F9195162C512B90C754D93D9B1C246F71A126C8E1B44975D83936D4AC6D1C051CA8C6DE14CAE4FAFD28C8C7D3B348313D72C1DF51C385A8B2F4BC1BCBC6DAE9014D6E1566FB19DB5C3646643EA2277811C0E7C922D4F1F34FD747CCC75D663568B3CA2094C9346438023F7228EB08019823051FB2926E7D68C9CBA424EC30101CA
T=0

[73]
S=$71978F9C
W=-$34935224EF7C688926780940F32DC2A7BF8B666B25445921F1693CADAE89437894191F35535E7B2C178357832BFF4E1960EE81865BC2EC7F79AE096FF32157014
J=$113F7F345FCAF1F220933FF7BD4DADF4941A2EA1DC4583BB7D7552B77D7E47AA64F4244B170F1429AD42FF0D81C80E7B147FF6CB86F81BDC124E1CA8024F83BB248E14D92DEB565B042CF798DC69C43A1DD97CC1323498F71232D9E38460086D1C43204AB6300095C324B1D61AB886ACC06415F2F608C50C3096E837F398F0F9D7
T=$1

[74]
S=$B5513
W=$5CFF4C15078E9CB2DC527274EE186B3CF9FF49E9CCDFF48E534CB50F39C4FDBD179DE1115D6B8CB7451D0B8C59012A1DB14C9C858DADCF4A44EFF47C301D3
J=$FD032DEE12D9DFEE97DABC0C56ACBAFE03D5269D5B03A47795A23D9B06C83BC6174DCAE5F1BFEF9B72A582B60E471AFFDA06A8FFAC755BF6F0BD5C079A35EBA057CE4A3C6CAD9CE19D1C8D0C75024572EE81398A0965A5A7ACB0DFAC90302252C92E5BA80E05B55C1904CE56AF6BEABE703428595C27AD29EAFE3315B
T=0

[75]
S=$1624FE21
W=$6290DB9B19AD1A217546626069F02081ED9C53348A0A6A9F8D7B60927ACE98EAD9520A9627EB2E6B9DBF526CDFC4A1F12D3BAA4FF9C320ED95414AD79E5
J=$4D3F9467F8CC4003ED434C122E903E29FBC620E212AD3BAF402C1D4ED9FC9A04E70627E88147251D508887151033A2FE51A3A457A52D347B5F6774E4945126427F5D355EBC86A61A0A2D587F7C2BC36AA9794D75BAC0408D6FEBC94F9E800D29FE368283AE0EC9A82E1C83D727529370C7BFC33BBE611AAA6A388
T=$1

[76]
S=$19718C
W=-$11A388A7E0FE0D48DFCF3E53434D1372716BF3A17B5689CF9437BE152C22667DFB9FAB8E5B8F4993B723330CA319A5F61B4B4525A54B8323DEB9C7F4
J=$379353658891377778D9CFEEB3C219096414306427509ADBA7C562AE3D36D36914C0CB67FC56AB3C62EE7A7C9906CB08BFBD469BA375F24646D608E23F42ABB4F6E8E9514D6B26C64FCB6C885FF10ACF81A36AA201CBFE8F8E33306AECBA98EBD1BB9FC0877E92D2520BA2F06202D1FF23148CFDB8A467
T=0

[77]
S=$3D64951B
W=$33E5F8FFD3B16F89BE3C8A7B420C19B25DB0C1DD5C143F07F8D684E8C1445D8A42AFCFEB2075762CD96C8BDBE3DFABD9F8252FE6E0A53A470B08D
J=-$DEEBE79E630994391ACC900C1E5760AD338E4B785BF705FA9DE58C74A8E6B5603495721D0187E39EB44FD1CB0C8B4A68A9541761FECB5FDAEB04A803347C97A24DE9461746C8C4342A6A19D41CA6FB1CCDDBB102C03AC90C8E7A86DBD79D1F52C5F452FA91AC3A1912A97A4CC5C13CB7BCE81185
T=0

[78]
S=$D45BC5B450964
W=-$8B71061BDED3AE44B0B92D000F0DBD6158D77366B33AB6C642E0EB3AFC1E0B3FD0281D0D27B6220EAFE9E023BE9CBF635FD3D177E72FA461A
J=-$4DA67E6EB1BFEC33CB209E69E2E7748B912B137482AD8BCA7FDC3696239484DF06223319C5CD4F98DAF62AAA6DBB164EB49106E9E0DF9B1D3496F3EC5A301C288302AE233A8111CAAF5C7FCAE7C23AD819FDD05B86537F5378A22E35BDF475B54F9A75B7D61234BCB0CFB31EDD07AFF7
T=0

[79]
S=$8D61A4
W=$F2414BB643CBF47DDB3CE873660B333E409020376C9CDAF281FD001E5F9745729CA9960F3961EE0D77A75DF66387A1D829E7756A16
J=-$8A0CEBEAD733DBE3E7D3F02D870DFCFB8CA46E422DF98D19C68BCDFCE9BE354827E109E425A26A636F97F7A5FC1A57CBA7C34B12F0C6B466B42C23A8EF1B8BEA1AD63D55EA1BE4550758CDBF62D0BBF39CB855161A418856EA591355FF34C3B655FE62CD519793453186
T=$2

[80]
S=$16CAAC
W=-$2F02816AEB87C9F41CAA1243C2EF3A4CF4835D1798BFFDCC81DE3BE71081826F99B0458A44CA8F026F5C0E67524FA8B734CA3DB0
J=$41CEF566C011D5EB5F3419BA0CCC31E1F86FDBEC31109D552F766240A79DE16174EBB61AB422488693C842D5A0FBA773612FD974B6489C6E3A3A2C6233AD667649C70AEB76B67F0DA477C0BA0FC42A100C4B57703EDA9CBD5435B5EF9293AD7F8F37865C2FE229
T=$2

[81]
S=$13FCC1C8CEC25E0
W=-$A3ED44E5E858DCF4CE72E33AADEF6A5CD28F25711BAAACC90C8A90A0478A2217AB1097BCFB5A4CBB782472DAFE1EA56450D26
J=$200B3FD9CEA05FECA0B3121A83965E4F84233F99F14EA26DE6DC188301D6EC122CFF115955774035DFA2D2B555766CF8511649DAB5BA64E29A769D1FE9FFBEA84E83A8C02B99D0D61F1DF22F19311BD24CEA3003B8DBC38E36A244F1131D7D5FE283533DE
T=$1

[82]
S=$2616F68
W=$5938033634E77272E8B412F1D8CEDCE2B9D4364FF9CB70FFF688B4782A024F1159695CFF880C88001C6B105FECDE34
J=$A863380F24097C898C2AFF0B6EA932BCC28F9684F671E057EABEE381EEE75F6437BE29DC2AA5351CC9FA1D2A0470AFA0352ADE8756EEFE3C6B4066973875F32A3A63DDBB8768CF4E31AC1A8584832AB79353B7AA091530501174548F248
T=0

[83]
S=$A1E7F1
W=-$370F0C4C63D93C60B539BE993F0236BB93824EDC7FAA4EB3D9B2899D5478BC92EF3D827819198D2B8AA1246E721
J=-$3207390F7AE88328994722F9F09BA4B3145E73763CE87DE2C4ADF8525BA85CC44C17D6C539AFF24ECCCD2383759D200E1C1A0B80C8F724A8EBA68BC526F055FC9B7DD5F8C08220E1A6C679C255485F80099B06FEE348559D0099C
T=$1

[84]
S=$C4688
W=-$C6A9C3D3FD07811C853511E5A49E3B1325B2DC36A6AEE1B455C66ADCEBCC03B1E9792C22C04FD2A8C96F986
J=$2BAB56E115D4BCE149F18EC802645BBECD17EEBD568DCFE300608AE33C4B65E00E37BAEA97C4376E9FBA05151E6F507E397F9A026DCCC350B821AD82C062DF0F8A8C2921B9F5E5B2AF46FA629C0123E1355B9E8B385AE8B
T=0

[85]
S=$A763DE
B=$2

[86]
S=$274D6
W=-$2789485185207A603943B7E61AF11182C76B294730E879C9A79E5E5FECE3487CCCA0E799F8BFD711916
J=-$51B1F2B1E9695DEDD2E42933036CE7C2E0A256EB2B45CCF2708616A983F7845A304CE16A6ED31AF3D01386D0168E90DB48236CD6291F8773AE9CC1F7FDB4E15B2789FE803B8B8246031427B36DB815E29CF6
T=$3

[87]
S=$12E74DD
W=-$166BFA2712A66CF7BB6AB08FB95948D3243360315ED1E547ADC47E5CF35392FD3BD50EB23B7536C05
J=-$47C27702FF0E4586F35DE7A55400854ED3E3483426905EE2D4329E87906B8A899FD1A1B66BB5908EA61BC04C8BB950A6324E3FCDCC6C356FC9AF5E725B6E43B6CD2191BDF8ED12D5667BF43FFFA0B91B
T=0

[88]
S=$B68F46
W=-$193B9E2AFE2946C80919B68AF40EFA5E3DA53D72D2A3C12B0D4363DB9B46540D491672650300EA
J=-$37A543CA4EE84CFE5A72D9CC4773EDB8C47DA778C28240F32435285B096641C5EDE40D2753CA5DE937FAB813D7EA438C304C1EAF0EAC46BED5C53B65A1295AC8A1DDC153E28870BC0DC45AA8EA
T=0

[89]
S=$2A971DD0
W=$16FCA1B10F87010A34B94B2FD688BE0FE2247164B710F285FDB38E0BBC2A78E0273BD522788
J=-$3D97DE7EC78AEA89EADFFF8B862B6690DF0EC15402A89C8F5F35ABBE29F15629F92D84C0BD2D580AAA6AAFA215FE34FB11E706C3D112B1488FAD969BC8D5764BAA422B36E10C80682FE5
T=$1

[90]
S=$40B4
W=-$1E07D1F7B0DE699364A7BFACD6B514D70A97A8880D9EA5E90B3B056C0C57134860A3ED0
J=$15750A4633D3B634C9C539F72D0BFB7EE943B419D4F63D765C75F570E6152BD943EE25A5BC63105FF564EF9FCF7CF219281A4D53F0CA767B0DAD509BFC60F56A5AD63A5CBAB95
T=0

[91]
S=$DAA30
W=$31ED0517187BF380275B00882A09E23430142EDA5741115F9F9E0516217B8C7A504D6
J=$A5C953D3F010AB999735E62ECE64F5AC790DB744F4926E3B5F66CEA2A7AE80F95015F23B187324A63CEC74E28607599DF980E4012924B7F0DBF641FD4CDE4F79CDCED1B48
T=$1

[92]
S=$632F8B4C
W=$2A7F9762F77109D75653E4A0491950D5B5D891BDAB8AA09047FA11199EE6A77E86
J=-$879AF8B93D2D2EE75810EFA26F7AAD7C3F2C8E6B0CCDB38FDB216A9C7632DAAD8B09CADC3959179BF7AB7DABD4999550EF6E3F9F5023A1D743C22E9AD882DDA23E37
T=0

[93]
S=$A5463
W=-$19368C0D6C65C0409B2339B67D45C55EBBFCCC4134EA8148CAB16FB5D75B08F
A=0
B=-$11E678AF6DFFE53DE787B2D88B120D953441A0E461E945071F98F39328265E487B7BA6EA6C87F3DF75CB2968174EEB5B631195805297AC054762BA9F97FC3
T=$4

[94]
S=$19C9DB5CFF
W=$1509CF7581458B9ED01A79528A04FB8EFF3DDD188896931014DA2B4C67A49
J=-$BCD62E5536DB2D1196A7AB07CA114C448D93C5D330863C99A90E94FB21B6ED05E83E9B60A277F94ECAEA9DF2E0FEF798AFB472FBB88788DB0B1655C
T=$5

[95]
S=$98BA4
W=$30F8F3B705911A0BDB6BF9E81D58E7389792EB7CF9FF5F7F98E330FC
J=$E5ACFA815A8A4E18F5DE0FD35CE8E412FF7FCC330AC4D49332C05C9A1D4D1F557D439544B5449196D6D8C63753A2EC9B52C45E324913A3
T=$1

[96]
S=$68C750
W=-$B7A6D58D9BE8559085BD9A77708196AADE2D925BB697991DE9A3E
J=$21837CF1A96BA59C9E808613126C3EE5338D91C5251EDEB120C5024A060C0B5377EA67189E16573EA329E89DA9D7723B7F61B73F55
T=0

[97]
S=$23F29E8BC88
W=$4DA735FDE68F354EC40589B15173F2483B197AAF2E63ACBFBE
J=-$2BD4937D7247D782E53EDF4FE77DED0942768FD89ED95D59563839F41FF818718422665375EECB74765903B44EEBAAEF76B
T=0

[98]
S=$194045B1C
W=-$131108375CA1E6D6E533D0A08E2E84BEA74D1BBB6B47C0
J=$3C440E963EC1AC1E79058E961C9081C7500C673B108ABE14795DFC8B9451909FE98A8887C896495D77403822CD
T=0

[99]
S=$2F6AFC69E
W=$88A6DD74E0829BE6E1FB81DC84B045E40AB0F38AE
J=-$10958388B329B2457CF4EFD18F9DC99E63B3A99C7B27130FA4EDCCB59B2CDAE7449666E405BD90AC7A
T=$1

[100]
S=$2E908
W=-$85C63ABC69A1B645A55F953C4B15E2016DA7A
J=-$B5C5FD559E6DAAB96E0A7CE92A52DA1F864E88B4AE26CDD8B58AADDCFEA13AC39A09C7F1
T=$1

[101]
S=$1808C
W=-$22389D1CB4192D5E599C82E76BF7E2BDDC8
A=-$7328
B=$1DBA42
T=$1

[102]
S=$A2
B=$2

[103]
S=$437B8
W=$292B1010F6E41948DD1E68904E1C8706
J=$4175AC922245818B99212818D6C49F42235D09A9C1C04F065980842719C0344
T=$4

[104]
S=$1C5A4A
B=$2

[105]
S=$393303844
W=-$883254AB2DD31CEDD0E3B04F0D8
A=-$D70
B=$12F5A
T=0

[106]
S=$1E56E07D55F45
W=$4CECC9F9481842C9C7403F5
A=0
B=$E
T=$1

[107]
S=$2
Q=$E

[108]
S=$135CF10
W=$2576CC3F7EEAE472E
A=0
B=$7
T=$2

[109]
S=$2503FD880
B=$2

[110]
S=$847EF
W=-$10A97222E5
A=0
B=$1D
T=$3

[Signature]
1=$AAA18FB27463207B03BD51121763FA2FB1CD340FA6D1180E
2=$E01E19A696BB4A9B39AB47A5FD2210E7C4EC65F2347B27A8

