[PRIMO - Primality Certificate]
Version=4.3.3 - LX64
WebSite=https://www.ellipsa.eu/
Format=4
ID=B49780390C646
Created=Mar-29-2026 04:39:56 PM
TestCount=109
Status=Candidate certified prime

[Comments]
Put here any comment...

[Running Times (Wall-Clock)]
1stPhase=35.31s
2ndPhase=5.35s
Total=40.66s

[Running Times (Processes)]
1stPhase=247s
2ndPhase=52.73s
Total=299s

[Candidate]
File=/home/lappie/Primo_New_Farm/New_Group2_Prime1.in
Expression=(4797791281551308866354)^47-(4797791281551308866354-1)^47
N=$616BE0CAEA1C31C43C8CDAD6482EBDE017AEF061BB4BFD15425565A447487F86C5CF9CB85D169B0816257FF65B9AD77EACF8A519B8818F8C8FD1375F5FFF09523DF14A37979FA7BE81A4C587BDE638CD2AF2753072ABCFBF7243E2612F9D1A50C565E82F66AB5BAC8DE4E67597923F6ED9B39385004879F4C6E4BA396373E078C862F1878C8C55F1D429D480AC9A9669D64900C1E3D44EDAC2654D96E3110D07B5BFDDB9B2F33D71211E042155D183151D1C9B1AC550F4C41BCC45E58D11A7FA548C35F40F07C1B5ED0542714AADA6BDAF586DBF1C9ACB2E9A44D9E65956F2D7DCFCE1530BE18B17DEEC11A8C96924A8765614218EE9FBEAB892580C0929CE447686380668AF2D5B0E288F6E97A1A560D66F49D6B811B045C6632B89E0BF17AA7CB21692B3EE8ECF0892238666972C9575BE60654FE94DD91D47D1E468633BD6784AC7B0AB662582BF10A4D4B831DCCBF7C08E51404FA293682BD003D1C68496BFC33F24AD917EE89D6BE073F54720EFCD427C989E13EDE081B41A0D7991C8E831F6FCFF033D08E27831644762285033DDF36A0501A1842A36C412CF0F392F
HexadecimalSize=830
DecimalSize=1000
BinarySize=3319

[1]
S=$200
W=$60CB23432CA82D33FD34DB5C40EA06A17A5A6F750325965691E1DF5FB0413B8A47E4EBBBC80C6596EEC2F591CF23019A06E02E9E909FEA0B355231E807224D71726EE83099582CA09476A0E7C7B7E75234D7AC9D78E3760C98BC5E0F8227CB4E54996D4DF66ABA87B9F3AE3CC28F14FFACACA0AB2C812A0EA00CAE965EB57661E961F6A31FA2A9003665EA428BF1FBF9D8ABF5EA57553D941E6F0F2A288F69EB0C28F84CA0229A278BF0AB9AB0C3978E5FBDD7953F13E736D71BA26459CBBB75DDFF3971820A57FFEBD486629AB2F30
A=-$23
B=$62
T=$3

[2]
S=$F543F
W=$C9F34D502A7179F3FF58B663E27936DCA2EAA3519301025639AC101F1EE38250A26C3AA5D59AE38D8CBCA20F6117A4464A59F835A1A30B1706813E62FFD24C0F615410B12B1ED61A984A3C8BAC60693336339E9F8EBB0B8CB7CDE8E498A5681310FBA347A49C8AE6497C6BFC52A1263D3ABD6E637625323F4BF0ADEB8C01ECB42697B1919B6736003C511F54B05E49811E511285FE3CC4096BA156C546182CECB9A5D24414CC3EA2633F8F4A4C2406CF2EC903CB87B59ED1D9CDD7180C97994A73CC86C0E2EDF5A2DE32326A283FBD
J=-$F2B87D4E57F8C120522A64AE04DEBE01AB5B200561EC8D9F8C7A8EE6988CF425BFBEFEC5632349F8BA7D5BA4E5F690F9E61D8472673C554E058820344F0C652EE33FB756060020B86262DDC01FD4B35B28F69E4E1EC84828383EBC2D382B972AE979196C4F7176B4F0578F4A5D181D18AB3855C962477E422B82A9A0859E21AC8E494A8C23597E1D88A29060A3FC2789CF6631EEEF664CA2082B5EFF991446629EDCB91A0C9013C489B7EBA9040E6208BCA68514E4F90C3A0AAF7E4B8E01D309F38E123B0142341578C23B6C8D91DC7B5A05EF5B2F252D4834102EAFCDF868DC7C92C954F797E02C4A5D694B0A6270A9239D20F5F8B657FC155A1752CB1FE9360014F026725043FA6275807D18FDB9FD12AA7A1072D4A3CDDDBFD28E598EB41FB4363761E36701DA8B16DAD7672697384113F181F4776B59D41176FCC8F4EACFA69BC5E560ACE9D8751F8BD6B95F48F42890C7E8A5093389F1EA26CC4FD787BCAD04AC43CB64A44F556B07FEB896804D3DCE84118AD978E0B65CF8F5D18EB233E3B028EB3E89BE06EA8CEEFEA4F71158223C0467110FE338FBAE6B5834
T=0

[3]
S=$23D81CEE
W=$15E43353B7B7033BD4D54BD26836085AD80125C277CADCAD825544A4D51D2B63B70D56B6C30FE97F03A3A13F2CC7F89722CE53FE898A11BFF42455876DC30E1DF063D709DE5DB162CF76BB28E034B41929BFA0A536A232F50ED08FF862F20E5025D48078CACDDC1FB41ECFE6F92B88D9D9E7C0373475A85F424D9977DE124EAEDBA1A1EDD433F0787964F387BA2F658C929BA600C682D32892657E3DC50856FAD669A1123C2B228AD2D67349F900211EDCA77CE6F5B0CD9183A88EE59795508EB90BFAC971CBAF4E37C7C025CF0A
J=-$28873869CC0C41C1C462591557D871673D50FF0C7649D23560F89B631C053718C8B78F5AA640D1C2D42168A7C490352CB7E692553FB2EDF49B4AAC76E82E77C734D47783FFF7BCF9121ECF5E80D902E98D22826EC9C498DBB307AFFB35A034D53C7AAFB90149ADE98F97532171FAA2015E02D75E73BCD91B5A64FDB0F178C3FD949A9AA9952F6E3942208BF79246AC8E7B5D188EA18E2139861289BF7BC930D4E92429E79B1EC4ED8786E55B90B496E52012A952B104377E49FAFEF4AD7224EE4B4B1FF1F6E509068D7534BB82F73412317C15BFFEBC75997233ED88EB6231A5E9F0FE7E4CD5E1126BCBAB832ABB1E6F386C5BAD712D75F1EB3191472E700212A69644B59BCAFD2C782E741A3E35A86335C4F19FF8180D38337BB51B0166A6513BEADC4AF57070CCA95E8A47BB4CE2ED839DE1FBE499E32851B991CA652DA2BFDB738F760F902B89B643860FD99FF2B29AD8FFC0C1DE175E428A0BAD0AF8DF2015437109E1E060169C095FA398DFBAC0E6B25A82F0EB886DDE60768CA3B5D92FF8F9655BEC0BF27E4C431F1CEAF74696AF372EA1446690363EEFCA
T=0

[4]
S=$645840
W=-$56267D0EA70DD74DC0805E5FEAC475EF12AD241379FF90686190E8F0C976383F19A493D9D46DB790B61381EBFD3721AE344140831F34A46085E6CDC07C98316C13C9159E04DF588086E1A383D72D1C62CE2FF1AF012D5C45AE2A796A7A40748104AD5449CE9FD4142C7EB5DD124161088ECDA8D1E484708EAA03CD7714A77FC5E4705493187616241C048D6C05C26FB4021C11098DCB61F1179E754D783D8F572877BB430EFD04FA36EB3C33F0D3FA74314603EEBADD3548AEAB48A40F9C9099792A293551F6F5750B7E927E
J=-$636A646C89EC35655F317F99F4658789AC8CC0DD13A15598468D12331E9AFE4D33F38A1742C18653D6330E71B1A7C9E53181B1A9D69E3EB8B3A79E45353EDE1BF39BC0A465AA94A852187C44C5FEC47E008705245E9790FFF8ABC0F4FF60CAD75D6849ADE9298D098708857112867CDBDC1B314CE97CCA98BB1E09E12CB95954EE0FE0B75D8470FB71347E0BAF5F013BB938B543248CF94D61F08A2A251C79BB03A591AA588CFAE0655BA46F8B9108865B9761C7CFD9241560538D4DA68B56B9C6F08E7D4501BB384A1D124E43DFFD97A9C273030D4D9C3D43B704CC0E69E5AB01E507501C1DCB1833B0544F82BDA851A0A9D74CF1CD206B9CD863FC710677D084EA746BD1AFA4F95BBCA0E1F0501B1EA50CCC6C84522CA1CC1C14DF64B1E17ADA86208B9F57DB28241890A11AF77FFEC68B7CC99D08C48BCE6A10C3096BBB82CED364BEB330C62BF143B0B3A489076ACAF44B83CF46D8151DF81F2641075BBAE6055E98DE47F7CC13E7B8F4CD6B88C3249865A6F96D628C77916B02EF31199A6C070D6B7D23A9537E3A35B4D79DFB84F0116D3FF887457
T=0

[5]
S=$40C9E097CFD941C
W=$C675B9790C1CF52786E611329264B21F2F6572218FB18880B732C70B4F6E5CDB2A83AC836080AF534EB99E3B87B635C09CB0DFA45FF87E004948B56EA7ACE1EF35336FE8AE669553DE2618C90296DC94F712AE178C7CAFEE3EE9E12E44FE6D97D0D31BFB41D47FAFDA335CE9AB0BEA7C224259B241C8F9F19841E0261B617EACDE8400A00ACB805C13151426938F4D623CA53A759B3529E7DDDE21D69FD66654CA6ABD4B4114AE069986DECA03C133B312B5D807F6578C3211FA940657587E6E1DA35DFB8E3631A7A7350
J=$C44AA78DC4669A62D87F35DC1AB0489E704211EE1859E0714B47C67DA28FEFA3519906E3E58BEA9A8CAB9980B3DCEA132A3213321BAAFE718FB0BDC9CA4F15D3407B83549CC02FDBA00802EB48231C39F8B6098B012F796B341DDB1F24973F94439D7859DC35AA5D638D8035D5A0F919A2778D141BDB01DBCDB9AC6AEADA034DCC8221AA6520BB74AB9AFCF664C3533B502F3D44498FE32EA3C73B1FD472D119D4E0E66FC9E24F78D7FC55B0B46CA57A4E9B50C6692B04394E1A4BA5671107BDBAC2F2C0CB207616FBCA4D65D52449865AC84B504B09BAE3AC9894D8442BAAE3A0F16A00126B66C6FC80C50361B02AB8FA5E9EC990A4010D938B22B9036B73089D728359058544460D2B37D2F0311ED70EEB4C3E0E6E028D4BE290C87DF065CE003EDFCBA91EE71F3EADD293052D3F067AA91BA87452E0BB3AF344B9A8CDB2B3F7F66F488AABD68D2084A5DDFA2906301C2A4A573A1DF8C73E2D1D02E0A2159C6604DC84F89079E95F52D3BD01B6FC260DABD3409ED36503FF700E44A96723D2E89AECFB362A7904DF76B600078AD3DA8C3B764CF
T=$2

[6]
S=$446221EED354
W=$6E0676F69FF69854B7727107B69DFD500FF93A54B7ABAF8DC967227CC9DC4D6FCBD488D14D9819C15E431AA7BBB2716C6E2FC0BE5F277F7D8702F3D0D452BA73BFCE96DCC2430C4EF2B60C837124B3AA5106E5BF18292DC55EC324B314327E166314076DA151905CA06EC5BA129DABBC2C2722FC2E646972C60ACB520470E308B9960D464EC2DB55FA2D7677BDF1AF916476787C4EF09104C2343A20CB0F9B0DF19DAC3C75FA85A4E0F60C11B14616C7ACA4CFDAAA7BACAC725901BF99A63D37D78F9297D15C66
J=$6A02F8242A40B47D913CF3EDB32F2A8E156E77A928F682AA31633433C675EC00EFED9C364416815A59EACBBCEFF1B24BDDA899AC23483BA2A9B08BA4222578D2AA57595C2FB61C069A43FEB3AB17B34E1ADDEFECDC2260C5AFD3261A5FF944D17EEE212F2079C5DE7B2972541419849F0BC788420D034634DDB6B1CDE23B801D59D94AF2B4253402664706469643A9912412C3A5ABFC2036A5AD61DBFECE2D28B41CAFC0D86A3FDD76091A20830819CFA349A3C28188BA80277991270BC028AC774D878592F5B9B4C60A7EEA6C18515627CD3EC6414C3289536EBB31AF4099250FF03A1384E08D37FEAA0F230639D2DD3F546D99E578792D2622B5FAD702ADD759C58A6C8671C5704B53DC3CB5FFE23F3110C82BE5569834E14E96FD3E0EB7B872B29672268B7B48E463D1BC00F53560E9FC81DABD32681D23C0463D51B534757E6AC104FCB58872CBD9E0958A80A69A028CFD8F3C041204293C523B853802E8D8900529FE593012915C2626CCF7BC81F8B4766DC613F4DA8A5EC8A1B8E231A173FD7DAECD404B2D18699C62377
T=0

[7]
S=$316B5764
W=$38EB714D3FB9B84CB830A64C506D449BDB551D2C1C88287599A6A5F07205FE9B2E93828A54B6EFBF6859BE44C212BA03E0AACABC3C970868CDBD1EB2257F3EF66E93ECAE60324A84808D460CA8574458FC2E1781B4AFECDE2021C8D26DE7ED06206D787A0B07FCA2BC333F148C67A0BB65742E556ECE7F50E2C6939160F8FAD3261CCBB8E5F7351992CB845B1E3502D02CBE44F03F79C223588CB637B7079B3D3034C1E228FC7C0FF02BC22AA05965392F0AE0112608B3DA843E48D87E7DCEDB8AFA871E
J=-$86C1BC9E6B34572C396719CAE23ED3F9663E54AE8391D368192E4FBC95E2720EA196EB96D1BE9A5B7B01B0029BDA840FF898FB8CB93CEB115D23C8377F4C0D5672E3937DB384F96D3D87453BB38C382C821F4977A646176450E2CFEEF31F19C871E9BF87A616B7E3BE2565E3385F15A826B63B3170A737C5F871AD36D7689901EE78CB6FF2A9D7BD4F57D42607A2123ECF3015B41D67D98D528B9FDCBCB6AFAC3433FEE9B6BF6F25A60A7C0E20CFFF5A107A7FC0BB6763CA2B9E8BAD39660765474E0E3A8EC74479E1ACC63BCD12830EA050D5E12875325E9A7FF9157845FC474FBCE10614E2D9DEC038A3F0155A8E1AF65AC6386F8FA99706098EA1DE2D769BC69F4656428251AF396277541A911CE5BF2A1D8263183AA7E6263AF7DCB73F6076F9367AF278B14B7BB50A543FD8839E08FE89B12A7AA4F3B60478B827762882143CC5CEFBFAC0347C1D62B746EED09A314957C11487F96448AB5368FE2C3E81B9144980258007E7F0AA55673D1BDF8D8C8387E8528495A332B915E11533B64674BBD92BCFCFCBE
T=$3

[8]
S=$9FA5374
W=$20E683E9CEDF6FE38F339A4F20E884EAF0F56D7483D8138699D01F6197761AAD40A377E3AF86CE7C319232C474B22679CAE88043ADB1EC295E82C7F4B2B187BCD83CB4A9B0C70DFD9898942591C4499BD97076C3058F512FA6E9416A41701CFC062CD24FA6F426A4B0758AFD335C515B247252086B4766B62834D9AC4851980E595C00C883D2E1A07C9ECEFCC309BFF027F04D2109CA803DD9D6DDA897C2B072B5848B8B687498AB9C9647123B5DE657E10A9F83E577E8E5E204B07C48BDFB297422E
J=$2A62DAA481B673D6289FA77941B84DCF2E23F1327F4474E3BD440AB6AB4E49DD5544C878FB3EA4437F2467138361F6BF79B138434AA683137FC43AAF47A206696E90C6A6F5C2ED6F5A7772D58CFAE9E4C569382CA619ED8A2C0A04CE7D7158CD5AAC34A7D95D2716CBC04580F0051AE9F3B61EC83C624D9B1B8BB45072FA4754C1D665566453FF318C2A0D15EA211E79B7CB227B59070E57A03467AFDD95745AE1C9B4339B9FEC93B46AEA675C1F825E248B6A268A54A9ECF56081E6455CD6708993085A3A23E46FFA09B9D1E4D39D5351E850EE181B5594308A5BFD15F3FDBE59EC1EB443EB616F16144B28A3698DB0512A50FC8648CE6A63A5B3B0A942847A41391C9738D10EB68681CEE4270057B85636743A6DF35DA878F9DFD895A270D529341928BF5877C8EAED1E7D7F9A2779B044D7B482F61C0A66746D16E90D0F2E31C32D4C2E8D73A1CB26BE08159450671F3B37AAC202F2E55966FF7F3C25657CD428126F4942CFD4F1C979E17CA0407FAA3AE2056250595660BF59B222FE49D4972AF7AA
T=0

[9]
S=$B4
B=$2

[10]
S=$2FF22E9922B6C
W=$9CDAFF456411AC70AB93CD386D451BD7955533382293CBD32C6E2AD2F219E0091B7B5CDBEA9759DC2FC13D04622F17C4224E750EA3147EB8DBAF76D490F7405D9BE807A7B79BE3FA4EFA13E178089B56588CA08368462F84D93811620337BA9EA57FB6005216A407A7A1746DC55DF948BD7C10F3F0966C6E86767D153DC3BB163375D877D43CA6EFF1B9F60A10C19380D5C744317343DA99B520C63A8C1EA16DC915A863F20BE56A4AF098BE4E5D751F5BBEF62B071B285EF6380ED61A5BF9A4
J=$135A9E32A06A2F40A15BC20395D89BBC2954AC3E7F408A617DF0CF309C9837A28DDF3D7CF32D6AA6EC8A2687C32BACD665423FA9CCE71A2E5D6850D1ED8A44DD4BFD8822F2FBC5727DEE0B461F01090FB8A9080AEF790D1A24507F4DC0BB66DBC36F0D68CCAC4A384AA50FE86EEF0256B1DE754ADBD9E48FC1B62064AD3AC063846192E3CE2A3BC2E54D58CB14BE1F05A2614E5793C54D1F67B29E2F0C452D8F5CACD101DB57727B205C0F552AB93FE7260A17F508DE2FC60C07AEC5CBC5C71A8D4C6C3D0433C3B90E9180492531C60CD2313C56F987989FD8090EE52DA867BAC861122AF781F05EE774272E78331135618C4008B2886D403FF87C68911ECF1EDDDAB4F0E3BCA4D56C57BE7E6077CA35AACF4E3A070A4CC0325BBB5C8BEB260032C8987B24F26A1B120469110538A51088CA9C0671C9B7FE73372F9927DA8BA23097F38B45C9966AE188F1FCCF8648EF7860754F74B12BE94F5F3A16F92B6BDA7E2BD93B12B8916DC97A5B89035BBD218559AFB33B81172564A29DDCF1EB6033
T=0

[11]
S=$58C90EE
W=-$3DD46C482B9117289AF8317FE3FAEEF97C313F2DAA67FC401F77CAD324A7F875977B6523EB76582E0FA6826A2BD4B7BC118A6B694AE512C9D16E4F78AFA8C9BFA3F738A7440A80C9F531BD865292A54E74BAB722D75377B5D75C744EFFA6094A6FA6E779597D4C3E889665501AF3851255F70F695637871F746EA62A283E3BF865DEC14AE3E64B47325A9E17DF62493610210036E8A8F302AF10D30A45D893BF21FC4CF0B37E4BE68BABC634B882AE6E64569E193F75B1BBF98256D4DA
J=-$34874CB6AFE4814EAB62011E137A3CA04A7D5E17561D2F7478A836AD8513D182F5ACC3107DD326BBF0EDAB53AF387DBB92B189AB455D9445574542A03F541AC46A56A17402E01098DF0AD275830533E817C1C74486713E5E67CF4620AFA8A34B0459924808A5841B33386D5A1D470ACF72A30A474C281FF6CEF191EAC02A9C1FEC0EB07AD9CB4C69BEA9491615DEED752964DFE0007F9B7A278EF1A5C05DE98C4B087E953A07BF2425A1A875D0DD68ADAB08F3C2D3647F80B7A5EC8F264CC3DD5BE5022D1D1D68E0F176A337FE54356D8456F040FAF6218518A7A74195A3EF4417F2598F701AB06B4E155060767462462CEFC872A9929964165D677D2464F94A2E53F127D3DB01815F22739B0A5103646CD5AEC3E3ED61F0CE97EC4246D74EF5EC4A46F83626FF2E4F2CDBD86534D9C490BC630D7722357E68A234930FDAC4EDED3D3C4C3D646CE86D91EB2E5FA51AE4E42BD990FBC2BB901A0910DC4C87FF4981E290434891F9F1F7B587576276E6D469D4282067EFE282486
T=0

[12]
S=$163A
W=$2A3B18B2CECEBADA4FB468B154FBB0067C198EF9CA2E514AFFC94E69C16ED4F6A87BD2105AB58B736545EE37EE346E0F839AA8A32CB6A1931362902D29BFAE7B6B04AE461D08CD773D7C71C4592EF167F827575801CD004BFC65E3940A2147233B199322AA9DDA2CAA083704D4048EA1E04AC098EA2D864411EBE209E24A696BF92C065D5B65928ACF654FF6BF6662AD97F8066FD8BAC2E9CE06B9928ED919EFBEFF1492563F3CE7DC5952A5DD85175ADDFEB949FF4AD4E7E5FB702
J=$82E5D3F1412D67EB8CEDD048FFB8BEFAE0838F1F14B8C07EB4893F8581819967C558C11F0FCC699F58A5C197C0C19B197776ECBFBE491461038D58D5599D9ECCF0B3C5836C18B10D5CC6EE771A604102FCE173FFABFC2AD51B233DF0842E512512A51378D1427A972CF73F573F800B784F5E50768081304EBEB7AA6092D61113105B1B82A5E281DFEDC16EFD1D23E60BAAEC68423375E3849E46F231C218622D29A0C27FEFD98E64D6E6DACCCC974701F0F854447ACF2E3F70A0DD02F6D8188E41DBFE97CBE20450E93D8027B656E1D39BCD28A637770235706616DA301D2CE4A0C3F7FE2FFAE8C9309098192B73CEB95A8B239650378A91114761E38C307C39914532F1FBB013D5D2C499CC7BD4D941769413ADBFA9CEA7F8FFC0FAB7123C64C695A5B22E76976D60D04F6813CF144AD88B38ECC29D499AC328389FA382F0882FE2BBEC0A9EAE2540C5DE8F25CBCC0FE90CFAD954A79A3D174A279724940EBD3830964633730F2262415AA87919E60D1FA9D47C2FCA
T=$2

[13]
S=$DB8A1669DC0
W=-$926A1C6DF6B2C5507C092B470D47E758E0CB450D62472D62EFB698064CE97D465CB652015201AD3FC8F8BF51B4AD7C3CAF6A8050B2CFE74644E612CE3768686B23B7CE9121512BDE86C7816996B70FCEE858E8AD405F0D801E908519729AF7513E26D75266C3ABDCBF1DAE838509F36D3056B51DD8B07BB83B8AB187C41AF3C81A9EBD45CE1132758C178A46D31FA7A9104DD90ADC3268F98CC2A01538503D93BB0DD36CA829938079B6A437E5814132EA8D5784DBED97BB78D16
J=$3AC979D89237D8EFD61A0D230F238B3950BF41E9CB7B014C2A77D547E47D95B7D6827E5139D2F52193CBF73D54A492C2C1E63AA517C6118CA6AF62068260F207A90E0412CFD4653093B38D16F5959FAC7A6226FA8B3E388CBD18E09F722F659988BC5C1F0207582BCCF996C508D3BD2D8CECE668DF7BE557525DF30249293AD55D4A68A0EC27E00CF81F9DF4980CEABA8AAE60AAC04AF7550265F40518A9CBEA0633D911648B372E8680D31D8C6C3DF08D8108B849DFF22F53ACCBD685F047615D7631E90AC7819000CE1770B6E1858D04CCC24A32B93BAB0584193C049413067227CC31D132A9F256CEC1263675427F0457065C045B06A7BDD1DF7AA7D1FC6DEA264D4CFDFC49FD0CC03CEB7A8FF9C586D970098FAFFA18E5E5FBAAD1A35335E916AE31D3B58A02EE775ABED8CA29869A982CAA5B1B9EFE636F368043DE1F220E9E37EA56F69752B0A24BD81DEB941C5CA6C11B6700AC1E2287837D2839AA167B2734D4C2433C2147F73B3F5F948336CCB394498
T=0

[14]
S=$561D5DAE6
W=$F51AAD94B9B101E6891365216C31C3E5993BCAF3F60A3AC3636D8D1D2432D67E957AA05D6D67DE860719CEC7463E20F74263CF703E722739114707D72120F96DFCC0FD6DC093A4D0F9E5E89BC2D7EEC8E324860583EA90D69CFAC5238119C54FCA553789B1335097FDF75C2BA15ABB1AA8B7D315B031BDAA724CC1576D8C1852576D77B5FCA04EB348B01CA40558B2913138C17FE348BA4B26982E5565856391EF094ADD2E5C48698F5173673DAEA06E41B7A8C15F35152
J=-$610657B70D8ABDDC3D2F29432D665A5BEA6EF10A9F876DF165ACAE828FD9AB6F5CA62C9A89D38B7868F95CD3121AEA58F129BC45715AC351F665AF3CD1BD5DE49231C02E18180DC9A1C5AF9553CDE96D38160E784E75A4BE1A28BB52FF64D81E53AA8ECC59F580C42DDBE07BE86F7E46DA8DDA3A01E9DFBB7754BF68FCD4CD747159F8F6484417706E075F94F0CA1897450B871B2A15D89E7C8C8B54DDFFD5F73BB674FD28618F0B189E5B34448AB69E2112371A1B83DF4D8143100C3468D34F0ECCCBA94D15140B37DFEAD85F94EADF363B41D24CA094DE1804054983CAA057ADC4CD1ABCBBCEEB529044E4C47F701B8CE410819385F03BA7D40AB6461D1C0E7533CDB58876F9AA609681FB394017D556F59112DD1D0E3D1DBEC3432F165A41B320EF259BCD2D7E737564C18A347FAFAB6B398B66411546CCBA33E6DF8B51CB44EB9006D1CFC857D942BEB1F9C75262BF9007272E2821767DAF8282762D48F6202C5B8D3BD93AC500F54BF7BF6418
T=0

[15]
S=$9F24C8B
W=$8A340A70E56EC0B39E89B68B1ACCE3942E30244BB947CDC1441DA0073C7D6CA73D7C2BE46D22E3A3B4B0425A208AFBCF749EB45DC8CF57FF26BA9810B992DAEB85B5F069E0A37BF8A522970A10D9660A657F2121C0243E1B05D394DD64BEA8BC27B79E05EF747D57EA431BFDB94A372C9BFA5AE943BA2663C678CB2C579A968850923969AE901484C87108733F77E9424163B590B4304DBBCCBFDE1CB99CA0664D62E1D8A444ADCBA102DA049C8FF0B22D135D422A5
J=$1B3573B5DA89A1FC2EA249753E35C48E6E314DEBD8EF48088E9BE0D4D2675967FE055917D9CFA36664C97796300FDF0850446E5F37B24DD5904D7E00B18391B603E4B42F4DC283109FBD9AE40C29B684425B2A68D4560FB89D95DE537D7992BACE7A30D85AF3EBEF0EF22D87CA1F5CE203D25AD33BA6F2B20AF40F999A6626DD08CD4C7C99AC852798EC03FC8E2D8B1F0BAB50CE84E630EFB9F8AE5EC4E9EF4CEF541A756862B3DAC105C050948387891E039CCE74F4ADA152E21FAD152821082202D3DE05D390E5E4EB6294C05516D02C9A4D19371501CEE10557418F201D690055BE2666D7895CE8EA904021D80C533979A3EFC4B0630380A545319EFDCF3323190344BA0DBC8FBA486044A309CFF358BDEA5DCBC78658B0F5367B74394546B73B58564B1531E8538010DD12A675EB39D1B8551EC9113534C0CFF2DB07F41C70E8A514B3917DD2499045A5D396ED8EB9D736C3FA95443879A4714C5B77273F2EBBE08ADB85068FDF4105
T=$1

[16]
S=$19D4FCD213D0
W=$2CE9B19DBA6B5D5F2CF8C3CC85C5049B571EA40ACAD9EC1158715FCCCBD65F3AB2A0AA6CD5F514B8046F80D58CE6AF3F96BC6845F8864C4CDF185279FE5AAC70640064242D42F92845D11A5088E61235809A8489029E60CA31D1898B52CE56B498D0C2263DDA5B3A4A902C404C95CEE1576585A4A58C95142B82D6BB94162C91B590771C02AED1246A076467F10896D36F0679499E153C300403A071A697EEF509230A7A416FBC69D656B3C3FEB97128083B894A
J=-$45196D390BD8B78A6779A52F06C58FF88B770E6CCD552BDA9224F724C8E773791073EEAF24AA9A6C23E68C86184D986E3EC1722120C99A121314E04603EAD13D7ECC8ECFD3ECDBB72DE76B86E6A6C4C5ACEC829BF0C8E62D586E0D478D8A89E430129E628B205E3133EF2721DE26608277E151CF6D901996CFF3007339A4ACB03C9752869E70242D9050E899607541648DE4CEA40C2B1B6DC513D9D233F5B6E5F65E616104C2EF49085DF81E98AE60FD16B4D2E2EDFB33733DA1255CA6261AA297B856A9F3F5ACEF9443DE53F9A0C2939DE7C0D1E03FF2FE7755951B5C9FB3EC5DFEEF2C5783E59795F6D5E52A12CBD07B3287CD29223A825CF9239FFD665FFDDBFB40F8CE76768DDD653ECFE10719E04BA054F33B165660762348EB8C7D28B5ADF895A21F774D0C88D0A39AE333C040BDDE83FCE1D51B3A8E574F2D1E089B2E1765FC23CC1CC602EA1FB12987275FFCF2F83FA9291E061853202A33C032AC83300AD46EC5984D8
T=0

[17]
S=$FA3E816
W=$4A94858C4EBB257604364C0FCDC1E5A5A6E2D149B8626FC4EABC0AACB1A263226073DB6889A0F45ECA0AFACCC77B21050908919FDD19ED24F25D1B7ABA39E06CF4609FE810A1055C6CFE9B04987311DACFF2FFCBADEE6B63F1E1C35BAABF8A5484C8F579D6391932EB5951952A7D0C445E1064A2679E2F4A65B5D63B6B10CF80AE0C3A896D5FC4A544DF97CE23D8C7DD4499AD62009977AD4E76AE7892ABF04C3431FE1654AA1705D21A554E0E46E14120
J=$10988EF5C482A4850402BD721E96CBC771A33914B50B8A6685EC20266778C335DA18D4EC3727ABAC13A18CF17DF47E1D5D60412AE1293D5426A19D2D5D946DB9EF95D7D5CD4001C05C9B74EC91CC80480A0054BE963218BD7DDDDCC590B564002C905AF155529D402375CB796C8A2E8D6EB9F3213E21D9D05AA5008655EE28F5DC64831B3EABA5A1CC9A3FD2EDE7088D1018BE09E67B5206DC8861F8A73D52496C5A110F7CFE5CEE67A51D188B9A68BFE883A3FCFD0CD18597AC32408B69570E323E8A499D3B929361134B3B0D093C64242B8D7462B6A7C6ABF12C4CBD6D2C596DCC39489293A05E95F05F40D328C8323B53C90EE3AFBF9D21333587E49D74BF21556770E9CE0F1CD0A060FCA47F71B65493074699A990AE9FCFF08210211DA41640756AF333AE4B825CF52DC1A954C9A2E961D6C55A8F1309B14AFCAB647BD9493E5C987A6A1BAD8EECA1CA09E032CCFC6E0BF77AAFB4A1F1F2B878A0431F1A51F8
T=$6

[18]
S=$7F4F8C00
W=-$4CE334CE59EA5305DC013203986E4A09F4B4EBB84C25A22755EEEE44EC95030A56049FF833388E48C073CE8425B83CB6D23D36BE56C943B50E88203C08E6E02B72260AB7FE56669A1E689A67399EBAA5FBF6CF4F8C76B158C2426C89A18E91CEF6A18F7FF86FA5A09DE7933EA7B10AFE7D7055D65CDC67041BE5071279CAEE9E6D390074BAD97FC2908179634F9F7A431CFE11DE04F127949FBF3BEE87CAE1684DEF5CC10F01FD317E981A57A1CB33E
J=-$28D97E4AC9ECA30FC3A03C88D1725055A85A1A247CA4CD927054E8F45B7C1A943D7A5120A762872B31E2A98AFBC3CD16A6FF8EB0DDE02EBF7B1619FB8DE52724C60F6019065C3D4BD91658FD939C0AE5449B45E231448B41CA50D168BA7FB5AC1A9345895CEC6EDE9FD1BF1A86FB65774F17E10D5520A689B7B6FB1628F294D9BD39B4D9F8D962EB194C356EDEEF33508FC2ED4007CB6F5C47B2D9F284C08E207BD039B62F7EA34773C089102821766BB93181D2C08F702D7F68D2151FC470CD782B626EEDB2FCB8D0DEAEE87BDBE3DEFEA9FF2EBB8154F40192CF5CF9CEDAE6C933B2105EA9FBC167B865A49BF00912C1D82C1DC864948B7094C051E523ABCDDFABC6FCFA550B870AA76A03218FF560D2D65D47D5F88B4794FC2DA121BFEBFA4A62CAEABF3CC0FA162B693A1F08CA040372930308EDB30CE91E72C3989445751E6E641D7199B50DD2C3198CEA64CDEC63BE5B7D52177A2EA10053277E0D3
T=$3

[19]
S=$D7929F
W=$6BD2C055210337758DA668440ED3F13A0F83C08D19F681C37EC1F5C969A834E109C8AC9808233F57074DB73510E7155FF0878F8E3D17A28C10BB47AA897702634259342599057BAB9291302CB4F81BDF9B43F3CFB3F646E56E547305F1602ACABEE8112789F1610B550228630D3DC01F919D6E4815259A8B549BDF2AD34514BB1F4836A1F1A0BFDF8DB8C6D31337676CDC80D0493DA1CC18ACA745739969E655C2010E666A60E61ED837426E58D
J=-$11DF5D54B99075E9E67159C138DDF8B132E5682943DE3F1A521FD832E8D89F99717A650A252C038F5603F0315A1D718989392A438B75A2A7B8B535B91D50C688FE41257CC63A7F9B197F02BD5DBEB94CF4EED04778C6C44481F83EB96ADB255C5081099765833FD1677521A403450DFD0A05B750747D9701F58B25749961D542164C229AD235C1DF4735584CEF478CD6362709E3CA86C654E78C17297A69C2B26432F2EA2CD4EDDB265304E6F37794A84F0E2C74209D55B7E2DFCD64B34025A6D9EFFACDA6598FA2D1BAE26FC0664218E9CC4757F59DE8D7DBB56A032E5F1D8B0BA1373EDF2EFE6BDDD84744A5C6B4CE056AA4CB243ACC088D3B28C77EF0F0800A581E22DF7F4401D43E735808F9EA8287788132A24973BF39848C42064D2640C51B3FD695D0B4E9F876AC325013F9C5D4D72FDEA8F1B36F70048B5ECB537EF3ECB18A3A90AF67E4271DDD51D0BD347695C549D3232B5BF3B401C
T=0

[20]
S=$B1F4AD137
W=$12ECA28B97544D48E1070933CCB0EE1976B522B3A859A106520708D6BBF749362780523F438D4CAA74D939E63588436B2982AB2D6BD06D858E6B3A86739A0CAC38A4142159183F9D431C488E62B976412130C80237CD20159C7B38E6C1C3C0655EA0D4B692DD173090B2940BF3D6EA735F88D52D082431B52F290D161C2BD786DA63A41B9FD8264B1A7DE549893B51A460CC4FF567C6C9C0456CE6FDEBAB897E35F006C3230656490579D11B
J=-$1C98AAF066BC6327EBCCC5C1FE8C69AADDD49032A3C7DAB4BDDBD4C81952D3027781F6636E80F2D3C7C642FF427959149AC00343FE5A4A0B8EBAC410CD8D31D87BED0764D5E5143E18C4B0C1A44A191ADACD131E75B7381FF59319FD1E915DF861D713D2DAC8F8E76ECB7D5F6971B606461EB19AEF3B157263771B5B76D56C787101E5E28FF72532F06FA5FFB7F8282B912E58EF626A6DD11F13C9636E2A1E065038B82BB7B03D279F2C711EDBDF95EE70DF6D217F918FF1B2DEF97FB829A6D003D7BBE79BC42C64AA126AFA93D64B7CAE77A1507BAB0D46E652AE385F483CDB8F5D34188CA6CFC6CBD0205A2436898447AC369519E223B2DE78BD9CA61DC5D6B792600CC5DDDBDCA6CE08430EEFD1DE7CC2C5EB2F522807D751078F68FB464E9FDB665977924FA3D56B676ACABBCDE06E4E81254AEF14D0299566F9492E8C312972764D13E94A7400349B4F5B48F6FC505871010EDC1EA
T=0

[21]
S=$2EBC84C027C
W=-$2BC9308AE1409F9CC54C321E36F46007AD861D2A4F4999C0EB140908468B93E104FACA552A4E05E03D2CB6F0DFF63929DF96F9BEA8F54ACFA82941E14CC351740A0F65FD35589D88532BDA990F4C48FCD2D7F02B60A25D7F860F6FEFB409EEB67306FD51B09EA4566973D7EC2CC5D006772C18295AB9A02FBD323CF427A81FFAA5866C182D2D2055E871F40E121E8434FBD46A854F0C0A87B9C5852A0B441609798D0E4D3D974671764
J=$336B212F04B9D9C9BE6269A1FC635844F9167CE30600EE2ABD3E8B39DB07A6E7A20A9F764FF2C593C00248ACAA11BB08CF3BB055F2ED6A05EE59C7F7001A9E288940417CE7A07E382B3845A34C7081F53A984235DE10739706AF8922A546A66E9594560BEE554E194B03F914F8957E2F32096C75CE20FFD5D7D9195FDC1FC0566A206A1E051132763135DD2FBC295391D94CCF94946541400A03D6C2A014EAFD37D2BFFDB9A064254BBF07BB726E292D54738DE3865A52619CFC2A962F247A85A11FD02066EDEAC912604C49E397C4605C34504A8397E15771D56858156BA1BC1A5AEE5297E5E0EB0487245FEF4FA7988D18A1055215A8E2D03A15505B0A7B328B44489F0106B4783BDD49EDBFC6DAB45B3F078C6386286591420BF54658E179127CF9612009FB7D3DEB436E2F6ECB511D105A3F6E2EBEBF495E47B8E76F615BDECA2890B37A1FED66E7D7A7DCC9D1804914ED
T=$1

[22]
S=$7B9951A57
W=$D7C326B4D6AA48023A46B8EEF8442D8E77F743C9A92F3E77E051BBE9C470F5B6642EC3D306A0126F351AF13438E34C6B36A10E220C6DEBF7A872B739145B11EF58D25042F99629668BB2B5B07D85374B61901632202C22CF78E997FF4E38BDF17C9019C7A550BAF4DED2308D19892811D10359A67D0AC93A4114CA830BD731800F2818B2A6732667039EB3BCA5931CDA8464A456832ADD144CCDFE1A95F712C5BA80C0147F0AF5
J=$4522ED53BB4092A9F088DAB3A6DC1EE36014AAA0AE4FD08E649710CFD6B8253A82CCC69535C89870D1E2974841BF440F8EAB1D116DE91405065B261BF1AE29DA5BC059195884441EAACA30DCEAE4E62A32FC81F87B6F39570E63D6E742B1305F9A1A1DFD150573F72B3E0C60C0454524EB7D8982D415B6E9B22148410E15A644A4AD341A82606CFAB710EAD8AF41F5290D4A1C6FF0954A8D72BFBCFF3D63580931FEA7CF36010081CB019E65369A1F563A67408349F62F3CBA2ED5979AEBD2733FE2D69CFFFA6D1DB477B419885F136123DE3975270E55A265BF956325BD807DA1374F4A8DDDB5ABF777E6915ADC04A23820BBA796CF8F985087DD06673D1B1E5EA49B7BCDA4B262D5E440046752145C33BB89E981FBFD720497B5110D7F4D062CC5B1A0CB5C79BFF2A3EBCD7FF7C2E8FE1DCE24858624844856B78E6B67A54BBB941E3DE649786D09AB87414DA
T=$1

[23]
S=$4515A19C53
W=-$78A01E7E7A03A16CC84C074B97C15EB277E36F19B88E8FBEB01FB3913E70A1C984694B918E00164D558F11B0BFEB403728F63A8E07E150C3356EEC28CDE0F6872473E3D5AC76927524D357F637F806D9248CCF09F3944E7BECEC002545D6795813840E3C6F5750162C910F8BD342A9EFE68C5C66C4D9D29DBF45F57E7018D375F9ECD3E3F50C1630BB60EEBD6024C8E15C97A5F9DC046D7ADDFDB0619FE537CE1335D6ED5F
J=-$25B99CE9593C702C4725CD47C371CAC842BF4428724366BA34E0668AB295165FFE446F5739DE1251DD671C0E60E6FECFECE4FA67CE188BC40FDBC2B5CB53AA2D400593EDF542A581FA48D8F3FFE2506DCA8E566A6B07CC6016D8A10B8139110129ED650F485AAD8B67AB01950280A24E3CE48B58593E4E76B53F9C457C78D919168C0611BBA1C8B21E8208363A5474D0635EDFA7836BDA8CC21490D9E74CAAF262133A4A48FCDCC1A2AB58CD6560AC7979165D62AD2F20C73C58AECE507A79BB9FC75BAF4CC90717C33F92A5FAAFB4765E40CF5EADA8314B3EF4CA3AEA46D38D2749225C69E09746ACAF287C6C10EB16A2888BB16B1A919EAD9AB26E208211F2AC59E3239A439440BBE322B13B049A1EB37F35A99E9B4DD5CC5E6FA344F0C076F79277017E940D4C8E8D2466ED9FC1BE9E6E9309E1C313E4A789EFDEC94803A6FF856B236A0DA30C19A
T=0

[24]
S=$1FA69B4
W=-$10A36718B1F78274BED982CFA4A5C1A1C247019549FDB225074EFF4E60CBCB4C571ACDD8390533B9FC2012988DC50560BB120658E6563E2070BFEAE897BEFA171691E5AC54AEA8D1BA318276F753DB98314577DB50EF0A3C9100E848603B185C2EEE5152E8188B925CF9EE7AFFD2516179DCB13B3A7D230A37F36D33EECA368A53907420A0B5A0C344DF6426E43F716196C6A6A49CD701A3AFA49C8BB834E8F1C323E
J=$13981CFFB5144E7FF7536B9621CA8293E73E9763768D1BD3FE842F92B4813EBB450938A3F528B286F98BC4D34D3549D7EB84FFD15914AC0387783E2DDEACF0311634280AEC3676D15654EC1D089013C67B4838608DBFF453C367A09EC8350BD2BDF93DFE2FB40B549C5FF7DADB9507CE99F516D5D70E836D772F2D4BCEBAA6DD726EF7A32D89900DBE715E2083C801206CFD58BCFEA6657E024A487664639A6A6604CD8C39B2D04678698418FF9E91EB895EAEADE499819F8D3BF5630F46535B72DA114DD6F987A0C7B3056814EBE42155A54BA55844CEED6EB3C9366B7E6DD0505377BB3D08EE95A900DB83C2DEF4B4D267C133056074ECC3D2DB4A8331748A9C1E51805F087CD8BDB871900A65452E4CF6C0B3C6BDF2F813F16F5F0A95672B0213186F3F8BBEB030DDC719D32F36761AAC27BBAB3DAEE7D044A98DEFCA79BDCDD8F6A975
T=0

[25]
S=$2A58611D3EB33FC
W=-$823123E43D4B758BB9EDB68CA7ADD81948BCC088C5CCF6776B009D9FB70CC3FF8AC4FD92F707ECD563446D6BCBF2C08E900A5EA00E782A0168ED6D6260C5D56B12291F26434B2436E7266EC4C5CBB035D5DAE22DB8BE7CCF24E867A240610BD1DCCFEE3F773DE7E6197CD5AA77F5F675CB2FC51FBA86536B05FDC6E125559EE9454039C95417B18527D4883B5EFCF1C96B728A60E395436CC88A27368B9AFF3DE2
J=$9408A39D3515300E7BBC8A8499F1FC4DBEABCB066ABA09BC3CFF35D4DF1A676B1BBE1F81E7B3DB9E6F4C8CD3DC601E9C2D8D18D23FCDBCB3D86822D84F2A00FD7BE54764107A0DB916EDC2F9F2C3526F2F3433495EC85BA34AB60F287FE8A4A2D169547C32D6B18C358646055CFD5DC22246C4EF9AA2785CA9DAE966AB2C3F56AEAFCB2B5F81C12961581DF302D86C4CECFB99D9328450717483E76B516C4C5252581AAC39FD2582AAC53A1C620DE04BF7EEDE3C73F12754C6E9BB0991E1C9E7CEC27D4EB0898FCEDCD783282DBADED7DF5AC624B276324EB249E2064D58C02CC7C405BBBD3C33BEE681743BB36043B10C752B8D0513D57E8F49342628D41EB6A4245580724FDD644E99BB4A4E9F9CF71891D4443887A5463479FF09D22B28F619799C5C6A2C861D6CD4C6E48714705E488CE635F54331AE12FB7321AB0769DC30C
T=0

[26]
S=$41C7DC
W=$21A7B763D5C5866A5CDE9E2084113D1165327820FC0D73437DC11ED2F677F74268AE1CB1B26E6601B905B07D894620F6C6B2B20B924AC43BCBA2CA757EC58F878E21D335C02858E38A267C3145C93C9356FEB2EAAB7C6CABCF4D03EA27DCD2FB7E5A008B5DD52052444762D224F6CB96A8DFD8301EE33498BD14A07DD6E77A7CF3D334A32A6E86FF32B93771BF7F2DD9C40570A7EEEEC4813D4E29E0520
J=$4F78CD551BC22620C7A35E81B3B2C91C7D84593D118121DF0439D77A3F3CE62F3510212495BC14BC117FBB96255482FEA79425824C5995B05771E021B0484DB19BB45F7DC2D7DB969AC38C2AC550214705913678A294626A1BD173B4D81EBAE0FF046903B0A27AECAA43418A661C7D83A3BF00443CF08AFA233347B411447B8443855185E79E78E040A78A8CCA8858B4190C9FB0A4EA675331CF47C042979F4728765C84AEFAE059A9C8E3FB82FFC4222C0710DC88C30E82DFC6F940919AEEAE7D42F9B9E82FB6858147AEA81D85D469831076D2491F5E0DBFFED845FE0CF59D4E87522DA2A5629DBC9E14AC07D08A26B63F341F43D5620346BDEF10C5D409B8F5BE4A9FC4B8A134086B37A92DBBF28855B6E1CC537F63CB4938FA868D2EE18BCA34CCE1AD396E68D9BC4B9705DB164C072E4869CA59B9D98925D
T=0

[27]
S=$177B4C1DD4
W=-$C75740399BBC6EB0F87E98675E0672E7495D1D35426756F6AC8B41D8BFAB1DD5DF5482BEAD15F9D5591D926E95166623DFC88C890FD13D74192DB159EE4D2A19EE778495ED8C16C9975591B9D0B37EF3B4BBD1B1280A2B090FE22743B524E5B9AAF7585F1FA3CD1E0291FD1C234EC81128997931B27BE493258FAFB3C9EB79275C7E98CA4C1F8634B60050A9594A9CC8063D3B496CEE12347F9684FC
J=$13159EBCC85A7D617CEA396FF4378B537019F58052A62C4A523B8DE3CA873EF24C2CD4704807ACC5E95BC9375AC7D4F765E5DA595304E407B8B03B37FAFB1DB31350895B5B3EA62501B959276E1C89B2056DEF3EF3B85B306073485EB99B8E573D2D5AEE1D453CA4F8A842F2265DBA5604C2D47E8DB8005879A0029F700524C4A154BAB03F8F6CC0664FC68C2EE0A979E3C23E0E359C8761792E27FC83A401D1EFD403F3BED4BC109D904F5307248DC8A0E16F7F68071C53CAAB053582B2CDF81763B0F67788D03F799B6ACAC5B5C748A834C7BCF97EB57AECE7134291C5CB3D7E5BADCE45D663ADB4522874922AC9D03F1A8F74C296D7644C4E0648D0C9D628EF83556FB0BE8D27CF34B501E5EFDA985AC95D5CEE8ACF76437C57E33AD8C7512004F3BF30A62EB3A74EF4837B6117CE8CFBCD4BD7AE8F04
T=0

[28]
S=$CEA486B13
W=-$1C94B0998B3A8193B80E10A9E83699508551B48448770D444AF45E93ED8A09CDC154EE664B0E81648D3C7043704D3A3AA532AA4F774E29768D432EC769C0795B834D01765C2B15111EB26DDBF7D5220061B1B96B17D10A8F9AB01937622D381D36DCF3675029A89F149B7CF671A203E8DF347982EE17F48FED232D7C66BB5F7120F24BDBFF1FA1467A98579CDB89D795FDA5FDEF670829CFFD6D
A=-$D70
B=$12F5A
T=0

[29]
S=$21EBA50A
W=$BA1A96AFDC8AC702DED9F5B5CEBC1C369F5250C3061F0E8DD4AC5E75AADDE7770A55D8AD765BC93A53B9B201456122F34026FA2BF50E28B4B945987F9275E9D67BC8DB39236D2E1DC6F6FEFE2731FE9F516D3C55E333FBC2A4B89D2DCE13BEAF9C2A5E0D1075C7B9B7510E64BA874AED6D23F782BA5122C1C5FEBFF9C631BC32BA22FA7FD584937D9BACEB05CA13304D3F6B45BB262094C
A=-$111EBBBFECE13ECB1B55AA7579FBEDE57F630172F1DCBE3785F29E818346D85EF4DBCAE312D88212FB83B5C343737F324FD9E805D5E7343A5109802E2E646306E1D181AC6A64A38F46C5BBC9CC58A3F3A4FEC45AD155A8D4AE459E3AC331C7F0B35B793A968430CF6DC561782965A14D5131F4838DCD7878DE1079D427F4F8E20FA4791D8082440A0F9D512E23A873CF8D6B49D019F60C198027F7885427D8EED4D7FCF88E68E2D7C3E01818A65220BC1530BCB259F53CCB4BDB45B01B3F3BCE7290C28A6A3152488DA8FF9B4E1CF4C87560FBAFC07EC87D3F9879FE2B16C1C2B02F5D74FF4FB5BDEEA64B76ABC86BFF93919C38F49044DC944AC9DFBD899094B447C5BC43CA9DFC0950C03213B648E24C6BC2BE08AE75DD76EA0A8F7C313F6A9414BD40AADED3CCFC6BE1F2ED0796
B=0
T=$1

[30]
S=$27EEA0086F650
W=-$19BF89062A1A1F0C7401C2750FA447D1E2E07E4379AA5B805B8AAC1ACBE6E6BB554B0934B5AD185286E2847EEE49A354445C85A6CBE67FFA1A0E9A1C2432B049B4A3F4872BBB055BAADDC604B5CAF3367BD7B646457EBB74E143FB899F9D2B94532C0C139DD5FFB0A752A27F6CF296E064A8AA4897C62847A9BFEECC27F49A5CEBEBD0E97F8E0A1A2C0C003193842B81D4204ED9F5D2
J=$14485D07CB09434290F7A52E99A761B5679A6E4833174CA7C75B0CCEBDF0F5CA6C964B61BCC9C27EA38384085EF1471F85A1E531F3396DCDBF118474F47453BA2B449263CF5E274BE352282F15F8CA55B43561C599C3807CBC550F987B40F0C3C21343A714B18B00873035C5C5105124009B3D4EEC3E244E43A4869098F8209F16169BECDA1B626C77024A1F0CA75F302F80199305D932149E691A722E04CC1942CD397DC8A86ED4077ABA2F9B2B0B2BCA50B112E7BBA5376E5F43CBF43907665796A5170D2E31B5D56DE6A39363C42DE7984FD31704B9707E444E13057953F855802035B4E50271030BD65ED7895760C66ED5D311E875709772B03BF644011AA7C3E9D959F861DB1B1F806D789E1A0845B96E169D2080C1FE325D93AB6B2C5663E1307CBA6E08A7B6441A
T=$1

[31]
S=$A2
Q=$A

[32]
S=$C44E2C1D0AC
W=-$1892A20DCAE904BFF447E576EE859EBCBF95E74383DF08F3C252BB13B56BC0FFA73860A3BB3C596E0F772F899687767A2E9BA83E70F7A759CC23DA86A5940DFE30013B84F9C8F7FBE9432E6BAEBFE5F6788BF69E5A20DF7D462EA7C1D91C107B85EBCA173386BA27300EB6C476CEB3B5AAD57E505B8B958F44AD383B43520AC6D396EB530F239269B17F1654326E094C12DA2
J=$4A60E24AFE2DD4E313C4DD509BEEF8F077999DA1ECF5198B2CAA56B257A255EF807965C0B4BFCA977AE8D46EA5EC3CB5CCFD2F049D9CDA684F71E372EB2FBE822A51502B8AF98664BEB4B99BD75DD2F2FB049657EE9D63B8F06068DD76F87AA65427BF5E8335CDEC567E13D72C97584A66F4E9CC3A73BF49733FFD413BA2A94B6FE163D503B41FF5255E1757C471681195F8312BB818373D5DB85C04743CE4E9952A00F91737640330D21B5947FCEA4C39FCE3B9F4EE0C2468522B2EE8F0C58D1CB74752830F4B62C5522D55A627034D03611420D68E8EC956559D1E7BC5AA17ABAFD7E8780764981D85FAD096ACC2B02E07CCD439CEDFCCB3A6A47018ED2AE8C4CF5E1B4B0ECC99A509B55C2CA548B11EED0ACF1568BDDC5927F3B6CF9C9BD2606BF3CD
T=$1

[33]
S=$6E0B2A050
W=$27904E2EB0246B72D21264E10CC7E66461D1C8E2297FB9921B628A7307212A1257E4D22E8C4A60A6CB149DBE43488F639C9B81F1ACAFA260D640736CFE1B5B3498244E3EBD56E08A46C7F5B039F1DC225B28B7BFCF0EE359C4369D2BC1A2E42CE8F6E2B71CEAD9DB0AA21768ADEDE0E6E9B4E4C76CB3CFDFF9DE6F73D7B57E5EC1577EC16D064C70D7EE874A641E580
J=-$24ABA363F89E0F23F6F685EEACC7FDB448984C75A31DD9AEB0A81E40C6D07B021C71796A251CEEB657F85E6014210C89548D28352972A686A252A5AC87FB51FA11A31FAA4D92C62260E3E6D92D8F03C28798097A3BA7D6BCADC058F66B8927DDABD603E50E658E25F95404665947A1694E885C95B0F9FF5BC2EE19D7AD8E84294B669030A71F4DE3FA0DE7F3FA8C9D75D74DB41020B7F1C2A62E3F8A883A5B73224BE89D14B3D5822D781D438E026BD4759228873D62E8E9C9373F7C4FDD2F17FC6A3869E9150B4A172260CA14AA8B9A2BAD7F6D678AACF56A4B039DAD44DF32C599C160F581551872F01C33D67D7C5D98202957FD9293686833F346F8EBA82F954A77FED40307E6EB8833D20AAD36625BDB9C40693CFF3AEC4CDFDFF890D
T=$1

[34]
S=$4ECA5483F0F
W=-$26CEB873EED99AB3D931F9324BE8893F0C983BF0689DDCE72FB743F8231615F6964CDB0DCBD8F093DA5286C38BF2AAAF2A03307EBF4C6213538B4AB91B3003FCEF60DD05262BE9A6E8275FF19D356ED6A65AE146A08DD17FD7304C7440C6A1FBC4D731C0C55C101E41F98E12E149F2B84A6B9DF097A1F5EA22F27769D5BBEC36E468198EF439AF79877444228DD
J=$1829838FB914FABA42E8A28BF3C0F00E3DABB8ECAAC0D81CA1CEDCF350A6AF1B74B983F5313BDAD27872F709828BDECBA4C39C4D07775952E065F24C8B8CC61CAFFC535DBDBE23267B30CE433F8B36E3BB56BD58BF7FBBD09B51EF48F5A6F903EB04E2F22B307BBEC0889FD21B3573BDEEC78E5240346166F48F05A945AC829536AB4CF9AC020B7437BD6BEB559CFE00FE780EDA42DB3E7ACE6EE2CBCA980C5E79E47FE3D8B1AEB3C1AFF6D9CBEB22E089CE7A2C068C8C77D5863B3624605A0096112E0E7F6A025E1BFB4AC503D15A57404D04161A62CCEBBB2559D38857EB53CBF302C36339DA0ED357044C0A60BDCFBB21B3554568BAD9445D7D27B4BF8218C290D312DB027C7A234FB42E570805D83C1252C40A9AB84DF1A6
T=0

[35]
S=$6F2A3A9
W=$B16554AB77482A3C6224A1AAAD3DD55014D44BF204E1844C259589363AD73E3DDD7E72CFAA90EDCB240094859490BC840F587732C44078648E674157DEFC9FEF219D4527D52600AD550654627DADFF3BE1A0B8E892B533AE0E6E88952C7B092D6D316A66FF8519FCECA03300BEDF6BFACEAC163DF1B25BCDBD6A91FD6674D917E0C43DD09CAF271CCCCB
J=$C684AF992F1274D9FF6ABE3ED1E0DF974F999936E8D95F59F4FA04305E00DE61FDC2B4D359615301570893F3BF6051CD51C2925D44ADACF4C74B980B66082AA3E85E177A38EFE6778639C444A09827B2C26037224FB9F89B88228CF4F826AC673F6392A1A76C9BA08CC62120512BF2442CD3CC9CD09F91997057BA2093B039151B272AE11E088EC6AA4478D7AFAC31758DD7392238FBC328AA5FD83B09E8D868B7C28665137852F75F85AC6F5348E87158377065D3BFA7F90E03FA10DB812903B6773D1DA65F1B940C2AADCAEE3E1B9B7A0764A1EA7CCB962013E6C8980F5DCBCFA180E26CC4B24E17755F3847F0A5BFADE57617D11D4FA0E3FD05489AB845A4555E6312139DD72A2CF69176E9B203B6D04ABD660
T=$1

[36]
S=$2EBA0E
W=$5B311D8C2DA47BB65F369BBE004B060637017E10A36155FDCFC473BC538255DBCAD3C2AFD0A2293546712ECE66C4EFCD8FA2DB3C8EA32BF185A308D298CB3C6235016AED168CC2EA54FD299F076B2ED97ECD678C30E5BCEE1CF3AA123D717292D646FE699B3E3495B76FCBA9DCF8FFF84F33F96D3C2E2AD61865BC454CF3B11E28BE8FF4C5B289C93A
J=$566ED70DA622CB989949BFB1D343BBBCFA8A2F3E29EB90A68A3952FFFC33374116B8F7588F1526DF6535FDD34CF8D8964C1E330DBC34D97550A893E949C49968AE6A06A15CD4BA4E125DE7380F91769E586B5BA2D8A21234499D9802705125C7631098D0833E36116D6E5FAF05413F8D6D4811654151197BC7608ED35921EA8B0DF6C33C52612BFC004E9E0BDA2E89FCC054CFEDB639DF628273D6DF1D74EF99033305FBD5D3758DB42AC309079B501EE410BEDA21B3D85567E82CBDE1EEED0C006E5120CCD998D0FD45E0F07BFAEFAC4BED4B72E488E5CB28B814138769E63CA9D19832E5A2859D1DE94ACA854BD5D8D2B8892648D602B431AD278DC0B616FE6F0BBFF1A4D3706418E6A9CD1BBF24CEEB4
T=0

[37]
S=$21B054F33B
W=-$6E63AC70223A70F8CD731CEDE5059AD7D13E08D730A2A509B3F5D923929551401B5C758006EAB717DF275F631436869C8D0A1C8DDBA8AA830352CEA3BAABE1B684988FB142928E2937B3B3D89487EB09D5FEA0C9FD32828CCC07A3404DC1792A0EABA2481ACAAB27AA271659625536C20B760BFC34D4B3EFC15D6A16F0D6F9999C4340D8DDACD6B
J=$219A84BFD4425E16E3E1703D90CD75765319DFD3A984CE9A4EF72A4F78E8A4DF7C13D397DB381B7E19F91AF4D44887882E57674508DC7D020FC28CB98311FDEC2E44C9B7EA47FB19271181D8A5CDD25E0B41F2F626E976A372B14E65FB6EB98F76CA1EC77D20F19DBB86DCC1FEC1FD9D2E4628677A7B257F7B8251DF559B28254DA94F5B5340126B37F1589A27A17086556F1C435980FEAD26033F28D8641C69AAB0F6258F278DF1B96181F85EFCC481217C6AE1F591B524EB41CBAE0E36B1859ABEAD0B0BA7E307EE955021FDA7BC6BC76F5125BA9A0D608B496912EE2F90434992E0193162AB9C11EF37848B7B5FE5BD2FFBF141321870967DD76ECEA7F7CF1F97C6798D0733CBBB27309D269423
T=0

[38]
S=$BA3B999C8D
W=-$1603F93236DA55D0B82E0FC2DFB4729C752560C1AB0CB76C8386FAE5249CCFC45CC6E109AC589D4831BD595D029B13455900CDE0BF814E4BA5495627C1AE059B6E5DAD95407F6C18B433F89A92F2696541F4BE9E32F24F37192FB8840504B62C44044A619F6281CFE87008EA94ED410CA6A35CD665E02DEE6AE267153C732E888EDEB1FF34B
J=-$EFC438CFBEDE5629F3DF334E8BDADC9D64169C2CC00F8D61F0AB58B03C566E8D1E8A31F6C45A6562FA4E661E0FB2CE5160181E5F47092884232859983FC2AEB958D033029CBE1D2D7B99567BE3D00DCD6A69BC9BB8801778CE66E85D3D5E98D34230BF6010E202964DE5C116A2C6F555B0AF00A9A456AF902F191E78F88A8D46B7E473E01F1D340A0EC64F7533010AB0A64BD82C75D32CD87A000458BDAB8F2B14F063D83717E2FE42D587874502318E09A5A911CF11ABC6C83E58816273A23F9D8DA81FFE9921D9381FFBFF9AD3CFBA87E63DABE648476C2419269071D2764CC10CE5DC3A1035F949BD21E025FB9E80670434915790B6A82858381773E8087CD8B9C691134FA5ED2CE4
T=0

[39]
S=$117FD04
W=$31CAAA350D5EBA5823F35929389EB69B3D5A759294381E281513E8077856F71CB52868B585B53FADCAE2AC5903F7FD3B0606E652A5E708E19A06D39AFEC726B8EECDF006007E95AAD3D0244E4D5DA38342C5DBA8CC60CF1881AF12A279DE93F3FB4305DDA7EA6EB0A5683B0323FF54271567B3A127843D308173533A5620A283E54A36
J=$300974C9E4C900300142B0DA9384475968142063496E55CBC05E63A68138652841B516C5FF421B4B958596773706B23433540E863A6F5386E8F9F00A08D56C089D210C40DE801FDF8FC02F9820672A97BAD9734105E9FF78A60F1ED19C37C74060030731214EB8F751CB9C174583994E072AEC58F95B948CABCEFCB02F73E7192092543DB5E58C348F3C2E5E79ED14DE7ED6BE35CF870D8112BF063710315AF71DDCC2C593D047BC592CAD113993E256A38B7A006A3D4039BD9BD497FE95EFC962C52C30EC3052E53E40A108FF1DD2E52F4183825643364056BBBD68809E964ADF898A26F8AB645BDA81DF21C706AC7338A8073D419D383E9B2EDA5B8210864847A2043244
T=0

[40]
S=$10C8AD7C
W=-$AB7A3EF1FB0FD6B154A0727D97CF8D6B5DAE78036EBE1FD4A7AECEA8602719B25131FF2A960CF85A3152E8842354B20075DAB3F2986AC6AAECFFAF8B18BB12AA8D88C48F9F0BF14B7864673B70C6178D1123916FAD17ED4DC47436F578F89E079870ACEC45D0A2D8C0827C33E2C2FE92D17AB5B61C57199C7B45FAFE1378CCD14A
J=-$C074ECC3DB030C5C4DDD5A4F518ECFEB6E73EE5735CBBE01E438419BA433F73F0A79E8E74A6D5A9BA95FE029A6F539261785C8F24731150AB8B30C0EF0C1C0E5E2EF91EADF5DE61C37D2BE3506FFC268736ECEC56F89A682A87556EAC96DDACB2B25FB71FC0F0A2A81084E6CCB476DBCCA01168CE970486151BE6DBD7D44A24F407BC6FC9F27D9D22B86CE7EFD37482CE54730EEF89EE5118D294DAAE4B637E0A5660C205C6EF7FE7F0C592DEB6937A06704AEEF65EC28C09EF4E73988C5416A95C09E9A322EF577F0264838BD1E99E7F2BF56EE9A05A7AE13638455B89AF1768E5DA75DF16579B6D57F5064027A1AA6911809F2F6A06599E9C9F210D5EF020717FF
T=0

[41]
S=$99AC46E
W=-$1C148E038C17CBF8BE1133C3AB6BC88583972A8E45927B4C1C27C30636E75AC6507F85AFAD0B92A6C87AB999F0C0CCCF320DE6EF2783122AB7BB2A9FD29BADD838BAA5AC78DF861C978732B5A2EA68910999112A359858FFD826252CE05D688F30BC3E2F37B5EE712192FBE9BC452ACB3C25AF9A63EA1D147D2304F169AFFCA
J=-$1CF9CF55191A75589CA95621F8463D41AF532F3A914C5ED6799522DC19F6B42FAB7EB3AA741716262AB22CDD47743B58461315EF4E1844D55CF951F93ABFECDBE14877BEC24111F5CC88E8ECB7F7AB926AC4FE5F65F7A120FE4E4981FC68757E17E0A6A61C368DF9DB87504D446723D12E73355AD95C59113833DAD282465F6817AE6FFB87EAA8C6AB7E271DC6D39B469B13490DBAE22D350AA1FB36946250C7C4AA2F5940641ABF251CFF50622ECDBEE43E836F6E9074809D7B6BE49AC9920613CC28198D71E5F4458603CEDDB24CC74F84AEA1AFC51DF27054903D522342FE4C7E289727322F48140079156A56377275D650F99EF1693D76C57AE5A627
T=0

[42]
S=$425E75
W=-$D9491CDD8F4A52735B2550488792110380689CEECFBEE5928D99620C76E3582179CBD11AB7CD07AB70F5019BCE0C88B8751BFE3E0EB7A5D601B943C50DE30A6F3CDE0757D70238DEAD5907F84E74BB94F52C87B7D72D2E36F3BDB177124B42982F418714CE4964D4B879D5987FB2EEAAB44874C2BB225DB8D02C101670F
A=-$D70
B=$12F5A
T=0

[43]
S=$D0B29BDC8
W=-$87FDE56D71A4B20F5ECBFC9DF00F0B945BF1EF36C2D5FADD75DA105C63C78ED621204CFB9FCFCD5D87F9857582F3D55A2E3623C96EA866EDB1E77EACAC64B406892B5592E7BC33626A1C0991E01BE8075EBD5EC270F83978841A057E305E680D7AD56D8959E0E32B011C5DC79CAF4D93C4E28C19D2593161423C21DAA
J=-$767105FA0FD9E2777F8FB69EACC71E9C7CE9B1999A9D6C18666405EFAA8714EA3B191BA70B70DE932C5E6D56A81F81EBA8C28169E3CD15202C5A90213F9144876FD34BB2FBE00ED7413EF4B6C27A4B5B315CE8FDA908F547C7FCB2CC678ACDD3141674F32781125508E8A650C5446B154F1A41EFD613C81C6EC949B3616E597FB0D6D6EEBBA245486497C989F7EA8B2CDC8205903554883F3267D95ACDC0A96B647D128E0CD396041D5D0E79492185DD702D7F60DACA64A5982C45095BE4D9EB92ECBA82B97CF4DFA6F28CBC72C5F2B3C5F81FB79B9836DBCB77250318A3BDB83BF900ED3EC04B124B3DC3BE9C459978B25BC84031394B94F
T=0

[44]
S=$83E8B2EC
W=-$5C228C0C8B20BE3B9A67A7C56371B759850F69895A3504712B9E5DAD696211303D7541CC67A0FB61147341F9EF520D6C58DB8402C53AB5846DE93995594E42C73995B7CCA40D810CDED8953471F2A9C11293A14EB75B3D16A1027912D64FBA1899CDF85868F96909ED55BF4B589DDBF1491E0F0701EB6A8B5230
A=0
B=$5
T=$1

[45]
S=$2E66F899A196E
W=-$310209FA7D946457AC6C9AAAFA872227142F21BA76A248FB3E36852759B8530E6A0488C633013B53B6609997B8CE21B605C0DF5DC3A75FC8932F524AF2AE5AE34BFDADFDC81923CDCD6D37E911C8DEF1E00E00B39FC83E8236A244F2E2F80650DDC6769C7C75C1F8E6C9183F38FA7D902EFF8F29D248B9C92
J=-$B327F0598A396563714F369809EFED8EE9CD5B5A8F54DA8D3CDDBE5213C8ACB1195AD391278F0F60E3C28ACA42AF069A0D6214BA3B0F81B3153C5613C4738F6E52B063C5B1CAFFF8D5C72960E2B16B1561F879BC4378874FC047856AA1AB4A551E15F6BC5D829C59060996C5B860338CB8F93C3B3D93690C23980CC3ED110E10B767DFACEBC72E2446AA5BB443376E3B58B6C2194C45BBB78BF012EFDC4BFF41E4BB955A2BEBB79CD56E2AD7F8A0B673DA07316DDCB87BACB4D91CFE6BE67EA1FE3463EA950C1BA6E3C6CFF92F56D9FEB58461408287EDAD7DD2491643B615A8ECEFD2394760BCDBB38E1BE7052A2A6C
T=$2

[46]
S=$5B8F4F488
W=$1C327F348885C0ABACEDE2093B368AB7EE37530F18C7841E81DB7B79B2E8A48C92EE7D72AE650D818DA29DB93773AE3952529DC675AB94C433B067495BF878E32F96ABCA4C7257FD02DD3F3652CE5B25CC8133C496C78344E0B77D69A0E6A8FC3BD32EEAC5606712485B933C46D892B2F4A4C1E3684
J=-$5639FC64825E44BE86B043214FCFB1AFFD8FBFB42B3E798CE08A6CD924000C777DF407293E78391B2F809CB4696C4292118010FB192C8FE6CB29C87A604AE7B3AE33A1F968E34F9D7BC94B35D022A6BA65470CC837D81672762E760FB74CBCD9D3A8C23AAA8DDB5D0DF477EDB4A7E7AFDDFFCC8E692C325F4F1BFB5DDBA08C18CE0FBABE6C5828066275E03B6B52F877E55670BD77882F067B3C12FEBFE153BAA219456079FBF755BB7E1738A75CBC496E8A2C1CF3BE83A78B82BEB8CF78CF7D707ABDFA185A35D96430F435CB51CA0D98C56D70BB677F51EF880993F40220D728C8A2DD2E9A721BA340
T=0

[47]
S=$4142B902FBC363
W=-$CE92E3A4528473938C5E46D856451C889050FFC785A084F227BE72ECD7C128EF08B99FC70953F4104B02BAD171C9453612DF4D5A735E4072A975D198FF4E8E94F933A66CA9D80E673BBCFD9B3558500E1DBFF00CCA378D63C185E7F9D653335F51F2CC97624FD397051BF33E883E046E14A09B
J=-$6658CC47B8DF978EB427EC98E4A34C145D4FBE2E539A9AD983B98077234772ADFEB91DAB914320B3003BCE89758334E9377E952BA1D1AF6C29526506D5D39A646FA1C851312CA9A2B5C0CD9AA194B0E2C6B7229315198D8A146312D29E514B734D35579ABF6B607245F3986F9AD06FA6681BBC4AD35FDC1E7F7C8E9BB414864B0636E3ECFE80816C523E538D87171092B3F2213C66A75A2747003B8EA295FD4ACDB7B831C4463A98A3B7AED38E4474756FBC158116944EB1DDE10DAFCD5262E55A80025BFCE5080372CB62A7CE3BF84C2BD26307C50F699B6DFF7A12C6252BD5FC11546FDA
T=0

[48]
S=$C293AC
W=$30499EC73F520F17DE0D2F112C3655073F6B9D1B73597ED2DCB7DB6B35FBD430412E26272DEFAE1EE27459B2514F19A4478515FADFB6AABDECF821E39A154397330ADE1F3DF15D3808CFAD500B7BA98F452DBC9C081D9DC78F9358BB8F7DC7360BF0B8F0E46CD8161F27C235CE42B24
J=$48E9DF0706D439C5A278BB94AA99CD67CBABFF20C35D4A4A09803F4610859E6BE128986DE87133F73516563C5E6A6A315C57C530FB16EA7D2CDC9C0377A4E6DE3F8D8C99CC51ED45592DE00A44A749415324B0EC7C977F9C21FE3669D06DB8B1445A64E08EE2BCECDD1D945D765F071DF3FA827A0F60448C136C6EB4CE13A39915C8B63038D59D5911A7AC50164454D4DD995E1CD35BB718748A3A8517F3C7D67438EA9B728C24F2F12F5F4E3AD71C36742632E6BDD94C70C306ECBA54CF08774780546127132D8270A2E731DCE1CC5B72A17242CCE61C34831E7C48DBBBE9
T=$4

[49]
S=$1566F638C
W=-$117281E1C24F1C16472CD2BE446E9A55102E1DD66F97F0BA96EF92F731B80FF8E195905494E14ACAAAC2F2C90C7CF334C6BFA6A54F1DABD4AE54BFC1081E83FD3A9271475B36AF95282129B67DB40E10F8D6EF7CBA4EB7C19A8F2EB9702DFCF31D47BC8040CA53D2D9447BE92E79A
J=$43D897D16D2F4BC0D843AAD90C9B0258F679EFFE35B158DF218C0A3F2B7E2025BBAFE5B5B0EDF01531F4AB82451B8EBEF694555B713704F1ADECF0C7DDBAB581C28FD5E41AC7B2A16CCFE27F1FD6D7ECC93FC81983577D31D26EE12673796FC3000FEA5048EBA42679F51019E15FA2C9815206AE6E36A28B5E4D4F876F9E31C74169609D0923B3AE1DB8C54B8BB77B0CC4F2E1350843CA3F474702287E460F11272B0BC89C4AB8DD018FE3FD6D0AAC9A55F8536E009E88F9DA59F71EC8F0AF8D50D6618A940D4B5AD89DFFEAAA62F68D90F8EE9DFD46BA24CCDD422
T=$1

[50]
S=$13AF740C10
W=$100115FFA06B92E7A0575C7ACFF26F65E2998126C412E975F4B0B84AAA02732B16FBBC6E81C157BE8BAEAB52FC19582B412C43C0DA956AC143CE759FDA7564CC2EE3AF662B1041FE7FA01CAF63F725ED4990E1BF4C7463634CEAB05B35A1C91EBC4C7671FAE3FDA09927708CA
A=-$23
B=$62
T=0

[51]
S=$4D9DB
W=$2A80B8A04AB73E60D9F9A8D503A2347CA89DECAF84F25C3482FC23ACD91248E7174B02B309DC73356A09E206F201200BBEC40064B3C5EB32725463A789FFEEC013355D08188EDEE7F4D6748AE0D7F3D19D04AA502FEF8D0899C7BF7A510F489FA6BAAD84148C070E0371
J=$414987CF7F92381BF30016472D4E36E267EEC776259085CF377243194A33B8C0850631788E2A691942370801AB5861E348E200374E56CB0584C58DA1F02ACC907F97DCCCEA902655E48BEF9F24F5CF2B7B313E418474D8CB9F460F84B29E777FD61EA60BE0CC162A5A808EF178BDD91898BF2C8903B968E6D89351136FC4373E74779C007C2C254FE5F752C1A82065C76A82FE986C4090FC9866B94D5D6C0D5CFD02E17CC7992D345E668653081F9E6E55883CB36485B14A99A94994F51BC5B320252EA49C510B613035FF2FBA3DBE2CCD071B2
T=$1

[52]
S=$28813D
W=-$27285C7B3AD0E331752DF0473645F8F9DE3673BCE0A8D546812AB9338F6253EEAB5E033F651F4474C791FC3DCFF825766426EA259EF2C775F9A3D39DC23C09AD92400825D1FF85693D9D98C3C961CED7E947F7418C0E3642993198FDE6587DD5A1BA695999310C0A01
J=$1F71B31FF68F1F9B5154C4C92687B3B258CAE037C25D9DDE0F8155415E5962A6D806A33231E58E186C0CE1C9B316BC0083A24E4657618372263911B2AFA1A1D58F5BA87C3FFFFFB1D26524F8BACF74379D5A6E6DF869F4335C198F262A05E7430F247492DF21D8B6A8265A0AAAC885B7DD274EAF5808ED6663CE827FDD391615CDA68396697AE97F642A49C1C570BD25DD9B184B01F24B876DD138B55BA0B2620358CFE389036ACDAE6B7B8C5B5B26E8CD905C8662C426F8AA17A6C76125978545E4B119F263958B45062B5688A87386AD
T=$1

[53]
S=$28AE13B51B38
W=$671B714D1449A8519762FCE6ED250ED437C53C9BCF57DC3FDF0C9590D910877F921EFE879F132FBD25C222364276EAFDBA2A474CB9C68B4F2F347ED0CBB3C9A86EB4F6C2A6C9E9BD8EA58F82A682ADF42F3653E9F2B82A69A33DBEA020546438EF92A1E2C80F3E6
J=$4FE3A88B960565E1A81D73DB64D49ABB0FF3CABDAF8AECF3C69D828F2AB4D5DACC11A71D2F0BE18D2014D905783BDE0BE573605358F76D0EC02FA238B13D74913B657A65A2433E77B4DACA64574E5E4B40E2617E2EF3608B36C7415EB684DDA55AEB2B4C780231AD63D56E89CB77DD3AE074B379D6B3839E72F31559EBF55F55EEF3F8558935A73E168BBF23E334939499334799EA30ECFEDD5997B7EB7A62901E8C53CC38E517DB8190A9B92B82AFF69BDB12EF7E4E819900C7D6A0A32F97ACEC2210ABD47BE3E1FB80C06EBB0BC
T=0

[54]
S=$102999EDC
W=$759C62EC4BD353B4A3E2C9926609E9C6C44A64E2A6DBA2A92E93031260F7DB9A2794ED87112CE9CA1A1AE2A530755FE43A31509D46FAC22FCD5B65110A5F709D42F643AB269D0DAB70079B2D2C6997E587F8FD0B24AAF0A9C492673F76F89AA28341987AA
A=0
B=$C
T=$1

[55]
S=$2B4B89D81C20
W=-$1BF38230EABA54AF8E61BADA41179E71EC112BBF659DC7C9C65514E47262A9CB96EFB0907C2956CDD4CAD3460687C04462CBF0ACC51302D87E431D29F369DF669ED3DF20A961121488E2942D335C1C68CFD966975B35EC4DE03CDB1FB7EAB39528056
J=$1BAE1F6553042723EFB962569609E3D033EA5CDF7DC99BE2B9293E26B6F8F1C8FAED6D14FE6DC7479C7C8BDC7846BE43FE613302981E4173F9B480590AAE0D6F811FF412814351ED3BE76405FCF0488014BE17973B07A512479E98A46999DDA3354054B3B5AD9AC6C945AA885D9188407288B6599CAA4E66A743CDBDFC3B88083111E8C428111124349057B29F8E936E48E63163E2FDDAE9C87C89187B4B94E2821EE99A790B893F614849F6190F69CB7049E654C6D30E9E75A3DE615E39CE037DC0601DD1
T=$2

[56]
S=$70EA4F
W=$1B001B1D20FDA66085961CC1E9FBDC096A04385028A2FD163DBF24ABAA10791332AAD3020BEFACBF6D1CFFEA2A8D3FC16CFEAF782A34C6061BABC1A6EEACD0CE77F7C9A394B8F3044DD13B10DE7A07E96D0520D01053F9E186BD9E10962095A3
A=-$98
B=$2D2
T=$2

[57]
S=$25AED4
W=$186D74DB7A8E5F543CF153FD7EF6C0CF18E572C2A61D397399AD8E8F9706CDDE51CDC2F2EC71B837A35FDA784549517EA244EE70CEBA23EE5CCF332B59AA9065C59E31CE49C09326E8EE883C9E6130CF27348C395AE6FE519B57CD86152B8
J=-$B47A5EE39A9B202ECB39BF6BCA0283AA09434120FC2ACCB413FEEB18E14792A7240F9A4D8E2E7E9158C06776DF731F645ACFFE2D52C3130A0EF4403B47A989E8C4241C3EADD43BF7B95F76A15F61E64E802FC61B2051BB2C6A5E5D7E787012BEA3F7B814F00CC15D53A9E446C32444F8C0AFD39C20DA2FBDEB9E96B1749E52D49423012E5E1D41AEC3BB7600FC844AB793055EE11442972DAF208DBDC1C6FED78AE89B7E66DCC56EB4DA8258919BF68186070EA2A4B92D6E3B5CD1C6
T=$1

[58]
S=$34CA6686
W=$1F50A25319A0050A58E04688B8A6BFDA3052223DEB74F1C0DF5A2092EDF71DCCA7597A528A0809EF7EDF560E133A477437B0D0ACD4499C0CB318D04C0D857422EFD6F6A8D9EF419A269FB09D00A2D44A11A39151C3FE9BEED1C36E5D5A
J=-$2E2A5BA072D0CE2939B204B7F909100B264746613E1DE9E76A5548537A838E656EAD0008110607B72E5D977D5AE3094AC05A82CD89B3BE434F7978D3922C2461462A739E754750F3570BC48D5749D312ED2B323CE3763DC3A382BD0ABCF641E2D5A65CD265E778632661E1A860EB1B9461D21E33A780CE010CF2C7956CDFE4CC8B4FED6871F38CD650A9A121FF134464F63140467A721808720EFAEC667AFD07DF5456015942115C4CE082D525DCD5D3D7A95C8756A6F1FEAC
T=0

[59]
S=$79F0EFB
W=-$4181DA15F1F29D4AC4516354DD6BBD568CC1C0CF579327474623DCA75E431F38439E8C8AA3E4B3F9D0A300D84F1456BE06BDE73B8602AD201CB3116105E9E4A2265462658B30861AD5EC8D9AAF3D94144468BEF9690BCBAD019DAB
J=-$8EE857438C53D75E9ABFB0E21265E716A11210FCDF073188178EC9DC75FECF30229279B7664963B353722952026DE9CFA3E829447342B5734A0EF89947618930A78232695F4E95115AFA64BA73777872520B736A05009A294B2187143F81909B7E01DF8FCBC58CC03D89D9207010ABA9110584E7BB49A834984E0D210CFBB17DF34AA145C144F2DE43C8828A5C7799588DF49FB5E37399B27DCD1D0225ACBF5A3119507A3863C1DC30265E9B2B01A755D596C5FA160
T=$2

[60]
S=$AEC7AF60C34
W=$664439FFC5D8D7D50E48C7B6A0B3DD685EF97D600689C5195B742E2B4F3DBB7DDDC517795EF303B2BA689819C2AD183A45935962B1C63773DA3FD7C6E7F3410070EF69E7E4C614D646FD581E5D9276E5BBAAD286D2508E68FAA
J=$3D229DB382EF16C6A92483F940D6F8028CF42B3C1DD96A2F681B40ECB312FD76789525A1F7AE8FB10FCD59C38D7B777EB7759011D6E609A220C1806A2F37AB5DD46D527A86F2BE554EFECC3CBEF3CBB8F6C5EC27EB59E3E43B9606DE47CB7740850A1C3A9FEE46787AF0C8F0B9435444308F789099B94E3206A0835DFA8E597F207EDE7D87B9D448D9409F0B73671ADEFE6B4469E72B5FF9CD35AA811527DCA7E8B05DD69B7CD75D8DBC855232A4E47E962FF
T=$2

[61]
S=$BA666F84
W=$FB3703BFF0676CFE905E560976FE959CE5A0BF6D78FE7EB92BA1082E46CEC3713C0E5936827058399471776D005090644589D01403B02E9329777BC60F0F289F26419250EFAC428C5E3458C8652000CEFD556D913B8B8
J=-$65E71BEA517F122DDA154FDE337A6770B018CE5003321860171676233F597905C970474384FB2507A5BB8DB1F9A880BEFD7117693E04D8C2A436A8640378749FDD8936CD6A69725D786EA9E1D0A80A87E4473EF2FF86CB3FA1C25728FD641759759FFEE1FF298F6B0414AD2DD9C1CF36D775EFA57D412F702300959D75971A7AD13C084363D6EEAB468085CF584D3E01A265D20276A4181125112F51E944A661CE011B4632F9A44D470FA18DBC
T=0

[62]
S=$448
W=$DC2449A21B7A263D1060DF0683D0B7CC68C94B68E1888A2D24B4E38197BD6F6572DC95F99B66445F36F26C5CAF8FD30A5D345622EE59FBE553B3DF2010855F06E099CC1300F841458FF6A332E741467704A8968AC
J=$BACF1984A65B3776003A193E3590EED5001BB2F124E84487A8BC92EC9DA3C453570D1423E8F66C49ECBADD6C4778F537F2364DBC34B85784215593EA8EEDEFB6DEB7171760ED463AF6C703980D212547BFD275117DA14115ABD92A299AB2CABE936A0620289715C06BA74A78DBECE8B20DD94F19A27608D12DBCF969D53B122F5BFC58C8D5C34CC5D6FB8DFBE662ACB1E83E08C1F353D239FD63499F3DB9BD7A61AABFF2CA25A1BD48
T=$1

[63]
S=$2C46B4108
W=-$9A37F6CD6C48454458E09206A4793831D8809A4C84E20A5667D6162C9B1FF8FEE45EAB8262754DF06B397C7A162F1AD8CB965A604297546CB80B19A1DF7015CBC0A899430E8119052C70102CD91B6171D8C9F162
J=$B945EDAEAF3362D5E1E8133C79C224437D067C6857EA75B527BF6775F0EA2A3B2869F67348DF7F341373911C9843E1FC42327C3F4D3BFACC74346AEB186681FDAEAFBDB1125FC8E429A4F407BD756C4D7DEC93EE6FF6F3C8298E45C75C5A8F315A1AFA1B8CDFA60671DBC68B327CCE71811927F3156D5A2478548FD3DFC97BB4B412E720F15073B7CD0551867A7E4ACBB075DC6B41DFBD1861464E3EB1925AA2D36F4C469756A54
T=$5

[64]
S=$589AEAB0
W=$65F0BF704A99730E40F32E92372CF3B17B3481CFCBA7039A61C3D6740FD01AFF8E24547D30387EC5B85F3A564CEFC67FFF53466F5F05D8928F69DBB0721EAF5EE49151ADAEF629C2683F9361F32D05B2F206
J=-$E76A7B9384823241E14E32DF697BB521B95FE03B491E5803417DB91EA54EDDA2A513C2D7C36C09ACF15C10F1652B10D15CF3A0D34BF5089DF0728B1EFC04B21D25D4115A11EA76D4A5E41BF9A5903576A88BD02988D69F3A0C35F6BE3573D9824A5FD52F946EF23A3F8BDEE8805C9DEB72F8DAD71B8B4DE99D86ED1221936DEDDC1693B27B53390D5DEB048F7D0ABD73A3F27E06A95B3B478694A4E00E46263624D7D78
T=$1

[65]
S=$3C793
W=-$11DCD1F81436A64BEA77AD4B36C7156C4354A4BE51173BCAA5DC438E94385DBDC69A64D03395A0CB1633C1E1D9643594F88B253CB1D3A9C7FFB60CFA6E74AEAABEC9856F85D815288F0B14A5E9145F067
J=-$23B7CD6E67A2DF2A63D6F6FA97D1CBBB317BCBA3C45846EA68DCBBE8E0666A9DE9EF8390DF743EC4C69C9873AB1075DDF6EDEDD999B26387DD6967A72CC8A78876EEF2522654B344062F593D9A0EE6FC872735CB136D4EBC377AB89F17412AC38D98E6509DBF2676D58FD799AD74C5B5E36093EDAB2F5AF05E7638562DF117EF3C94D2B99D2CE66762A5B14EC1C6739E97F8D88198B35528699ADD75949AA796
T=$2

[66]
S=$32437EEC
W=-$4BECE0F5ED314F6191986244E28867D331A2A31B36D7DF363C09B504691AD024A1BC20DE57583427D53EE4FB49F7BC0D308401F51F6DBA3C5DEED295162951654D6FE5378FF81C29F0E6A00D7BC66E
J=$35CC7878F2309EF7497C16850D99D53F71A82A760C9147D44205C9849945F85DD9CF14B1E744F7B9B99AF3743B7A1B6FC8007712170ED806FB57C3B31AD41196342BB3E78993EC29E3C014C4C3AE954BA06BC7070AE50695FEA65FB0F5893AADBD8A2B66686894EEB3DEC239180E678CB7DFF64670C9BC9B6885ADEC2D85E69D5F9DC4AE6A113BFFF24FC331621E7C12E9C0BB53713B312B97D9F651CAD
T=0

[67]
S=$A649098911A6AD
W=-$193365F91B5ACFD240F7CBD8F0DEC07614B22448F1BEC5FE9A3F01DA5DE3C9C1721E7D67408E3ADD631EE45C1D75DEB0D8375ED1CECE79B1D37ED9D0D6A6A67FDA5E38E0CB5C0D02E8086BDBD6B
J=-$1E039ECF75477391BF228C08C4C741625C08453AC2ACB3CC0E7DE4C727067E7E53ABA5F642C28FC98B40316A2A7D7AB4EBD5BE7773D2929FD00B138C060782D375440FD875E3D665FB940FEC97ABAF4640E4AECDC4544805ED163B6D07C3E4CA70151AE19963F9B285C5F8D6537760A0CC3440C405070D7880B744E964444E7900006AD2059AA7DDD80CD7DF7FEA5A2D43CE46D8931230832274
T=0

[68]
S=$AB0A65C
W=$1E96F1BEA1AEF87BF72B9D06AF276E29B6AFC4FE983327BD8DD4A3AE8E8B9E94C1C7D9C99A40F8DA6FF7B61E15580DF6036A109B4304706F12335B1874BBEC9A9BAD72DA921E3BCDCD88
J=$2F7D6AC20F047BE84D632425DB9299606E442BF632FF4C982D07FCB8DACD70543AF635FECBC137D10D76F99CC66AA4043B589EFDE84284629CF7510D566CFB6EE5990C09B86E5688784F37FFD247B5AEF72FC2ED12987978CD07CCEBFAE5C9DAED2356DA74955E909C4A7583AC7A112BD5F27A75A7F0038B512CA25DFE4A0CABD01C48A67BEBF7DDD3D8DA6C7CBCE53111BF0B
T=0

[69]
S=$2CB9DE
W=-$3167309DEB78E122CF12F781E9EA4E95BC03EB670823985CCAD5A80C5A107EED5A9D6E78447FC2B27457CCB184CA1E2B656BC22708771BEC0DFA6C5F5BFBA292EDEC305A9E8A2B94
J=-$92C8BF9E44ADCEAF03F4728CB73C962B4D83BD8CD083C2F898316185254671935C1F31DE166AAB0BF54BF5E628CD1A54AB790AFEFECD1D1A991CE8DF9CD5F32AE541750654618819C7C9C706AFFD3CDA5CAEBE1B38B5C50489D3830C104B18FE340660593341D666973F9356CECF14CAF2827B49F0C8F0A4E8AEE7096F18FF5FB308C407392FF986F487B8BB656D3C5
T=0

[70]
S=$1A64A3
W=$15F43B36BC32A54A8EE91550F5E2CE4426C86A15D1A3BED39E5AD86977FF28B15F0742D369B961E91DBA948D67EBC913213D55BF85D5B533202EAB0803C5B0805556BF410081C3
J=$12F49104AF3E77167C18213D00702115CE5D88E17EC2E9590745C5A79F52ADA05ABCF6B96D8A439B328CC2A55E032486C786848105302044A881B574370EA45C9B8FACE61DFE9DA9F0590CF34D9BED46B01D4D9C1F0767950930EDF73E642983A76938F7445C7E3B886873D64FEF1B93B0998C7BD770A265C3BC9A0E16857C6BA5CA931B1ED375F3B1DC306AF
T=0

[71]
S=$145A21C91E
W=-$43E085454835AF74CF7F34E8B5B36F3CC956BD54621A9BF914B673FBC784C4FB423275B414362C05605F562F2AD65FF4855EC5C4ED805C4176FD5CDCF53379A778485F51E7A
J=$1BEFEC1F999FCCCD11A08D643B442C4228B96AF9C2AD7A8841D71FD0F88AE0D81100F49364985D52B71744C1A8C53CC2DD6135B22A3377F2C7E5C17BFD0AD4E9B21100BD0E6D04B9A4C8ABF161EBB29E8F2301FD92037F969CEE1D5124BE27275227E581C5D6BAF61F45E009B6BCD392C244CFA7D5BCA974D49E2D9E193C7BC1392146B912FB9F37CCF69
T=$1

[72]
S=$1F4A6F13
W=$38F387C320C8A247E4AF58FE122256D09CFD394EC3B46B7DAE0469049D9C26BC279806C0E33DE3CC45B0A969B0FCC6F0C7D3EE491CA9ED9BB529282442115881A46257
J=-$5E2660D0141B34BA8B2B6494EFE9DC53F6005EAFAA60EDE5FEE79B56D3FCCA2684D5DA772D223F5AA5FD989A167301E47D55BAF3CF9BA5320D7370AC8E6B151DDEFC8D77813FC2AB90546BD22D574382AD3D2221A372E8AD0E689291C8A7A8C1F269C810877A98AE7AB66F98204C513F9184D87A78CFBEF6986C615DA5A8BE1D889C45BD7C2
T=0

[73]
S=$ED294
B=$2

[74]
S=$2
B=$2

[75]
S=$EA53A
W=$14B68585723BA6740AD914C99A6ACF340289A8F402E08070A591DF1ABACF29CAC7C74E24A1ECEB968B3E74539A1B69368A1EC03F116D7DBFDEFFECC2A3A5FB9C
J=$487FECB17146375C9E2FFF453905D6E80DEE3536F3ABF6494A1E6E3B6913C36D8F6EB3DA1DDFF52D0801354616CC8FC6C48C018550EE8425420B965806F9280EB8EDA6A0CDFDF07A6343C056322B53E2A4463A1E951164380BF85036C356CBD221B948BA0D0CA7B3E7BE3C989C2CF283C73CBCB8695688DB5D8AF6B09908503
T=0

[76]
S=$FB76DB
W=-$AE64CE950A30734D77AD86EBD46C38768BBE52126833E4B561DAD471E401187FA2573DE3B230C262132A77E0435A8122CE079B60F207AFF9C3DAE2279B035
J=$1091099DF89864ECBF5036CF212758E63B5DAB1CAFF00FE56CED158E613686BDE822493D0CA346332C92E3C822C1E0D36CB49DC3E2516A1F2E7357B80E932F4C8691B66EE2044FF4C0AC5D103D77CC1BD5C6CE0546C41F1998C120DCD47C33C22BA4B67A26CF339C895B8E043789B51554635DCF43690188E3369F1193
T=$1

[77]
S=$75EBCD55A9DBA
W=$2E7E48683124D7E7FAFBCC05F837C47F750D39765220AEA368C03BB26121425D2788A4BC7A66963654A8381225F76E1844BF717B3964D3CDA14E8B864E
J=-$3B5D346A4711172F2F545020B05C5CBD9EF9715FE7CC803D12E6F5C6BA76A842942C75F5C8CD6B8D889DEC87AA08A22E1CBF8196BA8E395C75CF78D1140269530AE6AD0EC5E0CD31A566F8CAA98A0CE8C63258C35909F06FE9CB8D090175BFAF40CC1368946BB03142A2E1A87A70252D750BA4DE137238E21D3F
T=0

[78]
S=$524862D54
W=$C97F2B78D4340A5391E71A0029082BA832C61E7D57D3841973D8DFCCE4BDCD4D316D4FA4B9441325B137926CBAF64F8356F3DE542A11F11D1E5E
J=-$117650929302D15B039B8272C2A12A5FBAACD943E31EDF7D6E2B0E4458893837EE1E29B459F59982AE069F1ECE8836206270DA572142E8F70C23B706BF51F7BB3490B89BF757A2CA49E9E473A146168A625668E05BE3A0CFD6152902BA9E841B8126A9D0FE7237CA0EC17D93AA603782E034C716
T=0

[79]
S=$4657E62C
W=$176A05DA140126A04800524E3B7C80D5AD3E3E05E15D91AF902CBF985F8E3FD3226EF753224D3A37E21C042B04259081356C733D8EA4F8A4
J=-$A87311142F54ADBA539417ABE21B4812C85994B0B7E9127803CE02803215281A0369DE61E2B361E3BCBEAEABDC5D8E9A1212C313E85B27680846D70F97512FEA6483B7F84E5656E8A542F72F1A488D9CB42A0730F59E607EDE76BC0E5B8CD2D19D2396C27F050B325A8D788960DB28
T=0

[80]
S=$3236C019E9
W=-$9121B19B8FFC19640EB8FC556F96A147D2D373670752E5E057DBB882D78D506E71FFD2499C8C5C5F91D98830B335A70B89F1A154F3AD
J=$411FD11BD83E33BC108FFF2FFF6ADB1460402211DE856A4602520ADCC751FCE1024748469F5FEFC6672B164C8538B0F681BDC68F08FF12D7920025769FBF3038FCBD3B47F7D891FEBD71FD6C3E23E1EA9CC3C86682F06458DC95EF2427B7A7C1CA829682C64FE76A893AA6E
T=$2

[81]
S=$1A31B37
W=$139D8C0C64F8216BC6A3CAC5E9D75979DC12F935D97E8F341A85C072360B040E3E83B9AB6AE137C6D8C60EDAE7B1CB1AC5070A59
J=$2F6AEFE748FDB3E2C5E97A8C60B3489D2F190A2ACDB6B7003493788B50900FB0EBD52F53DE835532B8D1965997DDFBBE03A7C3FDCFE00A8700EA2A6415BAE925027A54ECBD88D67078B218DA73E266ACE97DA6B1B0885FE3B3AF32B60EA912F710B82A9D76C61E
T=$1

[82]
S=$69B8C
W=-$F201F01CB9E42137D633BD3D5E90F8BA3FD1E87207E4767419738535BC025FDC5042DC514A80470909F19CA037DA1E0C8CCA
J=-$160018BFD5A60963ECB422ED387C507B089546FD279ED8E6DD47C95AF76CD7DCF12487E7C0E9877F86D0A8D80CFE38C82A2112151C4DDDD9FF5AE1CBD2C8C24390BFC5F3AFDAA0A0D30728B07038679C94D8813A74A191D0386D1380B84498542A812DD4
T=0

[83]
S=$611977C437222
W=-$616161BDDD6045185A8AA32473CE3AE4AFE149F457375D303B685D91A0DCF65D7C6D2FD8DF2DF9FD1F361224E0B11D6DF6
J=$C7C4ABBF299CCCA4DF7627267A9B971FCA574CCCBFC962349AAB440A8DC059883A951B1A1F961FA2385A12BAE46EE5B9F0642F0E066E5ECE420909EEA4EF53C2416DB0376C242EFC22BDA0A68C83D5236EA7EF381A8F881B8D4BBD90F3E3E61777
T=0

[84]
S=$F4100D
W=$2D71F73CE98D97E0F851E4E5DB840794A423CF4F6C1B71973828918EB7F96B36CFA03F067C9D3AF7834E779BBC99
A=0
B=$4
T=$D

[85]
S=$441F5532EE8D984
W=-$166B829C1DFA093810DA599C098B5915889D4AB32D35F02BE61FFAD84937808DEF6CE508051D89772A586C644
J=$10ABFBF77C7908EDA4F1E9533F9ABAED8D45A348C91FAEBE86DFC19096914713253B9AF56011085934A489F15AA09FC10F4C944D28C433E1427511E1A38F291F6BF2617428C2ADF4AB36600078A0161AD655376CD77383FAE
T=0

[86]
S=$CB41AEC0
W=-$16B515F72F07ECBFADFB838ED7076595A9B22AE6BDF4FBE74A9BCB535E56A65A51FA392EA4C8CC5776
J=-$4A41AAB38CC35BDD82C121AE5841A52DBDAB052065EDA5F76061BF159A471228165C4B8A78D9E883ACBEF3F2A160C57A077D507B9C8CB130FA5C6ACFD5A5E7C50AB1A9498EF6474DAD19EA6A0890ACF9E
T=0

[87]
S=$4AF5759EC864
W=-$18B993A5710DC7AC8C55479B4DDD3ED8F97264F521E4D09AB45034E429D8CDC4B26A9685073BCE
J=-$117E64D704E2F9818C7BD1BBBD4C7B4B14352A2366E81A3691759DEFB6866CF25BCB2609A0171227F57F790E398DA9BBFBACCDA882EE1189655A0FAB8492788C11B49D377D5F08B8F22EE5E5B2
T=$1

[88]
S=$4825FC
W=-$1CA4A2DE5070600B6C56071E2382D85FAEB0B7BF5E1A9EE9EAC2084F059F52A01D6F9B96
J=$84F35B92449EED3A57A95B31E166E0C9A3B9C9F36C34CD3543CF98C031C6E92CA1C10D3CB33E3EAFFC3BF8D6E322CF1636ED083E75A6BA812B8008105B15B59B0E3909D6F174BC
T=0

[89]
S=$1D644804
W=-$20E7301735D0FD85EAC125CBEFD14A594974F1A94DEE1C2E2207904C0FB6828926E22
A=-$7328
B=$1DBA42
T=$1

[90]
S=$6A5F5880
W=-$BB659006DB52991207179FAE25B5376B48B6B3B2D6E0713AAFB31440B013B637E
A=-$1E
B=$38
T=$1

[91]
S=$87735BD
W=$2D9C32BB9442153AA73B743E9FAE216ACCE53990CDD77E1DE032A3190D4EB
J=$BA9CB08899E740D5E22F6F22C90BC1BF75CEE523C469F6CF317D9074591554FBB4D01EFEDA5A1D15CB25D83390A419097B68BFF0FE7A6C7F5763596E5
T=$1

[92]
S=$8DA2D
W=-$105ECD1DB89FCF4ECE85FA967013132B9C8F4437847EBE9AC3834FE4E9
J=-$7530F1B05BE7CF88A36C4F8186B403060399BBAD00715F0D16F64AB8F046D152CDA8662F42F6BAA8CC045C0DC04F9C9F425824AF1583B093E74
T=0

[93]
S=$4A4F3
W=-$B6426A19DB8BAF9E22C982A0447095F18EC4F9627F11FFDAEB73503
J=-$30847B0751921912C4CA4003AB2163067121D4D4AA7FFCAC7334428982B564459A58E033239FF79FAA07446F6BA8984195A0EA8DE6A703
T=0

[94]
S=$1146F829F
W=$1186737323E95B1C34AA440F4F7C6590F872DE450C03AE3D6C179F
J=-$DA64518A32F3277F57E98812BD9197E196794AB187CFEA72B2B54034982E65823240151BA5DABADEE4392D55D3041390C6041F007
T=$1

[95]
S=$2728013BB008
Q=$3

[96]
S=$1241CA298
W=-$31B39E92ECA123450F656FBD5EDF3E286020F907777A
J=-$137C838C74E0BAC46136D6ED49A819366C9EF869C6EDA2254141533404B32BC35C64031F3089BCC64971A02
T=0

[97]
S=$15D94
W=$FF861C29B5A3C11847CCCBEA2B1CFDDF40657AE
A=-$D70
B=$12F5A
T=0

[98]
S=$47A34
W=$E1743F9F5DF1AD8FF8DDF4777414E804F537E
A=-$23
B=$62
T=$3

[99]
S=$247E10
W=-$7A7959972D51D9E7105DF8BB06A8009935A
J=-$38B696BE67493B54F144202B6A7E93404DA7ADAB1F841345E7B132F0CEF75C6127840E
T=$4

[100]
S=$8
B=$2

[101]
S=$103F59E1256
W=$5C4CB0F4785CEF0BB1E2D4B05AEBC60A
J=$1770573A87B469536A546A4142013636A84BE241DA17CE50F573E8142252A0C4
T=$1

[102]
S=$2B3A8472
W=-$13E0B51BB58D81049476B4A4596A
J=-$17ECADD7579353BF1CA83F26D7C48DE0E380DCC2F674D2D9B9473C
T=$1

[103]
S=$B1F2
W=-$2CD35D659A9283B686DA2B2A
J=-$338AD65A4694F5E63182B491B415AA70AEE8533D585FF8
T=0

[104]
S=$CE4859C3A
W=-$353A1903F1E6E25B98B788
A=$11FBC0873ED6AEAE7C0313610BB7324C98E58EDC773
B=0
T=$1

[105]
S=$114
B=$2

[106]
S=$FF3D22
W=-$E43FB4C078C52514
A=-$1E6A9ABF0EA054705BED7598006CAF7A
B=0
T=$1

[107]
S=$4EC
B=$2

[108]
S=$6F728
Q=$3

[109]
S=$FBDC
W=$2AB0393564
A=0
B=$10
T=$1

[Signature]
1=$8EEF8081A5F90A57BF56982419966666D78F653B90984D37
2=$03D36ADEC6CD8A9A854D456AD8CBB1338BD3C2BF466D4C80

