[PRIMO - Primality Certificate]
Version=4.3.3 - LX64
WebSite=https://www.ellipsa.eu/
Format=4
ID=B4977046F3C9A
Created=Mar-28-2026 08:42:09 PM
TestCount=116
Status=Candidate certified prime

[Comments]
Put here any comment...

[Running Times (Wall-Clock)]
1stPhase=37.02s
2ndPhase=6.48s
Total=43.50s

[Running Times (Processes)]
1stPhase=238s
2ndPhase=47.43s
Total=285s

[Candidate]
File=/home/lappie/Primo_Missing_Farm/Missing_Group_Prime4.in
Expression=(4797791281515011781318+720056643+3)^47-(4797791281515011781318+720056643+2)^47
N=$616BE0CA5B62913D30770490A22FAEA14B6FFABB2344CE4DD21F3FE0F26A5C6E85619D70EB90BF7A37050CCBE8EB914E3AFBDDFD4BBB85F8CB9EECCBCD4D5FF1DD1BE7CBBF0D0F5FCBDA604D8CC20C22ABDAFD360BDFAC49F737272E25C17FED053B6F6315C3953A8D940CC1CADE4723B263512A251F12546E78FA5DB86702A5E4E161AD98DB1CDD7FE55A0B1B6D7CDAFDA24CB33815DAF948888B6CEE82C07DFB2D69CFBA0C8B2A1BE76C60949EE8B5BD1E3D89C9F235788F139BFDFE8AC7AE74F04CE03765EB6EF5BE10FBC919EA796E96602EA7612BF699F21AEC5866EC8B1743911F1AB9452D636236DC06F80A4D3EB4F19C94033A308369B0A868ED8A3F23278852D09165A5F65FA038A7049DD0C92684CE8E96C9DAF7E656252E76126BED6A8800CC2307D25AC0DEB4922CE69F5DE7C4F0C0FBC6FE6486B9558BCD6FD92854625AEE9F4F50F807A7A26273038E9FCF29931DD07162DFBE185B583E3689E0A8473182F1F3C97E20D9ADE210FEF72543790E658033317B04A7F254D9441AF1B6B35E4C8C240364BB6DB23B821EB85E6B0DFC553BA5E752B6ADD1FC4F9D
HexadecimalSize=830
DecimalSize=1000
BinarySize=3319

[1]
S=$22C01AFDD1
W=$1ADF011F4241F5F3071AC382C3DF55B6399C71D67D270D53E5CAAE8D46A52418DC09B48C1EE8DB82C06C757DCD6D657CBD4C138B9D6240151D9FFCBDD4AADF4871610A104F2E20746B4208954574898DE18ECE2193FAA9038D5B909AD8724CD17BFD06C3B39D7F1D0048148CEA3571275246399F6F1437E5A02B75D1230001D1F22205BFF7280D1169BDC0D749B02B9445C7577B7712355F899F38346B7698185767AEFAF29E7898A13DA42AD0D732EE78F6100BF9D5B3D8CE1C01EE927724F631D7E073770719D5085A4C2D3979D67
J=$243B115A6AAE0AB073901CF961E6B0F7968B82EB9D8434F37C826A82DB61E78D1CDA4552797A60B78B09241FF5C19886DEB7F9340B54ECE86C0577F79DE7EA23B0AD3456F23CC2A03CA7CDFD27E2E47AE24130E2D185B60DDD2E65C48FF14AE2CBA16AA1A713D292A75FC0598ED4CA848B8DD15FE3D9A026C113518878C7FBFB2B45F25CDCE38C1BC9D4CC31A95AE4616FF38F990A252D5870630444346D15168C56166FEE5DFFF6EE149940B1C4CD2912F73959788BAE4CE6DE43DD308956A289C8A44805F883C249927FDEFF8886B152CC204BC2BFF7C91D0679432E69CB7EBAE130313AF9F4B9F11B1917B9DE75E8167649390F9043B1BAD6C911C83253C7CF9F72E223C6449C6CE412BAA1EFD973969762ABD50CD2946DFF5ED73C5EAA70B89271AC98E07489C1BF344645367F2A44073C22A4E80B29180B37744A9B92B2019E5D1E9369BB96346DE94E8B400D962999C9DBC3768CEBFF9598058EA1862535DBCB6BC157487B38AD02A400464F810952B916D1A43A5310ED36219D7C3B8C1C0C58D1E2C672C44BA9EBD345974D0F8D8D6BB62397FDA49FF5139F39801C
T=0

[2]
S=$2BF9697D
W=-$314F24A3401897D2C22A7FD33139799817ECBB13862380C746456CFC2C1860EC165DAFC1EE64B80CB325C312BAF5A5AAEBB7831F5A6DABA313B6060DC0B1D0B1DB4FF97952BE88EDF2B1EDCFC1D49BD3091195FDA7158A365C14773D7D228DD8659AECB67CE59E9B60AC131C6AB533BB516F19DA153AAFB2F78DDF3C49E0A3741C0998B0B7CEFAC2845087649C04C064D9A4C48E53560CA3FAFDC3ACB100B43D747B498B8E9692F7C36827311765AD430CD43F677675E71413BD75F85D4E565BB8FCACCB054320C1F97625A771F
J=-$BFF3CC874A347C41B1D192C630AB3B97DD2F49CE9706834D77B2558518A6106C6B3DE21156AED4CD38DC6AB8D6FC279213A2FF75531A5DBF9814979F35CD5036C510A6104036902079873E8A517E74E2D17DCC8AE888CC8C9BFABA3349F7F525A9514AD3E83C5B0ED95EA56734B3E6563EC5D2A0F446D76983075F36FD108545E43CDE3C870DA5F65934684869C8F42E3F225A3C9D88800EB0702C363A2B09B7FC26C296F098B12B190D0111134AD97B85E9407AFDE1E9455A0717AF87C6869F56B9D68449D7D612917ABC537E09AE649A8F11B3DBED256499CF24A5317D35E70092400775D379E5D03A2C6978EDF42556D6EB68FBAEA685170C22BF2A599C18CD013995D7113C590D0599FD18AA5C6FDDD9E5C4A4E1FA883B73F32FC2723FDF074C4D635768BFE87E797B6511BA7BB01CCA8189E9C852375E177EA4953BB2861F65E5745D7DAEE36D865D2366D74E08B4F42785AB987B2E4C063221A5939A4031612F3029F6D03BDBEEB9F65FA36E767ACC07849298AECCCFEF723908EFB1B18C743C34EDAA6232F2853DAD9C363137393345AE2AECB66102E7
T=0

[3]
S=$1859D1834
W=-$1EF46805780DECF36ED4BFB047B7EB7A7A8F658F29ABBA9A8D59B531E54BADE223289D1D6EAB3BAD978D7FB0C5A0E1BD6FBDC6D461E2AB6075F82E4AF7120B1F1AD7C9E43040A522426E1761124E3E3F5A26188975DEC6EA91543E3438139AD6E6841CBEA7CC6537BCF00165C2CB5D647BF545F422F880B022B92D30B4335063DC417F8118126E962C9F6AF7EF607DEC50773168C1C1558B0D641E373189C699EDE965B8C647CD681F9DB5E15FE36018715877230ABEFC997706C9546CD18FBA1C67EAF57EE147BE7FD8BE8
J=$26FAAE31E8280424340EEB244007B3A0FEAB1C1D6AC871BDB42C5701B110F3FAB2680A0C79EE2CD1E764C0833A2AA8EAC299820EA90A1B8E12463B7B8608FCA86824FA6491D16146FA4B7BE3B4E58DE3B1B8E2844E03685E74ECD6683415CF2E0D1E62946B2FBB00CEBC6FD3A815116B9F12341EAB89FB1B612E256EF5E23EE08BEA0EA7175C0793F70C9C1626A55E1E9E33977EDB1722E9BEA1D8C070EFB70C1AA1432681F763590A9F3AAC306427D4E50BE94258F6CDF35307C477D034DF259F78DD5A1FF602A12ED10CC3C49AA4F36E876F20168C22958FD8780DB10F8E1EC65EB433C42BD2C8C3DBDFCE80F49A779F571EEE62CFD69E01545677B79865EF4CB5D400C8CDCB75C40658B4992B1B596DC9FC49FFC2262E626266D921E7A169623B3A90EA12E4C34EE8B39F11C339C0278F53207EBC98AE6A2ECCF5587C1FF5F032E4FD32E97840F00E9D4F125192A1F6EF3C5BE8CCFB68C51DD16E221EA4B456A3333B601A19395CA5E52407AABFE3E4AF3CDEBC9ADA63576DAEF96F957FF19F9DB25B93CFB8B8B842C232408444281C333EB021A4A
T=0

[4]
S=$ABD084
W=-$C3617CFED4423962A3DD544E5339CB131C8D97628EAB1728A02EE964535A6EA7A497A5D8DF70BF4F725F16159EC9E938DBE93B208243D3C4B93781D32DCA5B5F81D8568E06B4AA2599DAD19A440E9BB932551CF936C2AB9CB064CF7EF50704D330D33DB37422473779A8B6627D39BE6396C01E9D466077E39BB9D336AAF6A9E0594BB936273E3C7CA1FEE3DD7EC54C4CE2FAB58A04DAB08EACC5DDE433E8196F30A6BD5EF4663FDE921649AAA38B9FBB32BF77DED90DCCD8FE2B225FBB54C9D83145881061BA1F6EC0
A=0
B=-$2AE4FDA851764D8D624388C5989F8A6472B9430B574E98C24B3F5C0AE41195B598B590E458B80B5DEE480D4276178308BDC0CB270B6F7A19C84EE29019DA745BC22F439E36E89A8B2EE4181FF719670F4AE1CB9FBC3F06380CD5946A9A48D1F3EC9D291146D63852E0A1696D81463C108CF0B79FA0CA3D78F6E48BAA51B1DDB72EB232008BF018A53CE8505D30D7BEC19F9E8B6BD51781BF6BD2D7626534FC54E7CB192CA87B705D27B6D7C7A1045A7E69DF44889877024E4092E2720129BEEDF5EEB8F58026A8020D9D6BEEDEE8581106AC584A609F92C1A8BF2194FAE4C1462B5E627162DE87DDC9C4A4D71AAA56AB44EE026650BDD381310E7F635CE68B45AE2A6F57DC0923184C99CD1AA894273A01BE0D9F9AD29F09E1355925A3280B68F612AAB3D0A77C956C05FFFFC621A99C7232D72D4D346FE34020BE19E223E66D7C621D596E395762157EEC53AE0089A71BD3B9B848D4891E917B4D9FDE873A78F4E20B955F43F84033703528ACBFCD546AC897EAFFBC4CE4FA1AAC071942D6849818C108A4E8661CE1903940118DAB39D47C5
T=$2

[5]
S=$39503BEF22
W=-$278555A594173A6EBA546A386D287AD93825D81E458887945BB8692D149B1FC066A02A42BA71E7BDAD101B53FA8DDA183ADE1C23F51F29939CAFA68A3EA043689863A3ED4E7234D3178D7E58DD4CC949945FA9E269618C18B5988BC1D2691DE12C3E4788C4D16FD3681FB9741CB1D3F43EB764FCCAEB9DEDEBBAB6563D0F83B6FC847AFE684D5D7572BF82DB675F7531219582CA4638646090B3A5E1125634D7A7B9AA56B0BE490FEFC82FCE48B511E7954B2FE801E52C4945A02A5C32AEC3214AE85127B4697CE4
J=$3C6A071A632E2DA53D200C1E3BE6AC6AAAB54B50B2E5F0A20F4AC364CE84FC86870CBE2EC1C31C5EFA579A4A846656368FCD40691E21932D1BAE6BD204D47FB77333F434818850FDB86C1ACC692B15B540C58AF841DFC8127CEEF756E5B208C11A2A5FC65A320ABE143612324F11AD27ED8305421F29BEDEDFDE227C7F8E2613A4C8B004DF21B93C7E48308C41F36FA14E1243272F79E9C7F9732E7541292A2D252579B325EEE6A101DA0AA13E3B202DABF6CCB7093AEBC451B5D5CD7FDFE09641BE1EB2FF5277903E64411FA04C9A5DBE6642FCB6FBC70720CDFE5D7C0D07CE55A638194A80DE167A390F6F814281783677CE9D64FDCAD175A595739C89660D05F0DD25D97E497E3F944A1AD4DC26EFC81440D6E0F455741E06A9B222D3D5875A286E22DDAAC0DAC09EC0CD9AB0E59F85C222F5395505D770760EABC644244474DA4D7ED2924CA1EB9E891572F2E5216C60C70BA7FF6CFABFE6AC469E60BBFBBB4216E3C07C0DB48E4CCA094C5438F40DE3C49DC8283616E6F2B3A74CB29D8CBD7AAD87DC5B2D48DF11CA5D87D18C5
T=$1

[6]
S=$3D40D4074
W=-$1030143CF67866DD401507F3375C0C99A405862844D10BA859DCEC9322FEB305059452267C8993DB5749170D7F5125ADE657C60230BCD6091F8D717B8F5717A7B1F58FAB39A43D192B9F1F70C7CEE1CE1F7F6E772E85A233BB749A56B83CB64D9E52F1452A308843728C162DE1AC6E696EEEA71AB8749D6F3FE1CF45594C2B30907D12DF97F0C91F8B50495007C3B9786A200B96BDEE09072180FFB10954D53D60CA9CD7C7D5C9E6EEC96C07CEB2BCF71ABFCB83008C62C0F37EE583849EB3741C792C8F961E
J=-$431149B1AF3CC7999A3D00E532C6F403A8C80BF4A6FA204E94268F639F3CDFDEB61EC1B58432D668C718CAEE64DE1E678B69A1B038BA9B1FD4B67CA762E5BE93DEB971742A9A962F93CDE85793F5A05B82C70D4D057764CC5FDAF60DA3B572D02591AB6A223FFD9002F8E665813BFF2F311A08D456F61731E08C560FFA5F6C2D0BBB3E36E8D9ECAFA11942BFED75D5827C87F7AC6D992694B33E85A8D8190297A241574997903D556486F4111E616B94353C45FFCEE7ADEE5916114E0F6A5E50307711B45CBAD8CCAC9DF5516AE8ACB9C16E35FA840AD90DD48CF8A272EDE0E7FF5A9305D740B9611865C8F8F0C94E7C326B8530DA6119D58F3169E9F88104F471551A0F2FAC3484590E00086CACCDA7E4FA33214ECBCFDB3CEEAA9A0818FC82BB9801D31D4811837E73FE67ECEA0BCD007301EA454BF14771DE5F5FCE20071E4FB0D731B5640F5FBD939805185A53388D6D757C8F990856DFCA6B28A9CE281D3C3947DDFCDBC80DC6B4133400A87260E108D26787CD7999A90E98C4DA34D722546236B84E26599C22D5B
T=$5

[7]
S=$685D89E4
W=-$530553F4D7B4A7BDFF03496EC32B46E40403BC8200186333D5587929ADC58F770ED228864D91D83490234FFCE57010D1FDACF677D0D3AA918C3B05F61EFC92E9C4EF21D03BA2613D44E13C276DBDE5E91005FC2122ACED11D2D5BFCE2AA27CA0AF33DCA44662522F5052F7A35A17417038F1ABCD71F06C66856A1BA1CC3B2E05F75FC12C6B92AEE13240954B5D8F28FC672AE5DD8D71FDB39F6EF02772373C67D3612873CC6FDE2B117C655D4AFC74FEB347676E0C9AA184948CD9C6744E91A45BE10A4
J=-$2099428E2B8F10B5EB7AF6914F4CEB5B8D59FDF7F163B28F54E269F66DA98DFF3CED96C84B2B1296C12A6137E3B3A9FE2B1847B2F88BEB12CA43D385E23011B4A395A7EB2F2240C0D537B1F6E317AE0463FF74FCE230836533B4E88DAF5DA10B97DB4E7B77E4D77B18280353767BD91C7C858080D80BFA634DD255F36BFD8D4104AE82F07373CD26AF1164C182C3001B461FDF134B599F036C8AE9A8F9B2A450EAD27EECC665FBF09E9FF1D52633C43119C8CBFE0F68A1D06F12E1180FE928DD6760129A4C150FECE7FAAED968E5074F494849FD978A69B9FB1B70F64E6213ED4071846BD5B0A61B77B18866CF63C66AB8C7516515069BE923A7DE10114E9FFD4C873AF4C626D929EBBA7687951A9C3BE0BC576F8A08842FB644AF1D96E4572B547DAF4CFB0B2827634DC0C33447D269538A913688076F65A1D6690AF24AD8CE558ABF557AC46F9AA86A2C971B21C7F53C220995EDE981B009394FA64E21702B95451E6ED22750FF73036AADF712D60B751C8369F02F3BAC353E663920F3629196C5645D44463
T=0

[8]
S=$CAA51A4D
W=$1AB9E56463E4D06C241C650124E587CC09691D428239780C78F8824F5D7A4B1791DEBB6AD395F96DE5C8D259B5FA186FCF7721E6FD2C076E4FF496C1D5BEBD7FA980FC5B7B8D6C8AD012627747DDC014669F3FB9A7990497C3AA48BA6A970BFE83967F03379741359FBFADD7ED5FB2B450401FE0038BF1D8EB945D821B8B66F1E3E26B7F5A2E2E4542398CC58ECD8FA1B9CFBC12B0F5CC2FA46881352B0036CEC9A610BA7A52E0B76E56FCEADE74BC8213CBE2ACCA9F6E1E1719E8244A567C58DED
J=$647D2BF85D6EBEB15020572BF1AA2D36A4A18A5B8F57C8BE43E4272DE38E6929E6218C5D27B7A2B8A565229A92379552D2BB6C8EE20042C946D2B2B8A0C6ABD1B57E3BDEE72021B3D723C6687CED0915DD50E77BC9B1E8847468E1905C20E93367B5716A383FEAE902797DBB430BAAD301F371BD6E50074F62F6BC181DB934A770F9B572769525B829366C566A30A0D02B4A17B5FF8EBE431E52F227509333A13F0668F3D72F02D11E9406CE7C0502ED79C7E09A029D7AC0BD5D7F392ECE7808A7420105BA16A6EF57BDAF0A9D21A37041C16FEC478C0F77F017FB16F62F4BECA9B1B7F94E4D10755E8A3E86BBCFEDB5FD21F1E0126DE8AF5E18150A4548BAFAF8C77D36631AC75541498C0351C8E011635FF3028699203E6EDFE2324BA178FE2B411033FE99AF669E27C64A088EFB00AA565A368A2D56FDB43C3FEAD26EB33232334036330FB069E0C75A795BDBBF41A2BAC7786EFEA80BF1E55E5D0334B38D1858E1295D65FF2BEDDA1EA0C71EFBF718E1402C2EFB6C5BD297B1526D3FDFD138E86
T=$1

[9]
S=$52B1BABFF09EC
W=-$162C9A1F3B1E1CD81C8D32EEEC8B7DA49659CA24C4CB7A27BFA0FAB8BE804FE36E068B01F30D374CE6915D29EE81B9BD720E4956238ABC462BCEFA12BDD6854E106AF76B95A64A660EB062346A59898F54C1E0D97CAD8346BB6385D71B4014E43035D92913C5D8A190DC2897CECEB2909F12D872CAADE4BFCC30CD5A1C9E47E1405BD2AD71CDFABE41210A65003734DF8B7585F060C6034453B0127C2E6EBF9C66C2379C21F6BB8525F68F48979DBF4FED3264480B7E055E6AB666D39D6FD0
J=$1377A6DAB8CF1D5DA2F8E8F04C93C607E79BCEB2C494E16BD6D34BAB86D7176DE7898BCDF99257E92B86F16EB27B26A0467019BE2C116FCE9CF05E3E137ECC7A9121835D08BD9F36762BF0D5F17055DB53E1CB7FF5AAECCB8B6CB8C0540F05472FF7AD670D3564471242EA2EB72E72CB1B29B64A82DE5217B639A70E2F4C3767429CB223FD393A8360764C830B7AD636319A5416B71B9636254EE50E423D31720A3E8B67A39C661548B4475BE931369F549A598A3254F55F9DA3B59985C63407D75EFB0B01B57E424D5876B2770EB689DC9CCB190C8A899CD140A82E64014519FDF466ABF56E8C384F31EBA0FCE127179A1484A05B4047CE816C5B28AFBD4CBD779D1BD757EB2418E8D7A2FB6B2E623870B2CE2C2DB8CF302DAF2B50CD98BABD5E916F7D5D2292B44AD4562EF7DC21E8555FBC82C58431B643CE78922EF6A421239438D3C7B530FE78A3C97F7A0E09B3DCA42F3BE8EAA638D0ECE70A0A64E879814A9B747E89554B5EC80D0B7E9F0D3E152CDB113B60D3947FB3E906198B00
T=$4

[10]
S=$525EC96BD9
W=-$3B195196B395D97050286FE9CFEEDF15D075C768CB78057571FB58553AE142EF1B923726998BF2777E1905FEE24C1AC8D99824F4B046A370BD05DF8AA418553DB44EBFD02F6D8C756B8CEDF5F3E5E80DEBBD77C9372BFC77E1475609148B20178241AD8137A9C00C3D2493E52C3DBAED82098C8F7BEF89800F49D0CDBFFC2E1C1FBB7E314E9CE53977602C0EF213E28F326D8CF637BFE03A1B841F357573FD7030BAC784BB05C04F8EAC08A78E82B831FD13A83BAC6F2A75DB586190D
J=$1E77120E8D165D756C13A73B005BCF45CD601FE6666AA49ACF69A8CF641F9F147ADDFB69786C2860825CA78362F2678CDD7785171979BCFC2EE4C6DD0CD1426A2012CDD014E8373614355832346149474C3B503A7966C4238D63B69734444B5FCE19D95F004CC3FC891C480E98397E3AFAB05E5CC6838BD3EA07E925756829C7E43BBDA6B3583DB32E0BB13732CA20B4350571D5089E598DAE2D481C7BFC6098778D66A6EED39295D16DB5FD42C996AF832312F98C2077F07FD8674C43365EAAB7D5E6918C881120540EFCE341B5710AC291B5CD987825F6344A87740FEB6F086F8A516D2692C8006D7B189A0DC6FD3319BA9FA748034E770C55022267C5587A854C45E2E7B2CB74D0D20809FCE79873D181B2749672743D747E9C85819EAA5302B70A5EA23407961753439921C1D835206ED182BD4920C33BDE3497E7E9A38EFFE9C388F21A7D14BF89AA1E220C8F4204FD2DBD822D0BFA0FD5E05EB7228DEA999133A4184422D55F24B1744006559A34244C3671A29D76B
T=0

[11]
S=$195A44F
W=$29410015B5F41E50C2851CD44E09E12C931E32274F5EBB64ACCC097BF15CE558063F3B7A7FF6AA228BAABBF5B5638A7BEE782C29407BEB83736DB4FCEA1D32C996B4B188DAF782B9DFF1215C07453AAEFC0DDA07AF0A5F73037B46324F6296735E3E2A0B1D6792642B9B1798B85E772B3F37FBD9A610D294A0642BAE683D07C515C4AC6C6A0F1A32455480554047AEE494E9DD5C0658102E10C04B72955E34EC0D101A08E4D6C37759BFAD22E593DA4407D1E9EA8CB844285653
J=$698791E661308B159860ED6C045EB791BCDE64001F358EA3775A45DB2EDE7278E343E78DD215DDAA56D386F7BF85D984C395B8585BDA95BF72B45E1BE2FC979FA7C1C3ACAF13D21BCE555D082100084069F92535B2B1781B57B4934CE7B8E401BA732FF73A50908CA5EC5CAD532B22A151285F3DD2C82FD692D0540421DF539F9BBFCFCE42991C4E09916DA9F8E0A937EC55FBB8DEE4A840587965A99E678DA1D17C3B6DDE9F2627DB06FCF441EDBF3CBEF9ECF142FE17E21D9181893E6CE5A1CF08395AEA1F49FC8D6A230790EEA7BCDE3B88C3D5320B677F2E81669D32681C878F2AFF1AD12DCA4E1F6CC5D6CE0500A783D252E1173179C1E9268F9AB224ECC63E040B06AACEAE7F7FB3F62CC54DC4BBAC0F8259B322E578B03C034F3D43EF9AD78644101AA61C4FFE7D7620E4A1F3D0F9595CBF339C8D80FE8A62F90D98BF7784192659B673B254CCC64EFE5955B286747EB9C66F4011830941863B031E7C52B8A2A4FA24D262CD91390412D08A0278B418C
T=0

[12]
S=$139462C74
W=$C0178FC873415235ADECE7C6D030DB13C910EA786814FAE9DEE1F753F5A597DC584E01F2C6F8F2FA0031C6A50C9997481C3CD3459F9702EA200BF10AB33ABC5D019381255764E4BF9E844CF1F2EEAC40F8C7FC70BEFFF20A777A785A1068FD4FE87C7D8810E7526EFADB5DAF9C90F48153ACB7A4DE9A6C607DEC23841547DE572D4CBFF7AF5A67B7326987075801A97D9A91E67E1AC640252FDADDA4706130783F448B98CCC33C3BA5D1EE00AB0B95F86009331FE43C9E2C
J=-$F48A2F2F42F7427BB6C1AA100BDDAE0EDCE9DAB9FA663C7A4641C09FDC251D6A2C3BE9C9F885CBEFBD5FA8FAEE8041E5836645E5E11A66C7CAF2F919BB60E8595507C1381075B0776932BA931B12C9FC98DE56360CB91B886DE087BCD887791A864308F8E09C4FF5D6067E901F45A559F23A31413F8AA322102709510C5F668072D25DAF7558752C2693DA86DA94D6F4BD1A81EC426B66266C3A874711D34FB79C354207C5626F9397480A40E6AA8299EB2B5390B25FAEA8F395F9E18136AD149FC424535A1A71B13F8027B1548FF7EDBA9AAA983F63F464B5AD6735E239ADB329D2BDD20360FECA8A2B7EC373BD2CE070E8441CEB130FAA902209491DCE1E49854290D1961B6ADF486B4F0E5C523440A0C417780FFD5D0FA42555B18AF90C306EE2C6CEA1E1DA0335AB6D6171374E649AC6BDBDADADB504612A59C5AF3A298CD339165F6E90185A2BA6D6F8E92C5BEF69879C4E1E7EFAEC9910202BA6E8CAD14EFCC963025DC306A93D8896E40BA764
T=$2

[13]
S=$1DB643AD2
W=$59AABFA12B5A8B067C95C722957AE0DD98C74C5D9CB4664E002F1449E86C17283F1C67F3F4689B6BE7F8FB5A5DBDDDDBCB0B140524AC55C27791FC0799BE54E73AF9FE23EE56FB57E2C1C501E39760075D5EE462BD77EBF38B9EF281CCDDD3FA11EFE5815240846F6620BDE42D8DB200AA3D6A182F8D317480F0D7C8222D2E86C7644339E93B4736B6772FD1D7315FD1FF5EA338102D352901557598C8DBC311AD0DAF5CD696B7B9716A0470DC6AEE4E578664DA49B1E
J=$58DF1B5953815C8C9C85F9B983F6C305BD619F9272027A2E034318141C6574FB96532D4723F0ECC854A77E0369E5FCAFB9BEE4759A3E2A55BF03525E66EBC293E5CB77F4DD357CBAF752791C3298F210FA1927FC0D7C623CA0FD6D61EE0EE9BEAAEAA20802AA9EBF02237C54296FE0A9A60F9CE228E44F8472AFEDB3E56DCF34D8E47FF0B4F1C5C407FC1CB6EA771AEAEDBD9CE686D01F55DF1BE952A24DE9A965094461DC6A0EBBE7C436183F07D18D07BB16DAA60A3623CADC6AE5E38AFABE30C21F32CE2C7BD0E6BDC2EFF39734F97FD897BA4F0A7E7E4A72474814E85C9AF55B9568FAF7D6B28718F29C4473EE7DF563C39C46802EDCD7656EED4D2583C27FC3C82C2C953266E3069AD20955FE36D4641C9912E7B0ABCCABB338C80DC926E39E5CEF1E582A4E403AE30F11D78558111C5E5D2F7A589540E5E02D6E9AEF47A4CC5618D1971F3EC93A13D4639A4B7A8C736B19E50AD5FF70624F7FEA4CE5A3C11B40165A62F2979BA756949
T=0

[14]
S=$3B4D376AF04
W=-$25A1BCFB5E0CE621BDA5CE1111B99B4051B418E07355EB06B5A5E36ED24CB8EA99A9674CCCF7550916365B7CE05F92568DFF85881E1A35FAB08D17975DCF223A6AB09ADE25220B642FECBA27CEB212A760C8B666B4BD4DC858A8F206E7E0F65789221A8A69632DA7463AEA21802A59AF017AC1D9447C2EE62CA557F91DA53E176C560EE590840849BEBB148051DF41DE14CBE9519918A03F26E87BA53AEAF41900C9D60376DC2737EE7F2CCC73706B8D8F111B72
J=$739E72D3878B1619B2F331F2F88C0806DB4E98B54AE5C2E7C320CFA4976F36431E3604970829848E15ABDD3DD323CBEA95FC13050B3D9BC321A7899E8272FA758C998F717B16BA76D46C527C632AD7E77B732C7077B92EE77738E77E3356DC3BD46F55FE5369F4856CEA161078BAD40AB4C8693F10FEABFAFBAEA4EDE8BE06BB9F8D5820FF237B2D4E6586CB038F45CCEF27A2A1F50FD28C26E543CAB12392B73A4C521B32ECDCE82371D19ECCF0A630653C022388C8637B4A4EB4DEB8821F53DF47EB5B5CB6EEB3C8A5DD39889364C43B2FB25F73562F04D521D432C66D8AC96346FD5E5B5C2DB2997C9556581B94B4394EFCCCF7D86AF80D17DC9715623893CCCE9F6CA9C4D06CF0A736E6C576C6C947DC0313BABEF64F51851267F89D40859140E4019C079CBC1B01DC10BF332190A2C45214DDAA151D6F3D3A35825B804E0BD12EDD4145EA5436A2A025C2EEE5CEFD61169EDB85D0A4716D2485213179914295CBAB44935FDD
T=0

[15]
S=$33F16C1
W=$1C98A283BC05854F61C2DE2ED4DB21178BDC972A416C19E3FAAAFBADBFEDBAEE8DD33CE72B8D0ADE8881E4C76E032A990F3BD4C53105F8D4EE159ECB0CA903F180302B11AF976E6424B1A9955F75646CE13CE83F9B94895DC507F4573AC7FC474F758F95081B7EA183A2D7C691A6D6A6E96201129429130ADB75F812DD95221F712F44710651EDDA7FF9D7D2F71032D258ED246B4E5A0C951E40DA700A65630AB59E1A999BBD1EE0EFE26C930709C2885217
J=$13230472FE1089ECAD8FEC066A581558855A1D6CA3E0B5A6020D5DF74CDA2553DF84B99D4A9821D2BABE9EA15588C3609BA010AEB0BD5F46FD445077F192D14E888B3BA0E0260EF5C95E13F90D1479F909EC5C7983E7BF25CAFE608A5C691C4114327DB62FD4BBED19FFECAE1F998659BE49981EFA9A411ADFD3005F5220EE876C9D5BC09D068941B6BF12BC1C97E1809BA3931AFD38470234F75BA1A8B72C030130F9F2EEEFAD3661D9B4E4CD338226ABFBA808BB60AB930A6ECBBFF81792C4F9BBA9B8D251B4D949C6FDB7F01027B5C884FA5E1B5F00C8E6CABA83BBAC9EB3DC0BA4053EE1E6B286A4BE3EDA5E86FF56F0D09C19A2F42E72FEEA72BFF728B484E4C0578B8E690E05538D99FB1BE5F2589BA8843F92D78500FCB64549C03C5183FFB2230FEE364E4359685839DB20CFD0137A7880EFCE2A966225D489BFB0C7AC6AC7BB21DFAE84EAB1C03588E0551F98ECD3DF9B777AAD5B764BE396D70B89283C4CB
T=$1

[16]
S=$4C778D1
W=$1768383BC309C1F2F614AC1C98AC40956BD1030BB3D4E911EACB542BD2944FB158193C9243007F5DBD3A9B57D2614E169493F8E2085C165A2C15A9F8F1AAD104D49F88C92979BDEEC6391348195ADFB9836EFE2E16A5C71606212747180AC96FC6BA3B2FF6FD69FC8696822BB0A499694B36051D0B1526B83C11961AB8B73A7A31E4766938D14FF77C60CFA15024E161556DD171F4BA4BE44BA6A675B8FDB9F1B688376F377187821BBC8D88EF21CD5D9
J=$2B735D5906ADA327AF3660CD93AC484CA448F5A609B5E9ED91D4A6CE6CBD950615BD91CE1383308B35D9403905B955685452C87C1A9ED28C9F6393428D6AD298BA5E2D6C1E57A50BB1436EB4D0289131B48750BC851486A86D72CEB0F858D465C9B148EFE5103A5B800CF7DFCFB88FC4FE2283F666F701A4047FD8D66BCA638805F813EA289B140AC91D9356859E181776CBA9AA3E56202EA0EEE194F48789E3B6D277C694A511E1CE80D897208B1898342C27C8AA3C450875E7712087073751CFAA46248E54102EC798CF63F5B97CAB5A01BD9D40DB0C3A522A8E914C26F0A28511CC8E54DC64C88BABFCC97516DD025C23C4CA48D8D16ACCD7C0B171E921B3ADA97D18F312C0A1B6A28AEC2C0456D3E3CE727B8F613B4434B1195486A7CE36909A2508C45B94A03DD130F8A65BBBC9B81E3B749F8C71EA4372FE41FC4F882A17723DF3E892D2F94B8D51C9C44695C80AFB39435B746AC15520D20FF76CECF8
T=0

[17]
S=$412C97
W=$8712D2785263873607FDA391A503ADFB85DCCCDB5F249DA6DA4CBB3A29F980BCAB7DA28B78BD442190985EC3A07ADFCC978F488D03362800F64D5E30A216D7809E393FF7993405823C00780CF7986C7C5427C01BACE41F65D2BE4BE8706D4CD4FC9CBE1C592B8F0DBD3FC96148C5AEEC8F2CFAA3B8CA67DC79427FC860D7E046957FC7FD71BBA8C3C7BF2D19743FE52A510696D98353703CAC1554077849D750D077969C2BFDA653AC53E8E2746FD
J=$CCB36BF03AF85CA7227EA26C9684F2D77D3F5EC1E9158A9086FF8AAF0474B610281897C7F88482470BD29D6CD92D3767AD5C976D022CD2DAAB4023428266DD1B6D0572C335D7342D613783B8B26D3A16BC5315F9E9C917E882F03783BD611316B4DA293DFDBA269508D2F38C025FBB652CAB758236FB570FDE2291C8E671C8CE7570B33AF197DC42EB2628A5A1D188009A6AC833F5C7E8AE4EB320291568DA2134378EADD3F4DDFB8835DDF6D9D1E6A23C357EB97DD499187B06992C1290EF647D2022C044177103864D8C2D5750D8645598B9217B8B754BAD41D18F18C31190909B0CAE122285806849155989E75EAA0C51789BF3683C65101A58AD68EAE9E758F1097059B9C0620A2FFED29E21D4925F30BB7E773EF62871A4238C2594FF06CABB4347A97A1254C745D11EB07087AC5B2EBD31D0B4AD6C8769C2ABFF092C76C1B174690297B9BB942283338E3C7BCFB885600F3DB132E5536154FBB
T=0

[18]
S=$F2BEF4
W=-$192D7BCD6CD10524B1BB269C895703AF65980B1303A8978D555C843820AF100BAA1F7C27D1365957A12136D8EF8E63983C42319AE3832F10D481AC8488B4AA2A59B2370784BEBBCDE8F6D7840BF3D866894B33883016D44E666DC0861E31502AD93EF539E0EBCDA83638E9367A84EC0A552E773973AC3B30E79C09554B06168EFC27F049032DE50F735AF66474E3B7308EE0AE71618526460505D26C12C4CBE79A8B30A3DD937F10B9CBC8BE916
J=-$2655929566095210AB568F370622E326A1660EB8C1F92549D115565F9956E2E65F253BD068806D7EE6A8F94A9F42BBBC5C302AFA52E30054733733D00B4F9B12BAB09B29335A3040315C271CBE7CF68E09BDEF870217EDC67B8E42B5A8FC3CE865C0C8CDC7A0AF6EF6728E8FAA00D0794CD29CE6222B90D3643FE01E53E4A43641E36EB317830DEA8CEB4226ADBC63EBF99ADEDB42543DF63E7A35DDFC013659685EFF1ABF820EF85CCEDC90EAEE4CA5A5E27762F8ED3003414CDFD228E747F140A35E8E39316BB7B84625344D024AF6B7000381A1BE6792560C3B22972FF85414960FB94197B6F3373AB6EB658EC46D041A9A2D92B00B4BDA60047B06D57ADB7D88576E8F101863AB3B97722F0CEA9950A223A49ABFEB4CA162755B97C5DF92527408F276EB7DF277D5A640D83550A4726D1B5B3F2A33608CF96C29B83F22022A4FCB7263A60C2F01CFBD5957B0D1F0A77DB1D21E123BE04E4C
T=0

[19]
S=$1FBE486
W=-$1993A93994F0A1AEBD0CE464D9CD62A68D225600D76F93E8C4B673A52888F74A23C5444CA75121019A7AB08D0DE87F84880CF7CDE36065BFF6E9065A283FA8C2991DF8C7E95352DBDC7E53F0334945420847299A8B8DF01DC3FF2A9260C94206EDA530DE91C3D6B184D70C8CF31F80AA379B9099087F81392C4758D6023D73FA1DEF1509237FD500C17B1A8B45678496CF13540E115D5CBDE69D226BB2BB700EF8280EAA6CC3EA4AE466024A
J=$11188CA89AF2E6EFBE05976214FF2C31307F9584111EB831D5AD6102509EF2C743201983AE4A91E06F0D64EDD38A6436BDE93F09F7E57174F0E7B6E23765589D0E053DFD3B5EDD8259206024E52BCF059B0601651371516CB2CE9B06FABE67E2DB58E4D729C70C2FB374513A4CA0378919B9E658D7231F7F0B3F4DB241B46C17E2FFF33C2500CD97A35E36DEAC29B855050ECCB242B14B4EEC0F08CE85E36A9C77099B3270166D9571259844A8C210AF0FFB841FE25253503CDC0D232BD48CB4308E54DDE87ED2BF6F74107944D187EBA72224AD6BA736744171F0BEB6BAD72E75E1A147C0639B336B27265E2B611518E3089835CD311EC6AD3E7CB78F156869A53E723DBCDB775E4A09E2F7FFC40DCD26FC5D2C023AAE4F3796B4FEEA254A93C8FABC9638B6EA657656EB9380E32131E6522B757FD878206F715AB9072DF74BC6DDA7DC9CE9C9212DBF00ACA3C266A090853754BF9B26
T=0

[20]
S=$217D60
W=-$56DAC089C63AE1732A03EB5B0E0457A362A52556C432A5DBCDFD042281A02783EBDD8CE83B637D2A36A18B579C96885ED54D65FFD758C666DE122FD5056821EEAA10CD61F6D963159C3881872E9F447AB5F0D24B34BCBE3DDF892482AA9ED63E6EEAA87F3E2CDFE6990A7667EBCB747B678CC2D9A8FC3AB287E1409DF738987553D958432760D1781F02270F448B11B0F1FE754A51272E39D23836AABA0052737E51B13E0B27DF8A2C4E
J=-$AA9621603481EAB36A43A84A959FB864988D3585D6656B804808BEAF525A70F9E15951D95E04DBDBD142491C1BDCC8E807D0ADE40492BEA0993F3AD5C9B862F22F6454C41CC5364A0F2819FCD2974BE7DB6C5ACC87072F8B2A82AB32DCCD148F6F0C76391484F7756E1B232F6EC962C91C37EF79A38961F2C101F6BEB163A8E33BDCEFEFF02393E89D8788623F29A4F2428B1833B1E2F5E6AF91123F8392C1E3AFFD2D10AFCCF42CF8C243E99BD3CAF661EDDB4493C2456BEBA363B9187C6990E4950D9D73B755D0C61B63F1552651BB4D02F8B444374E865EA4A27797855BAFD06FEF21538116F880659B10AB61438128B8E480CD4C1F3570990F66F39FC514ACB6EFA87FACF8C7773F1C56E8B74509923F23F1DE1B269CE6E1A63F4A133C7FA3E66C991F1E935E0C0BBFA6091D0AB33EBC83AB7B8022756325F52CC7D9301A83CF195AE31F37D44F8C138636D5EB8B38C0428
T=0

[21]
S=$2123C470
W=$2945A6077E4E0F3387A9DC978BB116B6D42B474CB4F64A1861C0D71D25411B390573483579DE236972112A8BB40638DA73948C8B0AB023E02D685F4063553C08427763F3D306AE4660C7A041203962B44DFF6CC59F04A3FB3A850BFEDC99DC0307945A80B6353D1A28B2FF0C620CC461D087D3B5B079D0F46FB6FF2A48CF7153D13E899ED5AEC7C24DFB589CDD52ED5E9FF520CE479A244B1DF1532F860DBBB7A2DC31D41299F50980
J=-$10B0736BBA185D21844B5C8BD04C1672BF5772E0A8DA34DAB630D995E203C297AC1AD6443ADD4F0FCDACCD65C7C190F552E48FA50D69E019034F3DB5849A94579E9D2586E6374229B6266D41CD6F17249A221E52B4361DAADBA195453A754A352421DE9A58E49D66079CF1D2A06A56BA65C269454283BC4582D73EBA0E932DD53C206FD8730BC0077BFEBF2DAC912CA8945EB8EF1B6266DF16AFC21DB416D7A7DE7B94F158A308947CCDC3BD49A2B985E65D75F6F05AF8E0BADB0CC54C7D8C76CC3DB96B7B97A160BE6F290F0BAF0B1CCCBDBB5A958670BFFB271E7BECC6B8E6257CF558B3741E98FAF52C6F9ED134C92030853485C9648B4506C792222854AC2768EEA6C608F095B4B1B2366B3BEE72CAE0E7AED72983356FC90A70F9F5719BFDBFAA34D9A079AE301183B376A9D5035415281C7012C22D41DE7CAA5F1941C5F32E6B4F499C975FB4DB0596925AD9E1DA4
T=$1

[22]
S=$F0
W=-$64C439A0CE3350F48CA0BEA17B922B2C1994F5FAFEE43AAB6720672E012BA4B35F5059421BD3542834D80C6E82B8D43D33ADB12421D697D51F8595685C27E05970A6973E55BFA0290F2517AF996F83677443C1CD367A03C69F084E0427F35334D6BD11B61EED4BEDFDBF73CFA4764D760E62540263946D0AF31095136235BFCC56C7D577227ACE452A7E978F99B6824B5CF5AD8F96D60882E101ABB07E7356215792080A316C74
J=-$3EA7F107EFFA070317A1B89B2B5579F45C267CC1DFADBCCD8DA0996CA1392B1BA9A06DFF4343018FE34F8E9320B8EE5447F2690BB0C2B8DBE95EF91CA983B56F814F33581C62B1FCDD4F3E7668FD90403E2AB815403E3A0ABACCA4B2EB181534D53F902A257F6F3233868E79E6BCEF36D2525FAC6C17E97BB2908B53C02ECE612700CE6C369EFFEC5370F636DDC9B7903E7833466399872ED2C4529ABBC894524A0259BA13E57FF6AB3CF911A7D94C30F8FFCFAF49726A3A05BD60F8BEBC528E0E1DD5FD92465B96E3FE69BA67B06198BF5DED121C3DF923C02AAE1662AFB30DD7728C458BC89A2352D4426195238A695254368CEA1E50A6F78E4A8B084E0C9E79586249157CAC3FA207455681FD775B71D55320C1317FC20F8B4CB197C3273263E934A21A660AC965E3CF1438151850FA3AAEE22C7E5562658C9B086BFA65604277A00CA53FE7BCD1E0730CF7
T=$1

[23]
S=$271E2D
W=-$797C40265FFEC99C15DF4234FEC182770B67090B9B5F9BEEE4BF8BBA309F0FE171D034BEFA58CD67D57BD8821CDAF0F330803CFC5B0AA7C3277EA5912C131209C6CDF0EB787F29B762A45880939A9C35CCE7AE73050FD7A122F79CF43A572EA9D0B56FE0C0994C71C3868AC1B289DA21736DBAB0E12BD3276CCEFA495488EB6EE6D66B7E2DEB9A75C92CC277004A79AA274D2F57E3823A26EBC7C85AB0FC1F800CBE45DBF2FA9
J=-$979D689F61D641BAD8A8E7D981867CAA0C28BD7B10F208EFD2D524780D56265CBCFB1A65E5167582F9976C8142A20C1489B7308919292FC9BD97D6ACC03DB3B214B31A6C87B1A92838C79F20357EE9E9153F2A464C6A37C739CF703AB4DD887216E8D6B3D46105EEF6ACBE42E291282E6DA55989E0299068A00C5E7AAA0688F2DF1CB11D1AEAF8C66EFEEB268C0BE1986537272CB11D4729A3418F115C92070B30257571DBEB314E6F8EF312A43F2775D0AFB631A7A213AFD9D478650083C41BFB4F3C35AFFE18838D951F517316F04F38CBF03EB0C3FC6B6ACECC727CEA00801BC28072F598F2ED710C23CCA6EA36BE507B5448387844F3E35E6DB60773F685294F0CBCC2DDAA71AD0B023634D03DFF8501B22BBF3F1376859A507CA5F4F108BAF704B9ED7A407F38677A583C5038E36C088107E0C098151E7B9653C7BA8F74EB83C36D0FD10CB78D66EEF13
T=0

[24]
S=$16031BF85
W=$D9962A2A9332107BF2217A90EDDD75FC060B5A871B2296BB50164C7E0E445AB4F879CE3997335A8C1775318CA22A65D420DEAC50CA7EDF5911E489E88296331EF5917414FCF585E4AA91CA8863A4F83ACF2484D7FF3043A36214B6C0E4C366A991ED857EF6CB219F5696FA82C6C7023C1C80D46BC5CDC6164BA94122B189A54443D7E333D8AF7D8042E9F5612AA2855B6079C63F6C86160A8F776178C61FA6C3244B12733F
J=-$105B39CB7C9A14DA5693C815AF08513F02DE71FB13AB9BC1AAD4D48BCCF16F83A4DFAEAAAB75446D60A1B8291CC14CEA2B8AC8EDFDDD3CB1B6672F1195ADCF7B1D19C4F1764045B31441B4729EC510115312ACF4A77A4A801E123F555EA7637FA201D32D0E106EBB9B1ED5C58179C56BF401C422956EC749B84FDE8168BF4FDC7B8DA4FC5ED70AD42D32FD1E566693073FE5F6CB781836451EA14AA033BE6779F51831A0DDA4AB4EE9351E427120F38B6B5C0CD8D709C77B8BC06B9DA1B0BEF4E2B534185AEBD67ECACF2F0BC504366D3AD1BDC930EC21D96C1846FF30B55E63DBB7B1F8D3EFE75747356402F63290147FFBEB8980117ED1921C1868CBD06F31BA91C0043BCE0ABED9DBEA4799C55A287E30428115722AF56582042CA63EFFDA0F7E619060702F4BE78ED5DC6418A4C826FDBF6A610505680E19C9768C13827BA60EC111F5B2277FF15F
T=0

[25]
S=$AF1D11
W=$10124DAC3AD3155FBD353A898D670C335CF4DECBBE63FFFDA2760EB6D53F0BF47676D6154823B6D7DBAE5C5880062A48B6FE3FC868E08DDA17E05D2D4A23D96BA9248666DF6324342CCDCAC053ACD835A44AB273F67D83905FB9CADB6D4648FABF825E5D0C74320BF17F2031AEEE0070508D7E7DC54B138DC79BE952381133FAC41CF3CA4F5FC3B184D9F30AA38824E7E173F47BC2758D0A0156D7A1A0654832283CC47
J=$275154147744D456B6AFBD5AE5BDA1E0CEF9D599A0270466F5DFD099C84C35EB33CC70F53EAFB8199B849D509AB493FAC4F6C53B5AD0997A8C9D7289B9EBC1772959D1C3BF31FFB31C51EBCC031A880F2E4664A6EB94B1691DC95731F554422699167B1E096E8B7AC3B64D5B794F9F6C72A8007276F6E82F535A93C4230752971D92EEE3757B79FD3B2FD7F4242EFFF2A8AD95BF7DC78E3FF700539940B19537580A3F4F8952EA220FA2AC988214657E47D2532C0703D09C89BF24E832E9DFB3617D680B34BF9DFC35A77F9EFFBCC6ECF5AF73BE2180BF1B268AC75F223EDC1AAFB23B04517180588590839AE471B987B2C8698ADF7BEB45F5CAB020F6E96DE2B32393A6D6B72C86690CABADE72833496B944F55AC41A6471C611FE95F5ED893C00CC64DAB9E2CA97EDE5B422112C892360C39C87B4DF48EE2A6FB534CC63363F56FEB126CB6
T=0

[26]
S=$621EA1
W=$150F71466478B6D7386CD9DF43EAE7D433A4361001BE872545DAC6FC1517F8B69EEE45CEEB2307E129B4637EE660562AEB7AA9C767C93FC4FF18FB862040F05F3933318E06B8328D5F9976EE74023E2E2617FF35E9840D79A3DD64E9FF2260545E59DA3DC84116E88655943291F6B357FDA3411DE7379E643DC888584674DCA9175DF6AC4DF1CE58943B0FC76D6D43FF76FE5A234EB8269FD785A7AE7143668AEE8D
J=$119B1C6C90A67F7B3ED87ACA8B4EFE79EADA85F294F7A4EF45F5B033D7EB370863BCB02CBDCFAF24E1F636D85457448CA9EC022A7E51A8F062A79379A3DF9C89BFB2C6B1BC549A1C921A9BF6920F451E94953B1B2C627ED95B674FE35FD301F239F8D28E27DBF1077B98E30D454C4CA68EB35FD6B1A74EF8DF12EC7D27BFCFFBDC2D3A8CDE56DA46AF0D9B5D26B07078472D885799F7C465F381108FAB7032F082C005D76781062404B0E586C33FE2BB5F1BE3CEE151464CFB4B9FA9813AD87777462FFEB7A959AA50D9F5E52210587FAA0172D6591734A333379EBF3A862C1169897F0C4182695B040491A2386840CA8070ACA5312C1ADF3C6149C9A226E4903D9A1F870C83591D34D8DC0B89FD0006736AD543BAA76DC5A99A347A42EE9418A0D48CB715E0325040B405A2E63C036726B2015FD4070CECF31F225C16950F5CAEDE1B
T=0

[27]
S=$3F8714
W=$559EDB50DA0ADA29C7673860E652A1ED2C86D4D57B53712B27A9B44FC8624B0F2DDE3A33D30EFF35DF038264191E0DD97B0DCF683CD7772994009977C1BE450AD4B74ADB7E7A19CE55961124D12698A3C1DFE9D658C6B69D7C2826C043C45F6E8C1C4F7426083B24ACE473BB79227BFB848106E93C56DBCE7B56839890C576B9555898C3BFC664C49CFB94680D9E4FA020AD54AF0DEB5D842F7DA94C07B25F6A
A=-$98
B=$2D2
T=$1

[28]
S=$75D5334
W=$811759527F4291C68DF145147961DCCB88488FC8A71E5F02F878D209F2A6FF1264FE468E413D10B809629CACA8E8F3BEA5DA42336476B79F8F0001D6D6BC6C7043B4E49DC2163D53FE587350BC28A82851D65AB46C9DDA11C1C9A9DEB217962DCD4BA8E5A6B2A2EF699A84BB4FBB272102F15396291250A239A9A6F0A32A6A9B28BE35376268E13E3776EA4BF1578F40BA250C5AA3D4B7406245C56FE9CD8
J=-$24C0772454020BB52E4B5E9E17062AB15FD6BA31FA77BD10E2B64079C046E33BF5386458E62E6A60A69368647107F1137B03928B67ECDAA47F69CB72B53D771FC49F1AE464A9E7971857603828A46F3EEACA57AEAEE71D49A48573688212BF5CB4C478BF823328429364DAA0DE04AEE1EE52B402725CCF4F76665F7AAF03FD4C14BEFAF3CBC6D8450753BA9D5D0F0F31BD5EDB8050E9F702C4752CE71893047B57D7391E847F02B40664D99C4380EDEE992DF8FD0601FF9F47CE62B1A1C9FCB0C0FD5BE96561AF7EB0345034F3961D27761D5B0645055AE8CEF1327D092B189F2E4126A83184DB6A57A100D235A51B22CFBBAA90581709B260522AA5C199CFFF730F52F5C78ADE33F3A6FB0D93DDFE593860F218510A657936E64F91B41E4C1A9CD6C2CD01D3734D332E27D18FEE6F0770E60C6D362FF415F0BF27D1FE2
T=0

[29]
S=$A4C6B0EEE
W=$1D38BBB095074495FF55F090873E09211ED7F404BB914902AA4333E0B64B21594642D9341AE1FCC36B90B0AA63B26E8066F1271CBC436DEEAF449C0128B2EECE2B997A46273072F8932ED583333E22C030B8B29B165D1671D7CBB455A50E23600F48AEBD3149CB4547B9A83883A04FC34761408B50B543ECC8BA0EC6FCD41F3F8DF45058F2C8A09E976BA0810412FA397483B516A4407E9432C18EA2270
J=$6750F8A180B938ADCBF3D449E73DE3FBA4AD0B6820B5B78413319C6C197AF178B050D44D81DAE51C2F387C4E424AC15906B5CE06001D360AACDD9055CB90462AE208510A508A3563BCA247A3AA8EC12FAD7B0818EFBC35E379D3B4FC7C8518C9662024E3BE808CDBBFB47C5614E5926DCC8E78849567586EAC7AF961FEF6C3AD19D33C07203E695A58F00A01B977A3E1DA0B19219878E0006441ECD4A1D1CE7E46DC0A3E9A72F614EC555D9835B58466E7340A35DE6FBF911ABE3EEF0BC714BCDC3C9F95DDEB97869CEF93FE3C6BD1E3E02C1662964583406DA788AB970D31146886C620CC0378099C8BD369009D7B0B1288714D514901EE70CE22EF149BE17EF93CDD816AD68436D0167B50E3F3DB933AEC0F813F0B6340EEE6B33C3F8E9E932DD36F504355B8D2CB2E90159ADAF59B9DFC0037557D7F52BA94
T=$1

[30]
S=$5B6BE9CCA9F1CCD
W=$80AB97515F7B82BA7754063263738C4C4821882138856E1FBECBE3ED4A7F408A5FDEB821C6D4F1BD80E58B7F1BDCAE7B5413B102A7C0D59978518C0C1A82CA18CEC147CCC6DB070C5CA1957755DAB27E6FCAA7E204F9EA0581AA9492EEA7F30F31579063E10F82AF66020D9BD0F59D269443EB28891CEBE117994B25E5E44DC6E7164444D9D0798F641BA6FC1D7E97BB4A7C16462C0759A72EE2C7
J=$33CB750794A03E995AC46985FE20079F3FC13AC989EFA8BC51E1C0F937C5B000FA89B17DCC4957803B17CFEC31AEFF8BA1EE8B574A1EA4486A94F6E6484DA7436304E0A1AE6C9C8E7FD0BD094B9A86894BE6DD53CAD87CAF70831CF782385F5D08AECB22B38A2103185EF4ACB43692F59189E51792BAFB93D4BC1D4CE7039A7EAEDD5E652C28701A7DB00C39B87A77A7465A7851C57FE1E36D752EEDBEA7CBD189EC213E90E5E976D6466EEA18F48E17D1888B61FEE5748C975A57AD99FED44EB7FA305E7E3E79D2CE687A0CA7291ACD1137E7D19A3197536481B25114A4224B2FBB903A67C85E41342E87EBAEEC70509B1EE86281BA6B4D58C3FEE4B962627DED65CF3B0F5E4AFD30F129915CB9C967DED404B1C837C60207C602EDB338D878C84CA16913F792D2DD43412065C50D060FFB50C8157
T=0

[31]
S=$F215D9C3F3122A
W=$1C5B348A08EE62813E9898BB02351615D0A6DFE8674C1A3001D25684D110C60386F8528AAA4C32654F1B6AC4365B686CAA06907B2B6EC2E2D3D880888B71137DFE400AD4F13A55B762D149FBFE8C825E87820813BAE7A252471C69C71A9BEFBE23821B9CD6423006FE874EF01C5FC7C1E7272C795CC6EF1DF580201EDAB46BE98B64A5176B3741B4B6D33C35638AA08EEA47543C43443A8
J=$4A4123831B2340B1BACE525B6000916C1BEB555308AC2C8474AA3CD7D1A022789021CBF7C966FECD2AA00B00B65EE54936F13039A005C410BD2FCE84470CFF53CB8F5A95187F7ACE487C60376B79F253B5318F9D933B33BAC3728BAD5C5B55EB90A05B84F600E0A501B9AC63F30E099FA5789A886D73E93B596A9B7D369919F6EB102183B963052932877E12D1AC7588DAEBDA993304E3B2613CC35D30057C305D1545C46DE6F7B953EA968027449304C3829B2CE332AFCC39EE246F76CBDF1B2A5ED864954EE00719A3E8373B07745C86C932953C20AFC5CE7313E7A1B73B707ED8F52575197D20F5D31173CB1DD8690BA9BDC559ADED02C9B5090B27B853AA368E59837EC705F32B055D832A475777B0E70A6ACA631FFB9132705B306347C0FC82B6DB1854BFD17A54D4237A03
T=0

[32]
S=$CBD285E92
W=-$3F2E2B37341E6C66877A8880C1F35D950A7DCF95DA9BE2A6B3004630FF1D6DE76FD0B23C581F8754128D813F820E4D4D31B7064622AFE3C02616AFA93319AB6096AA0409A668134429E6651899BC47F361E70079F49E0CB9824BAEDC6A3E8BBD175BAE5AD0CC43FE0EDCD9C4B381314BEEA7FB6B56B037E94A3635DDBBDC2415684E303F739CB6967E5CD1B689D480FE8E1D4D56
J=$C992FC13531846604DB31B688BAF0940490029F09CCB470A654BAFD136B3E9661D61B61DA7ACF2F79F4084D75E804D2DAD1F395F359631E41021A32707A7FD01B68CEA49689DBB28F3B750500B59D7312AA28AB374BFCE11DA36D6C8F3F2432A04F0DD2A074A4984FDF8798C7931B92C79B29D2FC8566127A62C67135FF2B15E013AF967BD49BA2E13C7C9127A2EBEDD37CE130F17A74FB0F96BA12DBC41B7D9AC683DA1386F0BF9A37C54DABAACDCC4A20E8F85E57DB07D0E6DDCCB3535AAB8B928917620D5764D95C73A1C536A86942813B2FE30F1B3CA2ADC02AC7EC148DB4A011312897A2DBB5115128767CA466F63DC8CE0203279832C75285CC68A9C6215560AF40BA3952013C99494F6C38EC21CE5BF58EB6266C071C194F2ECF6186D25173CBD59AD30
T=$1

[33]
S=$15299B6C2F478
W=-$478373BD5BFE1A8456284F091BDD45C7D5FEAFD0446D009801A4F9CA0E25306D3AE4308B9A2F963E1CEE2A782C1882D003E5E9F6FD834293D2EEC6B692B55394DFB9E7788C20B5E49CC1ECF04C2816BF75B4A39E3DD2E7519A73A1239C62E71D28CB70AEADF08D7BC8B68479D5CEEEB077CABC4D9651A7DF94281EAD970B3714A30A010BB44DFA10A9B970C811511453ED8
J=-$6B01876A8D3BCB357E4CD96E5C4CCC3DE606FD7C48826B6BA8346A4E6878040E6BFC208759ED79FF65EAB64383EB4F17C8386EA79CA508B660D272C6A7BDF186E9E4D0DA393F21B43CB5B315AEFB508C4129670CB6FF335C46825B341C6B52290E80F9C1872CCCCDC8C3FCCA0DA90ED360149ED84BCB02BD9215B9047A7C0B8BCA9A4C8E45A4A2AD0BC1838F45AB08F91AFB273D0CC15884534FA19713D449CB66A0C2A64447D35026D3A3D88B21732A853B5ADDA3EA66651F6215FCF29D106CD719FF4399C14DA5C697932122D1E50DC516C518DCC97053356FD4D72E0AF9E9BB214735B4BDE259CB8941C61B35FF72C16E4CE53304A0FF768E6A99EB4DE43120257217D5EF88F32D51DACE501B8D9F6C708A680F993B03C9BAFA03A271588E1103A
T=$1

[34]
S=$7327CF612
W=-$6B5AB1C2A35524F2AF21F728FD096DAFC901CAB7FC0218726D1C08C439791F3C87D15B0B2252302086B40512CFACB3D68205A9E28890B4B07F4522E37E6E2CAD61033FAE09826907A488AC1A83F75FCC0E1AF63D23F69338B50D1845D77251D17E7E3562E2EE6181A4A28BDC99FB5A15CAC08959BD34DAFE1F49C0B63A84490DB4032CBF4856ACB9796B86E699330
A=$11
B=0
T=$1

[35]
S=$2275058D
W=-$23E04A2B9D031AAF5B52A1F93016335B6A1ABE4EEBF4FB6D0598231D943F6C655A240D6654BC0040D1E936C438DC235AB9526E684AEE5335F57617C6843AF632C032FE4E3A5B80862B79748F0F681A53FF19C19FE2238D1C624C1BDA638CB5B4453AB65DEF3107A100F3FDB2844122F1A00AC7035F831B579BF2EDB0E154FA6852CEFB1A9373F24D818E617A9
J=-$33FC5A08DB65059E29EBCF8210F1FB1598B6AE9269E373821EAA218ECB0C524035FCE25A6084E72331DC1F3A814E3810A415079EAFACE07A05DB9B9F8D5250F54865C31A8EBB39B269DFF3D118F41273E28D38490E0F5E7784A65C9A449ADF7748B2936F5C5EC9C6A043A6299ABB15325FBB09C9763FD0B2E86CBCBA3534D994068E7DCBB2063015D0A94590934AC4EA0BD757CA8843119C97B58E86ABCD990073F438604B962B185391C87B6DD5688B597A11637E79C9DB348B006CB10349E64D7DADC4D07C4FAC063A94C58A81F738161D0785D8A9137E272B3879D11AC8C055CD16D8D35B6780AD10D035AE4FF57812652F75583A8FF08D6803A6A596B5347F6CDDF5A9793AF91E23117C409803ECA1EAE45A964B58862
T=$4

[36]
S=$47BBDC
W=$EBF6DA2A7F806E40CEBB6117756AFA6C17311E34E610C1BB9E743AD96E86E2A3AC0BE46C22D98842272F0705D551F705D79ADA994C3853EBA4BBD7069F0784D4CABB456EC805D3EC9A97ACC80665BDAC030187A4A174C471F89FABDF37AD0DF2C0C0762E0FB4C1699278B57AFE9CA5C5DE3C6A6583F70B009C563B5512BC859FEF2C9CF3753BCF9D943B4
J=-$1101C59E22C3BA15337FDFC1F205AE55429E95E0FFDD2A5A33CBA0F6EBC96230CC199C71CB324F65ABB00995A8186D677C45EF98590D7210C33A4A91FDDC3BDB85F3C506FA3A7FF35CD9B268C44F64FD7CC205BD7BDAD8C4BF172E955A97CA68D8A910FF2C5F3214057D5CE5C9FE00719532DE8B1B81BE126E6290FEEE381EBF2B631E001016742413AA46747059F058A317E7B96C60B823A69870A0871A0A340170397025F534285B8BCD6B175453BB6F8C7A7897ED934B8405385A99CB7E2A39AD9BC7A795065B9BDF835199808C7845D798F93F63369EE427CF305F8BACD622933C1DC8FFFD19D7E4F216FFCFCDBA9F6AB4D72CBF3CDA2B887C215C2BB5A446EC6C4CD45A3F5872B3AB23A1ED60827C00EF4A4D
T=$4

[37]
S=$122B66
W=$128470BE806D630B9890DEE81D1B13DCED5C5AE80AE5070C951324093DAC9CBCD98FB2BF32BA0327C7F5D0F372EFF0CFAACE32BDB5BF44A378A4CE50D6924939F6DBA04DFF7E53E5B8E0256245DE5570DD6EC53DE6245546C97A04E8675D735C304D143F0D7E05939E79DD33CC9CD9F48B69C6F660FE9F212346720BC23D47013F21262968AC0E49AE6
J=-$6CF7D29F18F4D8537C847FD768860BD08195680F6B3F3A846E2DDDE4766FCB61BAE73780DBA96976164710DE0A4A6476EF2453C273C0409500F469A9414CFBD61E88C5046B8F8E18E2526AD1EA971E852D3D9C10103898CDE5513AA579B43D5317DB52A2CE82665A4C882AEF5731BBA336107C84D1F1D61647ED461B930703F2111352E296F3554FFA6DBFFF7E92266197DE734CB1EC0CC052BFF46460681976497CBCAB8389FDC0C771F637AD59E82C922DCA4DB4E579DC1466B99086656FADEC046DF4A75ABB67FC5C69B6AADBDA9B6A09B5242D77A3D30494C12AA482232B9844B4BDBCC745A324A14B17A5BA7A828155F566E0AA0D02C39EBFBC280BCDC0F17BD12CE93182D6B8997C48F490D29DAB83
T=$3

[38]
S=$49C28
Q=$3

[39]
S=$291974002E053
W=$1794EE22620E40086A30990ABE7EE81E39C1B6590ED771BC7876F191EE2D967D0358EDB78289DC6A3F3610C011818C6ADDA08DFC5457A9A29057B747F4B28542033320487ED23BC64C87A8B9A5139BBE4D4EA77EC85E7FF58AA4591242C43C819DCF49F1597CED3ECAD9079628B1850DE19604392D3BC0AECF6233B566AFB213BA9AC7801216AD
J=-$50467119F4E6A3D975D3765162422D372FC6B454C0AF178A7DF097D01252F8A62502557BA7156337E8D6BB75C1DE33A3102E30F8D291205CC035C9923298479199548EFED353B1881066B79265BA11A07039CED240D5B7025A591A715444238D590EA3B64CD105AF87AFBAD972D9F3D15044A9F5F42D90DCBEFDA1AAF464CC28439F58720C14355365F1814BB502545E23876126CD2B8FC0AA738BDF24C8F252D860132E42FE7459C66BB29354ED3E7D73B8165E0BC64C8DADBFF112FE06D44EDC50D3449FB90FD43BD028E8F8CAC6D53295DF23A389E59EAAA890E12A00E8BA528B505BF23004D100D37FBB559B9CE24894A723D2D99A78836108989A7352D92A118903B1F69659ADB0C80955
T=$1

[40]
S=$170F0F1B
W=$2001B4E5589ED3A6E0E0B8F7004F8765A1227C64125A43A23A98F3BBB4BAB52C62666207723C5EC636605D4F99B2BCD42EEE5F83BC7BAA5F63C0E027D01C52BB171F1CA2F338F7E3024EE44E1D16CDD49EB3E06AF57EA362C4168397B5A9B0DEF4864CBCD4429ABCD14D12C292D9DAAC8BF2B35F1700FEAE1DC253B6638E9021973D00D9
J=-$45E0425C375ECE67CBD815B49609B03A4B9E0ABE0AD624725B324F6EA5A8338DD65B8934C7852D2203FAEB23D1648653F232DACDD58B714D0F963A6FDCD22ECDD3132CB71C24D9CF8227E484C6AC36FBD0AE82C73A79575F03641F9B99AA7B2D17F2EEFA4BD6A1DF4EBD235EE4CCFD11F29F6B297DA45DE6C004E185890C03D2B95A694FED0FC350B8AA422DCA12E426AF62DB840D7B4A2A892651A7FF96880623F9A9EB2A37EF378CB29E9D6F8624F403C028E958649677F5D306919FB7FDEAB87FBD210730724B921A18213F74AA01671F0DB15BC0F5AEB76E1006DEF88B6803DF837D0B583614FF8BEAAE4103F34D6C2B54AB76D4471A60E7007EE54F72D8EBD248AE7B5EDE
T=$1

[41]
S=$17EEC6C
W=$6A6C96CE0236723D7706F7A9A2BBDFCD571D2B02577A51949F0AD0A1BC4FBAFAE743F70F002FAA72633B9BC87198123BE163502A14459AC422A025F08D3ED8E2E72501A17F6CA2A0FF1B7DB4D8D7A41F64180A6ED5B75F267F49A904DA56EC337B79AA48F49736EEA30181CFCC43B239DB60CC41B54F49C135E7F353260FEC212B1C
J=-$1A90080B1AB0DEBB593F446732FA03CE860C7E25E92B821177EE133608FBE51C875E959759BEB69A825A9B3FF22EA5DFB6586C6CF092284C869F75121B21CC2393AE5177501419FB093A789E1DC383F58AB35C3E7178F41115AE85F561CBCF918319DC9CCD7B799E6DAC020E2690954C61EC4D0742EC7337A46A35A4A2FD0D4950F636F6E38284644D40603410A1542187513ACEBF5A43580D92A8EAF8CA66D1967417C8ACD27F1446E25A6E0FB5BDF168E0471D59CBC32EC9CA5494F790A1B27BB3ED609C695D97083E5138151D74F8F978E72A3561CFC8A78AA864B41AE7F96A6736A8E3DE44F367BB8B48165B5C3CA229C06CC79AA038EBE5AD63EAFBA7BB08B9D37
T=0

[42]
S=$B349C
W=$1A530CF3ABA64E49F9402C10B9A07B87C99C2EBCC544A8252682E9D268974AD78D1F0C7119AA62DEA8DE38FCB6AEC5999A3C95EEF81122EB6A1AB319E0353B955305CB3C9A4E2EEA94E0765EE63520E7C7C57B9610CAD052947C9262A8DD5B4C62B14D2EDA5BC54A0A8ADD9EDF18E1AC97667737C5D637E5A83D57910334809B8
J=$2FE9B32B9634A69B2A12EC96CBC566D14FBAB09C2FF6FB6BC20A876520D7AA807341D5FE7CBA4E94C01D12F5A1E0025985983C65CCAC76AA28EEDF862146928C9E843BF6BCD754845C0931C7021DE515D1EC92DDEE872D1B28DCFD4DD4FC8F01435300BCC12F02841973500A1F408A6CBE04928FBDB5868BE063B5767D02547A95B0194967ED92B13A6A5FBEBDC904E73F31B6055F81450CEFC7101EEB26ABADFA684EAA7E04A6E8802D363D6F2097908EED1BA2ABEFE09DF39970D97844CC6CCCFD426D7E77E05FC3790AD8580BE9814B21CFA0656D175C5D66B263F0E1C5D331BEF131CA0DC35AA3F7B7382273881209EA9478553F8F1DD36A15C48E44FBEE2
T=$1

[43]
S=$2A9037
W=$1A34C24C0CBB69147400EFB7FE4678D4EAEC09F687B1D1800A3677C2D6205383ED119AA983FE53ACF031F8F18CCACBB9F4124D369003918B39A6462025CA1E103B99D5A7CC154839E67F41632DF5B1D2954F8BF8F7133E0CC2C8ABF5625793A63F4052BB5A9A38BC132D750A4E5D5319FDA55A9803B190BBE381791F86879F3
J=$16F1A029F5185FE5534DB696F21142F09D2FE309CF3D5DF07E3DC0AA462381359233EC5A57CF510713AA8CEE7A377A7EDF672C34915BDC1113294D6B4DD5538DEDD144C5C80BC9FB87CE53102F910E1041D5C3BA70A9A22BF87319F5642A34B53EE3414EFF08162310D551DAE0382793F2C427FD9ACA1AA92DADB22002E875F1385A93167A3DBB43B8089C40EEBEF0E5BCE22DC9363367F654806B9D8C5C705C125E1B251F4832F50BCA4541BB3F72F8B8C582A9B2B82DBAD20DA660AE241B4C5AD9BB84C301A2989AF1C84CEB718927AAD4F76B82BAE9355D6464EC7126EBFE11F8C803DDC2033D5DA6351F3076C3B390CDFF31FBE6EB577A677ABDADF7
T=0

[44]
S=$442
B=$2

[45]
S=$34F6F3B0
W=-$B564C4BA24D6D28B5F9811DB87E466E70604778FCF61820FDA382A4E6FB7EF3056FAA5DED35639EAFC393E41DE6444852B14C449E444E1508D3416DB7F7F9E6F027FB8FD49CE2BC632F7FC7F368BF7D8E1434531B907FED7329E3372FFAFC46777C46DCC907BBE349B246BFCDB2ED1F2C646E413ED6C9B9B253B32AF46
J=$6F6C0CB02BA9764AB0C0537BEF32C50402E0A11130969A148BB9A80B4306593B98C62874938CA55F8FE7481778FA545D162E56D6AC62B774E7CDF43D29B4FDEA690D32F4024452EDD4B9E0021535DDF9CC486070DCBA2C531342417D89A1B571EC094088629813D488F506884E7DF624B9ED05010DE1A09D1E7869A28139126BBE9B81314A86FF5457B8B036FB416B225CEED5B850588E48B63F2B19265631DD31C12E2B17A823529B73A749F632886DB5705C43F2C7E6F33ED020A77B044A540519CA10477D50942A90C638E13909F1505FE267F85367B8A0D337BA8C35857E2D2F04A400A47B7614CD0F0F3F93A09B6CE1A12A25961CA3E221
T=$2

[46]
S=$1DA81171B9D
W=-$25C3F1F8A6E4A9BDCE9392747C4556FACC9855183C8E0C6EA95128D155CEDB692E74601CC5AAFC764650C376C4049EC197DCA7CC22A58CF0B4FA142F58309B8CD89C1D76D7D21E921F87E7D8F425DCDC3C600E63A6D8052AA2284938F3AE89DB84067C9835451CE957AFDC0E2B69003BF3569CF2C807EC99670620F
A=-$108
B=$69E
T=0

[47]
S=$41CF2071
W=$2F203DC5A0E055EB6DC7B7337AF4EC96A82DC0CAF8C4CD4DDDDAF2644AB4421AEBE3DE753DE1125AA52F8287C36EF6212FA66171A78BCAA1FC08756A762EEB44E7D7C784062AF9D46C7F166F065F9F72EDCEF5EF4C458B2C5049964942551297A06E16AB194E1D1C531F8649CB02FC54126FC518E4579FB0B5
J=-$12B1AE78E9264CBEFA89869B8064FF4B387170B22368153DA56EF0A7E8B595FC337FF0925EDAD3228631C73B66D66FA7EC5095E6292894819BB6522C92180D0D5F0023C330DB2BFF45799B7F4216502DA3D442211D39CD8875465D72563537E5C3EE5BD9C9DA531CD68D576884F341700B12A4AFC293A67A2D5C02A7851E9EE052CAE1EC4D97685A8068B478BDE965A24DAD64D539453ECF267C0D70857711525107F1BE5E43B35D6E01D01D5A8574655C22CC15A3B57B0F70E444331B303BF608C80EB2D933ACC6F49580F3F0864847CED4428BA63EEA1B2C380F5FFB1B81D25012B84763FBAB8A00D04168724DD1C186F
T=$1

[48]
S=$2D8F184
W=-$639B3A513FDCB4B9E1B159B8238CA8E526FB0CBD1B81CB003B1CD30F1D7C155F615EA385D39EE087A9340880681E849399AEF4D5E965155A9D826857A69DF4443272F299EE6934E92504335D37197F6FBEA8264F3E4CABACD077DE90FA320D35D01219635BCFCA9492A8580FADAB111C1232C1674D9EB8
J=$2DC4876D01BB437A88C63D19BC7BD723FFEA1E906C02F97A07F6C387D238C30612AAFECE73A8AA5AE831153F246ACDD97B525EEA198586C3E48CFAD43BC05CBAA3651176C6BB9A4297DC9CD00D05DAF8757B62797BDEA0F3234419C40C43CDA20F41B7C581B03C9CBDB3EDF45775D669EA8A83FC9A2BB3A58648AA736524C8AA7238972B5FCFC0341B03F9A03A666B9FC9FC8459A51DC16FBA818D121C7C284C3DB08C9CF770A4F29B2726F91BBDE2E2BE984234964C2EC8D9E2CF481CD0D17485AB4DF5F8ED35F102086ADEAE43125AB8151B35CB57697082E92A8AEFFAF13D21642A883A0DE9A3681A5F2F3F2
T=0

[49]
S=$9481F5B05
W=$1CF78ADD80AAB0FEE4D187D7130D527935EBF5C39D8B05954D55749970487B5A4D31913E23534F204466345331E4A7D3DEDAC03EE8BC9033BF42D5C8E079E32CB4C70EDB42A1DE858664F21E1138A55729AA11A469185CC245DFBEC6B5E614B829D5A78B034FDC6C71539695D6B04B3C0DA0A54BD47
A=-$D70
B=$12F5A
T=0

[50]
S=$28C5D4
W=-$13297D37AFCB0A2AB8EA979ABC8807111D8B1D28C8B5814C7F60749BD1A9934C1EE32DBD6B5453D8DA0662ED8F828A7CB43647CB6ADE57C11F9CB65663D7F3FB5CC00E149D69D5DCCD44F743FB70E13D14E061F4D71F9661E33338F15FD4B1931E503460D6909D288AAEC14EED77E3EC5AB7174
J=-$122C3B3983D3E816FC5EBDD7813CA29839130618DB0200A5A7651350749441115BD27A65B4F3A232DA71EFF32E92CF04BF203D1DEE811908F89DE0B0F37C306D4F258826C372A5444276C0EBA33000F0680BF46A0E5CB95545123D9E5601DD8F7F9D9DF676D8D4FD2ADB3AA0666DEDC30A6275AF245C2915B0D946795EC36890FA4BF2787DE94E2A78A9B2E81690ED5AF5B8C9AA8F883C56BE3DC41D0A56E7F3C2FBD7C98CCAD45454710D39B9C867C55BB9E7035CDA4E5875C3B92D2548C33223D638AEA3241AC60DD83C3A0F875DC6314868EEB6CF7EA6A9B3B2CC166AF6A202FCD6F6C9E9
T=$2

[51]
S=$41D4
B=$2

[52]
S=$8FFA376
W=$F325D1EFBE069D4B210EC63FCD07F1A5000B7690E3D77B8732C425E86169D887AAA426608CE7C1D37501171E006E450062019AC0FE4999CAB04D7CDDA6F464FB2A95370543283024C767138CAA87CB1405D8EE6BDAE9D55614D3B043FF242175ACD1BF99EBA8694F05063F217CEA20410
J=-$3824EEC62774D4B25E5818ED8CE9D6F0F55A82F25CA95D5CE2F8BB9F7BBCEB5EEA9D54403E31353C0409B126999661362E7E4A88A326B00EB5ED59C7F5F9E42CF1F58423CFDBD155796F10AB53ED30E40CA67F82D52B07F68CE7B7AF2D7F3B4B4D7B6514E34831F9EF3FCD238757B2B39E0F527F28903B0B716471EEC6E4BEB4589575B01DBA7EAC989A2EF92A71BEC684FF9FDEB5F37A112F2C35C99F5A295F3B813789B675918A7FC62557369AEF150E5DEDD49242544C33CEC7ADD133E7823A70CF855328CF76AD182ECF3BF10E46C0D43C82896B1CED598CEA056050AB7A346
T=0

[53]
S=$30BBE73740
W=-$CFC42FEAF31EA094B358793DFDA29C8E767DD15824BBEDAE09EF26D9B6E574C9BFA3A8DAA28FF325E880DEE1E6DD6C437BE0DEC689555689428A9E809A8F3EC7925761040CE26F8A6E4D54AEF507BD022549D18BE5C10FAA7AB41CE1FCB1E3342DC66FCDD47C505B0FD1426D05BEAE
J=$603F452909B4280A93ECC5F56F8C5873B28C7E8715D4CB4FE345A5024DD1A7DC0CB1B33AADEF7005FA1D475AB5D30688D696A3F5C7589F7C218C8981C61B0AB5631794F16A4ED78EEB186BC21AA29D09FE764256FE1CEC920D20E5A92D5E8D810E45505544BE81B140257A142786A433978A7E0A709EAC339880F1260EA760DC82B25B627AEBE2B0F4EC5C52C7DFF3BC1A22A68AF590A0AA4F300840BAE044198F2E248B3F1FBDE69697C3AD0F6DF7A8CD2C4758C14EC439227FB6236BC12E339F0456472EE727DBF26E50DCC8BDAB172FE27236265B6055216DF8C4AD91
T=0

[54]
S=$4722A29CB8
W=$2666BAC336E2216002ADF9A2C80DC223A361FCB9AAAA75300349D1EF13454ACA8743D2D1988E5EC78DD0FA48EBB8D5B77D7BB669089C83C9717E4CF47571299C6F09B34B22ADFE7C45F4527F95981BC69DC5E343946C823639F0D39BAFF21ACCCDBCE7D2D72E50DE445AFDDF76
J=-$24335C45A4F442A3E24A036707D4C0EDB789FA18D5781D1657CE5424127B50F3892FB26F24B52622D781F853A1D147BA3643B143E416E4D06DEE45B720481955F729B0B28CD6953BC96A77A2A2DD9907E6FF8BB54CE16FBA98DE71333D16948595716694CD57505C2AC3DF796ABCAEC966DE53D8AD761DDD1CF705DBE490F7020578B80D4552BF9D24ABB1ACAE1B55299D05FBE5365336BF8E61F8DB12AA266D0B47D9AE7352DE829035D4522D5CA874D19C881DD05412D6C78F28ED11154669E2B1333668C246755070F136989FA31AA0AE07C04ABE3C5A358
T=$1

[55]
S=$313EB5
W=-$497DEC954F14535C6E4DEE02D2EC4EB512412DA7E22092D80DCB5C949BC94859362500F5BB1CC78E92C7DC724293C677AF48730AA67CAFB41EAAF3E377AB18BE0C2A5F80AD2EB7878EC56372E4EB00A7E3F33A0504CCD2234507F7ED779CE2767A464ACA40AF245910347
J=-$40175A36CE05CD90B04370CC0B78E8A3BBD746A5D7ACD45C90CA48815052603D1713FA60F96E2A6E92D5DEBCDD3AB130DD5AF2049BBDF07E9F53EE0B474DA9022ECECAC2CBB7F2EBA288BF117DBBAC320BC390363B1202DFA774E7DB5B391A326B51A01DB7DDA9794B58F7D7DD33655389CC4A2BD9381FEDD7A311CC3540C9573ADC78D9FBE1E894D60E4C63C07221547269EDB0BAE8D870A96837D3FFE51F23C80BAC712A492B1FC6B3AE74E0D9F5B787044647189214BC346D74CBAD323DBE264A640D2A2626C09C9B8DF2AFD7967FF668E84DD
T=0

[56]
S=$86D284
W=-$419C32758037BA404C7A7B6EAB134474C2220C0556CE05F8B0738F51718DED1973C0831EDDD1564789E57EDE495A096ECA0AEF7C8A928B8568C20C22B5B47AEA157D67423FE289D94D6E8579600D1BC0E0C936258AC72BC05B8E40966667C2C48E00F6E8C0FA8F6EE8
J=-$2E149B193F14F5300B0B5C08340A63A8FA0E2C8E3CF3E51F64D6EE73B54DE6B7C1CC99B155879AFE46095806A33C29DE3BDAD0967537A21A2DFFDB2038F5961FE4CCA0406607C429A15CF6825CF9BCA80A49C20F81FF6B1E1642C286EFC1E5DBE2203E0DB2303259F7B22A71CFD3DA1AB13E537A6B3780F1B7F82E5BDB14AED3672499186DA584A150BFC9AEA691C33F4E6A6543BBBDF26B55E24C0EB546A0DE51A535C1D6649E6845743A42E27687AACBD3E0CB00EFB41ADCF0AEF2031B67BA266CEF00CE876C4F248011BFFD5F4D4500C4
T=0

[57]
S=$2ABDA7C41
W=$119B813DE271399339EFFB995492D673A54E2948F42EA6861F7AF288307E47D8649BEFBA1BE43C9562E2B21D29BD1E517B54DA217EE00D3EAAE0E97F232518DDFB18F7C8975F64FD27496A3EB7316EC950C6ECF17158312DE477CB7088D3E5AC58921CB7A963EE07
J=-$198ECEB95567C8960D4CF73A227AD60A8F2774616A16BF05A3B10CED8FD0F88C17DBDC2914533C8427B33094F4F6AF610BFA5843EF38609E5C5F65D915BAF8D8DB216FEACDEFB504482654F238A8F52E95385F38ED6ED048BEEEDEF7BC3904A2B2DF0ADAFE0C059ED8E89F200AB90D01A4CEE6B05404B93F2D6154CDBC370A5C70057A9B5137955BA44E82DBD3CEFEB268D0D03C96884D0A5F4DAA4CD9E8958280529DAEB624FC9DE961FA6367FF0539361FD86BD5E4F6805E682D403351A07FA16B7F8FEA6E3FCF586408B2B43CA5
T=$1

[58]
S=$16BA5BEA200
W=$70F0C39E27F33B682CFB3BA8404EA31D68A2D076E7DC950773A6FF348BD1516F4AE53063056B1AE78B704EBB962D5FAAC3F2F859FA855EDDF9F75F30F6B21B70E8EE88FCE79D71A071C3E7E77F2CAEE965F4C223943E26EFE9D617BE658E7471064462F0E22
A=$1
B=0
T=$2

[59]
S=$A07481F14
W=$D6CF1B5830CA0DBD73D7FB5DE1EF00FB27DB945303D2CB1EFECB1B6BF110DF80752591F06C04971A8E59A4F70E4625D5CED40439DF05568DDE7F52D37ABD86BAF0959F19FF3C5A782AF348AB33B0248E8F111CB75EFCA6A9608A3DDDFF578EF3170C16
A=$9
B=0
T=$1

[60]
S=$388D81D504
W=-$3C49F954894B503A095D1B015BB97A98ECE9575274D9C140D7FB3A8F2BD148F69962874038C90132522BDC2F14A14F13C22C1CB45A7C424481EAB9F89BDC273F90FB8319510C1D452E425A08C410DD6BEE92312135A1155A4CF1D2E879B3E79106
J=-$47AD3CEBC208DDC3E92D933B18FFB358CE2B57496EF6CDDE3F0086CD3B5DB6174F55DC0612D3177204BA87D9F2CE1B0AB8B2002B1A7E01B6EAE9283E92EA197F2108BA7A42DA1C27CE6DDA42A56B31AC2FE47170411EE6249E0A8D0DD0C00098B7D16839F642DB6D153A0A3DB4D0CFA95437E4762961D799E29C32C37FDE952C2AFA294C94B30741CEDF56ADC6452AFBE17207C10588239D4D014882FF8CB9A2849A8A71EDF8EBD63FA96509C0FE8B697F115907070B04A2A3499764385B0105FA
T=0

[61]
S=$22B3ED9
W=-$8973B5BC32B97D4A390A3091E0A245CF217CB84BD61D2EDAFA1A82A2A00AED63AC55FD71027E5790693DA3124F27D63B6F347D3E86A9C844BA4D24126B60A198291CC35E482765D5023F4CD63261D454394DD54532A59FBEAB0DD2DF75E59
J=$1216FBCEFDDD158C677C8F76B86EEE89CC713BBB2099FB5FBFA0375556B88C3ECC68AAFB55D7CB732BD416519BBC5DA558AE3AD116CC76DA9432A83483CB9900D5DCDA59B9FC2358133CB49A53CBE28C75C8AB5D63F0FC7CC3F2BCC15E04426864B3BF2A3D3ABCD7505DB4B7D1BBCB1B4B9932FED1AE8AA740BE3550956E0252A1528B48A113E8715AAD0062AB53CA5E0DC16E9DF76933E59D32306E8B83B2E2E0CC6AFE939BF27A96AB5479B9DCCF119DFCA4F78C145473EC73C980D
T=$2

[62]
S=$102F33
W=$588CDCBD6F1D4C274D27F0FA313B85F2A2C30C36C51C57D61A7D2978E0F19E92FB3396E8DAAF69BCEA5AD631BB14EED848569549E7FD7510E8EF3550A2BF1F17A283C1740FE9F0EC65BAD5CB4C0B777D52264026425CD10DC68277E00B
A=-$7328
B=$1DBA42
T=$2

[63]
S=$5193AEC
W=$F6A2E4D49560D5FCE748EC84B1426C5B711F6A4D8B700E1E33080282DC8452368D4D149B3264CFCD4CD058620BBEBAFE6320E4EDCA560BF31931009442FA2DB8822E2423DE5AA43B64129E9E641633BBEB3DB6EF78266DCAA840E76
J=$48ABA89AB35D8BADFD90463184ACBC090E3F4E01D4E3C4B6033FEA0CE61EAD5FC1D94A6F443539CA81CFF5E579433A7D69F628CB1DD58DAC5EDA6001D079D35EB92BBD11E4BEA0C773F2CDB9760F55F84387AB04A0F4B6653649ADF21A7998C0A67ADE48DFC2E40C1465EE0930930689BA4AFB6DFF13A3DF6D6A6BEF1EDD959C841F188FFF2BD6C3C1861FA8D913F11BC31D50C2ADEA5FA82F7D52D9B17C696EC27159BAC8D18EA64793E00A7F26BFBBF47443A62E652D
T=$1

[64]
S=$AD03D1CF
W=-$9CD587560DA29FB4E8AC10D1BF39B017C16E962FB2617761EA5CD067640D92DC52EADAD36608C81A18F6F3167709A6A813A6F33C0F1C023D84086CD9A1E53A53C7BB7B3320D7253B21B2555B0B9CA52824DCF880D81FA1F20DFB
J=-$8AE65B6FBB6111636AF10A9A3B7B311640A848684D47068228B4873ADF0FFB8E257DA8BB427DE970AE897BCADFE97BBEB04F966FDFA01C539FA33FCF7F58BD0611635E72AEF43EBB6DF1181540A377D5817C1A6D83CB758E366C4802F4446B2827FDD39BF967FBBE3F9DD5126FF8045BD7E6984938F9F913E3859C8536CE22765173C318B4201BDF5BAAD40BEF072E6C5EDD455FA22579BDDC9406990C1950C58EAC4A2A887CF82E281B8E31CCD8AE679F5AED2
T=$1

[65]
S=$AF52986A24
W=$CF40C5D67BC992CABF434E0CB50778AD17AE37E2535231218B5418FA77A9DCCC9E142B73E61509504DD76B6D8C45D4A41B8B6C3BD2FD60A68E6DCDF310D88FC50AC40AA83C74684A44E0801AFA4131BEEFF938388279F016
J=-$103137A904A450560B493E3E0154281D5720191384D5D5830C9B9EECA5E78E6DD8D9FA2CD075CB309334646DEEF913E0D29882CBF2483592A745533A593CB0D05D43332E216F92F470351848EB873FBF23E900AC6ABE8297611A7107AAA342695A89A0761E6B81C07EE02558DA28659FB8B80ABEF7E1F2C8FC2A69B33A85866186D40FB03622EE110F81C996FD924BF94740ABFA51D3592B2C094AE80361572899CE2EDEA19C4CA19FE002B7728A660B
T=$3

[66]
S=$1C98F0A3738
W=-$A923E710F72C3D1E4118173F912461E609A52C1EB354216D88EB28B09BBAA1F8E682D6AB619FB409B04770583697134F5D5C1F1382657ACE27F973178B4F42B5CF008B351BB6C24BF38501239860BEB9FF87E65ACE2
J=$2A822C2E6482B145E3369C46813AAC4F4B2EFAD7E5A983416EB5FCC6B72F5453048989E41912840A9A7A098ADA20BC475E3E2AF907F7042AB37EFC1D21DA7994F0CB626336070A2FC3ACA54C07FDA9CF5B329FAC833856F79D7455F64510C6850E32CBD24D6D214AAEC78A5E447BA993E76822E116C184A791B96B3AC75A1F53772EC204A104B4CB26E23A466BEA8B57F22D2511298C1F952E8BC1D2611651ED478BB92997D1327C02DD1
T=0

[67]
S=$40873508F
W=-$57564C53D1B305C3E824E4BDFD32CC40341399C3A451A112F3CD5B54AE4B4E3AA0233520242A2636DBE19F6335B610E027288B2A84CFB1E6CC79DB531265DC5B1A37AAAB71BCA2659EECDEF62A5C7E14CE88D3
J=$A3F8A02161D9237EA123014615BDFDECD8D24DDB13B9DEF43DBA17E8657FBE58DA9D0ADC7E24F417D607D57B3514B378744703AA38E43A037FA7454B89D29049E9931CF1BC8064630C9B9271228F1F4AD5794AC28649FA4BC6B1A6AE18880402318078395EFB1F637B8F4F7A3F37809EB0D725D80F691B8DC9B7502B7C8CB1AE2E324A962321EB0200FA131F45D825D31B4D3A677B03708160991D40281C93ED46C0B7BD191
T=0

[68]
S=$97FD9C
W=$60C0CF7D806554110289126F60F63A036200EFB5C1D4CA65E7D55FFA60FBC0B11A29A86012241B4240ABF1D82B0EF2D1A040535E96E8AF2DDF3420BD1E5A8C71606B4FF64094A5F9EF2BC5B92A7B6660C4
J=-$2DE488093FA9DB982C40E47136EE8FB7E44E2A81120DC4942E121E5B47E60C02ACB602836D3FC3DAF717D21A70F490C19D98D7AB6D498914EA3F6BA39990DB880EAF81654AE741244EF9EAFA336D41917CA949B9D97AA3466F543003BEA7F2B606E64ED749117EB13F169BFF9BD108C9EAD0FF09A8190BDDBAE074E0305D76CA28FBFA548CE8A4C0B2BC343BB447B218C66AA4C707C3571750AD8593B92DDC9C404
T=0

[69]
S=$5286E7478AEC4711
W=$7D76FAAD2155615B2CC1EA26B5863893F98356C8F04540FB911AFF961408C3A0C7AAAF19E511E9378F888A31339E95769D8E37B0C7925A22F63EA9CF8CE8A3958C715E1D8E0EEE7187E98BABF606149
J=-$22284D10ED1369597E93867DF44F3581DFC4C6E89AB859195C53A1EBF31BE4287C6B68BFED1E9AF7437E842734AFD737461DA60EAA027F08405C8674DEF1117B1F8CC98394E1BD24F2E6FF0E54124FC3B6AD06D56B3A5FD8193015B613B649CEFCC11EA6F9EE60EDC8435AE5D09DC309DB9F31D0178CE8F4F2C5215D901FD82906932881D8E0954868137D9BBDA98C58359B56AFF53FFFD999A48F374278A
T=0

[70]
S=$128E
W=-$A864B1097599B405C9B766239658A53A67181D589FD1CEE2774ABE936357F0332E2128B69DD2BBF90FE1B1407133364E8E160BBB53D018BAAA48254ABBEC0958F454DFF0893D780DFDD2062
J=-$62E78B0CA299AEF332A74B3C55FCF17DE04C7CCE4EB3F9654C4C51542F009BA5133A60FE6542C8D4ACF05F5B4BA7E4C16BA08B7792105696C38AE1AD441AB486A03725EE7FAF0573AB7FD979741E31A557DE3747A9AB538F95E7D0443C8807F175BFA48530C1230C8B0B18916C668432DC13AF26B441BD00C23847E4A196D367F6AEEE16C0C58C2181A1A717798753F0D0D4719379DE8
T=$2

[71]
S=$4AE82
W=$2BFC5B8DED8551C01F737D38D9B4874234BF64A06C6F810BCF22E7FFB8563798035FED77A99D6D16E36D571DA7BF518617A85D993849908221DB9CFF5DCF409A0E2F4AFBD654B0F91DC35E
J=-$41CF06E9776858178A1E8E72246F0514CD80F6C27A899BDBE97A1CF3BBC73A73E80E84518C9035A5265432681F959064B552A7A80141273BC827B7A576DD2A49E7901B0A3235BF2F3DCC34EB5E5692E7315D3698306838F8AEAFD81E66F11B3EC159FE306028B1457838BE5D7A679BF1F0A8087353F8D6BC34FCCDE71CA7585C5975ED2CBEF6512213FEA2A732A699DC0B2E05887B
T=0

[72]
S=$54
W=$157C9F13000F3257888C73094334C9468718995FC322CA740FD691048B891AEAC2C2FED8475A9A61FEA44F4F1D6F53D67787687385687ED5D7B715CC71CC15B20F9362D7B34F073DABA
J=-$39CF3764C332AF3C235F985BE673C6CF702228981C3DED4599C2049A803C0E78BE8744AE3173D601528FE92E22A48DB773B5C7808B8052CD8B966A12F4E8F38C2973CEBDCD13937A44ED63419BBC1BF2261254B14EC8ED324241F658C45F39589FCCB9675234F287C7F098EA81C02658CD5D0B5785F4E3CB5ACF04DA865A4FF260ADDABE753A4B19C1635F1A1FDFBFABC9D2DA
T=0

[73]
S=$6B8050DB
W=$112C64BFD6635579ECDCC290C42C96C87940A1CDC74198D6AF94E8529911838D8C1BD4C75327EFEF7AA03BACE24493B7B781BDFE61B5A5A03F20118B97FD943EC160127D2A8A5EBE2FB
J=$1B2DE06069A337252255CFD5141FCC608B9201092F04F161C89E1F870282A38B0AA18ED45FB6BA88C7EC7BE13E4B9AFA546A6A7F93741F5203915DA072D79C3EEBB85264A75C75F16811B40860EB37BDECC1C9577A6E9F07A01F4967E62CEAA21B5197387F4E59C2B8D401BC87E3E908DB1236A3ED46BDA5551F8E73C36625D79D6CB8B5B23E218821CFED511A93728F8663
T=0

[74]
S=$A111C
W=-$2495F3208411A2048C378F3B95843066AEB3A0A8FD0B9F4623BFA5AC5C757B09FEAB5D4A098E75EE5076343B7D513CE8F3116D7783601E935B01385FA8C0F549A5CAA8D5D0658D8
J=$1F6C22E1384510E9C523E190AD8F63FE99896C164D623B717F36AE57B36CB8BBF1943F682A4F241141EE47F80A2FB68E9419D68777C7D3621B8E5E188534961AB74AF4F08C8CD5AC0777BFF74A697AA01A0644B8631C1F8FFC187C92470DCAB7D59843A2075EF5B16E28DF62F3AB3294E9E7C94191A9292924457431C4D6421FAA091EAB77ACD6D2EB51C41AD55D
T=$1

[75]
S=$1927CC6F5
W=-$A1E7898F78FF57AFD8E3A234AD9DACC36163474DDF27FB86567B11AD3D1511613CC195F3F23F9256EEE9367027602FBA725799749046E0E81336D56C49281226A7A684447751
J=-$3431E79DB8245CCCC8A98A406EEB643E54378BB9AE89011068CEFD2B50B81B96C69617256E01EE5AE86FAA5F691D8B7D9C38C6C313FDFC998472B0C559D220820F42F1E059B5E22E77A98BCD864C622E9472B6AE33CCDCB835D2E92E27657F8C8F4D4AAB745F60D03A0F7DF02137E281FF6C98C4CC522DCBBCEEB778BE420E44E651797A58D2B087E51DF07E
T=0

[76]
S=$F7544347648
W=-$E79D0C956F42DEED1530FCFAF83D4039D81EFFF92CE3A0289170D6A087118A6967E397AB4D06E185E401F0A8216BB1552DE9D2960DF0CF9C0CEFAB8EC708AEA6D6D6A1D4
J=-$BAB0DA9416268F1FC3151BC970E2984F190AE705F819E04C6CA9A676BC306EC7C45EB262CC74737C1BE389CD5566E68003CB64CF3687831F9E0CBCD2D83ADD0EA1FB7366D4BFD08C4C9A68166A29ADBA0981BC8490BB790112612B90DC81ECE30534516020EA57DA43B9D3DE4D09A307D6AA36E8612FBCCF5F3E8CC545FA883FD528465E34ED5FE
T=$1

[77]
S=$162B
W=-$FADDC3298FDB29FB7CF37441619DE3E7D6DBE3235713CFA47D2B4364ED1192BC08A00A9F652D48BCF1381B5EB73EB5DBD671D47BB43EC8A5EA1A85C60126F93C79
J=$7595709211724EE886584155B8B308D89C97C63BD14727E69E22EE2257D2B80F303BE6E6384CCC1B269846BBFB7BBF7909CBE26E00F9C46E6DF0C2A61455EA5650C3FDB29E2F55CA880B67164533F58091B576CD392D43A4A8B97CF9ACDDC929EC7051A57699BF0C24460E710BF844C1C2CEE7EDB9D330980BB85D7C56D09D57D9BB
T=0

[78]
S=$E1B96C
W=-$A94B562B5FB34C9DF4EC2BC7C3085FF5435ADD5A2E59D6F9343D5F3C57635D752750893C9F0EFC6E68CD840D8CA7DCF54D4F8B956755B2F0D4983806A842A8AC0
J=-$156E9583E8103BD63426618818BB1BA38CD09B18B824D1686CD02035798AB23F990805777FC5DDCDB041C0587193918C1892A01BF5C0D7BF3313FF7CC0DE4EA57139AE75867C537222CFE880198910D2C5F6EFC2DA126D84921616B8AB789E7F11B94807F12121D363E3D2073EC7C0492225A1646898667F07FDFB91FD0F0580CE
T=0

[79]
S=$3E3A08
W=-$8A7F41D112626A99F6188DA4AE7151DB7FE6B03F34D76361F07A1D9CF0061EDAA4E145CFD375CC636B92BAAE410787E2F302C2D124267A7FDBAD913C107770
J=$14DBB502EBF46FB67F24B54BA2599F237D3E12497F757D8226C3A2D022C45A6094A3562E76701D16A9E64DD02102C530E171C1A35C42146F0B3A0E7F0E4539DC0CD59AA55007562E2BB48C69CF43D60718134A9B84678C88D199628344B2FC5C6A21CA713DAC81A70FDC05D6DE4B5ADF2273CCAB674DC345F28C84D09E25
T=$1

[80]
S=$985A08A9D1CA61
W=-$F17751948F4109FDF4187917C002B51865CEB76536C34431BAB1A52CA4D694AA14D6BB8277DECEC3CAE53F4DE444A34243302819108BDBB4E105EFFA239
A=0
B=$4
T=$6

[81]
S=$AB0E25
W=$E8D01360B3346C039CCD8CA93841468F00ECB10DD52BA9D3508F0314794F72C5B2DCB28A80E7804B66DAAA1EC622F2B30AAE3BA2CE7F7914304F
A=0
B=$7
T=$3

[82]
S=$630D1
W=-$2701D31BE67AB0D2B96F926E36E2860F86C9D0447E2AF52280A5957D9C84942404A7EA421B3C2E51304F7473EF74DB5FA6935D5BEE3F2DDCA5
J=$1030B6B3D28602A5BDD51EC542FCEE732918E101A8FA86CEF7306CE6B31D0D44F502D35BE7CE00C67BAB40E1B8FA7660EACF41BE56EC5AB4BE024469286F24C70C56FA85172B7ED4FAF8B6A71A4F5F206435BDF24ACA53980294291A7A93CC9314DD671C2048DB0E30B9BB0BCDC76352488
T=0

[83]
S=$14CBB02D13
W=$E1BB3A35FAABB89A7F3E2A30741B06522B6107489062A9A8D463BB739E7686862C2F238CB635442784A0E9D81E5154A992CDE6C3E04BB65
J=-$2139B32C15FFAF7FD12BD19CDFF18052F205BC3D359C2B40517F07D0D835B7ECB528567F88BBC6C1E0696D1E153CD9E27A359D97DDC790C48AA16251B2C0428967D4FA3E4467DEF0411E86CF5061DEBE1A84A99B67A7FDDD6E71B3312238F66C74F09925461439F3D0DFB60ED919AB
T=$4

[84]
S=$40038EB8
W=$2B8DD7254E51543D001B9501A14EA5026C5365C5DF5445018901434A6BCF32C8853550F8CBBA93E35A9A46C2277D90F5E43BBBAD00
J=-$C6D3252D39E940C4978F2505D62D480AE6C320793DBA5E9012066B5EFE7EE56F57E5E199D5342C39F02660449E79DAB840DABC85A627BE951BBC5983E20B6E5F127066A82B7CCB699471EA1649BE09D17F36DD58882FD286EE7BD8AC8D5D44C2B5BCB29C120F491961B0
T=0

[85]
S=$11FEEF
W=-$6D8BD591199C867E5141D4AE977F50093FA3716E91D30F57FEE152AF3BACFA5203E5D1EEB967E655082378AC97176DCDE7C5125
J=-$364DA2CDC3F34E99AD74CE5FA23C63B3FEA52B4B6324DD914658EEDDDE5B63E6CA82F6DAB23547E37C168B3714C8D5D3EED50EF44648F23E48C80F7439E0B59E347FD975507F545E516D12AECEC0B1C6ECD4DE13A1F37AA5C8F645A9FD7577A6BF7BFC893B33E
T=$3

[86]
S=$F9DE7375E
W=$3CF2961AB160BD45636F437FBD6D0557DA2B40995A4E9B737E516E39A97EF6C1B8A1A5687C0AF315BC74E468BB59675645B6
J=$2655B9A278BAB741A86DCFB420273C0B08EFE138026B2691A36C011A960E89FDA2331EC3FE91FC59545E6189A2567775C974918C2FC43DD44FB2E626F3DB095CF3DFB634C0A1441A96018B5F73F8610A1DE8221E95B9A5FC122445D9BDEAD1553D4E1868
T=$1

[87]
S=$57F04F4D3392
W=-$39D6EE62837DC1CB49BE464587DA875E2B5ABCAA1AD799836731BBC14D0F757EA7E96DF63E316C2904291E93CDEB375C
A=$2
B=0
T=$6

[88]
S=$3AE54
W=-$86FA156BFAA826AC09B147C9A7EDAD0C813B0CFF186D766516BA0BE2A5D5D804AF3A536299E139F9220685234E
J=$9CA848A2CA4D62B8078900DACB7DAF084A6BA19183236AA0D885186F11142F9128A6434E22AA0CF153180C5720E1775F93ECE26F779684F4CF37D2E23F1393EBB4E8A9463A52E6A2CC318C3C8393D38ED85EE1020A70F4E93A5
T=$1

[89]
S=$20FEC2ECAE
W=$7083CBC22A4861E49FECFA3C4F12C0250050AF61208925E1FFDC293F03EC6C2A4ED0FE71395EDBF0307BDF7C
J=-$595423A6ECA7C109CC6C24FC48E44C80B790A363DF9D7E3A554D8D8E18EE888A0D086C467702D205A42A620C68508A5DAB149AC45684F79C7B84DEEBD9C39A3B6959A80D4173B20C8D077BA7E2A20E753885192A90AD685
T=$1

[90]
S=$1153B40
W=-$135382B9BE122085B83EEDAD8459344C6B9C32522BBAC86476BBE77CDA3C1E4D3F1416B1A7666B0B1796
A=-$98
B=$2D2
T=$1

[91]
S=$E147206
Q=$B

[92]
S=$2BC2E
W=-$15944435525989D50D3CACDFB3B5A5ABFCC6E04D7A53759E6083EE32B0DC8D6056F3B1CACA732
J=-$2E0B626AAAB8E6A072AF57C4E037B8C6768C5E00A435D3284CD6FBE85DC424FF78F18999894B3A693E5FE8FDF0E78A941E0753EEE4F914AF70E6A954807007152F220434D2C16F9ECA0B457A3
T=$2

[93]
S=$48542
W=-$224A35B3A7D2D2877C669CBDC11D521607F5E4027F787B864A36E686DC82D496D76D045E79E
J=-$119D99CFA10916C11DDB82A322930742BE9C80D386D6DD9C3C9AC5574EE7427D57775EF352EBBEF0707CA240EACD32CC0734D8F7E3CF4D396C6137502A0810BF1C4B56C00604FB190D2CA
T=$4

[94]
S=$12DA4C5F0
W=-$9B7AEEA1E5E6B9FB7587E4C2F9A373F45957A2A74A982FF406FBA8351D763A7BA118CB68
J=-$3DF1EA3D785EB73AB325D64F2367494EAA7CDC1C7297460733EB85F845E8FFAE3E07D72D5F4449A3E9DEA3B57985CB66CF4F79E9E8FB98EB118FF15A5B995CC791E9328C7D5F79
T=0

[95]
S=$C704E9
W=$1439D9EE71211AB6FC3B0FDFBC83186C8CFCA13A92BE274542DB180619250EBC8001
A=0
B=$5
T=$1

[96]
S=$8B920
W=-$676976DB8FD36EB2D2006CDA2B703888475BF96F5DFBA16949ED980F7B460986
A=$1
B=0
T=$2

[97]
S=$1FFE26CF0
W=-$7AB54032E7AB19CCF67DA9C16A775B92E934F5D1A867BF5EE763FF414CCF6A6
J=$6CBE09ED31C84D3DA9185AC8BC1C1528349F4F0C56A9D65B1EA9A70C441FC1F2B62151A752CFF2254848E839D38C139EE5954C3D775387D60D61EE6020503
T=$2

[98]
S=$10D9376
W=$4E105F93C95C48DD64416B9C563444B8661298D97EC1DFF2C888BF9744E
J=$1AD6B0C4828D5BC9AE0397925B8207154A7FAF5C282048118C77DAD979EE30B2BEFBEA16D8271BAF18BD9FCD016C7372015075E799BA3A5277738
T=$7

[99]
S=$8BFEBB8D4514
W=-$5401BBE6B960E70C79433CFEF5D54D513290CF2EAE6E697E2F515964
J=-$111F7DAEDC54D37E7B28804CDC6D0D13E3FE7629B946652DEC4C801EE6CDB37DCEFA0FFBCB34DEEDD018E49D0B462C83F28FE6C7C372F0B
T=$2

[100]
S=$34C8005
W=$5B790375218DACE007A8C7BC12F6DB5274FD1A7C5100F4839F
J=$A68DADC36AD9A205D1E535BECAAB65485BFA25253E5BBAB3679415EA4E6E04879883E41BE98DF7719F5E641A036D781AA5
T=$1

[101]
S=$161EE
B=$2

[102]
S=$382CE2
Q=$6

[103]
S=$E928E4
W=-$6BA70BB928C959DF80D1FC9DE2B367F799347C6C10
A=0
B=$11
T=$2

[104]
S=$43A64
W=$70C4E4213DAE55999ED8ACFB7DD319EF444D886
A=-$1E
B=$38
T=$1

[105]
S=$6F967E
Q=$6

[106]
S=$2EC990CCB
W=-$16381C18961F4CC468D269A2EE0D1689A1
A=-$84B750
B=$24C7B73A2
T=$1

[107]
S=$1CCE3
W=-$112C95EF11FAAA9E5773F4A38582FD
A=-$108
B=$69E
T=$2

[108]
S=$B8235B2
W=$1391C8B4D7A70FAEBF0FFCA6A22E
A=-$1E
B=$38
T=0

[109]
S=$DF2D
W=$7F5B35C5EB48A6863FE3063D
A=0
B=-$9784D93B5940E3AA3B64F64F59977EF5D8D6CFEDD096DE7
T=$6

[110]
S=$8DE55
W=-$3383247861EA9434A6B0C5
J=$5B7B8D3BDA46BAC62625048A889230FA17F3B77E69B
T=0

[111]
S=$1112
Q=$2

[112]
S=$F7E
B=$2

[113]
S=$144D314
W=$23CF36747548F4912
A=0
B=$10
T=$1

[114]
S=$77C9D
W=$3DADEA7676AEBD
A=0
B=$10
T=$3

[115]
S=$1B1302
B=$2

[116]
S=$61BF4
W=$44E6C8100
A=0
B=$3
T=$1

[Signature]
1=$F5F311E5F5A4234090144169BBF8C14ED3090CB2F7184963
2=$7488062C1CE715A961E77CD99C0A5F59CC6767B8C8265EA4

