[PRIMO - Primality Certificate]
Version=4.3.3 - LX64
WebSite=https://www.ellipsa.eu/
Format=4
ID=B497703821324
Created=Mar-28-2026 04:40:12 PM
TestCount=114
Status=Candidate certified prime

[Comments]
Put here any comment...

[Running Times (Wall-Clock)]
1stPhase=48.44s
2ndPhase=8.61s
Total=57.05s

[Running Times (Processes)]
1stPhase=322s
2ndPhase=52.90s
Total=375s

[Candidate]
File=/home/lappie/Primo_Batch_Farm/Titan_Group8_Prime1.in
Expression=(4797791281543386627004)^47-(4797791281543386627004-1)^47
N=$616BE0CACA540CE58AC498949061282C4E5D14B5B3EAAAF79177A53E76BA3D9C4D5E99ED8B4B8601B56A7E376457E1476727426ED333871BD28555239FE52DBD201EF3A8392A9E2053862278C59798662B0EA23D86AAC94476205CD35669541625DC185DBBE424AB3BF181C147EDA583FDB896A294112AA3F2CA6D9DA5D5A58380ABEA28A5097952697D18F0B6E50D0D23677A2DDF37DD3AE8F208FAA6C3B0D4C9F6742B7DBB1D29E0B88D793EEC8B324C60C437E3694196EB48F815735464B0761C346C16D9C5135B2154C04BC6E4E877B82D158D58AEA11B667C66D6E6573D7EB4CF54663F8EDA8DFE61D843991DF46A6C54EA2C212B9CB8D3CE22954C58F553BD9B03E60B2AE2FA06F6C1C28AEF70EEB3D52093E030735888FC52E58A3756B43E9996C52563A9BD1B0B2B591CD5B0BD3143CC027FABB34F09D31A94F530722BF1B75BAF2D17B5149F77FBB8398293ACEE5174BB3CCBF96F8A59942FFDF5663E68FC722273FA22A9C62AC50623158EBE1B0BD52A504F01BFC453DD07FA1513B5A16A5C257D80BE90BA837B5C2C08E882A81E723DAD896E742CC78D3A30CD
HexadecimalSize=830
DecimalSize=1000
BinarySize=3319

[1]
S=$36B5773
W=$4994E0214470BD32F3B43EB9223A63D611E9A1B02594469CCF35BC0F9F1D798A0C658B35A41D89EEA5F3FE193C7D52B4AA0A3D82688F4532FE709C84EF18C81B40B1A4375A73DEC69CAFEBE0014C9B20B3226A3BDCC7171985A6D998EF105226091832354CD4958054011C2DC1861D54F15109D5607AD1A3E5E805D2B12F7A3C6DEF0D22F11A86A637C2512DB4E1BE12BF99DF9A7FC39AB770B502DA96BE23E6341B1FE6AD9A206F835F394C401754FC1D5FC26F71CB1D51E0E09B58B435DABE318C6FB34A0C73C0A48227713F79C67
J=-$22A7142B527EBA1FDADE55EE454B3A22A718B48ACC8B107D4D3AB06789850ECACED2A75A5E6FAA314591F938D9E86FFF9FC8FE26FFCDB2971E8954561342794526CDFCA3A4767E2D9522F490020FCE8F83AF76EA4F10487A5A63C87940EAE20899658864F6C688ECBBFF12EE27815C2265D33568F4205F1938F084897496ADFD218B6D808D8DBC094E74DE656C272D4E7435A5885A3529E06B19056637C27EB30A1A0155AA0F4CD0571002E0BC4B8CC7D63D270E9ABF6081756AD8F5D94953EB172A3B7A53DBE8F889E7353AD004B1BD94791D7F2DCEDE4FE77577687CCC7A0BB85C0536D9653D89778C9BF9544BBEA51D32C6D1C4E933E4A0417663BB57451B2BCB4FCD9A7A6ACFF9439423A437547CA1CFBF9ECD9A0B914FCDFB98DA9606EDDB5C01AED6F6728CFC213332077BD1F9060DF971C8204E48763CCB802573FCF63E74CED31A246E1D471F9BE919C49CD66C7B73683832274812E5D55B657DE2DC2245AEEBEE43FB1763A64911FEF79AE593CC99C34E90B4157679F9B71C9C8670BCECCD15A89BFA855BE3E4BADDE384D6EC0547F3C636246921622FFB0E6BA0
T=$1

[2]
S=$1346C
W=$1CD10F64604E72C04B84AFC5C59AAC55AAB1EC88388E8AD2ABC740FF312B4642827EDAC941F3E57BB05A0B52CBAA59614E69FF35C55A9AAAF30C7B16A495D7208BB0C704A9BED615E69A46FB6FA5EB15A1B46F62B7AAE82876B8A545F1C1EFD98FF1506589DEF3509E36CE9B93CD60406EB995D2A77CB1D9FF7AE960091E7EC9DEF1C282DA20144F556648EEFF225E5D194673808709CB911218038EB9AEC6A09282CA32DE9B4A7387046CD3C9C03C815B15F54F996ABF535E380381DACD27D946B67F482FE588D70BCC03805CDA
J=-$AE13A7FEC13AAC2DF39864F266FBCC407C5BF06708FF1E4BE213E642A0DDC74AD0AE69C2F04681EBD96827627056C77675F7C7F99371ABB54C99EC0950D7CE484CAF3D43592D28AAFEAF587763207BE7AD24EDD4C8FD3BF98C216901D0E6E53D77C3C89C281B7D6530A51AAA1037852B0D0CC41747558C06E793EEEB9144A0BB550A9D185B9688A0068D4E15DC18D1D014CD781334CA8479AF44D3DBCC15167B3A7859EBC95A0AB4FFCDEB15AFAA5AC20ADB526E57EBCF396D0B42995CCBDA47928962FB30A5BEF2267E2BDCFEDC282A60C4500F73E7301D380BC74226683837080BCFF2EA442AC9C1C7D93B1DA6141B872901CD7A2AD381B38D70CE852FA9933118A4407B9B84B5FBFEE098EEE50FFEDC22BB4F965B6BEF78125715B14C17AE8BA363FA9FD5B4D56FC276E1CF136C711B2E1DC61E26A20E685ADEE476A25995C5D435BB8C0CCC76B69E3DC575626D2CC4E9DCE4A9EDC967FAC98A8CBE2021C21451B50ECD4A20989F718422E900F1702C263C270A1AF069966E10F36E1FEE73C2BED75C8430622B1C73D48689855F7B294ADD64BB086032D94706A
T=0

[3]
S=$5743FCF25EE
W=-$8BEEF672E7CD2600BCB1121F96C983C8CD784FCF50E81D3048D21257B49A6708017CD0AE8865AFBAED1E353B9DE9DB1284C29838949100F31C47DDA33166BC6C689459A695EE18F3F64B03B2BBD0F1FAEC8032A681FE3A0A73B27C0EF3112879468AEE9EC001174EE9AD1590E3760EB103230AF7AD2FC8DD5F581B64408081299B4B627A38954ED688D8671A4C9C9DF04AD8F254A2A6A6533975DC8F2E8DE5613743A2A9C0D4BC052299BB3299BA9FAEA48F3CFCAD88D4E866FA7CB1C29E51EFF1E296F45C8B9E0F29680EC9FA
J=-$20C0C5AAABBD58F9094DEC0035AF43E63DBCFA58DBA21ADCCBCE4CDBD448C3CF7BA9A5C021B4FC0E3775514551CA02054BF625FBCD7735825647D649FD034CE363A1147FE66CD8C7FB3F83673B2DD3F100B7D963E76E01BF4B03DE51F132A0CEEE519853BA55DF48EF21650B6B085F0ACC597D91A1439AE4A0B5FA20247D67742A5B18B4481569FF1E2B5349B33270EC4C7AC3491C030D7F3E2459687253B25D06425F45CBD425D281BB12A27395128CA90F66C64B070E0F982EAF33A2EC1C1196F59779D8CEBFC49297FE05AAADF0962F0CEAF506771BA2D575A45A53DCDF644848D1E4587E28B328E40EA5EC3FB2C8D8B0D7D12A9E1662876896080C4064B60F80A0D143EAA4FD5D85A805E25664F58B7CE45E343320ECBD68FCA55FC151B8620A118350A4A97E2D7CC654C15A9B339D1432EC6E22F791ADB4C35726E2844084F41C59C8F7E4C7208669E9197E143CC04F4D278E7BB286353BB677CD8DD1683FA79531447310E0CB57DA5BB165D8F05D5406534B25282F7D4272786067EB38AF536200E026BE44D941387A502B4E0A9363F0958A204AE5C72
T=$2

[4]
S=$1F97
W=$FCBD97613F8FC8D5C78C9A64A4547F97B3E07206D03BE3E69C30C7C3D2B4E416983E55E940FD27FB2C6B3CF9822D62CC43B9A681038218F041A573323A404149E68D3521B68BD598FAAF3BFE080BB4C326891B5EA1401802E5BB3F9DA420039CC506605ABB6E5B8DD8A616A541D85755A93837931D03B977DC20E8D8CF92274DCDF7CDA73B5CE0AD9F6DB64397420B283634B492BA2864DAD743C77017A24F88184C73A0940D9AABBF5825EF551216B3E6E0339EE1EAC4EAA0FED15B309061B1F0AF9F97A091E5934F87
J=-$1BAC99EB31B7ACB2E44AC3F8F20EFD33CF659B823F3864014373F60D127C4623162A9EAC852FF0C6A60E99F6E34A503EFF366C64A42AEE0F342D4603CC0F2698F7BB296319E31C7944A4B060EB6A09D546502AD84EE19AD2A0B5D0F5B5792A4E673EBAF7E984A3D386315130459A60A6A4477526BB05FF1E2139C2B2D5BAA0BEE3FAB8E190592C93B9E35CBC34C797FFB28639ED936A458A919C60CF642BC00F2A8BBF9E293AB585F6F8947F5E577E64A0D1544D7AD8A619FDB96A056E137FB4C3B4F56DB5B5FDA99D4B433FA79832F2CB67D3523120E2F43F86C287B337CACCC1817E47844789F8BAA7663C8C36724F96BAC87819BD35BFFFF6B958ECAF26BF267885B74E41CE22A6A779784BFDC4D1CE7BCE5B616771B8FB5FF92E45D5B039F3A58AEEBBF8F40D9704D92C7EF030E4BB351AE2A57B66EA991FB2178279A29351FCAB48264896C65B37EC5521C7EB8E1655FC87FF79FED616DC9BB20366C4AB8D99D1CD44D04BF5710D8934E685566C9B01952765E95CA48B0CA8721BFEF01870E0C52CAB5CB8995D64DCDED80909B51D355C5FE
T=$1

[5]
S=$2D0E78
W=$6ECE6846BE862FF31D0D4E7797575E2DC0D252692F75DA5B0956026DCAD176B57EF0F041E9315CCC707C62AB589E16655422063CF7446FBE4E3ED6AEBDF92388867527AC83CC7D2FBB308088FA4B9281DC5A489B61C1AE2F98C12060C1F121BFCC5C4D48A5B3B59383FF5BC5A8DE6217AA0ED4024E4D6CC4B5C77D592C336BDF000FE1468FDA3E8AEC17356EDE9142852DB31E1A223D0B8B4BC21737D2A8E51DA211DC713EE545B340443D5CBAE7208785A0CC39B4792C37C445E80A802537B48D1D92535E3352E3D9A
J=$BE6FDD9072D6ED238F53DAE44874C184C272873891FBD4C1D20819201B8FFF90890CF425C113AD7A3C581F2AFD7D35AC448521FB82280CAF7572B492D17143478D49CBD9C8A8B98EC9290C8D0ED91E64992E3A5B14D23FFEEBD3D114473279834A726CCEF90A1733FEF80D7A1BE431D209AA4162D38184CDDF96F8FA1C3F4F2D2292BB914E48BB4FA9B0CF15CBC5D8B387AB442EFC3915EF9B2D7230D4AE9414C5FA2DF80914A7A16718F3510CD8EA04CC600A2E48F8D4C51A84F129D51BF5594E817EDD13B4772F9F262D5E835DE4CAF4E1CFC892550856EDD4E13B6761855800DE73FDFB36F54EEEA16C076F95FC51E28188E920FC30387681E4825EA87BA0598DBCEC22BF426B3016ED3D354FA60FB027CD413AB216770B6110B06F5130BB5A24904A0B6DF1C89505572429FC4B459DADE97C38E68DA2DD102CA06E691ED4F4C44C75B2302B32DF98AF043789E365FDEC28B4F7D9CE386607EE1D949EA6F2CA6D32A2CFAA52C5CF991E03E669A725A1FEEA6FCBF8325386814418241AC704A3FF083D3D7293574E7C41B20C9651FAF224A
T=$1

[6]
S=$829C8D9F0
W=-$F2F0C03EA3672198A05EDB06DBE036BEBEC693C1E7638C8DF7841617A33315CB4D391DBFB1552B5E3051563A47C6AA7B3FD32E44DD2DF906DBA9EACDB92435B83D698290EBC4B82733482319A9A00B6722F3E8781252B960A9C8C1A8FE7C2D1999EFE01D1D7C8ACAC93D33D76190CAE58B64FE58AE27A26F261DBF029AC06EE9ACBB21D198117C7DCB15E3A4EC02F19EDA172143D0BF52CBDDDAB0B9C0FE0B9415078084C0771D8E4FB46905AD063E6C4DCC6F0235D5C38D85B3B236EEFFECA1EB6142E912946736
J=-$2AB372DF4F70D5451EFD106D5B368699B4C2F42C262FB813403C41539ECBF074D80ED2CBE3DBB05F729FF858C78F62DEDA4829466C7B9C504262171FC36AFBDA536791476D9ACC9762268136387B0EB2877DEE32005FA4BB5803B80CD650138FF9117EA01338A931866EF3C75F4D88861176F5FA8F71B998D698C83CE1A8C96DA1E74156D87F501306DCDE4B056C63BEEE225ADE5DC55D979994D3ED7D726DE6298558E155DA69976B5B456B50A466E83834F9CA3F3612AEE80D007D835F7F774B3FB936FC6E3E8C0BA1C8EAB870234037044EEC7B851423C14FB3154D6344FC7D00F213E967975C026CF555F55142F17F0C9DED39CB8C7B1AA10EA2190AB763AF57417C67E6D1C05B83D000F510276C2E08DA97F007F47A5A357A40FA0B24E9CFD76EDECAAD5DD927BC3DAC7064132150EFBECBE23F6BD9ED8D6995219C9CCE72CAB8382A1B1156DA22F7588DB75F70CD012C8E391D38AD5A899F9801A4FFC0280DE2CEE8ADD40C1484BE7594C2C8AAE83E5A87A45CDBE17838A417C9F8D3AD9C52162DDD74FEE6CDFB4DA3DB76D336
T=0

[7]
S=$19D5B982
W=$990373B1CD2A0D7AB8DB7AB7FAB5F48F58C2C16CC92D3D32D5CF516FF85553800C7FD5FAF58EED6231FA38B0C182DE921735CEF232EC5273CF7418A3E1E58B47012CF3C031DFE0F9A7F34157DED75E4DA0C78F1F39D769F1D3748B0D5FD793094B12E7056C7457641284C6864343A781A752C542F567ACCECD6F058087A025DD4BC5C573F104CE73FAD75298992C745D8F31352B914D8D8DEB5979EF07DAFA6E7D0E26CDAE274DDC2F426C7474351CE01411323696555BAB8731F4B2D6D9B139954FE66B056A
J=$29BCF81EF01A2DF1F091A82C2E6CBBC5C6CADDE889ABE2DFCB0EB7D131ABDEE3A29FFABAB3CF194C04E77E9019234CC2B3D726E3B0839E63DDECFFB150F474C1858F6A233B7A2633F2AF9559888CB27BBB0990B22B19E6D189BD5E9342C052A407B19F5C001301F7557B5B3F36ACF8CDD27861941786823C26B30C6184BE1C3B54158633C1C729BE9EA62CFA2FAC4F3256D509B6C31239FD9C33C6D0C39E6839AF2104A36D2CBAB582F5999E960F3ECEF1ED730BB9CEBE86D9ECD8535204DFC97815340B547D0B8B4DF8E330397D503DA2CA8431AA61481674FF3767D9D744A1111AEF34D893C6029DC550AC81BD31188A1D2F52689C55713433EEF04B1D337149E790E92C6CC4F38DC0204A1A3E0EF351946B92E3BB6B72FDDFD3C274046C0861EA895E41AABC2A8424C473667D0F04A7C41BC3C45B41DD75910D067607C4D449AD04559ADB59762B94D14AA50214ECAECBB35002B8B31AC668E6C54F09C08618BBCB8927488435992205215ECC2854D600A7B9B62A24FDA9DA7660EA24FE1F3BBF079871FC79E3C33CEC7
T=0

[8]
S=$830731F8D
W=-$12F6C70E5FC521F18D5C9C01AAD5278A1B7A3CE063B3358E43A8042EC971F0B19A9D9C2D5CA6F8380A420F64CFC05DC0CB85E151C822839530A753E6C7D5555ADE542605F5623E266841826F8EB99D5E5B38BBCB7442F2A6AE9AE3C9350051A750C66280EEDA1D94A242E671533121BAD55F852B2AEF8F7F44829360E454EEE031522B58F8DEA9CF03636E583833995EB6AAC6755AD1972B430563FEB8023844798E06FE03C28082B2FB41C25CB5FC3C860095F52F3FF8801724BE7A8803BA993DC8B1E89
J=-$2DEDF6C426F2423F5F660604DDA0BD7C3CDD7AFC3C655109B40BBD5680ED8B930ACC8349883E1AE8C9774D2FFF07F9055E28159789E8B75B1834E5B7BEAA47F098D893A2019966871F241CAC435C5F384BA9D6920F28A9E5BAD94A918841801C159C18CA8DFA5FB34E3C61816EF4E1AD4132ED0CC5B323C8C6D0951BC37B760FA59A60D376EAC73F7E73182C6A6261843FFED7C520A3982A2F92D267CC69518CC78E065C0760CF818257D3EE393ACC3A7C5FDFC7183CA020DFF69928B4842F8164718A52BAC5201861C9BF7B1EC43A1405B0710522BB08BF3BF25AF0E1C644D3B115D3896E1D845C8D9A29FD7CF92A2A0DA120FC6CC641EECDA559ECD7E6A708F0A7456FF9729B5F7C6E0397A3A290E25D28CFE8D76BEC1A91F05453130BE33C6F3A190E319F65C9DC7769EC6D86B813C7D1E653236DBC391782F0FC22A85E4751C034C64FF09F67883297A883B8777C7E64C5C43E594EE8DE0C3FAD0C4BF313A714E183440B019C1267E1C60AD7F54C40A75627B35D8A4D050F9981ACE35954C61A9477CCDECE37
T=$2

[9]
S=$A63288BBE3D0
W=-$ADF0B28793F50EE2BA9D6784E4A1818AF8ECE940D36107786A536D3E13864D34F4CC80582A18C8DC0F6762720FA4E060B02D9DAEA4D8EAD5797F963F43458CC87E70607003B21E07563E55B7425BB22CA1543A589D88E95672E631EDA6C8CA59FD40E61CD305D2918FDC980FDF69B0BD21296EF5976B8B8B39AC007841FDFD08B80FEEB3737CFDA71DCD863440CECF4247CB1786EDC22D011A13B943A9C43D5E75858312A612D13AA68366DC538C2EA669B7021AE2257BBCCD4EC208393606C8E1D6
J=-$DDD5BCA15631B3B958785C2B763FFEBB80E17D1E63481F14D06C667C34A4A6868DE3680B2445F3E3928667755555BADBD4E72D34143C40B296F06336F928A48FB91E3030AEC4E10C44D8A93D26CD7FCA70BD9C22C6F1491F79A88F4FA6BC183D5EC44EE79D398A633187000A6450E889FE7423B30B01B055D64899DBB9364C0E48F19C74C63D6DD76622335F1411775A69F5BAAFBDE4852023906B30562B66F05AC44B7E2F0D2721F3E79B9779DA6DF6A36EFBFFB14499288EDFE5288401B6D08F74BB7B542A609250A5C31FDB43620943F1C2D723EFF00FE764E1FE849AC233C31B6853D12A1040254AD9CCF54F3891C1AF60456875CAC8E5FC084B9C2A7C29CA9727C686F8CD0993BB783DD9FAF136CBC058F421EDD9C97CBB5AA5870070A1B6931C203C841DA7EECF66A8B1A9C7D67EE4088C11A67B71E3A261F6F002B0CF90F55BB21E8B187E403A02B83A62300BD56ADCADBF56AA55DCBFD12EDDB85DF8F030561171B78B1AF0758A70913EE29B5D68EFF1FB3913F2BD8DCC9B7907328D9C8E361
T=0

[10]
S=$4
W=$90CC1722DBA3E98894584FD79B886055EE78E9AAFE2C31395329E78DF06E891553B735C2DA85945C08BC20823CC30A131C4E8F4E6A4CD4983B5133D5F2C0834CFA8E9B2ABC2B7D938D33226E4B0B33B3E516C5A190F54F597B8F27EEAA336520BFC4897C18F16EA317085EA77C0CE5508B75890C0AEAF038F9EA60AD0A3F7D4133898DD2ED0AF7A04C7504E6127FFD7F5FF3DD1B2FA3DDDEF706E9647F10C60EB0090F6654891836A1BF5C43D3CC0B634404E84022497AA1CE035AE00EBAAC
J=$3A8AB7AE083CA8D8C89EED2FAE64991AD156B95AD1F3DC385295E6171060F9C02AF9F50BECBB7A49A686F5451323A646ADEE8C789EF15BE7F058C955F8C77F9261000C375BCCC00DEB69286C108789F0EE40180262D8948C20789105B98E7DDE7887ED862876FF1EEF84EA175933699A25AE19639EA76A5365008E01C5A12A56AB4F440FD75C7EE47B878F38C488F977A4879EDDDB9FE6E53FBEC0FA3568C8F5DD8D378433A7915BF2883847D5708CFA37D7047B6340B09697BAAA387279574D7B0D67517D7FC78FB4A0D69F4A8F6FDE7D2F07513A14F0FD3E63709FE6D15CA8938C6E563A39FF0BA124BD56B1D23A2FCED782F40C097256AB230701DFF7D0015E877FD7DD6848621595B307017205AE41C9D8B67BE8402675E6343DE279FB81DD6EBEF2726F215893A22C24B5D5AFFD4028AA90C3C3DDE16AD332ABEEC31ADB76FBFF89568DAD42ABAC3D83C3DF44EC620E003026EDCF41D19ACD969F24AE6BA306DA0C7EDC4FB60745D44FEC2685CE7825D07CA6FC7BCB966FECDF9F5
T=0

[11]
S=$43B86
W=$6AADEB97605EBF0B7080BFFA65D93A9F30EA534D00531878295E0CA07D5A8E4FF6005BA905819FF1623D219E3A74399AE9AAE1F226EBCF0F813A7344E081DA3B81530AAE6997CA4752EADF7328B3BA4E3836393A8F958F570A9C006E44149A5696FC6B52F0EDC0208579F85FBD54C5AEC48477D23853A5B965E7612B6DC8D5324D94016B254A87ADD16D9CA7B9545FA30B616F5F4B1AD574AA3E48A92C92DEE405773AD10697338E9A4D5C3B91BEE99CB4F6BF3831783ED3BC119E034D8686
J=$28FB580DD56A156EBD7EC24C524CA4C89B97840753EFEF633F593BD3A80F8D5C2C19B6C341C18BCC17C9A406D1838CAB467CD4C0B807049BEA6B370F2B65FC70C6B195874A6E143A512ABD61A4EE0456A0B0BBF0DCEC64B759523806D71A11F3DE8A2E62841E712399BC7B04159ECEC064BC9B6C72D242A8704D9A0B51464986620C2312622FBC656FF99E0C176CBB0F778EC570C2DB99E64C803719DF7E2E3943AE6FA5FEBD10B8BA17C9D9BDEE7FF43D1CB64006248238B47A03ED020F95A991D6804B378A1ED7A3AF2AACFDFE58324949E4FF502F31E0FC590917C099FDC657BABB015AB30EB01975B78BB8E4D4C4F0CFEF24394A012EA2C895A4D2DB0B929D3A09877326207F3F841B50DE264C3779893E4C7DF4D94868AA9606A33050F85EBC8552142E824317856B4B9CFD03F20A6335BC26646EF2239D206ED57A206ED498F25294D123C316B67EBBC31F25F1E95108AE74A155BB692CAD0D1E1488E754BC39F68FF911B5F83DCB676CC8EDFEE4ED463508AA8CD005FEA0C787
T=0

[12]
S=$177509F74
W=-$3100123E768D62ADE49479DA8A4A8CB04AEBCE679D3C0FC40FEA431CFA8836330A26D05210127B2218ED7C9DE431378AE7E46AF3B5A0A2B874A334B55640979F9BBE72F56D913F2C2A52FEC4805A37A9A4C3C4AA426EB79442F470D4F8CBE3105A4E226D0843C569F46586B5F51AB2AC9BE17E35B5734D73E6D866A1CDA0CB0DDA58AE1345FAFA98D96A50A6C0644B69441FE941CC0D510E8713C9F3830144D8D1D9D67EE04C0423D9FE0BD4DC4BEFE83EA50B07724170B9C29065AEB3F8
J=$1490A28AF96EE4BC33C45872EF09D92A168112588FF4DB4BBF55D19B0B020305AFE1D39AA932A74E8ADCE4EC623A1CA0C3EDAB7A49F55531ADDC81D5E9CC45CD4995D4E0063A88CA21E5788B418764D79A417E51774FD3E62615544573245C10019AD9BE633BAE1C1E1D636D32AFD417EA6E3BD42074FB3E6999DA959F1C62CF00519CEDF77B81D8EBD8C95BE3D41762826CA9ACE7E2A0725992BCE0CF14385BFEEB816788278831E539B1DA927A2C5B88A411FE120147FE02DA82CDDD74C1B90E606F9CFE8FAF08B9524074D434BBC1AE27C24F85C4B18018A0B3D32BFCF45F24C2A78CC69BE1EAF4F314967838D47D08EAFD6FF11B99E41EE3BAFA6B0D2FC5ACD345251D2D53FAB38376DED8D906DA32DDF691613A4EE98A4C7CADEA73D0F88CA85926B3E0BAFB438EB0BE717B7D2C324C3CDB70FF0C5AB8743C3792CFF4ACD2C595344D41F4B7E83AF7B941BD1CBE790199DA7D3BC81CA92A1AB68054A6569304F0647DFB94085FE1C69837AA3CED6DE625370A7B3AEFAD8722E
T=0

[13]
S=$251AF1131D2
W=-$1E080158AAF58A4355130271534B156757B4702B9B4C086AD43F574CA1D79EAE4185DB0EA77B2E389850AD78086A239F246E4DB460D0563E70695C4EA16D56A5F392A1C9C4A5876241AD7B06A009CF2C708293E3D0326709465F1900DAC544AE857BC378CDC4DBD3C196A221082CC603BB4C26E4D82751CC1035A2B277B315B613C1CB856310C1786A58205B82347C09A185EB5A7A5CBAF460B9BCCB98AED5BE29BBC4395659029911E571510352A083CF1E26D8D1175360A84911C2
J=$92F7A736048E6432A7EE414513DA5FB04328F01314468885EF5B4A17D1D43BF6FAF210232CFB25D01D6A8EEF0A711AFDE1017234AE2AF883A427B22D04C06F36ABCE2ACA3A8E0E2005689048A3603AB6DCE014EC5CD6E2C4E8478CB4FCAAF1B3F7115FA431B67AE9E279BB5881F05B7E3BD100921CB7F7F405FC21CFF9198B2AFAEA36D0BACA299A4A6ECF209D28971725FBFB500617141A1E16EF2C0A7E523119A590FD0BEEEFB4AE8EF941A7A11859BEF6C41FB179DCBAC5D961382ABE4422468E615807E782CC33F007E534EB143D5ED2981DF70A3E4071B228DD2C638E6839A2431807D126BC4187C614D015B268A7954449D0BC24C84CA53188A8519C927C2F4CD87085C930D66269E1C793752B880C82C966148EB502FC5FCE15B54CF2AC7A2BB906163129575F1B6436727111A94935D1934E1DC66FCAAF09FD945C5CF8CA6C4C788291A8E1C0AD3863D35BE7341DDE3A8D4CF48AEBE3A025BE07B6DA90CD8E19828C877A25EDC6DCA6A1621E6576F974121ED8
T=0

[14]
S=$F8B520
Q=$3

[15]
S=$14195C45
W=$131DD59C8573ED9C1B8DA72298857B5B059B3E75E77EF4FCB8CC2A05C9566BD865958D44A0316E177FFC432A36BFA7C0BD6CF22C7DC7A50B3A9D76ED04BE2EF7D2B9648C2AF89E990A3F11C954E752A4F65263A8B0271B816AB8F627FD699C79068D5271B0C384A2502CA611CCACA32389CB068D312F647B8544F1E3347A072D83EFBF23A9175C5C8E7C0C7687254F928BCB3EABD781ACD9F28428DB0A32FAD9D691C5C9A623B1CCED77A8387234418B05BD37A2858A32E9
J=-$32A0B384245EFCE52D69A5D07019449B6666261B788C11F812F69E5B15EB68AC7C58E237CA0FD6339949BC6F58A766BA687F135B17462AF30D3CA2083852F0B9E9697CF54BD984215F9DF6C8E40400660FC82454C327413F6AE8488927036BC4EDD9012C76D39C9BED948EC2DC2E01CF5F77F1F668861376A033414F1C06825932D9C63033079B0B852E166CF4B3D7911F0A682C3F3BD7B5C01FF93C71B4AF75E1D7B5328AC53AE65D38F70B39CCB2F332CFAEAEDE48A48930884D20281B1E134DB50245167B8948005991D34FF2B7DC602A5889E81E8EBF5C8371C3524368C6B193C29AE1BC57FC63A4CBBCCD98F7D69FAEBEC15181EA82FB901F048F594328205FC3F5383EFCFE36B0A91CD00E07F457215CAAEDA936B5EA5D434B4489F26417FD713BEE5E2ECBC00D6C39E16DEB777C39A41BF8DEB7EB2D8042B47BBD56015D0DCC58012832269D86BAE1161CBCCDDC0713051847EFF34439DD7258AEF6FE6F5423D7FB6EFB3F245F9548318107
T=$2

[16]
S=$6
W=$ACB1CD91D631D1D1C3DE22C7985E79C2C0FA4F921A6897796FD17646E4A4A173BB3377532743A42975CD6C11B1167973ECC383479C3D543ECBB8C6E9C92AC5880758F6C4410E5D9C595E5EDB7F9975B2ED2C7B7AD49967FBCEED4213B49BB024F7A4ADC2A1AAC70CFA0C8033E8DB18160358EEA4CB3AC52720392327C4B7532261DFF060FE868BC7A1F009BAF55646BDA8FF010BDF274BF0CE04C2C2E5CDE1FB51B8F2332FD6515DCBD927860823C19259B1F9A946E
J=-$3F35EA3B86ED199CA4C6EADE6A98009DF32B511D334B3C682694B5E6A589C0C8D26FF578B5104C23554B33960393E6869D3B55641502D8D8845A23360E36DB3069DD25206EFA03D8896B47B626E861FA019AAAEED319D8FC86329A829A443987C341DFD1749DEEA31858FC4DA885D1D4B40F43BADD2AFD90FEE17A7897094E59C10A3BA27982227224EB89C5893CE05EB0C32C344446B3080CB87F316EEE4E23A0007A232C6374916865BF4CF26F4F6D59579F6C8910A92F6472A6B2A41D96CB409FE4E9ECE1CAEB075334C777131E5C08B647B0A71669CD89C9218FCD427710117F4E2E645BB52FD2AF569B89F2FE9F37C59ADDA65A66665EA0267004E5C455DFD1C86E6436ACC60FD6B60E5358566A2923DF8AEE31BCBF71D963CBD8A018E28C34665D2D65086B408AD2FB9955531384C99E0AEE775202B3876F93004F84D70725E35F47B1ACF36860FBAAFB3FF7DC8CE4E5E24C3500B5ED1BE096EADB5CC61C9F0FFB18D432CD46B41C7
T=$2

[17]
S=$1DE94E
W=-$2432F4DC4553E1E8CE0226C3B0E3104EE08FC191FCE81B1E6D249837E1F57112C8A46676EA222909BFE1A8830D16A47920DEF648A815C16EE09FDD73952F64C9DDEF757F97F0189D85937F28FE9B3F1422B298521142A9BB124305BD27FF2E8351711DD1CD3B8D66C1E202CB9C6FA4A68B7AC1DB731B472A6A9FF13B152D2E69222E04D74DA76A070BF242D381CB222F339066579A143F9D11AAC56049D4E32307209A746B25D8AD51D9AC9277D8F5CE9C2319734DDE
J=-$CBE24DB2D1C73844B23D6FA86A069E1C7526C6A846B3776770E9B76BDA1ECDCB2138A5DD002BCB7F9B05EB9D5E0626F0AA3702F31E9E0DC2D36189356E5B4A4C909816E086540FED8DAD9ADDCF8EC16FF2CD3E76A0A41E35D2B666384B6245AABECC19B830E01C217765A7456D091C26C8C39D3EF9DBDD65C94EEE38E848AFC280772455A62558632F4926F6F9A4071E9168FE7A1AE93BF727D877D6B96BF3C0BEC6C0485D0172C247546AF30B764A17935559277AB9AB962AA0AC4A71B2A5CEB2443217B466ED545991AE9C7F7AC10A34765984A8ECAA7757A4DF5B2D79A980157621A655367F79BA08CD704659F42CD71A211D1F0EF009DD0D2AE26331C7355E7BF08B6F2219163EE5849B6EAB486D104B916772DC6A40C215D34BF2910431955426CF43D617134925447A72948F260B176CD4A72C0177F0717B300F0E0EA7663FD867AB1ED2768FB88B05C5CD86F27531443C35544276D9B02BDFBDA646E3E0BFE0187CFB8F48494F52
T=$1

[18]
S=$33FD811B514
W=$656E278D8BC160571148851E79B34B026506D87AB515EFB8EB39B958E2C9EA2900D7C40DA6A3F498B6FEDD82F65F75CA376820F8C151E3657E3DD6ED83E4DDDC62B1725027C5CA341F3C03DC41599DD4E1EEAF933403366FB39D7D3F6B9D06691EDF8E6162B7896BAAA5D50D05FD8272320AFBA75AC2CE5C19A770E3312F912408A7C51F5ED66918D7E37E5B6F204AEE212A95A85EBE0F0B68EDA65927A18FEEF7D84DF3D4D53E8FC54B601076478E39F5C3CD522
J=$A3633F512606CF16A446FC1507D6D0E6F3FCD6993906596631AF37D7FEF1992DAE494EAB88C4B2F787C954235DA9FB60D5B5A2DFF3285B9F6F4BA4DBE10344CAE13D39C84686865BCFB1F9DA2398ADB9C6FE2A68A0186B9D035F15E78648C2C44D53D1AD4D7540A0E9E6725AD1D62DC57E23F24FEE065D7D5C5446C2D761ED2E3E50E0BB8484E9A9953E27F8B322EB3020626212C769486033DE4BD18B5AB67D6288510AEE7615C2B716AE4865B7F449422263C068BD5AA12E1CB2389D927B8384B26DC550F1DC09C7D995B55E4CA6873094BDF544077679B04BC15F48A678ADB748B303BF6B2F694BFB875982CDD75E8E4086D6F7D803DB574A1777803B5F9D0FEA7C90BF4C99846BA04EE7F536E364E687481C58F8F51CB118CC74EE1E60A1B9D1E41B643D6A447F23E5FC5CF04C18E75C8C3876EB6B70C6B933B2B12C1FE6AC8B3249322FB6FAD0481453BD8A90AA2599DD670D05A6C42A63A22AFB8D246A2FF39DC012A59B1E
T=$1

[19]
S=$1E9CB
W=$3A658EEA49322B2363DE78E62D6B10BACE0F528C818553B593731BDE9E606F8D7CB99B559711B5A32E48C1FDFC0CB54BD559BE233D453467352A3FE8E110C83398E05C7E1B58F2C23C68BBC6988D4A6BD615E7CDBF76A13072C0B3C48DBDAE05EA0FDEA0C2B65EF50CE92870C3E76AF9C51B6A6E41F93F787F93BC0CE90385740C5E53FCCB273A10DE4D7FEEF4F54A2FA18B1CAF7704930C3771C7332947262E241AD293B810A88E2B2CB5AE43629F678BB
J=-$19DC67BA70B685D768E8F0F159E9CF8DFB1405A7E265BD13A1A6555C63328F19CD2771FC16155BCCD1E4EAC444A4287D6D1F6424CB238F0D28DA0C2CC1E52E100CA8CA0084843E6F43D80A882F0BF72B940A29D9925FB24B74ECB86F6F09C1EC49420BD51A257C864A108E52108368255350744A0F6A296932D4AE79E6A3659554CD518C2C0287F500CE89982299202AE38747368BDA1C4CDB74030F56F4FE572005D8DDCD6DA8960B8C91964CE21DF96214761332F19230BC06E11D968EF5F435749791EBD2445C5497EFCE9807DD456E36D5E6BDEE169F73EE2BACA3DB83A6DB186F1A3039F46E5D115FA188600365E01C4F5221F552EAF6DE95B75F196BC7160AAF92F6894AA65CB6909E63B95B484995C2E5496494C8A03A4F942C2F5E73B97D54D46F81DDE5EFB813184BAD0B21483C06CD4A964CDF4FF4ACE9F6CB2E1E2227F01F7378E3485D576F945161CFB745E0F880AF5E5995F575BF2C35161BA14DCEEFB
T=0

[20]
S=$6C29ACB
W=-$D8CEC8F0FF6A6FA38B88E3674251F6F790619D7C6E15EC8678276A70CA42D90A00BF2ED4B2477B9521CFA4498F133F814DB404D0871C18E2E905B1EC0FC689BDB4FE50C248BA7006F235BF6D7BF55B11216D7238E74626E8258EF1D49DC67C57A306859E1EBA90227E088FD8A6F9996D4E71ED4E4E419FBAD911C7907D938858701C283B20001BC9F721026638389292CEBA298B757C4BA1E61B9C7637843370CB2B2264CAB853C069C41A31CF59F567D
J=-$EB88B4B4BF699712DDC14743F4F49936F946B7239D8F1ABF6372E5FDD2FA0134EB402DAC28A2280B71CB135F9BCA65CC6D3CBFC7EBA643566AD42CE17C4620921DBB78B305411D4283F7191EFE233908A5E59B56699E6B308834788B732199AA199BF2FA0DDA2FB650D253302261BDCB89B8DF8332F12047304B1575881EF02671D817EE6C38DED9F55D7C71E090494112E8C297254E31580706EE9143C2371AE12CF1F79DDAC27457C9EEDA124F9F3EE50D911B790DE7386631293E3392BFFA683BF14DFAF98FFB86DB747111B7D99FBA3C298B519624D6E78F3CF5172524458918BD559D341DDB8FC61381947E78D30DC31ECFA13060E8F715116902003144E7FC90BAA8817202752E445B55862C7894D20266B2248E3B869C64156316ACBB89A93B11B2DDCF2BF2E15CD165F684BAE62ECA9F240AAC5B097213DD85152C325F4FF4925AF55BCC587E3B3F46541B586B62FCA7D0FA597BDC85FE449BF67D3E11
T=$1

[21]
S=$2D68A36D6E
W=$12F1F49D0F5016CC008C6522C93D5A21B2F40F295D6FBBBD199E74472396B6476E89C5BE37E53A8E1C42AE67F0F6324509F3682FDEB8849C3A1CA9A6908E425F7DFC4ACB1FE7BFBAF8018249AA401986674E89063141793F38FE766769DECB3C27A56184F0893C09E04DF1951F2817F818E5973A374E7228012E564355AAF594CC20F7C327FF2AF427F411CBADF73AE2BD604DF4FD6690098ED5C53953C289A4B83D71C33A881FFC9A304E408ADFFFA
J=$1EC71363674EC7084141E0E1119C3FB68B8B8C23C6F3E7454B0E73D271A650C9D44A2D702B401FB5D5B15F3C4277625D118311CE41C74A9A6FBB1C653F61E30BE0C49385D54B1EA5DB4FAADEA9A3FA8B6164888A9FF34C373C4D139B8A5759A8DE03BD4FCE93465A13DDA997E3C9A0BDDF3E972EE8AA639F53E69548F24B088352B0E03F1F4144B10D0E25D175FBA81A50C20927B19B87359F61EBEACDF9D6D7E332D7442CDD4FF7888E28EC9AB7A8B0162F24D789CB273F996F2014819148E191087E92A0BC9829C3FF0F10214B572CBA07261FBB9963F69C97CD2843E566F009A0E1606A978CEAC64476466DA7C9BDCF67355C8E7FA3DF0A51EC76ACFDA644E79173DA67FF2DFCCD73F3292C900790747A6B58B3632D592CD862502D44481FB669CB9E35335B66F6E5ECF852E4110614805BE0626010C3BDF08D82207E6AA2DE1093D9F1B13236EA00F05073498C0D10DBBCF6F9D57ABE1B08D996D485
T=0

[22]
S=$3779C5D283
W=$227D1C15994AD5A67EA074BDBAAE96E16BBF6C3F488FDF35679817FC9E486AB0E85E0B0A54C943810A1289FFA248664DDB0F90C4B094DCADDDF0C81420D6F83BEAAC6D1B8AA9D4533520E2CEF072BB46A64A703F9921DFC4180A34A4729B16136893D98F600A97610E61A8AFF9266023DDFE1C7144D0518ED3872F99FBE7CDBD8827D1807AEDFDEBE90BA7742E66F3974DC277511C4748316B780A6728C541C8B232CEF5BBFEC1349BE28B380D
J=$A21A85B8B6B6AEF42F9E767564DF8C2A620D220821E7FE26E5E95A8DC1E4AA4EFB055270420B0A86659598896756EDA45031808C1946A1B37BBFE1781B354097B72D15F9164131E5AE6589E4386EC973715509C83567C231CC759765EB9BAEED1B10DCB046303607D1717154B856EEF597D8B0C732FD5E86A324D0496DEBDA8174DC1C551CAE9B8C8558CE0B5E405FECF84AA6B1005F7F5866E31688A114D53831D7245FEE70631DE0D07561C00BD8812FFDF98877B5206A737D58885C62B4E37384D5B16514AA91F7772612617501E9C5FE370952C883D621B9887D8646F794F170589A38474F97D3E44E1A1200EE5252422F7766AAFC505E4ED52266FB707F88DBE25C581A4A667FE27807BA8309CF1C743E75FEF265E31429C6A7C85B986D71FFED22996838030476D4714BC30594F6E243DF050BDE93EE5A1AB72832C8352A4A131CAED12402C3D6D1D2B70C6036C9A015E5DAB92BF7A2
T=0

[23]
S=$DD424F43F4
W=$273013470212B3251E99544B70A489E77CD13870B3B78A4C28888BC643EEBF7856C24AF6444CDFF4EB39D017D268C76875181E9724D29CA520A2B580944FB8CDDE954218FEA4CB657852BFD97E1B830570C8B959E3992CAE983170A1A0FEB445CF6686330CE26AB7D1BF22CF1136A58104CD24466F375F8BC992F86B643EF4C81D585F2DE83B9C84AB067B5533A71A9F6FCE87F1FF260529B58E425B25D0D95D77AD62A8FB6D9A64E2980
J=$3A6D5C798E52E249D4DF743E0BB9CE11C3E04F63229A1DD4F3B38C5C0DFE7131F7608D30FF8F27D337150089A5381ADD60D1350818D183C12B4BFBBEA48564F6850F20BE04B04B828593C1FFB36E2182C1BAC50BD6F0C0A945311C1EEA8B07194934D6C2624F6A64C6B883FF5E01688510EF27E170ABD675289B341BD9DFD9E6F3463F20CE0413AB9C451BF910C43211ACD57A1EDB30766BA2EAF364296B96FFA48BC4DCC54B35461E157E8DAC910B7377F3F80BCE1A67290D014CE5557FC0611B5986D0A6EA6E34E4D4E137561FE63E2A28D1D582921C71DE97A5BD3BCDBE1D1D7F8E286583E28E2C2EE7889D7AA7E9EC4F791DC2AB1C68DE7AE10D4455A4C28415F3741EEE9C08B816F1117BD003DA3644A8B6E2C1C4E530C606F4670B712F85E6C7B9C298277D74AEE49E19FA6C78F23B8C54A551F9678A9064B8FC6F2F35C347F0E1877DB0E1266BAB92E909919D7D3178C82
T=0

[24]
S=$1325D3A4E351FDC
W=$51F9730E167C6872D40A84341703EDABD56B9283ED6ACC55E16EF917D6831BC058E42F0AFE64083FC2EA3493CFE35E042B69374BB8243495E6A3792BCA76879E7A8C049F98B7E357CDFC12E4AE43948525ABF7803BA7A3CE31C75EE2158577F4D621C4289A97B961C26226EDC57F2F8573294423A5DB7E83EDF3D62853A9E39DD7E808AF0A7B4D4A7863D941CDDED57F4048E2791B623D39256A04F203326B5FF214C24510C79AD4
J=-$34CF32601ADB40865AE7C1AB8102E1BA6EF53D67A9AE2F930D35B7CEE16CC7483D38510A4C21916B3AFF0093ACF3F81D9418297A4E532B35E5B66466A180DB97A885724B670D0C7169AC9F250A0F0B50F3B3C40957BD6F8F86D35A98FCFBCC24814C10818921D6EBCCCECDE1F45854F20606419B3B82DD2F4E23F254464138A6FBF3FE6498B24F8FACCC24B2CBF0A860F51D16B6D80896BC9B0964A9D3B38DFAF9184AFE6D87E3F327E5C2DAF02E41C0641889B5B076F8C9AE2B3150204F0A43D474573984FC2E7F2C5BC754F7ED8DEA2B14A2E3EAFE4CDE8A15C64114E9D2AE4520B64CF6741AE3F6D1935388BD9FC35D2EB01A1AF28E7F5E59A6A5353BB0126D4C0E3435AA5CC325501161FD373FB124C76CBEE09602D33CE443FE8BC9DE984BC9D4435EB6513005DDEAE48C93AF151C9F90D26EE34036E51779BD936490AD03A6253AF9384C7E988B4791FB5AE8C
T=0

[25]
S=$4B807F3E
W=-$35B55843AC0CECD0FBA33C7B072C2DF670C75C9278EC1FD42AC1D979220D0764DE290CDDE7CFC4BFC38037BCA4A1840285DDD8CCC38732923C151C05570FE67999DE916E50D99D670F2EFC8CA73C71D75615347B8BEE1392E2D5BBE577168312C222A4A78F8C4EE9521BCF27D712772609A48F25F09D2C93BE49E46CC3A75BC8D64FE5F041657DA2DD868D7D6A0A1709EA063D259725D1FC8244D66AE928F51B754180BEC
J=-$9129B8F7001CB15521001D3E7BF580D13D3B4EE880835084FD8DE327148900F4205B58719BD10DA15158DBB6E9150452A43A94843CC46766157994FDEEC9C3E851F8CE20A68D05B9C0508BD6C288CABD549A3C692137BC7B7B132B4DA8FE3C9F2A43B2BCB07AEFD92C3E60B3CE94B01241D5044B9B67D68E4D3A16E18DD3BA179C0787923F12591B4806CFB8B007E6D8E9FA126EC7135CB7FF9500DAB91CF8DDFBCD8E4BFBE887F9C106B104312F739536ACC1DCD697D1692042F980243CAE72EAE68299D14638C4341EB2D7FB9FF5E23A8ACCE80430BEAA3A2A652071DCE8192B1821CF8559989468CB481CD44606B986C1248AC995CAF23BDE1C01FB49E638146C2538CA5DA162B2693D8EFFC9DE45F11C7EDBE56768E86A38F5FB280184FA1FF0EA57FA5A13DB09D91AF19F39D0B3E26C64689DC3CAE1332E86396DE39599E6C9248360C056F9
T=0

[26]
S=$30B8D2
W=$942F30CBB54E477411D3262D7CB53F8F3091ACCBA7A4C02FCC9DC4214CE487A721257E892C33D6F5F2171DF81C2F08205ABEF9FD519F1CDFB65BAC348C9B7244081AD100AD7710E5FE3DFE0D5BBB09196FAA391356477BAFE349CE8DF6900F5456188D94186189439B72D5E1C96E5F4A78BE066EE7F5626C9FA50115F38323AA2B0F650C4176389C4F8D17E76105BFE5A945EDBFC7253FE117F55A99DDE3BA574AB52
J=-$6B03DA42B1AA997F021D343CF265C516D2F77F27B14CB005E3ACBFBEBC36F6B7FED6FDEAD0BDD08454FE4147714FA1FE263A80C99420315D74B00B82D65F72695FCE707AF3B569FBFB2A18EF3EBF115892D4FDF7366D1537E3F5952DB7DC7EF17CB6B5AD98364318C519AB3A0F7816D63D0718704D6E5283404D4F2E35D511D45E90A91DB299F595A90AACDB013991AE546FCC721823561370814C75C153A7E642382DAC2508C21B1E084100AB9A1D47D8288BFBA939AFC1030D602C31136A8D8838E05490522875FFE1F89A0ED58722D8F3FB2BD92B20EACD79E72C72D9D261DADEF8A5780BF97E016B50331053817985DCCC1485C0FA32446B06BCDB9DCDD3447F46EBBEFF038CE8DAD2928A29FC73D1A4A0ACE0C8D19A2233C14AA63E5F6EC913EF030CA3880FD2FCDCFED6B0EF7B9AAA9C2512AD48E93FDC44D8BB54EBF2BB0F1D2F7
T=0

[27]
S=$AC7AE40
B=$2

[28]
S=$1554B16D6
W=$4E2E23992D61BDC0C6F537505D73B021EEE40A9B6A7C55F0EE6F13F1D9496DB0354C15F7019BCD6DBFD332E8E02673E3255032CFD2C47880CF638D081B99B2D64EAEDE9B18D5098A23EDCC1742642D17165CA27C6FC0F71BFF13730FFBCAA2AD1FADA6A1772AE626499A8C6C49ABF8D31BC3DDE001F50AFEFC222062BE58210DDF833665AB17DB0C332133CEEDBC0E17CC871BAD0032CA4F7067FD34F535F1E
J=$5C9A84CC81D2C95F652C9C39C6ED82A6047A4C42DE4D971FE4A47F10AA998D55681ACDE0D57A40F8DC5E006547D52AAACEEFAAD6699620DE443FA3DF1F3C4932176EDA5AC352948717D964C684207E37F89AEB10C32BA959987CB3211E4917F27E7AB8D16CE41D9E40852420DC871E7B53D232B4DB403F62DF9055D122CE845EDA379DA667FD49C429A7691E5F27B61D0EBE8C1ABBBA8BFFD5E84B90AB5013707FDA2F2BF1E91998547D04BE5F5DC1843060B5B4D0E8C52085E2507F4AC378CECDBE60AB0B5288CFBC4037C5129E57D35C44A1D1F4C629D9F4E8B9E00E6CBCED67E4CA5A5A14CC4C100617AF9BCC5E77C89F76CCCEE18720AA68205299881613CDDBC2BE425E4F6749A7C6E6C9FD66EDDADD1EE5F05493FBC8082446D15B970E1C3AF85A4D745476790FFA0A9FFED1289436188600B27D4501286F902CCBE
T=0

[29]
S=$B0CED4
W=$69700389B00076DCA747E9F09C1DDEDC2F0DAC641E79B16995AB79A5E55B1C6C7BD4207BDB46AD0F88028EDBBDFF6FC1344808CD711CA439BC6E330D5EC84F2872F4FC4438D29429ECA16122F0E36D1EB2D2A1ED3E19983E2D15EBAF58D402C597D6659F17BF02C130642D8ABD8B3598313A97E80917B6888EAF422B38EA7A518CFFDF65773C545F3A9D7D8018A85416C4C884260CD5BF864B56FA08DA4
A=-$D70
B=$12F5A
T=$2

[30]
S=$1D3483B3
W=$6BB6E0A19A9C28A8FE1DA7919A25DC4B9EEB263AEA91A0B725E975B7D1D3FB38F8C4AECFF44E3BCD82125F665D39221D78BFF4B47C4BF2374804386C585E0FC0D1E44E2A777C8034EA7F777629B286702408E3CCD9588C2999D1D4FC99FE9995DDB9E4E6ECE1C57886278809886FA23ABFDA9827EB1B847CFA578F5EA27974314EB1FE49D045B84E748659D76DB4CF7266ED13C7AA92AC8C42B7080D
J=$4A579E5E5931861564F5DFBD3833FFBECFDEFE3FDE3C8EF14B4396FF067EB169FADFE6C5A4C787DD48994C6453663CC81260753F9847810F2E0DC379136F04CAF1BE8B7943844223943A4E612F09011F70FE9E60697678000F2D8BE611561E3E2E32B40D7EFC13761F1557DCE99D5CC575F3539357F53B89D25A02D30E8816C914CD4C83C5F2070C90BA49FFC7216BDC2D7D6C84A1399F002A3DF1C1D240B4B972C31F4EC3AA9CA65E828478D5BE88E52B3E69C54011F9967213EB436C9AC87F0EA0875F278FB34E51032193B6F98756031BF98581906AC9FA64F9468ADAA2168CB46823D95210304D36586AA2CFB9C20D30C444841DA87A052E96D88316B5A53A6AA934C9FDA9C8CC865F27302DA66985B9B24C6765F1415D49FEC1A963BF9BFE882C7F118F05E606C27B1E27901D21C48DD1A17AC89C
T=$1

[31]
S=$1156
W=-$6E10D064EA02DBBD066CA5B99E1C6DD5BB81982605F0FC6CFA7E125FD2E1219AD0BB232C00F4B245B99F818A03737C6336652D2C941EAB6213039474074AFD6A2F277A7ACB64EC0EAAF2E9D1BE245C9CEF3B3B74205F101DA00987C494C91A2B0E80F5F690A6CC225B4FC9A96DF19C36755AC621BF88484C8619C01EE1068049A7819347D08E36254C7832397DB561CCA4E2CEC75F018801F328
J=$257BEB8394970F17D69E5CE8D60AD2F13888F2209D6CCD426C82D43912D9927716EBD24414613032F9CDD0CD5FD3B1059265633D4A580769FF98D60C1682EC2CA8F14129F8926BD89825C7EE060973CF4ECF1C66C1660BF85A68E240675472C26CC065FB63EEE9B79526328CB415A6E2EB70A5C8BDAE122220DDB7CBF16A3AC42E387DDF6ED693A519FA7BBEE26632CC29AB99B7B1B7E23FF5AAB3255BC602DCD640717F5517FB3A9E4032688D833AF737EB497FB97831CC3466BDA918C0944AA3E7D5835D853C81B805499CE2228669F994804357E64E8F6DA97AFF91C092BAF9A9A0B03BD418972AD2F2DFCA00EEE824F3E5745A1C84F8DEB5A6DDC8B52D3750D1ED69E3153E83084E705B9E35F55D44C58164FE04F5CEB50E2F7593C0CEC7832EF383D6DFD68B094B38DE32C75D6A3D507F16
T=0

[32]
S=$BCB337
W=$D04518AD4789D3FC673428DD1F40C39BC6507FFEEF4BAC657FBE52FC8920C754B6CC98E02FE5DC32A65337C8F44689419D7D7F2BB2D9D5316A117697DF08165ED9BE53FB0AB5339EDEF5297EC167D9D5B4196F530A708F8600EFB8E070A80875A071289D359FEB8E3447817E228014C455B2A3149C4F92F5BECDBE5991F5BE80EA87A7C22B57D1B5D9D7B8B9FE37D105EA87665946D58D3FE9
J=$4019D879E972D5D3C5B7BE4DE96A862DCFB62745B7B96B3A76BF0DA1A55796A8CF96367651AE05A6BD38AD5EC2FAD171511823FE6F3C4E0664403695F6D7AA6AAEBE3A3E784BB37BD8F54DA4BA2B57C6D6979FC8BAD286778604442E6F188D6B28A8B94407C0F9C734EBA57A303C8C4F6655A7B603E77F2F96D6F37D5C4AB748D8AF8FEA5D9DE7F79EBA5595944397078D11B43E7EFC3AB58D5E9FA6D6796C63F580B68A8D23E3638B5E608F0FCA6A0582B3FAC15F4A8D4D015ECCE5A9A6CB9211F3415498FC7B41BE5B62E5F14E8C1AAA6FBCA2A98562D15C5C599AE5F52E77FEB84F04DBCB248772A962E42CDE823287AEFABBD996BB12EEACE0F07593430E55296C4FD5ECCDCEE8598CE3C49446E08EC37CB1692D9413DDF3B1952AD2202885CFFD1CC58DB7BF26982DD56C2EAA0D3ECE8
T=$4

[33]
S=$DD2369DF00A04
W=$7DD5F9503D156A981873E6AFD309C82F2770DF21A7CE7CE4C0019912ADC3F2505942AC7EF07CD3A9C1D05AEF28545532C31E9774964305704024D5739A5EC8F9923D32A7C4BE90C8EA617217D819CCB0F6A1B4B5A7FB8F9025E95E5980F891AD14A0B41F0F5CFE5AD82A873D5A186D4D7F353C91276E4448EA1F4C348588279750EAD7058075B406B0F9CDDBC65534ABA7669E28775C946
A=-$23
B=$62
T=0

[34]
S=$40B3A37E306EFB758E
W=$180BC9C95C0E09DAC9D58577981962ED87E877F590E64269FFB81AA68E018DFDD7C49CE79D24E8692244AF50F484FF0E6099F182CCFBE6E59AB4BB3A0E9EA7F63DE4167F43938E51C6AB78D023C68B763A20464B2F863608427303FB2D68348445B47CCE8CEB22BDFA5F646483ECA2DC3833A73FDFAE68B534CF38003BB1C0BEC36D3FB76447887731C805D1F068CDBAA22E013904
J=$463E76A4029F0CF5CEA0C9E5DCB94C267F3A0E8AA277CBEA30EFFC077F2D5CB0A81C681A84A198134D636BA4F48344D32011FFCFDE7255EABB40298A443A6736CFA42B2C5669727551A894A7307FBC4F9E0E769508B6298D38AF106FF22F27CFF5199F177E4C3182E85EBAC314481C11A98B5883839D960F1F3F1539372AA0ADE1A122F8B75F3B05000DF0B725EDDAD431BDA20F6B812D10DA177CE3F4FE00BB5A54A83913D5FFE19BA715D80011C1D76E25C87850391107AAAA0B94B091C688AC21B0CA546E053E3F1FCFD130E8F42B9AC938B4EDF266D80EBDB447747B00F37ECA306B91F1159A8F0A97BEC83773D65866ED92A854A0890F1C1A3539E0DB258443244F1181FC491AB396C84C2B096534869A6B34BAA206D9AA112582C64DD3F532BB9B5DA8851A81
T=$2

[35]
S=$790FFA6C4C4
W=-$3859BDB8795CF1C17F3A749121EA85101DA905090CB2301654D5881BC582089E6F800A78AD2061628D484106F4F851D5AA258CE43CFC6B5B94E9ACD80EE77ED903147503737FE518991777C23A07EA60C5E792C0E60768C47EDE01B9156206DA88DB34CA7803E3F5FCB8C34BED2F3391F365158B38090476CD5096F1D4319A72605E2DF77E323E51FAAC830BE65A4F202
J=$461BAC969964B2DF6004160AB7014CF67966362CFAE2BA93CFB517CAF8FB21D5C2B0EA142E1505DD35F3C006CA5ADCD21578759A276E821FC6721336FD24BF3C511EDCD86D4B82A92F087FC2F3F45AA43A77DA8C5E96104828AAE3138815BAC2A6EEFCC2A4AAC795536F2214230934AC63F2BD3E00DE32D7F7D7A32AFD7C8BAC2B54578567E7FA23A40C6BD92D21FB92F9895AE1E499AE8F34DF4A47419DE68043FBCCAC26F2B521EACDD916CB89425A6AC59C9E3B08B2A0F92505DECD816A9D9EA9C830C903B71BB1C87B022738C7DF5D330E03ED0224CC56DDC5B80118A17BE90DC849408465DFC9588F1E6FBFEA8D7AC8F0D0DD8E804810E72A368BB33F6D9FA14B926645FD989C02890BF7028FA02B9D3E459C173DC2B79900F57470B485
T=$3

[36]
S=$EFFA61BFA0
W=-$10B02F069F75AB7C27FE5A30A2D8577FACA3369BE3E2F850ECC41622CA9D96023938EE7DAEA6BD9FBACA28861D136A16B705B2D5B65E94B80EAE31EDA3D6728D9F1C186394FE0EE6190639EA560E6AFB08097904FA0476B9D78769A480E3B2B443A85D40AB551F899B7B19D83A597D77F01A76443EEA425689C6CC1E64F05156FABACEC035640F1977A163122C4E
J=-$2FA618390EB0E21543A26CA05EBF2686B2014A45617486059EBDDFC664D46B51776AE379EFB1DFD519FCAA06ABF6C9983598973AB353932D95EF08E562E09D9E36E098FD1CCE2C527267253CACD9DE31FE8D2AB56FA5F073882AB8FEC60D0ACAEF1EA23069634021788A6802DF5C5A0927FA5B5223280AE763A6CB2BE2F4E4749A350014044EAA94B7539924EED23BD0942ABF011498864900217B8225FF3972004E9A657F979DB33512618CC5DC1B868BDCD3ADA43420A46EFBFF9FB5CE85383BD07EA50DCD4F3D1E808B0ED06C90540696ED9B6BDE605367AC1398B6FFD8C3FB528C391D9CE9BA60B06DE1E7176805F1C8EDD0B081810A0BAFF8B59421E00F3996CF66ECAEA27E4CF52BD4A29ED52E4D50C5DD6DD0D93ECDC085
T=0

[37]
S=$C78674
W=$7B65029FE6C2F305D6A726C6979298CB8B7B1CBF19FB551B315B70D873512D6E9CB29B0E20A81A27D3EBC5D69B98F984E3A85BFF0C5AF518F2F1CE11F2ECFD1112834F46FBA9ED623BC9106A39886A02F525AC2041C73DF96983ADAF4D79CF612F222182A258E2949C796BC295386CA2FF36701DB7261B7822F6A4A4920BB99B549C47F378514749DE7F5A
J=$336FF24C2F4319588B42929E0B43CCBECBC7F79EEB74DA191800C028CF6F1BD3BCF5CA8382E52510119B87BC8E0BD7428EADD7C6F67780D3AFBF8725F6C2490DFB92D4582237744DE8E659BAACF3ED3104DFC9896AB90EC3FA26E6706B93D411B1FCD2906D51E56664EDB8A0C1E9D2BF8F0F3235E311773C11DE2514A70B1246F72BFE7BB05C0585E3F5022665DE53E43C64F310D0665A914499316E551A3779B85C9E89E276BEE9AB66642FFC03BD913853F5D9C0616AA7D72DA8547F80D66290F137C4A35CD19AE0EE276C222C6CA6ED1C1CBE7EA59985EDED657A854BE9168688CD6726C1EDB6016634560422A6B9A851258A5879A5D286426838AA430CD4688EB5647378CB73D07B9300CF711A633BF224B0453B
T=$2

[38]
S=$419
W=-$17F7BC3012915837FB51B07A0DBEA6FB6CD521045F0F80ABD2EEBC0FC2FB360422A220066C8B3285AC3D6B874CB4B48FAD66AEBCDFC042B18C269584621E19E3D48A33CB4423317FC89A3065888B70547A964F83E20E15E26D28FB5B238534274355CDCB0F74B098B6F6965B81077880DFB7191323275E8FE971CED30538FF8156D501446BBBCFC84651
J=$3B14D2CBEAA023A3E60E00AEFB411A7E7BD317C231B86DBD1369E2D852090AD6968AB264BF1688A1C17162A07F6A898ECFA4F13A4E20D6C1C3A4F66F7412E6DE6176BEDDE9856159DC08610B6662D8FCDDAC61C64F70D1B80F3DC2D31086A4D1431C934810DCA725DF2727B4FC7A947CC9E6A93759EFE394D0E9B5F8F4D1D6AFAA2FF7CAEFFE10595DC2685EE896863F9129D29342A0B1EC5889F7B3DC946AE57206C53FE48D49AF03FAC7FB8FB3BDE2352AE1FFCEB79FC77F3CE77DA77E8BB83901B49A9F8F578FC81447DAB0364A1843D59909431894924B1E93A6EFDBD89AC618866E98544B586A1FC9FF8773EFD0675D208D5BE65A1CA7723E0704A3E4FD23296DFB946E66DFA4A2CC3AC2FFC13495B5BC
T=$2

[39]
S=$C7FCB3649
W=$B2221D0B38C879F71096B74611A213073E225A998A8D2DF5667D68AFC1D5F51F811CF7238C76D17437A84D54211756A3A62BCA15E9EA18E31C2379028A5F5F014AA0350663E250352601DF016EFF20FF1A03F628AA69E77531AF646089C04A1469C9F8AEDF0AC1B8B8DCD995B823872141FF5B901E01D97D1A59D640BC1865A07EAECD9696811C9D9B
J=-$F2ACAE470925CD382094460E675D6EEFA3C2AE28A9E438BDE40CF7FCB5D1B8058290B0901787778BC3B375CB67A2BEECF0B4210771EDB2094F4E941BF75B4546DCCCAA4BE9E273734E74058C234C0100E638D0257B5EBE7C105ED56BEE1CB55E7C6CDE5EA783D50DBC304339CAC5D20CC312B4343D60B473A8287CE346C4EFE4F6FEE3B79221386BEEFABF47BFD4421A74D58B4B206918B0F7C32F79168E7C410B785C3E2E11A419AA2EAE1B1B8B4FD70ED57AF77D5F5A3F3102E12AD23226EFCF75A095AEA2F0E929FE1E0B32D2636778C8E9935A09B47057ED36E20AA530739D3EC2B7219A9ADBDDC00CD06F8C3EC9A008BA87094FA594EB780A37BB1F6C97113F57687E96E5AD619912DD650B2C83D3E
T=$2

[40]
S=$EDECD7C
W=$35B4123764A0E877AB4D86486A49DEDF426C42DB6ABD64062B12A2B59A046212582DF21B86D0826E61DDC2E1EA39857019C19C255A55A9804D70CA16C660E55F3F6907DBB83578445304D4F4DFECBC5750486E838F1EC6118B8380E6B2BB4FA9B0D601F9E2653F1D3348BC384F8A2D236BAF25BA75E8C6F50D5D52C3D00CF7A18B9FB774C28CB4
J=$691158E16E71686EA846BCEF1B4CE5A30A5B8EAE83DAD3E3D0C7A71F6DBCE7979B502C45CDA931CC080F34CD39D959832C767491FC42A504CCC7E8000EC85C27081EECD68FB1074F01424A1F45FD75E95435EAEBA45284DE3DBDC66F23F5BFE4087E2EE5EF236C97CA54CBAEF42856E8E58CF300C794708108BCD84AD911B246D9CA696AA964BD2EC4D894443B880557AF0E8E6DF86866ED6C63B9817137A4178B7CC9113E1DFC0FDFA520CD8384F6C05358977454F1864BBD1495E9C33A287B856284DA45526DBA0656E6924D516EC5FBAB19EEF697AECB1546424E36289344EFA9B9956B2A7884E95A52F9D0696DF02BE8E21181F265DF831AAE87D96599BD55E8711616065436F172DD5F39
T=0

[41]
S=$171D3283
W=-$9AACEE22326C9136F4D444AD19B0B8971361495F8FF5F4A44BD6FD16CCE7C3C78F685CF64C050782202762DAC0CD034ED0E6741D4E3767142BB52ACE917BA70646D2D6064C99E943683A4F45CE87CEB3A302106918697CB9861EBA8522E11403B075863A672EE85E8A8D2CF59BC87843F4F5550B46BE1E94C75224AB6A71645111246BE743
J=-$9D0F244BCC3663C774DB6397915CC4ED8BCBDEEA113A921287228215CBCE764ADD3BDC094042273B89DAE519E895C2D5D31F366A1E4ABFD71EF60D6AF49FE702BA7A2E98AEA0D88EE36F3EB485AF75F81125A2E3583789A527073CC8A645A8E172EB384E3DC500DCCE537B604ADAEDFD4D4918E9F36286F8AD58B9C1DB6E2A9B9113C5396B704BFAEF2BB0E19B9282CB9CBF38C72E8626D3F081BC47090E32FEADC8E64378A4FC28DBB59E3CCD9FBEC297EC3E2531B983B43330CDE50DE5A8BD3A5B78DF9A81AAF725E91FA05999461C88F8C884CD64BFF1D2D5BA5D7547CC12B96C4F4211B942C2A9392A4E09E873A0CF198444210D920F27C4EB30F8338F277182C085699CF84855C
T=0

[42]
S=$4D3FAC
W=$250DC46F1F507E51228B1929445B1B75AE29AF6C85FD3CCAA544009CCA23EB3E7AE1CBE737FA1E3F8B0133ED8E814AB949D49C13FD8BA85AC686C09B7A6B56F0FBB6656F92814383249835639662153992262379CD00562CFDE3B13F85DAE80C0C1DBC29C7CF6CBC9C87185EFA33DB03188E189FA701149E13F10B1A07B86FE16848D7A
J=-$E62D1F0BB6C2BE427B37B5CAD1E285F1339433CB1BABDA93ABA85AE1905912AAA2BE2D8C1EB171EBC91CE785A94201125605FE2BA3C71CCA2A4A1CDEBA26DDDBACC86EB1A3ACF5B36FFA5AAE580D1AD80B474685BA430A996EE2FA79A0C2DCB6CAF05D30912758E6B4E3EE488F27FB38B52B2FD3C2C7172617F8675B65CE6ADF1D75C73BCF7AF16127B69667230AF9B065218232152810055BADF13DCD944EC8EF6DFED27651497D6B78695C00149A61AF96813D407C6BA489E132EE9E072FAF73D3A2B56D658D0AE70284BA2DB31FA549F1F2A9BD8010687A25C3A981923ECDD877105C3D6F113514E040F846EE696EA471089B84C046FC2A0F37392E706F9E87A9301FD4D8
T=$1

[43]
S=$771AC3C6878
W=$49CB902D1DC654E8DA3AA6918CCC852B754E4F0794BC4F28094BD13C4164C333A59C818217AB6E1ABC57048A978D48001C69F51D548AC11A6CF8C5D265286563839B50A38466FFEBBD54442A4083D8646681997B3A048773770FC6DEF0F2C6D6E8DB1022A81A0875C2D1F552B83A7F075AAC8822E8E60C878B0664170EF4AF95C732
J=$17EBEA0827B2D332950B5387FFFDB08FFF72EF9A177226B26A6C88D99BC259B1618E1E75A85439CBE4AE26FDAB5938F1B764ACE61BFB369B4F1326779EE77A0688D2D583C0A7B5BB41B668D3915A4A79A38F5E75FE192DD0BDBA61ACAE50473840AFB5D8485AFB02C3F686499517C2D98BB31B0FE52E6F312E3366B811CC411CB699D7FC5C4740A541A7B6BC70C7847884FC892C5C45B8859264E43888DC4C245C1CCCF69E510BCBFA5D4175FEE7B901ABABC5C09B94F7C9D4620DD6EA23DD3004C5AF326C19EE2C69AB4D5839CF26651DC353F214D23F564CB1373C1690A4287B6DD27D79F4689E11396206D1C8928431E2632F12EB7ED3DE012ECAAA79EF623CD1DF6
T=0

[44]
S=$19F12DCF22C0
W=-$19B1E1AC5D0F8BAC33D610D247239167A866BF3922AC1163CAA9EFE9F50B0A37511BF57C2DD3026132F50F9079A5AD8F078729F1AD0405E1CBF99F4EAACED299841576F83F1F63178790A065C5B774E772EEA746EFE207BB18ECBBFC807A53BA666AF6298D6AB6848653C97764E12835CFD932B3CDAC82FC103DC2C2AB04E92
J=-$4DA5BAA526752E23CA7437FC4432A2D8D2EB401831FD93059A5FD07BF94DA8C58C36772C6515EC874D83C51C3FBB9DD51023E8B22EE56075616502E1949DB11EA443E559FD238447485BFA6ACA92744D8424C432443CC2E3E6EB3EFAC3CB9A3C926485B2DEF117C43CF52DD91B612037C873A0150773B3EC95BF5744E17962436E5BE1BC09400EC95CF84F1C4ED614691BB6A88FE92232BB57970F67DCEEA07420424B35C1C28C059ADA3DA7C61DD9D6DD6C339A9248279A018EB2B50DC16D2F3C8EDEF1A8DF80F80C04E3FFA439B16D3341FCD1CB5C597949E99D257B45661FFEF018B562FCD22DA04AEA1F5D8F8239601356E933F8D83E6DE498F1E2A1
T=$1

[45]
S=$231F21D00
W=-$3A3DB5D3B62247A8F50EDE365EB3718F6C3752FC5F2B54A48351A9B1F51FBE3003C26D51D8A506E457DB38C66E410CF869BE969E8BA25DEF3A0E65657593E061A8ECA330B52662B2A58161FE267F1BC55C7179E72ED72BBB911058321228D6F1438E8896044FEA0EEEC58B93B0B946C8774CC5772DF3EAA9D21DE251E
J=-$2F448513188AFE4E0FD0E2A1CCE40C14F84AE126877840F29555D5869EB886813508DD9C20F4E7C5986279291DA249AB3B4874C557E4BBABEDF629FE1E4B5750E5009EBE56B90FDE90DBDE83F7EEDB01B645519B3BA37B008A487D5F6349E9D3D1F90E5D2D163EDA87ACAEA3AD562C2E5D059F5D93D7CD8C3652376D34F9998C0FA5BACD755917DD33BEC2FDF21D43E947245CE5F65CB27586DC1FCD7CCEB517D4022C83096977C8DBC1305448590A61FA39B0FB67A737C0F649940BE4C38E50C9DA74EB6080B89196A0A66F205A23D825B0B409E337AA43AFF2F8B2A6A4A1D21E69A505D8D81F3F1B583DF2FE8D475F8E112B31D37707540
T=0

[46]
S=$2E517F511F3DA3
W=$1FFB77F3562E07877DBBD20549DFD66993F863040861606B510A6A7767F91D3F9B24A7B2C068A13B44CC77B8FFC4CF984C2E32A69E3C6466C26BFB89C6149C3FFCD04DEFF0514A4C2021433C693EA96E8450E4F989BA98F7EC9296B62FD2AE9E8319D82B05B27F9FEAFE5B4F61DF7AE63C20EC3E23058BCAB4C69
J=-$16F262ACC6D48BC8B88F7CC853E818CD3D32C884955F0784CFFC5D2AF795C588E856E68024D8322C4A15855BE274C8C63B3CE3401D770626FC11A5DF4931ED1FC8632AA7486C016D722D446A95E232F880D60505E5B4BB3CAEF1E25368747C04425E9C2C0B7AAF1CAC87DC70216995C9D661808513F9EAF80CC0C325FC6659E5488838221C1C2E929C2FDEDE9C1F744E2FB7DB73E2347CE41D848DA96563B99E2CB6B6727059CEE90EA2E715502316E9A540951766EDD0568F1ADFDE273A3540E0F571E5763E0E0636AE89492E6B5AA9CC7562059A7C9F3A2D29B6B13E39ECAD3F8C0E72FBE7944674148A441BAF5C80EBD2049AA
T=$1

[47]
S=$BF57AC87
W=-$2ABC42083ACEE5D83A01F638EFDACF2BC1ECB7549AC1C320FCD1852C6016926C35DFBCBF4B339281D603644A458DC0FB0819548CAC7B19AFCE9238F431496DF639C634B8C8712F40367B4369DA0D56E6919514B56B3B8F38DF033D2F93C9207A3F95658A806048CDB3C732B282EEB05651519433ED2C1F
J=$964BB8E989FCC13586830D0AAAC30E75049EAF85E2F4E2C63B72F6610639C774839E4F416FEE44390FB13982E59FBC761447FFB8079F7C7ACACEA532C2333C1D8378A2D170F774F27BDDE27A3D14905FD15EE2EE21C2EA06717108D00AA9F027E8884BBCD26909EB4B2BDB954F9FB0AD906F166816FD5A8AB749417084BABD7BCED5C780B5E262025501BC6D4155BB80F93FB04D98E609DE0CE60E927739B276F48B4615C810CD4B2BF090E3895AF88338508A9B9E709EA4D78FFEC49FF25A57BE0E9BD56AAE873F8C16C85580E1F8618E7801681DB37C991D059A477EBA22854A7A9D05A7B026BD1F3FA4FA89D
T=0

[48]
S=$FEB726565A
W=-$9EA8EE867FFC72C0995B5E2E6E0398C27935CCBDF52FEA97F2E5D142CA5A8F78327AD09B72637624EF49B6C1F0D9E7600CCC961765DE047377AF2B63569FE7BD8708B9FEAD251C6E6707D0E3553E3CA97891E6F380F90A0B4B68A254672A8CF41F808EA5C0FBE3EA8D995E74DABF1A82D0CC2F3CB8
J=-$A7FBE49869EB59697F5383AC66C6E46E1B644EF6283196F899AD9EF2D6989CD3AB4928BCE05213B063096427D8BDCD8F16A2DEF9FE44A5ADCF7516AAB4969E8457A98401CA2F80FDE21D81CA51BB0B5F526A35DD977B62DFC8EB0C7067249F586EE3B95E2459C9D13D9D7668248557D2B5874115BAE0D09821CAD6E5CD36A5C8B66B285660C558FA03C2A06CCDFD871EAD299D65D199C0BF4D80593ED270FFDB8008BE0782C228E4C780AED8F6BAF6BB3ECDEA3E8106957195CE9A07EB76BEBDB8642759603C54FE976022CC49038EA30C9A4C1EF8A78D03B5D3E4358B557A8731FBECB287ADF64BAE6
T=0

[49]
S=$129ECBA
W=$2ED4BACFAFA50BC349A1B23A901832FEE0768591C20937AFF780E3BA56D4176A5EA6A7F054C6DC475C9F18B1483930F5BC93501107545FC55CB8C09EAACB091D50D1FE88223047CECD0920E2518ED0A598DB95FD5B747200CADD9C39ED0CFD8D1661CB7F88F00FFA0F86D64753FAB43ED0BCE
J=-$5AEAB7FBC547F323D9BA8B7964C49150253367638919D82228D425D03FE60B67C86FDA52AD9E73F9F9245F20B401618E5288911E61CA405686985C5BAE43ABAA7EE00ED5DA5BE72159B77ED52045C48F9DB2DBF40411A03A90FCA1D103169A2ECC75120AF402AD7EA24E757CDBBE6255AF91274C439CE822435C1B701E813C8439F3816F9BFD886FD3CC7F1567121A065092A0AB1139839EB81AC90218F3EC2A2C63A9B4716834D4633B8D6450361749BA8AF9C77A9D3E77C4DAE80B140FBBFBCE6521AD4FD9B60DCF9AFD5A5E5567D4516569669503439E4D8E29B7F30FAFA7F41FFA07
T=$2

[50]
S=$41DD18CDD2A
W=$83A02690BF588DD2B83F89AFFDD1E0D972AA8073E9A99BC96E2E42368E1ED34D7FB00FA822DE8F0D6BABE1E210B6FB92CB0CEE0B0C1DFA275C219CCBDDDC933AA6A44BD3F7718CC935D7E93942927100E9EB5DEEE8936B4A4B0767240973EC105734B543B34AF621038CBE969D4C88D114
J=$B9DC296EC2C37065C2FDB96992CD77DB9FDDA9EB4A320AB7D29D20EDCDBF26BF2A88FB1D0C3BE1C7D9E6BC24F1B09D179DF17A1F16F8C50CC22FC56F50837675D784E2F9B9D88FCD6F5858F11EEF44DC93544295F801CCB95BA59E54F14B967B89F37B4603B93B9C9365B95FF81B1F7366A7C679DDCF05CB216C68CFED9E4B35EA1B9CDC7DD7599EE2197FD9301EA51284B968551426FD058B2A15604769146245A589BDE8A3096B38373F8383D38A0AA634DA39EE293FBCF3E3FA6356BC6C3E88FCD28A6DDC934C3798B6D2735DAF9402BF0C59BFCE10405BEC04A0ECBC86CFAF5
T=$2

[51]
S=$7A
W=-$51C75C12AA9941787C92E33A50BEDD559129D585C5D73E24549E876CAD3917C9D8D2110A01367F3138385E9FA15DB184442B5FC6ACE946B42F277B7B027CBACE0684E31FB1511EE684B8E23D1A74B3DBB380AC6A9EDF9B1C5FAFA0A95A5BB1749880ECDD6EB69D950A526A0C17AEA
J=$41E9D44DD8D77EDC4A5CE84DCA5F47329AC3320A1FDDA2AB29678E5B8BCDDE873B5DA19134EE37E48E90EFDDC0CADEBFA1BC168D3116DDCBA8AA6296BEA6DC6893D6F81C8B39F01AD368AEA835DA97A91D116BC5E95C514F753AC482D8D0DB369F86BB9565C9CDCA2323E7DF93D045AF590D2D0C0A47E71B26DD51A75C460528F12EBE8CC6171DD2791B5478CC6C59E9BF45F7BDFA3EC43B0A4AAE6E934607B3C07515393693B1C048273623D6A9EB8B4CA09C3550B05838271B476B999A4A749ECD597A222D7BE6EDBA6C4421CB5ADD767029FB32BD1A301FA2C818
T=$2

[52]
S=$CE743C
W=-$35E30D724D36B050FE689FE04552434927A376B049CEC05A2D972859BEDFC4D879ED02D09A237B56F88D20049D993703825224D30163C202FC80D34C0C0949B0F4CC844BBC250910C83EA2CFDC5281475BB65E6750A2DFFCD06302769D429952E9235B48A855BB1BDF038FA254B0
J=$33EB6807FE951886E46EC57A18F941F466E3E5E2B1845AB249CF32EF67C37FF79CB0240E61D3E3512A969EBBA7195A846322DEB450EE12C23CA77E98C25EC1D5641F6BFC6026184E398C0A6A5EFA50624A09CBC93472518D0538138B7C7A2A923C6156445B5346D8A35E03F35FACA50AC72BE1E82DE19830341E9B6934367C3D15F1EAD9643D7A18E5F06FD290D2188664DBEDDD5F37F0BD01073322E2C8F7C5717F98D55D85516A1AEE5C97C2604E398B5D54CF8B854F6839301942BCDD46C30544CC481A0796D3980BDF9AFE1D11709A1F04D4D9F52DE3BB66D4
T=0

[53]
S=$1B8939B74
W=-$75741A2160C404BA0F7FFB847238C6514AD0B3CA0AB221B02C555540F3D803AF78C889BC53F524401EA649EA4FC7D908F73F22650F08C8C4C422D0C03364B4E2612EC5CBA906C415C590D4D5668997038918A0D532E32EE588BC1D7144622FFFE46A7703381E0CAD63049CDE2
A=0
B=$10
T=$1

[54]
S=$646B604
W=-$47DF7A0B15D5A0B0EF5541513BF979D38DC55E9701D69A1C023E280CE2FC7E6C18EB79BE9B6AC16DE5F173178823A6C9571E750A7F65B68A9E8174FC34C671E73B42537FC8909B38A890163604BBAFB7D4D1399976BD677A1B16B009A6B80813E79FB5BB1C0E6EC451A16
J=-$22254331F4844F43961551D386499E028C47560AEF5B26FCCE1E5A0DB8F72660081B38CBD911791B8119AC757ADD76298EE0EE8B594153EFF651B7C71D091E286396C5025ADD72A63806AFA000C24007A94A05FBC6002878AFD3092E5E38D0D46617A4CA32BB337C2E97612E4697E43995047C31D234A68B7EFD749A8F8CD9D16C8157A2594924CB91A53A98474340B36A39A1194C54654921880CEB5347AFA18325A533E46BCED7340E41019325CF4E8CF34A9372A74330268A10BF8CD7B03FAD5AA511A03410F9CB2CD9ABD825833C418951C51
T=0

[55]
S=$ECE40
W=-$1FD483D2D7C7CE2A9241D047CB655BB9A7220F704A9778B95AF004EB0CDEE88859AD636F3706512BB88923587570AD8416B9A18A3EC0DC3D6494DD65163D7E48D75CF35EB5DA65A7FC5A02AB37B185C77801F86BAB9DE33F71E0BE2278110078CDC2908BBFAEF12320
J=$94B37D8AF04E086797FDCB85688B6D936501B651D23B4A835735F0079BA606F565FFC7B5BFB8148B6940D1551D2CBC8BA4DF7BC820C17743782DBBF7A9AB5AC5D69BF310717C684BB0205416BE4631F9F937B144A42C64F5FD64C3D09090DB84B4D0D35767D841FD2731B5C77E3FC29559D6980FE6F7903243C59AF475E0FF95A2ED766D7E02DED9943260A4001E006831CF2DC05FC8F36F4143A321E02471AEBC5923645EFDFBC99A2A86809A11B0DEABB4DF13D722D79F6FDDE1F2BF3AAB1D2440F743623D9718FB71FED7EE0E9D0999
T=0

[56]
S=$EFE388
W=$2E331585B91309EBE8F3830547E666DBCD8FACA489F0A79C6D0002C3DAB491A47CF8A3EC36BC90AC10E3CA4866472666D46C20C1F68953ED79BA10EE88619BF404C84DACCB9DC628D1DA67827BFB6866825B0D49FA9A2AAE317ED8A942C0AFD32142FCF0508AEFC
J=$D2AF488EF5D2F93B658649542E84651C7F6B827F17D94374F3941D45F1FC2E92F6A98C5A2D629C436C4B50E785DBCAB51EBC1673F3D962CE75594CC5D0F38014A2BCBE21EF967847CE01172D2280976930AB81969985DA73E9206CFDA64757CE2154EFE6B6B00AE1094D4FC26DE0EED0A2F7A32ED451FB14060658B9FBA4FF6082C1EF4638AD09035DC74BDB5E0AD9D6F9F239A1CC9C6D2600127DA79AD90C725E5EA079DA2CA44EB6BF89EC816868964F42B45B313A819F202FD82FD7EA0BD63A1DDAD431EEA995D4B75538F7640
T=0

[57]
S=$3C
Q=$2

[58]
S=$A90A99C01F
W=$15DC92D1A2CA35EDD8824C11AD25559308BE9DA7A22DC72800F3FF3353DCCE275703DCE620160C85775AEFC08008866A0FD256791F53AFAB35C7CB8F6BE34A4818C2AE58252ECF8292CABA9CDD720D38BB23F6238E6123329A8B163320A8FAFE3AF5D29600FD
J=-$2EE9BFE83CC99BCD5A981C013B03238B703D520FAC9FAFF9FFDF44A59859A918EEF162E044D5EDBFB283BCB0F4BE0BBE72D0C8F1CB29B300C190EB65B2EA1A9BB6171AEBDE30055731A3202C89C611775FD1217B55B69C1F0C749D510BA8945A03CBD0936962AB2C7DB624E0CB516FA2A22CB2F03E81EC552A39D822F5700DEA9D1C3B008D982D016D27B5BB2129A6E7EA259D28C79E2A1A59AECD91A4C9C612D80688F4C8C2F0AB378A21A2E659AA39C182E54F7C16DACC62D716C2C96B8B1C04E6FBC4291F5AB85E4F0A
T=0

[59]
S=$1150217
W=$B8E9F2C2F85442F67FE7FA6E24455493A9BF35869FE6133A746F1D7166AC508648DDFF4596EFA073A8510EBAC3F7196F6DE8D66388EFC2EA3D5479ACD7DC12E5C06E6700C9B7F8BAE36B7C195E843A2BD9EBBB466F0FD8A6CFF5F1097341013DCD92CB
J=-$3056CC4F4F302162F6BE6676A2FAB68C8BB93E7DEA3C1025AD0759C391A819BF72ACCC59699E8E18A39BC2410B4D26528A59B01AC995BA27DA62CECFC888494CA2EB16420DA523AD734EF14118633A47098CCC25834BB50C32A8B63ADF755FDFCEB9C2FC0211592EAA282AF520FF8792F075BAD967357B873DEF024C99AE25FCEC94BD8347D4CBEB0F14C1C19F0F17E43D659C446BABA9F3BF871604F69FBF07BD3DD703BA15E5AB8AC8BFB8FD9DF42570A09E9FF67C4693E1DEC9D042F9DBB78521AECC099D
T=$1

[60]
S=$212E60
W=$6E252C48325EFAD4095DFBD5FF2F3C84242A1B83194B8C58845C13AA31BCD5E169ACFBD0FB2851A738C0D22D1049DF3757C9AFA574432532D96BCF858E579888F713959E4EB1BE556CFF9C74AEC6A9DFC44E80E71299D285543D1D87E4E0CE2A1AA
J=-$11150F5291CD693E8073DB8315097F1D5883AF537931E4A76230ED794A87D7B0B138664F37A80E8D2CD88AC3920EC01FAE376DBD7D798F95B22E459B1D13E8B2F7CE7DE8DA971E1FED9B4119B7320383DB50D77BDC09CCEB48CB0770537AA5972923526626243D5757789E90208C954713006DAA4504B879329E3E7F6432447AA1EE73E59414DDE240FB17D9D5C7D17AA8F424DD145B271401DBC08D2777F750A167154F5C9DAC0F96DB8A1464C92609081CA9D4A8152B0D2878853EFE1BAAB8552F25
T=$1

[61]
S=$7A1CBE8
W=$490BE08F953EC8706EC7826D6F163C4390806CCE06F14310C12CFB2ABDF08D84C8190AC9AA2285DCE40DFA54EBF821486D8C06104ABA2AB93835717D80E7D2BFAE7DC23104552A513FF1A426CA3FEA008B318F7E62E0DDD79755D1736A7A22FA0
J=$25B1C27152D61788C06FF27ECBAB3B551B607330C54373FF11D944043487CCA8BBE266B5841D4A85A0867D43901E92426A90606DE1D9A1BC5E8A9C51A8646EEFF30635EADB4F885C27966141885C8CB2C15397DD19C2BDC9EFD2337511796BD18A2C3F297E0B3EEB8A73BADC70EAAA52786A4EAA94970CF6E043B0518DB5851EA3DA41651B5A340877AE53B8CA9E6DA37ED2BB9B77DB92B3DB130835E5CC09B33BE9E31FEBA746024D745E331C8AAA0579AC3B891CFD73245258647105EBF3DF8
T=0

[62]
S=$12C4387
W=-$1A11F606765E49D53DD833C1F5101A12D3FCF99BB561BA297B5B465046AF00A9C20771743C863C3EC7504C6CEF716D071BD58F9FFFD74F96DB00649808936AB5B98A64876AE33E36ED0A82DA7DA483BF6AA56BCC4FD988C2760136735A2B7F
A=-$D70
B=$12F5A
T=0

[63]
S=$1C3FEB89
W=$16BDF7EA61D22ECEC6C33203215EFAC68C8EB8F4606F226246D638C53036906FAA668F0C0FE55ECE21D2EC5799E69F3B52B90D1C074314BFA3CB212AFF5775B9C800A1058A10799711539B6C1F43EC34E3895839ADD24AB6E8C1558CC7B
A=-$7328
B=$1DBA42
T=$3

[64]
S=$A1ACFF
W=-$375BCF798B24539084981281153BF7733C8217C8E66C34510581E88D8A3172F9B19A40AB3FAFF07D246B9ABC484A175F9DF6D5BB9362DB7BDEF59745D37B3F6CB2B19856DCE32930B0EF05CCCE8626083C17FA797E5579BDAE7C5B1
J=$28F0727A527E06C15C4C7106DE64EAE261974341427B2C0150806CEB9F9221435F47B45A16F4C784A838BEFDE7473FC64E866CD9381D763AEC324518DD7506A042430414E0DA2A1ADEA5E3180D227A95ABB3555A0D7A792F30065E60BE6A16DC6F5F1E304156294AE9E7030CF416B3263D055249D8E492E6141CC96AFF024E31F7898E37B45492DF8B884618940B654978262878F84AEBA79A084F0952705FBD06EE62342B6B48019D3FF2729ED78D9C96B3FD06ECD4
T=0

[65]
S=$45BF4
W=$18AE0EE8CFD355C2C43AE8938905CFDFE0F88FF27142D870EE751F3F20A4A06B774CBA4B40CCE7879A2F52D57D3FB236E0F9EFC36C0E5FEDE391E16278A2033C88B60DA79D8F90CE54FA3CF3B959688568C2245B78E0BF332C90
J=$3E079D788E5292F7A498D7400EB03F02A66F3B99A8C1DADB76B029D1E6DCBDD922D0745B9C7605FEF0CE817F5784EAADD53E552485FA11E3AF7EEC79FF4784F534102F13BD9599A3F13390C9789F03B0060DB4F0B04FCE09C9DCCB4D8142D12F0C56B16F5D7C11442328B5EA8617E215049C9396162B9371ACBFE1418110023473176002F3BFC75CACE12AA8390BCB7DAA613319DCD7D8CFBD6827EC9FEFE69B7D8957758B39C6DAC037AD2B4D72424B63CB38A
T=$1

[66]
S=$158239448
W=$14A5F51B5E6DAC643B8721B693F48BFFFDE6CE7B2B7BACB8472253A9F4908FC7E3D8647BBB8458A0207CE1F16CD79E9D8196D37D3B12D5084EFC29878523F33B4612CC78E65286DDBD939C63F603B9CD582C67A8642605B986
J=$E07ABDEAD40FB2313D887C4E3B03BB7ABB46EA378133FE0C0C04A11618C760ABF20FFBFF1DF348A14C2FA89AE30F32FDA84702C74FEC867B0A6961F931F31CFBB0ED866D9F366175CD6E27D206A446C96288CC027FC2912E0091A58013DE9A176B7564D442ABBA9E4C7889E3C48315743549673A460CD7A9C9CBAA0B2186EB6C49846B47C784C211DE17BB0CC3746204356E26AF1984C8DE09A9BD38EAB290A2BD1E68CCDF1EB0319A87F48F3552047A8F
T=0

[67]
S=$8DC18706
W=$2441B28A4DFCFFB5DF899E9843EDACE2D8C7E1F04F68796D61FB6A8B3C1253736416D154050622C02E7A66DBCD489BF8A43233395FCA092C35F11578369116A9AEE0CC6F77EEC2A9C6EF628E364127C28B1C2F1E51B91A
J=-$AF1AD2B749F2B5F14C25A25243D9B26ABDBD8932F7F84CD727237EEBD2D78F43E974CDEC89934726AF85A9351B68417B1062CE7E1C584840C8964ECAD7DBC60D77C10101D6B51B90BA6E011C611F2085FF6853BC06CD7E965732BC67BAC91B8CF1B7EB50E4DFB128D3CD26278202C4E025562490790E72332603FC7A651420E46AF1ED072F2CDF52C73EB5B44132ED896331BF57692665D1ACA2A20253E8DE99C3613A130EA45D97E060987D85
T=0

[68]
S=$1530666
W=-$20FA34045EF6EE2DB7DB069631A2871C42B1694B5D69E56B6CADF75EF050488CF2C2FAD8424E2F6659BDDD3C37F01FF591874777EF88D742A4F861637B6486C0C5BCAD53BA7AD6AB7FB064AB867165C1AD6048084E
J=$1008FDE999C0E2DF923E4556CB6EB1078198225BCB07006F72A7AC6D62C8A58B32D570009AE110CF23979F44D37C85C5C9BE63AD52969F96A63B2F19BACB9C0BC1B0816EEA7D4FF7D205BCFBDF30CEE5EF48DE5CAFECBC762A62BC8AA90E9060C75FA3AE26B1CA8653CD048F91233F7681DC25E83B630BD04681F903BDDEB41523DE189375E7FA94AF71F4EEB530BDC7AC19D8640F09FCD60E8B30E57AE3A7010890325FEE5C063D9AD
T=0

[69]
S=$398F57
W=$28B0397FDB1837F15241D67F64D31C8F40FE64B18040EE045D1A9498DDBDA8DC1727BF96606C3458CED36E80BFA36F3ADE9D0AECD01881C9E821FED80463706C907E40B4E7EEE262D23DB72130916F1EFF1B711
J=-$B35FA8815F224B2D1F8F1CCE13E6779A6EC815A1C628C77568FA661EE2D5253F08EC64823B53CEBCC5EDFFD2DEEB1806ABC50A2E8FE3906574AF23ABD537DFA6865C7A8DDC15EB60FFEAD5C9D955625A1AA68E5D3197AD4FE09F4D9975710036FF155EEC1EB8F034CC9E85DDDCAC33030C6FC5EA885AA0F5BA1E2F72AFACD2B3E00BDCC8D8C34BFD0E7F9D82BC3C2730B106D1AC0A4592DF90B18B56509B30FD0325B1111F01
T=0

[70]
S=$FD0F4
W=$19BEDE7FF5D5DC1E50FDB4FAAD59CD6885D6625B88B9474E2E9C4D2644688CE2D3648BB1BEECDC3CADC39F49FEB3A9E35E96A95D1186F7D7836FDDDA32BF1787E38F3C168FB19412C15183B9F7D3DC3193EC
J=-$3F91AA0A04B12792F7027B506E5A73029E74030887C78014E003F1D004BC7A2EE24994F85ADC98468CA671BE1A00CB99E0C78BCAB9F1BE484092EC345DD90168DB223C47E1D73A819CA567D8C20EAED569B9C6406E7BAC05D22BA9E8E7B1C8ED72F23D53E679565342A6585F1369FCF2BB802D16C4525A2188D9BEE15CF8380D827A4641D677EF2A95D82092C1048600454CDB04F5581B1F5A32B73851ABC6FD3454A63
T=$1

[71]
S=$41A51894
B=$2

[72]
S=$46DD4B4907
W=-$169B9EB11BCD254187DE3FB09C52C2BB4FA31169917526C33EE29B7790AF3E8B7C1BE339BD9DF29B0111FBA0116624AE0228853D302769B25584E1AEBC4F2AC6D0487EA5F966FC4A90B2289AC7D655
J=-$AFE95A282DD6FF62334E21F76891244A36CF1A2083F0B92FEDB2A066DC87B8B6C1A0D73775F13C9310A9CA1363B290B348738739D571942C71E43BF532FA1CCC4D038CB56FD72B3563088A364ADCB5DA785D6618EC5B9B81B8D363B8AD367F1374E97391E38055A360037CA1DE33D9D874F268968D614A7EFE0188030F3F6A5B867483E6C93D189727D2F496BCCD0113A4C3B1B1D169AEACEF77792A75
T=$1

[73]
S=$CE43D3337
W=-$52D0884F428085C8BFCAA603921D2A56B1F8A7199B143AF19D81E4E319D4C70E88550930485952FE74882BC7011F7D23CE4683475E9E63D7178F474CBD30C1B70F8B88CA75BEBE5CE12F64D
J=$354C49C28922BB0D857BDD96239BEB982ACE042AC4ED855C0079EE4A4D5F9F63D0158E241A04E799E270CA99020C42633B898E6C0E175953F8E68502D196F29AB01E8C3BEE6ABF1AB622299D236C1D70A64770EA749DC9D3106F9129504AA6D14112378F46065D0935563832FEEEC7B5B0D885747B6AD2F5003C589740D5F32EBBFD402FFC1B88FDEA0900C56BB804EBF1CB793349C482557
T=$3

[74]
S=$4BEC2
W=$16F2FD465B492872EBA010896D1494D067A5282236426D9C5C0535D6D081B5DF4260A1D82812B76D48C345B289FE952A11E79E8557DE3C4E32253D8BA5F83E92935D4EF2B26BE12F4A44A
J=-$325787C8203A397DC1F6207AE8753DE9F2EB0DC5CB951C0CEA460391DF95AA2D4EE068F8270BF56569F288F66062274531112E6DAB26C98FF75A34BEDC2E8082C6EF00A2C28672360A1772821E79D06EBE3B646F4D501667B196F9B94B429F7E357F87E5258C0163B32CBFF3E2407AC8B8568B1367C2A0A0E815122AC114ECC630AFC9D228C9E534FFB2EEAC01285705D8ECD7F8
T=$1

[75]
S=$1384C652
W=-$737146DDDF232CBB25D355E93CA407FE981F2122DEEA8826B13739BC8F936E00FCC759F502B73A435F28F52CDBB896ADD57D4B78DEE6A15B0437DFD8C9C658A7120CA341CE14225834
A=-$1027C64262FCDB2E32D74BE235E90609CCB09E0D933230E60AF7DADD988BFAD90853360B2190DF8DF00C4E82835E21B9CA25CB0CCAB83CBBEB456D7E6A1B1697A2930C8D5624061C1F513F93B330F50E8B08AC0406A2828CFFEE9A832ACF3B2D076DA1F807A7BF075D41A60DA440252B314DFF5F81D6C96497541CD8E0CB8C3E65E42A02C851AC03F53880AFC559490957FE
B=0
T=$2

[76]
S=$69889A64
W=-$9077A709498D786B84B51D7116779B1C0A63CE3F9305EA0A8C972AD4A37C412A828119A3F8F39FEB0843C5FFAFD45677FBA08CD133A44E04C12F93E283A41B5E9D5E1D4E3E46C2
J=-$8ADD62C94977606DB5ABF8EA9944FCB4187F815409B379E20F5B3369D5D0E81A59EDD12026F4DF878E856648F226036B12BD000393FAC9A7B5469DAC9073CC27D9CFAFA1C352B3F853671AE99CBBC7792C25FC4C152A73E67EB49431ACCC393F260FA4F4A4303071F797BC0C1C96F6454CED9E602639E2B7527D6A631D5BD249B3AC5AD55152919ED4E266E335AB
T=$1

[77]
S=$22264D2C8C
W=$15718098DE3FD543B87D4B9F5D3ACE3B160BEFE96AAFE48989579D525EA6E74D5B45436C27BDA174994A3FAADE378216D2A3628C16B18BD43E96CCB620D9EB2AE446213623A
A=0
B=$3
T=$1

[78]
S=$10B76818
W=-$AC86B00CA7D1A55A2D05BFC7F1DF14D3B6CE07968D667124AFA529F84989E84E57F6A40425EFCBC76AA1FE8DE01C518C17E86D783D43F278622E5D27BBDF9052E38CCA
J=$CAB613B4AE07251199E94E38D741B625E2777ED8732AE2089C2686BEFEA660551F8C57679ACE9F67857B460D1425E8F06924E562F60AD39D47EFD8FF0C84136065D12E3F1E9FE1BA7CD4018CF38598FC9320D3E033F542EDA44C039982EB20BE55C28994C78F5F07C7F47DD764DD2190934ABC507332B36FB63A9CF651243B8308A9E4BD075
T=$3

[79]
S=$159179
W=-$1E6BA04740950A895C405393BD073BB06B9D6905D64843F0C2EFB5A52D78C55CE341FFB0C287DA9D1907BA0FE1095F4241D700E515C741E182C5EFB588F74F0A131
A=-$7328
B=$1DBA42
T=0

[80]
S=$8D45ED2AF0
W=$60227AB3FB5C6847A103BDA6E61D55DE633305256F36F4E70CA5726825939F79D2B3D0BFD5367C1E0B586A8DE15430D12F27164DEEA23B77B965B19CF560C602
A=-$84B750
B=$24C7B73A2
T=$3

[81]
S=$BA97E0
W=$68678A9F7D288DFA5724877A57B966CE6714094A67D59DC74903C2F059602BD10D03EF500B155C718EB08271A6694B7C8521F67892336642C687FD152E6
J=$12550253E7C99BBAC6F1EB536C1D546BE6CE8C106F0EFFE04BBFA3B360FAD6D0A04F57D2FC8E172F22B5892857402A225CA15358FE6E6035535B4947C5F6EDEC84E2E75DABD39E6DDB69A4E8DE72945C1176E116AF5515A1959B9FB641ED391B4DA35526882201B8D01E5B726800CB55FF7A253C0D3D86091A56E7
T=$1

[82]
S=$C4FF92A750
W=-$DC925FB209592457E567D469C0A8EAF2C93F9A3415A33ED2C4C46085A126EC3431A2185392927312D4EEF740E7D1CEA78F7157B4F39BC7780243B29A
J=$57B586BAA230EA72A47512FFC9D96ABBAB4364A63FB547008C176D8A278B0E1B2D2F378EB36B484FDAE2862F605FCA7036BE6A334FB4B770A75C746D30C9F959B8DFDA12C10221713D765FEE0F8CF7CC157C4B4FEBB17BBAB322AFE69EF61DC4836DA04F9CBC513067F6D5365B0608F42923A46781E501C
T=$1

[83]
S=$2FCBAB464
W=$239159105A96558124EC214A23B0D0253B13B159CE969A4EDD54A97E889F481390880A6A88C73D9C31826D63930927F35EDA519501B2F2603F0
J=$2B425478A8404A9F1C5A2588C21BEDCED33DF1BE82CB8551470673E40AF111A983EB6CE41DB831F101954B15DFEB560A47B8EF19AE4E30E21B8579245832F481ECD03B78BC93EF1C9618E7FFF66C15D27863204FC12400B4E1275B38436A9A6C1E359BE72A22F662D03A94FB91B4B7DE9EEEC
T=$2

[84]
S=$1393557
W=$99D2ACFE4BF2C76FC5F377FF2EC1ADDC3103D33410005B77920E4BACAF27D1228A1E91CAF7EB1AB419E4268934E964F7C7C51618C368511
J=$718A84466D6E716B8887545F5CAB6A02D88E2A47F3084A8F8E2AA0E57BDE7C1BAFAC0A8143AE61C3FE949F629A3C81AA537AA8BF1089639E26E39A1F6DE7BE14D04F4E5F8AAC5E76B39DFD1DC18692C4B5F3F79A4CE470FFAE53369E92402F0AC00441D1D427D52DA21B6866BE468
T=$1

[85]
S=$6F884BDC
W=$2CC83C614BE1944F32182D1623CE2F8C110B7ED70F71C917B2F38EA698765971B3139A34F3F054E0DD809C99C65CEFFED5B4F205D832
J=$3AF9B5C3B35E2794676ACBEB85A7BE584C2BFA747B419409328FCA02D194BDD1CAEFB026E62BBA17531B4B5EBEAE4C30C0B368058448F513A6879D79C131FB97DB60AECD8CA40116A225A949E6FDE19F648D3CDFEDD313E012904BF13CE41A4153C7C68F5B6E52C488D16CA
T=$1

[86]
S=$7D97C4
W=-$78DD2412C4EE1600595BAB4F7E6FB0BEF4AF0AE254CE4D1A42A163FA3CB592F21CA17A606A62B41E117E01C2AB1959ACB84FA3A
J=-$100754CA9B15040DBA5BE42D4BD28912E8CA46DC0D49C71A6CF67AB93B38B57DE438C3975635624AFA8A54CBC80F2D644DE73373959CB211CDFAD830F17B77A1E7E186BD56CED34ED10918327E90EC2E270A571A8F827F7F90670B5E706DC64909449B16A432AF41
T=0

[87]
S=$D7EE11E4
W=$D1065FB1CFFEEAA52D1B02F71C51E52C1F85AA8D2897DCAB2C967A548B5E26D94603A7261838AC0A736BC85B6CD4CCCF27466
A=-$23
B=$62
T=0

[88]
S=$5FF5C
W=$129594740CC88D72F5273FD34A40DE24A037B082B6026334178765383A80042C6017F8F69B10B2918780751B03C92425AA
J=-$F563D956C796FD124C272A94AC9CEA6717ACFF9739A67084074FA4A5D2A8EAE49B664926F679E6444D5688C0EB03401B07C822419008204FE38BBA86A81EE3A137C5A0AA78758C4C6DDC3AE4500027CF8CA9DAD8DF7248A85A8562162D03B4248
T=0

[89]
S=$21E5F0
W=-$83ED95EEF54A29AC60F098147C5C0530593700199FDB7E643814093B897B2C7FF44EDF215495324B55DEF279A85BC92
J=$58B7E731C768F3E5FB8F2E03C8D2E0F3C1D0C87E625B238B4222F0033C157A24406A6D26FC99EEF23CB50DD90DD1E87606CC4991E199C6D43C749A91FFE06D6514C19676EEC98900A7BB22F0DE737C70B5CAD8C24B55AA49A414AF6E88DAD
T=$3

[90]
S=$10F850F6
W=-$B6FD25AF0FD64B921BE00B104500716B83D1B21FFB0E32D8B07A06C34D96BFBFDE44D122F3AEDA3FFB868F6188BC
J=-$28F5FCE4480A3C0043F64BD3C4791DAC2EBA8246EF9FBDB850C3D6E1D9027F7E4759C640DF4E91A4454F88E0EB217F7D363D2F17A170789570195FFFE680B743D765AEF4D4E3C06D3F96B8197F716E2F7E36CEB24B67BC66A35505E1
T=0

[91]
S=$A2A44
W=-$4322F5F2707468DAE7A68FE7F5EEE012A8327D32C6D9C6561CDD4197B20D2C3571590FF76DE8178273DA5FE08
A=-$108
B=$69E
T=$1

[92]
S=$876CE
W=-$856AF41AF5CAC3B6025539985F10024FF33E61CD703C1B4C7ACFAB22F07D8E1B7A2CFA05CD5F8525EF9B1A
J=-$2FD44399809C57BAFB8DAE67AF3EAA63CF26CEAD72B5CB5E741B27E8EB3769D9E54834CBD746C9B2DBA5102D99748579B42B09B5D67E8BA731BDA1B999419568D6A98E5CF0E0ED9C5A2FF0D0C73408479ECC3ADC9602
T=0

[93]
S=$1D1F69
W=-$93EE9B96F1954145787D37FE207D06F208A4540BCD3794966796A5B68A29A5A187251B9ABD2EF7CB8021
J=$19426EDB4B33EF131118912D0D78A0AAA35C8888CCFD12A17042C6C153BC45947A35A1FC6F383D730BFC26498C9AFF9A84697429540D6871774CC40CB08556180500A180F378F9FA11825265EDE24E9A41F3229
T=0

[94]
S=$1E5E78FFBE
W=-$F7507E78FCAA787EC40CBC9ADD056B1E19BB2A0E5BCFB7F97715A411302FB484D6A80998DD79C7836
J=$609CFD83A3097F73AF23C35D302E7DB62C6CC0F1874F59CD990585B815589E9C8B69B0899DABF12CAE6999B458C597BB5AA5083CA6C2B8D7DB5F7C0BF130F9327BDB55C5185123870B31D6414B005BA4D1
T=0

[95]
S=$D1655
W=$3F27F0D75A6D1C030A2127EC1D10CD75EC696A7150BFED84631DC6082BB32E7C536B7E6052F35
A=-$108
B=$69E
T=$1

[96]
S=$5B88F881
W=$16AF3822447EB09F7C30813F6B43718D7A0AEBAEA4C0DCE311378AA2FD0128F153A666BAC6D
A=-$98
B=$2D2
T=$1

[97]
S=$114
B=$2

[98]
S=$53EB4
W=$7D7FBEC74B96304306B8880F86D189F5C7765BF0F4D718D20DEE5D648235C8707E5EA
J=-$97AFE857F46A3830C8413AC4F680D07A9E01F69942B4BD4EB8ABA4771FD90597C362E1EB4FB9F557298CA5F1EABCE7D24A48E05AC8FE261DF5B88A448AC08E62E209376903
T=$4

[99]
S=$3CE3A82C83F
W=$7D25EC063FB7D3E6779C2A0FA72239C274A8887D4F243637B2283E5A8C84AD30645
J=-$6D0BBAD4A605A713D3D316E522E7083D4FE50AB254AF1190211D23F6C55F03F4EFD809F4E5A71988BBC96016A12E89F2E905B3E4C30424F6E75BD4D8DB9546C6D7F63
T=0

[100]
S=$3ADE1350
B=$2

[101]
S=$1E357DA5A
W=-$79B0F088DD6C618E6DC2EA389FF980152A3ABE587BC28F6AB4FE1662BE
J=-$231860DAA62731D22DFE86EC3393B47D1BD3941458B14E02F78B21F57F81F1CFAEFBE7958D6DB724DE306E0E1B67D3E682FD0ED9EC52482AD40A
T=$1

[102]
S=$A508FE6D4
W=-$E201B351EBD34B1DA931164C863FF5F32C003AC21D079E9F938E0
A=-$108
B=$69E
T=0

[103]
S=$96E74
W=$3C79993346EC9509A925D72269B9E956F2BEC056FA0B18D8A8
J=-$77D5A366ECD5E5C52B27975CA22A16C83DA2CED0BB6CE90227455FA7857BFE46C0B4E75891C5C40D30A379F8E18A709B7C
T=$1

[104]
S=$23E7C24
W=$84A9AE9CF8097097EDD22A91A5EF4D4EA8752F0774C317C
J=-$5BE49AA35D9D18735AD0A30B1BF4BA2EEA4E4BC668CD670C2249966BC8CDD09D27F277EEEA30C268ECC16A7A85529
T=0

[105]
S=$10AA1693B1D
W=-$72791E34D6B3151F7E556F0320E2B79B4FC9AEEABE4D
J=$F5B0922D3A35F3146E07577571AC01CBCFEA9A6FAAC3D23A61926831B229D42DBD878400FC845E099FEF962
T=$1

[106]
S=$26203
W=-$D49AEEBDF34CE7284DE8EB5363E6C1F429CD681
J=$B653D59B5F79EFE4FCC09A3EDC01847FD17C8A395FF58AA95D498546B7A00433F3989025E35
T=$1

[107]
S=$35537F7C7DB5
W=$6AFF20C7506AD6A4A1DD6F21C209EA8E1357B
A=0
B=$4
T=$2

[108]
S=$AA4C7B7F524
W=-$C99F3CEBB326D52D47DC1B181A90FA8
A=-$7328
B=$1DBA42
T=$3

[109]
S=$24142
W=$55B9BA33FFBAFB8181DB724CA0
A=-$250B19EE17E85859AFAE79ED2C9D3210812E9B1A933569E812B
B=0
T=$4

[110]
S=$15B7DF7
W=$3C95F86A6F84D5732FC30973
A=-$D70
B=$12F5A
T=$2

[111]
S=$4568D
W=-$32C018435AF8A5971910B
J=-$13672B7A9502A9D2C717E5964254E157503662FE5
T=$1

[112]
S=$D67FEA29A7
W=$13253512AE5FA14FF9B
A=0
B=$10
T=$1

[113]
S=$C1BA390
W=$1BAEB0955BB246
A=0
B=$8
T=$1

[114]
S=$1B000
B=$2

[Signature]
1=$A73DC23EECDAD4052882EF5EAEA3EB950584007AF752833C
2=$01C2B56D7B9B19109D8417D9801B5A351B93C3E6869340BD

