[PRIMO - Primality Certificate]
Version=4.3.3 - LX64
WebSite=https://www.ellipsa.eu/
Format=4
ID=B49780390C646
Created=Mar-29-2026 04:40:34 PM
TestCount=119
Status=Candidate certified prime

[Comments]
Put here any comment...

[Running Times (Wall-Clock)]
1stPhase=36.34s
2ndPhase=5.62s
Total=41.96s

[Running Times (Processes)]
1stPhase=227s
2ndPhase=40.42s
Total=267s

[Candidate]
File=/home/lappie/Primo_New_Farm/New_Group2_Prime2.in
Expression=(4797791281551308866355)^47-(4797791281551308866355-1)^47
N=$616BE0CAEA1C31C44DC7C9DCF9D63518EE2BB0E3AC4FEA57F3398BFFE7C71A597257FD2F173DEF563D09438B2BF27EDE259BFC8EAECB22D89282250C232ACB2EEBC2B2BE0571D4458D6DC2565FE127035C507A931422DFE66FF428B780453B2FFEB3DEC62482CC0ED535A75F81C6D3127AA627E22CE25A50F869587B8431F8805BE6D8FECC112B852ADF1066A4B3AB5BE2102162A39AFA974BCC49CCD0C7F0F0D247BB2B62B5C01095B8832D2575BEC54B1B18EEFBA9E3DBA1AF777EE87D98CD4EE041EC6563DC7DE0A09A7886D06F536B511CA9463DFC033B26563538DD141A06B67109193E58A384A5328B1ED90241C7D0384182D1C8E49092A4653E967E75761A8FB7396B19CB639C66981099138ED22F15A435CBF848242FB2478F01E8942D176F4708F5D45521FE737A0E68613FD864A1674DA1A4F2445FF799D74A7E15218B05A0F2683EE8E7560317D5D3113EF0BE7083659E9DEC0FE8493CED4CA4A01DAE7BD15D0701BACBC0922D3E805A03FC8A56E0100CE7BC02188437E922718B06D3DCD42B44081C5383875CA118A129CCDAC3BBF5835ABE26AE82901D9C3B
HexadecimalSize=830
DecimalSize=1000
BinarySize=3319

[1]
S=$1B373
W=-$2F8BD1A65B66A701B11CC481B5469DEDC19ACD0C438FCBD099A3B50B01FB113C357C61C05B805A5E6CF902C08E66F4870CE3FE99007F0230FE4D4D1A0144213E2CE59B8B185B84F8DDC7A6181803BB529E8F9859F0374EA9EA2096379A77518328C15C681251628B38FC9A6AA11B846467C223C44046C7FDB530426673EC75C737A5AF6563CB85962732D17BE0C7F848EADD492E88D07BE14E123C0E94A0FC18F8777A4B75665D6B563FA975B4B21A130C3E2066DF2C8536E08AC77C30D6DC236E5D245F7FF8E9A212AD46760FEFE55
J=$13014A04623765A673D0A3665AB7BFF25BDDF9AC0D8F367CEF96B5D1FC187C85C8F68FF5757040B6C19A7AB50964451EEEF53BA64DB8425F81A9626FD9107805C8E0CC19DBC233F49673B9FDD82023F7F58B0E44F59F3E94940B091EE01BDF1D32EC0F72FEAEFA739B5E902532C5F2AE55217CBEAD2553617672D5FD236378E083676A8070349FE59AFF398DFBA705CEA0C53787BD375975954AD537EA59B9B69D7B0FD929D27483E1BD79F164B9269E134D96B1123C50C9B93487076D85C0F271CEC56E352F82B68BA9A9FF31D0E982CBDE268921AE46CBDB0EDE47F46AE6AE57A006540F568161627E5897ACBFB7B8A7A47BE64D424672B621F4A1C7EBD4CA086F216B18B337EC9ABF021D0E1C4EAC98F810E44F482FBF12C36B6BCC0FDAFBF7C404BE8715DB161E9497FD5322F2AC6E929AE483AA26A371640C716C1C7F58E2110DF9FB1E37128A0E3DAD667327346F4837BD3BC0B3CCFF06A8680D8786E78774EEA71375A6588C391EC52BB7F857DA2C9C453791E575AF92E95A4C596DDEF24DC74D001BB56C232160975BF90D989CDE4A6D8F4D7589532EFAFE071780
T=0

[2]
S=$12233141C8FC
W=-$F17B5761641C5E0842D992FDC5BA65E8ACE088858F5EC1B2115FCAD3E7D64C8D5E6AF953FDEBDE710AC45924CD97A0C2F55B769E63FEA1A43D597C345EA8B9A01B3757749F9F97A8AE449A0D5BDB0B3CF6A6A16770224EE875368B9B6E9A3A7FED8CCA264AADE2E600567B352A5A011BC1548B5B4FC4B7ED3C7743CC9752C3A79170DB3AA3836EE9AE938C5AA98262148D6FFDABC64FD8A6EC8489BEB1C4C4B9577E68E1186AFE236A0CA495C62530BEB19015A9DD3BF7DCE44033E0ECF50A779E2FAFF378CBB950EE586DF0E23F0
J=$161A7CF6D4B833928C11175104648B65614F3091C9F1A61DE36E9C4566942EF1E7E90E6821CEC8ED4C65A9FF0429E2F8051086D809C1EFBCF8854824C3D6251C8CE2EAFC43717765A8B2B9AB6163A26773137CD691B3338A5367DFBCFE3E37D6C44BFAB2A21F1D8AA3B6D19D19E9919AAE22585615EC1BE49FEBD71904BFD806A6B1F98B6B6F3237501B3AAE402E2FEE5AE0229F8DB446F3D19FB9B8196B99800075FEA650ECECA9F71F402E3D40D5C0F41EB3A7B6696FAA4AC39FD1786328E49E28C958A5DE8FBF5B3B8BB0DB41ACACF3FFB4F430B720C169BAA088C474464A2055DB381F15871BF2B4205C21C8D74DB41981E32AC5D2E42CD801ED5380691949C7071CB613B848FB731283F81DD9F7DF42849CDB7A23A2F409AB50E96D5A6F97BA8A2CC079801D42676339D1C0AC7697F802A099D2CDC34E3793582CA6237014D6B3C681AB9EBCF4F62821016C564242A068CBC3903CBD98A0BACF4AF4A5532BCD4680893DDA7075C8A54E69105F4B51D13234F74DDC4BA0D86E91CD0DA66FF945F03D7CB4D6385F9DCC2480C9BDAFA3C53276696BB6624094C34F40
T=$1

[3]
S=$40BAEC
W=$31008FED2C2F7823F2DFAF5C2028B16C35BE62C276628EC9A5F5B07AE0F7CFB5EED22B62DD8DF55630595B33AA0D19A6276573D4E4A512D06B561D6B03FF7C9B88066EAB7E0E5636F62DE35B1DD7543A64B5343D540CABFB3F7D45C36BDF39CE844F31A87590DF6A95E0F3063C2978186B998D258C8DB121AC3E15F702396D18E976081006809D6C225C3847EA0423F60D0B3E8B57355BA2856ED76315B6609C79B6E106329FF48BD3287AE84D6146472895C964C2D24D68411BD850555C173772B97E04208A6C6A68411B06
A=-$1E
B=$38
T=0

[4]
S=$2F9AF2D8
W=-$5DA2A971015A17CEF3BACD49B92CB3FDA58A2D365F7AE9B3251ACA908DD9737333FB9C3D279D90D720A221522E7790F1B1F8D176F093B81301BC7B5973A3C6641770795D5174D6EC735BA17121E638A8ED447FA307F2886E6F9DD0F56F7F3F1ADC97A26D3EC474EA27C0524550825C8DC64A545D9534EE9A79CE395674DD3037603452765AE40E303C41E5196FA6CF292297AD94F0FDAE68B46FEF9D6BD0BFE51DA91C44ED1FE16FE15B17CD5A936517C745BA3089FABB43517DFA874D57F0F9F3EB52EC07B3B06DBBA44
J=-$5A60D91B365C3BC94D69BF9F4D2CF5C86A012622DC2365ED5D3D6F13F0E8E9CABB0B7A6FD6D6C9F437F512912D4C110DF2EB128CBD09E3C8221BD04C700C6F894C4220B127228BCBEDC819D83B2BD377BD8D6EA36462E2556BB52883BC55415B33A76B920CE7831ADD506D503E8557B86549385FA98E516F77DDDB92DA06F87C049F9F6561DAE05576FA9C2CA78A396579A95DAF05605CAF93EE8D460CC9CCC8836E7FFCBF1CF4E27687A461793056266F7511F083123A93162F9CA3F0B0C0D04FE28F5EC3849950FE311971D670CC79C162B94D2E7954A677343A7D4517D3BAF27E2C8DE3B5348B1E3A0E44CA82C777B291CC696855F3F26CE05EC3E0F64219B1EC3BBF89837673F7F3F498500C6103F839AEDFE0965D1F2744FAF7544F03DFAFAC0E1AE450FFC1EB41538070B479B60CD875666B8A39466D4F07B8C7BDE1669B63EFFD2A902FB3FBC84B976F2A8A3F28842E5A6D6DEC75945BC2DE7F7FAADA9725B9B043A16683994731A126F488471052B6CDC26DE62397B0A3525012E8F2D0C0F5B59C41EE77DD66D5241AD06D25A0CCBE58B
T=$1

[5]
S=$5EA4A0
W=-$B01685F822537405972DF43AE7B2E0E9B8AC2C2D5135BE4BF421032E9B87E3CA2958253A10E20C3A1197426514349100A33AC9E08DE11F79A09994641D407D16EF728F0F4FC797DE078EC1D6BA4FC7DD6C2B9A7CC283E36B1A4D326148A2A834C512EE7CA9EA4C308E2D55F4014ED46E36FEB9AD995F6E52ABF0D49EF12E213F3497D50307F459F2888343B3A09AC0FD20CB2F8AF2BF117AF07EE70FB9638009BDCDD3C6C99CAB906B31D9D62EA0567AFAF5D9413467D7055B67F4076F2672B372E70837763096AA
J=$2E219E1358DC4F828AFC9BD4E104B968C21838563FEB9C750AC631928F71F8A0B48442D7F9115B883C055FC0BE5184D5C95C89CEA829C6DF9445DDF9A3C9CD0744065AAA36F7D265554F439AC8AC6B1EE4F09565D1BED7C90F427E9847A00FEA59A1A73E070614F6B1166FC857E0D9CD4FC087BA50B4190AC27BCB658BBF316BA317A92E35E47A0C3F0E7D8CB86B210F43543C0C1D0663B612B7FEA98D0559CC2AD101CAA9C5FB8CE43774C85815B3D2464ED8C7B0B3827C2E9B68CB1571812DB3EEEC7B22FA9132F6B23D47F4E3D1CEF83D58C03D5B8ECB1369119C3012B87DAD42AD5FE6D37D74684BA428FAC44D5AD0F76E58AC3A4C92AFF7FDA24954AFFC0987C1CE521EB171EF3D6EC38D2CF38E6DF68909879E2C431D297653CC58FB42857B50E10F2DA92A8F585C3739A9902877F6149005A8C9537A690AC1CA28527E817751A09E53C8A1776F666BA4F90182FC1ED0AD93FDF6F07AA3B281D161BD2158A132ECCE4E3045F4F3B9798B9FC0E3D4F8124FF3674555217A77FB3B8E4BF8413EC248259CC8C81CA7FA424E48B1170
T=0

[6]
S=$8C47
W=$195F41988B0C83EAF649D2641083992132F5B22E0A082B4933456CEBA578517A15C383D0190037941A307C8361FFCC66D276A572FDF6D5F9A93CF4758ABAD288342A9C82287B4A7B2B98452C2FD82FC3A51D2E09EC232AFE6279738B7A6C595FB6D156FFE585E8E64C0EC43D8F1146934263BAC8203BFAEAD807E5FD6604D0257B4987D4DAB86FEF88CCDB6D1C8F014B398F8E3D55A2C64836D30E95EEFF5422E28A8B8E4784F990FE326206092152FF6DDD2CE76787E3607C5CD673E964B9C99A4CC39233E1605
A=-$D70
B=$12F5A
T=$2

[7]
S=$37504A7
W=$118B8F416F06F93BC0124F7ECF65F38079C21BED525A4F80EE89CDAEA8CF7FCB0C6D6DE33E156A32450764574076CA8DEE085E80F44C103F5D59F77ACED4F5687A7B2EFF7B2C2EA6A73AE4CD5CB5E33050FBD4B658E68BF8E78A449D3FA524952CB7071C03A64FF6822F9901AC5A682AD6BE871381CDF0F6EEC24CFDB19ED17E4AEC1E1AA406BC9F9B96093A940246DB286D2D31EB34B01678DAE5D1E1F65F7A066D17252403B62EA293A80ED5B4C9A640CD9072D503A350C4F26861422396979F62F03B96C97
J=-$95819F6AE487A0A2DC88C0EC5AEA2B8252B044D75FABA101F12E1885A179B529E29A932331E4B74A7C67D22F943A7EC08DF05C7FDF28EB9D31814D3A5FC43ECC9A4419F5F02BE6036F6F0FDE9590A5938419024E2F21B56F72FD8A2FDB9DC4442DD0E712D0571D7118FD0D0C881689D6165CA5C43DCDE7BC19D03F1C330ECA12821ABB9A598C093B08ABCD19BDADCA1E8C79C3BEA55728DE1303556157083E513077D8D8E8D701368673D87A9FBD4E5CA40ADBC600BD4227FECACA320B448F0EA1DEA6C0631283A860F21E330C756B873C763AB0FD94B1F1954D9DBCC5112567D51C204675C2273B3C92EAAC4DBE2166C4BD7F44B3642BB33E9725957402A82C44A42257E85E1A6AF1F8D13DE2E73878D35805175C9AE143584E80C6E7641F0B884F3844B44377F28B353DA23FB90253897DC1CD3B5FAFD51C9550EE37F5E9CE63EA78BECFB65FFF51BCC484A09FB4A6774B1F0849C464D12DAB3627BFF180967779B6586EDD5C4C6335CCA2DB644B2AA36131FEEC23196AB39D3212FB4BFF0FA46E3E1DFFFF231BB33A0185
T=$1

[8]
S=$F0EA4A
W=-$DCAB656E61F98E59582A8A8742928623188C58A01A913D8E3DBB450D4C6A997C2BB17258C8E26133E047FF1FC2C089F01C74FF8DC4223FDACB239076E13F2625232EC214F4CD18BF6EBD92BCD03D54D4FC1305A47089B3356E6ECCADB4AAA58AEEC1EAD63C25E6E66389A4DA23B82185786350316F4EDE79DBF6BFE97A37567AC1F4A884847F1BB389A476396E6598D409A983D07D1F7C384F405AAC90B53497F130606A41F27C8F70CFB220C0FEB60F74F12CD9CD8735F4F8C9114E110A113E66D5AA438
A=-$DB790BEE3E73187B88689591E6E9C0BF189EA67D3A7ADC27B54A79BF383FD10B78E26DCD215833469BDEDEF69EC373AED5B8C22B32A3D61F9D1105B5F7EF34DB79866DBC881D0AA02D0D87448905C31ED95B8D36C2C22FE917C23CF3D85C3086660B8E4CB1BA9D06CFCD5F407ECDBFA0ED14CB4E00E2D6B3FA82C30F938AA3A9211F1C7B0365ED08F946C25866D059F9A286776C45BE8ED46E027ADC7CD03436A31530987802ECA02D3CC62C95C158C3E85FF2425D4C26745B94FFC2E8D61C950B42A65BD747E42FE50BDDA047DA687E9B60109752BB79BAD46A0B4473EE053EC44724DAC7C4A1D7471D0DCC9D2951E21EC37AAE00FA64371520A2F14B14BA44CE50323763105AF148FC0A0D89550B7B2E39374164E5AB8CE49C20FB469F4C659417A8E34535D1F5850E025E6ADF2969B1E9F99512D44D79BDACD2FAE016D0C29F88559B768C6BC1192B301A6D8FF4C1D61E7407E16FDF74E6FC92950CA26D52D113C1694D7C685992369C396AF7D6E8ABEC99AF0B191D6DE9E748BACBB9826455ADB019089912D64
B=0
T=$5

[9]
S=$8EAD06DD9B
W=$6CA748A06240392F3D03C2029B71CD864A1ED0D6F528315FCFA566F2ADD59019AE4A8430358CE5D4BAC0120D1EA7BC5F306E6E61204167546F48FE19A365175617AABB382DC95CB848664E1BD349917AAA3C823B71851E5C1D75B68B5009A54AC1713D7DA32F034D8C01910564A66BAD74FCF44A8B33FA32BE135925D806DCF9B3F3B41DE73C5B3392EC74B52EA895B924C7A2712445A1B16F2CF76241B248FB83A743CB0B1094983D578A1AEB28CA36FE1236930B8DEF85165A6BA9F1A32ABA2A53B1
J=$70CD447669A55E1DDF3C098D0B5337F7F7A854AFE786F3BD343152C43D78C64BB4CB8612095B1585DF2597D472B375A241AD3D7AC992C2050A31560743AE8E1EA8E1B5091C23AF94D8355D35310270D021B07A4498C87B442A5CDA889E3F36287F77369E0B07D9933D9406DE22B2FB52AE199AE6A07D8110BF18E98A4E339E396F1148FC3B73ECAA53FA826053C983D7741C23B35654A99DC85D1A5F447F4BEB93ECD420506B7C92EF296769967094A73D985AF9FDEC35F1AC1744E620A801A3E77BFC467236239F584ACE96C47DEF2659822DDBAB5506097E9E1AEDB2F7DB6D23A4096321DFEA19D507D46BE3EAE1D64451FB87B8029DA6E19C295D5D2C2EA500F784A17BB62ECF6BF37C2C3C741B33415177F95723D2CA84495CFD0E16820CC4F985CF357D3C7B665856725DFB164A5D07022089F33D029F84B60C68D98401DF6019758020CCA1BB5F72C7C6C8F25F349BFE62F0AE03D65336AE75917526B954B9A060BFEB21445E1DD55AE1EB244AB567B2C1CF217E9975DF314B72D5F3797BD45532C7C
T=$5

[10]
S=$60261E16A0
W=-$12F23C332514F188F6CA79538FA482656040DF38C9D68887C7B51FAE7136FD150D6BA6BD4489C2FD019009625AC28336F6FE4873B25E488B64B779D458C6FFE5EFB06DACAD2EA60C371E03B553E38B700E2F05908C7DD066C63F820EAE764A07D95926C5DBA4218E8836A009F4FB4AC8BE671E44EAC270018F3968425A1F2612777CFD441792B0E3D2A5916D5A1A0252C6BD6EB301E9A846707E0B0DFE5230BD0D137F0F7BC81FC9EFBC103CEBB43B010BE2C0A46D0E22B12238DB3A75BEE9A230
J=-$54BB315CCF3A0B64BAF9208A067901BE5A38029BF8B9B0A7A644DDE66B21D25DFB144FDFF1C42443C365D8314488E0363B59A68B1B07866B0FD85F54E08F051E4E77A611A206724839DC3BD032BFB5A8852ECE267E05CCAD6F19E80E26F2CC5AD9023365926A4233D2D0866E46F09C92B5527156D6F212FB89A83EB7D2FBAA89368C55D4F6B0CF5BC96B1A974120194DF4BC4576BA0882A6D9E9E6C32D561FBAE46543A0AAB723B9639962B20F32CB6A6BFCC625BF7A6A668C38A43628E785588D6903EE452668566EECA65E3C87805F1B3E70BF8FAC79B04CBEC6F4DFFECD4B3EBBC0F1BCFECB9A7C26C393DA1126051DB5DE4555F96C02514F3F1F66A05A0CE3DBA18A7B014334FBBD6D5EA03C0455D9D802FD198603B3A19B7AD710AE4EF6F581CAC2BED40F7D4A5EF3CEA37A6059F51249CEAD8C956B8FB3895720F23AF24C8CE3AED39B52B02241F13609FF9D05BCD2C6745747D97E625C3762D414DDD0EF787343CEDB241BE27D72C6D55BB5E2CD9F119D2956E6C3B2B53F37E2433324F1
T=$2

[11]
S=$30004281
W=$106A8E57AB33DFEC7C5DB2E1297A139E6CC59F046A109D7DEA86761658952ADC1EF5BF990498F676097554FBE91A7702EE774967E60722B3D538C074C7BE9F48332A62B0EF648D13113577A357CD9C9F4855DFEBC9F79E605D92BC7A802B92BE3CE7BB9BB0726FC1428EFFF48EEF4D5A93B69DE5C25D4239050737A0B96F53F7D3E86557A16EB0F50B8A7123D925359501EED7C70F5CDCA9512BEBBCFFE3B70D8CA85964E2FF205BCA446FDFAB01A59AE02A86BD32D037D957A862A020707
J=$4E9328E03F536AB25E345D1E5716C76FC4817C5D0B06D20332AF74193AC95DB5F371EBFE2E535DCAC936BA33B3257220508D2DCD0E49CAA685CA03E8CCFE222FBB8133DE58E0E9D12B0F8ACC8D7C64CBCCF74B9725BDF989A36148C48957B7FDA548DB75F56856BB394BDAD20D45D0721D7F3CE1A6C3AF57D59F2C393EBCA797CA83325622B61402FA669116B3D8CABB90BD2808C33C380C7C538E5AB43E7B833EF6AADF4694B0CFE8469696ABB4B1A8CF8548CC2DDABDB512A25B5F731EC93457D61E0FDDC24F742F2383582017C45447C9693D95058AC5DE1B06CDC11346C5BF87C8C6C08C726F62C6F25BC6C9652E6A9E25AC00DC383892D7D56284015C06AAE0C0E5F8E16C6F4C25BAF04FB8B2224FD110F5DC23C849E9B5C23B5F9EF99A44618FB74FC14F18C1162CEAB6BF7A4FA1E4FD97AAA64CDF07252EC1E4319D46A0FADFC33562F055903418C595E900E970F769269A99E93C7F5C70311CAFAC51A2C868944C628FF8D0242498C7CADA5A51994194D0F510FA1B06FCB1
T=0

[12]
S=$86C51A
W=$4A7ABECCDCD2BF554DE23FCD7D1E5249C2AE0FDBC8F4CBF8C7ACB3147F9B4C502B2D99D130C2179B5FEB4B25977FC39DD6BA72D3D696E9D8F826AB97F993D53C3C4191188C1B57042E8C3CD5B8ACDE214B97635BE600ADA1456CC0FFADAEF4B7148BF63E304E2380A6B643DC244FB16BF70BCAA772CCF2EDE469368252A277E026D69CDC1179AFB72EA517C3E5BFF6A099A4E463F1BF0A3D20EDB8755C358845E6B0AA3AC8CAA534DB947B82E3E59FD571B69D5310FED0CE893019E82
J=-$2BAD3D7A2AD8D0B0933B8C272180E2DCF9BA73FD8B93EBC2B0C2D615357E6ECE5A11F3C4958118C37CCE7D09E96095141239948047D55F9CD47720C5399A8FC792FE32913B5705569EDD4DD315AD52291BFA02614261EC3659FC08487E7987769DC69EEB6FB40E6F8E6269E4D44A300DDF7FF0DAEAF8E9E69E274AC9F05ADB2AE00FC61B51934BF52C009F0DCA5B772CBEBA617C05DC82D9F0C2D2892FED66D396DF8E7EDF8974436C650BE783CF49748B6766EF621A33D98E7DD06549E201AB449AB12C13E898ED087E149E2EC3B2AB89AE86E0CE0209AD215230DC6FB743C389985F39876397E0BF19A5C37CE6AE5CD5A353240445266817D81BE03AB63580843932F751D6A1696C2F7D4583E995FB4109BB2BD65572517C618C63260BD3A6FF35F65916F186FAA6B3B6BCA6F036032E0292D540A941B59651A55812619861D7B2392AA0E21EC2BE6DDBD6D21E6F8379F2FA0EDEDE9F92C1E429D4725EE778BC560728998A33915659747A6CB25C202FE8966CB6E58927B
T=0

[13]
S=$FCDB6827
W=$78341B4FF5E3F08963CB7A439E2E5AEC21B7C56A2EE419420091BCB2E5AF8E9897A58238B88FB275A0DCC84AE3857A9E51F18E4A728689D5E25C5B761B9C9358B60CCECD337B238B2E05626EED6C0CA959482DEF5DD3CC7C24AF36B3EC1F3153206BA99F9F1D39565E7B3B29586EBFE0E5EC7651C7451EDCA66698A41FCE16B88F60749D20A800E3B28E592B3E5980DC83744D7AA67F0BD38C465036B571DE9E8DA9F5B4C13B070F63D14B5861D7108ABBA0A07FFAA23D8E00A935
J=-$2DD464D865E6AB337FA72D48564B5459AE29BF310453691248C33F4B8F0C5F48858255D3B94F7426871EACD7536B6F6EECBC3E41E59CE30443E57E22CB9C25ED9B6A2F775DA186795A5DDAEA867477711FCF92ADF8908B3EFA7E0C4E5B8D78D03406D7F55031CB28641E389E6117248CE2AC6E14E82743E3E3332AF18D5DFE158E31A03C112ED402A7EFB2E5D26575F38C053BFA5E5057B9C8D6488DC35199E8F223BEC48B511249171C97BDEE2F42C835F2D6C4687B040EF96997E2CFA7AB41EEE8A4B3C118E87123DE69930362EEE7D43FF67A9FE410B37C3095287CADDE4404330B399059A62FDA9191C8B91756EA341016D4221E7CB2D08D7E486FB0D9527F0A30606AFF267C8E7BE44AE9F7F53C0A3FB15C49261A09A0343DFCB6C628F1ED33E225BCF8304966732412DA1FD82DC4AAECE9C0F2C531EC516C9AB6C2B809D99F266ED991F446B4E5AEA988AB478EC92A411331D18E580EEE2CE46B19F0AC9B9D70784BCAF7C621B8779E0EE1AAEF500AB0C7CD6
T=0

[14]
S=$2979D71
W=$5966CE4BAE55C5E42F6E660A89C80E3A9FB7D52F28A3D9411604A0A72D3C7D158FC31E3185B53A22B84A6A75A2631CB305403A333B2CEB528FA7F1BACA20BE9F3B35A500050F4D0866E7C7D38A4ACF4D354BEFCD59A90BC38522433A3F05950096206CAAC81EB4DCF87A560F933835AC2312B8A4A8A620C029F54F273D23918A34FEA87CBB504522D8208745CD022BE0FB42CBAEB48DB2CB090E72B6155B1E0EEA223C62348FB5212F39C090731C0DEC92D11CB3DEEBB42E07
J=$79AEB4870FD357C72812810A693943D691405D6837B362F75F4F13C75F7EAF7C2AE39E771FD395201B419ECE02DFF4478A3B350B1EA1EFEC61B50627475BD8F42407907DCA47DB9F7E685FC9CF0382F45250101D97DF82EE1921A1DE540D4328ECA96523F92978F05BBE1CD5C2F1629AC2F78AF3C740956D25E333388D135AD9C929F9F8C17C0868E5817E24422FE92D89D282D81665796C156BB7329F5D599F5E0B5A9C7AC98C833724FFDCC04180ED7AB35EDDD890AFBD47B6A18447F8DFC8B924E07469858149E8C79F59E353F41960660144D247CA3EFEE3E98048F929DFD69588C40E5BA78A449B6FD86FD292FCBB173D2BDD63BB54E211C73BFEDE83DFEBB8CC415459141C2B7EE38C97EBD6222910C9F2258B39A4552CAC07510E0BB3A1437403E4143E0198542D8A787F0DB7FA4D255E0352AE425D1CF22639D679A6729B2BC9807FD8FC852E27A90A6AAC8DE7FBCF57FD5AEC728D2F68A2641D4F83BB6D8651ACEAB1CC7D414F3EA6A682DF122
T=$2

[15]
S=$1F93FEC
W=-$4BBADAD031EC5FA904732C8FF3BDDB60C697B595F865A051BD4A33D199E792B6B932BB12DF061B273D67C61F4AD7C3934B2EADC233A7F2127623BEC9C7B3A8024789A7BACD13DC52BEDC302337F78471B8C0ED6AD069E624CA1ABEA731A78B47EB5DF9BC9AEA9C2ACADF8E64169C00F0B208CA2CAB8AE73DC2B0E4E846A6CE59316E2DC851427F53ED3F93BBE2A45D044C7B37332F570F275349D6B4D2AAB8DE06B694D5A30001DF62F0A3392F03C5A0483EDB3DB6B6CA6
J=-$6C6E8FAB16AA95E8C90413E98068EC82F65EBD20A0F4C303F1B93A59B88EEBE788737788914B0C1821D046617A91F8601E880F0EBE3FB7092708DEFDFB10488AAD9EEED729665912E7FA94F243B5CBE3910C828F47F7C89207D44FD22CD26F76E1266F816585FEFCAFFD987C282156037CC3CCA291E13C475DE27BE43AD6BE48BC955AD61380912C2D1884BBA3065F91F36DF19CE37896865589B82FDA9AB6FDC222A1A4C127853DEEE98CDC7B91DBEDA76BA19C2749700DD8F7D4CF6C001E86977795C367641A913F0FD3276F9158E9910F35AE1A6BE4C1722B8A59B9ABD6FC71F50B86943912A5A7BD7BD030D065101FF505F75A3633A07689ED44A90ED0057D6B198643C3396FA12FE3B5FE8C0680B2D3434DEA7F0ACBEBCB80F286AC08985D057A9D3E74ED33331F62084A5F1BF2C08C13385D3F3A2E9D0A8840257473B4E4A5B3D10DA163BA7F009282EED24839432AB475FC66439031E11B964D184F0F81FE348C2F22C15EB67663A2F110
T=$1

[16]
S=$6B640A646B4
W=$2D1B97D6F590F3AA348F51BE9C01F20E885F9EFDF50BA51D7E649DDB67BAD3C1E45261BFB118FE556605A58D4B269074413CE32D09DCD407B601EDD12FEB2C6FF0E5B9CB99B2CA8E30B2078161DC668441B74EEC10635D3DDECD26EDAC4697D3FF0916EB3912F97CF03F1E6D779C1C355D3300D4BDC05EA976B2329F4B1F152283666076FF3E088D325DF13E71E864C4B9BAECE0AEB6F8B5DDB3188368637C8182B4D9D43D290CDDB27E6BDD22940B62BF509D24DCA2
J=$CD5802384B5535806BAA5254AF04B6C831CB8E6392AEDD432BDF09635A7578A7783F443CD1CEBE15F3594B9F5C9412B88D396C3D9E9CB25FF8DE126FBDD2FE4F6ED9BF77F65FC6FB0649DEE148780A789418CB7846A4CFE0D8AC8FF4A8216F8BEB8E748B2D0C5D4B0EB50D53EFC506624DDBFC5F1FA1F6F90B84FB69071B1D2857DB2D3F3F783A7927E11DBCEDBF61BF389FCB71C49668C5E6971E768CB3E4161E2149F53AE86BEA244D76A2AA27C607ACA75906EA7AB402DCB436E980734D75A510550E66EF84AEA64614B762D6876998AEC1EF23D6E1D9C2FE93AB1B985B25839FD5EAD2FA925F91880422EA3B53DDB1185D7849DBAAE1524B3AE70BCA6745F0122C628376B165935013AC415E69B8191D4F58ACC1808D79088DBCC1DB538CE8FBFDE7ED04CD28FBF3FFB7FC2CCA9236E2D9A73D7D909DB84CEC5033EB6D4FB02CAA83F04831826E8CEE8D295D0AE2EDCC736A1FE15CBE9400011C53FBBC00AC48F6FDBA7D53C8380B94
T=0

[17]
S=$9799A6504
W=-$C15DEB10E5A8194683138BC9051B2F7A537763D01B2873613A415BA9F2C4013EC4CA5C7FC8E039A0E17401441C63DD1900E04997DAD38D624537BC292E1B829C050D37C8BF019C3F0253DA1CC13CCD4ABFFA28F072751E142E2073908F22F8C43DD7DFFB32E2A750EBF2E5EC2AA7168B8F354292EA755B5F150FCA1DDDF816041EE74780B8C2AA90255B87A30AD9D10179A74584233BA2175729E21A46E324E415EF4BECA4CD2A13C7ECBB110262AAA4CCA122
J=-$34920DC04FE47A46A3932511BA0FF29B155D94ED0670A147F730446835B9A8E617780C59C2430F1D1C0527A7D3F30A6F7240D237FEF0D81DB77B76C572635F6424541D833AFC15627C405E57CEE8541D4C3C88AA429AF4A706B4B1EF53594D307D6041915C1F2108509CD2891C74BBB62C4296D3E9F0C9D1055B2816DB60424DDB5076A13BE1896A0D57920330FF9B3D591901952311C1AD2B788C5677FF20C1DB26219EF6356A967AB68BEDC4E0979677096FA5F1E25381E4AD1AB656CD91BCDE77453DF1E782BE1181E3B86991FDB0A5075CE64C15BA5E3E22FD550593221AB0E4F1B22070C6FCE7E2C92A8F43B21460A7A494A44D5AE812A49963CD1CE473164C1AEB342AD9506EE4FB1BCF06D3E69126C77DAFDB2021F81D28FAEB015E569B59B661F5D4573CAE34A62838A0E6F296A010E33B571203B17566A5B27077B3F3E6DBF27B4E0BF59EDD2D2285A0F778AC9EFE3517BFAFAD6223EDC0CF2E8236BFF7587E51A
T=0

[18]
S=$B540D39A57
W=$799B39DBAA865C57633FF6EC3160D6A39D53E651C073FB4A6DDFD199A6F2BE982C3CB587BD86E3301F266B35B3FA7841D5D8A1F2D01B589EF0A8FE250DC0C8B4E10A711CD293C7ABCA514A6A4DE54836F2934F5F1BAB82E4CB00E52600104A10DAD8723A36B8361FFA216D05E05B824EDE669F4B8E8969FBA19F4B323745364465025B516545E031E79B4664E83687E9BC7F5596DBC6C7EEBB504DAAFB9D3F49E83D84B39D97B005C76D64E1B388746A51
J=-$46466E57E547850D687BE151E31A6E0F811689417B897A805204EF50D13D0B5BED9AE7FC32ED156A80472B46740F374B5ECC06CEF577653D2C7EEFF6BC627C56DA17E9EF924EFFE676B7A17FC6CD5501A7D6B70640852F075CED3F8225ED5E43CD40664B15442417391E472D22BE9914C024E7B2EB27B208FB59654600601B6C3F91228B75E09D082FBD13543679A5A870802F50AE7D03DC8BB59927EDB95F84078452DDF0144F38F176DAD1970D44A10AE77A216AE931186ADA5D427DB1F74A1C16958231AD0975DD1CCE84167DB45709D9824AA31016B669DC43F9414F0B075EF84F81E7777E8D2857DAB18FF6EC0FFC819FB47DEE779B3DB8048C6B1DD12FD922B3F9FF1AB4581725344747F0AAE60A75F07830B328F5FCAB14787E57E7E2B960F916AD278ACB4D8C67992C4FF108E80C702AA2AA071E3101DE8C4B226010AE5FE4BDFB8B22417EB0186983836BB9F9E6C822BD27EC81246F99185369575B82A
T=0

[19]
S=$13D44
W=$8F80091343407FA22C929BE33045AD31A8249A5CCF35D4294B1C009D82ED4085A39E9562C8F302597FECE20F3DB6DB738C465E780BDA4F56CD3C342285C9CF585BBB743B549688181DF081D98647A35A430C704D2250A0F519C0817639B1BDEC374A40320141223803370AD9E4643C9B7AA9664998AD3712B9F23E90C6B41B79EAFBE84534580500A1B6EC29B260DC1C475A57F53DAF9638504A249929A08D11FCADBE7F3D029EB5F31FC0BAB7944
J=-$514FE1F4F86946CFE7316824BE51D12F99109B22DC252B8943CCE58D62F31EDD807154EA0307C268B5E5C4FF6D7135DA910D4084660867DA8F1D850A71506F8D7079FF3F9E7064F9FE538D2D6F11B3C99C0F0EFF233FF24DD2F92AF53D7C9EE57CA3C4F1A1D19DA07E6A53C1E9B275FBFB96721E8AC9228F2FA162F18B5D27CE4C155EE76563D8A37271E8C544724AE8E50286ABF0CCCFA25DCD556EB84EE72BFFF43014A0CB7CC099135BD197E41CCE85648EE2598D2A57E52EC9D8EA6DD37AE6FC93B7EDBD48908F0E78741B2475822ACAFCDD7F6CF73A13BA09FEEDB5183A3160611554110577F1AF136AFE4FFFB59BFD96B010D76F56DA791C9B17893693AC1908D7B0EFF3EF0755CEB3F1DA18E439B085740DD5975B5A6BAA8F3A72F04FE4790B8287B0990E6EE30D22483B0DEE5E610CAD59B49260B49314302AD74B6D6E158F12A67826A8184416322A6B27D1B1A895F9C80B4351CE3648BA2
T=$1

[20]
S=$169745DB7
W=$51B99A736E11CEFA7816A87D70E333D670435B431E88639A0C0963E4EFE865664823B29BE55F8D7C0A6625AF7CB7AB8D4F846D3212CF810AC1FFC85749874A76BA7EA1F39F31574A9ED793AB268515BE3BA3451CC7874EB13C126E16A7A5B7404719C84551AC561E77E5C4367C98CC116BB09D93823E33C1337451042DE5E6C02FAE1F77D824867571F6E06A2F156E2BCED3CD998F8BA3208F8819A8C33FC63FFD319747EDD371EC51A3A47F8F7
J=-$182F428B16E56E32D25E7BE55D242DC2DF26F5A07B8059755CB8A67EAF7B02A6B5856A87A851C4B43A6C06C0CBBF7B23EF0171E9BEFC8E31D98C3FC7C6BA3FF7CF0AAF6144A0A09DEFEA83BCCCAF052284110E17FA3FB3EFF08CA612DA914088F37156C8FEBDC066DBC06E0D67F602FE58401A1CD975787E0926BBE9F8D48E1E645BAAA80D1CD3873BD30F83E2318C4BDC96345F8B688506C8F72EA3D154BEE04FCA571A1155245EEEF49626DFC781098F2BCB69A1774E4255730EEEAB740058DB0BB3AD4C1FE7F80EECD1EED31449CBC444A842E49ED1D4CD9A71E624AC25F820B9532BDCEDDF7F544BD846923AB0098D897B15FADCF6FCC1233A9292F7F19189AD9FB7AFBC5C8DF3C0D30031277B9FB3DCBAEEB7685F7DB024F6310E5599FBFB653425B4865F6BE32ED6BD45AC4230F362A2D922492E014CDC31A1640373B5BA6D2C419B0603B10EB0DE0E07160A6489AFC9ABD72A2E8BD13F6
T=$1

[21]
S=$ACFE884
W=-$307AA907210B1BF9A5BE3AD736299C10B166CB54A252D35EBB2F3DEEAA9E13E351CD2111939689C583457B4ABC81778EFE9D628944DDE19F7CBCFF745041E52668DD3DDB52E1C792901FD537452B96102C5B876837A9405F888E690511A67FB13DA977174C73EA96C3BE2544F2F324D73F1512C28B4E8F49BADB067637D228D3DFF7F815E32769D7136EB0F1DC966831ED41230059A420504026527E58F17B538C47F9677D5C717CE434D5C
J=-$2F8C5B01A7632E0FD30F373E68D5630B2D9DC7457559B67D6888C7AA0E12DA5BB115E353E12C7E0412B7B00155424BEAD9EB90727BD947820D389A46E01B3027CF6E2C7480EA9E4C982063B38FF0CDBBE912E3A0F988C17E39757E7C3FE3937B334BC983DA6D59D10F484615BA56919A4D5F0BB5440F8EED4545A119D96C5C4D2B598AE088901386E3192B59F61E410DC464D2D1B6A6E5069E594FFF7A419F8B11B70631F2868BFDF56B5686D0069801D029E8FA9BAA8332DBFE801BD3D2C585B2127534574DC85E2F59D092C890A261DE39E1D463F54608C0CF1B2AB1C85C4BFE1071BCCE28ABC7598996ED99038C202B617966DB4ADC28792926B5EE904E4DF7D9060A84A565AE98296972A0F6D34BBF731EF6CFF8CA9E645872ABA3675D54E8C6874ACCA5F802057E23DCD14B7B8B01D5B38EE155B810527B53DE94B1923702161D73B7E3E91C75944396EA616F3CF9B7BAAD6C4D9
T=$6

[22]
S=$12092FAAEC2
W=$223C551EC18FD024BC0A911BE18392AE958C7D5BD404EF6D967A02F21D5E6E4B9E26CB8F2C1935C6E37FE3B0FFFD2AFDDB1C02069AFC69D8DDB4DA428C40335CA36F3BF8CB01F833AF0EC5F59286EA03F60BCC14916FE49318D36C5FE1314F529877303F4F2C5C516E26246A0F23D57FE44F23D76EE2EC677F6B69F7443CD3E938A4DBB09CADAC64288F5AF22371F08B9662EF10D2F135B0A2E984AE074D1A9C6CE0A43430440E2C1104
J=$4590649A791616D1A2F9399FACD3A9F0E50D3AF964C44D92AAC230A7DB39C832244392865B0D56937E1F9BFBF81231CF747C07A437973A6D8BC2DC7B62B6BD13B63A2882CE94FB2EB4E0497299FBDF6A605A0E222789ED56151D8D2B3A94210D804B3336BE820C49AF8741E9FDC679F9E86C55A2109BF4DDB8AB2FA8F099CC059D9784BB4B46263074A676DFA5DE75EE082E77AB95D6134031C9FFB0E7E39AA1B803090C5E6902C9B5A0DA4B1FDBB2E2AF1C67CE2D3AC54C855F2BED3EC9B40E54EF65CF6124A92847EA20F5769EB4524A76BF240AA322A530776513A652E5BDC84AAAD1B6E95D08BA8FE305A7E4DBEB57FB07384CD284E506ABE5106DFF4E49BB8AB7F5887C28A9E04E88BC0A7ED33272AAAEC7DE3B21D9588D064193D513507F4DF74AE896F1864C479D84C9F68C6529C2AA970706FF21B513DBFF8E850735D51987C35CBE416D1657B6894BAEF482C85D84
T=$2

[23]
S=$3B747875C12
W=-$1D97B66B8DF0074C2A690286A324124F9329A3E8AD919FEADDE3E90006DB1FF9D38C6616F4A58A624EE7F1F72D686A25B1A5DA7A80951EC6BD3ADC1315F2D1477A7DBEF4FB3291DFAE244086DE6D60CDA2A5CDF51301EB1D894CBDF601488A547AC838E19186C144B750A55D387A67354804B909A7092C08531FA3980949E0AB5572F91604B3F1C957A81D579687B254C45496234D465C1C3C54219E178C833FAB271C73E451FE0
A=$3
B=0
T=$1

[24]
S=$DAE729F4
W=-$C897D951139E9DCE4A2C587EFEF55E45A8EF45C0B019F578D6507E50E1551B0FC98A58E4B042BBC00B5336E0DBD411ABD781FC1B3C60AA71BB0FD0D8EFFC19F613DE32A69FB6262F76AC5D0F103B29F8EBE438F3183DEAABFE5ADD157AF8EDD3D8F4CA8322244CC2A1FF26856B0BB5071898FE061B7FCEBA9B33942B6CF4BE537FBD5BF80A5A9457072E55A18BBBE20A4655E71BB8F9A859E47BA257B38E3F9276F3319EE
J=-$89D78F48831D49B7B247A8BA6082E44FA36DC1F96EC1C1A9001BC52DA99AC2D142532C42F1E47EA89761FE68AB30DE5B22F3513F376B71E1077E0B286631474EAB4ABF34F614FB6D930FF98CB7597382478F0B40F50AD505CEA71C5276C1935A87A6579CEB09BA96A42B6A97887AA0C1C4F2E83433F5D0DD810C6D0FBECDE3906173435E39539388D21530FE2206866068ADBE40B5D167054B836E1C271233ABB67A9671010636A610BA99FA9393D7669783788E66F95E229923E587A3AE8B18DE175078D13AF05975AF20A86665527B5CE06F224195818819C68D1A04C0CAF7B330AFFB98602565B1A5F57BC7BFC1EE3282A5981C9FC8571B0C101A0ADDAE587F0726B3270BDA89E6868BFD354B72CB605FBADA8975B358A686F15A2C40C631482AB67ABEBBD0BEA772AE282A4513C1BD43C84FFCF48D7929E275C17F02A7D423BFDC5CF1E52ADA2
T=0

[25]
S=$D2F1A5600
W=$1AFD4090E55386F3B2FBF94420B2C6C6CF1478D05D4AF08D9F72147D6303DDC75631725E66FE0B7D2ED25F8E4F7B3ABF0ADCCEA7895D2D129D9DBC7D5B0D9F964E04959FC64A13EEC4D319C7E1D5538F6EE8367B0F8480EB25B11A22054DE14C198E5AE388C75876828676DEB07B656A3235C07CB93BA7E35EB0BFE6F6A7C6A0EE9E6AAB2C7C984A89C521618490DEEB37614BC1721BBE783F048F7C33BE8AB9ABE0A
J=$14E2877F9F7A6DAF8A66FC94D362A1642BD9AEE5F3273D887E54894AAB0369870076D33149B5CBEBA52A209394EA22E818EF6D673A4355E27024AFC9EC2B4F4C880D185AC7EA25FA574D3EC07C8EC93A75CCA7F5C4A8D6CA171D5D7AC062788017DBF808041A8A3BC78F32E2572A42F5A7C5C94E792E48E282D1CC8A107A3353BDD3E12D056BF3B0FA6D1E55EBF657137B290FF4A6EEF256614681C693CBCCF1F814E8E6520A3BA818C90F448CAC48688505B4CA38DAF38E3E6626F04FC1890722F8BD855924874A468D91850BBF4A90226BF04EBC447522277011B1138F01484C8E20CC1BBAB699E7151A74019304E534F34F69076E6F01C37536CCDFC03318F081F6CB29834AC5E32D0F35CF4971A3773F55FEA169019770B0EFAD0B29D098514CA087B7F5CF9CC492EE6855D9906297466FC96150D6258BEBD18FBC404BD2A0A27A5E93
T=$2

[26]
S=$BAB6F94117
W=-$47A692BBE313D0D8E293B698811A4FBA01A92FA994C2D49210CF6B7A3B314C62E32577245B94B5737DF07CC60DE12987765DCCC592736AAC5CFA08DC0B774C0EE6FFA07C52FE9ECF831610946484D8C531CE3EDE48BB6A185D37CFF567E7F26350E4CA34E2AF058D9FFA177E65208B1AE423D40487DE36B9B477E1708816EB5AED8D39ED6BD72A8D5ABB13898A52EA756705FDF2ECDD5D1F3519E156905B94D9
J=-$1EF499EC139DA5BB8CC960FD37C076CD574C5F3BA5BAEA0C58B0CA4DD719EA23C5FF884DF4767DDDFA73813B5595FDA277B47BD53FB94FF86B41FCB90BC7DD6BAFAB0B278AAEF132D2F0E6AE3F03A107E2AC48A89A3D0F82CC8F3E64FD90812ACBCC1902EFCF059FD4ED00CDC000D779647FA94140B4A7FBE3B9F7BA53D2BAC79191929FE7E6FAE566B8064BF74B34886A74A631927EC57D96EE5591AFABB639B702498DA275401352BF471B599533122277DE15F64565F6A4BD3BA04C73942E6AABA11EA376535D674ADF32C665DAD50D7B243CA27799BA244B376968607DCFA26679413EA98B2FC9A676FCFD7C69E269E4D49C00946308E7468439C1FD135A8283739C04D673AE3950838F2102FC69EAC61485CA8EEC1886B06E905569FD9D00EA4C25399A9C4D4C5ACE938B2BFE1D264DD630DDFBEE8D9638BB52EC189CF2D
T=0

[27]
S=$3B0821
W=$1A67A188CDFD7D72116469F9967DABB94CBF05DABD8DFC47C182457483C0739FB7597EF5B85BC204A883102FC863400C2C53871D05231AAF02948BD74FC743BAA9EB2669655A4A387FC77969DE2BC7EB97508D8DD3D12C061024E2DEC94C68A61CD9B376E40499935693758D0EA6E96EA9FB351185F463E945E8E46F489264BD74B689F3CCC352E0D9A9967CC065D991B904D1A53C42BE272459D1051C27
J=-$20944A2C0A78E5D5998737722B31594E2BC0BEF45103EB349CE20B68EAFE960DD9D401A031132DC67C5ABF6E35ED53257CB7A4DCA009443725DC156FECEEF4F73976477F3C5A881AE44C9CFB14825A8C5AE0E1AA4647705BA6789F8C47DAF3DB3705F1100F2A61D9389A18E5C418B2F87E7761E18FB67F2C6342278487F8C681B6EE4C0AB7AB797E5A0176734C70152464F332601082A5AD7A5500C50F2C913FC5E9B6E0DF266D075C9F9CC526A9D175CB16F62812193BED22F64BE93A9787952997C6CFFCB128067BAF5B097B15885E44EB7493AE08A3225D4E58D959DE4FC06884FB64B3D7A3E9A70B0247A809B09AB549F61861620D648F9A03CC1AE853DF029E0FF5A30EBA370178977D272BEBB8148CBE517DA2A608AAB9FF29D92AD09025CCABE9AFEFFA7CA25BAB068A54C2AB6CBB619B34C9E38DC2AAC39
T=$3

[28]
S=$785B16660E86C03
W=-$8B8FE50010C100FF96A02774413B1C979F47DD82B6E8E1E18390FA77225D8956E658BCCD4C72B8157B826E553D955856F20A770AEEB025D08D34EAD369843B544BD532347EB05A9E095A82F3747FD9E992A22705638790B3C8282CE00342ECC2E4A2410C0735BCDF051BED7AC3158FF6DF4523B020883BB1329322F1BEE4A5CDF30E545B1CA78495F1D1A1E0BB0E214C08387E18CE97B5CECF837504D
J=-$3A9561F6636AD04F27A91EBFBFFF0EA17C49D1D013A04EF804076DDE70BF357A83DC3A3715CFAFF43507AEC57F47D43ED5128F1571A897058C718348C01BE40F8EB20F01DF415EFCE12A234B82209F2A6FA79FDCAF5BE88D10F36BF8ACE06BEAC79C45E89A18AB6CB8CF1ECEFA92AA1D710F52A8BD8AAE2A14983F1B3592E648AD2AAFD5608A62BB9513229F55C8CF71055A37A46BB02276C447B5D3E3232A95952AFE89CFE739A85B2065056921335F0F0AEF484026D00A4ACBC0B9599566FB5A319E8FDAB38BAE323818BA442452062DB45FE390238FD217DC866413AB50F93E111F49D1617F1E7E70A78ABCD5CE8F799F5E8B53745B73C3A0B6551778EB40212F388C9410C88F319D1CD6DBFFA438C7471863AF3D803F67F1B4F15AAC6D24680D33F2721EE8303E6FBAC943A87340CACFCA63B95B63C9A
T=$2

[29]
S=$11B34
W=-$43325682E578F06A12AD08AA7DB34D57BD4C8EB41E1D6EF750CC1476C3D14FBF2268B2268ABA3CCE34D8793609717B02BFE328FDA738E3AB5CAC6B12E52D0E8B4D3B65012A554BBB9709E8CE5C2557A5941D268977CE97B51DA82B4F6FF5146CA4E1B8D8C31E9D5C3C022669F4D3DC2AA282B219280A2DF444BCA9BEFDA5B4369D79AD1ABB243A8A4B71ABEAB22EAF2E16C686F39FF94BF6DA
J=$9E5AAF4CA04DB9B1C23E8682B0D91D1B5BAB99D5414A44D8B8E165E410609CC9893491DF11E01BFA45617D24A273EEFB4E161A27B3FCDB7D5D52628F12A74E278C987A87FBF5C2CCA9CDD6C907B49C1FF060E6FBEC28516998B932FA5BC5D6DA978A36E382B9D44325705C64E21C2A6A25C8CFBFBDF975FE8A57122CE988F042A190E1AAA3CE563D35B79A9E90CA8D1AE475D9AB13AF6B379B58FA0609F08501F789980FD9B4376F38D674A309E8449CF4F58166E77BEA037A252F817DBDEDAF66DFDE58C99DC97C50217F492FB6116053F45C973116CE1F9108F1ADADCAD58E2899F63F6C2895E7D9B35A3B9CBF71D46F0034C4C86026858D29DDAB09143AFDE84BC6B09B33FB2541F3F2A2832AEBF9F1B6541C0139D107C23539D0B7F8FA0D3525D6D40070B350D16A918A8529F1558C
T=$3

[30]
S=$D69927A
W=$22B9FFD6CB6121878EDA4F03F87FB627778DDFFBFC7D88929762CD3A6F012C9F48181E02716437A348F5EA568D6CC3C340BEE07216DB7994305A568EA0F0C38390CF60D99F15B0ACD62B714F83B1BE2EF523179ABCC6715864BB5502FDE7D94C2E6124D1052B5226B3BE9D5C11F905731EA19CEEA166E0B101456FE5EA6CFEAD401012067C2E9FDFCEFBB521415D7009312837AC8BE5B2C6
J=-$1B336262069963EC0B690D24897C75C4230CCA2333B4F9682F0043D5E85B0EBBB9AA86944AF7EEC58403899A9F16F1BEB452F58FB54966EB65251EDBD72E525589BAB6615351807A4394516AB78B22077AF35AEABC3FCADE42B0F0B4AE2CF96F8D38A1CA119EAAB24F1FECC1463820D4C0269DF13D8BBD30E28664B5E1109C27411AB3BCC9ECBFFEB5AC6F35138FEF69E2492655E5A7DEE70D0D8391F220C32B5F28252DE05CEF32DA30E19EFF03C68A44258A03D200C2539A2FB4114ACDD51100B2A1DF05645C86018ACAEF0B4B53A8C307EDEA4C1FF4D4945E1AA808FB7EAC303E1A8ED94F07FFCC24701A0B498DC152E707A2A073920B4574B6C76E54718FB444069DCE91EF987B53916392C1ADC2089FC0C210413FA2BFF1D7BB3C57593ACA60222AA1318CEC705BDD0B68797F3
T=$1

[31]
S=$12D75BC
W=-$1267408CF16AD600B350086F1C7B1466D76C68892B47A1A5F03ED0E56C04F338529C1F752E5878A4857A5A5B316192CE85ED755335B9AF56EE73F8EDF8FD62ADA3D964A3CD941075673391ACC9CC3BB1B53199DFB5E24899AD13DE380353EE5C94369231EAC90CE861B3D8947FCE022E9E2452A9A9645DFE4206511ABED1832356D5B31639CCCDC57186DB56D8A67D335BC88C2F5658C
J=-$27567D108D2A1D7EB7DDE3D84BD396844B9102ED00AF8E12C88EF9863AD5D0E16061820E427C32980142D8383D64CF2F53693A673C8A8C9891A9D9F8785CA41909BA33B909036CCE5E8A7898FF73259302FAD709ED443DA1606DAFE6C9A7764D9E414F79F3296A5345257A1FD92FCBEA2F747AE1E384B2E6FCD99CBE61466C5CDDF8F6EC093D2B9DDD9D37ACBEA134293FA1ED3DEF145C5466A9A5E27532FFD1BECCD3364E00DF251828BA9CE1D5D1341D79F06B7C9182401A17461FC4B0BBF70C41442B20FE4CEE715664166C7B0E5197C5DF0E1237B586BB79CF963518ADE14FD4582F2A8FF6F8B89E860EBABD0C3B28CAC9CA30AB1B254E70EC0B79DFCF80C886C82A2765AD0EDF978B31CD99126ED2F4B16E7775B7075B00FA6D6D43881CBC17CE82BFB428E8D977E810
T=$2

[32]
S=$195E148
W=$10C85216D4FFBD74A3533DA0D488AA4DDAA93C4BD56EFBD1BB2ACD0AF672A5AC7A18A4172662AAB10717E602348878CEF909B0E288E316CD8C6B7D5007F146C11C5B2D43920592265EFC51770A53388DFA22A648CFCC48E3ABC6CE3C734FF34BC741A32F44E06A8C49043D6F48287D649632D5440C5026133F485CDC60ED38DF30FA0DCC8EA822DEFF3E55C39F2F4A3B9CBC691032
J=-$6BD9C14FEC19EF8900B3078FC6E5695CAB23E4E31C54D24A5BDF6B07E877C818C7AE941B4771D36ED1392126E411FA3EED18518337381D4F5351319F8A046A09ECA82D77D51FF3F03950FC10B754FDD25012E9F1593A7AE6E1762F82F8BE7FFE646ECA09A4A875478EA352E42DFA03ADE47CD57D79F3703B01AF21D0CA14E6A10D038E8023E331BE2ED35BC4F1D0F08EF1ECA1DB0D8445CE3E890D1290881F8905DA6CD1A28AB823E3EEDBEB3ECFF717B5C80AB85BDAB1F049BA84FFB9431C26460A18BBA65F114779007A810CFA9022A6A657FFC954CFB263E7B39816EFAB82D96B0EEB42FC7BF54E2C583ECCA70AA76E24C9AEA52D51A64D71D9F78A61E985D3672198B98F615DD64167E7A4867F9E52C4D84EFD936A8B02A71C7AC8FC62E72D9B1052B7D1C8B75
T=$2

[33]
S=$247B42
W=-$D6525698E3BB9377904E623A1EF25C58296BA52329F7FB0AD7AEC068DC69B04D65DD234ECABAAF19E4A7B009360AF4B3F44065969DBF7A75AB590DB66876687C81E6A277A5665D544C9A74DDEFB24E173A6C84B421082C77CCFBE82D2AEDA9AC399582F75F67E68B93B1B1F7F02639F316036BCB3203DD49C1EE06D3662D1E4DCAD8FDC4218C1A3FD1451E4F33D17B61084DD6
J=$BE7BC3BE55B15F9F8E3E1F896EE608873826AE3E1B46788A5FBFEB52FEF4809079BB466535DD1A6131EA76777A82D7BA5FEF2994EC1D12DED128B3065EE35401433A1F872611EAD8BDC9132DCC4DB481FC722C55727084A08028FEDADDAFE632871C2CDA8EB105AC63983C4D4B647467379D1AB97587574C72F325805D09B7F82270713146FCF873FAF05CFB046F5E44FA5D9249B576E3A593C030B94D5F92DD7729E7F05C9EA7BDA7C3D761F5FADCD88D03EE6B6C50DBD47D69B6B0E2189B6BFAC7161C903B3681B32AD9766F44049DAC7D5A4E436C89BFCA60F654CAE9CF67B03B07BEF0BE3737B984C094FE2A340F88A1F4F117F7A1B0BAEAD502C4BC64C258048989062C7E09E1006DC084907F0935697D09997C337FF019CDC3679399483233A7EE2D8
T=$1

[34]
S=$8F5C
W=$2398D5137ECA480A09CB89F896E4020FFC01163903E238DF4352B1CECAD4DB3F10B9B0AED91A9496D3610B5F75C4C08B5DEC95C28C2A0F08E7E024F3D4D63536C0EA507242C6570FE34A7AC7EE957ECD034CC7F9A86F24658D913817764194B9A9008F9727B9B7D4F26F19CB62E51A522164769CCC881C91026EDF327CF0869305B9380FE877F941DA371E7C48A3106D4270
J=-$F98FEE8865237D1BBA0C4DA1037CD50E3B6644518729ECD7655451183607BCAA3C58EEFDC33E20A27978DF790160CB4629BCE560A89A214A7B1417D96C4564B6CF4E203F442216799A3F3D9688673C7379508E839943EE8A306863967E9B1C5FF3DCBD40FBCB393EB5B42382D61550EE661A458A3E80A5EF53634C8D7612DD2E2EBB7DCFC822935473BE21B3C8220E4F0A0035382F46057F0A69EE0DEE246E74FD9F20FEA70C9BF098F9B1882999CB5D0E5A1B740E874C6579166F4639838217F6318991B4009F2E6A4D5A7CFE5318B533688891EECCC838AFA512657508CE766DDA3DB6E197F45D668476754599A080C720D8245A8FA7CED91112E93977C3549FCB8675AD432482C8F7B67F163815390B1F0372284B74CDB9A4FDA5154F9C043ECDA
T=$1

[35]
S=$1FBCD20AD3
W=$10C90B78E247E04662434CAE8EFAC5504C13F94A388F1D03B44BDA1264382964F7F1C697FAB06A2A7C9CB6F330FD1CB79719C34A903353D1AE6790D563D976C023FC09CED27507AA9A96A800F5A8AA6A77300FDE59CA4E0AA5256C6E73654DE21C599917D92BCA202B65012CFC37D58367D0F6255BFFBA6FD6EA9E8A050600F96FC45634CA5FAFF656A62CDEAF4EADB4C7
J=$9DAAEA9C61ABE397D772311FD7178A349EE5FE591B6A436B15B490BE5C486507B95E0D82ACF5E0B6EA692026E3D56ABABA8BCE584278DF72F90B5015D9DB7A4D3BAB63F48E6B2753001F36F61CA4C1D446E8ADA61E513B338A8F5BE286AF429D79A74F0A9CD451B1724AF19B42C2B4E251E0B7A5AA3D90AD6A5CE0AFB659428A00834EF3A0A87FDE7690A7690A16C7D4F74971E8C4378A7CCE0BDD97B94F3FC4C2C44CB559C3861C63D892D7F473EFA3A51B351BA3BB9BDC4C72CF988128EFB047CD06410226E461C53695D302AEFD63770B2B5943F92FE15562CEA72A5D62A2603849BBBDB17163324235B2200A5006E73EEBDA65E9BDEC27C278404A3DA0CF1DFE31D24138C23B130BD5775AF9A8B3CA501B5AFC98B06754624E9FFCBDE94FE5
T=0

[36]
S=$B3DD03CFB27
W=$2FF72F294C648DBF0D852A1A32D371A3E27FDEF8D0D4D40AFA09AF724E349737C5CA0A0DCDD7D9ED28F7A894A71302B163731AE7D6433FBAB7B3647AFBD37B454BF078B2EE0581EB518E2C41F439EAC0AC1A04426A2C1BE2FE391EACBE617156B48C87723374F76F9DC82927D7BEB55CE77CB5029282EB8DB799E5B1C8F1F3641B14C31BA1A3D5451728D5EF80741
J=$63FA2E091E2033B267D95130A5396CB4F4071F888A0B31EFE95940DBCD40B4A8150AA6402B6E4ED29E81156E191AF596C7AC345E5BA94A5E8D12EB6DB7B8D1D76AA4AEE88C2288F0C240DB52603EE56A4E9F7467054D9B08642BFEDD811EFF89E9DED810B18363CD38B4A74958854CE4B1F56CC2AE0FBC41E1A9299582864187D50D7B578FB103F3148CB204AE7A1DD153FA80E17A2302943CF85C20BD1F1B729468161038A06C515FF5277BED0B096AB9AA2F66D2670CB6FED72873B6B335108ABDB9409131D686FA75B1EE5F33ED7D03DE78F93D8323B149104F7ED8D6847E452F7AF35C00835CC3E9F95D4AA9E2C577A1EBDCC788A9316A21E7E59D3E072A2EC30DA0A3E73EBCC96EE090154671BA36D53BD812468B49913637C59
T=0

[37]
S=$3B1C42
W=-$1E9F4C632C00EB7D6A577A48FD686FC7A6208005A99BAEBE890136E5FF3EC86C6C14C683DA768BA7C08573A69A656D211F1AAE9C2AEDF27648611BA33835F551741A93D3D0E9AA17F8C2E565C591E67A2E08C227D2B3BCF0D7CE6A2485581DA3C669E7F710075B4F51B63E3AA92877616DA6082176F8D95D183B128C1905550DB0B68AF28A0D0666FA72B4D8
J=$7489D8B375BCDBE7A5E3791414DF5D05111BCE67569B527983E71965B8BFD8F5BC7A63234D84AFABEE75EF67D826DA53DAB3379BA8FC5E835AF2CA9B7883F59DD99B5B46BDBFA88BC0D3B3F8D2469D2B360D9EE83675AAC0D2A94794F72B95658DFB7A51659CD22ED57A69A09EBC44BF8D034F9AD3A685D0019040FED4674704248857E5CF3614766328AA6B9D301DCDE00B946B0F926AC58EE3A2379F6A7F34702B062DACB171DC8A2FF36545C9BBDBA9F49E768E23B5F0776C5D2660591BD8D414D9518E5CC0FB110A0931A3E8EC9E5AE78770F802E9422A1D065AF2663ECAC1022D66BFC6D2A03DF92A066788367B943BBDDB47AE2E0B06A5306798F72B9A5D05B2FD260EA04112966377762396FECA126F7A724DC4
T=$1

[38]
S=$108ACACD6
W=$42AF7B2C7AD4F4BC8945E47C56FC2527C8EB2C87AE40887FB03C2A85877171C392513F763A8DDBA6384D7E6EF98BBBAA7AEFEA74FC58862FF3B4DB52B0FA11FE9F743F628A0C398FD220540532E9C29ACE67EE2B8C4B60219BA4EB7C93FBF7299D5B90F85C30FED58482058EC71A1AC6EF50DE4520C08CDDA22C2A0135DFB35DA982EDD1AAEC7148F7A26
J=-$D4289FAAB9DE456A9CE91D7CA9A973B4CDB0736D420AAD77421D54E6426725D315C20FE490C59A37649292EBFFF4EF616561F521DAA2323181D4B7CEB368959A993718F02B89B7406534C5BD2E5CCA6973D7A1DBE1F5A7D22F74A59A01A78F810F34BE73F3211DC4D14ABCB83551DF49B70C02F275670FF5D990DF8F4694DBFABD08A11509933E3F08E78C20C21A461A3F7921D7BE419CB3D272876250E01844F8320EF83A2EB2004345A1F701A7248FF9B854F724AA7F2A14915B0F84A6872F25FCA331A687688843036D643150929E76F21621481B29BC890CBE98A4A58035FE7FAE68794AFE0591CC822E7F068F2F6486769C0651D47A6A262EEDDC879C9613A9EE1AA3AA1721F02560BE012FD91EB587FD73
T=0

[39]
S=$A0481A
W=-$4B7DCC768075946AAA88D9C24AF4CBEECAF849A16DFE2B4B6A78A61FE4F4E5A63B16DA92BC7BA22120FEC67DAE2E83FA05AA28EC84462065366D60CE76EF7879CBF99C568DB623F428E3930E7454BABF42549F6FE5C900CF6474A40EBC5632589B846F404B0D9CA9E94054A1CFFF5A5B782EE611EEA6989C42D42C08A300BCC0D65D71158AD61FC2E
J=$12457D163B9F45A44D987892E04ABC59F5D7A46784CF82B7B1E1731BFBC19F0D77E1DF61C9B7B4EA61C965D20B101F23B75ADE9389180F8C0F22E819C76DE613B9C5E7CE43E0E81C8B06BC13F83D575361D34067602B9D2D84678DEBB466BCFDE9F957E6B9DCE083851BAF89F847D2177A172AE117A3E40175CF0306036E6DACDEED864E8F73ED06443ECDC91B17AD426DA89B58C454E557664B94106E1E3593EBD5F3284660B4F1C074541EE17225878E2762435D4CF44C34B1EEFF117FFEA935E3CB41C6D5F84972B520A48AC093B226F3A9C21C76AAB8A98DAC4F603284A8C55ED23DC535DD63055687841E21CEF1E9C58D006C379C884DF3C86934C5845C735726F86BC96B67E357A0AB7825E9193
T=$2

[40]
S=$157E365C
W=-$45B418EE5F2B73668A0B432D018270D7E1B46F67D3ABA1E6D9F4D3FAEDACCB43F7630BD6B5B26A24049D379ECB33E85F0A2CD08F76354468E6307A31102A9B9E57C875DE3707DE98A57A61D79158E83BD47E1B2278B1D732399F664BDF32E4E2E23750694917AE0B5416117A1E3DCC30363C59E41FA867B7183512039A02F81AFE02575F97C66
A=-$23
B=$62
T=$1

[41]
S=$40E3BC89
W=$ADD4931F7A8A669B6116FA5731BF1ECA7F22B447EDD2EF3D05D56C268C7DB19DD8B5C69E4992425363704230F335586AAA3D9AD68BE5642B5E105A788DE9404127C0FE04819AE44DFC6AB09B6052062D1553A02C404808487AEB053751EE3DA7184493CC695E9C95AD5D1B93B2717A5256E6A85C73C1C060BE8E476E72D27DDD1EE19EC1FD
J=-$C53EEFAF2F27A79F3979CD3C26991DCF04C0E0D1B774D13A74BF04143E665606AA634EB6778C4D2B19A542809FE511A7851DEC59D55FB7D7B825B25D63486348119184AA3B8C8267B87E1A57333B0334FB81C1CD1F8A7C34991889D24E6D4F255EE8CF3844511B9363988F2A2ED5CDAFB43F5E75F5CDB7E38731DF0B4E1E2C925EE47248674CD3976791D563D5EE644759F0F682AEBA0319B6B5633E75715407DCA77465D3E204628C5E3849A3119B1FFFF02EE3FAB5F526277F8A0D465EFB2B833195F3F50694E8F0C803B51533E3A5440C8545213FCB6F9FEFCE56EF20ACA247B3A607F3087BFEFF908907DEF19C9EE6339853D8ABF9905EE8AC8DB067DA67433FCBE0049AAF146AA
T=$1

[42]
S=$14BDB265C000
W=$22C04142D55E3115CBA77B34A52C9E1BB78F81F14E35FB3B776EE32F05F7D291314906E33B32F6C3D2EFD27C495556E88ED15FAD64009E6C558F8A898BAB47177523D18789B41899598611D33CA897E35713AFD0F475B33E425E2523D286D23FFDB296EA29E6994E5A19AF9155232F992D60A3123BD6B986F10C0D317724CCD020A1382
J=$94B319C04D1A8A573DDE3E91E0D4E8842427FC273F0B0BB6235807F99FB53E5FBF1B72F54633771CB40ED56D46E4CCFB2C4CEA3882DFF2F713B159CF637A986074EE6AB3ACC42A1D98CC8218A023616CB634F0D5BE3426298DD677AAC0DC7E67120618EA2AC65D65F34E8A5280113F24C2440AE1D35CE221A20F3EE2ADB481F45EA8503751A13E165BC0F2E0BA934E2E7BEAAB000139F0796FB6D8E3FD791AEA0AF460E28EA16F28CED98F8DFB471F2E0A786B4FA1AC412BDCBAF419B2EB92509CA10DF49FF7DF33DC1490D63264C06EDE0453DDA480376935B3E0D2438875E0910448D6215EAA76A095E51B3B6E0E965437DEBAD5B5EF9A1D74AB1C9F9FDDF499329B5E99D4
T=$1

[43]
S=$17
W=$9C0D9E180C36B23F5433179B79EDFB33490FDEDAE04DDF64DE685F7B1A55A0D6F7E4DCE5E6DA45461E937C87D44FDCC61F4580A77E687D05323F574E5339A3D41C8F73A859F2482B53E24419EE8D98862AF6698D2DF05F8A38562C035C2C9C1869818AB2EBEE1FB0F068D5CA4A34CAA6D4BF05D755804BA321E288FFDC437DE07
J=$8E5216E7A1A0B821B09B64824BCE4F0806C9BB707480FEB2AEB95D70BBE08BCBE8F55A71E12C85A0B7421181B6FE3A6E11C56E5FDC595E6BBCE562677CF7B772B50A3FFCA0815B92941C41ECFA9ACD69E51CB8D9F54412E30849EDD33310AED1B1AF1B8530BCDEF4D4007CA21D69252F938E22BA719B54179A1E84E6626FF90F637D6E24EF42BA74A87CACCD6CF5AE9DE0DB6CEF8F16DF168455EBE55C989E7967E59625DAB7176E1F7E16FC061131D1046310512B1FD700EDDA15C85192B4D3AB9CF3FED2BBDE54133698806DCA4241E3F9EDAC1A259631D94B9E433939BA3531BD7D04B658F8B6FAAF622ABDD29DA8C08DB9C861E61C7BE6D0960029C5BB4B0
T=$3

[44]
S=$7C
Q=$5

[45]
S=$19
W=-$83C5F3F3F0AC2D78CBB4E183236983CD27BEBD50170C4406AE4D4AE198798BA1AC1255EAB2E80B590CA5A0E60116E378E67BEA3C2C9ACB913B75F1A64312872F583119698D9F835E86D1BF24A7AB08344ED47A73C67C3EEBD5ABFB656B2D677CA4C98C7ABED1F544BE72FAEE17528B2DF912941932AB7DCD7E23DBF62B20FE1
J=$808D99BD6F2F2D861DD43E68CA6C4D7AB9F9CB57E884020C81C25D6E17C1A317A2ABAEE7445FFD38DAF3A84D185B6CC63D17220C0D49098A3A2D339B45CD00F288B938E52CC66FE56BF24138BBABADD7C2B489E07712BB734A1AF54C64FDDC38450032910B775889937442094668D9C3CC2516FAADB2AD07355CEA69DFB6FB4781D628A919073839AE323CD29B842BE9BEB3FB3956B89D36A757A40AFF9CF5287A6C65FBE34D900218BBD88787BE0987781BA44696CABDDD2E7F0E8DCD264B6BB030A9BF122B5B4C5CBFDD777610B16E797A572D014B0AE64885CFF257584A1144C251DF9AD52708D6F04401BEAC5C1FB7AE6E3E93A04C87322C93E7E588FE
T=0

[46]
S=$23D668
W=$493102DF36B30CCC2BE01C271F3D8DF3BFB51BAC860FBF1D7740928414CAD04C6A61CBD124E817AB55DFC668BAF1B74CA510B0CCB84DDDF13EC26E12B82150A257797CC9E2BE34042E6F009C69695370CE82872656B4B340512205978B98EB45EA74DC4FFF43A290766FB6109A25018DBB2A52EEE4B6F3718581F34C9AB88FE
A=-$1
B=0
T=$4

[47]
S=$55A4C2B
W=-$F076F72D2B997424CADBD5F58A06BDF42FAB7CCF25B020BF535C65E201D7FC94A0BF92BC3EAA7AA5137212745666514C3E63FDB71762F44AAF3CEFCD416D5FCD5458CAA2D8968070F60BDC8D9DC04107CDB0D83D30ECA539482B23756788D4EFB7C893DE2C956202B8CBBBFFE073E61AF529750050F9FA0632F3913FA147
J=-$2C9F6A3C0BF0ECF786605EA1894AB9F0D465E6ED05DB1DF286ED93CE5C1FF51838A7DC9AA45995AE44C00EE8C81E9246FBBC1B79141A85DD0563FF6542B0166CFC999B501BF509397C4776D720B345696B9ADFDEBA1F7935237114ED363E3355AAB5C82F44013DB001A9C14F5A6946A18CFAAAFAFF4BAD11EF6D0D5C610B4D43E02DA90B31992ED17AEA7FA2DECD1C90F3E374D8A91161983588D295C0BB9A24CF6A425B2B3FEAFD9ABD3CBB2F56C98917CF75651B6C21AE066D4C5FA0F7CBA346CA0287D163076D59D47AEA826DF6FEB83D5D6BBC55BC9E21389B1B25EB741385F5F0878799D92146BC5F9277C77EEADC472715E9B168C196451948
T=$1

[48]
S=$190B4B9C5006023
W=$2B1D1C1693FE6693AE93F5D6D675B24E5CEFF6F652DD540337DC38EAB61DB54DD9A5C8E0B19F2CF51D01497A314BDAF403149C1BE993F0ACB8E64EE96D0156F9B55E0DFDE62D70FF55F148AE71A67B91B1FAFCE88A08C8855DCBB0D3AB514A157B333B4E67D590C03E70C923455B66E5E4565DD1A2700CAF3EFE287D5
J=$8B6D5B1CB110D102ACA6F0F973B9696C71392B48AFF2B72E949F240315DCFEC2F9586E130F7CC45906885ABC577296DD1C502EE358FE9C43D8BB42905CC67B3D70C45E18C0A68F05626EA95595BEA37E462254E5111BA51AA6CE657C48D9B467FAFA09DE859BB62229BD73F9387AC92B4BE0DB949EA2DF8C5C0E08DF018202F54C04EFCDFA65F7580AD3E1715BAB66D5D96598DB67BC2798F7A184030069C5A1D82C8783AC856AEDD1583F2FE1DA6B813305051A32DA023C23BE56FE356F1FE091E89DCD6FC083B55072FE2F5C65ECD4B22FBDD2E2658E85D02E359AE400A745B792212E7A767231F60955883B8C40C56314DE8594EC6A82B
T=0

[49]
S=$B8C15C
W=$13E380B278B65D5C1703756C44D8F7B7C3EF848D59C3CF98EBABAA2C245AE6AA68BBEBC22451404389ECC702691B6FDF31B7A4390518B6B9E061C0FE1F448AD0F1E7ED2AEFEF294F4629D9B8925938CCC7C2D10759170CE4D47978C81119F624514E142465F88E8D5A34B156CBC551A00B0E313E875A3651EE
J=$4DFEB30C0D919669F8150A3AAC10B55015A51B2478655CFA3DB0D4FC71D29DC543F8081A7BD3D02C7D2B770AD74FCA73E9402345495CF39EECED2937F9AEACE7F85890A5632E87954C1CE98B28D822EFFEBE696FBEB02D51BA7EBE8C135C7132DA83EBEA930D29E2B0559670077ACA4D1EFE18C01AD2566C1E8384AF0ED3A5C81D9B380E725321272200455F81C0FF1128E82ECD4D1E686A39DD5B99D3E966F9DB45A97951220F7D22FF15DB8E6B7958A551C178EBA40FB57CFA3BF5977C33A4F65806B3E587E13C1C33FCB955B50189A2EB21999206449F2EB1545353FF58717124A677E40C07AAC2B151B5FB0F5E409F9
T=0

[50]
S=$254D971079239
W=-$5320FD8CFC3140E7B8BF321493FEA23FC5826A911002A053B7ABD228F62C3C332C44E07EAE11B3D585BE56F0A441674802B1B20D1CA6A2DD9D448F9A0CCA4A3EA09BF2ED35B60B98C5013BC8A397ED911175330B30AE7734A64C6BC0F458DC12BFA26633A7B90A47ADF3D4F3FE8FA0C1ED54FD4F1F44BE1
A=-$98
B=$2D2
T=0

[51]
S=$A8
W=-$51078BA99D123ECFBAA83F5486A7D9E0B7D16B16EC4810EF86D272E320D83BD18B528583CED5585BDE8647DB78043340974680FB22D51C7778AB6192B7ECD842F2FF1AC8B7BD7D95B2D745C90577E33EC84E4A1AFAF0CA8FA48C1C3502A004C2E2EA7EE1B20E8EDB4F0E2D9D66455FB32B9C3A95E
J=-$1929CD2C7D713D2050B23B5CCE6FE5AD9ABF108DDCB3439E5E5BEFEE48C9786AD2684085959AA82B70265C1B5F1DE5C57F9E17343535A3675974C2DC6871E630D6C1187618838FC07DA06D0EF8CBC35E6D4E4613BB5F46B083BCAE038C07F5ABBF03926EA95EA37A3E87759506637AC8DAF128D2AED621362C93BA041B52A81C81956A29A0C9FDBB7DABCE6F5F58AAB7FC638167BBF7B455B7FC9B93AA5AA0C65AFD88A544FCD9CA5E67F8002CA0B779FADE9B3D77226D4DEBBF97E9FDED399814EA252B01B9674862495536C5B8415A31179F00434994F9DFF3AFE6ED5C8337DD15307AA527F4CB0
T=$1

[52]
S=$7C368BB829FD8E158
W=$3790339F00C57AADF5FA40E5366AA0447B28E3BB85D1E52BA899FE79085C7C64F507E498255A9F9CCE1F11336691E40F973699DFB97879ACA2665BB939EC20F1C33871AC98E6E6DB7E428107F1CFACF3D74F0F2FCED850A40252A7A4FE06F3C5DDD10E49368716AB96ED997B8779FBC60882EB14
J=-$305244E8E857FEE37B67CAF6ADA87E5BF821EBF2ED22B030789314B34AC2397DD0970A3320CC11402960DE562BB49D967832955DB478630C117907B4C5DF4FD5D6CD8860EDC9C60A7096C3DBF8A43A4967A014ED10A422CF5961352BA947B60F25AFF4787A0ECF166781ABF345F9928A852099CB0AAB8AF7D3B87FB90260EE7613274F50DDDD589B2560C16A1C43C02F0B0EFAB502277529D2C2BFCB82377489D0F527251A1945783E216CBE1A544ECE9068D1675E616F805946CF9C528D031B1D161E6E2A44E57301508899869215D4E65014D603CB5BC272CA31FA59D47A2EBEBA5FD51B5D48
T=0

[53]
S=$751843
W=$18FA6926276661501B7D137566FE05E5D7C3F720528DC0B8FAE14DD6821404CF5848098B96D077D988033CFF7AE9DDDD71AC7470E11FC57B75CBC57B7167E0998F669F5581C6BD03DD9A8887A0B99968DCE6CEC4FDB3F5E72D8B5CA6D9D2BF88EDF3F4A0254F6D16C25F0D3EBB659639
J=$5B8089956EF14495A013FC9D0A7D6E3C260B2B668461046E06C7DB6D7C4B1F7B299C0D2AC78151B9686541EE23BE3A2A39E535267FCBF68B4D6312F2D293677AC9052FDA0082066F9DA2A57BF276532A46DBB041A7E97480F748295F69A27FFC1AC16151D7E0916FCBC18A1A69B37160491E1640C00C7A3D652E9F4F7AE4A7F62C8719CB964D74DB3D5AFE32F783FC1C5F26601F55C578312549EEBC7BEBF085A91484939DD17E2AEC7FC88045BE6AD7D2995EE3DC433CA1BC96E7A473458C14DC8BF06004289D6D0EBCE2CBB23C1E97DCF51916B35A1AAD87DB2E3719B894
T=$2

[54]
S=$76B07
W=$13F7DA080AD0A39D798CD10A384ABDADC65D9CACD51F3242E49D753E6CCE2081307E15C74F057EA337D09C8022C9EA14FFC3EDBF09BC0ACEF4C1387131B36A6062B9545AC3F7E023B61A1EE84631C2DA12F7A1A7FF0F1F42157F3E31BF0C6152CC9CF43412C1ECED7CF1EC8A80CB7
J=-$24A78E5EFC972533AC63A78F96C6DF4327B027CBC65DA307414110F1436BC5A10F767A5CE69DDC64DB14DA55700F1481D4C7DD689276E846800FC7FC19314B845E97E3A7E0D93D3BCD1AD2B7B031DB5B924059BC5BC1F90752DFCEED66BD5192ABFCF16FDCC280C6AB3EB66D442E676A37172E6304C63A78665707F3455F0A60EB2629437550A9A04CB43C650D43EB91BA038DF56078CF9FC4DFF10D549AF75EFC6FEDF1A4B5DF8F8D271EAF427EA3527DFAAA634D53E11A2617AA22695AAC5786A8AD1F2C1335BCECC27B225045F5B0C47D7F44BD5D2AC08C29B4047
T=$1

[55]
S=$7C9DE
W=$38D0FC8A171E1900586C4DE3B1590478E54EA9783BF9465B0018FCEF794323C00BC040AA9228A333D6F717F2CCBA7BE3D52925E6E374C1EF0012A79398067334F70F02252611E07778079E11391F37F6696413BACFEC00C0375CF7C50815B92408E62A8AD93E8EBDE17317D114
J=-$3E229F4E8D77FB7307A5637D9D88C9F20CA38B99220A93C09F3D4EFCD2D7DF9C2FBC6D41FCCF523E8A23F1C12DD32B87FCF579181E6A345DC84624F6A1BD1667D512F1D0BC1A085B6E40274AD5D47E1F46CECBDCC9809044A7088EFCA575FDC007496C5E96DCB676DF3E50284C47F59F63A86D25E79539EBAEC81320C0EBF5229E50FECD7DC90AA6BED8E3EFD33D5D91C45609AF8030BB843D114EA6FEBD528C967F2A086DBAF66104851B20AD420040F71B0DF7DEF6B70167718B2B75FBD2E4182CA87822FCFDCC3933DBB6CBA987509EF37ECD457AD7964FD5
T=0

[56]
S=$1395C270D
W=-$685A7D5F8B55557D17AE448E256D547C4889692036BFA2949CAA5ED7D615BFA3E2C8A01F94AFA364F2FFC08131FB052232D81D515C9237E22C64FCFFA0DD94A7AADA012340F9B30E9133BEE02859D1519C526C2CF1A0BEBD82296A5DD51B5D5118AE0F919CB5FC0BA6CB988D
J=-$9F2E63B3461D81FD7035C34E7D66A48161EADBCF8DC4ACCA64BFE7951C34C47B207EF2A8F680CD58D7A52B5C4E692B66773F92C591174A7AB1500260E2A266487961C3794B41E24D6356298E1ACD1E34EAFCAAD566AB6C9D1A5916B432FE9A53FEB9C4391905406543A0069EA2FF2470CB263A316E1C646DA6A9F41EDA26A746D7B7FAB62D8BE6A0FCE6D25FED368C9B7AEBE79EC87C7D8955DBBA3B16A78D12DE4ECC8202E34291D035A52559FCF2B350850E60C9CB33152B79DF6E2391A30B2A00D1E58367CF828533432BA6677B816EDBC026CE04E34
T=$1

[57]
S=$52F03D3C
W=$7D6AD6647CD1C61F0C76413CDE7CEAC3614F35F71CEF97DF28B486C74A22546CF461B120AA7FA61F01B2D57CFD29F0528E7BF8911452302C222639D548E12800888D60E274100383C6565D22144558EF8230414E5CF9BCA78734DD48B904002F9251E5C5220798C5F66A
J=-$6F60793E6B8B45A80902F214FD38E7FF9DD8F7EFF5ED7C18E467940887BBD0A1F4360A39AD8AEEEB85ECA9DAAFA56386CF54361DFFF59C6F6DCB89C1D0B753C6B2AFD569581F9DC81F246C4A10E3F27B71E66BFD9FE06A21405BDFFF1E56E3162390B0D3B3D28AEA4DB8CCD438C8B6975073054835D4E2962B9F1B3214B273019D14A58CF9C33574B1B1ABB4BC4347536F14C6917742D03BB9DD8AD3950D3C8AEEAD97E2563975E3290CE1E66447FDB31377B14CEE63CF98313AD7E9D4AADA77C122F72D1906BA9F0B6F38D902696770AE1449
T=$1

[58]
S=$2C9A59C153
W=$E63DB31BAD6D629E7F944C9633980B2E896BF8E65C18F3CB0D06C9C7FD482571698E4E6BA15CB5D8A470778C68EAE0A1E4B9EB092A1BFACACEE42472FE983997CF3315BAD7FC408040BEE099A9C58948E450BFD28D27F38D20974791C0A95B1FDC38E5231B819947
J=$5B47BBE3FBF68DC0E4CCFCB50153C345513B890EAD34DD9D6E15053C3851DD4DF9B04C985C0C4592B939B9BFF19BB3177E4C10C05740652F075FBD8B1BA05B075FB7A390C349E7C132184F4B70EC02E544925BD850CBA2E9581CACDB3683F337798E129D3B5064F6647F116243E854C4D301C11AAC5B8DAED1DAFB31ED14BB364B7176A29A66D1D024845DF9EEE54E064683966354A72B2D94EACD3A366B1AF8988E63E75074F6997697D2FD162AA017DC7A4BE7895640E13C4A5A5919B73841E12623FCB621DAAD461CD70638A6F26
T=0

[59]
S=$1765F82
W=$86C48F1A93216976ECFFC170F80BB67E1F3ABA1A449DA1F2E042768D1EF20939FF2949E08EDAA0CB1251A344131820D392C27B1604833F98437C61B552CC58563DC3B320FD4560E3C3BC228EF87B4674821C0824D78DA0151408E69416C9446DA29AD328902
J=-$48940B448FADB8C0D4F11D741E4B0A7B13E679F9591548EAEBA0B199B7A4717B1F085EF42EC2FB09C3E5D37A1D6C35564B9EF2B08589819FB59495522CA17EA23EF23F46DE6FAD4C8D176B49350C76898C0125F5E730EF5E4212F76D8A6FA4B390C14CB90CFCE6B6C15E7C835CDBF0F5420318B661CB2291E19E25B0B85D473D609346A6F9DA252EA4D13AC7E29F5ADBAC6377A223547E1B9267F384ACDF153A577AAE757B74AC79A72A2763FEE25C0BF68654CBB19D6780ECD01A5F0E790F0B36E86A689D0B4FDB90E1FA
T=$2

[60]
S=$C3F528358
W=-$21C31A984189B3A7CAF6D19BC6F8EC1423A24323E7AE2976EA0C7853F955B6D78F2B1F70DB4A0257C25C9A0E7AC96D14AD15AE8269521F743DE5BE9DDFA5A5FCBFD42A52E955FD0F4ADA669C7E0D1323DC30AFDF47EA7B027A0231F28D10F5B1DDE3BEAA
J=$4F21B5687A255C1091152BCBCECC0FA7AE40C418565FFC76676F320E1EC376D2BCF7E3CDA2622C1E59FA3B40E4F24AF39D8808F0A685156AB5AF7C448C141AC4D1F9437D66E9C56553242F15202F97735CFEFC205B63653D26E36D998605B3BCA39DFC7F3E6A86BA50B465C5E222D9E94AFDEF04C14656C333EBEC5FF85A5F34AB6D7A892E11FCA5ACCA00889779C6BB1CB8AE7852B5F12193BD10096F90F68FCD270C112FEB34411255C8073F411CC11F36FA06522C25E0B00C3DA14F56EE06DBD351D535A73D9D
T=0

[61]
S=$7E11AD7D4
W=$74AAB4BD4A5032EA25BF84A76585B379463C8928E54CC4F66DC2194525555C2C11324B77E179FBB37CA26E389A588A6B23A66665A6E1695709312FFD070EF0BB8388C876DDF33B615313A79AA29DD1602E1AFEC21E4E04B434519993D6D01E4A8194
J=-$396EB345F07E287B22EA8CE337A7AE5A6F072D846E4D79E67A0798B4AB0950E2ABE4FB7DAA59EB5782FDC4DC716DEB1A0B670060F44BD017663CB8A8343EA11175DB0951E9D7D44F924DDF34ED4D213F26A86A93EB6798AAD5477B9825E7C9F7DF04CD383147D2567171115DE0AB5E91965AE7EF7357EB4AD405A6201BD616279DB0806C4F77BDFC86086889F36189FAB882523F1E8789AA5135E676FF6100CA43CBDDB687A7A7C3564C0D25CFF226728D6C4AB8BB4F6D840A226CC751684FE4A057B47
T=0

[62]
S=$399F3CCC
W=-$2771F68507A4AD549BE7B5368B95E89A48BD3E9B0FAB9E64A4AF81E4C772E372F8589CCDED1B190DA8667F88A42502ED74BAD4D00EFC82D779896B80803590959687C4C49547C03FD599C5D802D727B293643372325C05C2B1227C38E55116F4
J=-$2BD864B4A1AFC0877409F3FAE8198A8675042DF7FF0BE00E927AC6839B67710D53E44A2764CCCA77DA3ABB0ADB64DE64957FED245A3767EA52200943E5AA71BB6B9DAB02BA9D4329963AEA65786C737410D267F3BB77B417A52C1BF78E1FDB0E9A918E1852B8E19FAACE71BC78CCC418FA524300E1447936FF9E1341CDF370DD07EF2525C9C057775FDF5A6D1968971E1DE2F9306DEC57B6ACA8FF631EC2CD575BDAB0B60794880ACBC0A7C03269B8FBF45BEB661029D54D8B4B7B39ACBD74
T=0

[63]
S=$3F2C856
W=$7A4A937E8D547429369DA0603F1D624FB11271AECDAC06356C9C53B4083EA022D0B14E1C9B413ACD337B340D970969385452AE1E46AE3E1EA2AC280B5D6165952668E8B1BD7ACB18845475772E4E9628CC9471F8C5CAD90F41254B99838
J=$FE412E385323C90383AE6D40C068BB0E7C0EA70FF180D35D6C95DCDAFEF0BE5E9588567E617CE68E9FFC9284BCBC672CE3E3C2E940E92AC03F0EBEAD362344E5444D3412F362DFE9C1F0BF2875860B0D1C330963B127FE5D876A4BE961D2BEF80E6466D87C57B80727E17AE94312A5BB0EA81708CDCB74BA3F65226577DCE995FE498A47CA1ADBF8BD8065D01078F591C22110FC44E75D83256340CA4E51000752DBB06BE26EB5A4B25F4B2FE8F6125D8D42E758A6F302F5A1AA2
T=0

[64]
S=$8AFD9
W=-$312559D435882410741C4227A7DD0F546478FFC0C582CB713962920408936E6FA9BB05BA57DDA33F07D5FADF8CC65E8B855FA790D6BC1DBAF4A984B26693A46F34B8D303CC325295AFD713EFA6AB638EEDCA050C2B3565E39D74F281D
J=-$EFA6616A6A3E0B4371CFDF49665E23A37A124575139BFE9AC8E25AD6C0DBA784561918DDE2E8398AFF592FD67C0C6898F1861C7ACE272F1CA99486CC74D24EBED2B3131B0F7444A869D50E8E18169463F561AEE5924DF4759403E50EE6670A826EFBB2F68144E8B880C08818A55C3B71B8566AEC433F9F4C7A8780B149F58FE052578E1D327743E42AF2CAEF2874425D6A43A1E69875BA3D274FBD2A6E8A5CC9AE87CFF09035DE7CB2FD6AC628C1FBC290B6D53689FFBD99
T=$1

[65]
S=$13D0CBD2
W=$8C068665764007035CDC7F1175180508FFC4794A2231CEF3907A29913CFB170D31EF3E574901A4B64624CF4FEF5AA597E0168833DC56936F441CB1ADFD7F91DC2179321634B15ADB03A168D02B7846DDD9E7756E1ABA0E31FB505C
J=$15A4E6D961B7640E17AA14CA456E4965B45EEFF30C3426719D3AA726C718FC077C7850D8BB8B9E486A7F90B01B81203EC413AD4BF9D0BAC54E887D18DEAFF3F364C3BDA605FCCC332C4804C919D5779E654813B18FA92FE790374AF3FEE74F6D5023EF98FE92613B7EE7DF0EE00C5D5E5162BD1D28A407CF78333F95D1653BB8FCF530A619C806A883EDC2DBE39D4C293F0406CA5BF8FCD8222FFF14C9F2CEC0B8FABE742B0146DA9EA5A45FCF70D423A61AEF3252F9
T=0

[66]
S=$496F054
W=$373A8193759E79AF4C64634C979719FFFA97BFED73FB72A10D7CE7837CA5E4D52B4B6EB829B0C4CAD1E0831CC61994AA5F2F77D7C4F091A9A5F7EFDA8C12429861F43F8ADB5A6569F392B7AC35332EE1E69B3CDC08CA332E9E2
J=$169F1DAC5A61877967CAA48E3A449E31C5528B34EF44F4DCAF890EA43E51E3B116044D2756B1A207748A4E95961241CE99F9A5909A25F51AB3A32C4786C185248A972C56AE9BEDD1FD9F4C177DCA4DADA9044ED1A5096F4EE63F7BC9064F2B84B036CAE741D6B3F4E96C501E2A5D9B5D2C6620A75D1C6FB4337A67819D9EDEA63B98D527535A9F18581903A93C3C6EFA42D516F13CEBEF4B1F00FFF080F6ECFAA083762CBB6FFEB64004BDC5EDFEB2FB463C1
T=0

[67]
S=$11E16C
W=-$16744B0457EC15D48B79943426966FFEF22ED59A7067D5D7B450A354E862DC9728C6E252AD9FA1584D1FC5AD93B5E08C3F493A0892B226660974FC53145E87D14B151DDE6D2BFF3946225B010EB368A5F083F72D66D37546
J=-$4643370C480AF66FF93EE75AFDA398BC0A6871681B67AB222EB3BBB3C7A64425715ADFB4BC08491722D7594911C36D450D403F0737D62D9C644AFA6F4383807004C52BF8F198337C4E1F41AADCC222B4A40E44D8248FA16B84443210425ED8C035CDB31FB85934C052099DF1CE97BF58D1F2B835B8636AFF53F035ACABD00D0CDC8CC408D0B93C63D81469B146A820AEEB8905A8E04AED3383D5AF4D67C0EBDAA6859BE9FCC8368797C15BC2794D58
T=0

[68]
S=$11F4F4B3
W=-$1799A82DFAB37118BBB9FD084F90957123F9A471E02E5E2E7F0B77BA4C155B09B950697880CC01DFDAF0B5D97F50E7D616798647735962298B048300D97E1979BE9F3B9F45B0A7807400F8AB6768691991B844DD8B193
J=$4BCB3820A9F420D3266C88FD17B4823DB7100FE0552D2944E3674CD082CB83C961DA36255938854BC38295AF57E35733A53A84A122D4802CA00750B7956B244A978F265820093F187044B28E1DD1D71B12EBFAC423042F138308D22EECFE69B39014CB307369120F0293D702D0681BE7B9D275C1D1731AAEAA80BBCC9AE0983BD4D474863D245CB4430670C98BC2FF128D3CFC150A288380127089C9A14744BF2E909AF8E173AD6E28F9CC6D4
T=0

[69]
S=$1E9A980
W=-$16FABE9B1B22644DD86934FC6F45579237025D035C607B8C5FF25C6268E380E23F525731AC7EBB7B5C1DA3C8FA65C52137A4BCAA570BB1C379ECA88CC87675F5ACEA097FEC0E059C5F56F8CA885FED59B199309004
J=$3260C7CFA97E2DAE26592FD6BCAE84CB00E7C200A6115DFA9981063540EFC2456FED2A7E87336A71B8252434B600CBA141ACEB622DA296538F0BAD938D59D87697B848084E60C4E1C8C141EEDBF9EBEF31BA9F246457A73BD0566DBEAA8FF42D3C119222A5484C11403DCB42E890EE1BBEF8ED60CDAEA8852F316DBB34C85FA0423D90D641ADBBFA20DD4F9441B5D9F4F231220F18398509FD994BCABB76F38D042E3667D6472A185D
T=$2

[70]
S=$29D153
W=$5E43D3721EE99EB1A553352E28D66095B458A86C9CD28C4113E9A51CE9963E965928BE55C067D06ACF9E50E9911D269CE18ABE273EF92478FB8AA37874BBE92A866BB91DE51BB6F323BE272AA31DD6A35D18B7
J=$AE247E6464FE438CC59521B3BC76FAD8A2EAAAEDD948E0B51BFF0DF3901B0CD08AE17E368CE88F09D4E8FC47B471DA3D2D89E84EC11AB56497D069827DF8A97745719F1147B1B97D93AFEE62F1EB39EEBB2F4BEFA033E096340B7983B6AE778230C66EC087141BFB572296DED581CA3FAD961F3993F1097C49116781039197DD67FE1BEB15026064A41307373290EE316306ECD2ACD05C09CB684BBA670A25AAADADC55F66E
T=$1

[71]
S=$211633EA
W=$A7E923FE47954A8EB1B4A0992E1E4E9C0DB28EE6116EBE20AC718D1EAFF2421124F3BADFBD69D84102A1DBDF25F027AF34C094DE49C2199249DFB04DECABBAF3339D17C940BFBAB9BF569BE33D45FD573E
J=$1FCB50EF70E5D3680E2549B9551264B70B3CE0FA34D88B67CDF44D54DE5E8A556F05AA39D193BF9660180C2BD0F49B22BBFEEBFF235A73ECD4C63087026C56D0FF5660E0F7FF3BB35627BE542E7C27B0A700AED05641C858926EC51BD930017B25E2C844C3E598252D7E4F4388B7D7B84CF332BB9D0541E5CAC94AE3CA16B5DBEA15B2438DF0C13DB48E2B6E88AB68B43C61A81162C0C6DD8A531EE1004230DC794F41
T=$1

[72]
S=$157E1915
W=$302DDF89BAAA56CBB85A55780A4951CFCD1DD5BEF984F12A0483592D90982A84EB9F137A97F3192EFFFA3008D62C4FF5F6EFCF96EF040A33B53A0E00382E8308288380166BBBC0EAE8F50EEB26A2D2AF
A=0
B=$3
T=$1

[73]
S=$3731CA
W=$182AFF300F0F35CE36AD0F814A9B80091ABE98537037E0C37A940F8CA7D6B8A80852751626E26D56B72A61BEEA286AF34064E24A386A9FFE4D72E5D641A282F0EF4169AEA0DD168A124B22CAC4C30
J=-$25200B9E5E7283BF513B0B39CE2CE47BF9B01095B7BB32AB94F0745982377F139CF6D6A9E0393C9D43C783AB00A7AC0F4D29F8C0C4AD79AAF4B505E3FC4EA72550BA54AF287918150970C2E7888230A14C1F1807940334E1086AC07A4DFA02EC78ECEEDD7D50C403903FCF05D3D542D6CEE80270AA70FDAFA6407BAC4BC12AB593BD7A5E3BFDB1C7B39C0CBCA3A07D5213EBDC53F5913F9D6A7FE22A
T=0

[74]
S=$525440
W=$304F34F99D9ADEDE24124FDC78D2C2951E3F9CDEC00F1B0363BA1D3C1FF28A4355DD561ECD88CDD1705A08902526C57A262711731396CD37C359AEAF30A0FA5B4659DD890893AEED45EE3E8D20
J=-$C4404ED66EF7B9337AF52019CBDD4FF2040A50F83857B5592BB02488865511715137AD607916E9324FA977BCDBC548FB43BBB3E3DC107E17628AE3F489F4EBB9D16996E9E6B4B82B0EEFEA5B06D804B86F5D44DBD955B87400C156D7DEA0A296A619586DE0D3DB2ADBB881751FE22CB75E28D03934D8E100445B601EA292699C4B9C5373384DC8BB8AEFBB9549A379B5B3B0BA762CF3A70301
T=$5

[75]
S=$1F35D96
W=-$22C59BA358BD6FF86B11F09B8D1A6CE030FC31326555CC202C9223DA7B71FCB1913488D449201D62AF880195A82F97CCDD279703856BF1C86E1598E618211E92A114EF2A19007F012574702
J=$1196B29FBA2791C8622D9A7F8039AEB5C696E73472A3B694A733EB65FB93AC964CA4C2DDF36E4D1C5A8775C989855F3D1CEBC932535C669D795BAAB5A0F490664019327F422AF787D057892FE007F8F067AAF921C44B1E791AE5E2B3CD0051DB2AA27E99A9E82A97BBB1BA358AAFB207C439820036FA877C0A758DC1DE53E74F4695DBD440805DBAEA73CBE0318DE9C1D03D30EB3937B
T=0

[76]
S=$124B100
W=-$411F2ABBCB211FC148CCD2668E74A3C5B7E3D6C041999DE725AD92B53F4F4A725AF28A01683367067F41592FF2F488E211EE44AEFCB68E31AA6BDAB872E90D9F10581A7839A96772D47E
J=$1522517CE83DF67C17A5A7B57EEAA6E49CA5181DCD0FEFE68538FB8FD743DD2C65F5A42A50B82F5D177B7BC4E91EEA7987F2C0F6988B0F754EFC741DDE082E861A11BD8027CF753934BEDD840E09EE923C412FDDDC4619081028FF7B96D0FC5BE774E729FB0B52998424BD28C1F22553D2D04361B6AEF59589ECB7A0B42EC89783BDEAD57D6147516E23D745F3EE89B1A84F85
T=$1

[77]
S=$D2C1B094F07
W=$12E35BAC306EF16E87773E31D0966FB83CC0E55FFA2BF752C501B7F95AC893259B5E390600026668648A2BBB20ABBA98FFE37EA2B099E46666F464F9508ED9B58E4C9ABCA1D424E71
A=-$D70
B=$12F5A
T=$2

[78]
S=$E43C16
W=$11FA29B7DA1F042873C5C93BF76C6709390620BA7A81EC1BF3D5E1C7767171DFC5F36B2B00448F89D6808E295E9DF1092C9AC21F7B6B5BB004CF4EC41365B155FA5063ECA9F2
J=$2685E667771C891053FF073D1A3815797E2AD945D14774A016C3A8D98251A7DD3E66DF88696A53F74D9676E78487904ECB112B7AE115CDCFEEBB3BC18F05A5AEC95C251A868BD50E363FFD7C899F3A7FA226F53EC82EC090D8E4A4C4258346D2111166A84D3BBDF23AB7E038C22FC8925A54DF8F79C4010669933FA4A0DDD1C11A889066349D03E06A57A4
T=$1

[79]
S=$14FB4A
W=-$143A3923C804BBD591B75BCAC58D5503CA4BC72378AFE52F7649B93CCA39D65C309FA0A813A43FD61FC76585EB41ABE9E71619DDD85CA7B6AA65FB7B35FF8A9818E924076
J=-$23A44976726301C4B26FC3AE039A60064A8D41566DB89AB15D8504B90CB56A9ABAC529BD5DEE1E4220DD256E1E6D29F46DFE3DF387DFB82A5D2D4D9D95AE01CFA2313F741B2DD7334068A96F33C953BFF2385EA68399D6ECEB5F0762BD1512B8569B1373CA4A176BED4A405DC09AB6577F37727179CFB804E2B256AB29EF91C91005C31EEC615D8C
T=0

[80]
S=$11F6E7
W=-$4092DA8555CBF27FFC62132B9799A61F9A56B8C48C5D796B5359CB5611A9F6DE50093F4187F93523B94FE5A84010761720B347070080F5614792E3AC7C5929A5DCE0C7
J=-$11F3D700DBA33575D71F46670F0D88040323A4B3780042C37AC2168CDC20CDE44F4763B7783566F3BB06E121562BEC0838513660C2DC35DCB512672ADF0D2547FBC2953114641D425F3135C2265D24413E3FEBA3AF1E6F932826FC02F359E948A5B273751E3EA9BCE1386813E77BCDF12806E6918AF7037A5D1E993120157469CF9FF625504
T=0

[81]
S=$11529BB5CC1
W=$EE661647F1687551D573B029E60CFB997CC5726226464A3F56E32FC5B999A675FD86D80773CF87092104827440B1E04CE2D619EC1E8EF665DDD7F3F600ACEFB94EF
J=$121EBC31BE240272C9DD787CAC4E2DC6C9AF58F78387C601E5C2DD2441320DE2B3403D9610F37BA991F5640EAEDC9339865D771A3C6A9A5D43E727BF469922B8D1FCAFA40E83462F183BF9EBF83ECBD7EEEBC3BCED1D106362DCBE6BBD6C70423998B8C969B6650E2E3087926A205ECFF2404352ADBC5955F4525E2FB4B03894AAA63A
T=$2

[82]
S=$FAE988D49
W=$C3E8D43660ABC7E201ACCEFBB4FC29700E36BA94D6E4F750F2F3DC937D1E26EE05439B9B866CFF8BA9376B3390BC5E5B003075A6D503E09DD547235139F71F
A=-$108
B=$69E
T=0

[83]
S=$410A4
W=$3C59E78A5C9EA865D971F3744544191D60251F4B0DAFD2D9930C8B93B554D899D4FF2BB45B00D698E91C19E7919A526A874C2F53765C1792A8E2854A34
J=-$507ABA3B8A5FEAC02355E5023621AB550E4E202F54E325EAA9830CA2CBDF0E526FA0FDE6FBB4A1D7A771970408E092722F01A08D399FA2656AC80E44E215ECCEE36D6F59CE444E73353AC748E8863457DCA62B819BFD30C9E02398A8A646C34A98FEE8BEABC4E300FC2FBD021CCCD4E6A2EAF28B1DC45C00A2
T=$3

[84]
S=$3415F9
W=$304C5065229B171EF95E9F35B5630479F4D8088B99873E7322D0535B8F649917F8D589B09006F21F9B1E0488C596D57411D166115B2BC119A69C2DD
J=-$197DBBF5B8B7AAE2F2A1378D633652E7B1F6DBA08C621417EE22155409C6B5BA842E3193BD0E1A1E091F355525FD1AAEA436E701D8E1A6E68E54351D6C5F954F6E79C855B3C3B2CFA980336AE8AB87840070317E3A4219B37B8D288939F78E8F2D3830DA21ECEC3869C2E5E34213692B1A820EE3EE3ECA
T=$1

[85]
S=$429A301
W=$22D15E855A93B2C02B4B8FD81AF9074930D5E1B38D04D242271C7CBA162BBEDEFF8A71059E7D5F2F0C803740F2C304909E61BDD88D81F3E77E6CF
A=-$84B750
B=$24C7B73A2
T=0

[86]
S=$4A723654
W=$B94BC4C09D1DE4A37BFF353E84FFB6F87F2267EC124ACEEE168CEB2C65EF5944E322A4DBF36D277EF4C60748B44D5AC9EFF9F2A235A525E1E
J=-$234C71894871E24981197C57D3879B59DFE3D112489B1AC14261B9F7C1FF73D4482DC2737583AB48611913818DE9E9B03FD5BA79CE720DDCBE6B015432F867F7F0FC0241940CEE564EB9D9A59F6DE8F6AFA3C44C98A9C3E123A9209C384B5419F5D7721F41A0CAA1764F5B4DFC40177699
T=$4

[87]
S=$63A4FE8
W=-$10328528B29A9D8DEB835CB713A7A139F578C6FD883ADD7FF72C67E5223ECDBEF45A1B84E1CE2055F9D73D54FE9FD19269D5B64B62077A
J=$191EBBE4B620B0430FD62A29EA42DE29B8BFCB170091DC4FF71FC5FE4F8E012FFE643965B68CAAC0893102597729222C894D0D468B9FAC829E6570BC7FD74915E59214E20670BC5B3D5A5989B91B4EEFBCD91F7F110FA3D29DA1CBE162DB24EEE3DE5F9966C34F9787458035087
T=$1

[88]
S=$1E39E344
W=-$DA7A29AA7FD3B214B0E3B5DA51CE59A8C01D225B7CCB179A52C19EAED448AF4F5790E852F018CBD2B334F9D2CF3DE1FBA82CEE1F2A
J=-$3A48CC50B1F52DB2C29555D4583CC015214D730874EB3A9ADBA9C6CBF2BE418A2DEE2C1263419244C32ED6C3A7180409090499B8D99505A9995E79FB9E6FD0D18E32A54D1D42C0F338EB9AAB2D339A050660F2B684AF0632D9739153305A4771AB7E5DC70B24B059E30
T=0

[89]
S=$BA187A
W=-$436BA092696B3B82B6E213CB6E4A29098BAE09B25DABA59A9A3D49B3D4B707EC973E14BA8D3AA1D8553502E2FFA0840E7B74F94
J=$A9A289AAF48D900CC9534F86FDDACBA83BAF1BE452EE42D7E61D74FCCB9BBC2494B5EDFB97C9EE093554DF03711F9D00E9B580A84C8177250D40A526D659169473977609830AA049E5C7F1C2C75D1494B1A8613E68D32C3E06DA749E9D2661D1C6CC674B53CA
T=$1

[90]
S=$551E578E
W=-$322C0673AB01DB6B3197A3734E7D7EBF26C2D2C8980613E2F8D4C0C417F8DA31F2037DE547AC2238CC4A774FD28C04BD54C2
J=-$2B2E394BFA0E3AB7AEDCD30E56296BDA17D6D1D9313EE6D1B8CC8C0A131E9A1C5D1C726A193A88291CA92D06638C76FF3BAE169AC3DFB7810E65610233498BBF749FC005119084B8736C277BC66685FD10F9DFF9CD30071E6477AABDCFD4EAF732B0376
T=0

[91]
S=$27BB950
W=$F9D5783C00A6EC3DBA6BCDCA9164B6E63511E3F1C09AED0E41D5A1284696B03935F8E2D9ABD241B7415E94362BECBE
A=-$108
B=$69E
T=$2

[92]
S=$1E6ADD
W=$4842892DDFD86E906DD5AF8D83EC3BB70A3A38889C2393912524EE3E69468D2D31EB7B2FA8606B9D9634E8AEC087
J=$3E42E117172878CDD2B74F0A1BE0E3F7553124EF7C75050CA9FDE614ABD422AD86645903B2A59954EA96A9D785E2D5FDDD62934F3E89CC616E0F6AFAA71171C08DD7B47E61E38267667E7515F92F56D0402A874888B40B77A5F3088E2
T=$3

[93]
S=$5469D7735AF0
W=$275AB2E2B8C12375AF6F57EFD9169E9ACE452A06245E7126386795CF29C72B433AE9BDAD438A8D307AFC6EA546
J=$248BF8D7D2ADA639D335042C618BF3F96B53E41933922AB33433E7EA20454AF11E52BE457CEF633C7A5BA42E612B7E2FE77C0954C3D71EB56C33409F1D7C447B7BE51C6EA5302F1B6E5F151545664486DA8F0549AE0A5B2CB992
T=$2

[94]
S=$118D72BF8
W=$19357A02314281AA0C4DC3746F1037D062AF0285CD37D1367A9F365E6D0D6ECEDFEF6B635B4ADFF6FE81C
J=-$5F06C34202BE2A702207BD2D7C17936608197299EF501A4EB29D5BB0C5FD0C9E4C627FFF187956707AC43C53B7986FCA29838B3834150C427CBCD885F8F229388CA5B0CC13C4633BE8A1296C9116640CD2647D27
T=0

[95]
S=$51D4E
Q=$2

[96]
S=$36C890
W=$C9ABBF27CD7006BFC1260E6ACCFA413B1B4D239E6A1F276B004F87C9EFD801A2B1CEC1A9095DC2
A=$1
B=0
T=$2

[97]
S=$288D29
W=-$10096307DC588F03D4DA8FCB011B96C3300AFD1A4AC99EB64B4AB05AE82A65A618051AA15C05
J=$545B5FBFF86E5B2CD05A95649694E3AA5AA58B5450E6F1E7F1B23B3B4C1296D746C21D1573DE2ED1D157817ACF12B10CA56BB1F3106397FAA7264EE5F43F7D56B1253A0784F4F46C1613A2
T=$1

[98]
S=$986118
W=-$3E022595A35428B9147F77079335A60A7F503E79F7196945A47BC63AC727A649DF98FEDC8
J=$1DA8F6EE4FD2E71991581C3663592D70A92D43FC421BB43F79C079A6F04BBBF38C63A3EEE8DAFAD6C26953BD98637E8D55372A7E84F193DD119976C7CC45F8C2AE8F17C5714EA253F
T=$1

[99]
S=$36993
W=$33F401285D748A88314B5FB51914DA726216EE80D10CFC84B5A9CB6BF05291F004F871
J=$64878A4EE61822AAC14B8DE466AE292C50CE456290CB2928D336C6FF065B3488DBB246A8C7636C063D22C8F0604BD63207F0A1FF46CEBC300C88304F2D551DC419B1801B86
T=$1

[100]
S=$15B58
Q=$B

[101]
S=$51745
W=-$2855CD2024A61E44745C92137057AF9DCE52E17CF2D41C9DB01588E4B7049A03A1
A=0
B=$1D
T=$2

[102]
S=$65CA4D0C
W=-$86E1E352B466BB6286F7C9F32607F2DEB3673165F231DE7DE30E3BE79409F5E
J=$D57B2F6536A50746BE651044154E75D5A4794CD2DCE7D0513E6F8C9A1B5BDE75BBEAF3F3FFDA41260F4B1755C4D6B9772128CC79B2BA62DC89C482C0D8FA7
T=$1

[103]
S=$46E540
W=$149BB2BE4D3AF8EC553AD36C0FFC8E5796468405E6964F9C372C3791E672
J=-$3277215EA2E5F99E8E3F392B3BAFBC9E40356EB1E2B6F8018609798FB9C4A0EAF187B6AE49FE926C70CF4BBF9B760D74B8300BB018FCBFBE15852F
T=0

[104]
S=$A631C4
W=-$350F2BC20A43A492BB6206B7B2E3B7052FAC31AE6DB4FE5AFAD370DD6
J=$DDF68D9C57C5A8BF3D1E1E44651867371B235AE3493692A092B23522083383BC5C2CC3A0219D20336BC0437926711C5429A6773917C34493
T=0

[105]
S=$168302
W=$1C71966192BC5143562CFD493B1097910BE232C0DF05BBE3F74BAE
J=$20642498E61D99AC54E064EC697155739394390722E52C402C63D1007286CD9BB59CEF5A3FC1D8813E6D44E4D86149BED3577B2D5A8
T=$1

[106]
S=$25AA4
W=$7BD7054533C467696B081EF9BDBF03A4A32E343679285A51BE6
J=-$1A644FFE5F700A9D1439FE05BE9D9E705047EB2F23B1B23069844EBDC157B1A78AD1B04CBC48E0B40AB75F82124538EF3ACAE7
T=0

[107]
S=$362FB0
W=$9AD2E499069A23B6438FFE0E3EC75433A72D156BA34B0750A
A=-$108
B=$69E
T=0

[108]
S=$8554A00A6
B=$2

[109]
S=$8F403
W=-$6A6144F0526678D68093021A3AD1C9497E32F97B25
J=$7C3FE06E0439F02B8088B081E8723AE4917B7F87A1FD6CAEA0FD8215B71C8FEF8B04B2FAE40C5E1376
T=$1

[110]
S=$1E012B0
W=-$2446B49FF98F4DDEBE85CAEFCC93308FF0DED8CA
J=-$56F09997E73925B24B01A2B676B44A8628332C41BF147E8A9015F12660C8084FEDBF23A3F0B4DA
T=$4

[111]
S=$44AD4
W=-$1C7A5F0C823543AC88074F47F6128D8ADE5CE
J=$470A06132A6F4D9B059E6AC68DE5A6E67BDEB7DB93D9452AED61489374D79E678E8FED27
T=0

[112]
S=$3170
B=$2

[113]
S=$298670
W=$1C162358C4E9D001717ED7F5F0E50786E
J=$40605118B58551FFF21F9DEFB57A7CF60A018059556C4D810E384E749A02F9A
T=0

[114]
S=$A35368A
W=-$4B9EB31835316C4BE7F207A2BBDD54
J=-$BBB06B4DFEC9639E2B2EB88B32E205305481C0F523E55E6913745A7048
T=0

[115]
S=$32869360
W=-$FAFB058898AD9F29213011B9A0
A=-$23
B=$62
T=0

[116]
S=$174E7
W=$354FBB3A6478D652344E213
J=$122585080B26B8AFEAFF8874E8DB72B1D175FEF6EF0CB
T=0

[117]
S=$25DE43A3103
W=$19970B84AA2E4E9CC7705
A=-$7328
B=$1DBA42
T=$2

[118]
S=$32C2437F49F
W=$15C9C5750F3BC003
A=0
B=$7
T=$1

[119]
S=$6151F3996A
W=$E4D72C6AE8
A=-$15DAB00D693F8E2B8083
B=0
T=$3

[Signature]
1=$F4CC7B3DEDF14E4D655B1EC8010F7E99A77386592701C213
2=$292E17EC060BE933316A410776765AE35E0D2CF4126F7C84

