[PRIMO - Primality Certificate]
Version=4.3.3 - LX64
WebSite=https://www.ellipsa.eu/
Format=4
ID=B497703821324
Created=Mar-28-2026 04:26:24 PM
TestCount=111
Status=Candidate certified prime

[Comments]
Put here any comment...

[Running Times (Wall-Clock)]
1stPhase=44.29s
2ndPhase=10.38s
Total=54.67s

[Running Times (Processes)]
1stPhase=275s
2ndPhase=70s
Total=346s

[Candidate]
File=/home/lappie/Primo_Batch_Farm/Titan_Group3_Prime2.in
Expression=(4797791281524132682078)^47-(4797791281524132682078-1)^47
N=$616BE0CA7D163D1BF396593C86CA07CA817D05C50C0394C2AD2020E471FA346F3A7006800A0E9E3C98F723F6F3F8543D2205810A7E28B326D40535108614F2E8AB8C5BA44039435F3291DDFD54EECE48AAE74DAAEC4358DCC8A1F2C007FD76E007CD0F2DF6FCAD8FDBA713BFCDED65D8A3BAD58BE729198348FF19312C1A9A461C6DCED1D2E294E84E9253D2E2D48CF9810465A7B6FFDFC1457AC73AE4F2B4835CCA22076A8634A419248ADF9AA36624D8B20EE909461C8E404D756DE8B4E6A9C54CC21D270AE9219B4918F2B6BBEB39C9561A026B6F6DD57CFC6389AE547A59AB6EE948A4B56B37351CA27CDB26B609FEB1DB9E1369E4E1157AC996B25EC68D6D484274A43617B3B3815A0CC0AD4846E715AC450C80B1C038DFEA4BD9D930FA0068BC8797402D18E03E4674310F5A346A8E192EF95BA9AECC517E643E209801DE62D8BB3D47352BBAA0B74AC9498AE4F27CABB5481CE83B58A2BE167DED074F22013C2DF7BA70B54BC56C9F70AAEB0604DB586BBF65FA88728F598CA40A55E299288D2CA590F63E91CE8BD69819ECF34BC386DB53243B83D833224B86FA4B
HexadecimalSize=830
DecimalSize=1000
BinarySize=3319

[1]
S=$1188403FBB34
W=-$110B939674CB94945804A7CBFDAE283DCF366243978C5BF6A897BCD36AA59317FD4834ABE310953F1C6141F83AEA3264D274B7D844FEC8133D26AB30779B9E17CB7FCA6B0A4C55AF5C68DFA93196EF00F89C6E0ED1566F9AAD562DFC17289460EACE3676A317D0F315DC52F33CE28997AA6552315AFE3687A54EE612699937F5074B9A7454DEA3A4221606A4B41306E7395394F27A2A94701A85DD81A8399B00C631BD74686052B386025504EB58DE27141E3BCD974632E4F32FEA72429A58A9270D7C7E53E3613ECB56026E8D7255B8
J=-$E684E0F585B79F6AF35BA1CDDB8FCA5DF09CB7DA5F7E7F4932473781A20C0E80974151006BA2122E26A57883B29C1BF83BB76F1AF70961A6B619D54DA8BE999F6671638B717AA865140CED4A495372A213DBC57C44673A63E8730A29EBD03AEB20845D9E1AD82D56DF0182260060F56413BE8BEEB6F1D5C29D4FA790162C9BC922B58D12BEA299C5524BA2201589EB1CD511CF9492877B0ABAC1439ADAC06EACE449D2DD004BB22E0B4D6DE3B6785E6E251EEBAB4FABA8975AAFABD91AEFA39847FD3C3D4F1AF2BB6D9D76378A20E53B8E6B1124D7A5A8004D679425A1C5C5FAF3B8E2216C0604A0D7E4EAAF1970CC257F063BF67AC2581E978208CA0DBE3F78C7ED004950486E5E83B42F490A4FBFD66A243F8066F7231681F35011685AA433FD06D483649ACE5BF4E593F5142914C0BFACDD8E94E991483D142A4BB05BAF82EFEF1748CE2867562DFD3B19A3AEF18EC38EC544437AC8713DFD4ADFA7F4F481A818563E91C4B85A8E7C4BF0286880BC02D1C106FE9B3FDB53FA988A5B74738636A2257444411C66DD3C966DD7B7832EFA49C20FEADBBB0C982F801BF3440
T=0

[2]
S=$2236EFF530D
W=-$29FA1C0142CD9AD97E519AEC1C20CAF8B99E48B80D6EB5539471BE5C355BCE1C421D68BCCBAAE954CBAB9798E3F4902D1A1E5DD6B1BC475C9CAADEA40A41F2497F4F17F09A52006D1E3431963D46243E001E91FA16686D5CA665AD12F2AB0D988B976DC897574EDC83F6735DEBC2BF4037E58B768ED1E06EA77CAA3CEC1E6FBBD6BAC7D6FC938A9963329B7BC2E913556C7A24E609297565C0CCC1E5905462FEB99AB618950E55CCA8F1854013538C1DD6B7EE625CAD428BDF4D5E6D4D9C6C9B0216CB1F9561D89E00F45E4A25
J=-$D9D416C5BF8930E88632CA987BBEB11EC5E1A296F0E1C7D7EF0C24A33DB5904C9E751A4803D2D76CDEAF73FF13596676C7F51A948A51EBD750850A1A8489AB41AE69B40FC2CF00BFEDD92253F49AD4D1137B80FBE4D3CB0F6D61B6C2CBC48C02B45768BA590A0169812C10E126CB03B22057E985E9785528461D834A11F6AF593843A7174C626459314CE3393BC3788E6727AD43FCDAE48A946D02EE37252777CFB57CF923D6A81F47A5C0918D4E2E94B90124BB9016D0F55CE1BB975ACB41BFD13B70371424BE1D030C280B31C6E43D553C0933A980FB34BF411F5B3A15E718FB49CDDAA97DE7D5CE4B80D476022A2EA870E5D5A11E88A918AAAA66D42BAFA8DD397ACCF1F38D09DCABBD7A69C97D02EEB318DC2269A96669A21CF27F05ED4A2232A2B9E869F40796A7A57649685E5896E7BFA4F1AAA4AE3959C8D414E979DC87E06A55B821FAF2E4EFA9BD71E0F986DDF08A1EDF94F8D67DC38CE924422A9D3B8D0C1A125D4273F66D2F81FB94D511AA1B0051470AD9C8271CFE2754092B15677E7380AE6B1F4907F63621FA9B5B53F692429AE2F0C779CC
T=0

[3]
S=$146B9DB03
W=-$20F8F2CA59B7EE090504A731DA04AF0B10A488F6BC3183E42335E37897A84CA04289D786163D9D864A583FC039FEA401D8367331BF5C247FDA263CD1F57E834D0D654789638C0B884BA8AD35105FC6B94BDD061CCA7EE1A3A8348637F54C852F2ED909A6BEECAD3C19D8F59FEDEF01AE53CE27E2F42C02AC561656BAC1B65DA80C24A713F2E18E21B15E96CEEB9526A50D598A6693AC56E7BB280B0C5D6BFA980622245DB7605E4DAA22DC7BA34257BCA031B0D520FCC776B6F6535955C62A66078C30C4AED5973A3400F
J=-$AD2FC51D15B93B6695ADE4DAF2BD7D89DEAFA91887B914938080838F7BB721DAB602744485A01B2E4A941E53C8CCCF201F3924BDB16BFD74EFEB8DC57F07D5E842A654D33FE9E993A630AA8FB8BA14B5F6702A52943475F60DE187353EEFE5559C2065F31C7CAEE498B5B96ECCA4B9A5B5698551C67FA1FADCAA81825AF181B4BA5D531D6765AA88ECC2926FD6266BDDDA811FCCCA4A176EFD4AF7CF06F79F0F2DD7567446511F145A2CDAFE6324684E629C4AADEF3376954C5F55C311CED20DEE1360EF0E16F0CDA9FDCC7C7DC906D14584A895E78A8B53AC638447669B359CE1A156C8523877B0FE7B29E436423E42B4458EFEA5E9C199D3D5A52EA778FCDD48060C9E4017630029DB2FC3AA3ABB1C1C8255F014D373A9768C86B282BF6821F99AE1C2B4B24F6A309C4FBE8F468C25220D3D4C1EF864CE2B12A312704102D326B2C3CA4D96E387D561918DF1813F19ED00ABB597A81B7C78D6752B199E7390A2C5AA5B24AFF580FDF10BACD20CC17D30F820E795E89ABF90B5523AA0A82C693628F46B249595979A8E4F7CD9BC61CAFDB0444A
T=0

[4]
S=$DBD76
Q=$6

[5]
S=$296324157
W=$B29F3E3C1DC41A7B2AA73A6CF63382CF9DA83AF57E370B488ED6FBD960A171194F62676EE0C4EF20910799053DB4698EE4A35A995A89F8069D9DD00D9220621A57BBB19AEB63FCFA54C78C05E4DA4F628D2588871F1ECDC181AB8638A78FF6CF7B5107E8A058FCD84ED37FA00386875A412C0934E9A1EB1066153EC7946F7873A09349122A93A5FEB8E1904182B73D5EB39B1E9E52A5E5204231C615B4515B141B77AF7780C9B3D9118286CDDA1F9E4C12A5AE4658626EC5FA5DCD72A166672557155057AEFFF3
J=$12B71539D81BC7B71B47E6AEB4B31B3DC0F88F0B237242849E33B6ED47DC13EAAA256EAF2A9DD1C6B829D9B509311C78359EAAA5FD9AD68E69E5BEF446DF3D7C9DE6696F0350D7D8D28DF54A10690F73BC19E007AD309B432DF4C5E63BF78A3DCF4B2F9A217BEC985C8B42830C413DA6A04231B227C6D721A3754F1B07416563B16399EEFBC9061C2C88CA3576850BC5BEE07FFDB470F3F7FD2121D606ED1DF2E5ECC0EB7D6CFAA567B429F2920F20C2FCD2197AC9F3C73D80770B88D2610B874E280FB955FFAD2959777C040A6BD9588CCCD399E41F67EDD4DC0E70C1A418F286E5BD39FAB095825B883E706CCB589B7FBEF30E31F3018E0F0383F8CABEB5C8C14F319B5178E5457F73B4D531E6715BA11094B6762788F7F757FA908B07832CAFE752524F139A7A7162A3EB74F005E721545A37C9EBD4D3C7301655B7692432DEA3E0348E9E698B245F9219BA27F71359DB7CB8553F874C3EE655275F4D1CFD8A0766194F83E60B96A3F14F110E5E6E22EDF16B0310D8AD2333B70D57FCFD5630A676085A55D38A74E30ABC0A47
T=$1

[6]
S=$18249C483FFCE9F
W=$1CBF1E658781D98C6228768094A184A957A4DBCCA097A952224BFBC50D3C886D47A2F0C1B76140D34E25E6718261122B845E97862C464AE5CED28FF4B359C11C150560AAB8EDB0BC70DDC526EA596DC8CE647D147E13D59039EA107576E8C251DD1DAB25FF5CB239056158DD8E25141FB11B6DD0D3E7B1BDB47F26EC4770124443FE34C1D205611F51B70458C495FC5BEFEACEED36F5745B8FF34E7ADE246ED9D863ABC589AB37DF720A7C4F0109D0DDFABAD257BAA7B26503C33E3B053CF7CA4D8CFF3F11
J=-$604AD384B49CC3A6CE6CD91C52A3A24ACCF4B364BB609ED50BC4473A6797466B5C372D9D956BCA131C43BEADC62C442DDA2F37A4627BB733F37E9296F8DA16CD152166BD0FAD9E3217AB8E7DC10D7E4158CC0574214EFFC4845254EC66C33C6052C60E639FDC85269C621B0AFCCD79CFA9CE1808C55438297B4B855145A0AB4749B341FDC9698F1257D2CD24E52982A7B6A324701CF5652E5479C5FD295E86992E1974759B083104B7CFB6D0D73A14820B2C3AD0F44BFABB89E21A6112B2847C5A6A5E7BA7365EEEC3BDD314D752FAE1837D1DF3C2325A79A260B14847E0231F780F87612E913FCA46A4BF80BDAC405CD54D15AD67530CE2681CC6AA40C2F9C8E65DBC72048CBB9BF1A16812DF4129BB548C9741BE4EB689CF5ECAF5BC08907E2BA952B414E227343AC23D5023ADEB1F030F8D739EE11F02E5CBB7FB2D94A4AEEC8AD4F2BBADD59944B3C5DB5B0F28306A0A018445F9A771EEC0806E107FE13314809A5ADDD105B4C48101C6FDA4B6839E39F8A5ECD7EF62A0C014B1B360203A8EA511D077F84371AD
T=$2

[7]
S=$21F54334A
W=-$343113B014DA8326CEA631AD208D8993D7AB791C89CC9158840BE14796D70875EA327B3C09D0989280FD274645564FCFFC8F2FF18AF68A45E1646ACD0CB71BD8C32BCA14D2FC6AC24474D4EDCD80825AAF3676715B3540306DA245BB6D64ED62343A0E6B494F5E492B06B6B130BB3D1EC00EC81E7E32BFFFB23AA3C78EA90BEF3BB4EF1E53C664D28845A4725B5073BB1F23424DED6F284A6BECF7119FE2F7447D14EB5866FB281100BF578D000ABEAD0E3F6E72F4F74FB1C7C41054EE0CBDA80BA
J=$48D63D6B2C5BCE1EBFD401FEFB26B806AE52955E440CA8AB8EA873543DAA7F44E6AA3E10AEAB725F3BF85590702C33132FFC6088F8B6BEBC5FF099F2AADCBC5AE3FD336E36F347D87D302AF2F121A128AB64F1C8D2C9A2AB9B6EABE49554682666A6A8A89B6849C2E6F36AA86ECFC73AE2E2C8F0EE09D6B9C71E7DDB556BA35B67B57E372C17B5C482CB8AA1F824338AD569D091B1540DFADEE29905A7556754EF4FC6167E019A5B6CC53FC3ED7046C08B981684443845FCE1FE1F3592F320E7985D01C5F14F3AF818E8466289EAB0DAE310B2E5A17B8FF5E12BB1F9A76AC582F7E95D2CACABA8914C4830268C526AE0EBCF092255D1C6603A42585D04C67527F91E568F239114437497DABB356346B84EE4ED82E852B7812D87B176527B665535DE7D4700448FFC29DE918C5835B9EFDE5A5030DDD9DCCC5A88E92268E0839068D2D078811F637CA8B75CE991D3DA919BABA5ABECA1378EACEF82807180FA0037233BF9B7836E84DBC4BF01B3513D9C18B15F924F4B7248012A13BCC05BDC63DBEED
T=$1

[8]
S=$3399C16
W=$39F79604F322C67F0897F3B2871BFDDA2510B77B292A8CD9DF157DE4385A2BA3D56B2B9624F8ADF7D2C6A38178CCC20789F229FD70F19B1AE0E365460EBEFB9F1FA1763E0F86B0838C06644C96AD92F4F0B93ECA20421D5BB7FD987D0AB361DA283C9728DDCFE3446649EAA2D80410B0E4FB95F8D9DA18A34A36E8B922F0C21E8BDBD43136E5A1FE90EF42E2364DF1FDC01B9F3F815DB811845161D2408535A6531FA6917E64F7FE768B163CA126033A35D4395B5DDBEB78F0CB35B58B3DC7A
J=-$13FC46F42B0591895C96806CDC17074B9A0000846D2ABA96945723168283AE0F27C4068401AE7238F980189B0C2D403F36C6FCA6F02AC1BA9F73AD6CF976FA93BDCFDB9599407958C3C356CE8B4E14859FD16FFAD20CE8BABFB818D83A3983DE2C36098FAE2B0010500DEF7F05DDDB4E9AAE390D651B85FDE1869DF5D9D9DA8AF8965240EDA4DB49175AC0AECBF03135D079C380ACB936D415EF3A55ABB8ED2161AABE0C0B4CC971D42CC82A71E918649E893684563F60469B3B0EB63D9AD627BDCF6EBC90F16E90E18264D7C12D721C4D1BD068AE187C36939CF4F9FD3BC46DDC3DABE0961943F1D46D3E564400C0085E2350CBFB4761C9BD3A1F6A6D7E9A12019EB464561587589700BB0F74EAB0C85EF5DC3001CA15A7216FB25DE20B7E573BF7033379BF52CD7F21025A370DFF862257A7E1F4F98D721173AFF61EDBBB7C1731797A504C85F1500C8098C91FF9B8691EEF414B9486D3465450BC7922031D0CA027E104CE568EE4E67022D005A306A8E58981D8F054E019465D9CF126A
T=0

[9]
S=$2C3B856A4
W=$2482D18EEBD65F5EE01BA47A6E2A53831C74FF37751EDA49298067D05406CE9F3574137EBF93AB9EDF2087A1F8396E2E395FA1FC57A5370FFD4A8E3DC652196210D25EE8491E8C947A11D047A390DB1392D8D4AD267F2D7BAA77A4CEA26C9C20EAFC343274F808CBA6E2AB7432633284C97E58D973C731B67CF30B8B23CC5626F7B87E3D754E4992292A8143015621CC23B4394F6706A8061CD42AAC66ADF1C93DCF2DC8BB4A73EDB85BBD38E0700872A574C14C1FF038052362FA73DAEA
J=-$380656F9C36E3E6E19E920AE52DFE99D21BDAFF303FC02DEA52067A1D85005B9EAA41756873DF8295B6CEB072DE68F3BE98A9FE23C7717C6555880A02245D7DE9ECFAABCD65F9FDD4ADF7F39285D4F91251484A4EF0121CEBC92DFEB9C83DEBCB81C7BF741CB634CD49F0810033F0CC83174AEFFE29D9E62A9B78C88AF2FD9BD1550C94105A60C557593CC94BFD15159A1E9F31D7C3993F6CF9642051E75C6F512ACE57A12AACCE0D1354545D49365DD944573730856F73884037F3AC643407349CF55473E2C414F6F8F85ED31D03054CBB849B8E605C688E2B1F10BAFC1E661E2AB713D6E9A8D2F6FE30F0153ED64C98AF9617BE60FC3A13BD9EC083ECB7BA6D4156FD873BB6128054C5529EBB6E3275885439102DF42324E18A5DC1DED34D3A13F01A9DE8400B88FE344E729BE5A955EFC5CF6C5DF556559AF6ADED59D59113EFF584A660749861242BC66314D3B3BD268DC62CBCC932F8CC4DA92AC33D257B64A57FF882D5E675DAEF3F6A83317DA869B81E52987CE526CD32F
T=0

[10]
S=$130E7B34E5C
W=$7ECC66D0D5030CF1E45D05FF1D007D6DB7A686A37CEEEA5C6AE876B23FBA209BA46A21CAA91A54398F9079068C116FC30E14416F269FDFB9889240B091AFD0BCC76C9245C25688513587A8BE62DF356892036CCC3F76AA5B49E57FBB2EB9452D9D4E6561CB18DA82DF194B04E4A5CFF429A2FAF277C38A1D413CA445022C059DBCDF40D5DD93834AE7245B578FA0D21820147F70A815CDB18B5DB5CF03B62F676DBE6904625A4D3EF4054F568ABCB1657684CCA5F53CD5856D4065E
J=-$1504FCDC3C1D075BAA10CD43A5F5DE9DF1201E02398C10B0AB06CC15D1D321DBB770B4BF45FFD44CAEBAEF11B21A9B68EFAE5B3EB8BEB3C896D6AF07B2EC59EB8DF6CBFF6A72D38037C46134173F8302FCDA6EB4ADC1BD4860B3F48BCD0FCBCCE3918995FD8CBEFE7C44543D75EDF0E6E0D247443CC746DAD25AB0274FEBC6F9139517ACE0B3D556861E5B89DBD5834718F52DDD0B7CF162090D352CE1E5876C8158C66C520AF8BD124B8AF640616A09474EBE557B40D487F9767FE162596F9A7836C3202AC56787FB91521DE2211F70B301AB00A7A2275727BEB46D45ED96D5D2AF5135F8E3AFEE59C467D82EADF013019E804BDEB414908E9920A16262E12EE7AA96231E594EE4D0E480D3D4818A2EFCB231BD9DC5A86BACA21C13B1593DD66474BB1F8684334082BE638B2EA9E8B33A9F0F246E07E92FA4DA4383298BFB33BDD20BA18E45CDC9380B8B7A7148CCDF928C190786D3E934DB46D230E2C5DE6EC807AC3395E2109ABBAD013082F9F2789DCC75206CB091
T=$1

[11]
S=$62FBD082E212
W=-$39F0CBBC5680E9EB27E2CEF158D4E7C5CF240D77E4ADC5AEE4A31F3015FBB8011B0179FCAD2DF146F3CB506F151EF5108A10072DD40B1335679BBC7F958DDDB44EAC57ACAC9B7D6276E666F57B363A051701F25E91CFE746C8F7BFBD8B127B2F4553DA75B72699F748AC57BCB851D4F82B772CD98AF6B932A035EF6BB1C65CA28FCEF4E20267AAE5418EDCC2151A3227F805D317F9B2A79C921D2C87CC1663FA87AE82CBEFB5DA19092A3618B002712A0BA6926B204CA96C6E
J=$2AF35C3D57136BFBDC0FDB589C5EDABA76E075AD05E8FC6A50B51665B55D240AA92ACE72C0610C57A108891B120483B50A4CBA12937CACA0036DCF3714D99DB2BC47F63B5B40476AFC41EC40034072EBD74287CD69851413FA3F0D2D2C82DFD7D88B5BAAA4027E157035ACA223C2759800C1FCD81B2F860E206F4AC418C68FE6103AAAF56740673AF3693ED1DCA7C77D9307021361ACBCFF291E63FF45F56B9D69BE98905B309D72CAF35063A6B0B9168DAF942646577E3E00176395DB9F4BD56CE08959B96D25B9FFD7C1EC18926C768206BF94A9C0C2842128188D0337642E50599782214164DB35BEA2A85A2838C731DC75EEEBFD872689E6C86BDF285D5FA2EED6DB14AF152E31784CDCDB2957316FD6C5E9D35A9C95FCC40807E547BA2AAF9427508C8B821DD7510961ED15958164CB17E6A7D6E54E99624C96184556D32CE2FB547C9ECDC7C9020B76C860F46A7A9A4467E72E892BBCDA17AAFAFC0BC4FD35D72D6DE5A9E9A8C839E17EF34E1B1AAC
T=$4

[12]
S=$C6C5E2
W=$25875D01B166867EB011E5CBB1964F25FB5D9C79EED593091820E4271BC06E7E748A7C23B89C96B3653C814758CD5B3B84D0BED14DA3F237816D9D1419F6BC0ED61556BA6C37F8D2E090414C667A1D4EC8EB7BF8FA3FF2043413D80526ACCC9C31A2A8738D6D69F244E3BE37D8A9AF551752A9E07BE8CB6E6A261825CD58C3CBC9FD200A7D2047E2A23921FD74A54037FCC9180726F0404D783902D0739A8D618CD5F27FF816A2FA0FA0B0D6A4E320D1A16CFB41B55A
J=-$5A487A94B744DAE0C409BAAEB05F32BA43066D64018F67E893F7F9F46C8E47496043D34BC481B3891C456C407A351F357D5604D609962D5FEC0138D4622D20F726E91A6D21DC25E9FEBBD91344445BEB1EF73A557D26C10DF24FF3ABB44E4855D7BE08EF417FA360056E9F1E72539E01C25DC8426ABE511A117F1544C8A1CB814634615CA3FBD6130763226CF20D3BA9E93B9658750DAAD7FEF7D81CA6588506168CE6D6C26805C36DCC35347E925F5360AC6C9AB4976DAC84B0B9CFDC8FC92A381FE3CAA57D93A0AE54B9F56AC54198C0F5BD9D37DF6C53DDBDB7C9D0B96F88DB72E2970A80004582B1EEE36C68DF0B2B4E278C5F4E39492DCB9D4360E9FADB7A0DA893C7F3820E5FA2F09CEBE3DC8ACB8A026CC7C6CBF98A57F62D20F935456B1775011884324505EDF7442C791CAB4B1259B9EEDA9C39721F89C3F596DD2C4C16165DCA33649AB51176BAADDBBA90C4E2A9B5A0355EC2DEB829C1038A332E8666303EF4227B9BC466DFA4
T=$1

[13]
S=$329582D0
W=-$24E1E29903F4BCD7B97CF8C5620A98B58553F3DBD1D1F92260C97B89902EA95F2B4F8B01F5F308FEFE13161345505DCCB35321F6B1DBD68CEE5141A135224D5138C3BE4725E92AE51829B04EFB90E51A65E741BD3E96E159A2B31D77D5A2ED992D6C3E7BEDDCE74796B0F2B466098C766601170136D6546F05DD2B377C9C0886E2345B80998849080376FEDC1F81E72DB6DC49998BBF7578E80A65EC67160BD951A7082551D21C865DEFAC956FB47377EE2B37EB56
J=-$26AA5C828AE4235939A144EF6E338DA788282FFD69C5C6B09D72EAB35396FFC66E5507364DF2A7CB9544C019B36776AEF6D38616F78CDA58CB6E283A5F1397DE21434275579F7D3AFC5B8DE29D088447337CE0C90C102ED6B917CABC936103CDB91CDA3B0E3D669827D29A61A8178D5E592B806934770CC2A86C53982BA7294B20CB74B20335FEEDE1504C9A737D4B6417E374D0AC97363237E390A6522969BDE2985C683A9E606E5692F15036A3528325B79AEC0C3503C27FFCA359C02BC5980F4A748C06B340CCC7AF17BD10392D271911C82A2022F57C9E11877C400E3653E942CB20D74BE74A794F0524B1F062D4FBF76F405126095C2CE3EA071EBBE49F527FAB5AD254DEEF2DB50A9C2EF5A23CEC0DDB3B564691D07FA9728A2628928BD02FA0A136C3188C75F81F85DD40134A02990CE6F3F109335089F369E62CF568C81B46A9C46109A98B45F267A59061FC084F82621025395420E5BF35DF3AEF6933D49A5E4308DDCB16
T=$1

[14]
S=$207FF24
W=$55AE8255D95F926DEA761BE04EA6C03D047343BF05095F9BF832A39C0F51E978D5EA918E06C76DE93A383AF6FF2A593DE5A3A8892539FA44FFC12E756CF976A43202C7DD31269B3911D1EB04BBB34442EC883998A090BC983109647C2B22EA1F6B1B8DE12BEFB491EB1B59D4F4CCEBEFBF0CCB720AE6426341DE31F37F331B0E0835D8FC21A588F9C078F91807CA574F1207A382908BEA2D73A758467971B0C3D3E3AD6280587EBD7390FE385D6FF6D326AC52
J=$1506D9DEBE1D1A14158DD9DDA13AAAD6AF151FF0211E4B96C45B7B7DC56FC5CE3E041BF61C8517D137D6270E82FE46E00CFB26B90E26AD7BAD5254040A14CC78EA9BC23EA867F69922100C77D6ACF4C906BD64B671A5E57C981E092137CB4105281841BA31F885F8DD9695496200920050766554A0173FA3B8C2666034BF92FB055C9FC7314979AD34E00B314377E234A81F68A66BDE160F0CD687E7225FEAD552EF18BA4381611B9CEBFED83276467423802B26D4E7F20614566F57CC1B236F61300252C39E68F2E878685351648A131DE6D7FAD4045CE6CCBB3DE889BCD0802C6781FE7A4B85A50CF9EF7148C5CECE922308C0FF86569469D8A875BB4860556AE1EEE97F112CF78CCE84731EAA87308F3CC67318FF027ADFDF064CA48BB04DD4332588004A9C59DE798EA2DA96755E8081E33026906D6A95949CA5288FD5B538671D5CE499E0FCD025CBA400B93D6ED19E591A3F7B112C011C7AF467318133AC742B8716B
T=0

[15]
S=$264898C80AA
W=$FDE2C65B3E4DCD4CF3F6AAC77E72BBFFB1394D851977BA9288487C2740FF11D1597BBBB5A2C76AFBD6E064FD9FE4C0EEF252264B483481A0647313C319E70F8932A72C873B651244E700838011CCE61E5911B060F0320D0B3306D4162F838C3E7D544463CA55C636FD12DD4C4FC6680C92CF169B4E1161B0C828187EA7B968FF674CA79748633506BC4DF520196F38428ECA626FCE86900A39243A318A85BEC121660ADBF8054563743B8F6A058AA0D7F6
J=$1C97A9BA2C76571A2B079E961D16F555844538DD1D035117B899A4C358F609D00B68582113F350C30E870D67D4315C54DCBA01F72AD332B2D0559934FD8E54527B0127B189AC02ECB894ACEA5FD70D229A8743BD0007FC2EB3C7BE8B308E09652FD8C31C0375CDB3D40F2D1A922DC279BC9FBDE98CC8F8C8BF2D8E951CCD6ECCB627AC55F04E883B20347D5CCC06713A088036DFD6EF06CEE720A78E1F8F3B9EF45E5AD630CA75F97795D815A1C6E517021C3C822AE63E38021D6A4EE558DA8904473DB314E258837A9C4D40C30943B2EEC5F349ADEEEAC1718ACF1483A8E01607C19102457254A6FEF64539B225DB6143CA1263C362174022494D41F9857C3154C0B97FB9122AAA445D0299EC800EC345D53ACF7478049014EBD60B5D00EF17EA4AA83214B5399FAF9D49CCE7693338F318C1037B690CAED40C959539BB3CF399D19547CA3241EA22377439F3B89A44EB2B0D8B759085E15A8EAF98AECCFFB05E804
T=0

[16]
S=$EB2AC
W=$F1996D32C20FD81DF8FEAB28B5A0590CB5C99CC286AEB4AE43F9F2F1EC40FFE620B8A4297F9231A17C707311B2E7274EBB7EAF08ECE563D4D4A37B1839C96C258BBAC4FC11D9371636141079030E93AA99E0F20690AF0F7B4285ABC3EDB6E0E5D880269DF08BF76820D90FE0CB4F58A30772919691D268AA5FCB910377F6F3FC1F60DE8F14259634F7485E1D58234358D7570EB616198AD5625586F6582642803EDEF7B3729206771A46CDEEC41FC
J=-$537F7A376D4DA456C56E492F738755E02DC1C2E82868D44E2388152F559EB32CBC7B403CD3DAFE70D6CF6487A4E45751F492B317D06F80095543B8CBEEC67A6748950DF62AACECFE5C77450C7BABBAD57B80AEC65942DE281CA38795157D0CA6D0CB889BC4FC98EE3981862B53EF7A31B39AFF9E6378CC7D307D0F9BD9E730F2B16F5343E1FFD2E11B44AFC59AF4F43359547C5AE820AC6BCF1F8DA98E762758986845BA2CC3C36E6F2F96C37CDABE9E7BC3C26BB8DFB14496EEDAEF0E6B03DF1CCE8FBA106BEE545AA2B70E1532A0EFF9F1E7BD1B3B49ADEBD3204E91B386232925E33F1C4EB0967A69AE810156DA3627149A74FF54F97FD39C823CE91D9481EC0F568565C51D640F23B4E437D6C422F25C865010D666099CC3C3A3096FB060E0385A26506E10F6AD3D569B5F7266C50DBAE6D3006DC74CE9C3BF9FE106A440F6C82F2711072E6CDA5DA49088BF89AA7917AD137D5888E7BA9B925FBA
T=$1

[17]
S=$A36CD00
W=$46B690FAC522CBA2E0074B5FE2D748AA20F095CECBC16E72D39D459EE7FAFDB8277749C206E25CA97A11A6AB4A779A56EF0F92EAC4808E546C2F676100AEA313295A8AD468B3EE248E9164AB3FEC9B8F6CA2C4E505C983132F3D5B5FB2062F511B0B9ECF0EFE844F69C5B4364EE360D4494EFD0385A7F7DC186BDCAB9B0C5D187D81E08DCD03EACFF52935FD5738223365A7FC41EE6D116FB84C187DF67B078F64CF9E96BA142EA6C98447A617A
J=-$BD0BA64AF2D5FD8627A1CE136B1E9EC520091A7CE4957A5F4C31F522E06D957996C441B55972902B244A6E380A2F5D5FA4DADAA156DAC60C302AEF5F987FC496D5568B564AED7244B91A6CB5B5153B882C8194736341C42EEA0A1529D30BD5B8CCB00E3DC55330F4090C75F0E8E0E612D357237EE6BA49EAD076784E6C245DFCD5096CC6618CA9C9705CCB5ABC92B8DC8EBA158F1EF11CD51188FCDB58F3FFD5F7D7372D5E92E77855DC1E2EF6AF3C5CBB15F1CADD21C18E03C29D4868C68538223FFF79D237345D23654B7E49F8F4DC46944EA5E6E80111970D0DDD2C513A8ECD3981935B4B84227AF98E1A33811A974017CBE431A61F93DF18964AB3B2439C2FA27C6F6F8F463A7665A0E915AC74B6FD78AC29109629FC8DBD0C47428DBF348EAE936FE1B38CFCD372FC75AEE43485B3E3EB63BD38D7F165C43E4CB5632013C72742F6242E10761BE4FCF86E9F66307626952725B72B26398A2
T=0

[18]
S=$D4D17
W=-$1CD99FB32F1749B9E589325DFDC9E74A53B9A251CDE7F1008263CF71E63EEDDB02A689FC72AB156C124751F3AC069968F94F7C5AF2DDFC8C400D6AC7F39AF4752EF21E4D854FCD6056017AED59F10F84D1ABF0CE05B62099D1F77E3C3C8ABE9798E09D3E741BAAEEE8E90E627A4CA8F19A392422841A3D7098AC66C40D5AAEF7E5E2792781EBEC13CEEAD43341FDBE67AE7494D2A2E9329F3B9A639C655CCC219A9915970E6EAA1D5DF80329
J=-$ED1067904284B74CCF97CD3B74C998516E9C9A94E4FACAA0674BD581A7122B57D4DB4DA813FD275C43FE54C07FC6222B3E757D532C2E7058C0C25025412E85B34E4CC0734A82FE5CBBC8BC29146299270EA9EEA1C8803924CA7694DC255BA527D2E2761BB64EE8ABABFFEB3CBEDFADA0CB96A85CC42101B7399787AD6C8D71CD28EEB450C146BE23FD182C2E3D91EE00DD2520BCEF01AED2FC7326FA3D12957EA860F018D651869F141D0C7405C4EF0AE26B1EA1569F00970360C456398E712209755973EF2C9E8C28B31DCFAC541FDDAF147E3E684E30B07ADD9927D8F5AFEF2FA0064CDDDA0F5AF7ED30E1AF41A9BA08F154DF8927F7838CBD29386F1D0329A0254A257AF4D5BF638DA764D967BAC1E1E8A3AAF7619B48A8B5DC0751334D4A7B48C574F436AA47A068B3405801208A3359D2E4F26B9D597AA06B67E68538205625BA7C34CAC8256DC4FD79A425C0ECB045F0B26BB03E
T=$1

[19]
S=$1F96B46D5659
W=-$82C069EE45F77F162DEB14936C5746B33277D2341FF4964B62EE17EC8CDCD654D97DEA6EFFA865283243C77D1A9EC26D8EFFBCED701AF15F14D2C1E4822222D192D2AF927AE6B3859AF959DA068EE78F59B8DD8EDE8F030A110A4882C9A71698B245855FC4A9EC873CF005D7686E35E8E9DCF477F60A065DBE925ECAB2AC6CB1BB5C15D9DE26B1D62CCD65CBB6704BBEF7A8E7CD24D34FC4E703412BAA4650F6EDDC676A4C1DE79AD9285
J=-$81FDEFF15AC1BB742797BC63403F98DFE390D5FB7204B5929B6631FD81F9B07A830C463C83BF6D3A158BDB0B623845821D1DD6F80AE5A81417783F842495D189691A87C8505FEC1F1BB48EC5F545E9D38EE081D3299B6B627620441CD55E0014805727233DCEA0BF2CF9AAB1D5225440A11DC595E300C3CDBF7C1B375E30DB72720428E59E91E61E23D964EB1E218A33E21A1DA6F6ECB16EDD16EF49D19F6F4288F04A79E86BB2FEF4EC23191AF788FB2EFA74EAEA0C93007AD5664BF098C2FEFE7EA5AA6D64B28CFA7E338CE527BBA27370CDD5C657512013E715FCF6BB50088171BCE4750E6D463FFBA17B003BFAAA85579BC5F64889CC8F12510599ACD2A69AA47789AD1D8405BE8103815C20917C74D9FCBE804ACEC17F54F452300D7426AA04244449F455E7E457ACE462257E6C1C75BA297D84C3E32A624350D867389E30D07027E4E20534ACCC9D99BC10423420EA7C282
T=$2

[20]
S=$DBDE
W=-$169B60204F932C9C90B6253B0027211BE3B995956F09C3643E9706327B73E4C62157D4933AE70AF1A8E678A305C29C094364A2BCF84170CB01B994F8F9D592AA4D8AAFC7FDC68BAC89A10E5CFEFEA5CB71CD98CD77C981A40EB985E3F62A72D89F890841D06934D63011FFF51B97F205E61C045E39F867F89B120B89B0D60A8714A2166DAC00325B299FCC0D8722DF62B9D75566902351F3320911C68CEB18F0019B1B332EC6B0E4
J=$BA7D929EE38882AD4BD4C95812FF25DC13C80740908F43999FE9F4FD04456DA4286AC06C667FB2E240793B73B3A44A217DAFFC99971A8ADC096AED5794BEC91B47B1C3042C95176BE2B3F9BF7397987368F8BFA07A78BF08457393F31CF34EDF7EF2A430647F06362D9555F54751D42E4EED865BF6700434087045C348621C4031117DFA080E8B1E41FB18C7EDCEAB3768D5787DDA99C5296F21FBFAF236243E6646B6703550F2166FAE08165262B6A2FFEF327FBFA0DE57FF9C9719CC4913F3374E192E29F0A09EAE2DDA5493A355396E4F2B615F699491A031E147C4B725C309DD865A256A921C5CA406B8133D72F49D105641A9E5B99FE584FB176DCF6A4DF9B8ECF1F3F23B7F9F330CDA939931F11254F65DE636F5AE56DB4D2C7B856644E8F1AF34EF0CA79AF80D013485DC10095978BF6A6DA7D56CF3557EC401C541706D536377AD954622F90150AE93914F
T=0

[21]
S=$7F94
W=$4FCAAF8A38C03ECF29A963BCAEB9360E952C99A34138C4A07599F848D47E0A5206A309ADB4ED7E1EDF7C6613C60B4B61202FAA62FAA5E127031B0619B58A62CD0FBC0C81449F10CF3B3AFB7960515E2282297225919FCD75A06DC6D06EA404C956C8740B1616B2B28165819E4FADF1D3F63D5A5E478AD8F2D0640DC596B2EC2072482375F11F86E33CF8EE0DC41D430A7B8CCB2A47021FDA87B92E4A19A0D8640E3CF35C8FA18
J=$520C8E6001D9D6460EAF121F2F14DEF24B356071FC25CD631A3E8C97168F66D5162975B060B978C45B0B87D5868207BD4C2164172EBCC1CACCB126CD071494437C6B4E6246842303BEF2C244547C9A20298FF5B7D2DBE313F2133DC38B3AE4A131506C06EF8C4AC431C591421C53A64BC9C7666FA9899D46E2699B7A26D090B2F49B0B05624CA01B0474B8D5C37F74F51E58A83607E35AAEEBDB95B265012822FB8568FCDB8630EE4851C88F86D4865876BF2CD2E44AAD9EAD0DD5006AC11C034910DFBE948EDD2B20D5737EE68DF5F2B1FBCCECE71C848CB5039C13D0168961A12364D6002D81D8E556C5740F763BEAB76EAB36277E116C55F5F0648B6B8D57822438132861AACA8C07B38299ED427FB115EBBBC124B024ED59B319FD0A949412E0B4BD4B5E0696498186535BD9617C5B1915F27A754D9ED84E1C656698FBB6FECAE6B1FA01909518D17DBC02
T=0

[22]
S=$32BAF9EE9FF83A8
W=$39A8930E2CFA42767F80614293C97CBD957A684A40A8398C9F49106716D3F2044298AFF3A9282D30534513C85EF42D8CE47F2EC21F8748C976F1F2375729BC647EB2F8771389A77AB3C27A48826D0688C6A517792526F9450F5AAFD8D28DF41EA6098F56C4CB0DB3E06409329E0217C7D84845F211928218B0E0877F96BFE8A27F048459318D4B38A2402BDAC7A6C64CDA45B2C2DFF760DD4E3FAF74D5A770F2E8227198287A
J=-$D8C0475BB753024C5C8A5AC15D812FC4963D650A5A17AA48E22443C80140F17FC8380894E6368587C5CACD83800DE35E8A716C34E0B393B6E62D599AC1A6E5357DB53442D1F18E29B0777F76B16AF0A372FD0839E8CFD9E29D4E17893C36A73CD2A0F505CF386F0915E24133614AFDF14B2AB894BD92CD27EED98BC147FE95528EDFF3A116F441E32506DEF72812ACCD6ECE832A39DDE633A7EEC88078B7F9617F5B6B2C36E697BBF396623B7E3C918DE2A12E751DAB4E4B78F981EA824239462101866213DE8CF7B80E13E82B0CBE61F888FAC73401135B95BEF71A83002D678955BB539C5C509DB9D854B673F7B4BF2FD2D3D84C8A07A66CCF97E56C770B40F8B09A5BB4C57551D81833F19016E4BA2559B8EC28AE6DA1F69B6A1585A1EDAAAD7793DEDD3DC9CCB4CEAF916E7CB809ED6BB5DE32135F913E2AD94B94D8958014E731A94ECEEEF90FF3E4
T=$2

[23]
S=$514F34
W=$B712BE2A29E9744D4FA28C893F151B8A5286E0DD4CE05738A96A48F128A2AFBB5D0713C75E6A8ABA87D69B348E74748113069AEB471A876585676798D4FE482C5F66ED18AA4F244405D59442C8848C8AAEFE078A8EC1AA6FE75CD35AA7DC09717E1C83CD725AA5B6AD9FB0AC737C0D62B05BC5DDF7E236767F14D713ECF03C19143F63ABA53D16237EEAD790A47F0BB075D12DFA15E25BEC867DCBC0983C793F77B8
J=$367724837C86DC06FBB3E665765442A8AF1697FC703BABB5D21EB0CD84034101DBEBA2E7616299531A12619CCAF7AC619130B9D5E9D06DD6F7A9D9952A2BD7FEB9B6727301196BD7F8A56F3DFF05C344DC3AC8D23BF5DE1091427D1E24EF10CE64017E09594D964A6260C63F6EFF662BC87E204F0D97BC8E9BC8551CF119A0443E291C5F856D12F717CCD62FC767DD0707711F9EBE8D825D883613585F9D1C115CD7785127B617A124FC99230335B1BEEA2EC7AA073C06435B2CACCFB4CA3245EAA7DBC76B739A9F42CC1394ABE09CC6EBD4E65AE68CE1CD6FC0F4434635103B2F35E584C77594C765B65CAEFBF3CE22B5199DA0EFDD5A10896B5B60A9E1FB92D4E30F5BEF334AC2932B0E2DA0971DA041EB0BE9F27AF71901FF8524E3BC106F30F088E1CE7EFF2D64A7D1F97059C6DA6E32F3A3AD4B8387B253857A1DFBF48D9A3F547C
T=0

[24]
S=$2
W=-$986DB9102E7AA1F37441273CF42B007E5DFF8866220C892DFD595DA7C8C21682800D88981274F3ADE680D86810A59B8C44B94EFA2A158B42888BBD1786244CD8A1DBA8C4CEDC5F7EB53FF7F191B2951C2261D572315BD214452FFBC8C3BBC44E07E7D15A252F265B918ADCFE09E0D5BB1B8A1A90FB602A6891D5BA2BA3149EED358D33F6F3029BB38EACD38568E9C4B31FC1DDB26C9A6F34887A7514E6C9F53BA
J=-$EDA4AA40A04DE210C78232FEB9AD9FDD9750043B6B3BB9FFE68782153174DBB561C38C1BF10AC872D4F4F1D3D3549C2970650A42F134D0AE97286E8C005C5374B3008D21FE6F3BCA89F1F64A8B83D2C3F40CD8C5144673BB8ECC93CB7078CE295D2F53E436C3B0510D6C6B6EF1D5792483A1AE04061F735EF3F0904A9755A0BDEFF6E0D68CEB634059F1B724B0818D9836229CB7E12EFCBB4F78DCB59915D1FF1A7FA087206D9CCD09F8818C1E545EB4E7554D1356D360A1CA99F4EDF7A4D13F00E0EB7B416557EFF1DBED98C149C6DFDC77CDF2618E500D431F7DFF0CB79475E5A56BB43979D1EF135FF8BEF5E32754E747F2B750AA57CAAB50BA4136BC507DADF51FF545811BFB0ECDECAC1956ECD821F702057D672DF9968312DAADF77E2D13566121B7FBF1E72AA9B270D735981C4AE026174115EDE05F3DDFE8D65E011422
T=$3

[25]
S=$E393A7162
W=-$19859BB897D7978EA39A1737E6C17A0DC1466DBBB7B1944C6BCA540A82FE33EF22320FD9080C43BD9148CA15A09F6F375393C0AD12D044A84EDF5C7B631E538FF8C3F532F7C5693EB7F386A0EB810313AB7AD24C044E32F7E916E82D1B0E196B9DE4D949179723ABF2B855541E34BF059BD6B48EB1DBFEB200847C31188AEF4DC0AB6C42899C55F528BDDF68F7DF09726FAC2CDC67AA9E6A866F5EDE544A6664F4
A=-$E6BD572FB1A8090BC777B4A9ED00391831CDBF114D130CCD9BE9B83F29853AC6B3ED85EA98192381DFE38C7EE10B60BA33C0DC27AF7318B79A562C1A856A0BF5414859C11154A3834C920E430B7FB8C0F31032D99EC135126A4CFAE251940B1C79A3BC51A40C62455DB34C160ABC82D703EBB0DB24C015779BB4BD667045DF249812E3CCA03AB6DD7263AA601B4321F44406273E77F58958692A3755CD1E0267389765F76A1330BEFFAB64D2DF8AE25C1903A7E8B60B6CDEE733DE7BB98A92C4BA7DA4526F3425F453EF9B5011B947B937C153365ED6DF961CE5A6A49C8875B2007BC7904A4950EA8AEB4F9F29BD9B2CD537EE97262E909A56AB9B99B1CFEE05513519CF65960BA3B0381A36E83863E4BBE22B39312EA7DF3DB181A063248DD726019C9EFE73973BD4ED4AAB41C1042A0651F6A2F6B3F5CD579CB89E49975782E2
B=0
T=$1

[26]
S=$67DFF0
W=-$933EDB1F269CC7B92BE293AE3FD06BC7C46F7DB20E38EB765716C1B1A0C19786D3FAF320423979BDC79AD396F5F1D486838FB056DDF7759DA7244D3FF01A97FFDF5A9E3E833BE4DA2436714AF8477CB9E08B5932D358BE215AE3C91427E98FB99101A79E8A9E8F372D0F834023A4EF586A8A547835D8F5F61716584D10879D17F5C847DB0FABD2F51A5965F71E1D60AAF1D0ED73CA09850D97B15A72BF542
J=$52B50C5E6894A5B89BB5B9ABB6D597A9B14535F0F69E5036A3AAFA929CB107F9FE54118D6B21A2DBDF2AC9225CD607F58E423043AA7AFBDB967FAE29D2BC5F9E699C8646AB7CC9AA7AECE9F73048E40A2BD8164EAD4D00D36C140DFF54E35AD3385A9979002C6EB415E94149E8488650C6D16D8CE41BA4842B762F0D2A9C26AA16BD6A9A4A3D1317277ADFC36320CBA438F6C44EE44F4B7BBAA25B8954163DA883633282B4CA5FA9C2369FEFFD30B320AC313F659EFE78D06A94A6F7189E8BE9DBBE80A573B9A28F54FBA523D9C1B9559DD79AA1BA92666BABD0CA8215A1A275744593685625314165AD6C6F28DCBC0D3DDA1B9D384245CDEB58072AD5DFB418638FF927306B2BEABF46DEB89EEE2486AD6628712F64EDBAF5B04F7721FE1449CECB1EB92CE3E94BC4029D04A65FA4A8B5F0073AB9519A83B86A404C7
T=$1

[27]
S=$21ECAF6
Q=$3

[28]
S=$39F6D96170
W=$BCA5D8FE47276074D92440ECCCCA71812496BBC1A83A41F5419ECB62CCA200F26FA8D241FB1FA9F6662160A5454DEF070DDE28778A6A88621831F98CE9D6B6F75D6D87DBF738A098D195E1C178B1CDE9DB0B5BE1D9991FC260A8576BFF0783B02B61AB9AD50D27AC1BAC106D6F59404C69A58C40B98B11FB2A10EA101001DD22B6589CD6525132A95F80245E7DBDA36314CB3E988DC3C5318D06FAA
J=-$42E09FB270C4C7489332B26B2983CB97A51A57DC32F2DDA2B53611154BA05D4DBDAB287660FDFD630D808ED8569EE8DB3809133D07D72CBA7C94C259B8D81105E92FE4B1F5ECB5BC53889B4959F8539C9A32CECF8B74D33EFE380910D77F38BF1CEB541082BFDF2B27E025445239A099CEC75C68AF8B9BB91F2847C27595E9C9B0F74BCC0A2D32A7A162DEACE6FAB7C6CD8A520E47505F96F95B0D29716BEA073C64B91867809495ACD38E135A1A387F78539F5B194D6384CD8028CE59662435834648EEEAB48D3B1BF63A59DB8D0F413376BFBA0D1650483416D6566E8BF0ED201E52B3821863C180DEBCB85B3BD4615094E4967A5B7602E6D8027DE45174BA0D24FB0ADE36B7A9E71AD1A93A51D378A1AFB04402AEFEFF2CCE91D0FF2E5D8423F88043A4B417E7406C4CAC4E21593B61DAF227FAE5A
T=0

[29]
S=$B3CF400B464
W=$73B1A7E66E6C446AFF45AC2F32E3AC1616B9D6DCDF809A79F0F6019C4232AA08636B907A2B92A327B0FB5DC1464F912490F5A5E62333A0B9AA4A4E80C22877D01E5155759390BCBEA14EF3B774BA495AA8371A0FABF23B876196BDAA0D316C3553FECEE836DBD1EB873F6819EFF7D8DB05B3FEAE37088CA958DACE585C2A03208A48547E729A2B8A99445FCFD84CF8A616D1E635EC9A312ECA
J=$4D0FD5CB1ABEFC99ECA5FE6FA39692E178685FC2D3A3BCF81DC41034CF7AE4A202F7B4AB12FD10060A64159C26FD1989DF8A1EC5055DB9F2B7097AB94F2DD0A5263D3304A061BBF893F0F3D589133E66813A33C8102B8C31FF6F3E130A176BE1887516F0F15AE6A60115F10D245C49D540E332C9B32DEC89C71F8CCB2AE17FB6F8145DA203957236F471A521629B9E37A9BF2E7DD4D2B19CAD3AA91C8C5CE2F9904430375187B8F9F98DEEA3460EB01B67D34EB9C3A1AF59F7FAEB1D94C67C9FEFD5822871F63DE8004997DC2AF3291EBD43A2817FC958BBACAE1327028D84A62C904EE0804D6D4B36FA2C60359B96DE98662E50C1E3DDF726A5C2BB4388E2ABD66843D2817D743866044738106AE4DC177B7F50AEDA8399AE7D44140C683A58B0569BC0E4F695747327239BF88E63CC90B2
T=$1

[30]
S=$42FC4F20711
W=-$196C0189E5009101C9429D94518226B9BDD9395F5DB84E0A99140F83037568FB3B1F03675C477E4F47F338694B4B86DD6D2781B024AA9A7DEBF64472A299C1604A47F7FA613B847EB7649526127AF642421AED3EC15128662A112143DFE0293EFBDC62019E020145B0E38A8D890854C5B1352A4C2D686D52C782B83828F4936A15194A380B333BD3C098577CC32F92C28DA4980767F6D
J=$C62673A5E96C5250D221203912028FCB1B183F6AC74305BFDA1C094ABE7EEF58DB6DEE9E2836B3A1B12491063BE57801D0B5830B3EF1096FBB9FAA8D00C9F87F527DE3A320D885F8DB99AF76993A874612C14FFAB730AFF5EDCE611EC6AAD3DCEA1C08916C59824D5621EBB2D209CBEEEF9393B1F74F80CA403EAF855FE37A23D62480E807603C05897760A73A852C6C2023CE36108E4269B226D7FAC69BCC4689E0844BC05DBE4792633EC1A87CB748D3DAA1B709F56B51D089F87241541A5E9D1714ACE9819B6DC042A5097122F7FB6ED1E5D5545E87CFBB9DB78E14840511E39E495E81B84A3702C65B34EEA5D82B86E435A9321234CB26857FBBE1B5CD24C6CE37839EA58189F9A3A82541E1A7D020BC81C25126F67DADE94349B07BD45604FB245E1054A1742E4A8FA9
T=0

[31]
S=$6C8CDE153
W=-$30849B7FE490C107859BA1465B6C22B8963951F01182F5F01F4E098F9919FB63DD23B5C0D0F04E4EFFEA5CED5A6912143FFD965F6161CBA9970B34603638E4367EE5E614BE60C60380802B65F0E7001B4B6544A1FCF80A5EBBF1816123BB039D1661C55EA70AAFEF707980324B84D1C756374F8D8706C05568E5D5AD9856BD804CCA0B88B57048CAFC1DCE5E040C59016B1D5D7B
J=$1AD247E28AADCF5635CA15DD3F6CAD7FE6415E50055A9B95B0DB556B055F7BCBAE7B39972CC886020F697A1F6460B9C1EA04E367F22B6A9491A39EEFF16A9131AD783E39B7D1007B45F4A3D9D0781C94DAE7DFFA876810CD129268BAFC0535C7A8A197C52EAAFE2A988216397665BFD56D98E9AE47C5343E2EC2C43568396EE5D4230F06BD932D934917E4E02134D34A7AFA13DA7FB8AC59AA3781E7ABB13A2B03BE10FC66AE86DBCC766C5A040E12AD9057DC9D9D8EF2F5632E3FE76102043FD5DF2A84E4E24265268042F13A88250499BE0B7B4BEB53AF3C51C161D65E9F9A6286F2265124B58C5DDBE301976246C54F6B18760103CEC51F469EFE832CEB19BA10C20ED6C3C338FEBF9E8CEAFBAC46E87C20F0B73C83ADB5C2D3D53B5C6C80380378E6C05EB37
T=$4

[32]
S=$70EF944
W=$166247025E192FA341FD65B087A7ACAC9B19E35874A6025249558A1F0A26C82204909D971A33A23C4161B68698C774BD0D5E28BC259773C5C37F1F017B6F03D50CFB81A6A357BA6B9AE3922C8F02779B3C5A562EB895B64E8C5CE70E3E6700167EA8C0241189C2B46027B7CE28D010871378ECBE9293817C012955EEA716FE7B5B963D3526FD60E29130FAE08274FDB5792E
J=-$2D33387B598F2AAD27C0A8FB0AAEDCA320E595C99239E6F8139CB57ED30D3212B821178001F0A0413C3DAD79DF4FDE3D917A412D30984A491ED0308525F3C4888F88EFE310AD136CCF7DDCCB88B0A064D10E4EA8B7CE9377815351735EEBE0FA053C7F0E8CC7ACB2672550F0166C36E395AC261C0DC2339B43E91B6BE34AE62D157DD2087C44553EEB48034214EB0CF597F411EF63117352CF83B3F9FA0C342413766B0E11EB50C968A911E12E8E211F03D5E786687FD8F63287C0E70E7F4930196BB672FAFC9977296DFC60D3B26F529F316754EA160875A707AA30AB3478EAA72E16BA477B70C7AE9AA5C12CAA2DD9FF12BDAB911E747FEAF8B3291CF0A9EFA9DB0534689FE37856E1306C6897D32B24468A446807FF77D69B4687F74A4F65259E63
T=$1

[33]
S=$2F3CC01
W=$396778CAF8329376AC4A498BE2606410B3A118BDFD29FD919B36350A8F780F73A14815768A0044EB14EF5C3706B991A83027838D29881B54D102C70BB92570E2B0909A90B7110A76BE7CD6AC4268AEBB511573AA3AF7680003DF027DCD463DA8FC5F24D880EA9B948A515945B0F0399C38AD0B2B2C9456F867011701FC473E4930CD7C39FD38DBDEF944ECB42A685BA7
J=$8425CAF365167BB29FFC199E134208D4DA99B4D0AD29140709778CB31EEB1CA4FD8BC06AC28118AEB1F68B59E5513F6F1972F21CA97CC5A42C3EBBD5EE2DB1FC3716ABA4068276D9ACB05A5DF22207008AD5FDDAB8F7D19370E507A5C8E29B5C3171012B5FFBFB4D96C12367627049DB1E1F061A246600CB370AD8711862987EDF335EA16E28FF6AADB9E4DC1A8C5F3F3AE8331D2E9D0B672AC164A72447D889BC5C52DCBF1C604C92D42A4F43334103685EDD60C0212A5516B353C31D85BA220EFB32413AD24B57144B2B04B52185B238E5FD98322514BC8AA057B2B469871D4340FBA597F2A92BC966E3805EAE9298ADEB5ECD83063E9FA908024A24E150B44492C172642EDBAC8428597822A88E34C9263930BB52FAD18AB4F2121ABCD60
T=0

[34]
S=$CAC6EB9B41F
W=-$475459E2DA62A98320F7586DA3E6FC357232B736CDC774F2F6DBE14720475E45F667891FCDD2935C95D4C00BDCB613E41714EA494BA3F0B6457A18731D189464BC5093202870F4BA7C2CDA362C8FF9E29C4BB7EEA7C6B8E85C5619CEAAC1DD94924D5A51F4710CDA8A1B8833C72BA27D421FB565C6711BD788C5E34B99D85B04F1DCB8B93E37E80459CDC28F1E221
J=$631F20FE0DFF7CDB40CDC30FAAD0AFD9818BD9403358E4586B6BB0D938BF3F477AAB55DA467BA6DA420FD50CE0617EDA3845D9D09F30995FC643F653B8BB128BD3F4BDAE1D1AB17CF07ECC0E1940B63FFF496B87AE4213597DD3B159B72D74E0E4670C202CAD629AE3FB2F6609F5671576E96DF43962978E522C535785912C12BC0142B15AD9AFAF557321E9827C63774D51AA4B31553D10B1300BD516B6646ACD05A7B0F7E9F4951CA03BDEB58EAE798366648AE7271D835EE4C14972EDF76E56DD3907DFA3A3B87E6B7B6B75145D68CA1CEA154C1C7880EBF67FE0038E1973FA7D1BAB7FE1498B815E996FF0E616C5A9C5FB4A38F5C9E7DF89550CC7697A2CEAADA39563364D376EFE534F4CE63A3749891D784776C76C5629F1DD
T=$2

[35]
S=$BDB30D8
W=-$6FED302EF1C5D1E1E20096A17DD430641352641C6BBC39C38DF6D1C329669071CC6E0FE2982D13FE41435551BAE6CD8B451FFEF79326FD14A918D262D511CC44FB487D74CBE1A733FFE86AF004EE715610C171F47F9BEB17D918A4137CAEF67C1556B94A67AB8F186AE76F2B4C80B7D316AF20744CFA29B9664FDF8E352184377AFD9C564B4FA24F25AA32C
J=$33A2DAA5FD98C65B443BBDEFBDC6B72CE648FD245C2C2174A544ECE61FF83AB49F3CB9B222F1B037BDA8C882EF61CA5F6E9F26B0B693CAF9F82812E66B77B78044FDAF57E4C359A07B2DF77908A1B60CC9A4064E38F36D11CAA0E14DF7C55F1E4521EF08D38482FD1260BEFDC01699D49110A26E7AF107EB1123667AA4AEAE540ABC2DFBFE4E34EE5F22359E304C271D51C8D5C6B4C01E52A2D6572493F39B6CE62C62ECEE3FE80DB947515F8F0BC0FF65BD137C845E250A2E789B5567CA01475772DD154232DDD8D207E6F70DA88B8BFDE7A4C0C6F6E8452C87079D337A6CCDE91685B69957C992775EE87E366A75B0FD5980C84423CEEAE72FED61FBB6A30E7D0188395F9184D9B448DCB932C2999702B0BA724EF0C7
T=0

[36]
S=$3AC04666D8
W=$5AD139652F93AA108AF424F677EDCE3F9DBAADEFBC04F09EE4F3C8E2C7104F3858DD2A632E831E109A243543B00D80F86E2F8F2556721A23A51521317F604673C2AD3F0223C3F912EF249A79D27DF3FEF92FD2CA691BB6F2C30DA6939313D639BCD8D0ED19B4A726AD5442175B2DDB9C2AA930401346BE4E26407E7728C91B126570B57952BCF0687E32
J=-$21AA1B67EB451E76F792B9CEA23C4933F4EB8C182CAADF38697B7B575658E23E9AC26A0103A95D22E9BD829EF76784E25F77145D0D3DA473B2652A264A8ECB409FCEEE6142E2A81CC1DCA8B5BFE02205377C80FFB27CA73481AD82DB12F93693348C898CC0C30410A41D1A68D030136EE34549CD2EB90F6DD891608F2B213897A7A1CA8860B4533D661555545481DD470BBE972791F3CE3F8BBAB60D2C84314DFD9E54504C3D903BF56220106734CC9D2A56C8D337BF814BF5DF9A58FDDB067A7C8FDE723DF505E9A52CBA9B256D682EA6B927BAEB8CAA9273B6BB72D05DB90516224A421DB7067D5A6FED16504D8CAE5A01357B3B0BF8E9A1FA27160EFC53E07F2602743C830A17CF29247620E4224674CB7CF
T=0

[37]
S=$FBB90E
W=$C999B244326E5B5B9063EF2D24BB74BB655A7E9CDA0BE96EE2B197B93D33CF848BD6484F2ADB64708E347A6F471CD57FA110D5681744A03536840FB01E2263670B37FEA0D8DA11BC0AC26ACE0A5775690A0B49353993C3949DDC52FCFCA00ED31E81F3555AC52AE18F6768C78AB99C2B5EED7F057E08C91C5E1DDF23CABE6C36F91031EFDCC3010
J=-$7858B1FA83104352D90F702E3B73620DC7E2FC854040F84DD82685E74BDCBF5250FC4622126D5BAF3BDFD73A274FB970C9DFEC917D16E130FC52C7EC5F8A27AAEDF61F4C77C73D49B04088A97A4F9A9226BE4B994216552304AC5AC1CA2D5322083564878D34948214BF7A7F4F38B8E6818DCCD7485AF8D18010D4C1259BB5A9D3D85847BCD2B42CA846FDE6B1A0E96E2A5C61ED746EE43A842430314A8BBEDE8329A635312F0D7EF7A698CB5FECF530EEBD4A5286325207AAD6510F3CC824E99A9B04936209C9C6F666B3087B4EAA4580B6020EC84BBC55887B998A5AD29DBD3DD0C043D7B40BF4C735B470F6D6E835FF5CCE8C4A1A07414BC6DA8EED083D194456D22A6413884001E93E6BE08D9
T=0

[38]
S=$15BACA
W=$4770066D858C1704A4F862661226135FBC282F6792CADCFDEE283E5814C02C152A0C5A287601C48F17DBEE1C17FBEBD26B72CB521B2245B39122120D8893B8675F8C9D04349D9742A1FDFD3585A4BE240C2DF9C5974C8AEB94A24F007F201999F1F01B9746FCBBAE414246DF2A2449D766229CC64CF53DBA04B7BBF2DF14F8BBA4061C9AE3C
J=-$3AFA7D50E66E174ED92BF1318FD119F8CDD0F58F092818797EE63EF4FBE2119394206B7A55263EE9504FFE3DA6CA6E14615E0FBE3558171171826EFB48AE98E03149B47A5B8136389B9E9CD1F4CB6AAFB57812625AF23A675F52709FA322579F1146014D75FB59634A8CADADA3D4AA158BC27A40C945735F0F02CBF4CD74BD12D158CE8F802A014FB08204CBF58A5592F17918C49F87913FEE57646FDA543767A0A15324C040BA925430448AE0E4881BED782F5AF1D592A5D1449BD7A6338A0ED8E9DF3C5D63F2682E697E5A647FC901E4DC6E043E2D0F1CB1F9DDB8171A5C82CA0999AADEE4134B0ACB90CCBE596D24FDE374B3F532084FBDDC67FC91BADFCA3EEB16CE477D6B0AED1B635
T=$1

[39]
S=$35AFDC09CB09
W=-$1BA8BB8D396C85874E808EA521E2FD6A8886662C2B1FF58641A12A391F982400A7A9053AECBDA885988358C33ADFE5A45DF81442B04E74E1492163DB54C16CC741CF438A011A7DDF943780769FFC2A2CE82CB2DE5820EA1C5E1399251402AEC3B0E15CBBA1B87ED94CFBE0BF892C6D50AB7C6F52AAB6CF8F617D39E9869DFCAD1505DD1A9D
J=-$160570FD4989C4C6C21958AA9662A8F4C77692917656B094C79578D0AA0C78C79239FE0152A6E1AE05CE421A59F1AFB33A8E10D7E64C1E9F32C2FF006E70A5597E1524D7EBF539F0ED60A002557E418183BE45FECC9B41B5A359F11B1111E64EC932B3E14D2E7CE189D5710347A10AF2090A55E8098B15A81F75DC28B50C1B48D9DD9F5996A2ECA9729E4BF6D5BF353785E54F7FBC335DE39E8824A50BE5D5F2DF69B718546A9137E6EF598059A5D16B3C20FF54BA011CC877DD4BB917601AC052A52AF488E7042F4C3F8C3D58A01BAF404A9AAF3D96D0DBA2B8CD36E931B9DF15D3B8D3FF0365F7DA93A3614DFB39BB3F4F02A01B5923544881829113F8B8188A10BC4F724676E5A9
T=$1

[40]
S=$49873DA3FC5307
W=-$68386BFF8740FF198F8434DAE98E0760A83F31C235B2D0FB8ABC5849BF59BD39F8305E93640F7A1CF59C77F4B727F8EB701C2B6C72BA87A407EE9F0545208F13489DBDBD9478AA6DEF32A8C901D424BF5042B254BA757FFF1F10109B65F234CC5FBD81CCF84BD66B71857DAD892CD37693AFFF46B3936BB376C27F1A20F8EBC73023
J=-$35287EC1D06962D372870C5A8BA74142D086F4C07113D6E9DB90467EB6AA358A7DE3C5DA351809593FB1F7C470F6812178EF197E5E6A09564D21642110372751F8C1B1DA7FF313D2384F09CA24001C0C913CBA4B3004A1D6ADE70BF8A1943F7603B20A5835A9A43E9F7049EA58350524F995FDC56D9BEB0FD57C54B337FA844CBD521BC6D104512D36282EE73DC606E6B1D2B0540904097C7BBA9D9520F9B8D73DF19F7BEC508DE26B4C93E2A4FFD70FBBD308AD5156EFF1697B1ABCF45068BD13F522B960AB4D65001B229D927B70D670D33054FD1C486813764034DDE5FA1933F577A23F66BEEF2A1ADA24274CCB8DBC6EC44540419A383EF1DCB244CA2C912C698EF
T=0

[41]
S=$48A2AFC5
W=$862FDC0DF4269FA628D527AC16A17877F2E6B21D5FE1D08A51249756D049531D755F269BBF3C0753E1DBF65B827A7AAEB767B28437578876B5BEC8957299C5574D2C78E8B501CC44B3838910D5B084DF7D9936F8AAB5345BE7544ECAB784EC791455465DD3968C5E39F2FE7F3D0B7E47D19FBF9B79F69FD5C93CAE5CF8B33
J=$11130B3F73F3B826853E2B641E0BAF20770EEA9D1F4C33FAD73904289D020DB7F3EB085F70FCD923ED91E7B1E4203F91CF488F56BB1ABAA7E976588AE05E63544437937F396D561B2CED80F719B6DA29F5335C611DA401965CD721022D3BD24F35D3AF8BE7834522EF8A610633F14FDE4D21C0D343B88E0BF3B5155FD79D8763363A7FDF9EB92A9387025859125F8210852336FE9C22F708F9FE23771960F336DC8DEF0323A24736CE65F7580314003880AB637D1E65226FD6E285A6D8D88823529E3A2D047AF87C6B94A746EAC4EBF268AD8F061174E1805993DEBC21BA9201ACD3EFC9C7EC1C45D3D185A26F20850333F8C9D15ADF490A6BC4D93A19
T=0

[42]
S=$7D2DD589
W=-$150C4C6BAE4D51B5FC4901ABE8FCF731CB83F3A5DEF2A6C9DEBB6A0175F43E163DBC9F5A2FDE3481D3F5706E762501B3865E8F3C5740CD3282C808F4A8E4272D0DDEE0E9E8FC7B5E62039A6112D4EBF9C66FC023F30BB12D3F76A3733E4DE5BCEF8F681C1FCDAD169B9AC070A512426F3520712414A50F2781F2FF5569
J=$26B51AB965C74A20EBAC117AFDFB548580830EFBE45C284185137115EBD6451A1CF97F17EE4BE55F8E83AA82ECA2878ACBACB92DF51346608441AE2ADDA9421A15A0416EF0B7C8F8D0905E91D9B0155DAC96B28F787EA13E8650B73773E7DB4EB7BC4F541565EC8479662DD599AC7A612A5C3C5E0B7456519E417579E1D83D88B15713F412F1BF562282439CA495559DC13ED49B8167AED67882D02250A04DE656F0C49E0FF4DB17F4153179648003C75E6F99A938AF3CA0C51DB151885578C57AEA9F0A46834EA91AB84152EBB0D5B8C33EB39E74A6A2B528EBE5613BEA03768E33C862271136ED7B050BA178AE62C21F5485DB46943948D6
T=0

[43]
S=$6A92A77C
W=$535C87310F79EB6B09BA71855F809C42F61B2FFB4C1D07E68DC165F1F38E91FD8777C1AAF9F782CFB4C9D4B28ED495353DAF8AE5EB634A80A6E3D2EF0CA62CDB8D1856EDD79030DA7991F5B39944BE07FEEED5A00DA7EC2D4B4EAA59B7330D537624616D94CA1F6322DB3B04EAD0A1D5AAEBECC6C59B2BB63405E
A=0
B=$8
T=$1

[44]
S=$DD666
W=$257BAFF567BE2AA77B8D8B9C4F4F16840F1F13E1F026B97EC3F73D4E12025A8F6A67B1C93F74C7021225A25DB8EF4D45DBA8AAF703EA7B5440865BF0C0E62F3749A99CD6B21718C260B66AE21C3E06A8450CC97B369D1DE10942701457EDC945B42802F6EC335D1345B565780702C3AB08C03C8E1EE1ACFD0A
J=$8268142CD58F9E8862C9C2118D8D175482358148E003861D23E4C4AA5CCBE821C457886753388C8AB4E8EEFE2D78D1668F3C1E079CD1156BC5BD2BCCDFD79FE794C1D67514C695A9F596EB9347219362B0A7085EC052F640ADF7B450CA9A5004222CC08387BEE111FB0C2934975C09513B8F273864DBF73F5FB11E284B17907144AFC28F72310D7CB6D438ECE27F26D9133922D3A7E1716BA50FBEC175E6EFBAD21F19782717E49E748D01101BE248C5FF893B2F76D58241A05875135340CCBA1FEFE2246C066FE4EDA1AC449121FDD4EA1C323F3C65C618518B2F7F30B4FE6DA4395A00D269CAA13ABF853BE4BD2CF5E5
T=0

[45]
S=$346B38
W=$36570F91EF9987D8497217E0CC63C1F87D91A7032278A3B46643EDC5021FE7E13CC4A640C021E1DCBAE9C40F9089A07693B5237EA0772087E2C02372AC2B5431B8DDF5B2C67F6367980F5EF4F5BE53D6A798D580E7A093E191FC6CD00C624546877411634550AD63FE99ABE1CA64664A736326F1E4EC9E8
J=-$FEF3BF209A2BD605934B9FB9170B4B25D72AE81E5C122CCDC764F0F2E5FF51363C4A839BDF8ECDA1585E5D575D5F12E4DDDD92B1E9076E0D5958CA980DC065B4BE664C6750E5BB691DD1409060F9B4C088AE44534E9FE54BE75D14AB38F0234016A28249BE0079DB95006A80A5C4513FFE621BAE649B53A39CC008494C61A07C425E7FBEC0DD5292495DBC4E8D486764BC56C444F71CD52DF3D6D8FCE8F119560E813509732988AF7151A6D4FF335D5A14E86C2263ECDB94C1276DBD8146FC218409B46059EEB2234EDE94067BA8480D68B21DF9051C61CEC22EE447A68172300E29972A7E98F88C143D408697889
T=0

[46]
S=$2D403C0
W=$1D7B9B6E07FEA84A7BD44CAE5533DEAECDC9A39A1072CCAC290A0AE8DA0C38051F4BCB5785FC5F900B92CBCAE83097F0B6662ABCE04F29810E914B65910630DE031FF3E874BD1D64444E230B01FEB0BBEFD3A63AC2D717CBF537D6282475B4DF87E2A2DB44B70C75D9092D74A6983C463092DBD9EB652
J=-$5ADAE2FAFFC287B5405B3D7B66E05D05EEA7A2D4B2F58EBBBBA1D7578F47AF904A412297FE7E2C2827DCF9ADA1133F8F372BDB9E4E2D05695B31D4CD2A4EE34253C89030C980CD30656A8E514273872CF0677AB5793023C46DE26ED47764BB84266091DA39DFCEADE5265A9A6344DD65312089747C9C1EEE267B5C074C0D92EAEF1A72FD930ABDE58E8B1EE578DF4201E8E4AD45BF18DC5710835EFF88F8EE74487A19A91EB59761D52FBBE04BEBDBA0038429752DD742B82489C6814BD5FAB2E851792EC7B9B6361FBBABBC8AA22552F4FCA8E6975FA60766EBE14B700D356D735BFAFABC2D309109097F10
T=0

[47]
S=$3C4593C9BCDB0
W=-$36314A7FBB0EA9537FFA7430B79EF0BB9595B7FCF8223683FA701AA7741BDE28EE5C853F75C80CFDA977012DA78877D867ECCC5BB814B311C4A7934D3F2C142874F6A97F6FA8974B0C8846089B09C4B95982DF73F55FC524C346FACDDE5C1805C5DC392D81B11516EBAF03031EC1516D30A784572
J=$1D6D46A40E1935FDC89FAE5ABDCB2715D51325690DD621C20373C369216510D7E5FF75F0224B3190ACF1B8AF15193B8F7341714FC50A09EB182511681C010D9D0471E509A72EC0694272373E4F46B82C293B5FA24F553BA1F40A7C914F64E5220B2D54CE4A7BA2A1CB8119695C53EA48A02B6055B59AA591B28D4AF269EC7AE5C6D04C0E133BB90EAD9F5FBEB76483D98CCA01E5C6AD3CDDE6E3CD8B223256636C6C3E0FE87FAF29D88371D24CCFEA4F7041AF0667E9C6BFE0EE963D0F56C252328943F84B4E7CC589CCC0CB4E5AD1D1B70EE60E025AA9991A868EC3D4A4912CE7277FB0078A0E7447
T=0

[48]
S=$5D8D1EF
W=-$83198258F8B9EAD92EF5A87E453954E366A2ECC58E79F43B919CBA4BB827543F58F4342DCE87BD9F7114A3438FA8E2E1294808A7EB26CC4D45976285CCC80AEA5643C5AA8C3898E3F479F40FFC76EE8501B8936BDEA316D44A3E60F129A7C5BC37A4A39D4B9318CAB3C91A5218B6BF92985
A=0
B=$10
T=$4

[49]
S=$3CEAC04
W=$5915212D26D25E738049B602793A18C0F3D84B1279CCF845C031B1FEEF8EC5A295B5D8ADB227EA55DD0A58FDF0590763CE3D48D25A767E9046F7C50DDDDAD35AE2DB114C0E705DA35A84E7F2532DB277436C6D349E905643965633E7004FF3169B4E26EE18063109177F0C911BA3220
J=$1488F1ADC9FFF18A0DC3DD4B35DB563A080E930DBE914D05B27C5DCC30D3BEF8D8BEE4EE487488B480BE90C5C235F9552E492D17C4D24CB07396B955B5C70C3478113E9F09BC6EBD013B5BCA45DAF801BFF8844EDC54980DD522BAFC5448D974F3F870A6513BB1F5D75B6B9A32932272BF0D9C8ADC06E177D59D35AB2C8EA805AB1D22CD1FD0AFEA107AB990200081479CAD8B20FA0E54AF6575135FB07E42C1D865989AC3C71AA87C40944DD4C94E53838B4417C1FA42E12E7D7425908A21DB661200FC1C39032DC0CDFE8422A7EA155B53CD1833219258D70C510092E2C3F
T=$4

[50]
S=$443FD43D7E15F4
W=-$156B666376C6DB96D882EC61661B20C9AE681AA5E9C3C50773CAC7A71BAB293645B7093885FF1587F18BFFB54E10F9B7767B6304028273FF47389C6CBF4749F0B39BAEE5A4331B4D6ADFD3D93128125CB1B092E2B2DC209F71D229B5DA7C100353D966EF1A095B86C4D05D83113DA
J=$6F452BFE2074915A91B76F3D57C20585727CF0B75AAC880E0841E5E750A77B2752C67FBBCE5D71EDE88D3522F81E31B29AA252B312EDA8AF784D13C21B26589C87C577E2D41BA8DE977722956E06A47C4EBF444186790BB46F6AFDF875CD907B5AF92734ADF373C70F5B5AEC413FEA1F3221B1C3FB880AE05F5F1F6C2F48115BB64809049EDAE5D1FAAC00DEBDA9205FAEA63997D0DF97C08FADD690EDDCC9B714E61227D138276291734771433EFD045A9D5ABE5EDCBDE9DB8B2F0FB1662DA4D10E47624F40B62B51E0EA4005EAA2D40220DACB05F03E785C16C798
T=$1

[51]
S=$19C39D170B8BB9
W=-$2A5760D2C72B3A6B314D5E9426714A9F609EA795D482E9279884065F3521A58C5E878242EB15E82D64883C5391A1AAE6DD37A9B07F1FCD9D2D940E1DB892458712E82ADE91679C428595467C64E8DC2D9675BB833B5AA7CC50C0C0D43948EE17040FB0E29C52DA657D74D5
J=$4986C0C79F2BD1A19AE10417DBC93FA767A679B123DDEAF90B31696949E90F3444767A2667A21960AA9E241FAF8C4A502335FA6C18CBD81909023C4DBC1697A3C4EE881A61874CB2B75D0BED524838BFA99253202A808067190245DE1B7C0FBF423F8D4705564DAA3B5A4CC44ED50E6C116B09DF21FF9F2CC92E3445021F3BDAAA66C5B6F645B28D1694B9F2E24D5E30CA84D8A6615DE620A049B9628D675D12182BCB57665E675AFA47872C5621F438268A0C5896AF148B22F1524262789A2609998698BD5B562A963BEB36B7382F40C12C8C4BA
T=$1

[52]
S=$72AD1C7
W=$64BDBC54485A9A24FB48E4C345EE28557BFC4AAB040ABD93C3DF9CC03996DACFD26E666BC387948D30DE0494599B55C6D7745938C3430256E2D7AC36A0D4B17E731D11ACEF9A528454C91233CEC403CACD09D515CFF8EAB9147FEBD9CBD29E06A687CA667B92CB
J=-$F9ED22BB362F04C153C76085EA1C6823F2519A8D041080C83490060E9286A0846C719FEAA4A4680F28D894698BC9699FB8A901CD25BD43240D9B1826ECF50FEFEEB61DD3141E40E4BF3B9F942C31B77572C8508CD999A60EE4338D4560D7050929F1EB377D836B9287769D384FA7C05853D970B93A64F913B99203D547582684620EE163A64B5D7245CCF1CC7115D6B88C986A54FEDB6600D6520ECBE3B71EA7EAB94F433A32B366AEA64DDBDD929E9359E02DEB9D51D9929D21D63F750E5A8EA1CBABDD1343671DBAABDFBF17876
T=$3

[53]
S=$14131B0BF4
W=-$3941AF54A3AD1B7D42052D6ED644EEB60D6FCE8CA9319AF398953832DACA33E75B4B8BB3A02D3710AB435A3C0A3948EA0C64E26451549F41D0DAEF29B0BDA6B16C883E1D0074BA925D95D37BE8CD96254CD74766EFC3791E7FCB715F96E81B2F955818A8B784
J=$BEF75A7DDAE00855E9E5A52EE59F56BF9A6DBB78766B39215DFB3FB67E0259257A8AB2A2FA5DDEF99AFB2A60C9490D6426F331AA9CD430F5A7C7AD0D81F4EF70F29DD9547908C0A0F96007A2A8E98EE743B39E6A2A0A63BD44ECD7CAA0CA30040184F3B0EA19AED2750388026804985BF9D76D0AB3F8BB8D8FD635A5AA5A3309D1A13BD26A6CC272BDB5896E68262E35649949E6EA6EC9DB75FA1EF39AD688400BEF26672A4E763D4A7A2AEAD6405B901F3D20D45D71F8C4D81CBB0C9A4151FEDA179DA03073A21A8A8BB2
T=0

[54]
S=$6A1F87
W=$52F1D540A52F9E674D26EF21E664BFB4DD898AA89EE7D827ABB95CA40324BDE6ABBF9430CEAD16DF3CF622FA1E03558D14A4B7DF5D18CEA878CEC6772F3154B3DE6489E8E1F135A392E20F63B554E7D4F7437FC8B4D14C3D9C5AFABBB91DF1963A9D659
A=-$D70
B=$12F5A
T=$2

[55]
S=$24ACEEE02
W=$17A0797A1FEAB51CCA3BDE2B3C35713C86EDFE670345F7A558CE71CEF7219BA61686228EC58AE49405AB1E807104EBB6282A5943BAE28427FB9E065AB150AB47B22D0B7E016FD76750CBE764AA202F68022574113C63785BE887F9E8157C370EE8776
J=$2EDBD0B03F3D2753642229887F6098132203E6A3C042168F4407E091ADC7F3E54E8B66397C4E6C534936E46435893CBEE34AE3E874B5B81899B30C4A7BC721388B4C604BE342C119CB4F4515ECDD6F7364F5A6F5A0D738439668425B3711E61E9C8409A604B9AA2BB935AC3C2EDA8B6769178B37B102EE9047151FD76A171255FF877B8D8C9814EAFA89DA4B8BE62B8E301D87073C3DA84665A814B48EB5497DB5F99FC40706DA46041FBC6DFE531DC1B9C1AD60A5DB6F9CD2819BB6DF941383C5ECEECF
T=0

[56]
S=$AB5FD6
W=$31352CBF279F8BA6B1C5A6C82880CAAF39D73D3C923A7FBE595FF3C411F41F5D48ADA9A37F621B20BFCB9AA93385B43053A3F7485B1026B08767AAA738590A3F5FC64BCB69D3CFFC663F6F270EA29C3569064285D69E4322C49A020F4CDF86AE
J=-$4678973A5D0FE23760487C0168ED1F21A572392F183FB894496FCF3C6F7E96DE15D78A83D7656ADE41929F61B565DA34D526614746C0C4ED3CC8739A2B80AB9F05A6E0B32B11696F41A5FBD8005997A18947201B05B8D6F24CDB37015911CCEE2FDB166514EFD0F44F6573C282C1D54004E155FD8AF14420D2337AD670FBC133E7BAB6F0B65E67755193B55762AAA81F649832E283900CBD37039F2B55BAA453E04B32E2944DF0C32209F0C17588576F2326C6E78EDC772FC801D51205C1249
T=$1

[57]
S=$198C9A5
W=$13C92E7060761CCE6CE685D372D2EB76C9ADAC30E4690E48568344A77B411BBA81F831D69169C5204DA58630D87C07B062A2E738F350A505B937A98C38548E9990CA89FD99E97B5859380724CF5E61C47A1E10FDFC1B6453B63C631A66EF2F
J=-$1C99138CEBA2D83F69D79B775A31BFF836EAD312C2B532C047BA666D1972031E46235EBD932F207CC32CCBB10CEEE9C68EAA22208ABEB0A28009D432422CCB2A636E9D5F0C85AA16C23175DEC34E3068185C42175281ACE42E2816B7E8FF6DACDFA072449EE0EEEE63621426ADC903629117D7FC1F708CC1F1B2E40A9D73CEC7ABCA5199FF4776318DE419F1832C1034F566079489CDD0BF762020836D9F6CB50F0630345600AC72BDC67C66FED2590A848E554A59BB2D565044E4FE60
T=$1

[58]
S=$3927CC
W=$2F1EB10ED9E589022BC69248E9ED23963CFEAF99EA9985B5BDBF29317224EC5BBCA7DB808D796DB61A73B1F3C5592D2C7AF921F5E0C51DC81EC3E25408DA9279D27235DB919D282CD3DCEF38DA6299517C94811DCC36F0CCF97126174A
J=$981A089F37F535287DD83E72F506081CA396A0045275A521D967FB2D0D6D0CE4841EAE0828776AF02A67038CF46E2844CB1182FF2867EBB4C796F7035F638BAFFC9A01A40A3D31785F6CB795F078DE3EFF3B7988806F1719EB0FDDF46446E31ABDBFF972AA0E40848A5478C143B79AD3A75E4A76B56807E486526FE883AFF4026566E41BD99CBC0407F21829077FEC27B2B194DC51A589B3277270D282E03CBB336F018DDAB579BAE4DAD47B516B4B8BA179ADD43B47DBE4371
T=$1

[59]
S=$9E470E0
W=-$1CD85EBEF1E8984AABBDD8FA95DBE8F943652B8B2029B6C88FF73F1299374505DEF461234A4A1257F9ECA61CFEF04542CDD1E1DDD428588355BCA8E95A05750CBE108C4EC79895A917654852D6D7D915DC9F0B86293AA507E80392B6
J=$166EE2CE5914940B950C4B852A753A06AAC86B69DB4C32676F5A8955DC62399229E57316847F073A56754CC037FCD94F5BE51F77570D16B7CCCF17FE385A62FD86AA6DAA6C9E2D42C79F91F14B44BA39DCA11CF2770A39A00513DA7C84DEE64BCD9035365B5F24B40F680B57AA2EA87A5C9CFCC7D96321B5C97DFD06305D312AB8DD1B1B13CEB171D46116AACBCDCC1C0BB654560F8833D31E42520EF0AC856838791F0E9DB500D37FA401A8ADB75B78508A388FB4E7DE
T=$1

[60]
S=$254076C5ED48BA
W=$E6F6F722E30728743928E03D7DC0F2B78FEAB11CDC90E2950CE8C2FB65E3CDCFD67DFAA4FA529A431416CD3DA1F496FD0FC2A2E294D968889999E411B924857EC55FB890FAC78206A55D814F47E253C6BA2C0184422150B997E
J=-$D5084AE4C7B97201C25D6883FEF70514975BC53C6F077B07903102E462A60C500CF7B7BE2373E39606AAD8509B20504C8FDD3B9FB6BFE7F404D375B6D0A398E586FD960E748A2A76EB96E64C5321F80B895B2F7391BE6DC4F325E6B4EFCB1B58EAA1440D23CD2F95C2B722A1DE3768BF1BBBC40976CA8C950BE9E1E7D6A42A1D80FC6B02AA9BB41E1BEBC1D15343D8C20AD5EEAFD7B47BBC24785BD95C71BB44A137A1B58F259CF58D795E23E54F3652495F5AB
T=0

[61]
S=$12026C5
W=-$150A8561D78E2DA89E1E625D637E0597DC9C8A2DC2943EDDA562781E50D09FD326750CAC2499ADC5079F2BA26CA364EACD65BB87E290A0B81922EB5712D1DBB65B940B5E5032840A380B15841E1613A27242E9674ABA09
J=-$1F9952ADFA270DEEBD4ABFEAD4226E6C60A71F4BD3391759DA0DD995CAF126A496E11E5680D93B58450E52612C1ED6F2AF4FE18EA88255FE10550DD04FA0D1CBF1A047072E184BE8F1D3E1FBFE32753CAB0C6B12075B7C07A2B16348251FDED96CAA63F18630E625F504D5E552BF73CCCE25AB67BF2ED6FCEFBD48B5437F7EF747F5CAA52D7D458D1A0BF4454D6172107FBF7ECDBDDC078C853D3CF7409A98EC1BA362DDE42B6971A435A7BEFC
T=$2

[62]
S=$166C70
W=-$132DC5B77936294D41CE86D7BEA6AAC697E01ED8DE1914054F06BD732C053800825653D12519185E6F386E12E65FDD6601D86F34DFF3EF883AFE85F23552A9720AB1DE95832803BB861D652F5EB8211A84DCC2B0BC6
J=-$2AF73678480914ABA326867FAE085FDCAA056CF99B681E8291887B50B47268737E341D56157BF3252873F5AF3B5524AB00DCC0DD7234F00BD65370550362F209E1F1927FF0ADFEA94A58E8DC47BCB40AD65761D3F476F500694D45A3900D2247F61878B3A0F6E8FDC579F779D53948FA5A8902B47A4C689A03A9FD44C5B2D1F9968D3105ED3F05929222E672DA3513F41D20A7BB53A084CDDFF0D3ECE13BDC70795D4B3BF16D6DA626D8
T=$2

[63]
S=$1DE02BFB9
W=-$11452F7F31DB50CF484024FAD3C8AC71FCF666982996AEC3A0B59ADD97206C11DFEAB19CED0E0AC0D5213C373DB22A48BD6FEC14049E9D61301A0B8E08AEF5E76E9C0E16560D99E4A8F0975A91722112C003DE3F
J=$4C8DA0E1D71FB905DA7BF2A3E954CCAA6878BBE8315432EAE33E6502FA18585C0C60DFE7B954CC0E20F7F8C7A2EB539C0624FBB04CFFFABA6F15AD05602E68F4A47980EC0DDE13F45284EA1124CA7AC2FEDF052B54D20F612B06E88C47BB9BFCC9BFD0D9684A5E932EC2290DBAA807171545A2D2B216265EFF7468CB90B07DAFBE5F8F8FDCE17D174CCE0C9D090F4E63EF4DBE38AD48FF5D0E83C4F794A6CF71D945D4A0AED976
T=0

[64]
S=$1EDC64
W=-$103A8205D01FB886B23B96EEB9B90D1C510AEE5277F9464EB9AC087C7B40D7902CB955FE8F280508231EC2A7B2C833F82464E660170955D7E7C4A33521388CD1F0D3D59F945E9DCA94FE8AD117C5327883BC
J=-$8D100396C37C72FA5A57974540E94D4E8E9E1D5178D2EFE9937F52F759B28DC0558AC36DA498337DCE5BCB469748FAB8265D472549A6233EF32D62570F23433B3FC9C23EE408A195A0E6E81BFCF029774A783CDC254DCF200AE385523E32A4E353733794910F4728A673D4E19C775F9AF6871E109554257EE1051A945319BE78BD87FE81BD82111C5CD1C0E66295AB1627C5505957EE2D39FB765660130BDDACD2A353
T=0

[65]
S=$1121B794
W=$9345F364FBDBE911F98D599B4E5B2914DDDDCED0669F182ADC43D6BEAA9CDC99A1D834CEDDA52589A7DD50232CCEC9FCE0D83AD3249D31726193506B36E05053BE2B6BC4B4038F17EB839F925B2576E40
J=-$2C2F019B998A315590FD874D7D5368B26275DD4847537394F5E7DEB5615E299DA51A3FF8FEDF065475B7AC9B0453C3FE3A91FA7953806810E8333BB7ABBAC51E2C2D155C959CF2A48400E2C96C136BFA976AC7891B6AA6F30A3DFBB46DC5A4ACEBFD379492A6381EA92B1707C7C97B1C1BBC248FCFBDFF6AD9F2CB694063FADB1D692666C8F900561FD4CAA177E296F42529ED71DF0A059C9054AA2FBAD826794
T=0

[66]
S=$A81E07
W=-$2B9E4428391DA14D929463A17B9DA78EAFA99CF38AAF4BC37DA73EBD0E21C67D081DF9F8A74D5367BBBED4D372EBFF802B4BAB92C21FE459C2CB5B57114F298A05416F71FB887477CD85538999354B
J=-$8AF4FC21FE5CB07BC0F250158968AFE76DA46090C032E370E8394AE450A7192FB79397F8DF39BCA7DE104BB34A40EBC7EFC37C4BFDC16BACA1B2E51A619FBF818493B2EAF5B00117FB9FBEF1A861854324EB08E6DE2C9D24C9F4B3A8126779169648BAADEFFE3BA006CB5B048378A982B48B8C08C3BC45D6EFF1EF0497E81B889C9973BBC49C1E4D897BA401C53EE6034E4183E639720869A7B1BD2571
T=0

[67]
S=$121E393
W=-$369B72E00321856BA6D3A04B79FFB60EB3C825DC7328A78A177B51A867075E01191E8584D3B4B34FCB566DD4F1111F66477813D8DCC17017033B8F8A084EEB6F0462EEB120163914B75732A738D
J=-$17397FECAE2959ABC0B26199AEEFF146FFB1BD99124C94E65D920F64E9BF484E17298D621894BD0BFBC82BDA12588FCCA60A52051F2646FA8C9063BCF70A114DAE061B3A33708946CCC24918B77DD26C90BB0F0E49E192A30ABB21C7D5A7FC47A1F21C73A2763E0F9363284BDAA32F27CDC0AD0E21A98FC565BC058B3A2D11BE44B7A91D7B9E402CAC5768D9AED5579FA9AD2C9EEC0401AB8E7DF
T=0

[68]
S=$149361C
W=-$325BA5D4E7766AB69BAE33BC0948C61035B40A1D0E562BF4D039FE1172E2E82991D69020815E5F0AD032F1E7EFE38D213C1F4546E2F2FCD818AF8A82BEDFB01FB9D35732A886D8434BDDECBC
J=-$4F7CE6E6D56CE668383E338BCAC3C8076D9B4CE3DD2487FC5903697F70247ACA3A0C69592A0656D4841F1D033F243DF19456B858A31EF2197098CCB73A90BDACFBA083B95F3130EE7967748D725B9B8E478C403E2BF252DC4F2BE5C6B3CB323E19AEA591455DA0E8E2B1B79CC66C21A82FA8185AC42E8483F5794DDA289E8759BD652F791997204124C3722C686319AC789819070567FD
T=$2

[69]
S=$23C70
W=$EEB469F2143A619AD013D2931F4B1A3406952DCF9154A6B541D22BA9D6C0EBF64756CFAD2859F8E1FDEF5E5940FE68806C12BF40AAFC089E6120C4BF549A87E397BD422E6625500F48DE
J=-$A053BC1EE847F65D4EDF9708F7D8AD61E0045ACFEAD84FB4AE93A8C3186444D4040B1D100C72D9E8CC904E7AB1E813DC509E6EFFA385FA276C7497BCE18353A068A3CA71BA2F3E76E171EDF559717D627C532FC08C626F3AB76E91259E6A46D41D122B58A394314E96DF20427D84F7B60F01D3A73965AB8064D8B8D23EB1F4D15B4EB0529B759F62F766903FDA451018C9E1FB6C
T=$2

[70]
S=$634544
W=$18B0E36736E1ED41E1325123AE1A0D4B746A32ECE746FBD47757A3154F31AD1ACF8AD9C3A58750E39E942BEF9A8DF7690D298A812536D9DB3198F1E526D4DD84723E95DCCB5E20E035A
J=$36FAB96FF651636B16C114A4B30B5F87EDA0C75CC362B0AEAA5A114AF08D793B0CC291F6E0EF5081C7839342EA276D11E5EE8FE46710F4FA5B86B637BCF86E320E6DEE9E8322F1D50011E068DB120512628CE3550AA54C0646000CDEC2C7EA8495303A28A45850F1091DC91A89F5F2A184C6DFD09A60FE27AD866B0445E4DFCBC821457583F18CF2E770F401DF7E60297489
T=0

[71]
S=$80EC88229E5A42037C
W=$2E0C1728A55F5036F96F414F797FC58A1D6D1087936AD74FEE1862DDBCE0AAE915CA6F902707F6930A3CFAB374CF357CEB54FD7825E65E7D318D5D9AB5449B1358F9B392C0DE1122
J=-$6C8155AAAB67FEF53E09C87F94358E0D574A2F391B9D0D61398E57A00042D671CE5D60BD1571AF70375691C876C424A8C85F132C4A5940A29F852F530C1A1C938B107540659EB5F038E877DBC3D98610AA97197BD9812C6EE3391C167552DC9F2E85DB9A1B476AFB217066C1D982CE47836FDDCB1748D6D9481D17495C3ABE1099A1803AA1904D5F5FB6DCEE9B5681
T=$1

[72]
S=$4DEFC230
W=-$39A04DF671D31D3D66501028322508BE89525228FF4D812A92934834885C56718E4011DD6E5268D719DCD1CDC67170FA8B70B77B9E7575052ACA2D54F83A16A4D81B032
J=$17BAB0A66ECCB7D196098B1E202CA8F72F7A249C8868A5312671D0C8D9B59971991254DB0C6365AA25BD84234723FD28B33C1284AC5BB66D6CE577684E4A9C3BB8450AB6CFCB87A9902BB321691490E7B17F082DF5EA429AA2CCEC621AFDC5AE8C23A0EA0557BEB0984E1926D79D25353070AFD14BFF8F2A7A25B46686492B4F2AA995B9A4F36
T=$2

[73]
S=$26FD344D5691E
W=-$3DDF83C748FB44BB741780B8B1C482F895E2CD3FA2B25FA13FBF7253771DEFDBD320EDC89D4FC4E7A526A770AFD9FC4B8BF150646A1E09C9C049DDE25D705541152
J=$5F86FC095667D216EF8355D03F3C4CCE7F77EE0E44073B6D6C31BB37277B1336FC5A3E09F6E4067DE294F4B475F0027D02D573C5D29A1554B2417ADF2BDBD6EBB619AB5EA581B281AB33D8B6EDDB363FBC15E08B492E40D087FB79161092C85008BEE92C58BD64A43F769F8B3EB64A10D630C1AFA65A204E4CA80CA6BA3BED5C9EBEF
T=0

[74]
S=$118796CCA7A
W=$1AD29A509B99631E7C60AF59C7BB75BC18670BA4DCB64118FBEB3C7BC6C4D15C317FFAABAB5EA9F139AA926F8A2D209F66A9F4F30AFB938167A5FF059C58A
J=-$BDF7DBF0BE6A1F99F6C39716C19AD2770C2B498130DDB5C5D1FFF86F797622BD84CE4A7F9F4E0E0F3F49B88786033B309D6A7B25DC04E6BDD8633BF1EAF2D79AEC7D97128C36CF393C05A60DD940FA5B495B819A11A647C7BDC2965B7FAD3BC44397CEEAA72C40F578FD7617B77A658B13A423FD98699959B916D323
T=0

[75]
S=$582FF
W=-$421282CE3B5D251C31FC401111254F325D040213150A3A05F49EC26CF79F964AD79AF6253627D9AF3079683E450D0865BB605FDAEDFBB804B22857DF
A=-$98
B=$2D2
T=$3

[76]
S=$22CA3
W=-$6F1BC089BE84B7C784A72B71C28F9487F5654CB50C413BAB3430FF55F8120809326BFE95E693EDD354B9F939AC6CE81ABCDF4E1F07D7D7DE0D195
J=$11BEE4984363AE1ACFCFEBE15BF7D9251FA2229FCAC688F6D79689986FE95BF7FBD4CDBC8699543E378108452155A100D567C3CF0C38DEE7986B92143F786F597887ADECE992FF865819FBEC8956C669EF6D55E80EF16EF2387FAB425EB732F122331BE078A8A851622936C201307A73805F07A948
T=$1

[77]
S=$566DF7
W=-$70DE009BA759FFEB1A56B5C26527231B3467E70C1D028A8B7D957A01C9F2267FC0191A5D828B3D45656A7A4EE89BD28F0A1BED825F1B55750C7
J=-$1B67973FE6DD95DF9321421510528DB8E11D04C51F85623C05BE68E37F64BC5F31FF85DC60CD615A6FB736A4A42FCE27F25634706E585DFE1E010F677C9BF41A35BDE139E8AAE2FDF16D4BA0F4CAECDA84CA176BFCF72191AC421FE9456367ECCE065BBE4288B3262A60B6AB83216729090B6D
T=$5

[78]
S=$FE36B6
W=$2604ECA0740473EA17728AEE47A3C181A9EAE45A69F5BC96A2D3CAF5E1EC5909AF24209E3A7E977046FD883FA96ABDA88095F00E50AA348B6
J=$7C44F1D9CB3713417EB8132DD41666031CD6AFAEA488922DBB3EC250A8BA98E0E9C12F81632EFBB721EB98883ED77984A9EB1256C33661D44BA44835B502239361C66212C973FA9E83E1D8B60712C36E9C32EC19D83632FEF4895DE722FE8029523145F98646415EEDA6DC2DF3D67222
T=0

[79]
S=$27C350
W=-$20A9998B1A6F2D3DB7F2669961D0D1B39AE7C762FE4CA310134B4A2B7E6450666ECF22066116C594AD2C85261E67114B54A625637A9726
J=$6F52446EAA141E2DC30E8E6BC091DFB174DC9254AE94F227ABCCB9DC09C327D2CCD380F7DED20DD2885779A7787687BD5FABDDE1FD607D047F5A9016D334DCA8BB0930CF79778AD3ED40D2E8A53C431F7A71A0514BFF29CB4C1E249E1FE9A9B8CB7DA83665DF44832746508458
T=0

[80]
S=$14CF653A1
W=-$61125B0BFAF008D36FEB972D814A5EDE18AC6D6AC4786754C3885260D86ADEF174F131540E5EA0CDFB095C1BD507E24CD95BAC0D703
J=$AA50A4BFB2572780ED6E4234E69FBC64E886AB2FE21886D1C297B4EA630A1741154CD8B3833E2D6244CD3467AA3021A324F6B4DE1592851E0E3506C007769CF9C751EBC19A7152E48C7C84BD6A8626BA53CF36B9C368A29FEEC2188EE52FAD1E760767364EB5665FBCB2
T=0

[81]
S=$2B77F
W=-$41031BE37D815AE32C16683AC033C7F3C22191098930068AF1EE546D2FCD81B4A85935E2A61328539186DECF303F5AF12A75A8F
J=-$14E7735031A066FFDF3753DDA27F887CBFA474627645043B11CDDC70CC5522D8556FAA9210A2BB43C4FC3AB696F5725D87F6AD3B96410F2C5858351554FBC1B0ABDE104EC86A9110885A2C1FF15BF52461697DEEAA7265D0C3C5ABFFCD648113A488629562A81
T=$1

[82]
S=$136
Q=$23

[83]
S=$138DFC
W=$19F0A7C681EBBD844816722D410BC20CF5D87B82EFE6D3BABEBF58D62671170A54AE02367EA88002DB873CB3376A319A30C4
J=-$84A26564D83F9030342AE214352E81E4467ADAB92B4032E83757B82F334726BE805BBFEECB91C044AF45C4F44AB3DC571871F18E413E348A210960E31952D550E5189B1F7643B84EE8D8A693796A2A42946044E9F22229E878A234A17E49175E935811
T=0

[84]
S=$118
Q=$3

[85]
S=$218AB2F54D995FD
W=$A0DF9281A19E6D3EEDABF17E14191FFFD0307118D8A95BF8A1AA88214A04F05A22B6DF07E301CB0E2F2FA0B669845733
J=-$C3DB4B63C5898ECBC4697648A996812340CDE4623BF4972F8D9D6F47645CCC1BB6CD0FA89AD6F500D04EAECEA35DCC488C26F728EFF5A831E45A0F531F78CB36E10109C76CA8908C3F84A4973CBE639CA224843AEF1B4F872F66405A8D2223A
T=0

[86]
S=$141E90
W=$49C0CBC138E178080CEA66E32D280E0C7E397D173CD535A0CA8780717CB159B51498E514919EB4ED62AE0D96E
J=$193CB80CFA322D5C8FF3A1DEB87D453603AA956B0599CBB8C54E0D2380EB920A25E32ECF91C79DEB2B76CA7F1B69C1790A40B31161B5F0FE346FC9003FC4FAAEC83263C0C0BD9B04A68727D58CE91230AD55DF516F27B9BAD
T=$2

[87]
S=$6818B
W=$DDD46F5A99B7944C137A65C28703365F9D5F90651C5140DF9B4A71D82F72D037748F29A31B9BF5E351F657
J=$239B491B57A3E7D70C668B8C9290296207E9C4CD96A9C1C966B11C7C751688BA60454AE491F4BFC123AD808595E36E76D03AC8BBB4C67FD8A161F645F5714D895A66E0D2894E370D55562026E413425F90F8316BA397
T=$3

[88]
S=$20E625
W=-$897C0EF98FBE58DF11845F57758395AEF077E443E97279A8AE2E95E40550ED6EA13311DB0EA34A9B9D83
J=-$7523761C4E44801150EF612D2084B6837AA2E7B742E617143DE1BB16CFF2446043F8A26386DAD284A3B51B41D22234D27CA0D5FE8C421B76EC036DC01263FA68B0F256104D0E2D40BD000255E4C1CDC89FF2CEA
T=$1

[89]
S=$3EB699F5D4
W=$18D84C16EE9FC2C517E8AC96C75E17A06E165728ED524F910A19E7EDA2086B8F4A94DC8D59A305012E
A=$2
B=0
T=$1

[90]
S=$84C0875
W=-$1C41BFD32048E885E0FCC90CD2F3E338A9F1C1E808FEA36AA8E4D6DAC95E782382F9A9A61F417
J=$14EF26E40E8B686E3DA4E9ADEFD47DCCB82964D601E069A63CC8DCB099DD36F98DE4821E0C4063B150F4CFB79825C864992606FCA6D174B74EB6C70C6430EAA87F6AF51E1A4EE86BCCFE5A276
T=$5

[91]
S=$21BBA56
Q=$6

[92]
S=$B56DD47FD2
W=$484178241009BF645F3B2642285D7FC14150C7A75AB175C332D60AE623846C58379300
J=$66BF772ADA6845655D769AE0942E8154BD9CB45AC9B0CC2B3ACE6D7038708CC80E2BEA7A57614E6B08518A60EB913B6E0055BEAD1CF53660C20D9C1C8418537944FA8E358E6
T=$4

[93]
S=$682
B=$2

[94]
S=$14BE37A
W=$323FED054CEDADBCF14B235356AFD9636D92392AA29986BAD251F7BA1D18365E
J=-$3EC30E34E52E11C4AC03E8B2A480DBCBA80ED0F6EC01AC0035C7F130AB68AAF79890711E108CD0EF582134642D7C3659D3F5F1C170A05931E561861E5DFB3C7
T=0

[95]
S=$84755D4
W=$1E677BE1352D61EA8AB45876CDC0EDC809B6ABBAA66688C319EE7DAA904D6
J=$262D1AE53FCCF6B80147EB9072F7D99256A10A4EFFDCCC26854C800A5978E170717A7FB168F6A5AF01747B4B7228E312E0A732667418F9204AF255E75
T=$2

[96]
S=$430C28
W=$1B1CCBC6DDD26FD47BDFF12DA52FD558A64F727A8A883D8C259F869BBE
A=-$1
B=0
T=$2

[97]
S=$6CC198
W=$13D6FF9F5F581EAA8689CCAA55845CCA156BEBCE8232BA7801526EA
A=-$1E
B=$38
T=$1

[98]
S=$13233
W=$469FF534EFBBDCA6255FE8512E84FFE7AB76649EA058B8831EEB
J=$F0732D0279D64DF43D9A46C9ED2F35228CC8611416FE656833FB29264D67AE223C6BFC5E4E22833772365AD5E1FF42D73DC8BC
T=0

[99]
S=$9D2E691857B0
W=$3F9D954707D28E80258BD7B9173420A48A48239AAAB06607FE
J=$235AAD4310C6D73856E6D3AEF4F0D34DCD00E745546338EA208E62EAE29478AE746BDE917ED915C1082B19BA1E1B740D0D4
T=$3

[100]
S=$85D50
W=$248822F176381F18D9D3F88A4034D4E50F963CF48ED6
A=0
B=$2
T=$1

[101]
S=$215612F48
Q=$3

[102]
S=$F76A12DF5E13
W=-$18EEA0223404BEEA65EC84B87C8CA5732EE2A5
J=-$43D353F282D29236342526AC7B948F7F18F37FDD5F2B18C68E8C7B7568C79A544225B60F42
T=0

[103]
S=$327E6
B=$2

[104]
S=$F0
Q=$B

[105]
S=$A21E65
W=$798B61F64F7A849A2F2F3DEB45B7
J=$5C821A0B99D3B66CDDDED902B5B5FEC3AFDBC56B734682A86D0BF5D
T=0

[106]
S=$B11595471A
B=$2

[107]
S=$73FFD
W=$E0659F9A36B134C1737D
A=-$7328
B=$1DBA42
T=0

[108]
S=$173DC
B=$2

[109]
S=$9A02564
W=$5274A797B2779F68
A=-$D70
B=$12F5A
T=$2

[110]
S=$191C
B=$2

[111]
S=$E2F2A9E8
W=-$20AC0DCE5BC
A=-$23
B=$62
T=$1

[Signature]
1=$A266B448EEE06664F2DCDB74217718A01E2C9010043727EE
2=$91FF5CEDF06EE04FD405EDE9053733ED8467DA228B0CA5B4

