[PRIMO - Primality Certificate]
Version=4.3.3 - LX64
WebSite=https://www.ellipsa.eu/
Format=4
ID=B497703821324
Created=Mar-28-2026 04:20:56 PM
TestCount=116
Status=Candidate certified prime

[Comments]
Put here any comment...

[Running Times (Wall-Clock)]
1stPhase=37.32s
2ndPhase=10.58s
Total=47.90s

[Running Times (Processes)]
1stPhase=237s
2ndPhase=65s
Total=302s

[Candidate]
File=/home/lappie/Primo_Batch_Farm/Titan_Group1_Prime2.in
Expression=(4797791281515731837962)^47-(4797791281515731837962-1)^47
N=$616BE0CA5B62913D0E012683704412C641CC329E066F34AB13E4A7B4049C093BF9210C71552070E487544A79CCFC9E2509FB861F601B5EAF33A60615A00B08E659C66785CFCA6F9C320DE4B4F2B6879483428CE7784DFF35F994641C7894D9238A372BA1830EA9492DF8EC50D53E6D41A2D29DEFC1A33E4E995179B4E2C90E17FBF796C2C11B73CA3025972C982152FAAA6C250BD0167A10B2D1CE19BF3C2EE9108CF113958CE4B588F98467C729664FB9DC6010989EFA03B66E3D8A77C371D2E10E948A383DB91E983CA1D7025935D7639A61DB11A07F72D79EE9D4FFE61AC7E753EFC76863B7FEF2E5DB779B7237452C87B8C825BD57F8866F674C908866450BE267A2785346E70642982A714FA4D65B9EAB1082F5C3CAB46A984781EFAEF17B8F6862D8AFE90AE25698CABCB1E631F2311D2833F7127E4D96123294FD58631EA160A65C0AC8D4ACE2CB97D858B22373188F67C78174D55BD350FA05E9619A01A9EBBB9B076F4A11372B7F435B6E031755755EAF6E0ACF0978953BB329587ED5F4567F7D1E179267413EFB5AADEBCF83D268A6B122F01395804466FE5647
HexadecimalSize=830
DecimalSize=1000
BinarySize=3319

[1]
S=$8B846
W=$C8EA0FEBEE32D62CBB67EEF237C3C1D195E91E1993F35338D2FC5345FA0BDF84973D9118E492F11ED3EF625BB23004B001DC849DCD42A61BDF883550ABFF361EB41B8C664FEC699E853E8F5F5F11A66D54385E47C2E1C3412FC72119C4F99B2A3B78A33FE3603F8B0C3AD6111B7216D323B5CED1223972F2E28513FC9AF535B8AC7D914EC3A21371D291D29D102898ABA57743AA0444FF1DA6F11D8CC3C5EFD9FC69B0E4AF386411B525F53A7FC68C35D520210AA8FF9ADB0AD507AB1F34E544E755B97E708F3524BFC58352CC5AB46
J=$2DB4DF9320DF9E0060145C6DE2CD304FCD3C843010CB61132332AF1FC1ED6252883740C8BF61E5261B8F0DA8F144786B7F86CDDED17AD8D3168A54B1D1E777E127CF308BB241D4235C49982C42DAF28921EDF5290CA54880F5638CD8C5D5D0E0E0312D4148F7BA34DBC0F5D019FBCCDE1B7CC8E6D6CF30B4F80BC77080E9B414AA5CD648598D3F1F7B53AF8DBAA36914E19B1F8975FA2ECAAD78BFCF715BF178B71FC4814A27D436B47D6EA555FACEFA5D50D8FBEA1C4801DC97E7E1D55D87E7385AAAC7F1712D0CEB86BF8CB089DC740AC4DD0320C6FC1A43795306D3941BF446E0CD20C349B39E7D46DD7FD50BE2A12D484729482CD452A9F89100C6F3FAB13781327201CE68A9D43B1BA8B4253B27A1DD916F7B81511D041E51DBCB769D08F128C888DF9819ADD6C03E32A17D48E2CB17B0645B7BB649813DD85B0B3D735C01991F1430B12536805DE76FDB1BEAEB28C7E967988480A939DB5499262F1884914AF06883E7DB1C5D8D9DC7E6D6038A710E0E48AB5387E3AEFD6B7E330D01CA4EC74B29A8EECBEB45AE68D8F982C78C6FEC14E969670A972C042D78A6DED3
T=0

[2]
S=$BC26CA762
W=$65559E483E93AA90B1C6A01273D8C87341448749E882BCCB7D1C3AEF1EAAB6DB574C2A1E00A0FF0E4168E10763B5A0682A210DCA66DC628E5B3B3E1CBE3A311AE0CC7912CCBA3FFA415F97A29FD3BB256AF78161F89B9F04D32350AF8D2E5FA3BF77B3AC128A4BE986EAF494567C520278E2A4BCB92E9FB7CECD5E2949A694CC70A0243F12C94D2BE98F72ED63E530505FE41E19F4A6EF43DEBDDEBF043CD06B39AF1755CF32CC8DABE0C04F14C45F5A7FB9C7A2AADD34DCEEB4F54991AE6FE067D4563EF3CBC903782940E86A126
J=$4EFE466F6A76E4E419DB3C3FFF29859490B91AC0E686176FC3901CF04A7AD4FDA30B0CE471E7EA5F0AAF833CC00182E5754BA5F887CD8A898722541C6B02D2092C98491C99195B2E597AE27B72A8A7814AD03A577E8470E6E704DA6F3EF8F74D95AAEA544F3F8D5581DC116AF9B069A7C61638F78485C613726535C0ADD88EDF64D1B68E729257EF57004E1AF79099C557FD5F434710D9613212E74F3A1DF78364BDA777BAC7F39A31C32871B6C83AC822F8A541310834E57A131CCBD14DB328F4437CBD3DFA1749D70B706781899589BDA68B2CA4C1823BB27B7D0386843E6FD03013AD3F287B38299A8C81FD9E349CC58A0B39E93454DA8854036BE2197991AE96885A357288273596D18E26B77CFFF11584D6F1AB956C1AA431194AEDD484BF51BDCE092F6ADAF3FBE1ACB0870DF6A21EAB05A095AC75925C56AC431A498F6E94FE6E6F58A8C51CF5F01AD531CC7E457FEA19C66F5FCE8B0A41F5012CF0B4F182791847715F3760BFC3301C649647D3E5BA95779F60D9BA3A898AD8160C628D64416B6D17E6E698577094DA86C007A5F0C232B619F04F24107C13E
T=0

[3]
S=$20DFEDB
W=-$92BEBAFC2A904120DBBE3A88ADBE75893F082F1C1D4BA715D3A71F9A3B7D66A2D99EFBC3C1EAA9DF5B44F6B7ECF1AD5C3964B0331C6DE591B0AC80455749A7504A0A3CBB4E20A61673F67D34DF679483D917728427FEF6D7480264EF04FA178C96D331BBB0712AC14EF38B81D4AA55ED9956B5A7987A7A02DEB7BD224E89B178F9FB73F7DD6AD5AD692EB166583D2A6F72F94201F8C4992E49D6ECC780112F1B926512AE24D5EA59D3CD4BA123772DF3B642F177E8039138ECBC032BF5227C118010E337A2C17ACEDAC5747D
J=$77B2E442E2236F38DF42EACFBC000164B52542CCAFEC803380A3D19E371AD4FB8AF985BB80CEF3DC2FC7BED73C023F5B9921A8C3FA9BB6F65BF1F2771A4E21FA99C17AF838CBF4A5575B426BFE7CFF5ECB80A8B53143BB320393DFCC5F28850F305DE647F7137B908312830B67330408A561BBA4A11DBB8C4F4DDEC1713FE939E54BC49441872F3476028108B9A4DA7E4BF53B14CF91ED6D2B1FB47E51CEDACC7B129AB83FC95F213E8B9D97383E267D4BE60BEA83A172CAF787147107682F401C53ECEDCE51749BBCC4A095155DEA4922C2D1B36245237F53C269A82CDB4F5DF2ED948E4939AC57CB631E036627090332B6A117D5BC96AB5E47C51D8F0431CBD8B5C4B0CD215FB1D20A397B1490F01F010822BC6C47895F21AA7335DFE176445DD2012A882DF702268F264A1BA4A660BE893C0A8DEB35A866C6D97FCE85BA91579E6EE54DCE2572A9B9FDED16431C24A9FC63F12B10FDAB36E9ED617B8528426DC3F1CB0C9A84D4B68A1D90CC32F2A6FCADEF47B9057A56BCA2224E182D9E1C7E83BB44B665E2E79FF58B5BAC612F828B35F1FC58616A56
T=$2

[4]
S=$428F5
W=$139043DB45514D16194228D03FF611305509CB809DA2ACA0D43F1F5707CF4F240F943A0A50853E9B968D8C08C2E5A3E740EE89FDCC3B906CC17E79C37C81273A202AEF4EB9D6ABE25E4C7BED1586653563AB427621227AB406E0C26F8C2BE5145628F756C13F1A596F343F864D4BF43E59C36CF837B092890A9CB3E6D81321B9FC1B7952850B718B55953E06B5EEB5F3A277D0054574AD374DD5968A293A2889D000ACCDF47A488E3B501C53844DBD1086372853ED261BD20079D3B82C008DD67721DB371B5901965BC533
J=$32AC78AF705D538B7A16E13E846FA520E24D8245D7FA30B3B7E5F89FE3722A2C1E66697E60A3EE78FE6E9FA7CA732CFB3E8A4E053AC3D7A0824F9BB159795B9C820D688C39B8A6BE283BC83C8B4BF3C2C7BCAB5ABD500BB990E0FBEF8592F70F405BE6BE8BFA3DBE9A50C395C82A853D3D3785BEBB8CD048EF7BD3200249990AAEE55CFCD52DBD8190ADBBE94D7161B33886ECD4CA11972E5D67AB34F7467D82D05661C473FEB32B5F38CD91A55FBDFCF63DFF05C184B146BF5711CF490C40AE97DE2F5A8686D3DE355FC375A1712E4AC3157E70B77558278EF2FF2E4D19ACCD3B8BB96AFCBD3055044AF91A4142039781B08797A0B8FC9BBADC2F339DAC79D6128A4B456353BA3CC5C5E3D23B664762BEF17C5251A8F914389BBF9748F8F81C7F3B83C1B690F167A2B505F4D2191FAE90207A7BCDE78819B155AD4D18DDD6D8E1406889E4D53444563A21F55BA92032D4179DB208CD1DF83AAF1DDB3FF76717094D4E467C923DA072F5029DC04F7B833E0BB2850D5CD2B695327D63DDE671F3662D6E1DB1B43F3DD2BEE6A6290188A1A365CB7A60
T=0

[5]
S=$124F31D7FBA
W=$AA968D4A5A5007F83CE13F624F167C2E30F3E22C666F7EE03FA007F76C3ED3F15718C787C64ECBCC34E82222618E1E03E63161D896C001C7FF1225241216C845E73D8DB0E785065BBC36D994035DE0551F365282CA6ADE4C0C03564D6F789BE4335629ED74180E9A7FCBA411E33CDA7C4742E6CA7B2EB2A3F466C14621CA7B7EC6F39876386DF2184EC6CF6310D53A64A182B3D4C66E23197C422E3D5C6E8207DC3BCA29436E776B912A334FF09963809F00B0E68DDED535F02BD102685BEFA047D868152BB8980E0E0
J=$DED5D532136269F88010FF60142B37EC1B9B2CE9E231D1A022DF7B935636AD1E1BAE8232EFC6A7B001E395746AD527A90F9DF062D3949273B1B79843AFACA7FF4FA74B685B4A436247F6244EAA6C880E602BAEBAA198C3A60D840C77199432C8D8EDE21781195B3337208D6FD6330A74D447FB987835CCE6BB45C2279C5A24019FF802ED189AFFDC30A25C38A45E732D369C5AB3EE7D076F64A371D7A5F46D177689BEE41EA7D9E7FAB54746394440C51C3A44065CB0D907DAF230DF7578482EAED94F512B5F42C5F003F77BE2B1A9517D98A6D09B7EF3C44B5A0509C2CBAB2D3BF74C73559A9A1813E60C3B8F48C81DAF3E9AB21DAC3571B8665D098CD3104C045DF479A9420C211AEF17EF168563D46E4B7B88AFCD5768964F5CC7169B508C27ABB55B917FBB7AF21DA088D81145C8C6F5CD26D3A25B7DD0AF3B8B3449818EAAF124C95AB7EB5BC4A9BD3ACFF7FBFF18F740F97F46AD8C608613B6D59A4761FBCCA2264531CD9B132D1B70CD77BD7E4105FB613443BBE6E3A127D79889D99B9D74030CAA6C64A3EF39ACBA67E2074D5D671
T=0

[6]
S=$8BFB528
W=-$27D4805545943906CDA22A861286AB4B0F65BDE5D2C34CFBEEB5662E1CF81E10C8ABDD31DC6B68D1E011B9E3C17AAF7B561827B97B8EEB82BEF44A6AB9DD899571015A052BF0B8FFA23044CBA19C156B5078C1196737496823BE62C97225AD1CCA074E959E07740D78CF7172C31958C9082697F10BEECE11AB59329901A8BEA1A54B1849C1ACA53E888DB04F170E7FDA4C358EAB819AACEFB4A29090B1DE3C73D3DC97B00EDDDB04A2CDD880CAE0C71174BABB32AF3F4D9CB21206ABAA3D86C7C4C320D4F82DFC
J=$8099EDCBA125BAD66842EC6AC524F1E00B82CA0820A50EFA0CF5C0AF614A58B7E657244869AF333D7EB87402944844EFBBC4A396400C16AEA803D19F452D6092B32ED46D5105F539C1663B6B93A4EC6E9905BEE7273D5C407E4EAE3D18CA74DCECACE839D194DCD10D16C25F742FCA2A2FD25DF0AE4E372F5FFEA0920D4709C0000AAFC1BBEA0F3B66FB4C89DA1C5F295289C103B4E5B7242098B7FCA428E684CBB2D8B1D03EDE44C2831520B4F20413170910955FD55CFFC8417BDBC211D0322B7DB3434BB36E5B02A720096D9DFF27C7A1CDB244C0ED8553D4321EAF1F2BAFB015B0775B38F5724AEB41F608EC5A4C41C5C26E9C8A031D83EBB8C26118A001DFB44F9ECF346A490655C828BFF54B091AB63077CFC131AADAF417F983452BFAFA040853DF84F84425D3AFA15CAD2390F9C649B859249E74300733E3554D21C3C818DEC335E9452D4DF209246E30CDEFF47EF57951CF20ADC1B67FE36D457FCE49AD981627B694285BCE5B50D04F077F6E1FD12A986C12A157DB12CC6BD739026E1943E0A2AD8D7A6F7C3AD70F9
T=0

[7]
S=$23B3B43E4D148
W=-$28C847CA0FAF5E71CE54BECE968B1F0186797BE81174D2B1AA962BDBA4A092704FDCA9A7A7FAB3EC627FB4C698036622E92D76D56AA55339B7B6454A76234A7F14E4BC0D6316D486C7F58CD12837A2EB88B43F7553833D3ECB336889A9AE3EDC84636F2A1D8D5952C09DBA841BB327783C5D2D4B07F5E46839419B18511F629F95FD749249C3E04FE5FFAA2E50B80E13F4FB690CCC49B8A6B5FA5D0D85E18170B5B7D32CB959AC009D3960B65ABF8708C4D75E8B0DFEF64F2EE2C56068664E2429B87354F46
J=-$12DBF318655D15980F19EB34A908F701C3513AB99E1D1B9DA9DB023EA748317656087F2F34E7ECE8F42711F93A785840FA695235802B864975E1F135BA6258729571C2C3615D930D7697475C091C2E5EBB93FBF1F0871AADC62D52ED9C90EA5E1A3B07C7FBA50A5C7B12BF3FECC51ED9D4176A8A0C6D1B52DD16C9C089FE1879C6EDE9BB239D648DBEC914CA600D5AFA13DC834F3250133FD756365BB02D1BFF55BEA3DA45F5D34A1BD97C948217C3A151AA914E35373191D69F4CB12DB02D533881D769C2DD979FE0C6611B5127F5E03DAFD5627B1831FE3854011CE225149C6AB0D1EE3F2CA7887AFFC5A4DB71843F7327AB54AA6BDF0825775BD69F9E250CA1AF4957AC173BCD79EA72849122F24EE80F6848FD08E359D5CF8ABCC94B99A6EEBD635EEEDB46449032DD5AC0360243C227FB2DA7AB476765B9D8DA66FB45FB3D492D6E6A2462FA4A391D176CE1B9BF425A3218997E42A313A03A783EF730986CD9E8D2D909CBABCE7A0A9A3448B62899A29D99EA5E05A7A769CEC3A5F48F646D98A0A5AC4F3A5ABACB0
T=0

[8]
S=$D0903F59356
W=$F511F0840A9DCFA4DCCA1A89C2E4E60392D95DD16B72B651AF2243A2D4BCDBFE1F132E59222BB67FE5625F19E8E3115720823000B8D1FCF5D97391393FF57DFF9858AE687693A704D9977C232A773F5DC0C7660FC2709F97D53BC1539F2DF07E9BF06D64CB325204C4D5A523F0BF2945BF7B5EBDA112E6E1F6896632A5D4D2A434D24E29BD41FDF6E30602705AC501D09865952C84EE5CC6482E215613875A01F504211047E8A834E7ED9057700ACD09DEFC8635655ADB3E24ACF42561C3B5698C68
J=$5B762FAE0B90DA6E91BF0AC0E72CF4DD1CF42388B6D4F1B925B20744CB4192DF9E8E93FF48314A6AEA3DB1C7F0F951EAD2106F802BE16E40F784C8D7E614C41038AF8B405B9F703064E81306443364C38C0CA069D1946D4B8A0D267DA3A8EA76F9A1EFEF1FDDCCADE284285BB5F4D9C70682B4579DA584B78EAC0468531694C22C3F41500BCA4896E9191DE2EE90C2C198DF81D8646291AB31E8BDA6564CEE86DADBCA3F8644784874A6066686CD5C0665C1660BB6BCE556702B6AA129399227F7792262E19E7F4B2D05A95797F22577FEC7C667F7B4A3E7EE9BECD2E54C94B89712C1DB42C95D1ECA104B05953F1905937B5EE6FD042567061472BB641F58DF53B1A991120B44676ED72E5F7EBC4EE3E0641CD0EA122529261D294BB585254E6B7ACC18DA3B79B5F4D38BC7CF54AAB33E3B8656AC7A7FEAC3D325E19BBC04BF7EF80A07D23C7BC238214EE203172D79B00849E6648D96D70FD8C1DCD55EE6F5DFE5FDBFB03D644EE357029916355CAF698CB31A4B92C52CCAEBBA490338B70FD93E042C
T=0

[9]
S=$12D0C881
W=$8DF979CCFF3D5DE132C83CF9A6EF14C79C687087E8FA6FD470DC60AB31EC7BA34B87628FDB8637B3148B0BFAA1778B28205332A9862490D7B54A5C43A29012BA1CFC9634C7F4EC4BE9AE5D06EA80704424A8718EDF9D7C747B66688388B6727DB8B4C9A173D8AD77FFB45BA42A12E1A5A2EB851F78A8E94705CE6962A054DC2169268E7CCC7951F8C44709963F3545F6A3837FE88CFAAEBD371C5D3B52B2794B37634EE500FE40966EC9D30BF2E52A3E240F84DA91448B335AD7BF3622C204D
J=-$72262EC5686EBAEA3C19535AE5A468A60EC92605748B02FE40E566DD10187DEA9E745C029F2AFE590C87C2A8EF5B89EC0FBF3EA8A07DAA93AA6ADF7417C0127F141FA22757D9F12B43FC7ABA4DD38236DFAD60778456E70CB74A634C6CDA7AF369DEB19BB90F9CB1CCBD5AC0B168357BD3FACEC6553E25ABEDC5F314EFEB7FA83B9B19266F81C8D419B13E2EA24F2C664FBFC39BA0BDFDF6121AEE238A0201B7EE89F9D63D4436F0F398CE9E6766190B336DC3F20A93ECE4208A3692857C729498480869E861919BC51A17902070E7A56A4CA2BAE5B735A9CDD03378CFBB48E41899FDAD267085077E7491862B429A9D304137DD0ABA2DB4CA19C1A885732502F99A66C897A87618C76874B644527041998E6574C283055C596EB890BA6728BF22A649DF365FF0DC9F4AF123BC1858A81C1545B25BD26ED36312825F21F0C44C61E37565E1C53AE1EB0520A9FC99A6D423FBDE670A5E57467CFF74C485E0CE766ADCB8C4BEB16D90D18CCCA3C5934CE2C8C6A082D10D8602251CEF55877B4
T=$6

[10]
S=$5366A4C42
W=-$14097C8FC2FCFC11795FD7F6000D297F866CBC94F2067C38F539C2A458917AE9B42D28782E5407D3D926BE4FFA0AFB193C108E9D555A326240E849BC39636C58B891ABDC8870B009771C5BD1BD3A2896A4B5E8289481C72C194B4FC1A9FEEE0D70A3A198FE453538820113ECD7C603611998719B0E268D58F7D39A8E2A7EBD68474241C7AACB04C026C0E55009507952233590B3B4BFE755C12110DC66585C55BE4BC9B1E7E7A785EC05611CF44E447A4995C16AA450BADA68DEE108991A
J=-$88898B97006CC2EDE6C8986DB362D40DB5077C89D9CF4F6C5DEEB9AEC545C4AA33B6808F44B757937BF15FC9ED2901D1C8B3D35A22BF82DE67E1AB940B9ABB90E6C3C8CEAAA3B70C02D2B771810FD756A8D53585C4CE3EF7B92466A2E4E8412F3BB82D2A791F457FE8FF1909B093B7D7C75FE95F475DD00E0E6D8B24A42074D52D1029F096B8B993E7EAAFA7FFD49F4D09D1310B03B849AE5249A77FB934AC134D6B8680B8999B818C3FB80455256B87A020F18E2D5D3B8D5F3C99F96FF835EEDD4C94581EE9CBC910D659D6BBC48DEDC4DFA2FE0ADA3D66C79D4DF26CA9963BD98D83254AD3C72335EB7C349776F0900307003680EC445D15359919B0A8100F420546BD03E41F9879057DACB04C638AC8CA95112CE192A10FCD5145891D00B4E7661281E9B2D6DAF0C7DF4FB674611C976F8C4D9BF336C109C42EAE8BE0120093C7A885CB406459EBACB36110481566F9D1A523115701E3D87D902C3226868D0FA0F470339E3008B6C0BE8F5C407F9C3A6A7677531E746E930DE5
T=0

[11]
S=$1B59A09
W=$88746A2EE3A6EB3EB924F5F1B85646110EDCE1EA25B1AAE6FBD3533A7363C540EB51BC6E05AA6A84159ABED5730494BC1F7BA53CE2B81CE9276B42F2C8C488D3923DFCE48B617F15DAB37FAF458E63D08BB7C90ED3A3EB1943188A51D1D92BD0BEC21EF758391F4C0633C83BF0E0747D142490569DB4B281810A03135584620B8760FE2B29F8047E82A2C20733F660DE0B182CCB4EDF5EB4A008C25C710C8236E4956FD7F1FCB2CE07CEE328AACEF7D51CE0A0D3E798FBDE7BB72E9
J=$16DB474EBADCBD5E2AFF22C44ADAC8D9EBB5DDE32C50226D4F748B1D2F3BB4DD0F119A221DDFF594EA32859B239A0B40C52FBFCB0EBBB197512D1BD8287ADB6E246842A78FC26CFD60C5708760478FCCF4F72EFF5A33FA2058775D21FF6A0053BEA3EBA43EADDDEE0C4873C11C14CC74B6CFA2D5099C7E6301D914EDAC902B358EAA29B6C43FD808BF4EB5CB25E8F9FEDEE7C5920E1A62F80617AB06600CB7B16DEA077D61DAD471A25331AF39D404BA499E65AF1B7537F546D172DACD624EF6ADDDD9503E9C5540FF89855995791DED7CCC0A1BF4215F5E35D6616C12E72DD49B75979BB393B765EC21645BBB3E1314BDB09137BBD3B4F43E54EA118D1D624D701C407123E4ED5FE4F3416A10A2FC1BF4000C39AB94AEE06CFE482618A60906D7C4CAF373C691A8F5F928FC5CC2DF68F5B49BBDA6044F3BCE3B7B8EE743BE4CB2D368B4D602A9838FF666C387953B95655D0106F014EE8389A56524BBB58A1D046E817BC62824BDEB90C4CBD17D40709C9CF876771552
T=$1

[12]
S=$28B60D6
W=-$2C46A3B8507FFBB5D6A14CB85E943501B4825959CF377BBA8996AD3967981A83BE68BD34ED63F4525FC1AE19CC7D50524089727FE3A55ABF499494F7CFBCB8F6A03CDF86F2D59839714D27FDBE5A8834B32956B13F3278A99A5A25CFA0D43ADF8B33CC553858539CB8CCA214C53E32368F3F2580FC83A6D3A6FF7F94EB7CFBF652CBC8170D1B453115EED664570937D00F7498B2C0085168BAFFF175FEE277CF6FD2039F3D515BA4E28A424DC1BB30751C4D93D44587CCC25996
J=$D16EA092E522E75A2A0A075593F632E7DF72D8DD7492E53B57658F3CF2075A25DFAF8ED6280C4F82261876B6AD65D2FBD974938B83EB437A53B13CD166307EB41614EBDB3E80AE082F8A7DF36B6A3ED5DAEAB15D350407354F6B74203B68851B0CE5D5F69CD23AA55D3EA7110A02A945230336351868A8C914200810DCE6290E5631410677945A73FCFCF93FD5BA0F817E68C21FF732A5CCC0E491C53BC940E4610C43447A36D8E5A34DEEE8557086F483C1F174428A964604EE2176C85CAD4849EAB50C93F8E90A4EB2BE4FED0DC83CF82C07ED7AECE4209F6106015FB9B71E84FF02237C777E2A45DD031E61DCDD5371777A0697ACF7C3DA2FC3B691C15257ACD8A7BE19C9EDF597ED1F5E80EB69003FE894C3C43F45DB3B41DCC79F6E1AE8DEFF34E94DC6FF2C7B5F49A8964A315F9B4C98562258EF24302886ABCA9FEA0FC74F59F6C2C8A254A6C6B0BEC3A2877C7F1C226DB09788ACC197EA9552878C091DF2CAA94BA6DA77F19F41B3A6B1020C2EA21E7
T=$4

[13]
S=$D2EBB27
W=$2DAF16C11E1BE621475D202A9AD1263F8A9608808B700835ECCDC0EF806BE0F5E831BE439D60CE640EBCD48D8443F4BFC0F22EB9DA0880EAA80FD1F765EDBA272EFE4D046AC74B9E9B09CFEEADA413F541BB38DBBD622C1F9E3F0B8D61488A95E47FE2CEC5A0191704DBA295235F6053BC5BFF1DD4C9090B55042764F997C56E733D43AAB18DBB024923CE4C7F24C7195B275DB475672E82070A7A1AE9BE39D13168BC7529E121A9D7CB508FD7286AF5D2E0133ED5DD3563F
J=$5A4D1022A0D6E2D86C2258C30A04C74FD77707DAC48A56670EE6534103B8C7466E2F3D2CC2C285AC7B8F47C421CA838E1061021F392F81B866B95B176E132A602A11D55DF7966E50A5AF238BD1D473737C28C07CA7A15CA07311594AC393569228E539C090D534E87FB0D0774E3836AF7723D115187C875D918D676E6450F71237F575B12743819D4E85E8FB7E1620BAA963122C183926EC0CC82ABED0AB5E164D84BE53A989C16664DA728A3225101D13AA3381AD4079F508D723BAE8D1392D1B5A4C35388070E28882E1723C250F56992B4B147AB5B95567B60E40FC0EB862C80EC01DA643E51AA6F73AFF3DA843C2B33D88868BF51DE18F3910119EF55364DCCCEF0759B3D854336F2A66CEA33CAFC073D1BEF2874DC04F6A06F12EF68FDAF8D477AD01AC1A3371C211996AB5BE3E37100C6B75A644B1FC6F6477F5D07C4A2A34B61E508A1F031A12C09E3F4106BE36E5C296E27EC094A1C42BC08C8257A7E7CAB9291504DBE7D286A1D71E6996C09
T=$2

[14]
S=$53C5C4
W=$1B31EB37093593B9B8B288C40C61AE02A626034C310B84CFDC244AC131EFF3CAC3ABFBAA7C8E423C3AC79F639DC314992604613E601998BA614B7208535949EC766C61FBBCBB67E5DE00462BF1A8191DB481C6F2F40492B3DF9C1DD5D425D94E583F401170B00B9399B3C80A69E55C1EA10D4E52EBED5B320F5DD06F09C10540BA1CA629F6BA6F8A3317E3FC6EE47F161928F4EE064A21585635D9708B14EB8E6A34AAF34E77072734505410F4DAA691D429F20CA989BE
J=$77B0DC0790FAFCAF94A216A342DFD93C5835C161460CC973676AF740E3506C2C3A2B9CD5E97F1F08DD1E56AE9159CE3401B854B3774F6E6823FBF758FCFABE9CFAF3DE10EE619C2228AEEC33B7E2D6629A44E06222C5CEE888CFBC7BBCB7FDF92946E26C7BA2D2A665564820A6BC7FA1C987D617D20ED75DA272E1F36C86BFB66C0E557432CE53D4C2E57F296443DA7AA466BABDBC5F7F32E61613FD1A47D6A6E95ACD6D2C2EEBD0D97A37AA9CF8831798F82616F2D54DAF8DF12067E467BE4B8D628379AAD8893497D6ED7457D27DD860F09324F7F120D840D670E10DC6392D81400321630D91C0E1441134979962D0CE938D8C2EF054C2547496EF8ECD9F7141904F79DFA18B0D50ABFD929982B2F7B8D2ED9E9007304DD7DEC998AA038EBF7E8E6B17B8C3D64D240D344B4CFEC6A92B0CC32D9BAB5C69172E9EBB4007DDB82B3ABF2E4FA1AB5ED3F09F97BDE10AEB4482CEDB4DBE8DFBBFA17470A541B81626F9C41A62D2EBF2DDD4B5F36E
T=0

[15]
S=$666CD4DF9ADC
W=-$391444C6B8F3EE8A90B7A212BB8A1FEC902AFB177D903D18094439AE2C5DC5F0ED9634BD88366C09E748ED9E093586309C7BC072060FAAB640D2BA88B1C9FB1F0FC09E430B8724B113CE04A6F832C712ABE649E9141653731E18BF4E47EFFA44AF762BD2DBC42E5AB91C03C534C8E13F9BB5C092A544198F9862E763793909B076E42A6DED97A889B5BE2C83046DEC4D96EEF2B52A2197E27AE82A23EE36EC7CCA8E164FAB96075C64294EE93255067E6A1CAC74DC6
J=$423779BF7BE7380442B2E602CF1269CD965B45D2F9D28AB01582CB54ABCC7B67F20CDB4D749BB72DF4ED7D99CEF83EDA23067201B70CED424E55B96572DCE1E0E56B1C23E9E693FF788F1B5AE70275BCE0DED475767C382C2919CEF25BA19C060AA8D9B0A283954E39271A777B0E8BB42360D6BE44D8BFAB3A596A0C1B5CAB79A476D714F1B30EFAEB9FFF00CC484F2238F0040C5ECB635331403966C484E2D976BC9FD9C544AA16ACA4A1272C8CC542A007B1811AFE7870969CBDF67FF2AFADEA6A78E864773B3D80626C7B1248F201F8FC487A3824DFAB7814015874CF773693FC9F7843B83BC9A00CA84A18D7419FFD52955C4218BF9309EF9FBCEC89FCC4295275A1F71197E21EBD6BC1AC19685FFB1DBAF3EBAF7D17191833603984C4D97E1380436B274F32B15C72E8062B2F5DEE55324478573891BF4626DA478432C390AF194CCE3C692E85CF23FD07D11700FB19883628A0253769CBCA4569FD362C79194E41B087C1047255
T=0

[16]
S=$2ACABAF0
W=$409789213E52C5BFA483C2A78985E32ED89960470CB0DA691C5F29A691E052B0C2B190B6641B5028BC70619685DB5BEEF5FEE28EE735900D1577D82A113C972B4724AFA539BF9CC72BFD2DB00C49977D81B451BAFBC84BC5AB3445BAB187EAE0217D0B4E50402EB5899D6CE74C9E7E5C56EA83281AC029728145948277695ED7A7F0FAB96EB6B06C8D11A8D86FDFCA120C242C412B6CBE54EF4AF53DB7D6DA3CF1C0ED8586E3C442091D13C352039131D78CA
J=-$2889C548062B086F09D37778BF0B0755E469A09D15B42F722C098B58328CC6CEA0FB971D73BF359533F2D82F507DC14A401079F7472C7E7FE0570B3620A13C6A7B637E3F89E75C7C5F342DDE53BF662DE01784A1256EEBD910A9ED96930CFEF3B346C28E4B077A7E2F03FE90E65AE1986838D421562CABCE119D4ABF493FC2E564440A644FEB209AC11448901202C197F054751C84CFB5188E05D91EB1C33B45D0DE12BDE0491F463DB5F4CBB4687E75ACAD1BCCD0D0408A3C9BFFDC63A3383614871E2815829F4B97AF4FA613F3416A6CFB5772B16B5B69DAD7E58ED6AA34DEF2B6BC19372C0658E65C86B5E7AFC05A9E2C4A25731560ED0171D3AF2BA69D52A4EDD321C5D9C34E1E472F6F2F0515396AA000AA6BB2DF9B381FAEEBBDF1D835F5BE5EE586409E5D46F686B595F41248B151044F87AAA923D1B2283F149C5F53AA93ACD3FD94581D0E1FE5A0C6F059366733818CE27636A690254996115ADFA36FBC6F137
T=0

[17]
S=$1099FD056
W=$97B41575F444EBFBF0F33B816037CD78F7891E09C87B3595FA8145AD6B40AE4D5DF18D77FC52395E61D7384A7C2B7C655E3CEED2FFD91F287E4B38AAA1F73DE3E1EF7BCA98D84EB41E72ED5E160E83FDEC120CAF0198C8ADDC62D06A0E2591FB6B99FEB9D16B467B5AE9F516DDF7B4A608D6044C0EE6209017E3841CE766A63495D8E3BF5F3C1CFD7C193DDC5867F723E8BBD3399DA462F2AAB211F516DA550009FCDF9BEF676790A744AED41EEBD1C84
J=-$19E15A0716159025F729EDB67695DCB83BB69C8BF3B90A8F19F0BF9736F0DC4C95797BE0ECD51EB2F0653C025F9ADBE80EF044DB24215BBFF4ABEEB7E40FBF78D91528067C44D16F594DB0AC39BF8B9845F1720F98202541B3C0D743A78DA489CC79E8AA67C0FAA045B824A5E3DB2741F22A61176CEAE1D2AE5C676F7D81ECFD7F29718D1261D77FC941A7FFEB724103BC43A91E11C3DCDCA56DD934D72D91F862671BAEDD0FB9FD40BA086A49D059BDE4E56FF4F4409F95E74774EFD29B93BA3C83467DCC8DB80967306F18F81F2BB795A4B1F4718751660434CA49154092FA0867437D42A0B1283229184288736E5702CB1BBE88465100B6D9AAD600150894E89C889C7521BC33CAC32F681830A907FD6BA420A693ED9480976EE86F0E67A6F297AB4BE011BA91ED5FA05D95587915DFDD118369C6C1555119183368FFEDFC12C884FD2E7A9AEBE759AB3A218F21B41274655D85A5FE9680AB10DCDB30AECD3
T=0

[18]
S=$14CD226
W=-$DEA4A9B2DEE7490457D7D25A0EFE082B56809313F657CF36BDDDAC5D21447AA5D8569F6EC9E31AF1D5B0BA512D9468EE45F264470A22A97DABDBE9FC5A3E0896B60BA15A1A2439530C15598E10C985F7082628878920FA0ECFC277083D99E6175019CC15E00124A4B5D867E2B94BAFC2E5D95058F506B498F43CB3A0545F46D78C26FF0B04FFB3934A8E8C9FBC49E7F18EF35EB45410B587D7FE05FB12A1F48710F5BEE0C754E171D296337CE588C
J=$13160583D6C63AACDAAEF007F092AD378D4609C78A62828B1433E1606D111AE5D85C2195975A6F0A83C68C57D30262E253E654196EFB345C2D8272745069065B2BE7BA5A562E93D5F7AEBA1124B8059746D60467D966C5E3DE46157AC5E264B51EC039C3B2B3C1E912FC0AB73E0A45A34021CFDD6E384DC1E3C3195B394FD4048C12B976E232468BD62D320095308B3A65E7F9464EB1D2572F9F5B007A7ED9D1380A086C70D889496A499ECD66F60DE424FB03711C7DF5A5F1436D8582EF9BA783D16D1EF99FEC125B578BDA46E8802B51D75D1A520DF2D08407E9EE525105C3C42F68EA2D2C7839281D529AFCBB2C2D393C387EA0CED17B59E7EDEB61003D0B5931BFE2ABA5CF8ABA964EE2C405BDC86E1BF13B484718430D5F94BF3C7B71A47566F04F7EFCCDA406703D070F9F70B34BB9715978E7E0405FEDB8FD761801EBF9A40BE9AED4DADC8E1F4F7B5E3AE4EE547D604B4932D50D194A95B28A
T=0

[19]
S=$310C23A
W=-$549FBBCD02624D9EA54872E821EC869387BC2777BB84B8CBF854FC1084F9B6D4F305E724F061869C97456BC25C9D962F9E73EC0B6D1EBE289B24C5D73D438442C78EDF86ACEAEBD525EC96AA884FD363ECDA30E6110FFDC4B0FA2046EA6239CC5386E4AF2755B2DBF051FC58011B1B05060F7E38E1D9F7B148281D7DD01AAC572382A1DE57A537AFC460F0ADBEA927AF0F6F5BBA79867042D4F3D3B6559E6EEFF3AC7CB682EDB30A1834ADEC22
J=-$24882343DDB58DDDD20BBBB24A7A6DCCA3BF1AF53CCFD1A495DFE15ADE8A4234BAB58CE31C2EDE3D1FD6676CDC5C592D5A27B82F512F15E2C5B76F47D9CAD48601CFE55DDA0EDF591DD402E30AA035566710E6A1FF3BB7FB3CD8D47CC7CB621DE416035B90B23BDA65C5EC579B54E3F365E6DEFCB01CB1A26F103DC7A82A84A31C1A8EB366F8AA20F14C5A28D7394615B875D7FDDF2087A2B54FA5E6FDC1859A693576B10B85447C48DB49317DBEB3A236B64E697C6E0DCB747C284094331767C0EE59F4C37DA73AE4683736291B213B86AF1D455974E57B680164708D3F99512015CB0AA20BA7F0E05418D7A97C4EEE351DC2262A2451CB62FDFFEEF710F537F5F268752ABC7131B3442D9FB3FE56131F5157DEFACFF8F375A75A3E65E7DD1A57653BD3402577ADE78FB69605F2C366E42D005DB350D2B0A532CDB5783F86341CC4D9A3ECBA292BE0DC9C9340F52DB97538C3628EA311A7C15
T=0

[20]
S=$18D8
B=$2

[21]
S=$5A2656DED254
W=$1671BF1EFEE5A345A0AF90CEB433CD9EEBC8F01E692C440D4082A05FFE89DCFFC5F94E1AC31E7DE8A8FB310664AA770E50E4371215B0D10188477867510EFF556D0870637A70CAE10B5A13558068F984A790BD30E032E98DB629D20FA3FF5272C8224B5DD1490EA684F6CD3C53496754C38292C4DEA496A4D539BF7BE599BA6CADF9A0FA9F09AFAD09364F267E9C099B1678B7755BF030841867F8F57937233C3564B39FA313FA8FCAFBF6
J=$3B280C6AD70A4BD9D46BE1959A2D4B79B58F8B99D0612A3055E65770FDB5ABE95D963D191569061F6A9E0981A9DCC112607B995EC7ACE840D95E86B8340495D482323235B424B4C73FE39C6F99985998D40354D45F7EAF7F8A263F1253EB07EB6AA20E88CDC1DEA88F22369DC35A63B295F8E2B8C367A8202F25FD51531B90819304B104FBA6F36E08BD1F979F11B7B991ED871AE937D2126487BB369239827E7B72B6287272BFCC50BDD9999AE3F49888345548AFF5CD531EE5F86CA0F54A355E093DD32B6F2F66D8D89C2D0AD03ACE804B91B246A7271C09D4BEEDFDDD2000C234EA636827D760783C048F3C44C9176B9ED4B1C21D051A37CE47E8FB11527751530F61C6AB986DEE9F37B2EF05D9A03A276DD694205781074BF13F2A878A194FAB680B72495DAFE726CDBE03972E5A5A27CD3EA4020CA75C779F1EC71A6826C80EE2A7A1B66884F10958B9F9DC9BE343ED0DB396
T=0

[22]
S=$1B8E74
W=$21757F4EB2C15341A6F7766153696D5401777EDF6CBCBF2ADDB2C9CE708718843198256D88DAFB9A5BA48425C89D8F158433687DB0BC154B5BCAD989811D89B6DF454F63BF9E1DE032DD06F72C838C8900E8CD3E7D9CA235EE2B1DFD590585F0502FB9FBCFCEF72E9C714A27AE9015E24E458689C405C587C85BBB9581D0C33B3F4643686DEF4CD474C6928FADE781B2F8F5FC830ACC9DF4492820CE13EE35639CDC00233C224D46
J=$1ADC364E440FA1CBD69AD366C88449C916F6534BC6883DE9F96143E1A7110AEFA96A2098445FC0ADF4A8089F3D5198C1710A9D5C274A4409F8FC46A73E82C89B6379E4ADE8F2F9FE0DE8B9023803F87DD71D9E3A5657E61A10691E042CE633D66F6E787B6848669232688CD267F5D4E0F86D5D301FDE145D90C72B3E433BD72DF40E4A526184C69F65AA83299CF80F0776000CB1213E5E6DEC13A0DB20B7C5ABEC96EB0E60C65597C0EA41718ADD528871E6718F279505394C953812FEF250F30CA6C62DE40D45F894BE9CF2A7EDF812A14A87D3527E3069A15711203BD135BA5C3983760444186E547EF494FD4972E5F9837B314EE903737D138CDA898699F31BB0DFC43C39F573FDDE6C54DD1836AE34322DDCF7B46304167406C330505C404B941A7EE7D936827F445B5659EE63F7EC3FF03C5D951A6E0DD3BBE05EBD7070F5AF97F8ED0EEED4B602369982C27F
T=$1

[23]
S=$32343993
W=-$38767270A271CAB02E4B9DCDA2A75B7459FF50E27B8E816937B1AD94B861AF62183BC7692F834F7399628051F7277B9A22D0BCEDBD9AD9C60090A60AC91EBF2D84A15CF1CACEF736009EEA4B7E6188CCE77584A9B37B37751CBA69B63BBD35BD8648D5A08762ECDA54E83024A164E7BE5138C2111D710A482EC9650C5328D35D870BB7BF6D7F5BAE6DC16EE8A4FE59535F0AF0377291B15C651D5545FBF94B63424FB80E5AFED
J=-$110FFE74682A28EFB8D2A889D4EA2547EC0685070C5FDC83E6D80F99733B8651C9B48EE510E937E05D3F594B0FFF728034DB2220E104F946850F8416E90FCEDD3A5EA066A3D68E1B2D205783B5BE61ABD624E50AAD5DCE96D0EC193B44C883BE35E4CF4CABF9640A50C5B745AB756956C4CB3774282EB2BCC4C023B751721446297D4340234F73209B7E0417FFD0095DBA778BB3AE51DB821F40B38963EC53673540BDE0E4F8AC17F303CD9A0F724E73777F0C6A74BEFA3496171584686E13D0239A6B09BB9E3AAE7C0A49FF8B1526B8D08E0095DA7C6478825CAF377D4757996D13B3D2FC62E9BA19A8011DC3FC37CCEF84BF5C4A06CEB14B1E8B1087D4AFEC96D63B2A367B631E8F30234B5D5C2A438536B854BF5811484C7BB8A47C2FB77484D1098E76D13B9EC44D7FB06870466664162EB0C20D97F7F1F111C66518430F52C8909AA685CF92F1CB8351C
T=0

[24]
S=$E57BCE4
W=-$2BC0A624EF3F8F2EB58C84D442B8E4774DA616D735227AC3A79FAD2151D0A4C580223CBD1527C2AEEAE20E4D96652C084627B8F1E7401A609C570913642A1E028A53D804A42C59517D40FAE054A484EB4CB98A77F1D068915B02180EAC015DC922674AC527AC2681908D2099ED3090FEFEEDF8AABB2EB6350908862EEE4CFDC0EAB4C9323E6424AF9B70BF4E7E9A76095177664B370B9AF6026D7C2B0B4DD63499193FBB0
J=$19EA6FE88128A18A6AEF64B3F4B683FBF87B94639C3A5172655F904781CD8A507FAE098EF4695253BE0EA0FEE062270E3C381ADBF8AB4874A183939043E3AC67DB806ABE6D550170C83F15E3D108F234ABA73F4E4FCA560BC111E4C03665BBDC7D74B4E083B4570F2CAC3236609EBA85835999E32F262958135245446E39C46369AE3761F0F59158E7B45DE82C29A93F40C5D26767A867F4B71875663FA1F165133FDD495072B898385B7293DC512B9F756886EEBE1FD12E369907E76946E69BE68372C8B8E4A1D6DF570202EBD3C5D16A3FDB1BAECB3B5D4DB05B7E32CA72C237B2DDC42640E1BAD86C4BA480006828D24AE25536DB09831C200E775B480120DE439647376688F5A136CDB184A88410C896523D97C1C09B07FFFBF8BAD90BCEB19630499009ADD851EEDAF64F53FADF7F1C50A5EB90EF220D9642A88B247AE0435029F803DFF47204
T=$1

[25]
S=$1F6A1A0A
W=$40EC0D61FD72589F5E04C69EDDF4CD2B2A46172F5EF3F4F59772064DCBBAD4B2B643EC2827A179A8DE4598B791FC98D383FE52322576E06D07E704C478C2BD26324B7E9813AFD1C3C4B02FA769D08A8E01B182AD1BE60E7C9FC108DE60FCEBD808E9949C65289805F38695F9CB81E3AEEBAFB81DC15D8501D4956B9696B25140B8A27FFFDDC02879C31F50F0DDB1C331DEDB50F2F347C30A59EF3E20E2F5998CD49ABC
J=-$1FE3763F3608A17AB9706F0FA84B61197CDEDF961A638D4376B59D7BD95E13E26E66FBC31675A17E03ED62014BD1AB218697B71A354F0BB84EFCC296C30727D7B500AA3AA3105A504C7F49D6F72A484285F05526278B9544CB5A1B2DFDC22CBAFB6CD8E3BDB93904627B88885FDC31414AC1B98E86418B58CEB387E5F4A33C61C1745A5EB7CB0640F44902BD2ABF9D2537A307CF1417AECFEC37B2AC2EC98B9B0A2BA14265995B4759A011013B2332034B8FA28733F5FE15A16F1E4082E4DC0DAD46D6EED9647DE4A634A1535E19824571E0A3E729D610ABD11BCC32181B9525B29E004FF2E846636E7A93392EA83E9FD895465056247A0FE7A20C85F6B0DFB464A7DC2C887EFB35623C565576E8F5A8DF48317F44EE618964802D5994AAC9DC6F9BEC4A959918F18F297F18AA6383350224A42E31EF94D1AC8D27AECEC7B04F7390A32633F
T=0

[26]
S=$3989CF92
W=$741949B6D23BF2359562B465599DC97143A84BC78A21F3C24F8DA2C5ACAB87DC77670AAD3375B31C4100982EE513D2EB39CCFA9B31FD506E6FFC71C8915B2F81A4E535D69900E8BD1C59DD0CAFBADE89CD764E0341F9DE6A6D80307FDC225559E9BB6941578D8DF1F811EDAB46C08825581D888E8B37DAA04CF1725F57409482194527693226D4A86BA39064041364FF66A2867C642985A66955DA06875E5F8620
J=$84A26983E88FC74E81CFE8F112E0C13A494853FB7EA4CB1265B88E860DEA59FF0ED4C6FACBBA3E77D122801059C3E92CD23F9C7AD56C8DACAE9E3991F3AD8DB6B086562C508CB937FC6896F70ADE22E659DE5629DD1867C4420F208A2F1E46552BC25706E3B582FA54B72388CA2FF2F440F5BF98BD5DA436D16DBBBCEB86FDB3B8189DC3715E67157B9F5F30D84A2255DCD62CCCBCBC773A4E0D1828C39BDB3688B6CE5E28E1B9E6DBCE0A611A8FED16385DF14964B6B6806C4A49B751B7B97B9A427F1F6BA7ACC00EC589FD3DE6C3245FBC85CE21D28B87252EA5ADD47DE22C9D44A90B830B4A124A6974A040D5B1E995636173E7EB230D7BBEBD5DA5D8301E82C12CA6BA8D1DA983F7F7E75F99073F7C35D5774D195D431DEA8BE65BEF2620B365F64B112748AAD4DB0BF3CE5099B1412D41782B14DB03C1CCE21F9DE3CC7CAA2
T=$1

[27]
S=$19FF6
W=-$11DD9967547EF2C3608D94F3105420CA74235DA250D39D9CBE5AE1634186EAEAC9D614455445EAFE42D44E590CFC574E4089C0E713C49B2C29BD34CBC01612888D3E86DE3DB2C82CB51BA97DB9C3633495D5CC8E96A34FC04CFAAA5564C891C3F87ACC8CAB010813E0D12A2715448E87915F01F3691CBBCF18CD12B31C05BEEBA84E749029488D54F25FB08A9F9969105AF07E33D503EA6F9DE3D28D9883AF2
J=-$490E8FEE241B9819058EE1427892B5765325CC1DAEEACD82D97DC9393E450017B4FA3B3511F2A00F2AC8DA8EF32DB52F2001370C193D728F232F262765EE9B1AEFB0C6E9660B4DD677288AD4DBD48F75F4AFB94A37E26E56A99FC7EA445470B48BF695CD963AFAF06C8CDBF7D876B88F1864A5A356844ED9CE866AD25FAC2CFBA5E2834859627E0319921CF7B9EC989E39BECE870DF709BAF7001996E5663F7B1FA7369EE13AD01D1ADD6961F8D5D0319F453C82DECFEE9EB20D1ABD308768E391355FB6775C9258516EFD108E608BD8BE1ACEE7D222F837B17B0E83B79B50AFB275C08B5DC0F17DD0AB0FB51657246FD5D0EF3E742ECE135D55ADAC802A9C602A7B6F4079BB915378D69A0857F814C093EE74DD43DD9720FF0ACBFFA12616CD1D641C1CAEB85C2463155CDD175889830CDA7F0F19B64AF5C90E1C97A665
T=$2

[28]
S=$C905B00
W=-$105771BE539C1D6995A159545F334C34AF43273235C7AD8A09F1A4B82BD24A78771D1AB338D403238BA31DB1D562274BC0E3A5702910BECB422E8030A11920CE2F2BA7725DB7D1AC395B18C9F14168B33642C810D741F54AFFFF875EE54C98F59BF6A5636129655376849CF3A51B1D0D3099047289F55D585F0BA40061FC3D18990DA1E35C72CC4484D5BCD37AB6618FD638C92AC0A8B7A8A5A9A88868B8
J=-$28DA47ADE70E05205F96ECF702233C53F1C51201EC2328F58436D591A79A7E370C39198F730DF65BE84B1284B71B20E68DF5F87E7163D0CA14DD129C219E079AE7122F6B4B415F5C038B71351AB5FC14693324DCFB33FE535D4EB1FF81B46290AB68FA21A025232EDC069B77890E1A34A694FFCFF75DB79551F07C72FBBC36BE806CA66091F2F6C51577314657A0F843AC7B7B6E85FD343B33C187B248B7EE1580F834AA2B8B5B4756C032A0A53CEEC85727380926D99847BB24707A386B7A8B145DE1CADE72CCB30E2668EDE9371143BF5A7CCB7F224B9D64029FEAC445B3981B980A909351A9C1B51EDEF21DA337CFECACB73BA02DC03548977F14E7B2288F7A7A6A8D5BE6EF56E22DBF1D326ED555AEC8CF72580C25F87CA37A76B8BA2FE4F9BDB30D2BCB0DFE91D441DF142A16092B7B766FC2095942DC813269
T=0

[29]
S=$28115F8AF
W=-$381068248F8C03AEDD9C99E01E6FA899DC4D63B3454F5CAACB6891D1946515AAC8573E95D16A9B95763F02B228A513D8C7B5B01671875B9994DFE80F0463284E37AA02D659CFD16534F2F87A2270CEFD6DD545779F761A2C75EE78C4128EED0FA41A2482E04CB0D7F5C355540D859E423D414C78B422E4420AEF35A052728ED2812B65AE0EA576EA8F04E54BA3D40AE720E7A89B1E57E934BE0AFD18F
J=-$1A5F982153911D9CD76CBE08D91DA1CC219D86165E5AAB06E83297DB04BABE9939D249B489FB5485BD87F952CD71455E8224E5B22B1D90097BDD9AD56C88A44CAE76D53A7FF7EC5F96E2B11ECB3E5F67044508A04A3BF874604C6B265B6280B5519C8DB5AA59BA21D81FC44323374AF956BBB5C73A158424D45206D442591EAC1419AA99D338007CA5BA32278C3E6F6E15636CF83A658307780F2D3590FE29404295B82801CCFDBC6BB240F65E7268070E8D5B3B65AB5722B48268FB54DE7C0D65AF7C3A17988B07949B33BE7D51842A75A1B2CE6F70CCD1455ADA5D12E5BEAE9874A12D6A4DD53554D9D16B84FF4BACFBA46C754A4F00BC1E88AB09E22FD8B32DA235AFAC4B3CBA72815BEFF1ED0A3B2DBBD03E50E7CE2216C5251D8B88677AB7E7184E6BF74E7A2CED5DB965A961796B96DC504C2443CB2
T=$3

[30]
S=$1301FA4
W=-$2C747BA09910D71896FF92B87FCB2B808CEF43229E9F8F0F25FED1FEE1C2255C342C6CFCB91FCA3E437C70A57D7F84EAA418811CE0C9E68F43AB6253850C38A73D778930FF2C31B0780D6D5DC12A6F82E382B39F911787593561ECF54C490C34B464C4A3DD045DE4A4A21B1DE01994827BAA39D4F76CE820BC3EFD4DCF079DF7D1D741AAF486830CCD458582CE967E586C9DD9754D1F8033DB280
A=-$98
B=$2D2
T=0

[31]
S=$3A9821136
W=-$2812B4FA12C9272E1F5EF10A73BE20FBE6FB08E38E623FEEFFD741846E282D83D2BE90537042CB449CF71F1375319493DEE54ED2D3AD9FA4C3F5F0861339AE0E8728F2F2F8EE0DE6D26CCF4D7F90B00F960023C52E480C2D00252C39E30EBAD34DEBF15F88B8786A6BC6EE51A628DD7ABF94F4DE790C68B3FDF4011359D6CE1956EF78E2DE88A84FC983815ECA78FF30CB3FA9F27D11AE44D0
J=-$DF95BF806CF4558A161CC81AC92CE722B3C766DF2211F611319C298A6629FFC7ED6C856B7BA2BBC117D93D15B7C88C592915EDC8A4318EA8ED87D51028743C4F97761C28B4312EAB650C93635E80DF0721419DF4EF43A912AAB24F4E1F2B84B0997244DD683A69CFEBA60A5C31F581DF22AC40C9DFCAABFD18C34F6F8A5934413F9F45BC487AD2257D172B7D7DFE391DE7F7C91D4C0A02B19C7401733C07B908AECB524C3AAAB190F0286A7D5A7FC42D4DC6522C6B7A89B0815318A4F03F634EBC58B7656718A711B3C7A081176D1BA045EBB33989E1FB2C01055358EA7C21B57D9E90C2855C346F98425CA869B550D45F63E9587F1ED3FBF5295E11869C558AA9643CD062F4FD3D26977737545E9BA8ED471F258BF6ECF94D046E98EB5D640CC3B88D7054D662E03B99A5C9B5A6B9A2B9
T=$1

[32]
S=$10CE8B6C
W=$1019284B1AE93244DC6D57F495C6FCAF6B0FD537FA953502C90A24325092DB0684B4BDB4D68F31EBDE87557EBFA2D97B005444B820BB2D83FD6B7DC6E7A00417185F249B6B7EFC1EF4610748000F76C34EF379E4FAA305A14A846AB94DE8E00AD014075389EF5C839395B6705471F1CB840053B588B2E6B19DC418386ACF47E6309E72D500A834427F3D8134157E527B68122035E67986
J=-$D61B71F0BCD72C5905123F82BDEEC173791D5B76F6FF12D650FE3C3A9791030D925854944AD75B0E42A30A0D659C7B0DF8D23EF01C6E3A773152541505B65A4AF11E8ECA73618B8FED9EED92F405AD6145BEBAA204E8DF2068459FABE8978D02911CC77B9619A72AFFA193A46C3C01D9DC08AFE4F05DC4828200B6CD6315DF58144BDD20370CA38CF12926FC21FBE0F76FE50471DFC7D88B892770ADEBE5112B5E9A907D37171A2E646DBABF7F10413C948DB9AB5FB8CC5EA8E282D2910E2FE6F9595FB8E1CC3F724BA8E5DEC512E85B8CBC3BFFCC9C8033E196813C084FD82963A93ED06F7BB94E1BDEEF26F680D8396F257DD537E1F1357154A3798E5A30F0B9F9CA7E3A95BEB11774BB419FB56C6F7DFE53D03EA4586C50335275EDB1EBC332B09130E6F6BE85EC090D355
T=$4

[33]
S=$23727127
W=$BA85CA9B0CB8E7F940534012AD9AC4EAFC21CCBF5409F4200E75CE8E660A013E7DBFAC7EBE8AB73D497DEAB3B42E1D59F73C84D3CFEEA3EBA882A4573541DAE29F0E558647A346815201A3BAB4B1202D0AA8C6DAFA97E63E786C31B941B4CF9F9E6DA1A7B9D5A3B48B6219B5BFB8BDF58C19F8A7BFEA4829FC590644A20EE52D82CF5BF99F19EB131C507130DA23D9130415F144F
A=0
B=$3
T=$1

[34]
S=$47CBAD74
W=$12046D1D98C01AF652EC59915C501F42EDA115DAA249803D52FD0D9DEF9D152C743DD33AA077515A773532700971C273FE7318A9676110DC920B90D86FCF00DC38E6753B1E733476551B734AE4F25FA87B0D9E095B05F5D4E1A795783D4644FB55AC0BDCB03A97DA12C8C58F33FE03282AA54740E0280B3FDB5F1EE77A277072176BE64E199DF6C284EA58D16A4C07C2AADE310
J=-$18D166ACF7E5D64287C1C37BE24D02D5D1D97AC6DC3589B5E3DD7DA7F35E79D76D690C4C160614E8A73B45D2E4AC7EB88D55A4AE65976D72DEA0888DF9699E6BC76EB92967ECA4961EA1B69D7EDD23995CADCB3616C9C4E17846EC2FDC0405B9BC0D5B22D043CA795B9275DB97CDD51BE69EECA098E98BD6D3546A7443229BF99B0BBDF089B8E9DF271E7233094C64DEEEEA31D78CEE6373F5BC934B5748DCA9BD99C2B4864AAD012895C0F29F639654EDE171AA093001A9C61803B4F0C51D94AFB70B96490D32A1D10A65A760781D072D2A39C634003404E9DF996EF84E0F8D3C3A02AF35962DB6ED2D7E2451C7008FF60D45226DCA7AD5CDEC9D0BAD0B532139D2D250E5303F85FFD485F5FC89DF4E989911BB7C5C8C2DCB5EE7AEBD8344545E4CC041F680
T=$2

[35]
S=$EE901754
W=$1ED17B9C1785C0952A154C64EF40BF0E3668C52EE94A02C3EFD9CD85706FC3253A5A176582D657DC10ADCDE6290CED3355C95A1A9300E26A4A95CB45CD9A59A48969FE5EA12AD45D8F6877BF30BB52FA78548F42E265EA256CDA4370BD0C581E3C0D330FFEF9C212ED53F35BD73DF07A7C5F1FD6BB64E9D611F6BC87A8D68B34B6AAEFDFBA90E833B6E5704E36DE6B2CD9E
J=$8E22523FA0399DCC7C5977A4B6752083C7F7AAD17F1285AA4CB96605679E482D4EE343CE3B3A67C0A0EB350769306345D436D55FA1708EB49DFD6941BD8900FE4F48E5F2EE93EFC34D8D5B32E756171659FD0EBCE5F7A19C4C42BC31EB146402ED85792F4FCA98FAA2A50AAA78060A7612AE942A346B1A6E2191A54B81CECC7303DD3795F1AD50624B2DB4D153FB3F512BE665B7C89098E6E73B7B5424A814FC77378CD712CF2100AA909667651DFD1CB22A86D9374C0107089469080EBF340F3F57172C07601B269D760427A1494AACA21DC215A1325439E2C15AD1348DDBE01D884542A27BD400A3A3C0370C3A8B17CB96ABF230613F5728B233E5112872E264A492E0B1A019DA8081E29FCA954513F992E9D99D556F22C659FC197064BE9C5AE0
T=$4

[36]
S=$11F0B2
W=$14139B4E201EF8467249D1B0F9B997E4ADDD78ED0EB61DE7DD94932004A83D78A2F5205F0B8F6DD8FD26934383DE7D1EB9F0AC9DA8B73E2FAF2CBA94150FF68CEA5C71264D74D13FE792D829BB8117B3B8768907AE7290F0254DC6B192D9BB3F3ABB78D02ACE41353E8EB95410A328FAA6F6EBE3C3C5B3118087F26843E9162D4CCC41AC73E09A7C47B43BC2E209FC6
J=-$11769150BF452B00D4C1645034BA53FC3DEBCA4C5B7626790727CD8F117D1FAAFA7BCC06818D02529D9C7CCE102CF01FB52C3CB922007FF4FD5127913F6B8EDAA038E1CD63457D3A6D25E3C39ECB9196707E8740C18E92F2AD94FE12F07BAEFD6B4F4073AFBC93A8C298C79AB23D17606CC7DCEB3728FF41015A3CA507ACBFD550FDDBE712F3B3F000F9DBD62B4A20C9FF0EE2A5D2277A26FFDC06865CF05A655C834E1A4274706B4C98B324202E6E292C0D7D3A173986BE9E965DB1D270485B905ED8AFE6B2CD62EF5E91C1C5BAF4EF1B7D46374C06444F244C9A5DCCC2F7901123FDD3DD3CEEB8F8C8189899F33C7AF76AFA0E9DF16E2379D61B11D35D26DDD7A2C337A1FFBD251FC2B16A3F1AF1DFBBD7C90184934B31CC23A0EB717B
T=0

[37]
S=$66EDB6D6A8
W=$71B363EF7110AD9B4A250BB278D1D872645F7AAE5759549029CC18C876B8279EA7CE81976ABE8C4C94231609BFF2C926CC8D2462CCE472641E8F3EA6FAE3C5FBD9A6E9DB11696786395F76B4045C42DB78A71EDA3F105FC7A5A405264131B00372B087D7A118B8CA10E45188EA2F5222B15E23B045A8F6FA73F3E67D3C882D5077CF49F3EA715EE097741BC73106
J=-$4E0B2FE0164AE798A3C2480E6BB1DEEBC2B6173CA3E169C631E36ED9A35E34C20F962203FAA809BD3608AB9EAFF3970E2037B294CD95A381BA6E17DD08E93262AAFC7A99DAB2E417075A9AA1EDE69A22D7144EDA8A0C3FC6AF73B06ACFCC8BA36883EA8C86AE62AE11FBEA71BD4A261B67959B9FA40E4F97604DAD248864DBB593357568822988F77A6344A8D2291BB9276B73684ADCC694C43DAD6A85EC6CE3FD4E08417B7257B70FDAC1DE6773883E4F88CCB50B729976381A6864801B28C009BC6BF6F64496FE8EDBDD8CA0C2BD18227A54BF2C14C4905F3CFFBB7B56D302A73CF9467F66CA07B40DBB32DA49F69751A3E7FE36EB6554962B4EBA4738B90C2D9C23C5D81ACF4559DA9F83E93F475115EB10455B4F8636E2EE2B6
T=0

[38]
S=$262E81C13E38EC
W=$C6D8AE646631EACEE415EA77130C527ECEE936B8CF26B95BD84D4DCD38CB9242120A232AA7BA6860FD2DD43BD4009456E2A7B33D772C2F805E69F2C328771C136E405B5A46C2803E644B4354AA0520D5A69DA299C2556ED9A089F15AE497A6A07CD609D46F8AE61DAA4C486125E1CA0E2039394E04EE7D1C6DFA0C8488E37AFFC46E5B715AEBC2C605D558A
J=$12612BE68572E20D0FDDA7327401E74F7363F1732F0AB7DF8EDCD34FDD87F353C1F78D58B09E79B7EAFAF9EF8BF52CBEAA98DD0B49D92D69EC514274C0C1729B57C9E75D04024A4137C6EB8E24D300C552BB6F33C8AF52FC40B87120BC6E799867F0507E2B8D583F309121498130685A03469D8A4C0275F0F5D8F6A76861DFFE884297B423088A5EBB6EE264FF45BDFED0D038D9CFD7A904D3A52DA3C247D1E9845754FB87564BB0F3D2E95A8C95EC9C4C7196803C8459B5CFD61E85DB6046CC6E56D738282AAC756B5D07BA7530A020BEB388528C545D45FA83A5BA7619915B7AB8B14B223040EC7CD1DF65F6A060C49399950CB450A29226008CF2E10BEC4A5093F004B3F42871AB534733D9B527C447CF8B88D44666
T=$1

[39]
S=$24654B944428
W=-$19ED79E63282FC9E69BEFFD00860F85595290671F416245B152F07B5D4FBD2AA936C6BB0AF3F3AB5C20CCC4719ED216C6B77EB1339118241F9A82909C409DAD0821767EB14EFD6E2E0029FC25B99435261F538CEDAA08E53F12212754C4D5CA5CDE89044EF614608B7C927C610E65295EB9A9E18FE3A075D0085E0503B9F6818E27F491AA2F09FA62
J=-$1ADD0D565F4BC7C9EC850079BE86A14EA95EA6FB76DB28186DFA91C8CC7083F5DC6956023711E8EEC4C6B27658DC540EB3A0E0DDE0D4AA0900082D4DA4F7F34BFF62349B510FFB71B8EFE7DDBEFF23B1E7410C7EB388F81E34100813469AA3D82159B5AB53635CD966FA603EA4440816466F4B85B8DADC1DBD0CEB7AF0221C542620CE9452598FF442FE177249E50F8DED4DC6123BABC97584239C0E23987A2E3E079610D0B27C9E28D9A40B8896642D9109689B314C418ABE993D65CAA92D8AFA25D4430AC902B1273154901D958AE45C99D5409A1F789E3AA6132260A077C6AAB0AA10CECF55B186ACE5041AAD1A7C5922D6233992582AE752D5060D4F2D0D58A67B3210C86315C7AFE110F7C8B4C1
T=$4

[40]
S=$4E0AEC0
W=-$5C51DDA27EA5C468E3C3E469F9CD60C1B484028FCBC6261D29A70D493E750633ED3EADAD36D624539020F059BF76BDB546FFA090B018B01C5F18C0E5AF281A27D91C9474EACD2CD843B6A60DE4AAD8A88D2C0DDC77E5DB3F01DA7C58461CA036B276AF8C88B9A0201DD3F3E66E376398263A8DFCEE1E269128E865BDF334C8465DFD9378F3E
A=-$108
B=$69E
T=$1

[41]
S=$65E39E
W=$25A81914B8AA342C68FBA4397C3625DBA8B7F960C411A082378A1F056E7DCFCFC6DCF4C9677ABFF4BF4DD2F94EF6B10EB9D3F1A8DFB1C3A5946709C6546D52EEF470AC95EBC88BFE0D7CAB5D5B6037E0EEAAA3E6E70A881251F4DEAFD4C9D47E3D467F1C63FCC24E68618CA0F7486FFED09CD63B1A391F40E7E960B70217E2CF2502FAE4
J=$888B26757B6701C6ED5B2A3640EF5599E6BDBCBC72CC9A29079CBFB19EF6D080B053788DAE520E88CF83B7EEC4D891ACC4FCC27D8FA6CB7FFD7ED5C54CCC69113F6BBF173B14C786CE426DF2E07AA2D665C4D5ED25F11A7F4F6269B1752F3A4E32F8F5A8D921D9414119E6BAC3AF0FF328CBDA2099D9F7B6F866243001CA8439F0E16FAEC124697AA3C0957FBF9D506DE1FD275808541131CC4DCE42E227AD14EA45D70A3BA3AD772C14D23B96C22EEE951344ED96604F1B933DC89B3C560ACD4904480C7881AD7F1278EBAC52D884DFE526D8EF85F27279201AD1D67E51E97556C70C574F563F074D5869A88FF6CA01F9A6F7F20DEC0883B5D01AEAC3555D4BDAD6EC0AD460DE
T=$2

[42]
S=$5375C005C0
W=-$145E3B2CBA13C7FA9776550AB0CEB1F9F3D9EB0E6CAFA26206C229814E2EC7F8E864D8782EADA4811810408FF25DF05CDC8AF26E3D577FB50B90BEE2DC8E872B84856E920C480B4B35CBF8DB957E64B917B20CE94239BB44A6AA7CFCEF589EBD939A574F9EB0A6FEF3604D02AE74C6ED3A8ADB9CB4E907E2102333AB935F8BA7AA866
J=-$6E60287EE3D51BE4A8EC5B4F674508A7AD14869E182850879F3D264F0A8BA750C4095FC33BCB111571E0F27E70AA05B0F67C3F704F571076766C1474AE111C96532C7B8F13DAF53BF3FFABB4B53333EAB4A6C01B2C1FCDFA4C33FBF6197480F6FF58467DCB6FB1A0767DB6FB405D663A91048695585040AD2B951076AE157538D95976BA2604E738433F3F36C315C3C291C251B3C3D224D9F310BA18B2B6B72A78FEB6DF486BCB587146790086EE7E71CC235D59333CA8170195C60FF07854AF7DC5FAEEEA6E776467AC229F8BD19FF83185E3F7F0CBD0845176DDE20CAB26C1034DF9757DE451A6FCD5DB16D1BE57AAAD592D2065C564AFFFC229C8A3D07879486B1F92
T=0

[43]
S=$10670C
W=-$E43047C05641D351087F5E292729B643EA6F4A562B5936B9FA0797B3F2821CC11666E177AD4EAC39CB78372ED717A0D7D2E688FFDD6D0CA4EA4CA16E95FA1E1DD20B0231332240D7BB2CA48605DB837F63D882085B2FFE8AB4CED4CCD385A3A6F0AF80606196247AEAF0F4A06ED6FBC177694E8A9D25AC842280D8962FEE144
J=$2BC5803D10F038A6B932CC18363C27CBFF970325602E59475FA699EA82B7C283AC7183FEBFF19A7DA65E0DAA0D5E40A63B3479A490BE660B050C1754F42FFBA7C9BDD466F5F5D8B19A32233685E955A243263D72C98E1577A91FE1FEA9B69740F7886A93689A1CBFF41A44CE5F9CEAF1188CB405B7AE788E41A91C2FBFCA76E36A148F3EB019C1CB64C678A0195CD3E7B8DD0D0DCBBD5D42BE4A3A39B8DEB15B7AD984CD41A9C9D28F70F95CA55E776E9B1C509A80DDA6E241570CD2672D4E07881EBD8679C921E9703AE2250961BED329B423AB7F418A88F9FF2339EBA47661588C7F262D8E26B2F068228A2B83E9D9B1DC6A5DF732ABDCC6DC1A94499202B
T=$1

[44]
S=$187EAA965A
W=-$AC6FDDB1296366D55C1C595D41F299319E3B7FAA656F9791AF261A24AE266919699A5403474006261D85B723AFC10F33DA78CE80AA2DD70A4CE9830CD321A8B6ED6D9D6A72F18D254D15C1BC6F40298F4BB270D3A5C13A8D2BD936E7C105F06CB22137B6A1FB9F5B230E1AB874960448255E241475A6358E94C9380347740
J=$2BD5B6C7B000B32B74718CFE614A6FBC40A59C20407A2B01EAA2118FB545E425EB3A7A3663B8D0008F31A2C57B0DE0A4572E40A6744CF510FCA974711062CBE60FEB6BE5774967ED869661EED00DFFBE5C89BF30597270B8C596D407E7F27DBC0A04142320121D9498ECBBD821056B3A521FD44BA377590DA4B110137DD46C70723424DCBD95C99F74609FC3A0384E447AEA9BE21439F2DD54F5D8A6A96D34DEBA32A08113980441D82CD8EEEF10F54218C21EA56441D7FB8FF44003BDBD33BFA53F3A155E26DE76380A922639D7F18D1B537464562E0A2296BB9222287326C50B197BCB098737A3D47EBD196C4BDE8BFDAEF1C3BF09E8036D57EF016D
T=$3

[45]
S=$1B2EC5698
W=-$48C0D798E03E251D3F779BAFA3C503AAD7A45C08137027663E49B62A5C5DF84F0830F1502E1E29CF3F06686A235BC31C2AA0E7062E4F63357F378AEAA48B3275B81F047BD6D10CF9AC2D33B218B610FBB737D1EA83ADD6937591E39B87FB364511738DB2D3A72DD0D5B9A065F91DF09D0B0E3D0C0FD039E54FA07EDF6
J=$3D4B82F4195BF15502237DA8BBD9CEBF27554ECF11D52C1ED3E608A7D44FB29C159BDBB2AC0FF7BE11500644F562156EDE0C0D102AD0EA08AB6A594CFF143094A6874D0E8A1D6BCD02C51C4062A61EA529866603D61EFDD0BC4B28148F0CE9E244684FABE3940A6D294E6819A1FA0DEF67ACB779D0741924B638ED0851C312B5253867E838670502BBD1E7D5FF98CE83DCB75B74738610B9756078A542DCBBEE6B70FFB8ECFE86094EC85B3E2FB43067000BF69E30F2EADC3587EB2B6AF381DC105270EE6A8C0FDCD7853EC5F9F2DABA348ECBEFF9D489EAE8D8A0662DE8D622CC2351944887FCCD7624A3FDCD7092D3A5066C21FF4561EF2
T=$1

[46]
S=$2A1FC80C
W=-$25F2838655F7C0BE81C5A1A02441C9DB9A1F5BD8D405C07237B26E2E677F8B6E0B58F7CBAB487DFFED4A753993E5FE8A50823FA83610BB9E9EDCB92A12E915D9034CA9141CB47EFDF7C15B49506C7733FFB231AE922D1B4FF05F90176245405C32285D26438B2C80C0FB3BAC8755907F0B0EA58187CB656A326DC
J=$1C6E17320577E7FCFB6F0B69CAC61DD86F1ACED105D1CEFDDA24DB7F1F86A69FFC605C898BA95F00712814AA0021915454B1E9F11F4137AC1C5D34F3203BB0BD37E24E8CC84265EAF7E5BA4B7C73BF90DEBE766FA497452F18CA33A0761C8F3BD8D629CDF7C2BF940DE0C554869A83F8F936EF5F1E945AB37893EB1BF6807A37A81C3E5EE11380542AB84524A4EDC24DAC0DC131919FB701657A3D1B19B64DFE0E71DD9FFEFDB16D4B186D9A028A145B22D81EF4CECB5A2E59E10F9EA84316197F2C1D50D2B2A45C4DC56207BC805525C3FA0087055036A3B4B78D58D1F67A682C82ACC6CE2B1117B6D87FE0E77EC73CA42357CF1
T=0

[47]
S=$5D38A4
W=-$4ED03AEC342CDC87BA23B84C977E43797DF16C428FB4334735D8FE98E91AAB2594DCCA7AC75DDCD494E8228AC90AD9173B63D60D089152F628EE68B2FB9C0FF938E6886F2F2B8EC3030D95269D7022E57B77AB28287FBC7CB4E4DFEB336397FB7B49680772C277E868095ED3E1F746DD6197811C4703518
J=$4B0BB7AE75A5B173D68973745177A07E983FA19E9B408CE035573546835D99D3DCA99CCF5E2282957CE1E719235BDC2D7CC39BA0727D43C3A00470F9DE35BA55BC4CC7C0FF3C780ACE2C0B3ED4CDA28FD02181B9A48F6CAA50F35A5B2C65009EA2620A9551AB3FF095B2567BD5E063DC94C1CF8AA77F2CAB7E6EE3BFCDF5E4DED29970FAA0133D6B5417888B772BCE9A37DCC9B79932F898F7B2E4B1F67555BE6B961C580900040CA2BF0C6763DC9CA4624BB3FB90B36D0D871074E3ADB3C8BC80FB5C538ADCDD455B69AF57159FD4E1B7BEBA3ED2E39647CCD1A95963E6BD04A33E7658D4234BD40B10BEB772707C8CF
T=$1

[48]
S=$126A45CE0
W=-$1015A7ABCA6F33519D461548AAED6973C0C131EA93279A1D8C9B0D67ACADF6B9F5A333A1BE0A10A1AA957F571B7DA592B0ABB69099F97B0B8E1E3D33A7A36C8E62BB6F08D0E1F356A55D248B081672B361E205E5C4C5747A17EA91419DBBB09BCB44F5511B02345A6E3335A590F84017A7DC1E01B09B662
J=$1179D04FF49FE7EBE8BE13CE36DDB4B43A3142F883E989625A058CED54BFB104007AEE43DA16320A38C15894C67E7DF63977F9DA8977BFAC5EFA7F11A1C1B679435AADBE467B2E17FE46CB77C5A6FE0BF9892921081B18BAB60065D84C30A174DED02719289CD98D91423068CB8D6151B62E0D919C6982F72AF0D1FB6F1AA26E923DA92AE90F92FAD468D68F15C791BFAA967A2380B37FD47A672E2FAD08B27361368164CE0545DAB3EF14F6A39D603D6593245CEBA8A9795B6CB7B3531B34AF89F345845348F149C50E84D8AB7D6FDCF58CE0DFF171AEA7F51717A010A323B5F42E3A7B0312DA8125CA39385425
T=$3

[49]
S=$17F441389C
W=-$BD7D1ECB14D4BE6BC0639B5BD8511EA9AAE16844F40EDEB31BECAB5D352196BAAF20AE97FFE5A968653E2288AB80FCB1B4FF58E0E42AAB029513854664D42A5A9EB120ABBE963D5D5175D6C9A21065296166A963FAACA0E0755C7F125CD4EDF73BC54E135DB192A6EBE456A931227C6422576261BE
J=$1EE346BB061615A6B0491F0A68E6B298881ABFA6DBC8295F837FCF04D0222201ACFC347C24D02F52BEF38DE462685EC46A90934C878CFC6C66F99D5FF02702A7901A6ADEE9D5439A80633A2BA43F2C24EE7DA839264A990780466BD2AD50C1D501CF9D926A0626D32B2AE817A9C7D83E5DFDFF186BC992C204F09A3C49543A88F5EE7E6210D1D1923AC4D865951A6026054FC050380F46E2DF1B7CF7763CA867C0DAC0E46589FEBE499E103763B41F7C4F38DDF23A988F6DDD7F829C62165979E61F57CB96A5A8294DBA12AB99B0B4913E9F0321DC6F077CD53D3706E2870409BDEDB72FA89A082D883F
T=$2

[50]
S=$27980A
W=$22BA076F972F8E7FC349E64FCE5D2A4CB6411C37560EBD77EF787AEDFC0176A331516226D565AA69244E114C807EEDAE4EDEC4348DD6E8B5CD2B429C97F7D4760912BFD192130AF7D2EAC2C1D5640A62716745E3249406222CDA0130A130D0F2AEE55D31663AF96B095E4BFF4092C2D8F5AB1A
J=$110F1DA6C4AF7E4231D82B28D30F2E508BBA8683445E3D097090CC2C365795C90D6DEC974F9BBFD8C839DEA8C2B06879F5E122B7B04684F883DF349D7B402CE8A2BDC349E969A3E6133C42DD9106D205ED3AF46CAD4F987AFBBF5E273D3B031FD14414FD395093D63505DD2DE24B767CD34956B9280B7BA57406EC385F38ED21023DF8A5EFBA580F0BFF68F72CE82549F05CFCCF2445AA8FF0500B2BC26D5E36D60B3E19166D1B8C2F1A23B5FE21376E29E77CB41F26330058986634564761A6282BFBF60C844B41B7F1595412675D37D525551701224CCDBCB3167CAD13C61A8B058402202
T=$1

[51]
S=$3BC1AD36C236
W=-$644BC4CAA1A3BD3701F9DDE66D53786EF81A2DC01925BD39C6E4E1A000E6D01CA7F7054358F6A96262F71225C77A98ED07C2B2FE5789BC22680783C496C7A35080FA5BE2C2105E07CD73C4F83E7571AACE30F3FC92D1FE59A356A4C1835B49203BD0D37E7BE5942423AD451A912595921A0
J=$D930D777CAF37AA80BE30E7DBA84DCD65ED4B818DD20A53A5565D2CBB92B11443162EBAA452FE99451BC9FE96B33928D6E6CECCDA04F7E4EF452E2F59A21899BF505B4239C712696620EC988C1AC1B9DB75973B8A700AAA024F626C55BC4D0D26A0CCFB3D9FA22A47EFFE59AB03A74EC23227C51C774BCCE8FB6E834963B4FC476E881C0F8B28D34ADF6DE7E7A449017CA94B187E9FE09F25165A4A516E9C5CAB168D3C655264FE92C0FF0AB12D7D0CE7B109049C55F5AE562CF101AF87B522B230F9203D1872D9642A56AB2D02BFEE7F7CF8CFE7F2442B95E2D7726DBA1351F93C8
T=$1

[52]
S=$2FA1B9F
W=-$122B128049D05EBB3D4D9CAF515A58133E9478A4275958D469195116A79C161199BF9C5AC381B4E09ECBFE4A4C7546F3BCD30AA18CB30E7DACA3FEF391724B0A58034CF378CF00D5968D3466A28F9996F132D47BA07A6921BBAA383F48D5B0951B58438B896BB45A89577344D37441
J=$20EDF2EB949BD8C0150A4125515AF6321F87473D7E20CCFE9F08FE015B7ADC9B47219D301F8C1A26CFF0656D5A19E8451D4B6B9F3CE4F4957F1DF24403206B9D6862A71EC56AC6BAD4FBE36D9D50D169F6FF7598BCF7B9B55A7DFA5D255C909EF41CAF090EAE1DDA0EAECCB9CD290DD57584ACB4679D04432CABD8D52E605D5BDD27AC5BB6D29C3F53B3737ED2CE20C8AB3281427F20431CEC5DFE3CCF5E790C5F9B3295148DB83648BD2B2BEC3FFF3CE12EF6B5AEB39E2344C3D6923D4E483C99E06022249D7CE551B2CEC0BB908CA2CA4F22FD434C813D20D2F1F4F4
T=$3

[53]
S=$ADE0ED03CD5
W=-$480B6BEC71093B165B425937C656CC273C82422E9D1E9BC38EE42C22388895D2856D9FD8AA3DD8A0FD069C47674394571B704609B241C4CED426664740B8CB9BB0E92671C4F38490FF12E2AA4D85F2731C734B6A1CF0FE28C9F7975E00C7B5E72B0A6CA68F80BEA396C892A76B
J=-$A4A6EF44C73533AE703EF2A95E9592BBB6F72DFCE25B0C0F193F7F4D3A5D929E88E05695BEA65BA372BCCD0AA244CA3CF70141764CA2A3ED9E5DB16AABB5166EDE680CC14ECEF9FB56AB0AC4845B571C69369384FA321E7CE7614C15BAA4186573DA0F3F91652737F1B0DBE135C16168FF582AB8ADAA729CA1ED70739B32727880266ADBD56A371451DC51D6C2E15923E183B53DEC1038B55B93944BC1FEB138FAB0DCD3880253993690C7D69F9D587E35E6BBC2FA942857717C777A8599BE33F12601660BCD2B0DECCF63009ED4891BF728CF8ECD50017FB55
T=0

[54]
S=$1A947818E0F40
W=$2A176F175D2D66624A6970C6820CAEF46A64BE6F3445BFDEF8C7FCB80C4D49D698C83922DE6F20304E4D43189BC639740BE3506881C53C909205D7098541B86DCCFADB1DA0B59C2A8081D6A4FD2234D71E9E3420CDE1E786851305FA4778B9C326BFE11E5A612CE6DF3FC
J=$BDD3A83674A9BABC9CB806CB2B1D22712F9C42182783A2A22C4DC8CDF2DBD53B578AE63EC8F2B8B86D33B8C74196D8ED246DFFE3F126382D376F9016C74ACFF6C90FB63CEC0D0869AF638EA521595BAD0B7447ACFFAC0926FECDFDA9D607D0A57953E00330D6582479C8C5C4E0CB4BF1231F6E64D59F030B161CB6B83206B40F2105DB59C84A9D2586EBC5F8D78C29C888A9DE9719240B9A98246E95A29BA9584AF9D1A043E41E50D45944D64627575C8B0900B7A29AE3471319C2EB327C8A46E5EA20C59D02A56CBDBA93FBE85151680D572E45
T=0

[55]
S=$1BECE3
W=-$21A5FDB67027BA93E8BBA4B991E6858E5744F9007F891D6D051070F16ED2413CC41E46B262FDE575636976F89261178E9B32B264D239DD4D4A1BA5DA04F95A698B42AC29D1FA485F1C51675B896514E2F8F8A9E6445693F5C4EF4EF6DB4E1B33D7D613B60BD0E53
A=-$98
B=$2D2
T=0

[56]
S=$2B03BD10
W=-$5EB025E7CDE5D71468F4A197400F0FE05CBE8AC0593881567DAE058BFDE43D06A396E996872B314F11CD18EFA6E4AC83F5193DD3CC0D336AC231960940CE9DFCB7597903CF4CEABFB872A37FE747CDF4DF201D93C5118226690CF54F21A35EAFC08000E15416
J=-$705EDFF58A0E5AF0B31CB7B97FAECC586D173A9FECFF0E77BFFA2826329D9F5B7C5A38D5740C7D733B61A0889F89C5993B889B2B9636866F482C5C1192E977889E0B5B9F692B40D3A18AA9718698900FC47946EF97F2749AFB2AF820DA93CAA59AA3FB92C91C489B6B1A03FD0E9D2CCF87BE32203C7B82FA896BB63691579EDAAF45695C46F8753390E786A1C704586E0AE4B66D2EC0EDAEF5F32439660AE5068ED2AE5BECFD6B3EBBADE4AC11A92140F8ADF77AF6CD4264175416A725F9EAB692171881A6D084F85302889
T=$1

[57]
S=$389DB0F
W=-$C8D9610723CB8C72C3CDC0E1BFACCD4311D98322674A23CFF2B1CFF113686B0961CE9B58806794252200210E98F592DB65F0FB48ADED2DED83B1ADB363717A8888FBBEE6A75757653E5AD1C2DFD384CA55BC3977E2801326E97858F79D6B26A8F68AE0BF
J=$27A661758848D9F3EDB48457A1E618BD304DB2EC3BB9E76B19225CD6DB6E8D4E0F72CA4C9879D5032A231A4740E34EDA856D6BA8D14DA34A80522C9372FC56CD4B0149A58714E43C0D8F23B99466ECB0870797F893C17A87E2B51BECF0176B6102DB1DD941B579945E586AF7F495E36DAF02DD547D90E5FC3A6325C35436927A05ECA1E3B34D0A71C2E6CA47D8B690B38E2A8C26AD23DA13F60256AF9FEA7BDF19910A136681871CC746C0F0E6722460B1E6680D252EE43D84EF19AA972D2421526BC47FD2B290DD
T=$1

[58]
S=$120160
W=-$9AFF2ECB0666DD73E51686D587A22F355D989A228F1CB4CEEBBA65FB148FA6EA5A450C796229558A11D14E5CC3ABF9C4B6458B13F79139B3939780EFACD3DF3AA709C6649F569C24DEF0A7B13E6E67CDDF191327040DADF9AB8EB25501C4F5EEF9812
J=$4452306203D3F12BABC191EEC37D3F2D60FCBDB170E2905C18A45B3D89A939B54C376822409A3D01054C863A8FC292C07580DFF9A627F30053CDA9AF54515F1988080D6D9E0AB72FD763591030BD40A19CD21BEAF0611DC7AF3D57FE9D52BA8785A7C7E6DCBF6B0D52AE1CDC56E04450E552060FB8404819E9AE91DDEA5B647C1EAD4EDF29697E6214C5558D20BDFCF6760A5B048EA20D972206A1DFA038D4A120B6C99D382A99B0B6D06591A932109CF0423789FB0F31DAA1994A4AE2AF765F024C8D05C
T=0

[59]
S=$60CF2569A
W=$24B987019BB593EE76DE60784FDBDC276BAB34C1D267B285BEB1CF3C9C578A45929B41985994B1997DED89993CB3029D5F90DD313553BB5A5E7223016BC69551F1AEB369F9DD4B7E6052388F9D1C5EC5360D671D50B407A67E67C161726BB9AC124
J=-$A7DA7CF48A57B279CA9BD0457BDC96773FCFE8BF6DC25BFA6529EC070B69F57D5203E4A3827B4C0997ECDDEB1749B7716D99124B7A1EF0C613A2A3109E9962ABE500FBE11529CF99179AFB03C6DAE4CFA1BE64D5564CE66FF634CCE3E698A552E861A5F29E31B79EA11ABB22C77460CE5C5392ECE59CCDA42C2796187971B46647566F842DD601C6A30048757892F7400D35E0EB45515E2D10B9584EBE27EF6A927B377B86F8EAA16479010CB3706726F106C08E23B167D87198A0E65DB037045734
T=$3

[60]
S=$6AAF5EE8
W=-$C0A81C73A5D9F671E2F269A6E5BD94341D0CC4937F1E8DA323F1E0A3DBE2937BB242E41B13E84A1E854B59B8C5252023AD74FCA5C24474FA7B94FF6925B3F592DAB1C88E4108FB1EC7A681A1476B1A8BEC91DBB0150B6D162E86159DBE0A2E
J=$16D1E067E065EB3F45A8BE25A441379F70DF7FED7D72DDEC681409FD2E8A66D9CDBF24AD118DC40EC67A5D45F0408552427181E43C1A28EBA8D1EF82D9EA9C6D305A728974E01419CE3067D734795D2CD4AC675A7A553A7DDF168326DC9858F159E16850A4B4D9F5F16FD3E6C1DD377214032D283CBBC8969170344409C72BA5E0634543133B2B1DAD551E3F73DCF651F835387CEF3F54DFA2C8628CD383B3A6711EF8EA0AEDB15E3AC163305257F948FB1E5F1F10B2C3876527BE6095F2
T=$1

[61]
S=$17908E28236
W=$19BE2C86FF833EC4D30005F0E49C4FFA53C4A6AE7B1810EA0DF833F8DA35C6488315BB22E181C04DD27AD9E6ACBBD8FE0579CC78386419EFD13743135BB243CB5E87C6330148DD84319502CC8CAE13916CBCFC77996FF6B4A28969EC2E
J=$1487B5063DD603271D145A8A38311068C0DC06D443C06BBC157722D1E2D984986B5E9E5B4C9DF6EF54054E9343A07C673197C8806D3E074168DD8D35BBA352D6FB977D506BA3BDE13AB876583FEF64E52233CD3504031823DC163835841134B8491E9D077ED1FE98731FD6ACC048C89CE26F414B4B05B13D9B31C1C53A2780E46B850E6EA8F232DA19B677AD038A86966DA615B256617C2FDABC7844CD72D18BA0ACA8FB90D32CA4DEA45E27680B4C000802D10F8E22BF67F3F2
T=0

[62]
S=$AD143FDC44
W=-$2631F83EF5A32332058294BD21966338067548E9E5E5064CA3DDF84C913717184441D0BEB33E93E8BFADA42C57E9C92C444D2C013FA5158ABAAE7A6311B293D3A67B8CB1C12BBFC2C3E581C85124E033AAA2FEB422F501CFFAF64
J=-$253C2146ADC91C1281F71D30C59FF892104CE276AE90B2377ECCB9EC1CABAABB52B8439DB078EB5954404ABF2138DF22E033A3029A80C9CEB5EBC6BD1633D26691584B68B295420FE8CC14694FCD31A3F19B5BBA36C55376B7382555501E5E93B0106C8F4450EBA04DEA3F966ACF1C49810964907F10A42B130CE338D7CC86953D5E61DE63A0C8A0EFC6CB08709DE1DC127368D0306E9D3678F74586B1CD2F220EA28350C81E57E2808E4500AE4A2D6DD8961B339B
T=0

[63]
S=$43E1CBD
W=$D53A0D2A6E776BD8D497FFF962F6A27ED30B7954D0775D922EDE468036FFE306715B63EA510F971F4FB95B31F30C04650D77AD3F16262A66FB6C11E5D43B4A220799A4EBC13E3CBB066B4D2CAB887C5BD374D41C8E7C191
J=$CB7BED350E5550571AF2F1064DC8FFA44D6694330FCE77ACC1A67D8ABBC053886278BFACBCE2E143D60136EEF3F4FE0227079030F8055C45B3F53CCF187B2428E435ABB944355DB05B218184377D0953BF823310F8F9F008980806BD6FB083BCB49DBEABFC8A72FCE28BEB5328E8518C37E3D173E6804D66B2F597F3077B97FBAC2C7AC26EF49C7B8C7F1220280CB49FB5D2CCB9BDA7D0D7E4E05E3F7C1C1399B669529B7F6460823CFD0A7D81FC482
T=0

[64]
S=$D3027325D
W=-$B413FB4EAE59F8A439D268685E12047849EA19650F103DEB3F6C41D8E928E658B3EB4B1748D4EDE8FB107E061191BC6C01B7EE89C6BBA6266A7EC097ED862EB61E37CB63A6FA7D819D451FAC6CB2B987E278C6F89D667
A=0
B=$10
T=$1

[65]
S=$DF22C
W=$3160A943E366B0335B58D0C2E0592B5834F2C271357C5D3B3215C5072DA7833C013FF71AF92D1A269A5137063655FD7C2434BF04E968712833AB3B4829EF0D025E69D1DDAA5A6457CE080C69C9F19348CFC4014EC
J=$107321871B4A2F10056AA38EE3858D5A3B5DA9BFA276C5C0A892E186DBF44069C1723C2322D7C19E5EACD5B0408728E74B3D9DAF20D24DC6A9224123A60DFD8B779B6E2C02F3325589CA7D33CA0AA7882EED868C0BF8702ED07CCCB5AE5CC6A385BE036660A7DA21F07EF2E94EBDDE4683FD3E2868E404CF6D849FD472400C4023ADAA0A23C13D3D52337C11A6E3FA73FE79CEEBD6DE8C7C887259DFB4166E52C189BEC0F03D9E41D
T=0

[66]
S=$B8F58D3C2A
W=-$3674AE96AFF069E7A9FCA6A50259761E4547DA9DC8B31922367B60A434FFC68DDC74FDF734402725450F099937C60F4CB3CE03971E39D34D6BF80DB2CB5F345FFF2E970F63E9ABEF415485773C36182B2802C
A=$2
B=0
T=$1

[67]
S=$3870FA
W=-$74368AC437ABC166D9F5B51D03116F7CDDF090202EE8EA62EB7D51D8BCD43B002708852A055F8BFEC88EA68CE6B16887435EB8F2F4D77ED2EB854AEAC2CFE8708963E31A59CE40B35F50CFA299BB166C8
J=$589CAABFFA196EE7FB588495C26D42EE05D3270D5B3DD4541B40AAD6A8547CA9A165509B5320A58DFBAB2FDB9A4575320039324C439EC9E5E1C73B5B3044CC6D5405363C2004DE447F66A596476C104CFA802BDD50B210288A71D14A9745D85740FF2A1663D2AA1F5398D3F1148EF1F7B26051CE8D6156A7B4C6E044A2218E14781767B34AEB8FCC11E4C8C686E8966165FB90EA75FC50C8BDA5FB66593D22B28
T=$2

[68]
S=$1CD44AE2C8
W=-$1D14CAFE072F4D51AE7C77C622B3B74BDE6CF385DDFFC8E53E80772A378450AA835CA0B98AA62CCFADCA7509D561E706389A0B1DAC5545E3B346C81EF1E4E257F0E67A0D82EF91FA41FDD4C09FECBEA
J=-$466DF4E9BD2151FBB04CD16DF5CADDD7B431BB602C39774307D14190C09DEB34899C96B5A9A54DE37AEB78750000461236F409AABC6E0E48C4DFD1EA3C26F5AC4F9323D2A683E7603D6861C67AF07AD29AB7D13F501CF41E9E4D64750D6E8FFDB7D25FEF3ED92A8ABED097488483CD53F5FA9B191BDFAE54E8E4ACD3F5E8998447A36054CA48E2B9361249C02E113B12F447627C8DE9214CBF7888DDF47F
T=$1

[69]
S=$111D2AA0
W=$5536338AE784B225FA65BC561A1A85F3F7F74057180C8821FD22C88CCF887C83146228CFEA9EEBCDFF5C7056C735300BD3671659083FFC408B1EBAB3711D35F8C8012D92A42AC76791657C3B1E
J=-$1F67EA90766E06B34C5AB126C61474501FE4577DE17C041BE1B44835E9AF9F3B350DB2AAC1802DB269AB12AC680471700618A8DF22A6772514DC2A9ECCFE48D67F6CB531ECBA08CA535B46EEF6CFA70A0C072F9EC510C70B3B3368A86F210E28D7724EC55768FB2A88EDEAA57F766031D628EF5F1798DC80C98E861FBF1BD5C31D2DFFB98F3E233B573D2F9420DD7D9F53D9888B8925B731057
T=$1

[70]
S=$346B9
W=-$33908B02E10EB43180D25C4FF3EFD553F2132CE9B78B3EEA211B362687887831A1224FC7B24E5710EED91363C67D1D2B5DC1ED3937F0BCCBCFE31549D8F2DE0211D0119C0FB0AD6D348E3D
J=$28FA423AB2425F60B28640346CD0A4E2353848D9B3A68C211EB933951CF97C63D99D7E756DD73C81AA3371F76A139E72E6CA3245EA8E6887CF7DB54359EE3545535257478D86FCE624A0D10CCF564CAC27D2983626D34232EC660E7192BD3E6561F6550BD1944F9BDF61543A7C39C4A1DCF15622857B18EC0C00B05F252282B8C98B412686AD7E2AF07500F57B5741B4C7AC2A6E1917
T=$2

[71]
S=$688BDF1D
W=$D2AF6460F3E5B426399798D774AE5F1604EB63000A07740B0BB4E04FDAF251DF87BF01A09088A4C376462AAE95CD9609EA50D4825ABB88C666E7A413A4BD46783E5D40987419CB87C969
J=-$B19EF287E2F7366EC94637C7600CD7D81D7174820087CDB8AD916BF8BC6F1E20E9E1389329AF9182B7DE92581EF30A468584151A2E6CA7498DA8CFAEAB4E61ACE9DCB4517B76242BCC28278432D55CC5EF5F4B1FF6AB4E54B857B225EE3885ADB8F4F5CA0F024DB16196BDB8A11210D71FC94E31762332551A8A71904D9B329E9B52E97615E75CC699E963BC2C3319F1677B3F5
T=0

[72]
S=$E80540462C
W=$5E653CFCA1FB91A37F614B5C4B770E11B162F93CF48B87E26B310325BC7DC8917E376F443EC39EBAA96BB83F691FF468CE898D9202C040BF3FCAA5F33CB485B9BDB630B5E61A4B14
J=$20D720214B2EF5A672A1F2D5B61B9630C239B7AB4C87D5D738923A43464FEE2578BD8B0776376F373E32C62F71AD245F27D533F36AAFC02F7E737B4DD4E4C4A28D7B8E3534C2C10A142F896973B66086F7972DC88F08EE165A576A1B39BD69029BB443DBF70D370E6561C8C15A37E6713997F36716CD4F061579689641313F3A61277B4BB8117D1ECBEDBDDD4E5AF82B
T=0

[73]
S=$32A874B6
W=$CE784C9355B79B915276C146CBD65C07D2CDE402623DE19F1A35BD3F8030BEC0B721D821034A7C9B86D496949C5A4F860E7033BD0022549217CE6254D2E65D0FAAA7DCFB1F0
J=-$2243A9FC0C7B642E01D461595A764407464C87E60D4B65C9755B0FF3738762A65D544D9918F194EE637949A20D8240EA054621EC86A850196EBA14066DA6DE122389DDCD293E1CF900E76DEE71C95BB60F14DA3866A5E18C43F3DA138A91DA7D17EDB9FFFD86236F550DF4021F85325C3A1154CDB1F3CAE01AF3F32869B6C8D106DD668AC81D809855B357
T=$1

[74]
S=$2382A9103D4
W=$17D9091CF4CF4EE50A8B38BF42BEC657D94599A9064EEAA9665DEB7B20B2012DC58E53D4B5FCF1B7FAB73490E1DFCC44EED9BDD007D08F4D054E7695DAD4BC015B04A332
J=-$9317E67E6755572C4608A447E137FDAFFD117F434ABFA62EB3C66CB1BC995E160327E06EDD23C14713345F09C202AB551B319ED7E3A933CC579D6088DB943AA1C3FC75B8057B619AD99AA9E7DEB3C4FDCCCED3C379FDD1435BA3BD78AE5FC1079549282E2980687652B79510DF01AD634C2F3AA3EA7A225CEEDAC21CDBB006A74D5763F4EF7838
T=$1

[75]
S=$C127E65
W=-$C9B5CF005473136C0E25A66665C003D48F4B790D18C4084F61B859C564A5445E9FE6334C56A5765CC534FCB3F7C2043E67096E2C4201E3ED10F1CB3C4594CBD699
J=-$63201A8FC250E40EB0D763F5549813205AFE2B720464E953059080F0614E814C3193AC7CDFB7C96A00F3CCE548E77D27D8A3CF0E10634075496B2E814490DE811FEC8A1AA0F8F14381E8E54C1DFA4B5D0B84809E15A78CF442DD2BD8E63453E07255D91F3E17A269F2D1D473A8FEB71D8C62538C0E4E9CA81E08C3C50D47FEF8E69D
T=0

[76]
S=$231B1C
W=$8C33685D373722D57A9F0AA32626C10887BD4A8F563D2AC188FCB15AC0B708C1207BCD4F9FC0DE09522C584AD055E46C0F09C0CEE115D9F20ADD9F967A18470
J=-$799844CA7918645D0C42F9AFB82BB760194A193FF20ED9EA3589A329FA18AC0F25F5D33A0A7D5B6A6ED8ECAC7BBE2C59A5BC15594C9BE9707E2EE77FD50BA223B0B3077366A53514DCD8B86248EF34F4D685808A611DD60CC52AAED42C1E8527766566161F4C49994A787A5708DECD1C924A2A0B2181CFDE6B7544FEDA301
T=$1

[77]
S=$4B6FC
W=$6FE29E21498B31D5F9B828999815CA68F2454ED3F717881820762775114137F16EB3FD8C55CC6A3E6E024CFF23FEE95378B51B08F69DC41B36ACEC55892E
J=-$3F2112443FD85CD83D1D2C5B91456F26D002F25039E79F41C5A7777BFEA90D7AD01FECBC385D7986798FEDDC3835A6949A74DF4036EE9C840C88C37D2A8544B0840551006EFD3169B248132477D187511A64C6106DED02C68A087951308CEC4355761693D33856F985D9D9EE3E693FF973884D1F1D030D092608F162
T=$1

[78]
S=$D51F05
W=$7D1A3DA913C16D152F95FF8135C658F0C75B298B7EC2B915C34B392039FC40F1DCE6264942740D523EA1E841CFDE93A7B6E4C75B97C78C4C030884A8CF
J=-$19293C2BB9E382F2CF0D3ABD1A6D8218C3459E4282E849B0CDE60DAC052E51C1B01AA76DA8A9465B69092A51B1541EE2BDC79C6EEA645DD3E3FE1FA19BACDE57838DE22040BB513040FB8D92ACA1219F917090FD14C5CBC45A8EC365F7D82B9AF6D82506A0036187138A61CB862857F0EDD96301722E6518CB2
T=0

[79]
S=$1F30
Q=$3

[80]
S=$C
Q=$5

[81]
S=$49A20A303
W=$A6CC8DEA6BF3781BCEE61D10D662A9B1EE45323EAFEEA0CF68087290D5317C804424929729ED0FC84C8313FEDA9E0CEEE608D9955F31D7D486C4F
J=$8BF1DFA1D8F0D0B5308A54016CE6E0E1BD8C49DBF1463A8E639A5A086448B188682C411F4EDB16C92E12329EBF628D9ADBB8E4BDF5CC930260DFA9A8F1EA7D4B8DF73E43F9F0958A71ABFB78ED68970440925664F9D028E122FFC18319D2E01995567826F4D6750D62C24CEFA9773B683A48B83D6
T=$1

[82]
S=$14635D
W=$2F0428C4394A40799BF9AFE666BC4FB46CEE2D21F5C514981C84AEF4EDF2372D8EAABE1E02BD41830F360A867FA865CC5E41886FB7184C4ED
J=-$EE0D845E46BF18844FFC13FE9F8F7E64C27DD77BBE4501B4FEE3B3339DD98B1B925079F7CCE644D5BC63EF4A9C07AFFC450785AC063848A9B267C852DD01D0C69713674432AB7DA0AA41EB58B76317FDF72FF38B76DFC361A53C4357EF66570F2C566611E0AB98E7BBCB717103103C4F
T=0

[83]
S=$A40
B=$2

[84]
S=$1C946B63E4
W=-$2D065CC3488CDFC45B930937366D30B7B6A3CA6E5C81158F7404CD44EC833DBA95BF1089D819BC3E11E0E14D892E9247CB52A0DBD0F8E
A=$1
B=0
T=$3

[85]
S=$2DF46
W=$C737CA902F38E1CBDD002753132D75FE27498BCB2CC8966DD00AD86D2C4574D978DE78E6501BF483F07F59ED00A6CC809EA7857C
J=$1908E3D674F89297A694B740DB2C9362624A36835F092887CA75E982C703CC4836D54866287602EF9DE127295133310046A708CCAA5856C0C92CAEEE1958EB603E3FB58B39693CABA11C673C7A05C01914CE9C46F9790D09D32B6377A2A20D365E03FB3CDC2EB6BA
T=0

[86]
S=$1DEF8
W=-$9B2DEF17B0C640F6BAD7D4E119C68C07F6833DA8819B9D9EB8ADB77B8D9FE3E0C6FA9E3BD0C1B251DDB204FFB712A4E518634A
J=-$37D9AB4059F01BF4EE4E58EB5D08B3EB24B77F0EA74B8557E18F01EADF5BC2E686521D7F64BC98960F6B48D14BC31357587AAF1BC777A0CAA2A1D930DEDCECB0112ABE3B2FBF3242ACCD604D3922A315384E6857F1ABBFAECC3466508A09A9AAFE8EA7A990
T=$2

[87]
S=$499A12
Q=$1A

[88]
S=$58BAA5
W=$4F8CB2D9C5EA886D0A41438D71F9CDE85CB1C33ABF3570266EF00245C30B90E4FDAF0E4DB4D4BDB85E929D5ADB6915CAB
A=0
B=$13
T=$1

[89]
S=$1AD0F3B
W=$1581BF6CB3BC64D5F2F67F74F4D15EFDABA9EA0CA868E25DEB67BFCFFDB1A34596CD8BF0438440015390CB77A989FA1
J=-$1F485C400B50989034705823BDD6EBA6F84A66FFFBD4EFCF6A3436F294DD16C1261C9DF54E8FE87AF07A79F9BBFA5B7309FCB3564C6E14E6B6D33F1036A570085DEB9D5489024220BC59902473C094FB5559F91FF69EE432D76153F331C2
T=$2

[90]
S=$81C6A426
W=$6ABDBA0CFB1926DB5E8B4003A26E8A459B73E371B7DF639B71ECB007431AE9DEE22FE22265A9B9E71D3A24C7990
J=-$259E0FC4BE2B4EB8A21AFA2588F9E60F25D606DC44FBB2343FBEE0CED8FE7C958EEB3E93E72064AF2421F2A59D63F09DEDAA53B57B5A33C59100AD1A8137BE393CA97594629B555EACE83A68C9EDDBECC6E17D7E28ADA6E5864C85
T=$2

[91]
S=$D9155FCA
W=$D31DD6E2E02D1F70D68844CAB16C65A6198CC1DE0428F527C24E2B6C775A58B96C934617D442CDE7ECB92F0
A=$17
B=0
T=$1

[92]
S=$5431A
W=$1A58F51CDBEDC2539ACF28F648083E420A3441446F32F45D0ED2B992B821630CF01E21CC2D4FFC03E96C
A=-$57B6EB473D1A41904FA389334DAE116C271D2D4394CBB73DA28CAD89F72D2943232872573937FEAF4B05FCA49C6763DAD7A6FA54BDDBAA57962BE6537489AD8028243D0E9CBBD35CB21CE8E825BEC20353C92A
B=0
T=$1

[93]
S=$2F53C
W=-$91AEFBE7757764A8339D540963511FDEDAFFBF566C163EACF2469CB4F1234E97EC2E0992B66E7C342
J=-$634D8137D3910B2E05DCACCD4DE983F71B5BBFFE4D79A92B1DBD167ACE3E989963B171B1395D445FF3BB0A36ED31FB815595E4154E875A748BBA43434FB30231C9424F4B0D1350DF38D564DFF4439F73C
T=$3

[94]
S=$7DABBA8
W=$266DE32995E63D390D4E282C4E91B04577C9C8E5949C130C07FD34A3AB8F08172892CACAC1F51D6
J=$1443A0D53207F3196677A85E0E6242C5B4827299B0F92EE70623BD9F183595F95442A46A1B62404AF92DDEC6A23B47D3972D53BD9A4EA736C1921F320A87108D398854AC696C0E25A3D1D0C3C3470
T=0

[95]
S=$2E4EE2B4
W=-$10559AD973533951D12D1279E273EFF5E1972F785E44B370E6926072099B53A57801128EBD96
J=$9F9FCDFD2BE067799735A001C0A809D1506F6A34E36FF03F08980AFA921A51589CF9CAC3EBE59436E59396457DA4671F6AD21C66A2D8CF9A8F50A912DF5A9D3BC7682DACB5101A938443CA
T=0

[96]
S=$5AD8BAC
W=$5A14620CD5A8C267A506766284A93630A235B41B5EA60C7CB87E411CA0FCF680D7BB7E78
J=$B730A1694E337644D2C62E829C75CFAC71B4733FF14DAC90A730E11531B4114134B7B1C829842AAD01A863800E2F8F286C795A2AF4051C98BC3D8ED5BE0CBBA8C51218C90469E6
T=0

[97]
S=$18B6D
W=-$10308238EA9978C611E510E82D23D0436C889E7100DA09DFD85519DB25791C886A96F
J=-$10369B168FBF25C723921F899CD4519A28101A8491EAA982627EE7241FFA719D815207B33E290EF19CF7D8AD2613998F19CF4E4D00A86A1793D9D3166D02D526C807C888
T=0

[98]
S=$6D546
W=-$109CEA9087BF3AC83C124D959B5D6E604D8120B06A30E63540B014A00B1F72C8F62
J=$1F974F357616D691921C521494B31526F458791500899CDE46C2B34F71E3243927EDD92BD7989F119FDC9043685C511C271B8B6184E45057395F760929DCF699092E
T=0

[99]
S=$9BE48DC7
W=-$B8E77175F216B959C759FD1E04C0A71E0F8109F6788931EB0F550077F751F8A5
J=-$C40A8439DD3FA93AFCD3B5C50031AC0B24F35619F1DF2911DD78FAC35D4ADA96D0EC72A37594DB03E673E8D9430ECC380B2C470970734481B45C83D04BBCEEA
T=$2

[100]
S=$137268
W=$D115CF1FEFC260F31E38759B74D2F4254733F5C72B585128EA4A4545AE8E
J=-$A0D94DFCD3A718EEBBCF814D8667B0B70E148123EFF5DF88E510D97C4295A77AB17B283B219C3030E2791EAD01BEAA9452A0E97F547EF2E7F32E8BC
T=$1

[101]
S=$1B90D5020
W=-$198DDFC2D55BB6C0A68ADCB425110C9CE9DC66335C9160A412B3218356
J=-$126D528133918DB5F12E469763ACD12CBEF517932F570CABA3C67360641C02B53EEDE7E8A20E4B133BB5880C0B740EABC628EF26BA966F30F6F
T=$1

[102]
S=$43FC70
W=-$1042A9938F44755414FEFE6097CA5C55491CF5F0719C12797A6A4
A=-$23
B=$62
T=$1

[103]
S=$510
Q=$5

[104]
S=$5B4
Q=$2

[105]
S=$22109D
W=-$EDDA711371025EA5A2D873A8B41D4D9E060BBD8359D7DD31
A=0
B=$10
T=$2

[106]
S=$361DE
Q=$1A

[107]
S=$2716A2
W=-$D539EE71EAED9994987BB942CCCBCB2ACA6B715E776
J=-$141F3630E235BA9E411D8E721BD9F5F0953305FB9DB88C22CFACA53503E75F457A65F195013A474B7EC6D4
T=0

[108]
S=$190F67C
W=$38C2101D286920F87F3DD2599EBE98C4EB23AD922
J=-$4C77AEE1824590776F3AC1E4E4DD40BFEA093D32D2BA7E908D59CCE974B2404767A4311C3F5D524F
T=$3

[109]
S=$393E86
W=-$2CAA27C37C24F3572FB7F596418F2706B0574A
J=-$4B344AA99C301028605435CA25818978C7E8C6EE4ADBD4491E25B26F40D65C35C724EF7310
T=0

[110]
S=$6353B5A8D0D
W=-$C6097451BE6A561D2EBD8B5D9FEEB8795
J=$2B4EDEF3EFC8F145CE1DB44B456AAE708CC6BD1C8BFEA3503EA98F1FA1516C93C70C4
T=$2

[111]
S=$153FABBB
W=-$D9B679C072F04BE4AA76ADFE37E15
J=-$5388ECABF5053CDA6BB86BC0FE5AC49D5FA14735784264AB5CD7F1149
T=0

[112]
S=$1C5510D957
W=-$7FC8B909D6DE365404502D6795
A=-$D70
B=$12F5A
T=$7

[113]
S=$14D12E40
W=$136733D5DAB2D9728E058A
A=-$108
B=$69E
T=0

[114]
S=$16DD2E4053A
W=-$4A593798C427B9CD0C
A=$2
B=0
T=$7

[115]
S=$4B4F0
W=-$3A0F13163A4A2
A=0
B=$2
T=$1

[116]
S=$46F22
Q=$6

[Signature]
1=$4C226F08B99E5BDB7E630CA4AA719BD6DBFD38BFAEFE68F8
2=$B6564523F6C7F6BE13080FC5D7B74CAADA7B9B95A083B4CA

