[PRIMO - Primality Certificate]
Version=4.3.3 - LX64
WebSite=https://www.ellipsa.eu/
Format=4
ID=B497703821324
Created=Mar-28-2026 04:34:51 PM
TestCount=120
Status=Candidate certified prime

[Comments]
Put here any comment...

[Running Times (Wall-Clock)]
1stPhase=45.50s
2ndPhase=5.87s
Total=51.37s

[Running Times (Processes)]
1stPhase=308s
2ndPhase=43.18s
Total=352s

[Candidate]
File=/home/lappie/Primo_Batch_Farm/Titan_Group6_Prime1.in
Expression=(4797791281531362817967)^47-(4797791281531362817967-1)^47
N=$616BE0CA9A17979455790A4995FC2DB1D117B83CED42275EF4BC2FAB378459D534D6D73153EBEEBEBC8483400AF2BD4166533F4EF8448A3ECD9140C024ED9774D862DA3F582B31130C8F17E83DB7087FA807D0A60BD2F954B3015CBA91AA9A8A7728902A689D811A557B77D9354BF053C58A9FAE4310C43F59C3710DE7E5B4C9B635643D7324DF4E53871023C6843E685D34E7E3DB0014D5FFDA038170F017C232A74E0B9B16C1E73687A2693090B0808F99C4AD6FE2C2228AF8EC906A0A2AC021DEC702AFA902ABF12A35DF199B5A32BD9BE2CE6234C5871AD227E0A08CBE8CFF776D221B18598EC8624211489EC188252E34BC5F51D81903A7B0F84FF438E99CA8C132D89E009538647CD14D0C44BA1B7EA289BDFD742A3E29B6FA5C1EF1BEE9D54A151B30911C3A0E13190A823FAB70C95AD4661EB78C9BDAF070F479AD99EBE0BFF3F8938A09EF856C9B9BEE3C6CA3B47DC28AE238A4B807C622B418FFFAFCF4595A7C4A477BDA530F38A532B35DDED7F34971F9B42E03C44B26C07C3785EB74985F805B125B92FC22DF5226124D7EF70F0A45928990223CACA895F84F
HexadecimalSize=830
DecimalSize=1000
BinarySize=3319

[1]
S=$6DDF02C8
W=-$10C4A9F321051D0953EE9A60C5A99719D739194655454B00AB8CFB3800E9CCFFE6ABD2B5BCDF9363F9447258526A28822F0818F670A24C08DD938DF457805CC3DE4B568CDF4DEFC0AA231D02F7D07D525295C42F3F43A206EE56FEE3222A4C3A6D3606118ECA6EB5AA34AAA81C61D204B237E86A19A820F51BD179AA6BFFED585D2CB3B3CFD4E31DE3A39AD69904E3D2598BBE33DE90CAE5B47E5465B0BB88DA17DBB1D1CC0E1D4ED3BB16EB936B0157C23170F38357F6200B49D72DE6CD5E167DE0AAEF268C971B606C2E44597AC148
J=$17F383E21D3193A9029CA16EBE2D2348FB9CD8B786B981E24C139F6E1D85FA6DB44FFB3B9FF83281CB44B4EE554BA823718351893B577FEAEF86E2C47E3F24BED2217229DE8473BDD396D300FE34A8F370527843629221015DAE557CDDA7CA1B12F4413C65736CD3C0BCC875267C31FD8D727C5C0BE9355697FBAF5E07775E3A600D1F7AA6F159DAB2A284F9A62806DBAD6E1474EFDE4606382AEE1F7C9E798637F40F65D131A4F8D8583C9630A7D3B7155AF5DEA7BDE44138E2003B9885E443A07AC0E3D593B8256EC069110282109DDAA8F173E88650073CFB10724790EF4067D70EFB45C8D3BE556F55B1A10AA060DDA65347DF2ECDB0C9DE90D5D7ABC08C42F290AA6C06CD4A11931C3B1160E8AC4230C10F79941CCE2B8AF8341177975F5570C08A25E6B7FF7DD53FC2A4FBE0344C08E22C9370B9D6B9E08EFCE57D9097399E8A1C0661A6786D8A5A0EB7ACC14845D56EA5E218A724A9DEDC02EB6ADF3A74E8727F5555D563F1D0593A6000B92503B73E1D7045FDB3F0510AAA4760B42A1B05544029E940ACABB985D6D5F829B2E0A6AD3A8CD2474A641ADECF214672
T=$7

[2]
S=$79D
W=$1956F4020328029D21079AF481514F53AC7BF9ABCE9C3BD94B7D152DBCCECE19F538CE35ADD081D40A412AB556CC42511055827242DE2F724EB377D92F9E9897C7F9FDA9F00F98DD1D3CF8107602F5C39973E145C153F1F33B47F7D31E316E50730C06FD0C4B5A68596290D25887B088CD9AC94D59DF49E2B8D9ADC36CA23716F9254D5126352D2192E06E6C1A2560E38D9CF6C5F9D610F08ABD89C23F4C1F8B2765C1ACCDEF53FE47ABBE0866229A116454F1A38EABA529B77242D24C8337FDAA37BF070FC547B677A2A164BAFD
J=$4DBBABD1521CBB7B5F61BF623571A2A33A26EC308E34DAE93E1A97383950A7479B48DA415D28898816B8010BC9B3474072C6CF2023AD5E4C7E500E33B1D886C69BC9323AE27F94A67A58B6C2541ADCEE7007612CE7F99386375CB5DEFBC150CF790EB611D3B1BC5CFFE15BC05C03197D479286B2FD39E6BE563FC7DCE50EBA41431066F61EAE8B338211B35636A826109655E0DB742B45E333A2645D6CB0860CEE60F218F42B00840E4609EF9E51C1E0FA52BB46708D4F1D09382D0B5526845C9A63EA00F052ECFF4C3B81361C5F04A28677B72ABE6F44DB46AB923B31F94E6D4DA6F3F8427A9FDF87DFAB776298513A3A8BEF4E402FAF702867CCA78B73C934181E0AD2170C2A1AD9C223A268CA7DFBF3B1FC051C5114FBC2184567354AF0CA65E8F506FD22E455699CCFECACA84AC0B99339588DDFD30918CD51BDED634757CFF612D6533AACFBE43F38B17CA891073C554AB8277EE9C346ABA6B1B4188A17EB7C92F187699EB57C5671F023127D826667852E91C4C334D223B30312475C2E8C32271A47AD860393DC02EFAB70A6705A003C7A7839F250D1F146
T=0

[3]
S=$2E562
W=$A1544FA85E48E6E88FB182CC92D5B038B9C54D007F617F2567BA8E5973CE9063FFB6D4E12E2292D95ACBB3A7989CDF6287B58E9465EDB5DB4A1438B8D8123E6B507D6CFB77E34A932677AD1B0F8AC114E03CF6A6B986F7E94A4BBF51F2F4DA3F6A04140D3B3DD56B0523713D1D1D060B7770D62AC8609ECA995FF18A27977E28C343743A869975992D76BEC56F858DE1DDB153B6A33A35C8A4F764ACE9EE3D798D2A2B1BAE89B530541CEA9608084182B3E94BB7AB24F908D1EB2A2025862692CC026EE48701AE5AFDF7C8AB5E
J=-$1D4F14E3ADD009025120FB8E825B2E989E353AF793E4091C4036B52FC1A2D569FEB399BCD8CC58DD58A9DFCFABA703932808BD147E64511349C26282360686B76F8A484B5BCEBF47F9F01EDB9B9E20CA838C9B80E4FDB5666206E71A15F908BEA7CB4FBA687563DA4BE1F031FA8F5FFDCFE592B9A57791BB462233D35A7F7EC3C92B332EA6CC82F87EA8F7AAF342B009F2789BF89E9EBB577BF07DAD0EE95BFD694EAA53E200F98018D5A321988E19086AD656B4FB326D070BBE5EA04F39433CC2544F8353FC352297CE1659555764A31004A5E5B8B8BA35A0F7EBF8431D24DADAC511E33ABC01F0165F610B125E96957E11CC9E9B9AC3128FD24D0719BAB9C05B999B2EE957B209FDF2C055EADACA64DCB35F432EC650E2532170D4F0BC0E86EC2107ABDA133A86AEC9A7AF486F29D4E47FDF5FC0A9AD6340D0C8EF1A2C0E0104B07805DA65BB9901B2401A299FCE09CE2539FA3B6E394BFEA7F056E9864EB0C2DFFC520C3BC9E3EC0A5F83EAE1E86C2E982E08C80A9822D8B00A4B584E4798561E56A9DED2578D517170F81622618462D6309917341D9712D
T=$2

[4]
S=$5BAADE
W=$CB5874384C58AE2149B790899A066E56DBFAA82D637FF313A0FB68B65104737FDDED124DA77ADF0A6061EF7A3D5A0C5B8B83C76B3A8C4BD399EF7786C664221DECFFAC1DB8CA6B61B2A6B90E7BF32BEFB3C8F57B986BA4F3D69191F3D7198DCC8547D66AD395BEBC49EF976DE36A4AF3049829CB878B6F85042F59833991B0627F042B96B99832BD14C97C1089526DA34143FF10486F5B4DCA8A522742354DBE6C68DBAEDBFB1F908AC8E164917957BBDC8ED215B691308B5FED1E58271DAB9B65610B83F7E1B0EDFAA04D2
J=-$3D86F43C05213C7B9843FF2A26B9BFBE8398F30AE371880252590BDA2D63A7609A5C276ABAC826D5DA7691F94A19B4DE903CA2CE194B51D1003414D2776C42B951B10E4EAF343465B933858B31B3FD52403B35985A22345ABB44ECE5BCE3B7D6D5EA5A5F38A14E3ED583D38478A1145E7DBEEB868B8FEAFD57775EA3204B0C08F65E740429BAAD0081C78CE402CA99B6B6AB99FB80EB9952C5E38F8ECE0045D9017BB068BCF79A8E0808003505387F8875D023716FEF511A87FB5428B064436F45360AB087396438F0FFFD4EF246D6804A1282E35EA23BB8186F29DF265ACFBF95E85E871BB12CA628BB7C14F738922D9E31F3245EA34984DB3E0A2E768353A1E8F39CBFFB89F9E7A5FC6E3882A893B910F8FDDC75E3D67A0A1AFD6C70A7D674A64C4692A49F4604D011174D5F2226EB97C107A89C94B9D3EB4CA6C98F4751B3CFECA149FA98A8CD33CDC90C3FAC14D2375F2B0BB1B85DAEFA89651E5C651647258A457165D10383BC94691DDC53462FB7CAC8593591C40A0C68C97061BFB382228C947ADF2F5559314BA618314AFD7BF3B52800FC7A397
T=0

[5]
S=$2166A84
W=$5FCFC19F62870E352599786EFCC8143F23C435134C7CACC2B8E06C2339C8A39A934DFAD3369B1EFD5F9E245E388947263424BF0DFA176FA3F6A9727ED273B744BB9F99725AE4AAC75BE34502D9A9F7D13D395FE1D449FD55BB6F1F4ABBEBFC817C6D333DA5FFD93B9CE50D0F8443BE04A1E5440077DD42B7D2C96FF82ED640274C52F8A4BB91B67F8C11EB83D2266594E60C48833E444B89A2800389AEC8001B36BCCA5424B0098CF782C98264B667E1B67A92C00E988A4CB11FCCCE93E94C5E33AA2B4EF409FEA440196
J=$D7E01BE80E2CEC7D9DD44E07ABAC6769B85B37091383E48FFB434559D09E35E9B2E5B1DF5EA8F9EDB9D6CBCC690E352E949076678CC8ED1967C27A8AEFCFD603E8282CF5D23108D773B60D25970D2756659E21A37C7F39C1B9788D2540CCB7CC1D639753447EC584CE5AD9D2BDBC0588B52CF75CB18016459746B50C9E020F11FCB4FFFC9304121660BAF93EF0459BFB6E41BF69D599783866B53F4E1D8A9CBD0C5FD99A331246A9C1F8163BEC34C781EA373EB6834C761601F17B70D6D7F57A00DA39A52AB7E2AF78DAEA28F58F42634A2E5221DB9E708E990C4810EAFFA8CAFC9CFD059E8CA2FA589D21724D7773CA129F958B70E65BDF24F3186DC8E43AF80DB3C11D8A853FCA3ABFCE89AD15A5F4FCE87F4201ED4F3BFB06FCFE086D23008A77A148766774522DB5A7D4C7849F52A2E11DBB9B72E3C984C4AF51A9B41B62B3A709F70CCC33FADA6392925515A88BD07CB96FAE070872A8B533EC1B65D1487E3926767DC643483766357CA99A6E9AAC95704A7B1A0894635909F6D5BAA12AAFEC596BC62D26794F36E190EBCBFD97849EDAAE5
T=$2

[6]
S=$6022330
W=-$5B286B3AA78FD583B5ECD668A2500A1B2A446E5F6F6094ED971B9F83F615C6A1D61B7F6EC60C1DDE6DB88D2D2B70984B1E4160BE09BF4DA868132D5A67CD5DEF40E0F087FEDB5022CBB95C98AD2EBCD4D569931D2EF930170DE2ECF06B3D11591C01C6E9384665813B7855B22C5CE229DBB79761C5888765A1F2DC82631C681AB4A2BA1A017C6A0525D39A7E494623482E42D3B3E51BE3F0600E2FA491955FA10D45AF433215572885609C5ED1C075A55AEA2EBCE03875DE2A26E3887F5262BAB700EBC7ED8A528ED6
J=$6B918F0834E0C5C677B208D3F0AF132FC24DC53A1E1A79EC04749C7708E6CB085F6D57C4DC3C0B92F05D6EDDA83FAF6EE97936302DF76F1D247497E82262AF64BE8B312B45E6EF9CC510DD252FB372A5A30FD627E78284789181DED03D4D6982688796A21E9A27C8E56809B46401C9F324C21374B7ED92809FE53F2EE5CD941C22EC6105BBB2B9EAEF351DC97551D62FADD847D0951BA5E317E8A3A6D3C40F721ECBE3B894BE59CF716E2F6F080F3B1659F782421DDC2FE7979C1096B17AECAFBFA7433B2AA59012DCE967B11A705F6D69929F712B1BCAA874CF002CB5F45699A5F692612AF2D7AE5215336F56C47EB868C4032C88FAE9180DA5D6824D3E5180C3C2D26F4D5C7D91ABFB998195635AFA91857F8CDDEF813043E7E0129AB2CFD62111033D2C87D6A478FC130AF20567F984F2D7A1DB4BA95894996F06DC8F6EB79BA3E64DE33E638EA2C1703DA4ACFDB4263E394E30444A68A3E4D12CDEB7FBCA1C270F6A45FA92A49B356D89044020684338453F4A89244F036C0FD018CA9F0C976228DAA3CB4E99C5DCDE9452280393A58
T=0

[7]
S=$3AD2052C56E
W=-$7D4EA20331F17B65CE93AB36E3D7A066D39CA2890C0812F6616341B159A1D8634E3AA4A1B9059CC0B814A6139925D177592215793770E62A41885507CD562AAB4034791DAE4E3F08CB8688245B554BDB66838055D28E31F855EE6D8B700E53DB5BB0B53114DD1EF8A349A974833E85C11A18AEBEBE6972BC53F0CD2F9D633A7813FF65DD4007E5E8B16E1287ADA5F710002310642AE9AE1B207ADEDCBD3F0936D95F49CB567DA2E52E6DCED49E800C8F76648516B6E56C55671A3C04D3B7F327D3D4E4D794A64E
J=$A7FD18BF7F8ED808B291391799C0D747B41C227D7D3667C14F125FF9A041DE7D2AF9A25E2B888F1E87E7E9AAC277992A0DE0C555B3C2774CE4C27DBD4A0F9513225285A32A89D5D722F5C8EB2CEC65A3EA53723191B6006EC6873A41187819BAD5D6B8CEF34D9AE7C9B1DB61AC4C2DB9DC42126C5FC20EAA3F17CD3D469A4E44B187E585D7E5D1F9F8EFF042274C6256A1154AAAC61E2B2EEBEE4FB03817A4CD5E4A09CDA78682239DB2C8E3A0C5EC86A8734C88C43457826E24ED04FF66DFD76A524E17676C2992CCFE21C1566A73A665E73CEFFFCB7555B6054E635A7165238472FF5B1B9A0313298F1DE6D9BFFD9BBA81AA75B8C0D106E58737A019D21935F25E5F7648C6845584C0204B5C21DBC1424C5299B6DEA2847BE3E0E6E6E56660DA0AAB1E23ADDE6228997AFC21EB440CA121D1CF8CC98F9F7C9159E3F82A14AEB3B496EC9C5658456961CDF83FC96AF16C1720EFD53599CF39C35CE21F83616D032CC95E10718536CD1B7F3C51EE74624D8EC5A1BD49533817E6F602240A88E2ECBFD423736C17B6EF153563390D
T=0

[8]
S=$EB4
Q=$2

[9]
S=$A944CB
W=$1A178941ED82DC2DC1ED884108B25BB62A19C878E0CD8B7F6A5B8ACB26B443247722A5FB40DFFFF15CEC9E283E2361724927C66BA00F78F2C40AAB98F6A176E365F6A018F42C53447A0F8E76661E1C4DE61B0E7003D8E11FEEDEA55D589497E6FD94FE0F261C06624B337DA6F392BB9B4FEAE35A546EAF0C5F90649284FEB084AB4EABBFEDFE952CEF9935C6020AECF65540C78165775A8E10E1801B12B7728C9E38D862CC88542895147FDEC519851C9FDCE0CE3DF77E0367B2C9B569F7DEE522F14E1D
J=$4C77BFFC34103E2103CAB68B2028F95D1837BDA46309A8F69275B1E2705366E7449A1BD8E7F26E3A99986150DDDF348A92E769F3AE0C55D9E45E9D8F35DBB36910F93B4F2C46099DA610B355322CB4CB45D97112B092119DCF5565599FB0F1D27CFC79D514679A5D73DD5ABAEE215E34205788CA2EF4AE3068525EABB08B55AF1F0F9E99B8E7F13878C6948B0A79D3FB300807042F45DB11AAEF3AB56B8271E191BC9FDBDE3D479DEF88D0C41264269B4F2A29F99AF6E2A3888D52328FD13A953B6077EAD4096C18CCB9676029AC4C94B8B276A08B79355564B38B4635A63FFCEC38C7B02CDB6C3BF4DF5F4C268C7EEFABE9EFE089F984E93F646DA7F830863ECED1D560B4EBE8F2E20558823A3894B76DDFBEC93D993EC40924DDDA841B3B5D463A3811B16D94332072622E7BE19A4DC1E0CD8BD35ADB8A28E18AF8885EC0427E7432098336D2A5260A256A2C1566CDCC42011A5376EBCDC5B17B63373C4F2A1F5280FF84DF0E7DFA5767DC2FDD5A6C6E0FE3F30B88CACFB568DC5484B3BA6E0B76B4E76FF0AF9
T=$1

[10]
S=$34D1958B3
W=-$117788BA81118356BF13B1595167B6489D38F20EC66A53582E310D847C8D5658330F9510238387D8F5C0533FFAC480C173F3523AB1D3E11F56F75BAC837697B4904C98A9BAC8FD5CDEC15299329A9A9115B527A851CEB3CB5310D2C5A838CA96958A7F86E2A9C0B4E954A2973C0E02BF53D8DFBA0E62BED152F7EA98EA38341EECB418684BCF3620526268906175A19A438F03FEAEEC0A0E0C18DA7E0120B2E83093664332DBFC98020AA5B94EC3E8A78D8AAB36A835162991A3D8E15DBDFBFA67F5D
J=-$7D95212DBB1015653D533B119A7E7FE676258974D1BBC7F75D8FC2509A3899B6E4F9DB3A0BD35503B61BFAB22F55A74BFD2EB66C0F4A66E194E3DC31E4300B81548762A3A021AB2FEC8BDA8E3327BBE77EA0424B24DCF18021E759CF72F0CA52B428E756273625EB4EF59733E03EB3B60FA2440D5AFFEC91E4591C5AA6F1ACF028639CEA9A3B89E1B5618E55D19001B43A1D696AA9564C2936158FB6AB955A3A4D7CFBBD4D676C2DC7B9295AAD72B7DE5A634FBAD1674B9CDE1A8441C65BC98473C84415554E6866804020C30B1DDF80D8ED162B10A3CD0A845F886E4BEC8F1E00C7E5E60E743D50310A4A0A4B9BDDAB1A5BE30360C9DBD456C0EF1B3A44F6D391C246AC38421691A977F61E7AFF283BC29D815F06B443D06B78DECAB3F0D9CB7C8F4E2FA70352FF681A1949095A00A619A4A5DE7996BEFB6A7EAB51AA9F768ED264C89D86D25744810F063679803B12CD4D7823AE2E09570D5BFE74FA389C3547E32E235EA80C7B51033079BDB5D198B6973564A547F28D55B107F1F38B525EA9204FC53
T=0

[11]
S=$1401137008
W=$2D6504E236254217568D0285A7F1D78A472BDD519A927E772AAD7807D40EE57B0CDAE87C9263D3720979AE417D0D357FA2434D9D2AB12160A0ABA1276D3426B6437DBBBBA5088AFA60252D1093D595D2A437A48F4A81F7F0D2B3DDB91AAAF9DFD623C39D016F79FC60A6892030A59E319469B3940353B5E48BAA31ECD20603F80C2471635A26DFBBBAE21C53363BA238356FA6FE3D30CAFF591876B15796604C88337BA8B85EC993994E42CE923D57E7BB4FC96B3BC2220D71FCF4507D45EB7CC
J=-$2525C3CBDBA89821B5A1E57EED9D7115864E9544CBB46DA42A44EBA76F2519BB4137BFB396EA6C3A8D8203B9A7A6FE1DADBCB58F616DCB979756DC38397AF2283F9BB96C46915FD827B3585BCCF9B82057EF9B1F4C0297E0D065F8CD14234D634B0ED730F43F6D81AB81688F118E01D2740857C8D1B4AD939A8FCBE68184050AED54E8B3923641B66697E851EB987AFA62FEC81FE2C836A6EBF29FAAF60052B7A94F3489980A21D7F484CAF8C008021F383C5C5B5834CD2DF172D6E696E959F863DFFB5C317341118A8EED1A84CBF938BE4C83F8ED6B14B93A7CFC3583A8407C1D29661E2019107BAA1DC5CD271C34F3DD00533BC2632784D4F3D237809AD9E272F00C76A2502F5EC6060627FB3A37F667EF6BD1CF0EC9BB8D684BE4ABC608F1473139A339DC64E5AA11A158228562AF363044520FAB7AC2E231119CC3D64A68187F679658CD5C152889247E600E2DE34B72B0F99F2655A22592CF810FFAF0E65141E45AA6F33DBAA07D86882BAFF8200E41BF17F951DB71137FF153DBD9DFB1F
T=$4

[12]
S=$2CC8425
W=$EC97088C75C3337CEB316A3DB70EC8DFCFDFBA536F1668D242E377A1054A790061E44A84293A265D338ACB0AD0432415F44B50B8F4D8A2EDDCA54DD8698F7625137619B4D95AED1DF33080B25E81A3299D1880DCA79B497540F5A1CE14F6B491F96CD859B5FDFDE444AF0DE222BA065D2DBAABE0624544187FF1CA68B824F42C7B5C8D25D2C3723EBBCB54C072A00A05C59C0F73ADE742C5D659B3230A198F955DCD6969C503DA5DD6E8F284F7C33D4F706AC1FA0FBF967AEA482FDBA893
J=-$1D627DD2F32DB9FF90EBE8CF7345C7F4337D7863850722DE2DF3986EA6BDDE987ABFC66FE5CB2399AE394B4C7F12837D6EDEA69505ABC1F641FBD0E724F0E66714A3D8917A10B7909390F65E7F442C55D6A15CFF29B056BBA9AD48C8315E5A473C81B64DEBBF1FDE3AADC7045ED964A8E61EEAFF85EA5B4B98BD1FC8D67E115A0B85F030468604CF69047E30C46F4AC8E158EFA4F83642875266AF8D384A4C49109EE3A979C2F955AB6D44F1897F15BE050B810D99623F96AFF7382710D82874BA54207B430C1F1BB5095462D6BBCD7E1BE8C476033F9AFEA9D29E8B1E5DE9DFA7ADF9E29D5A7838449C6C118E32CC417C41CE10F58CC4B60A641CD3D85AB1CA9A696BC8FA13A1F9B9E1C57E3DF9D5E11F74B9DE8E606CC80E5C1436D2C03E24D7C001091E749546D35298677EF854CFABE94EE2F6ED4AC206E53394627E5CD9F10E0CA6240204EC654CB282F993D1337BBBAC633CBF205D7FFE5BA7D9D66FCAE5339DE8A8B6DE175B37240966BD4D2368364ED439E1A9D01BDF9183
T=0

[13]
S=$17C4AC5D
W=-$7A18F53961CF2238939E1A63BAB6E36191A49C5C958F08729A082A376D0D035A76EFC0A73584610276DDF298ED3AFD488A99A25ACE89A3A0CEC6A73FC52072DD7B48BC1E5E9D3067528F3C8E0924F1B4EAAC45B20C98F55C584FBDBE9EA9D5AD709603CBD9253542D673B2B9981A14AD21511477BCB1E22B1B326E1AB49B15C0CBC10A7D09AE2C8F06C82571412F10119ED1C52881051FA62C46A6D32FFDAF7E5F0C96F01452DC3DF87C75FFA130ECAF82DE6F6DE235EFBCD25DF4119
J=$739F00DFFC1EBA325310132F96AF43ED2A480FD512549BBB1711FA146A91AA9156959676DC241D338563F3286A5497181A6C50053A569AA5C6904919EA2C72A434EB5764F15341178F17F3D5D6C98A2FC1AE00973DB577E636F8AA806CE5F7A9B426A3FFD386E4F5A343CAAF25AC7B987730BCF26D9A112AC9B6150760596C9C03744156532043E1BB3A01448197391A37D551BC3ADA277FBB98C121364F53CC6C437E3173057D87A883C9ADFC4B0EE63AA28883500E18C4B1B96CAB1C4B3E9B5C6DFFD2557F65E00EC8B5890A75519683156D7CE72C9FD56910704F9195B09CBDA4E77C3B65A5E4AB8B31959B61A9399B72516C70609C1CD446C4ED34D3667040962EF7A449D5F4F646E2376A4EB137C3CB17A75DC1251947F803407CC46389AEA64634D6DBBC2B2D80C6C5F89DE3744D1200DE5EEFC5CDFA923BD9C5E000535AF56127E59A4F8D145AE026CFE631EE0E0CF7E76DBEC8E17882D30B119B938B98D9809FEEF5009E4C0AF48275879300229B7691AE177CD1A
T=$1

[14]
S=$336EBA86
W=-$1A62105DC85EEA7D9EDC90B0BD4B0D7B99895392F1A9221263D66339A68EB40A72AB1FE8D9E06484D2AFA90D5A2A5E96741AC68AA9B76101641DAE8C7FDE86AAC9C1C523D2DA5A347FE0807399711F0F6B1D7B57FB42C4FFC563512479099D254915E0BC7DEA5EFFBE85057BA3CED488E28EFAA51A7C25FB44DDBF5F6026BC118D8B39E84FC98AF3D62C0BB930AAC2222C530C7BEF27743133FA440FC65AE3641DEAE1A5896D9985B7F90EF8DD9DE402618C1983DF599F2C6BAE8E
J=$16343B46E2ABA6346525063503081CB72FED45870F240366FBFAB4C2D9C9602EFE8AF7AB5B8D1478B9CC6D8D0D4EFA695C3A24D6290FDA58BB3AEBBC8AB24B6C88C7F9E3EB0A7DC93A14080198321E84FEF94C2E887B9056BF4388199BCE478E911C6B975F8731EC305F5E3A4E9BD31E440505DBF84257EB44C29E7132865F8A80BE62B729CCF634554BDB944A6911666C58059507A9EFBD92D6371DE06C37BCC2B9AA2C1DAB1E977B9D8F45B73E0A3A50F0B36FAEA50C8435CDF942418B95DEDBA8EC8E2045A87CF5B916B75ED750DDFC65867091A5D87A1FEBAEEA7156A38C8272EF30D23BCA14EE95387CF58594F11D500BABBA7D753E266DE3C9EB7257F201EC24D51F965C1B44546604A8D25382ACD652AB50835C31E344CE16F67EAA7070BD9EBF465CC5EA9E38B58D2D0AE20EF9810489EEB8A0D710D5A25CE2E357400AC35C6479A2D94ACF9B4AECF8FE58606F8CD1BB38B7785FD83ECC90F855952A33AE4FFF81D69AD90C4F4FF080A64B6AD968E0165F
T=$1

[15]
S=$DB4D47F00D8CE0
W=-$2EC1E2F1496C0ABA610EAD6E214DB97E9B83014F49E0AB8B6DB329552DEDE5DDAF44F0C78F99C1A841DB66A66CE5DE713F69C4FEA0ADFB9DDA867788EFC6983A7381C91C03F38CF405B26F431773DF79CA62DE15038ADC69CCD2A483EFF9F3B711D4D518869B466E2B0025FFEBA3153B3DCABC55AF6F1378D1FF84D80EEE302DB020F4319E0F7473C901CD4A2398B2020CFCDA78B9E5606B8C68223BA6D439E9E571F903DA982A2DA1D5906A0FA30007B8E123EFDAD7E326AE
J=$974BD6FEFF6D21943CE0E1C5FF2B57B16AC733D20A2209C14BB27357394A9E088F93D9B0A35971205E45EE5D9207465117931325091F88872F445A373F51DB0334B3AA37D947492A414E6B5AAFB94230760E34E59183690DEA657859C827221379A57D755F69E411047FF8F223441FDCDA17A3D416C8BCA1E11C97D686B464A1D01872D3CF07FFAD8EEA0307E7ABF00CCC231C17636F8BAB2A2DF340763D773E88A94D6B971D08D15B8A7DE9A3AE8986FBDAACDA0FD067FD741ED7E0790A367319A735CCC86155708BACCCCEAE7827539198981F9017DB76A2205A8E0452B263863C1394D9A7496D70BC7545F8D7088557CEEACD27D1F9131621C7EE63E1E872FCAD0F742079A0662E7DC22EB9960F698D8EF11598F542573558FAB8DAEFC0127D75947142E3685162B22618D57A44744D26F086256F75D98289BFC27D3B1CDE803589982F996CBCDA563C03F519F9A0BCBA9E1528E1C85B19EDE8F5571C56D66F5282191B9F2569B5F92F9DE4ED443AC3
T=$2

[16]
S=$8FD40A
W=-$48A818BDF5054612356067862E6539FAF640CC185E0D2F612B49EEA3122327900BC7DDF0A53A67DA84CF800B8D691CFEF746532F8823044A1EE95ED749ECD11F4F133CF4DB70F465799A623FAA45DDEAA3562BD2AA0CDEFF0580848EB5EDB3EFF96C8E6905EE1D9C1B9C493A5BD4A18D679416C255FB61C6A0B25DEFBF2C390D945BB1A598C03DE57E02F72649A78910D5FCC4D696432E88E007F6B5B8CD13368F7876026189B000BE5C6FC6CE46B519289375D43A4
A=-$2C796D9DF53157128352916275C7D9169F79F1BB5EE31C5B14C8E6994218B5E3A31996263F7909C09EBFCFB2695959E8394FD483225B3264957987F14E3293339DC193FD1B1028C96E0769B61362FCFFB5FFCB71D27CBAB54C4046ADF02D2BC39C95064B14962E522FF96FF6557E4E00F445277F718F1A127990CB5EA2269EC46F0A13F72939FDC5EE5A877C84C86EA364EC84FD7D8D077FC8D989B5EDC436F6E1BDA398D560241B6FCE4A2CF5108917A861B6D2229634932FC194D7FE26D1F508DAAFD68BE1C9E56625293E48BD3E0CCE4F8099A746652A3692D595027C753A59FF382CBBD74B9762C6B97C209D898E05FDFAD9655D1A91F7D9EA46AFFFF5DD11CE9F3126E9F7C197AFDE299F6CB88A4A311956E70FAFEB4EA335407B5C44E5227CC26FD247FBC7A12D78E6B6C908CF562ABE213857DB8DBC5372EAD63EB0535C5678A75D46982457BE4BC730B0667C08E27F1AE6AF20608074F462C81D3CFA82766FC31533E3594D9F6
B=0
T=$1

[17]
S=$5B3C9AAE452330C8
W=-$42C26B153D191F5F4C57CFD772C6C30CF57A0319E15614000B4C7593EA2C18A08E6D21B77C6C37A173F3E29CD4A82CCC0EF63B0EAA8A5F6FBD07C7D1EBC88D9DFC8C16A004EB8B700FA32E2CDBE7B824A0216BCBDE101B7EAC2AC6319F7E79099F3DAAC88E5C8B271D15AA6BF8691AFB266768B6CB384B63226B7642B84F7C093FDBB248E9878C9735C538500D9D021D22074BBB30E52706DA8BD7DEB5C537F960666C79D2D63B8B707086E66CDB43E5D59801F2
J=-$1CBF1612C2F629FFED15390F1E7057FFCA1226A3393A932FF165BE439B9E35C3B66EAD3D87C42DF628DF6861D8F5AE80A8DE54BF987E3A0F688DE52D6E56F9561D7B97A416C9C7D745C61E6FD3CAADE0A6B0E66080542DD2A4E6C77F1F6F76E98B5E4C96F8921A95A5FFFA24F9F2AA5FF1B9ABF2BC203819BBC90475676255A4A4E4C03A3548C4D7170E97DE10CF7DAFF55A42513950FB278064C22AF04D694802527EFAE6F373C0ECBDB2B5A516F3DE14924D88822110B571BA9DC4A031640022DAC8E5DE6D1F0BF6730E800C5A6583A23C3C5C36967EBF85A649DB7C2C342E85A1EC4E200EE786C4392A79C9E938F2697353CE9FC1DD87DFD3060CEA83B08FF5FE21BC617702ACE2F1CB956F3D2CD715FF44C3143750B86CD7F8121CCF2319C53A3BABB464954458BB9C4A2E8A95D2EA5EF126443030C96E343B96E0535036A52548F1D930513AC9AD5E9C4C61A9C9500BDAC9D9C83DB1CAA3FAAAAEC8B63EDD2390FD0DDF3CF
T=$9

[18]
S=$4C54CF8A7DE36C
W=$7A88C885485301C0DF1E9511F7EC7179F0D4C561031185604B3FD4A94A977FEB14DDAD8AA62F02F1EE6210D99D8507A81F9F048565BC43A3F69797C1D9CDCCDE74885F7531A26EA74958BCC283ECA4BB1D67A2100D961D35619B2DD8E8772677548BC08CC347E5DA42F59438ECE61A20BD2D43B000042FD87717B0AE9F1193618CBDEA3E051AAAECEF6336ABE81F904E4776B78FC49D1E1CB83487AC5CB0E8B68AB2A391AB525161DBB31C2DF0E1DF4A
J=-$228C53F9DB74ED0B2D8A1D8AC66C43D41A622A19EFFDE846DE584F7CF31CBC36F90F4AC91B56A34CC02F74487CDFCAA050F84B3F21B3EC880556948424FA067569824C838614424724AE0D5658061DA5058363C030050A5B63F6CC778D4421ECEA662C2F1CAD652DCD6AB7F34D98C324FFEF6C2D90DB54D0625E457674CB28CEA5A57C4EB204FDEAC3CDB812267705D46C87D7115E7CE395DC8CB6A15BBA0FCEBFC5B47233D56D22F2F8A75737E0F084F9A893F91B7DCAECBA5AB6011DFC91143526253222A1B575D65C22A62CC8127FE09FB13D2B1EE594DF182F2C151C797CC9217420D68029EC8AC1384BB32AA9F7D8AD1D450D80F915F359B52769A3F5C6886508F7BB1E13870A66261B806180EC1D85A359324D0D440246D711FECE6AB506434138A6B093BED4D99607474560F03B8849FFF384ED80B05CD584A13B4A7D07BBD6D13ECE898A30CE50157997A6E8199C564E2E737BB73405E6516ED4659
T=$2

[19]
S=$51A921C
W=$10FEBC850EF77107725F41CD03570D6D291AD2DBC0AE66472EE931F5653AEB7EC437ADF9C12279AD1917F39C0E3C26B0E61C8E2128F34183798BEF1C6FA78E297BE78B15DE136FAE1D654CB3A7E29DADDB474DA92D32A1A784F0554296BB7A9262A9D891B4762A1823028FA3A14682D27AF10320B15AD13BC7542237E2DBC0438EAC59EC0FFAA033EF65B7FCC43E57C981DF5A8F23B1CF92B24D34D27D63B0737963B9745DEAC543965718E732
J=$1AA2D660D0E6D055853433A53924F9840A8611A5BE203534C6BD279FDBEC7904511756A073FC97D6A0A5F5646105B58A90E189B2F409210D6DF5AC20271E41DF2BF2EE8987EC81C1D41ABD648CD61933DB62A5A8113E84ADF3AF5D18690C67D28DD833451AAEF907900B3DFBE8DB13CED0CA692B2F5C576427B40D16F0CE23300B85364F28D1D7CF6D8D7B59F1C0051E4313DC685362715A4FC834BCE5A2A385D8C4845250E92CC2C6CE7D196F9AB1B7A89B4FAAC7D86654B03EB3BE8370BE154450BC87E19981C81124CF126D0A9912257375D9F808ED0A08C0C4ECDFF6EFAE5673DD97A50ED76A4D21DC499F316A9E1BB7B48F1C9468D1E50981CC0EB9E34CEE89809E2D2BE6E694A22BD0213A99D1EB2FAF965ADA00A5AF5C605E97E44C1AFE632D3DFC6E110E8C6B241D21DD7CA519E2A2F1E7573EAB5ECE1F68B16CD716745F8944FE050C4F35BA7658955E3F40DB44526A23C25A33FE
T=$1

[20]
S=$1127B009BD8B8
W=$23FA50099AA5B309554C6A156BBAD46A3001E59ED9B830CD6DF65C154A9204F6215097DB01BF4282FCDA8EA9DCF382EEDF0CB82DC212374E85518E2D6C983BD3B84AA763277CF45451B66BE766346CBF66C0F934C9F87383ABBF660551D7BFE0F8156BFBBBF0DCB9896D34B924AF34B90CFD26974E3B002B8EF578F630C1F5571AB841C273A2DC07D4D3B0872CD3E363EAD287606A655DF05CB4E688CC23ECCE8434AFAF25729CF4F7625E
J=-$1AFF86D75F366E9875512491F65CDF6508F59DAB562112516B88051DCE236DACC42015D647AC9F7C5D5155AB871FF5CFF3FC933E13AF8D6F08BEAE79369AA52F7D7678F077F07ACF41B3352CB92EEC5937B9CF8AE760F59148B6B8B8B5BFE63DAE62CE68DB21B051F81AA3C42B3017A2672BE4116677B4663AE502F287017C20934FEC5983CE9C27C5B6B9B1D5570F572CE00B44869CC02DE120A11483D8BD561FADC639CB59363F767E9F1378401DC83C93662E29DACCF423AE901B097051A80941E05F96A3060BC31CDEF45B754432ECF7CDBCEFA0716C7DB5E2D669B16D4C89F31C58A56C2B3FDEFD28012F8047BE1C0EC3359746CB55B8C66C2785F33A732DC12D3F9FE97C0CF0AD2A335553F9A3BCDC0FABB0232DBC07FDE65DC5B9D1592D29A7A6CB6022505FF9939A3E28E2D170C95ADEA627930C3FD46ADAE3A74B89D2E3B907D9EF62983EAF5CC95D6C203046A5D63B9E9
T=$1

[21]
S=$5F9324
W=$4826EF1CB867701652D0CB324F84B541663B9BDE6E497851EF49F496736B2AE59342160CCE1A4CDCC1042E9AD3B75AC196BDF54DC7993F7252E64083471A617FDBAB704BEC99F1E5DB4DC0B669ED3ABC5953ECCC6E4E7B1B1847EE83BE93196425D71C1C387F7CC8702B55B7E31D8893190A49806A334839D870997909E85F91C779974F777E42F1A07B2D6D05ABAC2B9A6522B48BC1D03865D2E1F6F113F62E095608231E6F5120
A=-$D70
B=$12F5A
T=$3

[22]
S=$722ABAC
W=-$D7CEB8E8E61E6A2D673AC8127123566F0B38524117A68A125C6AAC7A8E0F6B8D741F1A49516E692B91A1F477623D8B16AE9040DEAD49A7CDA58DAEEC217274AD142DF269B51694D73573B24FE24D27C1070D38AC0693F71A1B35CFCC1915BC7FA41AD2D69B0D85132B71BDD6844F481B9A75B19F5AC231953B80A037B65B700E756986BDE8E9E3EACA272825B07B4DEC8EACBF0C7AC273C9842EC1534DE493E472A3FE54B1CD6
J=$1041C075D847398BCE927C9C00A7131B7D90E5A10155C982FC4E42424EAF47B325146BE3082A7FB9B72E80F9BD5146BBD392BB928524853C0B86736EF0B836F21972D636D0EAC3D6D95C8268416139323BB809575124035CF3420C23FE5438BA6EE3D1B9DBEB1146364D0E6C0E499CEDC7C4BEE0B4849FC3938E16A28CC9E4439ABBFC6B8392BC4EC234EC39BB8ECD194B3AE6CC538F06AF356DC6820F7AD26952DC4C4B82A9DE655851B8D3A7BB86432798D0E2AB7B08035D2A436D97B8D6E7D5017069A6EBD1BCE3DDD72B87BD6F35B9A5AD0F01A40A3DDEE32B48DCC849AE144E5F1FE5BB9E2796334D5AAFF025FECBC7010875023E9A9EABACD56501AED3F789203C14A50F960479E86F61506326926AE9E6849F6021770C6FCB88AB8F190796495B2FED136BC6C887C3661F5C3AA45B858AF712464EF3E94310C05150FDB55BDEE37D48E6B41EE9F43FE6
T=$2

[23]
S=$23ED1CC3
W=$1386A25C06F89E8409575BC003C89D521931EA3AE0AF9C23DA90331729831761B1A18967461550320968E9FF83FDABCF76D60820A116AF84D4740F19515BD801C30D84A0898B077E43905A0A12B9F6640199DFDB1E6B6BCEEDEB76D79DD9EF54BD40D11DD7553D4012E69979B2F2F61DE45F250F59AB1DCEF39DFED3987A095C42FDD8BFD0837D2723E6D3FD86A6523D9967EF43C1BC8B0B8C4E8060401ACED44635402F6B
J=$26DC040B4709B34A3B7779088BF243AE0A3EC5B275C99FCD90C196416B293E1F01C0C55785C15E8AB332C9891B1069921CA3A655654C5D1B26549D7D7A84CE1ADFDF303F9C8F601E22280E7907EEA20F325CC64FA5CA18F2C37F18FACC28F0DE60BE3D3DC8A25178ECE4730AC1C3B4E8BF70BD0EC09549228C77254F487F4FAA73D0CDAB4C741305AC033FBCC3411CD28FA050717A9778F54A60474BA6BA400AE5F20F3D5997207DD09780E0C3052A8C014A3D51B0D60D6B2F97EC004864939EDC241A7B536A0043696D627A017E745EB28AAED4B3888F3B827F6DAE4285D78F0A2D5194502F5E40738CBF84D02FC8137D95E74769ADBCF655E90D2C9719E1C0B88034B41021CAEB175986C5036C9924B7FA870EA955DB80E57CF9704FDDD1946075E74277E11F897F1EC907AD84F1592D968E8FBBD077C242ACCD59398F7084208CAD03E6E82B9ADFC
T=$1

[24]
S=$3BBA6E
W=-$340DB260055EDCC62A5AB19FCEF27A044113B81A827E0C1C1F4918DFFAF7F40DF2EFBEDF931552688736A5570A14FE2FD79CE6946C412CA7CCFAC5153CDB6FB28323F753B5011B40CF38221D8919BD9F9272CF04E1FD40C9BB59E6ECAA93910C2581BFAFCD887065754DEE3D6BE01A85C826D31F3B3EE9A6A99D8FF8D8B760D824EAC2E9A7C2F4AA8FA9311E97108D6C2DE52B695288A32B534902879FFA29BEFB935E
J=-$1654705825DC7D00BCA64B320295665BC178BD7996707C3EF35F4E5ABB5C6D52010A946E1C6BF944C4081CA0C7C882B8D51D7E910CBC436D399475C32715AF6DFE2A01FBA9DD5CB67408C240CFDBAC5F74465EAB0EE296D3D2332F4FB92D1F269CFF8E5682FD873E9BEA3327F94D91BC99710A261FB90AFE46F0E4914EE0D94386DFEE917AB16F751C74969EAA0CF75A373F753A0E0B7B6D2B95E35CF023C6CA037F6C57501011DE12950C3FE0E7FFA595D1A1EAC5C40E1FD881E7405AE947EF11133B1E359F45CC3A06E9ADFCADBE7E7A39869CB6B5E625D835A6BD92100AA15E6252A6CFC0BDD43FF4E3BE604574EE9269AC4123A30EC7D9356E8CC2A0548DAB6DD226BD63589D4906E70D296C9F73B81921353BC0B391E652F7C965884D849A17D8A6734FC9383A8C4BBF16B94DC480C71F2344C68085E2EF6A8290D3E1FCA0C82FD2565B
T=0

[25]
S=$7797F6
W=$182D9255C785B00B6D5CB5F50383A39AC7CE077C071356DBFAFA715D1FF27C6F3C87CDE9171F5167F255DE206AF250701ECCE575ED86CE59003CC3B0DE2992979B58F6E9396726A4C884B0EC3048B40A81A56F81521331F47CA43D43AD74599990711BCD7A7F953D3A51C0144909085866A025DD15C646E7D3E55F17C75E4DE60FE61C149440F3AC70EA25F942AD6AD847B88A627801952635AAFB7E4D2D5AD46FAC
J=-$33BEFD4875322E2A49810AB94AC87AE4E134739AFD303D6360A3A60A6771D4195F23DA4ECF2D6B672CA583E04F69AE73FD60175BC1A8B2C3C20839E79C296796A4521CE0B44D06774BCD30B1D7936F54497264BA5365BCA5C514064BD0872CA7B52DEA883BFC4751D8A86219222B6D8A2703D7C6408E4874215349AB4497A90DE34A8F40231100A23FD00DD77948DB3B2D37A27CAEEACD0CB5AA674CDF217A71879BF73C72249870082B178D0E97FF196DF9610C8769FD51F06D080BFA686561DFA6331E82F4BDDB1C85B9CABC8525076620121DAB803B959A98362163A1E92A5FBC1CC33DF0F8C056223970934B96B606F43A6ADA21FCFC928EF92B8BF157C770DACA2FA57A6D3C23C608B545FE20E4652410FD44A7A419303BF645EA33F511AF030AE95CCC13CC7CFF28D8DF60C9C4D1BB5D9095D2968F8F25A498633D4789396A03
T=0

[26]
S=$72F226
W=-$6C026539FA1E1B6D76AE3BDE2BCEC70C71BCC65ED3854746FA451FAED3CB5D05B4A5A2C76D852D5A5E5B1744540289F77DFBB460AB5657EE86C0E122CFB5B1FC398624160F5FDD859870B7296AEFF634AF2CC84F805881FDE830E3C2950AE9B1367BB336D76E22050F159C9B8C4378A36984CDB822C99EB6D885C32F6715F6EBFF1F870D16CD1CCBC583A8B8EC5933240D218B0A6928C3019ABC5171B6F294E0
J=$30E800D0C14426EE7C917064BC79BD382E68844FB13BBC507B10002C6AC468355EA97A08AD15F376BB92243A37763896D8A11F15D53D83934345D122C88DF9FEAAF8CB7EF1A05F74FC1372DE16430E5FA2F40B5DBC41A7893264F01FE58508F5BBDB9F6B4F9091707EE33CF45F6F6CABC3C6CDB0F69D98AF95F0B1F5B2A07DC1186930EABDEDD50036A01992B1DCC0DEA9D848401D05A147AAB3F47BCBF5A6123AFCE2DF745DF66B21D25E0DD27D5F9FA382C1A8F07AA6BDAF57ADFEF38672920CEB346EC71F8AE044B0F4F67ABEBCE137910EFFA25C66C92B3F161CED312E30989C7390B8CA9F26339C8CAF7A662C54A10346C4283D437F6D6BCE232D66FDE5CF61AC3A25EEDD0E5D7DD1303F15548587FC1672E78AFCB5675F84F605C35B59A821766152C1B93C9AB80489F461EFFDC71A6F343F24FCAE0CEA51CB47CFFD96
T=0

[27]
S=$749
W=-$3CECCA70D1BA34F6097A4581D506D7AA028BB6EED9EDBF723BFA01EBE8052A3EC5747E88902DC6D05471BA627F39F550B877EF56A47D4B7866F24370ED0EB6D0FA95B4713FDB25C7A9A668F3E2D2A26C2C353969CADB06B57D431764D9F23D3679FB5A878756C7F0C4BBE32FC35F9179DA7B6F08BB1B01FE3EA40C763EA4E59DF0BD5E899F01A24F9743E9E7606502B56EED3DC86E9A5BC92522088543C677
J=$1A8F2DB3A54A8E88884CB184922EF5A726F79BF5BB49BA3F3A1DDD651752B6D5FB332F7647DBFDBACE70A2FE2C7F88A7EDCAF749CE870E210FCC5EDC9685076BF8B9A6F7830EEEA50025BF26BF276F8BB44239C414BCAD11758382639B0A5FA39C242DC6510D4C3280E9C41598E0463F95045DC502E922ACDD398B6A64532AA1CA6F8BD1130E3E3B9FA3041F3A0538B8423C40C1F7E7AAC0D9DF253F3604CE4AC3DA81F04EDA4A36230BFF501EF7C953F8002486689F90C2CD1619DC1F98D4273E7754C9368D04C3DA9F517DF992B0208FE33B4AC3C4357C2B5858C0CAD1B209980E132FEFC24F3F40F9F37A2564EB1B099807FFAA291B62C004D48049568341DF94EB4999695290037370C4F09672522F8FF6911C8E53BAF0AA976C78454D31DDF20A1DD0FD3A92A025736CADB0C85AAEDD18679DE53542E55A739C34B
T=0

[28]
S=$19CD4EF
W=-$16309BAC09749019F16FFCF9622CAB95E681BD11760C2A8BF4C2654289148FDEA76D8193651E398ABA28CB39EEE55EE171870F888B309DB567FC9C51E9EAD40DE0D4AF8F2D9E0586EE68535FA1929B5BC666FB7FB1CA059874BC15C1399CB51F4493A34ED2D094FDF39E0785289FEE61131433E2E8787AB77820DB392E1FA2C7D62A752AA11D22433905CD3BB27E83FEA8C1E6C4990ADB5AD30299206D86D
J=-$2FAAD2C8A986D9F0070A2A1F165221F336A848B38FEABA20B7201A44BB5937D211BA03D58C4137A1D60AFAC71868B01D4DD1F1EB29E5019D057959298C29BA193A133B2FD663EF33D4E8B8DBA44E234DB05FC88A1D2E3BA808F6784BEFCF40A20D4E5E948BF73051688859E05F86707304062CB127F095E388C9011316B3C9CB494D42DC0DBF13561306AE8DE6A2F3A81138533EC6C14DB91C20EB81989194FFCADD0429D506E279A51547BCECB009602C48FEF5C757C45511973031248086FADB81170A9A56165A4105178E5D7123C85F20CE01983045FB26622EE1AF0C5C0FB464FFA756CD5ECE3078300522F8BAC7F0EED8C37F8FC67F9604D637B1D0E6BBCE7A0E98D8E587A442B8634D4289CF9519AE0E5725F958DF5631472B8EF9EFA461598F79C788E00A87E85C23325FB319F486F1929854C9DABFE5450E
T=$6

[29]
S=$B60
W=-$101CB2CC24DF59CDD9BEE61247C9FCE601655259003FB8C2FEA9C0E988D18062D9F7FABE1C7B99F26AB43855EAD1CA5F388FDD27A90198400AE88F2318B1ED70E675CD5656743C496E2511A5A24FAE02EA3C364E30CAC29C8487C6FB9E9EFD773045090EB50C7F0CBDF349E5781482B45C8C2A3E3C285BAA23F4350F8054691282CCCD5BC8F458E51A0B8514870126379DA52C343C308B96AE5A795214
J=-$166E67E28EDFA495C066004EAA077C9F487ED9FC8471B22CC3EAD955C5E6DB5CCF1B67E605061AAC35447F0AC21D3641A0C11B41CC2404AA39E26C0F51089717CAAB0213C0BC3FA7F79F55FC70D949D94C7B18E92C77CA37CFA4DC24097EC47F3605BE45B2A26FB450046219ADFD6B7727D0060C8BAA8E3F75AF805CB739219A7A59ABC530F0C002ADC5E725532AD9FA122FFAF8E263BD0106F44FA66F3A06886C92394B7CC88FF23EF13FC4195156D435FEA6AB6F382CA6D0544B58AA3130055B8FBC0E05EF3A56A7D02557721A8F1D21C0AA96EF732A40F32D1611C7FEA2E25DD9F261D064D52D9C5C3857C0AF01468FEA008F2FCEFFED91A7B4869CF4CA5C670EFEDFB7822823687547A00CAA1F23D179BDEABC1C573AF3ED53162EBEA162F91F62E186D77725DD8CA26FBD242481464BFB57C659848725
T=0

[30]
S=$553F96
W=$51F135057123F7479EC1BEDE37554BC87847FBE8C0BFF850473A8AFD90F941BA865B7E3AB441C1E2E220F2F44BBAD0CFA00DE81FC8D62A938DFA9EA87532C748A4E00DFBF4BB547533959992C1FF6AD3548E0276C3BD104E30309E7DDF9D610FEFAA4180AECB216AEFAE29F20F10BD15B25A6D59FDC2827983324DB245357C58B6E6D3162F60455265B5136979A93B217590B6CC94F3044FEDE3253E
J=$37100B7FA3DA5C4AEA9761629E1D13F3737E93A98D72B0A0EAFC3FD613BEBC6A3C2F7731165980AC7EDAE0269B1B4368B67F56006D4FBC62B5E1E82C6FA69746196A0B1254AB148E47D5B1DEA4B3BDD7AE46BB50F36D53F79B53BBEBC16CDFEFEC0128B3F0BF7929359AEE9202EB271F0DD231AFC8AC591AE6FA39F29ACE230064C93CB4BB6AFD256BBB8FDEA63324A0F1516A78DD219E5D3E583B8B21BB4258C9FE88752D1DEC732382AD96391588983B4D65300A4EFF81DFCEDF7B4B4D7DD497F6CCAE246FC2FEB1D61C315639A3CA519EA2D4F328913F9AE54AFBD932A6B037D7A9F34545F7908DC02AB12FE1DADD0572EB9EAF768814E352033F5951319AA86AD1DD901B49789F2EE676C08D9FA8CF5E5E619D4C9ECCFB9DEBFA46E7210BC7B48BC12808DDA1810481591B1A516AE796D9A1B4A294
T=0

[31]
S=$AAAD84
W=-$8CB90718125CD8AA577A384E4EB3978E3FA5946A4E4F2527CBDF62C8E3B4A992282E7D41C4F71CFF1E96840C2E02259FFCF05842030F8A320964588B1D42E58D2303694FD7211D4F9480255BA032238B51AFC0979C0152F0D655D2105889469A8DEA6E63165D5F42F80DA3ECDBE22C902A32AFEEC9C32D60BA7A814ABDC94ADF0B38908D55D32CFF701642E6A2A675B9A81D4BAA45C98F23B7556
A=$1
B=0
T=$2

[32]
S=$62B0457
W=$A7BD2CF7158356D2DF08B3551143DE026B9C34573A4FDA45A07222C189A5DF896BCC14BA665D8606845526E1066581727D8D798169579E192465002D901BCB0BD1BB6828DE70DA4D41907A9FF47E195DA97578276C675FFE7C8DE4BE59A52099D6CBA87C1D02D3EB4C7EC947957025C4828ACF6834CEAC597057C4A428E5D30BEAF9BD455B7982DB1414BA60470617A484B52E26617DE533CB
J=-$99688D83986E5520ABBF80118140CA228F26A44BCDE0400716B1ADC1322810186A11AB529802734AD94D236DB9CC9CB4E6D3358F4346927624BA538B25B6001F12AA92A862FA9B0BE144CE8A532730946207CD0C14E6D0F85FEF11A70A2997550835E9650CFBF23917EB14E2521BDEB8E0C1B289CC7F851C92405B2E0BC532494A7A6B86510233BDC29A53B503163501CDE415F502E0864E4D79BE083603E3735D6BE451E82F997D15DA75FF753B1794DEC4F65570EA7D16EFE53B2ECD96F1C0FBA906A55464423C813BD46719952FEA6F045B49DA4EBCA4BCD2EBD7E7A101B5354FFE6EBFA0CCCFBAB75E40020D26FB749B60AD2D3750615D229C967D64FC5DA82CACD868DEBBD64FEA4A1E8DCBDB8A83A3BE67FFB63B3D1CCEE7FA6E84C1BFB443C7FF7C685672841804764C6B860E928
T=$1

[33]
S=$27D4A54FF7
W=$2666E3089DB4A0F3417F8F3398D875FAD1C22F5AF05560B06AF4E8293F021D02E53DBD4194B77A80E47D8B74C57811F08B4CA7EDA911CA0F5123DBDA2CAFDF230816475D1F059875CFF4A6FBE684A68D885FB67AF64EAACE7C53AF8C6A9F7AAFCAA8DEA7494ECA97CC98C022CF47B0A415790AC1A4915D75BD581EB1B895F53536A4DB60ED22F923A3DDC8712AFB06B99762A51B858F443
J=$104EA16C1E14367422A2333A83F7D0F6202EEB2C59C0D80FB92858A1A8EDF481B369B010E2247792101719E61D20C2901B6D8A064A755677DAC5BBD13FC4FEBF5C0C97C5CF8B82708E3D12790EEA1743338DB6B675CFF2FACB76AB54DF823605198722A59BCAE198AD539CDD4A5C81682054F731CAA29B3BB7B3A5DF0189FE791B14C03E4E6DA1ADB8DF9FA905B782DECC288C72B94E80B44C42B96DC714D52CC59239665F6A3F616A0A7C2F5693E818E22FCF32226AB3D96107C7E1677312D21391E42D0C7E741C73128DE831171C029C5EB3616F3A4B5D78AF9DDB808D60E0FD526DAA445890E8CF0FD61AC8FBC0EF45D9E3576DB9FF06BAF5D209812A4E51B3D677F4B28C8DD9D8B1C2823259A3764CAA9486D890DB3E9559C51A5EC9C76D74A12CABA2BF0F710D53834969BC8
T=$1

[34]
S=$1A3BA7
W=$18FC4C29870BA54707F12C3FA9B8495CA968AB41F6294C1D68C7DAEB5809CEEF6019A40E45B9052C7B39C56EE61324B3EFBD99087AB30BF0762D1CBC1FAD35660F7B66836432D0873DE2A6E4939B0E5CDE8C489B6AD2156CD70D390A5859D14C5BDF890AECA51B380D11A1D88D867D56844AC8CA7ADC25CD696C563B2266A4C8CDD4E3E46C6516355ED5EF6A4164EC5EE3F938D75D
J=-$318D6D8383EFF1E945BA26D6CBB78E17ED7E81B6CB1C7D7E3D3D0AF4184B56B07DE6DD0F788BF06A0141F22CDEA4747CB691F34FE9467990B1F30961B8B6BC110017267652EB7EB4557663188E797B6239CFB50AE0EB091D71E8BFA7BEC82A2B2185EFE8C4E01DF37C99BA9728C650A08B21ECCE883BC60D29893D4B241617A7C04DEB1CEB7D947EF3604E5266F56792214E49214ECDA54543C708D2FFC5320AA418A709DB971778D963ACCE5D47F37473F323374C4707104A5D36B00BEDE4E45C881AA038B92FB18F2F70F6DC2E54B3D2CA9F64638E925C2A5A2E19D323E40E624D10365C459457D52E4B0F4B1FBC68D1B2C1607A4DB8CA3EA24930F1CB2E082DED5653BEDEAB819F0CCA9FF9A780175E3323806336125D60A9F1C283BE50E0A6A36454C9AFA8DFAD8
T=0

[35]
S=$B82
W=$1F07F81DAD1F8CE2B506D45060819036F8C8AC9B5CD0AB61156A07984C3B21C9E3B8BE750D244AA3A771903166713BFC2BEFBA57479280EC4656DE7C504934B416D229B101DC88B05F1CC6EA5393C67DA4A6B28F53F41B5B05B7647DDADFFA34AF7358E44C3EFD0B219BADFDEC73B48E97C4C7160B4D294F10CBC098878653FBDAFDC0DA0786E37E98676E47E8D04E6AEECAAC02
J=-$8A54D2670DA9D52F56A2C71A356596BBCFEFDCB9AA270F0E8BD61A9EDAF69C1111E49D61F831FA1EFFC106F26EA92325AC6C83740A8E3F03E3FC840A194914ED05BE00E76D4646CC666D22C299BD141343E43474B9D26F5A78036B2386C8261601E078B477321F1423029618EC76538194C8887A14A356169009F18D083EE413DB29202B3082F7F6755D06C0E40C6EC1E61D49FD3B2BD3BEA2A5BAA13788955F4BDC84FDCC7B48FAFE2A4355AB8723E315D408FD260BCF8BD17524191B0CA67477CD52DEA377CD4DAD54A57C414CB093DE12B87EFF67D4C9ED14E4A022D78A2BB1C64C5F768B5D3F36CFBB6B1153948286BF61D670932C077A68AB058A59AED391760E94DD7CB5F85CA6F3CE1C75A4D88C334CA65BCFAFFC770A7172F4952759DA9C13A3CDEA69
T=0

[36]
S=$45FB3842
W=$9D1C455B7D2A58F4E5BF3FE4B07025AF6F3270EE90DDE605D35E1148E095F6D33C84BDD0A2439DE190D6CC9CCA26723A4DB80FAE23A72D3CC0B97FBBBA57C252D5CEA1B4252598659D3E95EFD80F2707E6A9CA0EE64DABC4ACCDC55CCB1209F6E6D34C855F9EA11CF35126C53C8AD3A5F179DC36B2C596F207BFD72FCAD20CB8049CFD2017822E7F21EFA362525C19162BAD92
A=-$1E
B=$38
T=0

[37]
S=$19F172DF6
W=$701C63CCA1CF6AB1910A682842EC4F0A719061C981F4ABD408757F9EA51E74EDCA8541B80DB8C63705A6C7705BA088D8CFBFA5DB23B722213FF3F5D251275D31AFA0CC35621062BC9C5422562F318881CB79FA9DFD1766FC5883111BDF70803B9D7364FD4D3DB2AF686DFBEF92DA1FFA8A95936A8F7B9A8B4D510882C45296A4B011B01F2CF307A1EDEAF1CFA0E977305C
J=-$1C6EA3AAC8A1D3FC8D703C778226A65BD904F6259D54337EAE11E8663EE186BBA3FA115EFD3320ACABEDC42003027E6300AD88DB743073D3F5AB7AD584517BDBCC2E015525E83E6EF5BC6A9E4A99E72745AE3A1C9A30807921347DE1D3949E49399AB4D91AD37F5610F3D63ABCD184D7BBE6F0CFB0ED8DB1FBE6968656B7E8CC1B3A6C0F5276A5963D30D56AE885194C9FEBC0194F8223E10F01203C696B77D541EAA9D69D49047BE53D5057C109B3BC91806AE9339B4491519811FC7ECA23EC04CD29255C4A8E8E540A926C2C279A76CA02D0056894BF569EA75BE8DA9BED346C24E57D624C2EBEDB1686FAB0B600B6A9839BD139883D49B4D93E0660712DF5BB11BC0D709517C532418DEC65FE7AC5C4F6E52E138FB055A9207594A39C5E568A82
T=0

[38]
S=$12AAD8D
W=-$B988BD03842FA1571D85E1C710025F84B07E51E66EDC8E7850600664429DF99BDD11DB511D7E72D64F1CE1FD135EB9FC20E81914030A605607DD1DC06D8B4337B6C219984042779E57380C256DEAEABFEC5C599586EAA998B514B030C2E00421D3F469D3462D9512FC3490ADE7B4FB5633E2FABF76FF98E1799BA37090488E22D4A65AEE2830DF48A87F0420558A5B
J=-$18D11A87509536652012F0D0E9BEB3B278340157E9892247E5E3A09A4FB85AE93B56C6F8246BD004A9B3336FC3B2107564658809DD5DC8C8CB00AE5D87E3E337E9CB44207EFA64728C17818D0F6B07A537BA3CF6E5F9F1A0998FDA7DA39962C2382C8B70B35BC5DC24DE593698726C5D6E423463F4E15A76A1D04F149A9F2D54EB6E1E342FE1F9FFED44843230389FBC9BF229C586A5C1A81AA85F931388CEA8C8E5E3D91F8DCCA2C4399608101E58787E7A0175A4B7AEE23F697F0475653E7E6BD0A34406E7DD950FEFA16FBF9D7B5F8DC70A7532CB89181D82519352BFA841326D0ACD0AA4999624C59FF120F2AB65BE47E1B3C07251A97416E6B8DB1DAB71BDE6838374818F6AF3008CB76B92D6561C4E64CC7E4977C7B010C62BCA3B
T=0

[39]
S=$60444D
W=-$DFF250F0D383FB7FD75ED14E9AD865C602C45CDCB418318FB3AE3CB98B742E5336EF235DDC9DEFCFCC23E78215A5582C25CB615CEA393516A4D76DC695351179DCF163B8F0DECF28003443FFA6B092DC9EEAC1AA078E4A9A02A52C8BB98402B8E18956C8140E96881D3EC537DB7CC7CA55B9CC032301494BBB953ACC9279FB9ED5B9E131263DD281AA58DBF249B
J=$13918FB69901842F336D823549AD1C0B4E4FBBF65CD40255B7780F57AB72CA0DF6E7826767F570CDF73DFB36B3CFFFAD6705F4331EB0F2FE2978959016FA1E625CB7B4FDB52AEAB3B6ACD2A1F4AB026D497E14C25726EFB08CD92A3EE563677E5E1189C940E399274F849441686B42D2FC5F3D22692E4C2EF67C87B4ED435A7F91B5087C2CEFCFE537FC04738D9A0C988224AB5B79721B66C5A5C9CA119A2A17160A842678A6856599029AD96D6DF9CDE602FB2A6425D93207A613530A118F28859BE94BA81D25B1F1EA49FFE8CCFAC9FBE06A1D76B7DC14E1CE1B75BB153D96D0596B845493ADE29E33F57E1DC0EE9E8859BB1C9D434D3ACDBE0F94B78222ABDD66CF097825904F8373ED3D8EA98FBD95458ABF88D90089C3AD5E
T=$1

[40]
S=$5B6FD2018
W=$11B0564A3D1CCE9F0F15AF0B20BFF211196AD1E71329D978C100F7D755197268D052506B8FCC91D4166B6EE48BD01A48CB37D23EFF8B1A3B94BB928D23390EDBDB6D7883FE8F8630E25562036C9A06F3811676D0037694AAC48FF1BEA35C2C5B73048875D43FC1F329D6C696381691DFD2EC05282A4691C4E409E464D3522F36A252E14D89BB51EA10A6F734E
J=-$1FD162C41737F4DC9125F2FBBD18868E41C20E7021FF6F308A6C289C123B596B1E42355EA69281BB106D6C47FB15BE6F26FAE3B2942DDEF500C9395994A1CC353B2FDA04EEED35620A6598AC8B7C9ED3E5E660432F7E1CFAD6A12F0C8CB91F08D6882DE3BDEDA0CB766548C0D55C56621C8C204081F88D7D414250429E7A218ED929E85387141A14B225CBCF13090909F896F17D77285A0B372C6DACF775920CFE9C77FD79469FC304E1B06D8BCA2A3678B951829BDF99230B8112124B1DEAFDB61AB57CDC5C7E9A7442000DCB46D8126193DA06A82D2519A55220768934B28E8BB2686DC2D73AB99C37EFDB658B098D2E1D1461807562454C7F33FC5816B46597BF894C4AE8A6BB15364ACC2D9C61177AB7AD3526A6BB2C
T=0

[41]
S=$17B6FD53D000
W=$8E65BE5E8985A6D7A0692B8EBD4D30C62E3162CF99C76D1A388090976BED8E428525FD4DD826880F652EB9778879DB42503F84CE4A3DFF47B7D2B6389AC73629F2725F5E485CC9609CB5DF70CFD8C8B104BB24AD20957502B48020FD70BAE683AF031541D46E96FC04B91BBD6290339055BD6AF70F54B383291B149B24C49A1D1ED17BACBAB87027C936
A=-$23
B=$62
T=$1

[42]
S=$A570C
W=$A03A643D072F5FC6F8B31C88802FFD3DE3014817D5572905F03F8AD00BB7DF635CFA1350296404B223EB7BFBC791C3AB5CA468F82EBC16349B4E8DCEA6EB5AFEBC0488730EC23BFDD41EDDD6F34C808C0DAC3F3D8B479DA37620093145E1BB4D32FD7066B096594D0B553A324EAB73B2C3A5F0F266D455FB92219C1D3EAAC8DDC4780ECA44E7A6
J=-$407AB5D6024769F0A523D6EA354C1F6DE3CE5836B39472D6F0872E57D6F6B6CBDF902E0B3B3B38EB85383215193DF0BEE872AFF0D0EE13BA0B64B0C84648F3D0A9EC7C5CC18499197FAD67379AAAD96511F07116CD531665299FB898F6D690B7BC84ED5A06FE5DE9321C7C94B1414FC2339EBA834E7CE524D5808B4A58E3F682398973BC99B597F02C060468DDD83F93703ECFA7E1E43C750F8BA58E59B3CA81CA382E3F1A3E18A1D711046CA64CA7267BEF679C83A3682AC0DEE3366CEDC242D3F054CD45822D359628B6D1550DED6F9904BBCFA21E6A67C2EC759B5A0109653A7375CEDD802CF6B009C1A223C001015DA60A6558B8B2C16CE7AFE863A2E9A3475EB60F3A74D767CDA8E6F1CA9A
T=0

[43]
S=$190515
W=$9B0B5812F3C089C07B9542A2E710FF0B1B7FA7401D4A615E030710A4C1CBDCE0E968DBF314DAAFBF6AF0120D80B62307153CDB6AB6F949A220DB2BF17784A6A8C27C6A34125013C1F6685678B3E428911811845851E2A85D04E2E2A85EBBF28168AFADCC18CF5B9D99AEDE8FE74149793EC2E3A0C8B8B02A0A6C7434AFEE828CBD6290CD3D1D
J=-$C1560127516D6DF6118414A459FAC82C0CFAF224147EC6C69AC68D04AFDEB58F893845E1874950B81EA340103402842E18BCD6FC75BF462684BE589882A753ECB74D4CA8397701ABA46B3B1FB2EDEF15848CF537768299B17F3257F2F7F08D35ED8926891857262E552582040C11D64F0AEDCFB728511AF17478597B225C69165AF49322A2BDF36281BCBBBC22BFF9B3A57AC713670F898171DA986E5FB8D29139C4BEB60A4BB32D6CA74861015E71E57D34FC0D290ADE51CF17923C44BEC8724B539B3D81AB3271E11845C2441941E9AD960C5E7F75D0E1604C342553D90685742E5E28F8599A67F21A5F126A403CFD49C898502FAB86200FC5D047C819BC82811A203C3D422741CC78E2B
T=$1

[44]
S=$3B9B69
W=$108AA6FC1D57DA0FFB556FDB0889A140100130A3FE74C65A7E519A3F88ECD92A48C00AD08E12447B3D758BD9F2397AC1C05C78B27C4FBA0AEF04B17C44C6CA84A2A80B74778A94869629F76F1459AB9217045D0556691775FDFACD86DDF7993BBCCD23B76A1546130E860925F83AB4F4A2BF8726C286CA8E9FC29F812E711451EFE64EEBF3
J=$52B5B9C9BA3F201C795990E5C1D93060E63A5A852379EBAF385332EDE854B7B4B4597249BA6371F22EE34A44D67886542F2F8337EF9F63337C358B04C8F4D8ECAC8D7312D4878C694ED6B47005E2F0EA7018876A3794F93B6F7E1515EFFDE4357D4E7FA2A80847789E0B27462BC92EBD8154756DEF218510AC79CBA63C26D5AFBFDDB10B7D5D5A029E5A6C8CF603FE912EDFAA90A758FF06FD5506615C6E3B8DE23CEB26CD1142A9ECC59ED73E8AB2D4DCA0E1944101D346462EDA28299876C2C20897A7F8820128A2E9245B1CEC19018CC6264E1B7CC194A9476D9362FC9A7F8DB05E7982D27E793DE3A37284F4B3D9308B18A3883FC389AE26FC2C8DB559BAD7FA5F0B32AB891EB9
T=$2

[45]
S=$10E80CD4
W=-$4114603C44072DD17C660D09FEC7F8179312E5DBACAED137AAB6B2B1404EC2F9396288617F85246C840DE181911E04AEB03C3412D284193E1A263439B5AE93C825715594C6DF5181A9D1BAE8C63E967BE704AA165FB65E6A0B72C8BE6421D9EC0BE761321888759AC91CE9DFB560BB6A152BB5F9AC68BDDE6A35BF783FF7774637846AA
A=$9
B=0
T=$1

[46]
S=$6A3C9659203AF3A
W=-$8A7A639337E921A6B0C6157A12B166B8FDC4D3E9ABB1D76DFAFF3EDBD7018247BC646ACDEC8864BC3C3B3FFF71AD4E9F94127F8CA51AB7F1624137B6274B5C19859CB73E36664373F8E50BD5C777908821A4971C0F6A97289C7710D2FB42988B58359256C84104E7CE158E62947A1280315970C416B905E0488410F6F154F2B75E0
J=-$16D4868E4F8E96DC122A422582CDE43C6FDEF9100E5B41C094582A0664FE13BEB1D101DA0499AD6EFDD8EFA10B53EF84DCDEBF4B0F184517AE3B2EA0DD98579119E3F1D4AC02C7DBA956EBDF190AC4D2E344EBFE1E0310C5976CF932C8DC50CAABF5C382B92BEEAB71796123DFADCE67AD0D162C3050E7B4CFE5D2B664500113598343CF3E8EF960E0F518740B0AED5C1E6BA8F2D928C2661D58676156538C4871B3B931432ACD250A83E1217FB48083543AF6884F26DDFA7F0AA3603DC7FD0194F6A613835DB2B5BB5FE24B60420B1E15BC2BE2B9109C64832AE731DBF320E021CFFBDAE76C1E41BF3EF24344ED979E71EC7778FA033B6C32927367555990F3E61BA9
T=0

[47]
S=$13A4EE2
W=$54AA1F53A3156A6FD4A24C64D7D1C848A02C24ECD3DAD06FEF312D26D98E60AFE00B5E69F963618460A6AFD475FA7B59509ADFCECCF45FCA7C896B7947DAEA3320AAD9D9C728BD69159B1EAB91FDCF8942F7CF106D708163D7425A072DC46307936ADB7412F0E56768B22CAB9A1F72C336711E8B01698123944F3A85296E
J=$375D161D7F1CC85C0A8162BE94A73AAB92F9E60A782FA2A307C4BA597B63A15969530A4C1EC26F6317338C8118CFFD1A26145B9F70086E3AB8FD83F752F70CFE23C0084C23E0D43137E775AC2FE5F0AC895AEB1A688412D16B9DBC756A292C0F6582410E4174246C259E8C10958C05BAB9D33682445002CDD091E3904A33F76A1B03CCF696AA550C35B05C5F63FD7B2ED22ECAF44F8B610CE1BD2D83B4A67FA91FE9543AE3EFECBFA0CB1DC0DA24E7F60EE2DCE10CA84C8C6FCB147C6A55516F6D8170D1687D4D687F787D822BF8DC8E2A0F487DA65B9165F0658A5579820EACFCE85639C8EE8798D14E36370FEBDE57C9EF53402901862C20B25F7
T=0

[48]
S=$C5C84679
W=-$334A01C168119D930BB7D15CE616BD582660CB807B9F888A159ACA1B0F6DBCD63ED6DFBEB3605B36D60CFFAF87B84CD50AFD529159CE39E581ADB68A770744C2CE3B57A2C53B8F5B14224853949EBEC96C33767059E424B299AE65F9A16402AEDBE3CF17BEC318C95F2E327C1FD51934E659C2A852DD0F3B18D6841A3
A=0
B=$10
T=$1

[49]
S=$20F74D26
W=-$68A34CDB59C59EEE1F335520F6C67DED04E20A3956E4EC8FEB63525D011F5FA879669E93452A40712F30EF98B08033E47ADB14D966CD01B0D13C2DCEA0B045FD57D732F588F36A6515FF53267D6116712BD56ADFA2C53D0DBEA02F895F432C96573F71A650E278064A5D47144F9FEFF527FAE01F7A594F4D9EDFC
J=$208ABEAD994D17A2562C319FCAEEE140AF6B5805570F9F1ACFC008CA51F1728C92CBD8228842F212DDC1B7AFF8835F9E761D0B5E096DD2E17C69E54EE69E2377FA5754004B65D3EC26AE4DD4395EF6BF5D80E0083DD802D09C33874F42CDA23C2338BA3D8D3AE634312C8A8B7FAE474EFD527A9E9F90803B719877B907C43771ECC6360FCC894A406E5559083D99E5BB6CE8A5EE826D3CE21537C0C0B3DACB7C6911D99AE3DB0E1A48D4D6DDC85287AE582E72629B67D7AA9DDE576C62BA23D5DF9AE5A3CB7F526DA5AE7B20FD646B5796EE823B2379BB9EB6ECF213122DEBBAF82714BD5F02E4B022D6268ACC59553827D606DE4
T=$2

[50]
S=$18C64183BC2413CE111
W=$118A0211333E07F05D68206195510E484CAA30F5CD972C644031D31E9DD5FFB7987EC158AC58AB0CCA069CA0FA5A2DA6DEFABE7A9BEB371CBA913FA273082FDC105AE2B4C4B0444C40774C2BE9E0E55B16F588E3A4412462517A68AA3106F2F9711E8D40B9BF086DCC1A2B463FC98BC930898924467A9B5D7B
A=-$108
B=$69E
T=0

[51]
S=$1FE618
W=$3E843551D6070B5F586156AF8C0EFCDFA67266B8BEBB20EE221973EA7D1EAF3F3A16C2AC6A45DE40343107CA134954CCFC4EEC30D21C86C02D936F650C7678CE8F595B1DFD87E70773307BC74570F8F001ACA3797E93C70185DAACD1DABB829B6275B108F496D681206BC6A6F3B1B58AB8FBEB7E
J=-$D841CC9A271EE262A4C75733DF29431787E1BE6CF33E66DEC5519D0ADE6BCD3C722865C7AC06C5615DE35B533C907B8F0682A69003DBADC733B842F54E646FA32B1DF66ED33CECBD72971486B7E3966E806ADBC2E98A7740D8B539A80ED2D8889CAAF2AF7BCCD21E4B15B9EBC4343B6ED9C04F82737E022A475509DEE81C2A7058F6407C956C32CD1BDD57F954E29E9CE6605861922D168C060F5517C1BC4D8401734F0B7448D861B0A33AABCAB77421CC83D6EE348F2C587203E2094450F45F79AF218B97FDDB5613565114AE0B247E9196918124189FBABA614DA62EEA94FA099350F806E2235
T=0

[52]
S=$94043E9C
W=-$15E2DF3F21FB625066F9304B6443187B93AFBACE4B911912EA952A8007D681F657B5BC925CCFB2E201B08BF838ECBA25DE73834965CA47BCE3FDB8A0EC07B7C3C9C9ADE1A01A43BB22941D5DB89E53030A8BD81E67A84E50E35C442E4FD06E4C43C2A1F26DFE80574E0ADE8B5A511BE191A5B8
J=$F90005C129B1FF200E55F68008B130806188CD7637270A685BD92519157591C22BD0C6888B1AB80982AA329A523435FB3553F96FCBBA3417528A7803240AFF5334B9D2D1D0975D2C589432290B9B07BC32C1F615B7B540B13EF1EDE8E0F5729CB899EEE47944C851B268266C8A4C4A720AF5FCD649B7CCF6E20A73C2035B3F58A18B073228F5154578C5EE972B6BDB21488B354F6E8E69AF2FC980F7D45133A9855C610D468BC8EC3CFBE212E7408A68CD3C69D8B8CA336ECEB496E83666390FCE3FDB76FDD708FA72DB6F4340073C99E5672D3CD18ED0C14D3C989BC3DEF5D8456CD2F5F
T=$2

[53]
S=$111328E4D83
W=$1A24225FDAC7273DA0C939D1618DE23E344FF47D98E9BCF2C933DD6D3213222984A3CA04A798E54E4ED04FE266BF4570550E4A9AA47D38B95C197C5D18127C557555BAA3F8329A16FBF1A2E27D9C9B1AC27D7A6E07CA59ED30D053C4BC30649A49BDED2E70760E7BCE19043E91C8DC8329
A=0
B=-$BAE2A2CC7E339703E7B402A6C172187A2FD705D3F8146ECCC78FA0425E55036C4B6297E45CEC1CE37FF0CD103BA3B34F99CC909D5C5B2A7A6C9DBA062CC0A424788D378F125543EA7E77DFCCB389C737BF7ABFE7A22896FBF3560E85661ABA13C6ACB328DEE0668CAB8CEB08449A26625F0F4204582CF6D8D91442E813DA461290EE9497DEBB015EFA89E33E4E3BF77F11315F710184C406E84AC767252DED97EE07E4535C27DE8847D1386A978F9F237A3CFDB7AEDB43BA425E9A9158139ACF3568A5E15C00B1A3BFFC2ADDE08295E45E0831A065BCFA6A2BDC1FAA9DD1B4B7A1
T=$2

[54]
S=$192A31F
W=-$1178D0E3CDEF9C09FCD1C7771F42184CFBB0E0548C21E82901B3325F7D3A3C770BD9B0C9179FD3BA42281BEAEDBF00B515B1A3E1142AD42E42CF44E05F91AE9DDECF2FFBFC8D77F2FBAA200AC6BA6C95CD0201021762B4B486F522429E505C4593A55D5AC2A391C6243628511B1D1
J=$16A777E5E094CDF791B81013029072C1E6C2CBF5B0D2179E10C22C0B25619483FD56195E8669A0629688033D87D3A0BE645A6B01E4303D2D16601A65BCA68E45049E4B7ACE665929FB56447A19D4C8A2C69B091AEFA1EFC3919DAF7BF89D303F630F30537BAF974413F113C4414920396FB6450E6597D41C0D6A18F043DC3289B0FE214308F6CD0C044D7A40C1B8CF6B600A3BE3C3A740A67F72FD8860D3909380253CEB428796A52E0CA0F7CB1767506A1158A171B86BC81E65D7ED7C8B4A917F4ED3B09F5D54253F8DB89FCA4AB4A02EA3143B70B40E22209066EB
T=0

[55]
S=$19BD6
W=-$2A332FCDD8A5D91C09D2FEAD7488F9562A5BD54355B21B40F584F2BFAFF126F7D0A05545472A45AA3C762D798192EC2A6097F2124D07C713B4738254E512C4E1B6A5475B48EB340B54BDB4625CFC8EC5D8E3AEB73F068B508593904D0AB00DD1CAD939C8CD9142F624DD421F28
J=-$D6AC2A1D4DE85635A09F8CA72E6D18A537A83C1F3632852C0D192EA1D0709DDEF9C1AC25FDEBC7E546F93EEA550F0D4FFAC8DE3D159587AE132B468951FE6714B3DB457BFE3156A31CB66C4B7190D54830FB3EDB644352393635257E54DF20F357776527BAA2DEECB7951E3AC8EDFB666D6B8A1E24E2C193FC896873110C055C4DE91F6303054905264FFBCABAEFAAE27341F13B40A14EFD69BF8542CF6351DE22E9028D74D2534EC9BE7776078180197CBF03BE9F4F9B9B5472B5BF5F6D7E410E3565412E04D75CBADD583055714BBD5E0417C8CD5404C71F
T=0

[56]
S=$8819183AC
W=-$1E1B6FA29D6F8647D40048BC6146E98088E4E4188CEA6E2566359FB8EDDCDCBA5B9EB1680F61B15C93F4918D5D39BF76CBD747411F93E924C292FA8DA021977F7E4B0293094BD3BD0B4DEE8849E8AAD736778BFCDEE5D6B68A0426B316C4FBEA8DA382F685280699BFCDB796
J=$3961031E5F2FA954D0810A6071D0BB7BE32C9572BE1BC16CB126CE05444D66C958EE0582D0F570C44414CA2CAB7C83CC687703526D9FB835A5B21E8C5553F4C2677103CEEC4BBA1914C0A627E4A98474805BBED2D0B2AD2465D0AD142D2D9D2B68927F5D22826CAB7BA72954827CF741A15328ECC656B18F8750B3F928693139D78C4076A7210A4D7ACECAD1C01238DC15F8094DB118A84754112F43E56CFA1F41A95FA3A05F74E707823A4A2C9FCFB645723B4D42D4E2DB64991D2A48088AFB29532C435FCC58318051D156A6BB70B72B74BB78893743
T=$1

[57]
S=$203F91
W=$9CFFFE4331413E5FF557714DF53594277EB2F8D4F23D6402CD25D4DBDD18EE6AEB2A6DAC4D9B786934780106A40164E7C337D15F488FAFCFA1AEBDB99D637096D6A0DE9D7E5CEBACFA694CD9866CBC9DA6A508D6BD0055D4CF228AFD98D10FD51309FC3DE4F4A7743DD
J=$2CA80C1029B72A10CA62DAFFB9E5A4CE6E09D56F97F26CE8055529F76AC244E4701831EDDF808BACF05C7A1C77A5ADDD852B587254F565C848FCC23A6D7079ECFC3DB9FDC5F99D98A172B77D0158058EF0D01213CFAAAE09AF6C907B8F6004531ECEA21BF88FE59E0A1D0D2F1E66DDF9162958FDDF0B7D9CA0BBD356FC6917C84FEA7FDEF798CA90E912DCA7F51F721EE7C5CDE2D22867BB5F2F3C2DC71F3D4DD89F6D56CED288A7E9446AD5B8B2651BCFACB6607438F0D3F3996EA34DC526B0E07B54CE8B45D7D57A4B68024BA83C5F42194
T=$2

[58]
S=$553A6CD428
W=-$1FDDF8FFEBBBE5363E518B3277041D16C5FD6866D1A9C957A58A29587DFBA7B25C9A9208DAF734D5B2C9AD2BE0BAFD842440C839C4E222C193667B963566554BE6D4205FB2DC3074AEF379DE038852B741494E9FE93CD88CB4E81E25C7BEF8C1BD162B0444AB07FEE
J=$80C8F5D107D8B41D7A1DDF861566B2B7A53E8F7F458FDEB8240C9813D137C8A78214D5D148BEF4E205A8432231EAA82556898623126257B27BFB6B88243352A6EB016BC4B54B2EA65A9D1986CE8C41E58251F33242314A8B61AA9E76ACC72C79038F2503A0A55EA9992B8FC25EACC8DEF76C854A8916F8D3F79EF236DDA5483D1F4BE0FDEE43BAF4C8666E44CA80959DE5F8E07504DC68C2542E2C3E36DD70315D353158761BDEA610EBB50C4966E48A9108C2750814D7BFF77D392C5577294F493409DA750442F98242E69F588E3323
T=$1

[59]
S=$20BC0E171F7C
W=-$35A5A8B6550FCFBB7CA91E44C0D6C07097BB45BEAD201D2B5A960C1DAE53E83BE55AD6D202D42685498E4B5587A6255D68EF32917358510D9C5A11A5E09906311EB73EF7CEB588DCE72928BB3675F872934020B1E298B555670F8CBB8B3D144A7DD7522E7A66
J=$12B6DA92A993D5B2B5A8B3D20843E80B2FB09DE62DA5DC382EF7D69418D6365722C7E3861BCC92BCA3B29ECF42F11A16B0201276B4B3259F129CADB10F9EC8B60537AABCF8ABF058F3092984728DF7CF202E358FB1EF63518CE89CD4435A50D1997108F09CBF28B846E4DF6D52E0DDA65247422E0B9CF62481BF87983451CE7FAAA314D2317185C856424C424CCF94261469AA7E5B89BF1D94E35441D9F94E7068C3BCA6DABD10F8F52E7ECCFE04B395A682C65B91AA278855350B37D5B2F4142389295BD32E235D337BF6
T=0

[60]
S=$256528
B=$2

[61]
S=$CF2E22D
W=-$DA67596C21A397B7F499E3B7520DAFEABD2CDD3B940CAAE830D201C1D3F1216AE550C577A2E555DE33A3898B0365BDBE158943DDBA1DAD9047282E7573221D21785D2F4DC2152AC64F3573DE2A7EE293CC78C13ED1BF75DB9E0DEBF7AF822BDBBA1
J=$1E742E5DEE531A40383A8DC01CEA6D573CFE57D269B4117DF1F675120993A618DDA7645C009B8C11462C17FA5331D57DAD588F621801F365EFA7D4A2316AEDEA474DC917D601C54C2C4A9BCAC030476E0F454D76A427895B9025881E92B25F5642AE70AF76FC3B6B415DC104D3FA32566EED55C7292C52C5C121905D27EF32D2EF56E6EBFD478CAD118065B0598946DB06A1EB2A75F805A54D3EB7A9F40EA66E5E0EEC21B9BFB3BEF54C54BF536F53FCDD5B091B6563A9F401417E00F18D19CF690787
T=0

[62]
S=$1EFBADF8
W=$5E50EF9F0417DFBA1AE59F803F3550DC978E9DF65C4CBD8E0FE206253587C8D542F2038DDBB37E12996FBAAF6D47E23B411E77483E8B63A0CA13C5ABADE82BB503939B995DA0ECA2F08FE817BCB03410EF521E76540E8E76031374E351D698BE
J=$4F997ABA303BC5CFA324DCB2ABF2F8CCED075C164FB74454D3291E1207F59730E27E509622E5357F971F4BE39DBB2DB5EE1DAFF948CB1AB3E9A6E6668CA63361497C26BF23C70447D8DFA7585C8D8019C20C094642A9FABD68F259AE9106A2C9316441FC6CD3D32FD670E9E30E41893824B43E91F712007574E3808FBB67AA83A99B1A9CD0383B424C138408887066A6020DF9F6541E1434FEF98EB08F00585863F7AD53F857519A1D38D65AECF139AA381D1A1958F648D694BDD1A25F518AD
T=0

[63]
S=$4C05D8E
W=$51C2E2C4D035431C4E2AB4798B3B07ADD992C485D71C2B85631B8C244B0DB85FBBFEDA438EFA58DB03FA75EC3E13455E0409CD683C1E6AE2CF57672454708C5984D18B70D515041E1D658C4BC4744EE8F240A26BD23904D553CDB81EFED6
J=-$301112C85A437EC17AF9ABEE15E9F2BD8A7DCE1AB2A53238B6EE963C15C5F18112F26FA0AC6BBDA2DC16F23A925714D87D4174F140AE9BDDCB015F051A0000E2B66DB580393B94C51FAD514322820285CE265FC120A18AC5A081279C54DB72CD75CD82F420041761F9046E5A2362D1C9EDE020D8CC8AD9BF8BA97A0F48B077C786C42597CBC66212904D92F6047791D6C2CB094A2287566F5CB1F4373328ED8467FFF2D74AD4466EF7A6E5EC04A5641A4495C9E25E6D3B4DB68EE0A4
T=$1

[64]
S=$6411E2
W=-$8AF9F2CB986C9AA2EB67E27844EC2D383BF9BECCCA999E9970BFAC825BEFFEC30685EBDF241608B2D30894568BB55E494C62D983C1F3086E5F79FA74FE1B1B8F3E46601C0695C21EF557562D27F58E512A2381D72E8CEFDDFD8162EF0
J=$A780B300523E6D7BD534D154D333E12F382AE909170FBB1A5680C25769A3655F4312DFB475E0F714AA60FB225BA98C545A1F93B3B9BC09DBEC303654098A1F3EB200D2C87FBA1CC00CEBF16CD7AFC04BB7A7618C03B31F0E0444026799E77EFD7C7D65DD67C34F56A53B02A5B3DB65671B6C6AAECB8AD8DE2644A648750F69041D00D77C62A4CE7DFFF2EE6C272AF4550D8A92BBFDB051DB19F4EDACA818F620416EEC1AFE3E5AD02448A371EAD282A3E60818C46B78F2DF3
T=$1

[65]
S=$55E4DC
W=-$B6E258B507A108000DA87127A30E7FCB4BDC48C2857BA93C9522967942448381F7471569B82340DEDD5B5558D7DE7D55F85D891566707A9F14AEC57EB609A0D5D6BCD3FD9AFBF267AF9CD366F964718E121C9D296A65CD663BA418
J=-$12ACD046761BFCF443B0FE55D81B82E82F1E363B6BAC89289E855A303D0BBC1D3EE635B221C7FC2B4D042224F2C3C8B9A3BE699373F669FA7E6B52B299BA47E00D25613A3FD74D8482AA8E66570049B0B03E2D5CC8A4C3C5237149570AB41A69543E387EBC49240146FCD6FEC8BC974EA6EF0CD9DA2120491230CD6A89826067CB0298902F4992536D43BA54104015374A5BCF284855000748E2D25C2480E1160205E31B1FA4019201AAEF7FB2B3F1952B5D41770AF1
T=$1

[66]
S=$2D48EC
W=$1939B956A9B4885926E06DA80FC278CA03D92A3E4B2D3FA606A4378B9B0D387E09CC3F02A7748E085ECAA72ED36AEC37DDCCE3FBEC55CE2697B06E0F84495B140E2245FF85C57CD98D8CD870308B180DF2C44EBB0AE5A5EA9388
J=$22CABBF3E828C886DD4524F4F12EE98E5231E38F7CB7B6A99B85BE78E4D84BC0FD058DAFE70DEC05F7BB49A713994D6D93876C41FE657990118720F7169D0256E230BCE40FAC20A26E18FCAB2B0115AD15C48B629B60FF283A7CFEEFB14D4161D6D28223311DCD908251DD389AEF8D27CD0A71C2E8A0180D53ED88C0537FC5E77F0EF9E8769D8642509E4AC026D685EF031961182FB52BADB0C1E2C7CECA87B9CAAFF5C5EBD535798F3F90D9ADFA0BBDAA82A3
T=0

[67]
S=$1A5050866E
W=$5139F5BD7A92596D1C1F515B35A86004187E5FDAFA3319BDC99BA7707DF8ED3B12E472F743650DFCE7183128EAF9422FC98DAE49DA1337AE1E6AFBCB20EAC130ED1E14D7FA67AFBABA588B0CBE2C40BC5B6A623BF15026E0
J=-$8E90B6293C7A041FB6A48A101B92B3AFF5136EA7C76CD683D3AC2832891F5B6CBC599CCFAE786F3FC1A6A74A117C5FEF5F40892550A017E96C7873537F6071DF9AD2BD1A8DF21A50F4430E59AB38FF99E821EDAAD0795C1BC18B588C1B3BB894919D510AA2F955BE3A39131B431BAEE917E4C0478CB9691EACD0BDDC4A3F66B4798DC7A9EA4A1781080777DFF495BD896F1D31479FC8DDF99C9F92D70017AFBC56B4FB67A3B5E6AE0D83A3FA5D00A137
T=$3

[68]
S=$A3A094
W=$BBFE247EA8867910D06C425F21AC9F169A48D1C63D83F1EDDDE7561928F2327C99063C96C7CBD981BF72594C1BE3702E17ACF06D4212DB1C812EFFBF9C3B89ECCBED1DF7CF8C78B172E3CD283F865F753C6831D07948
J=-$A083B6F08D72916662A07AB0AE9C230765665010843816ABA55D6B39B9ED3D43F238F9A2BBEB52783B74738C812B7736D569C7C47DBC16364759BCB1E499CD58B557E1F276B37CC62A49A7F829D56B706B27E9DF6367D8CDEEFC0B8E48319A358D3F977A15AA2110B5A8AF54F127A720C5DBCF5EF50DB5536AB35FCB9A82A30149A1508692D58E4F0A273C10B700C31FBE91DDE292F20F9AC9906DB93C58EC75E4D020E2BB81D4D7DC1C6CE
T=$4

[69]
S=$3670EC
W=-$ED8C8867C557355F896FA49940F6EC0045F735C818B3293018074BA01B7903A1334908741ECAF385FDEFFC6155A94BEBB5C3CB0B5E74A5A710E0595728E3084636565E287C4D8192DF65432104C503665A95BC536
J=-$16E0EE6C977457D84A11CBF4CA13737FA38704B54F942E7E6C1592593D384F93065B626A66541B8C543EF251D5C35C271BEBC01978855EF3901D10D65C26DEABD3C72AB8D95A6EC3582A6AE21EE9853DF9DE2BEA24F5547EE1E9EDECF22ABC3EA967FC7E8F6290430A866C1BBE9A1C7C66F2A6F1BC32F498FFAC26668C1EB25C96051616662AD3BC3B1ABC820742E05CA33830E5E30AEB768048CF7AAE7750EE5E7E66B429CC9E1B16
T=0

[70]
S=$140FD4
W=$1F107663365D8C4521865B407D76F161E1776629407D0FE40EC2A406726ED979D8BA0051E4536F2EAC2B8B9B75416ACA1CBB9AFE0F4739DDE89FD047C7869B3B698ADF8FC357D3E833A95D24C99654CBF0692F6
J=-$5C4837CE2C81B2F41A67DFE2330E5B09E884B6E4CA384F2C83874CFE64207B31B3CFBE3ACBE36E4FA8A4567FD72C3639533E29ADB59A0BA4CE406EEC239ABCFC5B1594D7B06DBB1E83D044A47A26F4E1AF442D4AF504180E546BB983E70DF58DE1375D0126F0AF258DECDB11F998BC1D7B4457C6E77613BF6A68C7785C1372F34944D7DD06361938F4B51614F6CA3F875EE011306155232175D916394A42A6DCFA2E3119D63
T=$1

[71]
S=$110EC7EB26
W=$739D42360A07E38E30EDA7A7AEB9F0A837E4EAEE26475CE14BCD5E09DD8D9B7AB4EEAD5280AABD7D7C34266C566FB814D03FA32390768A795FB0DA68AE9CB9D61EABB64C47A34C1B5777D49CC6705A67CF4C
J=-$20B129ACA0D8BE033237AAC8827C4D0EFA7898DC8955183A1EB3F29E69D9935EEEB72323A68D5AEBE6D6B22D3B701D7B14D5B0041F775D0D49094E76FAF8B26DEC3FF035FEB647E46FD49A307C685A1823F5DCC22B0A8B1852F986FC203A907C7638C06B7BCB19ED48629F03BC924A5CFD5767DE3F5F72E5A571B8E5B42C650680DBC50AC7C024B0CA1A35B69F8A7FAAB27176B32DFC3F661DD0764D87DA2845884799D
T=$2

[72]
S=$B9E31EE
W=$EE8B20FF5BC1D558390284C5175F285E7BA96567DEF145A59DDC6FD8D8A8D3431F647A595B5360A3E74A462A7C0B986B5E7C70D51E95D53AC47A3794550ACF3C435A93824894640A59E84991EA417CE
J=-$257FB9DE6D3C64CDA147384E387A69181BE3F4FF5BE00D87E3754A085F9F96F1D8E0D6209972448B0E01E050A37576E35A8371CE52DD10065ACDBD9D325A30C5A13C84CF80E49352B7967932C562CF73C496EDCE46D79EEB1735501EA0C69FF27F9E8D7307DCEE579089F872E1B515A3418578D264633F97FEB38859B270F6884F1FA79CA9D15AF52FABDD9ACE3A622F03029F1E3C846524805A5F7E933B47
T=$3

[73]
S=$136677D90715
W=-$81ECD9CD1490D9A6E092D6D31839D0F56B0B50397C3A04560989F35AA7917F60C1957C3D0EAD782768D0B08E77F642A6C1D6C088EA9EF87CC93A41983B729832004DEDBBE674D516DE2936D84511
J=$3B5E3D39231CD93BDA9AD6D25832411C8937A080ABBE78C755D302E80BA968EAE1D663FF70235587B27238785F0E576422C7EAB141D00A8A5843B5E25DC0AA551D388AA21E79FC282FE1FFAF56557743B1DCD8EA5B50AB812C45788E36F52F622B7971C748D7DF3204A9353A742541F54D59BF19AE9FAC78245829EE9983AB9E572F44B0427D92DF0BF23CC4F8F8AA61361F29800AC2A16B99D1DB3
T=0

[74]
S=$64E7C
W=-$1DB34E4E425B96691EEEBDBC079CBD686F427DE04270B62417F29B952A29FA431305C3FE59C858CED3AE4BA4B840F05BAD129E25153E4710847B7D30BFE176476F9E9E5E48E090014A6AFB2
J=-$7D319822E0D1DD1C844F56ED37EA322DA4BFFD0A0AFBFB1C34E3DE732A17FCDDD272841E2F27D6EB5ED408CD66561E1D8E25B307CE7486223381A5F9E3DEB185A7C0233091A3D81097DC8B389694F0F58AA29108907DDB09B376C5580E91943F6859F1A2813DF7CDA8B83F870ACE17216A0D0F05E77AD5FF735842C3D19982DC10E2E3C10242F173B9792F1391227679ACD80862967
T=0

[75]
S=$6CE90
W=$638D78A2EA78BEB4C1A361374C305B94C9B2893E14387DD5A21549E570B6C7D57694A5ADA082E2D98C04C158A3E47CA63AE6E9660C4BA8E6DF23DC5B8C734EE1FF1CAB4B58C4A87F7054
J=-$E2BE0840E71450EED853E85AECAE3821FD4104325243A3CEF9993868713924E7FCC8ED4AFD9B33CB9FB2C08BBB83A7821E10E78EFB8C8302B66CCC518B48358E50631F2263D0E9C4F61A6F08AE88273CF830B8EBF5E35F7AE8CA24E33215F416B4AA3C0C3ADF9E85D5A37D0F3B3EAD9BF0C4B1629C723CA4B58A5EFE733C64681850479B1C6937210F63C9026B94676DF0D4D47
T=$1

[76]
S=$3A87FC
W=$48ED62C0B572A7804700045D0A88B2924D5C7E616731E8267E02FBC1064C221194E07090A00F7AF551422BC86F1CAB4F3532B7EA9200D80756723F871FB91E873F6A9A8529E862A71E
J=$1461692015B4CDD6E8FDD746F7C157DAC1DC8D05DCDBA090B321CEB92E4A1758411DF3C9187DC956C7B574E4DB23C8BA247D0E852C8E6259C7FE46A260D7151B4181C364E887641F84A6582BB7BBA4374DF1DA787C6ABE19B1636381E75B4D431D5B82C41D455B145573C9FADF406143925D6D54ABC7C83C1A242EE8F3897F48011B7D6337EE4F7C319A286B011E937C72A
T=$1

[77]
S=$CBC1CC743
W=$67E5DC4ABE759085756F73614B1A6EDF4789D02734EF9F878462F28B1DC86E04A46609FDA841408C64E62543684F1D355621EFEF35B5CE7F39B9F4B78C95A860D3FEF16A1A5BFC5
J=-$88CB203B410FD44CB8CFD8ABEC984E409D150419DA33D09123E7044BD2527ECAD8FA7BF9A3782EA972AFCDD0C0FEF6F16150554779096FE27E2ACAD92CB3F53FFE87B50E3FE9247CC3DD51CFB0C8915DA440552A1D58E0B1849F8B5BB8DCC4601D6DAEDC0A1752AF69761068677488E369D478C75059CFDB5F8D13EBA631A710983160EAA8996F025E60A41959781
T=0

[78]
S=$127F440
W=$121579E84184CBEB4925706B5B099864B0359008C54F453C8114C601F37EE0C39C38CE529F9B81DD93DEA916B6E8B09A9776ED42A40AA5E3B660616FAE937A3A11D9C03905A
J=-$72D38EB2BC11DDC4CEF61E8987791337693309156B54B8CAC13C5120A0EA068A4BACD120859A7C37F9410E7DBC28A6B2DA241B6E238F2959C06B7796B60F45247E7E5D8239C70CAB201DBBB84F120A641F4EEB222140E63345E7300359FA95DDBC5138BB82742CC2A88B9294165CA77E9A59F551643D17B7BBDAA5FC55634D967BD3462DE984E0A2092C
T=$1

[79]
S=$19696CED8F
W=-$26BFC49A72C7C27A23614C2543A4DF45414A4C42823058FFE4C1D57556E7DBD5EE27FCC09A1463ED07B6B2C343B7EB1F86FAD954AF7497DB53155A9C83842A0D89AC278B
J=$32FA09F97AFE09838ED3BB3A46A223FCC9E8DB44BC7F3281B5AD1955A50EC842323B8A5F24673C14FA409EF80EDF910A4A8341ABB642ACF5C1096E08827BF71D353F68A3C000993141518F18560FA81CF836CFDCF8311882400BD17CDB9ED115E3D54215ECBFF24DC344731E218BED85B6DE9D29C1CC7111343D2BB9420B14E7020F74F80CA085
T=0

[80]
S=$2B6D9D1111
W=$7A327940D2120262909BF231CD76181779CC0EFC22684FFA4DCA48C7E55DC0836D4984B58BEA3C5844BFECE752C340FDB048BADA95560160E0F37D515F83C82461B
J=-$6ED4A6CAE05192A7B6ECC55BD10146F8B1D26B95B2ECF67BE265B76CD0BF27D9F6750CD0B5A5E8C9AF83500027ECA34DF3D20A44C09619D103A49D41270D82276EAB0DCB4403E702A5A92DDF9D6A5D158BC6F69D9CBDE5BC8DD588B03B9554AAE660CE5B638B497B96C59D6C8750B8A5F30988FAAEA90E73CA626571192332CB37545
T=0

[81]
S=$3E6FB
W=-$131D51622AA0A94AC1507947063F99AE9FBC94E522FE8B74AFB89F61990FF75ACB2A62E0E6CDF1034EBDB68617719D26BF494C433B37961F0A31BDEF1DCA347
J=-$221809B77EE3A5702DB6521C34A9DD31AF7A6CC85BA0B53B478EE526CFB40987EBF2559D6DB33736FBC072A3DA3FBF42CF507B69E8587FA5704CC787594EE353CAA8616B41B1344DE9702B76C8562E8CA38D11B2BEBF2E900BA64C1BAF7EE6FACF06F38A564C61D8D115C43E7EF1A363F657E0735EE63C269488CCDF7EAA
T=$1

[82]
S=$226C6554
W=$40F69B48CD1AC76D34B71088E638F7DE7B3E21AE8BB8AB4E465BC6A40F6F3BFD6F5230D3E8889076EAF822B93A78F7056F321C46936E76AC89C3389FBA36
J=-$75156EF41B0FB13AA7C353A465C72F8D814EBE3EBCA5BD66CE6B08A6F5BBA925D98DF563A8939E6A53A8B1167A960B45FDE6C06017D07D86D7E04B2D68CAAFBED64427208AC8165F8B88E05D1CFA7245EBB74020ED9DB9BF7AD22E216E6502FEB728FB8F6F18D32E8CA6CD88E27532FC86AB7848B35B455850EBC5B
T=$2

[83]
S=$198
B=$2

[84]
S=$13D267188
W=-$DCAF38A9013FFA810E4FD7DC73BE5D97F587639F9137C7353CA80056645EE2CA7502AC81094F3F824D3FB20E2D020B96B952E974241E8AE45F785FE
J=$163F7539D8B273CA8AD86E8AF9DA8ABFDADA7A5B9E3649F8091C1DD3CBF24A9229364A1AB7CFD55CCEDBCFF50D4AD07F708945679725B368ECA950F0E8857C2AD72AB5F967208C18227E03A2598AD5AF7CC97120AB6B5451048FC8B5EAED7ADEF91FCBC2D4C60365958F9B588AD75D3DDC72DC7920B2B1
T=0

[85]
S=$2192DC3B7D3
W=-$3C02D5F14094F8374A98CC541496E7631D96E17064A752D7CBC38459B4984635546CAC49BFA375B33FAEC548A6BB644A4D11F16F93052ABA02F
J=$189934E7A7CD4A81B6CAD4B6EC87378B5AC66E2A0FA4FBD0F43ECCF46AB008E5D6E942B2C2BBA6E8A97BFCA8A0AD3067B4ACC6D9729A594A1E2474313DEF6A0ABE81013023B67E48B9652E3E4A8BED1A16778D954715EC34CFEF2F2390629F195DD77451D9EC631CF4FC717E184A121BDD5055
T=0

[86]
S=$20486308BD
W=-$A75C79C7905E0BEA84452C21EE722D3423D5284AADE0D574069DEFB05737997B25557FB0DE8FD35228A835353B658C951D1565B89722E5
J=$34B0C8589C3BDEA87231B0F2EB326A44739099EE24A01D7F432EC8616B97F15878578009AA94AD3F543A8E95D7419AE7121971136F66283975F6EBBDA5DBF0100AD4EB65C51CEB5DEF7512648EAFAACFFFBB8E8B60883A61A25751FFE488B56D63D083D55324A9182584FBF09F2
T=$1

[87]
S=$10F79FE6
W=$1F381A1DDA4FCA443BB712C83441F0051E5A85AEC68B2853A84D761B63221539DC422F3CBD27379DCB67F4686FE33C5B841F08B3E6
J=$17A6192BFCD2B4F1052FA3588407670A029B45D5BFC2180BAF87A58B04B7A187825C1576946C7A3A16FF74BC079C2A48EA77150FC419B7B6F7AA3A0B583B61206B113616F24545B3173BB708FC1BC277DA3949CD8F2C4C518F9C86CB5A2C8153BA91F0F59D90635D90
T=0

[88]
S=$2B034C0
W=$7E32D2D53CEFA48697B4A2C3EA56FBB007D7B8332182345574C0F0B7B72ABF990B8B793A0D0232D660BBEDC3F94A7F6FAF55B2
J=$9B0C3E0A8A15E32E7ADFC66DCBE9A1CC10AEAC0071556880F0C98484F5DB74B3817C34B47971202ED972CA6F55A8723D674C7B1B22CEFE69E973F57195DB08C96A4B0B69D7607E0096FA3A4F92EE36BB6287686A066790DE6A98FA83B67488C446EB94A1A78
T=0

[89]
S=$FB0EC
W=$5034C0CA7A6FF418FC53C580031ED5AAB4DCEB0E17256AA6EBDED36A853252596C9D9377936B281205911464BFD9F33C7B8
J=$35CE5C24B3DAF0B6BAAD5BFE534F9C9DB10CE295B2B0CFDA1E42DE1315ABF08CDEADB75D20C7FEA34C3BF313D9C3CCE0FA768B42F554883E5F9D5C80320A94B399A868CAA80C3279677CDC44AC10ADFA4B7BD63002985337499A6A5F07FBAE31353CA
T=$1

[90]
S=$A1E
Q=$2

[91]
S=$705C62
W=-$6AE02DEE6EB34364479E42355229B6A607BD0695FB7AF8C4ED2CBFA81B64DFDE81CFAB0DD354B09EC38E64848AFE95C
A=$2
B=0
T=$5

[92]
S=$85E56A0
W=$1F303ECE5A557B46AC8055F67D524629AB7948F0DB559EBB311F67158568D8F662D9B43AF03A34900465F2E7877A
J=$C1FDCF5A3041E4893481F55B35AD35251F31A55B36BE705AC74FDD02800C060FFF47AD7C03D6E507C8E4719D1CC7CDA74F1DD0F84D92FB92C66522E029919CBACBFEDBD470084C611CEEFAB0048AB3C758C53D3E9B0E6134738B595
T=$1

[93]
S=$6CF03
W=$17FAA532C051B458AED5C1E2C0AE25EB77679FB1F479443C197EC17D9C115836A8C6F3E5707407C88D29D5107
A=0
B=$10
T=$1

[94]
S=$491679
W=-$1252076AEC79A096CA794525586E902866FDA0F89F357064D130982BD829499241D7B8255D7648F2C877B9B
A=0
B=$10
T=$5

[95]
S=$8852B
W=$247BDC5A9CAB338527144F1436A1295C61550B3966E0EC49BA29179C6C276DA488CB589E74B8EFD3D42F
A=-$84B750
B=$24C7B73A2
T=0

[96]
S=$7B86B6
W=-$2B7000B2E96D215B632B2B67C7509A1E069462A41ACDBA0BF1FA1E529D28E965C0D3573D06F9E53DA
J=-$2E257BE109A2F472A65FC9C6AAEA9B27E38642298B0391659A53617C50ABDD5C909522C115997F2521AAF60C43B23C915024268C8A1E46DA1C4D6E33C05975069B8C6FAF43B295B88342EBED760F76564
T=$4

[97]
S=$481D196
W=-$11CDF1D293F261899364E110AC8C608B86FC20872941F8DCC9C3A832813BBCA9486A299D2A62792
A=-$1E
B=$38
T=0

[98]
S=$1EB8C
W=$4D9F0778E4CA22C8BA0A72E8168293E61F723A37C45C3C9A917B84685C59EE6C9B3A8807FFE
J=-$7493B721D048BBAD81A3EF6D6D0CAE4667D94A14265044FAA491C1CF1F67919F7746AE067C6F1524379B2B1C94476B8C784BC8AF46EA502CE86BA21889E892012DB94FB205B68ABBD9802
T=$3

[99]
S=$B071E
W=$67E7D4ABF1BBFA5A6105D1BDAB262AD407217A55116FDEDEC8536D8294C6313D1A3F901F2
J=-$BB93DB0A69E8126FA444902B7B96AE4CC22240EA36D43623650F579A6807A3AEB7365B2C092CED229BBFA5E19B1196CF5A2217C281CD523FDE02E6457397BE7C3D16EA40D4310368
T=0

[100]
S=$1E5CA0
W=-$1659330DEEEE9C9529E2FA375F500FD2853DC56D3F4F4BFBFF9F6EB39035F5D446D27CC
J=$7A2DBAB387975623602F41390EF46068E4EA101F9CDBB491305C25F7B42792A99415C70F0788E3DA2CA0EF2AD46FEE0F8A76F6377D6D30A81FAE8C1C2D01685D06D152010B19
T=$1

[101]
S=$28389A
W=-$21ED3AC76E7D5F2A6F30EBB6559FBC1D8B46D7FD90281C8E00F9129ACE16BA50CC16
J=-$1970D3E867CDDD570176A14C0F679DF6B14BA6B427F50E6A65FECD4F9942EBFC5730E32B6B2F864140E3C7EC46787AFF771DE8BD989B053FF5AA9395D8B87654F8C3F23
T=$1

[102]
S=$B1993
W=$6BFED9E24405A51F47A078C485BA7B0DF16B525F9E21CCC6BDCC5EADA5B9B3897
A=-$98
B=$2D2
T=0

[103]
S=$39F523
W=$8800E287BE6A071A79D2CEB699EC849F029518843106619D222F4075065331
A=-$98
B=$2D2
T=$1

[104]
S=$12979D
W=$1E7F560A7CEC8CC0C92EF5E0BC2303FF755CA26196B6172CBC6E6EE03C29
J=$218C51A55791883E6BEA7E80EBCF7CDE4FE820F39EAF9CF02064A40A9541AE47B11CE90516ED445F5440B6457506CD6592C8339F8DD13F7B740407D
T=0

[105]
S=$7B13D
W=$23A7B53FE3657C05644F173D9270FF913D786CD81D7A06F31D07FDBA73
J=$6CF23C907262910951F28FB0F38DF249ECB69B2A779AC73EDFECA77659836848E0670AE82E36D98EB838EC1EC2FA6CF42E74554920C4A6A60F
T=0

[106]
S=$590AAC
W=-$C8A97333AF17D9A88AC3CF9C8A00B9587471C2A288C27D99E9AB496
J=$1141FC824579AC04129E4CA14F854C66D1C0B520630E21F4ECD4EA2005E2960850D070C1A2389283D994BD70B40CE48673DC1518CA103B
T=0

[107]
S=$9919369
W=-$35FD6FB30DFFE00D7148D43BBBE00E57F54DDA0172D7B96EC227
J=$1BB59A0494821CEEF9CE45BAF1DA2C9392FDBA8198C73543D2D2B8F90632A1103CCE5EF1D54C49EACF099A656F45D6C9494671C9
T=$1

[108]
S=$1BC
B=$2

[109]
S=$B0C48
Q=$3

[110]
S=$9AF10A
B=$2

[111]
S=$B0F1E7857
W=-$210B77B6462BD6A91FB67326CF8E5CB26BA33F5F669
J=-$7A3DC1AB8BCC8B48FF59647522BED0E59203E39D43FBB0261EF3A36F64EB64318DA052298A3FBEEB065F
T=0

[112]
S=$AFE6119
W=-$9D7DB1B07E3FCF91944392A9A2AF3B4BBFBCAD
J=-$3B9E68B8990BDFB15AE3CEDB88DE24FCFDCA82D39336A3B3C59001030F4613030CEE0092D39
T=$1

[113]
S=$5F51D8026
Q=$17

[114]
S=$6E512812
W=-$9CA194F6193AD21956333652EFF32E
A=-$1E
B=$38
T=$7

[115]
S=$2480EA
W=-$1BDFBDA30C1E724790ECBAC7E98
A=-$3D9790201A0580884CC29D902E391FFBE0D6585E57E8CF048B90
B=0
T=$3

[116]
S=$AB7F950
W=$459B9F22E59B2DF199720A66
A=0
B=$10
T=$4

[117]
S=$ED41B024
W=-$183766D1843C022285D16
A=-$23
B=$62
T=0

[118]
S=$8ECBC9
W=$688790F0E6F6CD4F
J=-$4CF32D5CD661D254F48B49F632319878
T=$1

[119]
S=$3F66
Q=$3

[120]
S=$3319BEE2F
W=-$212EE2F5BCD3
A=0
B=$4
T=$1

[Signature]
1=$1C9E943D90E68A19ED0411EC15891EF21FFABAB83524FC85
2=$30348F189833D807CAF1540BED355ACBDD02BF01B86A9E56

