[PRIMO - Primality Certificate]
Version=4.3.3 - LX64
WebSite=https://www.ellipsa.eu/
Format=4
ID=B49780390C646
Created=Mar-29-2026 04:36:59 PM
TestCount=121
Status=Candidate certified prime

[Comments]
Put here any comment...

[Running Times (Wall-Clock)]
1stPhase=35.89s
2ndPhase=8.07s
Total=43.96s

[Running Times (Processes)]
1stPhase=220s
2ndPhase=56.05s
Total=276s

[Candidate]
File=/home/lappie/Primo_New_Farm/New_Group1_Prime1.in
Expression=(4797791281549078478819)^47-(4797791281549078478819-1)^47
N=$616BE0CAE12995D0C20F52FE08858BEEE7729D8C85A3A30BE43065257433EAA1E1588061538F89752F905ABD4B99128F301C3ABBF75E33158B81460B43CEBBB3F94DFF4112670CDEACE9DEC08F9F59EE77C2FB68A35DAA400CFF4C5571CE5F1DE77F29818BEDAB47A19EA710D45256C7824566D22FA0960787A10AF14E29DCE96A53E1284585A344719422F62386246C5E4B8B209C05423251A70230B804757B0DE1634D8A735E935842DD60FC0CBFA001292F2872AE0D2311A0B75471AD1AA2554CC47C897CE261DE5D07AFD1A42F9F5084196B6CC4BAE11C4152D9C70C3FDEE7B54421506AAC3AAC2D3F3B40396A85C27978FA0466AF8C47268E10E3A0D2CDB75AD26D4BA09C2F5EA457EA038645B3C0E7571689518A13D48D4C26EE624B1546C44D7BDAD8DEF234C3C47DA1E6C035C76822A45427E6EF7CB6F2A0824D8BAA517F4313CC3085F7F9293AA75FAB7016A2FB6CB278FEA18389729CA32A42F5B3926BE61025D87C1EE381E8BC51801553690950F4C3601F5752F73D31AE793B6812E45E4F76F935FB1FCAE22F5AA1860F7094C0151A4BD2D6796D444EE4A70B
HexadecimalSize=830
DecimalSize=1000
BinarySize=3319

[1]
S=$CF508E2845
W=-$106E0B6E004C35C3089C4F118990850437E9F25EAB90979433D56DB833B4D2DA7D48EB2735BBB405384CDDEBF70E25323FC5DD273E7415208D02D88F9E6E1727784D49D8646C8D6373A12BD24005B7DBA6EC9BE45EDF54008631A5D80C340782466248E099B2EF5E07188E75CDB6D123841E15BE5810BA082E848D160ABCF6FE6D8452508EFA9D3EA61D7EA085EACDEA22F9D0886D1E2C5AD9689F4D0003DB1D2E1FA909C9F63B16E577D931A6E1BB7E7A8BC6A5EB29E074446598C9F52A268CF25A55C081054077097C5D9D8281AD17
J=-$1409EC740368AEBE197928566774032F3293D7153933C485D7FEA702192263BA0344396F2227396F96F07F1FF29DDE4693374E2A6121C020FE1AC473D7A3BB2E4E34DE5290F0EDDB818BC0289E29970DBC0E018CEAEA1A8148F83C7734DF4A6C3C0DE9DFE0247C627F22023C785873C91F5ED676048E4514A97194D13A35233114054D9597262D162A9FB88D98213D19E31B17DC6CC021D83BCF8B827F42B9EB5D56D7A5B1B58EFD7922D694561815F09C029C5251095F423ED6A61F2901F78F4C2E08AD9DE5CCB227B5D360712342A5ABE939B6662A5376B978685EA90F9ECE0832864C8D495C7B380B5B60AAAD2CCA022ED492696D8E5DD69DEA05C2B5347C028F04B7B948E273CE949EB2DD50C195E2E2151D58887454AA8142717275A815F1F53DC6774189B25504E2300B4D851684E8995B6E6110B9BF48352DD730D45A8AAC1BD38F4E7C9E6C2038C3E0DC1F02FA3EE57C6957D5234D4F623A597AEC7C5CC7D58BC7B965CB5CA13D48036F48616DFB51DC00934883EA52E7962D45CDBCA1A4AE58A4079E9F90D51B85055BAD4DC2F719B179E0C1E803C299D8EA0621
T=$1

[2]
S=$19D5
W=-$12BD40E9364E459352CB7D95924D9A41809A546717B1CC20E08D99DDF77D766167A8AF34AF089484B850C3F29DAF4C2475F7DE44E960353E6CA6010B79C0971F535141130912811D2E6081E9CEE915525581B9FFF7885491EFE7B67068DA7FB669365651F4CC81346AFCEE6E93F5CF7703EC09D8725244C23D5C127C6A4E83AC81D1F41BB3751972AC74E59D5B282D0B80851565DD8007CCDB810F61F29C0A16CCE76BBB394C878917AC2BE8AA73501684D3BE4A54322E02835FF713A05A55989852D011D7039226F1B65FCB19D
J=$209A8573E01B96B5FF45EFF2CBA0FC4A0BE1E6AEA4A70D1EA81E343B37BB90BD63EE16800FC9A78BEFAEFC0A5C0683AFE29BABD6E02B7F46D64E8147D98F975BC663E9ABE04B9772AEE5BCC077DD3E73D94C57FE44CF091057EFE478983250098FA08C9A5BEA7FB2411D2EB5CE4E6736B9B02CE57B558FFDBD23BCC57A1B5AE7755723F01B7ECF80EA40FC0227B08AC4F980A21CDB549667015D300032925429F53760F32669644C2B232A1A0A27FF62F71FE3F02FB6C4B1627AFA239B4218A85C7E0A8233B9C925713DC2EF51FDF14F9325A032FE587FF85CF9BB6E0C47EF2C40426A5746B403F3AA82835351EC88EE43133C0B5BA2D4E9DEFAE5AE013AADE0445595A8AFDCE01C2DFB67EF29AFB519B990A46DD6F6308B2AA1949BD4DBE7ED7076D00132E45CEC911C0ACF19A195AD07BE030AEEF9FCE3D3C33FF9EEFBF042E71E75307B3B2B96A9B2F92FC4C0C0209138364349AB88ECBA4C6562709EA5C4B2404DB4FC3FE28B5451DED0E075F54A3074A5AAB9F8088C3CBFBCAB3A0BC540617129E2A8CEE74D3DAB8BC5F4B5DDC0D2C2F79B84173F86B78C
T=0

[3]
S=$503F124
W=-$1EF3751C0A93CDCD30213034E8B39D964AC2F1CF7712EA74ACF1B3A7947FACF9CEA0C2C2CA002F55AE923B5BA65F637FAA40E4127A8AC847E297A9DEAFBF6AEA0A65FB886F11DE450A47FE0AE15A555C10113AD65543B74BC8FCCBBCBA37C9A66DF034824D8C25137BCC68DADF2397F212513206C435237F12CDD69C6D9F165D6EA16D596FD30CC598C4297A44DE38BEDD8148C1AD64B599E4401ECF75F8DDB9F2AE450E1EAB76849C009A17FF31B02CD94949D5FC329DC1D7C05CA43B6DB77CBAC62D0C614F9D9FE528C7892
A=$5
B=0
T=$1

[4]
S=$34A3C30
W=-$1E8157B32BFD4AF7A5294577E674A4F48A4A0F239646C513C25C6636CCEA4B1FD8E109158B1BDE5D70B6C86826A1799F67C9B1B28CC4C113756E6A135D0061BF3595060FC961776766D8DFB3B8F089D93AAD7918D285BDD48ED28356BF3F96E92404CE035C3AA7A867D67B242CCFB3062FF879D402036C1A21407634C83E10ACE8177DDB1ED81F79F7028BC6507693E6D1486A7CD5151C20B8301E160D9B7024741241F76D85686E44774F72EA178C5D372705BBBD370FB77C4D1E2611C00078B513DC9A8CFFF7F180309E
J=$2587992232C2DC9D34D222446021818CE0E9930B112CEE08B85494808E454C9AC7A39A2FF3660689F03CD71E44A092DFCB67E945E643F11AAC48B80CDA3F3451E587C2CC4E2B62307755572C59853CE7EEBAB1A72BA4C7BCF95362B30CE00CDDB3B56DCCC6463F2E8E0F9CA796FBA4A35B26E24F3F4CD899BA0A1900C6187BB3B558DD0DEEAF30CDE2AA2AF18011F5DB3508273B0498254A263617EF47299F3D1EF7FEC83C00E5AEAE0E4EC2E26E0691F359BA54949EF64F4BE9B06F57E1BE017B4B7C9AE420D934808B8FCDFD122B8D70C93E635FF43077EB74F2D76BFCAA8B0CBFC98CE86D26D0EACC3AB93B3D7C7254C4ED28199446061A5CA360F6E3093F69CAFFF7027E9CEAC79CA2199E6A1B8372A5F667E85CFD7BD8A8C8CFB1A2F50D7AB5624ECAC7C33A377E3F940A4442AF2C78C659F81D8439F2B40FC90C5E16BB8A3DCB6F927B41846AD6B055F1388FAAF1C8F9E8FD910D9573584C6F8FCDC2C8F7E611311B7B109444CDB50FE28DF857000EF64C9EDBA95322E717788DA6731C0965A7127B2489D0D9BBEB11987D7CDB16FE1EE604
T=0

[5]
S=$25928C30
W=-$8E8A9AAC7718CE532E699B21989FAF440AB50153D3CD8F77C6EE50AC8AFEF2C1C5A60AC09406454EF338FA89AD1406AC5FF44E1843725C3F8393228519FDD4192840F7645F5685EE83CD9A0042ADD434AA9E181FF87F524E286F16F8EA0171666F35C5F44B27D7DB4B399A2E48AD37BD562D25260C042182E2EA7C78A16BD11B6D5DA5205852C4D00B4A3C1FE3967038356FA8803EBABFB441A741246903C63F869F5B38A7BF59F0B3F037162BCE2BB2D2FEA506C60640A8A50320543944CD60D95BBC489123B2CA0E
J=$205431A8D7C8B9A16599B9DB96442482A0862E694A607D197A19D624B4DBDDB700F2EA26AAD2D38A06B49B2E392C61074382F033644767EB998401656BD0F046CA8801AEC36DD0041682C00D80B64B19C78855D337CDB4CB81A9433303311841ACC1ADD1C69E21E42ADDA284A4BAF1F642C0A426D7CD1FF3B049A88A5B1F9C46046F0B4BBDDED6EFE8931FE0153B7E46DF64D7195A16E8579C7A7BDC454561DAB3A76917F3CD862C18B18023927FDB5885CEE34C0AD1789334590A2516057F0FA39954DEC4F519FCF0071541A6730EE34539BA6F4C8AF4EE1C2103D9228ED965CCD43391CF3E7776A5A3DDB13C0BB80FDB03D2C65D34B3CEB7546682B519683147BA6E00CF230BA59B98E18DC6A31B8749907CED2230B5C4E47D480F194E0B79408298C962AC07E7723AA065CC048EC086445202E7514BB4E7488B54A698A5B26C9097928BD097DFB05B306AB6913D5F901C2863EDEC0195DBEC77037AB4DE6774A9EA38B40B705133481A4B97DEA560977240FD82826C9E3C85DD5AFA1E6D2D610FE9A47EAB4598CA5D1CC39CC07F9D97EE
T=0

[6]
S=$4D2FBDFCAB40
W=-$7C89D82B6861EC18722890B1927B92784889CEAE214494FC22B0E8851B3E6FC7D048CD292B5E5D856A82D28F1DB5E28EC1D0DA64372DC275A6BD059BE8AD4FDF76F6DE89A7854C59A02779BF21EB782358CAD30AA154809686E9B23E15EAE482051E99279BEDF76D37AA7B5C133CA0CD53E997CD41A6B21FE9C8AA04A0E2692CEAEDE388E6AC01B9D81926254A5D64BE5CC6261780A62ED5F84473BDCF55B5E4F38A456E9C4015C7D574E63A1735E56954F50979DC246A3B6012093B0748F2AF0007C39DF5ECE2
J=$C006F36E302DD355D063BF16F36835B38844158B0F8073366E38B6FE9902F80783EBC89079011064F45AD33B5531A2C53291475E2103FD5FE317851FDF44924AED60757A7B1F4443692B1D6003608182E35E5F6C98C669015732075F400B05AED5F00243E0DEE92C2BF0E36258CBAA5D4C7D3127D6B8FA039D9BE4F9488803293E4A6347917C3DB44D560B27C7984E09CB4136EB0B76B480BE2D9D850FADE6C8080B779F909872CD964BE6517BB80B60EDE7FC572E3B93522CEF423B9C953D4D35057A3C843D9854331C8764048958FF074298BE579C5317EEEB5F3257F77755C7627C92BA5F8E2A60F68DA2AD10720A92C2B84D4941E46961FF58B8BD985FB310AC3C26AAE38A75718BE5B1043EB85AEC76FE8405FAFC1C80C8175DF06F6ABD42C1A1BFC246D530A0B37ADA0F5896D2388A7D2BA7FBD34F7AD5D81529617E8229EF9B05D5BFAF49C3016FA1A06CDB1DE2EB899C52AD1CC7BD96AE9A7F90ACB1256AF0FE3A441C6386B24DDBAD4AF87B1ABD6E53DA32ACAC6A7BEFEE9083C7073273627B38FAF2DBAA6E9CBAB69B
T=$2

[7]
S=$52201879B
W=-$9D64CD4DA0CF5AD5B11F8ECFACD3C5478CAC2BD61797A38EFE09002764F6103A7E4555B2F44812D4035727CA3F8A5DF9405A423FAB669D1BA73BDD8661C1C1E462E74B745E6E551711B6151662A5995749141642BB459C2AD4C074C91C38D1E3FD4568BAF4805086D018682F3C6FD835B3F5B05C886BA68DC99396CAF71B295A490556CFA5E5449A4B0E810CE28C6FEC0262FF8D0DBD249A6E25E2D8DF2156B386EC5139AFC9E3AD6046A42C2CB09F0D2B3E3372977E73817F22D285D8954F85E91A9AA7
J=-$1A81B7DE45110B8981653405D15B8D2C837309A4AB00D3DCE7DCC32A1706246ED936594109FBB6CA30EC3658F396B3CAA0439E185BAE6004635FE1026A9A14F1595A4ADBCC026414E94589BCAF49CDE0489E93F8086E55B1A00A1967639BEA28DD01F34BB7D8A214E493668F467F9F2F0230208DE2EDE54CC4F2A0596B4E32315E069A75BBBB5B9E10E1B829E2FA245B9997CF374A8482CEA6B4DEA71B7A09FF5D1397A0897BF03BBAFE312D7BBE5857C482D58269F4AFD3CF416421ACB63BB2B4FC14E2B2A05EA5862C9AC6125B631C9EF35B02417282D6E868034429458B0563537A271AB5127475AC126221F5FDC8A426896F1716727912A856609D78D0970C813570667E15A77483458FDC9C297021209647F095E1DE8DC32E8EB96E93875E4FBF222CA54903F21F3010382CF171F4B5A262140E9EC7353C86430A8872130EBDE1598F340058E39796229AF2DB3DF5A97046E1684D7B9B41405A47EB1CC72953D700B2D4843EC1D2F2F025101BAAB04FBE95F0F86FD474027A0562EF01765E74F04AA3BFB1C3C
T=$2

[8]
S=$74B84816
W=$1EB68AEAD4603C545FCACC76444AA558A45F75F3E5951F2C027828AC77A6C18B35FB0C99745A6C8C77C91FB3BD3B679CD63F94C003F1966159FAC18ED31A545C6F544D9C33E6475CA648170C80360FE7FA7CAC8026BF718E8AC8EAF1B534488763F92FE1D5F72F5C3D50E2B12079114323A15028D3A4B00FFF060CA7E2B67FF1242150DD762C3B78D4BC13098917C8A65023F8155701746722D2BA5BAB85D98CCADDFAF61E61143B34B8797355F195FD6B9D46D39FF53C5A68A9ACBF296E356792C78
J=-$10D00FD7D7D8F4AD14934858778EC6466871E0B22610D3F077B2CA7FA14F0877406209A32497AD34932023C235DFCF9717158DD7DD977A0EF72DF3CD5C9A80570AEE4809B1736C4ED8C121C6B39B922FF89439548486E98E18C7CBCE61E85B152C9F3F190A2DA0EC0CB117B6E796F00F5D7BDCD62F5798D7AFB3AE87177EA84DB04FDBEDA0B704C0F7F75CB6E932597A050AB187F6090D29128518A8A76D0BC9820C854DE978868860F5B87F99CAC903B19B6C5C15622A11878782E49CDE0CC640FDDB1696118B6EC84BB88E06885816BC92B912467F6EB074EEE70E437A62F240081EBD2B116A7857655FA96496D63949434E239E4B3F6ED9DC58C27E74B225AD288E139CCBFC6FF6ED034B8AFA48A35C9BEC3947E72726821A37D2600AE6B392723D9D035B42653FEF976ACA2A4253F52F9E976E36DC0B94AB49B43FFE76DE34ABEC6D1CD94A8D6414A811F9F04B67DD68A0F559C4B1BCB84A7BBF51E6A738511A7121394050FABA962C3A7E5AB2233F1C8DEB2CB58EDE2932E0EFF805CF7779648A2F
T=$7

[9]
S=$FFB05AA6
W=$34D367A4E8328601307BC685868213CFA55C2F215B2D5B20FA851F2154DBB355B05929E4F13A8FBBAC1B47F7F7A3127E66B76F6B14E4EDD60CBE036BC244A6298D8AB53A1FF473F245277460348C39E1BB8984705740C089B8D3B2EFAF4AD05C591C3DDD6F1DE041A0F5FCD9058BFB1F9EB5ED9E69836C024B39EB817E972B4DC9487C89E41409E45262FB8961A8FBBF96357ACF968A0D5B0B454B622CA783A46ADCB1785D4C012B8FBED97647B52AD85FCB4240E00A1362F8897FF6A7A6C5A32
J=$EF28C9E3E99C9676EBFBB10C23682E50D185F54C47AF7BC837BCF86A05B92EB746DFD538C3F73EFDBE464A22B87E8B759626239FE3B5C7EC9330E8A1EA3DBCC3120027EC877B3989182412F55DB7B801757F3D82ECDBB9ECB40E2AB735B5BBBAFE6C3D978891DA811F8B5C0970993E027B462F30AEACA83E379A929572623FA7F84C012DBCCA6A76960652462BF58DA3C371F4661845DFDED984C01B6E7FEA230ADBCB16FFCFD64BED212DEAAC3EE413FB970F0DD4A7D34260BCDE03947EE72FB7108F1DEC1D51660E5B68415E4D13ED72071423BEE7A973A61E2A502B03B8159F85DACED4029DA31181F2B1C9401F885CD92ECC5727495C587795EB5941F539C7CB072C9B3483D39741050D8F5CACF8E9B25D3C665BD3A2C3118B0DBC1A83B49148F15E7C3ACDFF2194675CCE05B0992321A1D78FD586AC4FAE1499A3FF716E2B6B473CA7420FC2543124A7C9AA23F18F9DB51D51E6F4B28D465DD9424EFFBCBF74F434D01877C1D457A717EE51DF56DB878EE6F1DC11CE81525C2E0DEC5B1F
T=0

[10]
S=$1FFA6194
W=$347209A787AA992D93300A7D71668579382F24FC3AD947702776FBF31B83752FD027B6BC4500489371BAD1FD46B30D8E1E20F70DB3714CFAC110409011A42E053629F666359A6CBB6FBFEA6E8A34B7D100E623BFA4CB18F6D2FCC1D6656E2CB4F2B181A8456C2A91023693E2BE971007011D6A3B253A9D778A207EA50AFBCD0D0C48C20C153C6995875DDE0B6420703AE1929EBB6A67378AB4AE0EC8FE570384D109CD3420407343CBD04244DAE57FCAD8492AF933297FCDDB1DB787D6A36
J=-$121FB62A53D36A92EF79097A7DEC9261D31288396E51FE7561E9FAA72D03CB58128FA5E9C9E6783D54A7352A721A34CEEDFCA6E3886CE6AF001EC312310751D41D566237EADC82E5E069B2D82C11B073784392C9B46B4DCF7CA0E7F92A71EDA92A9D3ECA4CE0398E3741886D756073B1C298509F0E8D7138A2713BB983514041B1AFDABA12326286D954518555EFB97279A24E734F9202B8AEA7C8C22BB0EC2C449EC0A8B3AED85B7764C323F7CEFAB16B5B6473C316C705D10C539733BAF0F377D86D6E527AD3F29530BB1E58CA26100824CD5D645D31392C47D3029BDFE6A9F3501AC4E2708926369578A9DE9654EBC8CE0F299AB44246E170C5964BFBC25D259F8E53DE0236F2835D86566845EF618C0461BBECAA662B435AE83E8674E0FD3B0C6EBF53F2413A1B7C0CB5DB82A23ED80615806E5C6D0223AB8CF18C21D60200AF6339324D5F5575FA441CDE1227CBE4E2D53A3CAD5CB91701DD1CB2C58474A2EB73A9A8622C7EE62BF18CF1ABF25DCA3EA633C3AA0074D78C27C9F
T=0

[11]
S=$59F2935CA86
W=$7031AAE065EFE742705C33875A112CA48AC84B0F244B422E750733F7FDAF4A2D50F0B054424C859EF3313BE1FD293071D9F7F43A5FF0ADD570C3AE243493C7434B6B94DF4759D261EFCC5F040C895C3D348A94C7DEE18E196B050BA238B74F219A7E2AA6C10C8D396EEB536C912734DF58F89F94A27152C58BD4358623B80CD291B37E85B67E1E94B9C3FAE1B61529CD7E606FE3FF5CC387617F990BB4FBB904C8FCDF620C6DDEA1A68C95EFDAD898D1D2BFAA3F7CA701A44D5774312
J=-$7CF9F67DA88A7A193B2FB600843211D63A3ED053C5DFBDB07211177D457329692D764F56882448C48C8B4842D9401AEBF612C1BDA2975343070BFA8ABC44DFDBC6E9EEE86FCB349D4ABC9088102BD5E1182D46B03A0790A018ECEBC0B921A9990DFCB4C57E129B3FC55E25CC13C1F1FF60048E4D9B360BD5B6A77C6043D46FE7744FE13310F0B300CD280388FF8C0DB8F5BDF237C4124C85E2D04CE74B8FB59BBAC466A9045930919900F4EFC9705CB25BA99F38E7DB28A5625232782EAA4A50B4717C881C9908F670EAB630F01A8F0D553850E27D853818B4968FD614FA8FE234E6BD50C3D927ED55ABCD1938341E75952A5D6F480AEA31FA1A515C764B938F8F05851D19749D4E06EB34CB4C369DE6767E70C4FB536A48039FF401F846830E281C001A5D34EB5DECC19A1369118B0FB2C38EE29C723B0477CE852996A7C928CF1C1138480672F2685BD921AC07F1C37635EEBA0727FAD7B5EC85F03B3CBF4C73E11FF59732E8B8281BF242BAF1C7957C6A1F09362FCE0C4
T=0

[12]
S=$AEB86DEC
W=$1C136AF73B418167062AA762B5813441A8F34F7ED68BDB05B103A6ECEC43AF2C532A02DA3A6CE72528313FED6D782F062F96F61CDE32F20CC31121287761171545D25EE43A02D368FEE699080C86A91FC8EF46DF58FEA7FA17DC300D2CBC6D7FA19885490CF8C8B04BD5C0DF0832BD1A7891144D7DCE1BA78A3724051B9312EC6246D9C817AB3296C8780E59854AE06F3619A2146CF64EE5E040C7932215862A463F6053F03C7954BEFFF32AE9C88D2657A77F2AABCA3E27EDCC
J=-$63FD09348DF019541079EF7B5861B9BD523A5C6424C669D619C369AC779A28201305B78722F1BBAF6E7058CDD07CBDFB3C01BF07CEE881D4764AED0947C47CE0DF5CEF3BBDE834A2C20FB8D6828E0F56D8603D4906203D426D37E3AADEB00FD70CFC87AD475F6A1CD85C1D2D691B07DF19BE3ABAC342DF5354A049C21ED0B1207E5F1470EA61974CE7DFA86CD2A74D451FD80BC47212384FD6E5359D901ECA156075FDF0FA0BE308C5645A3BC21CDC363D78D7D56FAED77A1F6DDEABD692FBF4079AB669709C83043A299FEFD6689A801977BFCB01C6B6C23893937EAFCB9F14C8637EB2E5F2B9249B5AF4F4BC709BCCA816E0A5135B4D11A66D646F3A8E17B31FD71F59A84B2A861DD47335742A3583F4A5E90CDF8247CC66BAF371ADC82F2B6189193B0D32514409559D02BD00AF5B5F3448B2BF07A77D2807BD40297F3306666C49728A84DE0EF7DED72A64D925C0D6433B49F92DC602B3054459C4FD0B0F5620ED3943DD126E5CF759BA8C84886B360DC3
T=0

[13]
S=$96D296
W=-$3767C110746B82ADFB3A294287F409EED00CE44B8EF97A6FE78C0B5B6B89CD6EE0C2DAC3CD7C14D414076BFF93016D046D199E0E8D9DEB557187F4B7979857C535A6661DB888B693CCB8C14EA2486B84EC5A1BC3B444863F532CE73CEFBCF9F6D617960A9C9125177663A62028EE1CB82204E0FCE6F6DE93A35C5720C92EDEE48E8B5F3E123DEFCF4DE756695BC87D439C63E2FB893BFE4582772B0FA9BBDCCDCD6738F744241A61B5DB8E2EE18918C10810898A1EAEE0CE
J=$1CB7744C54711A656FCA1653487FCB8E9E739B6B9E50FD6F2EEDE67699BDBD244EB6E97E8EAB87B24ACA0C7F41C0345C6F61B79C6645C0752DF55518BEE26BFD91CEA5F9296E1D0624BDFEA7EC8F2352AFB83E5BC9B25A8224B0C1380D017AA367C9851DC2494C72B03DF8A9639BF7D66640015321E8C99D79BB01BE595DEEC0EAE963607365574A20904C2EDFF551704037F961F6103E9EDAFDDD4410F00568D7B22D1B97FC4E445E73A3C5BF6FA48E524605EE0832CB78DC45D059E0BC8DD0EF4C91D28807B9717CCEF71B4061E27E1CBE13BF640E3BEA7758FD215AC35A862733982D7F76503A559E9EE4DA2F592F3082CEC37888A51FCD9CE38F399FD08DE88B723D469D372A303B6C8ED7644E98D17067E78021AE4D10A795F7E3D726E566FAF4E35654389CCA86AA5DD00A0B8D3D6615081F1B96B4F97F162C0DF54B9518F0E963759BA7EEDEE61477A8D6986D4A3ADCCF4B07B76ECEF35301A79A21A0A9E0B3ADAF54DE2FFC19EBC7FE750D4
T=$2

[14]
S=$1205C1535
W=$41578CD8A2A349C5B387006908728F1C0663CA47A80EBF6B5B95A203730BF786AABFE4CD95A47E9E1D4615BB335211E9C4C55CEEE96DB33E4780B13755E9E0FF97C4337657887D4DAF50C0130C78100AB2C4BAC8E070103FABAC97D31194DA12D470DA0C1F26447EB253172A57A7E4B8E92157BBF9AE4B3A5A8128A2CC9CB1E348E3C9C1146716C1F9014B76B43A29657C920D9D218860AE2175564BDB76D9C438A97078D51D182DEB0D1588013AB6567CF5C19F5B241
A=-$D70
B=$12F5A
T=0

[15]
S=$556278
W=$5D6D5469D87379F365E891627AE2D9FD30CD7083933EC33951850C52C6FF36AF44F6C20BE08EB9ECDC374CC434CC1B43317EC9A8F24122776A33CC1525C475C8E9F3E8AAA26D2EF15D6B636E7A295F4194F927D745C23C901B5DCC99693802858CBA4DC4FBBE9C063262DC8F17DAD2A8FDBEC9C934D044AD96B090A8ADED1CBA1B491C5BC8906546D059EBF24DE1BB79EA549734C4B85D9F04D0E0E012098391125B7576E321C77B60CD629E7C66374A839F31C6C
J=$2289F7AAE8F64AE0B822CBF12CB6099E32049A975E95F8524F02C343F2EECA063742DD117DD3C954AE495FC89DE211D5B53CAA241167CBF79E4D87921981331FF0650D9690488889A998ABF3CE757075791F6907E39FCBA95D25699F14C96A91EFE9DE1D8DFB45C1A2444D33453190C0E26BC9257113343ED678115B76A1A070EFFA4236AA70569B9B8EF4E6ED3DA32B81FFF84760EFB73D64125799AB13347809B18A81846D0A8EF5CA903699487FA93C52FCD3F12D4326FC7A2992CFF20E74346E721C4D107A1BEF94BB5B1B324F76BA9D2EDC2519BA339C46B5D85603DB0D1397CFC2332DD836180432A1EC81813E87E6463A3C4F38B4BA0145BE7E6C822432AAA6B174EA6CF945372EA8F5B4A0E40FC17B1C884882DB6495BC14A49D6F22C86BF9083D3C95CDB4FDB1635BF90BEAEDCA9D06912F0A331BF9F795F8C296DC0A02665B352DD3642A91D3F0F7D44C2DBFA824932418BE6A58FA6F25759D4577940BC50640D403C7B
T=$5

[16]
S=$2575AA3
W=$A4E252073E008779AFA984B43206A1BA3858B1D050F90267E4D39F99EBA5E91FA60CE5F04BE3F19412D5D065A3F087952DA7B211594325116F85760973EEB0B59D159CE13C21644C004B8C2E05B89076B8A34E4414E666AF40022E1DE9F6431848DCF8EEE180119DB9CF2AA7178A91E23E28AD7B08FCB572346404607AF29128FBB237AAB6073BEBAB307E70E6BA743CF6C07DF55D2B2234D8E74C48D6AB37C09D475FA81F17C2639DEDF6D121F26977950D
J=-$B68326CD7D3A31D86AB2AFF3A49C52A7DC1F2C04597ACD9B666378FA429A3EDA10C4E855576FA143A9665D006013D5F1CC48F87A1A23C182AE4F6F276097C3028AD224AEEAD75E90C6FB15354CDB8795F56A9A8A04BD57BB87478E07F40037BA159F66F374F1856263C8CCEEA4FB201345D76DBA91C09B2B68406756C5F3CD07E1EA3B3638B7EFFACA2AB4983D8EC5D1FCB6F357D5DD95A8FCB3C9076C6C716F67AD34182AD0529F157A69848CB39D70BDF8304F5B2B106304A41CCEDE76CAE5610A36FCA35F6CA8FDBF1CB32C004B8EFF0EE9EA9D4B45D3B1EBD7F99DF10F33BA9FDEDC66EA124217134474451E23CA70320E69713161CA159B0ACD54EEBCB9FE8BE324294A1C0A0B189195BE1C304A5DF96C1C2BE19D5BEED65BE3CA0AC68AB89CEE8AACFF435D0E7F3FDC927E6D560EE70236E6CFF6AE12ABA2BAD168B43508241799AFB5B8F0A49B7B8E139C6D25559F8F9EE6FA1D110A861806B3848C82F411CE3384C
T=0

[17]
S=$372572B8E
W=$5C2E25297044DF673253FF3C9200D24337254A954B3D38CB386EE4D2F5D53368C9186406CD023E7477B8A399435375A73771EE8D892E1BB59EE2D00B42ED592A30FDFB09FA15A55E8938670C80E16053FA89DF8F40A1C59CAFA9616384D7D5D58F4074280F52BAD6C128D29CFF91F4B22BFDD6A8F6E5455D74BA80D849596872557F0F04297767B7222856D771329A57A750BD6FE3F1100C12B06D45CDDA6752304D0E30BCD1598F2A183B9E6B10679BA40
J=-$4564AA84D6AFC92D0C3A261FE0C7F5B86614EB4E31C734FCA67E2F707483E8838347010A6F76DC79BA370DDE6FBB616467FFD776D8CE591BC4C067247587A2500702D3B040EA1CBF37FE80F812FAED914261093EC4E550AD6B004E08A9CF4D633ECF5B22C711F9C3449D3F4090EE66E68A73728DFF9390A2FE392DA8AAC5D5FE367F04CED3404DB489FA3529D79DBFE2EFEF406C80CBC4EA02AD69AA452FA9C746CC001CDB621AE41FFC25C7A3E5EBD7F98D1EB4363A232E0FC26700604DE157C7D7A296EF46759197537C98DDAEBA33054D45CCAA31EDCC208C7FAEB6D65FC73E71FC275DB43EF5F09FC30030E3E29BB9BD784CCA2BB18B740B2BACFF253A838D023418E124AA9ABF399B1D2F7C19D1912EE360385D519C43E4F27CF8FE4AABFBCD68F347585E34F9AF5BCE73AE2F32FB4134D2A039E98E9B699861DBF0BACE28AD15FEE6DE78F881B9EBCA9E4EC7198D212C726603FC24DC5B0A82B8B05CFBFF020
T=0

[18]
S=$1AE24F
W=-$348FBEEFA1AF5835E3D83937A360D114A1F6081AEFFD5272AE883E757E04F4AE0B5793D3945D30B2D3B906CD02622586A604BD31659330130C4A0C1C13D164ACC562AAE892375AEB7AADBE85BDB270956EA95D59047B0F4845B777BADF757380F01B120EA8F33A5C7E29E314B0236B7A259A777E27E93E646DC4B110C36CF8491F0324964BBA037057010340E8D37C8F1ED28B4690EFA4655D2A17880EEF8BED5C444AAE7BA23CF7F3E66237E8E2E2D
J=-$745B5ECF4882910447CAABEB34B5295E222129A5A9D623030166DFE642D7CAFCBE77DD7AD19787EEBD14815A0028CCF61BFD46CBD231960C5F471E51B0C4DC6D628C184E146CAEA74B9B8AFD1AAF0D2D21BEDF9E76AC3912EC478EBDD02B024EC795EA3625AF099DE7830898D414D55C7850A3A9856C558CFA806BD1C8163A97FE5676993E86DE9F88805CBF417D866156E9615A5DD6D4339854ABDEF63B9F773D7E0197FC9A60667A46F3579F74358AE137A52712FD96D2E89F2F823827938C40CF0EB08FE31F32AC7E779B495199DCB0957890FDDC2813BD5D1BF84057A7D65574EF554498CCB5139DC212280189F061C035B830F85824AC7FAB599FF3DE1E0E681DD345DAD400C60E15DFDB48A174593E1D8FC855D56CC16DF78FE03F55874F23E1512DE5C559A815B591D3B6767452185B9DF163325429F83E188EE069ADC6C6B339C9EC61547562272F7FA970FC3C79C84957A3DD599E31C83BA77A
T=0

[19]
S=$137200C
W=-$7A25143D35721FC760E98843D1B36B1BEAE3AE8B0E54D74504FF2716262878BEF2348274DF3CB4BA81BA7E73721E376069490E12402384CECE0A862062805346575660A6E4ED1D18BD09FFA3CC8B3E145BD3CB96700520527999624681FF5489E83A87D81074E9B0FD7366DCA41E1FA55FE42DE2CE4105419416A29794FC2B3EDD3C7B7C7B0C00CBAEF0AFA5A9DC7026ECA867F9FBEFA99488FC99288D3ACE18F70BD0CDCCD9B974CEE86C373C66
J=$97CC7DFC2D334EF13C4975A5A9D2DC76E1443837313F5526432E4E3040B2C111318611B561DA3A6846A26288D951C58E58008A437886162B2F726BB6AB882EEA1E10AB3D36A5A149D8BA01F6972AA3B326C4E04B24AC2FFFC9C30773277E4C7C20712C979BAE3BA6680DE918068FB521C9431508DEC20BC851ACA2C8278747F516559C52B677C026B3B7AA0B2CD2A82E8ED6528801D07B0603BC6BFB587123A9B585F2459C1ADC90423DABF30B7E9DC053E4A14A3014FA7FDE3F6F8A7F669888B13D2BE14F2D75C7044F624330817F3D1B0BBEC2A7F3D008FA85F0015DEF59BB11B50F6331CC5B8933450D2C9F3A96242FEA5EF951DCF7CFEF45434593A71A85F7EAB7337B330AA9682D984339CB9E9487837DBC3C3F448A839C6DE51CEC81195CACFFFDD39D6291849C14E51E9F53A8BCCF645E9A4F17FFECD8FAFDB6D77B63B81723F8310DF15DF1856919E070FD743F264C12EB36A28F3EF00EA
T=$2

[20]
S=$212B19A82FD0F2B0BC
W=-$9A978EB78E7C11DDD5726E869993515D60CB166B62AF5B1972337AEF7372FC7E6920173C81EB03029F03B081257A61789A7E6B0EE1D870A67B515F5B4E3722ADB53A44CC45581F967EC79FC9271DF6174B245A8ACB18D58AAE369AFF890586D0BB486898323591D3B1054B01602C8F33DABFE23F680C8535FA9A9BECCB5C7CA6B43F5B7E0B8CA47B7E4CFCAF39127BCA025EFB7301F939AD7FF394E14553899A7BE99A985650B7157FAE22E60
J=-$AF870A806D656E0414F88B5F8D747CC25D05F46BAB77FF155C199D838926EBB1141C100B3BDD61BDEE3A3371572DAAF5B7B38C2FAE08F5B69D0ACC9C0FD5456C563F20BA24496FBB85B3C977B45A5AA4BEB46E1F59C181DAA81A97B44703A3898C97D5D68241063F7B3EA0C0563EA385821E51460B53E3E0D354A8B9874DCB7319C58E92156D790B625B2ECE42DE272672982F390209F2133EBA052CB3787560917F8ED85DD89FCBA4C0871D26E3B5CA2D0E807AB681785159330C8272BBD6F87232B08F92DCA8A391483ACBB9C65CE69886308A23C5B7653F5BBA2CA202E5308D5F5BBE07E0750AA8F6E7935306A4F4D3405838F5C03F2E522F93ECFF63114F635A0731B82000887FF94D9BC5DFFC3419F8A473DBEC2EB6646FD2694DFA2C7D008706E16BBEA9D50C525B635BAAA20FDE345AE8318163AE30CAF72102447B882E82C473639765CA34B64E22BB2FB42B7E35130467131C491
T=0

[21]
S=$2D0F55D85
W=-$63C267E38C82C8C9CE988D3100581AB5E0A4624B9465F2DFF043EEC270B384264A392F8D766F71E4C421E8F0271C9246444BC56D1B2045791272662B5F0B688C2425ACA29F7225A7DFA923508EEE8ABF11C781868660E6D3DD2AE1CADD03555B53DE700D619FF53154251265C5B993E522E1B19D4381194DCD876B32D30B772D9C93F61958563E53614A346C4EE65A8979B24145376F2C3B60D7623EB7EF2FCDA1C03B7EA131925B
J=$36845CCE0244BCF760DA6E01131807F5017C2498F992AF1CC3D68FD761ED5B69B0C6F012D82D56536378CF391BC8478F76B201DDBC30380E66C170A0581C38207FCC0103AE85CEC0C9A062E569C5BBC802AEB389FE79D5BC95AFA732E7FD400FF14B2687F23C03B903345C4D50A8E5C714F95499F16A5A040772B483098AF6A6DE053B76B5030BB4321E50710DC974644B94DB17B72022D93811BADA54950204BD94907448DFEB58E1277D24C88B8CB2DC4787152C32797C1B961E30FE3704D19669D200D61E4B989F44558DBA5904DCEC7D5A64B84092AF429F297F572E794CF5EDC9D6A66BA8696AF1A0ED718F25142E2C5C56CDDCC279C7E7EF67B044C7490B2B4E21577ECB7D5A391711B00EF421C6B499FBDE4A01D111746231EECD07302D6F282B2C3E13977C23123A876AC444CA7BD800369602B5CAAEF4387E1402CAD19953793F2594B0804D1232D58B34FB
T=0

[22]
S=$71C294
W=-$C7DEA237B05D034C9A09D43ADFD8279F7337F73C0B214410472A17D76D62BF9C738C7789FEC39639B4CCE13DDFE27C36CB997093602084D4ABCEB0F8C304EE0052C2105F7E42A2FFE5314EF02CB8D357B857A3937B697F847469EED8D5770650ECB88FB563C309505315D0767B444931CEA7DB573C72F522AF9D1B987BD65A40E8EF2F1FC01BBE6B8E5D2F21D819CDBF1A90C13BF7DE055110E60C54FC0497761FC933D35D24
A=-$108
B=$69E
T=$3

[23]
S=$A2C7B19
W=-$180F3FCD11BD2FDA2DC057B15D045D3B6FBD1E692C3406F36E7853F66E7CD16B4D4A1707095EFA710AC8D2C5BF7FA42629940E82ED92557ABBB78AB5A93FDB3BBE3F82E02C43C93B7E1A9A8CAE9E53B75DEB766EBF18D28EBCE10B7C31F31A0BA22FD3A19C5B81BAEAA10FD860F542E6C9ABF83A40130AA4E3181DB53949A529B580C0E4A75FD3B29ADC2A55396438C0C46FF0CF1CA4D2FE0E515A34E8F8E64DA568B88BC9
A=-$D70
B=$12F5A
T=$1

[24]
S=$47CC66DBB7A4
W=-$38F5890BA5C98682AD70CFC72A89B080D7AF60C4331C4475AE9D15308C4516A54E556D4CAF49FBC5CBCFDFE1EE799006FBEFD8F9D039F384E892B26DB7E6B6CDAA5B08F6C98D547A6F023AE9325E8A307D65A1D85001E10D1C87C5BC5B5391AC56CC5A09A8D387FA3E1508755DDF1D4B8090573F57F4C6702AAEBB9ED2F7F6B43FEDB6BFDD70C552395D49433DD1A1C2E474A3CD4922026A7A6BF970EBAF3BF5A6FFC6
J=-$647D8BD5651CE46F174E2BC5432914686850340505D7CCE3DCFCA46B7CC465D00947815A3C76A2881994E52E6F3E75E5C807504BB7DCE994E424546D0826A29514663FD46B5E6655D832293276D7EA8E279BFCF8168B8E3DEBADF512EF36D19742E75AA38A18B199FCB4358B662B05316C8D536E42916643E29C1893B60560D6D2CB57675B4F473DBAB432FD6C749E6AB6C425EA15C5494AC624AAF73423652D10CA709D2A873E91E33ED142AAEBBB6D25EE2B18A35C14AFC1E48BDA0D8674579CCD744DC7D979BB3BFE107F6769C3EE48BE7DB4C87E50B19BDA89F6B16A9D957188260F1A66E914237E510E91AFA248ABD593E3923E2F17839D653F3374BFC9CF417C8E34CF8F5D6149C9D398C296E85D714B69D6D3FB7D5F120F35AADB5D7B4DA7199F4343C5026DA9CD4E9EEB35542A2BE5751FBCF1CD757384941D1FF49B5379463CE43
T=$1

[25]
S=$1BA8C0E
W=-$4618364BF7E9EE25E30A29A82DA7A309944C350ECD1746242D3C4D0318DD033C95CD1EC53AA669533A3FE75BD1C351106EC1BD887C2DF910881FD3306F3AE853A39D0A5464A98DDB772788F780426BB354D975B753DFE72127763C349E23921539B0229E32D13C555CF135F95F611ADAAE2793967FB592FB5BC6FBC3AACB251BF577C62D86DECBD1D045329B624808A511D6FF5C5B65526819DC78D682DEFE22
J=-$1DF9FF1A6F119DB63FDB8403D9C8DB9C9C49806E7754F1D4326546C85E3ED09DB45B084B7A84627E4598C6A0AF478D402282C7152877D18C1224BC01F9073C3BD878BB3656B91853AB4DB697662E9D6EDE2E1946DE4DCED36C6B4DF24F823077BC48297D971C1C85B53B369732CDC93454E5941A6A2CAD5435984A479DA74DF9A72BF407477664261EA239965E236FE11674D4AA570EAE5360185BBC47762F7EDAD774C42BE0FBFEAE2DA8D60BDA88DB331161A23FFABC0B89A6A3BB63C2662932E4FB0C6E51828A9C3050C6103DE5B947B16F80DFA0290C2868BEA2D628DA3AFE8DCE28D5A8A744872B4DD00AB32ACAAA0A579149EA31E487831868616ADA7433545F60A259D22F7F03A6E5266A6251BBD9A575C7863C056C1DD6C20E67D0AB4E66330DFEAA4F25D7688962478E21DFADE0C6C4A14CF356949570EB823F7B2
T=$2

[26]
S=$C5AA0A
W=-$A763FFCD7410E3FD23E7229545AA4602351FCF16B2F5B7F4ABCDC9638FC674B28986FBABD265C3BB78BE3889E64DB35553DDB367F6DBCF09A1EBC823E4D26A97EDBA5B33DE9CD9B15CF1F092AFD220E590E048828A3B3FB09B25772CEA2BCA60F56940A228052BDB38FAA2F880548F9B370059B46D7309678AD8F030E2A53B8CB69BB6209430DAACD5FEC8F071262ECDBDB7659938A5BCB4E4FA1A7642052
J=-$4D43287A16338F565E32F2CCB5E8BB750BC50DD41E619F2D4732E89D8394E529719C6AE2FE0533A1C3F782D43256C87899F2809B217DB93526DAA9FB956959B3B146F518358EBDCDA9046234DEDBC544DB09F063CA426BA97D1AA9004E8EA8252B846FBE1A688BAA56C2B83B78B2F55087569ACA301A056A625AB59FE566914E6495D4B5D4E13F5B0A011F9098876A36FD0E048B91AE49B7760816433F989CCD338C1BC657B4ACDC40400A28540D7653641C83E146DF298386B64359984092B91FAE9127F662AFA762F5477DD8A140FA10134006BE354F02F78A2C88C6EC4780C379FDD40AAD45831C051F7EDB99001510A0E5F86061AA98B3BF8FEFAD4A4DFAD8340CAE8C026F937C1FB54ACCEE37E5E78ABE5DE5FB41F6A6F9F6F1B68DAA61AC3D60ADE7812D47811E37FED06F43DD7CB925318CB279C80D077CCE1
T=$1

[27]
S=$593F3DC
W=-$C3657D2056AC43F73C357487A972C05A0DD3EE526A74FFC882875933F3CA11ED377CC3FA9739DB94E727A04A3EC131D7C934C828069795D6B312B41B86ADEBCF0200778D71231AFFE499CC119D4003E04CFD678D08DF70DE23622F4CA34C5A3E47C7691B4145DCFCA143167FEA8CA425C300BB91B66997886AE56CAE7918EF79541BCF54B4F549D5279BDF6F34A735FA2E9E2FE08F3DF9E595D7B40DA0
A=0
B=$E
T=$2

[28]
S=$11441028C26C
W=$446A0542A01157C3F36C639202304016ABCE945ABF0E054C10677F648D7AD9338E109F9FC81E9300D068F8E13B95FF342A53902A964805808D34BA86C11418E24C85AC20DBA1B6DEDD97A3E0166CA6317EC9E0B6B2E379C5B330D25C1BDA252EDC2D80BBD5F556B02FF95DC68647609FF4DED5DFAD7168DDD37DFBDAA5245FDB6C202D2BA88932D2A25FA4793E313D162C0A6010EE2145431B7D534
J=$349950D05228F38BE9CD672FD66ED20BF2D343C43C0E5C2938A4FC37FAE4D3FD2387AA3C93DBBB8EA9F69F5FA73F5A3F6F9D869F20F6BCCC6F41994CD82E046BC45BD7EA3A40A946EDFC6CE85AA07B2696A13BAC231E2887C88D8804894E0294B7E740A2DDC7D3F6FB6BE2498EE9F77C103DF123EDADD72DAE941D4824A07800F6F2B6281B6D7585B78F50DBCED7EB50BFC963A4F690397B0BD79C5EC60BB66E3BAE55E51A2FE5BE703DBA602C56DB70E61A97877B106A33440A6E07559A3A00A32C955C2F254CFB15659C67522C290A8A0A982189AF123258FDA43E821E2EBAD7986D7DBD8D7901AE20B84CFEB5F6480E99EA39DDA7C732310DE124D6198485BE237FC5F70D3F224ACD97D5257133D2D221883958E077BA939C8D097FC74F3B720984C9BE897B56D53BCC1B63D94E1854A56CF2B2DC1
T=0

[29]
S=$3F3761E9613E74
W=$82312850B1E5B3FE483C76B6179F775B629022DA12CE2EC7290E94E587509625AA72F61B391F5558586D147049BC94D9FC392BE230DC70F796497BB4F62C99F9F3A8BF838815315F625FCF5B9855A9A0A6B17AACA8D0709D2DC8B28C064889F93A86A1365718218FEEAED50AABC56007843B2150548266FF32DE8D94A09D1A209276F258A51A7E8239162D27D93C1CE86E83018FD5C464806
J=-$13B9F021A6802962C7C2220DB2F93CC1E80C3BCB729AF2792DE746A6FFBE3B18A8334EA298FF46CEAFCB9C44AC6952F2998A8DC92B097612A98C4F74896E16460891F6320DA309C20B9891E9C6BD168E7D75DCF012543EEC385D24466D3715D8BBB3612E890F0C9E97B5F0EF71F1634253F0E7D7A91D7E680D8911C7813D932F47633F240C526EC553DAE13D238C09089397556EF915304CBEC08B9D6CE9D823719B44EB940BFE343A8F2B0F2CED8921E7E06CF372D0EAA73CF9D599BB07B46A56E150DC12677A684F18B6E042A84EA7AF39147F0D8A0057DC027DFE203826125AE06EAC68622390632B13F28B857EA25EEEB24D6728542A4FA0A33261358B9CE95F81131B015331A048616BC5C8CE805815B007507DBA9EE8C6C85353EF49AF8C2425AC47637BDD9BB03EE0C094EBE3D9
T=$2

[30]
S=$645D98E69
W=-$10BE2575AFB7C9A285C46706CD0D2726BDF50E0D7A102DFD2894FD9CFA0252093DB4C2C720792BC5A66166E8BE5CD0ECC5B38A5A37A2AE4DAC9A2930DFD2E56DFBA2541B1110E32D34ACF68E1A39AA4AB04E8024941B4057A53F8C202E5E662E3C35955B04DAB5A2425C3393BC842859C73AD9284E187BD40D1E849017A8F14434EE3006B447D4F09496ECF3983B7DF56AC2046FB01
J=$A90356242BBCA547ADD94E9A8E0EFA44ACDECA666C66AAE2C15ED8BF68E69C6653C7E6086041F07653D07C23E4B7CE6EAE424935FF6FD091187AB6944AE1AF54DD3A3E0CF8E312828931A6C9737B55ECC91D2D5A459948569B048DADDEA8D3EC3591574D117AFA8F5D6C0FAF98BC6422ADFA396E92F392A3892BC48D73ABFD01D1BDC4E0D713CBE050FEC6F06E4891EAD5767B00AD45994ACA54E032471E3F3B5B5AE51F8029ACF74A64A776BADDCB219B8CC2D92CA133030EE2992E25834A5C472D6013FAB09C93A375A0BD04DD4E0583A9B56F6C424A3556FE0248106D4EF538D8BAF6E28E0813B0656C800BA96FEDF5479C5C7048FCE51AC155503831EEEACE17A4E4D1E1F8FD7A123A0A565EA5B05B8AD2FE4EEC6FA12BD5D1CA4F78CE8E40A5AC72C99610D0CFE4
T=0

[31]
S=$5A0A578620CA
W=-$8530986922BE8F55AF5E9D8548470C5FA0B6C0EA123E41690E0D026D171B94B406C5B4C3FD3BB65CC842746D4B376C7C7BDBCD240F220CECD8FB4B94628E09567A2EA6A90A227A0AB2F885D492135CCA283E88326780747D215D8AFFBFAB13B7A9FF5DA41DD8FBFED0770B28CE4411AB60F20746F76F91880644175AC4EE11E4BD24C1C3EDBBC97406550F09647382B7B256F6
J=-$658F795988FC97200E26D139DDC84F22A5B0CD94AF144010289B71AFAA2138A9AF2A779AFF2C3D877E89AA6256D2274A878F492BFC3ADAF00349FCA803BA22CDCD66761B98D10F774F3BF53D86F3C4C81F1D4D94B51B72E22CA8F7C2AF2225D7EC07DA5B4E964368E33D09FD041D14264CC6AD60522E8F148DBC741035783BDEDB962B064BCD5787EA96E6CE66A21A0DDD989A0B2A1822CDFB3A8BCE9663EF58F43CB3201BA2B80FF4209959FE78C8B3191255B09036128F5614ACD337A0A9E232BD779778866B5BA107F38C5B31A2C33535E0DF573524D7CD1BF1B40FF4CA12DB77A0F6A0734B5270F1F49389060DA3BABA5188256F491E4379F299102382218885442D246BB11113B95F978AC3EBCCF6A33E9DA08BBBBD6FC94D23C107B52CB9A71C0D233
T=0

[32]
S=$41909C747
W=-$17C7D11C207FE9237428CA60AB9564A897126289BA88DC07166E262E3D726939B5A63B34B86D14CFDBF3BFE2F440F831FB51954529D3B64FCFBB4263D9C008EB82F0176C02823EDBAA33155709E9BE806D36E0F2317E2D8AD3F51BD2993FDD1A36463A5FE0C5383197006DE384B52572AD17B8BC28557E81205FB2B8B397DE8870394487011F49FB60C62AAC6A2D81F19
J=$514C664333090B5D344419083396112A3AB751EFC925E902E9C74D168D95086FCB9A7460A10D751F4179981A19BC9A75E8E79A42C0BE4EDCAD25B20B931BFAD9E7A30EE48F1ED7031ABD87875D8325D30B1FE5FACBB3BDAD653FCC409A94C5C1D6912AB87BAE72A768C097421B4862EA40A9CFB15D3855F6DBFEE3A91E1CA6B6D26CA965CD4E89BDB9FF45B23A58CEF9A032F2ABE3828BB2CEC5F37F8CCF9D099CC9516CA673EEE90C19A05DE4D68C06527E704DC8A24A924AA9B3C2E41C1C207101711255E78C6C462B1E65A842ECFE2A104B81EB399E271533782999043C7C82B69769321AD7C34B04B97DCC009D0A0E468810D013E4BE6A0804354D6E6ED49E2AEC64AF9F6EFBAA85A01B083E30D1F22FDC9F9178B5C9CF1C716244764913
T=0

[33]
S=$34E
W=-$D3AC927C1AE3CD065DDC202EB4E36F991DAF2FE465DEEC77F8CC10BCD35E43E8AA9C3AE5B443288BF6F48869EB96878D3EA86925D5BD9F6CE174FF5E132529D8DE9F8BBC0DCC06FAE4046B312EAC52D61874EA5D5407001C9E399B342162CBD18A90CD4F9650C181B10261706702FCCB1ABE32BE14466AE49136CD18AF01409D678C2A207836B1F673BFC1217F7A
J=$45D366172E5D25FAD6DECB59AD9433D5795AC110B8582A6F68F8D3ED0436A262505A67B3D3605C2D2D37F53F73BB3D6AA84D21ACD426943906D7EF87C179721409CC9DE95452A5D2ACBC92D4DA3526523B9A8CAB0D5FA1DFEEE0E5042D3A0CC7A6EE9A4E85439BA1207282152DCB823E1340524CC67A104246C8E407B3129F8A06F12D19F8CED14514BC9E0471B2789D962425106D12781921684B1E08FD777C93A117448C022953DF46D4004E3574D321A8DB77CD5A993875D9BE94D439B8DC4E637653E620642FB6D199E36370B2403DDA0DE7E066484EECB04CB0C213FD7665F1589C5780BE545D25DA896E42C839803291950FC8BA90AE25214C1A3810C9685A4DC0C3A74F31B5AAA3B9945EC096B3E35F2D72642183D117703
T=0

[34]
S=$D7DB42
W=$3078D07511E136786691800639B9085D07B0A4D65D3C851B639DC2C32853378FA912E23DC3EE7D420F1F3E0DB2F62D5DFCD76CB9600BF4A3B23B11F1C331C306A8E416F62BD77670CB50CAEF0570679A1A0A0B155002C23B4005570A7932A4D57F59EF1280B36B7242332B3951ADC7B8B0C121C2475D4AA61B36D32FBD25449439D6BA7B975DA55C6234866152A
J=$63E8E53EE410046DAE6EB02597E256C8892230FFEA3E27204420C5ACF703B0494CFE1ED3EF4435F9B3F50A92CCB8E80BAB0158ACC94C2D41FDAA334D6E400747480E00CAE32AD1A0418914BFA7A49BEBED995D1EA0855D0C874F7DD55981DA2CB92C1CB8E126C224990B3DDD4754CC4FFAAE743F4A1381F4E964F2DF1B1BDB42AD083A7694C6A287705217675488FBE73596AE93A81D3FA0D4CFE0DFE88123D7BE82CA2D085240A97B6C23C2869487888D86509979FAA393D4C6FA59811D3545E096FC35CD70B208AAF8CF4238F043051D16173B1894BE5FADB79A449DD4AE2C8F5921B9CCAC3E16B88C99CDDAA87C82819F316DFBB83BFCC21CF6EDA5D46E019EF29B30B69F64A4A68C2E5F340576D552B4000797A9E772EE943
T=$4

[35]
S=$499F3F
W=-$7A3C2517589725A71877A39A65E20CF6314B20A6FE82C83CC61793EC99339DAC51697EE7E4014D615D347D13D5AF931A74D219EDC297D9740EBF6C924BE6B1AAE1E0EA852040634F9C00F08F888D5929BB0BDC21D02DE70A8797615F68B388F628B166DA649812568E8DA4ED268EAA4F158B90177619F0F3D8EF97EAE4F2B7142E476B9A2B9986E34BC14D51
J=$775660CDF4DA3706291A873C4C5E6EDDFC2BA9692EDD904BC408C399C67F26E1F46C2D5C5649144F724A235C30DDA1E7168F27B13F4CC8805AAFBD84E8AC11586235E809DF0AD01D17AD16175DE3A00C4E02D5BAEFC9EB233D06899D41EB4081957E5F329028767DCEE4E345444313FEE001E96C7741485840F467E4FDDE3DFB77D72D145B2755DBBC83136913885039292F86F70862E03C14822D3F5B1E29DFA41FC63D9F25DF3815AEB24FDFB78310DE44EF65252469CDA7A6E12C7A7C5D6E8A6E4F098EEB7D9D5AE3BAA28F1A7E55EBAF84D208AFF2D3263A446D85E3027C8547006971CAF7AD73DFCD3B644ECE06D7D350AC8E47E790E029810C967C6CEA8DADACC274036D9FD553EE580C8961BA96F1365C8250026
T=0

[36]
S=$19E89F92
W=-$AD937658613030D48AC4547F67ED26302DF0D1783D3BC22180A2F404FF871D2ECD462EA09C16B0AB77BDA4DF5A2DF8BE6ECFBE57F9ED45F6A23EB8157217C116AC58CA13DF19CE7F78718EA13140071DD129C0D716F0332F670D05244D0844A0ABC4B4309482198F8ECD206587314E5457A33902690CE2A1AA8098ED27138EE64EAA34F153216161B4358
A=-$4F6B8A4F9ABF790E35C8AED23A1846A76D112F75DF1805F8F5D8C6756EEA9628268E67FAF0C93DBBBD6F6B277749512B9D9EE7A81BE295C8DAB09F21325F27E851FDB2F9430861BFA3666BFCD74505D129341DC022C445E161C668CC1A8CDB20C3758E6CA1DA62EA649773D24A34E2649B7F052AD2D7A0B349AE0F97A1EB5861361D16C3CF52AD5F0E6674987DBEA8F3B5E6EF4D6C547D08A3B9AAA72FE46A0C219D417CEE65A3C3A2E875D857C38DDC49B0731E189F5F9FD384DCADD9E6B6BB00777A4CAD616D02A844582BC897B4C0696D8B73B941569DA448AB4F6F04F666D8249D554DFE216F1632398D81E6566E8CEA7E45B55F7F36BD49CB60CC17D5458C5856C439B35FEDE204CAD310A32D7B1FA225F32
B=0
T=$2

[37]
S=$4B1C0F8
W=$1FFE3C046859CCB2E167129E4828291612E14E321C0986F70DC48053AE627CD614220E781547072BB2324A31EE1C230DA9784FA76504B3DB3F2666E4DAC1CDD245E59AC098B9B486EB113C823E671C09E336B7D630D2A6409C5685A34AC8A197CE07200B99AFDDCBED7EE10CC2C8AF10F1EDB944EEC7013097E110DDE118316B8AA7E414031482B6AE
J=-$2863B645AA3F92584EBE7D76A6031A006075CA94798E3D53B1533092B1EA0F698C8D88E546F6BB82C76CF0B1F53FA0A264CE794AF7631AE0651E968036B78172F0152669F2129DAB1DC4B0AA529C5F14F53A12ECE809EFAB7D7543E4ABA1F7A9EB332DB5D8537835247B0F08A925A9074BE2B483BC88BBCBEA468A736DD36CB3D4368E69E62D28E0CE7739600B140AF80B3A12152E75E1DFACA6B4028A158AF1148773FC5697B7E52BDC12215BC53D2D19252B39DC4648CAB9CFA19882ED0701E4D560C5EF11F2C188C7CC53547560E07CC811E80912C9ADD70DFB17002B7B6851A4060852673AB191792E45EC82EDBC83214C93A2BBBB9678000A5491A49AA2D093998CB580B8EC376E0BC4C399CC4C7C
T=$3

[38]
S=$1C52A62
W=-$12CC41E93C5F38D1DB0F623482701FD0720780CFC3EAE3E6F8D8F931148C3786E2B72C0761121E4BE2D15E5D458FBAE56E5EACF0A82CB5CACB9E781277B79F3742DC6AE89BF9985CD020FBA133439C81C79B719C5C5EE961024F809A11EE11EBBFF1A7C4EBAA93BA9F8CD846A72E4CD79DF0D623D0834D322F90610230D2D213CB975509D8FF6AE
J=-$1112663F57C02A6F0D2117F631864FF336F18ADF51BDE24B5D926CC8680A11162B35C3B316021FBF266B58D3045CBCBA55DD5BAE682E44B5DD4B98D3D5E42C2A488BED25B0751246BBAEBB23352E4DCEA194F4279E0A7FA2F3036CC9FD122C8A871BAFA71328AE3833D2455DB6E23E8D2CF2BD50B2671F786A248ED38322D1EA743125D361E5848A5B2023709A2BD4597B3AC533B9D5F1FD10BDC3AC8A7D54A4131E6E290E108A12266DD82055A6CDF0B4844AFAF0C1A435BCF48A827566FF4445865AEF35634DC89C927717F6E5B75F069877968AA3EC0C1CC64BD4574C6DDC3BAD24BEDD019BAE1984A9E845E1D7D494209D48B7F17F0B706C2B12404E90924D0ECC50EA000B8920E260689044
T=$1

[39]
S=$232F8317
W=$D707C5A46BC2A0628D82891FCFAF3A03256B49B3B848F965FE56FE78DC0E6C1201FEBE17E77C497FFDF4076440F922708776D3F52F920881B347283DD7A6502A8061D4DC162CF40CF139E9FBE09D34B663D764E70122FC9B5F3CA132BF84147BC3B9503427AC4E7142FCE11EEE535E1C58CBA2B8877F4058806EC0C04AEED1782C8DEBF2279
A=-$D70
B=$12F5A
T=0

[40]
S=$2F6F1DAA2A
W=$2D958F822688803EAB4C7CE1C10C09DD347023DC54BE32219DAEE1D1F48405E809CB3668DACCA69C65C88B67451F1E06A2BC77C11E197FA233C611C639FA33F738AAD323088668F1A60B537FAFD59D367F67B34BB310E623CBF292F3A0217154C5BF28C13868360A22D6DFB56F8BC077D1F6638A72C1AE05D3B39014E0C2869260901052
J=-$2A89FB9ECEB1B231F412F1BDC2B2C994FC4897DD3D5C921AD3F2BE39A35FCFDA0DD998402021FE745EAECE6F4650246CE016BFF1324D9127B0C3F17C3466319EEE3CCBF20261B3C420D034172C5AFB44FD7AC00C3C1FAE6B84F1DA1FC8AD7D2A36476CB583B849B11FB39A5844A24A06D6994B39DBA61F2C99FEEBD3C2CD889E545285BD980A3510ACAE0BB95AC1F815DD0511BFEE9D6DD0AE2C44AEA9F64ECAF49B287E80D481574B7ED73064013C99E7BB85D023B573A38F31DA122D72C40FDA3E4735AAE00362EDD47E2B10FC55A4A5181BDAD55F14E640364467FC5E2E7B63942B70728A4A9E51C7692231EF1AE03415FC7F1553E8947E548F9324F14877A37B323DBE53B0
T=0

[41]
S=$165AE69EBD98
W=-$66E90A76327853DF588DD900131B46EBBFD29896C2B13944F7D8B3EEBA3BE2AD4CB4BF6B175F9EC6D4247783E69CE6D934B50956DAE00BE04132AD2DA1AB09B282676DC87EF80B6091EA3CBD66352BAA16BDD6D81B3EEE4291CF524689A0E31BC887E6D52A8302948FC26E8B8D04281A84C3468D07B51A66E478CD18CB8F321C416
J=$B62132623B3D24165C7E05485EFE3DD1D2113FAA48DDB8E85B74C7F95243FC2C2D68C8035AD2797AD8DADDA5043E4133A999B4BA3C6A9FC193AD2A69D0E506FEE61DFDED772A0345EDA66A322E775775DC65991C8CFE2D7EF25B640C16A457C960789497D88941AA6894596776786063A34ACF3FCC28FAE4AC9F36D22AA6C40FF5B96472287E1E83DF98264010FF6E83F63D4E6A706F56AC05F4BA7176DD5A6D6D9BF0074BB63E0552080EC3576285D1771B3A6714DC50E59F845E16C24F4BAFF159E9F6395951C645DD3DF52D4A8A8329E0322C6178AF162C9EE4208859384D31FC434686613B147DFCDD60808E00814B437EA8AF9FCD87A797CFE3799F1112CBEA
T=$3

[42]
S=$55D48D5C5A31C
W=$8D4CAEBC4C0BB9A670AC401C686C15BEFB6A71A325C1D28DF965FAB3E71268AB6E3EA1ECEC48F881ED9D710A961272688ECC8E965473A334357E64F53B96CFFE442646A5058DE8B81F973426CA0870D34DE1A301CF96BB0B44167EF150D4CA06F70908DFF3BC5185CD2200FAE21907FE9BDE0771DC6DF93266DB24AF2684C
J=$292C0DF4B3C1DDE093BD0AF0A8F01C4A626E4B46A9C04A1310CD49A58351FCF8126858A8B2DDD6B267E80A9620F296448E51A847CE3878EA2877C4742B44FA3D6C95C0CF0BE204038FC0A8E9F82A6E791FE5C2EEF8689A4E2D90787AD3D8DC9CC370659D772D9DC68252BF2BABB20AF859F5A0EA9702D335ACD08915F822F7BD5C3E847FDAD49A689BB3A08A1CAB2F2DCC700CB5E5C4241224C1EA8044C22FF3380A8FF323493C916BFE65AAEE34C5DD7E3388EED18C52033E0FD7C15DFEC3961FD30B689ABDB71CA77AD1D23EB69F8002E9BCD8A206863C23100BC8947B8044E445429DF3DC26E05B0809807A0A0122CA1EF194747A9A33434A0B4211
T=$4

[43]
S=$258C23AE
W=-$9A9BC044B620B5837169EBE895472309F97E56EB6092F7111100FAB58D3DF20E26E9119CEB4BF5B6E73052BD0E34887E69F6F887E57A483AEB3202E649986B11F3667C022297155914DD6286BAB330A237401D728A5A095C28BEFC8BDB338C541E690802964C2BE22AB2BEC555B66B7A95FACB6F4D842E9E37E97C8
J=-$58B65A738C982CC69DF6281C4DB0D90060ABBCF147EA246BD28B104B83AAB9EE70C3AD4194B5E7DE1CCED33A9C24EA52AF35544F6008F70A7C9DA346251C5219473E42CBD284F60F2B8D84B8B1FD75490D7BAFD09FC163FFE8E9181869C55B69BF09D56554FFC9EE53ED75A97440DD95D40EE5E094CCDDB266FE1274B096B0C2EDC80CF68E6739DBA817A47A9C6CDD8AFFB1E0A259B8E89F7A72F1862516369FD953FB0664E5AA2B2F22B0694992948D20CF49DCC64BFEB745F3B3A69059A3EAD95DB7CA84825ABCD40A815B37E029AB1038261CB4F35DCA4B3976A8D5ECD4746367FDB3D51F6A749B9CBC301A25EA4B242D0D5AC49BF
T=0

[44]
S=$2B9D6
W=$D3641F7FDD06C0A44B8606F1B038A070FDAD4A38DD09EA0EE2D9BDB5A1ADF033DED51CAED09D68C13F82837FFEB5F05E89D84D9EFA0E0E90E1176004F89CBBCE714592E3AD7FF738A2EB57288B56CF15F5CBB54BA19E246100689E62B3D393254D8FE2E95F3400A368DE67B40B904844D36685F1568E55E32DA
J=$4E8BD68181DC91F74CBA3532C8FC7AEFB632B59A32D17E11ABCCE31435B2B639EB7266E093DC59D9773A58D567FB4A4AD015967D2CBFCFEE536A21B71C87C4A7EC066F765E4B7CC556BF3FD1C9C0D6384F4E9EBF78E39D963518638700326FB144684E0386E10AD31D38C6190169FA78945D3A23DB4AD99E7040C8F96AF2C66B97A90860BA455317A96C9A611801E6E094B497CF2B97B85B67D317425766E2BB62B7534AB74F85F8B924E86A510B05BA04765A65C2428E08D4495A89514EBCCBF903DF13314CB3143A5BF6FDAAA5E4EA455361A870FFA9159D33613081BBFFEE35322ECFB0356BFBE03AFBD42ED1C5CA9A0441
T=$1

[45]
S=$1F34F81A0C
W=$3654B23F19329557BAEDCB55AF3A622F5B2FB948A2A2D296CCBB79745DB104B9BD7B64459F0F412A8E6F1AA174AB7B40DF768D01758D6FEC4CD0222AF1800D556122BEB6977DF328FB9902F319A3CCC75F5EFE9E86CAF6C9A95FDCA79DDC809C274BF8717039AC23DF0982182A7F332C63EFE5E16F267EB3C
J=$15A5AA2072C0FF4F2915DCA24C0E4FBA90E149721B26C08247361D60B2830AB4C1C724CE25057E5056E74FE6FDCDD2202BDFB1234D81AECA1346275B27C9C3EE6F5364852A956F4337EB117EE962F17691D2AC2F31B3FA18B48FEBF43BC05D3FA274D95D97AF5E575BD55980324F668520D22B14A6CC6BC21BFFF0EA9B2C29072226CEE78FAD003045758B6CF9718EE2B4E66C89E332E44E2B74AC6D26270812198E84E8A5DD344B4D12FE1F87D27F000C5BFACEF169A626F9A1828B11B129CE4BC7ACE7E4C810E0B36340C0D9086411EB361BA0E24326944C5FB09E41513E98E8E60229AF87FF350C6BCD9B50EDF8DDE3
T=0

[46]
S=$2B902CDD
W=-$43D64CB0A622AAC92A6A9AC8BE63CED984D9D5F6E2C84193207B64D561A0C30A3B5E5D6E5DB75DF1D35964C6B46CE15F8EB3C4EE912FD10579516BE78A164DFCE1472867FE864BA911245A48CB1980A9C0130B62084AA3A6B5F2ED9E7C150FEC6C610122A9A149F1546D3F233FBE0B9A2B998D2B00EF
J=$923657959AF1A170FE9C191F0394DA538D093F6E72AFC60DC8C32A7CF975B61E3E352000CBACECA84F02D2F57653DD1606FA54446E341D699AD4CDACF66ED87FF6B939A8CE621D5C9C113B402CD342955886EAA0DC5F7DA890B854F663B3341D89BA3570F27E9C139CED5AEF1B07DA350AA409F134708A91D61842221F33D33BB64BED1438356E44E2FC11EEC05F91ED04CF1E8C93950C839BEB0CA5A664FA9301D30A0CEE41B32725BCCB715E4D00996E82167523796A2C0E9F2CBAB6F5D9B3355832E45DB07B636E80A413BFE3D6F11B5AE2D29FEBFF5B50D6436DE00EF179127AA6ACCF19DB30A3B81604
T=0

[47]
S=$41CA745
W=-$6847EDCDF4888CC37AC62B6AE46D6FC21112DA73CD017B8752E0AEFB130C44883675A3FD9E52565DE306937C00301C662B362BC41C5B3929F012191CC92ED3E9F137910C67AB0209205823E372C1A39284CA3DFD87B1D335899614C4C039B1D3AB2F45FCE023A5B611FC389A27569A8E0A2922427
A=0
B=$11
T=$1

[48]
S=$12C449568
W=-$8DE317E035F87BA995C192611602DDDC3A44F858D3964C64A462A2E8DC01DBC63A0A6808329365D6AFB9489AC2961EE026F5D74FB80F442AB4CDFC4C2E46CA8660A27827D87BDFEFD3493F591A493570CBAC2FC353CFF9F72A79D91AF858BAFA2A44BC4B5A0974FEC5C741FE5A9ACE1F5E8B2
J=-$F3B01D36D4F89A19A133CB4A44EB414060F4FD89F274F7160B1C7D62F21844EF79142FB649D1C689640CA898879D1649C0244B067CB35D8DD0499B74AE7A3B312FB0270CD59A5BE2485B00D90FB3A182982A3071EA0B19BEA8A947F4886747DEF99A6388C99D68239A253AC764E1C9F58FA0E1B8B6F2708D5BE2B3934C6A7C8477E1D679FD4977420F041B0E5E4D6BB7433BF3095B49BA3FBADBC0E6498EB2816C1D3615B7A16B493E20B06ADDEC6034B9895DC47DE16B6B61A3993E07333E1E7E64EB43B0D6AEC29D773DDB03F986F22E4F7F112E663CAA57A09879C5A91F2EAA5DA981D7
T=0

[49]
S=$6B9DA
W=-$3014941BDEFED0F63298E0427F72A804498FE6A34D17DA268960D51C59B2D9582E4E84077E7B306FF16948A85A1157DAEAE0F6BE8A571B915A0FDEECB0D435B5C30481BFB5D4F8E2F8202E5F68A7C05539D92CEFCC8DD7102A8BBC772A603129C69CE39284668355E2843AA41DA6F166E6
J=-$E4B041D676C69EA7B016CE169C05675FC99B275CAD61CBFB63DC63D50A19A5D0650781E8954EBA4CC37969DA2D6FFCF15CD0E032AAF393948668FF63393A2F349B91A8ED2B5583054EB6B7E3F4E9AE2F6E9DF0DDE34E0C7C12FF62D40E301A36C56171D022C86D65470D0E91591648834D39A9A79A8C537B7FAAC5B1967E3000EF0CBF3FD9F8316CC1738975D88A26FB6CE6F0EAE92D25909B928D9DE419A18FD153AD36F6633096960AD700CF5CBE55A1ECB934C7955E0481D298F4246A064A2A7110C877DCA342F40EF0BA6B8C4A5B923A9A2A5C6FC8275FDE22517B278F4FE9
T=0

[50]
S=$DAECA
W=-$1223BD63E20680A039A552F2DFBC85901291F272C9C71FE462CF095FBCA981BD143D3D99B77AD817030901F5D3F7F825935C9C734B2B5383D461970DA299F2E3B805B54797E34C5E4310F2AA57EB5BFB99ADAECC1C86379A1271BB4DFC8ED731614C4539D9B7EE8FBC2F997666C0D61A
J=-$2740BFB4996E38DBFFB9E06B64A72A45EE5E25A9A677B988E0ABF5C79DE76BDAF8C8BF1A138B2E977016340D83E26E73F8CE75E57DAE1E48D81428A059F2552A77B0E3A7E75AF2D7A6E00AF0D1159B729D5D7CAC95AF7F74782B52EAEEEEE8BBE93741156D1668A6DB0F8AE0CA782C3E7CC6B9C94E10FF04B96D034D3A9B87AAFD46DB4119C1C58446981637E1ACA1A6D8FD176B13647C569C4B91300D098226096CBB63C3D2F6804D58A0468E1043E0584140C234BFC8F66F6320714512DAE4B7EE726F9E770FEBD136FE524CA510F71F896A4274FC1E604211C45136595F
T=0

[51]
S=$4F46E2
Q=$C

[52]
S=$C636
Q=$2

[53]
S=$895C30DC5FD4
B=$2

[54]
S=$9D8C4DA
W=-$187802E7A0F412C9CDB57E2E42E53B0058094D1671109173171046801A49A6985E7374F5BFDC60649F110E83170EBDAA2DB0D508A1B0F1A6DF3A86C2AC6E4AAC7290DDC554E7C060608169F1FB73B13CDA21D4C2FA396FEAC549C5388807C9DD36989ACC3B1BE12CB8
J=-$2989E58C97A841A663394EBDD578E0CD246BAA1E57AD254D8207164F90AD54767150E3F2D0B24D03D9CEC855D6E059F72225829BE02CC5966CE6994411D29CFA86612B5A3489A7C58E2B41851C76DA576A00B60091267E3B21E4DB39DC18B6AC9DF2279A30A92D7B2F769158131C7E99EA740EE13A4865A851E4A77499D63D55045735F0675CC8B30961E33F26FF76CC93A29C81C5FD98C923984082B05589AF8134F7F2F0C8A61E1ACA7DE31D793957CF8582D205F7FF89770E599962BF2E38984E1FE1F31B869C5740E2A28120C4A2A01
T=$3

[55]
S=$6CC3A
W=$601496B1BF563A35B6070377FB179FE9AA45C18CE2C47FD5F042D1163875DA61AEA22E5A69CBD97CD0995EA31A142DD40724E939B5B5CE317293A8AD1B43E5A620FF824AD46709FCBF948E5CBA1A8E2411FB6080A14714E1BD367D08356AE784FFA19722E32D5E
J=-$22EB687D96757B4248A885B0BFCC93D929450312A6AF4AC3ABDDF8CE7337405628FD381B30917582FFF569998214419F875525A0026BD3FC261F0802412567B28714661B6C43EF8B8CA7F02E9BC8E6F247BF677C7798F400A736B8FBB98C3D05802626537A5B0270DF7A49C0991E7DD1A11D94CEADF890407A3399A6F36799A711A670B68A142AA719F066E359833040B319509DF6D05212899DADA8DADFD3D5692FBB46D23E4A95331F60CF1EE2D3277BC05664F1C79646E1AD965848B403723C6592AB3E884171231CE3DBAB1A
T=$1

[56]
S=$C9930
W=$19D069770AB1A69159A1E305C0C44F2C06D2374BCB5A928FBDA96C6C821AAA631443FCF20AE3D35B62CDFBDC24BF7E613FDC36C5162F4A91E4698DC9969724D6F0B0F17000D392FD1EF4DD73D0E589E05F733A934D7F5473AA65F9A6F17C93B8FA3EF2A7826D2
J=$7759948B0E18290B130DA8C3E61EA63A7D119DE4BF7DB0AC54E0F5D8DBEF8AC1ECE440A1E7ACF1DBA5F81AC0E9EE3AD01D574C5F49A2E512CF70F8BD14D09A7C6F6129207BE8851F53C2E97791D7C8E996F89B6FA705E51F6F9D31E86F62025DBEC4B4F146252DE2E352F69A6FEA3E95BC2B51541D41B1B0E8F2DC3750368F91F24DC95D484F47014C783AABCB7B92B4C9DACDB64CA7A65088403C5F5A64C4B0416DEA072534C3B385AC8AAD8CDB3AB7A24ABFA6DB1A22DCDB3248ADF36A7FC4E571AC9E65AA06A6C0AE9F9
T=0

[57]
S=$15321BE59C
W=-$3ABB1FD5D892D7E16F767BED6847E69D6EFAFE5C9434D2C2B7E61CE9CE272FDE7176006BEBD7E0E3A303190A265A942707362728C86A530B0C5ED711AE4B1779B10CB62113452339C8DE9E7869D453911E1112E01D7AE9D09A7C77F2EAD04C8882DD26086C
J=$60757C845CB6BCBE5BAE622136BA9A1F2C463FC5EC7BC42B64E5664E80CF75ADB64EA9BC9364D934BBD6B369206483E284B157CDE71983A797216276CA2AB77A75938D3EC78FFAFCB2ABD40B1A59A501FD3CF26F5D934839BA6B166EDC59A8A1C880AD1FA3ECADB188AD6EA40CDC3E0B5408F4CFBC1133D14F6A92C88DA92BA492BE55E7D10B3428BE250435AC6CB64616F85A36111A83F542D7B54A322CB20431EC222E0C5AFB0F8DDCF50EBE2A49CAD962FD16F459D81AF8188120EE46BC19C2FBA3702C3B532AE2C
T=$7

[58]
S=$141FD9
W=-$12C5639879F92BFBAF05DAFEF28DAA6EF22AEFFD04106CBC7E4F5C344191BDC76095CB6BCCE42D4607DCB7B5C3F1EF27B97B4EF4FEAED9D3245A5E48030E6101AB49DDE256A2421E2E9750219854D8E5C155ABF651A12CA232D9B5176A4E6643D6033D
J=-$2A9FF35C9309A2820C3174EB3F5183F4EDE54BEC7BBAFC3F44BCD594993D0CB3982CDD03F2BDAEA5A56786E66EA5A10866D970D6BA8D20A9B425E96C77F8EADCD44D12CA4B253BEE877721C6A637F5303774A929B7A140361D5F512FA830FA9986982EF6D2F75E96DBC31336AA0E7F43DF9782E9AABD4D9846FAF869CB85A0D54D811F4777D3C6324F46F7DB27D98AD2ECFD05FD2B7827E55947126660F47F9C22600BBFE71928AC213FD15D3E3A48A902DF7FEC1A7A330DECBADE51BAEDB11F5D12E661BA
T=0

[59]
S=$1DDAB8
W=-$5FFA13EC60149DF6766CC89D5F54057C7EC256A18B1C460ACCFB10603761353BE804D986008DEDBDB8140076807A69AD5FBA72AF4E9DB622645D7102B219E58E62A2A6E629D0225E24DFCB23F2D98767162C455C3C589DA56F0A61ED8F8F9BF9036
J=$3AF696E2E066D2ACADEE832F3F3592F261678FD04116ED38043F366C75AD9A6906094E35B75501964AC5592F9053A94BA4B04687275458779A139E9A34853236D9CB4BAF07F13E045E73A2EF423ABEB3A163C3A1BD0E54B1DCB78844A5F68AACAEEBB023014E7A9DCF0DAF881C45D44F5005F7971D66B1E5A45EDD103F96906A640C5051CB6D3CE7209C522819EF08FA8F7A67A5447D8BC078D4624299BD481B0D1CEC8C5DF11FEB0F1969502E7B84E749B94104195425255757DA7B80BAD5ED87AAA
T=0

[60]
S=$156CF0
W=-$AE2F871B3D8DC480DAD52A044783C0C2CC0094EB30F68C89ED461457CE9E4EBA4E36C4053582987824548CD223E065F2B564BF83253303A000F1034C2B2129D6235E6F97A45796116251D96494DCD67BB1A6E3A0687260BED74A2FE943E8F6E6
J=$17BBD941EA63112E095AF2835D076A6A50694943371C74229A99247AC96747A7760AB46D0BBC47855587FC92EE536950E16191D297B7C46C2886E34F539E3C0206EBA0E75944AD6BFA6A16E3C4FCF87D11B19B84A3141EAD96502B2CB9AA192AEDDF38E01FF42EFFD27013E1DBA0C5669EA9EAC7F66A5D53AA21E44FEB5AFF22C1A3B862C39199BF02186D39B53C9D5C094FD7FB209ECAE540D55466789DF148251896102E35F8B92274DEFD4AECD2269EE6D5850D9686F780CEA7526B7AAD8C
T=0

[61]
S=$6
W=-$315F63F9DBCC2241792DB0FA98ECDE26814EDBF2801630DCDD04C3EFA621980B5CB0A7148D4B2F268F50785A4BB3D92157E6336CCA4130F2B3189DB86E164E8A7758BBDCEBE0951F4A8D5B8F0A03B215C3B9033E568D6C2D7B83506B73E57A
J=-$B3B8711FFA738A7B41E1DE519B6A3FE4DC9575C795ED77950B3A1F109DAB985D07080FD7E01C5C07003EE4D70C77F2CC66E4197AAC3609451D9D79D10760BC02DC38CB1143C1F977B7E64484962783F228E0904AEF363642E742C784AA7DAD03F09F3FEA3EE3D5E8D5C7483C74E23D0ED2477EB26F00A0B191A2CB03EEA215D3EBEC42328E22603BC653B25FF80529DD6D67B37ADCA7FFA9964C15E6D12C917A4F833ED49B20E36A039014940F14BBABEFEC930E310AAB89686AE06C69
T=$3

[62]
S=$1D0A9E
W=-$E42B1D57D86A011CBDA800091DB2463EEFD53B963BE6E42CCA21A5A6E7895C2CFE6102E08CECE4DB093774216A3FFBD3CDDAE7D378670B16107A1A7CDC5FC8ACA0C526B922C59B3F53E006A2EE18F382BC67B6D06038DEA1D02909B3D41DA
J=$2E2BAE86214A08A1EDBBF322020A124DFB7063D5011F3412E961F9D9974A9DB715A5BE2E85A4CFEEBA3BEEF9E17E15FB801BC46B917091935123E114BD2B8789D5677066943AA6994229734BFDB08027D2C9081E628BF287AAAAE0919435CFC45388194864FA1ED3414E7BA66FBB8AF04D03E38A70878C0D6FD6426189D53EC9EAF8EF51A534A16939F64961877A33145B4345B28F5DC5F544B80EE4B2FF829ABF6B489A6E8892AFD5EA3D5E6DF46B9831BBA8BF46E6261443314C6208
T=0

[63]
S=$63BD873C078E3
W=-$3C8A9C8C9B17ED5E3A8243F6C5D716EE0D4392E27648F9E37F4B3A5E77C4BEC56558193EB7C4E3496A8532759C812BA63B3F03372680C453F82593F577DD32055285845FC8CE7615E57E9F0B7B129C394CEBCC9A6DE481D2EC642D00097
J=-$2A380DB518F9B83BC2F1E812090004767EC1E610C8238660B782D933E6DBA34D590250C4E5EB4C4D95DB7E65B5A354CE563BF3CECB73BC7E89DFD8423F70ECF5761241953BB4E939E32BCEA316915DB442952FB4D0CBAA0756D3B81984BFFB5E0DB295CE2C32B55AAB9D13BF6AA5A0246B44AFE9F7AE6AC229667B0321D1B4121DCCC6FE7698843CC5F2709676FCE9830FD1433E5A0953A6BE03FD723EBF0FE8BCE688DA81740621AB0B6180CFD50588075813C141BA2853D9C7B
T=$3

[64]
S=$4E88281
W=$1A050A8BB0388BD67519FDD333B5FB7053A7CC19956A41ACD5F80005BA3C97529D5925BBDFB57B5CBDFE365FF7FFCD4C170B68DB3E2274A2A572834B7259E4DEC84EE86645AB5619B55A11B94C228291DE2F97D5CB46E13C0E21B
J=-$65489457530AD46D019FC9D09D5BD8BD46104EC4B4D79B4A3A12EC52FA1651387596F93B2DC135EA1951DADE8A3F3139A6B6A1E235B671B4BB556BBCDABE62922750D2612297B0BBF8FF2390658F230D162E287459E141EAFC8061E834F9CBB0844AE5C72ADD91BDB3674BC0BF1177BAAD0A65C84EF4DCFD34D33A8BD4C07F6B39C688FEF2931A0D7ED725B493708872C76CA53CD049E20CD849FC620A2A911B4A952E5EDB6E77EAF8E86696DC9F283484A20025
T=$1

[65]
S=$71D4D6FE
W=$14EA57D519BB86712ED5452E541042CC4694DC35D2F6A5522BB50E8B6E6E7E0F278356AEA27C0D6EBAC6B44F9B0BC288DA6B603DF931BAAE8E38F4648584782C75F9074DD76DE80C61FE13587565BF440A5BD5372821CF9B6
J=-$1025E3FF958633AC3FA347B07FF50D11FBF9E34E08A586FA5E9D775750E215271E4469F04AF0002AE15057844838C68079C6815D03E8E460D28649AF9B6EB859C8116888B14D2834C1988A884DBF7155B949363A77906F6C4D373705E52AEBF68A6DF4BE74D015A4F8FE5CD50FACB829C4E29FD3C35755F46028D7C0AC83A2A2B2FB37D3A7D54103FA7A5EF3624B33361A3BD208277207D44EEFF9853DF0756930801318C48904184BC6C8CE7BF3D93911
T=0

[66]
S=$A514E8
W=$13C798908E42C5BA5D799B52F623CB7507397615DA44084EAD8A80FAA1933C1CB91E748F9D71BE56010CD2402C5DDC2D13DD230B0159653449F2F125F3C00A00782ED44DF9C787C461FBC976827A754F2D454B022D8756
J=-$750E6AC651EDF33AA1A99DA5CC08830025761FA5DC6E04A6E750C23FF18EC0CD2CB4D1F13FB384A4694CDB5761EFBD5D2ECECDB838D2626A961DE76DF748CCB65906C18DD5F3FFB067CBA0775395B3B76D7F70758D575DBBD58843D0749AF1FDF5EB28EA2A798AAC107909BDF82BB937E087CAA98CD0CDF6CC27C5A4A8A06134E516B01B15E1D1C776AE066290FD829FDD360D93DC4271D6630F6EA6105E1F3E5AD2D6053A079F9E9027F9FB7
T=0

[67]
S=$170D624
W=$12257113F922BA39C78E2201D397E3EEB7338DBCBEF88A71CF18D382DC37DDCD01F264DC7F98AA3DD6A6D5C82E5626F364588A9D6425EA412BB41E4CD14FAC57DDD1B5D8840C0F771A7A165C54B93FEA6008DD6510
J=$1FD7C1ADF987BB0934B8341B1F7701042BABF4E138FCD5A302A2FFC1E6BCA11F87AC46CCEDC59105A56E49F7EB9BAD994352758C9EC0E409876F73350E5187D2F71B8CB50B08BFB7AE63784621F7E8F7C32C427FDA2BFA08E21EF677906B55B5D203205AD8391F69FAF9C4C5FFEDD02A75D1564F52AB98A074B5BFC77F56ED7EA4DB0F4ED68F3176FCFD08DEACD3E28119657049254AE9240ABFE0F5B8C43613E70CAC257DE7D15DC4F0
T=$1

[68]
S=$F4750
W=$2E43A9BE8AB7E770499298914EA17C624378E57064B4C88C323EF9FE19BFE9CB686C98507AD02618B9A8EC19EB5F7A060D1EFE971ECBAEB5DB7AA8DD930F538C500203C3B47FB508A2C9E94E2C5354ABCFD04FC
A=-$23
B=$62
T=$1

[69]
S=$3F93CE
W=$379DA735CE6C5277F2A4AE0FAD47DC79F7A41ABF1D2DDCF6AEBDEBE02AC4B2DAB58CA9F4009A7920BEB257CE74C3B58F43857639613BF9D151CFDC79C5653CE64CD65B9BF27CCB52037437C7E1AF0CBCBD274
J=$1638677C17A5F8DFFDBC3D04A68CCCD683186B2A52B4E9FF796EB15E2B84AF8A19A396C4ADF5CE4C7B6027D9B58864B5F00CEC610BE08727BF6EC78C617A38736B9B89A1B75E2467BFBE7320A92E1D2A83318230E5EC98E7F314261F7A49D966D104F2E6688F7BC5C6B396873F51EB3C6125E0B4A584BEC48250ADD0DC75179172A58750D1CF763884AC3D92F7F4EFA9FC9DFF08786E4093896F8CD78F3D00278897DC4F4
T=$2

[70]
S=$155362
W=$A2FCD9479A19AC112CC68D21F952866D19D91964673E10D0AD9A0917B64A28222F1F529EB0608A50FB5F59952D7AD79748B433B689FA34DF3FFE4596FBD56813A39E1B2730AE66014F6972EB3B24030676
J=-$556240859951F2BB6AF1B03D23AD47D753971E7AF7CEF20899C78DE509EB99CE34C972E1F25450480112D077B293731BCCAC57698EB1739780ADB8C8AEE9E2A40F51E154B3364DD70B90DEAA3EE7C252624DE328802BD46F2A2F7417CCD5330F2A2FD64D39F99E6C1671E6F6BD4CBC7C6E62F7B9AF356DDB23D3CBF1011C1D792D13A1938824C9D32A94806AFED39F65159E77230C7B9D2968E69D078AD7CA9B469
T=0

[71]
S=$16E84BCD
W=$20CE19C050CE72BE06B3EDD55EEF3C3DF4EF1FC5953D236F1FA183581331D28DA34C6C12308937A28DF45A3D4128AD73E55C1B0AF3CFD187809B8CB0C5708EBD426930687D8FC64AA703245DED5E1B3F
J=$A1B29D47295DA5C5944C2A84BF175AE707A2E78401E01974EB2E1C8444C90119E113A52695F172C3531EC3A684A37BA5620F6002F9CEE0ED49D8309533E4B8EB9917D00CFB3EDFD2E7F87BDF70835279BA2F45356F07FA968A3EA524C9A385B6DB7749D38238D4AAE2969AE1ACB892C11C5398856A6B726D92E3E3ADE3E2B81B3E166714FAD7E69426AEDF06BFED50163560B9B7EA0730EEF2F9E096AEABBE
T=0

[72]
S=$45A8E1F75520371008
W=$7A0C94B7A428DC092C47379E443785BAD79B84F2605910267EC31483B308564D78CC327AED66FD25EA5B3956046266F6587914C25BCAF5D0089A9CD24EF86D795718AECF14A90A3BEED7D574A43E
J=-$5630E4F3A3C9D1144302FC355275AC1F170657638DD537FCA1908B424EA317C5062394F53010BF1092990780CCF939A27F149E92609B3DFA948D54A7EC6475A667313B320B4A9DE833D25E6A1A1D178A9CB63EA7DB25DC0A6F07B4B24929F727C94072125AFECB9BDBE3A439F392EEDDDD26A76DC5FEF547F3E31BDD27D8B5DC0B516A442D3A03B7A3F25A4920B0EEAC28709D0D5A4DAF7CF808225
T=$3

[73]
S=$A555B8
W=$D1344B620B00AEE1B059571A3FC3910DB7FE8B5D57DE108C05A8E5A2F919D225BAE58D089A782C51542E087E66709E6CC76D0A97C9CEBB6BB19FA7F0E010C28531FCB21C79ABA4EB0FE
J=-$38945FC20403B9D15A1EAE18981D072D2BE9EC014F35CDF49D91B20B78BAE14FAFE6B5B90F9EA001CA14783852D2F69A6271F7E6838AA1ED525879C70668B48D6844FD010DE2599C5D90A2EDA55967D086F68FFF0B8EA5D94F8FDE9E8F41E46F042F36723FF7E000A25FE44BC7B89D9DB77EF1AD0C4FFA8762B3459AC0468BD5C6140EBA0CB946018B39E7D6337A703D6700D
T=$2

[74]
S=$3007B0
W=-$9B27C2C02FC7E54A39827BF73F73207922D73A1AEB0D2FEF3A6314B5E06D0D7B28AF40117E42DA94631791FA8129E3126F72BDB3B26DA21F40DDCE9DF17EE10BF26711873B059766
J=-$1F6ED5FBD18110623D15CEAFA0A2A88AA55636524ADB94B9297F41133CA54A2141A783AEC59B3D71741959E3ACF2013BBF4F07DED4C2079FBED8C423B323675EF53DFFF83C0A3E280BEAECF44EF2F5F1BFFB666A333053C6D1C423AF6C100A30A05F1A4E91E940AD4192847B91FB40F5E20B0D63A0D633E6F06AEFC4D966427C8D3262F7D4687DA6A2828651237B2F9
T=$1

[75]
S=$FA2DC
W=-$15E9F6A260A59CC812CFCDB9B43D466EBC60655736CA09CBD27753566137FA611ADC29E59F679EB9F3F0079ED8C0471F12E7CFED86D4CBD080EAD1C715047FB2C2F01C080C7578
J=$6A93A6B411B140E1F6E0A44CB635C7B701DD9C30E47A0CAD2537FEC3B881FF867891A1697187445E1DDEFD099A8644C9DA889B496028252D03324B3CCC73E568D4B97056D63666025A220ACA8418694E01A0F84933EFC0E02A8DA2CC691B10300973516D167C432CE4A6E66500F66EAB8CF8B6D5B2431DA6239EA259673C3F4602C66BCCEE6888924B49465824
T=0

[76]
S=$D0FCE
W=$82FD77E21C8A417E4D3FE6034109368AD8C81BDB153B9C13B26DDEB75E593948D56EDD479F3B19E46F8CF51AD9670F3F55FA88DED66F59D966D47909EA91B5754B94A343516
J=$C601EC268A70ABDAAA251252FF600E5BBC790232AEE912E117A4896B908285C7CFAE4B1F1FCF3A504817B11FEBF18D6BC39EBEF8BE5C37FAA5F695E89E1735A5D15FDD1D5F185E5EF9146EA9024E22AD6DCD4153B251096D35F45E55FE3FE9E243BF2A1FA22E262AEC3C100F3B78818737638267AD1829855231DEF38239A2196B9953249BC66E6BE8BEC
T=$3

[77]
S=$2E0B4
W=-$221527487A1B220F24AAEAAE662805A163D98C4DAE339602D39224FD673759BBD8958A78E4C1C156AC9C8CB899F9EBF5B115AE44ED4832D4F5170D7D4BF6345B8A89056A0
J=-$101809C18B7D411CF7F12439A164BAEDB8D690A4AF3B5B8ACD288570B52402EE101B5E72CA6AC968FBC0F516CE1E017D896F530E56B5ECEF750A48D8AEC1AC9B85FC834A593ED151EA0F623DC2E0C3E9BE3D59B27EDA123BD4B48B5D8E426A1A3465C88FCD5DFE05D29A6D49F836B4C10AA0C8CBE17B9DFC259924C20B76EABAB73B6BE2E30E72969
T=$4

[78]
S=$AA881
W=-$188A36A081FAB930A28D8352F4285836F6E26594CE321A53AFC2465449C312A9351811D95DD06B573E84BA8DF8B52E90DB606EFF41DE1DA927C0F796871719AFEC1E077
J=-$155CA454ED5D505C53170EB4C67A36E94FABCEF0456289C9C9147AA02D71E0D407E498C499AE4B38AB43077F72F74891E7DE446F9CD8F992BDB88D0A470C73ABAD9366FCF481CC91ACACACFCD0049D321D70AF0AC35B0E2C88B2B36342F426927F9051576ACD0EA0AD3E9482FE32547767013FBDA179803477C41FCD36ACC972C147A17EF5A8
T=0

[79]
S=$2B69AE
W=$6A8B2AACF551B66629DCD8D5DFDBABC40B596696ADFA2B45630FB58520D3A5BD3566CDEA4BC3EEE4263D23CDE5F61F65084BA6673DC466D7B06EC54A1EEE98D5BBDA
J=-$868970DE98A64C420E41B725445D91559E31BB57D062C69F671B8CC9882E591E3B2BA9581340AF19D7ACE616C0424B3E22F805C3CF6E12AE0024A9080D0616F8209B8DD39C409C18DA070E0A0EE1CC978D4972C2FD866B43A61254ECED47106E841562268B9B38C39E3CC2ADAE74853E30AA5E0C99EF301BD4B89D05968D4505920AF37
T=0

[80]
S=$2BD48CF
W=$4CDBF8EC2CE390CA4C21822C31FC986FE3A0DF1723D24461D7B99F1D5BA51CD9A1559628AB4212AD4546CA2F6D4623DA5D19A31CCA81F49FA7EDB865411636415
J=$2BFFA6E636C2475FF6D33C11A60E2E5204AE6920FCE158B42F7F3812429CC4E66CA2342468E4D8865AD85AB7E34073F162FFE1190DE9BB6EE8CBCF8AE40F5EDDEF069538C679AE1FCE9CE7281C5D6C7E8722B414FD286E2B56738610C1AA547FDF9824BAE8EDD45234A9EC642A5CC824041AF3EFEF3E118FDC7C869537C1D3DCC0
T=$2

[81]
S=$29BAB
W=$778F7B2595CCAE9F56A268CBBAF0B0E666BDE3CB8666D20161DFA20B843F61B27C5D508A8C01BDD77D49DA0B61180E9912D26DD206295099E130637BB8094F
A=-$D70
B=$12F5A
T=0

[82]
S=$13BD27
W=-$1903BE5BECCB707F8CBF888D5FE3D6EFB8572A9C389BE59000EFE1C2CCEAC077AFAF83D91D5FF80E2C6994ADE71B393CF1256E9E8D653C96F6C80B03AEA7
J=-$2A32118678D8BD571ED3504EF978EEB9B815C2A183C4D4D22E1F4A808EE214485459F8C1A3176FFAAC72B7ADB07C55CB37CD0DBC35A8301B51F6CC838E09B0A637864E701DEFEADE2A6BAB8FB97EA40C6EAE8B442C39CC1D913E179644825CEDF29B48B73EFEAF7E429E236F4CA395C4B6E989A19DF5A91A8E24185
T=0

[83]
S=$41E4B7CC
W=-$137533633CBF9A446F11F39C143273837BD29D72F9DE0F0CABD8F71FA95FAF5A5FAA5528B0B123D02BDBFFFE0F3A1DB98F1F8E5A18304EC9613C90A864
J=$4680F831B83367E0E5F2BFB2B6834CB738C0E15DA274F34BEEFF3D7B11E21854E3D9F83C67C7DEB8F3457C33C84581C0EF6C1AA6D6D0656411B8AB91EC1B9953151B8857700E518C8E3810CCE9AAE6289FA16F7D7B6FF20581F5F4D181E99CD84D3129778460AAB2E8523E861BD0E110C41D443E8425F98FF5
T=0

[84]
S=$12ADB4791E4
Q=$5

[85]
S=$1C1CCE37856
W=-$2C48B4A98159DD62C079C413EE31827B3AD4B94F582356BBC1A81AE728DECDD43FFB0CC8984919F582B5D3E1E3D1CDD770596EBDBF249DCE2
J=-$25C80F54EAB6FE1C55AE7DE26D0B3802F9C5828BEA5BB751E72288365A58D566010C8C10092392353773E3C12CE253D61027BF83404B10BA337AE8ADC696A44E0576380650D9F2B532475BD55A7821B5552144D400904904CE5958C4FE649BF156FAD0CC14610DCF2778994D691FD193
T=0

[86]
S=$6CB24358
W=$62430B92ECC6254E89B6BF409A6E6D05CBB40BF7C1547D62C545EB758D8633712D22F128117CF99E38AF7CCFB2E8FDB56C73EA7008E
J=-$852CCAEA203541677046C4A8A1A353943C77B2F4D946219558CB7224A0D664A271F639BFBE2D030CE5C032564702438D4929DE8FC85656E9657F7C3940FF970482A0E294A2E2AD6747A79543481C652780AB28D59536D49B4BF11FFE5052A5A8421C682AB7ACA6C5CFA8F1
T=$2

[87]
S=$1486F2
W=-$1431C1E713AD5DB6FF6DA4B85C56E534F661E870B31E2C960239F224CE69E23FF50825DB4FFD5DE90F19B2339E9CE3860F09389E
J=$1A5AA7EAEFD964CA63125294F35519666B73686A26EAF725116F814F1C6122B16D9C3ADD9B4D0FA963A03DE44699A221DBEAB4FB05D5BA54CC79414902BEBD58984564226031830451F3853B6D59DB3ABE23B36BAA35351FE5881B6065FF6C5EB08729F89286A29
T=$1

[88]
S=$23DF2C
W=$C07E6325CA47E8B195A52216D9BC840BDAA0938867AB61D49361DCC2998B83EAE3C2BE37B0AB956B15CEE9519529F78E86C34
J=$9926C313D5A6CF87AB217E5EEA14661C434F114D0BAD33974C14291FDE3CD97529EFC45A04071D2D9847EE682D7429A30509BDDC25B496F1C5AC3DD64CA30640CF0FEA4EC4E675681721097DBD610FC0ECF2D8635387133FC6344C88F2F5359827F84D69D
T=0

[89]
S=$222E0C8
W=-$140DEB0486AA7A3900F2DF363695B4E534BCB5529E6960C2445AF3DB97A3539FB126DF2C66E66CA29C5F6B00E058DB3CC64
J=-$6AB43CE20E2C90E51CF8C9DCD6F267888C919C2DE49C3507345A85815A27126EF76EBE2DD1CC3D0C48A78DA53981F9498EED1E9B9C5546D5B83A07B73E0A36FA7B9A0E194F37FC18C73205FFC84D50E3924BB8BFF09D47B59C59C0540411F435F5AA
T=$1

[90]
S=$3E9144
Q=$7

[91]
S=$1994
W=$3D817C95DC05FE2AC2545A74DE666932C68BADBAD25984FCC424E6861022B699D0D5B4695762AEA8738B4AA21530
J=$638B30964CF43D75BBAE82779C03030095DE11C354793B35B1338AACA7284B9654B7929328BC1A3139CD87D3180AA7A6FF3D80C0C32DBD209D5F8422CED5A186EBF6DCB34186AC10E57EE1A3BD35E93DF0898287288F5129B0D0BF6D
T=$2

[92]
S=$3AAD0
W=-$7DFBA938DD4E2312E7FD5E2E1BEA07B829312436EEF3FE3CCA733543214E3507D9D91BE54B729477E7519C96DF6
J=-$43FF5ABA3EBA6855572FDCBA4962CBAA8BC300FA5B2F54FF0FFDCD87501BBCBB2B9BDE88A851DF66E4CE3C00815540E4090BC81A97FA32A2C751412247632EE2AF9778DC0325C2AF63E9F7CE606021C40F4DC88EA8A60BC9A1BA6
T=0

[93]
S=$CE0640
W=-$416F7C5CD3E45FB9289E9790C6975100AD7F7F69CA1E86FE9105797347EB996A69B8C456000D3927212BC1AE6
J=$145461CCAB08656C96EF0C6946DAF85FEF309EE324AB5BF23E982F80177B086CE658E0201B4C0D7DC9AFF353E4F4C90346F2500D42E789A31AEA6690A558282AB7144F092F0DBC9A553B052A654F0DF4A35BA37AA3AE79CBA
T=$4

[94]
S=$E9A54
W=$B958372F7DC07BA83E5949D4798C3C55A515743ABA99DDC754F58A008446B8258A3C247A08787E8BAD764
J=-$1A93C447A42E2A96B55EA032DDA3B65E65A3C0150B97F7752CCD46E080E01815798E6C4932ACB4A5C6C8CE483027ABB5ED461422F8BC61BD67766EAD012931F0361AE562DFF71587C25D01748D38573AA0D02753410
T=0

[95]
S=$D0F44
Q=$2

[96]
S=$157E1AB8AA80
W=$4967AB957D76F9D8FF7E190AC3B29DFA0E05AD5268DC974D3038D8316F48959FAEE5EBE0FC3070446
J=-$4B87EC01F097766DD730132FF4EF6DB3EC21D7F103C0B80B95A24CEA5507C4AB17068AE1A853CF673E7506512B3ECD354F82B036FC2779C6B52B86E3197015F95D25E198CE1D910B92A4E0237D414C92F
T=0

[97]
S=$A1079
W=$134C11FEED90E1F74AABA1C4EB9FFBE7A411345154936A030A55B7C224DB79BA677BE77E4929
J=-$3B09D9087DE89587F65AF7533765090008F1AAC463123A8372331B967B56F2ED569C644A9711EFAC27403EE6E74DC07A6C4EF54DF44A3CC6719F20274965C36BD6EB91E46B6718E0E2DF80
T=$1

[98]
S=$8CA584
W=-$65C78AD53EE90E7EA2FE3519EB1055154C0E57AD509061D03178BEE008805D8CCC57DF0DC
J=$41CD56DF8406A446CD07C4A7C9794FBC401A1416173034067F53F0C13733F2FA1DC37DED434691F78436CF3424B1EE976A458C193277DA6A4ED6FDEFE2CE809E754D6CB9D2B809265
T=$2

[99]
S=$267CD4
W=$92DD86191734264AE373D497DAA9C8F64EF4B1D82DDAAEF673E3E290A14907A2C1268E
J=-$2DFB3E951B880FA7B0534225A27EDCCBA8455967BAA1F3C92E1AF5AB4574ED0C961C1E543CBC22478B618244B79028F7F3E96648252FE60D1BB806C2250E7ACFDD22BB84DCA
T=$2

[100]
S=$161394
W=$17258BAED879ED2FD4906CB85F48A19BCFB318B25D29690A7CC182BD52BD75CF2556
A=-$98
B=$2D2
T=$2

[101]
S=$22E4F
W=$1CE6C37EEAB27910B877025C60ED4BE16019A296453FB2CC6349EB034E491CF5F
A=-$7328
B=$1DBA42
T=$4

[102]
S=$2AF672C
W=-$3806D1EA256250156E401F5F8BFABD21A7F16493DF3E5550DDA7254C264C11A
J=-$176BC2532A93FB39A6A21464091DF2BCFAE78C86028C2DF86371AFB5188460266154B4B10BF9F482E9D9222C4B4F34E179391ADD4C64EEFA4E492335FAE5A
T=0

[103]
S=$8CF8989
W=$1127005ADD99FBB2B9A6102BB5546578ADA01B0412F7AE0F55FD75E55B59
J=$22F04D864DA20A968434A5BCB1A788A194272F571A8F9B3205678A70B273E9959CFD8A6323C78C47B025DC74A8C12822D853DD095D7975500FB751
T=0

[104]
S=$44C16
W=$9FCFAD6463065926EF8221F3EC195BEC2B8D23851D41DE414964CC9E
A=-$1E
B=$38
T=0

[105]
S=$1F970
W=$3FD6B97D7D1C38B733CA3C79A3BEE9A27EACB749E0E66B918095AA
J=$10C8B65A828E8E08AA87B01FAF4C5310B6489CBCDE3A7AAE108BBE6BA561552C2DC0BD1F801A15A55BA639398A56792246DF14C6BC2
T=0

[106]
S=$2AFE0
W=$11AB55710C65F46B7736421524AC6AD911FEAAA3D8AEE26A6720
J=-$961F857F6564A553764B1337B4A9782A84176684AFBC366DFC8E188BC71EA47809A1ED78345DA1465BA9113F74501EB4477D9B
T=0

[107]
S=$61013
W=-$1BFCCCCE300FB2E24929D40D0B8C684F45792F531C4E1E3765
A=-$D70
B=$12F5A
T=$2

[108]
S=$46D56CA
W=$AFF043138FC8A1C2A001838C2C3D26E6CB77738E602BD42
J=$164C097494F52A8BF9A12437F0A63E0E7948560B02D57C7931445DB89AC74CDFC1AF39AF7E5C1EF962EA18DDAEEFBF
T=0

[109]
S=$C6068
W=-$F68B66D17C34E681BD5C1E2FBD6C7D7013975CBF9B6
J=-$6816A312D2AA3B9E726161255D3327AC4F3A76E9400BB167BF17307984F0476E1BD65F76E4FF29C2A0CF9DA
T=$3

[110]
S=$9A27D8
W=$211777A87130F6855A78FEC4FD9E2F1CCDF6CF20E4
J=$1BE3B1EDF3EF47FC873E5E141603FFA72EC5D676D2A868346DC8CCFF3D960C7820E3452297739E881F
T=0

[111]
S=$6C66F4AE8
Q=$5

[112]
S=$20F3AB62B4
W=-$D6099B40417F643E286633D563BDC71312
J=$22D0E22E1B140911B15898105D33BB82733B191D718143E7E977B6B72151EF9D8F05
T=$1

[113]
S=$18FDEA
W=-$2035767052B71D8144C1F1AADDFB5C
A=$2
B=0
T=$1

[114]
S=$1277276D
W=$58A6296B9E5E4F215B9D20AF1CB
A=-$108
B=$69E
T=$3

[115]
S=$105EEC
W=-$1CBEB6EC64BB9EEF3C965198
A=0
B=$3
T=$1

[116]
S=$16A02
Q=$A

[117]
S=$822
Q=$3

[118]
S=$D686
B=$2

[119]
S=$175987
W=-$D40BD4C0FF8291
A=0
B=$6
T=$1

[120]
S=$1AB2576ED
W=$8A87099C0FB0F
A=0
B=$10
T=$1

[121]
S=$E4CDD0
Q=$3

[Signature]
1=$1B213FCE35B39A1C5878C49390CFA34AF7FB4E4A247B3641
2=$58AE2AFA83FD9D17FC6861A6ADE35207E5958DECC3149747

