[PRIMO - Primality Certificate]
Version=4.3.3 - LX64
WebSite=https://www.ellipsa.eu/
Format=4
ID=B497703821324
Created=Mar-28-2026 04:36:21 PM
TestCount=112
Status=Candidate certified prime

[Comments]
Put here any comment...

[Running Times (Wall-Clock)]
1stPhase=35.91s
2ndPhase=6.41s
Total=42.32s

[Running Times (Processes)]
1stPhase=212s
2ndPhase=45.44s
Total=258s

[Candidate]
File=/home/lappie/Primo_Batch_Farm/Titan_Group6_Prime3.in
Expression=(4797791281531362817969)^47-(4797791281531362817969-1)^47
N=$616BE0CA9A17979477EEE856DD9AB4E66D39FAD3DE61DBFD8DE1499C37B25459358E276A6B656836C71404B6FED3691E984CF80F31A3596EDE5AA8051DBAD7AB58ED20DF3FB64402E116A7D88C957922B28B991203BBD8304AFBB50D1456DC219E330552FB432E41417198CF02A9063916D5EDF4496FFA6088056EA2C3B13E6C01AECF62B2CB44C1969114AB21239E7CD6958E8EB4DC08815CFFA1421E0B0948D0E2B979F94F89D0E9D6DD78F169B260D7EB9CE8F7F5F68433B7450A26CDAD33F7A8C502A3237692430952A5AD96E9D8589172791588B80CCD05E020B1EB310A586F7F4AFCA38D4B4268F918B3FED4D8B2A13DEEA75BFED6D6C665581FBEDC1BF223EFBF3E74569C6D1A43CC94652243B78B79C0AD640880C407E72BCA0D4AF15E5D529BD9F1F2E9A3667BAF3B026A5042306B3DCACD65194A9F8E1A75FF4135FA89355A13FE8963C61F39FB0B2C7952C838B6635DADF96DE73AAB204CB86222851FE1E1AD5665D98307CBA0558804CCF0807D26B519A909E83B6218A907B67D86813044524E5F53F4874DD4275531C4FA94D3D3025C7DEAFBA1FDBDED1A51
HexadecimalSize=830
DecimalSize=1000
BinarySize=3319

[1]
S=$2C18D01210DDD7516C0
W=$124A2E24648BC5C0821124BD9C98962F738613A3A0607C50E1C6339E02CEB582D1316BE2C0BCDFC8CFCE80B794D5484A4F66921AEFCDF13142387C8EF3B9927A9C84BC6C9028380BB8F280D8C822CAB824A69A59976273C0CE51B98C0101AC1EE5F59DE47A8F39E3393E0E4211F841BE6163B0B0A5AA3595AF40E66F5378257F5F54B6253B5E10A85E91B8F0AAA35E939864C9FBB35FE82E4868233D1AE965C48C9B0C4CA3814699AE8A1BEA2149501CAC6447536272F59FBA49F0604423244B765A910D4746C6C23AFE8BDA858CEA12
J=$E084CF9B330AEBE1E44206F1B7228877D1787A69A0D4210609C62D2BCABF6DC75416E0DAD4D5120BBC65DE985A39C1A93D88641F02F02788925D23CE4CB82C7800075E933A00FF29742C62384739959D692A091B2CA420FA2111FB3A927C8ED30E8203B8CE1E7DC5170E8770498F69B811F004849E236946B207007FDDBE9309E0A602075621ACE0D138B89EEDDEAFD2042474C2B64273B602DEF429ACEB9264CB4031A32AEBF3D900BB9BF9E923032632852405A288417FC06C75F8B3750198194B3CD721BE2D0D3680104E1E0359FB2BCEB39C3DC84E0D0ABD13A2FFDF5A9B7219C8E13E83AC21EDC9700501E3A9CB07C07A462DF000A99C71DF22106CE7924C4A7BAD98B4BE2C3FEA54695FE60FA75F08984F437D058279EE58F9C886219EABFDDB6E92EA7165E9AB0F45F8E075CC55A07A98F6C608E19901C23624BADEAE4EEB40485CB0465477EBF1220561487AB545309DBD04359E9BB6342CDF4D9D786428CDE7F2552D6126C14455F6CD8B1C7937830B80CDB73E13594BF5A1B5E1924AF9B2A166DB88F171529DC7AA4D2242B1A3CD7724C9DFA8FDEDEFF145560
T=$1

[2]
S=$523897A6
W=$829BC8E4B5CEF6272A91BB12F3B4F91FAB3CBD448A34CA361701077A99F0CE19BE09B1EA3E569D28D79F4823FD2766CE797E32115F7499189342C8EE990DEC78F08E27FA0549589228F19019C5ED6DAAAC0DCEDAF9DC26578D8C18A63402190B7BC368013EEE2E062A0C37474548734C209674975C02C5E81CE0561E5D585E383ECED8863A7EBF6CA79550B32EEF75B867595E6617F4A39DDC6DA44C79662D141D0D1E84A3F21BBC4CB964873D2B9291EBD53048C1B0301CAD340ED4D6779A5356F4E5C40701BD7DBE1EB6
J=-$671745F4FF393A465FC301AFE4E1E5BF3F478CBC8B1D172E3F87FA7650C71002A60AF74DADA67CF0DDB43BEFA3028B11E37802644BE6C1E2B3950DFCB3AE31F7E9616AD6FA2C59F1AD3D66562439D40C2B3C9A7F619CB1077D8F2029DF07B0E1EF4BF15481DFCFBE89DB69B900229EA458D7103246E3757A27C71849BEA5DE985FA9D4CFE14274A7FA47251B8B0637E7EEADE2AC50196867C31D3C3DDD6CC62D43FF3B70850083EBC5573B59F286A5E1DC93DEC87766CE450C5961CE4954D4077FD4A596F00968514A1B6831F825DEBEC1FE22EDBB821C7C95B52812B38D78C08BF8174886A037106553B3E52DB0640C66637E22FAB90BEF47064DF9252AFDF421FB986F215D8629DABDA67485C54D023F021BCC89F8D337E2C5F6E1E39DFC8404EB7C1ECCB2214BED0A971C8F72D92AA835AACE9EC7C540C1DFCC9C997E29B1D9E06401094275A78A09FC10500401F4E235B39720506FD7A510234F6B0F73FAD3D2D2D31CD5CB6BC1132054CEF2290B8A20EFE82BD2183D1562D1D713FF40D5095BA4B169A95F7C589D24E9FB1D9BA1BC806958372
T=$2

[3]
S=$3142355
W=$2844E37862FA79FBD52D3443465D5FC0DE5D11E5EFCA1820DA95A68B942C40716098857945D8BB7F22AC1684222F5B13FD3DD611B5351895CC8EBD408ADB77430ED5F3C52768A770CCB5FA975B19A455AD512A1837D570A5D9DE79A6974DB27F67D044647D0FF5E051A6F05F6277466D503ACE67709DA38031F6981E638AF002468435BE9B3FD767B19C1C02D0981780EAF82ACA0FC83745420A0833A8A5B2780B3047AA6603C0FEEFB360FB9C6ED748BA518D9B65308E49770DF5500E8368C3FF785F1BE633622961
J=-$2893027942477DB2F2A9B7A7DAB14C9CF2DC0C136644CE0A73FFAFC1E04A9121F805E989BBE1460085EDBB6EA0B38CD6A50199948941616B963F1F878EE0856E622EBD669BC3136B6F5C33236A1926C1B9C2B1BC38688908F7B6F5B48030CD03AC1F495717893D099BDC821F878377C73B5730BB56BD2E2B1CE2EE1B958256747E8BAB7D4D384D51AAE2040C132603D2089A193FDA8548CCFE599DEAE2CB5C83AA93969B002B081C836E54A523A0176DDCD228A81F0C8B94E44CE6294732474B7D5B32FAB70D578A7B7D2A3C0C08EA4653EBF7C7BD81067DB909E2ECB6E6CD54F68FE90C89DB1A86798D394A46EF38538206C067B899109BAC7AFE9E528752D823DBA25F5EA93BE7EE89BA2066F77BEF961CA71A7A9531F5B6C2647C5FE52F326DD1D585C595291CB6D624E68084A5E0C50F601789F64E575D6CDAC78BC6D78197E1F829E8D30B2779B7F771005511C77B75D14F1D7AC589B6B8729184A779531365989AB4429C5FFE4AEA09B03F42FAD125FCA01E5D2AF4B62D178C391D62835BE59858309B77E0DCD1F77EAD3A1FBF53C0
T=$3

[4]
S=$5A165C
W=$58EAC9E41BFBAF68F7607064A36E35208EE5E05AE9C5151F1B525CDC446BCBBFD1223A3935840F68AB05810D3F3C15A887D7237E26F8EF44C996AE2D20FA72F16D9129F1B07F78CAB6627A8BA83C6A4B21C02855D61B67C086FD45650BDF1D6191E1CA7AB3366E847443170AED347B3F75ED2DAD0943E19D32240B73C24982CE36783A896590E04AC9A5238C0722DCD606DD3BAB04FE23D375330752840E49C7BCA75593BBFE0EDE4C062A4BECB477A14820B82E35E14EFA46F9D83FCB0F84DD6A120951A35AC8E
J=$92AE6ACC7CC28997D114E0F603A336C1FC3C2D7D20EA25F06C5965F971DE9A07347C86EE7556365C58FA47D37CE0DC86D8AF219BB476081D66FF586C8FE1604C46DEAD93A711AE1D71CF2D19792D93F74AC6BC186E4AC3A9B2E0BCB6B689A19DE098BFD45EDF2C5E615CD20085537D7B015FB19AD759CA707C73D0E2E314FEBB26A253C8BC2F10AEE0D9C1ECBDBF03DD48C610C20836EF4A2E2DDA0BE9D63239041E1C94CDFF549833439CE2E5BF00B1F996A5B2F3FB659ECA3A8F0F3A9E0443F0F5176A064EFBF436D920568AB36DB17D1A24B4DE36219C62A51668607A1D87B70511437D4A07BB487B0BD8B60ED353021E8972C6AF73C35C8A3663376DE6533F708710066FC3F734144BA0059EA10476434B7EA6CC77BD5ECE40090560EC7638EB451DD30983C528FD721396033879B0BAB0AC89A2BF83C2292FD06592ADC7558CEA1CF436EEB746D84A8C5B1D311F099D5379E4AE133CC1B6BAFF6DFD29F840FB635700D9D1AD6D1CB82D58B311859D6A06877AB31278920DF2724B88E76689CE36B02824078EED36EC7381EA1
T=0

[5]
S=$6C124ABD31A
W=-$123A01FD4DAF837434B81E9FDC2E61155EE730A8C8DE23066EFAD90F279B55C69EB55B124A893AD73701EE302FF03E86C45CFCECEDD1291786B8E37BEA77F7804F4737C60399CA80E49F82D02F983B16A9B203A087BA8688B5DA85E880177D7A091FFAB0FAF79EFE1570F97EBBCDF203049A8FCBD6C8450A0A186C4C40BEF7D01A4D8E17B1259AA03F00564ED7D01BB91B1961E888EAD83A2EAC83218DFCD88E5FC74373C7BAA92997754B95A9DEFB2EECF448041467FF7886AD736A0F35738305B6FD77E4DC6
J=-$103C77D92034ED2493DF18B53AAF5368BC15B7F7E4A84D44AF9A242F0C53FC00886BFAED708631643ABE3ED0939359DE33DD89C348F0C3B25E21CC4824443BD8145A4327EF7F6EEA7F97B10902435FA93EADA27AE65941BCC252733E3626B43A78804F891510320AA2894ACB9BE30047ACD1ADD18DEA04C75E5B4C2E74DD579917D68A835E24017D0375ED52DCEEED36A28DAC5EC8C59AD7C511BCA56A709519D3303C47ACC146409D46FDB2089249A52E63CDA70673CA2D325777AD96A49724137E1065D4043D419F908E865BFA64B85B4883B46B82E0E1F51EE9555E568D95D5A535112C27F5960EB31821FD6D16DCF0945EBAD90AAEFEE21BF06E7E215A071A12D84FE899601CE35388EEC67CCA4FC125DB021EA3FE7F6C5AE1F8F4F0114B3A5CE0E64BDE307376B2BAC1991A78E9CC9698123CC05B52BEBFC47C8924DD68D37B3D9D6064DC7DAEBD701E6135B1E691ACCF1490CCE3594211E9796D4D5DA19D39667F2DB0E0826F92D096E8170FF021FCA076FAA0665431838A576B0B77511EBC3B523F0866B6CA8FB32E
T=$2

[6]
S=$84B602
W=-$7B3C2947AA9DADB3C990B05FAA5B4D55F7A9D0C5B85913E1507C8FC9D720D3575C276F35E216898FF131802D0AABDACA7F781B435BC8E6CFB0411E6B7284EC0B4A9022B097D3EA4B05549D2ADDE672019D8C98510113D1B990BD9B3D66D575FC0A49F8F2EB5A1E756A47F98DE94B9038558AC4491A09BD396DA33383AAAABA3E9B5DAC5507A0C7337C5D724C302E896C51063EE6DA89CD4B3EB6A1C7405637E533CE6B7BB5E535C013BF33429A4882954176270C0A996534009086E21D6034C3A08CCD8
J=$711242A8DA23007048CA12BB66AA72A6E6F48D302F8FFA75314BCBE19B2510BDB55B172BBC55C5C9D1C4B766818DF04046A1C3204CBA8B733C92B832CA3903CD884F569CFF3B7938CFB0B0D69D151A0201B5C7BE6A70A56373852774A49EC747B77819B92A247828B413086740BD7E91CA632A5247619845DF25C624A2A81B9F43590320F7C2387329AD0AAA269FFC9E70DB7782B37EC6918E4421D9B8D462A3823F5052F2D4156973D49F9AC66CEEAE77B960089B24DF5550A9EE85D784F0F64B2989B8D67DAB7C0F41BE3B540F40C0FEC181C8F123FE43FCFD8353E4054DD42058F437CBBC9995912A5E50961CD61082A6DFD9136914EA6A6C42C22CFF952A0F4CABCA302238A5BCB4BEA3226938A7A9B34973BB82D7F2FB650BACCE31F59BF80FFFF6739BAC38C99E89FE539EB6BD3BFBF4B0F19DDEA9DC55695E1077974E5BB04C2CB5670482524280C976528F36CB3639137B3FF3C746DE95A3412FA3AB7E7B8B21151E94DE7F86CC72AE16FE846F3CA1717DAAFDE6CD3B83EF78CBC4983347933C7EF9D
T=0

[7]
S=$C228FE
W=$7DF95E2DFA69CD3B7F2DFCED0A6834E0A92B8AC0C83F9FAAE013686659A646D6FF8D3D1B7D0C6A5BF5CD92C4698ABDB245A7BA4834DED649476DD80DF8A15F869F1D621A0778A11E8EBBCC775A8A32A0435B75F25F9151A37AE5F50F1275772B4D58CEE02AD7C52D9186EED1A6B82F4DE2177B7DF3C6FD05F0EB3EDAC8C0904AEFA507F98DA9643DEBC9EF05B44449D7F659CB68A1E6EFAD978E185ADE930134BB3A68D0646808D31325300788BED32D1216E958A5BE7D42AAFCDCB8F01A005A647E
J=$74EA7B7DBCA3A07B6A48402D6B914F7B0845B580CEFD491E975650296976FFC82D8E7A1CF16646F92854CAC90B783566F2FEC4BA67B5416C81EE9722864715D4D996AC4E2695E14271A1C1397C0E25C602CB592CB73730B35C100DF93025E8D938ACEBC69E8F31F766440B98CAB99E851BEE6833394655E9E55AAC453F501D8E521AF3D878D56A0F6A90DBB7DC098FEC7059B92F6373D1DA73390A1EA54AD174874C1739E1DA93BEE223B736A6A5958786D308AB88A26677260D879ADE08D98061EB93077AD4A242EEC4A69CE8B2379290424083FB88221DAAB55BA5BD0F8BE2B1431DE329A06631E85AEFD964CAA90C027CDD4EB8AF4CC6EF4CBE9CBAD77C88D00A491F2DE94BD0B34D2A34EE836D3C74A6E2FD2D0E374BA86CB21C9635C55C3575F04385E866747398F6C650B35BFAFFE0318EACE81621CC28BEE6CAA7281742B751AFF1E86BB3032CF64295B86DF85FA8401693FBC2BFA59DDBE039118201E76007497C195F3D1515D2BFA71CDE8273F0B2C6494073F600700CF93FB1C723E52FEBC
T=$2

[8]
S=$179C9AA1BA
W=$BF5CC717A6A164CEBC2B4105ABEF856D818762427E0A023D53E22BD86A16C305EA562FCA5A702778F022118B165E18735C7E8B05B47DAA7F34EE187AC4E98F19F6298D6D1041774D7AAFF065BD587293CE2CC8CC6EB37A788D3C3EAE51B5A57AF4BBC2386A92A1A25D363965C271CFE96ECE4A56FB2D99D6D616472340D342850BC029E49B182E22E8282CEA3C02CC263E98AFB60D0A6E6668DFCB15CC800EBE14D6A8437C0EE61FD0848B482F79F61D472D2DCB355B7B046D55A51BA1D531104
J=$1E5173D4CA9DBB23873D5393EBF01BF8FDBDFD1DC3C770EC29CF4F94A4629C187CA281A49E0DBB67338BE332866CDB7A7E49AAD7765C611272ED062EBE749B8ABD920B08FD634FC2BAF2C519867E111738FBC55CD0ED6CC52254E7BAD9F07CEA2B7ECFD1645506FD17B5A70E48B450F1B980B0B2C46C04BD633AA16C3AD51A93725BAB1618375AB211709DED3E6D107F5BAC9328CD764599490FC840F2121B295430253C26C9D2CB50781D91CBF4E0E7DFAD110D04B483A734B4660759FBF3E4A4C3D949ADDC4FA4E67EF559794D4EC0D73C056ECEA5F024C814E6FCC3AC5B3C2D07048E15C23ABCF7B40B2F040B541D454B5E83A155CD877FDC104065E4ADE57CFCD02C9AC22B0AC2BAC21FC540BF53E914C686C56BCC75A89670D629D723A9A69676BA1A52B67731E2808865D8DAB430F690D692B8FD7BAE244C38ED6C2555203CCB9D13E7F7F3AF7D4D807C7744337B4D4FB8E33C25C2071A4143AF7976811ECE97962C99FC3795842A16784920B1CBD3A23E0038BBFEC9533CD4780D2C90A
T=0

[9]
S=$2979887390
W=$29FA1CD2E035CE05BF1E31A710C3174145BA85F8C2584098286524EFC43B55D38CE97EC1AD0DC0A1F37E99F16EC02A926DDB7C8957806FE676A839BC415A106F60690A2A7267B177B5B3D5143921F079EC5266AC99925A57686402A7327EAD68CC3FED82381CC8BDC017CD0A5797F7BC0D76F33E269FB8F520D85D5D036AF416E71A9DD9C68F7ACD04CD3329F344232BCB2F365C4C5991D9E24DC39BF77547733EADCAB56F5CA187C6AEFDFE5D7FB9598599972F21C783BE9062374D9B6E
J=$42D365B7CD4C3B8E000D1A7C1B92A6657E78AF8DE54267DF52B405E97598F5B6422D644DF9BC2F56416BB1578AE41A15F95AEFE6A390F9B751A80057EB1D754480079BA4DDD1BF35294F1E3C49267D1299AAE31C3E6F21DEEDE00076EE763E08945BC115B1B83B1698E1B55ECDC18D3D26EACA7AE5FC9E1B467052525F9E476E3D3EF2790DA431118441AC2EC46380884C14C48FA5D2ED4A60CEDF6E36D8DE7FBDF5F87087754109FBB38023AD03CDE7DB097714C904037BF33B8F500B2E90F301892C181DD4FFF580F543FA1FD6B524FE7DEC5A427B77B2627A4E3BCC7989E3BE46E782253E6A698452209B227D64839FF1BBDFA3D83E361F77AACE5F389EF1BC4F2E99B0CD76598D6EAC361890BBBDCDC96C2C65F2FCCF4A4CF123844AF642307C8EA7C071AD0D277DD977100C9CEC254F63A89D4391906690B28D176608285F4DA969E6AADE67879C1D8112659BE0DD96887F5F8AE6724AA001C67C0917D9493BD9632B4E73948AD8825430137EF6749E28B2E909BCE82EF41510
T=0

[10]
S=$6203302F72A
W=$64C30C8FF10DF8E1F9C4657B2271D5F2EDC9A9A5EF62BA1D17E4FEA7F7376F1EA5E2220BB2227BFEFE9A0225B1BD7A492890FE1E99F760F67BD8F343185DE0E6A14B2CF2F1972191570BFCFF0AAE950B4BB117A955FDB1F82BA086D4031F3A1A4C0CC829DB79A7138E3F8BF0DFD35A4F2224C2BC4DB2BDA37D89DB7E4E44D4B86EB505F03BF2CAB4C252719B84AA757571FBD556EF8F50AE15808690302BE02553277DF45D07BC94FA06F7F8857C3A3C01E1883D6183784D86E19800
J=-$230FB9BD38621FA347A0AF2EB7335929BB1FBE62008A5AC98C19F6F8FD7CC952FC7F77E5EB7DFBF74DE3788740EF9E663DD9869D30E8D2CF0B10F0361094D3E8CBB68BA787933B40680A1A531E457E00455A11EFA7ABC4797A8E8870E763DAFF043175726039ADF68B6081091A335CAF2A57198A688CF299A64C6DB652263F87D393A6985978A6F75DA8B8670EEAF4C80EA54B133AD834A2A1D4C5E9E4FAEB1EE384B83D7A2F39AD0CEEBCDAFB8683CBDE869A24D8646F8A6AD3EED249572BB218D76531FCCDFC0EC88133955B9BF2278A3C3FAFF154B2F0FFFDA4553E692561AAA5DD266DF54BE73AA35B181F1A9B7833A803ABF32B465D9663AC3EB8E8B3A0E4E67BA40F63C2DDDEAF89F33AFC23F0B4730335D5293EE280E476F93F5ADE44E609036AA573687967BB40AE0F18B890C1DBF22009FF2F6CDD225886B6339809802B077A1889C4B243CBDC81605EB3F13EB98E22A77D44F136681C11D717FB7E05D3329BCA1E11639B8C72959DF4C0130DFE466FA076302
T=$4

[11]
S=$24A5CD12990
W=-$2172B81049F903523683390ABEA6607115BF926D639BFCD7F2014A865D7B119FA3BC2E6DBF47B00FD6DC730F84121953810F10C1F4F8365C7A7030D60DB1F77ADF7A242ABD062565C87D2D61FFC6E17D4AE0C8B86109ED627F7F0D688AF9B78C6A3396A66C25B98353385F307828144DBF0A349B349F2DD370E569F06DE469CD012871BDDF857643C5CE6BEE456CC8D4CE3F8FDF8C6C5009FB9A5F5F575DA050BC4E50263A5998CB9C88316EDC5787F975FCC489DB462067B0A
J=$C0161F425BFA4C7EA7A20EAA13639A1DFD61464CF372411C7ED8A96A76F24257C076B9C43BC6C79BDD373C870A9772C845EC404298FE8B4A16782D4CDBDBB6019EB16B32E09EC709A1CD684727FBA8F8021041353EDFB83218D04819A5F13245A41F6DE328A2E4F5BDF5426174DD73B640EE9A1B85DB73E41D996F2783415539417C21ABD26245D6829B4310DA8D09233A67F5CE23C70372335D920DCE44EC178F0A73F00625AC9AD775E6FBE770E94CB539C347734BFFCD25779057B24D0EC3CABB96108983FD953A3FB3C6EA3906841FF6B91290AAB4B00C1E9B1AAF5473E4F68302644DA3FDC110823692331136840C440EA8E17F87C6F72FF479E602FB5B5D75B708BD5FA17699D4B72DB0BBC1337A3DFBA04B0DAE412381766E62E0983D6C0E69199F88990473550C3D7FBE1E5FC232132C5F7B2C9291032196ACB8145CBE5341D47E0105FF67E64F8F52542A9E416447F02BFFF657EF243272468CDAC43D6415F559F62682438E0B0857796361529C
T=$2

[12]
S=$88E214
W=-$136495EB810C19D51983BF005C4579E8666408B776436F8A55B50C2957913274D753435C9DE6F7A703DFEB0DAE7FC48C1F8471F9C990EA4BBDFD98705E3564794B7F142C97195A208560759EA7BE72B52C04DD2BDA1CF637518CE4F67C44FE9BFCF8E022A9B3CD0F55C36EC800ADBBA6FC3243DDC3C5551D0AD28CE8ACD550B739AB52A9A06F3F392C0068B4F264BE113619ED3700CB3282B83A6EE2A0C7392E2F34586BD7FFBDA23C2E2B18E6D6E0CAE02C5F04022692
J=-$488D1374079936A5B53E0E52EFED0E14C26581C49EBDF9FE0CFF63BE4D8ED1D77B387356AB620B0CB49C41D5D3CDFE22066066E7EB99BB88918C13A60CBF81BD9BE017CB385873511B87B4D57DCC343ACCF8270CBFC7C061F356A554509BD4AF5509091D2C3B10A4E52AF0F25D13FBEE5174F53DB55A937A841676D8241DD9A6BB2159D36466423A2D4636F42A0255958D98081047F0525B41652C53448F4175778464F8DD94FA592F3517A5CE74AA4F9E5333D7A3E2EE2BA67D577FA5FE4C4548ADA3B7075B3EB95BE812B9C0B59FB4E33AAE97C16B226F1997E606C917A3994B0A6036B8657F5D1ECB1184DA2164348B2FC6C7F436CCA8B58FC669E5D0541860CF5C8E086F589F70CB68D2705E9ACBA85D79887CCECA65E9C61AC01F109595D8613617359121808B982A505B16162C28CEA92A1FF35E7B142169925CA58EE6F28BA000B6D4C5DF169BBC51E6DD828B4B5A9927CD0A23BB62A66E9C8C1CFCFB7791341A47938386974638BD08
T=$2

[13]
S=$6B5368E590B4500
W=$232E25FA9B4DAA78E034F4E09A88ED9F7AD555EDD23050FADEE48C1F4C0370FEC38A364135DCC7F6E4DE475CE5EBC737867DA5118DE5DDB78ECCC6198B17FD7D1E7D64785D5CC6EE71A0FA36EDAB4FC68C75A2C8C989F458602D230DC5A7979CA52492BD0748DAEBB48B33A721D78ABB669866351F7A221828607E0EFA724CE1A26EDC20E531924F769A216CC2578DCD88A347AB5DFF3638BBCAD39942B5AB6D6A85F90C7956B310838CF68DB6288AA15197D37027C
J=$134E553926FF716209A580A50129A13427C2D4C24EC7527F43586207DD0DC0C3A14E18DE87C21FF140F977707CBA04DBEE266F9E3EE3A12EA43E843AC6D01F6C0EEB1427C122850BA2540108F791775431AAE2A9CBF701A5D4D8A7ABCFC54697ACA872BA0536DC7CDC7EC9ADA9566D6C09C8C644AD55832A06ACC60DE3FD0E9BDD5DC83EF66ADEBCA4330BFA750C31F5AA5FA733F0FE8ADB6D4DA342A080EA31616FB0696FA584C6708E8FCD5AC9730F96A7305A3841AA3F0CAF5AC876E43D4A7EF46A2686776556890698C596B96104D3AC05780AC868F65D5AE1E9718555562A388FB5EE54A898A081A19CF7F9555D8E1DE2E58237D04DFD7C022F56AB46E062E6E76E5865337631CA99A9E71A516B8CCC335B73AF84AB1F3D7239D29B2FEEA019B3EA265C5674C1A5901CFBC1830E725701B8A4E11398ADB433B7319BA418F869CAB75E985881CF9CA2A15AA39923F3934F7BEAB22F77D3586A52E429DE0C1FBEF99BAB495ABC6A9E
T=$1

[14]
S=$1A0CDADC
W=$873B32AEB95ED66287F09EA31FA1E697A7CEE17C111EC75C316D7F1C8DCBF3B4DCD79CD359CF28442D17E86CB7F518B24D896784DE5BD7AA01463FF7FF97BF92CB972AAF0D96FDF861BEDB17857399A2952AFF8FC6A0CDCD38A7455B5407E8269EF543CC20FB424B54593256D9861EAD583DBA461D27DEE7AD3182728CB2E7CA3FCB29C230FBC01CE4CCC8C20B0D5201926783B2976644B30AEAB092D51C1E1514031E65C8BB76B92FB1302E319DD4E1ED4
J=$1854C7F1B909C30081C127C7F6676F2BD5D485A0BB64A8C1D6DE76F43E93C383FA2515A16325B4314F645C9E81FFB0F25A39EF8E91B47B0113DBCEFB331C7D2E7647DB4562F78DA76DBBB619E5226FA0414BA4905D5841CF0740B47999221F7FEA917F22F1BC99C3B832640E7E6B11C9FC2BD18BDEE70C3F322FABFB7F4BD1033571DB60783496B67281223CF3218200995A4AC774ACDFD979C5654D04B7DF7A523E999ECF70E292EEC1C3F08F46AF6B7543AD3EED9A78A1D3C0630A0AE39D21760F4272B7270E1AF9911BE66583C81413DB958F09D91B608F2DC38C241388C7E874E540ADDBF199E53551827BBC4C305BE213CE2A53FDE16A00077F0EBA99599D93E28BEEFED4C2DF580B06F3505C275CCB5CE9F71BDBFCE90C65D2EBDEB0582808058AC6994DB205DB68CBB9FD8A8DCE1E53989B4ECC4808C797E4B1E2981408240FFC298AD17CC3E104A7A0E3FF036978CE167EDC7E71DBAEB83CC27333F38374C3
T=$3

[15]
S=$93E6194
W=$548819C7E4876561AF16A11166126C3B1C96DC270F9D93D0CBC5D3386716EDDA8361C3CCE3AF5D1B3E8175F96A10016391A0816E7F5EDD8785C72C4036BA155D59C0DE7058D78552CC2BF529E60BA1535B4CD6CBAF7FDBB1A25E1B3BA912303B9E3E52EBE21ACA1486922542EFC5D193736C1B1E09840E897B1DD37644A8B5142223C8412DCA844D79026C2979E62D37BE1F7BDB1D309D46A1DFF603887398FA143B02A3CCEA8D6269B38BA1F0AD830
J=$BF7522FC93684F12F492FC88B50D36B50FC9FEF8EC5B6566085EFEA58A6AE44A13F0C518F1C4AEABE24CE76E2F6D7E4ED5F6DD6CDBBB5E939D88DE86496A9E1863C18B75D10D410848169B3D6567F7101141A4B68BB4E671780850B19511C3004816615191209DF9D05A4817E0BB16C8A67266421D64758F1AB0F8461B1F938CFB77BBD44D6EA787F8FDDAC1867F1BE30202396B83760BD2870BD1268223C838AAEB3D8E4386222C56497A14A8BFD678A46916C2225E2BC5B7CCB0D84F6D801577453729D931EEED1764843C65A6D46C4D327B70BE59A6BA7F94389832E298DCD5281C259081A7B32D4211EDB2082EC875C9A3E12601DFCA4534E9EA66EA9CE705A1BE112BD7B17168BA601B2D4997A2BF2DCEAB23D8EA8BC180000CFE9584B6B9C207EF4F9D723482E8D619BC6869A2DBC99A1E2473D02B7DAAA4B154D6007D95E00CCA6365C0B581D01FB27A67137E72FCD5BA654F1B5088E28DD5B57F38
T=$2

[16]
S=$66A7C5012938
B=$2

[17]
S=$164A4C
W=$98D6103662BABB4746CBACF24A59BC2951C74EA5FDA7F255A2A2FC8721E0E493CAD74722E6731B051E0F83399BADF6A2B00381F783CDD56A1897243A5BBCB4C4C753BC5160F8EE72040DAC943B3FD35C051522A18CFDC3F83D38EB61886D1D7007A8BD9CA6A13D092BA8AABCCEB4E034A36E16083800B960EDB8C275EA9EB1E8BF9234457CEAC5B442F358ED1F13C1B637A1885A15F33E3D376D34D0B4FF85128F5340DB4B3C1FB58DEC0
A=-$84B750
B=$24C7B73A2
T=$2

[18]
S=$560F9A67
W=-$1A6C97EB091641B387A5408F315BB6C7E81F746F964E4321A3C3A8CAF057E51EEEBC1D9174B1167254CAE8C3EDD24618CD86C725092F79A3ED4D6BEEBE499E126819633A1FE3C3BC23EC2F8118C91999C6A241FF6E0EFA8BEFE7001979772CE48141FCDFD28F8DABF07AADA3B343AACB631EEB80F422B73AA7A2BB2AEC887CD856761350332EA1A8BF1E378D94963CD16C7739F46DF4976A43AB11056A98B64A734B97C11609DF8534FF
J=-$207E9F14CB2EE6DD0A00FC9E3D1C4D1B0D2BA800093CE2166CDA22D80D4A8CA6C55F0F0197108C41467221B912CC119EE00F90B3EA8462B9FBD2C472F53B3040E682C8EE2BD4B88AD50EAF944FAC40B99ED192BF92692B1DAE07579F2F4940B06A01ADB104C2CACA653CCC9EC8A39119005DE1114BABA7D0F7E4D6ADCA9D6490E213124F2E451D9B7CCC0B457E6AF05769F97A6DA95B490F9A33D3CD61ADC4EADDF2B882C3133FDB29CD858D5A1989E23B993F0FECB0FA426C41BD2C9FA59C860086C4384848BB5B16AADD0FD889D64FF2E1EDBAF324DF9C0172732B19F4873C75542147CEC5F129225E5132112BE063697BFDF56F293D3CA080DB17B74CAFAC4120FECECBB2F5BEE248D0C8E6CB2446C1BEA33CB25266920BE7BDB51DCB70B8DD08856E2EA6C963C4E2A5334FC97B1F16179CF44E2A55ADEBDE22C2C19C192EB8285856333BE41C6684F04F70E95A1F422EB8B
T=$2

[19]
S=$741D5F118
W=$81255E0CCF77857C05707425E034A040B09ECFF4569F8A615165EDCAE699C8C3DCAFF13E68AD700467C62680E975D0FBB6B6C5424132A09AB1C9050F30F764FC2D5FBD0F33C62117058354D1B13A91218A62F3A1BE5FAFCDF6E809559781FE6FD449E166724D67156C0064095DF20690D2CF0E314296558F4388153A44085A55CB4595BA791FAD3A27551C346F5A4B5A5A336B03670E3A1E6F224DDA74CE01A57A85F62FE91EE10E
J=-$38A2FA8BA678E079B19568DC5C37FFD19291CC98031D7FF37E6F3B5067019B67A38DF47B8516BC480C139ACD55035F88F4C08FFA496BFCF30DDCC51E1474D06710142AD695D443AE6FED76293E5F2C2C9269F4D206DBDBDFD7E743436EC2A4795826DB385673823B536A22035F728C01FB791EA90604ECA5B0D133165712FDD92EAAEF402A5034A378EA2E40AFB778DB12FFA00B6EC6419ABEA35788C41169AA1040BCC1D2B0A19E2DDFCB9CD114CE3FFF89A5F6DAAF1B4D8C83925DBD8DA4A0EBF02F6A8E78DBFE3563C2E47553B8F4CDC5D77E92BE42BE3F264ECB491C262081EF518FA998510D6CB559F1F696CF17AB975905836CBC549D11AC5B86FD7C680DC0709B0BB4E396442961EDE973738D600DDA9829BF69690DE5FF360FAD0F4CB5CF25F11972A39AD8FBCB2B015D5A83E79A49F70E5088F2D820A82708A347C8378A64DAED8B7BBE0F7DB333BE473A4
T=$2

[20]
S=$53C46
B=$2

[21]
S=$3CEEDA1C5797B0
W=-$BDB7366790B656FAF725EB93FF7E3939E55BD372B4E4E06121FE0CC151B6FBDE1F23B501425B79A6CDADBCD05B51D0008EA293339456BF6ECF3ACFFE7E4554E7FA866F62F6A9E3A87F6750FEE8629ABD30EAFA0E9EAE007774D8B50FE235D5A17008DD964FFE8651D5AFB0FC155005E392727C87021F6E6F44A91EE8218321498558D7F7826B2E5BFC62A4A8AA73C9AB1B073DF19DD7D136D7641A969037B2B4A8FABB31A
A=0
B=$2
T=$1

[22]
S=$BFE5FBBE
W=-$1985EC1CDA055DBC10C8F70FF9322A6F7632275FF7FDBC39DD655805A78918B48B7610B70C9313F635D4DB9E43AEAEA7FE20050EB37B1E402E1AB6805399B922A8C6870504087AE365B5F8FEFD5364C15F5D9D95EDE2D0AF0EC98D9B20026D2DE9F231F2121B3A0856C3FE7DB5871504A85D1CAAD92C27C057AD53E86E3B387E9E27F22E4388A2E2D49C3FE3257C6994430000654B4EE630BB31A572289C1D82744
J=$4CF289E04C8E14CFB0C91A249DD1A8B2DFAB3552585160EF0AAB0884E4AEACEC259081A7D93186DC235BB40E40BCCB2D89A214DC1FD6BB673046C30414A8BA33E9FEB166BB92223E202F92B12DC4277806A7390E98640BA9E7E577386CA7B23EAF7280EA27CA9DA111C6793A33517D59F029DA3B0D553F867520789934076A28B8F3BF0C2A7C432B7E05452F1D19637607DE2847287A77B8AAF14BA7BB1323B57A7ADAF85EC977AD2C3D2AB941A0D21C7D1A6B4B5AE4DFF54706D45EBC9CCA7A1ED88237F2D91CF897FDFF88EFB878C51F7C0E81DF7614D45B14627821BE27AC795C32A6D10197D5C2B235648A2DD9EE53F83514558C8497FB6BE9769B522EFE7869C82DDD00B8F9951F8D4EF1DDF9E9E12B747F404425557D1196EE5E53FE7849A9A3845AF65D562CE3B6A152497F2919B8D06B175506E793138F21384911A8623D
T=0

[23]
S=$8238C09D
W=-$2435B650814B6D9329A93C58CEEDF2E3CEECD805E6704F0B30E826D8E4964A2B36F74BAF22ACA04A5187A779C4EF5D12B75BA4B3C2AC5BB059BEAAC13C11D7E77FB68012BDB8A33B225B95B0B41BD3B86ADAC87CADF3F40AE257A7E1E1E1125CA3F366A701A05A170C5B977B0A3B659F5285BA97D850FF764B9861FA9737D5B34B265D510F6C3FB3665CF62BDD2D47DCB8CC96CD0D3EB951E7EBA4072969659
J=$F956579477A32D8ACB870671CCCC338B6292EFFED85F45ED31DFC2E420E3741983892288332F2DFCDE986C0877870C1372065C9367F77DCE8173A912E72AB54F8BD95BC25C550F4560194104FF01DCC051930C2A885C0AD920DDAA340E7F0B0AE1F444CC57835BCEC05F82A82DE6D9A3325AC9567019AB2ADAA7963D4EB0979BD692D2C7D841573D386FB7D61CFC36D647F56F77E4B6D52609C67C01DCC4CC5C1A86CB7AEE034C4AA819BCD725762CA87E44CA530BFF0A479D9EDF72E269978C3A01FC80FAA340C3CB74C88C796F172770A9BE567D42ECB55CD72ADE11AC5A2288388812560FF4CCC62C5EF3DE83ABE9DFED8CB52A9F5D30C2A45A8DA68635BFE71A24A67088AF07574ABDA13E78B68AAA2F339E66DBC5783204673FFA1D86793C7D261657A18DDF410CAE45B19E8B400CAAB1D8D9D25AEA86AE84DF636C
T=$1

[24]
S=$A963BD
W=-$423E76B1995A6625CF18716D1EC11D5D3161A6A18E18DA287FE1284F981D2B89658503CB3B8767547B2CED7C4B3DC5D1BCCEFF02C7112641EA97F1B13BED59B6EEBE894E208565616499DAB13DB629A33F5DF308371F3B78F1102FB47BE8F25981DC5CE24F788CD75A2629BF142627FF482E2099EB80CD25834B2BB649792FCCFAD739883694B99EDA7E3AD9BE24DC765631BA3757C1362CEE90F631F35
J=$F25492F8FB5E6A3B3BF49EBF809C202E54260CEC6F13DCA25A6A4F2448E8846031B1CC8D7786852D99A65F500514A0313F4B43C71A3E9F8FC96997DCF4F8E7DA6391507ADC55CF00E1F5E9874F47D2252E95B66FADF4E5CCEA713E872FAAF945E5226A6CA5D831AECC2811687BD93032B4F1D3DE300F9F37D9CE2740C0B07068233B5BB365AEA3A3E25577EC1623B473E1E50C81F5F10E8E524753F2C2334E56D9F4C44C9BD40CFA29189CCCF8EE2F3727A05BFB2F35D0596B01FBB20FE48BF71CF3841DE8D6735E4E95A1CECEA8D66ECFAD64AEE75C04729B75F9936FD4704E301D1DFA8117A5ECD04DFC81EE304C9A5619BB567EEF532AB3A5DD80E54E70B252D6C58C3C0C1C063B50A8BE20641611226E3FED32D58D4AA4B228683C82912A241605DDCC0E62843369FB23DDC62D1B97900EAD5DA22CBFED91
T=$2

[25]
S=$A7D53EAA
W=$3C1996C1C2000A6D29ED280AD3265DAD381F8C024C7BE1707FE6B01F531A12D023FDD89E03B476F51439F5A764EA14664E40E3A774601345F0C5DD861B03D73CFC12330C27A223385CF0BEE91CAD72119094EE7E66F8877518D1E9BBEDC0E99243095B359927EFD5DE3E4C86B4227875E8C921077F969662E99076EBD497A558144E0A66D3EC248B0FD5637AE6A96D2E9A40180983FA41727B2A0134
J=-$2C75C70569300E2E70ACB4D2FB252BA2DF1FC3B378622A84BB70FCA21EE103B98641944C1C01FB70B428040013CA05276D77F816269D03CB49B4A06566980835711627FB9685511BB1AE5C28AB8B628A74E9458CC73A985F360444E26ACD5FE078DB0FDAF3D301EF2001EB1A082D7DCC0E08B27880F71C411F181EA41C814EECC693822F816F903F37612E4BBDF17291DF7FF9B79C8E3BC16A1F8AB780D00103801163A5F827C22E68B08F90CDBB53A4E30A00F49EC4CE00685279560E5DFE8A04BA59EBB74EA17C109B80F84F8523FD0C28542986ACE36730E8D26F0A0822A26FE49BC8069868DB438C847F7C0D7F66C6FC0B949C6E3A64967DE94D79ED8DFA0F3412B0EECC9BCC0C84A769CC2CC7678F18A3DEF87744C082109E88DA160CF460DB439D7D3C658EC05A44B24782526ACA9D9A7835D3445
T=$1

[26]
S=$564275D
W=-$6A50DB2C83B4263FB505E7FF1AFD9BAA6441DD3E9A2E03F2BECCB8571A1645555374186F98577035EF54C07F97127ACBDF0323E9C4D05C2B9CF81CDACA0ED8DC70616CC569BBC2B0DA626D8F4090A0016AC6C946B9A57E15CA1B46F357B1BF2D8C8D3519A64263F7572946981D47A743386B4D875496A9F0A358D603663BC965546CF9F3DFFD97CAFFDDB0BF017F9EB80CDC4EA446D7E6365B99
J=$31947AFECCC1D178D5F34C060F4D641FC6B2C605D35290BE9F50D88DA6510B37AD3F1F2484F1B7A0D32E1C08844C37CA6923DE23D0945BF7734FB7B725F03AEE03178403AD5E5808B510ED058BB70F6B93CCC22CB232C97A18F111370889D9C80310C80AA6BAED6F40A91877D60F17B15FF73EA5AC20965EE876D15C5D6EBD8D2B32CFF880517C397548C67B8E97CE842C613DB27E513BF4E0F5338328FF4482960A16A9AFD2358226419CDAD737E51446494055184768D5C8FF0A29F148AA7EADA6F0CC653ED1A7E686DE53DF6024CF126B871E29C3728EB947A3E9483EAB687AA6EF435CD49BB9F4ECC632F10786F9C770256021DA0063961B03B07E9F7141AF10011B545F6D3969A0F7AF32281E3D836F195DD8FB0C5A60CA75C737F127B03253607B79D646DC2AB842D5C636229A6C09C82
T=$1

[27]
S=$49900967541
W=-$2F3D7A2A8C3A23FBC5793E7CF25E9B1F5AD38C71988100214A9FED3B62EF4B13C1042B8AF12D2BDFC7C6B243CD4096CF39A8046897C472A7719FDC3C1DC91D31A420A3013EF7FFDF98FB4369B8CF4C2CB767F23949ED329BD32103FFED234228B81DB93007E2E728C452DF86A6FCF2857D43B41737821D82E21F62FD0E284AC46277FFC8E6E6C10510F4550F60AB34ADAECDDDB5F76F59377
J=-$D970BD06D0C5FF5B4135D80276EA4A3E24B04CC8A10BAFDA5D618074B2501FD5FDB77CC6204151DD9A88CD0EDE6769480EF21E108197CF7483F3976FAEA11DDE88617A9BE6B9366CCAAEA9CEE108C554D31CC9C7A524A00A3690C6D222558574437A535DAB15A1AF075DD856C1656E2DA109FD051952D7CBFA1EDEC700AAA87FF51C9EC8B6244B1E7BC7D8B18A66FE05E1D69ABCABDDB8996E7B2F607C89B18A2D555A4A2E407494270F0F657FF3AD806DC7EC021B133DA769DC85667D6F828FC77F930C9FAA9EAB7372C0A8762002690A7B89544EBAEB9401CFEB5EDFB00960569AF93C6D73E0ACD9930D7C806FAE849283AA182BA9CD5AC19EDCE8E41B654BFF780C0519EA18F37F30F83F35343E469B43497B7897484F95AC2D585F2107DB0B296B9BE8F9070B68B7B5A925EE8EC7
T=$1

[28]
S=$153038692
W=$11E80F1EC73C51BE8A9291DA6B13039263862D901DE9EF39FC50491D59DD81F453AC729D6B075F2A74F74BEE6D00BA8491E70A5CDF0784C853F93ED692FC044F647391F413DBBAA6AE84AEC43A06BBDFB4E14EB603B0BAC0DBA34D5851531108FF4D347EDB91E81AF3B572703BFB910E6F2EE71A8890562DB205C88168B59E55BEF94887BE597255EFEC4CF1FA6D6C3F59D42E5B0128
J=-$212DBE4F04FC1C4B197F477EA795363915888E80BAD12DD647645002D4F9FB68D23FEAE63B21550220AF77C90C48F074B8A497AB87B4FE08DE1A3F4B12C6A6C1AF64AA1DA032297D9B3B253784FCAEAD169668909D073536B8005D3F3A2C1A3491577F2753DFFE2AD11D3F2310A8F3B0EE22E5BEFE524A8FA24DC6EE0DA7D9E092CA3EFE884C73992823E3E365AB467424FBA92E8B78C7E3120452AD0F09640881336D9D505AA873F20D825968A20D80BD07B7650E9F357E7CF1EE23F858C0C131B4FF3E5A405CBE5A749255ABDD6DC646961C46762181078568E2BE8FBD43D29CDFB2EB4924F7DE2DC8909F5EEF9ECECB8ADB6EC2BC464B3F34C24CB68CB48AC26C0604A7D576B6013F048B2C8EAE2A06E5CA31772DC955EDA47E886EDBE0945E3665DA8192DB1B80E29A
T=0

[29]
S=$1CD791C
W=$81681CE18E3EB9641EE30E8DADCE23FBD0591FC35596A21336CA30924939BDD4AAB5EAB308123285DDDA3F19F299A7DFA003255863BEDF048A08AF8C7738B0B9E19989E4834C671A478D99330127DB2F7533BE4A4C5EC11D8F94EF8571BFA8F06844751AFC7128C68AB43CFE416BCE221506D72C5875526E1FFC7FE51E7284A5C398E45E042DEEDDABE4004F64B29933C7F8D14
J=$18FE102DDFB4C72D0029CE44FB940739B176E5A1FB40FFF84B14546246953271D58D37453A0161D4BAACD4E8B04211AE05F70DEF00EDAA80DBE8A5582EA55A7AB51C0298E3EB517D6D8203DC0A64CC96842BE5FC2E66BCBD75D0943561B4D142C3B2557CB89A129C20C0070F2098B383D033BC3A571396C896940F3CDCC334ED259C1AE572E10691ED886E495FAA63D333D340EBC987B42997292B8EB0611D7AB15DBB15EF3CD55FB0DB5D54E9CF3046F7253A8DE1A11CA24BD3734C68795D3D5926D7D644BA45A8E327A13D2259430DA8F6525B7ACA03386D61C892C1E430198B5632C01D9A2586C9B84FEB8A4F5AD0235574F45FDA1091A51900400BA10D59C84B02FE762DC8DD3A2203EA63C17628E3EBCD36569729BD2BC40488BB0C9C2BE988BE8A229DE1
T=$2

[30]
S=$4
W=-$AFB20D64C5609ED3969FFE3100CC40044A7D1C657489869F89CBEF0349CE19AC814DA08E80D2D204723B0227E8B5838B44AAB60C1B569E831A903686847FCDC4B9DD637275FD3AE05BD611DDC3B2A99C01DC6FDC3CA8C21A88260808DF0FA7368E707ACC03D184DA83DDBA422C918CC0400F7EFF0832D8AE032E59412B97AF56DEEC945A43864AC36B7C19C023A46A6A38F6
J=$140B22C4333A55EED25DBD2F1CF830848C8C7E3D86ADABE9C7760742F4174CE97DE2D1F3BBD05A75683D1E6D44EC124AF7EB2005023F51CC5FDEA9ABBE406202F696458B8DF42A050643930484A47C0BA1820A82040D170A47543FEEDBF59EDBE9BF54FC3024C5D186519CBBBEA478B8B4CA0C1437AB7057E12B404CFB43318D3A1BD3578840F1B456AF2FB8AC37BC6E873584BEA4084512B4D66F807133BC94D384A8E4DB5C2406447E07B0300137E2261EC7AAFC482B9174755E6181D9952431563DE7996438DD203D8DEB0EAF6261C4710A0FABBAB4D3A52D14CF0E8AD1CA7A54A1117690E2F35076CC1C0F674B25F3BAE132AFA1540201A29C5EA597145245898CE15EFC428DF9AC1DFF98346860125DB574FA4D7A8E8A042D66E246924227A23649
T=0

[31]
S=$8226B380
W=$63420D1BFBE54C3377219F9D5D82338F324AC154E7DE15DDCDC89998FC20A7B84BF50676F695F2294914D1B053E30858DC20429017C6B602519692113E177A91DFC8DAF2A7ECA5FEE7CC9501AF20A9B12B2883C9C1C7FE3379D66CAF81013EE43BED41FD12EA3BEE843A301C344523A06F4A64BBED9AA5DC03409E47AC3165FC0131080B46D8142AE1DF5AF6C441ED7B3302
J=-$1510C6130BEC13E9C59FB1ABE25A9EAF5E37D33E0F2EE86531E52717AB086A081A1887C2ACC3C3C5B698C793DFF41A68F04ACBE3641E3B452305787929C4A0085E8625E945CAD428FC43837B071608E7D443AA25FB506B923C74249CDD12DCB35DB602BDFEB67E662C67CBA958F530B9D8A8326A91E9D13934E7DC72BB2F9C3CE25093BD2BC8561579A5371AEFD47106352CBD3ED35C55D9E67B8CCE239516F22E44984A4A4F6CB1691A2C9E6CFD1F8D97A6BFE89E5AF2255470B3AC6C19482B5ABD7A64DA2FAECA00EF5AC97AC0D76D9671B01DBDF37A0014648A5D6DE5A37BDEBB8E3CB66C548CC7B177EA24931C682A71A686E7145EBBB35F615E79016D97442808B7A70FE9A705395B0872B03F4EF0A71434DCF86FDEFE97140878A7244F405042
T=$2

[32]
S=$1B6BBEF310
W=-$3D4E56D09EE5F4EF8209B0EBB212C316D3C9EAAABF1D105D7B790B80FC3B03AEE103674139962A5C0489693463E16E221CFA5267098D7527FA5B22B5D70836A3E5ED719C597D11B28ABD524433A84735F3FBE3C14889C31EE1694DCF5C61962B2256050C7837131CD902AB7184C3A679976AF02811B47905C9CB7AE0CAB7C372324836C12341A22A1A7928417B36F9E6
J=$2E0DA9FF205C57F86AFFE0D0E8AFB73A2883A267BD86C36CBAAD68790ACE6E4C53E1B6DEA67D52E04F194F299CC0FB08C7263C5B1CC49E972FAFA37170AEE92CFBEB769B6C6166CD29A169D5976413CD469A1310B41B0B93E7517D8E5823B375A144F5D297E6A5CE15B656E8183544E12740721A8CCC8E9C000E9D911A05BA02D48896CB356E75EA98675213820F31488BEB7FF335D388A37FA073C62001A51A348F1645D23744CD3152C3DA0A2414A72955E78E39FEF5EEFBF086CD6D742D03D554AF33BDD8D0F893F6E4445E17DCBAB6B92B420814BEDF3BBEB2C3B53A925334924BFD4AD9E1CEE86485708C4AFA5717C7E8F864004B598145FE66274CCF5F0284C4B69BFD6FD0D50A3BC80FA28353B783381BA35BB041C03E752158ABBCA
T=$1

[33]
S=$54380056CFC
W=-$1D6F765D933DD134E6D927233DC52CC751164FE29D19C4742A099FE6F23EAA70A5F01CAB296E5B9A2DA9031783247B3E031773806B494F46A5FDC230F13C4AFEDF76B156BFCD36F0828116841171A51FA09C5D461029221EC4231E1F2BDDA13D5F1D210E10A2D3B2777EFCBC2A831EB4A90A312BA1E8D3CA21EEA76E49BAA2F4D0D894C56E518CCD476D0F94A1B2
J=-$7263C6296E693716ED60D8B581A7253893825F912991B8E856F8C8D148CB6E342A8BC9BACC52B115CE934040AF65B4AE04B2A71AD07089C2CB3CC87EC72B4BAF0653FA4463E4566E6BA29197231BD252978EB8394EDB2747EE2310955C445952EFB75D1FEA50B1192883C160C6B790D006D60F9602535130B8565FA4061795AEBBBBACB8BCD200CCECAAF3337A6C715B8B0E622AF0D572C4B29D40C1E6B029484F394B47D62D0B5AF6E28F2F1BB1C7D349CACA73197265BD3D4BD8EC518353703A15334E42361E320D9D57AE5F75FD4F85CC55834A4D77FB13E3B0EAF5E2563E0DB889186A13826E0C4F59B2B0364830763267BC0B673B13514B049716D49A4FAEF447A7772013F4CECB8EB16229CD2B34D2F3FB69E15F3935AD28
T=0

[34]
S=$45ADC6
W=$9829084C7CE685E295655EA8D1B2214099E56DA7F280AE0012CE0594DA1B80FD1694F2DA216D3DFD0BFA82689160CE081E8F778582F53D9E5B00DA3C40250B1D23C06B9FC97F18A7D0BE5859B11B5879F6AEEEFD593E1A524E57EE747184411DDAF70BC1CA8CFA3A51976955046CE225B6D8FE2B6D68DCC029BBB60B22F8076999AF1DBC482B3E53F40BD6
J=-$2B0AA01E698E5BFDA3D48910B9C880CCA0ECBD794C5792A301DC26702ABF3389E84346219A9CDF2754AEE89FE6039DF54883B72563FE451FB96CF9B9C9C9B595D4BAF958F9140A94A0DDF34122986B71FF52D802809D932D0F6FF8A518479CB1547EE0715BC533BAAD5469E3CCC8E2C1DE1A84D25F0ECD2502CDDB95549ED8EE46C8FF71971E662D6A78F6CE011A64FD0810E49A00B7C4B8791F8D206E486E76BBB4E15922135C86A52D9740A1926C3727FE05F9EF651F9B4BE740FFFA846FD5A0E3229FA9CDD0B70C38D38CD3EFBBBE336CAE174C6CDEA0EC84589B39D5754F2AB6479C487535BDBBE1500625A685184E96015425813E09791F9A62C5AAA0AA1185C6A7BCD431468B91076EF471A272C289E657D80
T=$2

[35]
S=$276D4
W=$BC2FA3E2FB4AC2AF333E270DDE3DF8D6C6CA85C3C8A021ED4177FA9FCAFFBF406B51ED9628893B9E5AB28AAF52E1D9229D28C2D419E1EE2E8345AA2B55AE0705A44449E213A5BE2AD94A4D2E7AB11CCCEFAA9E9C602A7794D0176B18DF58B14650924FF7652F2C4356699B363C3CB52F4B52C111482EF4A2B45D83696E44FD60341FB0B55808D9C4212
J=-$284F645BF0F5D958018C91788CAB333AF46DE63B751C1881FD17E73A7F0947763F47A16484330801BC9A516C4DBBF5A8F7A5C4718D995BC0BC069EA9E6E3529A0584F2717CF723CCD7BBAD0B8E31A360FF54BCA40F875F8D12E712C59E33190A2B69A061960F4A8AE49CC8D321F75875FBE7489D42CC1CC0894FC3E1818533515A5641ABF4610831963206FA51A00EC4985754A4D647EBC56DC6A14F97B0962FD17D7B359BFB5B1683299B3344DF5EE895FE817CBA89E504BEBC12E36689FFE31F7C68F0CA27DE98DBD8AEDB145B8CDB3A29890E624A76C8C5DB47A3A3200C001EF321EBD613B1FF1D70099AD8DC3BF5D446430C0A3D89B94B58623251A02D17279C0E755C9DA309426D16B7298DFB98CC0065
T=$1

[36]
S=$1B47E5C6
W=-$32D94A51F1C6CDD2B98730E13AEA3ECF2756D756B78281806F10FE990949B79763F7905B76194FF54667E2A0C812C876FF6C768B506590EFD82D6D15429A39EBCF29432C82D0D9F0085B395C4639FB7A05F6B61E9AD211EF1CFC949BFA4F1B0937190FF1B69A7837EFC0E7399A8084D9C7EADD8817C39C9B5CC5A256EA613B37C9D24E55F45F8CF82
J=$7A7CE2B26AF04A52CCB8BC7C721075D93C9AD498785FD95FBFC58191B078410B71AA127A50F3F1F4149F2C9C831514AA6087458DC746CB917E3F3A92DD17AC8B641BB28B0F7421A5D125FBF88CDC2E423A82863B7A91107980FF2B8272F5F7C4E90CC502D7480406F7080E661B7DAE5118F820FC490A32F7E5DD544BC37033DC119163D58D69FF293333159B0E92DEB3066C5FCDCBEE3EB88F2D9D71BDFBD2D8912DD8F33D01B2E16D73E203987F7A9EEB00EFACBCA6619429192BE1F43CE3B364D8E9D7BDB8865D8B321A7D464858CDB0C48E6278402645FECC87BAFF572E9D7D9C7EC3DE17AD3C766C6F3614C5F49312C20A6B0517F3AE7A57F16B256A7C521144646F57A253F9748B2F265670A0C6D
T=0

[37]
S=$6920
Q=$3

[38]
S=$9FA6DC2
W=$1F7BD8E71655DF947BAB256C9AC76317A5DF81CF31E94E353D47D86F966C2C27C25A84730DEA9F7E0C37957FADC2E20E724B9E3E9C0937827C33F154FBF6BBD6875AA6EEE122244395976F6BC9CB279558172E5E04379DF658BD272720E286A00507E3BD80585C1E79A16FA4417FE495CA9A388288C42CAD4DB038190D00698B84840893EBE
A=-$1E
B=$38
T=$1

[39]
S=$1C7703D6B78
W=$25A6222E43759E8EA3C7616B13A7F827E3EDE3DC2450DC6795D6818B81BAA190B651E2494980C7B6EC34F63B2D111B3D681DEF43AD7EF5316FB7ED7F97BCD39F4DB1F404F999B8598796682D4701CAE667DDB8E0502F129083960A56987647E48F0EAE15F0DAF4C79569D16F738B742EFF67BB3BD8494912C1DEC0CCC38ED575CF9357FC
J=$F8948B1BC143E79789F14ECD12344BB24F1C52562B9F7944452D2072C40175E897DA07056C3D3CDB663BAE37BBE5485DB0AC9753071FE305CF6D7DE541C35C45EEC7BA64E4BEC95BED27644A09E3CA9B41352A30F1D9F54DB2789777135163A430EB4E78A9269C0ECECF8D1B0AE6F4371CF6E1E180CC7CF28BBF4C8A8372275BABAF390223D94219ED0AFDAF8A19DDF2F296CCF427F22013222E13DA24E356B72F5BFEA7D97172C6C195358FE4AD72A5A22CA4DE7CC7ACE6AF784BA57D1B93F699030BD2E76EA364ED1387928E667BC1E9ADDB9DBB6C0672107CF30F0A2E9C7FD53FA8B566050B0702F829D1ED4177DB805DADFB243E3E9727DEE2348944A6F320FCF3591AB9D48
T=$2

[40]
S=$1F
W=-$8E91DE3CA3B082CAE0A1BBAD0DF27AFB68621CE3A9854FD4E718D95FFF1393BE285B24E92284E5EC8C6B279AF22225FC12CDF267BD717E24933AC86739A5C78C624FD402E125DED8786CD65ADF471079046CDC086791D1BBC2189AAA95484438A16C86F2B1CAC822DFCDDF2BD24FB5D1595EDDEBC37729A7AE8D38901767C07FCEB
J=-$2748EA20A3589E0678707F4B8255FCE492A4BE1AF6A098399268B40B75A6C295A92881A80BD7ADBCCD676229E43E6BE370B593947174B117A32AEEE62FE81E6206B0F0034AE6A29BA43BCB3E39B524A0F2FBA5EFAD10FE9384D35B9B2DC06A3A52CCCCDA9EA90035D8DA4D709EE8F506F3FB48B44D94FBBA6A0A844309518F7D01A134FE3BE57C80366FCEF9CAAB934ABCEA998F11B1E07868EDD19F32C3C2781802E146D4C2ADF57C76581FC5A6D4C2503D1FCB1163BDEAAB29EE4DE02A341BCFFB29E0E3876E3C653699A5E54A5161DC0118D0C8C9A2FE2AFFB85D5B32E37DFE36833E218E653CDEE9544163A8E569D692936E7F8CDA2405A736ED53B7B9F5B1DB49
T=0

[41]
S=$7986CF21
W=-$101B9F614A0A44900C8D09516FCD3F113B7CC41D628DBA2192FC64CC553309AB67E7A2BA03848B35378C596CEE10329C6CAF1E1BB88AFA24B03E663F0B7688735891C7E9265ACF321ECA21B8BA08924FA0C319B83F1080B4F31CFC0AC709FECFFE1CCA0AA9F8B894EB4F1BF0F302036A0D9B0142AC7B80DB854F0D782A47D4130E3
J=-$5CFCFDE4C1A68F32E27E08C94E37699310B7B7B0056EAAD1CAA0D8BE1E6AF578CB0512426638A20EB7E307C8DBA8859B63BDAE0DE5F1AB7B8B34CB2325A9FAECE36B93807DAD4E77C77CB6246ADD61559BBEEC74AFF1FBF1373AE6060325307E09ABE8212930541DAD0F9CCAEF8DDB7315F574FE8CDC7FB74A12973EF9350D67B7C9691F9CEF3855818C8579DF4A2536EC578170DCBDFCD456E27A1A3474E66A363B125F249A8DAF4C3B066FCDA97843F44BFA61CE16ADA0E7169FD455DBE12CD4EDF32E0241B68C71F4B56D710F45A29256F0870E4BCD857EC078071A0627072C0B9E57704A780C93A264B2240ACF3885B04384AE2A4728394274C3228295184A34
T=$2

[42]
S=$493B1440
W=$29E8CE1D2603A3C10EA66C2D89614915F2AA448998067C6AD60A6603D4E16359AE1B7CE4FFA1DAF942440D262B878D4AA6CAA590D7B1F64F0001BCF199F0747783AF05F5A1C5AAC8440CD3CF97046596AD48AFB948E08DA2536A535062C22BE36F3EFAF613CAAEC6C736668B732EC1CECCE56DA230388ADFCEB456CD3F35C02
J=-$207058E56D5DAAFFB3BEADFC15C2B83725E31FD369CAADC182F444B4D530A8084B75966459405E7BFF812805757450D157BA47A0CB91ECDBA058D17E8188DDCFF9C38D0DC89627530251BF8CD8A5D2105F705048179545343EBA14E7D40D54E60B7FD94609F1063A80D12818662FE271606D903F2E9F58AC1D49603F640BDD9C25BE5BEF9038E0805DDDBE6C1633B7BB0095B0107C078E329EA10D37A68570E20C13663504CE6F7180AA8DDA8634B9CF3D3F4F0FD80FA78F1F3B9CCC3D313FDCECB3C727210EBE1E88B558A8DA44AFA66379094C96703F5A150D6DBAF1C7521D1FB78BB41185CE62B6D159808500B324AA940769679AE25AA9617B8BB9F56
T=0

[43]
S=$1BFBD5C
W=-$11B0C644D0540538EEBB56A125167D89A7389E80D81F4559D4CCC40EF5E7DD983D1F2D4278E9E0C43A767E68975A69E246E9813B5CF86BC0A27296417B4478EC0A2BA59D7231BA25B905C2B912C56BB641707B19A65D427E7CAD62B5DA629889F7DB0E2212FFAE98F4B8F2353B9F7E059F09CDE3C3FCEFBF8482A914C84
J=$530350909028E7375F6F98FC8F6E8F2E7372BCA548B630B362AE0EBD24DBEB024B42BECC1F074E2DA1FCD5D4EDBEC16F76D5E59C2F1B12DD4FCBA27993A7F33CC720E695334D9A683DE4CC753D0E9F51B0CFECD0E0EBEB2792F61A16758BBB75DBACC3CF583C6A546DC23FBD1CC48B4C16149BE0375C50E5769B2E8B61B88325FA2601F6A957AD2DCCDA7CD94BD91F643465BFEDFC31578355E87040F9D136D54000FB57EE581E649F62142434A02F343D99F28BE29566C2BD2E331FA31186B1FFDC997345965AF58C4491B5B84774B76E8CE178B059A6A2D5221E3BD040A9D8D86B4A11A77559C6CF955125420EE729DA81A23CC12704542BB4B
T=$1

[44]
S=$45A646
W=-$62D98E2719F3F1CC42D56D9569DF771D038B0B2476695DDD54813BB1515942513E710ABCAC4D7FCCF0D6AFA2E0E3272A1ACCCECC3B033242CDAA34487C87055033CE000BD343FFF26B7E025183C7DCAD0E9EE2255F38C83AB0D3AA837EBD7CA54C060DA366EFA405C0B285F9F0A5585718113680688B042FD387393E
J=$575826B9DE8D046411A85E80C93C901AAF889724FE273E3B091482D13451A15EF39AE4CAE09A447177FAB3674580861D3575063FFB50957880EC419A6BCAF9AECF4705EC0D9D1A1A254DA6410AB9DFA42DAF9F3CBC73276BC6C0BA9524BCBE1FECED456B100B5C0CD5DCDE4B9F796148C605079D17A8BB33A81D5A9A01C01C7CCDDA370918D74DF6EB5D957D21FC7F06411FC7F5038B738B0119CF1F614884BEB3DE218396B2716CBF8EE633F97EC6B8CA002B93A4FED0F71E28E3CD341A7D3A963E3E89D98120FDC075CEDCD1DD3AFFF2C9D3BFAF782F173E86C6073C651C8E6C40509E0018057536B4C2FA22C689E4A3360044D13AEEC
T=$1

[45]
S=$6A0CEC18D2
W=$CA3FDB296655F5440DC01934423D077BAC9C845F49AFFAB717FF30BB7A2EE039B731A118BA2589384BFD323D347FA5FB9C525E20634ADCBF2E91096939635BA5F586FD7D75280BFEA6BD4B8C0405B42CCC92C2E5BDD4BDCB8AE58B544180D2859139EC2227C53B24B18B15D95C81386EE2B448063228AA9C96B88
J=$129A60436977CCFE095045E2B12EC7ABB0D3DEB74D023130DD24D167CCB1ECE2FBE988AC4820308438C41E36431546D0BBFFF5F19E60B3993B30B3F5040551E9FBB0F59C5DA748F4AFB5E36FEB05897D4FBE6E1A1FA86E1B8C4FBF7CCB7C2FB652209FA3205AB12A962D72E4C2421173DA7C2678C58C24B6F0812282BEE9B73F33B3088DFC3CB6FDCDBDFEE0E53A9D38F9DC1C658FB4F49B8948F4B44A1B3605E7EC3176B1A05376A4FB25297E33CB17707186D6F44D280B9475EEF959DE01132DC6E83D8D2FF466DE70DEABD6DD8965EDE5EB27EFEA05D58163D6DF5176736C16C6419B1206EC31AFD9D5B0C72B8DB9CE80D2AB6C
T=$1

[46]
S=$51AF1A5D0A3A
W=-$7966B0BC3D82872A117BA7364496F8BE153D031BC8B77F99527C234CACDB4BCF666759151D8C30733366B54329D7B3AA47B8236F25D053DDB91BA062728BDC617307741D821342D28ABAD9AA710CC627A96214C02623188E85BCEE2D21FBB8699FDDF36B24A934228B2BF15D9B11DDCC7070DAC20D26D6
J=-$DF4330259CEAE90CC9EC33FF6CC1A4EB66E8E07AF536754B515F51B85C04F851AA19BFF33806CF978D59CD4C8AA4DEFF11E93DE710162C307AEB67D08E7D243A496A05D7A71609B91DB9CA874F41B25AF646DD20E6A1BFC36491298C74A15A7A99AEF39CAFBA86A0FC83B1564BF2E8DACB58888662B6D65DCE516B74578D3B1C6C7582B102E9F53C31D1EE269C98EB024EBBEEA836CE57F455FD75F5FBABBB0A921E1093CC9793B3351505C7C38E1B728BE295D3E29B4625D41856AE607831B12251E4226501B3AAD11F94B85584DEAF145ED7C7218B3E485645EA69FBBB5DCCFEE3FFE8F4061DCA668C31EEC5C7AC8
T=$1

[47]
S=$D59AE15468B60C0
W=$1C9F302CB4C96CCF521907B1E57CF4EDBBC49A70E9601A663F3D9AE908B76DC2730EFE6A400DF58E76DC46E78B4D46BD47431F11D8B0FAB5715645AE49DD4C195BF39192277745F2A0A1133E01F11EA1026684D42642A74ADE71A5E2B371C4927912D364400BBDC59A1239ABA9564359F4DFC9EDCD2
J=$111C8E03F32C366B48FB5C1477D907F262D958958AA2EC1BBA4A42ECC580CEEEF57A5E9E863086AE4F5030C89CB9CCC22280BB4555324C089697E5F9000BF6D3BE1F9158608FA6C40DAB778E70FB25BF6D26632E01075EACC915A07637E66B0B631CBCC0FD4117037A29D0C4243FBF87587117723EFFED23E9DFB75628B2CC9D474735561E098036C5AEFD3EAB53BD10A97780332E274EF09ECAED0CFEBD2AB256A350997105184DA70B0815FF7D43A763DDECC712820626A65E2915C58BD6C35C5536222896E9D0280313496ABE03CACF7D5DB8D522F9A13F9C8D9F3338013DDDB10A01733CCC686AA3
T=0

[48]
S=$953A3
W=$8257F89281D29F0DEBA86C9041607A6A9F678666FE01216DBE386D9C6B265441191EC40050FB3D2803580504CCFC08504046E98FE583AFA47B5BB240BBDAED89EA5FA5BCA95039AA6A7529AD8938313D2DFC93B73AE37EA9DF55ED59CE87455081E4C080CF1926F254F6BA22106D0EB4CB5
J=$1030ADFEC7F5E74E8669721BB72BCFC2386F9223DE078DE52BBB2A3C02561B638D107290A458F2A4D45349CAAF9037634A766F7D2B7A93E910275D983E7520E47865E40F895408C8093CDFCE5858954070503AF65F289CA486B7C8DF1A618B28904023D4AC05798934F500434D69BBF64F220EBDE4E63FC6D234918935B457FE659705245F6B1BF1FFDA0A07955702D749D63CDF453A607DBEF5892DEFF88117C676A22B914618A6F1517A15818D4FFF30C86E0583A78D4E3DBB4DE01045BAF87FDCECB7C940FF05F579661F12D46A45A0FA6EC18FA33163148C3FF00D279FF491901
T=$1

[49]
S=$1172F2FA89772A
W=-$2E731ADAAFA043EF8C14A5C5D69F0E74F58935655B3FB23F8ED5F67328972A1BC8C66FCFC764A28CF6BD58FC8C2DB6CEBD0A4BC7C130CD885F7FE861066778AB91AB5B6F600E717199F91FDC3787770EB308C2D259C25BEEBB9EBDD5598CE9967F6AF95E61C2466837397BDF4E26E1C8A
J=-$A7D1553093992DB6A817FFDB1CD2DA3DE71DFA52741E81F8BE56BC0619D032239D8E177154C9AB51A1447F4937A8322B01E883FD78DB7B277154C6FE905F2ACBB4FA579019945AA06DCD36F2F6F020AFC7A432097530FDF94FC41277EA5435E7129F618512A7439EDC982ABC376999523C3AE32D0486E365E643E61E13ACB77427B616B2D288C752471CA2EBBE58832CDC19CF2791114B22F7A1322F87D362366250C5B343F040E84ED9D067740FF029A71695B8E4AE036B0284ED3EB09DE3B64AA17681046E7469E39266F8A7B92E2E9444D916F57009AF0B5AFB13E6C86377
T=0

[50]
S=$87B494
W=-$C2D771C29D00029595F35D0498F53B53D5A8265147EFDB3E50FC5D6C763E7ED4C77967CF7A12B8FC5D6FC3D43E9D9026EF485FFC229910203E504A9C4ED3CB6463095E0FAA1131DFBD6EE501FEB5DC134FD36EF5146EF47E0CDFD7324477F79E4CFBAAE428E96EED2A0BF57DEA
J=$70E90AE8E0A4045C42290ABD5B4A0DF7C630EBF4B240EB4423CBE7E412837FDA53CD6EFA91AFD9A2C6AC6C6C1CDC8CF97C57A59FA630949E5CB7F8A2B3AD9272286C803AC2AB201C3A0C3339E70A53854008D46809A5D9D5E95D74F5049A983603A18C54B32A06B14BB601B0AE0B30CB564C29B041A438960344D3F735BCB4524F7F5208EC51AA46D1E81641A0537F9A63BB4CBCBC5B130BA04B6071252DC4A5458FD5B15F531099FDA6240F04568EF72BADCFFE34F5D69D063E58DC04F381842EFE830176D8221274330970D9AD650BE73E53DA1FFC73A024C
T=$2

[51]
S=$2E25007D3B
W=$9B32046587FD32AD30FED032048FAF9804FD6C21786780B48E3EF68B584CF04F3F7BC5BCE9DAC75299EB8955103290DA28D0C283F7D798B81D53D745C308E562B913670FB671EA508FA86DA1D667D3791108266BF6EE69B04DC2CFCA7F7CEF41ED7EC74BA73B8AA909926CB
J=$6D5CED407E531B952F308B0592DC9FB3BEBD336772CC4027961ED9D3E7F72457A1A43F65C20720D878D3454BBD17B791831D723386DD67B228399B964FD907B2D10B6D0C624B86EBE56A62284AAADCDFDA87B376D47D8C531B6A9AFD450AABD041EE67A0779F39693F9E9BF3020E4DEE37826DEB7AABEF4EEE5C74AEDC1B104D843E2A2388AF2624917E5803E3B94BEECDCAF91A8D6B42E1E77E113A0DA4F998874CC6E48339645C7F68366127F48F4273026CE18A02B078D9A8231CBEC9AB39C7C8FE1CD91ADDECF9EEB259050A5FDD1674E4D590240
T=0

[52]
S=$12CB900
W=$2298923A191DA977D6F742B3ED4740994B147CFF63C8D43CFD31BFF862695D93E46524806B80128C49CA0E56A0C8C9B029700642849B155753E71112A4237D77B5C4335367D2A5E3C5C7699FFFBB06C1F814139E45A0D73AE86C1909156BB6FCF2EE666F483863E89E2
A=$1
B=0
T=$4

[53]
S=$449A70AFB9
W=$1B114E940B49CABC1990F0905F112D4F6E0C3B40D59439714C9ADCA681CB4A8B4875E3866F2FFB5A88EC29A2CB8EE69D948B38C69686C9E76EF4B7F592E03E1BED1BE4553B03CEAB13DC66A442857EBE8D78E1ECC9C2ABDD8D4BE173164BE87A7C02B732B3C1A397
A=-$98
B=$2D2
T=$1

[54]
S=$72F8D2
W=$41A80B7CB7C4FD3B74326FFB8FE83386858C53B0B89CB7153D28D0C2534672E7F8694AD6AAB7DEA7399276CB578570BF9140AF5186CB09893F07AA64B01441058CFA24D862025D6D849D5DE5D63278807EAA9EE130C1D3138C8C23D248AFAF1C7EBC120FE76
J=-$B1667FABB5AA8E8CAFCCA821CCD39F8D30A08ECDD188F1CF983BBFC349A0E23E4848A5391078F80B631C476EDC0A68E64A902EBE3AB5819AED30D6E625EE03526D0BB95B89362E5012B1993BE2E0A387105BA6DD0746C830E74B445E051220DCC6B6FA418975465983A1E83D8D70236E15410956F82C164CD89FAA32BF1A10DF5ECBC3206BD6BDC41ABAB2F3DDCE9C5156C78D7BC59A1BC48A989BEF59D88D5997D106C92A0F794C7A5973BBA01264E20D5753915A7AC32BEC000ECF2251301777A9A6005F7DBB6C72F5
T=$3

[55]
S=$120304
W=$651C01CAF922175A76D08520BBB1C9F992586A292D7B15FEAE92B5D55C221FB38805E651181ADC48AA06D8AC45129D6663449358B10C77645DEFD6091A6854A606239049B7AAF77D0A3C8B8F04723ACB8B204B49771A56C8894E8A202E67CC73D97FF74A
J=-$73807F54795CC0C1A675CC6D9B1C2FDD844B3165BDDE659F3490A582E932DC4DBE50A6452832A697F15B3387B387F3FBE5C6C630C662F73DAC162B7A9AA8D4513FA4E2BBEBCFAA81D0BD857BEAE051F269FC536F69529F55449FBAD91055DE444E16F086D8BFC1BC77C5E9D35AE25F4D6AF21F14D5186920CED5A04ABDA198D8B67C1D7F68FAC8C3199DF288BAC2843BADB3BCCCF3FBC5124164FA294B918589ABEF63E796F2EF5E2A266205A41E6AA68E2EA71651F89E90BD99677A95336B02C453F83348ABFB
T=0

[56]
S=$C35A8C
W=-$8E4140789683A3443DBD1C3D7E2EF21C940065198E4A17424B5B17D6F24F5305E739010453B9878941261987F5CF62F39B7805B05C9613D9F408319CC87401346143AD9FCA239FBD54AC03F60EAA758E2E45D5FADB33E6D471984EC2B2F371AB1D964
J=-$473B7F5706706E225BC5E0B655289C4AC1DDCC219E329FF311FA44269398743C28111C322A2142EF34DAA1645FE5A64DFC037BB67C49B2D356A158FE018AA69589B1FBBC26A40D2DD5263639E6926B305883F56C79EEC2ADB8BD7FD2AF117A74484308A7ACBC000FF8E4FE59D8421FB897E3FEF7950832A47311C703609ECBCDD36C3DD1C2303ADC209341F275FACDFBA782F9DCB9FA2044A5978FBD43D16BA404332728EC0AEA2C50EA7A4BB1673ED397A4A87A9F62ABA59B06B41F0FDA1A12BF4508F0BE
T=$1

[57]
S=$2B3BBAE
W=$41FC16F604EFC7F56F8A4203103A36543BDEBA22C1CFF78C976FE3FFD1D5F483D1E1D5BF25646C2B806141905C623C50E71D3EB7C12EB6012DCED150CFB227E39A1882DB3AE86F13E31005DFBE35F829282702567118938D24C900332EC40CA2F8
J=-$44813884E0320352118744D40CFEF4CE2C58632933B5BB925FEC022AAB67ACBC64B219C43C71D8FB4407E7D8B1B2BF40EBED28A7C740B844E07A85B75F27538D575630F723CBF9368DDD56A9033FE9966CAE99E459DC56580FB1866C5F4A787383BBCF5E5F5E33A2DBDB9B5DE9491048C3A63089792CEF2FF2C2871C377C0F25EEC62F7B84F5515044340F97FF6106D7CACC3980E15FE909BC6B0150BAE86ED6F0330E71B3DCD02C8A2C79C967F805F4878C5A92725F6C938DF5FC6927E9C2708DE
T=0

[58]
S=$1DB32418B
W=$AB032FE9D8CE32D68556AD3C599D73C3803738469662935282BE2F2F536EAA6E881EC0260442C827F6B10ACCBF50D003509DA0AC4A3317CB933021ED376212C4EFFAAF41D3158E4C94195A89954790E02CEEF4824BD15F3FBAF86AB77B5403B
J=-$1D830858238210FC7AF057A7ACF9220CFB71AAD6A42C0C63E29F461F53D222ED2BC058179B5313FF9B63CAD63B2CD086571336B6B771E5ADC46957C2AACA570FEF93518CFD18F7101F06CF38D52D935D5A8D28BA6D65C7697BD64EE7787B6B231BD3476A4FAE61BF084FE92FCFC4416291F180DBCDFFDE9CD67B24AB9C79F3C467C75DE9ADF82B728C49858E13ED123EB18C5780AB4BB56DB37462D4D49F682C3831222F277BAF4A6C17605409D2C2466346EFA3002135EDBA725A4E9F67E4
T=$1

[59]
S=$87FA0FCB41C5F0
W=$CB0583647CECDE41160E1C1640F6F11CC0925638FFB76F8C291AEFE9DD96A529DDCFCDC2DD4E84A3DA334E6E72BE6A086EDE3CB4E8A72B1BD71FF341DCF329ECA86580C91ACCB4D086143569B06EE5E7A92D581C1AFAB546CA6F5EB07F0
J=-$2433F11C57726107D8FDE597B9BF2708BFF629111EB103B73E5A588F09D663AD8AC9BC8229372AD7C26F01796887B3EEADF3B48C44B53FE046FC0BEF79A39238081E8AEF093FC429651E3C10E968D64ACA88FA1DBE8EE13EC9DFF82777487E10B92DC48AD2BEFE9B20CAD27783C333D0B79110AD0A37409AA5F5BFF02891BD58C44B2A9029E4D00678366CD4DFF0B84A5B3E4B4DE71E5F1DE13EF785D52C593810D6967BA6E7172083DEFB1C6DF38825D27179DD1D21EBCD191DD
T=0

[60]
S=$18476F2CE43C
W=-$C9F4E73E7BD5F1A5B2851C0C2BA418B66452C45AFB54CE1019358CBAC144CEE62748BBA5D7E8ABEF7FADDF9BB62E1F417741ECC9067BC39B46681AADE8A42D30C99E75426211016FC56873305F246CC87CA453EF0A9F86C00694
A=0
B=-$1398BF50BC46116E2858C83A324CACA721416A50EFE368C7C28C175619F320F7645AD3D3F5B4608F81A21E1E05E73B3130C66E1EE7EE13898D71CA7454EDDCA1084719631EE4844F875686A2B313CD53917EF784CAD71193D5B396CAFD80BE79845C7B8FEBB8C10D1C666A75238A8A185FE232917BB0C07214CEF56AC80DDDCED2C0798089AAB539267129BCEA91A1C3B7A4367F64910AA6A7FF9478E2629B925CF62762B5632A6A1FD8058DB9CC76C961F6C92C
T=$2

[61]
S=$82672D8A
W=$25943629FC08403F200DAAEC51089168B7EF6D69C425F3712B54466D7FE5983A90C7684B253ADBB5D12A3DD09C62E428A8D381C53CDA8F32ECC9E5D65092A07F86FD054FDBD28196CDBEC2C93B132E8F29A7385B33F31E2
J=$38B6554DC1C73E787E84F54DE39C12CE911C9906C763254586B91B99390DB4FACAF5B5FFB160A6D511B84F120731C35A56E76743C246240B5F2103483CD35129C99FB4EFA3204555D373CA8477DFB0A3933819A4109791300144D44B36C612AFF3A016AF4537AC8817D05F08571D72D3D6940A61D0A880853C1C69760E2EB0CC198FBA01250D1452C47F6ABB514BDFED0866C76C1EEAF15D8B68F7268C0D835EB2F3EAF5F03303F97C3D14C199F
T=0

[62]
S=$2E1961095
W=-$4911220AEC086328E4AAB21369295D64588B2740A8C97F5BB7D94F634BE58CA2F7EE689D62735B92DA7C8275A523595BD0ACD7EA665229879E08394FB83B68868C8F9D153A68010B48A87BA777C5B565B5176D6D96F
J=-$72A62E6522902DFE22398886D3AD0AB8596F26DC2C64979B9744164D715961330A4B9259119D862EC91C97E71ECDB7A7B7E31A27EA53DF9DE90D3286092DEE1CAE0407F6AB1CB71B6B2E7C0993CFC4F436EF34FCD7AA4E496F679102933576FE6EB339FF1A5C74DAC9B87AC3DED2F1BFDF5E40F3467852FDAF1E758E533EAD55D329C89A078201A1D555976FAC2D7238B09AB05AC548BB994C83BB357EC02AF4AEEE61DBBFA5B1769D95
T=0

[63]
S=$313A37
W=-$1F1972C61D6DBE8FE15CBB21F3F805C473C8FDEA4AA7DC5F72D0417735D07E0470EA2B0B2DB963E6A452C8BAED2B4C0D689354A3AAF59A7C516399081BD48E49A61E2AD266E5A2CD9A59FAD45E95309727246DF
J=$B282DBB40F57084DF5DC330F6BC64EE90DFD84E367075C3DB9CF34A29816AA01214A7B6A198C2D975C31C0D7B602D85C0C05516955BC940A2E6B5470E4B68AE66237BEE6AB4E21C066FC2E4C37F0C3F3E8CADA1DE2447814C9B5197714B20CE2BC06DFFE8BEAA2C9161B4CBB3F744F60BEBE565BC40CF3D94993687C946E043B732269EC5032AC3F002DA83887AE5ECE0472C5D83C012BE7702A86970372D8BBE108758167D7
T=$1

[64]
S=$286EA4660
W=-$530552B478B3BB490BAE89A1A210EAC6061BE9C0FA8BAF981E6F092F389AFB5D9C703E22A62E7802B83C742DE36F999A526E8FB8793DD30107434889C4244538E70B2459B10139599F000643EA926C3093FE
J=-$158760CF9BAB659A2896603306A99C0BC1088FC90CFB2A76B94C28B0F893074973C1BC57016C4A24B4E2476CADA45FD89783785515B4BEBA3DA8D9549A5B103BF22498BD465B3E676259B01A20800D68EBCCA12647F4B8735CCDAD126DE0ED777F764E2C7763E63019B12D6BDDB397375A92A5DBBBC3CE6C95D84427FE07BA209C220474D5C128815A176E22E5AFBA086C0A67F144BE3D6D8E19304D2FFBFB1532609C
T=0

[65]
S=$29F8AD3
W=$40C1E4EC1B9F5286D9DBC481AB6684E34D71CC3191149436709388EAB070201F3111164730849D1CBF54A6EC0FCCB084D66C9BB463F41351E0EE32A99E01403AE2C5E9EA7AC8C7254E2BC018DE8A691
J=-$DE53C9E0C39A72E1B9CD9634DD0CFC805832A0647080BE7B0F0CC3D6504ECE4F0C471A92E6B8E0E6984038BE62AB3096AC97350FBEADE5756E4B7847E557A601C22F0AC5A33445F16832412A6A2D50D80A0B65F8200558168CB833308A19068D08E8C58622DD927FF70A7ECE180CDC39B8046B769D86135E52D3FAA7379B6364378A755C3C32906262E1E252CD7B6F2C5A1CCD92AA6227973A6778DC3A7224
T=$1

[66]
S=$37A2B560
W=-$EDA41CFDE87DBF8F1D30D246A26D333DC7247085D46A5DEFB8F6E64ACC7834CD5FD4EF2440EF0E207A594F9319398CCE8A5B252680E1DC97E924B5A19BC2625E5182D27FBCA5E163D9E5E14AB2CE
J=$7606D93CA866053C7EDCC3394FEBA076ECC68EA0E48D0EEA10B8A89A78931FE2628C77A9665CC29C0816EA85251FCBB19773C83ACE685FC96969B304606612795C48977953D050D37C39788F18C1F948E99C78904406E43D4491E939CA9561CDCC465389F0BDAA7C7E590AE8A3E6F0B32CA2ECFC3799459F9CA886367B9CC949DF6AB479ABC4130D49276C067EAAF369042F06D02E988092E41513B8
T=$3

[67]
S=$42F8C
B=$2

[68]
S=$6A362
W=$2A3290DC5902CB7C57CCBA5A440256397B2F7DCD2852E8778A2E06979BDE414D783CF7384386F85414172FD6A8AE1B1EFDE27FF1D7BA48D6D1B8AAFD80AE3EC1EC5B8CAE454AA6AF4C84E02
A=-$1E
B=$38
T=$5

[69]
S=$3F499C
W=$4FA2A97449049F596FD43E3AE6E9B97A2FFA3B1E9085714E1F304D88E0371791E6073E505010091A25FC9881D9FD6B8C08113D4219E9953F9B97FE91B70BB395414C0F27644E5CC45996
J=$466D5419AF7B8F625726BC2876D6C6766751679A50228906D8CC31D1FF414B85F5B6F1AFE8E5CE126A213431F65595BACD6D2299542D9D3218E960DD4E074177DC0915F5BDAD2A51B639D1B0F61062C93220303A5C5BBECC35A70F4EE992D227609F995EF8099DD60E307B804EC4A8D283E391BA2866F47074BB813B959A1515663AE9B0D0CAC1D474F6DA13146E90C700E8824
T=0

[70]
S=$1F6478
W=$1939801CD7D804137B22667E97A5135DC5BBB290A12FC6A97AF2AFB652D0096FAF0299971C34480DF701DD326C62F1908701D172A67A2088587A458E17AE20CC3FFEE3A050A6A68578
J=-$1A7AE794C303D20FD9DA1061B0FEFCBA5FF445EC73C9007952D58A60A169EB3BF11E85E8E91E505F1154315FCF1CDBEFA7117B85AC51E0217AE189A53A11847A36BBD5D90D6AA45776037F2C621CC398D53362DBB604BA11FFE1610C48D5E85A943FDA37DC9A00650566C59E0D1134D70ED9E2B0F9D282267203D9C842E9E4197970A6078DD5C3DECE68B6DE3939D5386B
T=0

[71]
S=$546C8896614275C0
W=-$1C4637160BC7D581CECF85ADBCBC4E8142FBE1C5ACFC925C6602BF1F562E7516F1FC02260218FD782639619426AF70E420D4579474000D9BA56AF22CBAC358DE163EC5585CA7FA6
J=-$1F8158735DBB18C6BD206648BB37ABFDE46D71A66242A2A6257C3EF24FAAD6EB363182CBC34FBBC63B3835D3E91E0B6B412FFD8C98A62D9E94D00BB474803CFC2446B7C30F26D0FDFEEB14077A2AF394BE677879116BC626D0C48B720710E13A797A0CDE1B1CF4A724ED3DEDB1032F4A11BA1327D9C26F4FD8D4F64DB6005A9F8209C575449D1DC3E8757B45D8240
T=0

[72]
S=$3FBA16C8D48
W=$A2E405E86D0359D7A3214193E9114F71B1769A3466D2A59AA6013E8419EF240EDBBCFC6FB9739D0C86FDD6F01622A890BEC06D5B16854E300BBE0BCF02194A30190C602
J=-$B8B195E7A3557E1B73BE803E0F076E5E1B9BC2F29ADBEEC16DD664BA3D93D8F3B09BD3A57A655CDEBF601F1371C1BABDDE0EE372E9DD9722FA3CE5960C9C7BDC5D433C7057306EA6BC6F87DD7B0023FE95BEA8C67449A210BB1E352929CC6F6BF6A930D841557403DB9BFDC673F88EFDFBA5FAFEE506FBF8868EBCFC037509FFCC33C6AF4F0B9
T=$1

[73]
S=$4811E
W=-$30DE53F63573FFE8FAD2FD5D613C3A0369DD0AC652779C42A460CEA39E27F675AC78CF914D9F3565517CE6D0C99EE12E48A2DC4119FCCBDB97085B6D1CEB0931B2
J=$14603E3D5FA1D7386117551F080F58C52486199C7881139F8993F29C6FCB173AFE81C4CD5B118AB72DD6D65235F79CD2A87A22B926437B9A2113CBEB619FF86BF4ABAEE6A38C365DE1C895F543724FC26A9634631DC491FD52C279F57E804E4DF206BDC26271EF1A3803641E3ECC2B45A643F0A8343907356B6F4C84D548AC11DF5
T=0

[74]
S=$A
W=$268A63D1BF8A601FEB457D280FBFF438B7E14F41C7C4DC95336407441BCEF38A3015079E4D50378F77875C1FF5814F7CA494CC59399CC9613CEFBFA66235080E
J=$5611F2AA6941A11A3346A523EE1904A17403E3202DA9ABEBE3BEE94C05BC331F2022E095056F1385BE7768B284D1C81DF93FB8E3A0CF27DB9EF651C102B77B9CFE4D33CF3068AABB51D7D02ACD0EB7111BC94EE5F68D15C39E0EDBA8FBBCC7258B99B4149EBEF96AF5C7C4D74C27E644A97CA2DF17564586E7FD51E2D28E4E
T=$3

[75]
S=$125142
W=$8A3124E7AF2E3C8FC5655FF70313D237C0F149EBF8E27C0D70E0EA23A7F47564F44F37C9B792A07DF95E067478EA4CC78F3CA1FCADD1488213A18AF049C75EC
J=$36FDCA1632612712E533026DAEEB7DB0C10303C38FEC4D62A790674E84D0F883F1A6A4F1EC2B7544361BF469144F33FCAC3D270145CE8478A6779D5F0B9131E0B499E24613D88B3D0EAAB8420714D80EC9F830A4756ACEED069208C97350556B84D1008307C791B4080D1E60C8FD2A22C1FB144CA38F8B69048EB746C191C
T=$3

[76]
S=$1AC2140
W=$2EE5884826BD280EE9B3D7F6D060345973E2373B3DE935BE3D0BFCD37CA9B093E2839895F5E1E7ECEB2C462CF0FCDA7FC383D4667BB4AF59F1F64C48E0E7C
J=-$751F9433A0261E8936CEDA83F784D778FDA5E52627E690A977FC1FE990FE44EB712C764F724257E1806B396A6FD7D8963A744594DEAA87AB1221E7DE1D560CAC18FF27B54E3774A93E8652D65350B59BF477D4831CBB5B6CF0A15B4FB8A0BE91654BEDA7E2C299FA368D9BFE8F567C8196B4065CC8A6412E431C89F2
T=$5

[77]
S=$A77A94CEFF6
W=$7CDFED3E90F5665F684BA2D9D839C2DA287B81BF69C7B75D26F446E28DD1DBB3915EA7137F1B23CF5E980F2DC7B515AB57B024574728243EDFA26CD96
J=$23310518AA3AD9E3C44E2203D0E109E300EF999A64BAE56DCF8C90649A85CDBDDCACBE17E81BE792D7EB2331F63758CB15096E2F91D42613E8AC631D0C40F9FB2E6C573F40ADEC1744DA44B97D385B2BDE38B210CBE3EC5487F8C317920A2A912114186B279F9797E3EECBE2FB4AB94D0D48B0D9D6BEDCA74
T=0

[78]
S=$39B3C5
W=-$7CA8CEE529E0E22FC1EB8C3BF6CE41D8205AAFB77693B71D23C5AD3C95C2E0C7AD9E2FB538D58B3034572A54B252D26BBBE0232D6C6F70F7C01F
A=-$84B750
B=$24C7B73A2
T=$3

[79]
S=$42CE8F9BD30
W=$5C11068D614AAF07DA0119B17162FD625D7CAF23A55D6A623744F0BD9A2F04DFE71CC82DDAB703E48C2363EB54C8FB31C73A14E3F7A40E282
J=$3AD20E5E26AFF6341B8040BDC953921691F8356FB169EAA80D2F55E47A4A817642005C92920A0EA8EB58EABD2C01EEE06C16F0BE27C984881CD5F3F874C906A34B5EE7EE558C45094BBAE18142D44593D8623218698177705569088CC7D3C0CE23C51D22D52BB271C871D00C90A1B106F4
T=0

[80]
S=$1A9545DF
W=-$B8EA8009A1A1A0ECFBBE24AB949BEBED2E9E2158E181A2244E2E7788040F34EF956F4D52AC78795F3236D8683F3BE7E9C467BABE2F97
A=-$84B750
B=$24C7B73A2
T=$1

[81]
S=$4948B4
W=$11B04404109DDD5CD6DCD4EC288331BFD6888C22A7AFD5055EFE90C96962FE465DFF8A59BF7BC82115E06B29BECB8A9C0A19EEBBC
J=$A0BC9C74692D5260EDF7FF031ECDD34CE4A23AB343B484AD8430B15E64F54BA893A8883191364127D5E87E29C54D916749D2B1B51CFC18D85D42E65D87EC931E78E5D86F9FC958394711FE93DAB6AF5ACB39F3EB99AA6B8D7925BDC23764EE5544C19C6A9098665A
T=0

[82]
S=$28FF14BED04
W=$22B01DFD8954ECC261759BFCB57F082A5E2692B3E6B7988E8AF43DF2A82CB9F83B5D45A2969453D7B47B6E42DF36D2474516CE
A=-$1E
B=$38
T=0

[83]
S=$C0ED4
W=$1D96600E6D75A249F82EEB2B266313D8AB6318C0A49DE9E2ACD42E7675B5C9EB7450696FE06D98EFAC82E72A9E9A57180
J=$7BA27E5A57767E217401E64D408A9D71C788E9FCD44EB3D1E8DEC9406E8F6D6DE5D298AF6F6D7D962083BC7B9B9B7C67264749A640CB45DE2D9D02B002650C2E568EFBA89F96577DD298FCF5AAB687D66350C9ECC4078C39FB72CAEE23080606
T=0

[84]
S=$56605471DC
W=-$C2DDBCDF3F968918754C64DF3EBCBFA6CEEE69A87EAF03F3D4E87D3042662716A79CBE969641F8E3A6AD6827820D60
A=-$7328
B=$1DBA42
T=$1

[85]
S=$23E6B08D
W=$B0BCDC8F1A212868E95E54712408CFAF7E31616A11AC5B2F2ACA8527EC5D0B5FAFF26D415E314465C60D639F3
J=$31A8EABA7C9D2837ACB35C52F8EE87A400366601A1472C52F9CE1271B6A02B884C8332BAF295BD91646AC3755BA1EEBF92531DF796D2CA33E6989CE112846615058684A99152115A78B76A15761DCF70334EB02FE1B78394E3
T=$4

[86]
S=$ED0A6
W=$383C65ACDF4BA1958DD913FB348DCBF731B044384B6EF64F5D1F69D414771466E2395833DFCCA4832F33BE
J=-$4F5D1C297530EDE7B7819430FEEEDA5596C760C05EC60CB6266C93BAC33F29AF7EDDDCEC79250E080631CAE1F82D84AACD1833450134C07F39F3811C2CB70333717CDB31DF4253D5BE919A2008519831ADDB9667CF
T=0

[87]
S=$3280A2
Q=$16

[88]
S=$29A9B3E
W=$B5480C99815FF23E4EE55270B7866804AEE64E6485465713F7543315A62A941F7F5C2BAA37527940
J=$5B21D5DE422A8323C47FCE322BA9093D0EE853B5406DC1C43D9C154C7AC1EEC8F9DD05446955E01E51EEF6A8BCCCCE7CA687212E39D051D12CC8884ECEE6DCCF92C544AB8E1B1DC04B588446DD284B01
T=$1

[89]
S=$1BB74
W=-$B5B73AD08F02146B28E459C59328B840629051E782FF2757B2E8637148C9E1EBACEF9F1CFD87C
J=-$12333421AF90442944E2E9EF012652F9EE8A2AE2A79DB8136FAC8CBCD7C2992B1B66B32A82987E5DCF53F0B12DCACA83F5FE7FAF0D127519D05B6186388ED42E47E0294F4AEF8281CDF86477EB
T=$1

[90]
S=$B5C91
W=$E7759BEF94C329E84C5D68A747106EEA53CD9CEFD8BDE89C196AA74EA615B2AD66423BE2175
A=-$7328
B=$1DBA42
T=$1

[91]
S=$8BADCE6B737C
W=-$25DBEF34FFFBD43F4ADAC9E228443E0A6D8C9543DEB1E1E21F715A438EB302D914334E404
A=0
B=$10
T=$1

[92]
S=$3EA77380
W=$5F7E0F5D0D3703F4212F6133D25014D5870B823AA9AE8B6ED2A4248C67CE663DDF2
J=$13063BD8FED199BB52DB7E4A35CB74C64CFC4B55DECF403AF02F0607298AC50C9238AE8A00283886458D5DFD61D0FC04344385C9572737EF8DD9BEF523C8B0BCD48A2
T=0

[93]
S=$10894E
B=$2

[94]
S=$750F44D09
W=-$25597F51FC1609AE4561A3179ADE5DA3B27E09FD04A3EDA07B26D8D29F4FF
J=$10350544D598CA146FD2D1E88F59CF4580D095E3D92B9EEB12A73A583AD7BA805C3671F8B10BDFAB61387812F20DA110679CA6FF5F857D1B75E2034EF
T=0

[95]
S=$122
B=$2

[96]
S=$FF5944
W=$DFBCED773A608FDA17FB3CE5D1E61959714224F1F4B5DFF922EF040
J=$2072DC4142FC99AFC4385C98BE1CA28CF3EF07892062A1E3D96676139E41A6B948EEDC838B30B239A447F5F33649E3F63A412D20CE969E
T=$1

[97]
S=$26BE3
W=$10C5AEE26E49F953615FBBEC878139772075CE20736D671F80DE9
J=-$20A7F3D8CB6E73E865F152096F6A3161837EB9460E67FB8AB38FD399B7BB983FE0D80509784C3DD6431FC430B422B7B0BEAC30FA
T=$4

[98]
S=$306E6D2
W=$AD236FCBBF0EF1CB39986621985F2DBA23353FE99DE56850E8
J=$A4431C27766055B057AA2AC5EA5A60D82149EB187F869D1803D7500AB39A51821CA052BCFD5F5A6FF30E7355D9F61C1CBC5
T=0

[99]
S=$AB184B
W=-$657FE7EC98614981B281053A95CE002F505DCD1BB7456C5
A=-$108
B=$69E
T=$2

[100]
S=$2B52F
W=$197D7E482BBF71D65827AF7DA20E930260558495D1E7
J=$33819E1F80AEB826601F7A84DFE7857641C2BBA88E545532FE92CFCAB30DD358FF1483E188E10889399ABC2
T=$3

[101]
S=$1C3EFF01
W=-$2790C91B5CD8A69B083FA1869342FBECB257DCD629
A=0
B=$3
T=$1

[102]
S=$5073FD
W=$8DD89449525DFDA0FBD3762735C6782F822387
A=0
B=$B
T=$1

[103]
S=$5C2AE18
Q=$3

[104]
S=$141E0E
W=$9FC81286B6711BCB3DD730A46B4F3DC4
J=$AC4F4D183940B705D5A31C8FD37A23675F61788CFF3EBA0F0E58BB5D403069E
T=0

[105]
S=$79CB4ABB2
W=-$23811D6E1E3B8B6AD6E46BE34E46A0
J=$92FCFC506834472AE331F62574FF4B11DADFE0B05B1E15F3B4314DA75E
T=0

[106]
S=$56F66FD742
W=-$CAC8DDE07196D7CDB4D83A528
A=$38C4FA2B0FAEE8D0DACFBA3A22C89C3E846D4EA5F609DC0B9
B=0
T=$1

[107]
S=$1CC240
W=-$170FF9360415303A952C6
A=0
B=$F
T=$1

[108]
S=$73A4D
W=$3D91EFAB71A5B46A33
A=0
B=$13429162844B046B3609CEAF3A8DB9ABBF2
T=$1

[109]
S=$141303
W=-$190C5B5B43FB4315
A=0
B=$4
T=$5

[110]
S=$822
B=$2

[111]
S=$CE5D6
Q=$2

[112]
S=$1096314B6
Q=$2

[Signature]
1=$14DBFB98CE6C74DAFC35A1A4A0C282965893E2BA8D5332FE
2=$0F346D71D09A24C9DACD7287F8398ED9F1245593B0E37AF0

