[PRIMO - Primality Certificate]
Version=4.3.3 - LX64
WebSite=https://www.ellipsa.eu/
Format=4
ID=B497703821324
Created=Mar-28-2026 04:37:47 PM
TestCount=107
Status=Candidate certified prime

[Comments]
Put here any comment...

[Running Times (Wall-Clock)]
1stPhase=30.75s
2ndPhase=6.80s
Total=37.55s

[Running Times (Processes)]
1stPhase=177s
2ndPhase=47.24s
Total=224s

[Candidate]
File=/home/lappie/Primo_Batch_Farm/Titan_Group7_Prime1.in
Expression=(4797791281532851794737)^47-(4797791281532851794737-1)^47
N=$616BE0CAA010C5A47C3341ABC92001F30EC9C1AC8EE1FB60CB74C52362CA4AF2FD04D0D8200745DECD0FF02D8E342141AB1C87F325A83F89270157966D4F0D01FA0AB4766B7ADD8EF523CA963DFF5DEB1C4AF6B5469A36256CE7EA566E4167413B91BBCFAB2934BE8360A9308647DCCD78497ED9C8289F2A712396500DA8A253E3789A3FF95698F7DF91573EA13FFDC65A9FA761A5044D25CCF981A92126ACBF89CA7AEE6F4D038F7C6636D54AFDF81B97A301FBBD78799E6C9A74FBF62E93D295F16DE297B1E0623BC804E6EC462745F44373B9E1453A17F4993AD44AD19BF2B5B52347D3BCB5CFFC4AEDAB8619CB025F76D0BB334B66947804E3DD3B5B28D02ABC2267FFB4C5AB7FDFA358CA910F3DB2019F40A286D3D84D045AA72769E682830A6E3E8DA186DEF0BFDCC52892BC38A9A1C11C149195208B3032487DE59FF0B19573AFDB670B6F9827D8A9A9EBCA3FB2DE67E6D0A904BDCE6829EFEE8E18A80216FB4DEE8DED8CDE53417E38DF6BB26DB80E14A3CA904D63BADC7B61E2E0C35A118075F2E3832110F2EE0DB9FC80F58ED87CCCEF0BB4069A3230084056D1
HexadecimalSize=830
DecimalSize=1000
BinarySize=3319

[1]
S=$5CA64
W=$1167D3A8EAF5325EF065CF37B9DA9762A52701EDC0CA856F6A36E09BE3CB9D1992A608D301B4011CAEC37376FC871EB045F99D9487B98715A0F903CBD171BF137D7A5E1FBBBFBB06F3E92B721908B557EC8C8C0CA5D0E92A12D431E1CCC79EE9E13C9A43D2D743D1C1972D3DAB963F0209B49F17AA1B61598FF22EA931B5B344BBA9D44D6146C72657C0854D47879E3FDFAC23AAF3A4F3F5DD1469E8392B5CE5AE884C93B9562042E83E4CFC69B0C919E89A9C714AEDFB98D75B32F7644FB363ABE80169F061F4259371AB1FC47E899E
J=$7BACB62483B5F402E685BB95BB17CF0AC15CD87C08FB0615CA7A6CD7EC19DD6738465DC84B6F8DDB149F82D5E6E2D5E7294836DE992BC081192CD20D1FECF7402EA398577E11854B6B3C10A93C31B4B873D24DEFCBB434EA263983DF5EB599C47C714321E3565831141D4508CF292829FCF04276A90A1619207ABB3C5AF09C45C3EC46B9B2406259A8FBEE6E43D1D74CAE84BBC5311799F52B1CBFAF9874170B3DE7FFF5CE2B07AE866AF78F05CAF2336818BEC523A7CEEEF24BCEFCCA358A9B7D33760A119506660CC89FC03A053C8C73D39FD0547C4A7CE05DF1701DD634A917AB45CD976C712AE7194D1AE381BFFE59A741D8922032A39197138A2F488AF605FEEF791F80117795EC5D92FEE419658F6BA15CAE8C172DBF618E2BC88868C797D18DDB68A59B7DD48A61D59FBAF11FDBC733EDDA54994D6467E99568D8C455F9F95B472F6D7BF1B6DC35C4FB12EB89466479BFE025EC51163E70694E969C0DE7EF4181B4437E2AC31B32A8294E9AC0052A58D97B9A57C07F2D18D1444DFF13FF2F50F70037241A7C46E6E2501254FE317BA9732C32AF12B755F35320356
T=$3

[2]
S=$42986AA4
W=-$825789CAF46A9C82D4CF6B6610969B013CEFA6D19F3BE15D633F32CDF1608AE6554495DCBF216902AB026E222FE7818473F9B0D3BB0ED8F1293746AACCD5BD20AF8470B6879B30BC5F7A882F66FADF47596CA251AC7A36382A5303964AA717F63FC7D7C375C28F9B73BA390DCA963F19FBFE86A2C8DC6042F074D712C24966E75815CC496D7D69CB2015A1C83BA27A5375FBC45E6145FE758DFD11B1872FD2B27387EE1CA44D5D43E33CC65C1F80D532B625A9C608A59E947A740616B7406F079AE77D3802879F2C9DD0507A17096
J=$27913066562ADAC26C79141663C37B1A956ED99B4263199B14088597C60E4905849E07BF0177563519AB287453EEF523908311E245022C322603B9D1B590B2881B711C3CE355DEDA6D04728D8FE6EF973D718B767961A0061418E4E8084495AA5381BD788A4D3CF736B5BC6B3D59E8314E4701B85E0DD077B2C1D3DE4ED305C37AC920445725415CD577ECA0F1243395D27BE852A132914EF22A00520512904FC3C680DCD39A629330A0070A1179C00F5C7C528D9E4752B9103DDEEF5E82D57DE114A50AE97D4D4D4167806AD3915F0BEFAF798B5AD1860CE33E61C902174D24E571B4BEE579231AF2F11F8CEF0F2D44D87991C4A284FC6FB4721C3BF28F13679FDE1AF49C1E3F2DDE3C00A6B70F6AB48584C028787290AA0D184133868C8DFAF3E0CD33CA2BD6415AE4CFF08A14BC28777756188AFFEF9F6B20F47729A92DC44DF201B42561C7BE2AF213E9EE642E41C850FEE34457D6751B2EFAE83411DF3E4154DC834FFFA1C8DA07F5A50AAE77ECA4AE4E63CBD3CBF6CFD341DCF9F100CCFFDE31E30855A206BEF656A3C2382DCC0F07E9D1F8091E401F88EB46D
T=0

[3]
S=$1189CCBCD906
W=-$BDC0174183652D64C19AE4D1DC7D0311D903B63274170B800829F353A21285E7C93444FB155A66C2E5D867E688DC87A1F54E9728116913B50901F73B007BADC6977794C828580E6682C5D0477ED09A86F957FC303A9D43054CED82B1207B14A2A389B103DEAC8C83ED66BDAABF7F43B43E449FE10726FABC2C1E9078E80B70DE493544AC4B92D42C7EB55FB37394F60FAC812290C2391FF1FC4FCBE1687391C0FA8575C76A30C0234141FAD875593F7F84535535E43F7EDFEC0344827C00975CB40429D258FAB6D899F999BAA
J=$EEF369E1EE95C138165232BDCF5B64ECE12075A172167F0852EB4693F82EA0796E0C0267E9CD3F26CD82C33CB81062FEE20353023DA7D772446E8EC3EFD11D3C7CD9880D7EBD98608DC1075053234FCD0D0FF5599EB7F6B19874880099D3673F12AE3B3F4CE96891A27643AE17B155DB10556D5AC112FE6E5F408134F5B0934DCB6964FF679B03A4AC3EF2499F7367787E2CAB2077D86305D4BEDC7CB69A41D6984E07B0267650DBB3AB1CFCF7862423D76E5DDDA43ADEE5A8AF0B6D8202B60668E16FE78FD09EF8839634A92B6C6C758CB81FE2002796EEEF3428CE7728013357E450F940C80C4DCEBE6829A5183AB0C5A64660B00A1AA5E575C7544B4D33E35D2B05674C5F53A448F0C2785E599989A18913792351847D2BCA01C8D89E3DD6C0FCE440F36BE04E9FDED34903D25E0C3F84408441BF99AD3D9FD085B7649329A4F827F007B92BF0C43008535ECBC28DA8113008E6ECC2165728E7B1DEE89EA1903F10BFD9098B1A05BBCD334A3DD52350A0F437C8CBAC1746FA8334FFE665BA7D1AC6F9969CA775BA1CCB90F3FDA70C98F6B41C3DAA6372D
T=$1

[4]
S=$517538FE7C7A3
W=-$195DA77C15DF6AA1A13738C98666B801BCC5C83027675E4330462D6AE8B281E0A4605F36C5F051471558FD9D826B962B4E8F5D209C239F03A7CF5B8679A4E598BD710EA9E6E3F66221332D8E8F2AF63860575F283965F7B79E06D44C0DA37CF65551193026CC9C4A5B499919587015880EAD314B6E3B90D2224EAF8C8BF273E39E452B9EFF080B660C784EDB0813732DE40152EA59BEED9C05FD42A920801FB833B3A1E64FBD642B929F328CFDCCA847C6DA6C7F14E59E530A4EBC2ECDAAEBC493BF7BF204D3CBD51DBB
J=-$10CA2CC0DA6247DCDA795FCEBCB909C4EB07336D6ADDB7FD03B9AE82E20C71495AA5CB1371613A70E5697A3DB6657F9C4AC0F4B276A8746138E28EB5A37E3B527919E59B2C2C3F5A748D1AFDC4240E727731B7C792DC2155FB4FEA65DCD0B81611BCE6ABFFC4BC963C4B66FB8ECFA9C440EEFA742AE6943CDE544A8EA390CDCDF0F8B376AE8F00DA5C945FEAACFE3DF8DC1A83C23E265FA8132FA8FED24D6859C30FFB80897C4C4174E6CE9CCBEF08E02A9FF0985357C0584D3E16A0BE1E97BF9063010D99FDBC78FE8861BCD450D425EBEC7971339A0FE5E9182ECBB3C45C2D52A427F78F7DC3A9F6DE9BD8809CD138652AE734A8F0DE4E73C0C405C242EC3876DF212D327E4ED3423E119CE24A1C1C15010F1DECEFF55ABB06982F7B42FE71E81DC227D5C5C15E0C33ACD755CF3B861E97D4F875CEE5B8C1CF9614D9087E0E370A8F4FE9DB6B49D85CD318B57F62F4E463AB8E89D068DFEDB69314F9CFD326BE486B787DF0E3DD6F3EF2C8D07676CFC22D01B5FBA3BC2A5D37DE1DAEF49AFEAF79362EC523B0D25CB2EDF2D4ABEAB24FA00FA
T=0

[5]
S=$62ECEFE8
W=$13C0DCD362478C29442C2D1F05F0E00A1080EF08BB5336197E45663A0669ED16ACAA150AD05878DEF06457549DE217E22941F633EE28237AC02CCDD468A12BFE6C05C820E2C681FA1420157DC6CEAFCBB0D480AF8C6B421FDE61FB458866CA682D2C0CA79767A48C9E38BDA3BF4A162EB89677DE39C67D0DE60CC606F97A99E37F648268FC76C23C03357ED4FABA9F24D0E9DBDC96D53DC22FEB8CA1E1E9C2170DACD143D2C7A099CF1E056A6532335F059CA647FD7A130EB635487EC8747599014DC8494AFFFC
J=-$5B21F6129A0D222C00502DEED7181E1BD1CFA67198FFFDFE2B96E6B2DCCFCB947FE30BB57C2D0044836876532AF2373529EDE79AD8CE3EFF9F1909C22F4DB55D12A68BF56FC2E0EB9FCA30BB4ABE0B2FAE6095A41A85C5879DA54BF995AA19FCDDB5E66D7B003D198CEC08651AAAA4F338099422A645B2FD0685E465DED3FB4894F9C3121BA8303459B268C8A27D9B56563C923C3A264D56CD91D7FF2279FF4EC2AC9DAA39A9D22AE5668C5BD9CBC93A90A7E4501D307A57C2A7382680798BE246799BA2D1EAB663C23C3BA9E05A4C56E5A10BB14CF2A98B9EA761B5BED5AE08502877D6CDFCD850E66E49333D35655C9B8A5FD9211CED1BB608526C457CD4119326A900BECC313DAAFC2F8E18B679D04A7FED074DA06280681D2CAD7BCE9924DF1317C62AB31C4D77049EFA8A37B2EA941D762CBFCF43073D22C51924CF65784510896D80ADC4879C93F1558DE297CD7DE4B4BB2BA7A133D94BC7BC247535B6400547ECCA2EFD2A6CC58BCC732A62D993F9CBF66C1818765178745178CFE2601C0615F2452766D6AEDBD047A6
T=0

[6]
S=$564FEAD35F8
W=$26E322F39A662A0099F0BF36D22D862FAD9D5F2A08D7D59D875CE1810BE871D7C3F526B80C0492BAF256D30E67BE527D600FD0120D18AD977B4F9F88B8182842FC36E6F7F2B42C8F963427B5807C366712C5256395FCB88721CB7517EC06284C2CA3001F44C9B94A55DB678AB3DC53C25FD65DDBF1999B87B1563E7B2B7490E9BDD2620524A03AD7447FC0A63EE0A61A638BF5DD602E5D4601AFC6A63FA3F8F6B4DBC6D4A58C1FA89DC915E23D8DFBB4F2F72D6A5ED3A08718AA74886112912A16DFE1CB66
J=-$1083F11491D90C1742E8A40F48042AFE1A0FC759A9231F1C794254379BC526FE72972132CC0A39EB4D5FC999774A23949848D30BF1BCC7DAA0AAFE400BA2E5211543D24945F4E6A8B08A4179A3201F9342ED56CB79F048EFAB07530C29ABFF9F96732106389255DBE640D1C5A2B0341C08D2ADB2F1D1652B3D57655B2E560FE1801A0CDED6EA8B86B1B16D18ACA99A7AB1324999B1E494405BDF0B315ECE4286587528018E34AC254640ED852B167D0F5E2750C29578E39E09552AA926AE3F6BBF59DD09A22393E5A419A7B394B019D3FFA824F3E7402608D09D2ABF79B90654C04E4666A43189C4A6BFB9A5976738A2DB75A3763C520AB677179AD34A8CE8B657834DB469BC2F6D9EB184276FB2BC04D168916E943FA231B33887330CE058C3403E3E7B8BEB36CB7F21BE96D0985E3D570AC4996C0457C928DCEBA6E5D43AA9F6533102040A812C6E538FE302C46880BD9966F56A9CB1D2C7C65759F4E977AC8858B79AAAF1C1B453F18851BA01BA142A641F3AC9BABF6625FDFFC8CA2BD41F9B398F23FCC5C7B95B
T=0

[7]
S=$3756286
W=$B10DBFCFC75E3FF4982680CEDE6ED427BFFBD8F0F8AAC03E15745DF3CFC73FE8E1804B5B6D296B27C4294797FF3E66E4DC9741D4D774BBB9E706F786A31312B51683B2CF03F1F3E0AA98ACC6ED00E4BED3D02AB2DAE70299209173F85BEA9BAE37DA49434228A49882D8DC9CCA535E3A678D5F2A74618CB9BAC3E72CB7114FC374E1DA5A9E6DD26AE62E0377506075B4604077397817BCCF7CBAD3379D4533F08C30992437558B94742664026B8F866E3A3E0CAFB0465765F026937E5630D2F7E7FA
J=-$262D9B8811B41964AF51BAFF5C711CEF385CFD1A244E277FC532746E5DFBE7D9C61056464E9C0320AF27F08847DC8A94FD02469678A23EF0A64B4C3163D70AFE2C46DD5662D9B8BA521D20FF134F36D157D5053984A2650F8CA9EDB562220D91A0B2A3EBDFE6B239175EC069104C2BEB7FB4C0ECD2D9CF224EDF3C135F4B22A686117B0BF29188B0443F43F3197F093F8AC541DE03F17C2B956AF4EAA54ABF6F0566ECC9C43620C28AA9A9D0481A3E8C1406D844174F3182645765B99DE6B51723ABA28C393180ECA4136A49C44FCD7CFEE4BE3F447AAA0BBBE74EF45454983499423B5C8FC39D4495AED96C43270E84A0C1B5BFF88DBB3DC29ACB08750175B799ECBC0BBF901C786F1AA3AF489A5DAE0BD1EECB12DD0F157D49BA1D7BA659929F7A46B01459619F3F4003B90C8933517B7B4393CE4EA14ABFD9B82E1D6AC3EFECCC5EDD06A3F6BA460F2C9A3D0CE4DF0B5DA63AE0EFF5456C0029C0FE67597E6D1AFFC38C3E9BAD9A7E220F566DAADAB5E3150973EED97B3C1BEE370A4DB842E8BFFC34
T=0

[8]
S=$20C0D2DB6E830
W=$9FFE0A6068667D78FA8520485EEEB268C268AF14BEB3F5EE5E59E9C3F400FC6883FF5CF15662909D6C622AAEB3625EBC90EE284F47F5280BB8E50C474065C22A4EAC2F1EA733EBD515C7EB5A900E9F478AC0FDC9E45A08BB8CAEEE319CD84040AFB57D673A380CFB9BBFEA54709BBD992DE161B4A86EE2943B3A3C401AA873901C7D6CAB2F0519D7035B786F6AABFF7643579CEA78BCD73E8AA3A41938FD8E3EE88427610E5CF79D27249564F023479DF67BEAF22ED99EC8E4CA532FFDE658716
J=-$99A5079E11985EA16C32731CCDD10380316DB5BA795931378B0072F4AA4D03688EB4D8EE33A98A5BA50C3123F661FD52F06388A635A869979F677B3F11A3A4CD988D8D32807FC473094CF3E5EFC870C6B67F981B782905C7A33FDC897459DE3340C0E0212549F0608753176D41254DE65FA701754B1B4EF20EE54B2C9961EBF3C83A529F4A15DE25C8FA7544E873BCD24DD4D5A9FBFD02A48CA8B7B58CD9A76D7D3236487E321C0309302779778088B0CE8B54DB1383B4C12D4E87E35C2BAD7F1146353E87B66774A9A32BD59792E6E9E27411183E0AA7D0CB777634F431EABEAC12A077DBD033236F8EE9EAA1214E94154A5C540CB43655E525D546B0F7BB006B30154EBAC8AB34850553DBB2BDF21F3E7DA535DB85D5B98AE00281A01E7ACB93EF0F433785EBF55C270BD14EEF42934C5AABFA50DC59FF0B3FF79A6EF314D3C4F1FF673C9443E3C7339B9402CDF926C656C164469AB5A77020C32ED7B691C8413AC7DE0193AAAA8BEAF6D626FCA4B4E39AB5E3C16D9BB856D9C85FFA78CC4EA
T=$1

[9]
S=$122207B
W=$6AB51CA766CA227450A3B7BF6541405F05FCF3BE670A301CD895DB14FC63CC1C038F9AD58A4006505D5BD1015BDB933E357EF57F7ADEB0329FA0451515392742A741629222948B937EBE0AA454155BAD957409CBD1A1FB7187C19F8EDC011C78EB094948C5EE909ED2B3BDAC61EF03A775F034DC7BD43285DAE62C00053973831AA1DD4B0CC77B4CC2242686D2BA106D15A29F2542B989031F65B4FAD085036EE0CCE6D6C97B4C8974016FFE625F85E12F5CB7BE56B91E1955158809DD3
J=$4E5CEFFBC6AD286A276EEBFC816F5B7B450E4A93DEDECD1AD842F861CE938C1BA5B54BAC49657CC666F5353E55D2631932A00E88CA5B09C51F6CE61EBD0C8FBF0ACF0C44EDD2D59E3B4956D53F8FD16AB23821EECC0231AB50A48212DF5C656F24F1BEFCC04C5C4A486E54D7944FC48F2FCB12DB7CBE6ECE934C09852D774EB3A3EAF7CE907B4AE514FC2C001B50A0327458D4B614C9F3DCE8E9F3B9495B46349514CB4277EA4DBD98E3CE74451AFC4298FE31B20791A70A40E825D5CA7FAE15F4E03B2D80DF13851E569A3000D001E8AC3DC6E7E3D562C091598D19B316044BCA8D11999F104F20965FC2EC3C8072DD7591FBC7C942A53AB78C5802661A24509D7EF6CAA0B1BDCD1D28FB76C4118CD69D540D66DF332D4613085A1032EC34433BC22C61396151D0784B0299E05D3627201F5C85DC7CD6FE89FE1BA3F7BB87A98057E9E8CBAFE353BC34D13F6086D55D9720F609607721815096667F6F8E3AD9BD8513B73ED5C25C32D8367D4919A9304C99AC2557920854A5B90
T=0

[10]
S=$35E83B
W=-$8C4E4E33139DC303A34F14FD3684269C5935A2F730BBF0306968BBA1C008C5266A7605439D2CDE0EAD84E3910779C2C558AACD55A5AF9AFF6D9077381577782DE93E6C77266307E5AE216CDCF2F9C82DF8DDB1EB9C0837AE25ADA36F497302C489EEFB1EEF04F0A72CD6D44E3067AE7D546A51359CCF32251EFD111A3BAE1F53BC9C14D756BA2C6A68CC831E61890603F89BE3DBDCCB558151600442A2F8186F33BA5E0FE0DB9F1FFC14C63AFBCF051B2407C1C661633193E8EF487
J=$B8FF3D70C3134EFE59D3FA9D6980A33D653F60E77385E433FB7EA3C405AF6A40CA27EBBCC69D688E208E1EFAC434C9C6FC03024A82B5F42C3740BA5773FDE7B57CA915B506B7AAFC638C3C9E184E2BAE6DF944AEBD816ACFD909DC49B1955711BC79032F95A205A156F8152357F0596B81DE64BA294C3AD2939868EAAD08AB548340691722CFAE22A4059FF09F68B86005D160E4EA328DB2778B6359C31BE142E65390578976F25C26138BC077A7C8200B5C6037C4565BC99E274C534D1A467703B0D9025F3BA180500A7EC485ADCDCAC37BEB42D07B09A92E214C5E94AED0A1169EBC0D7EC01A6A3A099288FC220406067B1933AB30820B249368C71AF4C5CD8DF105E9DBDC99223A0D4572E69448426104A867EA743E82428A11F6C79D66F99B7F0C3375864485E496D2299F1888035631484A772FC6F1C6063D30110A2BC3038C6DADBFC9AFF4C314B0CCF68D6FB363BB8DBC95CF6C70545D35F04B3A99ABDACC8B5EB398EB8CC9D02C97256B93E943AF9C9494178D
T=0

[11]
S=$1B4C038F4
W=-$DB14EE7E4C62876635DF2D5A91BE934FBF394F4E5594E778014CA600372E4C55531DCB066647F578023C0A189D1DC724447119387331E94D75EB84E7FA13FAA942616CBAEDC05D6490515036ADDBD69626959061B78E96F28C700443C626C3E1C7072FFB4322768CA3387DD52A2E35762CC8D3457913F59CC67E09970EC7E6B76A612DA617C94C3B019CCDA8936D51B68847DE83D4FE13A21EB980B5216933FC5BA739E5FC4111748DADCC34D8279313EDFA2AD1CB2E2ABADCEF6
J=$10500617FC8E15647500FC2564990EC393573C1E8654B6E74E4BFCEFDFDDAE46ECF637DB0C51FDB3D3A093FE5BFE52954452135DF173E94CDAC0880BFEA6A82F79D6E8FEDDE6E56D9C4441FF7467E41EE017A00EE93AAD26F9B69A56F3249D2CD53FC562EBC1B96EFB2E9675C971442D762F78CF3F22A831FC8282C09EB06D9F92229EEDA9327EDCF12931FDF33A39078BFF142834599CF60B75F416AEFDE093DC8984938D3519DB6C55C9B40EE97FE4A482B52EA5FA27C490D216385121F4F2B4AD2EBD11BDDEC5092672BA30E15A54126C0C40F4CFF592A35D8B086E919A368BD797F3D78EFC933135C337A74AD103B872CEDD378FA391D1E5EDA772D1C45148345A9C3752B43EC9633253FC951EF2C1FBE76B679B0563B24AF6ABCCE598C53A6BE3766CBA318B1D8B40B2E0782AFCD772C57273B8BD052D4CB03061FE28C7A1A0113DBC992B87CDEED7A0B7CE9C881B430DA9E81989390CE6341B618671660FF5FA874C05365A76D8FA21CFF58D5DE164E9AA8E
T=0

[12]
S=$7FA9CDA
W=-$67E24473ADEA03D953E4CB246DB842D6101B5A49D70AC70C75065D34D8565125523A6DB95B247EC033C93E1D964C10DA6FAE2FB9267ABE458895A70DC419CA9ED294577735B725094472CA1F3642426A0269E8626D800A1EA50E30B27F01FDCC442BE651E72581389DF021A6AD9EC6ABE91A943EA94B90AB6AF332BE1F8A43AF93BFD803A9EBD1CC392EEFD2A95D883027CEFB361C48D292D6FA096A2EA05DB50D52B1452658AE8306C4492CDCF7B25C90E2A691417795D36
J=-$9583CEA8BA2BE21F69BE648C0FB591EE25B1B830002E44B4C166AB635B8823F82D4B4012C7425050F580411998BAB49563E102518B9D7F7126697B124E89A09B5B942F20F73C9367FDBF7A03D64BF83C6B642EBCE4F0F9E501A31948FAE287F7F42B4C6826B855FFC019A6DF5A235EF211ACC0DBEC68F168CD614B775F0902D54446340BF7CAE857BE6C90404BA11AEB310875F5A9DAB6C5CE3021D1075693002F981B3637EF6AC0D5911452947B6257BE7768CE76B8DD9F71235B61DE840F8478BE6CEAC887F9B20C1674607F1B322E4224FAB43AE4191D763435177D9F13AB8085052A26926C909A531ECAED90572E01F3B658F4AA9AC02B6E047FE220D17D80C6EF9AAF54565F4FED15956791A5645B24B4A05158C20B7BC6CD9689F0DF4188016FF69AA54B018D5C82FEE19F0CE03346B98994585D50A6872F071DE6289807210714646F53F96E4DB32F36EC4D9B6047D8DE5999AF647A737B2BF49235840B61F50A4CA5F689F03BAC4C55F4093FE
T=$2

[13]
S=$13A03F03
W=$1E7860E86EE27540C0A0AB4AA209099F20AEAA26D19F62EFC1200EB6A07E2C94D768EB4DE442193EBE591F43D493B8504FAB8A87B0A1805FB266A2090EFC077876864B05C4B0D65BFC6AD20DB9082FD17D2C855DD857352F9C6DD308C0ECCD05BD81263B32B5F2474F87EB30DA3D1F13C3DD3A5E8D006F02CE777A7EAA70BB4E48B800CBE6C86C5EA2EE1B87A11FDFEC3419B2213BABE9CE2FD898E66D1B5D62B4F51DEB0682738C4C3FB1AC8EDEB1A43AACE5BF39B5AF
J=-$79502F0F941984DE34D8CAA9A83E57065A1F79CDBF49C8130AFC2A1A8797C3D16987D747FCB306FF624915A874CBF7C256D58B4FDF3D3B7E11C29F01FC4CA924FBE59047FD752A69AC5B6AC9226393240FE6B6C578FA6D2C267124AB79C4F90D376C2BD97C4A731807C06DE991964160728F774A4D7AAFBDEDEC013C8E8C81CA0B618DC758B124966BA82D71FC8E16B40B12D298C0561A32CCCA7EADE7232A3340282F1A8E5EEA487C6DDDB02ACA662A5D4C29585C1FAB61213C593C13579A8B5D3D1C6FF43247F84433FA41957DCD7D53BCE86B241870F133F251F1592000D35658908F8C3215B7F6821BE93D71491D35BFFC1BDC2FC75CCBD52153B317CDFAA6B165BEB573A1D38745AD9EA975E8EE8F83C435E516BDBDDE57A711DDB361DC8DFAA5E380CC0C21BDB357CF7587D07DEF3A6DBBECAE147D28DAF3D7D4D975AEFDC354C660E69A2E8317478D2F4BFCE551D5547B90B0E5088FF69FE2EB3F815516D7CECA862328AC3481C737B5
T=0

[14]
S=$44FBE4
W=$A5E63DA05707C31E9234EBA6F35DE23E41E49C8916F55AA6C91EFA2CF0B859AB7A0EE44E1434EFF08B446DCACF79EBDD3E38719A8901BB23749E85F186D9A9831E3FB7A6BAFA9D67E548880847E940E08CFD5FCA5FFC07C02E14FD4BC11EC891DD4DDE5EB3C76DD8402D0B5BD20870FF3277D55F2D429DFEE96D7C33CCDA982327283ADEE03487E79D9EEF2DD680EDD2167F893A0CD18E091F61A1A49AE9B9B83A80667849590BC10B524094FF5E11B010CC064394
J=-$DDA4D904EB594F7468E0E74BFF5589041B1193CA4B5F0C1D38D6164E87BF4AC3B50E6E7FDBB9A706AEB3EFA479D91B9F7493D86647F4795B9C6A7AED67881109714BAEB7184800015C9D4097E584C47734FF0AE9BA8BB57A6E9520279E533F9EEC3196F32C515645DC77CFA5531ACAA39F4FBABC73C7D0AE22AA75D37C500530EAE309E984DEF401D86F4CB90F4BB66043C7BDCBF3E83BE1F33B1231E7B525F5FC64A3AA214736F9E9AC9E75829572F92D930D4D00D21CEA3D717F86CBFC36365EC460E655A2125FD7BC9B5B57CAC5F326803678CACC7DBBDE6B33F8CB75645FB72EB5893A65DFCFFDB87BF472FB20BCC20EF50195C025FCE2788A20C765AB3CCE0742D995202F9375E8F066B30455A1B36FBA0C582764D88B05384D25697BFEC3C39DAB4186841C6776BD5658AC566F4175366332DD0E1EB6502B2051CC9AADCBCAF50C873A468285E282057C0EBBB9F7AF706828F04F32B9629F055B15F24471E7E4E484975B50174
T=0

[15]
S=$7832C5C4
W=$CE6DC7CB8AFD4A88F0F4B20F86279DC8E08DD0C861D35E160FE3710FC4A8157026C901D9904B9EA73BD480725B197606E4C26548776AC16AC0A7FE48CA24F0E66D84331D35066A9891E878BF61FD4494E918D31530BCCE5045E0EECBFA3DA16B20A74091AB5871BDF28A71D5E1076CD51056DBD035E63DF5E623BD911AFC43992335A29D37D5DC6E2837CFE6FBB27E6C51848304727C44EB6C02AF665754407776D66E4B5D209B1C10D8340572D0395292AD680
J=$28C279F1C3B17AB45C76E8261A09ACE2CFD103690264F8D1B545A66E98BB32255834380FCE90E856276C153E6C89158DEAAE4C35B373616B80FE7DAF29359C078FBE2AC5F61F167F3215451BA80F44BBB00F495813F30407320291B6FCD28EC9892D9FDD26E3992348E4A08EA608D42C0887D55850725272572381A12585AAEFE63E24C13D7B644FC38FD8B67BF45989BDFB950C9BCB363806525D5D08D0981381A21EE27CD799D32D31CA57253FCEBBF0D862AFBC582B6BA02DF220AF5EC7D6EDA79B6759E2EDF676B95E7DCA2D2D03DF8DA2E4EEABFEB46E84C6E38FD49F9C5BF16F11D1F9DEDD9C982ADF35CAD88A0D86A000CE39247D3430421DC46EAB10D594C7FD05F5FB25E0228731659F6323137CC5C7F0EF84D46D0264585CA09AE614C97721832645F2F6AB4CD22017E8F988D258EAB666DE4F46F4E2DE442FD8656E9BB141580EA3BBDDC305467F492913CD16DAB37847AD5DC4199256A0367DE1064D13178ED58A
T=0

[16]
S=$981866DAAC
W=-$25BD8CACB2B8A36AF62538B8B81E48375B73F02F12AF6B7A33B61822B1598D4147BA8C2B12914E58191D4A9D355C0C57A49268BEB394E285FD18B2CC6DF1DA38BDC8463B608F71166672E38F3DC3917547128035DBB790FD401D87F0FAC356D8572F804A6F7E7EC82603814FF5AAA1494CC125EEE9BB59AA77EDD79594633640A94C34E8F0276B5694045F78A6EE15D7515D5B895E935513516807CAEB7E72AE3DDB3FE4BDB9F87F4165C9EE2895FB7FB28A
J=$B42208DDBEDBA350DBAB5CEE2FE74FA7CA3822C82E7741DC72E066953F6080F2C648110736FF4B1514FE949EDCEFF3166CCD5247F9D7576BC02131FD374F438F9BE11841A8B163A05DB00317D43C48EA133461830650F51ED3DDCFBCAC159DAFBABFFB5E634DDED2EC086EF16DAFBA018B285B485F3CF3644FCFF210E75C43EA596259AC146400CAC563EBE9D1845BFBBD2710DE76C8A6A75E65FBD4FAF3B52F032869880D0E1D69C6A956BE5B84FFD4FCFA869BE63BBE26785311EFBAE76F5FA22324E094E12A27E01E01141B7DD8CC4588CD41C9A3C74DF38BD0D94FBC85AAE21175CBF51C085FAEF9A1675E922CDAEE86FA8AD1F0C462D80DD34742D130C98926C9A1E07ABDB14626E0562A5834F7D28FA6501537098698252C19AD8373F9216B3DE55A01E184113E10CE8BB1166FE9C42BA94A5D11D34C7684456DF991B9EFC4A6D4F9A4C55F2A3171A220AB6D16142E857412D468EFA9369043FDB151AFBA3EC3
T=$2

[17]
S=$1131D81EEF660C
W=-$337328739D637B2F7952C7FF42C7D4FC5DAAE356D40586B9A83C497CF47F8ABB44FA1B3B028B7AEF8134C845051E0F9504A493FC63859B7BA315D6E6A4630E1023352E79EC54BA6E43EB19734BAAE2CCC1AF51BED1B981CD83B18792DBF888C2770214094381F0B31A09C1FE1AF5C9BC7462F838E31267B5362076D02C3DB9DFAD7685C02E3C9A3A8B9296E0AA78255C8EB86781D66C99295EBCB3B0FCC1A23A7EDB742CFC8B3265430A71135069988
J=-$E6320E355ECEC116AC0258DA8B341C79A9D55C689BF70BC6285C72F315533E92968BAA751A444F90C06B21FFAB1A0543717F7957C9F5107589D02586F55CB6D346F252CD147BC9505D514CECB32F70C0B7BB20DFE5DE94CC517825CCC53587E2EA45F6721D271B14E186CF1E89FC0B74725255A3B78F36874B7351BFD90DF8BA2192E02DB8F6569CB459E48B8ED7F59574B8CE9B06B0ACC1C1D9DCE5369DB104A3596BFBDAD062C87BF406555F1DE642DFE8B92430658C4C4FA3CA4E1F6E1FC56621170803F8F825CF805B8C3BE8899DA8F17B82AC83EDC13E9C24757FD7A33B075E22042EC7D6915C6327949E757B66B771E55FDF57DD5697AE35F4AE6D5C634C3480F8FBFE5F449A16E465351D3D4DB7911DA9CDD94CCBE667546903208AE3D504C382684260E0177B41B20C3A3ED3C4A247AEDD1B3049586D5F2FA4295F0968817F63DAE9ABEBE153FE5943D0B4E6E9A36A5CE1E90292988A23046E1D
T=$1

[18]
S=$3603AE8F96412A236
W=$6BC46C5822F9E5099506D8B3ABBF16B1F04993AC7F7B3E7E353976222B64478903305AD6724C6AF8CCEF5D6599632BD42FFA69DEE34FD5E787C5325717038453F129AF9FBD6E1919B174083E631EBA212332C0C3772D7A956B1A277A4B3C313EFFC21ED04371C750CDB1BCB77188CA32DC2906ABF2B8A1619F7FACC1D843B0CDA56E7C5F7318501AFC4FBEEB1E9ABA632E7B0702356B78BF7D1705C46A5A2B3FA030CF8CF26F51CE0058C4B6
J=$4D0C451EEEA1D7A6DCCA2F057D6471E258E8E34930E97938EEED0E22E9A1DADBA3A499997AD3624110A71FA80B36D1A8CCE56E2954309A156D0F6CFDAEEC7A56EA9F3EEBD50190BCF99799BA06C5503FA51B2D6B643FF78F0F5E01FB21A640001DFC85970C84A294BF0F8E901213A00F578108AD66FC753368490086524A486E71204D150D49BCE13569A70F4C2E662160B3A030EF8652972DEC50E752BBF103C8CE3D4225BEE471CB37210CF9547471C4081149CB825887E75CEBDC6C031D9BCB23463A08FF96C6CFC51A99D27894B4B4237BC4D0DAE570ECA6A1DC62E6E338153E5F2A1C619A3AB54069B358A1E3683AF221C353F076AFD000161BCAC3460AF01B53FC1493AA57ABB63C0837DD171830DB53222189AE096D33E608011A833EEAF18A7B12513ED28E491076A3C696EB1893547F3E610E297C1FB9F3E44B3FA8683CF353AE4B94C2C00348C60115EAACF194E39C173C865
T=$1

[19]
S=$2B458A80B4B
W=-$11E6243D32AD66A3BD7D24A1D5DF20EF3AB536BBB0F996957319666623F4AFC576FD554CF145E7759E9B7088FC5A08F95A6E91F326385CDBA763A3D4470979B5F4ABE3CEBB0A0862512E1B7308203C73B40C0B0A81862BEF701595C9F7B5B5BA9DEF661FEA30E05B224E3C7166CA79FF3D25DBFD0DF311DDAF18904595710AEDF5241EAA22BD115D9FE5387E2C56ABCF125398CEAB26968D633B032386429790D0065B0B2DF4EE3B
J=$26C59D8C5B05A81C79CD8C4EAA9B3F12B759B234F26A7643369B05A33E7AF30AB8AAFA16C0E7C0967FF677F0CA69718AFCBEC79A56E804AF97CE5D8042266A0D58BBA478AC835ED198398AE63A78DD353AF4156343CF695A6F1780607D6E2C17AC2D72E6953FDC0FEEF50CFFDCE737E52D496C6AEEFF6A5653998971A3ADE2F1D24CE26E1B84DAD73160060890C7E6AB41D121E2CD8FD47F5CC245368B8ACEEBC4C4F1FEE163B44ED1EBB269F807EB9231FB81832D98C4CCD45F814F821C6AED21E0482D864286B56409E83DEBEC36F87AA72FB7585CA562F4424ADC35CB94732C163E2B8F2C5F9C0D72F608881297E779B7D3195671F554D0D7562029BFDB6F01AC5283A4D00D2C596C261FC751CA272215B43BCB38B27A9C3481A7A8007ED2F06119AA11F5DDD5F74CDCB9ABA60B4DC85523DBD7A595074AFD941CD73B7F1F4713F2B9A5F47EC3B3E033D803BD294
T=0

[20]
S=$9D6545
W=-$250D45F02D82E64A7D400451768642F8F6B1FF4859792E5641E821FD3AC323B14BFC33281B6B444A6F5ED46E87170900ECCD504FBFD1DD86A3668FC2164F5BE16240945048A002810C9C44DC4DCED6E36B1AAE75BFCAE08DEF1D09A9FFFEF10667B923FF24327B7F5FE748CB835042FA2502AE7FA5CECE4379CD6234A0B623CF24D3AAF36A041177FBEFF9CC86CD1A1235F7B3443E201024F28D28DE4DDD0AB94A3B2652D91
J=-$138EECAD68CDA95B077E7835ABF127071BCEDEDF7F2F3864AF8139D30B6F35B699B8FC89B23080F94374647917974BFAF36C53D86C5DBEFA225426DC93D467204C8809DF6F4225065824AA8879CD753B92D565473CD8DBD6EBC43FC9696FD46EBAB196DDE2605094C201DEBA7176C66B86AE74E2C43DC4817D8A04184284650A33F98161D2F9F1A99D44782A8F7727870F3407AE3699E7691C45C63E6642AAD525A462810D5CAD516C0044F5CC781C86AF9B35925F4D3178E63BEBE846CCB42287FCEBCEF3EFBEBFC978E070981D351079291A93EF25074F64B121F925DC90B0AB0A657223B02DAF1BFC52A919C1090D94AD057E90CF45141852E9BC02EAEF09F7559EEAFD45016D7AECB1EC8B56DA235D6A82DC018922695DADCF691C701FE1796089B37CD17421383880602795105DC754C2A679672E3ABB31E23CB81CFA093CD686269989EE6BF3689
T=0

[21]
S=$DBD30233
W=$18D816FD888D1D9A4687EF305964B660700CFB3730498E749FFD8A10932E1B500E5DB7ACF81B85BD31107355D7071FF98A55A629AE7E6F5554055A64E914E663AF95D91CBCA90AD54D52B6838FD6112566D362A80B23A4662315B95423D0CDBB8384914A002C701A040631ADDDE257327EEEA35051857BD0C0E9C9FCA9EDD65087C3384AF06FA8E460F4BFCD53102BAB9B62B9A07E9CF06A7A016EC0A2365C258243B375
J=$36B4374B8E2EF656C004E5778E4374C798D36CD0C50D369A6F2D8B2E0F8F99969DB9D0744778CFC76F62A48E95C874C42368B03DE606EB6154A496A0422DA1FF0E7C799D65B75F66000D55767C782CB4ECAB5DE7E3B416CA8A5AFA3FF6CFA081DC65196086505CFCBF988FD3FBB663B0FB7F76720327333F488E5E38C4D814B2F54A96A6DA2E9C1A8CC67509D292F24501A3642097574AD4B020AF419A38F85DBE9C3CCC8A35B9FDC37B1E55064D0C0DA2F0E48124924EB5740A90D87D7BF3664260897AF7D2CC8A63AEA40007F419AC4F6FF3A7B400CDF564A18025932D6AEE4E7E6D27664126224D30AA061F06E0A9323A455102E06040B4A4EE3CD0656195323B052F701A8314D365023ECB1B344349FC9CEFCEF9CA73C8D595808BBB270F382DE40D3A5DF672D5DC425F93BE7CE768039C9075305C0148164E32CE212741618197A819B5A1C
T=0

[22]
S=$20DDB1
W=-$4734573C20298D204314EDC2FF7515F4FC613FD534BAF823B60B70224BF6CF49D2D74134EEB8AB88CC97E162E4F058BEB2C52F50F042BF11090B5FB84019B7DB24F9788078A8C4887127A27900952A37415176D08034168849871DCF4B69DE1FAC4D1F329515A007D7C5A81B9DFA89AE94FD1F779A3DAE75BA1677C52A14A145006845CE5DB023F19FB20EECADDFCAEC781EB10C74BAFC2658EB427A8E9362F7C79F
J=$CF598CC0F8A2F99FF8C26107D8E027CCA4181587E2ECA4AF2F976B4725FA7C961F586630426AB71BBD2CB781417C2D3D9793DCF9ED168625ECC5F0742EB91B5D0D93A8D36B83882BF6339A687EC874BCC67D80292B1636E58E784932FA95882CB2A94969BE49B2247B015F15084B427C42426AF8E0A40434079F0B34E0305E8179D750AF242A9FA287825018E5A81A30111EC6D8B59E0DD78C9D23AF8AAFACF889BDDE839C02A33527A3293BBAC28284A2D744B7EDBA88DDA2CC9126928E406789D59D906AAED5579F49600F6A51B3C901145F0B5B123B23AED03D5FC61887F6C9A380FE174F067CB333DD82A425C9EEBD75FE2F4101DFE319C0B07EAB8FB3AFB1787E9B453469876BE013ED86BBE35418B0F565C4A336A2F77B6B8742CDE0F313F84E3B8BA86E4052F107FD3FFEBE24C930AEDB42096B4059B8CD61F54997AB5D74EF
T=$1

[23]
S=$1B65307D86
W=-$DE04620F76EBFCA5980175708485E1CB402720564D4243DE6FB73A383E7D57FBB42AE960970624D7E814BAF70590E120316265E1FE88B0F04D011630204B4CA46EAECDD8147358254257046A59FEAEF7B8EAC4AF6CF14F7309B24415690CC5EC8FEAF6B4E7BD2AEF405C202F1EC5B196539BBD678BDF076097A8700A794567E943ED1C6BCF966CE0FBE383624E693B7AED91157B403593369DC0DF095BA683752
J=$134051FFB67D233C33C5A4B139C2548E31B74B7085BE8C3F373AE63FDD8030118BBE93A3B3CC81EBDE1D43930B03DF7C793CCD154ADA679D59693E854C027BFE981BECC69F2029F617FB943C13EBE5C87233FA47F2CE6969EE2D0B79AB7B0690FE41704D40582A6217E7DBC669724207F7E8F070203C74EDEA49A46B969D7E22141A093B6DA7C7A0CC3136063EA6861DF6E816FEC6E16ADE95C7C4022B2E2E3C093D8470C666AF2D213EADA737A88FAD83F6201B00C06C41EB6C25304A64F4F4D9DFA5858A3BEB4902CC55F14174C721C8C63F6138910F3A994B20B4DA3CBEFF80EC9920A80B6E6E31F8FCDC9097AA3D0C95C4E5FA5880AB8D48058A976E308CC20D1D4DB6CB3ABD5702056168E32BD6786D7DC36B4D3A6E9DDFABC4B8A5AB9118A01695402B63737C8A62A0BCAFFCBE18B3AC7F8DBE5F4C83E6E7A46D51D208E9
T=0

[24]
S=$EA18BFE80DCDB754
W=-$1FFDF512424D3748226585EBDE101F123B5E80397D286805E0AD4624C52AD1594581C07C70803110A0FDC3E5B91B8CFBD638B273D2C1E1696FE4C985FADB54D8DF6F6A2C6B2A969BA8F9EEDE928B089B0AD0BCE361D9A9A928A368FFC7A205D922F3C3797446EE9C7B0C6194017BEFBC73F6BBA4A8A8C8D57E6A1D7844DDDA24E6CD8AB418ACE14DFBFC81416B98E47CE289A9EC562CA29305100734FF774
J=$11CCCD1516C90FE21A3AE4106F2501C17307885AB734141CE74B1428432DFD0A13E3627AAD0FE00E80A01B6C22D566892A18381AD77346E8A1E4C797F89ED87874765FE3587EE2729342A40E7B971D6741AFAB7E342AE6DC995FFE719E5BD2C9D81E01819AB46120F946E94F67F45AE26C6691A30BF70A00C9F973A865C21581AC85C6B5DC3D2968A9206EA8EFBE097077D4F98A9B71ABF95332416CE0A5F50F07A29A57C39422FC13D216508CBF1C6229CC3C24345E2726CDA064C24A70E383D7E6F0D3C4687FBB2A45C4B2518DFF7FE67B6BFD21A4A0B3391CA0DA239F03E1D8BDAC943C3A87214F030431E9BCBF9EF4B1A8B0A8BFB40F3E67D07713DFA89D51780EA0F54BEED22715934B34DED8A5EC8BFA3F0F77DBD465861E6DF6DAA463FE78FFB5DD7938E3741137B80A9BB66AC1406C9EAF7E2023731D7DB8E
T=$4

[25]
S=$761F516E3
W=$253F3C9D916127654E2BAB1B2E580BC79D91D601DF4AF6EC95B5FD0CFC616AE2E567E4ABD71D13E8484C3B2AD135C4E41D12DC309C81A6F673D57844F03C2557655E0E28AA64AC9459CD522562D721EECEDD24A509D6C3265A6785EAC03852DFBB3B902D00BE116FD6D9FA89A4877C0B04A50E89DE0239DD415429754323C4249DAC355C570A20FA95A3A2E28DE3954C5C7C2412DDF0626D6128B
J=$4194D10D7112AD820470072EDD432B55B2876478BB133FB71B32C402BFA7C6E2E1FFD8049C271ADD1B8CC20DB46D626DFA11EC11F303C8D3BE1384A1AD5DE5E71A9A5BF1A4F28A4FBA8371765BEA5F5059529CDBD141CE99E048B96C81D50B8DF45A125C4F289A31BEAF04F9671862325082C5E0489769683EE131CAC2A96C6D453FE791AABB0FE87A930F9BDE23A868CCC4F853A4152BF194F37946139B1112D316465BD27FBFFCC0DB086AE3811CBA724C5FE950112990E2BD187E6A162963E255211F216DD61E9F46600DF7D45193303F1E7F338AD0625F6D2B6137D84AC35AAE5A8319467523A3E781D96E4502B8B2590ECF8924D52F763ED2E72D6EA80EE8144DD702D40EE3F651A3794061C02CD42F150AAE47C61EED0DB37732CA78F33350A62C4D4FB828C813C9B09EFE0E789A08ACF5
T=0

[26]
S=$376CA4
W=$10EE10CBCD0089575BB7353D47A95F5A636B83E9609E1F9F2BC4A121C029816B4D4A4F29A6587ED30343867B8F2FD1D7C3EE6563466D5E8FF6791BA2948C21ECEF0C576967D7F230674D71B0FA5478B7D5717F7D47B3CA9B1C42D999408F5AB01400B3F6C07C3B31A606BAED5A2266BC13DA404839F7A45C9B326C28F013061FD74C665F5C18EB6B8DF44A761C57F797927BEC733E21E0680
J=-$4FC0A0EBAEB851FC7B59549965EE0E3014220EED8E02F147440D459AAF73EFC4F580E67DFFDA1739B8A5F69222E0EBA9387E890174D5BDB4D78764E79B16FC6ADE8B5611AE3F294C1C2219E142EAA6ABF282AD4DB8EF44D815F57583BC1DA59D81B40C4E13A97BA5AF41DD03D8484052748171136A39C4B48615BEBE2EE9C1C9D99D287486B84F5EAE845AFD15D2A307A7BC028DE9636280EC43106E7E0B65B6560841F75B5F3E956787A0FE37555E0E44CB42836F6B8A32D592B171D541A1C1039B5077B3908BB737B19A76808E83EEC3DA2B72AAA40498256EE48999ED0810F61F106C78528C3A9DA8D38AFC691588D274D861FDFE70931D2590AD31546EA1E42F71B575EECECF306F599D1E77DD56DBE607AFE505CAA1A033E0F58EA7D440B037653AF861D3C088AC021EEE0B183
T=$1

[27]
S=$4C3A67640
W=$2738184816CBE2CEC8A613DCA4905D7D9916DF6C8FC8BBA38583168221F40FA3C6FDC3D93A0D866F7C7D75B44491B1A1F51CEE682C0C8B5EC7059201E4D659DEEF0ABF97F24066893698F9464A45C67D9E9EE2605E270089F2E753E3F1380E2A2774811D236E1D25EA59947EFF3F04AA9FB5F01492DC6F596EF295102AF3B3ED183393A16D59570F355B5DE4833A1DD95CC93524B855D4
A=-$23
B=$62
T=$1

[28]
S=$44C9AB
W=$11085C986F58421E5DFDBEBC4EE18EF2C7B623C3799348CAED80E470169EC960D071BD56B311891DE6D970E9BD7811F78600E3C5AA632D0B318CC570A118C9125B27DF22F9B487B339784A8E18D7E884EFAE5F6131B1E5305D1EF512B096E769EAC2AF8E81CA7EC7E70DC13262BD2C3A894A30BE9ED4917AB5CA5FC0B8771BFBB32AE708D2DEF27CD84584F279C3F0D9AFF3101D17
J=-$1F53D50806B5FCCFAACA901FF6117751A82145E14E9F720D489255C24F6852F7EFA92F534F7C004319FCD14C4413140F4959C170FF945FC11FB06B5A40BFCCB92F240E86F5B5DF0D9885739A02CF4297A058CFE203514439E7DD578C30F6F2C6E093A08873DCA6CC71442A2B275E6F62F82E20442B37E930916559A6C9D9CEABF6F9D639C9755A26542D7C246D70AF373B931E86B9589B3FF119A663E15B0D5AF80BDF44F5B930BA33AA6D5B7A57633A8EF9E5DDD94F6EFED7C15D7960EA039AD52AF669EE3541FC874A2576B0B6B5123CE6AE8FF0A2A4A7392EA53D1BFBE70ABDFAAE961E1174D0C1DF606B75E1C91B91DE0344018BBF22D061146A63AD612501C214787DDF4B3CBAD3EC164BE10468D523FBC65781012B52A98B266E02E7C543BBF1B8FEE3B3E33B
T=$2

[29]
S=$2E907BC44B
W=$8EE24D1229589A9B4E997AAB422548C6552D2A5241579B0DE299E911AE4CE0705BBE54FD3A9B961C96449B3214C95B80B2D0CE8B9AD9F691D960BB86F9AEF216B108FF08A6736B4E6B5E59BCF94F7A087766489EE79DB99A5BD480C65B53657A2BD53FD23730E42310DA24F1175D985B751570D721C9CB6D560A864CB4C3A67E14F1DCA493BDF539CA10145BE5651DAE27EF0F
J=$DC2BF4EEAEB6A5650548B4DDF5F107488574B4CDBCAA04B62B2B263EBE5B7420FCCBAA066060FC5F43675946D7CA705380BFB0B814FCEF4F4445DB71577E2488C1B8CE81C4DEB1E5E6C276C8447C98073A28125A3065DEF8F8CF8461066B1199F2210B680900805B3FF9DF0A9E200F30162250D88D3CB09ABA934D792F978D5F3224728ED8ACCF7A6A3E2B5640C08E9473D2853486BB4AF8F0B41D9FE024F443DD9152CB3D988D6879F455BEE19073640157F3C914F32010D738AF100D9273068B486C50D8A206CDC0B0901EA5BDA7638696A58216DDD8D7788AA3660314FD96F5A6EEB16DBD41769FD4BD187F1A54081BA37BBE9EA6DD35CECFE70D714D5A714292F97A93597ABFFAE8AECBC1BE10C73D1A3DAB8B89889F5A18A2CEC403B6E396BFB7EF3A2
T=$2

[30]
S=$18FF18A719
W=$93989BECBBEAA3F76FF0C7B8FC45B48E378C07664A8DD491F8D52815FE663A4D974BF95E512723654AC38B8779FDD6DC3672CD4B0BEC6439C86CE8956959630BA15A46C29ADE46F9D6FF9B15527B6FA8C82CBE5C908E1A882C7BF938B8F4281606CFC679BFAD1B57C5CA42BE8465FC7A9CA7FF142D343EBAD93439D87714D30A9587A2D6DF9CC58D6BE7964B6357E38B
J=-$1CB251F7B28268A18D23D79572C5DBA988228A1495BCFEBD3DF9F6B4FCCFFEDAB413D6287BFF8F391FF600CBB30777D6AF8B8B6C72E1F548FC0538FDD625DE3616DA9FE9830470FF327921611F9150419A7772614933C96A708301CE5BDF75C831E8297BA29CA3D1669A50ABBEA3FAC353BDEA427EC9D46B4BD61555754CEF5E4308AC4B5C48B64BB6718AA7B5BDD6F93A054431897B2BF0485FEFC8A806B1E4B0E57B394A2751A0E1EFB2CF70A17EA07B8895D4916EF17C78FA4B6555168265FCD0942A95FA45810FBBB070E1CCCD7C5946DE30BFF3869CA02B7B63C240BEA242C35A8FD4C55EF462A97143B21A3D9F283C004B09D4A6DE41C9D8A4A08A7C867F866243C58440736FBAF57AF02270C4A70C8CBB20E11998876F823B716E0BDD487
T=0

[31]
S=$6042EE
W=$EB4F693A36BDD47FF4BE7C7F2002A0D012B5F01A6085C4923F681D4099B856AE29EB15FC8C60FBA01A4EAD06EB04C0128A56833F49776DC3D5F5583D2BCE7CB1DDE8E3215E1EA30F4614EBEA1D7CF57F5571D5DCDA9F89BADEBDFCD1D3B8DBD9E23D21685F9D91C2EFFFBA3B6C9FCE4987C0F9AA8D2EE5DC39947BB7EFBE8BDDF3870BE21AB6E8DF10DC5ACD1E556
J=$19A5F8AF1287B009B8A253125B46E3CD562987A0211BE796E365D29EBEF6ED4DFE33429DEA28105CDD540FA9E26DED78D1B82C834829FFB568440B4B5A8129ECFB7E9F521D912E59A3B1C44A64E852E881CD66D4E194DAABCB10BBB4617CEB91C75C1D911CA5CC3B33498AC1404F2E5BAC6D9566B57A96AE47EC6DC85263F0ECE8568ADA7664F10FB8E9910809856C994B558207AD6A40A8D062BE4B433B93F184CAB06A270D7629F8CC50DB890977962F7BA81A1348C0CDC217F384E28747FF8AB9793AD70203D8436D18775C061D2B08E24FCF531E9337BFF05A21254302A0669F8558321D6434826190A4320E8807B242861A6B7642574B63A8250982965FF606196F9487AB71E6B89F552C11EED79A17F45535D7603DAA5CA555F0
T=0

[32]
S=$1AD61E28
W=$1B24E43CC0A2ACE9D937C5D99AF47BFE50AD0B8CF73925608FB107B0893A135A3F35A8CA90A8A66A9D86A176261EB340C75A074B0C83BBB7E61859F81423B38A8A5239DC6C0E9E20D1CD4C93ED08EBD6F416CB7F7D1F590482DB2A0125DB53593C92FC9999C857EB792FFD174E5D6EB330F89B379B4EEE641E0073A1FC0C68A330F486D6FD46EB775D137A530DE
J=-$554B22FC1A1DB91E4652D26A0FF0D275DD2B6DB1419B21212A705AC424EE6F806F163D1666C611A251F55AC31082C4201D8C76D638179A3DEFA5BCB8E6BF521F3374C43D14BF09ED62DDEE1C6BA885B04D073980B21270EC73446D75D8AFBF082AD1CC741A56FB63AF0E9DB824DA676D65567826BD9C8ED70E174BE8218018045F7981443F7035144537CAFC85E794DA7098A57D2417B79A94A27EC34A364113287E45A35A551E3C7C9F6BD60EE94089EA896670D90CE26AC19E1F1C99985346AF51C61D3E884CE6AE0944788843A1A13AEDE0B96F6B9110ADFCF03931F36C9B94195E3D91586EF88217729D3B22C98116BB19E85B4B62C22DF186E7342BF8E64B9E4CE9044BD0AE4070D2E8899F48AFAFC56522DBCC6ED68C2E
T=$3

[33]
S=$CA33BCD57
W=-$530407E1C6CF2B5FFA48C692E3F31B636DB20E763C79FC8AD81C4EAD12C68857536BCBFF7C8072E970A5F058837631BA74757A71A903BE9B79E3A842797A7A88062D4ADFEE463972411991ECC1EA6B48D6B390998EE96321E7CADDC901CD585BFEFF87FF9A516EE5A166EB37DC02D8A5FF0E16B2C011B2243BE028CFCA6892FD3BFF30F37BE865AF7363EAB
J=$1EC741FCBB11C38BEF72BF14E619AF48039336F94DC0DC089E391687792E0F1FF839229EE501368E0695C0AF77A8E51FA15E71FA59B5AD61521A7E242B80F938A9DC719B42C9EBCBF1505574826F5A1E0005B59FBFDFDF4720D93BE403061F2350653DA80BD374D3C9A80E801C6ECB8109DD140319C4E54611C40D5F5F319E07A71006128116EE0789CCCDA2FB4034F523C9FDEBA27AD3071C56DCCEF915546264BC7EE191D1E168D8356EC01B6765F3EAAA9E64433782C7EA34DEEDBCFFAB9C88EF8A7A1999A7DEABFD325F20C33FECF49447962E4377589046FE9D810F99D3C13264D5A00E1FF6E4F16861E6786F501643720DFDFB984C4DE2D9E8149C46FDC29538FFFEB36D70C3BA0F0ECA912398CD9C894AD35FB
T=0

[34]
S=$11F2443C
W=-$2BC1BA51DCCFC9CF3BBDFE65B1AC97F259E3CB9F0A7B8396503EF4EF52D84D8362CE510D8830CE4E53A77ED0D5B0A00EB074D877A2CD7DF398F74D68805828A06804F7A72D3FF98422114135F24355677E50F0A934894A031033C2F01244F9EE885B3EAEBBBC3E2B88B665D95343C1F86CC23444D4542E00B15422C416D80B2C4FA7D106E83EFAC636
J=$A41202A317CF9B35CA7639FAACB646EA24B772757044C2F1D0D0B420FBE8C55D4210E084467973CCB5FF60BFCF3A672BA710CD32459E3B75815D0E60AF3F2E27FC99B66B161963667836C8014E1F1D3D62E94E8D792E286DEC2DA991F8DEBFDBAEFA05AD441DE7D509EA4D5BCC47322EE707C97C422B6A0EF971DDD158FF7F33202F05FBB47E60785447DEC480B189CD924CBEE0EE11B180D747A2F68297C26466A24481D18C1EC42248669FEBC85A4A7C888C692B9744CD55B54579ECCCCB4178AE95FD3C8C619E73F3093ECA7827B9D2EF752377A7B581C58355A470D353DF60D9046AF9A8EABA7D324E91375547C587838D255F9EE6D490CF7D8535DA24978F4E9536F8CFFDA483F4F0722E7B6DC74D8
T=$1

[35]
S=$8DA77C8EC
W=-$56D739C0944F895A5E84EBB2A487234E4472273C609CE2764119CB6FF961C501410ACAED3A102683F6459A328EC44AFC5BAF06AFF7CB9B0AABA2DCBBE7302B8753F26E1BC260FFA7C3D27524261C63D6EE1D0A9A181F05C9FFC1741C8A63BC7ECE11EAEFAE31D7B3A2204698B6A6C1E671E0EE6A6B5592E0486B9618C103A161793E3A8DDBE47F0
A=-$7328
B=$1DBA42
T=$1

[36]
S=$1B8FE6C
W=-$1DE7CC81D1CA0615F9910A645614EFC0EBD00B7D691DC8D6E4CE96D1F5B36589BE6DA15F6BCDAE866F1074C0DB42E2F47CB0CA28C097BE7A27716F70A7B05AC9FA092675C6C0CD624C10583B3754017B47BB78A8F3EFB4709DA28EA2F5A86E62DA9B57B071D24ED99153138EBA5E585D773D1E3255CC79ACCE59D1E2B6952BAF63BAB1C707E
J=$2C47F8F927B678B62376501A689BB430523A1AB82CE0931778543D8F32146C8EBEB3871BDF56AC0986F372F8DCD42B837532FCF4FAE4FDB0C49222AE931521E20C19A33FA54C94FB9332730112B05444A59068BEECF8CEDE74B77AF160AC0577E8DDC8D2323E59372BADAFB0EFDABD911C3CCD3CD3E7958672E817092A6D11140354AFEFE0BF795EA49009120DE89E9F7DE36C6CC3829F55074BD84BD433CD431E99B15CF533F26D3FBAC8F79A3770245EC77F19D87483CABE42B0F86B50509A0A33EA8D540A1A895479243B5696096A7D7DAAB1E36FAC7A6FEA07552F1E5F9A3516EC8D75C37A79D776BF57F6C0BC4B8AC2F888240368FCB7CA94DB67A0424B360420565545EA707BC2
T=$2

[37]
S=$742FA3386DB54
W=$13EC80BDCD8C3D36E45E573DAF1C69AC5E7AB851DC9F76148593BD02AD65F9043A4E82A7CB49D99250A5A12DD468B69F3F781604A98642F92103E88A418C4722ACC3C07F17428C932C56541E3C76977E6DA66ADAAFE15035B9E1376F5F5C79F8239831C3920C0F36C88B22ED6A0A8E7E0DB8B9F0F2C3D68A243F7B1CDB6E0F1AF7094500
J=$BAB59A78FF2A2B2B137BDAB4438DC78AE87BD1D1BE02502DCFF3110BCD68B45A741FB83FFB0951656714FC0D0A702B9F7D759C0E6AE9C0DFA94C621A58DE99068E6488E2567602D9C435AC42BF907E71E2D495BC95F8903713435F618D3C7F0800B8DDBF47F5D04BBCBCBAD7C5F2327DBF48F6999A4E679FE5E70A91982B72C25060243BB62AF9C50C41FDEFA41B191F1A6BA74CC6E1812D735304FFA681BBFA00E1C3841BBA434F942B7506575674599EF5CF701365349F671596782C566E8A513C639AD6F40591289944721EB3111DC003D26373BA31DD29E9A674D866DB334B053221C3DBFE795C5D96400CD2D6EEF84C2C445D2B1C951BCDF27ACEB764E1D3EA2A8F60F68
T=$2

[38]
S=$3A724A00
W=-$CB0FCAFFCED77210A9299D61DC59D81C1E30645318EAFA0EA4AF0F7ACBDF931C2023147182C33E284CC78F7BACD00E1A333CFA53EC00CF50F9767E0C248DD18421B424A657F0F2FAC3A814961C4E373EC461979662C35CC9B69A5538C6553520C419EE44DC3489F5E762D17A8FBA9E223AEB211795954CDD6C705ADEEEFA0A5E
A=$1
B=0
T=$2

[39]
S=$61AD5E6A8
W=-$A821191C033F69DFDFECFAADC3A782F64054DB41EFB9CBE77C8A79BC25C7CFCDCFC0EB8E4265AF34A01705AB82D9DB677DEAA2BB936A6179A9A2BA73C5410FA1058E71EC4974450C0DC8CD078941F0FC601E0D975F1F561651B599E41DA26C6B575E9A3FEF0DCE0B8435CE20098FC6D3E62C18840067FB5AA77B0BCA9CD1E
J=$B51E3CC3A0CC688242FC44F96696E1407027D9CBD4406294978522B55DDD289B4EEBE5365BDF08643F940FC3655A11DEF5FDCC56FF0BBC1BAE0784BA2DD24E04F16315F3A9F256A522757B0F8383CF1C674A54E41D3B0595DEF24DAA234927E5B864418C0F9DAB1FAEDBD70B0F726230556546DE070F1C27CAB9D3B7258D2128C96F54F852A34203370905D3C6EC466A57A1D3C321F39191A9E6A9B7E0AB468E1F89F65DDB29481842DAD5246DA985F62F7BFC0B83419D7AC1ECA89E1E80E89C2CA81E9B3A103D97B8F084E121CD2676266F5B7EEA24F2E0B362DAD99AF9BA6E0D2FBFFD510C8C5FC3DA65BF5107B3E25AF775FB8C9D9ADD3DDC09B32
T=$4

[40]
S=$FEC9649BA4
W=$32D43498654ACBC55F9575255D4D58BFC5231A03F8BA81D9DD4A696A2076523A2D1DD8D67B8DC53D4211C7E69FAD6E34C74C712434FBE01ACE85479BA790A475EBA5DF7D05A074441DC1EEF3155D3E2490959028472372B51B42C33DC3CBE879B5963FD5A7B4CAD0E840DAB58E93028403DE6A46BA1C12B9F350E130
J=$32D3A4501CFEDD005EE39D22A27D07353CDD8DEBFF23A6E2C43214D27145A6C8998A4941099F09A83FA334E746121F7D7F3E245938AFB7F9938B104E64BB7D695B35738B2EC9B9D0B8934EEDDAB013B0A52A14092FB8F43682492497D183312068364772C61E652D234332C7153040981C229C6AF6ADDB1B59031F35266804A8558D11873BC2CA2F31A49C1A2C138B3CA12BA5ABCB3CBFF9610EEB196DFA22FD8CB417EAF1A4B881DB78568504F629AC9D1F1567FE17E71F0A647DBD98189DDC0C3502D58711F5B357DFE73E7A4A54AF97E3675FA63C1C91C56B909CABAD296367E381585CE07BC43D21E90F165BDE074F1589166DF623BDE
T=0

[41]
S=$8170DD5
W=$70CC0EFDDB68718BAC2ADA90A6474ECE766C3883FB894538A8E20D16FCA6473DB24F42E6035D982816127FBF3D2DF56EA90A22EA304E154F7244864A37FBBE8EB93F0245D0096B73F2C114C605E55D553F8EBECA91D4D2F493920BD8E9D92B81E4F248CDD2F6971F74C12765C2FF772AA91B01F9B5AFC0887999
J=$489999E8B5BCA15BC228927DE00ABFD03BBB8FC9C624E9B2D6C18BBF90D2B04F735CFDFED51ED25642EDFC65B498785C5B40B32E78192EA20EF63DF4D5791503004134C89093DBAD5E91A3B47BFE82ECFE5E58FA96EB0EAE135FB2A3D7A90903BDE37774BD984D677B2F9AC54BB977DB1BE4DF82B137D7B78B043B294D97DE567886A76A6866C1A249B7B382EBDD802BE66DC1E16CBBCF13DF427D4C110D7ABC294104BC117432E0D6D3DFD1A5573772002ED38589FAA8A7D43A7D6DD1A8FC68113A7E554AD147333AAFD5C01C4FA7FAD8DE0937BBAB7B8EACB9D6605F9AC77A45D2223E385AF689748DAE44999C998FEA23BE4
T=0

[42]
S=$2E0590F82235C545284E7
W=-$2832CD2CBD4E5FEDA4776931A0F5E234829E6A08B613BEC7F0BD03C08C2A3B3ED2D1EE06EBB2FC726A49C46AFB117D25770973A1D7A1DB7765FD204B062E5C8C4BFD308D1EF014C45596D7E0F93F74888AE266CD211B3D0C85290F11F8F93990A7ACF6396E13EA8E750DA2B8A5DD87A78638A1E8114F50E0F
J=$C6BCEA87176A30326A0FAED418C3EF509FC8C63D995E0DB28B6F6C7A34B6A104DED74AAB074E456597140C0353D450C2ECC06F42B2EDF659FC753652A5F88B166EAE7401A3B7A8F265EA8FE810994E09F2A8F1856D3BFE9EF6EF6C7746644FC286DBF5148B386E2563F58E6CC95E01FBA01E37A117E70C8B334835B78D211061FB3DE855EEAFE42EFD08D9FB4708F0F1AF24BD9677383856E4E5BCE7AE8B4E47D6C61ACAED7ECA238DF7487CCC7DF11AF1C396AB8784DC072425793CB4CCFAB01B1EDC06F218B3E1DC1B2F28966EE77C95611800507A93B95D4C39E82C506E51A8DD6519CD84A87015BF320096683263
T=0

[43]
S=$156706
B=$2

[44]
S=$1FDFD0
W=$30A26B18E86EF4901FAC468629295622B164F053E87F8E8174AF5ED3F05D658903F6B42DF2883503E226FE3EF364AA675608C4CB1073A81B948A44DB0510F036B62F60591FAE4AEADAFB9871CC42E72D672A3941675AF7A9983E8027D5644E753C64355ED5CBE369E4023DF070F546357A8A
J=$2D7D44DCC3260E3719196619146D3DDF0756D2AC22F8FC481B28E2FE1E759C814BF466ADB784E555CA21770B101B59CE1346AE01AAEE7AA1AF0777A2180188DA56336E1319C45064B5F03083C08F15918070B3B1AB48F943B95E1D5D8243BB90E54A283858C09DBAEE0F923CDBE9A9DCEC06FF3D6E7ADC29DF57AFD2F49C77FF9C8A6E370114E7560E89AA8767474801240FC62A591B6C0075B60C578BD2FD33398DD6444B937D4338F005472412EA422884ED0A76FB132C5033B5EC74A596B0B182D251FE901C7231331918F830706281AF59CA0D93083CF8B10DA5034D10490A273F4
T=$3

[45]
S=$57FFD5
W=$E6321A4D05EE92C19CE8CD2EBEFFCC805AE7A5C8DF94398AF1E816F3EAD9A9A216AEBA707C46C0B0BFA1DD3C6782C2FAF4F967DC83D1E843D790F7C5F7BBD39E22FE0A14209CD73B0A3E8B490D4FF36EF4E73BD64F9682FCEFE58E403BF5D1E12F01C8A17DABE6263A44BEC3EB7649093
J=-$13D17A945478A3DF4F01B6C08BD08CF001238DED732F4015B4878AD6E57950412834E7861B09245BB049F1114BD6EBB9319DAAEFC9AFDE12B962CF4EB5FC6BE3990403EAFFB2AF6DB9AEC8CF1A4F4E830D303E25C1C1AD2C5126CF6C85FA38CA3488B9AB07EEF055E9F073F4979688140C68B2E8A33807924B62270F502265009D14ECC995D0D2B908C9A53C19D3AE0716DD09A11F889F876B5107E4695394AA91135B25EE3C5F44E0B3E8214A765DD383F2CB4AD2E207BA913F65B15BF0B6CA4935CFBDD206A50C08B618ECEC10EC52B5790477B9C45A5FEB2B8A77CD89E6AE72
T=0

[46]
S=$1EC91F4C70
W=-$18E2D631AF9C45C317BB3D15297224864B6BAE84F87B44C63B6C1585C36827C3FE129FE0958ECA598F3060E798F4AD1AB71F7207EFB6CB932699A86459D5661EEDD8413207AF883CE21B54CF09630CF65712F8EA0F4A7F09112D998B769FB5F1567EF4B2302F75DDA87CA2ECFEFF6A6
J=-$38C7442DACBB46C0F789202E167CDD4428D33C42907B121144EDD241512F2A99FEF0B81EAFBE63591710B80B430F4E0F26988B3903130C280792A2998C5F67AD44ACC6801B114BA8A94CD177EF3F91479716ED1D29E14C64FE216915634E33E0F1D30608C798C3E01AFAD3B151A3ABB859685C0BC02A60E42B89578C135B0FF7200354CBDDF5DF65E499D4245691EA87547E6EBC9808FA2644A902D24DE180C24421B3EABEA91BD72204A5E3FE1D065B1E3866B8FC4C4191E88F4BE7CD6CC807196810A5034E20E798E04586CF40C822EEB8B7136EC7DE4A92CF88154689
T=$2

[47]
S=$C3679AA7BBCE0
W=-$2739B68EB48277EDF0BBD78285C85432D0B7BC08F21E1FAA4D2635ECE3E8A026E2A1605BBC84684E683CD4FDC0BB781B5390A6BE979446641770DF211A0CBF64BCCFDCF1FD5F6FC6BF30EB3BE09B7A40BDF9CF48C7C85D4E124E83846D9D6B64B1C8FCE4FCBC98522E3DFD4FE
J=-$15742687CABE380EBCF456CDC45138D19535A970A356CF44A791B1EF7B49C978A10A69C7D919BE73FC7603E55F932DD50ACFB81BC7D6F24DEEA3CA4AE245E8F3B5801F207999C3837B3F92496B7EE8E02A7DD70B1FB8E6A17C74F8B1F18F6C30FFB573D3D969E6BBDEC05EB3AE21519D59E476374DB135E489814B7E628185ED53ADA26AC7CE93F0015E8BE60107B576E9C2B53170890101DEFFDFAED62CAA6D364484C5CDEA2A0A60C9AD0BD19796FF2D3110F9F55059F05CB2EE286F7421332052B5EFFEE50897D562F6E15F19F314A0F4C46FFCDD47D2F37
T=0

[48]
S=$12AF729
W=$117AA3655E8DBFDC80968572116DE3F4B66D0BA01974525DE10CBC88083AEB686D749137723D34A1678160C64131BB16E3E86D1EE28AE2287C31D986EEC7152CB2D6223B6BC930805812CB7509B847529AE27C06044D14427749C360414122A91040573C73422FEBD36B
J=-$1DE95C53DC2C421AD61BD2C9C1025172788E752E54F078A54D756F8C807385403D03BB56DB495048331B70D532CA4A09BBC26563F845A54F97F6AD76244E555826533301F36254935B2F6BAB53019E423C3842D8FC355F97ADFC7033E426D9D044CFC94D704D076E00198676C9B9A10AFA7A56E47EAD7A344B9838B1BFB25B9475A6FD7039AE5C12E57F46E00AF0FA6700B3BD3D67B8B1FEBABADFEC83CB190E2181B679424EC2EC0468515E01C0477238E99AABFF3D33F6F6AF75C316444F96E4B2F64AEC741AC60382F5FE1A9CC773BF1BE7
T=$3

[49]
S=$EDD18
W=$12EBD234A341DFF297311FEF89A13D1D0E5AB0CE93B3B79BAFAF4F3CFE8F2C3174AE07BF458393FCB63D354D8D0FCBFFCB3F5B0F1680B25561FE3ED673C11E47C5D8328EE41076A11CB01402E47BF300333638C5588EE967DA98D9017BCB96C97456EA9CA5B04C2BE
J=-$156B1537A56B45B79DAA9F6DBF956167C8194DFB48FC6F6B284542EE716BF591C51131214C4479D95E65AC07EC19AE77D76BE1D7D402C0FED0659CC35ADE5FF7F28ADFAEEE043B0D3FA472D4ECFCB8AC264DCE01F58566CCF23A467A416F608652712FCC59146A0521E0508D711889313E0F5F3EA55394FB2721A9BDE2960718E40374882D391EA7D5467F95B61181901D5D904AA76B290F3F85D4332D4AB981D3B95CB9FF34F24FA5D7A39D69353E03EF1CA0523C16BD15B23B546962D1E8ABFB48AFE8AF9D7EAA28D63E77175417AF
T=0

[50]
S=$77BE4
W=-$34F6B5337B05EB8D104A51BF7FF6DE789391A8B14681061D3A7B7E65CCBAC7B0E8F1F726788919B23A6CC7A147CF8ED44F1BCA068F97A372419853BC77FE772CD9AD1963CD807B5711B65FE243AC473C30F47F6E8775E1388C1390B5E545B45D3775BCB913462E
J=-$30D2E884D2E41394DAA15CAB4F292C99F096A43D4DCC84D9A2574C8955F113623A89DA6AA5A17A3A6911BB493DA793345F6EC538E21DECFBF67CC065F9C60462AF27E045990AF632D16CC9222F4E13B74BA312135EE33968148EB13DF009CD520C556245EB099DAA41E8A308EE5A4859B5C825212F77535BAC6DD483F4E4030742840260F49AF2225E22FE8A7EF7109EDBE7467E7C0D87B4C090798A0FE85D6A15018677A6F2CE4C93B1DE0E64DAB638D5F7CF4E7F87414E7556719E19CB1D235CAC2EF523CE584E6DE554BD82
T=$1

[51]
S=$4CFF964F2C4
W=$195CD5BE223C3BA9242CD86A33EA29CD94D183CD14B6ECA34ACE3876090D58FAC72B20183C1A552BDB141E68416437209A1E0F5A0FBA329D6A7E6CFA1ECE638F3A3093AA149C252D22AD1950DC56ED409E3BE54B8E8D206FE9677CA798A49C5A23885AD70846
J=-$1AC3E84895E8B50CD4074A6CAE76B96CA1ADD56EB297ABF34E82DD5843D6C75BEBC83B4534A531AE8E7BD56E6213B6223D7DF2928A61418BB189F396DF64811553C73C66E6E878E1AC4924DE7C121A2A46F4603E7F0E0801BD6038A6C37031431F15CBBA57A6C071BCBF30C59EDB2E2FED3CA3350B8CE2E1DAC75030BDB397FF26C1FDB39477317D93851FCA76EA98D9FF6CECECBC60E4ACDF972C2812790C7328801F4895097EECAEEB2FC1E1E2A12F2CAE8FAC17AA4A4E05DFD48FF21F2A04151930057742A2405A7E2A
T=0

[52]
S=$5224BFC
W=-$131061914FEC7DD982346EFDFAE197A723731BA78DA30DFB621B0359BDCE41A453FC0A433DA9A5FF788E075E581ECF7DECF9D9C0C04E5299C4842B6A948B39A0832E310A2271042047B7ADE90474CDC484B423B289D7C8FA9E9955247B1092AB12F952
J=-$D8A04AFB7B7D8E992B653867833286496B242CEFB431066E4BDDEA45B5873653D271BD6C22325DDA17FC73052044D9BD98AC08767DB0FABB62803B1FB8A40806EFC94FFF24C0109117D89A5336D147BCED02FCB7D9184E088935BF42F05E4DA021A65C4E4FDAF204D806FB074FB6AEDC2261760E34410A5BF8C3839BD6CB6375EF0646BE053334A1904960EC71B3AC1754305908E9D4CE5EFA5A75938EB61F26F82167562E66CCDB4D12F51CCBF23F19A046C129F5A559911EE92A48A32C0638E5F06B2FE11
T=0

[53]
S=$234309
W=-$2674F54DED337E602EA7A46C0C6A126D6C1C76EE3B5415AE983FB177D5E8C49A9E8AB806BC1B3A0AAA4D0A09EDA1BF78336B8C21E2726737EA69D81FFA833E7A16E9DE36729FB96FB3836E5877CD9BAF29E3A6CEACC2EDB93F9A208973BFF4E7DCB
J=-$3FCD4C6CB35134AD83BFAE98C711560EFAB032D67771FADE49D8D708051EB70D46011B120919B6FB8C658A7F74D3067B7C856D03F67826CE9CE5BB0C27F71350C6F06D68413B15B351EDBCD9C2491DAB344255804F259BE1546D0FFF9794FCED55A49B42FE6C0893074C4AE498975A12B5FA54523E36F4E00C0EDD4459E757FA17EB588F3FF116D7358B0E4D9E6A8F748873778EA3EB6008E45AF771BD59859BBDC9CE0E583BDC9B6EA5E741BC1DE2D80345491BF63D77CE20C68E8C54C41EFD335F1
T=$1

[54]
S=$3C3E0CD4FBB57
W=-$6EB8A47D0405A9B030C62E8392519047F2D6601ECC4A455F9408ECFC52D0CB684A4B863BBF7105E504003450DC0C52A605CBAFC1F29ABEBF04BDF362A5C147472E156D1ED211D8E5F7C9AB05A0D9E3426BA1D15D6FEC3BE732910F919B4705D5
A=-$D70
B=$12F5A
T=0

[55]
S=$889B1686A
W=$7E6C2C46DEBDF7875265C2E62E4DFA11B08E8161038113197BC935F944A157726C43E7C38B6C64B5850688E6435CD1A9382E7CC165F40392EA905EE0165E4F07A834457DE7EF9C701D729933CAE02544EDD1E3CB43AED0F63B7D9824EA
J=$171BC5A80E1447E93C8A9659C1CDDCBE1B22EBA63D2B474776FE3A8EBF2895E5ABC7658AE561295A63DC3A59CFF466B968668638BF02CFE3B805BB95B07C61343ACBFC960463302C422A1D3CAD7A41B89BC91DE4C43A26D6EEDDEDB14EE43A10439A6E7DC2D0F0576CCB86FA3AB27276327094643F4C86C69A89429466BF826E5D9A9A390942369B303A6ADB9EDA7EB930E1D0BD1C6509A048B1458D004CFFB97A346BC30BD06E830002ACEAF04145877A9B6AF6EBCF9F5CAEE
T=$1

[56]
S=$518E906304
W=$1615C69F6B9CE44BB602DF08C3DDD053C0216432C4158E1597AB80E52C5C71E02E14A3DD14AC87E614EE9FF34F38F937BCA54E562D5791BAF34355B14827A59B70C74775A53227B1CEBEE34977E9BEAA94743ABDDB2288F66EBA3A
J=-$5784F64F5D94F282245CFC7884DD0472B049AB3C3CFC31F4550A109B7644CFEB5201DD30B997515CC33C990D2F9061995A5B0219A5F3C8D34A4F2D50752B390FFACA9FF9DBF694B8ADFB44F95DEBBA9CDD6B15B52B14EA6C175987296F8C748DC9326E86181F5DB43CD3E24B2353D24FFAFC15948576AD049B9FBFCA7E1E65B8BEEFAD56ACBDAC3E5B84069D122F902A71A6A060A2484528D272F24CD787D33ED74BE3C1C06FE5810F012C5D5538E26A14CF25B39A
T=$3

[57]
S=$32B6054
W=$37CFA0AC2F38D3C85A56B92A335C6E210C961141AC59598AE7DEEDC26A913D78B65DA535CEB0C1A86CE97C198B209A99A918B97B0B05359152E0CF8649BF73E9C4F9407E3049F10AF9FD1979F5C47C2F08A8D6608727AE8B0
J=-$15BD83211CF443FD6F687ED1326B51DF91DAC152CBB7126764F1FAE054A1F37F8A48287FDF8776770592A836A162236B5CE4B5EBC8401289C378F2AC60718D824A516C5CE1BCBBEBD5DE41DCA206C085A9067DB07F599C0BD31FC452FDD43F3E0C0AC9D50A1506320FD01E666338AE5F63F30C6ACCC62663260710A38157F4A64D48C4CAB6C52C86484AC6DECD1E1E89F7F317043DECB795D9B0C527222F86F60F9321249B561640B56D03C8FAE8E341
T=$2

[58]
S=$AFB04
W=-$2759A635A727292CEB7A5EFC7C72AC57B6B500BB6E0C89AB862F5759AFDD5DC8F66B1C152A6099178707B25E081A0D450E9AE03C5F5D819AC956D409B41088C6373417D24D234DBF7E9C0F4C5BDF49AB90E552DFC7900C
A=-$108
B=$69E
T=0

[59]
S=$147C3AE08DC23E
W=$C0572D05A0F02B9B6EF352E91A6790EBD4B20F28E409EEAA8F42DAE6136E6229EDB3AFF68E8B20DA5BBC97EEB72CEFE15454B8A588632FE960BF1DBE4C3E8D7A7E7CA8CF322F791DFF61CC1AE1FAD5694B186805192
J=$E3DE8606A65C81E8980304C4D8C1329FDADF240841B564A1F0E7512707FF5E734B99011132739CBD13C31E39EC3E6EBF43F65D0DB0174BA90ABF19A4510EFBD14024AD439D553B005F06AF435CE39CD57518C101928982454F4CF67A016C5E56CC8638000DBC37BF7FFEB9088E71A2870D876F5F59CFA972B2110756D295A5318D38B682DB8AA9F05E7EFC60F61770060D03421CA6C67586C80221547887EDCAFA351A76934BDB018AE6B
T=0

[60]
S=$FFB1F38
W=$2B7DCC9E6FF94EDFF28FB89E962E0307546937605083952892770290B22AA787B4AA0B3C5A5A4DFD3D039EF5B1DAD42295B51917796D8758DF8C17813C2A6A35DA6ACD64AC5D092182A466C9E128A3BCB8362
J=-$386F42DCDD2F215E81A36A7AA78437F3456848BDA2D8C7CEA08D2DC8696A3830956C7AF140EBCD15FDD310DCE1D88C55387C57709B3394DAA9E388AE271FD118F8D865C64E962FE807BD148FF8AC8B35EC897FE1C49FDDBAF92EAE1BD84764048F66AAB20EB37F6396433CBABFDD2BC7D7F676DD47642942B815464358966FDCAF9CB1EDE6D12FA5218A52E032DA3ED8D9EA3AC6914AAD34AB31DC02418C6D92694908FE
T=$4

[61]
S=$68D681B
W=-$6DE8F8E6A8F3E99E42621D77C4C13F7247C6DDEA6955898B7AA10E4402590495D13EDB5D178974AF824475B3E692D1AD68A057E12F108983CD08439CFBAD0F821EBB3190C4A8AE952835A0ADF016D3B01
J=-$428009D091D3FBC496B15CD03AF1BD2B26766E3BFBB27676F844E0C119F346CD0AEDC4359F7ABA4B2816F03B5B40B9A704DD4512C5EBF5C6A14B3A6F82A5B19DBD5A844D73101FEAEFB05F9BE72B1C2F37CCF9EC05B772FFA2FF8D567FD2190017E08EFA5741BB1EB5BC01D067F8A455D344E0E96E8D40A3C94BDD62743BBBC235262BF8713E225C1390C10E6160650EA46F47EEC8269C2570557AFD5CFA86A5B
T=$2

[62]
S=$396511C7
W=-$75AAD0FA8F8B27B032A261EB9B27AA20E2728CA09AEEEA94F2EAB956176FCECC09CFA4A9D8A0B9579DC67F67E791C8FBD43BCB1E90829F99F0CEE520BAF91BD2CC090415032E184587B35A8E6176D
J=-$5F1580E179D65DB6971A801D2C5FB6766E707F5CECEBE946F22E24ECFDD99F3D8B01F18CA4B6A7671223F929E222EB691DE47AABBB13C751A59A97E00F18F69925F9FAB5999D5DE68832754AA36A3D87FE019CB954B3612D04F9F40E9E2239CF3A4991B0A816F4BEA92EEEB328B16DDA4B56F5C82EC0E27FD233A10EEC46A631DFDE287DF02475DE9F99E25EBE666D7F3A0E3668360605E71615E6F9D5
T=$3

[63]
S=$1D33838
W=$2201F332C660275FC40FB69E05A76F12BA4881F0F50278463D6B1D096BF73F4F41DC31EA1C94AE38D847D92C43876C3C66CB69D5656FD1F6F65AAE49D26F45C1B48A913C215F592BFD83251232
J=$3FDEB72BD2EA11404F1133A2CE34CE412FAA5A58900697306FBF991D3B63B52ACE57C3BB1ECB4E48D67ACC882F5993DE96FC3882A6D5BB50C10C4A6A79FD08D1595D1EC36A8AD32A6D5782DFB0AA54383E4B7668040884E99A039AA8BC4B8A3D9F4C80B750D6A05ADCC97F125E1E77CC9CD6005DCCD462E27A5FCE15F5C97209BAE98FF7C5482BE66E806D633D60055E67B9DACEB4ECAA032FA
T=$1

[64]
S=$3E241F2
W=-$6FC6DD9DC9E9E08962296C99F5D3BAA1B7B332D1BD1EAEB68040191A6725737EA653E990DED6CA76A90DCDB4497AA795F4B59B69358EC9002D64052EB8CFC7A2897AA3463FF2C180888978C
J=-$4360213948CC6B36478DD3D162A953624F8507DE2D914A0161080CD4611E734C7FBDB2780FB8061F1D431B64B6F9F4A08FB7F768F1403E37FC2BC7CBFE9F3DBDA14DF31B5A26D6D9606BBBFEC248CA7A4C706A3B5F5086566B2034C2CAC036E12A70E3105ABB550002C37E404173CFE32C3737ED832D0F3B51C4C62840739378934895FA55026AC4D6234F9266FE4F367B83CBF81B57D
T=0

[65]
S=$115DB7B
W=-$3474F4CBE47F56C448BF310D6CC82B1CDD30078B1247C2B4D02C442AA1E2FEE68591364FEAF6B475A5098589F3675BBA57E16F15FFC60CD29E0723B2A8E45FEBBE3322C2F95A9E85466B
J=-$146EEB49C46ACE9FB00281763CE7330ED0203493C845AEF8F096FC35FC5B6E8AC8D997B3DD8E6B064B5CB904396E9DF96E002B887863227894CD464348F6321FD140A4DF209AC86B29D97CA41DC7013740C08E8C72A49D0791AC8439F8B2D5D0F4BD481E0941BFDFD38267793E3952A46B1A509007283B69380CC9211475FB4621E7E706220208300B23B0E91FFB7F0562BA8EA
T=0

[66]
S=$414D5A2042
W=$F5399529F22960F585F9ABC89B7343607F08BBFA673643BFE7D2AE4C1972228A79E1DC512170231720DE71F8B45E89278DABA120EE97EE4110E24E1A506FA0EE58A505FECF8FB34C
J=$3378EB7906B9AE41CEDC288DEBE851202EBD47010FE90F225927220915958A010CAA1D81C6FF6D60460B6859E51AD15FB2490D1B9D0C29C462301410AFA7ADFE950DA0C0FB3C40918F2622B30036AEB37C8DAA4A19508A354B2215447CE7BAD0BCF716CF69C030DDEFACEBBA8EE8F8ECC9B56B9D31C6116FFC21C78629B3DCD70CF20378AD9EE086D3C60C1B4AA4999A
T=$1

[67]
S=$F8AFB123C
W=-$556AF8CC38C13D8BF21EA1DDEEB8A94314065F78C96A313A6A9D6032BF817789C65A4BDDB1C8EA916A5198D7E666D362AA1512D62DB492F7F1EEE9717E907D09CF0C25FFCE22
J=$39317FCD3753B6A3B8A4FF04280BD1B1AE2D1FB5D5D8131483F6ECC1EABEB2102E941BDBEA53BC1696D91BA3E89248C54DC423EFB41858398B6A0B020F314EBE6C1FF8C26583920E457109E0BCD57F8EFECFFA154E024878EE74944B3287D78791339A052475080756D0E8B58620DFA23E27E724CC4CE4FE5B240D5F9789C665B753CD61B2BDFE5E5972F91
T=$1

[68]
S=$E6FD24
W=-$FF4ECF6D03C4A40F0E7A3BFDC38517D85A1ED7182B75585EF8DB9D81D0F949BBBC4CADE152F5133816C4DA1CA6409E97C32F13E25EF94D735C053648B12B77177A5FFFC
J=$1EC44A57050A247B8BD6DED62A63B279F4907B3B1673DA2DA7B9A99E1FA5F42720691B98FC304A5E393ECAF8610C9A46DD9E6E064703E02E2EA63FE7903125BA0A43CC287C923A42AB88B4EFE45679D603AFA9C6E3422999D09890E04CCBA742ADF70F0AFA4765C274FE892DE512193ACBD7CE422AB9782C82DE16031E39E8FEF915E4D4B5257A
T=$1

[69]
S=$132260
W=-$19B7FE49ECFFC854F335F1FC7A81E53F44AD51F849D5D7F0285BC78F461928EDB9DFF09D3031772D8BCBC2C3D07D7858A21F5A0AFCB6737B977511A4D7DE10F601112
A=-$23
B=$62
T=0

[70]
S=$32AB9CD75A1E94
W=$410E5CF6828E7C5E108DC31F103447E46D985366E63077172A00C1DDAA587058FB3E2E25A7F3E221F45F3998E8A0B3227BB1E2C46CD64BCE5F245F24CC72000C96
J=-$164038CC660C398AD9F308E589727140DD0E58762F9332B22064014E9C63CB2CD44B912EA52C03EEEA2F94EE998CA35EE8DA5FFAD397478A2088523934352957CE44CAF6D6D3BC5198BB4545CEFF970A473CE949130D4BB24C9D5737CFBEF8DB43982FE4BA61DDFA505C34DCE8424727FE559BB7537A3FEEA9E7FB70BEE1463522B
T=0

[71]
S=$1B5A172894
W=-$4C84C8500247F7886B3D8AAC88EC211E18D3B6E2CFA2E26656FB489E17CFC8473E2BFC69B00270564FE62848AE907814CE7C84E02AFF3C6B96736AC9746
J=-$64D12EA7F969ECF760EF8EAB3DFE45B24F398F2CCE3FCC4B7F0EB12F3FB11CE9A4C0A5F3AE3B592ACE45DCFB9CC15B5B203CFFB0DF42393C1293227D822314752647DC5BC079A294CE6D08963A5AF53C60672EF20A1FF462D26B23BE2F249CAD8CB6255980DD76D419DA819F007CE48F821FFFCAB7E1E3B91B6EE
T=0

[72]
S=$C5EC5
W=$E137135F4BF17F6BDDD412BE4E49B51D0956278CD9BFB5A41982177540818B10AA6EED8DCA073E6422150A07249C3CA09202D9829909E17F647FFF
A=-$D70
B=$12F5A
T=$1

[73]
S=$AB1C07FC0
W=$6AA10899B93A4B0E22C3DA0DC2155EEBDE9214638F0DE41B79AB29346B3F598DA90CE97EDF9CD03ACFE6A1311BFDACEFA7144AFA21D668F43282
J=-$9C896E6672D85463E84CE4DBBE3B581CB706AF02B44550F81C64930EFE2C1F9EB45E045914F4C106AB08FD421907F34A364155A8B45A2D98253CCB1F2BC588DDE3756E37B8964331491E7AFBAD47B1A99523E280893055E273E07F6156106804D995CAE1D00056A9F77115245F08992DD0762AB
T=0

[74]
S=$9714
Q=$5

[75]
S=$510D1
W=$16FA14BF8CB997BCA7A7F1CA4D5339FD8A1A88097B22E86938436D1089D6B1EBFA87DFFCDF2D03C884A38433DFA02B732581ECA7D2725D
J=$AE82921C1698A1811FE62D0271961381954319150DBCA74C510EA06FB3600E33C24B71F6750BED7782A27F1C43497DE1AE3CAC2EC5D9D5B0C1E4C3F41BF046365A2CAEA0E73F97E52826CEBD8D4A14CE30CDC4800EAC64EC50F21879567FC82D10EA3D25D411BC12C4868DE0A7
T=$1

[76]
S=$7621F2
W=-$1F68B239ED819A9B7882464A0929048C666AB2E2605663679365CD422B44DD098B4D6D19E8351F9B940BB4FD110790C98BA795EB7DFA
J=$6EEADBC157DB1B70EAAA1876152D90F009269A20E032F0A8FF30AC0F158205DE4322160BC8868EAD6CFB1961337AE037662BF6BBE4A85C82F0F7BAA8ADC08F9DD872B3E28F135E855575649B72311F438A01FD0A838FE865C73A2C307F8F5FF6A71F9A25DA67609A1E232A
T=$1

[77]
S=$91E6E
Q=$A

[78]
S=$19F734
W=$F710CC97162A1AC439F6E1AB8B72F3C849C4471F6A5B8EC73DFB9B5A8913B20155EE7A20F20F8A9C5337076041F00A5915535C
J=-$19F46ACE9701CAA3AE2366C69AA94D49B0E97AB4DA4CC8368C0FF939A53DBB97EA1978F4CE9C6801B1041C74B6BCDFCA17915D6797F3272F6D0E61B72E0D4591191F16945F56D489DEEA41F75D01773370364EB3ED120C379ABCF760FA3E4C5EF98F9A79037C
T=$1

[79]
S=$7A229C4120409700
W=$1D981E254FC4725D01C368DD5D52AB7FD38CDFB33FEB9C2C545C7B5D69943BD9D5EE2D4534DC6F98946DE370B3C30FEE8576
J=-$18E162931FE2D3B5ADEC785851B12F8A246023A27C99E66E2859B21EB51B79F941EC02E9F8BC79298DD0F2CAFC4877D9103BC285EA3994CD148660EBB06001C7AB542BACC1CCDA8FF37525F93615CDADDE654A01CC2165E875164A5D53F20B1654A4F12
T=0

[80]
S=$9E3C63
W=$502753D0904448FF6D183E52F0F7AE54A10F739F1A181F6002A9AB6F21522E653C27E9AEFE79F98580C198A9D885
A=-$7328
B=$1DBA42
T=$1

[81]
S=$12BC0FD
W=-$3A30AD3E6580592AF3F42ECCCDF7A35DC3E1A34111E1022049C672120B3151D0B6A133E8F550DCE5D839E6C59
J=$A735C8746FA878832914ED8B8B0F7D2CCEC056AA9D81C75BB43094486C860D6096B3A3C1FBCD8145A0042D1AFEB7F3709BA23EEC488D7BA1E6266954759EFB7B40A5F81196DE5C36047A98B9C9750028948EB043612DE911
T=$1

[82]
S=$3BDA0
Q=$3

[83]
S=$954EF2
W=$247F8B98A2FCB19E7B5A97F0EB1DF1C0DB2D49A2CC4E200A406E94904E9E5D21BA30B11C39E5EDEFEFF4
J=-$D2256C8C30197A8F51CE65226010E7358551A8606117470188AA874A5313611FCB1F33FAEEDB055AB91427028CEA7F5373B502765344F7D6C5140C82067B73FD4B97C6C93A31B77F499524CD21B30C950A8A70
T=0

[84]
S=$A300DC
W=$16BE89F8D7F74AD892E5E4B9F67CF36234EC8BAEA880FD3524B752A2BDB1CFF7E74E0197EFE2D592C
J=$357BDDBCFD8187D846E219F0FACB40B52871F035267F7A1A139F1829562D9BB005BE6E61D83E1268D9375AB0420A536F35456FCCFEFFA8C467582D8100E7D70C1FDAB16BB280939A4DAA9A446C1A764A
T=0

[85]
S=$3A635
W=$3D8A63A4CBEB0391D10EC357AFDCC1CEE2509C8C256990321462EEEEFEC15BD5176C065BFF9BC5
J=$30E13724DC55451B65EC13CC74BD8A60FBE95953FC4853A59444EDB07FFE1F3F02626A4E7590F1D3100508D8675816D3604D37F3AEDCF7BE976A8025848342F1C5CEEA7BDF8E881EB0FC2D58F38
T=0

[86]
S=$1942D90
W=$128BBFB9252C954A092D1FEB91F603AB6134ED7F956B392E195AC2086A06A3FA3B50A8F675B8
J=$8FC9FC7B0C5A0717B0241C1A458B8EF49181C3FF5ECF2863818AB1A693318B996F8A27E3113757E436E11E88B00D26641AD65691A007B38A99ADBAECAAFB54703EFD693039377D57C186A6
T=$1

[87]
S=$44
Q=$2

[88]
S=$1946F78584
W=$959E46966AF1ACB8B77FCD47BD47B92A9FD74768A757753D6F01E21F46106E3BC9C8708
J=$16862D85EB8FBD9DE1FBF5F594FA90F9B3126DD51AD58D2E74DC751585CB5AF44D0BE8A219FF515544F9A988E2110F52F894161A2957E720015EC727BF7306352E7B7276A2148B8
T=0

[89]
S=$46C75
W=-$4A3CFB843D411B5ED151A3FE4F2B1F5B78CF98150B3625AC180F20BAA7E2AA65A5F
A=0
B=$5
T=$1

[90]
S=$15354
W=$450D2940D46309904C618D3DB8F420FE53921A834F017867A0472869FA4D117F2
J=$102A756C2D168CC3D556F305CFB98F2289B3B84518F952C1021D14E07C767C7A6488906552E5849CC8A6144C68FC8D82CB5B36E393D60658C59F0071223270075
T=$1

[91]
S=$429B0
W=-$477D2FBBF5CC16D7E2E5DEB00853E72DFFE5F7DFAFE172C12176376B1ED8842
J=$1E30BED758ED621F0B13A245FA5734229399ED3EA0A969E1535A4EFC850D326E1A361D9648D41D5B8F7EB3827E4C8E862B82ABDAFD2961570F40FF3A70D85
T=0

[92]
S=$256A16
Q=$2

[93]
S=$D1FD4
W=$5794C00BBD57FCC538093D081B5F1E641BB013A2AF20AA427C90D3AE1A
A=$1
B=0
T=$3

[94]
S=$FFE54954B
W=-$1ED43B3EC3079C3CC2393668467855AAEA2D95F5713D37F01E9EEAF1
J=-$564A4C1AE6321B74FF8EED5193E4030BE92366CB174EB4888B739396C785CD24D2E565237CDB0340A2665A30C0D8CCC025557CBAF86693
T=0

[95]
S=$4697ED0
W=$AD6A9196B9A5560F89C9DEFC88B9B1EF1824A599B61A3DE4A2
J=$AF173CEA1D9CB6572CB4E99FABD24267FAE81D9F2A2A4C4651C8B095C3B1DF615C7B15CA01F9403D27A29C4FA86975AA3FB9
T=$2

[96]
S=$1B528
W=-$23C625AFCC689DDDF5BE7292C9C1269D1A11688DBA6A5C12
J=-$AB90FA4BF35268D7C67976592AA1C72CD21AB92FF7132B1486ADF70EE6822477EAF062104D21B6FE5068E52A145DAB
T=0

[97]
S=$B1444
W=$14B224457D97E0A670071254571DA25850C9EF669866C6
A=-$1E
B=$38
T=$1

[98]
S=$1117D4
W=$D8124CDE33BD94B7F0399C36CF6908D9E3E4B41ACE6
A=-$23
B=$62
T=$3

[99]
S=$1BE711C
W=-$33C33E153211D86EB7C36D68CAE8F8E75EFB49E3A
J=$7AAECB2EC0FAEAAB69E2BC2C584B485689FFDF3A373C69AF8E9A1BF1615A9F27181DFBAD7319FA6C
T=$2

[100]
S=$C21D989
W=$C7D82C833C8560DD1AF640F6B25BDD77280FF
A=-$108
B=$69E
T=0

[101]
S=$FDB61
W=$5F6193F52A56C08B00848C9362BC1AF08F
J=-$FC7B5E990382935AC67126678A78348BEB4E0C890B47524CA9FA577E8375D5D09F6
T=0

[102]
S=$88815C96F3
W=$2C45E603F9E4195A83AC285DC73B1527
J=-$6A32093FD99558394A53B098CDE90EF8D79ED81FBFA5858AA27D0DD952A444
T=0

[103]
S=$DF38FD56A
B=$2

[104]
S=$30D9F2C3A76
Q=$1C

[105]
S=$63A6A17
W=-$6E07DB0B4026A545F
A=0
B=$D
T=$1

[106]
S=$48D683D
W=$1F4237D888F4D1
A=-$98
B=$2D2
T=$2

[107]
S=$1F2470
B=$2

[Signature]
1=$DD5CE1286371E81849DB56BC5FF0208F644E5371FA1B9DFB
2=$925F20F83CEEB13802A053C3B83DAB9D9DECA368C724B522

