[PRIMO - Primality Certificate]
Version=4.3.3 - LX64
WebSite=https://www.ellipsa.eu/
Format=4
ID=B497703821324
Created=Mar-28-2026 04:41:04 PM
TestCount=109
Status=Candidate certified prime

[Comments]
Put here any comment...

[Running Times (Wall-Clock)]
1stPhase=41.73s
2ndPhase=8.41s
Total=50.14s

[Running Times (Processes)]
1stPhase=249s
2ndPhase=54.40s
Total=304s

[Candidate]
File=/home/lappie/Primo_Batch_Farm/Titan_Group8_Prime2.in
Expression=(4797791281543386627005)^47-(4797791281543386627005-1)^47
N=$616BE0CACA540CE59BFF879B3C88ECB0E11027B94A2A8DBF50FA38883486D30B867E1B3353D5EBEDFDD58314C4A47D58A898112C0235A1F2FECE08783C76F2053272D54DC2FBC77DDE862A7F67068844FE5BFFBA52CFBFEB61E636B309733D7E95E7B37B3B1D9A8FBEAC6205D937506AFD3E6FE8DC6089DF510C962DC440C7A3B20CE594EEECC9779DC6E204A25AA291190BC88720288D37F1EE11473CC9754F23E5A33D5CF9B938839C1BEC0306074CD05F8E8B547A6C405DF8403AFBBE17D3A882D6A3B9115021D60F6935A01ECC5E247D17AC85E900D6699F4E7E308D986C561F863EB47D6CDF04F44E69CAA9F742A33BF9CE433B6A2579A025F2A6817D901DB088F220DA0A603ED70BE40F174063F349CF6DCA03436F9D5FD025F7CC3F7F667F2BB528634ED8ABA09251918676A445A32385A9D1A7EA83D2F2ED8999A1019FC2AEDE12520E89761D516EB6DC6CE42290C769E4C99F310CEFF822945ED5D4F5A5409C9BFECC11EC60E6DADD6923A661EEBEBD7A529E606308C972C75B7BA3A49AAABCF297F7D08127031232C36F4850878BA6A1AD81D797760A8A833455
HexadecimalSize=830
DecimalSize=1000
BinarySize=3319

[1]
S=$13F42FC272
W=-$736C6E866554B9DA5915CFFD7DFE4283D6BFCA537B7FB56F3252ED0205D14DC65122B445C1DDDA1DAB07CBEE51383C4B13714227C15F262A678AEBA0F48ACCA7EFA38190C047B46E34DA23285AB4885AE004D62B260738FD58CF9A6D10DA48DFA58906EE1DB6929305E0B6690CE8B5850E20AA184629EFBC5D6EC848EC2881FF197014C411B4A4F1364033AA02E42A2E450A1263479259C43FB9695CBC6CC29ADC98D6A1820F0070E2C934A2CF4C8A55143F26186914B339782C0F18E4D11D47D9B0CE55506F995676A077AE28753DC
J=$13FA08961C5BA740AEC1FEE99722354A38503B377E4B0486D1BAEC52FD94C16B3042F46974BB2E86EF2D1B81E6FA8E964ADF47FC6AE509EFFD2C040194F9CF12E1CA8F1A86627F4CBB97CCE7AC8C1FE9A6FE18E98D47F143A8D5A2378311B8C99B6AC7245679DD79546A844F3C9A49993B7C2D7CDAEEA6F4DFDDAD527E4DA51CD8A6496180A31CB3B8C3F4290609DB41BEAC821CD5427E8EDE62EC460BF82B4856B73BEE3F2A1370F9294618ABE8FE76DCC821D95A608C0073C102545567E5B0E8DFAA2AEC7B270131051415908A3B33F2018D775F29622C2899B590DBB8EC6E5BCF12CAA793B0D2F14DA09572EA3C3145AFC6D782AADF29FABC007F4697FD4E05FF2A4218A48CA5867F19AB5ECBCC90C7CD389BAB23CBAFE9AD6D111CC443D45768F67BC423A80EC0EC1178B4C60A53DCD1330CDA8F8B6065EFE43C762938960209B4AE485FCC3B9963503DDF47E1681F7300F86F968C5CC3A6DDB1B4E8C85C6249DF554EC5D2CACDF94138D2AC9741CD4D3486212AF056BABB8E215247C31AF25AC941239F7D3D0FF32A8648862996EB9B4DAB540EDD078F60D89A9775CF
T=0

[2]
S=$A6BF3C
W=$B030E3BE773B6BC8C04E5300B2B9843C40810F1077A55352B10DA4A9C45E690CE71A8EC953AB8AA70F831AEA0DCAB70014FC5D7F572118BF211AB93238526B46D92807F666949F3A741C6F23F9C68C0407AE2D397CD71673DD47C1D215BC677437B7924B999F9BFA65882EFCC800B308AABC203B4C4E03D4C2A010606C4CA2F2EEDBEB94A516A5BCAB6841F9CC9420DB6C95627BB495B8C273199A9A615DEBD1EF63DF3273A681387010D8A823D805CF46C8E62334DBBB330AC1EC2FDA5F1FFF8BE9E40E50B467AAA366CFFD7E
J=-$D1532BC4AC0C87BEB875A8AA97DD74F8E587FADF2DF58909961801D5E886F6B466B236187F251E52AE41A33374CB4A672E8A9E6C1611C8E86ECDD84B64E8785F4A5BF8E79453C0E84388907BCAFAF5C796BA425EDE007E3F8E8DCC0D65E6BB83531B2206D5F5339678042D6503EA6567512950543BF85D4A0FB3E420F968B96E7CF46146EB4CC9A63103E1C321F820832CA90C4D4EC79CBBF9614A510A33A3D38BBB933C50FCF10EA90A8CC12A86F4E12935DB496A4AD533564CE904C96BB63025E05A6707388B55C0C4D0612ABA850EE929FFF321BF183EB0969EB35D83922CA4B6FF8ACF109E7BFE7F15D7106723657B347EFC4BD45D7035A0B29188A3CFC316BF222A3CB5AEE81E629793AE8902FD4B0DEFE270754AFB8AFFD78E0F513FB214B2538829BFECA132B964250BEEC0C2932FA5A8A2683C92BA3592E06DECF7087FAABFE6E487B27CE3F27B5FEDF66C6018C09EB126867BE4AF36E1D72A1FC7FBB765845DD4AB2AD37DB3239842B14A31D257C7606564EDCBE9F3BAE4234A3A9409B71DA9A365E5C8340B0FCF8A5D243FF17577447DBB8AACBFDA
T=0

[3]
S=$28D70DF314
W=$371F553384DFEC7911D62E93093A5CED757D7603CDF5FC33A19BAE23A0ABE7B9F961FFA1D484B6FF6865A0F45F9861D369E670897A96E3FAC4299C44C2D8ACF04D52BA3B0DDEB7970BAE6CB4ADAD0B95F09E9628C3E5C70BD5704795EB871BD4FF272F3BC5C7238835036D2191864AAC1D46550BFBE5442DCBC4B3D0402292BED17D1699F255E63A8582D0CA4BD6A35BCB147F46FA365ED9AD210A212B6DE56ADBB253766E53E5C9BF34A6EF46CA053AE6F3E3FDFC383F109215C323B8B29E035082AA9A518DE10558C29454
J=-$20C20586363D8DFED5C95A311D4D7F87F491E0A8B4554459DF561D691CC75E0CA4F3277728D1F4BBD8F1F2083F937EC841ECCDD88178E3CC4BE7301FF4A959397E3A3B4AF83308DFEF0478257E967A6D0A59D37D5D6089095965F4252A294B9A9399B1E54BAE7C5D9A6192BA71FA29D82ABCC910DECEEC0B372DE45069EA4A98E5DC426273AD394308B8123A42FBFD516EBA264A4D258EB307D909AC7069366BEE6F2C4D1AB5126AC6F7409E08CF4158FDB077A26CEFFB9C199E0FE5983E555B83D6AE5311B6CF606EE6988AB51A288475E6762645A96A15AEE26E0F9F71BA91BDD634EB1E0CB815906B2D69C2D809E2F2006FEAAD510ED30E6240EA8E907BF824E42EAD792B5896D837E8159FF927E23345E9960FBC3F9E39B87A9A9C39BC8CA5EED355AC7F8E1E0BD213B00E8D8B54CC39607B3B9012234AA3C58D5B94E6A64ED8B194D9F92E75B55D928BA3104A936E20152A6D903CAE774AE840850943C0AA5F2483CBD7C835928404B9937AEF34B56CB98DAF2E9AE5BE892002100933C0AA79D95B840AF2BAB4126FF85B3DA5C8C4DF5A8D94CC7C0
T=$8

[4]
S=$77C
B=$2

[5]
S=$10
W=-$4291FED90DC88B2D4B231F24B26873F89D43E4D32B443D2024902AAB20E521EECE6D154F06D1ECD2403186B9EC3463939C48E5E8DA12167F596B5E8C717031C240B556DBAC86EE473BF48AFAC517EDF914726C057FD467E2D2489EDE5D7CC799E304BDC0B9D766CE018127BB0BA7890A9CAFFCB1377A143D1D7AAA5CAC2C266A5701721C56FD0BE25561D435AD256E048DAB2B4EC0A70881C4AF965C90DBDC50D59D14586475164F02B9AF6CD8DFBE4760805ABFF8AC7FB9D0541FD5E7BD0B9D4556697A202AF278A6
J=$23A7191BD14F8EF02FFFE07F375FE6405ECB326ECA6D287D8B8F88EAD4C0055203BB939E31408B0DBC47B3FFC260F41E19A2A89995E854CFDE60D8E73C88DC0077DA6AF003DC2CE8F58574861F3011481868A2840F8F5C0DF8CC25E13818305AE4224A76889399AAAD18CDAC9CA78F1425915DC76CA956FFC5AE771BE0372E65DACA1AFAB69B3838EF687298F8BAD52E323B213B738749C040AEC75595E5CFC3ED7734BCAA71F8883148CA63C02E2243C9612E76110FD8787754C4CE7DD06B0FF64FFA4C27165DA2470DB8E0A823EA59C63595F1191C5735248C379FE10B33FE777D4A5D3AC095F4379518B0FB77E9BB1BBA20073DE8CFD13CE656A14A64180983673156571D71E20263EC1576B3F1DD4B1868D50EBB0247747DA49FEFA03F084024119AFB98ECF71405E2A0714E54A5441335686B0BCE75783F84689E990B4646E26A119A0D81D943D4B40667F8F064E01F8C661DDA1CE2EC8F2580AE917D2BC39E416756880414A030BB39E066D8C7B6C3865B53AFEF7FA93FBF028C319FE0D619ADB5D5185C13649A51B5D22340877DD
T=0

[6]
S=$6E1F86E52CB09
W=-$F7DDC5081AB0E401899743B693B1C799FFEF64DE2594D46B3748DB57C2CC10B18F6F7D2312DBC7D9A764A2A307CB8FF253D77C1A40AC30CA1495D2CF39D558ECFD031ADE40D12AF10DFF237BA9D457D57FE63BEB3DB499E4DA724850E294186931065654F07F5D4F1F8A323524B3A639D47B29097AF3380C0049917C0240B96D2EF9326FA41B72F677D6052640EE90D291D68AA2A205D76F348C1A01F9F6901BE1263AFB7C4F9E41F3B8FDD2243630F989FED17A7CBDB20F3AA0A5E721F24B20D668204E2C5C063FD
J=$1F28B171C75749A8E6C6D242BCAE54F66676689CFDA6D88C19F67BDA52033ED72C212CE8C82F2E9D8C26C8127E317E14749B88BF689BA5533FA6D5355E8BC0AC0D94A70F18EB0D4BA6D7F629A1929E2F51987AC107D75CC517538008D9F30E222027AA90391A1DCA7362F5365AA991B5F8EEF7EC3AC05195F1EB1B9C5988855194A2C76A2491D6F7752D884D0C239D16EDF5CF0B0E48DA787AA4A65701006DD2A447E0AD70CC10CDE216A9C74D615C3AAE8D8AEADED9069A8F7A8159D251315EA41CBED789F2499F3FFBC538B5154619C25DCF366C161F011C6CBE24DF8B01CCEC762C9764906E18E221CA472EA7C648A0D0F8899B6957DDE3328DA03562CCDA6BC55D68169E3F2068219D96ADBDD6544C020F0DDAE9446179E1F078152CB074C805B702B1F6AA6BCA35214FB66A45A72654A26E9F78A9BC7C6E1564A187CCDA956326CE37F5C03832BC2FB847A227F9A6CD886F8D0CFD1E379C6A17BDDD7AE51C1F6C7622994729F99256441EA5BA267FA9F643829AECF25C2249336439E9E073C6220997849A45D84C32B34BEF5ED6A9
T=0

[7]
S=$3CAB4617E4
Q=$5

[8]
S=$57CB8554C4
W=$2054C19C9EA4924FB08AAD97E2F36626AD72F175F092432D0EF30A875A3BAD5A92C431A93930E885B93A7080EEEAEF81F29218A7C3624D645B1B46B6557E5046C5EA6A85E9FE8E944412BFC2383DEFAA8C59814BBB67B829B0017C25AA0A35C3438783D0EA7CEA809C2572B665F989F990AB68386A4E59E009B1999B87115B9FB75B193C1A49C81FB4C253CCCCE0218733B06C8833A775FCD0D053031378F0E8B396403A1F10E42AD41F73EBBC41E8641374C6C3812510979E1B14B159C1F260521EC8
J=-$1A857FA691157A5CCD33FD303F4B1CBB1CA4009DE7D2A142AB66DFBE56B33C0EA676BA0754672A499975CBE2D9C8C61690C75A1B0BC83FC8B073CF5737BA0DBDA6A47E06CE05709F57F7FA056A3ECA53409479DC63B608ADE28D6B1504AA0D12D56C5EC58DCFD46AF8C14E5B42385E2E55F61386DDE31B587DFA4FF30FFE59B278577C087FF1B83AC4F1B2FC7D5DFD3333F8A03383CB5813BFD63DEAE55F7C76FF4CB0796D9E612A7EB83C5EAF7A542FE6265E50FFA22ECC4E5743B25CC2D41B8BAFD65F3F9333697248B4D91A4A29814394DB38AA6E1FF66137D878E25BDF369E41055A7DEA37DF2C73AA062CC20C20D90151741A93B179E970E13B748468BE21BA548B528181ABD93EE339A6C6238329E14B133116313C8E1FA2C3675F0276B4A64F9E1AD35551614D6774B1E2CB29380734AD2F345425AF98AD3CC9587CD25419F05486FFDE909C600DFB1A05CB86CB9C28167B3C175F0FBC0A699BE775CCE4B1B9BDD4E62DCB9B15310CAEBD8E9F9A8D5641BFA6533C2A6D8FCF48A94F113AF3D0DA709A
T=0

[9]
S=$3511E70CFC
W=-$1631975F7E16433A7DE4AAC5B6BD7AE30FC57C01FC340197BE93EC6A85BD2CA0D222F6628EE73609CE690C24EB5B201ED93B15989543D4ABE1A1D2351F9F58388B2550763BD3B9C1AD12EA89E5FD15DEB576C66F51A5DCA42A296C76F7FF3455E058762D3C7FF31214FB4CCA156BB00DCA6CEDA8C6AA415027F021D318F5512EE6A1F7268943E8DB911367C754C864F0BC0F2784FB88F0DDE27A1CE461C3C2807CCA5458582F10F2165DC7D41EC7F65F02209F83A5B4884CC5FCE07FF59DF4B294
J=$53DE5105E50F6CBDC317A492A51DC11AAEE8AD0A843FF247FFFE7BCC5578A8E9E7E433FF5ACB1A3EFDF090858D38255F3502206AA3CA8EBFCCF1436EEC26DF9321657949F972CB2DD2BFB133C79933E1660905F6166FC838EF0FCBDBD315684EE06DB3D8A5DBDAA47C33A763F132B9D29DE7B280A05C1C6F5665DD979A64830E954E29999918AD3C8F917A7A05EA3F6CA1DDB8B20B29350F6EE0F51B048E9645A4C2A5EF7E4BE0DE1699B52CA1A67E4F76860BE9E4B81E086874F3A0C27B6F5D065D31B08C220872382E360CBAE60596F7AFF28B7ADDB4C0475F3FCD8D77B22D52362573A8929EFE1FD343357F122D8923B5258FA12AB05E21D74F1AE8B853D71E4E9E419E46254FE13C3484A9CA1F523FBB4A32DBDF2827C69757264EB9EB329620B6EED5B54B446C226C9E24F35ABE9CAFDA2BD3015DC169EE612B096A4ED249034F804B7EC16C0FBDA2769AE7126783AC704D96E3ABC834670524FBB0F4EE0141ACAC4F95621D18BB98BC92398DF68E9D4E9DC025BAD6DF2665E96AD23E39C0
T=0

[10]
S=$235D2EC0
W=-$37022FFE324955E632C753BEDEE7CACBE2EFA204BDE865CCAA29FF9466ACA70462464878916927A3B520DB25FBEC6EE58C9AAA15897FF5E017217B55EE59D1CF3E71244A47335A323A01EED27E63038E0415CC645AF99ADE93925C1FDEE14F19FF4E02F219461742B11AB9DDF0D644B892723E9141493B96D9608C31F49DB93531D086C0370011858AD150769A5609A1B60D67D71F793F4E7CBAB8E87966D9944BB506A8A9665058E4743AB40020B1900C31637A00CAF9BE7D707AE7193EE
J=-$114FFD7B82803B4DA11B805180A033887672C81C6B096BEACD7C2D268858771CE85AFBE0A6996531E51FAEA4B62DFE55C5E11072E922E26A0911D7381D7E21F5B3F6D92B22AFDE1B9CDAA1FFFC5BA4D9CA5D55D4AF5506EE202D6F989D3B51E2906857D870DF0BFDE048CD5764BCE85E9F6F6643CF329E097E664122A0ECC27FF399484720588CE7CD9DC365B99CB2738D48555CC75637BD2B22A67152F5EC1EA866ACF491BAB72647A802CD8A4FF6FDECD3E13B1C32CDFB8BB7B4B8BA26A567CC54D27785F3778149CB71EF37C779E0206C7A5F2E6498520270F597A28E0559D89E4646AA098DB584F507B7869AF03A41A988FBB8D64BAACE6957C5C14A9AFF1512376A32BECC3732FFC28797A8D9906E3220C2FB26AEE560840755B762DB18253ABC81170CD499824A1E1587D0C33E5030A45A690B7F673345EE0C9A05C5D9D5362714FB116ABC119D1AAA960BE1B8371B3188547337585D8D2CAEC03BA1765F6113C890953430D8DB01244BFB0AC4F16C8A1AF9A27E60FAF1A7897
T=0

[11]
S=$169956E4034
W=$171EC09DF016E1999827073B21842E066B923550CEAB7DE3881BF872982F517328E396D8703EE9FAEC8EC313ACB384F6AC12918C02250DD604733D573AF5894B24C392900185E6D16F98F1E50CAF80D9CE68C10BC2BAC3B5792F19ADC80B6623CBD852A5F9583C8520CCDF5E41506475AD062660E1487AD57840B9F28602142F89CA715FCCD2C98C1016387107803A7255832F0401053FBBB7370FF5DD0F6281A135564142F231D049F944E3C565A81B79C54CB7B4C7EA2C2613AC4D8
J=$AAB96A556F61E774C66696C8C83F951A56428C008424902FDCC49539F838B992D0647A2AB41735BC5B023E73D50E875967FF920E8F0E63AE06B20FC94CE2EF8A1D11528AA50EB0BA9D55D73D6A883B985565D12C0DE2985668ED04C82140B65D9A04A248CFC58E17F5302EFCFBAB8DA43AE152E429BE17BEC987AA436894F8F74F68B85924EA67029A8D3C6211CECE00E4EF63E273225ACD125180C022985BC6C0F97A11083CBE65B056C65274E2DF8DF19017DD3FDB88389A3639A34895ED8607963164A9C05347F99447DCE768F1831DF9D3426A7AD8B59F7B88AFC32C2205F5B046D66BFB75936AF7C0883C8B19B32443CFA91774E12C0129466C28FD1B9DAB6E47298176CB575117A0655FABC1943AD9E723734DF1D7239C54C72A55CEF94B2758DFAD74A8030620EE64CE614379835B5BD17793C50267144393B73A1CDAE2C0B465FD27BFB6767E0FF0D421579F26C0EEEE1D26E5DCE585F8E955505218C96520F12CC27AEDBEC4ABB85746D194861A20F63F5F0F9C4
T=$2

[12]
S=$D01458C
W=-$43F09B22112183811F1D82658394A31CA491A83B2B9EC102B58EED643F57102EA397E2393AC973B0BF283EB35311A721E5561481D408CD30AD1FED2C3EC0606B0DCCCD06C5E344C7E6FAD0A6109550D1ABCEE0880476EBFEDBAC924DCC4A10ACD08B813C1F3C0A8231B2C17BF23D3B0121C9F6F1C14748770F7521F45F1EDB7D7A9ABAE809F6BC550755F4F6D152B9F5F34284BBBF3AFD2E330F44B0E91C2526C05C01BE9F3ED16F63A33DD118951C8A6AAC02648F6C52C3DD4A
J=$EF2F5118BA265CFE9BC2D216B2229BD9320F871DEABBFB753D861A42B5E5124D008D4F98144A0CB3FD1F3B324C90B751C631B133877633C5062CAA2AE6C8541D4B568A10CEA23D9E5D7A7A8EF7F059F9B1B79704D39F0AE6E8E67C257BAF071B49D8FA79F71DFE3B9CB41BBB1799A4CC0B80F8EE4C6137AD78D99A8DA5792D16BF7E9C932DBD441778E98AD1143B6D67AEED2B939C6FA6E8659CBF1BEB8A0E69EEA515A0B4BC0664CF0046723B2AFBA1F38C6D50ADC1F30C45AAF5EF481A0DAEED367B1626986DB74F3E5C0A566D3079344B3D3917F13FE4C72D7B01938683ABE9D6832F90C3BE68036BBF822A9E42004FDF867CC8535DDB9ED33B65105CCB9E4FF8FEEDD86143247CA2F3221744DF69D8DE396EEF5D243B42F4AA0236771D35C6FB90B282A11492015FAD612E12B2267281D316ABD2C83935E621B85AD0CD71DF72C997475E9CD5B12D4A9C710375FDE15C8FEBE593FFAB9B6F2DD07A2E1C383AFAB9FB69EF74775393E61C51AB710BEC152D
T=0

[13]
S=$A7E988B17BEC
Q=$2

[14]
S=$5699A10
W=$2D6F9B82A400791A451BB9AD6F05E627CA14D59CF7180E06517B460AF2BDB333264C8456D5AD24FB7ADCEEAE4720ECD00867F238DCFAD2C3825AAC2DBDD9641DD2728A277F9C41EC0252C798B8C930931F3F9CFBC1D19C0BC5E4AED320707DB0D9DA41DAEA1A7E75CB2D3011D6B1A24E8420D1B838BE0FF5FD20BB7BC86D25E82A03656C062F7B3DDB3F88593BEF7042196328ADA8F9090FF17D309148F01F4DBF6D05AB636A4642B2C54C787F821E75739800904C6
J=$10930458D84135AD9BB2490249DD4780D4ABC86B2D36252582E92B0D15A21DF8EC46001322B393FEEC8E82503E0004447332421AD54FC0277F33D6E6D95DE0132E329E722AC5B1598A949963483E2D05F100E3E615F4A33091AD57055FD41D69813CDDA27A89075D95FECCA56AE90EDBE2ECABAAE04B104F2444297CC898B6C96E5696E42436C17D7F7738D2F6FBB73C9282C1D53F80873B56DA43158BD39948F24C07845ED38D1170E7818747BC9B86347829CD997829E8F1C4391E1002474438D3047D5EA7304EE2CB26A4E48FC09ACA7FB58C763F56798F146E90581F5F166D459FFBAA3EB2FFA8EBD7FE80F16797A4BA5A57E559DF97BD0EFF5E9CA425D8EDAC06CB9DB7E849725EFE4CEBE4B06F94E736D6B56CD489B06711799CD394D84C6BFCD79F243A153982B05C49D72FCC398BB6ACD6A8623531B5F9D2C760BB08BAB4C279E526C246E91422B70A34E6FDD61A30B7BBECE6462A2F7511CBA7E92B7B878885D74C10B1E04A
T=$1

[15]
S=$49B4D2879E
W=-$5E8F518F154953811521803369ACF140F14971EF8CFB0ACE9D8135AB76870D4E6657CAE34B35436296EC202C3CD8387D2789C84F7CF4F8D9123280A54CF829B0385EC332C4138D71FCB58B4FB938454072520B38E3F7825DC6E0648A4370998F9796B30064D820807B1F879AA8D9F7C8DEC2DDE4FEE46A45CF3524E1584BBD768F9C8658690B623794C761094A41E15D5C23CE969CABE0C866A41C4F1808A3ACA602528BF979E149DB8D02CA24D2B5E2874FBCC
J=-$133CCDC4E97CA0FBF1F0BDD6FA2E640C36E69CE1C87335F0CC7AD1A2A0744C7C4E9ACDCB0B10978D8F4E42E93510F671600F1B0581CB516052714F3CBE180C85DBA391F7C7CF2A182625B26081D7CB09D3AADE68963E3110FE2A45F2EF0B634C8C21C12AC7D53162B70E477C170900B9A9B6734382FCA8DB058FC9D09EFCFBC0AE4DA9F21DFDCA24ED1451EA5FA7D8F812B07DAB7B94433AB24807B0C7F7C90E584E0CB7179ED750BDB00E4ADC5CE94C311596058E203A2D4AB30D958A48901ED23BF6DC9DBC85242A6CBDB10EBCA0C93B4E2876E44999B17262FF32B95BFB3A4CD438D30BA95A06EE1B16E0931AFC5F2446BB952CC2872E9D56D6AD0FA5640839985A139C8344C0E61F22F6A69B2EF175551D1F07618D5249F5D8062F250F7ECCDB7AC382B693A7809C02E323F44639971EBC153291D726BC29FB35B28BE0FAEC47A3CCF19F54182BB8E9DF0DAA4498178F5A1AC6872810F7F74CB933E8912A588715A12111C5
T=$2

[16]
S=$5DFE65DC
W=$A0B8DE9816C519AB6A2588BC50F8A79ED759EE59883534A072716EF9F5830DE8D71AFFEA195F9DC9CE9A6D4A2E031415D582A4123D6B627A6EFB182F5011E3E10AD390D53BBFD8C9747F4758AC75CD5267411BA4AF6DAFFC62735DAD0052FC01FCB802EAE84A3F16B822D915AC1A3C9031BD8E24CF6B3B8B45CCBBC246A9329DBE72616121D460EDCF5D3825DE3CB8C9D8DF643BBE996B788B4D8BF7969862175864721E8FD13B49132787A010122A802
J=$8F0B79657EA0CE19675DA873FF100C077C9BC9E1626697471376927C226E55EDAE7BC60D8E18900F240710F104C3716FBF988914B605BCB14EDEC6EDD5655D489C8A79017B87473943A1E64310764DBE23A803B08BAA4D33BF505A554678E3D7916D627D0B7456F5B613A2979F966BD9AF39B4267F174A670B5FC73EB916CCBE77FE256F6CA897215081B6E0A15B29DE5D5232B3B145E6BC3770F7DDB8BF561E473B9ACC5962AAD010E490C41967F173F4DAA40EB7FD3DEE7A6BB42B2974F07837F1A9541B4DC15E2C88313F82D1E8487ED2DD38BB5230FDFC28C77B0F3269F098C4FDB2876885ED1DDE3920BD2846379B3279E406992989C2C5E6B94C51A85B3F30DB015BCADE6B3B6850B64D60E45C912A1E909194CA6743184D6A30A70399DAA3EA040BCE456B7DBDCCB4D756DE55F5A008D7E75DA97F51342E2199A680C04B6ED57A801728F9E97691974F1E5CA6BD3A514870460AD448C63DDBDDFF95109706
T=0

[17]
S=$68AB01B510C76F
W=-$3BD808CE64E1781BFAB300F09C847252114A0026087561B931979FFC90F2E8BEF0B109E36D2BD088841374670BAF216B2DC53A132DD648CC9F6CAB6A7453E97D0B91A327EF0E65B2B5B96D378F30AA47A3497DDB0314F99FE9826601A021CE54FDCB9844D853DDFE2A3F721F85A4A55258405623C16E4FDDA04FA151D758C09E3917AD192DB9B497955540A637C1D9980E57836D0CD210CAC570FF03C5859E6CA6328E9DE678C82D16A40EB6FEA0C61
J=-$D0261A4EB7891A865176E2BA0B2CE99A4A85BDBDBA0231A62AFB0F62026EB8248DD6E020167E8CD9B08129A4078767E676A8A4295E9713F7E829B419C1AEF1C1844F036160D22AEFBE2B5516FA2DCCD6DCB65E26C01012EBDECA8080B6368ADA3436FF1D2C0B6F21BE31A86E9ABC956E3878BA2F3CD4C362DE3629C6C5EC91992AD539595F1E5875612219AE6432B5A84996BAA76F886C58EEEAA761CF2ABCC61A1EAA0C15F06CB901107819CD7211E3CD5C717DC0D4501A30A29427488A5A05A763BA95C82802715B97BDCE0F9CC17BBEC07316AD84BCDEBB5B961B454F2EDE403417F34969469462346F6824FFA5E0CDFD4FD13D793891F20FF93268AB1BDDFD0002A533FC07BE7C994AB6332860F1F50559F2F903514F8E0787A1E1F6AFA0BB7348982BED7CA773B7632AC112FB5945460833B3CCCE9DB5F74345DD86BCC3C0E464CB30C360DC90C2374DD4C4676757328703558B6ABE3DD11BD44A39
T=0

[18]
S=$147A7659D
W=$54C4F65E4A849222F6637E7391FF07F959E54540C2ABDEBD723F1104EBD03B14518347EC68C581D40EE88851295DEB11B0944DF8F2EC3A81BEFF12D15FA62CF0C605437C67AB6CAC09B59B706948E254E19F1CA071A8C8AEE206C0246609F166D966B60C76C772B4447B619E5A78AEF794612580D530D669A7287BAE9AF940CF2532DB9AD2D21791D342FC5745383E1CEE327DB90A0196E3ECC8FA9DE3BB4889AEE82603C0577F4CB4F38677
J=$2B766EA936BC05792816A3E3F53BD19D2A88025BA24E16BD1E13B38F212A2FF3489489DB71F1B182CAB070F995D1810AEBCD9CF3DDD3A374C1FF5870456179F7E664BD2F165ADF1A82F53D45E5B842D4CD3E73E2A5C5A387E4C27DDAC368AD300419D1E7ABD545C7DA90E0F2EDE179A9341384CE707C91B8494C626394A93E10DD90260ABE391ABD5D12FCFB2434D625289796BF0E58A26EC6937B35B56E1F09B6BB269A401717DD94FB8378DD467B1D02A9CAC484C074B5B91A905CF5BD27E081705E3FBF909F24CC2F7A1FEDA6F0E0C729A020AE35C0532056D5FB052B5AAEE1E4AB6EDF3F1287117C2E8E55073185FF7EEDFACA32A2D91616DBD99E3DD4347C9007F54D65B820A93EA24ABBC8057EB6336E0CBE881D1531385EAC1921A0FCA920755DC2AF205EA75CC9D4A31080CB47C75F8A251CE2EE87AB1F58533CE611E989FB052D9D85FDF8F8497CE85C4A807EFC4277C38F7D1
T=$1

[19]
S=$DED56A
W=$12ECFD2FC06F5073CF7FCBB43EB4B125F1CF2E080595F2C38CB35BCE95F6189D231D6E472009E4DA638179C2AD510B0F9C4F7C8B480D602C18AB865AE4D1CB005E9F9EEED5C38055238A0AC4364671463DC098E977AAA4120B002454C27D9520E0749B4CA0437BF3DA96C5B1CED44191FD9F5B74D5D7FAF27EF60E42F3ECE65CCE50F6284AE3BE6B53919046FD8FD03BC86AFBE935035AE5B3707660EBEC5DDF1EE237ABF01AEC9F5416
J=-$18440693A2876E8F9BCCDA8165EDB5EF7E83DABC6B52A5CF39EA64C1C6082BC7C7FC20FD8B72B572E86E3229600E2F33A1C032E76E6BE6892E4319CEFDFF2AD31004F046486E662091022E5D3AF875E33113D6A2898EEDF249BAB212EE2C4AC5436A2301051259FF977C0D91DDE6E7FD5FF65BAAA2D2E0ABEE3263949F16151531C5EFD5CB175A7D129320376197A4F41DC5DBFE34345B616ABD3380E4230740874011A3E54EFE6469181952D919A4C94BEA20243BD181373933623091746E882D8562050A5AD8377B9DF58C5A6F005622F5409B9D6853BC60E20C4B5272B458D1A3B24A161AFB6410E1AC722C6D15139AE16D4C4E58AC9A4DDBA4D7D47EDE56B60C4DB484463DA7DB4C22E02AE4B8178F0812C1F4A2D34E1C0F2C71CAD2A54B6A796845358DD0BAF6244005F21726FD7A71051324D64F378191D81495B3DAAB7E0AAC3A30AB4D7D973171268B4ED297506ADCA
T=$2

[20]
S=$B6FC9FD4
W=-$2CF8CBE3DF8D646C77C0E550F88E98CF54C84572FD1CF92A6A69C8BCD36853E414F455E4B51F3013E76695B95CE833500DB539C57A4C6F512689D52FCB2A0F1E950006DC6F69D3BA377D721F1D8444A0AAC18ADB4BD716620EE741CD8D8B057B844848DD840C0AB68C5B3F956B23D1C6109ABEC1666C3CFD380A27EE8D96AC971DF7FBC23FC65E27F48449CD83442904005950B20287DF2D9C39542A924031CB50A37E38F480F6CB2
J=-$6B5A87D7B1214C4855BFE3CACEE9F54585C635F8424CD17CC46FE8478279CC30423739B9F536EBA2B6A66F0BF2B824360E95ADBD597EFCB799E44AC683DB5387AA8ECC108BC20F12627E9C0C8F4D0801FFDA4D191946AB58A8CE8B9171DBF7B1029C5BF184473E5272AF7FFBC4308A39815487166B5AA7974D918B72CCCEAD7FBC4FA24B47E92A590B012E9EEA6694AE08C48EFDA32420CCCF36BA0CFDD869AF1C7C359CB4ED71EBEF35BBA162E12DF5173167EC53D2197EA29122549EC74DF4EA93E5AF06D1317D8D7141E3613361346F69B0B12DBAD443BFE4D7C99267CD3497DF5C8CBE3B1507032F050230106347B42AEBE27AA31B57325C088CD02459521D056EC4EB70C2501E4BB839B36D8D3FBC7B76D1CEA28A32ECC6C7D1F0CF4221F735B66124BD35805B40DC0DE15817B523204483912E2C47C819270B63A121FBA047EAB1669050439D6C8BA4F8496AD6
T=$1

[21]
S=$487
W=-$6729D44F5D442538A6871BB3FC87AEEE865A7CA66451A422547B5244CA97554781E388427759D255CC0A5F2EA72B4A413DAA50C4B96DC02366F8CC68E92984460F224EFC0D1D4A7329B2FC05D259261470F52B208326D4E142138AD650493356800285FC3A2FA236EF126E46EAE99FCCEB9107FB271205923EDDF8B2D6828FAC480425E9EFAB74ACA97A053E056B2AB22B6D19DCCF6A620570DEE19C587FC04B78B87576CFF5B
J=-$486C36201A0D33F6DB9D4524434061C83FC477402F73957479B280394DA38F4AAE4B484BAD941E1C49DA4BAA4A4E04E42FC14F498E1B21834C59239CC247310649A49CE94492000AB52A31312E71E9A47F0FDB71011BC7ADEA7A28E067380ABF7AE0EA2989D547BE6B036163E86327B89F740F092FE6CEE3231232DD0FE072D12D9B635B3B088826B05FDF845615E1918A06A65B2C3D0F93B2FEAF63A02A5EC7120239B6ADC469F5E85C85525D3A0A51B02F38162F9A598D3DFC36B9E84226D471E3A495EA4A2BB85F707277BF44DF907077F941EFFFBF9F36CB431C301B0D531F2688BC013D3CB410BCA302EAD184AAC531224F516EFC55547194EC3B954B8B89BB6C8DB8F13C0A162FF1D604ECD87F740BDE077DAD886CAF599C3881AD0B1A46E2890312709D2C41B15B3C57E52C45A735E92BAF4892C9B2629240A4B75A63FF3A54F18D702BDE0B92720AC
T=0

[22]
S=$51C161
W=-$110FAC6BD3A25AF7856A5120710EFB7F03C0172D8D0993894C509882437B1B801CC0B1B3E452C3898BB8E313D2AFC4113D5D53601206BB750C838069A8FB6BE487A6E5C3E86E9CD72DCC1744295AD6B8D9C641E531C70812268B8FD41E591EE508F240D344FF6BCCA224502ECB3DB3C7FFE0B19ED6DA968C59E4B968FE52B2AEE9CA23A704C19F46FA8EE0D92A7289B229F1D5A3F731E5816C5B314F6435661FA145898C66BF
J=$930900738775C7A45CBC74A21417A1F6EA48FF871EA75BBDDFC025F6D9419A23EF2A353F1E1492BEEF1B2B5BE00FA4D4A71A44936BAF7BB47BCFD91F9A779154FED71AA32B053CCD447A115D4434DCDD46CE968CF64F554DC37585A2FBEDA9621570BC9E828133AB65DBF34479BA5BBB135AC7B4DE9C3ED75CD7A4132A86805AACEB43AFADD917FEFD742F5A7CE56DB8B38448C9735C6A77FEDB7B252F8B0E3B9B6B3683177EEDC4FFE8E5B8F569AE00324C90F2E51A24233A1A67B4B1F00FF19C2D3AA3654A5859C5629A8D9F203DBBA0C071B310E221EF8E31B6437AAAAA9ECC78FD9886BEF2DA3FD1C2B79EA7DB18160EE253EF3DF1F61E7B5548813D1546609EF3FFF35D685CA85D04AA9AE27E5DCBC95BDA3B6E8464AB8573363F747AD522F6A090D4A7C4AFD0425F02695EF6331666BFD7DF4E3D9C66D6F1E1915CCF68C6254CCEDD2D5E6786492F
T=$3

[23]
S=$81A83FA
W=-$7515E9C588C35339AD4C51D91F37C4EA363FD702A69C8734DFDBC1642DC6253754018FC711A6FF181C8E04C37591CAE215790FAA31BE57B50AD608EF3FABFCFE128FA2984E70CBCAFB81830FE5D650EE972084B11E188EEC8A52CC2555CCE1CC7EB868E3D82D31126C201D2E767EC38C145C82ED8C9CEB05971DC071F9DB8A3ACDEDE5D9342E7AF42910B2BD5D35CDF62940D265310A41CA6D13521F29060EF0F4AFB41E
J=-$191B0632CF09EDC39B85A5EDB3AA750224BA7124F7E55D76107B0CAF6EDFEA968FB4730B50715D8FDE5BDF9900EB6560FD038718BC605AF5A1622D262A7A72C900489CE5D43ECADE2DA54C9D787825C8A4FB363A518DB7AFD15C7A648E7E6E8E78DF382FFB190D59DBFE48C618080E040588F20519BFFD695C63710D0BC449172E5F550D29331212546092259C0CC86FD9D3B662D415BC1AA219EC1BF202C92CA8F4853242F2FAA1E1937C56C7DFEA577949B12AE157FCF94A00890CDBD3658BAD7A69D1F9DF59292FF0ADC23A3BA1033C2D89F576E4B91F785F5A7D365EDD0F5BD7CA261F946A2AFE62D2C5D24A2B6CE7022917212B78259A2A929E9C0A8ADA94541D5407DD37FD8C7463CDED94FA29FD1898929199B90BC6E158E845C573AF1ECE881341742FB6CF1ED0556510C4CB7EDA236C2938D3359F4833CC17E0C4E57F1DB65EBF0F1962A
T=$1

[24]
S=$F9E03ABF
W=$BDC0947E9E8D8E0F44EB1634C46718ED8E3D07DE2E1FE475ECA297036733EE63CE6EB8DF1FEFECDDEDC2141B4756CC101E7CF27B0AC8C1C49078C2D7B7F65FE7E3957FC493A74EE9A72803EE9E4DD54A3F1C0682CF0D3A179F6415E7CBEC43A0DBA97A0DE60E96E2571ADA6948A0DCBF51452EFF2961ED3D81E1B814F0ED5AFA026C575CC643D06387212E22A558E623D58649B28F3596E368CD82900C846BA9AA901
J=-$74CBBC3D8F098D441271D517810D109F5A13AF52CC856D3E5CCF76561DDA5CA1E0DFC46068A71BBB47DE52C0F7806B9CD8C43E710FD9B5AE5863DB2AA874649F2C2B1DAA8CB5F979617222959B679ADF60328D145E5DB82614B0504E01EA41FD203788DF6BFAD13DE7266484F65CE3A5CEC36ADB2B89E2BE9CAE0D8C8BA3E73931B7D5959097B7F4CFA8F52E30B4AB9A846AB96AE1DB23BA3044695989DAF13F887A93AF567A196114575DEF3C9A895591F27B04266C4E760C06C7586C1334B3B8073C5DF2647B740BA07EB44EFE50DD53F0C333DA2A57DE0A75D376284CE2F16A4A6B7879B71A3E96EEC2765D94125C528543F9BAD38977225583A7E68AD90C5D6EE8DB8E1278E61FE6B53DABBAB66A984EE7FEBECEB8BF11C10CB181B6F26D237F1BD5F0AD161273CFD7B9E718BB8EA766630E30A86457E43C9F2182D509779C368559B
T=0

[25]
S=$141942191D7D
W=-$15CCA701AE4DF472F59D79240D8898AD049C36667C1DA6EB094AAD231F61EBD3CD65F3AAA7BACFBBF54EBD23151456B2CD0174976178E61107AECC578FEB99CEA6AB7651DF0C60916985ADAF45DC916C545D96FB99CAD3BFED931870CD1D28C0886C036D55EA2A3FCF0A5DADEC584B2D3469D4A74FE01324DE21FC548D3F6392AD194211AB873E44B09F5FB18AF13E9FF893838733183109CA41BD8BC5AEF62737
J=$6B44646CE93B5D9798890EB0F49ED892C672761E293C6AE06FC5677B274ED5EC15E1AB537C632D7AA1A34CB4C0D89FB3A95A3DCF4ABD1CA8AD37AB40D1A01527C655FDCE378340F35A2D82A274AAD40381F1AA9F1D2627FA658B2EA66F91A8504EA264D11A196A7A439C62EC98365B1C76547D38DCB18B18C4445C087A5B8DF0AF3424B9909575F4D05C69C92A6A1783E75EE81D0F1D79E0ABBFF87C46DBF5B6214C73E2ED2CA48F1857E6F1F38AB0EC79B3E4075C9D04E66C95847364F23B5BD8235B8D4500DFB078EFEEA82C72E2A7F45F83DDD9EB4E203A05340B0CD258222CAA8FEC3B19B42D5E29358870463D9649BE3D93D6EF6DD9E5B511009AB8730A3F8485688A9660D7AB83252489593E1EF533EB5E3D7E010D150C9692D2CDEC0E303BFA986A832CFA787F6F298FE1EB2C23B01910B8175DA42C53ABE9F056C9E0EE
T=0

[26]
S=$4BE2448CC
W=-$204A1C32009831BE57D42CE6D93B7E20E9D54AD797C9064A0F527C6807806D97EBC6A2EE88CE4F9A93684F9E9D8BBA7A6FDE3031936F527F64E6935D4B26656D39C2816647E75EE17CF8B2B39222F3AD6A77758164358342EED7CDBB5B5510D848CE3E8196EB5C4C62C1E556E8BD1F005C7D90D02BE80B82651F22F7C1BE9A96F9357F65F8E1EF7FAB750459691354342A6663B0430DD95BA739CD7E99EE
J=$142CB42C7F7CAED42C29D281E555B4E7E1785D020204742C32636580AA3F3AAE3F7D507705D4C7011D3C5A6C1DD704BE5B84C7D1407D824AF1E703679ACD1A918674F071C15E7240265F0A3F2AE4B51AC9F7A89F7436C3E46E7A3955AFE36B68B680278092ECCEE359B77388F72C82632A74E78D8D71E040AAC9C66BD21FDFA75ECC2362CA508DF3C8920AF929694FE4F036291AFDD339110AF1634D3E872ACB50F9B5FB9933C8E121B0533D5966748918C0A82E054AA30AE2623D165B0A73317D5837EDDA90A9A8D317D22AB306ED8279E05AF8D635EDA84EA8ABAB60C73FBAC608C8EAD990CB345D8A42D8F3A9D3A509AD0C56269DF0A49B603F4AC88ED24CB01C4309F9F661CC50BFF7E1BF095883D192237E69FB4DF9030110F30DA9D15F3767F0759BA2E6F34216D554A4D724D620F1B70E5DCB14180A54A69
T=0

[27]
S=$2DCB94
W=$12C930F74D539B76F80973A34966FAA1B9D96B149262080722C04774C58D825E503D879B1CA24333B8F5C7B0AC07670FE9B736EB17A9E23358277E71945612DD927599E8B7D3C4DBAC0C5A2E94B419F5085E897AC17B31F944F4B0126179FC5CF695D28034588725D495E58F4178C8CBE0E12CB02EE079258368C9D1FF1F9B735FF5D4370110A978B43AB9FD5983BAFE05750797B1EB28BE51141568
J=-$97506EDCEDC663F6A6B54F125C6D56E60E7E2508CD4514A871FA6616630B71654CAE72E1C5CA068D571D6415A888D68E4B5FE4A77A8F05B5A4053E7D4B74096425FB22BC523BBD7986A0D47A1B7624FBF87F699C4A43D6C79045B6C5B7CAEBC7A45110CC76149356C0C1777A25D0C83F4C7268AED3129435792F2AF5FC57E4D63BEFBD5799351F680726BD9FC65FE703922A2DB86516D00ED7BC9F5DEABB043F3ACACF6924D0BF9C024D85DD7EE2344305AAA83E63B16F6128BAF8FB1A2929DCE039AA0D3E7479469E4F2CBC0B9C94C9A3F6F6052D7657307C08B969FADED0755655D76946187A3DC33ADE4BD76A363A80CBB4F6B1ED171890873018FB23AEB104611AB61646659DAE7774D86D8117A9BD95DFD8D9A04585E21A512A623EA3E5C6262A9197161CD4EBB64948DAF8DEFCEE4E8F273FFB5C
T=$2

[28]
S=$C9DFF8AA5A8D8B4E
W=-$75982202ABEE3421B20304C29D27DF07DCF676DFCBDCDC84B8A10FA91070407362581D2CE356212055BC26C88D50685B25DEDB0532D1F2B66BB639049EBE0D30DA26BEFEDBC24153557D2EAD9D460AC8DFAED1BA1B2A75EE389AFAD1B68FC228B8E31FBE394BFD1B23A117665D007F12E41B5254D77EF514A21A9E794A848E2C5D9EA968E2E98C898C7A32D73F97632E679A55A13363172F5C8DE
J=-$1F5EEF22BE49374ADC4E1963C0F23E127F78A745D9EDB859B1F06D9C9270A1435C59E5D5B02187C83A8C8A8E6F55F90D2564ADFF3FA103F804E3FF457715094338439A39324AB0840361E376318A57749CCD5B6056AE221D7E8BCCE1BDD147E98BACEEF056703C9B7854AB6139EC5231DC61BD9C6AE16ECC0D638C66775948DEBDDF9C433279DE8235C79BB09F0DC1BC4209A68A964C30C34BDAD323AEBCA600975C70BE29FDD1B8B4FE90C60033CEE9C4575BF58DE943DCCE29AFCFDE64684CBBB9178FD10DBB42B3FDA57F53AC6902D2A6CE513D69D85C76C39FDD10CEBD0462F8D6291A449B2196543C76D3260832F677689DDE5C6F51AD47DC1328B8415474CDB045C9386A18E244F5B8EE124C66D4985B33057D001413713E565477B6535AD1E0D619BC56969C6C8AE68D380E75DD79432DB
T=$1

[29]
S=$6BD0A76D
W=$2A16312830697FE2DECDB43897713F3703C0D5327AA7030C3BDD67A449D26451AF64060DF2B15404D89E157F0E76DF81C0931382ACA3174E7E9EF92CD5D4ED3AB4536C6898D442F62A316EF3136D20ED49B7654C9DD1E220F7874533F4EB0954B76C73F15C6E179FC53DBA6E1BD689082090E8DE2E1031B08BCFEBEA6B936F8EFF45BC6506AFC6B580318B8A8F675CDBB50826E60C117
J=$F74A38A9EB239404F72A3CDB43A2788C472A8002D527741BC9FCF9AA3F4C9B6DC71E37EEBF236FBB85E67072FC921BE9EE8005336BEB7C9D9AFBAA2BAB46485A7AF7EE5D6D96DD3B4D24BC5D876759B8A9A1C9CBB72C14FD5F423C577C7590F75DDF431076AC58EEC1E8703052ADC1CC0742092AE7D7924D1E3FDAB3846A670F6EAE6283210BE31D3A875047808EAD796ED9DE30DF2F54ED3DC251CB055FD43606798807BC91726C91E9EC76436FC5ADA478A27C270EA0307146A87684530605361ED9E73E9CF0C935312F967802162830B76C8531F26C8ABDE0AF880FB99A39E1DFBA3A174DC105A78B00ADF3850B0ADD9946DF0BD3DE3847378E7FFD7E7C7943247055A3720685504FC6A5750C9ECD556CF17E3E536A8D551A9083CD9B28597B3BCE43E77186F11451C145
T=$1

[30]
S=$19E31F1AE7AE
W=$45C23655AB815E00443417B5330B03227A7383EC4AF57CC2062746E536D3E6C4D2E1FBAD2D4A72DFD44A590ED46C96773F087408D0FD3CF6F100918503A976C6E8823B7035F7FC5126806AEBC1142741411C592B5E1EC764AFCDE1E8C1C9A60B20FF27BE37B77455B0C5736931B08156E83B9813FD3BED2B195D828A527846F0B043E4853E5AC868AC7B5824742819B717393EE36
J=-$14A9511B9F44A0DF3BA2E83F9B8A2B28F1B91388F06F39526DC0C2CEF55E9054470067F26CF417D2CB3E9C20ED047C565E26E939FA7B52854D246DED68071095BB64038E4719B3E84D5295B723511A4420EBA083E1DC2A63209C242FA5D3D973CB1E42865C36038B84E36357878A41EA7B1FDF8C85E810A3B42939B45762F4474D1E09A48BB315CBE11E1DF3237FC7EB461BE5D6A915E20ED035B888FB779A0102869487EBCDA6D097F12E3C82CD8947A50A3AA2F5909DC287DAC6A5D768113C37D625C90A7F81F276082FCCF07524FAF0F5C14BECE76598C19F80576997DB56C4CB455073667908B67D7369D29042D5F980DCEB02DCFC6D74484BB7252E0AE5A0502405475BC41767D5CFAC35393E711549585C441B8167471F7F497E42F3C85542A441E07725D399
T=$2

[31]
S=$76E9ED9F1EE0
W=-$1B97519791F562E1B457F4DF8E0C7D6DF109D11B4CDF99240CEE0A06B1CF355B25B862AD4E05AC7025F29D49AF8CDF16B03DC148E1DB64738FFB454AA08DFB473F78D3D5FE0D7BA24A828420A52F92559A389E832E900C6CEE3360ADD4A75BBC02EC7BC11935F93EA9313780C0EC55896E158C0EB716C63E6C2844C21DA38B3737FF3598EF1C84C19423467BC517B93741F4
J=-$47FAF380224427EF145636A369AECECC6048C35E90C8665A94C0E7432BB5661ADBA0CC55306525137986336F9B3BFFA3B6EFDDB25308F3B6DA7F6BEBFE8A02BF57C297B6C3C057B7D63ED5B8460CA48DA5863240A544A2100E0D53CE7090A561E61497C240C1E331B197050B562F16D7B32A19D8667E9ABF4096CBA340331B878C74AE788D098537438E21859F0B794F999913EF137DBE69F3F2715A6F3AF072192E9BCE11E1BFAEDAE6100BEF65B65A7CAFDF6C0219BC17BB5E5B1ED5A677E6042F90D50EBB09D04CA3734E577F9E81E90824ED386AFEC3059AB7574FBECD8C6C2423719472B8E0D41EB81D200FD672437C6861A977BB42D7533DA51A2F8232B1F72F466FE6C749069AA65E8F70F2F0F6BF7C06E0CB395AA87D00981269AD49BC0389
T=0

[32]
S=$1DD8F20
W=-$314D31DE0C73ADD4B76B8412549A369C9E428E46D3CD1F8BFC0B0421A9170BF94DAD8F933E9AD5CED2AF1BAE31F8557D0A7A9242B34368E9986FEFA8FC80839194BFEA36CFD3EF1772D3AAC92B173FFCE1E2E0A863A100A5F9E9799EBA2FECA955447457B37D6C3F5516F7B05D02E23D275629FDFC716DF85B8D4D9D9A3CBE2A490392433A60E33361306D571A3112
J=$8659D0235821B062F6ACA0B113CAEB2972E9A3D85E779B2B2406C7818DD83E10314B5699E4CC5538F31B2483548936D83A552E7368AF10888F4E3F0A9A27A57A3DA43CDB12334892F22B806DAD8976903D1CE1FED176CF9DCDD2CC6C7E7C0CFF9CCBAFD4F5C05CDC4AF16467C44AB30DADF9FDBEB6D72D1CBE7CEC90A86A7538B6924CCFA3BFDD1AFA387DB462AE0B77C7A61131825FD51FDE09C3162AAF6CBC0F06340FF66B49C6230FE2C2A386530FF23953D3AD0A992987787646872DE84EDCA0B84FCAC7C2F781F56B25D709E6C8D733E71E5359D0B20F220F8EC76FAEE3777FAB4D5099B395BE0783CDBB3D7B0011F85E7F884078DA7F9E768E218BA8F417848ACD6E766EFA5DA311496ACDAE1ABF68532E40FAFC1C138C473102
T=0

[33]
S=$11B10273C
W=-$221FA1B28BED22A5CDB5398DE86F38819C1EF1A499C30E32395E03A3AA29613FC3C38F25A6F98EE38EF28D51FDB30B22CBF0E88721BECB831C7D4C8E505D4778DC8AD7DA161CC469715E4FB7B12D4D02450CCD9CB1CC90E1825D0CCD3DFC3F864AD8475FB9378388BCAD3DB35F77DC2CB7280CCBA2998BE01773B322D691085C03270324BCDEDA2E6BBAC4A51AE
J=-$B4894B88D1DB2FCAFC2EBDAA44403EF86A6076061418509198BE1915250267B8CEDC6D3B276836A94B604D643CAD55AF80C8165843F2C5C071D65EDD6597C16F18A2C57B71DFF7E58C29E3B06515843174340184212BB719C5F76283850913705DAE3D95A9D5AE91E11190CF869386C59E6C9E3250C22ED9C9F7FBB4268086172C8C749049ACB4FD545C7BF91AD643DD8302BA6ED97097F5EAC1512DDF8C11E30B0DD9A89A3DDFCA10D773CFAF869B00EA32E610A90B19124BF7EC6754862970E9C361394064F24C45A3B7FAB11BF1FFB92FD380E67D530D612DE899F5F4FA7C57A13783127E0CD208F16877C26D13342BBD24CAB14ACB377E520B114BD66AA42D648264D0C8B50EC6F724E6712D9091AAF5ED256803C083626
T=0

[34]
S=$E3BC4A68
W=$26B37FC6A9B5B3575FA7422F6D5BEC9542C2F54E59C16FFE2F8AE8B025A824FC3291FC03FEC82968B4F0761B27D020C7C5856A6F9F578B5D793FFDADE69F80B06CE81A02C36F71D41793AE95E7302D1205421D4FC5EBA2AE1BB680D8E094AC531976CCB3EF01AB039DD4B9FB165B343AF3C2765D7DA566402F5E245FFCBCD0A61A5A5FD02909C49AEFE680
A=-$23
B=$62
T=0

[35]
S=$1CB58D38
W=$28B68E7471C7D3D26BBAC2F3A0314047B22DD8BCBB850FDA828B78EEC4E464504C21E6197F964115E86CC7DAF59A66AFFD3D1A7DB4A91B2A30FBB158A7EDFB46592C7DB19128B2A0D3159A747FD5779D62DD2093266B9765982E53E2E750954AAC979BACE255BD7FE31D9FAA162EC4BD18C18418C76DF8379BA4549120715ED68A6E941CC851A593A44
J=-$F8218A95373A63BD69A3B89006C7D24797679C691B367C1C8C3D7EA91B02D6B6F14DD69A1966FCCEFAF53EB88AAF2434CE8A73D4F19D8B1CF1C9A725A427C40B7558C5D0A0D68613DA68F188468B28376FA28DFB445BC49A47C579278CB429370A4DC1D099DBC576A17421F3623A44518638C9BB1A5462820358FF60288C56280AC061DC88F7A617F40F15D7D183746235D56E1F943CF4B844E35F0C069C4F8451A2D8BAD685C2A9A2D7BAF9B9258917A76D0EACECE5E2B86EC7FDDC752B1AA3285307B332C15E02A1526C0412E33C89A63BF35DAB945A79458D43013E1B4C1F9B6D39FDA5860DFF53FC591B8D09B19EB681BACE8DB5CE33AFA39AE0DCA821A7B6DB8E40B1508C1DDFB58D6590B59437D77F
T=$4

[36]
S=$2D03C932
W=$83D1DFF26872B6AF811ADB03519A8D444685892F31A3C8EC1DC1240228F5009D231290862DEF98ABC594014875ACA3724981530D72F1083CC9C892F236A1AB5886EF99739D5AF1E0B026943C4276C2BB96F5F6B60A13429D5B5219D872C81CD741659662E98C908CFAE4F6F35C31152B9BF876E3E9E9E7D263665399DF4CC04D82AE7A8BC7271D6
J=$D8456729ABBC4BB7D0280CE13CCDBF1182A4808778FB97B4ABF946F1E40BEBDD166511F9AA95E87C7C34DD7B059721CD89E304EAC64DA691088A1A5DAB39C64DC576DBAE7C74F09FDC6A08FBB278CFB8D811A61D416B840C3C2B645AA988055592DC50EDEE059E749AB0987AEEA086996D73D08C3E8E80CB5D139A2ADEE6CCBA02D8C19922897E2DBF2202BCCA4910962D6839FC0CB3EDAA2D28B07DFF811E47F915F0ED4F442CDA8C2B3CD82377FCD50EA5444CAB198AE20582535B88D28A601FC75D6CE4FAB8F23E9B800CB7CD3A66525702144FBABD393C8CBA23AA398D0B416FB7300DE4A238F27FFDEEE1B41E07E24E378122CAB0ED31E10A8F95330F33DE848E01B15E185AF97C1F70228E
T=$1

[37]
S=$178E1F90370FB0A
W=$DDEFD89CE50401D15ACC1F673C7CD7ACF13CDE7E1985A561D0186B87D9ADED2C3B876A6C0583124E1D6FEFA15A846EBE74A739C02B7CC36DDA3A578A53A21411237BADE0311A9C87616F0BE4853EE194C9E0D4A573EF9B6CC5D1D55BB95E00347C561FDE065943811F018C00452543BD3F124E7FBD10E6E6D83D1092ECBFD690E76E51B8E50
J=$2710F7A305B25C1E8E2B3B771837E2C006377325B30E6AC85C05E2AB6E814CDEAD2720BB86AA6BC39BB8FFD1056AD0B0A49AEBA6B6D7246136395E36AFA0C8FEFF1B5492B188B66B07180F161D53CC400721CE15540EEDA8128E664229E2412C628048C361E2B9D94B7F41969FF6863967D2C7758D45F88F54187EA0C33E7D758E58FCCF47DE988199E8A113287DA2736E099617402FF5FA314780FAE37A8692570EBB73F9B0E1EAE115721A4CDFE08306611D464D5DEFDE9E29566D2DBF3C9CED1A9AF46F9696DF27F003D970BC0D4E23AC654105444598BD2DBF27303BFD3EC7A026D30C90DED991827C27E0F6B0D78C4BA5239ADFA79D9840A1BC97320D2C34C301B81D603EF850037
T=0

[38]
S=$2D905EDD6
W=-$104D8A51FB0689747C74DA411F4B1906738EE41532D7CC3EFB523908DDEEF44BF642338F45E85197470BDB8D3DD5AABE12699BFAB9C01CBBD3AE6FD074DAFD80F2151D8470BE5185BB175126476066AE07FBAE805FB8575AC46B4D4532BAFA1A0E38BA06CB5DC2382E58539804CB41DB7351CC540CA956BAEF15B70517841560FFCB4
J=-$E8D9AB0700F1CFE59EDBA85464FCA3446083B91C1647F8B651EB094AE0704207F20786FB39ED5291CD04C2F85AB174B0703BE6786B6A2C940D8F32E50BC2FD70F05EDF39B6E9F18A3CDEA8ED4BFCDDB7F081D89C721EEDA2B012DC3585AE1A08D997F586FA948050CEC6D3A19ED70DDA6328A4110463169668419E60DC0732C677168EFD46E38CF56CDDF28B9715892097205C5C86EAC493072C361E6E2E736BD068B68456E3BBED5104EA9CEDB577EA14983A6F70E85EF38CECBE2F58D8E6F0B7574CD939050E302FBAC1D7F74032A0B0B8FE2C968AD5DBB993AFDE89B5132E781AA2FEBA71655AFBB32EA5BDA6A1A6257A80F42BB4EFCA4ED10FD80D46F29A74B8DAC
T=0

[39]
S=$C7FB8E
W=$850BB54384621AEEF9F21204B75A1F59C2ED9FC8089229C930997FDE1ECD27CE79069618549F895588E9297BFAF31F1A43D5C2B3249EC3493983F486E8172DAF4E115834BFEBBBDCAE881AECCAF5FA3AB31ADC9CF24E8DD89F04F6A599DF5F421B1107F0DFF3A2F7CC17E912CD4091B8B6B77B739A507F83A58ABC249F5E4B8A
J=$F078D226F6284782876C8114AFB19D23129A199A2F7D1BE2F7C86B10D09EBB3CAE9413B988600ABCC1115338953244AAEE37899E548C41AC0E1EF3E9F09AD10F83E4E223A909F2C5CCFEFC473E7377C5B42AFF745FFEA1B85D04206A214F2E3800DFDC3DDC2DFECA84075FAD0E3E698EA69D37F1DE7855197CDD76B7DC0F65F4CD0407FF945EB89F35E144E2E8FD73B1E095E48214C3B475709895E055FC692DE4C1909336668B8E204DBD87F0E087D6DD99529CA3ABE99E5564E896BC9D50F34C375C756753A450030A2CE3B162C8AFCF22B08D5F52755212458825AF530816E5D4F1817BDAABC1A45B7951B0DC43A19C395338DAD4BEFBFA8C3999EED07F
T=0

[40]
S=$49C7BB
W=-$AD1F49E832368AB31CC5FE0BD94A4E69A39F9DF158D95088FFCD108A15CEBD24F6A37ED111C5E1E02DB9F481C093071F6D9956B68F1CCA0BD39FCCBB85E9A816D0FFEE21CA084E50D1CBBC771DA0BFDCC31B4A7241A4D98A8EA45708462BBB787465CBB9A76AEEB7C688A663303D5E6E185A3526D2B6BF82BD7E299D4C79B
J=-$E3343A1BFB72ECC2D962DE05AAEA51F90C8E353EF5EDC0A45FAE0921C8AC8852576F6C10350A42C613E8A9D72174FFBC078BB7C9C02B0AE58FE3E2C04A2CB834D8C80E8049DB79B657EFFDEBD8C720F774D62053D4275CB53DEFDD01C827100F6EABEE8E9929B7E7A198077394DDADE7B80CC9BE271188F816202386556B3856A635BE2C56FDCA638ABAABD8564CA4A9174223B7352F330DBFAF125350ACBAC3DA04757561BEEA87C763DB0E7312CC0244D28AC8605EF07FFC0BDD9A8DB1A4678DB37362C306857F2E8E2BB439BA739BD2414BD160078519B087C9ACC05B6A882CAD617E8C3389C33383A5A398703C8A32A954EBE3A06A12DB42C7820
T=$4

[41]
S=$245694E912
W=$87292C91D9D088A98159FFBBACABC88ACB90FB0C9C8F60DB9DA8CA7C926777CCF71AFA1E6FED0BBB0C3528F935D33A4D4AFE27274A34939F3379788D1001ADA4B127DD794C4E781F449BB5FE09211C9FDBCAE99A0DD2C0FE0A4649443452C0AD9B3A472A7D4760E557F36EFDD781EDB2A69A8BF5D32E9944CE81FE5A5E
J=$3260C9927C11AB88660F8226684276F9B7A15BB5C41D5A06D87B6CA9FD961652128BE72CADA0551650FAA948165F714D3289362DA93261CF2244AB8D0C2A7315C4ABF85CAF03585F8597A143430D37954B8A12F929311A97833C087C8162488042505D61DA80E07484AABEF5EBE2219462FB2CA88C60CF0E772A17BCFB5F07553CEF97274982A2C39141837D22B6CF7F3E5AA560E8B8C4E2627EC7D5DB5E12AFE58A49B1186C85F411516D6A61938B6AAB33DA7B5D7F78FF13174EACDF6AE0FF7913B842296E7CD8BED3EB32E5AB4CB8110FCB5D597EEF236B5ACD3BD98F53E8FC08BF2A52220B967CEB78838A6486A446079685CA9039B2AE0C
T=$2

[42]
S=$29709B
W=$194D109963A5C3F61832DD4876DA6BB594256CB8D9C1F39F0A2BEEB25559E00BBF662C9D861711290ACD4A26FC4AF9CCD5DDCD6408EE86BFBEE789071F2BE5767EB49434CB19742B1EC1F610DB64C38029CC68833EFEB30C66ECF0CFDC960380E7C89A2A9688170D654CEAA1E6A26AF0BBF76E59B67988C43094ED
J=$3B4AD88B3A79409EBD43D65227E8DD13195D1DCAC91A53EB9143E106EE9004C65F8641EACDCE5BBE0485212FC480987DCBFDE85BF8CD0386B1BBF1C9D8C921A7B510EDC9DAAB14A63FD24B56952E4A456AB8A7375CD88E6DE615D7983F3E4536BF348A5597391F7F4CAB0D6DAB430EA79A33EB22DD3AA127E48826C2C4B2974D10B0686724813B407B9893A2820F6FCB24A2CBDA7E93FE4DE4392D58A1126A6DCEC3D41ACF2ACCE46349F5BDA0D76F94BF6C34979C2312C958B3F04968BE835269AFBB3CFCFC0C565FDCF2D46D29190CA5525F8B2A568F958FB060902A266FDC36BA71036BD4B436282EBB64067E502626F4208D0A
T=$1

[43]
S=$67842322
W=-$85FE4DF440A31E8B0C6C65CCFFFDA55092F89D8BEAC35F12C37CAF797EB43E665CCA1A9E2423DAEE0BEC1232A8F25B5A2E94F37A983A104EB279A8DB637EBE8223F68AE2DB28F699A4EA1F8B1AED84959D29E6ECB7764DDB68E5012E9939ED015CA311AAE65EDE664128BD7E347FF8C562606CBADA0201F6D14
J=$10BF2EA42A952DD702E5ABE4B660BACB9D5642F599FCB02696F72EBAA26409D2E94FCC230A299AD0AB7A94512C147FA641DFC4AD8A9A61860F59AE407120788C713CB0D9D4F986BE2029289E381C0218BF4AAEAE7AAB77BB3FBF43C9528267958DB4C600049B6BFF1A5F67A0235BB8F0F194114FF93BBE1BE73F966966CB0282C6DD21817FADEC6D066E8A14343000E9093AEFBEDAFAFA17D1E1C595491590207524A2C6A3ADD276725127B87CE5B6782A0B4D5B9687F78933CD1DBB59C71429D64825AABEE9056A72A35D6483FF53D5A5460D94FFB13FF123DCEBA7F3A923C415B8D5B97C3FB28A41F3724DD3104AC8F5A9C
T=0

[44]
S=$4
B=$2

[45]
S=$5DEC9BF9F
W=$555BE43D039113F57585A79346EA5190A9156AF2E8C9E81446FF3D594209FD18A1A34925282E31629CE1337A003EC3179BBEE1FE4577037AE86104C0448BA0A0911C0A4C1E10CF243368692B28D20C3417A53C0A294E4A51A361AA499C97F88DE6065ED0674E65EF26181F7AD985BAE9F5D05BD858E322F
J=-$498A1842A8806FD50E646C156C1301274843F29A41FF8ECFE2669039531D51787117B6EF53D97732E3635EA6F73B150B3F24720B9F24F5777E1CED78987DBE2B5FF1E17D73FD2B6CC63A18EAD818F792FB6D5C7C3FC232337E5318C98006F796B9ABA8DD5EF109260C5BF0ED2FEF7E0EFB0570E7E1A6C2FEC689F5631C24A591395BE55B38612DB7F3C8B864449B5F212AB732183CA6DD3189F836D6B94F7F2A51DDB74745E8A96DD71FFE117648A1A21BF9B33929389EC822B65EA3E3184AE3A4D9BC7CB6B7179D1D1D4B840ADFE61A94342455200DC312A9794E1D44AF0CC31917F4606813DCCFC766458CAF542
T=0

[46]
S=$4430575500
W=-$72ADF6849AB3DE5CF89164BC7FF2EFAC9FC247E7B2D86231B3B6A31F18EC01DD74F4B3AD175B02247A931F6FD4837E3C5F9D972B9B751350C9039025F122CBE84561450EF546C63F2C16F70C62C2DF452DCE6973B93F7E99D7604107100881C5CB21B5116069B0E3A9FC963C64986EE9D917A546CE
J=-$D55F8D4F9DF83283BACE6BF6C62860EF53B4B44B45309E04703F7EFA5C8A19CB5452A038812AD1C0E44D78E7D906A18BE71206A35C3936674EC878D3DD47F8B1024CA3D741998B92001258AE9562442CF98B595D5B6D1FD31A7EEC140DC23BCF1E832ED00DED4D0A0C67570B0B71BB31BB5CD15A55E231F43C330E5B69CDA5A3A0F79C72A82ADB474D8AF590418C80AFC209BBECD14D4AF1232DE8190F24BA904F0CB35C61F3831B92BE8279347A8C1BCA00D74F7E290AB7190C5FE5944886F4D4D722B946488B7661BBBB07F67620099B6449B6F9FFCFAF40937FF4D6B6CDB9B25B7FF8B89F9CC21B2D
T=0

[47]
S=$266912
W=-$3D5BDEA57C6B5E50DDB69C5B5A3101A686E01F0AD3F180FBA7F4DCC348744610E63DD3D229E235FAA7B19712294171E39EB818C1F16C57D714A8020C890BF51496C8B28ACEA488454DAD37F2C1A0B51C3B0C71B1D2E59081412F536AFC0701799ABAEB140682AF02E76E50694911168F033A2E
J=-$2748081C3CD9E6355AFDE532620F4AF29917237E596C667FC297F4F9A74A9E9C7A187DF7C73BA3F8151041B745D93F0C79BAAA651040C718E56E6D6EDA37CB17F2A0D62D3FE87BE143E81615FB4EE93DC8CEA8D7A777A99827365278F1C7058871C7446F38F0F9A32C7C272818912F6B91A8A16E838533EF20B9DFBB9043A1C055CB742CB4A1A9B1E6FEC43A14966308F664DBAEE9A038AEADBA91AD2C2D54AE26AFBB1EEC12C6564060FE5F563EA13FFE838B71D795B34EF5F3547EB072D8EA3FD094C156BE6F4272C223D8F624668D079A4665326D527F823939D6445BC63506CDDFB6743
T=$1

[48]
S=$5C8CD313220
W=-$9A41B86063122DAA44250E6D6D1EF5A3558A7EDD3CD1A92EE389FF123A0DB22E4F37BE106E3941E42C5248868157E8DAE1349E22B6EC4504136F488DFCC689C546E85E730C0E919E16C1DDFFD40777FA864FD8B8DF504DC954C5C96BF4FF8085ABB9D98ABB0E5F7A85EF7BC73A53FCEC156
J=-$B837AB4D325456BE740297571DB1EBE3755164D505C21CE89D25F753DDB0D174CF757C39F2CB50A27E0CF93AD3706A794B23E629E849B6433F43158B3866BE9D7CA8A22C044B4C4444DCF079E29A11FDADB8770C160ED228B559E5185FE1DF7405F8110ADEEB86118BEAFC7F1B4A8F4D70D0C50D31BB7D026426ABE32D0E1F73C65A2E6ECDE19181BF04CFB7EB6C8EA135A12242F8865832A838112D010414356FC9ED01BF41996FCFF81C47AE320FE426091AF9534C588F5303BC42582935808A3D6452D04145275772170F1AF138FF2909ABD7D5C3E5B08D4E6AA81B2C945B37C00
T=0

[49]
S=$199E9C885D
W=-$2FEA1DB334CF25547116B787B6371209E130ACD78545F9200DED1734F3B2CD38B0C413D7566D01B455DC36BFE4984AF3DA522AD110DECB13BC63636D7168F96675DDECB1CC1F5E451C16CFFCD842E2E0BBD2150894406CF79107437E0BE7F4A13BE874A6892B98008B17AB0B870133
J=-$16C61AB4B6AE311722B0C7C332767586C400EAD840AE95FDE0E3D0542B31D66F567E57266C303B9AA5598E906221B473AD70F74C5F16845F602C085B47C5B224035449540AB4996BD05B6D2C562BBEDA463E7986F3C77B46210D19422084E4A9E9A1D02E08802864CA9729858EA1B717EA045644778A3549081565DEFBB5B0080B7F7A6756E1CA6E16A482BF0DF0816FA2E2A5BF09D99B56849290CB3668D491CBF77AE33B70A50D9989F494F3C23E77320E7AE38B16AE3913AB4733BCCCDF83ED9F42EE60E1D82A0627B00911885E58668F07BA7F0AD0BEF8DB988DBE4
T=$6

[50]
S=$F363B63E2AB64C9C
W=$113D995697E6662864B9080E37A6E833875B83F5CBB7654645EAE4AE5062F67E95C1A34B2D769DE793D2DC5AE6942F4067E89E2176184F76F9C4D884963415AB1CFD909E84C95049349A35696531921739121644D457AF87F8545369CA1ECE419D87EABBFA5D9CCC7417306CD4
A=-$D70
B=$12F5A
T=0

[51]
S=$2F762E807
W=$B3C510371E803D9181E4CE60DD0B1780954DFA591B4AD127089918C01006609DFF1178BA7A37EF63C89888A0D70E470D4998DF42C8A770F6C22D76FF62013C8B8002DDCE265BDB0FABDE2F7DA682CBA94EF7587B350B22DC9C90BB70D03827DCC935BA635E03B7E0B
J=-$D9A7021CB44D89422649E011FB13BE733F565237173A95097E60748ECE94C30D99E6E9F413353FAD91416F9FF9556B316D81D7E31826F889C7875C6098FC87E69BA9A28862A3BD410B8972F8770716E28539E620E9A007D75F7D81D2A779DB03087C34216287E8D0585538222E3BB8F89C649E159624DEFF83A29D0484C9AE088DBAC884D62193F1F2BC3862BD85E91FBAD961110AAFCE3EC1B390A0925A5A969068B39045C222B356498C858C429C12F870037A321DFF3CD1CCB525CCBAE7361FDE2057D500656035707285C57D6DC68
T=$2

[52]
S=$3784549965
W=$AAC133EFFB3E411579884F3B4DEAEFECF9EFCED03DEA42209034188121E456A20D18716A022C3A7DFF284C913BF16DAD7BFF1A87063EA8D41ADCAAC8897E6662F6D684B77AEC222B896B606AA5F7E7A35EC73A00E1735C44A17311236E2E77958F4CC9B316A67
J=$14376B0501B61DBD02D0E0523BF7E10C227B808D2E8CE9B39A9050BF5199F5B36949F5E127529626BD2A726AD87CB6F23ED25679747738B9BB8164C63E6EEF88C5936B56C61A418C7292962B443AEF6B538C3A87D31516B44995E48A9B9EF42105DA343ACB5FE8DE8CF050874D6BB40944FC161C88AC8C35986B4849955B94F7FB1D48C6EEC46D2C7A28DAFE64969BA07F141FAB1DE1CEE3531C6DA195F5F9FFCE41F4D7E90323025BE736E8380898CDD33C0D317F65D534FBCFBCEA02913E19630EE5F88551C95EA9723053E
T=0

[53]
S=$4639
W=$1346F5A26B8574FD4B590D25C29B466B7B477E1BFAC0435F373837B148F52B09DD7FB0D042AA3D30D9DE9D999633FF25D65BC4D78ADED13267455077E99957D04414EC4A9606D34D3E2E6A46A5160CE805F2CC43C34D7BD537123F936ED059C81B06E8957
J=$7C3BECD59578410EF0E9CCE76ADC22E1CCE5B1C6741A625B701950505B6FEB2761A17673D37A42AD7CEEB9B693680FDB9762E62B439C647BF0ECBABC34A4E0CB51C78AF36F959718DE4E794294109FA52B85700DC1283E0C3ECBE12414DC9DFAE789F51E78D938F9E1E48A7DFAA23D09FDFD0D5BEC7347C033A327D807606E4D3201675DE80AB9717D338EAA1FC3EEC5C849BE05DBB95FD5B65B8D3F423E572482E32BE62E29645AB02BC66ECF39FC186D2D13B673E1D7E4CBB1DF9B4AE92B4F7DFB0EEF4A02A44
T=$1

[54]
S=$F9109F
W=-$10DED5122F9F0ECAB6CCAD4A640F657CCC9EC82AAB94AE359CE4483568A92AC88F597715429B52A3DCB28DE9D473D30C57B7767E0E24FAAFC448FA4195B597FA57389669CE1B5AB9C68B816B4833E16748FD2AFAB6757A3C8E3F9E4F165EC6FC8E937B3
J=-$9873C0B8203056E43B9382FF4DB6B224E359BEAD9C4DFBA883BD6CD0C640776200F4DC2A945A15552180B216D6777F1A707AEE78758B1FE7771C763A047621CAA59906D78FA3A09F42C9D3F654D0F208952BAD8FD11BF811640DF932FBCFA9BAB8F6880B1E18E36A10918C59F8B160A377BEA9F61D1E2DBC3AA5BD2F70086AC3EE30E84EA792EA1E4A984DD8EF542A6E41289F01DA4F0755940BC2AF7B958059EC01BF5BD3987DF5D83BF063F86DA1A779EDCC012562D68121ECB50324D4B30ACDE689499B0
T=0

[55]
S=$A
Q=$2

[56]
S=$1E44
W=$DC5C045D4C06529998B78895A99E637E1D858CDB143D57B61216B7C579F98A9957E6C9085299605FBA52CB5F86635DC3E8875D5FC455DB67FEEC3AAEDC804E1D15FD9CC87453F60944BCD771A0A8A23670A5364957E9CE2CCBD4EFAEF75CA263720
J=-$162E6E15C3452FA31FBB30EE69487D2A53679CA5B20D03F13A30A410CABB71651977B57512D1EEB01383FD63510BE97E28F2C79FE0988950F0B97E1B22F6FB27D70584DD8C621E29B440F10A78DB831018643D9654A7D568329D17BCC64614B1981A4FDEBB32D8C925A2222F42B234F8461EC2E3100C47DD34EF9906912193983997CB7E6635046F048D933B9BB3BCFDBE3B543C88E684DC07FAF0B117527C1728A942B5CC6A28F9F1ACE17C0BF5BE64A1C8A445FF1542066699394CD2F5AB88381CF
T=$3

[57]
S=$1D25AB
W=$290AE14C7FE2721D051666A20CD8F00F21EBBF365CC75861DAB7B2B20375C39A43770313D161BB9DE184129FB5CDA84A6445605C9722A09175370E31F29CB4175CE999E18794FAD6A89EE39EFC3DDB938AD2AA7FFCCA7A28D13E8873372CFDDA3D
J=-$82BE8AC819D8BD82F0F6EA8FA472BC322C915D21DFC52AE666AD0B636C2FC51C610640AEB06A7DF944F049D55875B6373224D5CA993D3694C1DB892C828323ECDD36FA81C394DC549E3AF30D31E1D203E73C78CAA23EDFED2FD99BBAA88F94CA72AC91343BA93AD0FB258595D11C415AD947FF8E91C8C8B33B82495D42B1E3AA8933793D405D228F5B3162BB68CD35185CA9176AB047657B367E874D2001C5B30210BFCBBAB3AFBBCB88E48072678C650F14A54BD0B84C2D0687616568A5C3375D
T=0

[58]
S=$A5BCAD1BC6
W=$797324C39F13BF9EDAE5952421EFC09A30D0C1234A128F9BF82280A7171E24FD701DA25EB334F763FB5A86A3CE609D212F1B97768A761C42A0C335745C8DDAB133061D9E64E0A93DFB2B98DE46B2A4A5A6050DD52214A60235B7B56CCF21BCA
J=-$91F73DAC4E8EE0E70BFC982643CBB0AD9D211FF8EC056C1C55760B6D0FB0CBDCBCE43B3D291E874FB64474CCBAC63C2A1310CC9CE2AC15EACD1F194D83EA4E7134896C3ADB88CCAF9D0D2ACD2A93277690C727DB253468FF027F87C53811DB5B8A84EB3F43BDBC687DF0E3425D10F1FBF86A1928AB22DE36BAE5B692C627B18FA1B919B378671214B7B33B02DA4F19618C31931D16E8DBBB04328F6026413ED9EF0676F5815742AF6629DFAE2B81747617C5FDD651B781E1A4C586D41887
T=0

[59]
S=$18A69D
W=$3F374CB0E0D8BA1387E23B28EC188B25F2D21D13F604A426A70EFFA3279B820661BD292CF34A61CA85E1F89AC8D351D3B059A3BBA89ED1EFE594A195F179CE0E738F25475990508EEAA9CCD8A593BF3C5508860EC1EAEAF900AC0490AD
A=-$98
B=$2D2
T=0

[60]
S=$998
B=$2

[61]
S=$10DB5A7
W=-$5C49B0F49CFA3BE9D09FEEF962F0285F798877D7EC0EDD824CEE5F086362CD78231C828AC74516B72B19A91477C858C54764A3778CBDEB176581C34EED38B75299F2A8E6D763A02F92099F0413216F48CB2B2B11D9A7AC22F99F
J=-$5734FFECB00CF759ACA7602DFE74D0FB78BD87E6A32D082FF0F47456B0B5AE001973216553E1E1FD02AE4EEFB895C0A6A653C1DAF5CE0350B31A125353B212EEFD808CD7963190B8F3B252F7BE70362A9F410517CC6E5DE7BAAB8148B53DAF97F8ECB8FDAD2027A13E993431A65A2BFDC9739CB4E6A30B70A91597F6E66336D4CD4EE4952A4DE78ED9499371BF11A4BE7E39DCC5A9C36DDB4DD3ED5FBD78C322DBA019B6679DDC8380232F127BDF14A43DE4382F3A7
T=$3

[62]
S=$4474FCBBBD
W=$70556A0F56E03E483DC77C4E2B15E726E5990846C1E25FE35262B967CF0F515B993A8680C0149A7F1003677E93F5661168434DF2A66B8C46BDD3225A022CE3C24C7928203D64255DB23DDB867F218AE46525A05979BBF6F04DD
J=$4C8791B276390BC6DAFA2EBBA72A4AE32DA0CD4A5B0C9DC6DA27566238E7DD331A66B777511417ED8165E9F90E479576FA57AA6B2233C1469CFCCEA91368DDF1F50216BDE74BDF901FC983C42B0C480717A73FDAE6D7F2FF53DF4EC06D6F8FF63D98AE55F44DEEDAB13059F998B39D27014490D443F4075B601583EE21F31981500378D36CC311AF1C9C7FD45DC326EFA0A1EC9A5DD16902EEF4EAEA6B3A2C49493071D181F1F019A9000D801EFA0A79BA46F
T=0

[63]
S=$13EFEBD2
W=-$108AA7A6F4CE952930FAD9038876021653A9D52902BCEE6F8BDC5783332D8A382F80FF0DEB2C98039D3D0807C2D4A5838B2945DBAFF8797A4995C3F029BBAAA2DDE2C3C8936409CCBD3EDB07CBE5126239E354EDEF285B0
J=$202959D7199DFB58D7CAD4C9D338B649167B8255E6A0620187B65F3164C9853E332682D0F9256B922E61F168F0B1457C52BB943688ED1FBC756AB210478A2F0699E87F8A1920EF2A548C4896988E951744FA017DE78822B19CEBA2782FFEC2576EF4B2E0BC096FD0DEE860C036C86627216AAF4C4BEFA5CDD5E87793C44E3EC92303EBF715241683E480EADCB0D4D84A4E3111B4018C5F4665DFF0588CFAF87078ED06F48765DA947A4B6147D0E7
T=0

[64]
S=$13D4F4
W=$41DBD98D20022E9E61B5265566A819CD1A6D417CEF07E10D7B83C4135C86ABE7AE31385F50398AEBA53182761BD5774AEE94A312A02EF48480E36800DFB281013EF441E6D678158E37E8DFF7F16D523831D052859B8
J=$202F32E369788D2E0CDA58484A5F837719A228ECD0FF221C78283D5835E236AE81E1852D5F328378A48EE765C035E650C7C6F8E8B331A5EE05970C824A1A7EB03D8C47BF39061AB471CE50F63DCBB45D0B82C199871D18230D5BAB3B86C98543E098880B5B92FE1E70EE72DAEC478CAC71B1C19455D6C77D6CA82A5F8AAAC4B8951AF4D90E5B01D0D7E542E4FFC5A1FFFB1D1E35714535113C1FD7A236492FDBB6681E96011C041C3E176
T=0

[65]
S=$BA30D4
W=$67AD866F8C9F11EA317C2677CE4566F7758C62D0A046FAB350D0CC990EA07B3C13DA9D9C3869F4FC23510672DC0225E87A0B9397A429D02596C40C8D94DACACCBA7BE6A03012B2C82613F030A04B71295EA68F54
J=-$10AD1624704FFA18D4EE199F3BFFBCF43081ACB0968DA96CB2F39F17D36FC86425F009F731975128D2B6739DBB947E7A896AA783563FDD4B0E5394B550F31FC4FFC368642DF105034ACA91BCDC2C09196EE957C81BB64B726F0985C3F54F0DB2C07A51CBAE8E8FB419E639669B82FD276BE04EF2150BBE5D87AAF52C7682CAC138A92E63EC6BF43309B7F9219D2356221D450D861F47247E340D913DE7690E2607F64B091E9DAD6A
T=0

[66]
S=$61799C8F
W=$116996883134EAC4E643FAA9C3B2E7E029D51D6EB68204ADB1BC38512B4568B3241AD91CDBE8E5CAFD5D1E44647972286FE1F1B89D80D918AF5622E26F9728DA58A0B604D45085FD22A0BF1DAC999D2BF324CB
A=0
B=$D
T=$E

[67]
S=$4AC3ADDBFAFC
W=-$10C0CDDED2BF759BE3A55B33116FF5D021CC33C7A31C40984432437F3DACE852408E04EC057AA03BAA98ACFB436F6FF3C2AF853914690AF932A555F01A8EE919DBD7F0A33BDFC11CC52A3F2F596367AA4C
J=-$3774B4F8984833E3085F68E92EA272DDDAB00600DC08EBC2CAA0CFA90ECE33617264697EA3C2010A72130440E4808068F16790891B5F0F90234BA7EEFA4983DA2FADA65E157E49AA9589685C4298735A9AADFAA30C88CC302B50FE6BBBFE439E603A66E4A757BDA64F212A0E5FC9B8A34F0FE13ACC71A50B28883CA5E2B7A356DFDDE5FEE05DA1913DBE90E86A7C31AA0B3C67FEB73D3BE9091BDF03097B72AB36
T=0

[68]
S=$513057362C4
W=-$56184A9C3DA8540F4F1712AF1213039D6BCD6A7A3615E7D277C1AB9B5CBDAA876D2BEF6312AE8B30B3CD915802AD95698322A336A63FFCA682D9695178FD095DFDA78C6A3223C694A0FD0A70838
J=-$145704D89033568FECC0640523142ABA2A9A663C40908E3AE5F900449A980F7E3C63992D5FFDFA12955B844BC0C5C8D2DB38CE3CCD3CCC44C383F9B01186E0FD0CBD4740F21ECBB83C03C93859F1E0FED6CE2C93E7F944C4BEA0B83A8347D35CD6C331D54556CBC451BDB3471F7FD518883E769DE48D3AC55FE897883BE20A62B1FF0AB5DFF2E9BDD2DEA6B7E1F18384C1884ED6C464103A0C6A13
T=$3

[69]
S=$CEB4C41E
W=-$1013FFED994F5BDAA4E76B0FC9D7E3EF8659E45E9346BBD44CC8420ADB1680FB5E3EBA7846D82DA4DDB517CD536854E5E18466E0C3F3A779CFB3040CE196F27896F70E1358DE400C3FF6522
J=$2AA6F00A7FCEF3707F96C6736AD4362BA5C5BFC7792534F2EBDB971740AAE8F3E8245B37BB2FB557D89BF0EF85B4695B00458593FC684BC0265FA3D14D596A31402E3B53DC92CCE435E69FAEC5292E6069B9623ABD935B095914BDF1C97CE06FAE3F3E1A3AA447EC96D6E004C583AD884B6D7CCFE1718CC74D2DFE93CF4C4AA60E4E3384BAA014E3A13D7391F76D7C890BF3DD307DE1
T=$6

[70]
S=$9C7CBDA
W=-$19746F27CEC3F54352A3CB5B26383505C3938102B633B3B9F0942C4557C55D419257A6A584A782429D026C425E1E47E79FB7D2F5F5AF4EC1F543D41262EF1F402C6F86C7D2A37C8B496
J=-$1B537B2A8B5B17573CC62963635B843B72D32634482B059E6C29350FB31B0226197AA1D9E84167852A7DC16CCB25E30409DB7C1E75441E62049A6EFDEF93C932F87409F65CDE383CA78B68F1FB2D9C78C94FB64B2461E5BCF8B045890BC9E7C9208C01E40ED8C1F8E4506E5A6C02EC2FD67EAA7D8D3F11A6FDF97F5C62B3E22A8607A3A8320DD559DD3D5E456E03ED86FB9E
T=0

[71]
S=$FAA28
W=$18A9AD2FA6FB4F85B1A70E3361FB7CA9CC5FD76DC4A6C20810557786F3E53B6E5F0B5DB0AD17D4620F1923E39841A5BEA7172FAD046C53C531EAA106B2017E8EAA3431B39D4984C
J=$35872A764AC0F2A9A219E08988A6E8B42C59C65F2C02C09572E71E4BEDE3815B93C0F16A3C7EAD4F8B6B3756DBB3D16B0D5688F8C598401A7A5F456F18B86A3EADB7D26A01D64D10FDD13C3BFE0C257208EC79CDCBB12FACFC5A6B2FC3804331D99B6FE306ABDABB7AFDB9EE14C467F607355242F84D845769715C3A131F41FFC4A9D9FA645A9F0560519B793C150
T=$2

[72]
S=$5260B016
W=-$2176E36A43F3AAB8F3E61743ECEDA5E3EEAED53BB80BE269C187A9F004EEA4C2363F17F83FBF714515D0AF9E53E2E474AE7FE7394E054787959FC03912D957C577C13DAC172C0
J=-$7C0B8B13C48BE164074972D59E13DEDB4ADECA67FD2398EDCB30B4944C1ACF5B0F3A07AB2BE644D91885073032774F67136091B2B551EC0A13E8DAE4D61DA1DCE5C5B1C0C747FA7E5718A0315BE106852BD7BDEC8F13685ADB48A33AC9D2B290DB968122080A283E938B6A02ACFA1736603A19E882A994C0051D3A71814C602AB6AD078E30DF3AC982CAD40E
T=$2

[73]
S=$2455719EA12B08
W=$2626277023E3AE9958523F7961A777EB613C6BD4595B0483B9B6C9097B1994FDE7B0E7AB28A34415608DCEAE511DC4E51524A13755660D8B8A063D66F83761D95DE8401CE
A=-$1
B=0
T=$2

[74]
S=$DB95C09C
W=$601C9F2D5B1486F42BC61E8BA888C67825786B2FCED3261FD4BF07DDC4EB9A631697967437C9DF60F6523B9B54130694C03F1FB64CE0735894B9062F08B3C5D246
J=-$67F4BC5C1F291C6D811F5CD72948A847F252D19E63A7A270E4DFF858FD6ACD8058389B2B58FED33EBA7582AF907E8349464B1085EDF99DF882795D2D6E8D741DB2863E2B4830F9AF6B315611D5937AAE1687495029E5D026062A020FFACF6EE5354D5492FF433DF4AD10C51002BB5B06BED8A38EDA57AB00ECDBF6A0AB315585D57
T=0

[75]
S=$3BDB4C8
W=-$924874D146F4026943E040656FA9B9969863351D6B42E83223073CC5C3483DCAFC2ED47FBB7B156B54805BBB8C3F6ACEF4385701B90158DE8F86601F7D069E
J=$347E8ADE66B40E934CD83713D22417DBE9E63424CDFB48C288000BD002BACACDACDF761A785AA2023445F75DB718DED3644EC30A8EBB7824BDA6711D4D5F2C5E40CD5C576750ACBCFDC3F56D2521C2C9CD9D49AC2A7041D45CBD0557E7AA344056F96DC08E0DF469C31FFD8F3488384963471C7B2B4D955C89190E410B5
T=0

[76]
S=$5DF404
W=$45A7B2E3886356007AAEF88440C06BF08998325C45EBDDB553DA351B50E821138DB3129D94BFBA9F6E522E8C2D9043C411F63FC3BC4F1B959EA5AC277A4
J=-$1421A54BFBA35761B90EE1F9CEF63EABD2939A0CAF88C0C936586600C0B02886E8EF89C50B0AA5FE4201F283AD13CBCC9F549170FD07FCDD2D3213075134C5680BD4E6A95D5ACE4C8EC572C9785AED59EB1E6C816105DFA2993EA97AD9426A21697FFE4BF22A91AA2C2A5B10E7C3B81D3696E409CE77A4F0F599F
T=$1

[77]
S=$29CED53B6C000
W=-$8473B6F661307D6ABE3D6ADDE3A1454F367FE847E47BFE7DABA43C9C378829ACA9A85327420E30CCE5732316D6D9729EB17BE5FABAB376063835E184
J=-$8791AA420A513CEC0EB9212CA94A556B1CDDB09FAE197551C79919E4EF080F6A571B2007DE19205BD8BF82ED12DACE50B7039534F5BF17E2B9D8E0BA7F6CAA6DB49CBD948AA2BF6EE072ADD10CD71CFBD0B2E5890455F4BC1AA17C0145A828B0DEFA8F7D16DF257B3B64DAD8779B952C17DF241B3C81580
T=0

[78]
S=$44D17244
W=-$3E81CDB66E5E3CCB7AE16F97875740C13C9F232C036A51EA9EDF89C22BED96DCC4E9D75AEECDF26B5BAA807271ED6DEA357B6BE803A7D4A7CE
J=-$18BCB594C99F05C1A96ECD906FA0114F6C3E260FC6DC1AC61FCE80A50796F56D65EBFFE9DE6A92DE6293B2F88CCF7441D3BCCEB89FECA75A64FCF7F8AA581D98B7A23F90E01BBC91CDFA5F5036A9801650EB58C1A55C704A2C07D6B32E42943A61C5A30D10D178036F87AEF9968D1604A73
T=0

[79]
S=$2ACF637
W=-$6F4DABD2D51F9EC18FF5202CAC9968D7EC871560E9485AC201556242E364550AB9E1D921A753BE88C06CF221FDC8A22C4F93E1E3EE5C5D
J=$C1DA22C5F04AB6F142C4CE186B715546276AB2463C030FF848832BFB77257590ADB769346854BE0F22906E32CCB7CE2809C3E28E91EFA5B5D7B9634169467F958CC995C5A8CD32BB3E9660096D1D5D78D2955CA44FF254AE63056B9E77799187DF3AAFF9C45F03717F24575D5A3
T=0

[80]
S=$12C3CF69E0
W=-$32477CC6443E9D62691F5E5DA5847B5676F782EA64F6E22DF63488A25B6ED66927777FACFF059C34F823763FFE893FE0A988D0421D4
A=-$23
B=$62
T=$1

[81]
S=$2960F
W=$DF80B09D04D54ADA241CD35FB5EDBAA3F811F48280737A3B9C74B2C17A9AB6378E585396C2AFCD20CFE9E98497AE15295CCE81
J=-$1964D24C4DE4A70CDEF07EC28EEEC2384DFE7ADF6C1ADB39FBB5999A24458B06A8B37EB4E31C2EE3F0F29CBE244FA26CDD7B27D77DFFE8A57A2937FEB5A75292E819CBF12F0DF122AC5FC0EE0BEACE06CA3052334506655D2C16C958F25B3BD700B1B5A64331
T=0

[82]
S=$1E3CA8BAA4
W=$285C976D3BB2B1873243E176036ADCE451A4E6E3DFDDB0ABD75B0CDD7E74E51ABF47A4FBB4B36C52610B91E8AFBD239C2282
J=$6326DE1B866D27C9D07F7FF0E36666DC5D058C0037A8B854B0003D7CCCB52B41F66D68EE4CFD05EF6238D145F7C8EA2BECF3872032A202345638E37703A3082DC99C3ACEA386054C5EDC5DD35543A7D2C8ECC391934E525E5A340DDD42BDFE1C6F2ED
T=$1

[83]
S=$28492BF9D55A
W=-$1CB5F04D9A1C06B226CAE418556A29D03B7EFA658A9AE08620E749B2F1560A04C4EA9A33C78121921F69E3829B6EA3BA
J=$D826B5B6E7C12B8D7711782EB41CD02CF0E1775E1EB13010831984F0733C683D842CC6D4BFDA20A0C050738C51621C78DAB17B24E216CC6449676946779405BC6E4BB91302B1FDEEB563394EB367473D04E9B1C814E3F9274280EAD7DB5C5E
T=$2

[84]
S=$3E0C15
W=$6E3E60DD6871D182EF61D389B37DC7775249F61A0334C9FAEBDA2BAA4E5334135D5768E195F54CE97B9A896C99
J=$2EBCA01ED65BBD915033568FF3D59E9A4D39F2F4F694FE2980375FB6F15E4C339ABE15B85BE2A4B2B6F3DAA6D3EDFA7D0A9B4040E612441E182479735AB4E2AC0E1800EC9AA1A08AFC2FBC776302BAF1C04D618D8B19EDA3443
T=$1

[85]
S=$393C5A
W=-$CC53ACE21D3359DC636AC18CB6918DC05ED030B0196F836F4E2302E75D540AFC7EC78A6E094705C7F42AC84
J=-$17D31AE27A7D6B3C4D598B21D5595DC9E10A27D06B59FB389AABCED6DDF898696C6B5DCCB316E4442CC2CFB9E7D7E381451AFB2D743E4BE8B10CCDF43F2D933A16AC6E00F6C6F87236F83F655D02C1D0920CC2158C2B1A
T=$2

[86]
S=$38B2C
Q=$D

[87]
S=$C572F7E856
Q=$3

[88]
S=$4E064
W=$1104143B110239D1387DCF337B5EF2E4F3ECB57FAB46299485097A175260D83B554BB4AFE36232
J=$E6DC6C620AFA2E3691C6EF39344A4BCEC5B0FD0B2D15DFC81D47462E18B3C0E006698BA5B9DAC56AA423897A4C047318AFBB06CC38FD88753D1B370506305C0056BB40A96B7E9AF330952911
T=$2

[89]
S=$1BE5CCF4
W=-$7601B08E232FF0C4B340ABEAD151122B380DE7FFDA7F226C8455560C297CD19BAE60B08C8A4
J=-$2CE839B9969DA551D119253DE6A19857E84EDE5976686F670F39B3F35B1B2700CB91F6348C823F9340D0730237F7F95C8F17352F7471FF011A4E95F7706C36667CC40DDE77F1E2C0D02C6
T=$2

[90]
S=$17154
W=$174409364F47E8F33C492C260E3799DF5471FCA2A74252EFE36B2495DB84D4DB0240111A
J=$1AD808F14B8BA0B716D34336E4FD9A165AF80AA460991520A93CF9357E6C8859939CAD6BD5AC43A45FADF08A3CBA7876D357C99E572EE9ED16876EC7D6F0BC5A065EEF3013D431
T=0

[91]
S=$5223BD2
W=-$139DEAE65DDCD2F27DA870DA7D33F7107F6DA536C92F3E10EE765D639B10B65F0ABB82
J=$185779B3A960E9F015DC0AFB546749A5D49EE41E500A6508C9AFC8C836D67FD42E001A54E596B14C1B736D71A90FA45F9F3B793A98A82A6509A907B06100AB9DE0DF23FA56
T=$1

[92]
S=$4AB61
W=$65F62BB3AF97F5F093A9F4B4D0C1D391C64E6AE19516AA539E5BB76159FF2D9089
J=-$8D58523FEA23F361F2976BFB8B3C92690446AF496FB428750C12AC3BEECFC0B3537FDF8D3BA5D5C11F2FF0B073C6E9D9E7827C3DF770C95817CA478CF0C4A25891D
T=0

[93]
S=$E3684E1
W=$19960F880DFF5BC4794D3BF2567B948CE973B8483E49BB2D78FB941729B55735
J=-$1BE5E1CB70863198969F76835FC417B0FCE6D9613C6B5B873B1F4F51AD63F8B3327762EC3C1D458C9DE86DD8B47DC1F2BD85BD52025B99D21FD3F966A00C7F6
T=0

[94]
S=$1D69C
W=$C40A68FC6F7E73AA7824C0B73A82ABB384F9114A3B525458F2D65D1F9140
J=$9155E556526D767048251E924D33DCD259FDB23646BBB893FA61E4478E5F228814A92726C35646D718E6DC4D75D4A0477EF0DBB6380741F572C477D
T=$2

[95]
S=$22F2FCFE88
W=-$5DDF9299BEE20D702489798CDC83517B539B4413F218A09B7F79986198
J=-$A5041826E54D685C03E8DAA0B7EE3D7D3DB1942B02CFD5B0AB804B7E579393F9ED41EDB18461027432A777D7B2FA01268EB16F41A7F9C353283
T=$1

[96]
S=$BD11B7FB
W=$17F05F62C928FDA416B3BC255714D0B02B9B56145E43462F9F028F
J=-$17C195FF6E93A5E89E1BA64D213657F7B689808DB05814DE5E1BB9E7D4DD9DF51B43B45DA4A36A59C3D30B102BA193887A873CD678
T=$2

[97]
S=$21A4DCB1
W=-$2880D89E4C53B6A5A208079E977D8EDCA4CEAF53E18EB9E61F
J=-$9F06F7496769175C2586C06CC2A69AE89E16634BCFD6B864331DA922C5A2DF8497B416E6B8022801BA3A2E873D88FE9DF1
T=$4

[98]
S=$47C00E2
W=-$18891134066C42F038765026B75A11E591B986FBE0EDCA
A=-$1E
B=$38
T=$2

[99]
S=$13153D509
W=$3527DD57468F946B091E092B55BBDCD61A564E254B3
J=-$937E6D444AE157D6D5A4525C4A1C197DB27F17C9121C6B9C351A0F3862E19D3FB8D25433A36E20A33CD0
T=0

[100]
S=$BF71B0
W=$1461F954DE9EC3B716E16D3A2D860BC6B382DFA
J=$E418C0A585E746933A71120F6FF1EE9BC37F78BA10D44423BE336BC1D7154731C084665AED5A
T=0

[101]
S=$19684
W=-$27067234DBB992D64611724878207B5F3930
J=-$1933F2B9337407374DE4FBD7CF482D63E9CABDFC3192E93B5DEC58B544052E83F28555D
T=0

[102]
S=$1CE3675486
W=$9CBDEE13D63AD36AE019F1480B4F09B08
J=$358519FFDDB9880C22621E12B4175A70A8410DD747F13DBFDED850BC68101B6777
T=$1

[103]
S=$13BC91
W=$2B2C47C9581F75BFF177FF86CDD3
A=-$D70
B=$12F5A
T=0

[104]
S=$29F1A
W=$17A5F8C0AFF95B5FF240277F5FE
J=-$2D0AD4E4C0D8231BD04B5E51A2234615410C9230C9EE9FD8DEAC
T=0

[105]
S=$5ECD5D5C
W=$CBFA4CDE730F8E0A1BE7BB44
A=-$D70
B=$12F5A
T=$3

[106]
S=$15AD16317F74
B=$2

[107]
S=$1EC
B=$2

[108]
S=$5C1F13D0
Q=$3

[109]
S=$2770A
Q=$E

[Signature]
1=$DF5335B95857CBEA261C2421B4136E73C78323979C759585
2=$8D180974655D3B2A18B3DE0082812AE7D8C51D9EDC023970

