[PRIMO - Primality Certificate]
Version=4.3.3 - LX64
WebSite=https://www.ellipsa.eu/
Format=4
ID=B497703821324
Created=Mar-28-2026 04:32:37 PM
TestCount=111
Status=Candidate certified prime

[Comments]
Put here any comment...

[Running Times (Wall-Clock)]
1stPhase=46.43s
2ndPhase=9.86s
Total=56.29s

[Running Times (Processes)]
1stPhase=316s
2ndPhase=69s
Total=385s

[Candidate]
File=/home/lappie/Primo_Batch_Farm/Titan_Group5_Prime2.in
Expression=(4797791281530274224315)^47-(4797791281530274224315-1)^47
N=$616BE0CA95B99B18DD0F34687FF048B4284FDBBB6AB629821DE72C6D8F858437D4C404E2DA0EF974EEB08084DED1071FFFEEBD808183136A1F32538DF3F2FF7FFF2E226925770FF071E59770EE0B6F89CD36FBBBE1F817C0BD4944618458CBB75B5B81112DFDC7F8E11162CB1320FE01DBFA0F83DE1831190D835E81F16754ECBF1FE3EF5E03B8507BB1CEEE5FBF8F131761CD35A12AF57EDFBE1C50A9F5B24D446F1BC720AE32411515940832F23BB2FC9CE018AD245BBB2152B9C5E739B2030F185C40090D4B93C3DE91423239A529D06D532322169AE0CB11C9F9D6485F753D9E9B18AEAD70393667D4840F9511E1CC0FD8A1E9CAF15E5827374407FE511B284007BB951E509443B229E3D7DE664E0F273F1BBEE84C6036540D7E99A6FCA8DF298D90B560EA5151C3069FC196FDA7E2B4692B4738EC1AFC8709C55B4AF3F2E634A962959652D5435D62B6EB17C589A7BF0625974768DD44F4029F9F489E75919E8A21DDFE994E7627DCEDAE07D03F4D97102D91476D13AA19DA10E1931D8B10416975470A54629C49AB226294148A41A5BE21D8A0EDAA446E38503EDA33
HexadecimalSize=830
DecimalSize=1000
BinarySize=3319

[1]
S=$17C
W=$1343541456353411837FA16EE88F6D81E2975A30CEE9CD53D5D9B97ADAFE7C0C9C2E6B6F33962972E96EEC5D6C1CA5B541D1C04B8EDEF7E4CC94EAF4CB67370F4D474085CB64D8F06F5269C6F5C426F49E9626B9C5D8E62E8D957A419DF783431E666BE8A10551246D9B266F02AEEDF1A204A96EE443C8656D60E7B58AF48E72DA88A42D3D7381EADFFBDEC04CEA57A2B7691FF45A197AF7E4A2A0F73AF9BB336E2C92BEFD306C8F39538466163650A429FC0EEFFE7376A8D6A52B15629780F2AD5E935FF9184AF420417EA54301AB38
J=-$16D8EC85AC5D5656D8971001EA4C6EAA3FEFBB764EAB69C21BD80E7F490681840AF74E710708D08D4DE7960009836A9D8A2C9E16689F49D9F27BFE894782DDC2CE3037A28ADB14FA7E0821F272204502F8F2684FA0DFE41BA2D6908CBFA99B4DADFB01CB3E54AA3E43BF1128A686AB439571B0E48908F660552D5C5FD94CD46FB5A432157D9D6A5309B07AF01E2115B1239DEC2F372134E29C50784394B5B7709E619E3790BFD0D6D449958B9DCF858EB9C5C310CC23F35DB1F90A9A016F2ECD47ADDDA27CF2DA898F0C6929DB4190C0F75ED97E49F8402A0500FD2DF248C38A0572979596B5BEB1CC751F7C25198823CEF470646E2F5013D54438F37B2A0CFA8AA69630CC2B0673BF4193C2BC27B824A6C1597C6CA157A8144463D5EC9F58C10904FEB41ECD4E856BA011CAC1ABE0F32B2BE1FDF6052565A91022D6D84D504372E4456E72FABE2344AD241B3B454822CABDDEEBD5A898FDFD32A331796FEDDFA95E15E8E52A36E9A349DFBAE441BF523B6E3574D54820E84740C2AAA1FE0D439CB2EA2F58E5B8FFBB59EA0BC67A5B895FC091D8360B98BBD47DE190164842
T=0

[2]
S=$2EF8733D0
W=$AD3C93ED15A7AA49243404698F96924505562E963EB68D7215E820CFA1B8CC43A9E8ADB693D8E30F84B75280BBC943450528DCB110B3998AA243B09A48374717B8C573B8A7EC5BE3A80BF47AD6BF3DE345839858A22756788E5BD7191AF1CC49AEF43572F15EF86D2742AC2AFA40AD101D3B11909DCE824312A5DF5D169B7FB1E780B0B0FAB9F5AFE780544FB0A8CA5B4FBCDB4C13B27019527D050494B737730C95DDF278E0DBAA0105FABEAECFFCF3BD8BA12A7B43680607C9A4D83869B812EE8B093B835AC6873A1B5C23EA3DB2
J=-$C9F7943DF9416A75747298DB911354F0C7BA043684D7E8D9E426BD664BF6A383F9074F24244C4C2BF6E73DCF18E89A36A1E41C13194D5FB88CF40DE89BBCCB2E99ECF3406F844048B25EAAE07D2946FF7D6696868CE3ACD81972E3CB2981A4F7CE44B749653D52D1C4C9CC4374BC7B2EEDA9ADA67B7695F19AF810674EFC0BFF8AE799CC6F052299E1D7DA1BBB5EA127CBB8CC4BAE574CA90B74C7CD1F2B8CC5A71695C02832F35F56DE9565DB5CD3CA24CE05E29F1F3ECC39F42A7BDCFC937A146BC9FFB4AB3A19D0B81F07ECED72A0A6C20DBF23BB849D655125F8CC8C1F255D1DB0309AD0F4A40BC1A614D233FE1C6CF12BD831771DB90E7FD00F5E9D105BCE575441D02133DC8BED3629A787F7F8DFD69BE88531927087F467BD44D15B00670CAE505C58D8F008FCE13A2C124F8322E157FB6C7FDE4B69E62C17D4D20BF03431CF32D2692C2DAFF0C6ABC84C82F9E0D99E343FFE1DFB297C1BFC3AFACCC6D7405BF1EB2B4AC648328E454EEC6FFE67FB2CC7C12FAC2E07FAFD563C72BB27A2DA17347F2D1F03B35E3C9BCD9EE0BD7D99C26E5E9932D7C7CB4AFBCCE
T=$2

[3]
S=$2C4F9326E
W=$965ED7AAB84BA53C14E8044D4F0A9E57CEC87C4F855375A2D8F20DFEB32406CB17AD4900F66BE041B448043A8E1A47A0CA312299089769CB715545018D2F75528D91D9C26229B6007DF3F9D042738A19019516EBC610F60EED34C39FD7352551E963C71F992E85E46B4699AB31D19B2F6D50783991CDC0D54B92275872D183255015B16B37935349232BB60941647206B6288E1C627498B1C55B01450B0B484C4708D6B2DA0294360AC9CEC1A13A0FF1CF61357F6AC10812208C38687A80D82E3800A1B7C843A478BD1AC8C7CE
J=$84153A5AB167B2F8DCE421C134A3FE570BB4D7EC7086E7D19E33B574206438AB290DB3BF9E3DE9640E8FA688CF650A9A535AE0CC22E48AD61C130667CF2821DED6E540EC03AFC2928577B40ABB28196926FE04F1C72161604B2709775E0EEC629390AF3515C32E521EEC90ABA540E7908F5FEB0F73A379713E607E6D7950CD478BA5BF77CC6EF5DC1C933E906DD065BFF5404B74B6E3402D49E3FC77CDB93D9252038C3B4D917297EAA1B95DD8FB76DC030DBC152128EDE9A69CB7C9C66625D14C85F794FC04AB446B1F1F4E761C92CE9594B7A27DA8BD6B455D503B575A4F5D93C7D7AC2314FB64421FA7C5812A2231F65B28C2AC35D97DFBE997CAEB7D34D0CDCA3A84E3363F2C582862B60F73BBB5D47372A31506B75A504545228A55C44E23C48923D6AF2787E25E3F3583DBD07E1EB15E2C85EC64432A325DBEE8C4A165D1D4ECCCB6AB045D7DB05CF9B062CD0842FFD34D87934F251607F72F243D3AFB02B0ADDDFC06075422F1983F65D4387CFC7515A6696E87AB686DEB83148B5C5DF0A4132E152EA792A6005C39BACE0A17270E8094DB0E64FCF2A
T=0

[4]
S=$17CBA
W=$175A395209D09FAA1D83BB5B025A09A480B18FA9A3442E21C1F72BC07082D2FE61836033B956B70C3ABE5247480AA034AFDDA60B44B828ECE69FA0FFE41F0E0DEB94E5EBABA273EA2AF1D0C083151AEC8EFA1864146815EB8270E3CE4A91B8ADEDD5741940F923377C9F9ADA730CC4794416A5CD604DD72F6BC25E179766E9D91FECDC7F098472F8D97E7E7B71AD2C4534FCEE0E61EAABC72392FEEC87EB3F78351E6844F09D79A4B949D5744245199039A647F1D349C001F5331C051EF447D76AE06522034DA626FDC8C0
J=$27BD19413497736B9787C287B1309B86593C38349519A86ED59D1F4C4A655D3A467BE080A235F5759CCA21E7BCDC354135A0E5C991019F52B116FC9301FBF40D39D008705FB5B0B02A110E9EB8332BCF748A30EEB666267EF4B14A6B9E7C95C49338E1B923C240F5351F9890E0E1B6FA214E6E3F6C75C654B84A7380601CCB66602148328098FE8623E2A6BFE1ECFA16B6AB433D8A1CC714A9A4CE85080754E697ABBD617FFA27EC446F868D44475CED4B708C3ED8FB9FFFC7F73E12236A4C84F1315CECB96DF024E9F02CE8C76D75296E87E1AE7206C257175A9CE13286CBC014415E33869A8E4A3E0FF12F4C184C9D8A238792D7CF594C00A6F7ECD50F532CF314619FA360C8AA8EFF34FFE450875BC26DB23C650BF1A486E4EB1AC49D5279098B88E3A775607A22DBF16588852EA213DC3E574E0E1673182ECDA8B937B56BAE2662AB773866034DC2943A483FF214591F0009E0BB420D16641CC26E9CC353871503EE44ED9F46CF6480E6680038153D4FFFD285394AC5890F2785112A3F3739E406AD494657069F6893213D182A9310E4C3B0123
T=$1

[5]
S=$2F57E5CA2390F
W=-$3972B3FE45FE6EA02B4F4AD4672FC80BE6423853EAF39DAD3A89E068E4B5040EFD442BFC6E23D9646784A9C2F6084CA02467AB737061513070C97C17FBF15E3E04A62B6F19CFA698D31B8B58169C1C5CABFB48F7E235726B5CCE7DD77D842B68C2E4513D39007250FC30B81FEB3D11F60507DCD1F34423614F64EBBFBBD44034EB3276D6D0B9AD0A023C2C7B0FE2D6827A55CB58520BB3A834E49782E4A436D5981CC754DF632AA644471D33A893966DF682843F60BFD93C1A1A218DAC5C49EBF094F0C2AF9A2C457C47
J=$3EECEEB37D8DF532AFF7DD4068A8AC4D6364067FD7C927386C51E336A26841845F04B9C53117E1524733CC4DE9FCC82ADDFF873BE3C2BDB3CFAE93A2CD29BAB49ADE30C38E47BD52167B102E5EB8C036D38EBA6561E4036BB8C9222A45615AE0795C524D2CC6C4A452A30C1727EAAE0FC4419AD45C40D510E200D982A4D557C3EFE6A50BB08460D70B26F4A0D16F067E63BEB08B09FD5AF6F8760619AAD5B13E9D3362CFA6AF2D14F17A8202A1A182ECE7CBB16DEDF3D4E489FD631C5DDFD1A3A86575F1094A92F756C390BB3C1AC663304DBFAF61C0B97DBA6A1A95AC780DC6EB7E076C3F1D9320F081CC7248DF255FD0050177055166D3475FD157D6018033E06C99528F5B71A18945714264DB60EB03D374F6AD5E82F8EE7CEB224B6A1C30B91E87CCE8B0E43F9B50161E080E93FA81C057B23780DB28252F031953CBF21508A85E1903BFDB36BB31DD7F2AFD546FCE6DFC1E5F9EEC622EF8053DF311F6F49A7D5AC71A40D8A70E2F173CB08EE8D1E0AFD3C1A427E7F9184711AB605B3AB3EA280928FA48FF83D7BF8A25753202DF73DA84
T=0

[6]
S=$A2B49886A4EC2C
W=-$2B350F184AFB1B7EB904C3270562BAA90ABC6316A7E71E87443EDCFAD8E8BB811E41BFD116C606B0AF2ABD36F2DD76B82E59E1030AF10CA185CA707971CC702A2D20F0DD83349B5B675B016BF3B89957BB51A143AAFAD3DE11305FC6469B89B3245F20FB9A436E472CD5C86D8CE7885604C3287F9CE05F647D1787C3D48658E88E526AC158875D54DD9DE737120F18D6502985B662675CB8D0D99BC0D6186F91E3D85BE7F86153C63792C9B92F7BD9B19FD21D13863D6C20A51DA4E9414F1AFB61F1D620788CC8
J=-$BE456EF7C82D4C30401FB5388518BCC1FEF4B499FCB8AAD78B9D8CE4CE1A8AE917899F6917364A35DD58B6B9790D8AB7198C66DF500AC2A0E5D1EEB000389BD82B25F3AF1A768EC330953EB1F2621A8D2DC77BFB0A99D1CBBEEB64B91A4A656343D5388F885780F82739750E7B4A881483F90E52528305504B6CCAF33032798BBA9DA720BCAFD7DFC14A78CA3DF4F982EDBCDA380DCBBCCB7EA8C9A3C38A926F6E42CF82551BAACF3A5BCA89B06B0B111E7E889A15EF8F20AFDA00E21480FAB9239BDD47744D6F2D26E0E1D2585A4B289E0819E073FF6EF18BEB56FBA45EB5B4F31B5C8604A553C90F55CC8C69379D6BCE7405F9EE3C599B0F013F58D42D316FE09426FED3365CFC5DA616CB0F2A2768CD0F9E8DFF626344E17339E08BCCC8F191FEF1BA5BDC7E34CF4B25E8C78ADA242CDEC0DAC01A33A4BFA99EFFB02B09A19DEFCBB9BD866C90C60A350B60D3266414F4EED5CE214B2AE5B003049361B442A45A9E6C58601BADF3FDF0EECD6EF95908C3F397547A9FD93284C5EED5D30650CB3C640DF9727E85487FD59B19
T=$2

[7]
S=$5769624800D2
W=-$1ED007883D3ACCFDC093C5B72FF7709570E52C763534CDDCB85D74C52C0F671ED78C57F31EF66A11069C562BFC7AC86ED0C373C1014BAC86A60870741389A3D240230B2A0E6901DA9F717FC4AF72B147FF554EA87C1F8204D116406836CDEE9CCA641F44490DFBB822F6BFA56DA4395E141C5D0CB7A1E30E1E446CD2730296313991F08F8C8852B5A34919FD2593F0F69798254164B2537EADD0CDE500CC72A09AF070085BB95E4430AE9EAE32C2B9BF16E9356B7ED00E426BAE2F224BD02465E28EEDE
J=$48329A1AE234DBD9829CF46F369621972CDAC71437C38E8D950E85D7A3419CBA0D11BCAA7883775E845C3DA5C56B5285B6DD83C06EA278B836984CCB70D91B7DBB15D553AC56E44B396BD1BFC84C5AE76877C2866C898D4A73F406428A735017BE6058C04649D3F0B6827247630BB333E209DB18BB84A95FD162B1FEBA62BBAA9701F25E739F6DA728315D5D9D41FE2979BB2A9588DEB6FFFCE46768FF96D5901FFF1ABF3B78923523EBE68BE58B6B8A3D1542895C76B39B3AD35CEAAA50B7F9C361D05B9F96A76E80567322F797AEA51B3DC53678553577A7BDA8E3374985796F33AF74D3123FDCCB805612F3F3A79C0036548DBCB7057DA502F38F44DF76F7A1BE303CFE8096C2BFA00128D41084EF12F568A0486877C10DD939D50AAE332440077752B4319596BB3FCABE74C7AB8370C2E9943785DC9E92F2830F00A5DA4782A4A6305C78C6040F2497DBBCD05267013F78DF438B6DD535049DE6B2673E06AD1C042B92B50336407C082620D803705C9CD4DD935D4CC302A6A6AE0FC769AC3F9E188831E2
T=$1

[8]
S=$3ABFC7DE720B2B
W=-$4D1730EDFFD52C592B5248D0A55CB999B098F0505742FB424089FC3E1888BF29589F592E7103A1BFD636B7FF6EED96BA1A3AE2D680981B6EF7D503B8B148FE076230F7B1997B1469D6C4C3037F5D5158BF5F5ABC64E492B305F8FBB8199C44F1872EC23AA4AFF18EC14397C9F098E7EC1E7BFD17D7D8C506BF43046FC31B52510CFF42F7A92C55455478CBAAFD72AB039DB37A76F645515D9CC531BB8898A901FCF8607A86B52FF9319DE948D656DB78078169742CA3951CFF66DC6D09174B32B
J=$1B4644325BC89B5DAE06CE65AF7A4AA4E71C10D4DE1628FAFF8CF931D30E30723FAF77D2B786DDA04040F415465B0801A3837ABD614A523C26D0494F6581ADAA6672AC391E1BA9A8800AD73A6850FF41416F96C8FCBFC2C9B9B18380DFA4C68985A6461EB8171D8CD81FC4D7B58242B4519511820E362E9788E18A8698C63BEA23F3A1DD290E75A2A702F8A3928004A21173CCDE34B5C1808293BA59AEFA141369BBFD8360DA2A36D4FE270EE07C3EC630FBC7FACCC48BA66533902C528ECC06DB5DCFBDBC582B00358A35C9A6EF7EC650B58EC3F0E40B2A06CC8D0CDFB1ED3A16687FC22F3EF4C98A0378340B5D13077403B42E07C0B576AF9C09EC807571DD1415F1617976097771A0CCECB0C8F306B977106419A649E3A4B5BD1965EA38725423BBBF098ED6BB9294600C485ABB7B482F5D1DBED20A97EEB99C9C47B7673609B655FE040DF4036C81D6AF9F5FA8A7507A09CCA424F2B596417722AD253734AA4C9182467D3AD751526DDA50271F172477008FA28A732485F95913974F9EB8E
T=0

[9]
S=$33727279
W=$1B6F0016FEED7EFEDC8E696D214BB947725FED086ED5CEBE59E35813A77480C225911F35821544AC2EF201F7F4D890CE867C05E458C6D6248AA63DA20E70CD4DE8383470D5F02F4B95805E49EA35EF3C822077140DCD1BBCD7F0625DB2508B2BC86B60F8817A50CCE943389B4D2181646A3A8ABEDA074DB9B0A6CDFD8D8B417B727FBB6EAEF7B704EC95F7DD8906305E54BAA4597802B158112461B8467C22A28EA93DA83F7075C6369BA9242E57C518FF2745C5922AE61C82F24BD117
J=$8600E732A1116BC83117838F5AECADEDA6CAE382B0EFA7007C3FD69FA1B9666378A496E091ECAE27814825B555E1DEB4226F4F4469F34A5FA71BE38E3A4CC52B9D82B6C33FEC7A2CC6FA4C0DF9EE674B87F5FD8400BF42E99437E104DEC24EDBE73D477A3F153E2A226A12F443C446B6CA02C815D2DF7BC6F019F1361ECC6956E0A4C7B5B00A8A060C9866550C3124ADF4C2DEB22D2B485D8C7769EEF167BC922140DD01424FEE21573D5325C887BE2CCB538DF99B90A72EDDFAE58F6CA0DF2853001090D6E2AF1FA06EB5A3AD802D66D22B191F8EA7E466378BE7163E05022CFE022A5E222F24BD29B74690E1F69E183512B261EEF95C7BB415387A7FB98571C95698A5C6D6246E371610EC8F5F4DAE6833A397738A5F59C051DE095760591A62E09591C34773C9CF87F7DC3C7DE86BEA207D5BD6EE8770A5E56A0585E73354A90AD07A8253B545E304109B258B36A8239BE9D814B7D776D01042B26EAAD0751C560E1689CBC897F2CF8365002C2401B28968A3A4FD03995AE
T=0

[10]
S=$3E00D0
W=-$1433B83D77E2625670C05D586EAAB1B1A56C258E43F009AD85DBDE3CC324AE36188682A34F03D27E3EB808BD45E514476F7A3E06D3830BB3DBA272C071DA769098C40B52B7A10005D384A4F378555B6FEAC3D75DD3A8A98B36514C257546E106EA3D8B7A6641CD78E46C5ED76D02F6B60ACE68B706955CF822D60AC60C852283CB0908D89EEFE86097B4A6ECB145B2ADE020D5F85FF28EF2315E619E93AD2098437445F0336D83AD0C31751EB146725E4FD6CD1C68C3CFD4DEC686A
J=-$333150504FC27C8FBB5CB86EB9D5F93C36F37E774AD30F719563355B5EA87E77C0C97D15163C7869468CD5F5EFF2A0D0E57B5ADAB238E94EB4EE1C13FA686774ADE7D2ED4EDAF38B6117E5C88ECB84FDCBB4A8600ADD3CC2BCBE4510126377549D8ACE4E085651D7526B3320FE078221C5D0B948A0958F47620C132E601F90B700D89074217B84BE6DDFF4D97653CCA1C7D8E8AAC33203F66B51BEEE3540392149EB525CC921F1E55324642494D940167A5ECE99A7FCF877DD030BBA12F7B88A7123EFD0E2B1D7EC4592200770565615A6CF0E159BE0A67BB0866A98187E93948ADA244FA3DA98D2EA5CB4853EC9B230CD5C1A5FD654D707BE28542136D0C083E54FAF6DA3CF93A0D79585B517DEBBDB9ED1CC2DEB2608DAEBAB42FC6C0508FA708E420E835EB65AB700634CEBFCB8C5E0C9FF13AEBB0E04D44256EE7785723F840A643D849E2DFB49DE5B1BCD0EE1D09BA578632E9266E62EB2A81DBADD40CB295621556B79541F61A03907C1C6C497F6FB17934C4B
T=0

[11]
S=$7F26570C17
W=$2DBC9BDF410E6E0819BBB691AFABAF3F738C54DE80820BFB629C757523246D1DEE2BA1A612E0BFC2019782FB523509858165B73C8F930C196BEFD07E7EBADA6D556AFED3864F38A9E0B20875839AE5CA910A5F4E1F733AE89827377F43F75A493C2C382A767B97B4DB08B634C812E682641FD315BB398D647928594D2C0AC5182D8A30060B99F0C2E2D4F601B3F7255F7BDC891247FFA8A8F8E5D2950FE04C1C2C2BDC27E7AC33139BC9B68A3D9896ECB179FFB1B51DE464517D
J=$4B88F5BA3C7FE38674C386B95D581C8641B42583D8A6D48D7CC27DDAB0B2CCF068A55C3F98BCC290F13B012AD8305B5FDA53D933908ECFBEF37645EB98B7BFD24CD2B6A03879F3C1B68F8CB7C6D510AE1403BA06C7BA71AE69B052CC946C7C6BD17F2D043DA7F0AA778C55775FC8F87C874A79866F447C7D8D52A8D7ED056D04E45CDC64AD0F36125CBB3AE8CDEE7993B24195238006636B81C0D93EAB46F451ED7F09E41515E87ECDAABEB42874E5EAE04ECB04D7F7C3EB507A1821E3FEA9078C71C07E44B22D7D9238CC375AB8F99AE026492FCFF663E4FFF1DB7A312DF519B024765AFC393AB3CA334D5A572FE2087EACF473AE98605CB97EB6E4B758A11E58A02EEB8DF9D6724F15AB6ABFA7974BC793CA5F117FA8A424F38FA0789932DA65613CCB6F07FCAA33E5DB97A9775F9726ED8E2CF5763EDD2836517814554911323FB3F5D4656F1D89CC80BEAA1E8DC41C160746793568FEE47D6353B3F2B36C46A53391B3155397BD693BB589558C1D8104B5
T=0

[12]
S=$B6BB0B8850
W=$4E084F4AAB628D9D9AF8B794B35EE8C053ED88B0F8D83F9961B554311CAEC748255FB35DDC4FC0F84305A7E21AE8FA75D1B788EA9E95909C0D2B309575569028D0AED5730D1DC4CE63DE588F48EA323C0D0F7AA17DDC688065E54906579EFAD1C989AE31BAF42F1576F803CAD29772B83325F472B4CF3F9B15CDC08D0EF8E4C0E0326ABF464B920C3BB06E91970690920606B846C0FFE694D557A122ADBA2C8BF311A0BDA926F69043F261C1BD0AFFA80DDC39C694BDE1C
J=-$83DC4985B5D5EA7A720CF1B016678B9665629CDC74CCDD6577CF3465E6E107C4FA66468256253E112253CF15E7E0BC0F0F378BBDDF6BDEB6BCC4458D01DE3FDF0215697F57CDD06D4FA2EB352BC27B2BCF4D9834EDCBB519C179CC81E1D3CA38CD0601440042F47F39FE4518342554BF5B7A257D685DC22BD96E070323F08FEE622DF2CCA64DEF13BD37580416C8F1EFDE6E3E2BE7647E87CF85179F3D039A8BFFFACAA4A7DD310DA083545EC8A72C65CBA0F597AC1FA84701D111A2E35A5979A2CF57F96E6BF28AD6A1EAF3B99AC75DAC990DE389158768896921C91457291028C73A81F9538A162B161A2DFA1F5303B9C30D6546B34C6AB85A7F6AF8909866076AC36C7BCA43D6FE8A54AD5C0C96C72EDFDFCD403F127496B91CD5D7BD2026AC13EADE980EF328DB5087DF11902A3728C9777FF26250724C27FFF1BA96C816C3F9D3875CC9A1C00D5DE8A2A14AD35582BB1F4A62EDFFBB281C2B236D883D62482FCA2A061D778609952EFB9E4D
T=$3

[13]
S=$12C69F3
W=-$57753C694A5E3F11C6E4BBF5B15A81D7671C2E5CFF6ED5E55CEB337693CFDF80E66D1C69DFB7A40DB2A2B91FA53E43EDE9A2BF893B0D8E10021014CEF32682DD1D0D8F9416B6D677044DB5D04444190A38E2FD67E19971A992CB5C900124A582EE47C03F61C0FA554B891435A0DF3E02F463998B71DD85DA5D7E986DB46CFBADBC9FC58731D4BD01C6455B7B684DE90FB15DA5EC94C897AD65BF58FD731780A9649B43612FFB12E18816729E9137ECE1D7231C84E9
J=$25DC06A1E6B253B610A2E7199FC51789F9DF697B3DD10140D839553B8B0CC0095E7E35A4F132C3E99A419A8650229ACE048F525973BA890DBA43CE232BCD8DBB9DD64D1CEA277E5C802AD070AA4D6DF5250334118CB0F8DED520831CCF1579F354F5A1A3042241B2ED8A79DB4E16CF944CAB98CFF6EC70DDF7F80F750B49C68ED9808041695D537841BED399CE976B3CABFF009279CFB9F93E53250C9490F0F80F7A1544D7E320BCF7257EE59658CF1B68F8C318BF48E11E7C9E0815B97A870C1A37DEAE534873AF371F441F8478941A813EE26C2DE36559EF780FA8C247CDA513DDD637D07450EE7E832F1D0C9DB31437D56B0C564F4974B12FC2FF5F5F68D328213348D5294CD07240AA85A24EB1545A2D05E8A029B0530C696A4CF10E2979D46030FF3A1DFFE9BF4E6E9B624FC4C3405269C1C399E40225033EC7951B4AF3C9F6FD796BC717CC635252797A8ED5411E6E281DF3E0AFBA1BD03684183E5DF724FA948A97AD61D1D3B
T=$1

[14]
S=$16799C9657A86B
W=$5516D9402191E8B4849FC87E98E241E41CD4D5DED1DEF6FCB2CDC2AEBB03B550FC4C4BC09478E69149A648BBF935E2F5BA315CA572523D475B179290E5FCB710878E79EC740CBE0A9DB93EC322C975BA32D7550BAAA4813E9E3DD496F74C3EBB5A58069AA80B0ABE9100FCAAD0D4D46E1E70877390BDF649E323DAE58215B0DAE5B459A1AAC3A770D4889663320500567A13462BC56131C087D0DFA725C43A5EA71AA8C88494F0DC6B522C8D9E170BBDD85EE1
J=$174AFE7A17F3BEAB3C89F56B3D7A17D8E3F50CE1420C46530EB90650CE911E7A35916923E6B2CD213FBB8C48A909491485F9FC68C3A9EC1A0A7FD22E0DA20A345163A83447CB65F56C0817000D2B5846A3217603F6AA4A47B1308A2A1CC26E75E087819D69AEB72BE977FEBC8B614496D7D682B1C43E55E4C238DBEAD1BD8B95EAB8FF1BB2E617144BA12C635CC3C3587533E96E33EC0C0B6D82D7BD7640CD54A4DB7D76692ED91834A90D95B9798FB6D34796AC78456F005D093AF704ECE38F314760365A9677C274087C98D432ADCCC122A037CC144014607C9D4137B310C964FB92293C198926F4AAEB0DBA48080501D769DDE2381C19A437D668CFD03264BC32E234750C6752E0347F46B1E95144F743856CC683C6EB116CB0D39982E10C5B73DE19594BF1E0B03A75B99415EFEB90824C53944E3AAD5486B125D4E0BB7B3872AA7645460538A0C28E12D7DAC39B4DCC0074684F61276C4AC08C4B1E88BA0C811FC6364F3
T=$2

[15]
S=$6D045FE5
W=$101F36F6CD56E105D1DDA2A83A6C74E3B14F0E27330D749A3154C12358C0CAD60131FB1BC5B9FB53603645CBBBBE876EE8EABFD5E13C262F1EA81A289B705270A29CBFC208B4F20226FABB25E554395B4F937CAA25977EF9B2A13C59E029377BCCD3AD7D1C3C4DF6C3A09D7444C3483AB4536EF0FBA07C1DE497F80D16E70273D596E24BE84BB27365F07C44FD065A394AC50590C6631C683414BB0EE06B59C99A1F345B7EFF8C9272EBE1A5CEE21EA3F
J=$161DB429202ED641FA03E69797331C635304394FAAABFC6BB73857B8C16AD9C714CFEEB9DC6DD15B80793B267AE864A62A0611DEA99D69176D019F16C8029197419ED1F4406DCB3F80320F45FAC43A3DEACE91B1C97CA0E462EBDA08E5946577A2808614C2A4FE57E1E1CFFA71DBC14588787F7F0C0D96764AF6CA8FE88B50359A00DCB142743F86FDC2C51D728868AA0CA8B232B7BCAE775C62DFDEE34E1F7024C415123DC2176DD21E1A6B5767D14315B0A7E9E05F30B9860CF06D39F416F0A2ACAA54CB77DB66BBF07136D26DD7665D7583B627279634BADC4882290E8EA60944D5DCC5ECCBC9960606A85681761C5583DF2AD27EE167CE9EA6502DBFD9FF5B3120FF59220D85B602ACE6C0265837E7F9854FCA3203CD6DE7C2C4C9B9243AF692CE1A28A543D09AB4DC8415EA7356C9C9B04925C7B13CC80A1F61926C18F043D089080B5B097B7687566775ECEDF93E02B78DE3192B4D034C6B00E2B8B100
T=0

[16]
S=$2
W=-$18742C8DD6FE9CA06548A4ADEE169DC8C06B734BA25C0EE93575018FCE60C64A504C3922317CFE596B6FDC0A7007327D200526BC23C56C61EBF0FC928A3EEC0988B7A7E39F933B04F6DDB3A7D4E67ADD65C6BB006E0E6868EE76C9B42E12ADDBEED444D158E8644E232B7749DEBC6CE0956631316F5D4610F0E679DA762F39B519062BF663B01BBC190587FF2446CDE143C696D4A1D46CD54C9B3DAB281492EF347E6D34BF4BD1FD077AA2BA4E0C
J=$4B273F5DA5009A822C6D4E483934E89502DEFA67D7C3050DA3B2BFC1BCDF0B9B1A7B6F6A53E384F10A7F6704261CD093D0B52A7A30BC6317FE9F62EF91B679F8C8DCBA0E485F83B7E8793AA0B4FDE579A48201E26D2D2BD8E61AF8BC5000099C27CED2B00C0FF5F55B07BF414C3C2BBB790779B02A6743BB0AB522F03F705A890D66FBDD3EF87D4A76BD1A181E95C3401B19BD20E8629717EC6BFF8BC7C35D0B9D259993192B1DBE6F1E77FF31D0AC7CDA125957E23FCFEA200134964BA15C86DEF4A772B46D0C25872B5B300374CFD2286C621D02A4C9CBD25845D9B86326604E53F5366570182A37FC733BD0393456925D38B85793289E599AEE7A9349818F565BAFFC5229B878B517578063E846220465B45753D2CC9D79B6A0CE701D0FC7D208DD4B3EBD3A6840F86444A997AD07A9A8DF8E811BA9D7207F61EDBAB22A2DBCFEFF051A026E9394EEE88308E5538568BFB575BBD282B0B13547C9
T=$1

[17]
S=$33F97FA78
W=-$61145EEA094E73E60A62DBBB0B5FDF82B0DBD2C1F067F1E78DB9B09BBEBCC226C6B6758E7CE765D2B9D3B54405EDD988056CEF3B13A5A280FF2D3D27672B6E1FFEDF89352D3A7A7662F3636DE9227A2C0149D35734A129422753B4523D6393315725012326B79B1FB2EDF4FFFA712F9568A343D18BC882D1D1F6EBED212D549E2361AA718420CFD987C814D844D15B6FF05612A2203954AC42CC13037A7F6A5973F4DE6D43FDFBA64A3CB42FDE10
J=-$2EE6E16E02C9B52A4E9197E06D2AC716ED19E6A4A48EA4444BFB0F698D16A4BF987529F76329476FAD860600F5F468BE48A1606747A66CB50B9EE2013641A1946321F0013325BF47EEA368A83CF2D69558AF043551EEDCF0899ED1E6C85E7900AF053667D136112EAFE101B60633BAF291D464F4DF6C047FB2FDA84AAC761AE794CB1538B33F3523575CE7A1F2F7F6BC3C9FDFCD0523F385A0E31BC076D35A6A8DE2A119C0E45B07B08A57E8DF145389856B36491EB04E48D51498865DF24ABBD40C66920C0ADBBC10B60C52ECB107F9749E0E45953FB758F0EA1E798F0EC8D0FBF1DF29CCF7061F0865E2866B23AC43AEA8D84FBEC5A8E8E3180CCD754615752E05D40619B429B4BA0A626F0B607AD9B0C328B1ECBD2586353A08C4FB08985079531546AC36445D32B72A24281B335E4A3B7016563A160107634B8E76C11F2D8E044FACFD162E6B4242AE36794FC1375A650B96085B0D2BB50CE5F9
T=0

[18]
S=$295165F87
W=-$7EDA9E0404AF8603CEA8CAA968EC7FCE83AE5EC09F18FD548C0B85CC59BDD6AB8CD75B00B456F877671A0F5428E63120EF28DF149B9C440FBBB3356B85C2DCEDF9DC40436F7F22D4C2D580D61CB3D0B5C31080A02C3F2AE46F6549DC095462A5CD3D90A7FCF4E197D5CD83D493C22C0F0892D1095A6F503DE79B949F3BE760164B2765F8BAA9DE2426BA54C6DB13F4297923DFF523FCB65F33C521F271794833CA2C8F9C00BE0FBEA1B974D9
J=$A44D944CA73E223F7E67420574016140FF6E484E023C3309BDC0FB6F065214C1279629ECD7CBD4B89FC09F1C4DA45DDA2012C69CF71BFDAC429392CC9A582BFA689BBA8C00CFA9A3B0CCD2F5D0F903E50FEDF0C1304F4A4496634419EB108C94EEC38149FF0AC03670115600C9601036A8E9CBD8B3C0448FA67F2299B6F4F4A5707B5A43BB05B845CDA3D56A8B4B483BCED3BC84B51FBFB46AACF558EB52A3788FCB286DC6A8D0A1B014603A155E3DC921DF615956AB168380CE191074A46D2739095A1AE9BCAEC62C64CEEDB6CBE6D45E488BE9D6328413025A6EEC8DA97D9141FF65158E4FA85BF29AD7F5FD034443E84F93916B41770652C5B333CD1C98BE1C458D5878BBB961C0F4CB87E073712F0371450D87DCAEBD7CD2B549F742DB1BD978956A57C847C1CEA1870B01C5595DF41DA193463095EF4A0AC87B81A8D5C247CF111BC7F3B5C9574C33ED06CFE2581924D28AB3F406C
T=$2

[19]
S=$29DC9DC
W=-$5036672FF062CC6C3D3C54989638731237E496287BB526D5569C0959D5AAE51B17F6B6120F08D5D7308DFD625954CA2EE9FCB9A118F84FFEC6ECE675D2AB182A9DD293C90AED6C6E016A6ADFB138642DD061814323F55B59AD0ADC906D595C6648C26F657032DF28CF3BCBFCD07F402B81009C2A613B26BD2DCD9EB434D10893CA4542B8C52DD2BADC0C035628460C72CACFF0CDE5CA447444FE5754C4A61E7EEA6E4CD8EAB998398ACA
J=$1F25E6612E2F23BDF7102F9A59BC4AFCF678880570E1F163A31519C60FDDC47CFB104092ACD217F9CAC9FCD5C9D5EE20B1083D07A85DFB9309399F3C578A33B832CC310F17254FE7C6FCB694F046C9468C66982B1C89D6AE0962B752362729B0AE99A61AC65330D91BE1B3FBFB09F78A680409C441156193E4C35F6791420F856CC3B1FB876249D0C7EA1298C19620FB93574FE3397415DCE1F56AD4E7501A048D194B0C071802A02C27ED27E2FE2DD3485312D8DEC3ACC2CB00DDABA805E84CBABF7516A236F60DCF4819ADDB39D5B157A21D257C3122A2958AAC1CE5BC46C25F0385C1EA8264B9F4ABF828BDBC2429F4F87A1EA10B07170EC8A7CE93A0FE27E37AFD9D8BFF98251DFC6F380F3A8E2EF252B769545402A05DB76E28344B4126E9E302EF3F51A8D9074BB3AAE79CBCCC3C5A4795433F02E98056F16C39102671EAD1E05C1694515F8D0E425DD05EE10757F25E1
T=$1

[20]
S=$9A65D0FE4
W=$1D341092495339C697316034914F22135AD005581FB4B2DAF0724AB477AEBF8CB01B83D2F4D41907473BF17319580BD5064C0F23D160925A00CFCB1FAB535087D9BEC0513614842686B2D043EA164E479629D624F59215919F5184300538859B468D67ED533E8C5E4AA47604915BB0C82EDBA516490D34768C29D717B7BB4BA1DA64469071B6B5B0EB246BD7E4825744E716C41B408D3FAB80C4770A24AC3EE5383A603FBC01CF1DC
J=-$BDD51F0D9F79788BA0FC646BCEA93F0600B73C8E6E65A1E41DC5F2FA4DDAC2034989B85DA8BF4CCF78B6C70EE9CEDA29427150682337C5BED6C6CF2F116696CEB46BE076093CDF1CA411AF086C495343973F150F435020948539C03B4BCC19708E0A6F6487627FD0E8A10F17A8078432C2B507798C88E9FEFFD3CD215D5EEBE14576C980FCCE23266156E8474A42F9C2A8B9A51530B97ED10FF6B7C0F7A049614A30B2296CE790AC1F84B3CC40B959DB8930A6DF21C608F7C2DA2D6EDA1B4714E0B9F873B723EEFF1A4D87FECC441C130C4549D11A9431E43891E688C9C8C7A32142D0C4D3BBA88A5A9E96A13CA1FA40B1119284EA10DADA54FCC9B67279B8D8A86AD9A68B52A3979B248E29CFF256370AA8FDBD608890DCB7A3B26C717BA17EBC7BC66ACEEF6C660A2E82C199D6E06385EE8590406F0516AFBDAD97E3A756F82F0DE75A115A7C9AB77CDD7B14706B72
T=0

[21]
S=$1C22872B2A
W=-$137515AD43C3DBE86AAB584159CBED754C764594D5B177960B531382F4940AFB8EEBDBF0A40A0DC77C288A761F92033B463AAF754A4016515E32473ED39A25FE6D7339A9DC441A4E850AE1B4BDD71F63B1609382B83EF356E3C3E2EF62E386118C4F9C9329E931D41D087F807CDFCD7B09177C248AF77594B5D546078AB990D800732041E22CCAD6295ED849D61938A21BDF4A9F9EF4A25478D21635BC436E67CAEC852C9816E
J=$28D35BE0CF9AE2E6B3320BFE5BE0AF8C3226D5D16602CF8B28FD974A777925187A0DC7D92663A59B659914A87BE497279BC285923622579B2865112C21C080C17F21149581EB20F863F0A3848364E20594A0214F10CD4B774910B92349C43DDEB22136098670E4FF5DFB7F76217C2AFCBD48F9C093E9C5CAD839052F606B56EC2477532E9D94D4F46F630B37B717D864E7884F4B0034698C7E918CC65ED8092EB7A3D8D6F21801AE25E62675FC7D2148ACECF937CB3E65E5F49CE5F3F7360D849B4429C2A10D3A987A9348A99031B2A2C4DB0F9BFCFA68551E8BD038EE6CD5A38B43BDEEEABA435571AD241DE98E5822EE4F34E0F052ACBB3090349A6B25E3ED5E9B78C853067A2EF7FB62C41087A7D53386E054B901DE97906A11E7F936DD3A097BAF4FEBC3A900EA478A54764CCB19E20582EDE0643778B51B4C304E681F5DC7D8C67843C5F9C9F0D95567
T=0

[22]
S=$D66A73EE8F484EB
W=-$6F79B31B20CC42821FB1C7D61FAA821BDB973E624D988574554701F7E369D93E55BE53DBA0193988D9AF15F14A25C249B7F2A734BB86E37C667AE90CEEFB81C7309CCE43A25705159C7FDCF3393F0C8C2FC0B5DA418F74DFC74FE3186E04E9874F5C1E601A0459B0A7484593AE62E706F7958F6ADDEAE47E8EA1DF199F436938C6A18183A8122C86BF33A3E1442DAFF515967A6029FC61A5F948164AD1C5CAB265B6FCF
J=-$1DEA34DD4AE2DEF2BC0172FE5B9132D4448EF7FD51009590C683A02AD8A461D8142D17FBE91D5B51B3DDF00E25F7907B79D454F01A50478E98A6984CFDF0C79C4AB9427F304EDC355A677D0C3BB7AEA90CF5A09DC9370EB98AE56F06747B68BB44D2495CA0241A76A65A771BCB9B925CC64C98D79A32C9D5EE4D3D126252E11B7650628F4F467AB300A0987B0C76073A525A76E18335C29E69CF4EDC7C39B1DE08ADB610699F90B8944DA50B183B54EE69C77D2C6611A4E9A6946A057F174A3A6121499AB85DFAA0A6849865C93A8593770D68221918B166C13D6BDACC16C1C2F5748FBB6DCE6F99CE9AADD2FE79364C4971B7252C2382F4C62A7E47B1131D910E749D5B9072595AE8E1F8DDDDDCC7AA8302C8FC2F805353E79815569B1DAC0C118F6304A9FF15EED59BA1AC030909CF416E3B2B9407282BEEC5514221556C2C7A03BB302BCD7D0
T=$3

[23]
S=$D63BAB793
W=-$9591B269B66D0A0B47C57116C447726B6E93446777A1E28686A36A6558B8D9DBF85905AA64A97DC7939A722C07FD5696CFD5DE0758F4C80ADB0071963B46186730715838EE87F8F2DCC8CF02F393BA207920778B37881BA5CB6F194C305B65EC1ED4C982F4275AEC2268C901BA501282BF786B874E3EBCC3B0FC85F804BC7A5987D99B3030E5DD43344D655C5B435BF107D01F7AFDF84F8EB3E9A80EA3627FF5
J=$21E6E2F9DC873D6A7B1B926DEB81EB210C7A03CF93FB99300C8BC3FD1E1AC6784CC59680751E90E731CB0366A770DC384FDDBF7FEA014F858E1E6420D3D486201FEE7E7BCB77949167E098B04120D2C84E4429A7E688EE0C508DF5B096BCF4DDF610CAC58A437C2729CCA62B2CED10D6F07A6211E638DA64C5D686B08C95FEE27BE0D636DF50503866CB638481D45503881FF0B50F169C32C9DED276F7769B2DF5E0A2C4C3A954EFCCDADFFA143525A5929F44EC8DD7D07D3188FC32F59E8479111BBCF13DE05F44CC0DB438DFE93C64BA5530087FBCC3F17FB58DC70D31584BE421C8116E73681961658F9BEF72CBDF5D5A1A79E183D36D774D8EAC8B3546C88EF66C390190250E80FF39494C19F7225534B64890095A1DA0A03018D5511E2E7DA5E96BB7FF840676D9EB23729345B45B545530B765D2B4C3E84279822D6C5C
T=0

[24]
S=$A6A0B0
W=-$4C199E7DF47E6A3962A99549E174C38CFBC8EA1F8A669E3C4CE46A93570AA0BBA05248E32E4612B1AA08DA4250720EB22802C59487FB007C95D6BB00C80B0A0CAAA6A524D3F4DEF1262643C04B87A8F87A1581AD97855B4B16002EE6FD86943EC493950514E5002DEF9DDE1D9C4475C01529036E3C650091752F7EB1CBCF6C8178C137F974AAC7332EE70BC29C4D6C4F75365D149C0616772376032A9EEE
J=-$243BD0725013FC55BC07A506840A1A138C0C6EEAD1AF0C712394DD132CE23C456DE1CE61DBB92CF64C2E203E383AA53A86401B9101AEF1ECA47B84A2EE9CB4B2037A797A2FDB9F439BDD83F04E07BFB5FCBBB23B3908C325265DACA53514530CC523153A0C5931A245B6C069B46FE326EDE27FA0013174CD6FAE6A761757D148CAA207F262E9D48A1B15B34AFB31E2454C35578D4BB14452BB01210D7F661CF90323FF30BCD6C100915894240E2853F6BE56BE980860F325B36409246AE073126716DD61D1D32799EAECFF88D7EBDE611931BE72354179CF8BABD4790F59EEC3B28B77CD3F34E0DF1C761947BB272BFB824ECF3A5A4CF29EA442C75B6B670FDFF13422AD43A3598E9A826423C90885246E7B5A1C77BE29F1AB4031883C3131D604E04F59AD04A2E45BBD495391902B9763CB023ED31EEBFCC65DDA1
T=0

[25]
S=$259A577338
W=$313A45C07189C619F93936142F59C91C1A4374CD0F4BABA694782DAB193DB9B1C37A4E5173BC35A58B0348C73384914A094EBC08DB07CC09DD4E15A798A471E2CEA15C7A51C15762E84175D7E78894B6CB97FBD7A7694B74A591391F7A43F84E609EF2821A2D550D43135FACDA8EF7F60C8228E331A2D255CEBCBCA6C85CD97EE78ACB813753DFCFFB8D1A879AA13427F9E012EAC43B756B7E4076DE4
J=-$16CBBE0D3E48BD37722D306BAEFF1DEC800CD72CCCF8AD1EBBC6C926F73893149BB300D470E8DD1F83D4162C888648E35E611A9D8E6E1BBAA92359CEA9ABCD41BED1EE7CC81BAA55D484038E5F9F95C4F47878FA53AE3671649574C784E25754A62252AE1727EC341845DEAB4EABAC37F52163E456B6C27D80A0F8094394E1C9880D7F5E0753166F196EAF2AFCEBC88CC451390709EEE6C9DA22530C9A2BF7985C26EAD763EF8A2B48438E5F747637202290CACA74557926C02ADB1EF403ADC4F2C8359987155D336516D8576D0CC31B9B031D3510EE5C9FC5945B8D5AB6C8237AD2D0FBFF222DF06380AA92B3F33DBDE19FFB0F87077394A73D9516E3FE5DE1EE5B86C6DC2E0460D047C1F7F85073852E5DF949BA0A0549EB09BA2CD46C1381C55AC826BE4AB8013228B3FDB40016BE8E74A9D5A19594A8E
T=$1

[26]
S=$E3455E08
W=$273C3364B44CB6395F96718C6E5C6DFC3DA68769A65AF5C3EA7F80E593C5C314FD2F9916EA20EF26330D2F583054EFE68474B32ED159B7BAA704DE415442BBD5BDCC85432B507B9BC1E1ED75E6757FDB48329C2DBE52DCABF0F3EE8C47DB23EE888703924238FCFFD2BBF01148234CEBBBF06040A9EDD3F3D6B15A378A5BB47D5B6FD6A56FB7E1AA0428698B0103EFA13EA5557F8E7DC9CCA8F8
J=$FC9120C660925D55269CC896FDE4261471A8EFA4308FD8AD94D522EE1092FE723D24801324997A870895B8A42BF396CAED262FFE7DA765DAF48E310A13102EDC18B0998A5A923087ECCFF69CE2EAFAB60C6E5C8685DEC9F6BAE2836B7B26237C1621FB16CC9170C6CB78126C6E4C1DCE3987273D10B1716DD19110C3D80345960F736C144E2006C23D3993529DDAFCAB19B62962756740A4ED1D18A0AEE516AFEFFD6C97393B4F9D933D37D872EC6C105D483E847EF1E9B7FBDDF60619E7B9E51641A3712ABE27C124480A8E9F54FCADC0BDA6C4FF893ED57B47E8CE5CEEFD4B97449C9831DC759133935C8A4BEC9CC5E5756E291452639ECED3D107FAFCC3D819AD1636D59E5B1A5E6AFBF259F7921E6E5659908E43C19E951A2046058AEAB524E01F0730353701420650CA37454986AB65F07
T=$3

[27]
S=$1C7455F1BEC0
W=$4C276E73017070EA1F4E99238CB9B66C2519BC28DAABB93240819FAF80955287F82FBDA5464669B39B86743CDDC2F7B74DA35A0404F25728BFE12E91EDB624637FB0DA16E629B05015D400F6574FD7E8BEE7FB2908CE8F4EC0373EDE92B7B6A1B37AFA7FA1BA6FE9E4DA2CCEC5AA3B133F2F5D902F9A74003841E5F934E47F84DA67EC7E2721162938D0B73661535C1BE04868A0A5878312
J=-$8DA1C2E5557E85F64067114679C71EDF388892BFA3C9CCED6F88F327379F019030A4681A1AF871E12DA6B4B5D60F6A142FA71A0F92E861821001E71959FD9E4B54DCCB8EAF654153C44CB4AA2A11902C403A8466CAB3748B6503E00AA11551D845DEECB81A64F5327C20A1D746FE83CE9045BB9EE329C76938E890F167322A046DCD13F6652B7ABB6C004275C2551FA6AC804EA9C5414C53048955CBAD3D3B7BE238A5BB4E357B0DE7D0726E03CD36EFC676E2DAD65476D3BF519E11D661618010F35FD1763B1BA8EDFBE1AC6ADEC98665316465E7C0936C35D0D7E658E5B8F427B6DC11ADF3BB7EDA82FB7B0F4B32A0256020E979F2C4A33FBCDE09C07631E61606651E8F644FB67CCE3FCD7AD74397429C4CD7316EC29D11ACC9F7F1DA297F63C6DF389F80FF272328F29D8D718A0
T=0

[28]
S=$59CFECAFE
W=$4E03247480FCF46642035615A374ED7C5D2F17BCE7A2C72FA50C46BF9175D677E896C6C2057D35301C8C33490E4233EB6800A7960388D7B4FD3B545728551575EA013F23A65615000F552364D7BB3CC334DC88E054EA3F2F73AB52A93E461A969B29E17AB35748BB8B29948C10FD6E7C1EB9AFC34965DDC1B702BA804F51E8457F970A7B96E19E9015D7707A75E224EE2FCB59C0A
J=-$E217C76BCE0011203C9ACE4552DEC091AE16082E51441D745C05414305D423C7B0F58BFA3F0F574D4B9E570AF1122C09EDC29B2776F227F6F3CB8B47E4853E5ACDA4E327EF46CA97FA5DD97C98E0EA396555D843CE851CF1707BDC38D3443DC40C760099C851CFD8EFA211B799E96E13D86531372EEE6F4BAD2E0A6DE3555BFC65FA4EAFA578BBECD3021CD5AE1BD283AC19C878C5DE83469C124DCC659F2B00719039E648537823EFEFEB2A9F81A96A06E32EBBEF13F8882BF71196EEA2C2998F5421B2CFDA1AA20D3837561EA9A31652F5642862E647307E4E0F86C7B62DD3184FFECAB52B399363441A5F013C99B45B044E20DFEE0202955A0EC9174535607B2A30D1EAC25DA02E44D098C54D02C7D0497C430C2FEF9ED70958C43A99B1C530352355E37C27F02E0D
T=0

[29]
S=$98B1B30
W=-$684E53F6DAC4B89E5BD87255DFF744D0CCF2F945A0ED619BBDD456FA99151E54841DEBED9F07A57E87EC8F8078EFD6264873CE6DF9DC08EF6CD3F5385AF8C06AEFBB871B1A07EAFCD38CFD2C981E51C6052F6077427EAD222E6B26F4E76A089AEB6DDC5B4E078472E1D94FDFDFE10DC950F69DD350CB486C15BBBEC90ACDF99A71A1800D1CA5C5DAE7CF2F708C5F7404811EB6
J=$391296F934381CDD1B1A9800C82A8ADF68582ABEEEC0A1A26B0EEF2F98A91F2C52E0A3C22D89600D66B777DE4C3A280C2363ECC47B449CD3B4A117F2632B8171AAA480CF55475CE2A7B2AE5B2E7621F464B063B205FC5BDB6CFBC8F3688508E507AFD8E9C704B694690FFE813F9FC5A86A2A9A8A6866083C127A7D886AEB989681AE6D09CFECFA406C2BFB69B5B01C83C5E511E58CCA44E045F9717AF89ED62CAB6C6C520EE1F6E2AE8B6FF624D146DA55A0865D93E991CDF636313131740A43F3BC53EC5B95D83E5D7DBA493BBC4D16F118F9C5F6BAA45DCDBD71625A37A67A3E18C566AC2E60CD912FF6FB1014C625FADA88365CEE7E39742FD0FF259F4D9BBC0309DA0A3792A97D959C080D1EF984126CF4107923F6561F0D17F264B427475DD9EC71A43
T=$2

[30]
S=$5E1C52C
W=-$187AC928A93BB6E70036AF8AD4C071EF16E48E4A63BDA8FDAB47635BD311B8DA05FC31EEC0029DCF1308DE9CEDCF9F36730ECFCCD358462621E763508ECAF0A2C4F19AC63FEBD7B71DA066D5A2668BD089AF43F569D0E673137078C30B5110FD11395BDA3BB084B74923492AA3B069B8BB639B12B910E0717E58297A962DA1E2E5BE4727778734A58EC33AE9E3DF49EA5A2
J=-$1376EE86BA90D41CC9A70F404687B31A92EAFD4A780CE51F46E4910813496CE1EEAE3039CBAED0128F0B36BA7F625353AC02BCF3CC188ADE660677E7DE2735A79AA608BD70CBD5868DC270FE9237A2D07CD8F2DC19215DEB475326B9B2FBA8ED87CAEFB04824239A97CBE4B3BE281A0FA501098E5720D2E861354E00CC38D689C1384051CBD62B29EDB97E29ABDA29B305571C93461855BA62EE6EFD6B9BCD24619A13ECE8FE17F57AB8B6BC2D537CD9E2298996E3DB4AD2D9BA9CA772E13CC7226ED7CCBAEF6DB8E8781BC4A2149006DBD3A879D2AC841A1A7E93E344DE2AA8DB16709D6B6726D81A65D5B1310FEE214FBE5FBE6CCEBEDA4A5FF071AC606FD0A7EC5A5B996B22452B00577EFCB4B3E13E2565B50C156946133D7AE8F0294E17A3825
T=0

[31]
S=$CFBEB
W=-$22D8F4CFA44033D3357DC871DB5127CB7F341D00E5315FB2594775B443E224094E7BA464ADFD3D9B0718D89B58C3318E62F3B9CD49AFB5146B1601DB13BBDFD03C76815B5A6363A02B44C9EF2BADE7073E4278F4FFDDF41D33AAC539314F68B9E73759F0D95B64E4878614F3E897B430A666A990BAB9065F90CF801F57D846CCC9FA2D5379CF229496DCE759E575541F
J=$DB74AC66EA98624A3D2D49C9685957663D8FCE8A8A67FAB927346CEBF1532E9E9991B4194AF7C5FF383566D1AF254DF8517588F5AEE3F117D8924108FD65E698F7057F6B75093C4059136066ED5661999B464771CF2BA46A921B8BA1259896223ADD25B9247118F57C9AA57CBA251E0067ACF76F057B9FB754A50FA52802D0C52799C5672A87B2EB8D601980B22AD65E358D0B2B202DAA734DF84341F3C5877513C7DFFBDCA5514126D0E5598712D32158F05A60937A8FA46ED51641B56E554D785F22C5D74FF0C5432715D86A3FFCD142CAD1941852B1BF1EABA6E12D4270C39E3A4476366E34EDB331E1ED70A3E4F3F8DEBBF64918FBB611A2C48556892C671F6C3403FE99AB6177872547231FCFABEC470B060656125DC45ADCC9451579
T=0

[32]
S=$11E2A7A8
W=-$9BCF1FF85D066C086555E33B906F7176587D8C6B911122E01C0530B2A8FCBDB0AFAFEC8C952EC89218F4B135A5E5F4EB15820E1C7A758599208A17969ABBDF88FB46B2F16F075F946AE2B30AE015CBEA932687C0361A45151FA8F19F269F0467B0087C75BC7FA261E9B83290E39ACBC07AEC8349DF798DA5C961FC58349767FE5A3338A194B2938D34073DEE0D68E
J=$646987A4BAEB3E0B08D4F495A8280C7063B96F4DEFCA1A951416BB1D650340F7919D14F0240CF36C077900654207451647E418C1DD4C515BE4A7B9B1D821FE743C335A1D7C5A2459D3F92E4409625A6AA661D836C3AB0BA1255A59E706D57A9D12FF0690F4509D53E45984010E9033B5571E75A41B5E995FE5E7B4A54564A37D35AA4F080C1109224939B9E9316AB1C8D8DEBFA8A1F1A2B44803BD53931E34DAC269A73B1F410B743C90A0E861FFAC7ACBC2835AD8F857DFF997F4C54586B10772787989ADCE8DB7AB86EF21B3B3DC1DF8B1B54516A0540FE6F479B2D1C3FEA3793674850F5FE31162F8A232E7695DEC21418378D47F774224029F297E142FA463A1EF00F568B6B0CE352560C7A361292086B198406ADEAAA537D1F29
T=$1

[33]
S=$555AEC86717299D2D23
W=-$818A8AA0AD6CA4CEDE8A0210994F8BE84F1AD330A53CB4AE0C93A50CF5C7CFCA368D6DBA9FFA4FE6CFA881649071189BA2BDCED33452CD23FF568E0C1E810DEE69EC00D0EC8DFFFADEC97B4A2D9E127B8661D88102DAD37F0028F1041FDF14AAF6DC4A63BF8039870B1FA7A756F4B41698C8AE49175EA70874D7EAB9037C68A5942D4543B02F314AE6F286CD3
J=$10450CFC2C29B8E02BE786FD50983F627E035280D2F8BA4E427B3D653EE4D75BEF757B4966E4CD7C71C43E5830EBF3220B6FE4D965FD7F9B7B29BAF9D974DA0E5BA0AEEFA344FAA10E296A4AA0CF3CC2B51E85C249244BD6FAA3709BE42F5A0218F14E48DDE8797FD3CC244A55F3208788E688443FF0903A610BF4B27CB5F806C2E3E599497D8B5CD7DB37EF345D5A05C857AE3BDD209BACE09F41831E286362D1F42FE6ADED33794C08F7D0A92956799E29D2607B9FA8B7E6B8F54DD1C71811F3CC1490712D3A7FB28D9CD49BF2A7B4FFD976551C809EE431C6B6961F08EC4386C937DE2AF14D28CC08411202C4CB1EAE358465AC7FB5DB9FF1EE3E46392EC9299EDE075983D6B8ACEBCA289835F81D1B3D7421252992AD90F
T=$1

[34]
S=$EBB2FC8
W=-$1351F9ABF1EA303E4ACBC1F19EC82DC6AB7C52E1E70D7A5CA4AB14E6CCB4DC54F4F5ED8275EAEE7271A89736316FEA783FBE0C37D94566CEA4E66D5336FAF28EE17A789C3B2DC5E08A9B167A88053394C6DF603E8E49BEDB2FD4B0DA5F7C77DA0CAA58C478187CFE59A48C2B3B1B331EA9717A8CE67AE90059FA435115D5105EB82B3E2A7FA7B63C2
J=-$1EC5432A718EE6E8E33F44048EE543182D3F42206FC41B596337CEB7D9DDFBAE649922AE6E127568FD02391C01EE1C7DA7FFD16EC7E579D81994E90A235BEB1D55FF9040278BE05FAE1D890A670B3C4CEAB7EA70133C2BBBB6080D174C827792394B116DBA781645641952696C3685041ADECDEC1DB97471330B6003D164582538DEB26662A1A97E78C7919E4297FC71897D4FDC24F90757E53BFC017E69D92A2C4A9912D8DD94F2C6571C21DD12E27DF0D542FBF1A4C48439D72A01E838B4AD4053F3430F6F9165C94DFD70D6117F0C86EFCA385726996813D3E51DFA6B08BF88C3A381701F725D91F81A0DEFC8CDCEEA67CED0D9CFB274F8A5B2FAEEDDB411A3F4A9E06A9DF2F6F67BB73005A93602
T=0

[35]
S=$264A661A
W=-$3CE50FC2E50E8A15ABCE570FBE16BD7F9FD5D327F9746788C11B8F0724ECB71D6027B46AC5B1A3F3F541017F5A780CC4176ECEF84AFB4F873D2A46FE68BE03D69D097FCBB99EFFB5717FC5A8E0CEDF590F41AB4BED2A8C35BC8D162BBF2B23BC6A9B2F0D2B938436A42E3AD2A401A3128EDBC2F754386E2C6C4320084F27CBC1EB1898772D6AE
J=$DDD66D2FB99BE015037AD4D93D3CB85F3834C7B5988F8EDA8A2DEBE391E109E08113AE4907272E410137257E933D7981007841B79B630C0D70464C1385995FC081864901ADFB29812854A074278B9E9030B4D8B9EA162BB0E1A7A9B3F29D064F85D83398B1A0C23BA38577B875914FFA63216B536F81F7ACD1571F973D091510DE5ACB36C2BB06A48EDCD31BF60E9CA97471A9BCEDDF1EF49EE6C9E341BBB512AD4B9042A7FAD795221EB6B869B9A9EA23D0BCC74B79E69887CB239ED67C990197470C0DDF381FBDA3F8CCBEAB2B0C25F3C8E5A892372F6ACE843E024A819A7C9DCF699B0491938B17B16279FDC5865872E2FC686BADD0CEEF62218C27495908BB40F00C05AAC4E53F0501A3
T=0

[36]
S=$3CF6E15C
W=-$8D7A1EDA1236C699C0D245E28E471C78FCF86FBB63CD63301B7EB9189B9465A3D3316529EA2516D637F74ADA4614F239BE02D2D8BF8F70FA6EE5FA608A0B7B8AB2412397F02FC9D3CB57D429A1326865959FB78B6C2B4D140D08544D8501A8EB70DCADF069A8169C73E5333A06F402B6D65DF75EA2DCAC55EFBD3105B45C6702A169AF6D6
J=$143B2C1FC3A7713CF41DAC14C3EE91EDD5D455E7D899527621637A25F62A8A0C0BB5FCDEA6B4F88CD3389B2B1DE7B781E42B0C3EEB2F3B2D5E99497892AFEB4FB65486AB812CFE63F476EECABBC67A342551B07AFBF3CCAD8A7C7CEF4B804B35E676A5A6A06E3B376B4107DCBD9F56A09D2B0CCB2166D8273C49E249F0310FE0776373E82AFE60D3EE746AE277BF9FF91559CF90462927F5334C2A28EDA4C5C6FB530070367FDCBF2210116AB3318F9AFE791D5F7A39BC19D74475089147921D5AA54F4CFCBD99350516C6B690629B3E413A9C6B17A0A932208AFEF65AD4C15F01ACD849E3EBA0470C4DCB33AF1BE34FB272F68C770EF931F0F4CEAA5DE25CAF9B6F7AFCC5661A1541
T=$3

[37]
S=$4E0A50D8
W=-$105021DFC2CF08001D79CE53D89E38C8BE72B055C812A75A59156D42A0B2DEA0B539B959C80AE97A8E019C2CACD34C2EEF5F029D3AD84C74CA61D94379823ABA2A1C7C614E0A4A8746F1EB3DF0A17B4A57F71D6AF4FAD090E5DCB04F59436F3D8FEBED53921DC9D7C86E9C92A28D65E1C9EFFDADCFAC8284EA7D41351681A578C1170C
J=$55FF770DE2FEBB7E61A712A76FFF7CA1D79445E282BFE680B608D18093D4254F7EC69960BFCDFF9DDC6365448B924026F1D05249D123BDAFBAF681451C44BAD9174466F9CB59B6F875455F000111B819C02DC6E87C92BD4B12EDFAE51F56A5BC5DD0C3B3C38539441A01D6634DDB7F4693F2F1D890131493BD1063D1EFC7F29B244A7C81907506658E8CA2563FAB7674DC7293129E7410D8442676BEBDDF8E7AB92F56766137A08E9110A31714888549F37A997E6F766E126A73410F2C3C9CA5A6D6DFCE108C77EAE46F3E8741B8DA204FD402FAB351EA0E7CE8C126F7AD3CC228D946EEA1CE95CADF26D197A14E0FA60CE31207F83D0CD0855EABF584E15FE334A8F57B90
T=$1

[38]
S=$B9B16F
W=-$32E632D3FE2EAE6D5423C80A0D261510C690356729267682499E748511AFDF0FAF81621512938C4EB92FB020C050B45BDEE268C7A0E4DF309AF9D5EFD406B54389E6566D7A9797DFF1388CF7CE86FCFD8EA1696C4FB37FED9910A8B219741C65E5CA14BAC02A91F6936A0957856FD14E770DD56DD6EF993FBBC4B1AE1B8A8B566F
J=$12315C0EAE530F620183B49554C0C877B72B98212D95475AF61AC97AA0EB8BA8883B818C4783EB4556BE7EE05636550D9D6DF8C8F8548629500B6C47684468EF699CD79EEFE58C17D22545322DFF6EADD1A0B9491655724548E9D163F95B2699617AE0663BE32E473E34923E3E0FA16FFA7B4B461250CE9678C2C9306ED9EFF544C1799522255E6146D061B58B8B70193A980E3587DDCE1FB65D5944D34728807B0EEB86740F45FE41817F3712F982DD33C9371C97F7074D1786B661C5A8A536587F4054512D6166E36BC043814DF5441F34F20AB6EE304ED3C53758D9F0C79D351BD55DF4C1A3EB7E6AE46E0B60C3021756D01DC5C5FD3BB8FE4208A51B05A8CDE
T=0

[39]
S=$171930BE5C
W=$15ED1559F8EDDB70A92FDDD2F8593ADFB383F5DB8668EDC413BD18879881F6BED13D05FBF502162804010AA468BD25471DFF11629D7535E4CAECC8DEDFCEC35636C4FD52C566AB3749B323FF4662810614E05F78386DFDC0C1B7EF458C9B1420A5A470BF56999D4176190F59EDE25E163347F5028A69AB2FB295D63E359B12A
J=$12AFB6EDB52B4C9692E5EE094417A4AC2A50CCE5A70D59E89082072D2F40DB064970058A2F88C49763D03CD52DB5FCB52C35469639AC88B4F2F558F5F7E1473C28CC4B53A2D6AF376B0045BC59840B7BF5F966A2A4CB81C36E8DEF5BF77FDF4FD8378ED88729171306610636E2858B7B54430628BD51CB171FFB97F7CDDFCB415DFEAAF62F2F2C1FEA510AAEFB67C2534890A344EC8BB5102CCC9FD3A8F2BC77EC9EA770A805EB35C526136512886FD1EEBCB27C18F83CFDDAE1E68EBF0146B8517E98E923DC044BDA2F17D9E284C79698E60E3AA4A790E29D27A50CAF57E259E5289A6CBE033EF757C4AB842BBC5E8D39696E14FAC6700A91486C1C9A344
T=$1

[40]
S=$2DA4640C237D
W=-$C33B57D316B8451144AE037D964D1DE324D389A3B2D338FAC7DD3EEC07C435FDA72793E872FB828CF50F16F2BAE9136B061178D5A75C88036F2137257608EFE13F67610A2EFAFD9B58C8AF4598471DDBAB0C437C2D3BFB5A74D946A0B66484657808696D44F9516D938E6E1B7462F83A3EE1B25DF1183A741057ABA4E7
A=-$D70
B=$12F5A
T=0

[41]
S=$43ABD2C
W=-$11A644F7EF7FB557D0EFDDBCEDEE7CB6E44747D483F696811A32E120513DE746A844B8728C13B5A1E9EA2C1DF578FB919E68410E567D6CC6BE1175E2092CC1995363CC307C9B2DC0C378E61F9F43161FD5C08DBC90DF5CCC42813A449358202DCCB3099144B219DA64C1125F2B1DF255B71199AF6D0A50B457736
J=$4829319A090DE00D278F5FC820DE72913CE3C4D6CCC2808DF4A06853D68417EE56902C4FF1356A4A767460B9835215FFD2A869AB8B3976AAB65C39465A7EABE3E17D6C05C3E8067F68B595BC5C8571EC4DB97EF1767C0BD7102A593A407DE0632FF95D3CED26789AFBCD8C762837F1CF50751C7401B708670822A61EE7A1C13D6D0AA89349C0D5836B85968B43CC5F8FF8BFBD6ED749F45DD0AB25ACC8E8C6E6D607A4C9981EC0083DB14AFD09BAB8FB883BEE89E7BCEB7297311E860B9C0285BD122B6CC6024295345DF6F1A26D3BEB11508E7CDA3557DF30E9C6E159A1B304CD45308F0CF1665FF02343A36E55AF135BDD1034
T=0

[42]
S=$F8B9B755F
W=-$422422F5FD8BB68F5A52000BE4EA8E9307E279DB6FE47D8B79BB0F3DF07040AA75C7D219132BB7D97195F36BAEAE5ED22FE685BD9F066D2326A4AE1C6A8233E640A206CD3B9BD4554771EE2CAD0308AE28B40DBC8A7A8AA8BB4DFFEECD3D96DF3241D0C812C2C6AEAAF51A23EA2D4DF6D974119B38E766F67
J=-$629761229B1C5ACA1342C2B1B9498CEDFFEB3FB12B69C52B770D1AF59D391A6CC4684CECC166FDD5706FBD204A9C63AFA2D92887F6C4CDB90308A1C4747B99C89A63B8CBFC8B110463430ADF588C43D0F96D643D1EB69C4309D5672A98E6E4E1431B3A953D2DD3E085D2AEEDCC5C3C88205CAA0C2A07A4EBDB62CDFD3C84D81AC8BD91A4E8FA93A1C629B11A1DE9FEBE8E1BABD5F212327E824D486B790DF58431E24D67E275A1D3290F6A4AB7C023DA26857CDF1EF758028880657A887A1C1BD2B9D8D94F8B2FDC074904CC98EF5D631186A893110F162CC1041C68F2E6B922B76C0700DB7E1458907CD90B7BD4ED864
T=$1

[43]
S=$83DB0460B49C0
W=-$1AF2CFA6F7EDFAD372B05810058F92E1262C02021A166FDD7B9019E7059FA80009E286CBA35DA294CFA42EF209F8C23D2F34542B1E9C6C2B27EFC07C0047F87EC4A26156D5CBAAB21511F76D579578E0B5B6B03673B4CEB03918BFC9A6380FC686C632B782BAEA7C51B406DDBC4D89FC2C0E458923F9A
J=$1A02169E515CE617E9F753EE14979649E7D277530D8984F28EA3A477A069A1535CA621D2531BC3DE3D0CAF4B6F30E94DBAB6B9AD8A6DA881EA3596E7A9CBA2FAFEFB9C9895D5A6EF1AF8391E5DCEBD2CD1CF2501C3783DC8EA3B0CD58EE54DDB37A0CAA1727F4778C22E32D5F4E37E52595D21BBE1DAA9907798C1F1957D194626C47748B0B53042E48747B3D2AAAAB837331F500E8497799A883E28B9FBB0918CF0C18E3B469C3AA08B831F20DBE49D9E9A335E60ED127FAD5572C8F2649BA80C6F86C8A73E970F4A41E86E3CBB5C7FFC64DB0CAEE7B68519FE5C72C5548BA483ACF7C16DA611B56B0404188
T=0

[44]
S=$12B7CD44
W=$13633E5FDD8E1AD9DE3C4C48B04F9A458AECA19D5A7C49AB99F629B8EAFD4365D8CFEE215FD441AE411E67CE4509138E2EC4DB1B09AF2CA1BC19E219D16EB23EE4205308847730744CD8EF0AFDD514FB5325D908088739E68F7FEB0E47B627EA44380F5626389D28253AD64B3C75D05B9A4AED0
J=$25F37C241E4BDBFFBBB0349DA289EB813BFB14B3372CD2EA999FFE827E54DE600FC1660338E6BF5306DB13C32BF8CC1A45882CBA8B86C270E442B71E2F5D7B145AF96BF47C422C44EBB0F959C77FEA025827D029F576EBBD027AFDF3B3FC6BFBCF48D4D4FBD659D7BB4862FE1C8354FC26AF57E069E14A4BBE28DE1CD9841BADD3DCB4A7CFCC2A6DD4C05FACCB538EEB50F515FDA043320B5520FFBE757EAC3A5BE34F364877860F6F30AE934FA86101966643CFD8D9A3515FC33482CAF37E94769B0367C859BDD16C5C8F218773F0B23109C7A6AAA768C2221933562BD6FF2B67AF10B03271
T=$1

[45]
S=$225E24D28B06
W=$466295FE9543A10827063B771CE9921C0FE14875D507AE695AB142B76CEE2D17E835ACB1B1E9B908C1037644E91DA2F55C404EF2F9F86183721A2939EC039A3DB8666DFAC6DE9CB895001145124157830E2C1FD3FDD0FCDE23389FEBDF3D70836B74B927811344CCF758516D2FFF1BB5AE2
A=-$1E
B=$38
T=$2

[46]
S=$3A308B71E
W=-$7DB76E735E4537F2BC2824323DC6EA270B6FB4071C6C1149B8D7928849A594975A60BEF87A559ACA30FACE743FF90D9C68365A3A8A0E5FEDD2C82BED20A9CBA982EA71CE32F1CFDA6859F4AE03FD7E7E0A42F09A9104C7B268DE651871873118C0D698EBA733B32FFA70F9C61F31A
J=-$C96B1C9E054BF2811446B8D344643ACC16797BEF8CCFDA75F1EBC5EEAFFBEFA53827479210F88B58ACDEED84B1DBCA24530EDBBC15231F0F98BF5EB83529C9466B7F56CA29CE1CEC4F84C9E2D78AF011CF9D226CF653B3A3320429FEAF7D7C86AE1E3F01D783DB9616C169B189618E45F01414B70324ACF7222A8953539B6B7F17186DEB3192C4C0584F368B3D8CCADED20E0B2F82AF531DC26B14E6F798C49A235F5BC65D6A366B45CCFCC7E4C092072F64A5E32A9D34D06299E3FB4B1863B0D2554A6716C3CDCF509675CDF2CE30F8D36AA2F8216A1DE562045E00E
T=0

[47]
S=$41F2BA6
W=-$14012926926ECE41363D9695B9A1D4F83DF037B81AAF58C540B578402C9AD7A7146B5EE7BE2673777C9E130D53EC078133CE7891B306FB989784D2B24A810E8F7539804DE92C8B994AC7851B49360015DC9CB8E2CC731D74F0C4CC5972E7824F37D79DE4D06C8ACF6D26AEE20
J=-$14C0C8FFEBF04F05995ABE4C90E394932B0DB3BADB85161946BA8A665B95235525A7C32DBE8C29616D9DA40111E059CCD553239ECCFFC55DD6BBD5C601C406180B376AC441ABBDE4F9AD431DE540407237B5E6BC0BC44F97FFE92C3D6461DDBBA1922DDE700F5005BA9C4727AFB448059285D3A3559819D184D1042B7BDDD0D08A9E9D19E4C87C3EDF4FC71E15CB5CACB5398ACD6FC87ECD9A488A3571BD46A61ADB62381627FE4F25324110223471BD3A0FA5E02AA89A9852C1CA33CDB79247EC70E5930A39AFD58E2AA4030D6169875A7D1951D8BAB4CB9
T=0

[48]
S=$60B4A99
W=$EED12350740EBBA5B24ADBAD6016F3046C36EF8F2292BA7DA8DF731605C42A3093584FCA5D801C1E747859394FEC5A006D8281BCE9BD5F88BD9C70EAD0247DCA182BA6E8F2B6CE3796A5548BF5EAB86425A5D523D93F32B7DCCC070839A1A62A45F5FA4AD7C0D5983F92D
J=-$C46867DB1428DBCCB69B309539734EFED0A6A4BDE6DDAB814ABCF024D91A000F37688C477A89B98B4403F5DCF37CC78B8427934E1B4437C47CE29378D1F422E38E14DD07512F858AAB88484DB3E974B1E6667921F0312827BBC9ECA1F54680B618E994710A1021C274B6CFCB1A6BF60B526026B35F4DF88868669A76111F26BE29078D6AE152DE0CE5EBD4CFC514E7C5DE81A18D7267234C0D51EC32F2DC6BBBF868F84B4CDBBCF57BFE7D13AD0B241B857CCCD32B990EFB79C82313583FE3FDF6A0AECB8D618996D23F8A23C6A65D6897A73D6081
T=0

[49]
S=$89E0CD9
W=$529FFFD4C6596F76C4017CEB71704F436F57B76D9709715AC3F42D15BCC9F77C2FADD0A229B87755B1778B2A23DB84EB08991FD2958A12EEEB10B13B712F49A184A0125A771BA264717876E15B19EBC434F6C675A5C065EE08D7173272F55BDED253561A09CFED3D5D
J=$32662066ED48FD54256A5EBE61EEC59C44B43F33001B06AE864B001E2E43049B69BE15385B79164FC1AA98DB0853E20B63AF09B4486C870572B52DA1F038D26C8E4DBB1CB3BB550BD1DB391F088A51552D1BFC5CC1404DBA317375A62FE4F02F86C5F659F6C4366C14D1944B44EFDE80D5B0362D170E7C5761EBAAAB3181EBCD12C2750B23169F5D96F4D5095D9AFE2822C4717F238B4808A9650BD2D36FA20A52C8CD615FF40878AA6AA22DDB7A5DA5379096DC1DDFC8A313D15981313BC0709DD23EFFEE352E6BBD1B906A31C31133C70B
T=$1

[50]
S=$494DEF68
W=$3CE066358F1A72DB097B22DD0087EF0CEB226BD4235A59BFE07A962851CCC69CF61600BD8AAF0DC4CF9A5105E24D725581B4695A3901BFB0E606A6B4E6BC784618BF4717C4D776F4F0842EA82E8AE374F2F1CB4963C646C926D89AB4F5FD8DAD0CE0753322CAC62
J=-$663B27C7A91B6031C5DBC19C22B21891D68F723585B542A4F1CA055C10CA68E925E0748EB6841F579248EAD8DA69393783C47D431514927283312208B5CE7179DB79DE49550EAB341E4A18E31F2431DFAEA9BF30C261328DCACC76144990E4246175A9409E96FCB5C50F3E259D7571EBA3B96C1427B1C46B3EF9DA2D1BF4F46064DA5D1B1E8DA094BE158B2B7DEA76C0AEC4829629499B60F2FA508A5871D0AEF934700F3870F1A3DD8B1E27C153E7ADF301291B64302B3BADF094443083E2CF3CD69657D6B2BB57B5A7CFC4DCBA9
T=$1

[51]
S=$265CFEA582C00
W=-$4831874EBD2D20BE9B9E8BA9956A312BF7E68B61771E681D0BDEC9027DB61FE2FF214200D75532A0CFC38F4804EEE8EAF8A44B63A82DE3AB1804862985DD97464712A51F7F758567DD7EA26EE5514910CFAF40B19BD5E616F33ECA0DDE12F1D955CCDB2B95E
J=-$15C50577778F5BFDCB55FDF5C731F0EE247EA4B8500262FB09FFF9F8D66AE91E1324B1E5EFD7A28FAB9DABFD384C8BE567CDBCDC596E7F92655713A9A1ECF3BA3B012CB8B2AC21EAD11017F37D054F9D9AB86135FE43965474C7D9DB990A9A87173E91496F475F46567935B6298074A63E232E505EC05506AD258FF1243257C3AB88AA44EB62D40FBD74F903A893D147795818D79145E779E6DE4394DBDD9EAFC3F5FE950B16CA9B4B2473B7C29BAE622631890CADECB1074DF58DC2CF7299C7A5AA6E2B59CED602E846AE
T=0

[52]
S=$68E8C7252
W=-$ECAA6F10220E7D5B8C9143888E7BCF69D8D3DEA1E13E6DC8892203B135FDC8FC2C8A3486E6AF294D44CFD6F113FE659DC0CDCCABC15742B7E0BBFC2E58CAE55FF1C4CAB9050E9F49B29A814E4935A72CDEE3601FDB51D9FE2D58FE7CA4EEAF75F524
J=$2EDF9B71A6733F4A71A1744464CE7ADD1F22B2A8832558F30FBA505C8A8879A975941EA12ADA12F4596735542F9F15E6BDB87D04422298E0FB0330A61BB4040345E7884E8799B19E41E52EC6D702B56CED1D65369706A062E58BBC812AEC6B7A836B8064626BC40DB280FC9039B7F0186DC78565C51ABDCB41D74C9D65D8F018DC3A8EB2C9D3D2341E0E67218E8CC5F844CD0E7E5A7B26C2599280AA15109B1E1E642F7DCF058F1AD16201520678435DF54EA5E9E1530F5B7493EBCF976687FC170B12610
T=0

[53]
S=$3200034
W=-$7920837218EBB39F4A6C70907232452B7A4E81F6500F1C7DB0EAD5661FE1E3376D30E13F21C73763EE7E521EBE698E40D8E03AC5A998F7EAF64BB735B4DADB20E26D2CE2691FC1D8B3A11CBF7C1612678AECFB4A5BBB11341E9EE4F9E421262A
J=$1FF56DA2FDB4BBE66F291BDAB2A884E96A4CC492557332E6A8BDC1BDCB62B13A072B809B6C0C6647B59426CFB1D5500E199B82611F875C578BF028922DBA96757AB8FF4FF41AF896EFF4728B53A90CA43D2AFF85AAF71F10555C8097D716CF13525DB3CBD58E72903911D4D1EF59960159AD75348BDA44C640ACF2EADBE9FAD03DB91A32253DF60A802C3C051ABBED379096E50DAEF5A224C6233736C47752D09A63CF4F697200B711BA75CE0B65BE0641065E46DB3C3495049F7A43DAB55BDF
T=$1

[54]
S=$57CE9748
W=-$DF5DC8BE6321594BD5FD82C1FE0B312ED0974DAA63DD586CA5C95EE9A2BFB46C23A17EEE6AC07CDCF56A10C4BE501D3268A6EC4430E0F5DC88185C1412536C5312B974CE4E1716EA4816F42B9B7AC3C71C948D278F7660AF8FAFBC54D4ED6
J=-$5C810EB50873D6A4A5CF0819AEFB933DD46444CE4ED712DAB572D5ABEEA68600AEBD47CD3C733011095A1C38303DF330218180AF9A425FE69210005A3A0DEA3379DF12EB080E82E304AA9037ABDF86E9F14F8F14FAA0E93D5427653876F2184828D1B4C87D5856AD53B19E810B5DA93D7E7AB0FFE8AB720A8C59233910AA78AB11BFB0EAE15E08D9A56DF1A89A72525CA07A2D5290D04F910735BA32EA576C75826D968C044F75A2CB9BAD197A1047BB78B03B92C6E12F088C6CC75E7F
T=0

[55]
S=$6E278
W=-$2D7763EFBCD5EAF1C035223A9FC139AF470D430177395DCCA4F5CCD8B871263E67E9201ADE760CD1B9E1F2572782CB9AAD1C7D3D696CE8E234068E9190C0C8A3ED2CD74298968B230E947144B5309439CEDE809ED6CC29731B0BD9AC72
J=-$F8E523AD7147EC9306888FF5BCA86D3B23FDA84552932855D27B47D0A46B8F7FF7FA1B79B4BC83AC003A5A29764850BD1653AFB03A14A02A0AF96FC150EE39EBC55EE15BD43FCA0ADCE26DC1F6DC3ED510AB4A890F1D39B07FA9F671FED36FEB59FACD560FE27F80425EEF2140F0D909ADF5B3969B176A4E4F3496A116245A5A40460F70FA461DBD3A97F3F1FA6D37560FBDB4438E6EDAEA9BC9769D70C9B6B40D3BDE78F2ECE27333D092CBA0ACAC41EB659DB1A1DAD227B2
T=0

[56]
S=$5C97E48C
W=$1329B096F508FF11585168183B3B502B90C5FF500718CCC7A6BF19410F9A3C628F6EE0D9C3EFB8D7F272E70DE7ACA505AF62AF1F7F0BBDA651A8AC3E0D59D1DE0554A12558F4A2C2001AA474097D86DD3C907DF37864B9CA029DCE40
A=-$7328
B=$1DBA42
T=$1

[57]
S=$87BF97F0D
W=$1AC1387A412A0AF811B8ACEE43CA7AB8F717C83B89FE16FCF97F2BE69828EF81BC226011DC9ED2624E7CD6AF6E2336B40CB693B011EDDF54F00B2CCD238FFCEF3C9D9FB9E676F1729D3E454F2A32C730E32434BD210BFC48DBF7
J=$19753232B6F3275362964499B7485C51BFFCD45C2A1F093D1AC12C0A156480F48533A9276528C1925A9FA6CC81594C51F5FE4FBC3DEC2483A729B353E38B91C7BF88FB61FB62FCFBC2D2D73AC9F332CC03523F880783A8D0BA5D5931D138D31EBF35A4C29B7244C954BB66B5990017D452C5AC4AF1F1C8E95764BD1505FE6FDB64221587F63CC35BF03E9A000E889C597D3DD0C4DC701CB78BDB3538C97A6D4A551B152E2BCDAB25DAEBF2BC4F6B8578CABF41
T=$1

[58]
S=$13F8A734
W=-$2F306DB8BF152BE757BE1947CFB3852D021E583F5866A6FE20A12E08FCFFEEDF2B5FCCB2B4E6F354AD253C520D07F641D3AE1A520937944B85AA4DF0608C36008407A3A0C849791FD75AB75A55622606419FD6367234BA6
J=-$2231DE08CF9E1E81A852965CA59CBB28003845E0E7D1A2DC512584BBC1CF73CB7ECF491E1C868975BCAE06A6BBBD32F4E866F2FF6A7C47206EECB1383A9198747B3997C8B6641F8F8B363815A767DF350C60F3229D374BE1D766893527AFAA3AE822F21C796B0F1AC3C311B132F9A0AE16112A44359072C15E8D5E3C278785F2555742BE551059936A598F3BEE0B288ED3F36C522E19CDBF97DDB04B416BF9CD5EF7F126D9F414579A1E5B8441BE8
T=0

[59]
S=$1EADED6B7
W=$DAB9213165CD2636E34212CE4B3C0EEFEAFE9C3A02C456389F4F882A15A9956BC7FF80F248F95A2A318442002C18DFAB259AF6108025905B2940F44D9BD77836B1BC3FD958C69C59533C874EC0DDEDAE270F3B0EF0B
J=$738FA1EE463A3828C742BF9E1B96113E2BA18A19DD7542F5BCE08531DA40B9C76D9A4B098A444EB211812570591645FA54A5BD3D4399ECE5DC5FFE5B5D7F5443935B584F5AED67BDB2F3229C22C59FFD65376DBCFCCC6A53163FB7362D16C9D50E721CA110461CDFE9305189DDCDF0FF3060AD09734008804BB755E276B8CCEA251F446FFB67E9A8E12096753A0392AAFB82FD559CE04BD60DC74B535FEA18956F52C29413A397AE08C022
T=0

[60]
S=$3D664E4
W=-$128468444809B5EE20F81ADF9F495B60C072F0655E2A405F150598C4F68BD7947EE9C8C740FAE5BD7C623F445DF8B46E4CC5C4B71C40B9A0B5DC5FFE326BCCEBA3582C754C34FD96F72EEC24F0E60D08D709FF82
J=$394D80ADF9886CF9D1C979DE1CC138B21743C2AE6350F1883B9AB939C859DCFD5D53D39902106F9BA6E865357CF1F574DD415D8864C19452AFB8E4E76AE64B4FFDF723F5D79DAFCF2406C33FAD56C6392C5E4A3626E0D1DF0446CCEF0DB3AC8CDD395D596E5B8B851D731591B423A45E375EA4127FCF63D9D521BC89C2D6245BE22DC0346F409AF02E18873A84E6992D28400CE2C7FA69A350E28078C206E4C0C316E4578A59EF
T=$1

[61]
S=$198A9FDA
W=-$E41ABDAC2EA407BC80C67021A846A95F32938A5B8EC61F103E3DDD24F0362CB7C3DB2CD7D27F5CECE13910419DBF2774C9EF71149E3A5BB42A69AB39215517E6656816B6F99F68DE56E1E94491F03F57D538
A=$1CA2A35BD1FD160D7DB9E130CAC8A95EDA549E16BEEC76817226B4AFFA3F700F1D5D4B0B3EB294259F4B1820EB939AECC9FE9DDDC3E4FE6C4F15C0EBA5301B5791BE161BE0A2FDB8AA73DC123C0445E9F299185AD2818C45B84B523C69483E3F9EE6B3AB613BAD188612336EC78DB5D9227A7839DD7531D58643BBDA4DE8A325F9417527DFAE78A3442B5FF3BBE8E9B9125D541DC18AB94386DE6D8E272F56F346EA7D2E
B=0
T=$7

[62]
S=$DC60E759E3C
W=-$159A6FC8BC500FAB7266F9648C76B3B7F9596F68BB24499A2772B1B0C5E772D8289CC2ED51C629D89214294254950D8053403A1494A5A579DAED0C93AC315128B44CA0DE812AB8AE492CA940722277A06
J=-$8C20474D3ECE0918C063D13BD0239FB42609126BC3C914CAD7EF3351BCD5CD73AF6272B3D4B59790B32368DBF9EA8393ADC2A22BDF5C9526CF9AB68CDA50031C6BC1EB717CEAE258CE9DF312812CFBB1D718B9E59F70882BAD3E38ADDCB755A90CDC08898AB2979CCB4D8CCF472B05D7D2381F49A1BF824258689C8AFF0956E7E5CBC4872333C873075C3E937A24FB12AF3F01272958695CB34F640D2CD9ACA
T=0

[63]
S=$3D7ED581
W=$A7BF9E27CB42E2FE37AAEF61FFDA4C28537E54C911B96A3B286ADD3F616FE8D4FB78208A4E239EEBEB259E66CF0FD6F0162EBA94AE1D728BDD44A6B40DC0A2F897A120778448303FCCDC69D99E5
J=$727AB59D9FE9474FA420D7B6744875DEC4758B1A9E1D4463ED9DA1A5A64920FEF6B9C3216A56495B6881A09DF2371146A066E9BD02D21BFB23119276C971FE38CC2224B660CBC29A8141575796ED8064837B2E51D0DCC869167B22C91939E28C0E69A360D57C9A0DF3B7B62C4C05507A8B8A1CD832BC83C612042016926AA73B87150B1ACF81EC936FE56967E174F8285EC03517BBBF0F4FD399B
T=$2

[64]
S=$9A640
W=-$10E91F71E6DF12758A3418B307B3B9302558C8F0F878D111D9CB1CE33BED853B2DFD5531DAAEE54093F9B71624A1EA3FE5396A371E3F1F209699EED662304131F31657A9A6EF38F3408C019E
J=$3732114027A7AE23B390F2F2774BF66614DD839010D343BA1B5C52770BA6FD063431F522C482D7305272CA5CC3256B966276EC3ACD25C6A311F44AB957E100DF54EF588342D4F1AF2865223A3FB058F2E7A721B01186D09E88F69859EAC6140AD03591E46759BF8F71FCD9BB86087DBFA8604CF3E158FCD66AD8E7CB7E0314E792EE1C5EE078D4CADF24EBA00DDC87A97BB06916698A98
T=$2

[65]
S=$328364CE08
W=$883FF3712CBD79B614D0FC3EC7FD664EF16D0618B7B33AA221CD498E361864EF887FBC4603DE1359DF3DE3FDD8B0A095F600C35C08B9F24352028C8AA167CA1E3854740D6B9E5247A5FDE
A=-$1
B=0
T=$5

[66]
S=$1E101DC4
W=$1FBF50574A4635AE895F2E2B7CDFFD2D13E09F9B468FEB5EF992651526491A8CA921D31EAA13C072AD3F6F78B0AC0EF3AFB3063B35B68AE3C058B6DB9A5499C45282B6CB5F8AAEB2
J=-$261B94C963D12E3E82F278FE680FD13E8FFE3D2806D81FBFDBA62241D430B47E3F24294E2779DABF7CB9DD509C9853F786C3296AC811500132DA8A6A8E345ED405A159479F1ECB7ACCDC1E9BF00386854DD9D38E0669C12995B2C71FE263106F25C38FA9F7784D5966C832236B2D75EE9CAA32D672388DD21878E6CFFC2F2B27E901E9CEAFF4ACE6BE1A54AC388399B6
T=$1

[67]
S=$702795DAFB2E
W=-$1FE0F0D1C5E860C864EE384ED441AB34D93FDDFE0C2B98BD1C5E292E906C4335E9D3E477A791831449C3CB42F70E6A3F8576291972F455D4388AFA6A8B26D4F73EE0F32EA1F2A
J=-$99BB3AD2DB8AFE1D4A539741B4EF853B8032248E2BA591799A3F718A903BF790D14CC3A0FB9D234F400C55E7C66619576E8D28B36CA9401E46C483FF7B80F52AB7DD9C979E8040B793D49A3841EC64AFAEB0368A38C81DCEA5C348024F40131FF9D9D7CD1002CC5CC582991F9BAF2DAD0EB7526B4EE463CA4E817E878A0522E37A52ACAB4550D8C05D068368
T=$1

[68]
S=$4071D
W=-$48323007085A116631FBE70059AF4AE01EC1D51451C0A3E8FFEF1E1E8152E9E5CD19A1DE6CB7CBA3D2BF0B5B7AA187A299B83B9431E788BA46056BCC489F9847A6B743
J=-$17518DC9CCF8695EA507531392E84743F48D3A72645E1AC35BC4DA333AB9DF202A011A63F4789047FDB40049257E74387EC9CA3BED30E4C3B38CB19A00069AD417491E21E627D436D6101E189E31D43070F6D27DDEE88731F9B84CBF168A58942CF2E338D29E6235D442A2F0904A7F92BDD1EA99D9209636B533BBCC7185A6B6293867EADD2CB
T=$5

[69]
S=$38AD3B1
W=-$2A62D253DD527AFF10DF00E63F1A54B124CF2DAFF5DA24F14156C83DFFC6DD6D492468951B97A8128E2D6434110E1BF5E91A151981FA988B9551E761004622995B48D
A=0
B=$704C8FCFA5A07C628CFFA7EE76838F97D685201BF8A81AAFA3F4A068D08C41E822220CD33A5D2B04A870DCB4832A81ACD3926323895935FCFA2F23F1530BB4ADB6BCB783926F38F491B8F43F06C81AA8FF7F47B60481CD6F0393F8472F80406186FDD527840F01C0DCECFF1FEF6C6C10E47D3078B680E327EDFD78252F6C5ADF14DE8488
T=$1

[70]
S=$8ADED7BEF6471F
W=-$171CBD14C298225B81DF1FD1C1961CD49AA4DD7C29F7BE3DBEB98C05BA47CCA0A765510FACA03A82C9B859F2A8E8E2DDF123CB8FD31BCEF43174FFBDB7E1FA67
J=$3A6C692FD57EE68A05A040123A9AFD74C6EF8FCDA5B8DFF680FA787D6CDFA9B6920F2AF2409C8A30320DB2214F449F5F3B73D20C5554AA49025FF808D328D998182D8B661BF9CDBE9A1BCDC303B6DC47B57930C5DA18D5F20EAF7EE564E72F31E5CB6C4473895EEF5AAC391BF151B139657F57509F5A5A277D6C33A497664D41C3
T=$5

[71]
S=$8BE64
W=-$1260347EFBE17980B13CE555DDC00FE38C021614C342C7C95F451D8FA1251E1818040687E6ABB12DDEEE029F61AA57D2D91DBD100B9185F9169B37D2A2
J=-$9400A2BDE7734B1F348227D8CF74333910F3BE60F21ACAE97E771BBE8B9FFCBF51D3B53FDA50DC2D71878A77268F9CBD9F0DD4ABE6E749CFEEA449596BD4D1B72E87C2D0DC8B4A6E355BB9EA1C4EC271B4A8BD84D3E1760824E230C69ABB33E64CBC950A5087458B59303451F5A03688E1645BD96673040615B
T=$1

[72]
S=$88A4FA20
W=-$A4FA74529F54E53EC0DFA519B033F34542DF8D39BB5057EAE0261556B1C161F5895B8B2A7C9C31B507C43F9FDD61C5D344EB7B11808E5392FED79176
J=-$C3730235A2D7E7ECFE3D0AC0DE180085C3F469293FA61084DA2A31DF15999D67A7E061EF39293AA6E715A5AE2ABBCA04D8C24D8BED5123577464879F7BE75EADD014EBE508C34475B29E8CCED0506A6E690F36FF46E9FA98196967004C2488EA5CF1E0B574781E59D8AED2EF73A6154674E0CB400BAE991
T=0

[73]
S=$5E21C
W=-$E26B98078C026445EC0F9AE61A6E40DE02BF9C9D93D236A121C064B3AF7577911FA7F6ED58A2BE20B038FAAECBCBB98A21FDD98E32EBDD1CEB08
J=-$922FB56E37F5F487B0D3C8B8A5B50129295EE260B64AA52A4EA9227B5C55A029B9C9767BBCF587E91828C06E46F12C641BEC08CF4448C0D8D29D49036AADE9586F7A830B6176863AF15AC7DA1188175A148B2F64A0EF05DE0B66AAD6A7D322F04848B9AFE29B1F054A6D6016DE55988F307DD41
T=0

[74]
S=$EEE7383
W=-$C6D3E34A92B0F7D6FF177A27FC3243B7FAD1DE9A5D15005392A8A01FD32FE37BD4ED04B77F4D0993549ABF0E9E919F38C9A891C907FAA052D
A=0
B=$4
T=$1

[75]
S=$11504C
W=$11BFF89592D2D48172A4AAFBBF594DE6E02CABF83BF72E398656EA65F0F5C3D5CC828F4BB433354F46FD634D5492E6C6F8B422FE46F9A2C
J=$6148B3893A9381A0E658FE00085DF26031145E8979608D4360C7700966FA3591C5B1E3655F85EE98B49DF3AC26CC9AC0D41EF6EB41FEDBD841BFA9DD0832F67D36EE6D57D30243EFD4BABDB9BB97338392030B6D2A2B147B6F1F3658580A6DCB6588E3368859D55C2AD1BE6852A
T=0

[76]
S=$17F77834
W=$15AD3156124346B86A6E7B70F9E0B473D2F680923F288337DAB146F8A6989F57FDB3BDAB826A7E39F797E3F8D3A6CB6F49E697555440
A=-$D70
B=$12F5A
T=0

[77]
S=$132A84
W=$1FD6A28025C84993F9EF755B3A1EFA1820952E7473A2C6D43AE5A2D0015A19554B556DE2BC57A6B11DC006ADC80993FBCC386052
J=-$23E6D282E782BC12B2B700A77E42D40028BFB6CFF221E08D27D32116A4BEEDA215CEC9405D0FF90FC2C8A7B881D740C7968620457A0D22BF5EE29103D7FD5AA889FFA6E71ADCE9C891D333AF4AD27CAC64B51E88018447C4C7EA046DFBD00E005EB5D8F160BDCC53
T=$1

[78]
S=$4B88910
W=$3D521460FB51E52DD6E48D528856822C496C7D5172F6E889313391812B2B0AD832627B92BD6BB9CAE3F77F178021EB0D036BFA
J=-$FBDDE0752F7EE866BD84EF1011880ED2C94473416B947E17B1305E8BA301903061CE884F4497657932477F11F9F275568315BDCAF0DA11E65FCD882772EBDD9481BF6DF956338421950515D055A283B0854583540DFCD8225D169EE3E8B13DD76B666A1AE9
T=$3

[79]
S=$74CB10
W=-$7F15208B1633D01D6DAC01198DEF8A7F4BB8E57B035BBB312C672096ED76D6AB0DCE137808E5BB3CB73689D955CF537E0
J=-$55060945CB5CD20A9523AEE34315729778F17E8B0A4F831A6A97E349BC690BC6489CD204F4942ED130C1DAC9A07EA888ABA6C80831FA18B37222057CA539F92793397DDE8198D46736E0C3BA8FA3BBE5C036FEB705A83F1C77A84D90E2BCA115806C
T=$2

[80]
S=$50BB33
W=-$20782E1652A45DFB9655F1A3A94143F34C756C6DEEF402E8B1C31206B709EC0253FCD49811EAC3E9CB5F54BCB032E015
A=-$98
B=$2D2
T=0

[81]
S=$22B40C
W=$503AE22E861AEEC6CFB485A8708ADAA57BC2F2C54F117834F03E0FDD1DCFC84B1449E29D9013D8F02041448ED45FC
A=-$7328
B=$1DBA42
T=$1

[82]
S=$AF82B
W=$7DA3191E176A4E6C7B01EDD4C9FDEB090601D990B40428D7D931AED760C95E594F8C3F1271F630848726DD547B
A=-$84B750
B=$24C7B73A2
T=0

[83]
S=$1A948100
W=-$421F2DE44E11C7FBF1178A26BA6C50A8DC5F009B2C1E095ED2D9929887FACC2610C29F374DFAF8023739DDAE
A=0
B=$8
T=$1

[84]
S=$52
Q=$1F

[85]
S=$12C41E6D
W=-$E5C36856FB2C34D18421D8AB831877BC5DB3017368C577A804D3C6855D4F02B4C79C856D2F026ADB18B
J=-$34B4C7340A1AD523AE35AF58D073DDD1E54349F08A72A9007041153D94E981B1031D9541167C231F5AAC1104C563D65E79037722824280348F1140C3387DDE897590E3BF431A011DAB010F2D62C4BDAE987453
T=0

[86]
S=$52F52F2DC66
W=$2DE4D62858DEC291FEBF1903D8E380671B62ECDF8D117D2B04B001AB9726B6D48F2EDBCF761E8B4C
J=-$7B8CF13FD2324571CD44E99B91750E2AFE499009A68DEE7A5B02AFB3368BC546DC8D83B24D27ACF34ACFEA5A81FAF58D5BA839EB9D8C0CE3CD6094D57C611CFAF62C28D6D3ED42495FC2360D9C5314
T=0

[87]
S=$1CF0F81
W=-$24B52C9B7FAFF562025559E7CC65BB55922D882A5B56EDBD4D51D0E1016F1C3944BDC7099BB
J=$4DF7FF471FE9AA037A6A2D94D198D09BFE942D109B0C19F3F97A49417ED112F56DC77F7660F6CEC1186B5075685D9ED6CF484606376BC18F2D6C2E5A6367A4154A6CE72E1DDD41EFD3F3
T=$8

[88]
S=$4967DD2
W=-$3A003C4FE9A31EFF5496852729A7B5B3C251FA6E772D0F0D2F8F2059ABF3DB7EBE4618E
A=-$1E
B=$38
T=$5

[89]
S=$AA360
W=$B966EEC233E538AF939241A9DC4F3FDE3C9B39317903F1103AD2A90C59DE601A83F2
J=$14A828DAAEC936AA5391D4F5AFBB43F574520C281BE88DC9ED44644EE5CAF6B9715D9D7AD8791A6DDA39EB78F7655811BBD55072D44FE44796C025D3F63C9F12B6F3C17A
T=0

[90]
S=$CD4A6
W=$E356A8AF71374543E0540ACE15AFF60ED78C66692FDA6E24A636AA2D82CDB244A
J=-$165E2C1BCDD7B735D3C2B6BFB82C2B6B323EB16FFA15B3E5C024F2BA97A541DE1A12BA1A1C081CDCA720C1FA072AB59AE79263E75E85BA99CC3BA903555C3A69015
T=$2

[91]
S=$3FD1B411A
W=-$123C692F412426597CF233BF849C020C0FEFD4486AEA408C2C9B1D0D10916B1C
A=$2
B=0
T=$6

[92]
S=$2
Q=$2

[93]
S=$BDFF3
W=-$206E7D916F7647D77BE082F042459AD87796AA35726AB8D28DD573DC449
J=-$18F338458AC156665543C8C20B5B7E7679A0A10D28EA5EC7A03FF133FDF5A0DA912FE28AEB051D1D6B00406067D6152963837DA595A6410C363E9
T=0

[94]
S=$1EB47B4A9
W=$3EC1C768C3160873766AB2C2B19377B70E8AFF4F6196B470CCBB9907
J=$DDFA9100BECD151D4C0A6C4404579BF9BD36F233E7B83B6BF6C80871D458970D1B4EFAE4A3F91C25D5D947A28CE84E7A708DF6D4BBE4DA
T=$2

[95]
S=$2E82B7AC
B=$2

[96]
S=$4BE25E4EA
B=$2

[97]
S=$1BF7C
W=-$3E7B18D3FCB9F0BED22790DED77B32C6B18EC2C4B760
A=0
B=$8
T=$1

[98]
S=$2B48B0
W=-$D898C5B8E8679274CE2C4CF47980EB2535CD798990
J=$A3C995EFAFF901C997429A431390E1053C7DB1CDE092D9AC83CF3FADF780BECAC13B377C40F217AD5CE
T=$1

[99]
S=$111CF08
W=-$2879291B906FDA2B6434647C5AB8A3AE0127962E
J=-$C25A15DE181C8842E0660E6447D197D4602B29D65C8D8358966AD3302B7FAAD191E5B01AE9C1D
T=$1

[100]
S=$13775D
W=$20C7AF6EFBC29B8F3E270020AEB471DFD4627
J=-$55D9D409C1B87BAE7DD10CFC9D835A3CFEA7DFF31A49A93656A4A916A41A0526F31E24C3
T=$1

[101]
S=$F3700C
W=-$4F31257C6548376A6743B3469752CA82A8
A=0
B=$7
T=$2

[102]
S=$CFFC
B=$2

[103]
S=$91DBCE
Q=$7

[104]
S=$19A3EF
W=-$232A4122073369301A4541241
A=0
B=$F
T=$1

[105]
S=$1361A
W=$1C5D7A66AC31A0C9370873CA
J=-$ED5E127650616BCA7715444E055B205155474A245FE1EA
T=$1

[106]
S=$13D10C
W=$132E8470C0FEBFEF3FE564
A=0
B=$10
T=$1

[107]
S=$52A76D
W=-$9102AD4B9A99F4D171F
A=0
B=$E
T=$1

[108]
S=$2C2D4A53
W=-$DC074D19113F3
A=-$84B750
B=$24C7B73A2
T=0

[109]
S=$7FE
Q=$A

[110]
S=$16C082
B=$2

[111]
S=$32CE
B=$2

[Signature]
1=$0D633F3F9FA9564F93F5AEE775743DB6836DFA725C150EB1
2=$8B57019321DC1E8BC80395890569A7136FACF79257969154

