[PRIMO - Primality Certificate]
Version=4.3.3 - LX64
WebSite=https://www.ellipsa.eu/
Format=4
ID=B49780390C646
Created=Mar-29-2026 04:44:52 PM
TestCount=116
Status=Candidate certified prime

[Comments]
Put here any comment...

[Running Times (Wall-Clock)]
1stPhase=38.00s
2ndPhase=6.25s
Total=44.25s

[Running Times (Processes)]
1stPhase=230s
2ndPhase=56.90s
Total=287s

[Candidate]
File=/home/lappie/Primo_New_Farm/New_Group3_Prime4.in
Expression=(4797791281552013327614)^47-(4797791281552013327614-1)^47
N=$616BE0CAECEFAD2E62D77A53E34CAF6FDEFB9C0B29DE369DCBBBB93B56B113FC902038680E2057EADE41239F50D871C1C8B34844D505AC8190BB2D5A5C80ACBCB277FFD8F9521C77DA4F8D95B7EA33AA0174DA2368DD04F25B8A7FBF27E7838C23E73C03D2B9C3E9D33103B837183C2E6880B9E5A84B935311A3F1BE77D3DE189690122CAD3817FA590B9274F8B424E1839A9915FADD19A7E058431756FEB85A9F1AC55040496B167666BB2813F16C8D6F5576BAF848B11A55BFF0397761EDCE84CB49DF981849050851EE27D79C7CFFA10860074528AD685EEB6CFFA3C37F64AE17A8CF35EE2A7290E1477654DF3EBA501C1764E575254F20DB392B0322F6DD64C6DCFE1D956C9569E17282128DB1DFAE04602463132B3D18DDE5D1A94A6123225A4C44E9A93482C9EA020ECADC81BC2D2A54BFA0372910F5E3E56AA502C2DD5B4C7486A4153EB34AC906189F369DC2EEE76AEBB19585C9504F69FB26F6856240CF3AFA8F234E9AEEEA0211BDA3D43D3330ACE1D9326843A862B15E390359B51041B3560F27C4FA1CEF3BBAB401852A98A889CB83DD565A70444D231036EB
HexadecimalSize=830
DecimalSize=1000
BinarySize=3319

[1]
S=$538
W=-$133C1FE79E839826B0B874115BFF476B3A546B4B394D7FA5B4CC926CE7A33BE53A0BC9C9691DD55BFF55C3DEC8AD487140E9061C69D0BD36BA87E93D2C2291238896B117B3289C83BE957E4151B31598F526164978BEC9944212364E7D6573B04849EF9E2BA7959F4799DC27008A615067F0260636DF28854D9646F8455731FE0BBB22F1C9677A8BC6E5A1F88E3A5D15653F12E2CB8C0BD67512F70E3BDAB3152E499925AE31574F6BFA8CCFA91D7B66975441F87B2A77C8CEDDAC1480D8204B10B7F5D6B019EA4349CAFA4BE6E418BC
J=$10DAFAB398E232B1D42E0984A2B1FA231ACD8864CD22171E7DE3AAE8E3ACE45FD1B59B5CFEFBB22C7D41ACD55013727512D86A29B26307230A8DB2D9A232D3663B037C13BB3B32E153AA1B4217A0DB08A71B6037074967417555E8E20B65EAC6934A5CE8CFD227943141E7BD8FBAF4374150EF5413A205FF65120BBEE5FE3B1FC4E8866ACB216621CA1B6EB28F0C0BE5A8B79D43555025295FB71B5EFFC2304E94F39044BE8FEAAC30A796FCF39AA882BE1CDF6B562504DC0C99606071A57D4300FAA28E4C815D2338640EE8169CD90856E5C2E111FB49547B197FF34E51FE3ABED6DDB4D8796208C1B43075F76765211ED20A131E495CA174067088F765657B948939C66FF53F24862ECCDF8FD5E3F5FB0B71432A365D397885F3B4D7A48D3CA9CF7C5D4F108EED33C16B23A77D1CEEF449E4E3BE004A13D3DED73ABAE02E1481253549A816BD57A544404F8EBE5FD28BF08F894212F4091258B8193FF86630E1CA0660E8AA071818413179CDB86E6E21C055C20C4E2523EF8BC6E00260F6817DCDE25F6B0D72C921548574AC72D9B06CDB6DDDE55D3CBE5F89ECEBE11DB5
T=0

[2]
S=$679417EE
W=-$342B32B132A3558B6B69226EA1F78ADC0324985763D9A3300C6F03B6CDAD9D02D711FB60EDEF6960E655FB82F3018D4F96EA707EA27964F48F4204C6DCBA7C03A7A42D8CE2EDE60C2ADE43557492BB527356D5646D0772AFA920EFD4FB5B9730849D85E58CEAE1AF64587005D82BA1B2439D601CFB009812AB71F520603A592B1AB11D9B2C926A6637DBD895B6BBE281A6CB264F8DD341764A7043F5413632DB3A29C9A6F2AD32561DD7EDE439B83861417240359F5A651D6BF668460E4413068E2E587A5CDCD1829A67BBD5566C6
J=-$53A9903155FCE4AE8FDC11357147BDED754E82D02B1711685378DF98467F1AB546733153677B35703384B0BA259990C0DE658B8F7461BD71E2F517EBF80C706DBAD18CB7D534833819F53F3B01C631E6521C9BFF3097AD2552E259394F1A1CFA911435E86F9547C946CA8581D9E78D57D092E8D2CEAE407D2AE63427F7A704D54581FDDF68A0F9D945E73F3A6AC087CBCB8FB9D6ED719D216911D1486D4E339709156B869F84F05FE79A03795D953FAE3E3A4F946C64DBD8DC52A5F4B8A7EF05B2B91C2CABB0236ACB5FBF2A0ABE90EBE4ABD1C5E72A34532B623D6487F820B3FDBC078307303CA990CF7C726EC7EA3CECECE10FEA7D03BBC594103339AE6EC815118BA02C57CAA5C76EA7E1E18E063D1A440073CAA0B182E653B3AC581547EAC0CDB2B5FC5B31D9640F0E41F56999470BC76B2FA19A930CCD1A4B7A57B265389880683D0F4DCACC965FBB9A5D6C998C330CE12B273657186878E7AAC2351962C3856AB1D57FFDA5A9DF7E7B154514E3DF6821E61E89E298C309C4AC06D65150B87774FE11CF921E24731EF58C529047B899C3467EE84DF1D435BD8541F
T=$2

[3]
S=$AA35D087EA
W=-$357667E855013CD41F473164394826660E1E3486C486B655BC1600F946F1653939BFAB3E9F9CDF2460069C68E785B6B6EAD56797CBA9E9A961DB0F3B962540B99C64B58B55A409357276B37A91EC90AD4ABDE008E3295661E2F9D27EAF15A6A081F6F45DECC2B6054D55FC4DD3C07A34D015B7772D66855D6326D305C030A79AE703ABE149CCDC229E5304C65B1411912E343D084387F81737DD502AD8A57BA2F3B9D1F4987A1C3A4B5A35EF8C773AAB646E01038692DB73C24A91E8A6D799CCF662EBDF34E60A561E6E3F23FA
J=-$E4F5B115C89943BA8C37C5453785F9C76A711E47BEDAEE9D2AA8717A5976B1A15AC83FB02CDCC4EABD1AF165850634479BEB2ABEBC28DF1C1927F7BF0AAB59EE78896FD6904D9A73A87D77204936312DA2AF8F67D5581F4EEBA7F7B4A70C75F2A15CC1C22445B2B89DF460DF372E779D1839D25C9D7109CB5DE7EB8D27DD9B871A4947BA82EE404848B51C6357B2EAE9C5740B55015C9EE0B09BDFC96F6538EA559C7C1568660327F81B3FDB5CBA6574D45D1C301ACEB5151DDA1FDE5B963D75F11FF08B527AE56AF3156806B3D0AF532288B44487363F5E350EFF09F2CA020423165FC350AAD7B477FC0531C8FA59B7DAED039A822F21B4F344B084F5FB20E9FD2A7AD623633B91FB84F459A1B9E793A4667EE521D45625F14459C52260D294536B4EC5AB37CC32A5014D83C160A2FE1B3163A3383B317E9E1356966E1313F29C0AC5669FA861E69EF08BF55145C70C3B6FEED024CC67296FAFBFC3A4C5B26A0C00485D8CBE09CE033FA60E13CE38DAF51F4D589BBFDDE34D02E8EC1E79F76D138CA26513DB0165B3BDF52EB3DAAB36D62037CA5A342C1B798
T=$1

[4]
S=$FF48
W=-$106C79841ECA3EED51E9A6FCA0806B71CB88DD2BC665B88DAB37EA3EA101773FFD05518DF73396AD6078E847C967E6406C6B920BECB17BC4577D36C203D6CC145ADFC456A2D0E3161E3902856202FE52F205777D9DBA8CDA5CE1D83DD4BD0E6C21CA94DBB858E17503FA7A741DCE9693EDE9BB28442ADBA4AE58776F9C38B9C5D83043B9E5832D18D2EA91A8EDE1E462AEA0D2EBD6CB3576A94175C300EC43D0D62DE7FEE6817F7ACFD6E0E04438DA3496FC56B4F1051B184E2E40006D899F1BC7AC02013CC2213B6EE674
J=-$7BA3707BF1EFB2D89DBB9125B6D4AD8B027DA63E4300D460D43B174B7D634D9A392D402B584F5AAC36AF5AE71A09BFDD227A1291CA2E78864AADA50AE0554EA39DEC149A79CA9AF4F365323EBD09824348D35B51BCF2E7AED08273744E03DFA80B88D2A591C059BD91F217A71374DF0103EB4A303F943B843271DBA065E4007E7E8E55D8C2CC030C03B23AC2741C7DE4DBCFEB9DD3B09B6EC1F1EC9AF16DD516F368D60FBDE526F7D8742EFC0427066F584B0749B50FEADC45A4F9B437FE1E1271561DF37AB35EC8B9FB2D12B6F85FD338831E1460C3704A0A46841F170ECF60CA1634D14C6DDFA80ED5C4F657C971828F18AA60EB7E84BBFF4FC5EA118E330F7E03EA18940A9DFCBBC8FA2E6553D377AB5DD40F6CCD980BFFE363CD6ED3193EC38EB2510F29CF7CE686B4AA5C7458B70B383007613ED360B10D233D888CD1FB86217132A2695352532177F770323000759EEBA058A5D817B1433626E7C75C7339541A380D59CC8F3D2118828A72EF23435320EF9698084AF6C9E5862E5763859ACFC06C21F83E292E89841460919062F3D21EDA4
T=$1

[5]
S=$1461AFC2
W=$35BC35EE9BB39F88C75CB59FA7BFF46D14CF5A6057CE7F9880B6B3CBAA4D07EDBB9BBE0AFC4342CC5FA6C5C1D35E2CE34FA8D33A77474A060C1DBE7438889BE82AA089A1AB7406E89D415B526E6A1DFD4CC65EF1D5B1A28E9AE5CE2E74147DE1CD8EA028E860A67F5C4913E671582332380DD97ABB813B6AF1CCF60F5B3BB058E5BF73CB27BC3FB60F1BB62BD239FF37AD7C4E00EB1E416795F6534F97FDD00E52477A1F9BD13012D8EB5A435F393574E934D9FE2220DD68A5D2B1B9F6B80210EFF3ADA91DA5C9161B6
J=-$15C95F9C456FF45C47EB07D8EC6D552D62AB05085EDFE101E1D9DC705C05CC5B016C651AF27195DC1385172B2D214E1BFF7A2562C41CC8136B7A7E1F285F66346222B33902DFD3AF56397C5F725AF1B54E0D14B930862D61A3B50D5D7B40319CE636D70C0A6906A270F20B01D7B94D9ED940D1ECFC8E585E50FDE14E6633BFE55A5D10EBAB7B623C180B46A780BEFD31F684C1E2C05B8E719A7ED2CEC930EA6B22D9A9417CDB72BC1EB2DEE757792A15A86D7711487E0248163705C19E489937FF415DB5F43B7301764AE38CEEBB9D00864ACECA31352F6345B085B599776E8397456353F6575220BE36B7C56F20407C31C7043AE3DF6EC920FF6FCA6B5D2E5F73F7A77FF66B1BADABB6D2F8FCE5857EA17FAB04832F38F4CAA7D1236AC026088BC3067F39FC6D8B238EB2C6309B09F1931AB296AB9559B8672B5F850937614BDBC2FE6772A153CCDD03B0962A39E1AE44F0B17FFD49871DA3973ACCB3A076C5E4166F6E737F3E76B30294064C8817914029F7D29811CA16EF73CFF1515050917CEF33C3CEA6191C99B082E2EAAACD31568CFE
T=$1

[6]
S=$F5AF7AC
W=$46D070A6AD1A59A7229369CA5B1C95F44FACF978DFE4F070CFFFA230D4729DE6E9AF98F9DBB9153270DBA661E07C5BDA7409D4895D43525F5443B3986B2833C5EDFB5C3728CB08423A929DD160D0372A0E720314F7BE6FA205ECA27F23F159FA5CBD37E8DE568A064685980940501EC44B17FBF1066FA013C3C14BCD361EE0B10C3CE76C6ECFA35126E894E1AD12C8C5E047E39DC702BBDA291AB36F64111F353B6959C1EAC38F812B0DFC8050D272E069FAE52A4F3CA7BAB425F3AF01332BCA856A2A3287D2FFC
J=$12ACE774AE8FB91E25B1992AC0BC71D2C3AAF95292295B671F4AB7A127E5D45A533D2F23405D3ABFB8EAAAA32A9E64F98EB18D6B05A5DAD40967ED603FCF80D5F877059AB6C7C8D705DFAE537D3E7E045E36FAC9A6C0393789F9C6D00C9CCEB8D18CD290EA1455095477AE835585743D131A76D66014913D0FA5D9378A082141F9074D17A9010E608D73FECA8E638D06C78561F2C07E77647C572FBE98662AA5775CB5568624A94134915BD162F71A5C3624C323E6361BDF75FF16707429BE7AFD3E673B2F7163C076E45AA8FE346BBD498DD9A2939B6C02DC37806D4A32BD8150457FEC461BD0485829DCC3DFBCD503C699541AABDB8A96BA6DB2E34C83B7A107473C8E769FF93313B1B38E8252C622BD46EC693035B501872A457A7F71DCE40CB0C527E08A9FEC0E75109A0C52C6AF2A9499A5444E20B62BF868B95C6CEADB907C865345D576DDF2D208F6483A8E3C8705608FF5087560FBA29CF80A4396AA13CC6AA700342DD27BF67A8560AB24421689A3B4D39004561D4187AB647299B02723F182760372E756FC6704019F4F1
T=0

[7]
S=$16896A4
W=-$C6CE5B3220354270B97381ED76704C76251B17C732A55E9AF748C54F4494E4C2CA4250BD3115A5EAD197DF75CC13899BC826EBFAF7FFBFAE41ED1455293C407D2DE42CF2151C94ED76A377177F5685834102F370636C1A012BAAB437FD94076C62539159255AED9C88C640CF66763CDEDD847A6D0634DDF6AC5492AF36EE395A02956BBE0C0C7B9148F0936F905E9C63235E2ACE2661B4F75550C8E1C66BE25245463B8F1D55EEA1AA5249DF15BC3D7D187D0A07C1A842D53B885177FBA1395756EA4B8C53E0
J=-$B8950DE6734087846A015900030BFE26D73CF0AF6F15B5A712AA726CC81D2E24B5AC6A1D0DCA5CE2C84789F354CA17F17F859CFE5C9FA4F6429477F0CB27ED98C586DA2FB7F8C67B354B8218F690A347AAC4A5F93F4D4878602D2569AAA0760FE7F6FF0B58F23FDABD2FFF8FDC0873082A6031097C4351240DDC31B7E0B046BFFA40731EE1A883201A505151417F38868611FF0CDAEFC75E70161945BA2536CD3C19EFA5513282E5DE9CDD5D010EA2D3D15474F3CB7EE8BB16EFF1296926CCD504020C6A7E0C03D4051897E5B5124A80650C2BD94CDD1D733E2EEA1D4308962902B443F00C37142A63276AD170C14C500E4845E450D0631353E43852C62E6DD06F1FE17095890D43E90CB3CE219B7C3A70704F391885E0C4D8AD15A653EC969322BA0CBDCBE9D149E0C5D1B20363AE40EA41CACE260388B3EE561017340AE8E16E552C6C07C9ADBA43A87183C4840D4250D34FD02A711B4A199B53DED2E0A3F839FBE3C60F190321200AAAFC12221B9F88DEE5BADF893AE83D1C9A223F77EFDEBDBA0C125E3AAEA511BFF48
T=0

[8]
S=$D04690DDF77DD64AB1D1948E
W=$3C76CF4153DAA180DF02C83FFBA3D5141631D6449C040FAADC0C42A8462C775B1A2EB67C5A45520A35F39900BF536A28176D666715D57202A7F7264351E90493C86FEE0B6CF39974717A7601187CCDF8293191BAB97D64057A8E9D16A43F45A0713DE6F7D68BB9A3EC83E0798D3701E6428704BD0533D00107B2ECDC3AE68315A9BFDE423CEADEFB433BFDDD04E2C80E8BD8A99B9401561CD3DC5BE40EFE534438B1FECFB592854F85239DB9B7157F95191EC77BB5A1841BAB031D967ED0B1518BDE7D086
J=-$11482A647625D8C5D737738FF1CD4E62A4685A9E136E136E68AE3C99256B3AA3C100EF5F533E370D075DF684F3181B1DCC4C8C257C62F898CC29E1D145D9A996AD010B23DC7B7C0B2207FF60BB32E636BA2A6E99F8283D7AA891EF12CE0E56FE82014AE04B7F8EA386D70090D35DDDDBB079037276AD53442900A4E44F78331659D13AA6C9C5B0A0DBE441D877676FACA96723A619A8E049B6D5F0841AD715C3E19974C7D768E544B39A87EF688E311C6CFEF53FB9000BB4474DFA1E8027C2C172A9AE8C3BBBFDCE12C6B40D703B008C798E4154A29D913C5573CF6211286CC008B79EFBEC40535ABF7EF4115891B04E2DEDCD308178A1EC733A5F3F1688E7B461A2DCF42821AE5C5C23417B97AD10F0E5193F55176ADB3D1AA0DFD87C2B4A5C9765CA43289F406DA0EDADA552D2634C77E8BE5E85ADF531651E6FC4CACFC3CCEC45F79EBA37BBA39159385AC934DE305E31C79944996789CA9A36B13A251D834974C1000E642E7141EAEA821C50E1AD079016F3B353B8B319BB68A9A9340B73E4E3FB52C47409F627
T=0

[9]
S=$36013B738
W=-$72CAF56CBD2C9DE74E2D47582A958B811EC5B39B79F0BF0FE6EAC953BFF3BADBC8081F928749C0BF7A0435A021AA7A6472C7CE6522240A3CDDBB8B2C92CBF51C0D348A4E555DB7541C048416EA4B7A74D0FF90497D507B0BB9E6341E73B8DE1D8238C681630D5948D582F63F1B18DF0F90073BE3AB03ECDC8CE0B7A6DB78A96649E0E19072241D98DE303166CC4BBFE9935107A8057738F40469264B7DDC383823BCD2F576336346E9D51639F1CE5D855D92743492152DEE58E801FA1B586
J=$7A569AFA871AA03B3D3E597BCCF54A05FC359E5E6CAC25882D40888F045CD601BCA5C602FA311E476F090F820393979F95AE3E6B06E4FE8089C16ABA1E2380AD8C745829525D1C37B34E06F652BE3A333FE09997B616B4DA6CB74C8C704F2CF2FA5A844ED3774D579944D3760B2EB3CAF55B0668A8BB179D869F10413AC2973046BA0F1116B2DED67A5CB747E68357601F56B03FB0D03265AA256C86738AD75D0926F8809A4B696DBB7D770330150DF92BD1898CC28942040C54EC522A303E2F2B764D868D2FA553223C1FC0A95E972BECB684523520CAF2070653C92D219F1218B71590AE970D816438CEA172717C206E0E661FB8FBDC8FBF71B621213D8001BBAF61F7A0D6DBC3F21F6C7858DB4A4E3E930B4834725F07D1679C86A7368AB3A337F6CD9D159E29DD7C46ADEF3D3CBAF32BD94FD43C05E142EF41D0C3E96AEE35CAFE9F9E3F97B22ACC5E59D8043C7D206A6A1E3E3F42CF30A6913A0FAE1D92F3322D8998EC765196F60267641DB6BE62D4A34FAA1B85B9F58ACD8A6
T=0

[10]
S=$654A4B
W=-$34C1F3147F5E11C7B4E4B7FEC89ED16C3AA637E1303E11BB875F18ADE307FD93EB90EBA6FD3811ED3EA4D85DBE7A6270D8ACDBB613423DA243C0EB132B704A1F4CBC18D1F697827009F5FD6F7416EC3C83C307549F05D5956060D7964A5850306C014C4D86BCBBBBA52DCD6EACC6DFC56B421CCB271B5AB7AAD5442D86830F932966725E92F2A5D6CA522668DC61D4972D4BF5D4926D71954403A5729604FDF45E85D4B14E76BED2624B5FAB4F17EF8AE43957734A9AE255554B8B255
J=-$6DE67BB96AF9489AED60BADD65B01DA76E8D6B5F275F0D5B1384B598A1074903E6A595980CBE3C546CD02867592ABCEE1189283D171C323240218B42EE6FA66748E3A5F8C4E487F576D9B5EAE14D097D4E8439D2859A688349E2A17E118029C442A06C9ADE955D57AAF2A7C3121BD7EEFB136BBC6A790C02FE93FBE9AD57DAC49008E9B61A14F7A78B0732064CFC664F5594B8B5C454B5F23BBB802193971808CD177021A8C3DC915C88B1ADC1956A7601C483940ACB43226778724807782EAAB1AC111B80E1C5BEF77D5528525A4D79064FB8541C9B25E666FB4191F4C983B9AD9D1ADF5237F0968784D75ABB851AAC41994224DD45FDDA231AFEB9CE3896540C4B3439193AF99F1A7264FF9EA1623FEC3F6D8664DA50C0382BFC2878F0255EDF0B869444E6733E0582DCDCBAD44F850E2129CE5B846B23ADC3535AF6B0E0C2B50E4A2B77A2B19294DF412442EB1DE89F042C42D0FECC41052E2A38BB90939E861A55ECF6CA1C902E87452B853A61ED9186F4A03EDA7532E
T=0

[11]
S=$96BAB9D21C
W=-$7BF066E42F23226866A5C3A9A881445C8D20FF49CE5F228E1736DB93764B32E74E68295FD5DC553DC83288D052BF07779C5975F1DC4EDE01BF77C45263E493C306133167A6619C2A8A6A697A61F5F934E1FB64722D7F889F63B1095A5A1FE78CC18A61C98074266A6B1F8F91EFFF5D4BF5BCDF4C2CB85C7CF2C99DA681624595FFDA604E370C70383EE660A629467DBEBC3D068C1F12FCA8EEE8F0647E9C9C4A237720EEA33096BFBB7BC0E135CB2FD23FE20DED65E225FFCBB574
J=-$965F7BE95A5CC9B3D13EDEEB26F3B7213E03F029D53A25D5F4377160AECBCA6B211410519C686E63A400BA313CB12B43089038048014CB5D5835BCA19A28C81D5718824B445C5C78F32229ADA59CF033934A8FF9CA6EE3475D66544C6D02E85CB4B93F18CAECA35545D645EAF5DF96E75294D4DB253FE556603C0CF46C10787E9BAE0441AC998556613512AC92DECE84379AED5B1F83A118F4BB8D8319D1C6F5244E2E4D4459C6572108F750EFD34E066E5D924EDD5E306C28DE6670302B75E07FD4290BCFDA1C15E48EECD5A946987DCE6830504649111A5096F81869C591DADD4C3E37B6A60A00B3B549E9EDF0D50E69F6A48DB4B3E470C25520C0ADFFB16854B2BDF249C49485247AD214085DD309A788D5CE09DFA836BECC0D72C64D395EF80BB59B59032A5D401EA59DF6F6A49ADB525EAD6098482D7710199664CB384798BC851ACBA97A6A1A6402B36DFBCBC96D5A372489272CB9A16D0803EBA20BC1B28A4B03FD9C9B749E39F536C9995E6A059E7543778
T=$3

[12]
S=$3EF2
W=$5DDA913CCED1F7CB077FF90C8BEC1562D60436328179D7208B444337C5C35A6378A7F809B7A66C37373BDAE64F17B4C7F2D060E102992C0A7230C65A0E190C1E9AB3BF3726DE3A880E2D6586651B59A0589DF762ACF05FB0F82945BB2A4898A193936A6A2F8AFC21C59ABBB133AB317191CD61538C574F47C2136CD4BBCA274F38D23860992414AEB14CD3CC675AB90DB50D4557E999218B98A9179C86AA21CB1CE4EBA58A6FB8DBDDAA243B490184A591EEF83179AF8BDEA
J=$66108B3AD8EBD987134E61C377CB7AC48692D59C587F972DED04B73AD836B1885885941BA97123ABFD36305ACAA87579A539475BF06510A593FC7C7DD244B72EE0A742CCEFFCB4F25D52D4D37C49713BE235A7BFAA0A3773999C63BC1028901B2692C9AB5593B0370D4407BFD4E29F982FB1B8FBE0271C230B8CA2F3A6ABF444166AEE886B6A5852327BBBC4388CC17E3FF2A87D347A61D874EFB7A2E5219D93AA7962C0C01527D4394871CFA76C73C3D60801C2A1111C7A3767A158DE176BE5D061DA0BC1E4B0A9D72F08356B59AEDDA7EA002E6CCCF46086EE2BA57E3192B20AA4EB9CBEED1391C644CEE610C5FD62E1288EDE322FC56117CCF051117411CBFA2896F5985D769D2D64E3BBED121C974A21CE626E3ABB2BBD6631B5695C84687FE2855073FF255E8230D2000B695A28FEEE33230B58231C2D7E43740091A19AC8AE2EB7E298412E01860DDD6C5931B5457A321678FC43F7B706141F7158D234AFB14B17EBB7FE9BA93A0B5309410097A
T=0

[13]
S=$29CE10D
W=$FC344EEE8514838D0B243D4F3B6CFA6F86215299D399941CBA1D4D12CA4F26578BE6FFC1DA77C6E650BEB46945913EECB64E930FBAC425A8EC67AC46968F68D9B88695BC7B98CA505A837F42DAF25E90387FFEB701E6335AC155CB14365F91AB36F7951388DD31A801424AC5EDAC1AA3B44C71E0A90781813D24F98B0BD6D09EEE092FEB42ADFD41620EAF719B8EB2F4BF1A73214FD681F9096F6AA90CCF04ED21AA77B1C03DF30ED654EF47719053801CE5FB32D3F0DB1
J=-$2079B84F7B70957327E0FB3B428F30B262E0A5537B9478FAF876CCD8E849E438149F4193D34A161E05F78E31E6EB995E617C3F6FF8EF547887563BD8D5EDA7047238CB65F71A49D25CAFF8DD39A8C339BF11F32D0528ABABBF42A63B80C984906414D1C3185F8D0A391F78795FE7287FD6972F55CEAC1D6ACEB6723A5AC3531585042A08F0C5923F837FFE953D3633E623E92D5CC0ABD3EA02710D7EC16707E0677FFACAAEF393926003CD0174E85C3E0CE96D4261454C88F2549C43A19D5CF2023A3D71769C7C870529618A52F25311731446C06DA3F150DEB365BEB968CA482C3EF509E81B6C6DB65AE157F23CC0A3B9B2D463C1B87ECE23CEFB83ADCF3CCDFC20AB52C8BED12CB3CFA6653121A6174C933E6BB75B8291E6BA6A7BEFE45A72BF2F5CD410610F47115D8AB1E0980D6F3F90FE2887D2EE8CD1FC8318687006B1CB8DF3943237A38F07B4C42A7C86D72D9760B7D84AC2D92FF666FEF2C3B990BAC04B21073949AF3BBA5EEC337A03C8
T=$2

[14]
S=$52E2925913AB6C26F4
W=-$12BED4F459EC6F0F0511A6B90DAB48EB85C242B5DA1F847C360425D4D9120BDD036DC7AAEBF0C229EA53B4EAC0BB823C709CEC02A629FB42EB5CC3D94B2537B6C572E02501C052FECF9EB88889A99C474C56CEA85E1D73863B834BD852F4B6FEB989304FBCB1000F7047D4CA82238FF4F448E1D8FA3AAFB003BC9DA7A6B0CBDA69943570EE625770E0CE2B14F73223E3EF45A0846CE295315260CC3FCF50A8DC942648919F6DBC648DBD69AE9240B34F82B16CC9A739A
J=$D06CC5FE9084DB60B30311202592BE5891D252A94C4B9F065FDDE3FDA3B1E3E265C5F97F1DFE36E12430D806A30B8E3ADE31ADF4506B44C5C35BE29E9F4166797FD69258CDCC0E32E2AA8227BACDD2E7D6B6F27CAFA042ACFED0CF948239BFAD4BF34C76839FA2D5940CA03D9A235B98B607F289CE2EE0A336DF26F4CD82DEDC13C692DD3722716E7E948A4C5801E28AD6DBB579461C388D02A0BC79B6A496A216CBA2B27ACD236A0F4150282ED90F2B4EB2BA635714C48FE5FC9776166904AA85CE646177AE68AE232482BA7DFD38E09F9584F46AE55FAFCBDAD2F67BDF8402EE3D283C564138D4E55089D1564F97A51F0B92C0FC4813637880B7FDD5E7FA0CE2FE8F8AA4B3EED5FF7C1E329F6509A48B59834460354A7950CF16ADB9B10C9F0DEB27082AAF70E2E892F5CDFEBD4E17918061D52ACA73F83E697FEEECA7A0039C5C88FA43C12C63A303AD29942150B9ACDF1CAFAFA93E06AF1C2A1AEE248332F422DB215A6DFFDCD68278
T=$2

[15]
S=$3F9D8E
W=$1D7F0E93B49270816FEF7FB7C58F75D8AA60F15366DC7A8592553C32A79B21DCF0059E53341EE9E020BEB6AC5180A5118222E4125ED3CF342E2DC8FCCBCFA346B0ED069F9116D34D2AFD875C6C3FAE1BDE842837A47B613130A6208B0A37E53A59A01F18C9FEE71A60FB11F87CFEAED606E8819BF55E75512F2897FD463331E93FC78001E193F2113278BBAFAC5EABE791DF414D4B309A0300F8D9A41FD66F1BED76D220EA1AE9E5D32836EB55CEF6699420
J=$29B30D4F9C0B0B269AF74F244E65E6BA165ACB7E2FF1BAFAEA6035AE596645A90D68BCEB283C12A0F8F3A05B71814F233B789C3A66D28077F677F0D5F22B0A506D7A95BE202E66916C9E805382C9FE88A7F04BB22E6C7BF6DA7416AB0F73A8F03BC9F05F669699959F139DCD293CBE5B717A184BBC3C11184521919FA54244F1BA9B5246A828C42D076AE33E184DCD76989FA324B2933CA3EAB4A0A419FF0A81861CBAEC87C95314F7F9687427E11914095825D496657FDC143AEF45CBD68D12EAB3A34C207D0B3C8DDEF04FA9B83D35E14FA04FE1BE4AA95FAA13D5CED9FB33FBEA18FEEAF2B8F28484D1A3BAC10420C9F2A772B8C3070551653EDFDB032294C3906E6939CF9A6C1BA8AFEA0CF121FF8886DBE7961237012A34203361EC4FB92DF290F5D0D6AF160A67579555067FDCA71638DA26A921CA60966368D59E2196778C0FD7261662151FD73ED3DC98D42CEC3114EE77609D041E49D49331C9240075AC83
T=0

[16]
S=$A4D861193E751
W=$1F7FCCDCFD8AA5D44F734FEAB3258F006F3B5D30336C1DA0C25B6C2165F69EA8DE02138B78D940029B625FB48802AA1CEFE02151AAB98144C244FF5E8594097AECA8A96E4E744D0F312B10CDB6C878C3F78FC9C049389E19FBD55E2EC5AD0170532925E8DE835DD040F3A9190321A581AD80359A71F977DB58C936A625D4AA2F68E58791ACEADA5B8B8BBF31F453704BF82B28CEF67AB3EF34AFBB14AEA6AD3911CC4E24991C4AC6FCBDD7E098E98C44F
J=-$178C0564D34EB49611049AE2DE6D6F2876F8489830904E8FCA21B0BC86E2C594EE78161E800D940F964B019763683FB190F57D1B3FCC5A5D5067BB292752248AE603899363B447804DCE8EE92F939AE9E31332E7919E7B58BB346CBCD33447542C944AFC18A825A0F9EFE42E858510E9F43C97987E774752D085CC2BBC2635B427845038AD769C57B537E1BA1C236045D83C32D744AB918C3B18B729AF95BBC4B0A99FAF08138B3D826B564C1E910A9F8479FDB8ABB80E6FEB40EEE0514F83B35A5FF97117FE748F880EF850FA20468540E0FDD5FB2E1667CFED6C2A772AF209A766A3A2137FF1A5C2B7BFCF5F6D100C3BE123AAB26FF8E9716FD5A5299B0DADB7F8ED05B7614DDAD4D73C069792EF039B467DE9DAEEE096F748DB1E88C5D287CBE146DE90F75833782D9099E114CF00140D1A6EEB72D02D9E990673C9E6388C381DEF4130F1EC89B016A48FD4E4DDDBDC91602ED96577E17A5D04B2B7F6ADC87
T=$3

[17]
S=$271AD8
W=-$94CA9FB653616C7CC157CF78B0F5EDCA04583B75E19757C4A4FF7F19267027FD3703A180EFA7A495C13764B41F665B04F027D1B2C9392F2FB5B87E9A7A69200F3CE48B18DF4668F46D4FB143CF5AF136263578AE2C03F9B4C30D5DB4B6B11C5F13371BB6C43BC8F2F236B2E3AD79FD44B3219741385D7636FB0237022E064E17367D8E54853BDF9DBE46A7011EEE64A5AA122EBDA9D9444CE7ADD5AAEDFDD62B587030880FDF5605D11B8C1EB0
J=-$261EE9EE9FC19F85019AC5274DEDD14A6E1AA0DA8EDC17E2B8A182A0356D88E3D9813B10E915EA91C76D2326C85348578102569904F008E133E65626423446CA6E7CE80716AE67DDE1F1B36042D9E5E55991CE87FFEB4F934CE77B6183E380E01D0DFA420EC187CA2ABCAF3ABAF8920AB9D51C1819F07A4A4ACB1EB7F84B429261C1B1EC3DF6084E7DF968BF43A59036E6EBA6309270A1456D4BBAEBDA0122AE1016AA24C92D02334D8F0D07459E5927B6C466E313719C6D562E4B4B54D0E8BA430AC2E9A1DF2452151F44E01131FE917F032885107B8EB9511189EE4F2510043CCF6BF173DDBCBC46F43E39CB351FF734A86F1B9C6A81CB67FF60867F9060434A00488306665311842C647601BFD0345B5CFA78DC0EF561D0C0C601ECEA17C4AF06FBE10565F5CF613C3231E2E9FE7019DFECFF9BEE1D585F3AB27B0BE7D910E5CD4CC66928CFF691696CBEF09566803E063A8EED68D38184B2
T=$3

[18]
S=$880F76
W=-$4670735166E9E037333309C3C33F28A6148D79BC7737696D04518855D2677B4044C719D3E28DE2E20CF489B69E4A646C719509C2823290FBCE9A659E8F2A1959FCD9FA68305B9B7FF81AB1E0336D0FF59E747F4A80C988E00AD5207EDA28ED1BAD85A0075C80EE3658BB15DF1C76488D62B4C784650AF5F2CAEBB25C658A6EDBEDFB1772C30726789B6230EF282B66D06F6A47EEFB3985B812FA9650BE8894AE34CB227E8782315AA427C5A
J=-$5738739C233B7D72B24F51EEA0837D0F91C1AEE9B9D657E11D25CB336487246FD1C4DA19CBC2AFAF80089ABEF40A1F5A5CB50F5CF2BF82AA602EB69C762044ECF65DB779B44D0707E82A7019BA8401FED72DBBDDEAC7D89018EEE66751F78BADE5FC6C23D2F40EC546F7847011F2BAD3476EDBBAD5978EA5D63B6BFAD0DC88F33FE8A2A7C621ACA20C29951AC4A99259E7AE1281E0172CF99F91FD90E2EE55A395B1DDFAE41CE646C31145D0D4EDFD05B662A42003146B11A25559B7B0021AFE48A1C050036530C3F509F475D8902443347B4DECBAAE2F74187F8FBC7A169DE85AE6557F5AC64468B1E447504A6DDEBBB271715E01DE047725EECDA0B963B02C2323455C8605C4AAD8217372DEB4A21002DC5BA55034B7325116531DE05DDB762BB2392A28CDF1C9A02D8776CE23AC584611344C6DA5F4B7B8788A6DC1DAD9740C1BC2230A41EFBDFFA37890B207FC44A6DEEB45E492E
T=$2

[19]
S=$8FD217A40
W=-$146F4CD58E46986AECE824491FE36EA40CF3ED70A3CFE12CC8633B9FE46C6368EB5EA7AF303B92C8F2E7F96814D8DBB82450494E1EC634CAA4C26953F2DBCAC23E01043231132DAD09CA26E41AFEFA4266925B5D8CC652DB2F23201D402BE5DE81643469BE89843CC798E613FE0FFEA3C3CA5063EEE00213FC04C99B86A938093EC7164B125A621CFE6103C3F7AAB994D001F8F4B186C8CAE45E6ECB712EE000004948AD2C6970E5D3D2E
J=-$15A462962DCB9E16DD32DE70369E81FDCBE1F2D752C602F1CE1D44D77F74C528E1C22B35E1ADE10F71856254F9C5352DD73EC67D4107D68E9A7BA9A431E7A7088DE8DEA023D7FE70ADAF6A9232878881A806132B48F3CC48F64B9B0CB5C0205E6E30EB1853C97CF3F7FB1C83210880BCF83BB407D849F36E5B98C85EDC97560660201805D50B00039F4FE204BCCDA5710CC48E96D720278CD888D88E0D63AD7BB55ECEBF8A529ACC45744705172A1A79FF7E95A6613CA01BD1BC14893B016D1D661AEA0C151728D60E65DC30223BAF53E91E3F5073F8B682DC9F6D77AEA8DD7A9EEFBC3A8BBC81141674BB615A9E51D6ED75C52028EDBBD5E02B4A179C09FE17AEF5EE5FB9A8BF94E769FD53AC0E716B3D4C8B84442B4A6785BBD02A509702C9DCE68DD8CD869540FAB0665D8CA8583ADFEAA5BDC770DA2C7772CBDAB8AD80D50B1CCE97E0FD53EDB3E73742759CA0705E6CDCBCF
T=$1

[20]
S=$6E77936B
W=-$17510EAABBBBE3F97E3367F21D92F47AEEEA85978E74528536F7EB2C4ECB1505E72FC9693F5C02E4E85E6C205F1E607404CC81848C4F016D5F6F24A3D671B0C8970E74C9E17A770016DEEE2D5D6299618052DE74FB893867CB64D936FF27FD78F58299ADD1F9181F9C989756E8E01C9AA3DB4AC71061CF12576A117A62A782969B4D2570DB2D140C0AF1A929F9CD95CEFFCFF0B2B12BBC3BD1D71BD8E7A6DE5D63B70AD1C12FB453D
A=0
B=$10
T=$1

[21]
S=$4F723194C
W=-$246D78E82A6344D1C40B953E741FD96380278CDDF0D743B1F665AD10614F85E0F691D4888467A5423CA4679907DCB8A7A6610846F74F09B3F33E367D05F2D35A425EBC46D8FC755E9E1600FAD2180498845D5371F632E561EA9EF47EDFDB8C5DC15840B1D02EE66E51C375959C3715DCB28C7FF0CC89B9CBCA1EBDBAEE03BA8F479631C0FECA3EFF370741DF601C62EDF9F93713558EFE9895D2FC9F6AA3A4E58A794758CADFC
J=-$92C2FAB799B302908198B9A2CC134B6023578E5285BD0E4B760666DF6908B56881AF6582E0C6843A7F8E5A482130D7B957C346BF9EBC5D53A8534E7B7B59C0C624B44074620717B74CEB1BCC6784E0E069D3F355485E146B0151B26D87FA89B76D55445F18F9634F5FBC7E3E8DDDB0AC2E859B562DD72E2B299A86951848122F539301A6BE729578C33F43A731DE6D2783EA8078D5DF20339D355C14F562AAE494A4D50073691A24EAD8BE975897C357FEF6A4E753801CF200429F11BE3D4BFDB974A07C8F2F83D0FF16153FB659FA787A4F9416C3F23CE52E37BB4124E20089224E48A7A541830F3A6D8AD551C27AFA0FAA5A623544EB2FADEE98EF1CA0F3ED3C5A6CB71A8E71FF24D9B13E0137F837449156DFF85AE77CFD2EEA4B488939C2D5284F97570AACFEA4632E6A8CECFEA3ED9743964871C69A36FA321EAB87F8251E1EAF718B0605B34740B619
T=0

[22]
S=$A4FE8D1
W=$E91965F85567F9011B0C1D820787231C8F249FDD0878A3806154E6B116EB6B0EC511BEB6A2DDF34818F82DF0E076EDD9A5D4BB7F63BF5D47AFD4F7FC83EB24E4698E83967EE0C33BDAFC28B33BF2A5534BA14AF1211456C211BD533632525FF97F61EF1B1D06B4638C9C939B4A28863D1DD125EE3D78BE973F112F37A36B9D0A160162B51664C1BBA0E5F7B957C3E27A7ACBF8B9B5694E8B441A260D9D51112484D92C6F
J=-$196A9BF92AA9A741E810450D6762CFB59267D058B4E9CC8C72FA79D525E2ADEF4F878ED3F1B63716151B2DF3CC5CAA4B820C8F363C9B043413FD4B508BB57F2CA513A4BDC2E552CD4BF9896C5006C0321BA1AF8EE3F046106FEDC19F89C15558BE668B3A0A43D871F0AC3A96A38EB2C2D3E560361F2AE8A5F49B4AA259AD90FD18B402426166DC97D35331F3AE66B0A4F6BBE7E24DC1533B45AEBBB7DDD6E27E0607E1B961C57B586DAF5D69F92D41D081762617ADBEF1672C72460DE729CA2E1D8B290305D9E193C91AC94C0F46AF33A65460ED2F963082814FDD42B6FF1755094296B9C584D03C2E82A1EE99AD45B82083E4BE7BACEE3A68BE38DA24BDD07D1BE882679F0846CFB4BBB40D9E6B95A2EB9BA7FB4448655C6DD28AE3888F387C44375184A999DC857CE7FEF43DDB593112586C206AAAAF6E6B1E2834EF6BF2FE9BE8E46CC5D142B7
T=0

[23]
S=$A6D2A3AD
W=$FF5A300A5E0593EAE717AB6D90D248BE1A077CAA5787AED38684FC5677E85F8BF11F3437704AA75E3A27E8F9C1D178EDF3DDAF5D569C85D4EE506DEEA6E1232AA9A14758D71182E0B0559B1C8FE23A3F91090769EC44A183F020B8EA24C8C33AB801C2571334D1B643E7AF94F023153BF37B2E21D0E4731B77ADFC37CE0000CA8919A267A6B8D93A1B5F233E6F360D356BE63692888D695240AA9CD352F142E87F37
J=$13CB9D7A1118FAC609AB6629966E25E6D87E60D05851940415667EE7C2A2D25B1117ECF8A71A71210F82B00193457F7BA6566A8E3D70BB625234AAD631733231A3D90310C885FB335F7C65EEF0EC7EB8873A41DA9D5EE46B70E456BAD496CD35991E242D4DE32015A6C89B82219A57B163BE22464C8A8D7926E422692595B99F6FC35C2854CABD94A4340D9A152999D3E77ADD2D296FA8971AFDEBBB170D897F91A35BA22A372111ADAF89E14449821B91F0C430AB7D0AD74493DBF10410CC040CAC5006B9F160669280E4DF4B28850E20B7DFBA43AD793C015749BB66C99E121B0A8C9DA4195356804C6486C59EA65F8A919AD6D5752B8FCB023C700DA683C50D2033B38D8567170B7D1EF66BE37CAEA2B3422EB5BD2A623ACA6A52CB4DA37871B82BC9A320B1B20C1BB8D0F2A58F2AC5B99DFB71C2BD098A5970BC05CF8F2BBF3AD6A6
T=0

[24]
S=$162F42CB681E70
W=$4D5B65A5BC83BD9ED3EA38806FEBB9E47B26FE1975DE6DD393AE1BB65499660FE33BF802FC4AE628113743D9A62E66A3E44D97B983568B566A26C5B96A2C43EB8F05C74F3CCA16FF441EB0455312ECAAB162A5CD06288F4E9B813A98E8B83E8F129761E8E8E1CF78EC4BBBF60FFDFB8B5C7FCA2995FEE7A89D175667769BB9421F4CA8F0FA3797926BF5AEC2084A2EC6300009CD59C7FAD94FB4E450E7B0436F6
J=-$1562DB9EF58EE86B495C2ACBC534DBBB54500E8A3A9C18FC5199E550C7B2826C9B4FE53F12DB7062025CA3E7BBF8E2EA106D79BF7BAAD24A540DD13DE1D9F6FD11F9379B14E75E66C15D1D7BECB65D01B286BAD6F1CD367172F4D21D00569340726EFB4A59DEAB1404824AF0D0951901BAEC7B5471E95C6B30CBA01945E009EF57ABC02BFA53002EF7EB122AEA17F501EF99172DD99FD304E6A8CB6D0A620CC86C7E77DC0FE0FA286BBA222FBD0D2CC0F46665AB07AB989FA598925D14FD6E2F5CE55EE6A21F075761F46C55A5E40729A4646C8CD936592E4CEBC68416083ABF6C97EE4FFE7F4FF3D8844C95A97F687A31B72816E1A3F8848EDC0E1C822390B92D111263509A5D5447CAB43A79CA35F4682697C6657505ECB0C3853400DD3C2F063152ADB667ACE2B094635D229FE2D554DB5C4E30DBEAC260CB858D7DCC864ED
T=0

[25]
S=$1466E899B8C
W=-$1008147D907D5F4AAB79324B0C7264C06A3FED6039674AB6C5B543E817668213B3BD1E9610D6DE06EFDDD161E7F6D6BCAFA0FF4A7A3A8913E8E2596FB887EE698E2E4EEBFF6EF9B8CBF60800E49FFE557395406E0F82AFDC37CDCBD035877090C23E9638352B391E7693187615AD19A821314CAA819E06E2D9049185B6141A3A2CA01F36EF7A921097B01A14B94B29A7B789AC678BC6B0E407132D93E44
J=-$21479B60EA709B485FA569B75A1B24E665FA84D8297652D4945DC478FC895AB274341E445BCCEAC908362713A149BD1B2AC8BFB7E03CCA56A34236081309103359BD15CFC1D6B32840F0DE3A01272F9B362C72224018B7F1D835437B52317CDC3B9CD022923BCD113630E8F11B074D5DE506F63D91D1CFA5D6D349EC75EA4E8DC1C66E7AD01A37A725E8CBCA9BF7727A72BEAA55E1A297C91A92E20D62EF477C90056682BC5E87A3E4F2E5CFBDC3F1E8104A05D5A6B3157CE539A3E1742591A16FBD75CE5113BFA36FCB7601F964CD04F908DD22568F55E4E70F2D6D7C6E18B6B0619EB94BDFD391D4FA03513BAEC7760B55E5C14B365D9D3F84A873F0BDB77E0CDA3C802D6E49DE642F0250B808D3E7E9F05A03C698DCB4CDB4C4756CE04425AC6F6A3B8A194E6CD2C3B09358EE0F9DC5053F52BF67E3F4BCFC
T=$3

[26]
S=$48C33E
W=-$7E1F2039F2FCF48B2A0E450FF9A40BC1934E2D8FD54E61B227398191AC55BF748FE8EC87359AD1B8F4F5B31FEFC5EDD74C211AD11B602530A9D8D0B9BE8C1F24665CDEEC2E26624169E0F257DDCC2E28AA7644A4CFE5FADBE9B2D0FE5F39E7E60AEE051854B48F648FDAEA41B28AA36315494DDC550A82CA552736AF1F472D72D4F2F50A261A693E4998111A6462DFF4D26BE73BDD16F03A8D68C
J=-$266A988979E7D63A5666E02BFA4D3EE209D912AC52711AE0342FA097DB9774BA6EE05D8A4D4EB4F5943571EFEEB31EB6502EDD15E19FD3143DFA69E2A88BDF56E86476A800E6B0AB2F2E9494879560AD98882E0DC36F5DEA964459261F68D95B39CAB7794BFA0B901B40045CAD2B2DB12401D5428F8F22BB29C4A6A84AE5B28BDAA31741CF1C093D928504322AC48774FC063B25E00C9EDC90B7E703A086163FAB929671496F0A6588FCAFB151518B26B4DAFA6089F90D49165EED211E15AE7F9F130AC9429989968BB7FEA4B9E5CCFDAD4A70F70156190666A0962D0EAF4F5B666E5597D87F974AFC7C143BEC6ABF02F03AF7C96DAC1EAF5FA27B1277785F09CD87D2CA764BE8FAE79FE038F639FBBCC17AF0C3E92DE14D783F009F0F2B367FFCE098036F68753EC1452F26BFE64CA02B9F4E37AA
T=$4

[27]
S=$4603
W=-$18E4D54FDC08E80BE8EF70E90DB2D49B51A4C99B55C0500477A23FB61CA93069F453EBD0B1ABDC1C3ADEF899B1985D29C5A3DF59D7B46418C8231C266C2558CCC4E3687A32EA60D12A4C207453B351F30D6483D8A78573AA8739E8317C7FC8C4BA82499D2DFE2204FC1FA57FEF9F393026FC396E50020C1C7BFDC1E7E0FF22952257C6D9289E39F74986FD374FE0FC991A76FE0ABC855AD6091
J=-$3BC9CAD5C6A588330D0B554AFC6FCE79B31948F118D675292E1901C8992E932E5689FAAF3698503ACA4BDB2C1891EC8CBC2FC7007A5D0562DE038244D37252B79CDA76D6F7EDC88FAE85BA9A8C36A1B986E44EEE5F859459D69B7C528B97D04DB1E0A508D14411DDD525DA2FD817975BCA1302D601A1F7955737FB3F5DC72ACFAC1A5B6E424676AA86895D76FF529CD54D3C90CD6BD1FB23954D4F90D8761855E7D5C22D09B3179E499F90FDB92D275BBFECF34BA38B8E9F6AFBAD915D63BF317BC43908C842AE95CCFED53A40E3B7B3E1FC87F8710C249D75E0A265CBACDBF0A2489AB32F3203723533F9F2E3A6890090A6643F40C3B3453AE98EEE15606F2316523A2D1D240F305498657E40FAAAAF891C6C95AD1BADF6DA135720A61B6FE2E856DC9D0C47B2C004CAD3750C96376182CD
T=0

[28]
S=$408
W=$5C96FA1F7A259E45040BA88ADF568B2F3BF2897B94EBC096DD6045D3B5A410FF75BDAEB1DB7C016B7C17CA2A55146EB54BB0352EF95963F6E31865CCA1DE3AD5404FDCD49CC0832D5ADEDB589AC6B97FE2B4738510E63D67D33EED9C4D723F910DB6035D569CB525551B6B0F2FF06EEF594E04A9D9C7D7C319956BE6A611D00FE4F96DBD424AF0B1CA91AADA8697BA183F1B26ABF6171094
J=-$1423AA4BAE3D5BCC3B3840358888A748C1F8EFDAE8B129D6F7533B5E490486361C2AC210AB16F25FC6F5D592EFBAAF3C7C2790A0943FCFED0AB2935700458267AF75811F24CA74393882470FF070A49BF10677BB081F35F23CD8F22CA346B08B2F04DCF12B25153A5B222091D3B6A6400FF322B7E1B9588B898D14408EEB770CDBCE3F433F5817D716E93A7681E18285FD79B461AAFD648712A1BAEB9ADF4ACF7B05BB3BBFE56A4EBCEA6EDA49CFF1A930C87AACADA2FDAED98092C70D349B6D869FE414D3600BEAE02C53B1700E37E288B9450F3CFC2A8A6FD45C00D24A69667DC89ED02295D17852BC70D3B667F16BE0202B3840399AF5C725889467A690CB15DA8568ECD9B4B148C9017F0D248958CB7970320FAC87A41C6DFC024600C4026EFE2573FC5D46273776EF4D5DE8590F6
T=0

[29]
S=$B1A756C
W=-$F60452239D7DEA7E45322DC71F650C6C12350740B738287D886A65173F7D13332DF6A3028685657627510F1EE566201D4C70809025D8D225088305A773E7D8755A4B5C1A1AE5368893D281702A6FD746FC2AB48171EBC3144C8D79931728ECE73A7196B857F2C992E3CB4FA724019DC42250BC8CA694131E4ED1E8B1E4A49CEB303FBD3C058B8527BCDF5521DD4B196F840BF7F19D93A8E
J=-$2850E5CA02B506B508B17086BFAE704972524AA5637858074D5E005E5CDA8BD98CD8D8A2AA7C19E50CD5384F30A547227A007E9A3A747E012C75C082AF23CA526DE03D92C5A56DB025DE4F955C949DA43693CF62F0DEBCC2A39A05886FC6A26926A10DEA0A21E4D9E4548DC2D3535789D1AE79FE029725BDD13B74C0B253FC8E71A93A139F517D324C3CE3A54E22C799C554AEE117137BEF3216616A803AEE8390DEB2D43DF03123836F85C1241A9646A96ED96887D133AF8224EE39785E27842D5065B3213579E6F9B95F39DD8F5ADE0A6E193614BF37BFF2A57CD04ED465E7C41B56A7AB15264F8F4E8168C4AD4DFD66B473251814BCACB81E0831E69F6DB47A9A68CA834E60055FE962C3AE71E0B391ED4CDD3CB36C49409EB3D1FC9EF9B8BFA72B5F412D68D8CEC5A811152169
T=0

[30]
S=$18486417C
W=$3BC24949723450E92B10F74CC602C32B91B0CC0636B72E665EA98A446714AAA0EA06B978CBE4A23A07FD96EE615B82235B8A829F613D8DD25153B0CFCD02F57632320B551C313B99E0B3E970B75F6D97B705FC6043276986515F52AB71A4E373E3134B520FF782A55664BA248534185A69AA4AC3502CE184DD11B807094916D8A9B3691C6CA07B6BB2B36D253C4D6A68E4F45AA305E0
J=$1ED225A628D5E93F69D688A07A7636250814F3EC73D1A6B16E99D3958B7D48DAFAA980CDA8FCC5457C2C884C97EAEFB34BD5A89AA1DCB9DE4F7D36B5BB84DDE02BEAF19720EF75B4161DF383A893197DFB81FF21BF6300D084C4E1F1C63B479B2A8BDA40B150FD0EBA1FCB2693F535F53BEF0CE21C216B9CE37519C7A7008774BDACC27D3BF181106F55F234694C042B085055AD8AA792C2BB110470F67885C7BC93D7A7E808C9D6610E8076CEF92F5B5E383B212D5FF325316952BE2A563C9A984C9AFA74A71EF15FFCBB2951AF8D7507ADCC7F686D94C682665DE496CE2C60A5E1C82855FD545AE71648B9D9371D1341701DE2A3F8F73E6EA8F9DE24CC86CC5777C7B8EE6FF8001858CEE7A784DF8A3040F0FA6F44EEC792941C0CC2AA8DA0AE454AEB6944C890344865A
T=0

[31]
S=$AD3A30
W=-$890BB65B70BF5CBD7FDD2CACBFBD68FDC2BF49008073457E07FD55E74DC734500641819912B2AFA9E6F0CC120EDA65760EE2820214368981BDA604BCBF9585109D7DF7BA9AD8FD34D789071ED5AFA6DB2CD6F06EE52CE97C8FE7705962B2ED27102AE43C22AD6CAE066601A2C0151A2EF1EBED6D20BE2CC23F1E17E186CB2874E53DC0C48071AF8B0126210DDD9C69F2A8422336
A=-$1E
B=$38
T=$2

[32]
S=$6C6A6E6FA
W=-$25D27CDBA34812A52D3EF08C9E78F615E1A9ABDAA6207D929D8257234B52A1CB469C8D7D95F424C246B4EDCDF92431A40044DDA21DC98DBE451F369C50B84026CF06E233B1A1BAA203C63B0DA38A1918CDD040A77AF0332A3BBAF025790475E60950DFE629D05373BA73D9D235F01C3F3404BDF95CA4F15CACBF9B39724BFBD1607B57B77B39C4C450B61C8CBB70564B7BFD6
J=-$B27AC9CC90257A0F3238B5125DB724E65B206D1287ACAF22C68A7F1A45721E0B2FAD51E366A67FCCDBFF4004C0C359E1F417338FBF419A3E1A3B285ADC28990EA3830270B29D6C6B38D3C9ADA5D9EA0DB76699EA3DFF40AEF59404EE9C99534964BEA73D5AC9871AB5502B0DA31CBDE36086D0BD419FD477597AAEC07CECDD24C59EAFD0592B8BE945933B592D7E0BE2D8B1227730D91E4E63C031C1D5E937D9BA89977B10118B2A4D30BAD42DF76EEF5BBC442CFFEA9365D8BD19B18EC567CB7F4FE442EB7EE3AE8718CD98EB436C59AC1A9270E503CB282050BFC3083C46DCB11AC7B5B27F1969FC554C376473C41348D523DC99BBA6E3A87835FB2F979A62A1A9584990DF327BE2FE13FD465FD3AD46EADD2767C8193A81CB639A445CB389E2ED8F0A3
T=0

[33]
S=$1C44
W=-$69DD07EF83DF0CCBE93165F83620B88CDEC537381DDB78C956BBAC0EDB330797D7FE1D94ECB3DB286CFAEA66654616B2939A1278626A3210B6B6A3F6498485AB72088F0F0DDBCE82624C6BF573AFEAF866F8CF75D5ABE14E14A2AFB95E3DCE2044DDC6D0116D7926DBC27334EA683FFC764D1A10449D6075F1F14AE49515A7999683722AFAFE2F5C1A7062231AE991BA
J=$12B482DB433E57CFE24F63BAD4ACDC837536E8F1BE8CA737EC07782ABB730B7E175237BAA518190E713AABB2055C9F6AA42AD3F57780B852887610E9653376D3912CBA596F41BA854AAF243A1E2C559A2BDD21A6FF7AC412B5F62357A45866F5F02A42DCD5CD8339CACC47AE97DEB5D9EE2D20F5F5E9256B807093510D13E6C1802F87ED3B16AD5BE39B87AFCC1047BF67B1C812E6512CF8EB1904419978132FCAD67A2B23C949D23509BB2C33B38F4A6A463C75F6DE2C1915CA0DB333DBF969E5F21EEA61271202298AFE00FF9582F876EE6DC7510CCC954BB59125279D2FD877FEE0A2BDDFCD9E78218E781C5658C5C245A4BC99D1026FAEE6B87341AD47EA9810EB71FC351E62CB097DD37E9B19548BE4FB2DC9C0AC4AEAA9E06FBDBBA24D7
T=0

[34]
S=$CF07C2A6CD610
W=-$85E62AB494EBDA1DB9DE0C0555F3C9841ECE6DB0214D97C75AAEF791D1E3617CB07BADEF85044EA7E4DF85A1B26AC3EE9021738386CC6B1CDF49F7480A7C643D0E037F49151761A32AE42464AD6534A84CDAF73A583B2465A985ACACF19915A63AFAB602F6CEF6D60240F0B19A57D871A56A90ADCCDEDEC0F942A1A5655E2AFA74FA9493B07D96EA964A94EC0FBFB0E
J=-$1168EE9B2087D4C6690D1B5C23C0AB7779A1841A133736878C195802B360456E74B3B784F83C3B34338723F8B82F23A2A919BEF075EB66CD4E623681CE0F7ED0B5FC81791B1702E99A5B45AB4E1C6412C7BA0ED05EE9BDD54B53112127F2AE76EAE252D436C8D80040173814CDF374B4BE3BFF2304E6A74D8C29314CBFA795B8E186AC17BC0993BAF3BF35B56E32A39DA7745A73984FA7FB01C0508FF6AF710038E334D6F1C0E901169B1190439A99D7E7FC405203E1B6B046C201009D090004E1C40B8263A433A004E8D24E2A7757EA5EA0474661D536EFB839EC90C5C9B10BBB2A407261BB0B490C111C98204E4497059CFAB11C60086E90C618238113A83DBC9CAD45601B32EBB9E3A20BDE0E9A2B552EC5D3F8AFF0EEE98AEBF94C0AB
T=0

[35]
S=$703F0DF286
W=$2FD8C20A78A4CADCBDADD336BCF16826A64FFA113315EED92334DC8DEF83A6B66F1B219DF2BC17AF6A4B0EB059466EEC431B5F7B3BC1777F347201E56010980D805350F8639050A4522EFFB0887072C0C3F234DC4FFC36F325CAD06B2466ABA78F5230E5A7478D21EA970CC3ABD1F7C03CC317EE18187944ACD6EFD9B66768A8991A331F9724922114B58BA5E
J=-$79DA9EBBF98D6A7AA334E68BD1224A12D999412AB7DE3B41305D31B5EBA3179BC836B71617E75C7193F3642EFE156ADD8E11E2E75BD9A98B7B1503941D40CBE8FB224C30DAB33324A0B2F3057355385467B7DDB2EE00C5072DD7F6AC8FD52D8EAA720A470C1EA3640A3F119B1E5BDA2A2E1B05C600EC3B6016EA1C53A9F155011690F7C9B7EFFB2B6D4D097F0A43E2E793C6F8515C644B5E00911B21F5EE4839EA311AF13BCBE5A5423CDCEE36646CE8E5A24CEB6207798141249A07F31024459110333C3EB948601C09D133B23402895A7AA9E7B17CC738382ACC7D98BE855236539A1E8EA29A967F307B6E1CBB13518F316194BACE166B69384F41BD299681A9AEFFBDDB6530B9DABA1D50C435E48B14D42B69FF48CE34
T=$1

[36]
S=$6E79292B6F
W=-$31D99DA68E36BB3C1C6CBD19A81C93717901FEA1653227C678DC8DEFEC467A6DC870F295340555692DAA73AE662F80A50202547B8526F28D533D93ECC13BB4C82CE65CF760A101C3742066499964A106EF38446029F689D302281DA2EECF5C9A0F7BAD7DE6EE54397254A8DD93C20105117B031AC90C8718AD8B96AD3B203E6020D10C66FD7CB41D1D7B
J=-$D0BEA7536D1F18AB1415174E639F29B21DB5C19BDFB065D9390925BFB162916E3BBC778DFACF1976D2B6152907635E401D432F8EF8A3D955953729DD9A616602B190AF285D07F737C15B9626C9841766E1E3F66547D2596D514673410AD398F5FD59EC9E48BED8FB2C902DB7AAFBD01886D23303EAA4DB0298362C85AB52D224E269E1076A4686277B1394E89128CC3965966A2026ECA229B18A3B9B9E540418F07129AB98285916913FF066C8292B4376FBF9FE725EC539392CCBD24D39C4F40599A14DC9E3F92BAF311E09C1C4938C01FB0A7D47EADA675913EF8E7516F48E2F4EF699B76EF11FE74E470A8CA589D52291F8F5CBD600563D1D6A2256B05B41F8650472A8C4ABA357D6FF657CDE6FB110D219
T=$6

[37]
S=$3D8298
W=$297AD7E88CA8096626300C5B3AC23C04B07726B5B6C6BAE0B33DB17117ED3E33045AABD833CA9E18173BD5286739EBC6E1E8300ED3EF747EFA988B06B1FA4CF46EC15F69AC0BCD68F2A093F0A3BD17E4F55A1F7C40B28676E44E6B5699FD3AFADA577247C3B1DE6E4C1DB986AC175C1C2BCD6E4250147DCFD44F78FB03ADF375FA165953829B67E
J=-$6ACAFD6E63CEC752ACB19A1DECF286F019A3B8E31655B0744107739AC3B39A5C2A25B0219D88E066CE2653F2D6DE859474D8E60D6FA76A372287F65165AF36AA975E01CCD8863F689DBE38E3C23A1A8EE5BC7DD4CC5AC9C9B1CE6B6B48CFE1F478AB308E4DD957AF94B62435CF4D042CA6C24955040E00AD203C29B63AEDC8A168AE92D2F11A0EC3D1ACFE7CEB8A46CE736FFE0752210113652B5D73D779344F84040B693D48061E4918A1B679415E11194B4574EA9E911A299803D2485E5B83EA1AE52B23D1EC5F7BEE433C058EA1D5767B6116882BACE7EDDA91FEEC1B25E40CAD93E2F0C01F278F3DE0C7B80B878AD625AC662D1D62A3D4F182E2673E760092054ADE5850DA73CD07CC4BB1909
T=0

[38]
S=$CAA20
W=$D5B18DF8A20CE79AF8A1B9EB6202EFB061FC06DE6499DA48871CC50EA14C4878FCAEBA2A1EE704D9F3227E8D851186BDD80B4EC29874BBF342AB0E12ACD2D772CDF299802337BF1F786849CD2B89945E32E806314695BC64E6380F792AB960607E284F390C1A51BC44DA32786967F0D1AE62D23722AC1FDDD6F995D166BFB25DEEA76E30160A
J=$7C2E09C2AA768DA7755DDBFD4CAB739982AB7EFADC87EB2B85ECE4D9E72824B77BA91EDC55EFB1301B97B9D4F9B61BDCEBAB5876908BE99607721B14277628AEF870CF9524D0C413053CDB56C448458F7819F778A3021E11353DF89AC3666C734198E06E5D56A04090A3762770B408771F1920FB7681DABEDDC5C4416A2756491E62A959848DDD015AEFB3B2415383F450AF782407E8108F9E014BF158561B1D25868C5FDFC44D1C6C1A00804AC1C6513B7668FB4A0AD3C5D30037C5163E950215F50FCCC49C1B4D95D3567759408B94067D5AA04222B98C115E24B9C65156F5BC833623B6FAE1457FAB1EE35EB27122860024336AAC171247594FD4ACE4284A519661BAFDD5FED7F743B1B
T=$4

[39]
S=$BC25011
W=$48002102D293762E09D60E1F86F0C77C8377DDE2FD1F5634258D4FC81F93755DC505754A78D1316A756C67DF54A1323B2B7DDA86A43BB9426A4997614EA0EAA7591C07D21E9177FEB78A32CF42B553A2D27E3B0F6A7F4417C2271C535985F7D42CE5E86A67FEEAC7CB57B7A3F7A3270495B0B356B1629AED877FAED8525BA45F0EC1C793AD
J=$1A4AF04CD653F2D0355EB13585B17A2B668EA804F2911C42E036CD7B99E8919E2AA1A2871AC62C50F607B483B51133E6BE2BA7930A86DF2C137BA2674E2E0162937C53E79AAF8A102E1114A99E67C9BDBA4AF6E3159BAFC7B14A5110116234F230A8274CB09057E4AAE1BB542197BED2A8DE32DD7B4FE5CA3E4B3936F64088278349F90DA94DB46372452B414DA1FD4DB15FBB02C063E50C7034437045B2489A40DE408A83BCE77C01D2454710AB19FAE46BF28D9A3C4D54FAF42BFF1EA2B30E84348B521E65C356D275169C9908BBC97F4D8B428550A1998746FBB140BC3886CDCACA88168C7CF7CA4C1F50F14DF65E6D50AB0C9180AE526B93434358F229E1F52C754655AEA9FCE29
T=$1

[40]
S=$1108EB2
W=-$145E1272C9CCDCE330A9EB352F272F02FD6324A6E5CEF1A6F1126829C78E45DDB78DD3ACBD62CB86529AAFAF2F69BD179BB450A9D5F68A6892620340BABAF5D2AC3C13EE4A9F61602BEE7FC7303611D72F701FE905B3B8431697C57D3B5E05DA940355D6B41C46804135BA01773530ACBC1196920AC122DCC8B5C8D866416DF75E0458E
J=$2DB32FC1C314F7593EBECD7B64CD353BEF88B3E2E4A3EE3C072AA5AD90C5609AC69BE0F3330B01BCE176284BB9EA7ACF047A27D758D76FB8FD703A03031FB00FC2BB86A8BEDE6ADF7C0861D3AE755FE2080B52520DB870DB546E0788C620944A31CBB5F8F0FCD5F3AFCAAE56D830D76119A589016A8FFE84EE4F94C784D1C38FF2D71D455F86F99967C3E7A1D9ECDD0B80D9BA8E7189A9765EBD900F66FE3039B88079EFB1BE6BD7F77FBCCA5F8540A3D7A525B669B3DDA44EBEA5510A37396FFBD3EAEE8F829A5F7D60A1EB19152168201A3735F0D5D9CE92B441FA31E55315C209CFA4065FF8B073CDB5D23C1DD71DFD0D43341085C97D17F867B5009C831A567F50E68AAF
T=$1

[41]
S=$102F3B60
W=-$14682C9EC9D2A65AF6348D1FBF9B38B119FDB676639B7A40ABCBC5A66F19A24F76BFF9DC227F759EF7F1E7738A516A80E90BD492BF4FFE49546F09FA064132B830585A1993DEEFA9FD14775434093E42A971AD4DC267FD4DD95C8C8BBC605F8A83122B32BA268CADA5E0FE3DF953219F589CCF8EE70F9607A2AF75BFF6B9B570C62C
J=$1019B79FB5BFB8A2DB541D794E0284B75CBA53BA554C85F778409C49EAF1410E06A071D19C9AA62103237F465546FF30550D00184E5B111D0B6C75DB628882C87858E3539C5D1FD6522A58F70488075A231AC673926E79F68F545C12295FDA868A8B0F7306CC36DF17E75AC2BCC25C4808542F45BD5AE1F6307A4DA6326BE47207C1F958F01F22A488DFBF5B2C64B86D3F80826F8E5D1F510296BEEC1FFF345788BA6E1F31F272A2DA61BF78B886F7DD410357FD7504730F73EA8C4CBFB3B3EEAD549F42A3DF5F952D030F1D5FBBC0C4F8E3FF185FD3D8DEA05C214B799E86D6B152F0F54F76DD77CC0DB06C5D9227A47C034A87ACF803056D37CF84182FB253273570
T=$1

[42]
S=$4ACDD7
W=$5006C8113A1E329ED52448A407850D7F7F3D60F824AEE51D186DE63B1D19800EC80E229101A49DE308234755DF383F97F809F715131D6ECC5A67A48D604E0177217CA6F6271312C38FD61CA8CE1C3D827934813BB0FDCBBE26ACE670560C7AA74310B4521EB352CF1F83BB68A82ED40FF4B9CBF2E7A0F3658D8754E0BB0CDE6B
J=-$C63C052A0AA6EF8E19D8054385EB5922E12844E3FA8E572428B9D14DF0DB7AA06DA7B0A6F421828E66DA7E01A83DD8F672EB4BC2A4C4248154C9972E0E8680D10079B53412FDBE90E74CA2FB27CDB32D78101F9E63AEDB072E98529B222A1EFED27ACFFD0F519A8926DF4141C1D2191393466976AC9015979248BC1E2DB8398EE84CF5A63CE80CDF47EA2E6B585D2BF77FB045314B23A6FF3F106D41BDE024511AD549D0F6127D1EEDB823BE97338AA44104B126B841166AAC09D3AAE3886AAF6688312CE91729340F403FB4CA0384983B219A8EBC4A30685157F28DEE96234323C73B8990EBCCDB3C1A47929EEBA24BDC0EB26499497520F2CC3C36D39666
T=$1

[43]
S=$F979
W=-$7A3DDAEFB482147B74ECCBB35B5C4B8AC735E1ECB41247B132E917DB11694EBCE9C79330ACA6475E8FA11118E750AD5A102E5C8670F9D0D71C58E316E51B09482F84BCB831CB0283DE0B7431992D6D1A087580DC90533C0325BB8355B5E7E22C4FCE982C1643C78671F1B747C0F7EEEEF61F79A4890D5DC96FBAFCC95086F
J=-$9C9209AF45184E16FA66BE7B7515E845CF5869564DB30BEB4FDE9AE32B80037CDD23F8408A22C5DDB7C32E2476D811BF5223BF4885B0CB725E267673E2A6B5FD1812C5BC8EBCCA8E566DBF25B40F07937F2F3DCBD9D3F1F4F41F06C66F7C68CFAB67897CC998D24311749C9C1C07180CA4EF96CA9007427BD97155013748AC0454C9D4A128D7C24A80E5A8870BD1CC40CC4C6AC43E55DDDE249001D5F90E0D2BA884392874580647DAC29CBCF5F33A12E975803CA12250251E4A5E302EBC269626BCF4D75244C2A5A84CAF0D96BF9A3569CCAC07F6623482E94F1AC94C7C48A25E7518C391B5BA2770D09DBE785349DD25DAF3818438986069090B3F0
T=$1

[44]
S=$1AC8A5
W=-$9493A83D17FD6A09393D655B3C95DA57D2FD517324D3B6DE2C21816FFE18BEDB05BDE4A1273F3852FB7AB1D0B7846760AC6D504E5595B6419C8F40D792F3A93DACB61F60B90057B506D059FD4E60F62066BDD9BCCB22F126EBDCC5434A048ED9E8976CFFAF5CBC5B150F98A77516B57CFE6031876E6A8A7093B4493E0C5
J=-$40695A55C1474A9A73BDDD146DE9FF833C3010A47234B01A9BF48A9FEEF63F0F4AE189DD0FB03DC9FC5DB202EAAF4F638467A8565EC26DC4CFDBD5C093564B68B8CCCA275273D0B863B994C216639160188888EE2402AFFC8CC59E399E75F58ED013CEC39338AD5C35D903A5EF9EA95BA4554B01022F4B25C6363602BE0604961498355F887CC1B5540932CC90EE97678FF44C665A4151A667EFC18476023E89BE95214689D9D7DB8E81016FF86D4C0F011185B7B7F4CBA233968578C008DB578BBB05D90EC7338DC0AC8E7C9641FFA3CD2DB28F7F822520FB4492AF52FF1F6790BAC5F95DB383DF533B6A21095F3C1C33C4BB7D6597D75EC5FFA
T=0

[45]
S=$34BE37B
W=$1566CB9231C420487FD5F99F11C9CDFD1701E7199AFF83940C24263B0FF20B3B37C26C8FB616567CBD3C67EAE9213BFCEBCEEA954225C2BB12379BF34FCAE1A6938934F1C5FD83D8E0225AB55C9E9DB9B9486F311AB16C582897D55BCCFEE6F5E7BDA6573326BD5CCE85E846D892DCD2A496672525BFB7A9DFFFBE565
J=$989AA4F8BD1839907EBCB2E2A601710A9B4968177335D044901053437F2577598C6FC827D28A2EF2BC0EF5DF6BC99635CF4DE348796664354AE0CD34A1ECAB057D2788737D191793DC9AE4045A0B171FB0083B36FC044D36BFEBFAA329174F9360785B15AC3F741B51E4B5B4FE9C69F04EC4D0F56163C29A68116A1315FA510649B2E28A576547B7D9BB8497AE60DF2506890A6B516C45EA8A6EC5AAFE82D810E40E571D74DA1CB5A682981E6169BF1C180FA4907A3AE7090A1AEFE178B52C4C58A83F6EE5B6A1ACC8535F58C558AA2B0BE71089DBCD5E1AD7EB48A287784D45B61C4316F7369B6072AB39A216AC69CBC017F8B3577306C
T=0

[46]
S=$27
W=-$6C2FC80013FF307E3D0553E7F42413C38ECF2EA5EADB50153A6E6F4EFCD63BA2004A86D3A4182A369ED84E0AE7C2842A7099856051D76704BF73D7C17DEEE0E13E304431DECBDD8BA3B9A0D7614C1B87F56C0A2966AA4CEBD5FFDEC3C6F7A4F639E3BCCED879C386C2DB9503A96C3F748D32E87851C3793D11C67
J=-$F6CFAE36CE9FF0B3ED9A0196A726589AD37EF701C93EE6885041B9E17DC905E3002B0E789056B8D166F0DEB76D5F501314FA79510B4DBB9CDD2BFEF60EC566707FB8557980C30FEF5CC4CCB19DC01A0C4A043A8F1B23E9AF2381B7015BC652F7475651B5626D505CA03D68A0ADFFEA7806F2CFA24C2F882C2ECC7224C3FF246B305475D42990630C9AB074FBF1E7C23AF23A94744060EFEBF1179413F42053BA610E684FD1C37FBE0A0D929421155161AB6E1376DC85BD3B1F32F719349EF338DD1CBA2020B17AC67E89D7448A81E9D38B59B2CF9CED08684FCCA2E5D276238037C53059527DA6E95F0555F728E780D33EACC21E
T=$2

[47]
S=$19ABD130C4
W=$290B168735A8C32DF84391E860A876CA9AC7AF49E1E5A41D360DFF47029C76B864103ECB221F2B2B1087280DBFCFB0E229E53388410460500942E9C21573FD3B624374B35D6B0D961B10D5442981258D15766A63DFC27179693F9FE54D6B9DB3C2F8866102A4A60330EE7349638B914D29FA1AD6C9E864D280AB2
J=$2E2E0E7590E2B050C8EF4CA5EF7FAF5EDC0BBA509EC5AC64DE3FEDC9004988E7894DE7BC63FCD42E580BB95842994437CE61AE42C1D602D4F247ADA6AB586437768533F2593B14FF04949245407E09FEC9EB1EC719565891E3D8BDC6B34A7D165502FFEC6F047B44873D29E251DE5566CB6D4780BB8CFD5BB0FA7263677BC3E58ECEB4E4D7FC0A9EDBD4798C7FECC400F297A697DEC89654BF1EA41BEC9BD5D1E0064E762BDC908C62742E3410EB426BCF21A87ADFFD533AF138BD02280B7F77CB39289FF1522FD86680193295E409195AD308EE537DDF2E715C2B2A3D6F677DABA05D0104BA0CB528EE656FDB32FA8609D17D83
T=$6

[48]
S=$185CFE8
W=$5FDD8B547739EDCCDBEEE606B2BBF1CEB8DA9DACE95D69C6DC70344C3E0971F131A3AC09BDC043A973F46634A60D14D09842828E0C06D1208DC27C39BD9E9CE0CE24E7EBC64B5F20DC56C589145841321E92801F2729A87E05A72655DAC7EBE242875B72B857D1D4B88A8C5E3ECE67851CB1B0FE05557C64
J=$29748BE76A71967AB9C245AF7EEFC5326CED8831689FDCF73DFE9C76AFC369427E8ACB7F62288E9F618817714E2E807020CFA4E9105BF4357B87DDB6EFC76F1E636EDAD85C81715B4D99443032BCEA3B8678B905D65280A908CB7B017E7B4444B80E71E3AE79E0D32680F1D12BA1EDCDD5EBAEF2EFF93095F9C55A97332A91357384D01467B1DF8721D790F29BC96A1D8D61A00973C30F12376CC9B47BA8DB792381859D2AD8FD4C030AA8EF104BFBEFA821BAF75FEC789CFBA3A678C2E93E6D534D7B7D99BFBAC4F6F9001EBFC56450ABC0E22C3B5ED82B9E26DE4CD9FF1CA2E8EEE1E4633CDC8391C4CC7C24853D2
T=0

[49]
S=$18CC55
W=-$5614FDCCF1FA885FC6C6C7BD3A9E7BB192E451010119EAF6D1D8F3BE759B6BF2EF6493BDB33FFE215E0898018101CE60D4C7DEE167FFB80670F4D8B17F2B21E4595981FCCCD05584C474EF6C717078F1EF9B207A7055823578DCCF22B38230ACCE344E3F524D11408320172815FC1739194E349CF6663
J=$2046123A1CB162B1EFA584528C2121290AB8172DB7C1C82F3BC669580A0BDAFC36971457A3766D1EC648C184AA55A497AF3875E86A8CE1DFF3050529E98B641F96CF4A3DF79B473CBD3B9803F8F943F06721B4AD4988BF48390D7BB76E9FE83C855B9A684EA089DA9BDE00D86CF68D8582DA9AB8623B92E9168F441257D8540B3E52C1147A1ADAD42CC9968CA9BCE7C408DB8818E804D8ED1EF37AF724147DC1CA9EBB9788C2DA4BA295886107CD6022B14F0B03865E1768ADC34997BC8039A2DD7922C1D30FC18127E337CB6A2D19569A4411E57FA1835F4E57F975D467A3468B9C2DBDC2BED0A145BCDBAF4
T=0

[50]
S=$23C56E
W=-$131FAB6FAB5B6372E0F3E4AA61573674CEA2002C4CD8694004A0DB1C8AA5DC14FAC60B59A669BC1BB14ED5966425BC09421B859BF4CFBF8C61CB91F32B9B172BF01C7D6779F3EA503075881F056B5546050344C57FC79533E2EF256AC3F0DE476C9EB65AF6B331F17E6C3FFE3BFBB9991CE6B7A9E9C
J=-$26A53D1ADF7C87179185B3C59803631469B47CB0E9A211CD09E4FB54FA4C51FFE9CA9BC42B549547C3F15528A17C93ED513C404C9929BFBE3C0E4C9A2D4ADF7C6494218DB8BE3B34E378DB53AFCDCCC4B888B053D8450B18C5FF8F50DFA2468428779758675DC552B99616B041B5882F72DFCD722A241FF01B598912418028D01805D1DB0A2E932A2C8DBD711F6DE4761C0843A9E42D20C32B0140DEB4AF883F6642305E066739499C2409D8893BF3A3DA3BA051258AF111A93E76CBEC3A75585618CE7913E79D712483ECBE37612B0B535D4F129E0737D35A828C0EE10E4C815240F46318DF8E0EE3B3
T=$3

[51]
S=$BAEB
W=-$29F4575FB783A6670ACE49A4B9373BBA08D97D4F188A9F3EB54684F7D07B99F50AB6FAC11DB417BF4821FDFBBC039401584F06B67713C8C1E51F9E63C692BBBEC8A5922D25BADD289AF48EBA7CC85EB43BC406153D15B7255076C9D05BDD638E20C90B79B2E7D4CD9709386FDDF44A2AE3DF305D
J=-$16BDFBC5381AEA8B7ABDA60F45D278E45F0C0870EA7214DB9F745A1D740997BE63A6A276C1F0CCBF9E8A1F092343A31B437CE328E9C7BBA280A03CC771F9D19B21DB71D1779A6EC245C3ADDC5FBBA5E79B02352A8529C595EC81A4AB7934BC259295867E2803EF985E05213C1FBA8C5AD6731213199A98E802766749A5807A3F7A389D33F94E2636C4C7ABC4D5DD384E5A1D7FCAF5F709AE77062FE834D50D47B5D4701CC0C0F5383E72022FD171A8067DAC34BC986DEC3B25D7A9010CD99DBF932941D0771D976750C9F52A1B5394181CE66D445F3E2A3A2B607802DA71F1EF9057300CA970F4C
T=$1

[52]
S=$2F262B40
W=$1D51B83819C2AE3BBD4125A2E04B19FCD7E6D0179890CCA21D511C5C7508ED16DE76DDE57FAEF92F6C1B4903764DE9D8CDAAE041D7B7BBBE62147A031FE1B263C3577FD58E8AB99BA6812D965F15BC1E4CC00AE63B9E7CC25D5FBBC9BE7301488DC07EED424D33E8355624A5731AFD2C22BEF2
J=-$88D02AAF9F7D71AC3249BC16C37DA01487EEB518CE9CD831F98EF4E844FF099DFEA72F8E9C84B145C6820C62FAB5400884F62B955560107DFB7C13EE82531A6EFE04CA21C5190723A93DA297FD69D0638C8DA68E2044735B020C9FE08A1F9FC692E817775F8C6B58F1C65A4F1F1B59066A9310D75A21AD56D0BCA9AFEC6782CCABA31012D80044C838C3909C137F48E4B4D117FE1E891412F8DCE7AC4AD79DB8DA367D742FBE21AB89DEEA350E8AC262C3539ADE0452CBABD072248359959D4E51C42E1E3153C8FAB6DA878E9A23A15F98A174676FE2AFC701944BD630EDBE83167B8BC951
T=0

[53]
S=$1A6193D6C
W=$7EB7D5F49BB57B5396730332987AC20A9338BF47897718519C2253B7D42630795C4EEEC53F32DBC22D717F455B566967A5FCDB449977BB34E88F1C3A3AAD06FF3D4712C6CE05EE3B198F44F51511CE6D52F407FFFD4C69F9D63A61C49F6CDC6F55D7C7D9AD4923FD15AF6C249615E4788A
J=$9D3B9451A754047493C1E65A4AD77D6FF4AD93844B0DF72132F6B1E2BB8981FA45B1F0B7878FE49CE6670A436D6DBE14CEFE68F1AE9114814AA9E5FE78FD0361756D29A88FFA3E13C4D43EB6564C1907CA6031C6CD31FE6551DE8284C0EEECFB5FA2E4024BAC315B1C688E6C8CAE453A8B467A57BC7889E411F7ADBDADBEE06E7769C2EA1F5D48FAAE51F7CBBB80C08FB1013E1F03CAB2082A77C86044F87C9D3C14453484187ED7AA10C8E091980AD49B03EAEC004276BDCE7372DB316FEA6FE7A3F35E6DE84A479C195419FC15A4B091FCB6707A360BCAF6674AB7F6CC37DA0FB
T=0

[54]
S=$2D48E52E4CE17
W=-$282B48DED249D9840DDB4C6A7F5455857E320E76D2C74C5B416DD360130A48F160681E2E733DD082B077AE51DE25151326B0034F2D0EFE4C16C47086858F4E44EF428D768C0C4836B723B9178FDF29E4E0983B98E4F6B63246418A40B9D51C7389982D68B3C8B36A9969F659647A2B
J=$770777E88EAFC60E857993D13052BD3D31BC3171A72FF2CFC43FC50EE2AEF727048F03B63220AFFC9ADF0C8BE7B8C09E776B32A8F3A6C9AB3759EAC4849F71B18472AD007057523D43737FC199BF3C296F8C9F18ADCC915A5DFE127FB64D693440AAA4887BB2046DCCCA5EFE851DB8AFAA0450437301E5C6B010039113EA0F5CF4466FDFBCC698C563BD5A2A18231FF6D18684203CAEB7EF7EEF26C5A0BCB262C38F6FAA16E0B51249865923BB8FCE1C5D9C2085141935985A80E97FA62DBE8ADE54BFF4284732F0E97417C2090FBB393FA22AAF51457118609E63B0BA
T=$2

[55]
S=$19031943
W=$2AA113A8270C78C90F9325756E4C42CE861A0BB15A9EEB30559FDECD01DF9CD371F9079867BE26CA5416CF385CCD06408BA7E8907D784FB2D00AE366C44EBD50B05DA54E6A310FB0E7EF146F2B230C952C3C3CF7A38ECF74A906ED1FCE21D7DF0FBF31F0153E0E8C39CF5E2F
J=$83FC4D0956ACC64A8B1DBA766FC1E4118A4C6C78D5228298C826372C52DBD521A658F1A38CB0707B1B0800EC4FCE16F1883ACE9D34122320C8C6D66220FE49510A32F457C0DC8D5937315CDBE73270DFBEDBE3774064348EF68281438732FE3790ECE31D9C76B4DDCEE5E9171F318C9FEEB2C4A0827EC1A2ACFB76FFCFF0E94A1C9B645827625E4D06D2EF3A649C1CD73E8D1F7CE209C297A0E8039C816EAA977E7D678CC6292CED50E52AF8388EFF54A72F570E520B3E204EC59B5485A12C59CF36BDA73293225DC05782ED22D1B6560C75AF290A08A3
T=0

[56]
S=$18D0642
W=$5EF0CB53DCB0A6F44205A18CFF8D0099F6E3838297C6C4BA6238B1CE79F229341A616699B0138E2197A76041D2C4715F11B5FCDC92C99FAE27B89E2367616B5BB389F24B222E1732C1449411640AF469AD659712A704B12005EC49B51A3984DA19AB7AFD8031E6BC9D06
J=-$18FBF510515AB7F27C282A0DABCBCE6F4242D9186FE82BD5323A43AC0FAD479C1AD0898DC689B60CCBFEB69B80A3D96C6DD37393D911FC99A9D620BB83680A9AFB41D1FAC60B98AE6D8E0908A7FFB2BFB05644356E9B066BF3B45DEFB8CFDA3C4B5A996EB907140597E3BBEBE4871BFA04FA3A3EB4B76D1CBEAF8098705B59A0633FC9543591108CF8BEC3A7AEEF650A34014697ACF7059230EB4A67100D777583C7EB2DD3B2C83278F26CEFC9F430B0AA851E2A3E340B3778E5922FD088DBE9FBB152027843ACFCE9CD0082AB6C1855EAD92FE6
T=$1

[57]
S=$9EFFB362050
W=$AF188A5148D6CBF05C70ADD26A99690A2877717846A73E4C0C7E48C82D94D4DB057890AAF01E8409FBD1EA8AC93C043004B46929651C30E59C651360C306A480D8F3447C5D7FB1D0D83A35423620ACBADD78141855CA9F1647778C7C60285A6DB3F46779738DAB17C
J=$54EC1E929462DFA1679618D2EE3C80CE3EA874A211F5C65877D7ACE3A15E7357B1072BB1D5FA5BA27FBEB4F99EF83F3409FF020DB5080E1F849ABED96B9FB17D870C5A0787755FA97E7E94A45E7C0B5FFA16110C22A8025BDA7BED4370DB32EC63BBEBEFC99DBFF208BFED053F6C7F16961EBDD58A2729FF7D284EA1E7B1B9D578D9D2555E32136F0A661935CD768859CA0FED4247CD7C604F8733036F7EBA71A925A67FFA8FC9865B861608CE571E263AF60142AFCE25700B5C0EC3FDB42D42D31CB0B636C894508E2843C2111C78DE3
T=$1

[58]
S=$300AF042C
W=$7ACE5D0B0908381F373D16AD5383C22334707009E02E34762D6E5D3D02542E746DE41F16D7089A1C7B7E2CC012BBDD9A3F900965C09ABAB4B6360478DDCC5C23E87FFA71942A3BE2F2D1093F2D8F8305C7E62288109625FC35FF0B779FE4F334E4F4BA769E8
A=0
B=-$D89C4AFCDE2542D39F091521DA5E15E3077CF733CC6772BB6B0EF749FC2154F085D5830A694C48DFF321E8E210A8795EB8489C2C57899F718CF6FCE14A3B5CE3CA5B26BD093C1E48DF50F0D87D4AADEC471D1E0CA3A7B2437262FCA36CE6C827EE47558F00C2BA5FCE6224C5B2F8FA6B6ED755D5E357B2C2E1BE8BA970AFF3C749BC64805909C7F9FFFFFDF29192F2F07F6DB79DB23AAC96B530746AA7A5D3775EE25DC30C2936BE74CE4E36F50A7001C4223FE649570E5DC73517D7842763011E8BCE35723381CD3B59FF
T=$3

[59]
S=$48018912C
W=-$20BF05BF0FDAD92AD002624A7AEBFFE043437106CCA3041EC8AEA929B90B9FFB3AEA5845A10A346537F1F94D39EF3FE7292A2BC64933F77D56EFBFC17DF74E294176CA93AB0404A35406DDCD06E2665C1DC130964CC45106709B529EAA7BE12EDAF7EE74
J=$2CDD9C3C86774CDEAD5DBDF1E18E02953A0EE6055FE777E96BBA07858178F8B018A83950B65C5C783DD044A7E3C035FF6D91327A1CA4C7DEB2A80EC007C16F2934BE91AE249E81B2C257A9042E6BCB09DF20409BDBC1DF6D8AD36103407EC817739A1332AE93CB268E03DE62F59A6E1CC9520691F11B3C4C6DDA1223B8D42387FB805A57680689C00C951D1B70D2A654F6843ADCA919663FD8CDD800DBE5056F185227FE849CBA2B3805697911C8D613B8061BF51CD1F83A9A355A3BADE183B5D29752D136C386
T=$5

[60]
S=$28A556A6
W=$E12C8A7305211FFB94A21E6742498FEE81803313E9979B93E7FBEAB2E2B7EB3B2320731443584C181AEFB861437907F569D4D0A04542A91F012DCC659CBE05295EB3CAE0099C171C5CD3584E5DCF7F98E632255ECB82ED181452AFE0553A7A3C58E
J=-$1E37DEFFFDF55576C9024099D93287DF9DC02ED4CED2F40F25B509DFDD5A2194F7E89D23434941DD17A10A7A44B2CFD0697AA17173ADA00D7A5C77D7F1D1AEC1C5D18FDEB1E9CDC7165B0590C37C279E0B48D0FFD3F2052C9C4C2DBC2957C92AFBA621D95180D33C39D8F77443E094137493956BBB2CC0C821490342955190533FF48C2125F1FA9DD5209A9BFD50BF8EE46BAD8962398B7A3FA1F1988638669EC24919D43FE95F58598C56B793DF9596C08459AA2A173282831D392C7A04AAC4CBCD6F
T=$1

[61]
S=$1D6C
W=-$18E37FC1907A2A77C0373358A0ECA00470AACA24E7BE0F42F6E4285C767883A573D699404768603742485F9D7DD4F5D1B2B1BE1E77CED31D583797877C28F8CD080FBEF125CD666CD54F94125ACB4197D57FD687654DE6C17E23A95D18732D66
J=-$B798C55B7B997BC8EDE37CEF9B4FA32FCF830CC347037EC16D67B09263453AA46EBC3EAF5B13BFFAD4AD153CD46B8C87AC6BE61F571D9FC4511A3214013EEA30F75820C11220D8C2507578F5D8271686C6D894EE374CAFF45C54A5F9682CDDB2B8921806BFDC41CEB992C63182D121A574490606BFCB1E8672A9A6C9460DAE8466044D152AAC51A6AD7C8D261D24DCA61C3F3CC5FFC3751FDEFC7FC80B229F96A0E52E6C5CD92C3109372F66CE9EC72A5053CAA3EE8F1EFA0E65C087455AD6
T=0

[62]
S=$11BDCB2E
W=$73BB91E9FEF775BE0EF525F32EFBA1A6A9476652D340817A1653158777C0742906CF2E47B539025AEB3C0006DAEBF858B4980803364A3A6858811A5B8551C0A6BF73F01ACDCC74D2F3050CBE3EAFAFDEF115835A3B553510FA1E5D1AFFC1BE
J=$2963B8A48B70A91285AC88A9C92BB85389EC7C26121D0659E472EFBEECBA95E26A2DACB080B3069914EDD465796AC2D0B1F42B0B358BA8A4FAD056A546A785B7630D146DECF175C5E7EF26785BCED161F69FE0E1756D54B80B027D8B04284D15470A057EA89C810A2A7964DE3B8587EBA5626C25077327C250B97E7A38868A7B2104759068D071F3E1EA4E022E93B5E2289789496900AD5D4C54C9C16D0311BFA94CCF2BFE079FC88F97CF4FE0A96A3B19AD396528C85BD2EFB0A153FC2
T=0

[63]
S=$9DC8F4
W=-$1533353DFFB2071998B9D465E369B1E50043972B3870624976B0B8B3510D09EF25FD5E75EBBC9250DB673879654B86BB782CD3AF6A9D92B25915DFCABC6DB7C65C3EA7956CC49D7AE3C2745508030961F2746737D3310B61A5771568B40
A=0
B=$3
T=$1

[64]
S=$73701
W=$1F1F46C78CE493DC229783879AD41AF663075AD4696DB8C04B4E08D3A904F19579EF50E3090019B1F7E9AD3E7511F18C95A40AB78E0C2ACBFB19C3BFBF08FE72136D020F78B8B191B19E945B979145AB1C32E1C0B0C7F425F1ED8715
J=-$4D36F9D199E7B9DEC0D25352F792A218620459C7CE701F194666636B815EA09C61BD4C3E38021BE51C687A8B510C73B3175632CA9A0620AC129D2316865C3DC4981B670DE6B45E45428E184F7FCEFEBB722256003A40AC9DA50EBE554C737A595A529659FA2C9AA4BA144E4DCC2100F2392C21381622CF7D22137E5D56ADA55993B1013E05722BF0424841C0234E01ECC7C71ABB8E6F8A01631B46B9815BE66328CEEC3089004CDAE69F2009EDABB782F8DC71FEF07145
T=0

[65]
S=$37D2E0
W=-$4AE35CC2604ECC0060C04C3654FD6FA2A408BC7B8A9277F11EDC43BBC6866A1F65878AF8312DD58190B3DC2A890BB51B57D65C25A0F3345E2E1C1040DD385E4335CC5AFBD7438918C9A20A59A6702700A679A26490A083D58253A
J=-$B2AC41DE1EA9F2E6A3B7E3A7E6455D3BF53908D195EEC392D330F4784E9903B5043B9C0BAEBEC8D2A292E145DF56EB4044D4956FDA8F9BE2F6511933A55D08C92D02F272B20F41E274734D891F823658C392DAB4F66AD5755D4ACBAE1030A614136A782CAA6E37A07BC624694D3DA52A6A239C569990938D560D4707809075A5675AC88DC6E4A872C89D02F66C4446E0C492E1AFAF721826A754CD6C5A94EB929BA208D953D3C4EFFA2F42FCDB6F3625D609CBE5E
T=0

[66]
S=$A9CBA
W=$D45E78C1D2D9F34E66DE45B2A13A02C86213D1D1687F7F66316AE13A99EF708FF35D6E1F78BE7BF315C52A78B96B688A040AC8EB4DB24C4ABBA70240C73DAFFB09C457D4C50CA150142438592E0287A5F343042716B126A47C
J=-$539F62D0340B6B13CCD3F9255E45C1A5ADA174989BEAF1C733BAF389D4E006097960546E884608E755F1C15986F0EA795E299803DDC9B45E4E44FC9365CF08742647D17F75DF2CE88F09964BE418A1F247944D2B3345B03EDE7C05BA66BEB861D03EC2A10F5FDD17846EB04E0760762AB1D491048EE4C8CAB72970D66E7CA29AFD8AC6C900F8861AE999BE8F4D659E6429C5D8E533605D12EA1009653546B6BCA5F9FE0B4B99EF28A52CCA80EFD29BE0B25A
T=$1

[67]
S=$1945B8
W=-$5413B03D1436769A9F87809FC5C326E70887EAD8A86330933DEFAA64D3E21794E913B06B5F3DA03809C7F2897DC637107EAA53731CB9A71321148FB2674404C38CEC5E356313AFC29E1937094CF4DA7F6B6592DC5C4375FE
J=$621825174BF232E8F0A8CA0439A7F92DACFBA7F376E5893286B17208DCA82E2C2DC5DF794F6B48B71B71A909FA71DB8AA1DB230DD8539810E8447FFC978C279DFF2504C8935B153F0597C02A9EAC9E2C1719EEB11A9B0C211FA51A8D6BF305BAEC341848B9232331809CF8E1C466593200299E2EAF5BBE086D6A26F664CCB682F16423CB6709E07FA34FA76EC2920457FC96C4F4EAA457AFE78A4E01EF6FEA8EF61B6D633FF1F50D5D97B1AEC6F327F
T=0

[68]
S=$1669F6F
W=-$146B9B1C646236D4114F63D6A02BDB2690A9A561C6E98D03938405C9EE765C857ECCEE571CB090427EBF5E2259DBD49A33CD9531FA0E84E8DB1545AA7CC4AF308F7EBE6E556D352B6D4914F733A8EB154D49ACCA597095
J=$3DE34B2C40490E060CCBE538401DA6FCE2671074527C2B9E8C235F67A371D356A9DC678933C14C7284E02653C462DA837D0C24F9734140DCF5B462C5F2AB254942682154C0920ED8205B72DF6F7780910342487E61A1CC121C3A518F412F78398A116917986880967C85E2874378BCA93EA30606DE011FBF47274602385F472E314C22C5BBE24C7908D7158778EA2F9243CA0CA985933C2F3813C0E7C8BE2870EF1C1A3F77ADDA80607323CA3B
T=0

[69]
S=$BE123A
W=$13A3CD2120E6D8EC34622D159DE6DC6A7482CFF516D34DA07548EF1D9602A2B70BF2822EEC411C6BE0FD0312BD3D0A25D7706236A23CF1AAA4DB937BD646CEBDAE2D2FF1FEBB6B3C09FBCACBFC7AD48477034839F6C
J=-$38A7D0A2A483096C6DF037B91446AAB6B4BFB2101F2131D7D32A0E36609D9948F5CCE251E41BC31AC4EE115A6AFC2443E9EFC32459FAB16B448BBE3E9BEBF1C3D469DEF33DA2F1FE4C5C32EA501C77DFAE3828F2F5F4876FD8C1300B686A2ED1C5FF4A261D0A57A739619AE2969763A6BE2296BF95D224A5C5625858F8A8C6E5529707F86030CC8ABA357FAD3C958140A418789031FC29E4B2B5BB84F85D21E5E22A364ECD1A8138779B
T=0

[70]
S=$BE28B
W=$1030F250DAC68FFB475F6F9446808DF3C55FAF465234982BE4CC747E78A8A719AED5DDF0AD6271C2CB9B61F55324776F5A5E5F8EFCCA9D4FFC2CAB34AA2D808788CB1F891E1C38B83B4813E2F90EB59873C281AF
J=$21BFBD0A307D36CCD1AD273629D804413C055B9D01337EB8EF683CAE27B7094119585F53AFB258A3012108488804F2EE714147E9523DB25F21348B8A405CE6FD998E61451D93B32DAFC8C328DEB565A65B7F7021A23AB6A308A3DA4B4F5DD6ED4FE9E4A9450613C7E354F086074B3B6BE492157A52BE2A38F7B7C325477CC561A0A0D6A3CBA4609FDC99BDC79CBAD9F921F1A6214C92722A32FABA8735CDA6E02316315E0739D5
T=0

[71]
S=$182440
W=-$64061608ECAB3E025FB9E9BEDCBF2819BE4F3C911F976E897B3AB35B98F5E80715FC081E12D51B88B675611F6E7E04B723E4E5F3BE2EB01A153C879AEDD1083589D7E906884B2D62D28BC11F9E6F63791D6FE
A=-$7328
B=$1DBA42
T=0

[72]
S=$30FFD
W=$F401E5A9A69E313EEA448C26C596A793C4CAFB82C0A296D61F99DB35A8B440DD9673C341C6C04C0D9011A5761CE8CDE90259D62CFAA75AECDDFCEC377E22381D715BF5DC637ECE7B915F2B359169A3372B
J=$3D4BEFEEF72BDA31D53991510161185912870A477CD3B2936A9FC00127BA53057B540D22D00FABA1C9403B112BB1CA7349AFE2EB7F0B5208A3E9CC5065D27BF6F2982E7AF3978FF92FBE488ACF8B6014D023AE64CE7982A2F54ED03A32CE404A11B0579AC54D97B4BFD938B97E1DAE17B3ED7632B46CCE8A92D6009789164E219F9F5AFB4D175D393E9A162EBE91A70C2A9F4676C55AAF173174137549FEC1356A30
T=$1

[73]
S=$23101E5413
W=-$8628914D23A0AC48DB15693F4C6C5F64CE001DD11360342C3DA8BA77D42DF0DD18C4119078A19738B147864DD9221DB37EE27234326987AC378E1EB1813BE862C3990929B3C161DB7201ED821214D8C3
A=-$D70
B=$12F5A
T=0

[74]
S=$6FCBBE
W=-$AE37A1CA1AB9399DE8964A9ABC9BFFB93FCF96B22A4720A9B22FFEFA47682A3EDCD67484C32619F32E0D2F8B8DB76FE7CA4A630F207B37D2FE15786F724C436399B12A1C211A27C091B476693A2
J=-$3C6B37020AA980D14D017DAA83D4836B04376FF48E483A61CFD6D3D7542B77500C0757E8B820EF6511F3F35C63A4F263619FA2CA12BA338F6B5A941A6611693A5D97D504CFF5307029C557DD27FD0481FF7F90AB3DC661ED9B67E99574B8ECD564EC1088EE3EFFC9ED9D95B7C157B7127FB59182D4E7184532830CEBE185758A21D9CDCB41DFB2705D45A2B903A09EF1B5F01F9E30CA389AEB819A
T=$2

[75]
S=$84897
W=$31CC21C2C0C9EC78AF2C62E8775293A7CC35CA72F2EB5FE6A0B90B1785B588B5D3118132540ED5CF2C15D300291D40CAF279A21CBA8DFDC202570C0798BBF56B987B24908276B828A3EDD54C5
J=$17991470355C5729BA4BB674D042110DA7959337EE75D768DF1DE73694A7C5B5F03B4983AE9C3F2A23E2DB42754453111012E04E5F6F433A7C0CDE09A7B2F5848B9ECC6A7C127042E75F563D4CD2D162D23D615D8B332C77ED847387FCC9334F98037EA1E6EB3806751F53C6799FC785DAA27FD44AD0866965EE9D00910EAFA2483B1921AE22A70726569D3D34F38FFDEC54036B784AA9A24
T=0

[76]
S=$12C4221F81
W=$14D3C3C3F31AC95C13C35A65C73AC16E9439C143B31D805435AF7CB526B470CD649E50559A9C402142FE852C15FD187D4A6BF09C929DF6C01615DCE5A38391B8AA338B013D2C80842D4CD17
J=-$302C203B92BB894D7EC3DD97204D2B19C04E322013A536BBE12D3823BB7473C43C25AA76DDA5BA1517C93BDD057ED60223FB07F5D1FA7AE4C7CD3A8C2815040FFFAA9364A299BB3A332E4B501DF78B190E059D18638CAFEDD0C732D981AEE1184452433E420D44F6B8B375C0FD16E2668DF848172C53E92B1456E7D485BABC32E840E6978D8D0B44F2193E5F80E5B95E795BAB7F1440
T=$1

[77]
S=$7210CB5E1
W=$91F6A0DC9AED117447095B0A2491E9A5254C001ACFD79C65ADB788995957E355038D7084E7BB1A2E5E01300B084E30E2BBC41779670184D88E03BA1A0A66097820E6440DB5F199265
A=-$D70
B=$12F5A
T=0

[78]
S=$1FDC34A62F534
W=$174EC11335BD9C76A2BF364837A78F28704B60565384EDA9344A08F8CA298961D0C7512473E6F1B4E882096DE431B122D06F0289F157295004776325919ACB9B33280D6A160A92
J=$DEF82CCE41DEEFAD4931775A92EEFFBB1BC0485B04A5030723E96981685833BF1176EF72A39A960DCB2997DF0C4C228C8DCF127AD9BA27680B0C803C30AA23A07780A5DF2B52D7F593FE1B65BC117733E31B028F2592A2D5A77329F1007BE74CC7200F6970F849F65A774D08069D7695837FD42E1321F6517F59FCE30A16409C6E3DBCC4E93F821262504A83D
T=$1

[79]
S=$12F4B792
W=$14952B13A606351DE3A5216032D7C0032C075520736428CEBF4BC3FC744FE072A276BF58F1C9B5EEDD1D1EC22194A5B6FF981E155DF872C938AE9B7D2C8EA93D74991E28
J=$2B2FB8EFF022EB92D883153AB1023A8186AE1730E087C7472C868F1EEBC082F8252586B45AF765E30E2CB3EC036EB5956CB1D471586E101CB705F847895DD9BAD56BD42005896440B265EA3E187B129BABE50520491F3DC2E618406B856A56B2D006757191CDDB535B69F949E062354B17BDB81CC38C76FA190FE5E8E66487410EB908F1DFCE98
T=0

[80]
S=$1B6
B=$2

[81]
S=$7A21D0C10
W=$29E2E2F45D2BC093738ECDCED52CC22DA9840809653724D30BC6772E4A6D7CFFC940F78FF646F922A89DB2E3FFE470E983636CFA13F52336CB5A6D8618FAF1C3DBE
J=-$C5C1C12AD5895FBF16B445CD7979FA03F0D960B6701E57EC413B34BD8D76E2A5737BBC799E4A76E638BB7E4B6FE4E0C0BBA0DAB12E2D2CA7103DFDA5DE840337EFFB2F80694954E44135CEAF80138F7768ABE8FB06AE8637F1701E28E5851FF25D02BC39AFCF82A361F69218EA1E0147DE5D8FABFE2D42B977F9CBEFE9BA0D997193
T=$2

[82]
S=$7EDF4E034E84
W=$BF7D471920C66E850A9583B84176ADC8200E6C3F72617CDB17A60D9B6B28C81C0C565B15879B486FCB27ACAB79D3A3504D479901B95281D271829AC7F2D3D8
J=$313AED588C2A8785FE06BC0C1738AABDC306E7AED0704F6E3273A5567D5E7940883D535FC0CE105F7BBFFC645A10B4E8A903447DB26D89EC56DF3656DFCD8B4164EE72C5B1D71A32005078E68AECC3E55D62E587A9474865FD0CFE83C4DDDA5C0B34F10F4B1438A22D30B1015A5FB16EFBBF4AA26546F26F1FEA25946691
T=$3

[83]
S=$3FC929874
W=-$1CF6508D7EF546EDD1F4FEB0A9F34E3EF7BEBEC6E0EA397572D17B1F40EB11D8BB0563DD3B675FDE4372563B8A7B43014B8B3C2D788FEAC18159F6D9E
A=-$108
B=$69E
T=$2

[84]
S=$124D0F
W=$9B6FD7EA246DB0DFC8C1A1234070E3886A2577D068B573C0007DA201D7E71A874218228C82EBDAB563777645537DD3632F2E72B44B828CF3463F
J=-$31AFCB2387D841593A522E059D72FCA199568690DFC156528B03483CABE4E07CDF96602521FE15DBA5CFEBBC2D59A89C5138CC5F2DFF38042A13851E7BD661D454BD08F0C7D687FD40D8215A6E42E7789112FFD3528C8740D8F9B2CCDD15DE9ECA34256B9A3AFDA45BA34EBB0153D0817978DD6
T=0

[85]
S=$7E840FD1E5
W=-$6BCC06A48FFE9718854DA43006E610AC717C334943B9CD7A8249093552A52907DA83AE9265CBE31B0D7C2E447601D508C91ACEFFB4B8A228F
J=-$1298599B63A44ADDE86BD75A322110CDFB5DEA079385A57929133B39FBE3A2CC7488AC33D8181664B54515A8EC55D8418204AEF2AC68971288BB4D8346D65CFA039090FCA776D003F3138B315D76290EDC70B4D815C6F637E38AFE8D55B35C2257F180491E33C96961EC0C186C58CACF871
T=$2

[86]
S=$14803BA
W=$4F381B65EEEAEF9868D6AB2627B3F23333CDCD9EC0AE3B9639E6A583E2055122127FD30A368571BCE29A4C971743F37AD7A53383A887A
J=-$12257273A554DB93E0E8219337B4A6D0989096E70D6E9C2E0F340F01F5584CC8D779127B29C3340F19716F5221F22FE9CEEB6035318BE1FDCF50861C8C5FE2E7C0F62444FA50BCEA5F39827813D0E3DC07707CF1A92893EA01A49F1DBC4F7938DED8225EDAF8FD5C3DF122D1F
T=0

[87]
S=$17F556
Q=$2

[88]
S=$6C9E4802FA834
W=$54AE7D6DFA88AA1357B945B2775AF8A6DAAA624DE6886F443072CB9FA27FA07208D5D688B32742801EA348907456D90EF9D746
J=$130C30058FDB9840174617539EAF18D84116874ED77618033565115C3399D3E9974C75322994481F65A03288408AE84F57A7DB427E9F8C278733B2AA885716F98927F11F30B611F195A26A7D378795A82A959C6795C636703DCF173E15ECED76204F66BEDC0453
T=$6

[89]
S=$49940
W=$4A84A9E56678FBA59CD741A0443B19DF34135E6A509156F154522281691032BC81484661A6B39E86F4C502C7F8D90D1CA
A=-$7328
B=$1DBA42
T=0

[90]
S=$F77C6
Q=$6

[91]
S=$98B3365
W=-$81097FFD4BCD161743F32BB1B689AD4A16A4FFBD5F7362D9BBECD1EE6471797E63FB26E8724E41ED000106F6AD3D
J=$B60E13618095D29CCEDE8980EAFD6A192B37A028F7CC12BD9151E317B4352E80C3141AB06AD3C8E5C510C61EC750BA31DD5C364C4F24C5AC45274E973E926BA99F890A43D59A862B03E840C142BFE930E87119346EF11E5DC0043C3
T=$2

[92]
S=$C8FB1814
W=$129D3C56CAE66B93ECA935F10D9FB7DEBB178E9D10CF1D3EDF0823CA188AFF7BDE7CD71B3CAE6ABD9EC5113D8
J=$AE185C1C9A4138C62D3712CF508F1AB5866541873A70670A68A48783FFEF7D1A91B9D26365B446F6052ED75E8A14A0DB80D193FC55A2D3E41C1986A2C7BA2C669E6DB7EB5E3759855B6F5605C0AA454B3A8351C1B8ECC71C
T=$1

[93]
S=$B034280D7
W=-$3B60D8F3CDA4D1180AFB96C71C2DF1049039AA15124E048CCB3D7EAB011D24D77BAA1DCBB8E3E24C3AC8D
J=-$3FA4EF7C378E508270F7C975B1B86C94EEDF3C14FF212CD12834FCE28A13CBB1B39A0851D88593D1E58DAE9EF5008DAB091FDC9DC558CDB8D60982922EADAA198997FC12A6969569AD6FF259FCE988BE74348509
T=0

[94]
S=$150B9A
W=-$89E08E43113763B7D08061E6F8EC085A8C897131394650F0F27E3C798008144439AF7178FE737332
J=-$EEBE0F80060D5CB356275A57434551B794581427F44F8A0916C4C465CDA86FEB55893C5B717BB7C02F6FEBDAEC1F022B672F3955D220D3AB93924C9193C4C2DFB839BF75C4C8609AD6855C92E72FF48
T=0

[95]
S=$A93A069B0
W=-$3DC3E7684CD2D1C5C465B8DE613A5D1089E35D7E6738A8980B395A316722CF0698069F0B435C6E
A=-$23
B=$62
T=$6

[96]
S=$DEABC0
W=-$1A3BE15DF588765536A9A176920AD847CB9C03D87729639ABF9209683CC8AA7F69A55A68E
J=$2DCE93531E06863E59331742994AC756E80FFC48A5B7FB59DB15555B1471914F261A069AE9FEDF4A50988BFE0AE0DDF11490CACAD8F10A64DEBF490534838F9E20FBE8D9FADFFD6A10
T=$1

[97]
S=$D37F1211
W=$1505CDD8F11845667256699DAADDD12BF8DD52065BDD1A1D5260AF344703FE9F04CFB73
J=-$12977F995B1AE6ADB2FD7F11533935D1FBD28042E7FF697191F7B309E10DF02FED30CC1F407C15BD690F141ADA93A3F93B6B0EED5A009277D81AA8B65F8A932557EE1D8A55B9
T=$1

[98]
S=$2C99C
W=-$17239D241826AC7B6D4D63A957C7C430410B2D93683605F4AB585A3C9E6AD4480EA
J=-$29EED65A006CE1610A8534235A348F70896C8C82B523F717EB5A0DAE5F5995AD7899DA7A627340228940C5BC9D72B6DC63CE99A494E2172BE26C2B4EC8C8462C7003
T=0

[99]
S=$F7B527C5EBC
W=$DAC810AFF56DC56CFE251535CAD0713A6F0DC41B85EDC56B656403548D676288
J=-$53B4A0521BCACE2E84B0CA387B48D902C3B6BA5AA9380022C4791B3C1901768F5D90A3C066EE2E2B1C5CA4DC2721573E4709E6A91D763AB9BDD55829374F897
T=$1

[100]
S=$3C8624
W=-$34A213FE9718CF018263B961A7D65AAF50E979D49B91C18C731C3BCACE6
A=$1
B=0
T=$2

[101]
S=$BBAD0
W=$73CE5FAA04D8008B1B29D63C899FCBB0110F3A0125F4C82A988A4EE6
J=-$3DFA3E9833AD620A28C353F35F0177076060CC87B3B3A58A9C2D7F895EB8957F1ED59B7B69C93F5717347993A52A9E48EA5AA53B7D496D6
T=$2

[102]
S=$4333900
B=$2

[103]
S=$2FCA
B=$2

[104]
S=$1C6F5
W=-$71B34FC4239ACCF63DB4A974EA1E3F5F666E0C09643AE649
A=-$108
B=$69E
T=$2

[105]
S=$27C9B117E2
B=$2

[106]
S=$3F0
Q=$5

[107]
S=$FA71F255
W=-$705D1F6D518EF2537F8BF3CDC358332F2532952F
J=-$374A5641593EF66469A02DD6E1E7A6260C615F5CB3869AEFF6C4A526E15D4227493D0905C753FFAC
T=$5

[108]
S=$2817F834569B88E7
W=$53783923E54E68FCA9600279C1B29883E8CD
J=$1A1D0BD6D1EAEB8CBC292188F425343AE8A9D5D44C3CD0F8091C625FF397AEFDBBD18ECE
T=0

[109]
S=$3C5988EA54
B=$2

[110]
S=$46CF75EC
Q=$6

[111]
S=$D9C
Q=$5

[112]
S=$19268
W=$42226A7A33AA9C7CC28
A=-$23
B=$62
T=0

[113]
S=$DCCC9
W=$4BB5350AFA05A23AF
A=-$D70
B=$12F5A
T=0

[114]
S=$682525
W=-$131C52702310CEB
A=0
B=$E
T=$1

[115]
S=$1B780C
B=$2

[116]
S=$806FA6
Q=$2

[Signature]
1=$E5DAB09ADBB1680EE977E00AC293BD155968917AEF0E71DF
2=$66FECDB62B4F6E3F014AF9BD265C1F1D3F252D8A827DABFF

