[PRIMO - Primality Certificate]
Version=4.3.3 - LX64
WebSite=https://www.ellipsa.eu/
Format=4
ID=B497703821324
Created=Mar-28-2026 04:29:43 PM
TestCount=120
Status=Candidate certified prime

[Comments]
Put here any comment...

[Running Times (Wall-Clock)]
1stPhase=41.77s
2ndPhase=7.16s
Total=48.93s

[Running Times (Processes)]
1stPhase=246s
2ndPhase=52.08s
Total=298s

[Candidate]
File=/home/lappie/Primo_Batch_Farm/Titan_Group4_Prime2.in
Expression=(4797791281527982559537)^47-(4797791281527982559537-1)^47
N=$616BE0CA8C88109D849DA5C2DE436FB531F5A04669BA55939C1375C5FCCA8D1D7F564EA94E251A70E47DFE8A8CF1509E9278B023B13A7CC112585585FEFF8C5BF87C8D832F29AFDAE5311CC8490B16431AFADD204C03B60B306B3E3AFD205E89500167BF8F92319596B480E16C80CF5EB0157A1276354E11A60434A1C9FCF9A2075FDCB676D7223717A3742825AA9725417C49D39A0F823E72232CEC25805C2D46065432F4EBA1571275EB08A7616AD11ED6E0305D3920FEC3290013C530C05DF1E1D12C098452B1F9206F94BAFDB482C9A20752DB3399DA282BF41EBE089E09ACC3F6FA3EF40430936EDA0982C056995BD30D316BE02D27424F057027EA4ADFC8238D986F5EAB196D447CD447808DE5BE1156F7A0720A599EB6CF081BF81E780C9A95DB23436D76C88BD4BA3C4C1D146E0FCA9003F4E711AAB399D5B6624F8A17025FE6D2AEE73D58EF29F3DD50240A43F3A7E773740914CC0810AC13755286359423952B5F9A8B8820B6788A57047C223CB29610BB42C1723EB8688B13EABF5795474D701018612B0A048ED0A659D3E48E9A725DF38517E6A1189DF3D8D1
HexadecimalSize=830
DecimalSize=1000
BinarySize=3319

[1]
S=$71EC
W=-$13B398301C0B0C2A1C91F7FF7D6C475E64361D5889A3CA6B0A24C545836C836904B1C73917BE741DBC5CC9FEBE1479221D8499667C05A5F2022EE17678CF6EB74927B38CA72E1CEACD36168A532A2E193F5C80B4AAE13B33C52A3EAC39FEA0EA9C9071CF8DF22BEA6073A0209742672D515609A78C94A11A7BBC3085116E3E4E935443DD8EF6309ADDBD3B8EE48A768BC4B5E31DB8D0EE8F0405BE4978CF5B1EA0B7A3F01E430FAE38AF56D2E80CA318BDC02848689896F57A3AF7982A4A2780559EEED1096AFF151A7B1DAB08C57832
J=$16914F378A64ADADF23BD82672D0714A26A990BDCA81DB8638FB7CCB7E69F3BA7263804AA9257884B4002DB2BC148DC1063B23E4541DEE8681E7E9270C230C02D2DEB319AC6ABB6B1656B98EB181347FCE1F7865C6BC469735DE15DFF661BAEC8B9DD044B07CB79F2233D8531D8D14B425243E457AB2C1BBB71CF26C24887EE29A965E2D86F4EBE08D755C1C2B3FD0C0421F4FB7D93157756158802BCFA5D68BDF5C0DDE701710B06CEF559FD94B9D722FEEFA489E83DED4632BB6FDF1526DD85ABA21FA1827FD8F324DD852B0FFE83053AD3709AED3A7138808EF49A5B9D4F9EA9C4CDF4B05893DA385636FB869F05A3B639042157F1CE0F6E69676BD4C654BB325712DAFDC35E05265370C20E7D0963BEE119D7B8DB175FDB4D7C74CE82A72BD674C355076D9123534F1CB2C50374B67A853328EFA554E432BC5AB1077A439CDAD9140902E818E84D34DFCD11FD6D86EFEF2EE5A8EFD75EFA18BA28E5D0909E3CFDE1BFEE81E66FD193617CF91CCB8816927738F953B4A87EB1F5DBF743556E28EE68FCB28C27CA344BDB96FDD49822785AF66925A46413269EC006CB7D
T=0

[2]
S=$2F3
W=-$1ABB78DCCB3CC0A0B70528AEDF6C94918AA266F98FA47170AB46C2A64469B10DD817C6BD5461C14AF7F3FA8E8D08575DA22D9534D6713C0EE2326F2056D5DA33F477758B4523FF3356D4BD32E5D313DFE7562698B238DE61300355551F0A1705357CBDDBC84246B9EEC1EE2A4BB5DB5931E065AB2349325E601EB812AE1B82C8CE2EAC3B89F6A68E62EFF48D81374CA32E47F2B8512FAB23985825AF5DCCC50CE9F6938B2C9FDD51F3393E1B839709A3A00EE8F25557E941DD87585F99E723486D8624BE7259D23E2D465AE7F8AE6D
J=-$65F0578BC9BFDF9E94163BA1D5CD6F20ED822DD960DF69FFB53AF6F77487B20D1B957ADECD34EE542A9E2D45B640979EBF191CFE97CD0D5D288EC47414E76073610CA27DD01DC0F95F85E836041CAB68414A4162CA683E75704E4820D6320885C1ABD79661D784B3D8B14FA2280298E8B1EDE0FB802566A5308B54206D4A4E6A33DDBC174B32021CE571D2FBD398B1DDAA0E6F499B537F3C4B1F25B7411B4E1D4C6A3A3EB376D1A717FCABB6FF0D30EA2E991AD993C00D4389D08BC903C5C56A31B89A6A5E4F29814E20F5C12BA56E5C647BFB3DD7AD34BEA38F12CF86076B876CF111742D6022BEB2EEBADE9D7E97B34F15E09FB3D970CC04F32BAB4B8F2FFE86C763B895FF2865EB9853FAB766E7FB4008ADEC5477B0542BD2A9A3656621F61A44561E373C8E37B2025D78608507D33F2784B20E57D1915BCE2583CF84C6FE0EEDC55CA6136BD2A77DD52AB2EE88C5991394506B68586DC6BE08160A4824563EF4EE9601E562BB47D9E34ED6020056EC71D7FEE84E63F93F7475E7E84C0C4495EDBC3A47206E58AC689325EDA6B479141843C4266B5204E2F962021F
T=$1

[3]
S=$E1B307E975996BB18330
W=-$7A32011D531385328BC4545960EB74B30E9CE4811C68333F92D9B19E1AFED79B4E2F3F61D93DA7148E9A025C936907D868F8C7E398453279004D9709EB78324EE993C50172BAFB1CB16AB772FBC622A261BD973A42BE26CDEA924C70836FDAFD8BF1852C7784F2AD47D01201E08FE134C1C436A3FA502D04115BD72AE554657A49A067784B68A811A7F4858A5C1648745000819A21B95212B60A15F7ADEE7D03D5D945A0E5B9D779AAC68B1252CBF672638942ACA19A59A8BFA238A01E2A01D951B1D2545B9EFBCD626D5C9812F4
J=-$DEA8BF4FCA29432F1C6BFDC500709F0C0444090AA2209AD873D655B8AC026E200C30037821D9C5D2C38ECAD24F6D722FF1156DD54CF5251AA12C46D5C339D7F92E6F77646E07BB44488C9D07BFD9F478E7F9D3FC2A02C20CA38CF3400A97527D23629833096CF8E4AAF994D532576327EF3A5C2CDC2DF8959A98A206EE651E22B18999C5424B70896C083D405B4C0F42F75ABB120F051F2EC5DABC124EE1FEC454CAD4AD3834AC5FD0B1A03307B84719D7A622831205AD203A3B30A23CB6FA264ABE6CE63F184361D8096F5907023135574B34B89158D15B723D93AB8297B7098F2A6FDF6D71C6535E6DAF84B1465D519F426C2EFAC2BB9B6604F69C85D9BD922DA31F0E4F3C63AF9ED7C1DC5210C443964914576D3FC175D662650AC9C1673A431960FB44342386BB02FC6EEAB1DC77B2CB47E3F3ADF441843CCD1E588D8094FDFFF937E7180B0D9DF62EDCBFAFA3BF4D6332849CA6F26A815B77C4B8A9ADCF7C67D490156E8EB42AED86D24C596123DC7C7C8EE766DAC55137ECE240C371B1F5B2EC13E8415567AF3A93CE6E4FB2682A459AFC214C45EC2A1AB4A
T=0

[4]
S=$4C3678C
W=$62CB25FA834C8452A3A25E58A8BE5ED2C9EDD472B602D0C66A8CDFDC38CB540BF4830451BA585DAFCAC829C7FE4534C368E2BE44AD904A85B241F83F62D827859533395527B0165FC21413F7C6911266A08B4CD488CA72099E4F66A63F77E9D0FC2F8B2FBC67672CE8BF21EB7E20BF8C07ECCCC6D20E3A119F8C1F331DBD336710AD291385CDEA94CF1278FA22DBC8138AB32BB4D4ECCD6D1AFDEFCDF8D1CAA43B75F3FE6B443C3749B783ED7D4F1FC61AD61E3356B44172BF50741D3C1996B7736C831BFC1CC4B654
J=-$151FF7C3187A299C6D4BE331432A1394C3B0B81B78684DD8692AB610D771E2F159842F45D34B36D1B9CF98A9B1C40EFD61757F4F108BB2FB4A07BDE831AC14D821776E09F3D0509D2A3DB6ACFC74848DC3A5BED86A8BADD23074F89E158AA9C310706CDB52B7BA5965A6FCB1FACB433FB02528A17CCB401CF96D63695CB80A071F8FF523A059EB9847B831B19B423E0A8C2C1F499AEBE33BEC32F57FC05F1A0536646C8ED495986D61A4FF3B842C8472C9A90A4DE29600738FDA4C1C42F6F9461110EDA77C267A7C43CB833E3317A13E34CD20E373D34FC179998BC64ADA9131A6CF61AC9D9F0167EAF1F44179C18A852FEAF84CE883FB6B8662CA48804773BE355826CF28B3C87394B874B31188C31EE47783D7EE67A6FFCB30DEE8C8FBC700AEC3D7B022DA1CE47F5BA3D07960A01442EB2D1E293D5B175A48218B1D25DC9BCF682A85FCA47C5AAEA12A03FC43C4A3C550EFE964E99AC6D3C019AC33E32B207886E49C94F9C006F896FBCE1BA8A007BAF9C7446B4488933AD3A7019976DE06AAF6116FF4DA6DA5647FE21B5373E380AB55
T=$1

[5]
S=$3894636
W=-$7FB44D5D8ADA2257546A196349EF7D638287C5CE1D6D27F5712DC47ABB6E45FED5ECC0D3B955F724332A84566BC8CDCC4C5F7A0F393C44ACAE7447053E1F686E8399C1A1BD7F8FD87A6D54B7E52F7C6676D7CA1A1D20D64BBD4856001823551A25CC46AAB25E5AAEDF3DF91E5B776D4417F86A00521DB7C2FE0CC86FC5A5E8F80845405A62503845EDCF45A9977CDE18D89E7634577DA0D0CE0BC8F7B657C77D7ED8665E7E4113C4187B6C29B7521E299F035EB578668EC136EF3F97CEEF7E6727127F8D5C682C0
J=$375AFB14C993879FCA64151E82F461C128C594C96E60A34CA7FE748C437F5C2F03FE4DD6BC067D548E20C2B3F4241A1CA3717C39245277536EF0E3BEBC762865ADDEA0683D5F5F155CDD504875A3369A191F5EB7534ABB45A3D1844F7BF688FC895B87AC1F358E0C0DD0222502C2ED95E60095D9B76C34A4903954859CA2098FA15322AC5BDFECD39BE6BA8942392A544C9197A73844569C373B902BB666A089C9A4D013A6F8D11FE4D8629A1B6EB52161BDD25C6C18401B97B8AF575FCDD3388FB4D43381E2BB71F9BB76F95E0C3734F089DC328B9B3F958F5C5A2A78A845D6D41892B26CE480872D85DE8AFC1F42D45B28F5E3D1C349DE64F55869D0BB8D08E30389FBD972635BCE68A36D5B0F16FB8E5E0696C0AB8CAFB8356738CFC8F1EDC98DDB7246CEBC5640CCA55856757F13BA9D7D314D0324AD6CB631E8AA550B576854792719D56C0072D2C9B91C6E91AF6580C75B48E40AB35FE6D374594F72167CB8707B9EA14A82DFA973D72524E0E6542D77F39B105F400AAD06EC8B09350BFC1DE309EFCA5C873F15E1E8AF265
T=0

[6]
S=$11A5C1FC14
W=-$1FEFC89221B82EB50256572D43AF393DF11D9518C6B78D1C490A10CA01EA61FCFB66E9ECB4E857AB2195EBEB7B9F4F6DA39C8F7EBF8B00198F222378828EB6C582F400A26F766450E4F43128263E24C1D5D87A6E8891AFEF762787A244C947E052D0444194D30BF990ADAA09FA9BBB2235EC77A02F0CF0E3AEDE0880491449BD368FEB346417A0E3AA2F0C2119703DEA5A97142E45CC57294B447A670B2762243F417C4D9CFC280B06611ED3086018D29F718841C223232D632E0ED336966C51413A5E22960A
J=$1F22C1EAB9F8AFDA76B7C2BBCFE7378030CC67C9A5F0D5208F3E3A4ABE2474CA0FAA4C9510BF93875A404A5812009D5D886D80783FDAD0F1FEFF379B9AC9198A56D085EA4976EC39FDD028F093D269936174CD85EE1835CAA7FA0FFF8955D9DA05D85D88F9AD8B3F03B5A780A00AAABC020A3B07D8DB7B6892404F2E14119CE84EEA1F88CF1507D84080B168B2C00A961C0028B2BE471C5B0E191C15BDB169FA4D2CCE6E55572C20E4A2BC106D92F6CD08144493C141900F0C58D62F3830BCE94F0FEABD336D893D567F399B3A514FDFBC0274D04CD0ED0787484EB87E76AC40775F24749D40CF5AD0ABEA275D82B7EE858C0DC21B70FDF89D57B4C53BBEB25AB57A6D2CD3EDC8939868950018B4A1C5E0D1CB681214138F919297C7979EE6A2D6B416B13FAAF3FE4F00CD0C1A87660F3B4B581D595B1D43F584DBDB6B2ACA863CB70B52E42A96D3414873CA803B2FE4ACC5B5A1349437892CF16856AE118D24E03CAE6AA485B9FCE2B5F1047BA8A4B2334AC1AD79F8BFAC40035A4135916DFEAE142A30ACD919D2A678325
T=$1

[7]
S=$286EEEE
Q=$2

[8]
S=$A9BCC6
W=-$A9E0B2917E554EAC495B909537A21F96BEB69E494F376E54BC817082638467B8BF25CE24DBF88106766DFBC9509AE37E17E0F32CD57D70D7E53A5E06112BDEC84B9CFDEEC0F4F43E3152DB104260352B50DB55F656C4C6720A5F1FD4F5C74BD3AF071E4867DC1ACF014CC7A54EF5EB74811EC95CA4E6DC864A3AFDA7F9337C63010A8DA5B278568058AD929A61150801A62530100195E74EF1FBBD991F391F2B9EE6A7737D587A652D46A82848A6DA2ACBD29BAF185806EBB2B57F53BBB288CDB800
J=$BEAFEC0103EBB42001700F98339BB6AD28CCDE4E5F4DAC30C3CEB383CC2760F61C2DFD981383E813726BAFF2A9B856A180CB606542B8F62E6B9F3B7C274326DEEE4B4EA521F538FE18166327F3680A5A8D4173CCEF71AF18720610908BCA5DA24D0BCBD7C50D2CB96ED4660E349FDF22AE20CB038DF65193856665A53B8DD83E2B1D6E39154A9A2ED7A6842227D3A038032B79875A18A9F06FF1074D8955B5CF92ACDB17ECF1BBCEE9991E605323F9A1A2B41715B532187DE45C9B855C336EDE9BC1D78254DC59BA07A1167A87B2D967C253C2E03870161ED1840C9A54E8944B688A63EBB06A20AAE76C0C09DA4EB3861642E70155B38FEA35230512A755C188586DC2C3BAF8E421E4E93FA25063B14381101FF29EC19844B84D47858D7C1C47EC4894B8B45F5B67EBA6DA2E4A35CEF5316663CC2C86B1D3630E16A18891D2099E0ECC62BB5B936341CA9952FC5002D950D684E348E58DE90C9C4E29E7BCD7324CBE0C7DBA9F8E56E1A74FF4772CDD6BE1B181FAB954AB0D26557EC8513DE1B5890752C
T=0

[9]
S=$4C8A02BF
W=-$B45872C46B221C7C17D517129CD8A0FF9DD9834049DC0D7F37A5676ADFD648682FE25BE6DE127B566DD61CC0B3F32AA4F7B951F491FA2FBA0DD7CB714CED49B9B0F8EE718AD53D4F7C848B826EE9789C2CBFE3540D925941B85E28DDB414A74CB291B18214F344C40C11046F9F3254B86FD6777D1AEBF8CE418A327C82D9991633692B0229B7832066389A199E2BFD364A379B0421676270C3AC6B8B8518FE768A39569490AEEE70597915D68714E37B53B42ACB93A6C6D58E002920933119689
J=$7BA37456C902358A9DE5B5B1C2C2F8EEC9744CB8E2CA60825B6D376027CB3F8434F65B65F3D3F16D3FBF65C616E0D616BE4CD884B84E518166F49D44A20B3459FA5032BC4719121986207ED486DC2EE183BDE340FAB0A310B5D1664173ECFC79438558F7C5584F651E6E39F42BE8192456E7F9F77561E19A698C3A2296832DFD5BDF6C6313E7548203A18CFE12243E480A7BB48BEF57781B0DC9803BE75D456FACA072ED87C45F7F117FCD79974A8FB886C760EA77A3BA2659D8D3AD79CB6DB0B456FFD2FCBD6FD1B1588D85A2AEC468D0987AB54F634FEA54D9A55A2CB433D1E6F072BFA46CADE93C6B1C563C84DC7A4EF5AB6490BE2CBB26C2687F52C268A0619502822571FA35294DA0C6F9F6CD20BA5C0E8A811302FA843BB0C16768086D2BE7A9A33F3698DBA6FFC0D45F44D3C2FC532AE932868C6FA44F92A956CCDF4A59C474BA672A3237A1F01951A1BE1E8CD8DFD2FEC059A5D0D8B0E80D912285157B09B3DD368854CE57FD8B2BD738A55424C052132B6D1814155FED51F76F5B6A8
T=$2

[10]
S=$3C249210
W=-$10FCC11FE2BED07B333FFD181A5C293FAA953F35968A423EA26DD7B48372DA0C43A02E9423322F0444680E320612007899E5542E3592D8041F7923384300C9631EC1CABB86ED503AF985CF34B2EDBF385A6D69D8D585C0B6B70DE2F3A93DF422926589669EE8337875F7449309F055E9A064EB32E8E74272ABE2C91DDE8EBF6F5FF453DDBE7C44F5F29A45D49B71C1DE5A6829C5BA99A7A84776241881A033E6D41FCED4A3FA4E9EFF9ADD38B5D6C254B4B1D930F198141E71302F17EC97E6
J=-$434FC505121613A7CF2C3C4C23A08CF0F6FBC47B21307DAE801B4B1DABB8B0E8BB60D0FD491A3A5C5107AE56144BEC501E5D9EF71958BAF2C52E17B85183160F9F834936E6ECF32FF521F6139DEE2AB6BA987C8631948A024C5DAA722076DA540047845549FA64632E187A68C9D2376AAC024F1F47CE8C2D32F682CEC42A5A6A4FFD2B8C907411CA4C342B921976FF661DC3D8337BCEE78E24E27D09FA182BDAF29C4F1D29AB2B6E759DABB5B3D75AB6D7CDCC11E255224F489EC2674587061B01476FD6E112D1E9F66D042EA43370BC068734C47D8C0060ABD02B4B7C10F488620A02870BB01597036C2B5410E9F420D452B310C6DB755EF64D63F550DB493379890CCED9E85D335E2D463BF3D87460BE6F33BEE221525398FA5FF24E0D01B656372A04E5E694008F152ABC6071416868346FDC0DCC2EEA6661A48FD62FAA3562F640C7817C643F84A07C2BFF3B0951DB83DACE9D94B85B4B449D4F07CCDE660022E824A3A144FE7F564C4335ACA890980F518AB95FECA85C489DC41D
T=$1

[11]
S=$1F88C23E6
W=$809866D8E68F14D2A43F4CBE5A98FEF2A367860EB73AFBE474F3304AE81FA6699CEA08B44FCF01ECBCC1448C377B8FE18DDE1E028F1EDD70C234544069D2A44203AE053A948B01D02F6EE093B71A07FF8145961B3A2F4E4BCB0EF4598BE6612D701F25087BF9B89393E0E2E8F7B4A048BB2202AC345A74BE6FACE3E3A7C8E3567591EC2ADB14B978B8AA292D5A095CB7F8B2C38C3B9117402AF3FC424CCB5CCC25C258B35E4E71BE5CC13E8D007EBDB4BAB6DD70A2F052337E12AA9CC
J=-$FAC4148A8289F975A2E482DD4BCC665E0A03FA5172B1C7BBF284B921AF0D10FA31142C08A502ED6A7BF70674CCB77586E5B8B0BCF0BCE61BDACBB189F55B406A5A1EFC2D9C45BD5C18E76E8BA16FD27F527AE47EACBDE25BCEEE8309AF3B85698822B8EC5941016CE7C942BF89BC6E983AFF9283A2ED6850DF3BD0DB86A538ED6B76C6D4B107BF81B21FDA287EC0648C0663BDD2A4F65ADAD77BD2620CA32ABD97B2F85B082CDCA9420FF738C9944CF682F2937E7D75CC3AB76611437CB3A243F122D4AEBB3F277759B4399D2F5DAB822B951FB277FCC2DE207EF55ABEFEA012E57031FCCCC6ED4EF4BB11CE18F2A23068EAB70A59632970255AF800E29BC0C931E5538B2AEE1AFD85B830E9375748C9300C405E0EECAAAE44595078E0336AD383D99E244311B2F7CE28904AFAB772D6E69691DB2FAD62FC5AE0BF0F30BC7FD0B27BA6211F8FC33D5414367CA2AD1811771A8C931F92649C18E1540549B1453E1BFDEB21C9D849F576F40164BEC298EC2F01F0A75CED8409CD
T=0

[12]
S=$3622ECD
W=-$1E4E356B8835BD04F0A9F4D07F1C1470EA8502EFDB9F63EC23C5EFB10BAB6BCB855B8D1C1E734ADE3EF4AC201FB97FE551F907E343450D8095EA42BE67E227DD8A69B86B82098F587A8CB57DACC34AB52294B7D9A6CBFFB6CAF8B69FAA706CF9875FF9380E47A324B76EE8B192C96E26F5D9C7A0A27124A4E9330759E92C2B8AB2588938C6753924EAC2228F1988E2982871E3E2A259F31B94A7A5F22C14C6D1FC76B889DA60086B3EF165973876460E67AF7700C91856A4ADB391
A=-$98
B=$2D2
T=0

[13]
S=$17B4283F35A4
W=$1189C5C8D20C3950BC13AC6E6DE56793AC96781160085651A1730DD25BEEDA8ED087611104F8CBD80A89621922CB666378092ED98A51E41A48B755002765FF5707B38A085A1F5733C2F9D6379CB04B5044F4F47A544B6F7A28411E31CACCFC07DB86D6038752D7ABEA6A093103C24BAE3AF5175BBA398ABE9E911243961DBC3E83905D9780F65E45229733EC49190925483A7EAC2DE6977AEEDDF9E0C999DD9BD83A64D5F2DD354D0876CF9561FF9B66E82CF043E5DFCEAB0D8
J=-$218161D86563AF8113D0C3D7B1EE9B1240C59F1815E4A3DEC8F130C949484C94168FC86F616FE66E8721661123F8FC05A84C5A7AC11AA693FF953480A7AFD7AB16126CA6559FE3ECCF01EDC29C4E188BF4910CD01617703E93C41CB4970375316BAEE765AAC62A124407FACC349099F8DCE349B623441610C74D604CAF45D275DE8D86A624AE3CC27D17C6DB8FA01286E2C6D25E6C22A1D1EBA48D0A7EF645070A5284B2763CFCB6BC656BE1C4AE28218FB0FE513D74D277C248737FC68040DD9CAF45AA7F4267E4A7714BB5B892980B044A95158CA79D78596F765F093336E88CA5495EF0CF01F985BDF64DB44A064D54B1D497AD34587008FD5C3406D0038A326BE35073C4516385C488E325FA4E98A5C1060DDEE2C52FA0DB6F12673CB80DC66EC532D7B98FC97CC1A33F1DAE1DC7EB0828A75EF1DC7FDF566690B08EE01977B4B919E16F8E38B6D0094C57DE9D3591CE9FB313EEBB9E160E1258C8A719C8C8862B85B14EA83EF46F3B2D6BD767DADBF5
T=0

[14]
S=$10B089A84
W=-$3C75B47A557B440376585D84F93B0CAC61D35AF34F25B7CC576BF069AF3C192A0DE3FFA3A6E880705664B5CC9502E50B7D1D9F1DC1B5C5C9105F39B77908FE03855C76ECD22B6262F4CA532AA332F0C20075BB0F9FEAD3965EEC5E3F4C3D089D83D1C530DA58AAC673EA60B07C1C41EB012D192C9E8071D8DD530DEB8FCAA649ADFDE95E1087EFC6BB2436B2AC15AA327AF09E39656607A695ABF7792B601FC83D28063A1FA1490B40745173582D60A44214EC8028ADC
J=-$E5FAB2537B115C704E49A6FE6440E38E116A164B9D1B7716DF1680458A1410BE54CEC52DA71C4F82E8B8B57334F3AB9889A3A6B724F9CCB47BC89F88E2965F485A3D9D8B87A51055D00E626F4035AA0B8D24266B14DEEBFEC0B30F211783F4EBF5BF772E34E68FC9723FB81A56CB3E494329ECC1A06DD0E133BC7E587183AACD49D544603511DF0B80614B2246C2D610E4777F81AD662223C6BE11D2ACB187B29ED364BE04E51C04FFA57045C151C4AAB78F5D066A731DD6295D3EB5E5BA12D04CD889F58F682EA781139F35E88F06C52EFBB2EC23BC35223DAAB5797D25B3BED06150124A29ECCE43D8AC7470AC3A652A963515A8515A4A3FFFB9E643C02A04C9FFA594578C5B9A15E074D4D4639289A7E6F1A091D01DE022D46EA25BBC29475FE10B6379634B63830324AEEA8F11545158268E01AAD7BDB991D0C2AE0319B6D795F94556DEE93A437B9AF39300EBCB5BB91929971E4E90825FAAED7FC9522381588211B93BED18A49EB043
T=$1

[15]
S=$75515318F01A7
W=-$124F489D09FDCF69AF3BA5EEDDF290605D2CE69AC79EBC6379769646FF7B2B4DD4A6235A159CE06EAF58AC3A7358A432CDB6732FF56B97850F4A297D1B9CD69987C0B8AE153C53AE751810BF72D17996A153FD1123F7C24E83746604853CBD9CAF7704FD4D9D64F70E39DC3014A1E0335F3AAA4389346B24361C679B53741A6060AAEC827657B0816AC50D8DC9438F343FB9F492A54189CC575BDF62D4A9B002D2B9E09827B002AE5B5E1C38178629DAA56C12EFD
J=$B1D54E3EBE51164A3FC9E33F62F7C334B5ADDE69CB9D9EFFF91B9331A198FD37BA84C7D2430458D94522F92575D448EF9393E3D95C2A66578B0FC89952B49FE23B3F152A80B4311CB45DDA570873AE365B972E917B5CB39D9AD5D44D4EF19D31451482C620FA5B20D6C5CA9F84A02B91A3E93931FECEFF81FE8752E5BD6AC141E0095E0106A4928D27C9D146C804E33CC904992F6365891BBC6725E62B3C6449A2C598B8FB1F5756AF530CF7B3EFAF83519C0CD9C5F9BA8E5167777DED0DAC4860B06359A1C4A43FD71BE4BBB7023D5BC601A4B33BC6C35531369DA0DB026B746E84CA7BD9E1DC415BEC8C2A0E69D1459F9E3CEA444E3211D4F33F491A37AF5709313C02E1A61B3FC67FC794F8259D02DA15790CCCF0BE2AEE27C7A0C7176AF2FB2A1ADE85E06D88E9B46EC3B10FBF94010338AF066B4F5B040940914BE06122BDA0AC2A2086DBD38A9A5331C0D17D9A15B2FDD90442B3CA6BE39AFCE271A3EFF1704245BBB0E695
T=0

[16]
S=$B3
W=$3D36347BF0085C219585866306C7DAC08F279E88196A2CD6549D6BCCE6541F95C9150CCE4A687D027E87EB2048792C172EE3BA5DEF6C4E6442C01902373F2F9E99066EB834A0B73BC083B6F438E1E3BF7DBEE4BCB2C79351EF98C9F0CE620596984DE9CE853BFECCC329EAF3A83CB98DE73940302959DD5273469B08E3D632EEDD3790A3D1B5D4E9CA2DBF2934E3B848C83A45EE5AB7C61F4A3819C38265981F7FE3DC48D59AD54D1264FD7120AECCA787
J=-$E43F9D90DA41788841B75CD1872EB9C183D958FBF5C3663183A5A2E39145DBB046F04AC922B279888ED59C3DDD8178CCA776FD387080197193454587C8998D95D989E9EB9A274FC40C457FA10AF83C64223F0E7CA752CAC8FEC4B99EFD76AE134AE9D01D61D0957CA06388A09AFB3855701C5796BFEB6F8709760B9DBD279B950633DE8B62F13E0989F5DFA455902B6DBB4F12CA3C20E8135A341D0DE2B53A3615156704B598E9B681D281D9386C95A6410EA14F98E1A80BCA40036AED7A8730B70EA815C171EB53B4903FE38DFEF3CC2DD5E07CFDC33DB13B85E516DF0ADD0C7BDD03BE24004E224F7C376727403EAEB777B973EF1549C4ECFA68677F5BC32C5D854049C21D85EDCCBFC0FDB4C7014E02DDFC9806210CF80FFAE2E2F44E7A19AA2DF546F0A7DFB4C1543133D2F5B0103196672FCF366CDC7A92D2BD047A33607116902B2689689A68CA9075B723026AB18DA32B2ACFC120A7635C97D5560812AFB
T=0

[17]
S=$13BED20
W=-$19077CF32D1B944F444E89A352D6C386DEAB8C1BBA636432D37D19CFDD29D78E7A580B6F74275E8AAE963A9A56F24D552F28FDEB595912E26885523D4B78BC7EE04A7FA7FD654BD6A751573EB95C8D117CDAC343DFFF618CEF145183684683FA3ADF5861728D81A14D0DEA567284510004A3016F17201F2F17305FF29BA445A60740FBDB4CBC36AD87EFB5397DC1C1C0B554C7BB15E2566FF49FA7869CA04CB4C4ECD8F6D5E942EAD36BAFD26B419A121A
J=-$2CA97CBCE0EDA576D2655B8A49E91D195BD1BFD8063E0414206F1EDAC80281B0441579583807A88C11A8FAC5FE555906CE58721353048D5B3054FC0C7FAD54CFFFE7756940F9A22A5B0C61E770C0D6414E3DBDDA070D1527DFA03996435B2FE06E25D3BEC3A2182EC97C8A0D31CD427CF025100782538A1D224B23A611EF0ABA640178DF5D91466AB626FFADEE6E2ECA3C9920C855EF83582226BB84A4E3C708DEEC1917C3D1311EB190780D3B9FB57BFC21247CF4C7EDCB93ED4A078C24CC2570D576CB612C340691B45913788205E229C796A1E3A676A2D350AD86DEFBECE2C644FC2103AE6B853C3D76737533D28FE4BB0FC507FEB5CA86A0AB18BE919FD150077FC037289505CC4ABA8395605B927A3E3E6EB1E2C25EB8E7E1C021E68C8A993CEE19EC5C6FFD9ABA9269BAF81F07A5DB8855A86F76112C656C1BED6618C21A9498FC77539B34C0D88F5CF48C38D3AF4D8030F221DB064AE27D91BB18BBDDAB
T=0

[18]
S=$E6E1201E0E4
W=$1607F0598B675D596D1CC9406E3185196A9067A7BC376BE64C6DB3D0A93D2E64BBBCA7B095570FAE3C9817663991354B7E7AAE6EFE2033805D47714BA1054D7E11C414F6385ACFB990A8AE74CC23F85C5BB4373605F8C20CB61D704EF5441D6B20F582DD9CA7F4AF58CC49020D69FA97AFED348E33455F61D96ABC5B0F9B83567EE731B32B667A331DF1D7D9328126BC9E53064CDE33AFAC5FDB33DCB2C200FD19546693C1291DB403BF5E037D80C4E
J=-$120EB95172C5209926921672E0EC7E99FDD064202084DB1F873D19736F918ED86AD5159DC7ECBFFE2689741CC4A5F3BA6D1895E63A64EE4F3BC42BC123906BD190DACFD9C1CF3713E1516111D4E91B9C53DCFACA5AA9C42593D867016F45D9B49117EF57F03393617F6335CE64EB1F9BD5E7FD9CDD8D8938392890F3456659EEFDF252EBBC1D873E6F148C1189D8005550CF3BF91373129126A18B0FF0B5DA20B80A5CB97F0ECDB81B622D16EB71C842D200E16E57C124D4ACF819841E62A5C2D82E559A21D02A6980FB31AF0EED94B907FC591FE292A7900C006556B3EB649DA4B0562E46D5A756D15C0A345A08A1355B8AAE5EF79B6EBE16EBC438CA2465A1CE97471DA365E4C7F5B0008FBC6244F9D8A4E3022439F0725C8D0BF2A8CF320EA3C68CA998D4ACA7B19442D93B3703C0542EC374ED39241C824EB5876BC2A63370F2E405A2D0F50025DCF5C8C483CEB16425AE725462D16CCDDE3183E453
T=$3

[19]
S=$A80086C770F1E0
W=-$9A4E706CA1124B30A5979A302E34766636C473FD55C5C91502E456549772BF0BBEFDDEC8FD1529A751728A8878AD3925B4FEC202839675B66678C233BE761B0502307AFBD0F5A7EE1B41F7DDADD340A9B214754BFBA31824F49E6ABA2EEABE4A66627B9A7078A8E84CE610AF2B2899EC5EBBF11A4C76AE1D93D618E3723188D82A0250E01FE74759102456349C33C3E7D14664059F5E51141C5DACD8FE5ED263788DC366180B7AB2142147AE
J=$3EA3770C5D028C4A19D964284697147F3EC0D4815EAF5789B6EF12A0B3E8B5B0EBAD12617C7DA69B9F8CB21E9DB4A2674BCE0915E3EBF7EDEC07372F8A6E0F7C903D1F3D6664C26544B0AD3535B37A5C24D349ED7788C083DA4462CF44DCA5B6FCECFCB8376EDEF78A95B523D45C7B9D723742A8F76DD5E585082690E0AB660890707F968099B76E6F71F4526A04B447083FCAA0B1C8F760B8D0A4393F2FFB0E8CB95DAD4BB1971B500219CD2F484A063821345C27296630ED50B03BB1BF6341E76ABAEF8E1B198F418FA1848DDEAEE4C24F9B865D723DF3D1B4003F7ADB8748F2B1AE99DD998EB174FC2E2E700DC48BCE7B1AE5C145B84DD42B60E8316DA6B432209D1210D7D04DAD8879C73B05E329454B79FD5E491713B70E9D0F6E7E386F7EA263261F3CB6B53651EC2C5737D19E15F2E78143AC248E59105A091C562A7A01BC8143F792822166751B0B76302233537254F725E688CB7
T=0

[20]
S=$101845628998
W=$3391020F33810ADBCE7631E957291A038CEB120A803852544579873F0A80D2F74283879F750F97ABD8FC3498E299D0E97945AB104B6BEEFC84F57CD8E86B726B6DD8427D802F5D7B865ABA1B750E27CA890BFE5BC1ED064B4CF99E0946631A87800BAB34DEF1D36E11146A67918F07A9035801EB93D789B138A880165ABDB2F711295AD32B798E3BC96ED437E0F49E3DDEC0D8D6080DFFC5D65353733E1037B5649D014E4C804C9F5E
J=$2BFEA301C7FD7542F54E11DE31F207B2CEC0CDB21973630E6BABAF6F664855EF1F4283C7EAC7F57FD7561BC428E224BF02F8D2740ABF8C5933E22245C82D7546F2C7E4F9E5FDF36E84B69995248DA27FCF5D10AF216D574303B75C785E35B6F50F63E0683BF24F1954708238621CD58B9680E6E3469751F2FBE9D40116041F076AFFCC9DB73BA48E5CD29E74EAF3C8BD73A398135436DACCCD5E879829B822B2D26A9F552ACB9158F678F515778EAF1261CDBEC8A5262A69AD53FB65B2DEC0A5A4D76D050ACC9F96D6AC4013D8374906C5E5BC59F1852AF3E645AAEA07CB2D8C1C204FC4D78274C36070C2AF22928653C0146EC8129E88D9F8D4890047E7D65A75E31910DDEA5CA1828CA58B7B4B4EAB930129206225214FBAEBE66A0C5C3157AB12C5508FEE0AE7A0E980B15218DC8B598BD8E7370C84920B921BE1BB7B886D655937ED5D31EE34A648F5756D6B4464B1A
T=0

[21]
S=$6
Q=$3

[22]
S=$13A084CB50
W=$1FAC53AB72E390A813FFC655D1B5E83AAF129382B93C8DCF7E198BBB6FC4507D0684627C08BB281153807584A0D514B6063E2278C102CE64DBC9DC11CB6F6D7DA9759712D2AB3A791AAD91F89A389084211AD4B6B288B7B794A834BC04BD7270D4C492EF74C47B695B27AD83BC829E7CA805127691DCBADA7C1225342203A3CA341E957DFA9E6BEE65A9F4674B52D0FDD7D569A3EC7667A68E41C56C97B77411D2123F62EC2E
J=-$A987C4037F8582FF5BC7EE40091F87912F97A100E90C8485016AAF54D7103C7E570D3D66FAA9EA2D9248D737FB1B0A15A13A2C1C6D6C9F319E1BB1158B3E4C9C3449C9AA30A2BF27D3E549114A800E36E0DB0116F4C74DC8D66AD7FD6A47EC1FAC7662CA8EF0F36165340D6EA737218DFBC569BD0F3B2C617352FEC523F6894219149B8EB8E32350BDF7C2936E55AEB64C77525152A4AB3B2AF00D03BC6F79156B29DF2860BCF4051539B8DBC34AADD14627E5840EC0B2646C2D1B1198A0C0B8C4871E157C569D64B4372DA4ED9B0381A3015DFD8588BFB397BC670F72BDFC73A27B8FCB0D77938E5AB198CF28F6459BB895F00371DB9B25CDCD3D15A7E066D6982A0E0570CB460D4D153E535E41BD22641FB14ED313CF35367577BC623728B4746A3E0159AABB7F05490DD8584DCCFEE30D8E5E065F4375031B396DD85230A30E3162F5A7A1F2FCA78EA46
T=0

[23]
S=$5398C105
W=$6D6998DDB2C0F836A50D8C29E518642ADA178FA8A791308008E4499B3E6F7155B0D831DDB65A9F05FED41E0ED0871B3E32425DD0469C81CD1C0FD33C39981875E499F9C41B5C123D8DB54DDAEA44CA24F8ED2F052FF6E5EE6EDD8DD25416486B66416730A870C34F108140B1045DD22424A46F1FE60E632F4D963B658E6B4D333C3F3AB396BE3BA5667A0A521D91F13BFA5C4C04C2F1EE3C0C5643C71B9B94DCE56DD73
A=-$7328
B=$1DBA42
T=$4

[24]
S=$8
B=$2

[25]
S=$13FD5F4
W=$796355F0B29C20A851C2B1FD19EF0E17DC1716ABF9DE4C6005A3F3FE2D941F8FF04168372CD200AF4AAFEEBBD035823B8BDC969A675D2D4A5FB0F7D0B2CA0BC2D4888AEBDDDCE7FF305EA60082528607FECD459853ED3D050E8E7F5A2A9C8694C64C730CF4B88720C3098425EC536148FD9DBC50A0ED90217377ED3CA6C04F0AB0CB967BBDC8E10965FB768EFD6367555E81A385D2FA4D220E140AF0F9653E83CA8
J=-$1E23B0861ED1486BAA46E59F9274B4876216AE8A3C6C4C8B1AC84C940EBE60FFA38BA38630F736F958D0AC7A76AF79E7DEBB0F5B4494E361B2E866A91E8602E703B0AE182CF23FF749ADA4535E7A3307C56535011685786F712436169AB5982821553E9D38F18E77B6FD414D36A7916482D3F9D97FC828CE8C595B57CFE3749463491AAA1B602626D1DBDB737A61A42279D3004665432F1FD6AEC17199BBEBC5083B66C3507ADD46099003D4A2D0799A156428D3710D1F753F82F38E0FCC4464334538FB87B4B20B8DC39DA5ED958D9C429095599CE49CE0511D8003C86E712C3DE728CBFE245C3D20CEF05C58D0A608735A945E3CED74349939BB89EA8694201B2EEF3390B85A5FD51593078AC454392FEEACFB799D2FFAB8D13699A706C2798E3E1ABC72E7CF22BEB2A7C68C3E6E4D6613E6512B99C5B196C0B48FBF4CCF50FEFD6F
T=0

[26]
S=$D50D0AE8D9
W=-$197C5A64CC30E067FBD8D9FC01FAE8C3C714FBA498D467F488A2CD867DA06B82BF740E5C78F6974BE6316E945A1BC4569525A1922587E6F10F114FB419FFB92376A48A7334064CBC9676FFCC8BCD9FD6B3242E96D0FC016996CC9D088FD105801D2F628FDB713B8DF2DB7B5C81CD8B41A4E115731408D74886ADD8A4DE56390C5DDDD3A1FC637072DC33C62B4CA1B7C393504A20B65C6F43AE32A53A59E5C4501
A=-$98
B=$2D2
T=0

[27]
S=$3136DE58
W=-$1C12A1ADCA919BC1058BC241E59F0A736F012A4B610D65720B742364A96A4ED1DCF75DAE16E1CE3D2F463F3814BF73A82117D4130386FB0E30479905B513F324EB42F5E6911EF65BF028AF98FA7F35BBA0805B3316F406CD10A91D0EDBF002E2484FBF903143A0CBCA9368692C3801879B501CE2C1A06F9547BD2ADA4FD431219228242FB76FFA9C0EF581CE4CB6EAD4AD291E547EFA5A14545E508E1462
J=$64BBFD428BCE0CCF11B171241328606B2FBF660C800AB800E0FE9474271475BC931295C423611C17FB23935F345CB1F98ECD7758C2175C69A04CEB92B4E7A38B88854FF4EF479BED24087E0E1B48085D7610567333873993E09334F18636304C6C88A3C96241878600987B3C0F87D76C5CD23878C104B3B6831441427F2E2D440C9BBBC9CB8E256E61EF7B75307BDED653A13BA5BC64FE3C252278C2551A4F9D3BA06C528CDACB9B4F148697CF6009A949DCF71AB3612F1A21FFD45E63338D3DE7D3DDF12869D3705F7A049F015510AF9425126405C969454AD064D861C32A9ECFD8A89B9E6E0FBFA9E7B9997D33CC392A219EEFE2D6FE417083DE477919A81D1E8307A8522373CA7E1504AC33B156BD51599296A57285B508ED04D3F934FE0DC4705CA8595E95FB62CABD8954486FA7B800A885752043357E6E98
T=0

[28]
S=$53
W=-$F33D6F2C66D217006A6580D95B6AAAD658DF3039FA142DEAC8DC69F119E817B3CC1118900D11AA55BBD3909A081DCAC056ECBA182421075C30E00628E199FBAC459E572DA44229D15363176B847A9FCF30CB3FDFA4F26DBECCD296ED0B83C09EB5A57B9A37B1ED72E6A0A3B618EDDA3FC70E06E642D79B19C7C829EBE6DA5563C5A49623F9BDAFB8494BC00A1B6D6FCDE0DDC0E3C643196DD8F097F
J=$1CE513B737563A72F00EA8C3E04916E1A87ED6A5DCC1425F97D760E78CAE91B2EC7ADF061123F65214975800BA515C1A8AF138EC0C9BDF7C0F2E17A9A690291FB33DF04C8165E5772A72B6815B754C057F3740E1F0F81CD32A57D3B360551AE238545149082AE82F77A190B312E7D1D64D1577C3779807EEABDBCCF5C15E2940322A1CD33B44586F4F8ACB4A9B5910298C4A2CE511E84D4C74B6A0019E3E938D0FC186901C2B7630CA9B73FA1F0DB121F47E276D2C82F12DE504DB2D83EBAC41B7703CFC7C6B1A11980FAFBBC36A05DFA2286DACE4E6088BC4CCA5EF8B2BCDD6CDE48B3EDDBDB2D03F69C09EDCC3A98D87D8D610E9106243CA748E14152C473990C05EB2787575946B32F7793EE01B27E54FE2EB18FCEC3D390C0E0B189F6039BA9DC7470ECCAA5A147016AE4176A3CCA192F1E31FBD409
T=0

[29]
S=$3836EA
W=-$5FA857C5D866F817D503F5997AF3B0D3E158779A1FDFC949B4CEE3270CA1F7624DA314FE0BDE405C78C7C5C82AAE4180BE354D7DE6BBA870FB53E618A9002EF94D830A7F5D38F989EBD968BD92EEEBB9C24956DB4BEFAA689977D33F59ABC97884CDE3FB220617A5C8D8EC4A4B82D98BB2E47C819782B3C3102D4BDE57D4C95CB6E5D16B0EEB11471505EA65F4DFFBB78FB70B8844E047FC7A5C384
J=$5AB200CDEA01BDB120DDED9F9639DE0FBAF81A0CDE36D0BEE4DDAB349A10E3AA35448F6128C24667454D9494C564389750620443228DB83AB621C1C04075DEC5AAF4C9C022A56E166EFB782CBA58F8B6B8B3383D549AE7716FD895AD31D64F529E53A008FBACD5F31FAC2C844F79E34F19FD27597DBCE62DFA3678E3626D0462A8791E2D53BAECE58F146475C6718611DC376E60CAAA6B23F476E266FB71766C0319827644D9247AE043527C74DBD542667591D7FCE8B95C3F128D6AD515D66C5A3F73BDC5A6789A048DC21C7E3BD33F98D2A2BEB5254444749F7CA4BEABD72A6A9C648CBE2EC09C721C8FCF03767FE30E92D850832CA81FF0920E0ED54FC64BA766361D6D212E90FFF3A05C1B4267956392CB6317A663BB18B2FA9124975A12704FAA708834ABCB7AF59A447829E9FA9A51FC57E5CA0
T=0

[30]
S=$5A8770A6A5E78E0
W=$E05ED3972E7BC481605E6BEF49D23943B3B4F90517E272A75F373973D5E32BB27346A9D957B6782175C0EA19EF7A9B9B886F2458A7449A09F48F60E0793B92255E83BE2B7D6C69F74C27C0A94DFDFA3816C18EE7633FAFF8DBA8ABA2DBF92AFBB09BD28ED025557A8BCB8A9765BA533F252FFC014A1ED1D173E3BE8E4A176BBB52E6722E485BBF643775CFC74BD2E618EEBCFA1637F133BF8212
J=-$112BC5437B910DB2B052B39872981019977EC84A332CC19D0503BF1011560E16ED5C40302494CD82450EEA9F2A215BA24A01FF63A84D5E2E0390C456B656DFBA56B31635611CFA1530154D669141A51D2EF3762E6C2830D354A89C9836123A15C1ACA7C5D429E5DBD31F6BD091277591A26BE31320C74AFE9276E7A8D2F8120B31E817610B70B79836C22AA2FDE9DCD661240EACB3E532F9CB1FC06C485A915DFED58F36DD0A0439AC28BFDB70A81165E22764B89D65A592941A7172485BC78946434969692192AE046B34C760C600E1BB033BD514D22767AAD06508DE7B16478F92A1522FA1AF172A725E3876300BD3BD93863B78E05D89CFF2EA72A9BDE87E958B0CA8A5DB531DF67CE2D328E421AF733E2F336DFBC256CEDFA3F783421A671B6739A7DE8C01F8576A91B34FB8D492EAF159B2
T=$1

[31]
S=$1B70D4
W=-$362EDF1BC8FBF79D406D6B0D0E1F39968C936DB95D459DA5634E5479F6DCE135459FAF143E719A408D6DFD3FBEEAABE3EF6D9C4549CBC1FAFF10937C6C7B65857D6073C909992D62330AB9EA09190033728D1D1AF1A40500C71E19D0A0820D9FEE930113016A391B0C0D7AEBC8A680C418C395082FACB89A29BC76A9E83894674E5BA25E543622F91578EEB93C09F4A07B9B095706CD4
J=-$1C0CFA603DECA60F7389041D1E7105DE5B7B39C4D319B5076FBC30E91CCBDD3D0B1E67A6FB56E9F9AFD53DCF19F72502F5E8052F9BB9F4AFF7BB78F4B036EFF5C5436A8A31C1729A8CB1ED7CB397246EB389DB3A40A1650F50CDA7808557F312CFF642C96E0FE1C4974A7404935C5A57CC5D8B5D409334A30A7A9CE0B2950B83DB189F76D04EF17306A399718917F7B5CDE068D8AE662BC358C503470AFC42749264047E72789746BB735F5985941592013A830C697E43808F38D478472DECD745277889E56C071C96AD2D58435DE6D7E89FACBB977FD729504D6B38A9BE1C8F3960CDECED240340DB5217C800343275729F2EB9F6DC34455A9EAA6FBA2DD7FE6D334B732E09F3B65BA81B219F391E09395A0D88072497DB05839728277F631606AD3710A63172CCA2805294A
T=$2

[32]
S=$A752D7A0C
W=-$138CA7E3037F20EF199B4B63DD15ADFBC5D497AFC85189DBE2F56E75E4552AA9EB3489AB38E363BC9125E3339A7D5CC274EB5AE5362C0CC104AC1F484263E113FE76257CF368EE087B5C05A50CA400A25B86EE45724FF4396B66705F64CA4EDE27B044171DE0C0DE4A7BE4AE0C561A547482FD0412AECCF76F48C6C95DBB382164C7AE58FA015BDD22CCC1A429AD7038F9A1F077E3A
A=-$1E
B=$38
T=0

[33]
S=$285352F7
W=-$2D5446B996C4B000212D2622E9EB2DE807DC0DAF519F5EDECF4EBC1E85078D4FED657B7B5D17772CA863F80BEC0B2CFF5F945052C7D8751FB8D8190ACCCAC5C33E5423784DF744495CAA8753A8D89D1D10F1BE8C16C8810F5E9D61F55DECEB3EB095C42380B954A7B73614EECE350A3F5FF376872E73E3CA086AD1705F4CA86662F6EDB696864545F8262117FCBA783F3D0CB
J=-$3B2BD866B88BBE27986AB30593955A76B3B43331AFE0B3836B937D3BCEEB4DE4589553250F115E397E15A94F860424C31C179087DB8EF96E325B479A00378DC8D85744707DB9A7C8A3CDC4ECF99E46B989B5F2BE2AD881FF5EB4D783B9CA9723B2101E693F94281E4889C52232849457DFDD2965BC21D75A1E1A81A46AA65CB3241A852D1FC91EEF561A842FC5BA48244804ED7CB8139A752456C1B56D667F5063779D652F1BB11722AE4BD59579D52389BB35B4123EDE4AA35F54DE476D202614203760851CD4FB158E7DA9202AAFEA8CE388CA67A9C1BF2E0B9222C8592AEB567F3EF9D683241188017E1049352CC3EDBBD38C6B3DB7042BF8DF1B1BA4D2B936B0BE39678D16720FBFD26E7940C7ED33A9E5CB5A2E75ABA5AE2EAEEC8F0CE9603AD1DA27A
T=0

[34]
S=$1A75936
W=$F230438E6C434B5B754FEF21897DBB951FFB8BFF86854DBFFB73831057E551CF59BD29FF2E2E81DC1DBBA2CE2468646CC6A258F21DF0AFF358FA399A8CD2B370748BEA405B39FC1676F1399655C16AF4A90F96269BD1277C863C8089FFFA3807109C655F09DE2BF5B8E754A7F3AF472C8DA4CB5D2F4F0F09B56DB553C169821FE1FD5C25314DA4D7FC973BC926BECED758
J=$498D979FB8D1C080AC31CC6EC8D77F888AB2E66F02DF9C53DCF03005973439F0B0588F3CD98DA48CFEDB53E016DAD39459A04DB8B3996645B8A6DEC2CC63430A9A41CB23B762413D39170BD8806774B741600568C8EA33239037D4BBE8B2291DC72203B45918D54D03E0F119B3E9696C3359C86FCEDEB81C4AF15007F0D206571437161559DADB51D55909E2541ABEE3200A75D290112479C9FDE2B04BD0B6D2C46560807F1E36AE923C42862C25A538753AB0D4762556601B1DB0D89B0FD37E176BD949552DF2DEB9DD396694CEAEFBCEE2FFD46822C0C6716B6057D95E11B1C6765C0B35F7B73BC0D4683EFD32EC974503DE533D72E60490241F5B9FC2793F258B5A20922F60B98CE0D9078940071A0B1EFDB6DE0517A5167DF963D779C5D02C0
T=0

[35]
S=$20C939C
W=-$5E664E2768BE257259E150B88E38D680206DAD1FC9E97BD310E8E3386F573D0F0F9B0506C75EFA576E1C9763BCA9CECFC4C0804F7228C4A74080CEAB33AC49E6099B3962F80410F49838BF94DA6966F6ECDCA0C8DF0B787AD178974B068D22A2A6802A33A87399DB01F21F0DD5440F732C434D663AF9D0B9C6346EF7DA2E90EE898F68BD0EA4540D891BDD818342FD4
J=-$D7DA62E9C18E4764E712A935D437A86B074C0778057CB7DBB0B113EE5FAE06C378AD157A769FE8F870BCD0CA3846A093D0C1BD354FC0B26030942C16678D09728BE70A4813326DC14110CABDA903CE9D1E8B2F6434400CAE306786B1A7DAE9CD2244068DEDCA5F0559902E993E27248EFD86569B333CF5206E8FB991B36FB8FAA3CC16874DFD2AAD14DBAD71FBC698E144671EBEB82728EC878828733B3322CB50BEC730874DCA457EA19EF2F1EDCE5F432AB33EDE629B2637CCBCE937B45A40842DA7FDA4405F6A0664CF2AAB5E508742D06A0F41F99201D9B56B0C9E4A54B1068699F253AA2DB17F05E658A5AF02813B8271BFFE2EF2821C732467306B5C70FC71C5C8DA048A62FF7000BE7AE068B0943A73B290FD97117ABA071670F14
T=0

[36]
S=$20A463C3DC44F20
W=-$7D3B0CF69B7A70DA18F51BFE2DD1DEBBE8F5A1B3ECEE4886B69CC64A3AD39694DB937EDCB828DF7D4930422B3B340E80AE22A698CFF324B2D832DB788E460D9D2EF808CE2A3E65B5FF4C2C784BACE54F82F73B81189EAAC17BC0D0D11EBC06F576A6158195A23409AFBD6988D86480CF16650100B8B074A4FD840E450F5E4F79225A86BDB05589F44ED235311D70
J=$35F682B8C9B74BEF7674095471C335951F22643D8C30153FCA350B4808674B34A26FFB99F8CD0B04EAB45D9E8F54E80715501A31437C24DA229BB35D72B7E6F8ECC59DAF9EE06DA40C8691322DAD03071F2803158E4000B422173BA7EA6FAC72056B8D3B183948A1649AA92897D3D4CC6E812123F2F5B49F849B2287C42738ACF79BF404C102FBB2D99DCAF6235010A02A42CC78DABD4C637A8BF0F41FB494AE5706300EE05647A9B8944D14320C5AEADD71F4B1BCF01E7909DB9818FA4E0CE96C87FB1F9C79A91D4164C14CD841EB04973B52EB64D8D73031CFD24CE56716EEC8FD71BBB00ED769C98FF3B598A0DAF3864C210F6F0AB6B39AFC9EB3AA7091D7050810B6D6FB39788B1AB57D88CE1D7A6A036A62C23EED9F0D4F360
T=0

[37]
S=$102F7B
W=$5AC35D363FBE25D69F4BBC17E7C0780D21F3C9A98563C683CE99317E17AD7AFEAC726C284E0D2C81FF3D8E5CB9378834959AD4171F015380B9343CF54EF8558B80D8344550E57285196A5A637AA04A3F7219024ECB905985EDA55A9D31EAF048A1B6EC7DC7E4567085249E8703FDDCD189B4F8D12B8465F8A84E00B0E9859029ED609986F27D0436ED7AB
J=$285AC424A5212A1D649D8C76767CD62450508DAE74844806FC13D96C6AA1FAF2BF5E5A83637F3F301BEC219B2CA7E87A37AE06F0D3A1D64E0ADCE23DC96DB060DF62ADD598229706D45169F811F22ECDFB4A6CAADE4BE9403315A56B77C616C29864B2FC2C98A7263DB377B149EE6DC07D5368AD1E27BE65479A43F06CC5941FC95C86BD2C808212BA5582B6BA5E355FBF9265BCA45845833A4089782614D0A1BADE264537DFDDD5791CF51DD3A2C2A74A6414C632121B1DA21982F685E2AF5B55F61DEE235F16586BC5C2670F441A89FD461479E8DEFA8E831BEE280BE3643C624CCA6BA6D128A5B7283B22D9A3A2A4215B8F76233C920F71B9F917E0ACD5854CDD06D641CC21C7EC8641EB526ADF31476F2AD80
T=0

[38]
S=$3D4C530764
W=$AA28877F06E4ECF796B5C6348E2E56FC22E8CD81C2B5242D0D7CA3C1D238713A05BDBEAB0FC1148E14B6A830FC95C7426D84B7BF837592C609F2513FADDE21918438A04FE7462C228C6F63F01C63104BEC34256C17E0B728A603C3CE1D0D9285A39866A746274934D2293FAB4A7F983BC126C7D24BDE9667D573290C28175F5421C55797A0834E2526
J=$2562179E25AD50B3A5A10AEBB99EA1AC40F10728A73D8559058C79093C0731B8FB6F31162578ADF13B8FAAA98B6E18FD1B695279184CD32EB1FA0FEA8C7D05436DD5DC491BABF5F18B4DB51A7E82AD0A5F55BF8A0D3A2A199CB4E579B4F7A473C9A2C8058F45B82D155E8668B10DEE6CF2324BA4A52FF81C209442835BB1D189B15C13B43CD377B891B5B0783DECDD1331DFB48F83A7B0A6D84990745BEDCC9C89F1A566E2F8B9CD4D81305A6B5F70AF40E11DC01B01AB64BE0687CD0A66AFE26E2C4A31408AA20B1EBEFE2B93B1C588F9930F5A1F41EA2B8BE107B2AA959E30449B549B1C89EA15BCE59FE3C6C9BEA3D29EF2C8D9419836EE39692CFFF8FE7559B4A6B50632F47E92A65D16823ED5688836
T=$3

[39]
S=$5BBF5F
W=$11C5B30F54E6B30110DC306DFE37C6ADAB0F3714A1846BF299D739117B06880856D9EE4770BAE72349E4D6B5B37E440B2724A60EBE5ED34B3FE198F35C9C275BC851EE9A2085B7B68D49E9CC948427AF2C501C024A90C915E7943606AA4BF38DAB0D9B5698994AFABB13EA42AFF5A2B21433F67572987903F9D2F29C42BA9331AE53F7137D91E5
J=-$41429A6C2DCDF8D032A5D6824491AC1CA926F0FCD4CCF52CC1BD4E4252E56D7A5A07577E70AD04057F4F013FF8188724CF7F8BCB172058BFA4D0254398BCF06997B0DE5DA0FD09E4A44BC9AD8521AAF25FE9E28B82B942297867E03203F9AD67992C5DD7339387893D92CF3B67B9284C6ECA6973C4AD4A1E7B59BBDCFBA1ABBC788F361FE0BC5950EC04D7EFCE11362CA26BA9D8B1B261CB266025902B15B38E4460D8D65C8E340BEC088EDC1FAE217B1D1CE9FDE2D2DCC5A4AFE011F29BD4288D3DE5175808372D4AC62E3CD346E18F86937845747AF0CEE207B43DE4E26B8E26FEB56D827EF683F0E4015A6C9FD3D12D0C197CFFE7D05B45D9E6E7484E9696FB8AF4EDB6CC87E0571769A98A
T=0

[40]
S=$1961E612A
W=-$3A9400BE6F27103B03646AD778A73CDDB14987DC9B6453D781F2CD864D4E0D66963B7B246B7B13481E48C0512D112839E9579F83A892D6C255A24352F033EDC38AB6415EB17AA62554EA57D3C58681EB589644C40573EE40C2F92EFA273D7BB92018175A08B5ED6CEA261372ACC5053474351D560B291F008286FE4663722E70BB95C03645E
J=$2C3B084DCA6FC9F02796B566B34FEFAB550BD253C8CF3C51B03E9841F13D1971302C810FE1E716D4561D57255622BDD42DF99EBDF03AE01CCD69E040CC0DC80B436DE52831F521028E16B38092A7A482E8F00AAA19E4D86F508A86A2952F5C1373D1C1B80E885CF98B15FD6F392CB4C4637D028CBAC700E61AD08D41D846A4DF4B525489C4C38AA0C7009ECA46DCFCBFC3361CCF8EDAE264EA2060BACFCA3CFC68C978C6233DFC8107C3488A92FBC6D8D607040A76E990C2A96F21BC9474132E12B94AA5F277D3D581942427482BF6CE48CC5C4A010945D013AA4D338954C7F6EDC21346C51A4D83F20E53A42AFD0B3101B1A5AEB197263ADDE7181C7FA2B3A6967BAB796460F6192E2F8
T=$1

[41]
S=$81B27
W=-$3C2E58D295E72627EF335F38017E1BA84E1C670A59F74477C634EF071BA284193151D0CE0FED310C1697BCB49F2F8BA631106311782F7911979CDB0637653E890590492EF4A68613E03595765FFF01BC39A3E9848289CF7FECCAF1A8AB497A10E3985D5E84A5E0810011DA8CF2594CC63DA27123B46C114B50B0CFC1C68FA4748CDAF35
J=$1E08846E33D6DCF4DA512CC69362DC3F83E0B58314CDDB91F9B69D954E272D7A5AAAA68483B2BC04BBC3F0F1F951329C55D010AD582F258642FFDFDAE3F44910CF15BBE739C42DB4CDFDD4F384BD58B093B9098BED8046DF6AB08ED89656C0B5EE066D77A48F8D59B5B33050F1120CDB91B2ABDBB001C09C7B8B62501B0A57D15DF9571665C52366A6647887FDBAEF9F95525F98F0E7DFC72DBD0EEB65F535575BAE8EE4D4424B5270B851496B179C1C420812DE33E8B80122D7C3387DB5AACB822C5244ED50A39D8BBAF52AD6BD346B0280DF87827174E04705A880E51E180F1AC34225767468E03516CBC6B0320D1A16A50FA0AB74F62B365EABF9EE24E728A3EA48297C956
T=$1

[42]
S=$79B6B
W=-$13E3472B4202318C3A992FC3D6BF2E1D8E3851FD6D1CF6B839FEE13EC67AFD14FAEA8609B5DBB1457D390D1017038A44E945E5AD19601826DFCE894F7D0AD326D13696B5DB7BDB44024B8511702CF6ADF51E87CB32E1395A07D3B1FF207074C8DD83B4868208EB6FA89E7039454E6627799DB697EC5A08AAB18ED9F45E1E0EC187CD7
J=$29DC040A35BEE66B8E5F2495B066E972AEF06FBDAAE555A6544845DC38EFDD6BA0535BE2FBCF56B21F943E1F778BAE6C610BB5C29DD9510FF1698EEC5A5CBA334F4139FF99482FED27548852C6A450CBB03E062A4E34EDDD4EA089F7DBF0EA560A6CE4A10C0B8C60F8E268152D7ED3B3A1E47679E0906623E9415EC827C35AA7B5F37E209FBA4D2FAA23A71D19EC19BEC8E33F88EEC3E096915C0257389BFAAD651190D08C71377039BDFC728965C8E1F141ECA801151D83E590C27719F24DE6C7749FB530D2A4C6991772C215459D4D7443EE4809096A18745C85F5832D956B95A98E97B754967EC1CE03747EA355FC1BF8B0A46CF12042B3E63C325E6E0DBD8D369581
T=$1

[43]
S=$5BE8A1EFE4
W=-$6C01744DC8BF10FB8BC119B9CFE5C47A37C6CF0195AF1A76DE6E22DA772490C5BA59E8CB6FF4DC1860F153BCAF1A426C776C5DA2FC1222E4E7A150F208A1CF1A522FD5C138319AB64101433777B5AF8938622E2854DE3FBDA60152CF1E7647D1B4EDB1ADDB476000FC7565BE279E3BA387FBE3323147F5B574790F1354DA9980A
J=-$2B42D379A48A9BF308F508C8C9E09E5EB3B84AACEF68A9E22854C529444AFE0944562903A51566802E53C0B07AD05B3A9DB6E7C07DD4BDCDDBDAD2431CED1BA92CCA5A9573A83EE43F7B3DF5C290B5F17D051D7ED667942A0CBC2286FCBA54C980EBB51553462CED9742456C44C3DFDC7C9BF7F985FCEB370B28C286F93BB9221B6D50B2E0844410AB760C787F5BCA492409432C4DECA4532E84C0C6F895AAE67EA15C7927B736561EBA24CEF7C1286474D73A190F25D7B3EFBC6E877101A675AB7A8AC2020839B489D24FCE80A79E23FC70E902AF0490D37137DE7A669D19F6F2685F058134848263D7224C4C3ECD2B8D0843198A76612B410887AE5F54839FF7F
T=$4

[44]
S=$134D5198
W=$61AC74615DCC6BA3FC11D39DD26074F6DE365498748076A8AB941CC23ABF27B81111948FBC28D97C61BB24FF3BDE1F40DE60B63B4F9F68BC474F2528DAF0E25C4DC04FEC3B6287B8E96BCC01342DE5ECCAC3D449CC126E34B51B86C20C1E2C6A7CE760BD1521976F0EA8B27C4D9C986587EDA12EBE03706D27443BC3A8716
J=-$F8F75C97D29984B08A6249AC0A08FB9FEBAA3BB3AD56BC0700CC6D28B7D87BBD13B84402B1B43D1CC25F3BF14C9128BEC7B0ABB91F775280E8BBE3BB7E444ED2D9B27B600A594E9E6163FBC7330DF7FEA09BC516C745AED8A98FB56E909B246677E957DCB39D93236D9105EAAD97127F3D0597C356CAB47F0E6B249BE212AC8DAAFEB4A227259E458BD1FA5EB04B28DB70195F9C1C36F410E98932C0E6299CA5FFC8C43A282BFFE40425BCBC19EE90848269F0926A920239A0821C4816D5C96798C3048E6C19ABEC18DFDDAA9565BA6E5DB62B9C37AE6C4AB9CDF51219EF4818D87513D78D973A9D64A0D223F8AFD4EB70A5851A7F8EEEFD0391F63C8
T=$1

[45]
S=$B7EBA4
W=-$20FC1CD09CD688B495CA694CD5F2286ED43566651618B0D578D5250C1E18D2694A185CCC409841F2152676D5223660160BB020A75F27AC17D79975D72DF4B51846DA1874B91749FEFCC2EB9A2954730C19955BC69A1CFD62474063602A94CD68D16F0CF95C8033FC44F847D18F8964C50E1FD031EF25F9C34C5E536BCC
J=$85D7C987BE98987FAE705897D0F48A673D28C9CA71E142919A44FCC506A0F362CC3703907DD2C441780F3A907991656536E1B94A1286F55276EB7BB9172091A1834DFB1187FD3B87B3D5A3E89E3608B3AF52C47059BA39E49F45992152109240E4B90A4580036717C29526F4A52887630609699C2E3826B8349F218C16F1A6C2151923364836393897D9C442B1EB59404A9C50E775EF5F71865EBB12FD0648DDEFFF3F3027BE90261C070245224849E74025F4B535352AE87C8B39E450E3D9F21E5068650528857998CA8F2EAC1CD1D339E398EC9319A97516D5AD5644FE99A9799DF08B7F796F4B122C3F7FB30A899E274A20A4B24A405C01
T=$1

[46]
S=$50C7BD84EB834
W=-$383739BAE98808A8B01610DE5457E7797AAB8B129AC598228943B4BA835140B20D58ED0692B2ACAB7C95ED43CC44F5CC185598D994FDE987C2BD80E7EF23596E6789C168FC72D17B24F34B2426EF37479AD16E01262F7DA0B47DB564CF4AA9F04152DE5F439A9112EF1AD8100C4665F79002D7C2FD86CEF52E32678
J=$F3DF4305FC7E67DC328D35F215EB1349AB69E46B118505CAA7656400A28C1C7A74DFFCE65184A46EA3001C4E1C015825CE73BE21B896B19C791E2F1B72CAE3B3C257A8436F014DE588392D3702BA7ADCEE7E2E108276645D7E3351309005106DE93A00ABFF1F6E3F60ADF30212F06C2CB3C50FEE7F3A043E58C11DCA5974CDE3571D7604458C980206AE7760B3373902DB1C4485291C0490864670E99C0FC656C92870B79DAEC5B02264D5F953D13BE0A8912A45BB71164E2A0C344737AD37744654B513D786992D42BC4970BCD45CF5AB0FD7102F3F302620DEA5388607D346006CAC363A788639DC565AE3A7DB16D1097D73718378
T=$1

[47]
S=$1F0B7F
W=-$1123D14E6E033608EBACA57A7CBFC6658D4F4BB3E4AB3026AC35069A455AF478E203EA585E62347D83649F775FEA02376E1A1EAEBEE011594E9C6881832BDAA512CFF9FFA8B9DF9EE99D893915CD17BEF2D1EC3F78462421FA49EDB938BDA61028D8C822F77671DBDBB243DA53872A3FFED292AA998C0D56F
J=$9C92B91592BA016F127BFB65C945C1AF2A182FC56E472C57F4EACD8701692EC03B1CF114397CB3464D46BE1985AEEF79024BC0E8FC5031B9D55840C95C0DAC8B7510AC4E656EA8DC7335A85A57A0214A60E407386343C4C0679C53A15443FE172F01E84F7B8BAE49EE6020990491FF52BD9C93C95CD07209A8669E852E0277DDD5A62C86CAE97CCF3B88102681125727EBA26B7478B4CE62EAFC46B6F8D4135BEFDF4E66508797DA95C3D3393CDB7E6933119A0A3B764258C71B37B48186EE6E102418EEACE951144B73A8F0A3960467BA4D0E911D4F472CD5832B3578D9B3A524BF8FADEA513FE27FAD505A58FFECD
T=$1

[48]
S=$37DB9F9
W=$3B55B7F9F50FF3656B12E2F1AA0A14EAA36DEDE77CA4315DD830EB2BDEC76DE55B33C981ECE81368E12FF6CCE416992197FB30A8254E48D22415CE9F105C282224E332A69DFA61256495DEBDAB405C4BD69388096EB0E586575B4B42B6076166CA967E426BE9665CB5845117174D6E4CFA16133BB28F5F
J=-$291CC94370570E3C16ADE46A7E89A5AAB7B7823B1ABE00375A8607C3E5E5761664CEE688FEAA406674AD2C2C889D7345E73332B8ABE51D5C51C586D07BFC7722ED383A97B1EE621434550C2B8CE60481878D228C4AE08C3DB49BE648078115B9753700C2E107FD7B32D5C2EC9D5E9BE79D216C17CB3019A94A0C9657A6F54F87547A3C456AFDDCF19136D1973AD73C64D5A20AD0C0616907E893731DD58F8BCE5EB30BB1F9D4B8478A5A134BCD29672809E3B4CC7765AE90ED3A5E9A1B1B5A31ED3CDCE06AF2F346360F604DCD485659A1B15457047FE963C0864E4ACDD27B2BA5705F970E607BDC91FCBF6AB9D
T=0

[49]
S=$2BDB2DF2296
W=-$1E4452760B56C34A41CD88A9C79A5B32571BF54404EA6DAAEDBEE358081F884386438AA60C8690AC6C4FDBC50B1A5411DA6DE5C3787FD259F9623296451F9D028141C5D76B0A9F9BC706CFB1AD7A7007BD90A8EF3EDA69E591F30D8C0BBC5EC2B694815765DB3E4B5D71EFD4D2ABB07153A3B85B75E
J=-$652250F1D6504805B8B30460527B8715E31243D62E6EA1B8BADD0D24897AF8945E6648EDE0A65D7E61C616FB2A9A8F280412A4873B36C5D3096CDAC37E39615E0BAEFF695F8E3A64C7D6EF0A394A5DBB301F689A7081EE373772C3D87D3B4F49F80FA9C53BA71E6EFD38FCA7C2CD022A7DE4C06D110E89D00AF16AB0C1B20251BB7062367832FC3D8131F3742B2DECE937D84863EBAD8878AB292B82F56B42855872980051165E01AAED5FD9F1EA25E0733768FF1D3E72D0DF66239B026FA97D33C208644AA0A4C890233CB6BA27D1B63342789FC297DABB7CD2B83E350EED7788AC11A640B2AC0295B8
T=0

[50]
S=$6965
W=$FF7E6C08EA3C762401C25EF6EF333C9B74F2BF7E20850120A494F9C7EECC12F7E21C59376EC386AD52B7451F2F74D29E30AB1A4C006F2ABCE22ECE0561BE2990256CA428313A1316D8166A18310F953C81AD47E3873D0EFF73BC7739D4B99C7D09EE126A16E97526BE11B56CEA5FC45C25E81
J=$180187EC067C0C37A708B18B9AD2C4D32BCF0C5BE0B05A621795B31C252CE6E1EB4822AA083EAB76A9B8C51DBEC7864BCC7DBC5B83758EC66C33CCAFDFCC2EF32B8077B670E803B1D361287C67A8B15F9B3A87F81B2B5C5FB18B3CCFBC52353805A3469CC5D76DDDB828FFF6EFBCA504D6D6B5A0E023F5A7C321E8A5867977D3E3C8C11621D8702D4EC4DDBF0E9A458900CA63D7E2D1CBFB2627815BB509D80DCB33192639B7912459A91BB32D938EF6C8B6FEBC3027968AC23D98173C41F499710E7C90F41851C7CE929D961915DB0018C82620BBFD3D0B852687C2717537EE4D06DE5940
T=0

[51]
S=$F4E7D34
W=$2403B82F7CC22149B1C55669936AA1310A48148B1EB098F71D15820E430F33980BCC4364050C9ACBB2A96A9CCEBE2EAC069747EB894FAE75065B47810FC1D74542079A6756335672C6D333CAD7F4DC8DEA3A3513DACC9368D8E48E41A96526DB661B52EDAB0736A13912D12D58E0A2436390
J=-$A44AAEFA4F64343F5C72875BB92FEBB759FD9708047298AD4838AE992D3E39CC8BFBDBAC980B2C28F6E4AE1ECAF557035991DAE3627EB42E3B2C9EBFE833B1E13B9937D3A45D226170707FB4E97D70AA65AC039748BB1132B2AFEE8D5C7F1D9F607F23C63E65C29B359F1EF600ABF7B82760C07E7ACE406FEBF8C02ACF62099884125C3959BAF975A3566E1A35BF59F06D1A30367D03B067FA201B8D3E0D38D16CE69C056BFAC853CACDFD2429FEC57F411401D4ED4B98E537524BD68DFB0AA7F45CFB146B82C2A9A5A7C8765BCC3E632B065B3611F114B8AF3D586F6675D8D47B73ED
T=0

[52]
S=$13F0AC0
W=-$6A4A6EA7CFB711BC7DB8EBD753B9CA048781FD8F365F433148A8EDCDA4B2E66D9F3B6D9E5E0EFFCDDB81EDD3563B1584084DAE9D4AE1C8B1B4BB8882F73F7D2D237A96D1FF11BA5A8267D1EC40455301B2285B64D94ABEF83DC6069BFE4EA5C3D74047C2E59DDD39FBC493F09F43114E
J=$9BDCC31C48B8EBA4F64A809F4F953B29E863EE316093BEAF1A44DAD74CF33E4BE530EE82909BFA588FC0182D8A9D27561BF5B5C8190F797F8B9A6B8ECA025754A4B581AA705CB95FB8345649A1F87E5D29795A8D05B9197082B04ED81566EE90B89E0A3D18FE6357B145467D0C07A0A7157844330CD769682EC76C9552B0574AD9BF1E83ED1A4CC55506274E01C5B6B6AB8AE1EBC49BCE799A5ED22275A5630ADBF706E4FAF9322B29F8431B16B6F8A7E6A3B1E7B5ED924FEFB7FC3808B3403B1A9D74723D8B1AE74F8668CE1658E9B3A06E776EECB3B178C0F092BA7D61E33
T=$1

[53]
S=$1346A3
W=$857BC3F35F2014C8F8A648BDD1AB1CC878B949B3AA7A4CB83545768F716AB2E4C52AC55F3A493EB9F184BDC49B4DD447F03BC014CD8679732C5A0866A2C7C07730301E5E80536EAFB950BDD1F2BF9288E10387E73356ADCC992D961FEFCC7E32A96C8F5D189CE0E35A7FD97B416E1
J=$3CC9904AD25591830DFE1B7E90742F930DC0805DAD47C7CD7719C8F5726FB0EFF68ADA24FD0EA562AF68841CEC3C865D05F49451691C18E2C0F1322482F0B699104A1A2DED1937D89D281F7475123DBAEDC9F39A960ECC4989A2209B65F8BCDAFE506094C17FF8C31E4C88E3A6A807306D16EB09A07A89A3353DADCEFE9A9F5BDE023CC17ED4FCAE52DF2A0C048684658E133BC57EDA45A86CCC4ECB0F5503B9ACB5F4BAFAEACADCD9D786E896E3A0065861F4D48BBDDCB18FF9CCBE5F30F01347FF54C6E30694D8DEE5ED47306ECD931F80B4FB3D5759493E2DED641
T=$2

[54]
S=$2E8C8AF
W=$1E6D41686ADC85E3233C9912711D9224C6C7FDBC84F00B1D8700F5859A380F3A668BABEEEE21971607192A455D44386C1B8A17365C80AF793742E04EA8DFB6274E57735888A59A8194DD3D4A65F0CCEB25BF2B8A964E176B7A15931D725AB08BC6B7DD984D9BAB02231AAE96841
J=$205AF582E38398429126FA9218B0328C40B58D2C2BC243E6A6C7A660B3FA406F1D292C83EFA9B0E8367EBEBDBE62AC3E97E970EE8592D0CF082BA0AEA0D48327F3AFD2F5E65AD26C07C1DF960D891072A5C8BA373C6970C54D3560CA55A3FB26256AEAE834E4016CEAC665479FB89B71B369806ABD61C89AEF44043BF0922C6B53AF6E59074A37FB36F4247E4B67F415110B333371B4611F4E46527A1F581DAAC47024921DB278B704AB615D9A7478C05B1DCC03294F1AD200F8147BD71982EDE80D39AD2A19A12D91DE27C348183292B954F52133673997866C
T=$1

[55]
S=$E538
Q=$7

[56]
S=$158AD0B2DC
W=-$983F73DC5144890C637A1FB92252665F7CA989490E93D057F39650EA3D273D8EA9432C289DD8445B08DAAB7DB48D94CE1B1327610215ADA0C34AB543341CE88F98DC7CC7576C793FD0F0A8DC0E39264CB46B405103A5181BDC7D1AB3DA80E9B31F5D5D64336A8BD8ABBBE
J=-$13B67EBE6B543A73CF9538E1E76E3F01F53E54D488C2E5A6C74D1E65BFF0C9181575B745EA7A95F02A55DE4D57E7DD9A7F898E80624B822774E3F1749FC1B84F8891E1D74C51A14168FB4F9A1F77A6CD111BF16A7477604AFFC28BAA332D772BA3A873CBBFA31718E17A8FE8836AE713254E5307AE8C55931B7D73E02AC6D135AEEE7FA98D6E642BD360FD1FD3EE353F01023A5CE2D2BA573989ECD6BE42B6FC3A0F6D321A5D6462BB8357925860C92888EC99C98D9DD17075D44E46DB57D2A4C903BB5C0E201A4D3439D93AD27656253B311B56
T=0

[57]
S=$3FEBE8432A
W=$B7DC579AA019D73C5D133E7B95F3C1EEDEAECF1C9E66BD8C7337A72EF6C72F45E092CE708497256F5CC07F674A956B21A931BA4D4464B7184A4675FBEFECEE0EED72B3A7990915033430BFE9DC1C725C83EB32C04623CD51BD6F28EC939FBBB7AAAFB637C8061E0
J=$134EC6FE6271F1E7E666581F60E1CCCCE3927FA2E86C0DF3C76E556E0C4C2CE77017DFA9A70EEF0AD2163CB81F915AEE53FA532AA8E1027B82765A6AC0B8D529552A5305F53F9BD33E728CC9533F680C08061527EF14B5C6A9E46A5F1F198A091E9FEFF25228C9E8736688B6C79116161356B84DE3835126E1DF9CBF93F9E71CD851F8C4C879F2D34D10A75CB9CB22FB7BD874C09A07FA75672873C554798C6974C63B12203F51AE00271B2755E22E854E84390716B50D6493D17E1E66FE853FC6D23E5535BEB91DF04F46EEC6F29F712
T=0

[58]
S=$3D8FB1D
W=-$17945425F5BF3042FC2C9097FFB4DAD89B76704946E740A766351659429AC3607FBF3581FB90A3FA164BF82C9B02B4011A01D53B6FCB98349F4AD910326AAD53E8F84B6C4E9EB2A616E1C9411C71521A9248A9D3F1B37B1683A6D6B4E9B2A50AEBFF4D231105
J=$4ACF78FAD01B70AE746460A222B38F563555C5C89F607D99D35EEAE88343716F06CD3EE6A5E1531F249BE3099337B65683FBD4BFABA3291F4640127C3A34DB49CD4038E07C3A9574B7A0040DD73468F8FF97236B7145005585AE2CC098C20CC79CE8091021C868208142077F2F890ABC6FFB652994FF74FEF71293C12DCA0E50728690AA037F78C176C1BEC49469D3FBD653EB9253D1217A31805341835D6A11F9A5C007A7BE0971DA12B132790596ACDC074A39E94FE305F44F4347EE57697FB2DBD13D8328F4CB6027FCC
T=$1

[59]
S=$51B6FD
W=-$4144D3A07AC76B972365610CF36CA3280D60C7E2EC3AAEC392429BD571CC327947CBCD86EAE357558D80D34DEA83D6BB3DC1A01A5C5B7B6FAE5CB22E8778E9BB890C4256BCF080A95E4A32FF0C7A8B7934504981597974D4F60CAAAA64D58DCF6033A496B
J=-$144B1FE8C8D7692542994E77B18939F653FE9636E38D38B54618B889B77A744702127BB7D8D9A08EB8571AACC024879D4FD6563C278CEF9EA830F5C1D0A215FF66420DFEFCFD6F316D0B12B2046E28D13492B71D9CB3A986FC724619575B6DD6AFEF32BB1C98D7B4E5023F230E9A58A6288F129E513EC4466D367849CA78C65D0CACC457F6926CBEBDEE1D18FCD3A42AEADCD2A6347ACF08A0A4CFA0DCFB40995EBF046645D4F97872065A54CFD496916D97A2E08FBAEC5FD821682138115CBE39F9949D021AC8EAD
T=0

[60]
S=$2E7274
W=-$4955BD3168CC7F62569E62D5DEC419A5618CD9F6D83EFDEC59D3320E80C33B5B1FB9D7BF3D5608EE1B9AF843E7378F194ECD72FA4A2C3C7D153A14A76A399CA42F2E09A1379563F5ECF35B9507703DFE5B0CA003AACB417B7A2F38F84C75702BBAB296
J=-$12EE00DC1B8BA94C375AB1BD15BB77F56F289F7A2266E8F60284F8FD08C1E885EB59F3B1E9A26AC108156333BEFDCA4CBC1A4EFF7D3790C76570EFE494EDF48DE43B4A3C7949B9AC67F02251658738D2C2DC7BD5ED302CE881BC7687A3C0762E8838258FDA69F35EEF8B990D7B7A57DB0300B470A47E57E7ABA81C52A303D8F719826CC3B7D1C80AD925F76B572A4A8B212C37423AC2ADD25CE5CC62CE22A1A054480D4F54FA8DDE7C3B70B62B194530F30F46E71DE02454914D4B9131BAA2AFB198EB5C98F
T=$3

[61]
S=$133753B
W=-$92CAD4BBE4E49B8458655FEC4C2E2204BA96D6E879A9B4FF7AFAEB8CAE0C3E5F58354AC0DB769231C239CF27C32ECF97463AF3CA000330925C3EAA5908D9B9488E94E1430BA6F349E46C3273322E6C4C6DABC0E151D88327D751FBCB19F235DF139
A=0
B=$6
T=$1

[62]
S=$42CE0E09
W=-$2A6FDB363B43117B492526A651AD343C80C4E26C30F8590F032887BC4F9709EB7B22F1C40F09109207CD82AA1515A488AFD21AC4735139A65857A6904960D25EEC2A5FED7DAEB4C588A8791246941974D9A5A14D624651E2C8BF1290794A52F7
J=$1DC31A1E9702EA9E2DA67B71335CA87D23422A67CD5103088BF1F785AAFD95985EAA2B2F78CE63C13E8632385FFC63458D38D1136B75E382111462E27360911EFA1ED01335F5D8EF39CEDAC6F932BEE8F69B8651E1968C712CA89ED7A606F907076F898EEE66429554694B01F3B94E92988BAF76F9B98F64F2B72A7B4D1B555E27B85E8B3E255B84C754129978F2C7A3D11CC9E3EFD05FA53D0712623774E1DBE122DF5A9D1824B21C370C0BBA7DCD97B391722BBD9815EE135DD1CBD45F5456
T=0

[63]
S=$1FE6598DC
W=$B1291CA69FA4B257B95197C4D542D9B83EE0B7A269B42F5C64881C6EEDDA4519CF14823BA9287AE9DF7B38706A020ACED6D59686821A125AC70B9D3B342F57BDF904B691E159935C11421B61F236AC4D69A6E5BA029DD52F5E208AD01CDC
J=-$4B202B78F641F636CF1A8716E1441BFCFCF00E49E33AD2CD0EBD0ECE9E3389CCB9F77FAA776A87CD52530EC911869FF4F288364D9E36EFA957ACD26A116BB39EB79D01121035D379FEFE82D089BE3DDD407EC2B5CB7D3FEFCBDCF0D4AFCE91E538B9290780E5A0D3A28B865E6C8DE45DA250A2CD52141F044E95600A26CFCAC7B7F945A5FB669B90CC9ADCB53A32BD3918BBF820493E49F0D8089036AC171C55FF76635AACE0827E2EC9FE93698EF5677C69D577EEC4457BA62E7F10
T=0

[64]
S=$71A4B413
W=$1448572D08B171B03CD8943C6EEA036F6269161C78FB6C864060213EE26CF72013A068FCBD1E8B1944F9551E478B44377B457FCB9A291C871D6DA5673F5C0BA2CD9D6C42B109A8B6C33B467E6A02C812BABD2E9EC5FCD0BE0AFA547ED
J=$268548F11EF379092ECE68A53F155549604A05F1AB8D58553FFB78C4E14EF10D901E3BE8CAE55E649D6C102A8E2F159651C346A14EA99C85DB343C490C1976E097262B91C9115EB014CCB7B33608DC4683ABD395003DBF8470184B77B80405377C6749FC8A2D6BED78ACBD37139A8D542A3EFD31EF85F71870D30BCC983D47D30B0F26FC2AFE0EF5FBD398C591B19B54D95F47C991C31C2C4CDFC5DC302D0748633324A541AB1961D19580A49D0F4BD874C34EB705CBA390
T=$4

[65]
S=$30C47A
W=-$1CA7A3776194EADC7F9256EBFE16BB4515A7FF9336F480735E893C974C30A75CF26E056A06AE358A3C6E620067F3FA297C5F2850437E172266DD0B52FA583A1ABB77EAEABBCD86E41EE7BDEAED277D16925F0CB6984D2B9627B48
J=$2D1C8F6ED85AD392663EBF964DBC1CF0322897D1A1E16303494BE7F45C3C11412DF1D38FB9B24FE477AD5E385E40935DE35180BEA90BD9ED193287C6E2ABEB2639F8C248D275F3F978C66C1F1B6140F360E4C23DAE9015AD1CD597749A3606C091A6E63ABACE3E636555D637CBF34C50ECB08773A3D768655E550955175F865FDC51E18325121822FEAD39D8F50498902D4254DEE9749719C4DB56CBEA5E691D192251445158E3D2B151AE603E1C6A6C0A735FAA
T=$1

[66]
S=$13AC2FE
W=-$1B869612F64CF64C02F6CC198DD2BEE6375951DB9E6BA6164237B79941A3D5E84A3552A8CDCDD4B5BA66796220430DED96661C89022FBEEC7FA92EC3A3DDAF4F8EF8A33760B5F55E9765B28816CB7B57E2492859B67B163882
J=-$4AAEF52906B4C646DB44BA468D66975FFA022A8076112661A1218208CCC2D1518BE1B391A69314750422BA2F6025CFA10E00FD5707150CBE5E847399E35FFE07E3A920A26A9B5756ADC895D8C3CD0B4C09D202DEA95A4CC84CA09F1AC10586CCEF75FD7689C7361F2868ECDE6A6E7D3242CE0F54393A5A7158418A986F652622779B1C769E3014A61DA04B7490715C64C1157C7B4CE7EF3F2FF1E5BAE1FA92E5C60D84FBF6420ABCCFAAE89B073D451CB1
T=0

[67]
S=$E9F68
W=$34CB7C576480AE285A39FDD5AFADBFDBEC2AD1A56507CF25611DE95164EED9019C63BA9132F4D477ED78859356DCEEB1BA5296D0E22DD248FA9FEC2C5C5B2A83DFD6D3C6BE87789F32CEF3E5942F80F2B69EDCD007F7CA8
J=-$694AAE0E02F2C9A59393E903983BF4547D258EC8C890BD7A8AE745700FB816F946D1E801A0978549E562A957C2D411072F5C6D637603B5075CC1A9F5463D406C4C46D00E0F347AE6CA995AB07FE2D61DBE1C4E67C6456463A470E3C1659501407BD37F7C7057D4F6B705BB18B6A637421C93C09BF3757725B32CA9A1EB7DA04B59670EA5ADAADD8A71C1AE95CA6F93FA8B8A787491B6DAA7722CD5285DA498EA764D1A44F73FF4389FB5703061D7
T=$2

[68]
S=$3BAD4F45
W=$6536D293A493452A0C99F90AB6D92B64C187631382F269FDEAF279DCC66111D77E2F9D8C7437525C962F78B1D068172CDC78274346760887AA22F27406E6B613D51BDE669D8B55F726ABD0D6F932014499FF26F5C5E5
J=$AB6B28840E7D486D105DF013B517936E393C1A3F460D984889A53486685D24F4175DB33AD5B1C31DE41F81A243480299A88FE11C6A71D7803CB1861AB6B792CB371FA80D04E0463482F2BF8138D92BCBED8C20D057849B1B5E698F1A5E329BCE72FEEEFBA9EC982BA44A9C1D9EE40616AC9AAAD26E39779D098EFE5901019E4D690C47893601342F94D9DD47FF61AD1896968D44642DC6129BA39895E007CB817596920EB4AA63A58701F7B
T=0

[69]
S=$5EABA
W=-$24D5EA4F87C5D668A27711788FD04F4CBD936056E60B943937B11FBAA05D1DF676EB3AF194377CCFF6960BE6DCAD67FC4E61026C9FAE25DC57E6631487DAB278DD7C8C083A34C35546676EF7B72972C9489E02AEE
J=-$29294C6BA0D6E7783D5E2DC6B88058B0C47CAEC9896AF3B7076BBD893C37BF265DF871AA6282699FBBC9D73D78633BBEF466A2FB2FE77387E4C25D5E2C9F0741FD42DE2F408E9853DB8AAAD719A60220CB4819B7C9B12CB254501B886DD3FC6509DE7C56E17DB5982FA5348520C3F9CC9EC06D1AF81279CE0B781585D5F6099C4CAE3A3F2B16FB717A1E22438B4C2A38CD960CF55A473468F3BD19882EAE36C2CD272A86FC605E5A
T=0

[70]
S=$11D500
W=$35B1CE87D2E8D5E899A19D1B9A997BC650BF4983CED714E445C406C3194D4E0CCE5D508FBAAFEDD847050F1B4393903050CE92568BEF5B8ED6776DAA82900AEB36BA7431899DE161E18C3C173CF38B39E2E8E2
J=-$126E7CCD2C28C094BF63459E9D3E998F6BE9BCDD4D3AD05F45F14F381430492E851B0CC9CDB6EF0910E69BEEAA764B70F9B57AAF412FD76B0D4C5696AE16363F3807877AA3BB251EB2DB34877B8033B9BE453893F03BA787210858AA0040C9F010A99C16355CEA56421A45BB7A5809B1563C8AD828200513B49BFF6131A20F2E35B6394AF13284FF7E99DDF79C85BD934E0AFEC7B37542D61DCD5DAFB3D8784A358E6272121B
T=$2

[71]
S=$CA22059
W=$12FB44C2A4B310B1C227E5C3E8189F69209786886DCEC458804619FBD0CAA3198E8B3B36BC7E0EA26E00FA84297E755A4EAF31191B90D8E281B1BF7DC5E2B7B9280ED44946C57BB758B80046B6F4C85A2D7
J=$4E41B43346DC3E5537250FC9C36A7F5768C286BD6BE15273842A9F7450688909ECBFCC9794E4CEE395E6F9A7738797C78EE71667564B45FF41EA4ABC13512A7BA8B399B034BCA4E5672041EF0B7787E4694BEF2DA08A34B7ADEF2BEE2A9D8230FA5AA25AEE51A25DDA8C03114ECC73D32279DF920F8F80780055E15BC61843535CCC2DBE65E9CBB99844B0AAC93471D3BA6AEE0CA9BEDB91859D060A2E8D2E4EB5C0B
T=0

[72]
S=$5C37D4
W=-$E21A18AE129DE89C520EE27B4428F3EF5409D43BF66D805FE98E1A984FD5462B6FD2F185101EE12036A7EEB37CADF594A72D0168506A958553CDC4E3B2EBD0258C9518DA52BFA42027F880532CF90DEA
J=$1E709164F38EC22D5C3BF14C806EB5101382D19A1FD28679DBEC0ADE7CF819AC798414916C9CD851C353FECCFD642DAE2481842F373B2CD3FEB73E1558EB41209CF34DA77386A299DE44952C181951C9565FFCA634D09148045AC4FAE7BC2B5FE244FB1306C45BBE97FD80CB3DEA5C025DA68B5FEB6449100F8C1FCBBD6B4B693C5AA3B5AB32E94D1FE416C11DF8A39BD149EBD4EA2284D538588E60914EAAD8
T=$1

[73]
S=$30846AB7094
W=$525A26116F7838AF77123E07D6256DB04B4139CA74E9B28A69FAB097EC988F3BB73B9354B8E60C3EC29D645D3E17E706954407B4A38D2FF02DB32C7B56A2FD469BD971C0C3514D49D5286C7BEE880
J=$184700F704A67932990BF2D48623ABE07F9C5067F598E8A646509F3C130BDF099C007272A3182C98137F65CD882B534AFD0BB3945B009D932E2085B58E2A964582183F8EC8F242EEA0CD51CF2D79674CB69AFA4482BD066747E777F5F3948E030DE41D36E689E8943E3CC9DE199D2DF93A625C10D515BC59B6C59577C46198DA1E2DE1539A39957E05EB2984473978A0506B473A6844204622626C7759
T=0

[74]
S=$22B430
W=$CCDFA14FC30079A0E104111F905FC9859C612B8BA5D30F549630C04FD2D8B38EBB2CC48598453093298A1402341300D863A100085B4E0A5FFDC4EDC3C1464B3847CFD44F77E28ABC903A4C3C
J=-$EBA6388173416CBCA8CFAD565408B4B52480BCE004F9AAB349B72260AB30A95943096451BF38B6EB42F7966074D2563055AC63A433CFFB8157F15B6B8193327F10C84972F9926AE9AA0096F0967DFD3A92575FFC1F106DDD434E08437B87B1A4EF7801AF61E2C446D366BDA85E9068DD37E0CF76C4B60EE5148F7B717F8BF62B961C09409C9DB157C8449AE61F18B211764388A8E4643EC
T=$3

[75]
S=$47996270CFE
W=$284BBE93B4CA3509BF1A807F2B1508EFC8DEB89DD19CC3D5F022DF33AC094D1B3C6B69677226B463BDC309B0255B9C69FF95E94EB79FF618E7E34A9337AC8EF3EFA875A6875068568CAF16
J=-$F88524E2971D751FE7DECD655FD475F7DCC7062916FFBE95354473A00454107965283200631140B4403045024CB0CF40CE56B55C87CDC27B7B1E629798459EE5013D87FB6748C67424CA5096095BB438D8BDA414002C2615F80934FD899400D1F6C61AD3EA8142533768A1DE7CAB33278EE19563C641A5D0082AB9C341D1E3B78386D7FAC25537C7581647FD4ABCA9A73A5419DFB
T=$1

[76]
S=$36C3A7D
W=-$2C37B9B826FEFD9879A80242D5CDD006E943E03CE341337E243F272A264D0B71DDB1EBF83D9919ABC444A11761C63436ACA6DAE24E33832998CFC5AB2C6DD213B34687867E049B03
J=$2F2FAB1D12DD3ECD2B6E578A6E6BA7857FCA7965E0EA6994A7A07C3E25C5F282CF8440B58EA3CCE38B72AD5A2E955490B6AC9C776C36D9E597087FEDA3ECE79A5F0A1A185D9E93DB5835FB4998549D4B02319D4D71F6CA4149E25E11C2F29C06DFC0B6BA844D9299F6449D96A394F90D74056E1D01C732B4F86B2881594A65EEBCDE624E9DA613477F817514A60177AB
T=0

[77]
S=$17C8A2
W=$839F37EE178D533FCE2BB0ABB31C4388636FA9B72EB35083CE0A8FAF172402B2221B31330EB966ADD16B48D18A7A9D37A326373523D8A83CF17E1A32E8AE5D66FE69225E7C6C2
J=-$27935F708B147D38E8B9BB6E9FFBCA8483EC991ED26DC0BC61FED912D30D5101066E8031C7EBC6F382D9477C3C4C538D9C2BD14D611067E31BF9E29A623BCA1C480774A9C5945B419D169757338C6CA0200EF3B67D668FD1A1A1E7EAB132A96C55F336ED9B9BDDC8EE48B7935AD7662D50AA4F8D94354FE3B7BC3F5855543398D6E16A50E4B244D80F3FE7298
T=$1

[78]
S=$30C8C
W=$9E833560358648E6D4386AAFF5AD63D154E8FE71AC89F9236124304A61DAEBD9B7D994388084FD9583D57635BCC50A81F6814314AEC03984CDB92869B7432639520FD9642C
J=$A0F695C63DDAE5E0980BCCD6527912A2FC25B3323F1AEB5939BB2B20033506BE97E0AE6F700C2064C66A66759C8D9610CEDA7358371DD2CD45B7DFD10A929783EA7BC3A307F97F109E75AA2715280AEBA898293AB919F85C73626BD1FBD4D2C96BE700119224423EE4BB629CA13B2A79AC4D50F4531984FC151EF992179D06EC8F17D78602B494EC6CE
T=$1

[79]
S=$22C66380
W=-$135A30A107C5ECE49CF30C67F3438E9B4E5E3D3A67437467A8460B32ABEBECFC1322460E33C2178674604CFBAA61F6B4D44CE0260891E49B6D2908FA28AA47FBC001C2C24
J=-$2FE6D0308DC906982F2B0F1D8E50ED928B91650A35BBE4578C05EFB4907928E8C3A5BA618CB72AAC77D78025E56F5EB5B73800C676BB3333D07F30A84EE2D7591AAC9CF1478E2A8C1E52D11778BEAD0700B29ABDFD3293D28C5D7A13056E3D5D33A1C1C90CA849DF9EF4A0D029C34AE333DE9828C658292ECC52FE431B043AE866305723B109DE37
T=$1

[80]
S=$4CA5E0724
W=$2D6789E6117676A7D081DAFFE299D185ABDF190DC5771533C405824B15AFF755951BAA869E983B478FD01F6BF02A83916F0BEFA246E2B42A61D513E052D712426CCE0
J=$1BC6AA4F5EA1F2A62C91C18B89CF14C5D9B7514CBF7C5FC974DEC69230E1F1D63060660A6C5DF65EB0A0EE467658D649B71027DC997C0782C94044F6A81F9163AA96A741E264C4C956B964B61BBC973F581E90E7558B975C74EAB5453B755D5BF7EDC01F649E467C5F0BF990994E4AA2066B573A174CF5721FE2181E43F89FAC27F34EDB
T=0

[81]
S=$3B1915
W=$17564C943C829C15D85D4F64736B751F713FE8E4684DF722EA7D4D021521043174B35B90857F6A97E804F21D5D651E165BC2CB8B2CFB4CC608C46B8D7767A7AEB
J=-$43EB8F4C9AF9034253FDC7D7725C2F31E830CFC1D909A60F82246F85EF905A9AF0406AD4399D22BE48E1075C0C87FDFD49C3601FF368C742932C03492DC341AEA009AB5E9EA9B9B02DA1872516742927A56ED04625101DE390E3F1F58EA05874DCF80D480290C30F6D9300625DD014D40C6B9271370AB6135F5A32FDCBE9D3D9
T=0

[82]
S=$205583
W=-$2F8893DDE45494A43C0495AAB4AAF5806D5D57BA205C8CB1F3232E2DD163D9D13CE7DDEBD9A1B41FDB768E302AE971357BB0761E666BBE6BEDFA50A9993C7F
J=-$348E4C77C8AA47F524BEA2EF1C4611C491968FFB0E83A161EFA8013FA8F5858F36C37C13A03F67818016DF12C319C75CED9D71DB4D70ED7DE8D7B516B69DA0EF5981135CF231420ECCF93A5E93DCF03D07CD2F70D15DA50CFAF982865981CA1D87E39AA7070F54467B69C1ED43713B589AF3DC58027678685A00423526
T=$1

[83]
S=$7196E0F4
W=$60BEA6819A0EE8EEE60774869C08E3D8CA47249C6F9EE3172901A46551384D89214A7715754681985381DE17D6FBA6E3E02E0062A6BF1B59CC7B50B161C
J=$8EDF77AF9597C91980C350F5D4C367E4D27D64D3D5355D23CEFE2ED13D6B57A666A90E86B3FCEB2CC3F35736C1764D41227BC5D29A7C1D164333BDEBBA9EC82C4DD6F6E38E0F6EAD28C2885D45DF87F820B9F6469D47C5D5E735361FF86544D9D276D2285251256E5F6CDAB29AA575DC1DFAF6850CE5A7080486D
T=0

[84]
S=$33284F
W=$367666FDD657C57778049D6B511CA30E1BE9EFE678652F85CCC6C2CE0487604F6E4C868259AF4ECBB9C6060DC6D636AFADCDDC372AB2B98F017E4D
J=-$133923C43743D3E177D366A2611445500C8ACF8B38AD6F2B101E97A3C72D9C61E81C5C42796D765BFE5DD6F456C565E4135C0264BB9515CC881DA871FF4E6921B274F673DA35A2C45603D10EF0B86B5B10C74B1EF92E72BB8E0C981FEDAF582C0B27BAD0EF8A3119947175ED7010742FBA02171DCFD3DD
T=0

[85]
S=$39298
Q=$3

[86]
S=$BD0D51
W=-$3391F42A9A89DC0CAA546B2048D8A5399C5599037D2C4CA5201795D6E39FED45EA972C23C2AF11B998D6C6603D97779C48AD28497C83A896B9
J=-$1A96E6C9051C956589C5C2F81A8227BDE27E69A097347F4C681D0A11D841DC9AFF6FBC4FD34814A1890ECE0F94938A84F2ADBA35E3EAE1CE7DBF816AD7BB0BC8B9B7C6BB58ED45B904F017E7094502EA6BFED8E323A0FB51F423F000495AC340FB3CC613544ADFEACB10089E96440F150519
T=0

[87]
S=$239222B8A0
W=-$E632B178DDB57696C0EA31F41D16F08F6F6A8AE0DE11F0FDDE4BCB5AF66C64BB20259B8A70CEF3A19071F882067D02C16E06E48B9CDA0F0
J=-$1CDBDD32C71E39E2CFBB68068ED3A93EAAA76A46E7AA60D710C928FC1E5F1DCB322D715EE80AA70E0786DF0460327A801F03301BFA628850A3D8D3D5DAE6C06AD492D6E5B9F57E1368216EEF7600DCFB56117F99E543B1CA9DE21F9AC724C47580765B3B9E99E26577BB073BDAD7E0
T=$1

[88]
S=$82219B
W=$29B8D5A08251A082B7EEE4462D35B5B96B87EF892253942AC873F0F00B17500E20F0FBBF8975C4E14E760746BB0810F0687DF5C085D
J=-$5332B2C0CE7FE1C536D657366A93D94DCF892DF216AF940A757C4D70117DDA5FF76E4C47950FFF00EFFCF9840A2B876AC547BB6ED7C0FA6EA6793CED1D4DB9D1739061157EC024DAD37945A823738339E9E1BF4819EB5331DD1F21460E47E85766AA8073FB8F1F282B51
T=0

[89]
S=$4A4AC
W=-$45DDDC538DCDDDA981043E908684A9DACBFF3A907637EF227188B52D526D2ACD466E2310721D166EDAF27A5AC45C12A3BFAA1390
J=-$198BDCA7E2E6DAC980E21B5BF1517FE33720DF266C9722DA7E91E10A7C008B648A3EA659C96FDEA5DCB16FEA17F52E4B221C9883C26604B8E2865CFA6BE127B41CE8D602C266CEF49A6EE8BC35D90E1F5BCFFA8FDFE79A426DD4D277776455CCEBC75A3078E8AD9
T=$1

[90]
S=$1E63653F4
W=$20C58B1341B723860B67DE2D423C06E8AC44C8D26CB9549DCA92B7A887EA993481AAC2256A5C361A8A161A8CE6BB98971ADEAA
J=-$F0E2FDF4C31D8C9ABD4C07CFC9AA709DBEFF239D59BACBFE262033B414CB5B669E76F0D56224FA2721875FC314C17CEB6E6076BEA00BA5886F191882DD1BF752A0C0B1406A963C51344BBA41C16618C489F73D7C07AD9E242604CC2287B0A2CEA49D8B99A
T=0

[91]
S=$947DEA8C
W=-$12C21600C1400D8BF0BEEB3B2FB0B949F8CCADCAB197B73BEDF7F7E9C385A8CC1629E05EDDACF189117FE6C5D978D12820
J=-$1D5E3C53A2A12481AC1715F9281B739AEFCD8273D49D49D13245241E6EFA9D4557DC61C080CB1E8BAE44DFDA37A19814F80B29DCDF6167FB63FF1A2FAFBA465A6C90C5B9887ABF6806B3151AB0B2188FC8EC30C62EA270F1B7E7B2E14B660341F1
T=0

[92]
S=$1B85A23A82B5839
W=$C9E6F145BF8BF972115F73658E0B8E10069AE998AB4E4C9F1C6C61EF030417E98D404113DB9E6571A85BFE57CAA6B
A=0
B=$10
T=$1

[93]
S=$3A8D0CC7C7
W=$1729A747CE21357215BD0E15F64ACF72470AF889E8FC331A52AC04A2E9C5C1C9538A0BABED98D17BBEFBDC1
J=$57A0F5A77AFFF12BE917353D4DDC095F4F427CC3FCB8DC77FD439917A756C9428D940A76B764D48983D282AED93EC5BF427EB3CFD488D4C42A7EB8ABE81C0186D175FA84B36862C3F0390973BDD89E78795B820C785
T=$1

[94]
S=$99A24B7B
W=$2F5BD6442BFE83863FC9D5FE30680144A3ED87B1DD9933C92160B05C10D081654CBEA2B57EBED6771B
A=0
B=$10
T=$1

[95]
S=$171E2
W=$65DD7CC4D052FACD98125DE6165280CB0D69C09F3C151EB0A507D0778732A0136240CD1A716C
A=-$20BAD2B11535174D8C922DC3913571249E8A2124B5917F54AE08669B965DF7A768CBC8A5B6750401A9556582538904E82A06607C5DA41E7018C55BCB5C5BADDD57FC9B95941570346E503105CFA
B=0
T=$2

[96]
S=$4CF725
W=$2D6576E0FEC47A4F53A0D2E5F5170A2DFB8BFD084E7CF177B48191266D42B914F3901730A1F9
J=$2481607671A6A210CC0DCF44C2CBE6D64A6C9B72BB00629114767B5E9E38F826C5634D2D0B0A9F28A0B1DBEFCCE8B33DCBCC6CF398BE6C7773C2171C8C3D23F4A617E1A96B08AC63C596B6
T=0

[97]
S=$DB710
W=$27C2E516BF8135EE33B5109CF762C6A5AD2EC259A2B14EE0C66EF3F81490A94E6E23D30AA
J=$3DC9FA62FFFF2631BCC1B474485789B0D6CCBE730CB8ECAE91E6DD0ED58155797843EC64B1721FA15667F498A862C49BCCDA33F9B63661BEFE16080FF195705BD11340F108012B38A
T=$3

[98]
S=$2B50BD
W=$11B82BEE0ACA43468F2D57C72F8B0848D204D81C56B22A040355FACC06128EA07A99D
J=-$1A3AE23665371B4637CB3A2D8E0BE72F41C241F1EA058F176BF319885E33A37E1A934B339BAF6FB8AB2CCBDC11AC9249859FB74C9D8A7BFFEBBEFD89C65B54877A10EAE4F12
T=$1

[99]
S=$220B6
W=$356AB6939F41AA6A77C7DF37F451CA314BE2D7337A646757703CE735381514F58A4A
J=$1AC9A19C9F5AEF171E59D2ADA10EBC7E8CA1A37074DA956A8386EE02783FECE10482648397A85DA3EC509091E4CCB28B810FBCCA13CD8140A08BA889674FA7C3A9F2E43
T=$1

[100]
S=$1A5250
W=-$ED9265998CB9E335824E5C24DA26E335878F9E4C97D3938058B8A9F3F971BB532
J=-$AB04DA07173E843460D52252471682B5AF358EFB1AE774B932D197F7439558D5E0855B2F771B06A9C48DC0D5B79979D95AAD278D8F404FD67DACB8B7607E3D9D0
T=0

[101]
S=$79044
W=$85F69E7FD96BE845DB4D0B4FE14EAF191C2536B945E8D61FCBC9651F03B5A72
A=$1
B=0
T=$2

[102]
S=$410E04
W=$2F3ABE462FBE00866EEB074DE46B07112E6676D217E02E5B3A11B192BC0FE
J=$11744C550FCB6C9E879E3AC3376AABEDC837CF4B7580812E4FAF1BB094A2B0A3ADBCB824CFABD84FE42B9CC5F83958675E09FC96A4921E21AB391AF4
T=0

[103]
S=$9BFE9800
W=-$20B53442624F08FF9ED04265F693F3495311DD5C584C479E7FB98A677E
J=$2B9D10F4D06E002C3A2C9150A7FBF4A601100C484B87FD6FBEC4C07A2DD97C8C647AC3709F2CCD9C95A87CC178C34FE1C1D977BBE9E0A3A6FE4
T=$1

[104]
S=$6C1DD
W=-$6EDE1148518B85D95B2BA8F49370B76DB9CCB0478259948080A01F
J=-$3ADC658391ABFBE704B6FFD8B0D995C072A7E3BE343A56C0BCE4F79DD1D48DAF3902EE30FB40B59D37990D87B995431BCFF77CF2ED
T=$6

[105]
S=$18
Q=$5

[106]
S=$8F933829F64
W=-$94962ADEC39B92718A0B533824CF5610ED4CBF35678E1D2565E
A=$1
B=0
T=$4

[107]
S=$C3889E
Q=$7

[108]
S=$4C
Q=$5

[109]
S=$122083F
W=$2EF29FF4E2D50FA3E9E9368014F777CADBBA88A471
J=$36301F753EDC47A5CCACACCF19085A77BA71A23E81D0372E89F314A937E557D57D0C0638CAB76A05615
T=$1

[110]
S=$67191
W=-$3E11D45A4523924A8312F68843D2D0998806373
A=0
B=$10
T=$1

[111]
S=$9CDCD
W=$27F528D9EBF66D35614C92484D092693FFFFF
A=-$98
B=$2D2
T=$1

[112]
S=$1CA13FC
W=-$A475D8810BA9E27DB47F6B90231E72A50E
A=-$108
B=$69E
T=0

[113]
S=$6B67BE
Q=$12

[114]
S=$BFFC4
W=$4D0E0A8F7C1D544FD9769D2C4946
A=-$1E
B=$38
T=$1

[115]
S=$A890
B=$2

[116]
S=$33243A2D81
W=-$4F62057F27D32B700DCB05CF
A=0
B=$B
T=$1

[117]
S=$ADC68
W=$ABF7CEDDFC3EF72EFAE
A=-$1
B=0
T=$5

[118]
S=$D129E910
B=$2

[119]
S=$108F1A
Q=$2

[120]
S=$1A9E2
B=$2

[Signature]
1=$439FD0880A0B153A303EF99FD5EE968F9A8B42B34471D09E
2=$7287CFBDDF90DC66BF7424DD6C2CA1E4DB462C29B4E937E3

