[PRIMO - Primality Certificate]
Version=4.3.3 - LX64
WebSite=https://www.ellipsa.eu/
Format=4
ID=B497703821324
Created=Mar-28-2026 04:38:21 PM
TestCount=122
Status=Candidate certified prime

[Comments]
Put here any comment...

[Running Times (Wall-Clock)]
1stPhase=42.89s
2ndPhase=4.29s
Total=47.18s

[Running Times (Processes)]
1stPhase=238s
2ndPhase=37.36s
Total=275s

[Candidate]
File=/home/lappie/Primo_Batch_Farm/Titan_Group7_Prime2.in
Expression=(4797791281532851794738)^47-(4797791281532851794738-1)^47
N=$616BE0CAA010C5A48D6E30B26DF7D8DB59954F57823C72B77C679A8A06DB1D8EFE65A9C3CBD872C10352FAC6FFABAFA467D2C55B98DBD4DD9AE4F075C224BD4881D931DB1D0205B0ABB641521D7D20605E4970043DCD195AA1D4AAFA75989F4C581D525C68A8553E7BC929B8EA90088F9D6993CD570AC8E993BFD365D317F0746A11D8CE0CCFE8DCF0707DD70F587C9CB1FC4C704DD2B8B9C7E7C834027DB209DAAEC502262DB690A2B158EEE645521FDB20438ECFDCEE498F18D38432ED6253D1B45166DE490F043D523162F3117AAD5A1916274430E07DA4C557212EE8E727A0394EDF912A356A02575E505E989F06E6AC3BF22A63642BBFFDF1D13FA477518B8776D86BB3843A0676A19703C7AE0DE669D370EE47DDF3E66F2344770360172719E34B21E4615FAA13D5B85285BCD99FC7B4BD580E6DD6E4FA6A14CA8A5FBD82A4F3BA22C535237408EA12FE53870F12F008F3550EC8465D1AB1326A8E8F642DE80FF8563716D279CBFD4386636829596F52D1B6DE54AF60842F2F6CA769B422937DC0A9DADEDF588D3BA2E946658A2BC9AB37FBAEAA7BFA4DCFF7BFA92F
HexadecimalSize=830
DecimalSize=1000
BinarySize=3319

[1]
S=$50F13217CE5A3C595295D00
W=-$D1095F575AEA76DF536C843497DB84C027C895BF97493C27AB75EEFDB11A2FA086EDDA73191571454B4AF18473E945C00775535475959093C49FBA3C0394405C827D21E131B8CCE1439FCD283A40C7EBFB7E4D1F847E45FA9B1B2026E4295B1702C2BD4D68DEF02911842087620182B578BF10060210DB5EBDF6271B9E0A71F25A9D6ABCEFBE63D4AA581BD51D76B26CA17629C6486ED26B7F3EF7F4D309063BF101435B8CCBDC143D1F8A11A96215560FF5994E0D3E2EAFA6E4354ED9BB9E31418E5EBEEE4C91C7DEE50E83DE9FBD0
A=-$23
B=$62
T=$4

[2]
S=$16E964BA6D
W=$41E41901C9C1C6B6116D7E9D38A1D05B5B1A1A7BF8DFA99E311F589F4C39262615CF7122980C7AEB250B53989D56C5178DE07B705F9BF73464FDE0326C620B38049BBBA0B44AC1629E8E6F8E35141C1953DF6420A962A2440AA091CE0B407DBE9152D01B9B11017738F646AB7BFCD4680B50B194E0A0D68193EE6B473C060AA077F0BA824AEC3808F7D22CB5EEF39F0FCBE6F7DCCEB7CCF0101F8CFD59D8AA5537A3AA1730839576A21C121C9F315D1F320049428F5FF245189ACD521CA8FFDD5E61D7AC70613D38BDD
J=$7F2E97516531DFF10706A98F20ED577DE249E73AF0F8B60EFED46A83CFA8638D5A41AB2A0AE030311D24244A208CDB64D3F37479385A7160BD87EA7B35736EF6E60DCE2D6495497135CBDDD875C1D114F8153CF6F127FC5B6B742995A2797B82F00849FBCE0F794FEA53AAAACAB341ABF6848E337D0DB9D15535CB29AE1F7B9272D7E1E061420531F78A83B8F26C015B0FD127512817AA43CB6A80C42821290DB7B001933402C1BCF4676C90CF9DD0EC2182252DA672CA82E2454790E6F11757AF8105070BDA7BC40900E5E5ABC6F09BA7BEC9716A9CC6987516B784A3E1DC7823AC7027952CEF4E71470FFD64AB0387D8161DDDFCFE15FA517D600081F758BA48357EAC0E7C678C5082296E5D6CC3EC9F9BF7742AD3823352F12154712289FF529AA3DAFBF0B88A1F97EF64A4C18B598170D8C417660F5BFC37C81F6F287E8CBD7D93A7E0625F1AF4AD8101C08A8100AE988386ECAB8A4571A777BF10D83F8AF2C7926CCB8D2EF75BC4F305DBD108A62B7BC261CB45EFBD19A4DE3CCC30B9EBE243E4FDD9F38BD84CA1FAA639F0ED32FCE2432
T=$4

[3]
S=$25BD6F7
W=$A1129562C3CBD560CF5074CE06C26258181E6F768F7267E452D5938CDAEB9F6DF92BD072653548DD2DEBDA3E87B3072EB996B5F166838658238DE9B5E6F698BF88087C3E11B79B0D00486D57A15F5F19BC1BA19C743C1BF042B5343FFE0F3A7DDA22D20024FFD2F2D9EAFE450D1778E0E6F5FC851CC58A9B001344104AD0DD0C8D3FC7EC14C11D73C4D48BE0A9B0417677D8FA579DFB2DCAC8F8DF6B83187DF59FC1D1E145743EF6381BB81739C446772A5DBD467331AB2EEED3F72DE33557F0DB3011C52A589E9
J=-$4E33DDCE389885D471F1DA6574F0E8CCA4436069DEF3132CE790BA67C46B9170EAE60D18CF306A76C0E1958ECAE1E1A09806167C0492B21980E455C7E1819B2FD73A965A53AA1EF65F6E5BC8277652BDA7B5AAF4679F1AABD536F89D7A7F53FF73BC7C15127457CE98891D0A21770E6FE37B2D6AEEDD7BAC6C908E817B6A83C2DFE37592FF35B3938BC841D95908358D308E380C38C77F39BE45C70EF7DD338643B4650ACD849404A5CB33B66942F363478696BBD4FA92FF33B83E8C9DA891A1857AF9C233DE6C0A55E6CF9192E024CE91E63D6DBC0E5458FF33998622C18D87E2A21F9F44738B0865A525A2E828AFE3543B386165467D4B01FA2000E3D7F48E9AA4B65958983FFDAE2A6CCC68DEA9F5B3E6581CA91DFCF1EFD5EA5D61E343D7B0C38115D367153AF862E9B65A9296D21AB654CA42C77BFF7BD1452870657FF17C73F4C7E23F93C7F0D388B8DFBDF2E7B7CBBCCE4E2449759A77A5A7C16F0018719C1C3213D596F899322A13F47B11DCA15D4577D8F9DA41F7EF979890E103328EC9D957AECBFA3D205EFCC0AA3325
T=$2

[4]
S=$89E6F
W=$1051FA4BEBF2BF7F10D73D2CAA86D9BA80D5A50C5FD20CD6A56AAB132133C679ECDBA75042F0A57E3568851652389C4FFA8FDA1B70ED96373857C5CB0DD4A51DE279302C3B96983A36737A90909202000C8604C3017E46CF10A9EF57FD9BCD396124A24D3AD9DD5D752FF242FF5FE1BA7F9669AA3508F110715B585878B1E0C4F9A2F3E417B7E2DDFB45D588708F19FCAA041EA840D6FF5F689A2C21FE22D44629ACA98C1D00676AB0ACFCC062D262FAEC1952849AC6B4CFCE6F4370FF2035A2AAD0E17B12909
J=$2C6DD1DD285C1550C1D8795CFE340B5980F4FCE486716D4EB6E531671692ED667687B473F357F76284F87334213FFFCA84656700E864929CC449BC377676ED9046D4C3D8B72BBF123BC3A4569C2D9BBE5ABDBA4F8E78AD8E0F6771DD432B5CFFE87EABA2C904E2583BBBAAF46B408E09B2FB933E315EC27ED62A0FB9B4C8A125CB6C4F59A0914E1A80A6F71F03214D69F8665CF28BBDCD73F30077675FA3DFDAEACED4E4296FA406F4E2BEE3885FE70028E3667914281CCDA4BCF33E67622D676241908D99633C7BA35C3398A670DE87C515D344CB76B66D24E167B87569C26213ADFE824F70CD7B384A41CBB612B752962223AAF0E9ADB27EF5DA44DFBB9228724250B5942194437658A80CE10959383843433CF1C05BB002FD77D8D8BD5F081592AB2A1681B5DC64CAE5E0D43B215F09960239392C1F5792F4ECA4C1B7D80BED2CE7EBCFBE0EE0D1059AD0DA38737D7451064002A4969B47DD836A6076CF9ABC2D631EC64EF8846990D00683EBAA6D269D09D3077FE5D75025D114D08BC84409D2862444487BF3A7153436
T=0

[5]
S=$1E9B3A6E7E
W=$6364B9186F169C655B206AFC11F37735CBCA0C38B3402CCDFF3EEE431A02F85490CF9B19D31E04A4958F182D83AAB01B8453266547CABA5C6D97572FB4B92EA0FB1D1E2C3579C04D8CD9EB31A7864402732BEADD67D7EA3824C3DD2888B3826F41E32C6568BD97F9BE810FD57C71058B45C08CB5716A9339DA8D14C18E8171A18E4108DF5E076FFB1A20705EE2FCD927598B06569C5BD170B1B635BA20B076719B75E3D09A5FAEB1A35BFF659A589E27E0CEC8D2CA1C5950D77826C2BE64D555D05F947054
J=$4A40F9E797382D8CF8797E7F8186CF4908431F925B607A9740C125CF3A672C1DA585D5109CCFA8293842C98AF3D545E7BEB27F30484ADE387591627E95AA399C1D76D5E2D1A8F92FFCA916E13C433680B5C109A45057E4D6DEC70B211696614505910DB9D3EFDF776275D9CE3318D64D4C7793939ABB895EF7863DFE1AEDAB663875743BF87D54C17E9DCB47B91C1C9EC9DAB7FDDA455C7276AAF6743651EC22A48413722924CED78F62B3965C3C763824080D86042179B7CE63160692CB92B323AFB6FC0373045C0F26516B29B000276D499AFA627186199699AEA94F1A8FE939A73DCA6E5D6A5DAD551ABAFEF3332DC1016D6411B42DC01F05318ABE0AF19F8808012DAA2673DD5116A3D88885DA5DEDD995C567F5D53B9466EBD983B8726A859228383BCCB5C47EF7674E0216D64643404DACFA04B08B91D9FDD34B778447BC15E3465CA18773CC0427AAFDD73A796414402283190E35868ED6BEFD4D03F0781FCDE893F5B3725DEE209C509B0938C6135D4687E3F6A07BA4A844B5FEEB6EE29CC5F790B49D72B5E
T=$1

[6]
S=$C14EA5206
W=-$DC339656C1586920603073C2D360D25656AC2DC932FEAC1E3546B8F936C21970D724AB6E41F95CC9A267765DCCAB628BC1259805025DC651C2BAC31B415A31BC3235E34B424A9EDD8484B54B672D73E3F1F1B7B00182529942A76CA4AAEFAF9153B5A06F14808481D4F311C92CF32D012685D0600104621232D0A1B4045339122ABF2CA27D5D3B9C85C0673D0BBFB7A0A3A7D0A6CB2D557060D76F4F2D9CE71F69971415EEE4BFF821AC66D259B162EFB60B825E9451B3D64B9DF50B1435F641342EC
J=-$2668833FF8BCB487C4A1932DB2A0E8456C7D9ACEB7FDA3865F667AD51C7D4215079F7310EA609747791606A180C2052E94408A0224976958A051A3F0BCBB6555F55A07F2673800F9D18E43703C914C96B506FAD1B5F30EF6605D90389B45A5BD55090C83A5EC5A9EF0D339F01C24461CE4FAA5C7251167506019E64C5AE5B8700FBD305922474DE4F2B22B9D81AA83C9CF2AEBBDEAB5D0882ABB0DECAF2255532D729DF303CE44FB63032A4D6791C67A85C8725D1D03639C447EF85AE9E50A88D369C1ED4934382C26BD968397909CAE535571936EDA348D0A35FEDA4E3599750ACA6D202C299956052A08A548480FD846F32E53F883E0C7150A440990B893470AFF9D2A2616E47BE712E252B79844A3AAF2CA52A20CDFF27D947FFF268B152CBAA3FA52F6A3DE9EF1A89E62F769EB2C5C8D05BE2AFB7BBD99300F5974A61AAEA0899FD378A02791D7604DCE97E14DFD0EDC044B35E3DAACBC7E9FA7E6AD6BF22C875DC7B8DD900C5ED6F58788A1692E5D933F0C372195C1F5399908984A082C8C11DFE64C
T=$1

[7]
S=$1E2BA2B
W=$53BE759DCD6A49124EC61540BD064E225269A6AA8D4969E966390DB1912A3295197B8065225DF28DF11412CC12FD85DFFA3AFEBD4C2F64BA268C3DC35C53A0719208A6FE44C30752AF56F0F2B42C0C5CC3CCA023607010411265AF6A7401B625AF4F07F43A07EDB87CA6F03CBAC23886D281842DFAAAA172CD4F7768BD8FBF1DBE740EDEE21C56D9FF0602F9C1B057BC4BFE37BDE0B5149D9EFF56F919A1639BDDB3A5427A948BD034533511DF2B6373E033327E6C97BE26B931FCC110049C3D3
J=$1E728FB359F2C1AB0E991408D51C1D20AE8F5245832C2CB2E629989648DA01E8C06F6A49632F26AE6325ADA9D2ABB9C067A4217A0A5CD7AB61FE07CD44F5399F59E2ABBADD74F5B235C322E5DB30C7950A1FC763F43D9ABEA636EA2F4D2E344BD6C01C31DFF7E61B062385F31FB125B6AF73ACFC58EC1587C3DE525140CD904A817D9718D3E4C54CF90A49C8BD246779B83ABCF302E26275D8F95D8D74F4450B08FE29B57FA4F8B57DE80205BDADA50BB5005C9194AE45EBC1DF3018E1F2B079B0A5D514BD9A7B560A2E210E99C502B45363DA04F2BB255BA5483AA575CEB4D10DD33C031FE61DA77DD8DFB9C83B81FBA35A17DE27C27FB6251DE0C0863B57FE1542781E1CE52F8415D9D0A75C25BB669A43BCE59ECEF8C67BFAB28B4246BD72896C514A50A8911EA155A6B2FDC15B67A4F37BCC11DF78358736B39138EB3F8687392E9DC90D2D42EEC1B33F13E34894CFE3D95001A20B608283FEB4111F0BA323A7728F6EEA7BB5716914048E33DDDE9CAC08CB9A6596C92B0144DD29CE469A6
T=0

[8]
S=$E5218D2DE
W=$3EDB003678F699D3AB6E5E95362149D0EDB05CD646C7FE3493DC42FAB193E9320C38C5FE0A0FB23C7B92E7A204A5FD06C8DCAF674E98A0BB5CFB55E983863546F2D4BE33A43177D44754EDA67652A45A44F8FA608335A63C5BB08685B3A24F0A1DFFBFBA4B3E02C2C7863A91A3B48E0F795F6A054B8C02BAA9F847A34D12C450BF02022CE35E2A433110DED65A8480C6012E6B7164ECE2F476EB912F8F4A09931034041A6D2B1AD32B16CC54CAB210495EC7AFC877449A6B4C744CF89BC7EA
J=-$1B26AC0ED12854624E0FE9D557BE6F28400E02F97C9B977C122FA9D22A71893BAB6B19B72995D31FF46C0BD5991CB9138E3045EB531CCC869D1F511926DB2CD6E43B886592F156C6054C9DECAC6BD807DB1FCC907829A2A3B55079935EE0C7802F0EDE943E26527A6DD19167DC1C74E1E7A96050E8F8DDD36DCAD3055403F95C46E672C131A05F01F97559A5FD29503D3216F61CE0E4B6DAE2374698763C0BC9A421DBD5788616222C351A079612424EB6BEA607F0E69DB90F454451DBC848F4D2DC7FF4968076E7714F1ED10B223B309D4EFA05F723820866F6E97B5232C16ED9ABA496DEBF32F6FFE794DA09EF425AFFA26F9EAA9B7294C3F7D621087C81CDEE402CF386A6179E100F9A36CAFCF1566C72ECC76A386EF181E9A48B590D767DE2B467E8BDA2BC38249F38AC189A66D4F8D50258826FBAFC9C2691F0346A531E20DC841BDDAF12C40033EAF6BC044C526E8227948DB0149761068B1831CEDC3406BFC35E4E8C91E376525FC9A160FF1BE7189E17898F678D1E8B3816806
T=$1

[9]
S=$BC6
W=-$C84260611E885721FD8335F38F3AC908B8BCED10113528771953765A5DE313F953EDDC2B261B558890ABD8379BBB41D46E26248566567BCAFDAE8C3598F887BDB156B915010D332E115B6B639596E8E6B7CABAB21746F1227176C4A5038FABDC3C10406ED1B7559B11C02AAC7982C4D95E7DDE93D544E843E5B630868862553868517D466499DC8CCB5EC55E6C60D93C540A7DBEAF77C1883FF7432BE3600BBFEAE664818E98338554C6B21EAAE4B1740E9034FDF707AE3832E569D66
J=$513420C559B8BF523DB37ACDAEE521B7FABA28C2EF2D0C96708FD0055163C32A7484A3EC0BF60B9D9FDE7888EEBD9F527786E6E9C9E95ACDD0120369A8ABACEF94B36397F6F45936C3DDEE5AFFF3D278E60BE7A2EE6D352C8943B9AE9E1926606DF1A912DA9976E01B877132538908D9ACDF5C0BA1352572A5DE0937764C018B6FCAD56AB73712D60826E322C7A85844E496D55350C9E93F31D83FD86200375F38FF24DF7E1B4E2B8DF6660E90836AB29FB6A6D43144AC9421EAF84EDE30A7A050563B8FA0E33E458B887FFA61D822660609495F7CBA5EFAF10AF74EB95197165089E6C149E303B72E8B1538B05ECE782809B74878FF8A0DB4C7A7288F75544128C747C38EF2B4EBB9EC64939F93EE6B0D84838B058966A369281918C9BD22050AAC365B742992A60722BEFC86A91F3977D9873E2B6024AAAEC6711ED6936A20DAD2D75F4A058058217919FB7FF25E2974757884251DCA0EA1B018ABB2DA41FC27B0C75F3B29D27D55021FD8A4D2E4A1AB3976C709E2368A2
T=0

[10]
S=$19D8F568
W=-$498E78250B016EB264158E08F3DD5915FCC3A87965ACD3D7CE84399D776067063E90D0F66904075B37FF59852061C71442769450BF5615F0998FAD7B2B8BD46B47A8C27FCF42894482D7CF43E0494FF515661AEDCC18FF9FB6664CF37548912D99596E7F6F094BE0B140641E050B1D9378E2902A24224339BA96F2A9E899FBB0AFE59BA31CA419286B2B7FBC6490AB3ACA574811DFD7EB77EEFDB89E3213D6B8333BF3364D6588B7A7F85D22BC6B965E6F15155CF048766AD41E82E6
J=-$8ACAEEDFF52B32CE4AE8CB1B3D826DE34D4C7E6BFE35BE6EEF82FD79FE350156A1E412EEA33A6A083B24AB40817C2CC161152E440A1665574DE6E3A129D262DEAF4FE4B081B3C95C853FF7A6765CD612DC9A0AB6FEBB4BD39A34539D04C595CD6109AD8BA3EF9944AFE6B8ED1423D959068E7E966EF3F4619FA4ECE064786FB46DABB1AF08463809410B6EBF21C2F92B448EAC7EFFEB488556ABF4AB84ACB891851AFC5CD69090ADC847FE447E77B8525DD333081F0BAD6A8064BD7077A0ABCB2A269347871A3955ED5D32CD261506DBE5AA769898D51EC066B396642DF2672D47BDAC835BD7B63005F735A7598F4625E7F17B928D2781DBD732AD0E35F1E5EBAE255CFB7FB7DA94C4B02F81B0B9AD36D2C5A012258C1F325AC7D07B5E303C8DF5C9BBC735E2C59E4294C01325B9C61C90E24C1DD9781F1A47A892D9E3942907B537B4498F8BE471A8431189B65DEC419AC59D83AC42F1B945B51FD088A1E5DF6E7995E10D7D0115A9BB7C441322E63025EB6FCCF7BCDB
T=0

[11]
S=$1E955119E09C4
W=-$76572643B4DEB41BB9F5B1EDFD42966844B9B5E3745E8A238D94D9A96C24D2AEE980177F447816507FCD3BDC7204872A37B7572487C352398E228129C180B804CB262FC70E4AABF95A469524FC2EF2C9835DC3751E98004588A333C14F07D3E895CCEE96D6E8EAF6666F48E6F3BF27D7F21226169CB43CC6136BE2F6F7DD6A40B8ED5B1F19FFF5A5D67F850781B3363F0CBA022BFDB2829742E7C766625B9659EFA5B61997DE0E6AF52C4C51886A27A7C4E0A8B1052F84752152
J=-$13083B8D7EAA56B8F9A0583A97AAED19124406BBAD28257F4D5CFF71CE921658FBBF855613623FE8DDBA9E88E99CF32ED69C646E2EB0501B493244438B0E3CD2841AE1C64FDDA1F7FB61CC5873DA8D3DAA69EA244994106E7102A788783DCB02056F89F3C4C68AB12ABA64641ADD0F6A71A8829960327A0CCC46C0D6A479891F9FBF0C2CAFD62C34834203023708FE66FA9A5BF54939422DFB4DFEF82ECE51CDF4C71EC4505C4670D0B4EB0BFD29F6966E5E43C288B350A25BAD695D098ECE51D194FE12E0F2614F6E45A8B02FB4A92BBC7808BBFE0C1DD7F87F83FA6D6E7245285B48E1F510FCF239751308F08E912B4DDAD5A66C9222C2C0D5719BEBFF5A44529A98B42EB9D91EEFE842A33A8844E975CD1FC3E01C44E15234DF6BBB3AC9C1CDFD2FEF28044F85FDC2CC6E330294B0C4C4FA3F43A172F987147737568B53F087B2C6BB76BA6F27A9056F51C582029F474873E019A46B9AD9A6E936D0AA1DDB9F4A6B90AAFF99EA0859D051F35CA29146C9A177
T=$2

[12]
S=$30738046C
W=-$B0353A14FDCE96511D5FB8B50DB04C2ABD5E096174A14D51D2AE538F649A6BD59C832C0417FDBAAD56BA1051FCA6AC1A7B6BED40D9C476BF10D485E155AF16CFAFD266670B9EDF4A771C2B76165623FFCE3AA50234793CAE7ECBFA49C8087F8A45327DD69A8C75C1B271F658E5D3B2F965BCE96B24F1584FDD68FDF238A0F54F0BB316C5B290CF59E340ED2A9666FC0258E745B5D1D77ED2D6B08CFDF7C8E32FBF9A895661BF37A5929C8965315D162FCBE461A6663CCA
J=$E4294E99228F19F0F9E8CA14D3FF6C63D0AC47AC8CE1895A954CE25A884597BB75133B0878CD1F51EADDAC15A5B0069278BF04557D9F50A42968F31B837FE414A6129EB9362E9EA8CE5CCDD23DFF8E744FA4EA18FEE761735C0183DA6818027ED6C7A8B5DA600803462DB255A9306DF4A962C778FD1FF16EB5CC5459469C077653722EC9D59B06B89B15E5D4C880886EA07FC2D60426398B1ACC594B833F7F5313112951A7FF543FFB37622439C46B227611A73762624CB026DCF4DD294837DAC9375A479674503638AE01C70304A2BC5E27A7ADC261BA6907CFE72198256D0C60EF1676BFEF62B1347645954159E2A787AF5DD4426302098B1C860F38ADBCE2FE51AC3E4DA78C1AD1032C9432AA23F0C17123A9725131768BE5B790F8D6E524B5FD7DC94C5ACC8497B853D9F8F9461EFC76FE1FF56E0A45CD3F1A9B8870C9C25C94D9260D108B0D0FE4A87E5B0D32EE2AD57E3BF5CA4BBA38F430DF9480E424DF57E1E38DAD496DAB2B4A95475
T=$1

[13]
S=$30C67BCCBAAC
W=$58D3FC19F87DFAFF9667E29599B8D42C7397C83218B0A77C8BC8A01788D1947F5F049DE633D153AB24DF145B6C717129C47607033F039990A4ED30F3124D2E6050865DA6C1FE40C174D2010A7C487732AF9D3D40C0B27A8BB3EBF43F78CA6B5993FC2F7998E4665FB964BF3172C2259A442DE989C653014F0612A37526AEAF5500367EB990020A4F11526A1B6853E160CABC74FAED78CFE2A22A4B4B3F92B77BD892AC10A494ECDED2155ECB5F488FFC9F64FB5FA4
J=$506573C2ED1D1EBDE296DF38366393082B149274667D336E03C52F0361A283F9526B26C30DEC9A8117F3FE007662AA1A116F7148B45406D1B4CFA40485766E57645266F46B370A95DA64F090D3091F84B04C24FBF05313B6053C654AE804CAE7F34A15F2E54435CC14797F034DD1B3AC6B3BAF4AF5C7D57202FEB6F6886A4CF029DB7AD72B2A0CE6277C092D17A190A2CE1AA01E9CACE9B85F1F70231D4386AB94E3DBA3309A1689FEEF69F6ADCDEAA58257219570B7387CBCD8ECEBE737B4071C98736CD1B41AE12E78A202B14B2E0D58BF3EED2954C8C694B01A734029EC021AD4F999EA9928426A736E49BFC06DDC6DBB11DB4FE9BD95E074485DFF5744669627F16F8C4840FA2B53B85BF042D1B8E5C86362A7B7B51D3C3DE6E3E747E89F97427E99BF47030E25448A628C19C562140597D305DF9F9DC18A1CFC7B169C534B09CF57C15E9385307434CE91B51B2CE2D18454D9F1E66EB0F3D5A4BEC0AB56AA44C7BC9B32F2A667
T=$1

[14]
S=$9DA8DE7478C
W=-$E5FA9E93C0D1CF593FAB678AB4A8586DBD284A9BA576AA157BB3A6CD4B451F82D3F57360436330B183169A53F7B9B9DB44BD36DA712E98EB3402F060864F4327C065341F8106EE65DD6BFEFF24FDE6A0CA913FB5A4D965DEB93E1D03136CE6F2A753B429D85CD0A8F833D2A947CDA0221BB9243F9B0E95FAF3F30F23A5A26F6D51765C02D520123A4B602814DDAA90B4C0F13027AF4677E956FB01CD9E0A595015B87DE9661C34D4560E3E299EE188DA0C72
A=-$1E
B=$38
T=0

[15]
S=$1B3A28B
W=-$3E3991D60DC4BD55C0AE6AFE897DD506FAAD05755169B043C02F7DC9721144E900B3E6411DB6558DD75D9F304F81A5D343C295EE8412E86B6F891C170FE05AC3E719244F6414C2C3C0B3E23A78BC77F98EA7680A0CD8C5BABB082CFBCE37E459D236BEAAFBEF740E89034C64242E3B1D2FA7DAD613031FD263F3B69DAF0504FE7EDCC9D61A0E3ED12EF67907BEB58225FD8DB22234333CFF635D990D01CA4743EF5E30822C53E23EB40872E2B3971C7
J=$99D410E768D89CD236B71F5F4BD0CD642CB79D828C0F47C9AF20DBAE49513BD0A5EEB9DA9969FA82EB371C4260C01B7F36B325CB0DBBED35816C8EB4E31E0E6E92F9B5562EC07FFCCA6589604FCCDC99948F5167FB660126ACD8DE4C808F6EB6CD3E52681CE44629AAA9C3E5AD04610CC348E180F60549A15DC49AA677894BA88377AB2B7B54F190D9E41BD89FFDD343DC1C9BBB17797F96EC233FD801872CB160280D5AA47AF7829CEC3C0B5834128F9FB5858774FA3F4E59FCF871EDAB38AA302BA105C494B0E98FD08293027FA7B15EE00F3D7CC85FF59C9F24345B7173D3EA9C7F3DE946617CF672D7BA70FB471A84A17FC8FCCC53A3F3CD7AF46FE82703C2EB5A968929059BCB0692F705051416E0871891BEF3D1C3F6B33456958117C45FB966534A6F9662B54BA725E6A0022DBB24A9CE2A605F5ECC1AD2EF778E9119C5F763A7E5989CE4B1E950FE4C6903C6A19DAB8BF3300535131A1381E3E8
T=0

[16]
S=$215F3DD0
W=$A181B75F34F7769F520D775C69A6D5A149F092B133DE5DA3A597D68AB81F875389C38C859063C9A130FFEE357C20601710AE785425330496356316019C343E911BC06B89C17EB032088284872CEC7620DD128DE4023B3F7A027FC582E3C86EA231740BC392C7E46A3BE2C164095AE1BC30B6E7E72360ABDEF40D6706F0EF8AFAAFEAE8B543C3681CC030BBC18785F1FF9214D332B26BA97E258D9BB3138E506A0DABE83F7743FC23217DD2F0EF2
J=$F53E359D66F238F0FB502E182423F752023F4EC8B1A6B0350DE25EA2752D8B2419709995B316E76F85E30D510725AE7428E24CA82262CAEAD20F10CABF9031E371A54B6287814CEF2270F13781832C520A67EF1DADD31EDC15BA2E6FBA4355D5D340114A26132EF126119E30FB98EFAD687EF72D1A862BE375BAFCC9424C5F93C0A9F572B5537810DA628663ED66BDD493188726583103CE2B4A044E69F2109F7CC71723968921D691B126224BE5BD8D7F585AC08EFFD97A007A2CAE094C102F3EDB4E4B10258211D04956A4B4A8D806694CEE19A844DA4FF0CDBD59E630C128D32486317FA887876245894E4BB0102B8464843590E4793E9EC391A807DE2DE1F5315E993234DBA9B9E751C030CBF0355D42405F4AFDD4C72E5D0C153197BFF87C2AB292A2B34A3668559B7A6AFF5EBEA7557996D46785BB62F06296E485C828787106FCC288D4850EF1D8377BE98B80184E32AA1DE8371A3BAE23
T=0

[17]
S=$1B7B66EC
W=$59B0948C8E7AD008B13CD5801220278938F1ED173B9299BAC630E781D2259A152BB3C95357CF5F5BD4BA35D1040F2B7645DA9580AE3C8BBD7F90BDD898B40A27A9A6B14A94D5601BE8DFDEA9C93F65AE483F078405EA41FD29F510AF59ABB6311C948152BEF10E469BAB10268C94CFBDE8DC0FB5DBE2982E463F9D5F7734C5E58B94315A44E4931B22C2EFC23CE07DB49B4D2CB8542D15D741F118E5229C6E5DD5F15B524B6FCBCDB8F25440
J=-$2F067630184383ADAE742216A06754E8395D4793A9B3323326626947A044FCBA2F53E153E418000BFF81EC7A291D2E16EF5FAE643157114D087C981DDB266B22BC4D433CB948FEF69401D1C791C6C267FF3B8135B0D1749EEBDA1CF9E6D9DA46DA25D8723A3A55E1AC136B085F52DB7EC0CF1EE5A52C89F7AA8AEE3995348FF444CCA0D3536A3D61163C7B963399B5AF11172B536D1453DAAF512AAFFEB626EEEC04ED59E16909859523D14F400C0EB22968E3895C40469C3E6DD9DD322DE985E5BBAF13B0F2F90E25E5B5A92057DCCD1A3B2D5259F63F0E80EDE519883037209DCB087A47C96168C5F692106792936EF388EF2F8C5108F7B8B42C04AD91CC644D7C210BC390E6367B6648B926608CCACF3C2959C7C03FF4F81F97699B95D6B0582DD8E68D5205FBDB9932F05062EEF8E0D6E1D1F6896741DB49F39E1587FA8BAF2E0A99AD49378438E20E7B169BD8E1EA0311D586046CF
T=0

[18]
S=$10A68E453
W=$199672A0DA6A3F4AD1201CE0AD51F6BEBCDD6F9BC128126DFAF0CDA025C5A97F6040E6ADDC29CDAD62FA73D6E78C3E1453E116B49F2AEE9EDADBF20787CDA4CE2C6892606024041722145E6BA611AD81A50E960D27E72CAADCBAED38FE7F4C5BBA7C9B8F1281FCC26182DE486D3DF34DF306A6286522A134BFB2A004BFF322E436689BC5B413C84F31667762A298F4E47B23E747E43C943C516917A61129671DF93C417C8181D2E62FD53
J=$480154E26F268F39A10C57F2BD9A4A6CF482B42255212235DD19A640010F726AFE480119D9D2A96A0CD6FED4516D04984B16003DA37BEC38D949D9411D0B4A269BCE27819666CEC49CA328529F2776E062045A4CB95097A4021A20CBC7334AB78DD20A251856442D3B53F6A35FA5B9A81B8ECEC3E604EA873A2C736D637F1BE8529D23AB446D2C9F450EEACE263AC6882BF42367C3A15F6426EE6750AF107DA9F5F1FE4E597F81ACE567B35B966BBE7AAB83C40909FEDF75F2D5F605F081E91C0953275D4162FB0E14B14286985091E9B342F58894D3FB015ECFFD782C454ABAC8A803CA32452B5D2528FB420CF3DEE14A5C664069CCB4DA114091D887D47603D9D8391B48F49148BFC9E990B37F0E9E050D7E48EDAC0D65AACBEE1575BCB26D12C068DDC2ABFDBCB542D27954BA6938B38BD9C79AB3FF43B696DD6F0C41AD1352F3DDC8FA4DDAF305B2AC8AC085FDC8D527A6B7
T=0

[19]
S=$13ED80FF6F1E8
W=$15AF48C0D31675AFFDF5509729640A2C2E5E7251D1F7E0C6D999FA2617AE1C57350676006FD7457D1B18B8CCF59ECAE00A7D4BCF62F4C22B096E551170D67880176D4777B88B85BB169510E77EC036FB5B8AB14E77DB01891AFEC8BFEDDC473605CC9C4E38CD61BD121EEDB832811B5B531D726035C2BF32A94FF45D36DCD63AD55C4E0A1FD5706911AEFB953F32CDEBD1F930A1D7CE6109320B5DC5A2A90158755492F768036FC02
J=$2EC21BB3F60374AABC506F5D529ED9B5D180A4CFA8295D358BCEC90C01AE3C049CE2E98DFD913053C01ADB2D49FA8F3CC2E52ADE76D23F250E3B37DD0246F79DD7AEEB310D6F838791B4EF14B7CDA7CBB566513129CF8C8F133018B6BBD27A133CF1C335475AD8F6E1915F3A1BB2218953AE5E4657D695E28F4B1B3587E3E71999DC9215157B97E46BD1EF66584412E8B212C629C4B444A136E423DA37F0ACADF9F33F21EDEFBD02FC3A8AD18FF978698C6415420D768CF1208800DF10F5FB146C9F14C66C3282BB4625C255E3D06FD45B718C37E8E324841FD9A527454093EC958C9A55982A22B849889F9381D753203A7042CB1198808B3F05B1EB635FC02FD34F01E6012EDDB0127631146745FB8D02909862A4CC52AF4A12F3D654236CDB588ABFCF8367C09BB8365283E470597E7322B57CD0C583A2B67C2EC3C1FABC236DF30E2585E4E92171649503F6462D7A
T=$2

[20]
S=$BD1BAB30
W=$146B3F4BD446B6F0DF13CB0D4320685E3DDD4AA472396FF62F6EB6C4F299A353E8213D94FF6A4E83C1B85A777516C2DF8F2B0D9DE27F5DB6FD43A5F58412E4BBE38E558B2B67ACD3F455BE2625585F5E18D15549BA47AA7B302B6EFE0D5B723CB534A8AC11AA01A1B79B782D89CFA498060ED0BB78C2BBBE0C938444915073A96404E04832BB201A626AEB94A2A66579281B6FEA5A93EBC28CFFE8AD5B772E0EBBFF6A15092
J=$356B5416A9B0389EA465A33020BE4970D3ECE80595EF48C4E96A352F4A31A9AE0455AEBFEC0C0DFBE235873FF409B4520E44485CE80C4A238A965EE730EBFF361D309A41B10C584CD350C49330082B71EE91F101211EF8820CC626B8FF1B132219389B5E9D7A400EB3DE46E98A8A702D2EB209600922588FC194CD22B586C3D15C65D23B7A93789AF05296806BF509284036A849392ED34020A89BBC4F0E8C2297522D289BAFFCC2DC1C62844433253E41886AD4045CC2B010C6158A0E303A8C0666CDC6F7A26A33A3E2605684A0721D914BA6732C43AD675D0A52128B00F6EB203FEB552EB8EF3087E2DBE0D0F93448571B3B217C3768CBFE30E4E0E22447FC292BCA228D0A1F780D72B51B484FD823951421CCD04E57A7ABE676D50AB0B870271BC20D5A3659388B18F1AA0C3CDE270D9AE78052A45423DCFBC911F1964EA7BEE88092A441107397C6
T=0

[21]
S=$60E722F
W=$76EC0DEB5250992CF154901BD6A1092CEB15E00C58356CB0F9C90AF17342B199313B7B2736A712D1819F814080DB75553BB9F3FC460B9E0147B3032B4E5F04E01FF2BA7D6CA45F21F7452FB36572E0CE6B27FEB2BCBF8CF081803BE9B0BAB1E585AB11C7F2FF774827193B1D6B5BBE55E189829A0198511787FA9FF472734A02A76BB935B1BC74FD0EEA9F07F2D2E37F320A884C0F16C349A28FC2A5266691A6031BA9
J=$23A825F287423F0450542C1EF659661C626EAEBE9BAAA12C5C6D7126A7975868847C034CC209DA279BA496673B3D2594391E9C9E3C74F2FDEF1F1C2AE8EDD8793F6A1C3774B9C985A708896A0768CA395EDC84E6516EDD867A1F2846979E6473684D3AF9C3727BA27D04686D006A599331B3120AC03E98B8867D3A6B6C098FC3329F3E1359B56E36526FE946424C0792D24D719290801EDA26538B9275345F448A31CE50869131CDF9F4B66567E3E0DAE9D1B29934F04FD7F01F43C340492D2095D2A98581ADC9CFDF5394EBFF893E8F9394C958E10B2CB242D99502E5C85476D32E0E804762CBDA0D65DEFDCC8AEBC75BF8CD5A2ECE33192042896086461D88045FA338501B38DA247995CAEB88DD94E4A0A4A46B06140116E860CE77FE72E3FC57B904CFBFA8E4A2D91CA6271D3AAAFD2B7FD3FE59DCCB89A839C7E78B7B3944CAA44FCF0F
T=$2

[22]
S=$DF216D47
W=-$B7AF9809DAB0F8C2363EBD36E1D69E800A38E31C75DBB8D00C95A35DE289FE5161582DDA7486D096ED5788ADEC3020FCA99713B15BD045FE258A8968C98ED9B6872BCA5CBE49EAA2DCBDACC91A0587FD566CC74E835F86E8E7CBE2C2BD7BAB9B72682DB3AADDBBA7BB4E4BFCE3648B05D1E3AF26501490A1C1F694BF75D81497D7E35FB8EE95DD5E74021DFE9FDFADFAF44C93AB4FFB2EE42F442C9E216AE71C71D
J=-$4209A64B7A8316C6EEC1E8FD4274E1C7C5455BB25712216B20F2C47A056435FF884CC027F450D8AEE490D6CC6B288E8165CB1B69955CBA1C5C4BF8935FBB8EB69A07A3EBEC7A45AFDF6EBCC75EBCB64CB7F5DFA9B775D662662E3BC9D9B29FB2B036A28C01C04BF07FC065655F5E904F47916AA7AF321C9E666F4BCD712496FFCA857140CFA28214EA8F3629F768A4D7B70689175674A5DA3C2ACCA0C1AD5ACA015D3A4285A73676C64C436D0A41CBD954783F7290F631F46BB6FAEC63EDBA836F24DC8E9B2EB7AACD646400E44A53AFE96730E82EECC48A5F72E30628B93B59E7E5D9E27C73AAD065D462FBE04B262FE4015BE29E7F3A31F5F7554A68C90027BCC38F312C78B561D5AA4D360027F51E2704A976972211CEDDB52DB67F5810AB6BD5175E82B55D8F91974037B6FB0CCC1665A4DE9F8C95C85DC60180885F59EC6444A
T=0

[23]
S=$35A70CF4D
W=$8A26B5525644033858A1F568CCEAFE2096F7D70C8A0E3E967CA929B5B8FD672DCA86A346EA218C7BA07E57682468670BC414583C44166C88801E8F96929013DA35BAD2E6401ACC03DA3C8135F24F457D935ED1F0068B65599FEDBEAB70AA002DBDA7C30D6AD153B52B0F7C1FE06FC03E36EC8A42F156219CA8C0C156EDD484A6277EA5A33085AAB681B0E3F36D4457343FAA9DD87825FFEDE8C39F268CE4C7B
J=$1180F019D510C98F957FE55F5748B62F3CB671E33C978343B2B85F0A15B26989E1BDFB61278591E14320BF3AB5C86DDD392802AC79DDD24D79AF0C40B7947AC0EC0397CB9C4DA3CFFC52B2B66400F71145CB1D14B8680C76D6CD06A98956BD3D24F90DE5B87E330D0059C7B8E6BF1F4739EE9FFD055C5995D9BD1188B2626327814E9B5B3E50C04D17DD17AAB886C5289F30CEC40FA07457113F728742EBDCC4987545E8FBA43881C7BFDF3FD68F757ADA714F3A929C136BAADF2F828248F411D2A80A09D60786DDEFDD4C45DC742C0E91C1B0D4CB64AF22ABA79BFDAE1D452D85F650153E1F4667EC288E406D362B34A0B5E0DCA7BC58B3CE782D1831E15DD6E6E7DDC846739E2821F77ED40E4F0AD174B087A09CBA890571BCC3289E0DED392B0949A1E9B61F47D23D3D50E6BCF0B25AA89CA0E0EA4DAA0B1D7DC6B045C6
T=$1

[24]
S=$30D8A7C
W=-$22B24D5DB30A4C02E682E42A46E519C1393D78FD6CD1A4C2302274F35E21101C4B107D88F3E2A95CB6B31D4EA8C6A1EDEC233D592B691A41A3447674682BDDC54D1DD669BB0DE80B783418A46201C7044D9C9CA671C78291B9731AA06CAB8961776A0A6DFCD4105A84068E7097A35ADFFEC1AF85F7A58240F9BE1DF76C67884F9D1A8BCE984F558B1DC4528015A9D74AF8348CB29745EDEDCE0AF84AE22
J=$43C6B717307C4CDE186F7E6CC65867C647860F154445938C36C022E9AE26C800ABC8802D0869738558CF926431ED5DE75FDEF4EF18CE093D2C225EFF9B935DFE75E9825831D1793A16E6E1843BCEC2BF68B8E86FF6EB8A3940FB91F2007858C0E6E085C21F4B00BB03B203F254F7CCFC2A95E853FC600A0CD2AB6B14896FE41BC70A9EFE4BAB408F3F726D9253A953000336EED42250BA6E71A3EEABE4B7F211CBDCE4E3124C3F0B1D16FDD4DAA077775AF3F2F297A92394E53F1EF2D36BCC60053CD3B30A916D337C5C68D69908E7F52840A7C7ACC0B9DFE81E8233A51738F70585153AD88B99DBCDF7FD815B4C9E0D55FBDF684145902915FC636DEA03513172A2495CBD30741CB6B89FC68F4E91B1F7E4ACB4C2AE26BDDE2C1BF6227B4F909BD46A72A292521C7594EDE6B3650C33F10895CB41D79AE0EB295
T=$1

[25]
S=$D91F4
W=$1037D3BD6C5CD2C9D7BB078036649C582667629DEE7C8A0996526D9CC609F9F34ACE5F8D76FF5601CD6A4CBB37FD6B4E04336620FA9CB9E03932636BF1D4DF2D58511B21D8A1B4E18367EEDC36289742C07F8948AE908120EC7C1596F8843E7021D4A215AFB692563A1E486B858F15D8D5265FD83B3C13A9B028CA184F594A2595F3377437C76ED8D2FB89E46D239E523FD19B5D7EEDAD0FBA785E04
J=-$11375ECAC944A1A8D4CF14EEF7802C2BE13B50EDFCD63CF4815A4DA47BEE17CB7581315BF91E433B3F39B41E537B398A2ACD670D78BF5F23E0700A36531D5FD3F9064B184E8168376A5EC1767D828D2AE55DB972BFAB3A62266753AEF0B8F21526BA31635D4EEF7DC87E2DD60B7F0E5D09D468A0CE48C1B52D893A1BC4ED7EF9AC4AEB4DC97331727CD321AAA02FB63C05528486905171B3D059F461B0C90D83D8195CFA6B39650461476B856F9B31DE44ABD593EF60CD9B28C48674D88A37D07C43E2080C7DA2B406E32B3EAA950438EDFC4DE7359A154D93FA17916159AD7BB0944443C28279330C6C1E12A3B273D5101A633518A667AB22722400DA38A74D0C9B64D64FA78CFD295C17116A5B78DAFA9DFF9B2A832BB9F1DF76B2DD9DF5DA5093C0D8AFFEE15133D511F1254910815BC6D2DF76BF5B2
T=0

[26]
S=$63C570
W=$E31EC7EBABE274FFED46DE13620EACD1CE2430DDBF85A661C4626E146160E2BBD2FE1D79EF9FD0079A1013762C02A2D3F66F339CE3839458BEDDEDA6E5554ADBAA3B16A7D93A1CAD8D315375C289DB393283A54F33EC150FD84B7AE0D59480DF63FD3FBDA08777B3C7CC3B9BCCA966B24FDDFE813B2F35AF269E4A30702EE0BE25F3DE0048323A6C7F0EE6B14A88651B82CEE36FEDD0145768E34
J=-$243D2D126C2524C06A0047D3B224F2459A5A8D0722FA175CF59D7F0A4BD88B1E35D63D79C59BB7C9498BB71BC0DE423330942FDAEE42D2E479F4B80A65FF444A81627EF551142D09B142965F86190CCF599A8FC60318DF93F585AA0BDEAD48821A4EAF17BFF806275E5B8CD847B71E61C5C44A0A62113D672D2B7CE87674BF69B9A955F1831DADCCC0DFE57DF6360701C290455A0A35E67D1171E4B0E5622C52907A1E531BD5CEACA7F784D829931D243F0A9C561535B952C762750164B36EC5FA3672926E79F3F1DADC58D47FCD9D17D7C1EF0F8A1B126982674719EF49F7BD1044119AF9C38F670D88910A1AA44A8329B206FD5C68821F3B238EBA06A084C7DF533D45FCDD1AB6F1D1579070CF30C39AED9A3CBADD2E61881B217A9A7600C24B998A16AC6E4E28DE3D99AB14CD9413144C727A7B
T=0

[27]
S=$906C44
W=$12F1CD5F207D6B62A03EC19BED071ADEE5649F47AC9CC957B166346045F17E24F42462A636EAE93271C25E5762D748B4706B92D5F96F7D3553246B5CEDE6115BDA760097D4AF67CB37CCDE27E2F7C684657CC7215D484C1B38CBA26908C16A70778A22FC94A6546DABCE2A9DD2D1CAF7D1BC05491722C0955A2B8F3173EDD0D6A56773561FDCF7D6F4A89DB7BDCC40042DE969E7693B0AB6876
J=-$D8DCBAE08F6DDA6C06B0C212EF4426A689D4619A0FE634B14F78AE656FCB91A57D10626FC9EEA8CF966AD900553677651DF0C64F9B12E3E4F4D7CA64A1043086C0BEB3BF65C727130F609888BCB24C4005556BB7EB9B56EB53D8D953280DC4C89992FBE096FF62FBAEFF09BAA7269828198FA5A0D571CC1A580F43561CF7BC39279C3B374A322A5214A2C8E34BBCC68FA92395BEEF94DC6FE96E19259A4F128BEF534339D15D0ABC9A0A540CB12C9DB7412854CACBDAC49F51602B8325E577134C174478C33361C8B006F893D50F2D5C94EE1B9CB39C44EFF09E93695BE04FB55DF11D35DD15B00BB3E032DF5CDE5D0B928702A6005F7623D106A2D4D7FD9E2399D7B80F15389C04A220B134B8A360F01AAF510DB86AC4FF1FE1C7346E3CD5B366503B271AA5FE255E0E776CABCEC76545F
T=$1

[28]
S=$156D3FF
W=$657EE21785D8DF44CB3794A3389281854C65675515A8DF94E9A1F7C0B863B6601B6DAE5F423B8CF086FE2372ED73D16B1F6FA1DE3B0A695353F831412F232D0425160AC2D4A8F5D1F51E4E8F639706F582A94A6B2176CCEB24C22E03916559B6F9FC7142FDEEC1D1D36CB8E41FE2308142E314CA3645AB11745EB0806C45652002D0034EDB1E8E434318F8ACAFD0EA8797EF866861C2CF3
J=$68A6FBD470E4DBC4ADDEF10364E473EED82F0269DCB304EE7540E271F80B783978795EFE0A43CD994841414AD990D678A1F35E58292A62A254ECF057AD5416CDE27577F542FAA3F90CED4ADCD311742736738EDFD1826316796C013EC11E9CD69EAD5070DEB4B2143F7F39601221A43EC3F371F8875926F84364CDDEC86F8EE948794AB059049620909F92A6984DF1A3EF500BE1F823AC79A8EA1F043E78934A65FAFE28E5160BBB7176BEE2411EF0955A008303AF8B56DBD1B0DCE9A0D47563D6AB7E73ABA5FF04A51BB6777DD79032E1055813239D5A7EE91569BA44B7EE638E694585E7966684FD1A6A87D3E6187B8800C8EBF7625CFBD228E6C967617C3218DC5002FE2EF3D01F6A73F1E589B1FA7BD5879E88B8872392846884A6366085C374E7717F1450FE7E1D854B8EF410
T=$1

[29]
S=$C45F93
W=-$39BF2A4C4731B7CFFC86BD65877296C7DBBCF5E648F841CAA770CC337FBD53CA7F3B32262A0974096EC35D14DA29E3AEBBBA4BD3AA559FE934EFFE84487DC3D053FFC01F9831FD396D50D0AD02D73FFB77B83EA7F257D7A7430962B89D51DD60D10B420678B08565321074A0EA4431210FD9B2365EA009DE38F844997C1E55061BBBC5874F03FFCEFCBC9C4F382808A1B36CF8AAD929
J=$7A3962EC033404367286367FEBAC9581101E51E942F3C5AF49AB6D1F8908C3235620A0FE50DF396208AECEBEEEC0E3EF3DDF60D597285C5B6388582FA38DC3F4382C433576318DF1A704478BBC0187B670EF0D9CD6B4E4B643A610133BA59DA8A610959677002FE20F21B031EA51CBDDD39E098A63AF21477FFF3F38F8516C7DF6943F4FD2860CD77B0C8BED7E22049D7734C9CCE308D2C726833EE07438B9D1ED581911D4F790CB0EF4E80678D5D18E96B65AB37D4468A6C4C60A629197EEEABA6AD77948D7BA394E4AAE85029D6EFC25CCA09E20594A24C0059E127395AA06EB812B9C9096AD2BCF49F3B24ACF42B16974E90B27B56C53C7DB6DE6B102485318E1DF00B61130BF7DA2E977F685303667B597D9A42C5537A1D852ED696DCF2CC1DEF6B9C79A89167AE95AAB
T=0

[30]
S=$20321CC159
W=$205CDEAB3919AA91060B608CF76706047BA13A7632339B881EC5DD200ADFCA568266899DB945EE4BC063B23CC03DF259D65F3C2FF3D9947F4AFA3B14DF34BE231DADAFE402451F1E0E314C00710497B63A4E079D631260D3F5F35127245B2F5161AB5CA269F224086170FA8517D5F1279EEACFCB3AFE708B42D70B0884BC46F8060F105CCCF9D52D362D0B3C7881FB7CB39DAF7351
J=$1BDC7B5952E330CE7535F50EA6D84C36DF20C1B20E4E895A5D9D944AD5C47AD28AC12D6749B1161BBF1520C4EDDBD293180942EEF8C11B3C88450A0F5F95A032168C7A4B9B99563F52EB86A267452C45BD163F0205A8B65CC426342A1FEBC62D0EF256109BBEDC923CBEF4D5F973829E23CD7F4CB698B2CBDB9F8455B4443800BEFBE55F6F925978A7E93F986877FA32D74EA904B40DF1F2F01E77EAC39AC4FB61610E3882478E7143E1ECD3BE5EF3329DA0CC33CC0D21760C7380DC93190324C8F7EEED637A9C14F2484D4F1E22C5FC0D88C864E5703F04FD8482192A3A9777E81776E34D9E8028483BF357CFAE3E5F254B2872127F8B1E60C1DD0D516BC94E2D466EE8B418B47BC189B74C5D30D7EED984324AED24DBEF4C9051A4A00C95A733B0AD4FB9424058C4
T=0

[31]
S=$A13613F3C0C
W=$1362843A62AE2717CE195F57F5C03C609954B33A3822A1AA1E72ED7F50041E99F20FE6F1EF00A99A6BB3795DA626B39D745A765FB45A5E7BEAB9EFD5D8AB838BFDD828AB0F33074654AAFE045FA90DC39CDC1AEFFFCCDD599539E3CEFC434E72E55B165F46BC24E1B22E1351926A01CEE29BDD8EBA91B29086E6ECDE8B941DFE07AC599357BBD62570CFA59D12869A982003E
A=-$1E
B=$38
T=0

[32]
S=$1E27D1358
W=-$F494C8D8AEA0FDBAD81A8E224C8FF0D27C935B3A02C6FC6D66AC2CCCEE18C9B8FC0D5A9FF6EE2EA9E57A519056EC57903C245BE4686AE080EC973CC2A3B0049A0BDFA9C8FA5C7401C307D4FC34766A7AB15639126624D84FDE8B6C549BCE2CECB50CB45A4E7177A4D004BCA6C56C1A228CE040060AF71D54E2135E8029F06E9C6D47DB53D9C7EC3F013A0897FC4B506
J=-$661613C3DAEC67F80A79FDE89CE22E2496A79CEF59EADD7DFAD90F3A2252D5E71E51C370372F48C1F08F8141C6EF5002218885B873C56255B5328DE5D0DE8313750F1C354399454CE578D6D1C6C5128DE79D7077058BE7D32F656067B76C4DB849F728697C2D937691CB7C1166F6422EFE6C3FE9B5F43B2D2A6F683F0CADEE437B6DBB53537DF6318B07557E3FCAB3AB028164EC40E86232BB761E3266295CF913244DABDE7FDCB77C4C5AAFAF3114715BED5501144CB73209C891420DA023D5336093E990E49CDB8E72EA919ABF11D897E6AF90C57EFB7C627AC9E02B3379B73CB25DCC3A028A437FB8CCB5CDDFCDD8A7BFB66472092A73302128A064270BB701C63E2E31D1ED500FA8447CE9655DB8E3471B9F669F7F9E6B3BCDD4357B61
T=0

[33]
S=$1E3C
B=$2

[34]
S=$F43A9F0
W=-$2745AE66F9432938E288FAB5B3C70D2A7EE0C11693ACEC5FE4C66DB091C722906C1AD8774E81CD0ECA36F2DB69F5CBF73F0DFB5CE91BB0E94541D322954C42CAA3E6A96DC54BAB4423DA84DE6F55F16A88A34A1AB48C0461C6F4E1D6D6C63B47235DD906DF6C657A03911F85A6512B77158B7288D4CA0507C80ED38FE690AAD56E70CF255F136323D67EC07ABA
A=-$84B750
B=$24C7B73A2
T=$1

[35]
S=$158B887
W=-$5E4864519C5E131907DC328C79AB3F153ED446BF2E66FC9F56011E86D19A060C7B5F396B6504123E72B8A7934251F85FD28D41B270C430389D8618FFB7BD6F01E84384A4FC66AD82981FEA15CE6C0C6A8DFFAF264B1A4DC35CAB327E3ECE6120DBF288F8F0FDC616EE558D6D89B215736F5E24F201010783FBFC38F2A2A3E04DD6E8EA1A0F9F770B200F1F
J=-$A91FE7CE255C7556447FD036FC97709B8795EC57BD6B342CED176AFD0A9C19C84A92FFD9DA712E56F82C463F977F441BBA2D35037B58612F9784ED46B4ECC1EA019C31087D1576C9C2BFC845E5B8EDE143A781D2D34B4BBB8BC9D1862C4B3105EF954A2E47FD9D6B16D6FA7E91E56E4920DDF79B95A586C94EF5AAF6A15D75D26C16B1CC41C7AC2F33CD180FD7A49A2EBAD5A5D43DA5DD051A779E7A3787FD8EE0D0645CE2E6A04FCA66DCD8F47B3C729E36A462B5A9A124F9BCAE2030CC984636DF076ED516B66027A5404F84A89B8FDD013377B12E46B14AE15331C8E8A3003D3B126FE28BB4A53D134ED44F8A6B81102E3E92C43EF681E589BF4016043835CC4EA906391F2004F968DCFA9728272BBB3CE296308
T=0

[36]
S=$C
Q=$2

[37]
S=$444BB02486
W=-$2FC34DFC5C234F7F880D29F240BAC768C31675CCF4799F8D19304D2CDACA1E0ADA7A4BDE70AA0A561DA2104750D5B6F4B1E1D2AF5C6E3679F947C900C75E25B8EFE4A9B9E908921248B2320EF2D7079720D34B98A9C297B721E2C9185CF95F9AF739E11DFCC618102C35C80C68A0D94DE60EF6AD18FCD6EBA1BDA84AFAFC705CF940D112D6315E4B702
J=-$18C4DEFC1771AE7347C4CD76B82FF6FA9BFD6002B9F69A51D1D30923169D25A0DC3DE8A2102B367CB71B38E3E994347BFD5385AF14F1608ECAD0A4D3B3961C62B09CEC2F8D110333A56BA1819D8127713B43A3962644032E3863936EFED206ECF0E0C881DB2056BF6D5407A100202AEBF969798231CA8B0332766B7E1338E93A825A8B1927A75F4E11CAE9B197A5D486C7F854BB09620E2AD37586DEEE55A8579BB77E66092822539F555D0CC09D8694157D47296D147F081E1EB947294A0DC6FF0B775FB3417C6C6597F29B4765AFEC9C25BBECF2E290E4C14169199759A6C2578178946999DBB1F85E4EED9E035C126AFB9C17A6EF9E3E473F500E1EA45CAF0C871467F8699E3C823C4F0A68CCAE510CC95
T=$4

[38]
S=$1CD915DB
W=$3A904B07B247C564D84E54AA8F4624172EFD34E279FF2223FCFCF8B5759D57FF1C1806FA7BAFA2D577F2C74F7A02C63D0E4186D1BE395A0DF13AC4721F13BD8F44588C8F9F1304CC2A6499CF2341E16EB2F501DA8F2E32E7312C89513CDB791AFBC8C2CBD9FD6B21828B2C0B19EBD018E54BAC839663DE6CEF1A8735354B9FF86CA496A14CB25F
J=$265D6B9DEC9686FF9C14898EAA74CBF6918E61151AB2E328DDD9BB581F132AE10E6A69D06DF6595C892DAFCF35A57DC7DED5A5D5E9C85BB0A8517F1A286899DCD10E037EE68B1FB2BAE58F8FEB75B98604748B8F3F667F4F199F16941CBE7DA00C8E1A00454CB17F0CE7CF25A8DE1DEC9390C4C2A5A6A4034B3D221B5076EF828AF7DE59C5E21D93C99D900C4F01A41CA20F55C51104EA3A1DE211F5F5A9B9C6A0A0610F6A503AE2967CA09D063754C492086B8BA05693CE57F350DB4610FBC2C96ACDE7B474070FFEB9676170930EAA46769910A4D08E7DD7CCC5BE13542DAA9C487C6BA0448BF73F07388602A0FA263C91CC9B089E9C556F01B634AE6048931D85F5B9E0AF6471B511BEA64E4
T=$2

[39]
S=$45BCC404DA8D
W=$13FF4E3305CEC7FAD5DEACC0466CCB0FD9EA3AFBEFDCC1277E80E70356E8AD10AC35F0B1BA539BA366DE84B22E46B491A9394F5F1BD36C0C5C1C9F91BAC9BEA7B0AAC9AD6AE45BBAC47DA5323565FA5F87455A8E28E3D790D4ECB354362B915CE8A80678D0FFAAAA675D6914D0A4FF9183B7608AEBC68491A83FA78BC488C05D437343B31E9
J=-$48528BDC89AC0B22BB4DB83DAA9F2BC36C69630B2EF0166C79E3C4FF795FB0E44645C5F80F50E083D2AFFA62C52FCCF8E55E70F3912C5B50232A6D190E0B1CFEB70C1ACD0575D965C7DCEA6DC9FFA62F9B2BA4BB7B8A0CDCE09A161D7F8177CECEA84C299F09FC05C881D89050EB217EC4E0C0B378F63166B7424C653F5FFCD0AF4526E20EA70433272B075F6E38BA68864B12D4DF307473569268150674F5750ABE158FDFF980C6C81B3917D446544A35156ECB01657375F69A0DDB13ABCF400D52275DEC9DBAD464931FFC1CCBCAD467C534A400AD3123E087462A26283A29B6E12617B1B3DA5FBBE91C585FAC4C89E7FB1C1EB8CE867183A21E456ECAF6EC5D69CC204CE271588C3B
T=0

[40]
S=$1ECB5E
W=$2CCA472821649D61EA3BDAEA821F80968E03A7D308C73C502466752F233C942509F685E7164EEE9807E35E41635C6FDA7BA1ED0F65F4B518A3C7FB092497C9D0395394881127BA198BAD0E23654C5142E616A0112BBCFCA32CB62C90225E7545B0CF9412D9051B64817698DD4273BA9477AF02381DA4ADF799C5588D585F0B4102CB2
J=$B298F881243617E4C4C867292E91C70810EF2A030D018D2D7707E3C5D91AC33E8DAF50BCC05E5E6F584B6C67C63A57F35F81D69E56EB0855CE7019B05967A58B656358A44E85CB18FCF02FC7D252D04F2C1C903ED9E1FC0FD52B7A65AE5DA048DB18AFB111339BA2B9130739F733464F881128BF151103AC83F5C28AF20389C39CDC1376B0D42A7FD4A80F607B00E81A6A0AAEBADCA2BF6BEB70047BBE12E17DED49B1B7E0259D3BF804845CFF55323F4923EEBE56F3D25A3C4296A1C90A87066718E1FB6D73730ECD10E98FEC4BA0F0BE399D465B55AC011F75F0D556D6BA074879636AC49884E8F33B556D17E14BF62A72ECB9F94516D0033527D3518B1EF41148C518
T=0

[41]
S=$10B5CC
W=$62567E540A7D5D97E74FD4C9ABBC585C506B7CC2DD05D59B16E05F145D13903D4FA8496E5D55E45EBCA7DD84FCCC8D3DFF584D73BF10A9E493992B1808982C9AC7936C3011B5A12E6F002B0449BD98D71EF4882355218F6EF85216719AF6CBEB3345124464C3D7CC24CC6E5FB9278740941AE0400BD7CF32141ECCB37E520CEF06
J=-$451617CE52F1617184F008F280CDAF4594822855C3392B67A57C34B8618B7DEE6D3F12DD4CF00CDC1CED37FA212632680DB5C9FEF72B97A0D9C12F419236B8823184C4672B5FF28F174ABA8B9D80A030CB41E9904B57385680E372C5E7B0E311CCAFE987F5368EF9A949FC9437323C7CDA82B61D8C4071BC7C4C6A98ED63A0283C4C926C754FB2E669F49FF13ABFEFC56982E8E1B0C6C85496012E370D427B5ACD3C6E98353D5CD65912D74EC01036AE795AFD804DC7345FD1CDFB713046B340B739779F2E3C5968280540D56005406EFEB539D6EE8DB484514B870E328968AF8D880B1BF0FD7ABDFD7A9DBA89FDF29A5D5571F6C15E3A22CCE5471A99AD1595814
T=$1

[42]
S=$3813D64
W=$1A761E3425C5D2F37142A77014E6683FB610699CAD864DB8C7B9F060CEEFAD299126060121E88ADB66667CFDF6BA9E4938A7A53276B29FBFB2552D2DCA1D4F2BDC135CCCDE74BEBE6CAC28089B74C68312BFC238C30EB59DE870893A548784518F5092514FE1EF8CAF3C0EFA2B58FBAC0C0060663EDA3D6F2CC1BFA87BAD0EC0
J=$7012B728631DF4D0C0D99C2E324262AA8FB0DC339761239D98B78EA0954F39B28048CA52A1CA7323EFE4F729C31CBE1FF12A81BB7C37059030DE401F6336F318C51F604E9774D783F774871E0754815AA52DD5122569E61E4ADB789FA3B72B329669A8E4867FED44FB964F94DCD9C18A05C5EB0A46420A96C64662CE96D446AFF5B023ECDE41AE0B39E45134081817A8E04F99496BB14B10070A40958F5D237C9922F20B2640B958023C45CEE328E9E05CDF9D4D03FFE68D29FFDAB3F23B582264173D27D0D1DDBD34685950C2A5930D102F5336DE26D97E87B15B86F6841362D3660B0661377F5B97A54F33E8E7B3F3698BC745721805BB9A1E65C9F1AA66
T=$1

[43]
S=$C1139D
W=$38546C61601E5E7BE8586667F24E0FD3D39B6EC135B853DD44B1C124EF5BC270547376805594D68EDE233547436DE4DF5D1816E20A1A27B5ADBD0EA6F0E956E3AAB5D9193C434A04DAE52B683346A256EFB2DAF382C215E4AC07C782B9017D1922C5A1AB733A296397A9B608BD1D3C32C13BD9269D0DF8F3C382664E83E7
J=$59B4D56931108931A33E5FD674C65E772557387C4F7DD5DF2EC186A86FD7F3824A741C168820259683A63F7F234CE2EF287098526A8C075C2025C1E4EF47CDD30AF127D75F92C3FF619C8945F5E6DC0C2A366B19F24DCE8A49DAAB9A787B4CCE7879D2D60FB0638BA973352480E5D8481BEC3B66CB5CB0B51C2BC8F3FCCA6DCEBEF88E1721618E8199450C9CC959BE428D2091EDD4A97870CD7E1BD6EF22571EB525742C665567D68E4591CFF72FD37238E60D2DF12D227DEC72760C81334C46212C4EA2ACBE68E69E67FE9A34C58C18ABB870A6A10E4208A69D701D23087CEDF354DD5FBEA393EE03CC63E461BA50556A3B4BC56D4A9073D9E3D0D
T=$1

[44]
S=$1DCC04F4898E
W=-$15A3149CEC7EF9F5659241429C995E26B292055B688CA6E09DA36388382293AD1E2D588F598AE6939172FAFCECA0EECDFD748EA8D323DCBD5CEE90DFA66FE672AA843A34D639DE751A920D90A7B7E38F77AFD4D7F208E2BB84EB08A4ABD84C593097A35B8F36C963AB6F25E34BE1DDC63565608E2594478F12ACAB81F0
J=$2E6793C56AA852AA0AC2A1B069EA3ACFEBBCE110714F535ECFCB67DA9FE9563F6F0C9BCF26321773EAD7DE1001AF827937BDC5E16172C8B1CCB2947A2C1F3157554AD3CF04F489C91D0C7D1992F617159AD16F706D3FF26CE4B88D5DBC572CA1F85249BF5BF3B0A7D0F5DCADB3E8C236A96D4DFACB2D771AA16524FEF1E3F1EA4D3EB8B15B014A511AEFB488C0BB5278AAEF1D4955A52843A373F8695E241786A345C218DFB5912B0D360C830595C1619EE2403471C15952EDBE15C0380DB57DF030F2B71B71895D2A2C22CB1FB607C301CE9D5634EF4F088A534DD30BB742717464A90A16FC12BC6D1C18D5158745D25CB2F675886B42A6B2
T=0

[45]
S=$1C3005A
W=$3D0A3102EA0743F879A841CC6CF8CA1C48A1B99DF60334DBB449BF58390902E562F1969CA412F539E8DF194F2ADADE4DDF25284E23DD04350DC1FA117408D6E9E83C99F1B8F6D4EA2D86EA3C9FAC84507EE976A8C201F617A1C68E793DFCAE395BC46332D9F36A8A1C41046DFCBD9FCAB74A254E407993B9C7EE
J=$1463C96A18F148605A1F22261498A4BA519A5582E1F5B5F381B2373234CD37D935DE55A9C57037B2205A98F56DF3A456A81E30ACCDACF7FB92DD67473CCDAD0BF0FEC0838BE8DBA456C2824AEB983CC720F4F72C0FF83A46B12395662223212A54234C80E52E1C8B5229F920BB80384C98F8C85ADFBCBE1FCAB3088844DA4E9D7637B0C640E02B27987BE0A923BC81460FC8A10E4D716B72755A60E2AA0D7BA47B9E9AF7690522B7A293853F7B489CB83A0EA9FE7BA910816D7985D460638112445A682C3DE893DA3915D7ECCCAB418EBBF69384C4972451CA3041BBD418DBAE4CDB938CF4325C1B0457ABBB94DEE918452E013
T=0

[46]
S=$7FEF8144CC0
W=-$26675AB3A1BC43E44647648E778F00EE778A7D23B466048EBAD97A7DEFD90AEE6690275A22057F0FB28E00BA6CE99548BB48A5E9488B86DC60215D699FD2DD9FF85E609248D7F180F392D1FB1DA955D01478549CE16AD810266D5B406DC9E6ADFBEAE9C4853BC9944F37332619C5D93466E4634E2C695FFB0
A=-$23
B=$62
T=0

[47]
S=$CA992
W=$101B18983E46072EFDC9C474BAD90A9D21515E4831632146BC098DFE33CE707764578E0317C0AE466E718A783ABDFDA1AEA91229FB853400BFD29CFBD504A61A022AB930EC7A7DCBD96854AF4807A27A942273BEB3B39F1D3832115A86F687294024294F5E04BC78D8D2777638A3E2E204F357C94C14
J=-$13989BE9215E4662BE9A3AA28FF7BC08F6B1CD7F94A718867095AF6156EACB969D032AAA73B8F429DA5BCC5CD34DB725DDE0B6BA0A1125CFB27538A7E2F13773D9AE1B20D90169974FFA9A5C5ED55FA2F39B532BD7C5FE48BE20C594C66D58B9CC0C7B14C1CD8180B8543DBCBEEF9DE9A403279E4540A350E22BAEA2F08826380117108E2A2BDFD29D77CEFA1C29A27566942FD924379C22AEF5BA8A2CE013EBBFDB2601AFD1586C7819DF90B2320376D72D6228796965EA482785DBCF4B0EA45AE46D26576D84B693A00053A9488C47B4E0D32DA02E141E1F4811889F7BAC32135E4BFC7FD421E64963C1
T=$1

[48]
S=$2
Q=$2

[49]
S=$2
W=-$35E03BFAE3DFD3D217815DE35678B1FE6E976AB4EC1D59F3D033C9D60CD3D6454CC1132CAFD3E63396A4A3C5354503467E0D60EBDC12D13544907FBA64C440EBE682A2780F687BD42437A4FC2419591A528D6D23E80A3763B2714E8CE89E3E5766E22FC2CD5357AC0CBC64EE468CD091B3EA21A6E
J=$E57F94D5DDD55C974C6F6FE2FC13D251B427E98245347E5F9F947D52AC0E975F526D982FE877AA4E65114BE14A2F95488C51E88962102BE7E354ACE86DC3C5DCB3A5C4887C8FAFB803B893EE3BE1FBC1799FDA8B0ED26EB0164151BF61E7A78E9475082C5B0720D297E048C48EA174853218BFD2DD6F10FCC18247A07EAD0923ED068B286517DFEF40CD43B3787D1017CB53F3DB5D06EB27AB7BF3BC185306396DCEB5EFAE4601E3FEA74F7EDBFBEE44F840AC6D734D1858F9AC72AFC04713F7EFC4AE72222EF3DB5CF29C1B140CDDAE3434F619BD41A5D6BB12E83C8C1534D1CFF240B7A16FEB42
T=$1

[50]
S=$2078E
W=$1BDF2AF1E4EA27C5BE78D815F05ED80D6C58A5FE9FB1BC9A1E2C8DD720CCC9DA0566B4A49D6ECDA3B92393C6F1890BD2A8CB22F2BD3F7C296CCBE30C4AF54CEDC6F8B99538000416A1EB86EA4339C1659EC38D53600A67A19F9700737C573DBB1DAC08D39D17C717BA4AA77A315C0B83A3C38E040
J=$2BFFE67A56DBD5A59C5C62A3F797F784C47F1942740EB0A5E4C045D262E63D3F6CA4629E9E2A639A801DEAC7439F5BD42572ED5D6046D002279CF440E27A1BC2A1B33BFF1BBAE35C62837BC3DD3FE82CB5BDD298382C58720AE7B7AC278AC366AF7F726A1B3B367746DF38B0D82A01F51B64B42898BD67EF3FD3A0D9FC5FB55EA84FA91414B02B6C2E54BD250607DEF823876F00BBF719EF6BA693756E35DC689368A280B35A4D52F08D34AB380C722966A448F887A0ABB1BA8C57FB40647BD10911B00CFD37845BC10B8F5758F90FA931F357B1225388E520ABBC60A5BF992BDCFA7169E1808634
T=0

[51]
S=$3FB6C82FE4A
W=$13AAC0E35882740CDF3D59050068883B581025AFDC576353CB92F377AF74A3402DC0498085A8A74E3A095A38F354954550F12573E01D6D05496D73AE0D8D243E3BD9ED2A6BEC5798B278F3BD7AF8A51FF7874BCCE780EB668364210E2F00445243B4D59BD62D6157944E65266A25DA9AB729014
J=$2E74081E06F4CBFE5117775B1FBBF474ADBADE561B37C59871EA7B4775A51CDCCCB192BA9D47356D4DD9C0AF8EB012BB83A4AB998D94E404BA248F2BD32E9F85B8DB0A0BA52AC858BE80BB07A32F1491FB78F98ED3F1BA0815623B7B169105818A56A320B43317D8CD683D6CFA810202D45F56367C8156732CFE894EFFA5FBBC6BD46BE162AC9C0C780B4B4236A73C8A5EE932A6B12686C84B479B1A56CD1BA3E6A333848C5314BE1814ED1D642A5E66B878D479283EB313B4DE477A54273140B51C41316FA24051FEEE0C9790F4F9458A491591AC3D221641F7714F937FE6F0875C73C04B32
T=0

[52]
S=$115839
W=-$D40C9F50E5FD24985A90780154A592CB0BB75151B63948632BA425E7185F42195CBCCA0C9F31826A6E271A4E5D7B3D0FACCE1D116296D2E660D2C34E4EC9F316F88127E709FB916E32805B920F67BD0095955023A206385C2E9A5AA34BD7386A9D0A491D791F72299C1EDCF41F1C7552B
J=$4674B999ED23BA697C9C7665B7AE6E8474534579ED6B4BCBCE27B4106C81815DF065202D818E800E5EE4E4AA642233FDAAEF45DC6F2CB26A6F7639909C902577DCBCD76C093658D0CE87BAFEC489EEC3269B637D19518A25EE875FA40586AA873DBD96E98445E3EAEBC9D150EA4DF5FE0E635AF18541759357EA39CD9311A0754556FCCA59D00843D3F732A4B07D0F2394502E69DD3F9EEC9033C752E6AC4AA6F06CFF2C2F152141A461646A55137295CE4F915DE6EB03F9BBB41DF37D342AF387820167ECA0B37A51248083973FA06B9997413792D07AB8AF2DDB3626814F11D
T=0

[53]
S=$7F4
W=$2CDF3B3A5F6E3B72DF7A7DBD736FC2CD446C047F0CBBEEB45CA041C1D363E59283C790383B02D8C0055F1F9A7C93DC420F299923C7848F0EA7E5C3F51916D8CDD3248766F563C115AFFA10D0CD8297896D5080D2E4E983C1738167C48F2775D737AF0ED8355A5ECB9586F3B280CE860
J=$D11DCFE3D93784206F608104B14BB852F5E3AD0B15AE0446A6EE00DB383B346BB4496CA0D0B6DC94303DFEF24DA49973F4A1FA249B9CF2155D2F261947DD251A6B629FC384B2477AA7413F38D61E01EBACBDD06A6CB7F46A111A95EA3ED68743A0A51E9B352A15EF40CCC3C83701E2BD553488A433BC718C0E4911DA5ED5433D1438ED7702A81A3E8D954DF12A3493E87295A51A0628B00A6EC813C07E2BEEB38B530D435619807F2B18CD055D820DEFC92F412AB30AE7D42C5B891F4B1007D8BAC540E11166CEB2ACEE54D1C9A47C9FAA6082220FA85A51D7F54AAE14E5
T=$4

[54]
S=$194901C
W=$A980464DEB0CFCBF248654C957BFC3A371002E35E350F145BDE78FA85CDABCCAADF15D855E018D3D911051A1420616C63D30D707681B0DA638360399C6307EAA263433F39AF4FE25FD4E6DCFEF380A78AAD4B81419117C5BC17A76142246265FE31125FDBDE3B11F2A73DFA65D122
A=0
B=$19
T=$1

[55]
S=$14D74F4
B=$2

[56]
S=$59C5
W=-$BA35C43A730CB5BA90B27338FFAA9DBFB8E3A43FB0B4EE04E70E764E9A459E77E81F2DA18828400C4DA30B58734F5D5096CFDA960C2E3BD8173F85138A01296C7694918052450931A9638DA84212438F84E0E1BF6C13A93161745821D5B55CBF843E86395800DE9F04F1B37
J=$C4506AAAF5136DD336806995D72811E7E4DED283C5FC0EFD7732543401CCB62FDC7ABB90D79759E8A2FABA775818721CE0E388D3926B27B4CF9C97874969D54D70C6F6C05BBC02D492C94F851BD404F6BEB6011CC25E8EA9ACD2A31C014879DD571AA84301E382D8ABA4A7557DD32A4C4F471214C23B53B1069AF7FEF6849AA567A079CDE5FA34856C37079DB6C5B580A42E8CA5FD92EB3CA8A5305642E68D6B719B4B059C493B227DA2E957926ABC08F4F16B5C721155687F01200305EFD504F911D8638E45521390BDA5FE8BD0B445B2E30DD908443
T=$1

[57]
S=$E873E14C54
W=-$15230C00FAEE7C94153E8F76027D7387F5DDBBB9BE1C05E84ADD66F75EAFDCB0EDE16DDA6755184C593C8889031404461B5ACE22C878715B321630010363208969EEEC2224EC3C85F31A29ED7862219226B322F1AFED98B5B8559D1430C76EE26369787D3ED69E662041AC
J=$1DDEDC21955E3E89BB616B895FEB96F2766BF6C970E4B04FCF3575B3EE5D0884F9E03434A5DE3E8E11692E8EA1C73746DBFCE056F3AF2F1D5D8E456C7DA7055785853CB7F837BBFD69472864A11F0627823B3DE78FE74A9D695E287780A1D6FBAEB921AED893199A18EC88B8B5B3A7566528783FA5BF49795FA5EF1B9985059E499CBF577CE6B81A7906B211C61ACB9E2B6138BB2D7390AF1F3108670049243B325CB8F10C41CBFD6A138E3B2D068E31BA9CA8F8BD675AC0A14C1D7A94AF2E774C432FFB6E71116D5965AA4E64F0FF0A6CBBD06E97
T=0

[58]
S=$4B5EC
W=$1297E0A08DEC7309BFD2BF4C6FC8A25EBC432EF76660D5D94D66313E4A9837DB47D9BEF7F90853DE18255449DA143E285054EFAAB11B34F442C877550BFC6D24803B41213325376BCACFAE0AAE047804B582FA6A55D1C10EE1E03A612126F6C50482FB7C024041578
J=$2D6031E8B71A802C7254553DF44FB63597A2F867C9EE5F3A908D88CDC58C3D85D6B90EB8FBD598B0506B0943DA7C43D0A59FF248BC08528D94EFB873349C6486C892C5550AFCE4F5665FDB4C2997068A7B2C5845E14BDE37F774D8F05FC5A8A406136CBC1C91332BBC484692DCAB9ED13F2083264AEACC4243F7DDE1F28221142C162466B7D19B6C7BD46E40894A372AE14061F5C29E64F6AB67FA68CEF64E6B9A24BE7FDACCE29452C5F52B9BACE73F16CAEE8D27A9D6CAC365876BEB1042F8D95F971DB87AF1EB784D260C036CF8D4
T=$2

[59]
S=$AE65E3E0
W=-$6CDAFB3973A6DD2732998A92415684E99E1B2340AA7BDEADB59B5651DDFBA3F27FDD326DF278E6AAAB5D46E52A70164BFBCCE0A2E47A7A370DE5ED91CF86E8C614DCB3C81D31B8DE98C8642854E4A6BC84C26D227F8853041B26439A3DAD4F2A5E9B097D0A44B6
J=-$57EDBA380B4978F6288DC356AE9753F2E2956CA51E3A27FF86CF44F9ACE7FC4699D5247491F6BA12929C8A3BCF5FB94C29ABD1A71C8C72681134069460CCB34E74C45C9ACAE814F4C25972CBE6E6AFDFFE68C75217397023C2ECA9B16890F5857EFBFE453F9C46C256BF933E12CE97B883B5F229C15C1CC10B3705CEF955F1DCD5B33D5FB73945E6FF6117488CEADB3D1FCBF308DDDF5E5F64B38818E61195EB51561CAC3249F6A682C9E0410ED5402E423D6A66667B3A6D9374DD91ACFECCEE57317ACD3E8C39AD813F2F32B60
T=$2

[60]
S=$195C77
W=$63AAA0C8A2D5E35D7FC5B13C42DCB4E98662E45013C7991F1CEBC60FC366FD4EF91A798D4AD70F3DFB6A2C61BF962EC33EDDC31DA16B994970778411D5A49C007A2CC7558C898B39A6F8216F5C74D0EFA9FF4EC99173381C501742804BDF06786E3BA98BBD
J=$455CFF30F69A4DD91AED0A192156190970D3134D884AB83D5315D7C7D1AAB284D649E33885590E2380F79AD100293251B2C96841FCB7291403186251E000EAE21DE72114F80FC833BB30F8483583BFD5B3A15826E1B0F540274D4972E5563E8C429377B19A23B098C223E14B40F7E8B62230106AB738F3D55E2F97B0DA7F26DC0FB5AD31AD31389856314E8123F06815048D0CA40A9C4B71E50F66D77B04A106C576C61D6646455C8BB745EE04C2F9E9DD2AA6B4A4D1844A9FE01BFFB38AFF98BA76BB22D731F3CFD28
T=$2

[61]
S=$C03075
W=$C45A7C4622C01C36D53CCED6F23AE656BC487306C4A4AD82583BFA3DC181321CEE556D7658357FEBA99F251D3F0BD8FFED55BE11166F2E4B98B8FF7CA784C9F13DF64DE3526B5E02E95BA1916A106033E674353FA1305C274466DDDC4230B64B5A4FC33
J=-$A41B864427874543D99538A82120A12B61D55FFEB24650E74F11DC3B47F15F7557502B6F640319163FF464C9ACDE6A58B9FC266FAD7404BC3B518828FD36F36DFBF0374DE6EAD6B220857D56CF86D02F6354A4B8AE12EF6B1ACDA86DC895B242E7BFECEBECBF59F038EA426C6019AC87CD51DA3C5B943C204C543608265A247171EBE13123FC3D14B25F7CDC7E72633DA0A7D2DA7025ADF5062235F8D957F08CACB5E009A037A6DFFF5C6A227099D0798A69B9E5D2CF0A014F37731DE1230201EA60A458D7DFA5
T=$2

[62]
S=$255F53BE
B=$2

[63]
S=$E6E35
W=-$3CF5B6FD76DCDB52B1A401B5F6F50DE35F24DA9301262F6F6A374E04C8195C96BB38F54D05A16B4FC1B7505E307D0044609FCC303C458B05374ECA495C7F2C0E3D4099C88E54AE64A44CB6B63B17D5203B19B33D03EE27EB3756381F04D57DF57
A=-$108
B=$69E
T=$2

[64]
S=$15D12795097EEE2
W=$1C533C4D51A6D553AC6A73DD3DDF8F33D94DC94AAC50599A75C8C532B4A7A996697F7B0FD0A41065BF4B282FB64B2EFBFC71A1C5B664C03E75C1EA426F6A7531972C9F2D2BFE886A3F2B7DE59B7485AE428F8B65BE4DCE2BB5255367E5D9282
J=$556F5912EAB91D7D58E3ED4A7EC31B18F5F25180CBE293EDD833D3D324F782E43F188A95CA1368A6D1084AAAC232D5D74989CAE08AA485D6E1E3D3E5EE991B2534472D6B66CA3050F36A8E5BA262B5587E9E6FECDC7F8217AE504022425964FCBCA112673D0150C41931713BD26BA98A02B365CA846E6F646D95740DB4FBAF0B79E113B2DB3C5A60E1F93F049339D11209F5F07716F10A9716CDA80BA2C5C6549E93CAC012A65A9E78CF55DDA4CAD25F910F5B10A68A2F26A8A93AE01C97
T=$1

[65]
S=$5E37C
W=$1B887920136601579EB4D9DC4A758FFBF28F55D5DC0CBEDDFCB90792CF1919F9F402EA5C6BDB11C7D61D5080ABD8EEA65839CF7570B73C32DB668533DF1FCEA3E56054B44E1F328F2DAB1836BB752B735852CCB90F9D248B13ABD76C
J=-$5A78FD7DA498CB409D4ABEBBC59991F73AC764284EDD858D48586CBFC288C7E0FBAC03C360C651BFDC7085E225090607030D4D54007889EF155AEB5561D4EB3879457A52344C9082FCE3055565CD2603CA3865F224BDE05098DAC8116876C8632396A0B28475C038FDF07CCFC98F06E0D8308A2F544F170FF59BB36516D9FD657602504C7BE9252107281ECAE8CEA3541A520594E6B09C3F10D13A990B5B965966D6AFE245E55C439755F501F78F8FC13F480132543B73
T=0

[66]
S=$9C4EBBD
W=$A00CFA5B3EA80536262438E446ED0ABDBF6A09F7C2580D05DFDEA9DE014C151F7459528A9CAD3718983238820E080D78F6CA8802510897723D6069CC980C54CD3EE0C9849EC3C51B2871BF0356D53A352FFD865908D3C85C9704D
J=-$A907C2ED383F7EE6C4C6A6D9E34470BE3D66CED61D885F6B6F1C3B587AC2F2DBF7721D3D85159ED796F00D7C9BE0B1570E8A6EA1B52A85A107F6BFF8E88C52EC5DF7179449F20588670CC012AB71943C327973A5859806A2452208E951C06B6E73E56E419DEBF039115C3323BA88B79044AE324A852CBC0E4C0CDAA56AD1F358960DBADA10768EDD7237AAEEED3578856B8DAC5465275F14202AC44A6E7E96D4D86CD992094E47564D2847B7CC656892C1DF6DE33
T=$2

[67]
S=$904D5931
W=-$39DD4A5FAE78D2BC38674D96DF11C06EE9D2CDEDDD3174765C4A035FBE1B637716EAB52A54356CFFD55DB72AA4AC2341B147A61BF6CD984FD73AF50745749941EB387C112861902E772DFB6C13B284143C3FE1DC9A884C7E27
A=-$D70
B=$12F5A
T=0

[68]
S=$17072314884
W=$424EB90BAC6B8D01C93CD03C3CDA37CCA40844FABE9EC308F11E7FE683495AABEB1B4AD50E171DE96A519F3B6D6AEE0EB1B833DBEB688B7449491B26AF94BDD2CDE0A2B2A7736DECC501A821905B829CA16D8E38ECE74
J=$97626FFA32BD2F70DE67E9EB678A3C72602A05B1812AE882831B015583458C7168D94905429A193FDB4F8A832688D16D04FC4933BA5899DA6A2B2C68EA5D4ABE8702651B1F313A74403E8E5D794B317FDC9317D844A1088E820A6026B13D1F92548FC33D796D94E39EC6D29613D033E1EC7F8FB48F2A5FF39068F3DCF2C11A983315B703CA277DA8121545058BE4E81353FAD34FBB3B386FADDE6B1AF85F2BBF23217E57CB1E9DE3950EEA442B
T=$1

[69]
S=$36EFC02
W=-$1892708C70F701755068F0C1F499F8010AAFF04AA1ACA4C71ADBEE4AF32022E2C79BC80A644833CF0545CCCB084B623118BF47B7E32BA3EF1D6970A8ADC467AF3425EE8C6E50C50BCCC2C711B786114B63A8028E
J=-$DDBB5882E5B4E7B48E90F97AC1B7525190013E7E8AF212E58AE471A93B7AB1B40EAE5243F6757DEEC83D9CD9C28E153DCABD63F3815231997141820D1ED153C697ED45AD7651F4928BD6519931E22A42F5155E099D15C41FEE6A682D1439D43C74D6D815E9F0C6425AD877E0C0EE07E92D03A753BCE0E3EF52C8BEE612EC25A582C0919604FF2BFCC821773363EABB5FBCFF5D9321F517AEFB0889ED248624858C5DEE333F9F36B5
T=$3

[70]
S=$41CB
W=-$209B22D2FF2A6AF5BDA4B333B695C7B0A7B92BA3B11A2BD62A442DBACB45671E55F0EB56C75911235B498B4872529F2D5057CF8E49CEFEB513D4CA7695357AF0E64AA5C5B66ABD6D45E79606F87B4DAE65183D
J=-$5BE029A6FCCD640F7F3874749D9E15C828F0DFB66709099FAD4D4B01A5235DF7819291DF89A70141EF6EDC9C8E472932BCAC427029A43D79548E878E0320F838C6A51D7C5FE3099D844B871F4826FD053E143D941C728ADF601D9CB55C359CCC2939E137A279C646C5788F02C36C052FFA17A21D805B48223B1EBA4042DBE7E9D1AABEF1E72B51625548BB54B9D3DE8497D0F348B2CD1267A8CDF4DA2957E8B86091AC43D7
T=0

[71]
S=$75538BF4B0E
W=-$3CF90D6E766D6CDB350CB8A3AF0010B36F2F5908A1656751695E65E402DC8F0D1D6017D026C74B4AD9AA2232E7E5416501BB3B9C25AFDD4803128147975D07567CBF483CDEABEC4E321D46174008ED3BE29C
J=-$17F7587A354B29B164FFBFCB1B701B910334C64072B38E96F14873215DD385E76ADFBF88460CBA22DC3BD9586A38C19EBADA3EB14FF13C6DD7ACB29406D561D84C8C132F3D5D50DA4E12CBCF72CA51E60C0CCEB8ED211146902072A9B84BB166F0494AC816FDC5B30004828BCC485094C6F3066A5DF8D72E8C1B3B0B725FD03C30C23FEFDD9C419042056F08EEE989AE20395DD9E67A514231C3884E8D6A7A9060F9AF1
T=0

[72]
S=$26B255B28C
W=-$11795FE27D550FA75F6E762209A6FB39297A917537320204EC126CF3CE63E29F4979707D79C9059A9D0005D434828D3423615F1962DE55719BD0022037FF23DF51B69D12FA42DC10393C610808759A
J=-$F9E0ACACEADAB52A305DCB0310EE77E8B378430206810280FF6E0322DB5C3CB874AF16422B3995B70A9B0420796BD522BEFC60988094C882151B1921C6DF533DBE1B3D4304A27499498D8DCD58667638C70303B32145C71D71D679417ABD3C1BE58912591E075891BCC03028378305D95EE3356A63B1A74ECB6FB79EDAC6FB2609D6CF19E0D093E24A022CDD72F633F8456642420603B94FC3E64EF8FF1
T=0

[73]
S=$6367A
W=-$3FCB95956EDA5D83F65DA454C39B5F0AFA2D187C07B9D681BE6D505EA261B2FA1C274C91E527CF9E2C6537A7289AABBE5971410C16961BFD98D7DFB371136117185616E642DAC9A2884540F42A
J=-$1ECA66AABEF8BFD2DC4C113E589BEF5D70358C2476687B975C23E74623B4EA170941F4E404DE3EA26F438CC8D85F17CB2D14FF5F90D9C7F3DBA03726A2EBB23D5D8BCF511DFFA68D5F5AF2DBFF63F53B3BE1AAA3EF2D073CE556C35DC573D6C28591CCD02B1E82F84AF9B4A83F56731B84F82928EF9EB5D4228AB41F24DB9D93297D1F54FD8B571E5A9C420A0C48A1411F6DB7EE17DDE328E35
T=$1

[74]
S=$9F6784
W=$C17B9EFB8B0589A217ADB652F7BC3FA376A4AE6BD227B3845A142ED97D070C2DD9BCE4DA81ECB2D4BA75B49A1C1AD2A1C2D7371097F9BDAE806390BD4816EC233970B985F97AAFB98FDB3C
J=$2F352F157C2117DD8E3F79F0693039CA1B894BD387A177053F88A03B0FA61C88B9ED589ACF41493DA64DAF7F618E0E0348D01100FAAA93A31EF22885D20E8E847488EC8DB681E81DFB0D7D66DDE1FE073D08263C02015CEEA8594B49D880934CBEC3E2B0D5E690AA3E992E97C1CC8DB29747E5C8B2E816517F67561AF9CA87A2A06181E8789E6F9F4126D07FA4F216A96BB7BC865BC875
T=0

[75]
S=$116
W=-$E8C17199ADB9F41D7DBDB8E1B84398B5C80AAA06D4D5BE830BA539AE77E4708735C8F1E92318F3AC6B61636802224E2AA621217D766C7FD623B4F2553F5CA7748114A1883B7F4890A800
J=$394E6835E96A2C7805D7839F2C24D05464D9C7165A588A338C0A70E9E2CC5988537D6BECEA46D5606EE52C7BF28E7843EA3685761CDF1D3A754D2A2EF9BE0CC2FB845AFFCDF531A30B67830AA7410DB4980D76FAA38E5D8202311D37C39D7EC96F63E4A97C0C0D6585AFFCB5BD669B29EFCDA5AB3D4892DC7B07ADAA997FD4B300DE52B848BD7093B5C15FE0FED77A707ADE2BD7
T=0

[76]
S=$5D97C6
W=$EFFAF9BF700AE953C2815111434CBDA999C1C7DF155CEC5C708BD429F516A31C73570E18160A63C9A2C84E14D38A67A6D926906CBAFDC004DEA4446D196B785710EEBF15C0EA719AA86
J=-$3962B81F0DF6942AB1DB3EF14DA9A30E85EC58177A81E2C409918115A23E8469FE6D13537E9D302D61AF159D71F526D6BA2CE03F5FFF32F269B5FF7D89DA02F7ED1AE823B9978BB4B69463C10CD5652F2AE6DB022EBF00711D06FBC7967A91E06292CC09B22682FA34563DEE2ECDF07154198A4428FF9F5EB8C1C08D201676708CBD3193F2F5E68553FB6745B8F546B3E7AB25
T=$2

[77]
S=$233776
W=$1462D47EF430ED51CE64C480545938A6E24B5F87FC27ACB9E0A516263491DFBDCFCB4647E96312EE8B276A416925F0EA2860276DF0EF5137BF5E922631D3D53574B02E4A1B3FA8C
J=$61639F2D5D6A1CAE86E91D0B611D7D29E408D508D770945D68EE887E9F776A11B4304949192B6AB03DD59D2B7DD63D3AA80D421CA48285B4957268E6106F21E3DD34598343401DB255E00D56ABA29367055DBA7B3EC8F8CF10AE9F7B4BAEDEDD423CE7FE80D75DCDE3BD7373E04C2E72A2EB5AC649A7E4B63683066D2F1E0DBEB3768B3C806539C9E51F76BA28483193
T=0

[78]
S=$121A48
W=-$8D6956BCDAB430A04818A0E10DBDA5F49FEC0625074550A1163E146043E524FB765C039042F15D4C037FC92B021AAFAA8C1EBA1F6F82EAFE50E05E4192B25DC4129B532F75870E
J=-$1B2BD190C748E71B1E0828D05FA7EBE220614E6BAE9DF37B8F8254FDFA7E52FFA8677E6DC17A139E0ADA48F7FC3DB2DE4BBB36B05A3994051AAA733466A7FA00CB0B2EAA0458756866A8F005D3EAD62E85876024CE70FAE823069B9B9C3F0A573A0ECD0FF42C245DC12B0C5042C56447EB786535AD328C9071275A5B6CC813B37722AADDE493D45BA02D8FE04C6
T=$2

[79]
S=$128519995
W=$FC65A26BF34D4CC87B7B50090F45A3565F6E10A3F0E74130B51A906CE17A376163D7D4BE3631A2BEC60288680FE8FECAF5D197495B750503680C6FB6AFF3E5E9568E98CDA97
J=-$6F7F56EC3281F558986938FC466928F190FC1893720264D75F11D7D821E2109695CE7506EE9AE3D968F72A455D5F3EEDA85D7B2E62BA0DCA1C4FA39492840BA5C55C8D452F35818B141F5A4D65C87E99DB070FC1ED2E2F0F92B3868357D0EF259027D169120D162AE98736B93F3A86CD0EA98DB9A7EBEE8E430BB2934D0C5D93E4AA1AE55C53C0133B7F6C
T=$1

[80]
S=$82429DDF60
W=$17D5EEC1908CC5EC151794A6300F5AB1F36AE0DAD299AC3AF671D9E84B751AFFEC82641A31722211CC243F62E1965CBAD286413B88C34C06B2ED30AAFB3BEC5DFAA40D06
J=-$5C28BCADB7AFC74A019F1D377563E456A38BE66FACF7D4E62CD6082D806835170F3EF407269513C9C7300C44851B327041FDD5EDBAA91E01FE178005F75444487C3685D072C233C52623F75BCBE125A67E6A01FCA926722AD5744ADA93C1AF53ED0C4899D41499446CF781A69E4ACADEB322A41FE8209BB3731A1139D02750F83885DF54E72E07
T=$4

[81]
S=$1DBA79027
W=$2AE890DBA8B05D3E72E19619712523C11D87A3CDFACCD0D78CED7428C97606C3563C0EB3399EB383253C32D65CDDB34BACA09C349139F64A90DFFAA6B2B52BF05A5
J=-$CDE789EEA2513568043F6C899A5BD58C506B9AEB1A6BEE2981FDF72245B84F9D2D1620876FDDE1045CD191F830DEA2F965652351E70A2E7C23263C281D5A899CAC95796E92FBB6985D54B2857C0CF8C2A65A5DCCC2CF246BA4E89DEE5C1D330AA88C6E53DFC84E4E5BF46C9C32B3EB9F0B6146A6482A255A3B41158A9A38DA79721A
T=0

[82]
S=$3206D6
W=-$15FB78A259130E689EA8E5AAF52AEEA6E41283D806D21C90A1CF5131C44DC79E6AF68E362EE83C5350F0E8193AD88A12BC804F128C528CD422E2671C6120492
J=$4E93F8473DD19D36B5A2B091E2794001EE208E7D5A51D0C8FA4BED6F454EBDDAB10B1252A8A572B54B88942E8A2BE242CD15EBD1A93C092745B8AE39DA653C4D0648C815DC64F9CDC8069275E7A3CF990775A3531565117D94907CD4D795E719A9C562B1A88EA3814B3D9C64CDD8E45BEB5CDF46CF4AC1BE2F962C2B94CD
T=0

[83]
S=$1C605EE
W=-$442E3C2451E113200235B495293B658D2041F28924D8602C80622D2744D2EF638525EB0125BEEE6DF0443C9B5637EFA8C1BFAEBD91A4E8BA4E7AFC9056D6
J=$D03D719573FCFDD3B5FDB3CF5525D26AE0C7A163240E431977BEE4590976A3959C68F9B18DB07CE71677DED5EFDB14C13FFF45261792958F1D29555BFF804BFAA08BDFFFD47E1924DCD2187EA4E71AC2C3E48ECA0C106767BA53F2A1D1DF2839ECCA4D748C73BCDFE9A1D847AC7CC0744943F5C325EFE2DB0F942C
T=$1

[84]
S=$A437CEEC
W=$1F276E1BC0DD587A6AC51407A249023307B667C0F271E87127EE11901CEB8A4DC3BB905D8A2D3BF1D8BCA6DBDF47CE007EFE61E3F7B42DA0CA8404A7A
J=-$1133BCB3DB5F7E548FAEE1D879A2D7EDEBDDEE6E4D352E79143C0B3C52B1202FF693ACD8E0B47BB116F9BC35712E7D6BC4679C28FC3EBBC739E084D8B64E2E38D5299AF8BABE85843E9F242359D34038BB045AFBF5F6902630AA126D1344F61A82D2D055AED5219CB0970B1ADE58A55C3CCCCDFAAA58A6A7D
T=0

[85]
S=$1664BD68BC
W=$382BC37162CC83657C2B2252B364E21D4C8002DEF85A1819F0036F37AA18286AF16DDAB47BBA54B3786F36875677A9142914F48EAB6917ADD2B3C
J=-$239D542EE732AE23516F5AE800AFC57380BF31C262DC6CD9FF128E1A7CCF25ED718C3A19ABE12881F0478552236AD7C983D7E6B855BDB34EEFCB60E6B0ACE5E21B5FBF6E97EBBC11725F4A52F1BE8BCE74FD6372697DF8336F729470067C10B73334DDBFC7E14116CA1E1393773F195D3E21234C3
T=0

[86]
S=$7E6D42F0
W=-$CCAB56DE63DC652AA1F178A4009CA7752EF7D3D1F958B641C7C30F3460B4962DE61CE4B14AA868094130969B20D056228C3F585C17D46CBA
A=0
B=$8
T=$1

[87]
S=$194A7BE
W=$123C4E8663AE9B17137A674C318D81243DC580CC0AB214F704247463D0EB82D29319A775BDEF4EDAA92C17B3CAEF20DC8C37BF868C5F2
J=$D8453D9CECD32E40DF5DC20FDFEE26294E4393248D7F3D0DB7749C8FCFA4710E2ECDA970D2BBB08530C407522D6E228410D2278CE5313E666C579FFFAFD73160DDBEF426D7929EE90CBC9FBD1374F5469794E40F7EBBD97646201837C7486888F4BB284295689708D599711
T=$4

[88]
S=$1A25745A
W=-$C62B39A57FE414896EA140C03D79874FCD6434A435D0F5BD79B8AA73A4E7E3C7ED78C7632562AA15482ADFEE13B9801EDF976A114
J=$2257B75396E968F2A8DDCBFB0ED5183D75E27A9448BC26FCA3DC3B2D66BD7AE0261D23E9EDD099DA2D2035211DE37C1EC4D011ECF92F11844407E568BD2CA845AE8C2D97486114AD912D2141F1C81ACAF064BAAE7C0262C706DCE59C37CC9B7E8BCA3945876650272
T=$1

[89]
S=$5026629
W=-$19E41FF3A6F600E8AB72EE0EFAF8630F1BD4E4B4C8256EAED886C2365D391016F2E01D0DD48114A09D744699E0E6726339DBC9
J=-$21135EE9676FE4B9792DAA77B8D4CC787730A9D76DCC4158C3884A0EA65CE962973F5C49383623E7EE00E138611D232AD003464844A595280426AF25EC9BDEE9D1EB9096AF1B640CF0BC0AC63386518093B34B9C685CBB349BA7FA6B139C37CF016BF06220
T=0

[90]
S=$7920B
W=$AE3C8B0A58070A4AD05992FD57FCF268337FDDDE511277E23E0AFA9D52696F0EF1E450A124CC7939F47A8D65EC49D2BE93
J=$35162617C83BD091C021F8DDDD7838DD92C8DFBAD286BF90857A2D6548107143781385949AC19BC9ED895A005303AC8AF2359A893E393AFF4A78BCFCBF3132135EB7AE8D6178C091D696E8EAB42329B0B399D609C2BD5863A1240171CABDEC9A0814
T=$1

[91]
S=$2C719046FC
W=$822119B508C9E2ED5EC86CD278BE555C682555EE3920988194DC5A6FCC23275417307D113999AB1033912C654360BA10
J=$61DC4A75970D782FDC6BFFFB7B736057D79D467EFBECD0D9BA6535F07B3874517EB8492E9552FB96113F6B510FF151178298724F79524D3FC58626064BCFB5B74B7DC83DB22771790777450B25EE129F570B86FF86EBACFBFA1624FF4FA3370
T=0

[92]
S=$7A0B68
W=$F47C70064598848EEC055DA81EB5458004F9190C7B7013526F524DA5DDC6634F3555864C63E3E1BFD65CBA88C9A
J=-$2A285A346E6A50BA4520F1288320482A0A97A6AF9D8DBF9F96381E81C5A1B5F0DFF23F1194833C56542D2D33F7DF246BD5E0530CB442F6B93B76FBF15C25C23EED3249C95319FEEC1C2001CFCB37DF96BC443DDDCECFD8F6F9E78C
T=$3

[93]
S=$153ABEC
W=$B8F9BC78DC1808E0C43251497AA26B6923DAB219C561876249D27B3FFBD133ABBE0BA8C2237DCD8DA4800814
J=-$10A8BF3A2399CB01BF94BA6C184BC65CA7870BFEFA2082746A0A40AA3F9533F3F5E3F9AF938737BA9D95853CFE3D902C571D8B44D0605CCED42EFA51AD107C11AE3E745DB429D06B3FE8101517D24036EA72D6580FBD5942
T=$1

[94]
S=$A458B3
W=-$1808161F3C2558843C2D59700533F697C637445C70C78F3757C582FB4F179BA1162BABF200F026B208A009
J=-$2953551B24AC2E4FDE17FB3B9F89999B1D8D93BAD7590DD3893F9870489445554A335D22B5B1AF4C4804FC6BF3DD7715894E22D7116E7A563C04B4ED85AE086CA76867D13415F52B3FAB96F641E847C07CEF7A0E98
T=$1

[95]
S=$73598
Q=$3

[96]
S=$5CC718
B=$2

[97]
S=$AC2C891A0BA
W=$130DB6E3BCB14D6B5158C09B3954DE5C92ADE51667177465D0D2F3194AAA9E347E242DA58D2E56
J=$13EAD00A4D42468C09258E052C6152ED6A7F45160AD4B447F8524AE0F4BE2D61C4D75FE565B1F91FCA750D9A89907BAC97E79FDEDEEBCFBADCD615F0CF2B3D93D9D4423757986CF5E9EF98A075
T=0

[98]
S=$356FEDF20
W=$1F508B4154AD3962BB76D8CC44B23EC2AA30728063D33402C57010B80ADBE7491627DC92
J=$31B2350ECF3E6087C7CA88C6F1FF4C8662B1A4D390D661DD157E152817510E299E63ADCFB293233D21588521CA150A2C6E5128C08751B3C9AECEB2A3A623069BCB91D6C8CE665E
T=0

[99]
S=$695964
W=-$30A74EAD025BA983A1E8C2F1FDBC5FDE76E2BD41E51CEAF2091AC0995F422FB79CEC
J=-$49F9700C4B48A55EDAD0AD0C0765F1BFE6FDDEEAB621A26E238868655B4C9EA899E93C15B7A50C6BDE7549ACBD0AD61EEDDF93DC06C93FA96E661AA420B89F55210F2D
T=0

[100]
S=$9F78521
W=$281B620936CB9F64826575BC5C697468FD7305B3BB9C296A05D9DF698361AD7C3
J=$FF6FFCB37FCAF294DE90F7E752BBF8A018BE8E4CD545A7E19170A32C3467C0C15013AB0CAF2DDD967DB2508B53579259EE42742CAA39F121EF75F3EE92EC0691
T=$1

[101]
S=$90E
Q=$E

[102]
S=$E2D10C
W=$7C0C11097904AE30E52F4E11EDDEB4D6BB557BA2CB7C93675417D78DF3BC
J=$252E635DEE0D0E3B56D4B8FC8E6980D69028FE4D637B6DC7155E4EB7B1C152861C13FED13B572965138CF9E3B7AC032A507A44C954C3BDBEB89910A
T=0

[103]
S=$53A174
W=$72EF067448D8EA0CBBCBA065571DFEADB0AEEFA21BD4651828395BA02
A=$1
B=0
T=$2

[104]
S=$15973C
W=$F9475846B13C2F3F0DED691EDEB360FCB0C0D1F7DE63D7D98FC62A
J=-$1535E9AD638E4A8B0635685EB7AE2D2F757F4E354BD699DA1D928E584CFE46A97274A344E5D57DE677B9A2F1BF1B60D26FEC24C0E5E0
T=$1

[105]
S=$12127A4
W=$4810B20BC861B1474AF67BD9341C55F2F1FEB69FF31E14C7212
J=$DF625B5682DCF262B155EE9ACF0B36560924D5AA096EBC3189C546F8E9346496CCB8BE25A80167985067D4FB3DB1E05BD9A65F
T=$1

[106]
S=$10DEA220
W=$31D00CF1AB9497C88BA55656E1F2B3EF795407470EBC791E2
A=-$1E
B=$38
T=0

[107]
S=$E9CDA2BE
Q=$E

[108]
S=$9A4693
W=-$5A1A8649A3754320963B7D64DD1C4F5F0BB01B1C3
J=$420F1B0DD97627442502D55E0EF2E10DA63C634336ED67B166E91F754C44E04535D8FFD447D24DBD1
T=0

[109]
S=$3F47C
W=-$928CF7FDBD1610C3FF9F202AA402F9A05D579E
J=$E4F57024FD4F8BC3C1CDA0A3E4EE3541AA576893E5131F1F3F974382D6FEE560F2C9BFF8ADC
T=$6

[110]
S=$C
B=$2

[111]
S=$ABFE3
W=$1953B85B8D85F3634F25A1E85BE616BD5DA9
A=-$D70
B=$12F5A
T=0

[112]
S=$4100A
W=$3C28475D3F6E6393587A10F1F1AC336DE
J=$AC4736CACCF163F086A6491521DE4D3A86854BAEFC9F1CC3AEB8BF0FC6015082F
T=0

[113]
S=$21F646E
B=$2

[114]
S=$2A
B=$2

[115]
S=$25C
B=$2

[116]
S=$14FD1DA
B=$2

[117]
S=$623C02A
W=-$562C1B81ED9B4AB2359BD48
A=-$2E56ECFDA88FEC2966840147587F79DAD480AF44FC9B9
B=0
T=$1

[118]
S=$994254290
W=$17B530FFDA8EA8A99F2A
A=-$1E
B=$38
T=0

[119]
S=$29214
Q=$5

[120]
S=$86
Q=$A

[121]
S=$2
Q=$2

[122]
S=$7AEB1FFC3
W=-$72051933337D
A=0
B=-$32EA4C7104753F455CEC661
T=$2

[Signature]
1=$5FF5D7AF05EC98C011D1097F249F74292E00158D60C816DD
2=$FD2ABB1D5A1A790B5F356AF6E6009C83B6A83B884B8C9A21

