[PRIMO - Primality Certificate]
Version=4.3.3 - LX64
WebSite=https://www.ellipsa.eu/
Format=4
ID=B4977046F3C9A
Created=Mar-28-2026 08:40:31 PM
TestCount=114
Status=Candidate certified prime

[Comments]
Put here any comment...

[Running Times (Wall-Clock)]
1stPhase=41.82s
2ndPhase=9.75s
Total=51.57s

[Running Times (Processes)]
1stPhase=270s
2ndPhase=62s
Total=332s

[Candidate]
File=/home/lappie/Primo_Missing_Farm/Missing_Group_Prime2.in
Expression=(4797791281515011781318+720056643+1)^47-(4797791281515011781318+720056643)^47
N=$616BE0CA5B62913D0E012683704412C641CC329E066F34AB13E4A7B4049C093BF9210C71552070E487544A79CCFC9E2509FB861F601B5EAF33A60615A00B08E659C66785CFCA6F9C320DE4B4F2B6879483428CE7784DFF35F994641C7894D9238A372BA1830EA9492DF8EC50D53E6D41A2D29DEFC1A33E4E995179B4E2C90E17FBF796C2C11B73CA3025972C982152FAAA6C250BD0167A10B2D1CE19BF3C2EE9108CF113958CE4B588F98467C729664FB9DC6010989EFA03B66E3D8A77C371D2E10E948A383DB91E983CA1D7025935D7639A61DB11A07F72D79EE9D4FFE61AC7E753EFC76863B7FEF2E5DB779B7237452C87B8C825BD57F8866F674C908866450BE267A2785346E70642982A714FA4D65B9EAB1082F5C3CAB46A984781EFAEF17B8F6862D8AFE90AE25698CABCB1E631F2311D2833F7127E4D96123294FD58631EA160A65C0AC8D4ACE2CB97D858B22373188F67C78174D55BD350FA05E9619A01A9EBBB9B076F4A11372B7F435B6E031755755EAF6E0ACF0978953BB329587ED5F4567F7D1E179267413EFB5AADEBCF83D268A6B122F01395804466FE5647
HexadecimalSize=830
DecimalSize=1000
BinarySize=3319

[1]
S=$8B846
W=$C8EA0FEBEE32D62CBB67EEF237C3C1D195E91E1993F35338D2FC5345FA0BDF84973D9118E492F11ED3EF625BB23004B001DC849DCD42A61BDF883550ABFF361EB41B8C664FEC699E853E8F5F5F11A66D54385E47C2E1C3412FC72119C4F99B2A3B78A33FE3603F8B0C3AD6111B7216D323B5CED1223972F2E28513FC9AF535B8AC7D914EC3A21371D291D29D102898ABA57743AA0444FF1DA6F11D8CC3C5EFD9FC69B0E4AF386411B525F53A7FC68C35D520210AA8FF9ADB0AD507AB1F34E544E755B97E708F3524BFC58352CC5AB46
J=$2DB4DF9320DF9E0060145C6DE2CD304FCD3C843010CB61132332AF1FC1ED6252883740C8BF61E5261B8F0DA8F144786B7F86CDDED17AD8D3168A54B1D1E777E127CF308BB241D4235C49982C42DAF28921EDF5290CA54880F5638CD8C5D5D0E0E0312D4148F7BA34DBC0F5D019FBCCDE1B7CC8E6D6CF30B4F80BC77080E9B414AA5CD648598D3F1F7B53AF8DBAA36914E19B1F8975FA2ECAAD78BFCF715BF178B71FC4814A27D436B47D6EA555FACEFA5D50D8FBEA1C4801DC97E7E1D55D87E7385AAAC7F1712D0CEB86BF8CB089DC740AC4DD0320C6FC1A43795306D3941BF446E0CD20C349B39E7D46DD7FD50BE2A12D484729482CD452A9F89100C6F3FAB13781327201CE68A9D43B1BA8B4253B27A1DD916F7B81511D041E51DBCB769D08F128C888DF9819ADD6C03E32A17D48E2CB17B0645B7BB649813DD85B0B3D735C01991F1430B12536805DE76FDB1BEAEB28C7E967988480A939DB5499262F1884914AF06883E7DB1C5D8D9DC7E6D6038A710E0E48AB5387E3AEFD6B7E330D01CA4EC74B29A8EECBEB45AE68D8F982C78C6FEC14E969670A972C042D78A6DED3
T=0

[2]
S=$BC26CA762
W=$65559E483E93AA90B1C6A01273D8C87341448749E882BCCB7D1C3AEF1EAAB6DB574C2A1E00A0FF0E4168E10763B5A0682A210DCA66DC628E5B3B3E1CBE3A311AE0CC7912CCBA3FFA415F97A29FD3BB256AF78161F89B9F04D32350AF8D2E5FA3BF77B3AC128A4BE986EAF494567C520278E2A4BCB92E9FB7CECD5E2949A694CC70A0243F12C94D2BE98F72ED63E530505FE41E19F4A6EF43DEBDDEBF043CD06B39AF1755CF32CC8DABE0C04F14C45F5A7FB9C7A2AADD34DCEEB4F54991AE6FE067D4563EF3CBC903782940E86A126
J=$4EFE466F6A76E4E419DB3C3FFF29859490B91AC0E686176FC3901CF04A7AD4FDA30B0CE471E7EA5F0AAF833CC00182E5754BA5F887CD8A898722541C6B02D2092C98491C99195B2E597AE27B72A8A7814AD03A577E8470E6E704DA6F3EF8F74D95AAEA544F3F8D5581DC116AF9B069A7C61638F78485C613726535C0ADD88EDF64D1B68E729257EF57004E1AF79099C557FD5F434710D9613212E74F3A1DF78364BDA777BAC7F39A31C32871B6C83AC822F8A541310834E57A131CCBD14DB328F4437CBD3DFA1749D70B706781899589BDA68B2CA4C1823BB27B7D0386843E6FD03013AD3F287B38299A8C81FD9E349CC58A0B39E93454DA8854036BE2197991AE96885A357288273596D18E26B77CFFF11584D6F1AB956C1AA431194AEDD484BF51BDCE092F6ADAF3FBE1ACB0870DF6A21EAB05A095AC75925C56AC431A498F6E94FE6E6F58A8C51CF5F01AD531CC7E457FEA19C66F5FCE8B0A41F5012CF0B4F182791847715F3760BFC3301C649647D3E5BA95779F60D9BA3A898AD8160C628D64416B6D17E6E698577094DA86C007A5F0C232B619F04F24107C13E
T=0

[3]
S=$20DFEDB
W=-$92BEBAFC2A904120DBBE3A88ADBE75893F082F1C1D4BA715D3A71F9A3B7D66A2D99EFBC3C1EAA9DF5B44F6B7ECF1AD5C3964B0331C6DE591B0AC80455749A7504A0A3CBB4E20A61673F67D34DF679483D917728427FEF6D7480264EF04FA178C96D331BBB0712AC14EF38B81D4AA55ED9956B5A7987A7A02DEB7BD224E89B178F9FB73F7DD6AD5AD692EB166583D2A6F72F94201F8C4992E49D6ECC780112F1B926512AE24D5EA59D3CD4BA123772DF3B642F177E8039138ECBC032BF5227C118010E337A2C17ACEDAC5747D
J=-$77D285F1D069F64099AC1ADF4D0A4D218ADF9C8EAAF495AD4E34BC8B07CBB11A4068809293E9F6D1F25E07B16FD768073318B99E48D8F9F916FCD8656F7378E1E8165CC1A17F877D5976C580607FBD2EBCC15A13E22C5D5627B7A5441DF0D6FC3A7E9526DEF99DBF5F36395FA8352BB524EBC2D55E6DBE2D98C424A0FE8D4A346E62F4B14FE9483614E5662C38D3470D4ADED94C58BEE28D43B617DEB6C0B90DB3B2CE32EE2F9240282F2560ADA6E1ABB1217DA5655E95B891C6EC805E0FDF6B55A99356F52B8932B2D2A7909CB3EAC4448B8E05336A97385D2F18BB9C00A83588CFBDCAAC120610D89B81933BE6F5E4C5F716ABFCA4F67B250F5405A00B020AB54D5E344A1A3C5882C243A4F5FF73B0755CCCBD18389CE633563BDB0DB16196E470B77FE2A2ABF1177FE4AF185FCA38321B5B3BAC1AEDAA9D923E79B69BA8468D910897D9145A8885FE40D3EBDB9AE86BD78D6B91C338CAA9CB241337AD67DF7D1FB048281AA5BBEC41493E300B6D152C9F8E3F854B2629E6F2DC3D248CB4DFEB2519413E2E7644D749C74A93C0D2B1C0095435264A5B50
T=0

[4]
S=$428F5
W=$139043DB45514D16194228D03FF611305509CB809DA2ACA0D43F1F5707CF4F240F943A0A50853E9B968D8C08C2E5A3E740EE89FDCC3B906CC17E79C37C81273A202AEF4EB9D6ABE25E4C7BED1586653563AB427621227AB406E0C26F8C2BE5145628F756C13F1A596F343F864D4BF43E59C36CF837B092890A9CB3E6D81321B9FC1B7952850B718B55953E06B5EEB5F3A277D0054574AD374DD5968A293A2889D000ACCDF47A488E3B501C53844DBD1086372853ED261BD20079D3B82C008DD67721DB371B5901965BC533
J=$32AC78AF705D538B7A16E13E846FA520E24D8245D7FA30B3B7E5F89FE3722A2C1E66697E60A3EE78FE6E9FA7CA732CFB3E8A4E053AC3D7A0824F9BB159795B9C820D688C39B8A6BE283BC83C8B4BF3C2C7BCAB5ABD500BB990E0FBEF8592F70F405BE6BE8BFA3DBE9A50C395C82A853D3D3785BEBB8CD048EF7BD3200249990AAEE55CFCD52DBD8190ADBBE94D7161B33886ECD4CA11972E5D67AB34F7467D82D05661C473FEB32B5F38CD91A55FBDFCF63DFF05C184B146BF5711CF490C40AE97DE2F5A8686D3DE355FC375A1712E4AC3157E70B77558278EF2FF2E4D19ACCD3B8BB96AFCBD3055044AF91A4142039781B08797A0B8FC9BBADC2F339DAC79D6128A4B456353BA3CC5C5E3D23B664762BEF17C5251A8F914389BBF9748F8F81C7F3B83C1B690F167A2B505F4D2191FAE90207A7BCDE78819B155AD4D18DDD6D8E1406889E4D53444563A21F55BA92032D4179DB208CD1DF83AAF1DDB3FF76717094D4E467C923DA072F5029DC04F7B833E0BB2850D5CD2B695327D63DDE671F3662D6E1DB1B43F3DD2BEE6A6290188A1A365CB7A60
T=0

[5]
S=$124F31D7FBA
W=$AA968D4A5A5007F83CE13F624F167C2E30F3E22C666F7EE03FA007F76C3ED3F15718C787C64ECBCC34E82222618E1E03E63161D896C001C7FF1225241216C845E73D8DB0E785065BBC36D994035DE0551F365282CA6ADE4C0C03564D6F789BE4335629ED74180E9A7FCBA411E33CDA7C4742E6CA7B2EB2A3F466C14621CA7B7EC6F39876386DF2184EC6CF6310D53A64A182B3D4C66E23197C422E3D5C6E8207DC3BCA29436E776B912A334FF09963809F00B0E68DDED535F02BD102685BEFA047D868152BB8980E0E0
J=$DED5D532136269F88010FF60142B37EC1B9B2CE9E231D1A022DF7B935636AD1E1BAE8232EFC6A7B001E395746AD527A90F9DF062D3949273B1B79843AFACA7FF4FA74B685B4A436247F6244EAA6C880E602BAEBAA198C3A60D840C77199432C8D8EDE21781195B3337208D6FD6330A74D447FB987835CCE6BB45C2279C5A24019FF802ED189AFFDC30A25C38A45E732D369C5AB3EE7D076F64A371D7A5F46D177689BEE41EA7D9E7FAB54746394440C51C3A44065CB0D907DAF230DF7578482EAED94F512B5F42C5F003F77BE2B1A9517D98A6D09B7EF3C44B5A0509C2CBAB2D3BF74C73559A9A1813E60C3B8F48C81DAF3E9AB21DAC3571B8665D098CD3104C045DF479A9420C211AEF17EF168563D46E4B7B88AFCD5768964F5CC7169B508C27ABB55B917FBB7AF21DA088D81145C8C6F5CD26D3A25B7DD0AF3B8B3449818EAAF124C95AB7EB5BC4A9BD3ACFF7FBFF18F740F97F46AD8C608613B6D59A4761FBCCA2264531CD9B132D1B70CD77BD7E4105FB613443BBE6E3A127D79889D99B9D74030CAA6C64A3EF39ACBA67E2074D5D671
T=0

[6]
S=$8BFB528
W=-$27D4805545943906CDA22A861286AB4B0F65BDE5D2C34CFBEEB5662E1CF81E10C8ABDD31DC6B68D1E011B9E3C17AAF7B561827B97B8EEB82BEF44A6AB9DD899571015A052BF0B8FFA23044CBA19C156B5078C1196737496823BE62C97225AD1CCA074E959E07740D78CF7172C31958C9082697F10BEECE11AB59329901A8BEA1A54B1849C1ACA53E888DB04F170E7FDA4C358EAB819AACEFB4A29090B1DE3C73D3DC97B00EDDDB04A2CDD880CAE0C71174BABB32AF3F4D9CB21206ABAA3D86C7C4C320D4F82DFC
J=$8099EDCBA125BAD66842EC6AC524F1E00B82CA0820A50EFA0CF5C0AF614A58B7E657244869AF333D7EB87402944844EFBBC4A396400C16AEA803D19F452D6092B32ED46D5105F539C1663B6B93A4EC6E9905BEE7273D5C407E4EAE3D18CA74DCECACE839D194DCD10D16C25F742FCA2A2FD25DF0AE4E372F5FFEA0920D4709C0000AAFC1BBEA0F3B66FB4C89DA1C5F295289C103B4E5B7242098B7FCA428E684CBB2D8B1D03EDE44C2831520B4F20413170910955FD55CFFC8417BDBC211D0322B7DB3434BB36E5B02A720096D9DFF27C7A1CDB244C0ED8553D4321EAF1F2BAFB015B0775B38F5724AEB41F608EC5A4C41C5C26E9C8A031D83EBB8C26118A001DFB44F9ECF346A490655C828BFF54B091AB63077CFC131AADAF417F983452BFAFA040853DF84F84425D3AFA15CAD2390F9C649B859249E74300733E3554D21C3C818DEC335E9452D4DF209246E30CDEFF47EF57951CF20ADC1B67FE36D457FCE49AD981627B694285BCE5B50D04F077F6E1FD12A986C12A157DB12CC6BD739026E1943E0A2AD8D7A6F7C3AD70F9
T=0

[7]
S=$23B3B43E4D148
W=-$28C847CA0FAF5E71CE54BECE968B1F0186797BE81174D2B1AA962BDBA4A092704FDCA9A7A7FAB3EC627FB4C698036622E92D76D56AA55339B7B6454A76234A7F14E4BC0D6316D486C7F58CD12837A2EB88B43F7553833D3ECB336889A9AE3EDC84636F2A1D8D5952C09DBA841BB327783C5D2D4B07F5E46839419B18511F629F95FD749249C3E04FE5FFAA2E50B80E13F4FB690CCC49B8A6B5FA5D0D85E18170B5B7D32CB959AC009D3960B65ABF8708C4D75E8B0DFEF64F2EE2C56068664E2429B87354F46
J=-$15F92CCC287EE58B9923B055F3748EE9E36D419DC7819E99C2A4AB027332BE5B467727D0E26BF8DC7E71BD0A0065E114378BF52B04004A025BA426928E26BD7B5E1E797B80CB2BD48FDFF6991D412C651108DDF8EC9677EAAFB941238FC30CA1C4A6E18571CF7B8DA442DF26ED78FF8580A85F2BD6C0A934B1E05D19473AF03CD41A594FEE378640931E7874E4E3810BF638F68FCAA412F9649DFE54EA6635BEA09052457590D313BD5B2CC8018BDA985B38C07D5CB2EF2FD0B72BBE4F178B74B0FE6DE2477BB6064033611CD02A6FF2459C65287D4DCB840474D0902C13739AAEF83B110304B6C24DDA5A418A217E22398F8D027D6B3AE92DD1A27902C417B94A6A12D62D3792FE1CC4B7022A30B8D98DBC0862AAE4B149C689287266BDC77E46A0576B68FDC20F247D3EFC8CF98488725A5ED627C8A95224B2C8F3A1C5E3FB500ECE713FED259E9EDEBDE58536087C3C5711295921430ABABA32D07B5ECF95D92E044300831F2B611EEB14E1FFCDAEAAFC674CDBD5AADD7FB7D60BF42CB6507094E7D91CD87805EF3B
T=$1

[8]
S=$D0903F59356
W=$F511F0840A9DCFA4DCCA1A89C2E4E60392D95DD16B72B651AF2243A2D4BCDBFE1F132E59222BB67FE5625F19E8E3115720823000B8D1FCF5D97391393FF57DFF9858AE687693A704D9977C232A773F5DC0C7660FC2709F97D53BC1539F2DF07E9BF06D64CB325204C4D5A523F0BF2945BF7B5EBDA112E6E1F6896632A5D4D2A434D24E29BD41FDF6E30602705AC501D09865952C84EE5CC6482E215613875A01F504211047E8A834E7ED9057700ACD09DEFC8635655ADB3E24ACF42561C3B5698C68
J=$5B762FAE0B90DA6E91BF0AC0E72CF4DD1CF42388B6D4F1B925B20744CB4192DF9E8E93FF48314A6AEA3DB1C7F0F951EAD2106F802BE16E40F784C8D7E614C41038AF8B405B9F703064E81306443364C38C0CA069D1946D4B8A0D267DA3A8EA76F9A1EFEF1FDDCCADE284285BB5F4D9C70682B4579DA584B78EAC0468531694C22C3F41500BCA4896E9191DE2EE90C2C198DF81D8646291AB31E8BDA6564CEE86DADBCA3F8644784874A6066686CD5C0665C1660BB6BCE556702B6AA129399227F7792262E19E7F4B2D05A95797F22577FEC7C667F7B4A3E7EE9BECD2E54C94B89712C1DB42C95D1ECA104B05953F1905937B5EE6FD042567061472BB641F58DF53B1A991120B44676ED72E5F7EBC4EE3E0641CD0EA122529261D294BB585254E6B7ACC18DA3B79B5F4D38BC7CF54AAB33E3B8656AC7A7FEAC3D325E19BBC04BF7EF80A07D23C7BC238214EE203172D79B00849E6648D96D70FD8C1DCD55EE6F5DFE5FDBFB03D644EE357029916355CAF698CB31A4B92C52CCAEBBA490338B70FD93E042C
T=0

[9]
S=$12D0C881
W=$8DF979CCFF3D5DE132C83CF9A6EF14C79C687087E8FA6FD470DC60AB31EC7BA34B87628FDB8637B3148B0BFAA1778B28205332A9862490D7B54A5C43A29012BA1CFC9634C7F4EC4BE9AE5D06EA80704424A8718EDF9D7C747B66688388B6727DB8B4C9A173D8AD77FFB45BA42A12E1A5A2EB851F78A8E94705CE6962A054DC2169268E7CCC7951F8C44709963F3545F6A3837FE88CFAAEBD371C5D3B52B2794B37634EE500FE40966EC9D30BF2E52A3E240F84DA91448B335AD7BF3622C204D
J=-$72262EC5686EBAEA3C19535AE5A468A60EC92605748B02FE40E566DD10187DEA9E745C029F2AFE590C87C2A8EF5B89EC0FBF3EA8A07DAA93AA6ADF7417C0127F141FA22757D9F12B43FC7ABA4DD38236DFAD60778456E70CB74A634C6CDA7AF369DEB19BB90F9CB1CCBD5AC0B168357BD3FACEC6553E25ABEDC5F314EFEB7FA83B9B19266F81C8D419B13E2EA24F2C664FBFC39BA0BDFDF6121AEE238A0201B7EE89F9D63D4436F0F398CE9E6766190B336DC3F20A93ECE4208A3692857C729498480869E861919BC51A17902070E7A56A4CA2BAE5B735A9CDD03378CFBB48E41899FDAD267085077E7491862B429A9D304137DD0ABA2DB4CA19C1A885732502F99A66C897A87618C76874B644527041998E6574C283055C596EB890BA6728BF22A649DF365FF0DC9F4AF123BC1858A81C1545B25BD26ED36312825F21F0C44C61E37565E1C53AE1EB0520A9FC99A6D423FBDE670A5E57467CFF74C485E0CE766ADCB8C4BEB16D90D18CCCA3C5934CE2C8C6A082D10D8602251CEF55877B4
T=$6

[10]
S=$5366A4C42
W=-$14097C8FC2FCFC11795FD7F6000D297F866CBC94F2067C38F539C2A458917AE9B42D28782E5407D3D926BE4FFA0AFB193C108E9D555A326240E849BC39636C58B891ABDC8870B009771C5BD1BD3A2896A4B5E8289481C72C194B4FC1A9FEEE0D70A3A198FE453538820113ECD7C603611998719B0E268D58F7D39A8E2A7EBD68474241C7AACB04C026C0E55009507952233590B3B4BFE755C12110DC66585C55BE4BC9B1E7E7A785EC05611CF44E447A4995C16AA450BADA68DEE108991A
J=-$88898B97006CC2EDE6C8986DB362D40DB5077C89D9CF4F6C5DEEB9AEC545C4AA33B6808F44B757937BF15FC9ED2901D1C8B3D35A22BF82DE67E1AB940B9ABB90E6C3C8CEAAA3B70C02D2B771810FD756A8D53585C4CE3EF7B92466A2E4E8412F3BB82D2A791F457FE8FF1909B093B7D7C75FE95F475DD00E0E6D8B24A42074D52D1029F096B8B993E7EAAFA7FFD49F4D09D1310B03B849AE5249A77FB934AC134D6B8680B8999B818C3FB80455256B87A020F18E2D5D3B8D5F3C99F96FF835EEDD4C94581EE9CBC910D659D6BBC48DEDC4DFA2FE0ADA3D66C79D4DF26CA9963BD98D83254AD3C72335EB7C349776F0900307003680EC445D15359919B0A8100F420546BD03E41F9879057DACB04C638AC8CA95112CE192A10FCD5145891D00B4E7661281E9B2D6DAF0C7DF4FB674611C976F8C4D9BF336C109C42EAE8BE0120093C7A885CB406459EBACB36110481566F9D1A523115701E3D87D902C3226868D0FA0F470339E3008B6C0BE8F5C407F9C3A6A7677531E746E930DE5
T=0

[11]
S=$1B59A09
W=$88746A2EE3A6EB3EB924F5F1B85646110EDCE1EA25B1AAE6FBD3533A7363C540EB51BC6E05AA6A84159ABED5730494BC1F7BA53CE2B81CE9276B42F2C8C488D3923DFCE48B617F15DAB37FAF458E63D08BB7C90ED3A3EB1943188A51D1D92BD0BEC21EF758391F4C0633C83BF0E0747D142490569DB4B281810A03135584620B8760FE2B29F8047E82A2C20733F660DE0B182CCB4EDF5EB4A008C25C710C8236E4956FD7F1FCB2CE07CEE328AACEF7D51CE0A0D3E798FBDE7BB72E9
J=$177BD1335CC269A854B9E0885C3733182172A8EB28283100DAD0A27A905EB1CF430C7AEA5BAC7ABE10E14EC44E8130058449D1F8FB9EF342F9AEC5FF30AF232E807F51955615F5720B819B940F24AF1B1C084FC99DE74A7701A9982C72AFFDAE69DBA7AE730F603ECE58CFB5EA3C29667D3FF3FAC35EF421ECA4BFC4C9AFE7AF586C1CB297726DC0C33A3BBFAF073FFE8270F29BBDB793F2687E46721BEAC6ABD6B3A5A6B2D5CA5CED2ED5FE204964623F1B994BE0B96FE098A1E6977AC149AEEE9F22E92446C4216EE8946CA231E059AD3F99977D67B0EF87BDB5D5F7D905B1C7906F63B0C888B0AD99930645861C390CD15A4B827F0863AF2AE9791913DC28EDD1EE6D10B1B4EABE2EB140F544E3C97A9D182A7F95CB3ABAB143086C4B2CBE3CC585356B39ACBD6C3D5F0D1D45A3639F79F060A8417CB61D7B301F8F4CABA19FDDB00846815705460726B2AEDE8B5984C9F22A4A7DB1C918B8770D080711654C7F12674CD2C3FF951E6F1712C4F63B8F317D1DF7B469
T=0

[12]
S=$28B60D6
W=-$2C46A3B8507FFBB5D6A14CB85E943501B4825959CF377BBA8996AD3967981A83BE68BD34ED63F4525FC1AE19CC7D50524089727FE3A55ABF499494F7CFBCB8F6A03CDF86F2D59839714D27FDBE5A8834B32956B13F3278A99A5A25CFA0D43ADF8B33CC553858539CB8CCA214C53E32368F3F2580FC83A6D3A6FF7F94EB7CFBF652CBC8170D1B453115EED664570937D00F7498B2C0085168BAFFF175FEE277CF6FD2039F3D515BA4E28A424DC1BB30751C4D93D44587CCC25996
J=$D16EA092E522E75A2A0A075593F632E7DF72D8DD7492E53B57658F3CF2075A25DFAF8ED6280C4F82261876B6AD65D2FBD974938B83EB437A53B13CD166307EB41614EBDB3E80AE082F8A7DF36B6A3ED5DAEAB15D350407354F6B74203B68851B0CE5D5F69CD23AA55D3EA7110A02A945230336351868A8C914200810DCE6290E5631410677945A73FCFCF93FD5BA0F817E68C21FF732A5CCC0E491C53BC940E4610C43447A36D8E5A34DEEE8557086F483C1F174428A964604EE2176C85CAD4849EAB50C93F8E90A4EB2BE4FED0DC83CF82C07ED7AECE4209F6106015FB9B71E84FF02237C777E2A45DD031E61DCDD5371777A0697ACF7C3DA2FC3B691C15257ACD8A7BE19C9EDF597ED1F5E80EB69003FE894C3C43F45DB3B41DCC79F6E1AE8DEFF34E94DC6FF2C7B5F49A8964A315F9B4C98562258EF24302886ABCA9FEA0FC74F59F6C2C8A254A6C6B0BEC3A2877C7F1C226DB09788ACC197EA9552878C091DF2CAA94BA6DA77F19F41B3A6B1020C2EA21E7
T=$4

[13]
S=$D2EBB27
W=$2DAF16C11E1BE621475D202A9AD1263F8A9608808B700835ECCDC0EF806BE0F5E831BE439D60CE640EBCD48D8443F4BFC0F22EB9DA0880EAA80FD1F765EDBA272EFE4D046AC74B9E9B09CFEEADA413F541BB38DBBD622C1F9E3F0B8D61488A95E47FE2CEC5A0191704DBA295235F6053BC5BFF1DD4C9090B55042764F997C56E733D43AAB18DBB024923CE4C7F24C7195B275DB475672E82070A7A1AE9BE39D13168BC7529E121A9D7CB508FD7286AF5D2E0133ED5DD3563F
J=-$4CB997258691666BFFEBC161B35DAAB7D5B65EB821E494E0D2328A0B885470F96D682FDB6EE4CF16D7D892FE97116981941C7C57756B63709AAD914E24B3785FDF3BC9A08A4A55701DB2DCB333E892BCA9C10CDAD3B2EDC35DFB6B520F30E7AA2C3882475B4399677FF913372A7D1A9ED01550151970779A617FC2DA7D0BFD7155549ECE2F2ACE38063C577E6F3B7BBB189E40698D6B48F4F547F377B63B62117FFD0532AC51430ED0E41977A9250BE65A4955C06B0745BDB98AC51E960E6EEBE526AD7E05965E5F6D641CD92D0CDC547965CA9EA62A7C9E446B5D4118A86ACD1562E29E8B65E9797F62712C9F957DC0C5368E89A753B4261832BE9CEC8277DFBC007BD561FD1079BF65E4DE86EFF169BB8814962C1565905C106AA7CDE3A2D4C67DF5FDEA1DCEF541BC7F294086CB21F3DB0C2B33A3D547B30C7428AB5B402AAB829D888217B22126E9EB3D42049B324F7BA359A2D3D74E7E88FD54EAF39D8EA3E899DE1DFE477F3FA07D048236CEBC1
T=$4

[14]
S=$53C5C4
W=$1B31EB37093593B9B8B288C40C61AE02A626034C310B84CFDC244AC131EFF3CAC3ABFBAA7C8E423C3AC79F639DC314992604613E601998BA614B7208535949EC766C61FBBCBB67E5DE00462BF1A8191DB481C6F2F40492B3DF9C1DD5D425D94E583F401170B00B9399B3C80A69E55C1EA10D4E52EBED5B320F5DD06F09C10540BA1CA629F6BA6F8A3317E3FC6EE47F161928F4EE064A21585635D9708B14EB8E6A34AAF34E77072734505410F4DAA691D429F20CA989BE
J=$26F4CC0724382F16737E2989B5B061FD4E6FD1448E31442C37FCEA5FBCC533C4B996518128E688EDD08C66F680F927DC90EC881A0B4C180B585BC9D81BCEE883019C4B6B50E09971FDD8A0761BC236777B1C3528E8EC948252973FC92B92F05F8F2E42F7B07794A7257DE638E5988B106163B44BC71D7552347ABBFEDC836D20526B5FBD40B2C595B0BB973D6406FECC1E7931D4FE5D3DAA22684B83B0646E3F08F146DF1BADEF33B19D2EA14BF1E0FF9AE83B0A3C89D14FBFD5409DD835D45B8C40E4B94D8C6D19136A17A0107CB6FB5EE94BCA92F6E2F6461C56998B753644ED6080F8AA331953775C407F3309C56E926F6C7D314B84E06DC93DE0AC11F1297DA809CBA290BF07962EB81F8D35A0F7CE9AEE540786CFA430CA6ADA93A7A114142EDB4A837061393A384E59DD0EF0F7E42852EAFD7F54F24B5123F7A9CB5018775C6690B61CEB2E91855229FC48514C02F95C737E7BC38DDD7530345EF6F248C4860A09CE90CA92409E4947A8
T=$3

[15]
S=$666CD4DF9ADC
W=-$391444C6B8F3EE8A90B7A212BB8A1FEC902AFB177D903D18094439AE2C5DC5F0ED9634BD88366C09E748ED9E093586309C7BC072060FAAB640D2BA88B1C9FB1F0FC09E430B8724B113CE04A6F832C712ABE649E9141653731E18BF4E47EFFA44AF762BD2DBC42E5AB91C03C534C8E13F9BB5C092A544198F9862E763793909B076E42A6DED97A889B5BE2C83046DEC4D96EEF2B52A2197E27AE82A23EE36EC7CCA8E164FAB96075C64294EE93255067E6A1CAC74DC6
J=-$1A39644070C7F36C20104A94E6DD15E8807E1D7026291DB14B77EEA3D1B3A329EF3E104139881ED7DEC96CB480E1C77C9B2D0C2EB01D8B50D8F8FD595ED2C3AA27744675DBC7ED1FF181EB047D18153995BBB52439EF1EFF4469ECAB00F07C211689EA8C74E40530B7864419FD8F5F7215F03677DF3BE41046D1203DAC930B0E30C8836783E0AD24F8B8EBE82F8101D9C756D256760AAA240D13F22323D8E0DB93F419C18B3FEFF16675CE36283901ADB88EADF528E86043059E5DF2DF161E9011903D16742747CAFF8D83BB3999FDCDB2D901EB83529F6BE5983DDCAF6C51200335C73709D03FA8E2B8FB186521A9B1E0DEAB6329A60BA902811EB72A09E1CBA8FC5B29C3A626ED9085AD1123ADD9DD486029AE47859FCACC9759F509187870EB0798A8C199908595C2670D4B2EB02E92BE018BE5A19CDA0F8AAA6A168C1A2F1C997983FE91DD77F775356682A37B5B55DFB389CB7C55ABB7BD174FF538523FC02B601F59F42A86EE483
T=$2

[16]
S=$2ACABAF0
W=$409789213E52C5BFA483C2A78985E32ED89960470CB0DA691C5F29A691E052B0C2B190B6641B5028BC70619685DB5BEEF5FEE28EE735900D1577D82A113C972B4724AFA539BF9CC72BFD2DB00C49977D81B451BAFBC84BC5AB3445BAB187EAE0217D0B4E50402EB5899D6CE74C9E7E5C56EA83281AC029728145948277695ED7A7F0FAB96EB6B06C8D11A8D86FDFCA120C242C412B6CBE54EF4AF53DB7D6DA3CF1C0ED8586E3C442091D13C352039131D78CA
J=-$2889C548062B086F09D37778BF0B0755E469A09D15B42F722C098B58328CC6CEA0FB971D73BF359533F2D82F507DC14A401079F7472C7E7FE0570B3620A13C6A7B637E3F89E75C7C5F342DDE53BF662DE01784A1256EEBD910A9ED96930CFEF3B346C28E4B077A7E2F03FE90E65AE1986838D421562CABCE119D4ABF493FC2E564440A644FEB209AC11448901202C197F054751C84CFB5188E05D91EB1C33B45D0DE12BDE0491F463DB5F4CBB4687E75ACAD1BCCD0D0408A3C9BFFDC63A3383614871E2815829F4B97AF4FA613F3416A6CFB5772B16B5B69DAD7E58ED6AA34DEF2B6BC19372C0658E65C86B5E7AFC05A9E2C4A25731560ED0171D3AF2BA69D52A4EDD321C5D9C34E1E472F6F2F0515396AA000AA6BB2DF9B381FAEEBBDF1D835F5BE5EE586409E5D46F686B595F41248B151044F87AAA923D1B2283F149C5F53AA93ACD3FD94581D0E1FE5A0C6F059366733818CE27636A690254996115ADFA36FBC6F137
T=0

[17]
S=$1099FD056
W=$97B41575F444EBFBF0F33B816037CD78F7891E09C87B3595FA8145AD6B40AE4D5DF18D77FC52395E61D7384A7C2B7C655E3CEED2FFD91F287E4B38AAA1F73DE3E1EF7BCA98D84EB41E72ED5E160E83FDEC120CAF0198C8ADDC62D06A0E2591FB6B99FEB9D16B467B5AE9F516DDF7B4A608D6044C0EE6209017E3841CE766A63495D8E3BF5F3C1CFD7C193DDC5867F723E8BBD3399DA462F2AAB211F516DA550009FCDF9BEF676790A744AED41EEBD1C84
J=-$1054E20F2E7CE88DE4199F4633F318AC57F493B1263715976C7CFBDD26B2EE89563199031A246F3011B6E3BED93191419293901659F50B169655DE6FF23FB9AD835C200B398E3437093BD2CDE558249A1EA193A77B28E2D7D1F7960DBC29AD1FCE35F5583B78EDC76FD91AE64EE07B31F9F0791395397376322555C98EDC44DE19A98CAAA2392FD294509E0AD01F5934845D4DFD7D316BC092A969F38AC4EC31A0154EBDC82436B6DBB05247F7E1EBB503E6579C82F041D2F6DD468CC2BFFE8B870E18C02C442A7B3F8AD03A445C22EDF975BD83E4DC2E668A8BBD66886B2CEDEA2D3FB39E636584B191D22F1C4C59A24361A5005111CFDC8A3D7AFF222C0AF7E1832880E088D663F3B2173E9DD31D8B091C2A42519A8F30C2F6A67D4CAC028C02850D1F9F06D127BB9798713E54D9D0A12E9B583E6C2879FA34BB1DF255A86027B15DD5938AFAAA5A52EFFF3E4693DD0901E9EAEC9E975A4746EBB5509F17CCEB
T=0

[18]
S=$14CD226
W=-$DEA4A9B2DEE7490457D7D25A0EFE082B56809313F657CF36BDDDAC5D21447AA5D8569F6EC9E31AF1D5B0BA512D9468EE45F264470A22A97DABDBE9FC5A3E0896B60BA15A1A2439530C15598E10C985F7082628878920FA0ECFC277083D99E6175019CC15E00124A4B5D867E2B94BAFC2E5D95058F506B498F43CB3A0545F46D78C26FF0B04FFB3934A8E8C9FBC49E7F18EF35EB45410B587D7FE05FB12A1F48710F5BEE0C754E171D296337CE588C
J=$13160583D6C63AACDAAEF007F092AD378D4609C78A62828B1433E1606D111AE5D85C2195975A6F0A83C68C57D30262E253E654196EFB345C2D8272745069065B2BE7BA5A562E93D5F7AEBA1124B8059746D60467D966C5E3DE46157AC5E264B51EC039C3B2B3C1E912FC0AB73E0A45A34021CFDD6E384DC1E3C3195B394FD4048C12B976E232468BD62D320095308B3A65E7F9464EB1D2572F9F5B007A7ED9D1380A086C70D889496A499ECD66F60DE424FB03711C7DF5A5F1436D8582EF9BA783D16D1EF99FEC125B578BDA46E8802B51D75D1A520DF2D08407E9EE525105C3C42F68EA2D2C7839281D529AFCBB2C2D393C387EA0CED17B59E7EDEB61003D0B5931BFE2ABA5CF8ABA964EE2C405BDC86E1BF13B484718430D5F94BF3C7B71A47566F04F7EFCCDA406703D070F9F70B34BB9715978E7E0405FEDB8FD761801EBF9A40BE9AED4DADC8E1F4F7B5E3AE4EE547D604B4932D50D194A95B28A
T=0

[19]
S=$310C23A
W=-$549FBBCD02624D9EA54872E821EC869387BC2777BB84B8CBF854FC1084F9B6D4F305E724F061869C97456BC25C9D962F9E73EC0B6D1EBE289B24C5D73D438442C78EDF86ACEAEBD525EC96AA884FD363ECDA30E6110FFDC4B0FA2046EA6239CC5386E4AF2755B2DBF051FC58011B1B05060F7E38E1D9F7B148281D7DD01AAC572382A1DE57A537AFC460F0ADBEA927AF0F6F5BBA79867042D4F3D3B6559E6EEFF3AC7CB682EDB30A1834ADEC22
J=-$24882343DDB58DDDD20BBBB24A7A6DCCA3BF1AF53CCFD1A495DFE15ADE8A4234BAB58CE31C2EDE3D1FD6676CDC5C592D5A27B82F512F15E2C5B76F47D9CAD48601CFE55DDA0EDF591DD402E30AA035566710E6A1FF3BB7FB3CD8D47CC7CB621DE416035B90B23BDA65C5EC579B54E3F365E6DEFCB01CB1A26F103DC7A82A84A31C1A8EB366F8AA20F14C5A28D7394615B875D7FDDF2087A2B54FA5E6FDC1859A693576B10B85447C48DB49317DBEB3A236B64E697C6E0DCB747C284094331767C0EE59F4C37DA73AE4683736291B213B86AF1D455974E57B680164708D3F99512015CB0AA20BA7F0E05418D7A97C4EEE351DC2262A2451CB62FDFFEEF710F537F5F268752ABC7131B3442D9FB3FE56131F5157DEFACFF8F375A75A3E65E7DD1A57653BD3402577ADE78FB69605F2C366E42D005DB350D2B0A532CDB5783F86341CC4D9A3ECBA292BE0DC9C9340F52DB97538C3628EA311A7C15
T=0

[20]
S=$18D8
B=$2

[21]
S=$5A2656DED254
W=$1671BF1EFEE5A345A0AF90CEB433CD9EEBC8F01E692C440D4082A05FFE89DCFFC5F94E1AC31E7DE8A8FB310664AA770E50E4371215B0D10188477867510EFF556D0870637A70CAE10B5A13558068F984A790BD30E032E98DB629D20FA3FF5272C8224B5DD1490EA684F6CD3C53496754C38292C4DEA496A4D539BF7BE599BA6CADF9A0FA9F09AFAD09364F267E9C099B1678B7755BF030841867F8F57937233C3564B39FA313FA8FCAFBF6
J=$3B280C6AD70A4BD9D46BE1959A2D4B79B58F8B99D0612A3055E65770FDB5ABE95D963D191569061F6A9E0981A9DCC112607B995EC7ACE840D95E86B8340495D482323235B424B4C73FE39C6F99985998D40354D45F7EAF7F8A263F1253EB07EB6AA20E88CDC1DEA88F22369DC35A63B295F8E2B8C367A8202F25FD51531B90819304B104FBA6F36E08BD1F979F11B7B991ED871AE937D2126487BB369239827E7B72B6287272BFCC50BDD9999AE3F49888345548AFF5CD531EE5F86CA0F54A355E093DD32B6F2F66D8D89C2D0AD03ACE804B91B246A7271C09D4BEEDFDDD2000C234EA636827D760783C048F3C44C9176B9ED4B1C21D051A37CE47E8FB11527751530F61C6AB986DEE9F37B2EF05D9A03A276DD694205781074BF13F2A878A194FAB680B72495DAFE726CDBE03972E5A5A27CD3EA4020CA75C779F1EC71A6826C80EE2A7A1B66884F10958B9F9DC9BE343ED0DB396
T=0

[22]
S=$1B8E74
W=$21757F4EB2C15341A6F7766153696D5401777EDF6CBCBF2ADDB2C9CE708718843198256D88DAFB9A5BA48425C89D8F158433687DB0BC154B5BCAD989811D89B6DF454F63BF9E1DE032DD06F72C838C8900E8CD3E7D9CA235EE2B1DFD590585F0502FB9FBCFCEF72E9C714A27AE9015E24E458689C405C587C85BBB9581D0C33B3F4643686DEF4CD474C6928FADE781B2F8F5FC830ACC9DF4492820CE13EE35639CDC00233C224D46
J=$1ADC364E440FA1CBD69AD366C88449C916F6534BC6883DE9F96143E1A7110AEFA96A2098445FC0ADF4A8089F3D5198C1710A9D5C274A4409F8FC46A73E82C89B6379E4ADE8F2F9FE0DE8B9023803F87DD71D9E3A5657E61A10691E042CE633D66F6E787B6848669232688CD267F5D4E0F86D5D301FDE145D90C72B3E433BD72DF40E4A526184C69F65AA83299CF80F0776000CB1213E5E6DEC13A0DB20B7C5ABEC96EB0E60C65597C0EA41718ADD528871E6718F279505394C953812FEF250F30CA6C62DE40D45F894BE9CF2A7EDF812A14A87D3527E3069A15711203BD135BA5C3983760444186E547EF494FD4972E5F9837B314EE903737D138CDA898699F31BB0DFC43C39F573FDDE6C54DD1836AE34322DDCF7B46304167406C330505C404B941A7EE7D936827F445B5659EE63F7EC3FF03C5D951A6E0DD3BBE05EBD7070F5AF97F8ED0EEED4B602369982C27F
T=$1

[23]
S=$32343993
W=-$38767270A271CAB02E4B9DCDA2A75B7459FF50E27B8E816937B1AD94B861AF62183BC7692F834F7399628051F7277B9A22D0BCEDBD9AD9C60090A60AC91EBF2D84A15CF1CACEF736009EEA4B7E6188CCE77584A9B37B37751CBA69B63BBD35BD8648D5A08762ECDA54E83024A164E7BE5138C2111D710A482EC9650C5328D35D870BB7BF6D7F5BAE6DC16EE8A4FE59535F0AF0377291B15C651D5545FBF94B63424FB80E5AFED
J=-$110FFE74682A28EFB8D2A889D4EA2547EC0685070C5FDC83E6D80F99733B8651C9B48EE510E937E05D3F594B0FFF728034DB2220E104F946850F8416E90FCEDD3A5EA066A3D68E1B2D205783B5BE61ABD624E50AAD5DCE96D0EC193B44C883BE35E4CF4CABF9640A50C5B745AB756956C4CB3774282EB2BCC4C023B751721446297D4340234F73209B7E0417FFD0095DBA778BB3AE51DB821F40B38963EC53673540BDE0E4F8AC17F303CD9A0F724E73777F0C6A74BEFA3496171584686E13D0239A6B09BB9E3AAE7C0A49FF8B1526B8D08E0095DA7C6478825CAF377D4757996D13B3D2FC62E9BA19A8011DC3FC37CCEF84BF5C4A06CEB14B1E8B1087D4AFEC96D63B2A367B631E8F30234B5D5C2A438536B854BF5811484C7BB8A47C2FB77484D1098E76D13B9EC44D7FB06870466664162EB0C20D97F7F1F111C66518430F52C8909AA685CF92F1CB8351C
T=0

[24]
S=$E57BCE4
W=-$2BC0A624EF3F8F2EB58C84D442B8E4774DA616D735227AC3A79FAD2151D0A4C580223CBD1527C2AEEAE20E4D96652C084627B8F1E7401A609C570913642A1E028A53D804A42C59517D40FAE054A484EB4CB98A77F1D068915B02180EAC015DC922674AC527AC2681908D2099ED3090FEFEEDF8AABB2EB6350908862EEE4CFDC0EAB4C9323E6424AF9B70BF4E7E9A76095177664B370B9AF6026D7C2B0B4DD63499193FBB0
J=$19EA6FE88128A18A6AEF64B3F4B683FBF87B94639C3A5172655F904781CD8A507FAE098EF4695253BE0EA0FEE062270E3C381ADBF8AB4874A183939043E3AC67DB806ABE6D550170C83F15E3D108F234ABA73F4E4FCA560BC111E4C03665BBDC7D74B4E083B4570F2CAC3236609EBA85835999E32F262958135245446E39C46369AE3761F0F59158E7B45DE82C29A93F40C5D26767A867F4B71875663FA1F165133FDD495072B898385B7293DC512B9F756886EEBE1FD12E369907E76946E69BE68372C8B8E4A1D6DF570202EBD3C5D16A3FDB1BAECB3B5D4DB05B7E32CA72C237B2DDC42640E1BAD86C4BA480006828D24AE25536DB09831C200E775B480120DE439647376688F5A136CDB184A88410C896523D97C1C09B07FFFBF8BAD90BCEB19630499009ADD851EEDAF64F53FADF7F1C50A5EB90EF220D9642A88B247AE0435029F803DFF47204
T=$1

[25]
S=$1F6A1A0A
W=$40EC0D61FD72589F5E04C69EDDF4CD2B2A46172F5EF3F4F59772064DCBBAD4B2B643EC2827A179A8DE4598B791FC98D383FE52322576E06D07E704C478C2BD26324B7E9813AFD1C3C4B02FA769D08A8E01B182AD1BE60E7C9FC108DE60FCEBD808E9949C65289805F38695F9CB81E3AEEBAFB81DC15D8501D4956B9696B25140B8A27FFFDDC02879C31F50F0DDB1C331DEDB50F2F347C30A59EF3E20E2F5998CD49ABC
J=$9706835137D45579017576235959FC11DF784B6C610E840AA4F01EAA93BC2F19A403014D8CEFCF50BE8A42B84038E41BD0FE4BEF87F94C211D8A14574061B13D369DFF5DF839CA8AF8CE030AA98E09909DBF6F18BC6DD93F803587C623EC32FC7C8783F443414C8CE14ABFB496E8CA2B5FBB583D93B34F40B82374C8FB61906819EB737F92870F243E61D7A2B856D2838543040FF236D7ED69164F2BAB5D85C6F9FB0FAED25AFE40D8AABFC3FE79E08E2FBDE2F2B5100F022DA1D025E30F917427F49A632B9C30CE88C8FA6574044F2A881E12E47413A90A1D57825BFB9C126E9D91C8F6868F8E14EFABB3B1E01E0F71A5ED27C6F89E4C2564185CF67A623D8D1C62A82C8C86A5261CCD83F1604D712DE5F8F06F354CD36EFB1FA7CEBEA66808DF7B5B59490A07D60C699315AEA43A48D9017C45874D2C7DCECA6011130011E14D01615B15
T=$1

[26]
S=$3989CF92
W=$741949B6D23BF2359562B465599DC97143A84BC78A21F3C24F8DA2C5ACAB87DC77670AAD3375B31C4100982EE513D2EB39CCFA9B31FD506E6FFC71C8915B2F81A4E535D69900E8BD1C59DD0CAFBADE89CD764E0341F9DE6A6D80307FDC225559E9BB6941578D8DF1F811EDAB46C08825581D888E8B37DAA04CF1725F57409482194527693226D4A86BA39064041364FF66A2867C642985A66955DA06875E5F8620
J=$84A26983E88FC74E81CFE8F112E0C13A494853FB7EA4CB1265B88E860DEA59FF0ED4C6FACBBA3E77D122801059C3E92CD23F9C7AD56C8DACAE9E3991F3AD8DB6B086562C508CB937FC6896F70ADE22E659DE5629DD1867C4420F208A2F1E46552BC25706E3B582FA54B72388CA2FF2F440F5BF98BD5DA436D16DBBBCEB86FDB3B8189DC3715E67157B9F5F30D84A2255DCD62CCCBCBC773A4E0D1828C39BDB3688B6CE5E28E1B9E6DBCE0A611A8FED16385DF14964B6B6806C4A49B751B7B97B9A427F1F6BA7ACC00EC589FD3DE6C3245FBC85CE21D28B87252EA5ADD47DE22C9D44A90B830B4A124A6974A040D5B1E995636173E7EB230D7BBEBD5DA5D8301E82C12CA6BA8D1DA983F7F7E75F99073F7C35D5774D195D431DEA8BE65BEF2620B365F64B112748AAD4DB0BF3CE5099B1412D41782B14DB03C1CCE21F9DE3CC7CAA2
T=$1

[27]
S=$19FF6
W=-$11DD9967547EF2C3608D94F3105420CA74235DA250D39D9CBE5AE1634186EAEAC9D614455445EAFE42D44E590CFC574E4089C0E713C49B2C29BD34CBC01612888D3E86DE3DB2C82CB51BA97DB9C3633495D5CC8E96A34FC04CFAAA5564C891C3F87ACC8CAB010813E0D12A2715448E87915F01F3691CBBCF18CD12B31C05BEEBA84E749029488D54F25FB08A9F9969105AF07E33D503EA6F9DE3D28D9883AF2
J=$1D9E706CEC87B1860269F955266DD69033C8A5894DDB450A97B538E7CF6AAA2E94F63B90270EDF567828246CFF33C3FA1C3835C8448AA7D3A1CD66BB8A4CA2AE2B855930DD20790170BB809F68C9354F127A8818F362ADE691D65629EAA62C6A0C865282C48591A7004B59C8063DA4CC2DFE3D8DAD4DCE6D03C670B59A8B96DBD275AB163B66D8BABF94729CE8FC19E4BF1AD32E7B1A099C02CF615D2D774EFAE9C646FC6A2F68CC47F4860EC65FA8D8868C640566504773D8E22D359F1B22A24AE194DBD1C9A16667EEF5C1C33FD42AD292F12BCAA0F69961D3D8E4F6D37F5172A2AB272F58D68CF883300E5D50D4D83AECC102D962AFD89EB694F87BBDBE19E959D35E8DF71F66EB5E0C04F4EF76508E5F7407A6FDCAA38A7251A6F50C7A9196CF5B35B3B9FB79DD489C073F457E67C7DC66D7B44DD0F6283C38A7AB19
T=0

[28]
S=$C905B00
W=-$105771BE539C1D6995A159545F334C34AF43273235C7AD8A09F1A4B82BD24A78771D1AB338D403238BA31DB1D562274BC0E3A5702910BECB422E8030A11920CE2F2BA7725DB7D1AC395B18C9F14168B33642C810D741F54AFFFF875EE54C98F59BF6A5636129655376849CF3A51B1D0D3099047289F55D585F0BA40061FC3D18990DA1E35C72CC4484D5BCD37AB6618FD638C92AC0A8B7A8A5A9A88868B8
J=-$9C123DF3A0B5582558B03563F1B5734588E7CD5B38FC1AAD75FACEE81EF72DE198AF120F032CC2C5298A32525CF8223AF00CC078FE4C9C86FFE306EE40E181C764FAE003B9D4A348BB54776809A0DE9C6AD0E74720305837BE081C3D887D656555B514EF193EEE8F192C02883B95B12370E8ADA87235B301F805DD124CBCCAC9EAD437F1A5619F090B5725A88922D71086B161C9E5E4A804519C046D237B45C6879B5D0985DB44F5834A7ACF15E7793E8DFAC1DAE00A8E4B024E801974CE4F9278FB9D68823983A3EDA17B320764700DBA7631D0A0AB4C4D62A4F0C226EAE0D341F877BB5C95FF0AB0FE68B4EE2ADAB54B107A3E650A4D4996270FF76E6672066CB747A68A4BEE766A0A5F4DBF34BA0866CB02ABE779B1EF0CAB69C067D428DBB246DE26AC32B763221F8550008804AE020D6B035CD4AA62E530F36
T=$2

[29]
S=$19BF47D
W=$56AF038CD45FDED239BDF03612EBBABDF2C75E220738E5E931CA4512B38C6E77E15ACFAEF406903E298F7E07AAD831C14983A9BF2652C1A50B3040C03B9CD36053D57E668DB9EDCF2C67F7D7CC464F7CAADE314BEB594863C2FAAC43E99FDA40A95A67BFC3CAA812CE525F260E616A817332A2A184F804B942AD2A5A42AF7D389584BB5A098EF1CCE67865860D636D135B54677FFBAC03C67D9F42993
J=-$C6207BA3CEB2212D9FC54EAA9AA7F43C16723741216D8D90AEE5E4F7ABC65C94B63CA5B67985C44E645389EA4C0C0264A0FF29EE62B2AB3C528175E0B5339414158526C71BEF2F42B76EFCCAA9C87216C88D1FA51D2F2468DC4A0C6AA78D0BD26D2305A96980E1BE4E6B96AC1A1954E0443E3EDA39D6158FF780DF675E21C16937EA08E10850CE44EB6FE1F5229096CB57CE64C6EADB01A03A724D8BD4BC5D69DFBE305984BF37E74988A31C3252A56CBB617754A96C9AB3876AA7E6B187C85D6FA75101B89241DC3C82DD8AE5C8E2479B33129A467E2C4B354C443AFA30E40E88A79CCC995FDFF09C287442FB99EB1EA43E3ED8CC99843540588D9BDD6589E7BE80FF0C78628986A2D368403CA1556CEE67D2493284A5695F0F0BEB13ACC0AC6251743781E4779FEE068F10E427D2EB27F261454F9316D4
T=0

[30]
S=$EF9
W=$17FC74F1F57E54355EC069890FDF0C8F7345A560B00C4BFCC0CE96C4E2E308807D621B5C80A5973F7F18D6477A55568EE8FB4718709BDA9B695BC41EB86193E8E23F3DC03C7BB2524DCF95E05D654694F359D8A359BDF3CEBC98EDB415C10BC51681FF978B17A5B4BF48DE5E7DE7155557FA22A804DD370048832FFF2084D730336983953E277E31CA6E0490C967F993EACD105F69D2364FA27B07
J=$1E542F2EF40819CDD45ED14CF5C2C0B0F85B72C1B7A293349D1703E9622BA4676C4D0D5D4EB95041854D80D39C9F5525FF3C8B56A2A5D9F903D5DC26B754C7EFE9C3B8209E14E94D9147F6B1FA71DC335082A4BEFD9C6F96D0A6773CC383E330CDF7D38C68AA75402E0D1E38216E33C9DA019885DD2DE38B40862DF5F63CA9A5953C702D8E5D74F0DBF06ABFC8DD5380CF995EE6F7E1822837F7A4C1B1105EDC7C639073CE7968FFD640817AFE29B973C6101FE9A8B1E7E8AF02D1DA2C01B3BB3ABCB7C7DF970151F3A7BC6DACF2F417C4DC85005E63B6A66AA31378370443FBC35717EF18D1B57DF69100D9DC300048A48CB63B48EF1CFFFA9AD6A4DD39C280B2164034B4BA7EE7FC2B69E32B8805BEA29F9CB1D0F44A61D7171FEB11EE789968C9727366CB118ED333243992583119A3631A3C838
T=$1

[31]
S=$6AD46690
W=-$9E36E0E7C239464E6A4AC1E7BB0510230E43C83209D9CDF7515BA4317145A64B4BC51014DF526B92F15ABE95AB8AAB26FF0380EB84A2F6D01ACD53357E6B909D3212DA3185538B42F7FAD9D4682076FFF63CD3AF5DE7EAAF32196E8CCF8A854F6128A5C7B605B4FE8EC4E936E385B9ED80AD2A9E789A15040882723197CC5334BB110361D51A88CDAA0E96923C059470CC273793BAA7BD8D4DF6
A=-$1E
B=$38
T=0

[32]
S=$80F5EC2DC0
W=$1087669465944542A1BF7985F18CEFA6A2AF0FDA0BB4D043B362C28E04A9F3489D4FD74CD657615A9B229331062FA13C19890A7CB2DD12FA6328C53E9F9CE2396819A2B4B5066527E07CA893ED3503D477DD2D5A868219370520C0C4E2B8617B383EE1CF3B889A7B21879FAAA780279FE2E7DBAC7C8B6F2C698D5403175E7FF74B3490AC8EE29B1628EA4D8A6BC6281C0C8C03BB7BCA7B9E2
J=$5795261DD3AB860B361B15DA397AA28DE6B8E2B98123E1059ED1FE441B9D6206E62673E258E465DE37E22B83B387BF27DE95967AE8146F9F3209BD49009495B976CA50D12096976EDFDAA9A33EE4F64E8CFA86DE9366C5D9CE5ECCEAC0D2325C2D35B4FC1FDC8BF2C890B18240E9194EC3160F8591D555C24BC561DF06A176C0D0A16FEA80BB0B5A7D0EC90BB91EA2C9A761489EE4867F8F2F164E859ABC1D65A406E49FA9B35A90195BD0C1038727B37E6EE21C469874D1B2B31A460F5E975A7A4B713F14830C80EFA9039E03FC84D9A781B2E52E2106DBD1099C161C099FF2E6D86934B85E62D08547E4EDAB2D573E50DE1AD4126A36834E1382514B2233C4B62E30D8038EE6FBC422669FDFDCCBDBA14DF60FB21A1AAFB9029757CE90102FCC7C0055D6971E365FCAEF924F270AA8
T=0

[33]
S=$F5BD34A40
B=$2

[34]
S=$B
W=-$A6599E317590E134EACD20F2B8FABB3621942F5F3D5C65EBBD963146A802C90CA871B9A4843F7C41BCB2835A286F62B77CCD449FE3E943937665882D60555FEF4753351ABBF20188C37BA205C5BD50AFB8183B89F5271043723C42286771DA85BA807D4AD813A336C5904D65DE63F53FB4101BB19448B95661AE1BFDDA6059802F61BB043B4159D4881424B32AD1DFA46FDB225
J=$31AF1785E382E9EBF7671112A031E6C38D389DC54C70E57D591C89E65D0DD807B7717D323AF93C3440C3819FB1EED7C37A216C7C1DF0974E1CADD2701AD084A5F0AF7C8786E2348DCCBBAA51EDD8AE7F5AE73656ED80D6030C3F93F43385DADDC7D6681922E5A5716D71BFB147A7B8503636754EE40FDB7D5893B84EB06DC7C64488F905CB02BE96CB0F3DD9318370ABCA942A8165B47E96F510751E5F5CCF027FCE580BA8F7737EE26AB258D3C2AB3D77720DA1CB298A7FE62C5685FE954A7135EF8E424AFC53B5E9AD0B9D1D850EB249002D4CC6E62413BAEE8CDD68026FDF725D3D64ADEBED67AC1027B53DA159CCD7D1E125F91362F9AC17B5DFE366ABD1FFAE0414BAE4D530020FC0F977CB26DF807E69A9038DC3BE09DC520DDD29F791624060DCB9D10
T=0

[35]
S=$FD2
W=$21048A6641B2F3466B10048E75F6060250FF9CF5021317C1D3870F158246601838C3143F2DA215A693AA0D86039C09E6255AD9DF439F8D73CB5ACA90863270873EEC7F2B8DEFB9D0D6A3BE55ECB7578E98CDAA64F56CDA1705A55A499A50569043262B045149E7D2F76DF91948FBF8BF09215B3657667C38F1D3D5612C27288CC99ECD0647AF0D5B523BAEEDC262C37DE5B0606
J=-$9C1950EB349288920329E0D0548EAD4A03C562121425C5CB11983404B16C49FFB0B9477D0FD64A4DC2E64439B68D1931B91D9C1B01E85177FBB658151A4BA6EDF86C3AD218E77429921986B42204916EAB84B2DD0BFB2C8CA5ECD615F674565D1B4B6938B1262444673D445E134DE54483EF9388463E9B8D1E70DDE3AF10E9514FBAA4360B44282264BF88992AA77824113BA236AE0C137075CE404345ECB236619D344893EAE00EBE87FF1E3EEF45B4C6BEDB0D80A0207F6CF5DAD3D866CD2CA61363444407BAF2495593375FEDDDBE770C7433BF7393B51F1606E2725D4BF78BBD25BFE9CA7F5053ADD3A148981AE2EE0BC19373529E1178EB56214CFA5F0A823F5262F1CF785F160F7162360FFB702AD8271DCCC9E74D0C250BA30803BEDF2DDF4D587A80
T=$1

[36]
S=$E0FC
B=$2

[37]
S=$244EA54
W=$C62A3A0337D6F4B34CAFE13B7752A56ACFD5E04203B9DCD3CA90828AD3FB70CBACDFBB51969C715C84836E3ECC211BCDD80AD568718716DC73B697BE8892136FEA67DF7CF6CB5D83C9155EFA88691B8AE6E34A959BD6A213EE4D6AA72BD14987B7951936B4BC6815F265684B77BC7476B4FDA729D7C25D60B211976A3B7D0D408C5307BC150E5E41D997718C9312958E3DE
J=-$DA7A9CEE671ECCA44177DF349481BBC1F2E22DD92010FD6D133050CA836335A0EBBC7C82FADB88A1B2C50E9445F6BD3057E5C65F53B592C712C98F76EF8907B265E0A189F427C084E0388ECBE362F3D7468C5EC4B4CF6103B25167904A264DC0A5DE61DC4324557A362B63989CE0BA4F1F7E4FA426F7C5818A4F347E0B492AE6232123EBE6EC9E245334459109EE32F19B1A2CB5CEB0FAC05C6333295E2169D6C89EEE70284AECBBAFFE0016788209399DB63BDDB01894FF3BAEA02F2001FBE545BA87F796211851915AAAE0F5CFE91094F1E1CC5A85C2BBE6929774DBC3097D149187B2EC7CD6BFD21674CD94CDA9E5B10E5FE4A3262A2C46F017B99EC62727FF6B125242BDE91049BDA1D9EC1A13AC95C7789CCF2F7E9E4AD5674BC403D9CC91736
T=0

[38]
S=$14
W=-$8F5C3B37D41D068B662F8763489720E72F5AC687BC1CFE9F0DE6548BFB1B1AED32988C31FE49A74CF6C4859ACE2E4CDE5021E292F59325069CAEDC7C6169325CEBA661B3D251147B6FA1111EA7B171F25C41E3BAD97E2DA7AD36BCC9A86430F4B2A705AEB49D61CFAEFD18AD4A01561BAAE639276EAC46A6BA5AA566EA985EB612AF205778E6D977120F32EF021D9F9A
J=-$1CA775CEF7D9C83ECBE278B24616FC1FED355AFCDDA29F3BEDA46F60AC29EADAEA333933C4AB20DA1AE2FA5591050C228E351C011458872C2C60732978646D02B055E28E4A9702778143E652046EFD929B6DA5D7DF03F624F6FECE6F6D4F731F9F2D3DC6FB80966C9EBA736EB6A25ADD88CF56966384F44C5DCF1F74816DB494B615F815003B2D1DF6155F9F786AE6DA3E8F68D9D3037041CFF9340EE6856539C0D2EC73D4EEA7C1BA80DD6ECFA009F85C0F0387567D55A8EB46731BE7E560C9629BF91DDA8BC0A643E3A1230B9A1491575DAB20B848D364D605965AD18B265A89C2BD06E6BB3AE5035F24D0682FE50E64075C9CD0D35ED8EB44D27A5C08683130F3A2B755E17BC21109F8AD29A6C96F4BBA970A7A5102D38A72174567C32A2
T=0

[39]
S=$12827DA753
W=-$2549F46C74709B68C9057E4E8EE65DD8AAED31585B70B6C3FE844E6ACD7058C91D451F4FB76E52592A70EB72E91C640FDBC2DF359FA76594C7A31294733E47BAC4B0C8325BB79D7E1E0E0C08C1877F99EF9BA4DD5D3E7685CF78AC8C60C7F3E551491242CE61B91C0643959D4FFC8C9BB84552561DD8B9CDFA7E6DA8CC196136F8FDD937A44569D7A38F717BBF66F13
J=-$14534EBC8AFD9FE01AC67EE1E89D27A7DC8FDA59CF749CBFC3257E04FFA7600C37AADF8ABE930F79D81C882257F45C7946C4678A0C9CB6F79B19BCDBE701B9CBE98050855A73B6611EEFA845C0F12A4B8BC4CB7EC4D95561F4CF0EB89C21F1A2849D6572DF9AC16D6DE139730DD81A532AF888315608D280C4919FBD51E0CA7ED92320799C57DE5CB6643F408D87E0DBC964B1614E1333D06A149665AEA0CB8665C38DBE2B5379BEFF1FD839C9CF47C282CF56E59E7BBB856A5A4CC59F9D7AC74AAD1E2B02E4437153C70F428598B26CDD3831A976EFCA825F00387C126B01F76DB038766C3E045C1A6A3241EBAFF1FB1A6DBA900B33FF21861CAB5433573D4715CB8946E6DBB493987229D5D6B24208A7DBB2DFBC11920D2259C0E50818B7
T=$1

[40]
S=$1931
W=$784268F626F3E52B7409DBB91A4C1A0C2DB8FCD1A6C38CD2A0CFBDC7692EA79D14FA3F1EA801159C330025A6B22D91D5659B89FB29EF8A13D5F7484CBCCB2E746DD7E282A98D942382507CF705616D09568B4AFAB85B55BB62D32472F7E9CE2AA53D0C57B6D494852FBE15624F45D8070CAC666146B52A0CC530C63C57A6997E1B9AD883D865C4791EAF9E4BD41
J=-$4D413DD578F7304499AE28DDE61105F83C1F05990F76552AD61B0F8B041CED12624A2B01D73442BD7DECF6FBA70E19EFE3E1E624B184D9EC44FEECEEB64C01CB90EA744F7B2EF7038009FB46A69E4BA0525689AD7670A3BC4020BE8F81950E4547E945560346085F4CA29A1483346E945B84C025427CED0E5D9CCEFFA594733C55344B6A5A968B5CC1FF2B73B25A1A995A9901E6F996B93C3C6F3B5029F554D8B5E5B5A9237DBED44E73EE6FE70C7AB3835911D8C29DC4B3BF0BFB503AABA29D6455288FE27655A43C72366EB52B4978CA4BBC5BAA0EE43557DA9EB1C3559FD6F3499BB5A148ECDDBFC2C6E8AA44DEBAC40B2E7F23298D34BD2C8672EEBA95E4D452692E215F60E1EF7336A4C81E348E4CC0665FE991AEE01C3CC
T=0

[41]
S=$76FBB99B
W=-$D108BC5B13C42B47ED9DA53975E7EA78384232A734AC5E0C5E073C4EFCED83C9A9FCAA1BC8893C5B3B03AF26A952322AF1E3FBFFA7CF8FC99C29EA1D09F8B0EF2B8A5C33C3EA883BDAA65F63ACBCE1BCF785680434E74B4CBFCC29D559EFB8662E503455C1F5C390135460033ED7C295C14EC7B868D5CD22B7A74683CD5F37F71A364FB8E54C3CC02FBCFFDB9
A=-$D70
B=$12F5A
T=0

[42]
S=$1089979DED1
W=-$ECCF140DFE4D3167EBAA41285B362FC7DD4B8846109268B094BB13ECBC591D12CE62EA9E53F5C970D23B82A1C428D8306635E6E8404F10A0B7881A2BF59BA4B852A16CB039706E51E78E9037D2B2C09E9427C8555B7FED1C69D287DBDD6EB154A3C73B7ED724B67F260E1711741622EB747F922EC8004AF45022B257B86B7EC263EC62C30E3B636E3E8AF
J=-$8047E4F8C83746A831404807C73CE96AC39DA3ABC52F997CBD676090B1AB12B3E78B5EF8735D9BFF5CBCC32334D0C5104D1AFE575E646CD89487FBD46505ECF9E31D575C8ED5CF685310DD6105319A225D950003BFFCFBD17A90797B2107F289169161DE1A452C9E7F5A8E71A0018C6C665F70B518FDA654F841478E106A00331DBF501D7B836280A043F2261A4E4DF7D12B6F023ECF8D3998682115386EA825B41B608A238FF397047DED0EBAC9101E58E6F52B0961A162B3934ABEC2EC148ABC5C9B7E5AC3936851EABC784ACDEC10B834034E941EABC4CC0482A04722203D1FDDBE59ADCFEB914073656580F231619E1AF0A67C07E7C41E52A6E3F84CE8E22FAFDE05681031B30D107464B5EE06F7369F53F5F3
T=$3

[43]
S=$A273357
W=-$51FCA24279B4C8CFAE11DAC4E662F26F5496F96BF0D7B37D388C87E147F365833405C4DF9A4E0BAF63E537B080C80A766DF3C846D4891AFAF5012157C68F9B7DCC0BC1D1A05C552F617AFA0F20B972F0750ED14A49A8A9CC76427F74FE1FF343009529B1E8F2E27C21CCD53561DA212EC8E992975D28AE9D620F866653BEC2DBDC0A4E3DB96E2A09
J=-$58480E74D8443E0E07DF203CD2BA0DD1A497F52F7DEC0E0212EA3B12CF447D01830F2C25C747FEB3605024FAB0C5D11819C1D9E53E373C1CD02BB63C76AAEA83E33BD74B0FC3588713B5B54A4912A7540C40284FE9FFC3AF84FE1CA696759DF91D17CDD5F55D7F192A620AEAB57B9945B59F81927C12F1D8B7347139997473BB6CA8708E9559A0377461A267FBCDA0FBB12E52187A2182B23C98244D1434898AD345DFD711EF17045F05E5DE733A92DF4417410BEDC305181B8A74E81EF3ADAE2198D84BD552734BB30B6F6709B4518FF30C69CD6193BFB9769CABB75E99F7E11650C3B8FFB035950F1ADEF2BDBB9962F65E1C2EBD35723D6D7C4D50A0302964AE47F166209161BDD7012ECDA6E9D2D9
T=$2

[44]
S=$1DC85BFC
W=-$5F351FF8AAFC112662152D0E65725A30E807E70FEDA3422C87CE90302AE386BFFDE35E4130420C59D3E20E678B37B98AA8DC7EE5DFCFBF218114B6E62C5E70630BA046BC7078DED1228B9CA1D0F9CB7A46FCC0FF3BBE68330AAF80BCA0675F977C631E7AE87E7893692946895DDC2B90D5148B69AB6806BC65494D1ED2DCEBC2CC6765853FEA4
J=$7606364B789606F90B78A5FC6CB36ADE828B63825DC5A9D802F6B6A8DE77003D81BCAF84A2D1B6698C97149214D81D54DA3D5C47DD30A20758990BD5482783E387753454D5983AF3C4FEF1FBB9B0E83CFA1FC72D55FEADC1C56AACF3EDF0340425513E2281E73DD62EDB0B96A38C61D71C6EBB1799DBEC4CBF0D9E4FF652DF87077D8DBC73AFA214616DF9F4427E6FE4CD19D6FA8DFBE6D029FB9801DD4840ED103E9F1BE20073EFC21EDABA1921954C4C1567CD9F35BC5265FB8119D2649BA77AD99162398D75421271E0B45C7805FCCCC17DBDE034FA7EBC8ACEFE3C5A5EC3DFC77BC54519CE2109E9A977DB93BB9FECEE35282FCC407CE1801B7FA21CE46412CE76F3524DED0DC6596958B
T=$1

[45]
S=$88257620
W=-$1FA11FF39CBE1DF984B60D9442AA92374A68F5888FE17F78A5AC7F2A9688C9E32F105898F65B13B958D8D51EF52BEDDA900091E45B5AE7D0119DDDA0D423FF127D0E65DB4AD8985BBD1BB37455B296134F7FF6E442536D59641344461328599729FB80A44A93FECA59561CEA69B5BBFEE1FB2180CAB970157EC69B5EC6328401CDF0D3DFB4
J=$3EC07475714E238358DF00B01262D97F1334FA410BB793CBE1B5C30CA1901DBD292B349E57E7B6E30B3ED94F1F9FA0A2F6952A80ECCDD10C3101D2FD2730151DFA17A3D7CEFA5F8C3151CEB065CA425D924EB743B0B1DF9FCCF5951507B4FF516914CC137E1DE74B57E0D4E51A2FD939B349C898976AC9B15490AA8B40525D0A8772FBC604DED2A4794AFABF2666BECF056525DAEB9D7D254805D7AC5C0DCF4BD3EE1CDFD1098A39B9B760B610CA3773E2C7D4F6D381FDDCA06BA1D3919C2151CEBDE263DF4C66FC448B896CCB0BC00528C2F4F038C10F3CFE64E1D22D4A7F617611C16F2747A5CEE3931E3878B4C72C5CAB90BBC79326DEE1176007ABC479E0C2DD7EEF5BE75F9BA3
T=0

[46]
S=$B49B5DD
W=$D28FF687109D26F011A46B630110C1B16E669C59DC0669721E150686A78EF5069F3D8A6B81BA8546B71024C6F16CF32B3322306CA23A0E791D2A693FA203839ECC1FA83512D2B2577EB084D8099C7C737769ACA06D6B4CBC6A0D00869495B7AEE55175B0331EC92A431A7A92CE4D2DBD5C0BB7545F65857F78AA471A67BFBA802A6E5
J=$DE279333FA2E98E42405FF6B143F1254104BE8AC736B130A36122FD840C004A1656B23054E64A8FD54AC36613CEF9528C7A002C172CCD55A72057BE52E41E38E22642E2EE52461127067AF4FAE7F8F7FCED73479D90F654E15E9F3AD20812E4815FF53D4FCAE4333CFA644051A82B05F97AF0660A9C0A4F80EC3AB33B86120AC776E4C5265CB6BEEC2189C60E0431DC04675059AD2A90C47EDFABFDBF9B9D51FE3E35CD1A6D3669BE95188AB87133770827EEC124B7A22CFF0642C95D19860B2F21989B0CADE07D22B72DA38BE26D8D44FA991A506F93AE8F7FD54589D235B588C3E3F1497055488CDFABDC456D6F321BB824E803D5A3908ECE7FEA99FFC5A3301AE3B0CA3
T=$1

[47]
S=$B734A352F
W=-$58B3F4AA3F97C3815F66C8CE941090801FF954F5EE45D90090ABD90F5D824BA9D65269BAD19EA77DBEDA5BA9D2180F033AB8353A3A5F5CE641EED60328C7962213C5F340A44FEDCB79B0E44641E6A1419224F8DF6AA4E4374F9150A05CB685968AE612D18C3418965ADEAF638B6D9DD4BD77FDE342978C6E83B7A87E983A1C786B
J=-$768E2ECF64B9199BBCA41B67B7A3FD14485FA4FF613FE715E6FA4F182B0EAB155A6DBDB7527D09D767DBC8C4EABB91C1C5964F7A38831DE6F59FE7B31E6460DC53A9A033E2C89BC414BD82F9A3A742E53766708F2C4CEFC6187EE7E147F900A33A7CF75FF076D6DB9C1F962F52E9D905AB431C67A54D92ADDDBCDE75A29CA11867A722226C374309758E96CF834D58CA417272429DD37772128439B296E693744867F1D24E6CD4C570B956B38C75765BFE4952CD83777AB6CCC600D38B042F4901A5C0FC256EF558652EE2375BB39A3E43B8BE3DDDC485DC6DCF1C8334F82B597B5D3E9EEE61FEBA22C6A62FB558EDA681FA9A9E108F58243A726F9630637ED5115
T=$1

[48]
S=$6CF0912B
W=$1AFA99B8B16F11BE5386B7E309188E5B50F3497F47472B861443D5F1EC227B07DE88F7FFD39190924217A32EAABE288B08F712221863734CE68067956E4EAE4490851BFDDD12BB01F234BC3B543E9054827DBF925BC4B8F1317366B6B8CAAB40E8674364B125B7115E246B0252D759E9049E3B17C7964A82E6FAB5FD444B09
A=-$98
B=$2D2
T=$4

[49]
S=$20FD0AE
W=$4A372D31A13AEC9DA198A780191636688FD33A085CDBC5FB0F92FF81527DD57E42618A8A988E32130172DA05DC38D1C92777FC122CA19BC266EB20CDE067078F73A91B7D3F83036D97F1F9C3739E435C428EE559E785C95C65759F594B98ABDC565A9E941BAE6552A1972140E809500F2F13E47DCB163B9845FB29786E
J=$2932AC5A45B44574D3762F9826CA3DA1A92310ED1C9469CF2367286A591A602FBAB86D26A7855C0576299EEA6604F87C625083B04C7CA1D4B5449A153A1F455D188456A5FC869DB1E2C1B6410897AFE7D4A178C7C408072E7FCBCDC93C7E074CC5D2B9AC8F557506A35E8BE74949E1E40759AF0DCB8B37FE6D6A05A89B9D1CBD7D0F28B4BCF772C7F6F439DB3BA37758907A372763E513C2C12CE37EE0719438A0D175F9C5A19B67940A70F9A7C665B20BCF2089D2F636BE7A066EE6FBE72C7BE9C841B1F50CC02901E6670F1AC140C7C13EAAC0F5BDB523E509EAD8CDCB89DBDF69846BB33F1A6EF38990C0BE9B703FB0196C88CA8DC375C1
T=0

[50]
S=$D50F75C
W=-$3194F11278BB7516B07C13DBC437A4A407756040DA0ED6F546DB47418C6EB02F8FC480E18C2BCDE0920BD1B0166F50B77A47BBB043ADF3112B8FCD99121D715EFC7DA8595F0F362B1F4574F830200C67DDD4F475082297491CC1780186FD6BDB18F19F99870FE317173FC45965AFC911CF6256AC7CAF4E8FEB24D54
J=$1C4D61968501632D1096AD08FD494BC0CA7889831C035033AC71E458FF5372426FD2678906978BC82C36B72756E9FB043EC0A1BDB6D7EC1481F599CC05A6DFB7002F916D44DE27ABD78D44D6B6333C79F3880ADC2CB33B4931B6A40961CA13CF46FD2C9887E552F8A1C780436535C82CC3956987614D2350CDD9EFAD01A76E385C91D73C3EB61AC9FA1B3DE09FB8155792D45FC1C969728A8F8E2E6EB4CC38A25468C55047892D9AB93F28D5A64EE33F910B4C85D91A3AB22350214C1C1CD7E3BA31D9E65E3F292C9362A2CF43A812096529DC7D62E41ECF74D89423CDD699BB0002BE058F83F13B6E07EBFBABB26C8A7BACBB028D9E6
T=0

[51]
S=$F7670F891DC
W=$EE4D66EBBADF53C9F5AB934E791CB704EFEC7B996E36559D28856EC2E50E7503E56DADF660772F2BC6A80B7F5CF1563A492D11575BB7F3B1910EDD20CE76E8FA0022EB794C4F5CD113D6A7600FAB6703E0D99C55A2E47921438E98A5F65E37F38783E442639AD418797E185273343C63C58F9FD49C58FC7171E
J=-$4975CEB37597745CAC708C8B09A41C015E8EEE7FD9279522611491631BF59A50345231F31A7986EF4B33CCC5B422E526D023406CC7EF4318460AADC9FFBAD87CE30D7FC33C19FC1CCFEA06CE6DAB9E983FAEC8FE3FF8BADD046E9EF3A58187D59ADB59BC3B5FE88C22DF2C3D99853135F249AAB1FDFBA578F7AC713CBE1E85BA85650445B7C1DE88B2975D43E8387B0050F6DB6FD268A41A5B2DBFD6F859E6A4B6E55D534616B0F4C2F5CE82A065F6AECCCAD1B01F6D1F24250AA2DBA6CC3546B248F97D27D238802661AD826385E1C7E7820181451CDC83F40564EC9EED39FBAC67C818F7613996B319481315DC0271AC208
T=0

[52]
S=$A421914
W=$3CAC66089C7EBFE865B4FE68E8EC624B5B82D2072E487E147E7A2B9320A24812E8361A1798398804C8F93BAB5F2A77E03129AD601CC933E63CF9CAD4C5A8DF99F79689CFFEDE7C620D9E6AEC6C0F3B0326E311A41C7FED5E4AE7EA69E694B10B54C9E14662E61D11F4D90F3BF49DEF71B520AB488DF67C
J=-$1FE98F6BD333708E4A2DDA5DB687ED27D540B84ED8E4877E8CF7FDD3D37D4BEBE87D5ECDD182A5D5D69C5F24067B25241CD0FBC0B415DB1F1D717C04A98170C4D0D15F8F8618C4C6034D8697BDEAAD8FA07F3095F362FAF5851CD4F579726A4E1611755D521637D8C0C78A9552F87365F6CA2837D25AD986DCC86B5CA2AA0D171753173BF3F0027B1573607CF9A0B92000D89226C02DAE7141FAC93CAA242B9BC1FC54C5932F7927F88E4673613CCA0781C2ECDB36B1225299E176F4B37C3D8FAD1F236F4E94E3229EEFD5CB5043526488A95795B23AFD0091DF36DC83AB358D4E695AFDA019F659D580D19A485
T=0

[53]
S=$7B4E8330
W=-$372D414EFE14DB07EC020DE5F737B2556962C01E7C16A818FD80C29BE837BF6115385C819B0B5162CC8F73F07D0474132235FB3B0AF4B6367D36F66DC6A008F14FB0483C50146C19D7F2D681455755CD2E956D053AEDD86E6F9CC964A323B8C7AECFB7A269BFB0A6490C228583E6D6EC0559D3E682
J=$3B78860DD28967F96DEE36AC8B75CA5895532A6A0C699E6EE36749CFB29B6F8924F0ED2F14110256192E9F509E0B9607C7BB17C2B38173C21FD24BA77117E20200BA2E120D6FA81E78D352CF607E1F9ECDF8507747F2B8AC3E6AF61CAC16E13A46D1339D8CDA6BB728A638C0A3ED55C748711DD2BE24D35BD80902197979094DD5B70A3FB732A44B3689A0CC7CDBE3E2A35B7A57F56BBD529B3B432880A3B4E389BA9E1BD01D61D25F866E07024C5E4B35CF6C59770512EBDDD9F3F615327058B1CF47BA9E70F24FB48F85015D311352BEE6471E49004D20F7C66BB7E66960106826511BF2704FC6B99B
T=0

[54]
S=$B644FCFC
W=$1FE81A021AFD57EEC1A8B6C6D2E65A2A47B81B21A977F3BF89D397B803BE0B5CA2A8AC15192FACCF65C9797445BC1C3B09AF0DEBB88A4E4F14EB86489C8D169181519B8494DD4E8A22853C2CA1460E9BADEE86EF91CF47B6B4B27E43D344310E2827BD011E4AAAEF185B12641D89DF3838D4668
J=$7C5290B382CB69328C693010E814621200C9D47690A5956E96BA974105517D10DEEDCE936B4E024C312D4C7B94161DD2AB648D4DE42B353995FACCF8567DFE987D9FC0547859FB9C6D27401D29144D1557F74DB611CC7D52F619D04EA4A92A8C10FA4B180C3F36B97623D6AADA3BEF44CA9BC1CED366BB4203A507D78CBAEE59E744E6B315D80FE1648C43C05ABA340F1D5523800CEB7A8FD58AD98457531D6D12CFE255660A15F780D09B3741B5CEDB886B2C56CFF1B8970060EBD153ADE38B8DEA43B565AEE4937C73B0BC6DB9B2AB786D0A4CDA544CE8EB218BB6E9F647EE242E67040AF2
T=0

[55]
S=$90D74FE
W=$249C922D01802334800DB17D01438C70FCD91F80663BAA4AF3A0F97E478C25ABBE540A5FEC6FCFC9F80F4A25408C9D570887A4513F98D090DB71E409097079E9ECB569DB5999AA62993F1A197390FD10CEA0FD6A126201B82C8DE8E44C8B105B0FDBC6131A60678A8859B2602384E87254E
J=$B2FFAB64776595A8D2F48E61ACCEC424DB32743A9653BA2B957AC1E2ED7888C6C9B3A5035BE629037C5AF639DB1A732C5120DAA798979023AF1CDDB214B49426D3DA286AB12F63A46C7CBA59ACDD6714C0FB8ECE51D6CAE4749AC376B5C4ADF77541232189C9003070F1F851B84E681F89CE6047DD1F42F88D09D09402CBC75C547AC8CE7168E74371281B29EE7091A501FE5E9DFB958BBB14A821F4ADE93CCAEA33269685E2C435FADA67BF113F1E2A73EE6F5172864D37B358E3ED3916C0F25DF16BF8E98B547E893D676B60E1C3DBCB3B5661FF7D12C7CA42031DF28BA9F62C6C
T=0

[56]
S=$21DF2
W=$50FC2404CDEBDD54CABC59F0F9B99A98F5BB3E13F875B8B9B2CC49393C695C52808CC590A9E94751E20E22352E88AA81192C1CA4AFC531A202AAAA023ACD04125278B5E8691F4DB03FF4320E3D6DC735054C6B19166CCC524C05D8BF89AFA9E0406D996030CCBC2D338BBE66D857FAA
J=-$862B818B0E657C8C54524251832A7DA7D5D98BA384959CC744741DCC48624FC0696EC480EE9DF7BBFC7792B2782EF2257EE062B243E1712CFF650EC0CF54BC44DAE45DA3BCDF8BD61438EF156AADF37FE5E02505AF038034BA53551AF715CC1F11FFA0B3DFA0AAD41F9E32A2CBCB260C1BD28E306DE1F8B943204E1AC0AC904E58FE707687C8BB53165D57B90AB6B8F34F348ACB7CF55E2B7D1B1E5C4BE6F8E530ACF21A640B410C174A9915E6CAD7502B92E4468CA001B719C885C6E24A70100536C5DDD8E11F4BA3336570EF8C68FFCA698CBC1AEB7478C595536F217D
T=$2

[57]
S=$14858FBC
W=-$84A1A94127F4832CB9277D6C31983AE77D27B4A4D3702CBFFC631E52A889CBBBDAF7802305445BD322DA51E76B02AF56AD41B57C292D8BEF950BF834FF48CD00069E07481A1E2E488D7295BDE9F6AE1FEC0B0474641A8C166770220A92577646D673620BE608F9908B30F0922A468
J=-$84ED00E791BED264F3DCF33260B132DBD3512F320355D33C8997B55004855F48191FCA57935BC12C2935591FD5826C3F045384057F4B178ABE385C29EB399D8DDB71FDA3334427297DFA9DB94E31ED3E878EA4BE9EC8148624DA0E7021205A99C4304B5026EBBDC808771D987F9FF4221F6F0E34F91A7E75CE1208CABB330618AA77C6DA28E6503EC6082589E73208AEF5882ADEF9D8FFD2EAB38FD292CA119046A26D534F6CCC13A1A847A1257A2316E355BD1D856FDE0A3E9E1B6E711C41D1E11D07848B810268C174D85E26532372B333BAFD966AD6EC573ED92D1
T=$4

[58]
S=$47CDDC5
W=$3A0402A6D48D5E6C3CCE79549FDAD40D826255ACD6C08C76F84BE11B5CE0353C9A7F902249F13E436E6F15A4A627B78D814AB9954E9FC327FF6C5CCA03497673CE3DA74FADAD5E611F4CADBD87196D6606D18DF63D2D8B32B50C2959E7B233FFEA96288923A289BB002F58665
J=$47672B6B443A51D9F6B1749A7FE9D239198D9F767FB14CF13D0A63121C4C96180A3C4EEE9691099EC69BBFE674C8272D6593A31A59F28AE9B7CE9E1CFCE654D2138BB6BCF6B9B88179CE62AEB5BF0BCD8A4DED68CB0EC196B58F63D9D543FCE6AC2070AABC2945B564CA7F2B0B2C5B6EE5D1AD1FD72D6C1FAA8A98A3FAEE03D184D83D401C67DF1C3DF08F589A2E7CB9C07F6CA95FEB33A440C1753E1E6C20BFEE8CE90FF8C86F49E5607E0F1C2E7D177A9AD2B66F74710F7816A5D20F2EB7C24A6736E47BFE8B8667C973472E11977D4B8A4DE7AE894F1BAD
T=0

[59]
S=$B1266
W=$28F112FA3F97D0D886324412BAA31AB4C6A276C18765A95EFA98C7B6D75B13F0DDF9AEA31ECE3EB510107ED41C30CC8C2A2D34E294C0455D7E85ED41D271450E87D0D37AC342B6867CDACE7B9E06FB75ACBE382E08FB33C8E1C8CE04D1E2EA2BFB7BA9D07709D39EDB659E
J=$179E23072241C611FE62B8E0CEE62691FD8BB631D17921028EF62D5BCCC7FCF3B398D9F3EB71DEC9A525B74FE0001812F7726AABB99BB42EDD710E51CABC503DDB3070E9F95E8DE8F829C8506786587138F08B5B0EB6F59320CCA0B5B6B1C635AA7251740655D1B334DE1E66233C6BA097C25BB0296E4D6F78D3B191F66FC767B847E2BB8A2EC7CA91663CC9AC0D58C6ECAD84D9965EA5060B77A47E4CF3301FD2EE9C552731C60E798F177A2821A2AD3D2E490B79031E488A4DF899B3AD90DD79E9260CA8CFCC7B8992CB96E467B7AEB798B448735F
T=$3

[60]
S=$99C385B01FE9A2
W=$210DA616924C5186D70A85C5E044A3886A563CBED827F4F802B4445725341B55942CE65FA361AF3ACB42E412037F9E841CB888F5BF355B311B7E95D4643FC532E2173F513847F61F008FA69157635F53C5CC68DB2F784E47D8ABB49694E403AC343CB37189BEFF26864A
J=$B89FE87C025CD9B7EEB645F433B4CDC29F1126ED91DFE2AAEAB01AAE207D8C6DBF26CBFAAB03E3DEA66CD8AB392B8FE39DD0C354CE74F57E4B8323AADD60F6A74FEEABC0529F2E142C07FE0183B6E56FCFA480CCBE63A4B03357D614DE04F3B005F6089A87BBAA7B5E54EC7437795DF485EFFFC06BDB877163FD4FF1252D8C5F0308AF5073BA563318E58EFE43721964F630AABCB1A1EC3A953764B9690912071929B13495116C36B817A12E8FEE6562D4DDE5766DF639B1EF249EDF3C506B7A79E0F332C25F5EC15F8CA8A50A1007AFDDBEB5
T=0

[61]
S=$C6EDF3
W=$77A29F29E7202E837268DE33BD589E4395D163ED1E93C2CCCE62B015FAAE6A5BC3AD7ABA68F86B340C2B8C3EC38A37F60ECEE56274E3F290E1943355E74D4C6C068D6F9431720FDCAA9F20ED771C92113932DFF0CCF60395E7FD3B8DCC60CA3A1264B4DD2667
J=-$20BF6B9066F672F75B0745F47706215A562A75ABC7A36DB710D410FE96EA10DB536565DC9CC443B1742908BF1B3B88C4932D1CF93040CDE5D9AF5FD9C4BA7061422A6EA0DC5071D0E21F633E2C21085EBFA9603362E92DEEA3D710914C40C41874D9C2F32A6429DD993198D5DAB2610443DD70C4AFD3CE6B72769629C56C4E35A9F6CFB073C270AB66205322216E6EB5A46EEC46FFB33E074522A18ACAAB0BAF1D630B0A235CCCD0290970A1F0EECCA778A7DD1BFCAAF2F4920C7046EB31C93B9EFE65CFA284BD46EFF4D8312
T=0

[62]
S=$57E8F66
W=-$214A66F72E707F676DBCCE9B5EE433E334B4D0BD2A842D3C2C845865B168E49FB04EC0F4DFD9A3779B46E46C50227ABB0D8FF312D801EEF11540DCF4577FE1C26CD01039D0D83DF5A12F1214EEA57DF2940EEBD92F9F9A5435D92705EBFB36907532D40690
J=$17701791B496FD22D10567C197669BFCF37BE26B119C9C996EECC473089A2D1521123A92D95F117167DD01981396241EC52B50EBE60BCE2189949B26C46123DFF02DBA10C290A6E11B8CA61E8DC9A74EB2CDB564D8DC164A20671E44BC226315EB15EF3462FA64E0A192586F23841D92719A151C45DF808E61D1A9C90D628639DCBFBAEC3AAFCB7BB80544ED763C336CAAC12937F22675EF0949C3EED80FE5CECECA9E14D2AABE9BF55827DE6EB42F5F9178925D4EFCA6ED5566F5A9954F5F7B7C708CA066796B9E7CF
T=0

[63]
S=$526FE37
W=-$26533725DFBB1AB96392E68286AC54886FD6E99CE73429FEB639AD8E8F343E00DB871C9E365D91833D7B87E1D31BAEACBD613245984B31D3EA6CC319AD8AE843DBABD7237430C508AA18A204C7E478B6473613684D9AB21492139C2D2432F92A6C6A653
J=-$39375E982657EA9C8965C70140B8DD8321C8E6C7A98B74EDA340615E0DC9F214E539D8080526A909DBFD5592AA0C874AFD1759525D9649128F661DAAFF313DC89AD7F7CBAB313C8D9CA774562076A904287C1453EF1AB49839519F1B472185388BFAEF5670E575D87F162DDCCBB9D633C66F6F5480F2B7481AB16B247DB35902F3BD9C2799B1978F30D8EBAE0D18191125FC3935EA144F3F7843E62AEE3AB13DF3A69BCBCF9388C81B644B07770E1D9D80C68FCA4B4A9FA16FCEE616AACC90FC016D37F028E7
T=0

[64]
S=$4F7A1B1A
W=$11E07D5A6B6C5128AFD166C97BB743450CC3C065275626661A7EA3148361EB3D7853765A552B987A9F356764C2E4F5917EAD4C093229685FF26ED2D8BFCC24509DAD80238B5FC4C25A1342BB8B0360EFE2861874D198812CF9DCEB7A2E7E72CBD2F6
J=-$2394A3E7E6D55FC08AC06C0DBDCD0356DBC58B14BE110C91FD0543F5D49616A516123CF8C2E928DC09796B8D78D45C3610D6C55EAC74520F197067432FFE952710F604E39095D3F039688C9BF5361EFC33A995C65C3526AEF47E65A05F64823C1C9292AF0723801463B6324EDA849BAA07647325666A326565070D8EA7BEA7D61BF749E7660BCD8AE2D6C6FC73B3A27F67262D1ABA088CF83EA7B9110B2AD915DF133671BBDE0C564515F31AC4A59A917E006ECDF64D8AD701D6FF3A1D303A2B4F2284
T=$2

[65]
S=$119B40A5C
W=-$1BDB75415B3919472912E3ABCBF419307D99244129644CD1C8BEBBA5A1BE86F629F280BC7887E31F52E35DB5CBA1C88A26719C5AD01681EE7CDF91F72CCC190E4073BADEC77735BE486766A8FE9E51A80C5947B33C4B222804FC091631A1C134
J=$785B07DBDA5B5A7ACD198E6D57EA987F33A1AED87463CF2FCA5521223E60DF0777B61DD89129345BF2AC89738252804670714AD1D41CD5232311F8312594DEFC84D96B31DCBAFBF49CF35EAC06E93881B0232835B27C74F386157AFD89A81838D7C306B3564358709C9C23537EC5CD1F5D8A54A3F0B40398DC7715048D6218A1951196BCF8674A49532A7012627D092C23142BBBEC2840C399F20F97D32D12CB9DAF487E35B6D1C36427D8A7BF83C97FE4982101E27E577A39858B6EC7C597
T=$1

[66]
S=$AAF2
B=$2

[67]
S=$3B9B90
W=$2342B4C269194B6D6BE3BDBBB5EFBE0FF943A725FE90A3803CFBF04CC438EB68F8E4C517E5B4BA047306C9411CA82C8136291988C170CA31A44D6AD24BB4E3527B523E7527028D39E9AA8A01F6C2C659AAC8DCC8740FDA25DFB232BF6A
J=-$62F3581730445C451E18A5644D0C96608506BB8D9EBFC52221D00BA6F5042A2410850F9808F0EA8A7C9821D29B9652A35A743B88E35B066FAC6B948EDCBE4917736DFC89F33F35D2FF4DB1C4D5D4B18174D96231B209616395E4B4F13EE67930D37763B0E4D18CC47FA1D9AA8A9624A296497A34BDC25BB6499C8E820250293778F94198BB344780DA031E737E28E30A9ACDB6CF1A2C33E96ABFC941F0E00CE5485AC86A389C4972047027800072B3659C5B11051652D39A95
T=$4

[68]
S=$3091BA
W=-$11C0685C53604A16B05658DEA1BD23C5F840C3EAF61889D79299781AEFE498672A9B766D060AFE1B2754A97B730745BDD55CCC4BDA9BF1C67D28E5EAC601B409412DE2E7A9149F3E6DCC4306D0CFB0BBA3BBB3B4902856991F24048
J=-$415F2B3DDEF7769CD56034ACD8EB1EFB7A33E5262D7D2F2C20338462D62FEAD176D58AA465824BC0C519DA9B79DA4E5F10295AE5E1BB6D1CFFBA587171AA134CD93756D27A15464079F4A0CBA666CD2FCBCA7E513F75691971AC38F1087A48069968237C41C69ACF010BCDB9E1A61590EC894913DA3DD7891BCA6E3B683356ADFF25CC2CA8B54C2C5DF7ED5D6E292EE33C9F21EE43367C1362E30622F982DC9F240326A40453000D13CE94E19EB357201A55F94298A7
T=0

[69]
S=$DF6362F
W=-$13F9E77AB314E2381E0A79CA28E5FE74C0A775B6AD1704E4CDE84335C07A7BBA7F911513AD39ADCA023ED4D7C8AC644B3A468730D5E8AB945FD706A5A799916D1C7E816A4BDC6BF45EB5F08EB252665490CE71F75BA52BF62EE9
J=$6F6C8006D496393DC84183CA755E6E6EC072F9CE156A82BA8DCE42B6AA4D6F66BD28D87E5FF1774CB9CFABD1FAA3BEFDCE0F57272C38D72154C0B9E471B8A90D563C026BAD9BA76FE76D064FB832B6FA5883E8AECFD7C97D00B9E096D2AA8DFF81605C876B678DD5B5C4DA509965C894A3EA6B8DF399BC1CE055D156E9E7FC1A7E708FA714725B320584BE8EB56E933D7DE530CEF60EC2575C576156A4D85DFEFCB098E723CD5F46E68157C12B4CE5F039EA177
T=$1

[70]
S=$928B06
W=-$321B5F6E74B95A5A2228298DD09C50B03EB1EB6CA77801B8E26F3F85E47B601AEC3EE88EAED765F7D53BF43FEA1C0B897A3C4CA6C7D690DEDD8597D33105D34A793AB5884688D1E9F8EF56DA1123C9FE5A28BB42811A60BA6
J=-$12E39C377DF8485E8DF891C53133568EBB7868E79C10027C8C67B260F538F7A5FA4FAF0532B6DF89FEDC473EB37E8A0B7AFD050FE09DB8287C76C4733C1BD9BFCF4244D97A063B944601BEE5BCF6982D3A313B4A925711CF5E8416DB57E911CEE68FF486BE9B24DDBEEAAAC49F005F3182A8E9A86ECB358D2F6544A231CDF44503E4C1EE596D57662CF4BDAF4736451D39F2886DA26E918ABA0CFAB588F9C7CE0F379D8F3E1C53CFDCBB5F120C30D7250
T=$2

[71]
S=$89263136A079250
W=$1CA5521AC4647DDECA8DCC898B0CAA7872B718A23393093720DB4DC3C71822E4400CC584293E141D38989A8198F7C68343C64ADAECDE841A258528AB0B1FBF152496091F04C5A9896859C8CEAEDFD89469590B7F0C0B9A
J=$B65187BF1E642B672C7AFFC14246B3675E0A7C9FEBD77DA94C175FE71864E35C4EFB8A1BED1F4DF2E6D1F9688064605E5881CA1F6E67A558F8CDA5CB178814DB477A7136DFB5A73161D260C04E6A9B7A3FD9E20293B82553F9613F49DFF1ED303E349BE22206C8DC0434D5DCDFB93BECD451656F27BE26D9F781C12D9483003FD9767AFFBCFDD6AC1C5D97AA2138FA91E72E5A891941D289324D737482A7FBBE0BE3B71E338173EAB9263C7144
T=0

[72]
S=$6B792738FC
W=$4668057C303BC36E2ED7BF0EA722B23D82B7F60338DD0167E7F9DF0D24B932CC268171ED47755D4541B7D9629FFF9E079400342BB4C2C98CF499C4C356FAC6C5C7D7D549B53854AC5546210E77EFD9A4F2D02A
J=-$12854BCE46E41EEE6F67BC5A6B32B7B3A357C9128237F99219ACA41050A9AE6B2B659D8A51C152DEAE2872BF11DF9CEB0D25F0838689CE0C516AB8A232AF5FE6794A771BAE528F57A4105D0C2A843F1ACBB3BBCA24875C34DA33C4ED2DAD10359CBFC7C5E08E90E13A142229915339723ED1E2E4F923EDF3243B28D76F1A285AA9C3FC1A0527B478C54255730046AADAFEB9F15FADB33BD4EFEAAADB8726A6D8A07E0882344
T=$1

[73]
S=$12614E79
W=-$19F85A340B175105091D02BC09E06858105FE00E4555D530627D82FC382B69DA9BD70442CEBCA0288BD77894585264B64CDD8FC1D7D130FCF335147414B24DD62250819F4CF4043B5D84F812B0D67665F9
J=$58749CC59B10899A7632F62E0B261CBE0827A48578C46105C3A6610D7542418D1F4570C1CE828C9688C7B31E5B9A4009C83E877F73584D08810BFE5BA0A69D227D7A0FE1B77CC1C1320D34EFA7279EF22C537FC601CC70015BF4E7B1EF23484746CA9299BEB16D993F45DE20F56F231F18C2EE0FA1D5BFC419C3B693E0E55EE48FDA022CB82607AD81868935B8AC7742EA4D352A9FE1FC04B123ACCC162F244A1F
T=$2

[74]
S=$5C0996
W=-$4732370D7629CC82A9DD1A2152F2FCF4F0F0EA120ACEA1F2C8DEFC8684F7EDFDE3F24528369143E78C3763AE5E700BBC9A2D3017FF498CB82B98723D4FA6D1114FC0B2A0155BD6EC00CA6A6067C0D6
J=-$204509809AD9A3BF494A9DB565B2FB67900E5903D9F56EBDFEBF26DA66A16A0CD7740EF905BAA5D3379E6904A15DF7339960D1483B73E2AC3E518ECBEA1F708042223D482D4AC405205C14E52565506A5487F0EE07AF22B4F2C3BFAD964F78A8BAA57034EB48D23794BD65DA19F8A522958A10BEE7504CAA7A3A2423CF01CB6C7A888AC16464AF3472BEA41692AAABA6D65879C61BD0931CA2A42B6D271
T=0

[75]
S=$C1E57155C4
W=-$E30C639EB1417BF5685647D4D90491D1B89306587684335ECD5A48AAD227F3E04A52C7259F9FE2996631F4B4449E49886311EF4C42A34E885021B3A4FA94917AC439E26DA85436A780FE673E0B2
J=$46D279E62FBC28CDC0FB7D78E5B7C6D05B309AD81E0CE12FE246E606304677BD89EC1AAE9D5D1EBE75DD051AF5934FFF82AD81EFA79EFC034E7248CE16B8957888764B15E449B28169FDE4BAF56A57D44B7C6C86EEDFB6780D8467B83D352E9D3612E3ABCD05A3DC0BEDED04222EBC5BCF7DB561A6F96345C506398E4F6187B16A98CEC445861F621DADE58608EB0CE47C6ACA83ECD9DEEEE7F5
T=0

[76]
S=$24BB476
W=-$12BDE643E854A7C290D4176FA4009DC0C3F04C63D850FA739CD8C0DC02BF733AB078ABB2E4953603BFEB0245495956AED53B432D6D5F8C9A3E7F33600E1C5022657E7998026D544F49828
J=$7C30320224EF926FC0EDF9C1FCE9012A9CB736EA66BEDE9FE9FBF9D084DA2950E197DE337D5BD5136DA27348BA0DC0FA0FBFD4DE36A574899441148C3113D6B63861D3640BFCE64D4527EDFDB7505BF6C1A76589B4FD775AEC32905352D78FE40C552CBB31CD38C59EC39E6F6A1563836A021B803FEC11A28711F77E625508B2CF7090124723560C38FC2C7FC77F70F82A8B728D21C
T=0

[77]
S=$18F1A88
W=$A74D3BBB40FAACA3B3D0AEED811BDCF442598AE4D950ECA5D610E1B8E9AF83D2C3F9B2A31C2D3BF926F38BD08F21E106BED4E7C0FADE29750F93FB0B2B2FD3C4FB26F0FDF36D3945A3E
J=-$70F4950B3E1288B7F52462652BCF43FFC8EDAACDE57EB01F86CF059E3B8A12F710539ADDB89C3F3B2FEEB8B32C37E840AF55A1341A602EA449F305B04C859F42790A48313C0E7C0968712C3EC6F955BE19BE697E1608D3ABDF69722715522E996ABE7FB91359DB42107740344D07A27528191F60C0339B491AC6599E2BFD5A664EFADABB88436005BFA7F16A770E672368497
T=$1

[78]
S=$28E8E8
W=$7AAF6C5C6C5F6463F0466F283740EF02A08FA19752267EEAB3F975B03D948B2809BD5AD4AFE160AC4181A88114F1903E2A9222B898860486BD21E2F324B22A40B98AD5064501F682
J=$8385E0FF0E1FAE44FDD0D4C5EA979C6B3575F73416086DF9E1BE65D65A1679A8DE0A2572A5F956B2EF252B0AD9DFE4AC53D9344B6F780B2088B9A0E5BBB9A0F8F8B125B816E79539DA2F36B374B272C211A4EEB3EE9A5AC4C8A8AB962652366784A462E88323C246F7102D9D4311FF57A07A4664284EB8E511E3ECBA5C81F78026EB609F17A178F915E0E0BC6973A3
T=0

[79]
S=$526DC
W=$119102B0A75D3F47AF70E03D884D406EFC98DEF3FCD4C0458F889A415E551BE2B04CC557A927498B854B5ED9E14B92A6923F07A587E50E5DCCE2F79570A3FFFE1691BE5EE77D2E
A=-$D70
B=$12F5A
T=0

[80]
S=$18C5B65C
W=$913A2E4F59C85DCF78775F76A669F8FCD113F7ACA13BE776DC56A5AF0E4D656A3BC36314341C86E0D58B5FC81ACACA34581904914CAB6DC84297D51873D3848891724E201E8
J=-$A03BBADD513705A46552FC2B8064CD177C4268B11A913B6349029C3C977838E4647976A427A50CE5C86E7EB766023E160C2D82C45744CE69B14EBF367586522EF6A9BD535A1F66FB5FBF7A685AE6203EA4E7AF4E2A62F2297268F09C6A947A6ED2657D4E491131CE43AAE09B6C5E5E441D94210740EC5AFFC213AFFDF8CD5B9988636DD4538C2C59F0665
T=0

[81]
S=$4889BBE41D73E57E7
W=-$1E64B62C3936B5E944D7A127856E117B18A6DB1916C929C75022AD551BA1CE614E3767085059502923E8F4F7A524F614BE87BE4230370B1C5A9195158B2FB485BBBB2EB9
J=$3EDF4F3FB17186906E75282E6C3E0F67F734B4C0F18D286EE5A7A96519FEC6652C1F4F286442DE7B5318DC5A13CA1492CB5E4BF711843D8E9A8238ED2FA100EDF4B73406C498D9541615B8E73EC77436FF375C455F31498D4C85DECCB084BB23AF2910E5608D366E6CA023096D79C4D52922F7208FAD037823D2CA50194344389BD4732357F9DD
T=0

[82]
S=$56BEE8F2C80
W=$E597BF38A641FC29CA1CE9F23CB3831C287E127EF18823647C53995CC489F1DFF36AD237A33087B23568B934DCE09DF0682FDB4D4B3A1C51841BF61A01ABE26
J=-$1445D9F402B58E3DCC3113E254636842123379C6066CE008623DEB6F8C1369FE70C44478564525AE36F0ABB22DD94978E259FB286953D02623C808A936CBFB6F6B189094CAD97DA57102B6D28554C966F71E50586CBF74145FA507563EBBFA0655C5980F587CB22BE09D701CF1F09A250CAD42A64422BB4BA0C044C2FC1564
T=$1

[83]
S=$1663CECC96C2
W=$56E6CBA785EF79DC5A2EA8881F584E2057169EB4874AAE63C9EC79EF5CF7B62ECD8BBE737E49529D1A234CE47B8432F7E824B108B49253426865FABC2A
J=-$1A1353D0DC99B146BFC9499778837EA1F1348D67AE1881CBE2F9F7A192AC58234B347AEC270A9E60862171C4F12A89FB1144A4E4C4299D1F1394AB381960C9625C52F5E0F007E4DA83CCA6037E3B686EC9C392B3120726354689B7A57D32B067E6B1E70BC95DC4D526084E901228EDE7F86021F7E4A7387CE62
T=$1

[84]
S=$218530
W=-$9C2B10079A7806757ACD47C3D90D268207CA3118C508E243EC239A41889709372197F09CA6CFDB13DB0B9B0CC359F6B1D5F8B3194EE6D8B83B46
J=-$901C95823917D1B34B5312E132992D2D7D808F340EECC9A0DBE3369D21CF18F5C9097386FB58808FE07D1255E913392CE062CAF52EBB9DB05916E91BA1CEC51EFC089D169D8EECF0B7EED07B8E3B761624E82FB16CB5FC1182FF78C6645C65E541038BDA92EACF1687C96A7E9A6932CE6E4B18A
T=$2

[85]
S=$2413A45
W=$2FBF2B1E58B712D4165EB6C09EFB1DAAB4BA99F0396A5D20D32EEB606B98152D577C825E8180118A1BC673BEDA1ABE7E740EA13802E9277243
A=-$D70
B=$12F5A
T=0

[86]
S=$22046B3B
W=-$1999F4B2402FD314C31B3AA7652A01F766153E41F87C15967AE0E4937508CD13DE46935F3E5F05A9BCB54A7BF1FF644010B93180EC124F
A=-$98
B=$2D2
T=$1

[87]
S=$293C8A8
W=-$273E147180691D63AE7927B0D1435554D151B8FE83063511429FC70C4159312809106F2C58FF95A4E63D5F2669BDC528C39C290267C
J=$F8C3DE7E5D969D8D03E6D57D6CB9A63CC3C354FC59336B35F63A75B29D18A5674741931375AF05EBD2377042012A15F7E135BB30E002D780DFF0FBD9C6EC4913D2BF3CD86EBC867C1EB5D4D283EB37FE095544656874211B71DF1C34F51F35D75F98210ED8C67F13F886
T=0

[88]
S=$4BD3C
W=-$3E00DBBD1AA21100FEA7C16241B47263AF3C1564B836B2D4AD12D4061A96DA96540D740877FBB9AFD9ADB870DDA0BDD55AC3A108
J=$13416FC1242CC137E53FB6E2CCEC12C29B44B889569008893BBD6261A6FB1E46E7960BAD4C49A2D13035702E3B904B2553C0F80B397A73502250FC9404D9CE1061F8E38C4457F0DD0BA51D31A102ED1B6C328B6513D2AFD371D9E61452D288C33CFEE98C8727AD7
T=0

[89]
S=$1ABCAF95CCC8
W=$A32AA87B0CCA24AB78DD56488B3CF25C152FBE9B501C5865471611999002BE9A74E27ADE2E7EBD8DF7A36B65F30D59D899EFE
J=$11CD122CA0BC0B9934756071B6DFABE658BDE347C2766232D64CC394624DA6F35FC8B0236434871A1F4BF676ADDC7FD5035DCED6FE72A124AF3E60C90E2FAE7B8D7D7FA12EDB391FB441D6502F08A6636E15D1BF020705469389AE93C78C2B564098B6883D
T=0

[90]
S=$1F50D3
W=$46688696A81920FF075123BCD370E32D185602A019A5CCAA36FDE4D8EE7BFEBBBC1D46A9688F7B06B871C271B690331F
J=$10BD902A4E06BD3227B0805E6F08B6BCF0832F38F788E5D3A2DAF16EFDE9CB67BED8B4CB297BB03338135D64E1E5BCCFE9449FD2A726D44358BED8FD35C1D54EDEB4094BB1E40EE48EA2E933F26B0D77A201D5436473A117AE82E870026B34E
T=$1

[91]
S=$E38CADD
W=-$10A6102F64500DA29AFAC4BA428EB643C42B965981FFD3FB7B738F5338FFBDC49384477F80A83FD603C35A9532924F
J=$1D6A4C6E7C2A2206FCC609D57052A97A80E0B2C57CFFFB86F758433B363A48B72C36F62C05A0CFB21690CF201143F9D256F17FD759B356C2D88C385FADD2B24819DA26BF8C98794C68BE5E26C38C73654792E390099F675AD7739421FA
T=$2

[92]
S=$1FDEAD88
W=$1025B4C1A63C4A4B6A2DB70641A03E1422C44BC6090AF5A61A9B01467DA38E1A8C371DC770A3EA26E7F91CFAA4
J=$1565CBAC4AD1094EBBF77278BBFDD29776F78E5F6C6E2F1D3F6FFB10989E577CE4E6E81EA88F400A72FDB70F04A8FC36A9EDFEE5DEDB351883D345647823788B963FFAE53E997F5ABFB65A7962D0011526DFC9AE22948D2B8E
T=0

[93]
S=$81146E6A2FA
W=-$526C4B4390B80C276F3FE4DA523753211424F424940B65ADD0EA56CCE65205D7C30522A865E79778C078AC
J=$D02AB8C11C533BA3D96C3879434DB930B2B64D51A08E53040CBEABC9CEB35743DBE71A38AE8535481939E45B614959D51E8130528B12AF520551BA745B2D318D4B1F27ECEC2B888B9246A91858AF01C618369398524
T=0

[94]
S=$7F7C0
W=-$1068117C45B26FD9D3719325F6959CBC3EA8B50EDAC9571455518CBC0800AFB36B2927D099769D5D6
A=-$84B750
B=$24C7B73A2
T=$4

[95]
S=$173441F6
Q=$2

[96]
S=$B9E0FA
W=$4D4B88E0BFEFF7217AB0126B92102317002EC269871B0D98D7DFA13F82B767D7CE9E50AA684
J=$D040C92F751F85DF5ACD7280A749A5586B3585144974A322E9F2FF086382C541401206AD2832DD13D3CAC73FC2826D2D6B7E8330A69962F9D0CCA9856CEFFBD96F9FE642A852108CB466
T=0

[97]
S=$19D841F02
B=$2

[98]
S=$9E1FF191A
W=-$4C90D270CE3AEA644C2E7FEB4638FE68D525D2AC14942C943EDFD7F44F028A3870B6
J=$7D8C86656315ABAB9FB7255CF1AF42B96751AE4AA2D3E39B1C740E81B520BF0ABB1A649F7A723F15E78765F04F958BB8116B78E6D6AB6E79E46D943253BC043482AF85
T=$1

[99]
S=$21749
W=-$1531B34CBE66596374480C3D3B3D2ECB31F7FD49D53829A71FE00ACBC295DF1B
A=-$D70
B=$12F5A
T=0

[100]
S=$9D174307F3
W=-$7FDC4D64F133335E4299A643AC4E234BBC50E608D421D2E651496081D0563
J=-$E39994EEA0FFED7269B8F4BCC627D58F2C5D9F13AC7DC871F0A70497AB16E91E34B3E97E91C73119C7070B32FDD783F63CBF4DEBA1C39712A694CD8BD
T=0

[101]
S=$12F1CD2BCF10
W=-$1581B1F749E70E0F70B1FB0449CF6EB35B5B5851FB9A4AC0514C1EFD6
J=-$622B5C711DFFB10596674CEFC27A9C3C01785E4190EA338FC3D8DC2BD810761733C24ECF3FD89BDB95D57C6348D2E5C6A6765FCDDAF5D7F
T=0

[102]
S=$3CC70F0
W=$17DDE3D95A7BF24C886CB172A32BD7BEA741022F5E8260C064E
J=$160792FD8B2E62886B4FEE69DBD15C4B12961B6825A17163A370B9D493779CD840D55841D941840A6EFFAE8C91C5F301C04CA
T=$2

[103]
S=$DE71F76
W=$1294C431D8CCE63CF08D29ACF6873115F29D8F69FD9E53D6
J=-$BB64F2E78FD9984B1C43027DE916CFB8DF615E12AF650B93B96C883C74BC5BCAFEB604946FB0983D8DC168AEB1F735
T=$3

[104]
S=$37C77FCC
W=-$239D14B5F5AD1EF9E14822DD395B0E833DBB060E59B8
A=-$108
B=$69E
T=0

[105]
S=$3F788
W=-$15170A8E67E8D77353BA6450CDD6EEE7E2D27632A
A=-$1
B=0
T=$2

[106]
S=$99DD09A
W=$2C3CEAEB689588BDEB93AE8A09CA86FAA0FD9C
J=$96019F0AC125C3F63922523C51863BEF3977956B6C1F4E77F05BA5BDAEEEE40BDC72F2B3FBC
T=0

[107]
S=$2156A
W=-$1107C9F977D65DED2E733A5520CCCD7E906
J=$277D6B69B476A7C1984C2498FD57E92F7B2A084D24D18E638739416124072928A75
T=0

[108]
S=$EC10CF1C2
B=$2

[109]
S=$2C8626
W=$3CF41B1D4BEB1F2D164401A7312
A=-$1E
B=$38
T=0

[110]
S=$36F0C5C6365A
W=-$1086CDD4F24DF3758F30CECB9E
J=$35660F20BCF93A56722EC4649CD4A2BBFBF831512708048BB
T=$4

[111]
S=$7612C5F0
W=$2B857BAEEC7F51FC2C2E
A=0
B=$3
T=$1

[112]
S=$1F04C2
Q=$1A

[113]
S=$E39A2
W=-$EC971EF032C78
A=-$258190616B4B56A31F2F4ACB3
B=0
T=$4

[114]
S=$16DFDC
B=$2

[Signature]
1=$49E2C65E3EFEDCA85578C4B590C35D355CD93D377D34FF44
2=$472BA7B205C1C6A8FFF7BA025234121DADAF9CA05BAA7E56

